[COT 2024-02-05 14:40:53] 76561199407766611: Teleported to position <4524.380859, 20.430000, 7248.079102>
[COT 2024-02-05 14:40:55] 76561199407766611: Entered the Free Camera
[COT 2024-02-05 14:41:26] 76561199407766611: Left the Free Camera
[COT 2024-02-05 14:41:37] 76561199407766611: Set GodMode To true [guid=spMEkRl42onhFHdF_u42e0T03x2sj347kUc600NXdGA=]
[COT 2024-02-05 14:41:38] 76561199407766611: Set UnlimitedStamina To true [guid=spMEkRl42onhFHdF_u42e0T03x2sj347kUc600NXdGA=]
[COT 2024-02-05 14:41:39] 76561199407766611: Set UnlimitedAmmo To true [guid=spMEkRl42onhFHdF_u42e0T03x2sj347kUc600NXdGA=]
[COT 2024-02-05 14:41:42] 76561199407766611: Teleported [guid=-r2araXommLNgd2kLCOg5MUhQUGYZRsIrQF--_XcIVE=] to <4534.148926, 20.430008, 7263.297852>
[COT 2024-02-05 14:41:50] 76561199407766611: Spawned Entity Raziel's Heavy Chain Leggings (DOC_CULT_RAZIELPANT<9338d6e0>, 100, 1550, 0) at <4533.770020, 20.430019, 7262.166504>
[COT 2024-02-05 14:41:51] 76561199407766611: Spawned Entity Raziel's Heavy Chain Tunic (DOC_CULT_RAZIELTOP<9338a8a0>, 100, 1550, 0) at <4533.699219, 20.589760, 7262.055176>
[COT 2024-02-05 14:41:52] 76561199407766611: Spawned Entity Initiates Chain Coif of The Withering Flesh (DOC_CULT_RAZIELCOIF<9338f990>, 100, 500, 0) at <4533.625000, 20.752151, 7261.932617>
[COT 2024-02-05 14:41:52] 76561199407766611: Spawned Entity Raziel's Everlasting Chestplate (DOC_CULT_RAZIELPLATE<9338b430>, 100, 5450, 0) at <4533.592773, 20.820873, 7261.880371>
[COT 2024-02-05 14:41:53] 76561199407766611: Spawned Entity Initiates Leather Boots of The Withering Flesh (DOC_CULT_RAZIELBOOTS<93389d10>, 100, 1250, 0) at <4533.488770, 21.042690, 7261.733398>
[COT 2024-02-05 14:42:01] 76561199407766611: Spawned Entity Soul Reaver (DOC_RAZIELSOULREAVER<933927d0>, 100, 1600, 0) at <4533.408203, 21.205688, 7261.605957>
[COT 2024-02-05 14:44:03] 76561199407766611: Spawned Entity Code Lock (ExpansionCodeLock<a33e3400>, 100, 100, 0) at <4530.915527, 20.430000, 7267.277344>
[COT 2024-02-05 14:44:03] 76561199407766611: Spawned Entity Code Lock (ExpansionCodeLock<a33e1ce0>, 100, 100, 0) at <4530.912109, 20.451620, 7267.279297>
[COT 2024-02-05 14:44:03] 76561199407766611: Spawned Entity Code Lock (ExpansionCodeLock<a33dd780>, 100, 100, 0) at <4530.909668, 20.471926, 7267.280762>
[COT 2024-02-05 14:48:59] 76561199407766611: Teleported to position <5628.039063, 28.709999, 5398.600586>
[COT 2024-02-05 14:49:14] 76561199407766611: Teleported [guid=-r2araXommLNgd2kLCOg5MUhQUGYZRsIrQF--_XcIVE=] to <5672.701172, 28.089317, 5410.002930>
[COT 2024-02-05 14:55:49] 76561199407766611: Spawned Entity Buster Sword (DOC_Buster<b3107810>, 100, 600, 0) at <5639.856445, 28.709999, 5409.372559>
[COT 2024-02-05 14:57:35] 76561199407766611: Entered the Free Camera
[COT 2024-02-05 14:58:18] 76561199407766611: Left the Free Camera
[COT 2024-02-05 14:58:31] 76561199407766611: Spawned Entity MasterSword (DOC_SWORD_BASE_MEDIEVAL<a5f73fc0>, 100, 600, 0) at <5606.404297, 28.709999, 5392.993164>
[COT 2024-02-05 14:58:43] 76561199407766611: Entered the Free Camera
[COT 2024-02-05 15:02:31] 76561199407766611: Left the Free Camera
