[COT 2024-02-08 19:54:20] 76561198036774377: Set Invisibility To 1 [guid=mBNlxASsPlOcry0dpDl8K-WgHNR5WMCMmoJ9NhpU4FY=]
[COT 2024-02-08 19:54:20] 76561198036774377: Set GodMode To true [guid=mBNlxASsPlOcry0dpDl8K-WgHNR5WMCMmoJ9NhpU4FY=]
[COT 2024-02-08 19:54:24] 76561198036774377: Healed [guid=mBNlxASsPlOcry0dpDl8K-WgHNR5WMCMmoJ9NhpU4FY=]
[COT 2024-02-08 19:54:37] 76561198036774377: Teleported to position <14160.180664, 137.440002, 2622.730469>
[COT 2024-02-08 19:55:19] 76561198036774377: Teleported to position <4637.444824, 20.430000, 7070.698242>
[COT 2024-02-08 19:55:55] 76561198036774377: Teleported to position <8886.764648, 22.069609, 5973.451172>
[COT 2024-02-08 19:56:29] 76561198036774377: Teleported to position <1864.164307, 9.190000, 9083.380859>
[COT 2024-02-08 19:57:15] 76561198036774377: Teleported to position <13615.009766, 12.940000, 10004.941406>
[COT 2024-02-08 19:57:50] 76561198036774377: Teleported to position <5525.238770, 34.840000, 682.650391>
[COT 2024-02-08 19:58:35] 76561198036774377: Teleported to position <3685.808594, 13.724209, 8917.197266>
[COT 2024-02-08 19:59:08] 76561198036774377: Teleported to position <8899.528320, 45.759998, 3847.658203>
[COT 2024-02-08 19:59:40] 76561198036774377: Teleported to position <2935.871582, 22.450001, 3543.621094>
[COT 2024-02-08 19:59:50] 76561198036774377: Teleported to position <2931.953613, 22.450001, 3545.329102>
[COT 2024-02-08 20:01:36] 76561198036774377: Teleported to position <6378.941895, 37.250000, 14856.379883>
[COT 2024-02-08 20:10:37] 76561198036774377: Teleported to position <2528.175537, 22.629560, 4186.102539>
[COT 2024-02-08 20:11:06] 76561198036774377: Teleported to position <2823.545898, 22.450001, 3989.843750>
[COT 2024-02-08 20:11:28] 76561198036774377: Teleported to position <2891.126709, 22.450001, 4103.984375>
[COT 2024-02-08 20:11:48] 76561198036774377: Teleported to position <2592.416748, 22.450001, 4285.802734>
[COT 2024-02-08 20:12:35] 76561198036774377: Teleported to position <8677.528320, 40.061207, 3764.827148>
[COT 2024-02-08 20:12:59] 76561198036774377: Teleported to position <8806.976563, 39.663197, 3932.631836>
[COT 2024-02-08 20:13:22] 76561198036774377: Teleported to position <8998.753906, 48.067234, 3812.770508>
[COT 2024-02-08 20:13:23] 76561198036774377: Teleported [guid=mBNlxASsPlOcry0dpDl8K-WgHNR5WMCMmoJ9NhpU4FY=] to <8998.750000, 48.067200, 3812.770020>
[COT 2024-02-08 20:13:24] 76561198036774377: Teleported [guid=mBNlxASsPlOcry0dpDl8K-WgHNR5WMCMmoJ9NhpU4FY=] to <8998.750000, 48.067200, 3812.770020>
[COT 2024-02-08 20:13:24] 76561198036774377: Teleported [guid=mBNlxASsPlOcry0dpDl8K-WgHNR5WMCMmoJ9NhpU4FY=] to <8998.750000, 48.067200, 3812.770020>
[COT 2024-02-08 20:13:49] 76561198036774377: Teleported to position <8850.126953, 23.974575, 3595.823242>
[COT 2024-02-08 20:14:29] 76561198036774377: Teleported to position <5476.516113, 9.137973, 811.479492>
[COT 2024-02-08 20:14:52] 76561198036774377: Teleported to position <5241.190430, 14.890000, 724.436523>
[COT 2024-02-08 20:15:15] 76561198036774377: Teleported to position <5236.308105, 17.563845, 624.000977>
[COT 2024-02-08 20:15:35] 76561198036774377: Teleported to position <5345.671387, 34.508499, 635.161133>
[COT 2024-02-08 20:16:11] 76561198036774377: Teleported to position <3799.898193, 11.373267, 8724.551758>
[COT 2024-02-08 20:16:36] 76561198036774377: Teleported to position <3925.526855, 12.494425, 8737.513672>
[COT 2024-02-08 20:17:02] 76561198036774377: Teleported to position <4011.273682, 12.361751, 8908.607422>
[COT 2024-02-08 20:17:27] 76561198036774377: Teleported to position <4057.138428, 13.412727, 8952.478516>
[COT 2024-02-08 20:18:06] 76561198036774377: Teleported to position <2027.368164, 9.190000, 8931.308594>
[COT 2024-02-08 20:18:30] 76561198036774377: Teleported to position <2020.009521, 9.190000, 8829.511719>
[COT 2024-02-08 20:18:51] 76561198036774377: Teleported to position <1839.718750, 9.190000, 8829.511719>
[COT 2024-02-08 20:19:13] 76561198036774377: Teleported to position <1837.756592, 9.190000, 9012.255859>
[COT 2024-02-08 20:19:52] 76561198036774377: Teleported to position <8564.681641, 3.226179, 6033.161133>
[COT 2024-02-08 20:20:12] 76561198036774377: Teleported to position <8567.050781, 2.418442, 6063.486328>
[COT 2024-02-08 20:20:34] 76561198036774377: Teleported to position <8596.429688, 2.767080, 6063.486328>
[COT 2024-02-08 20:20:53] 76561198036774377: Teleported to position <8599.272461, 3.638445, 6030.791016>
[COT 2024-02-08 20:21:27] 76561198036774377: Teleported to position <12936.186523, 12.940000, 9728.080078>
[COT 2024-02-08 20:21:50] 76561198036774377: Teleported to position <13569.256836, 12.940000, 9652.675781>
[COT 2024-02-08 20:22:16] 76561198036774377: Teleported to position <13568.464844, 12.940000, 9674.201172>
[COT 2024-02-08 20:22:41] 76561198036774377: Teleported to position <13007.231445, 12.940000, 9733.494141>
[COT 2024-02-08 20:23:38] 76561198036774377: Teleported to position <5011.648438, 20.430000, 7009.340820>
[COT 2024-02-08 20:24:01] 76561198036774377: Teleported to position <4792.673340, 20.430000, 6934.569336>
[COT 2024-02-08 20:24:24] 76561198036774377: Teleported to position <4737.929688, 20.430000, 6939.910156>
[COT 2024-02-08 20:24:44] 76561198036774377: Teleported to position <4622.833984, 22.114311, 6881.161133>
[COT 2024-02-08 20:25:23] 76561198036774377: Teleported to position <5225.420898, 74.000000, 3763.255859>
[COT 2024-02-08 20:25:50] 76561198036774377: Teleported to position <5360.769531, 74.000000, 3634.353516>
[COT 2024-02-08 20:26:13] 76561198036774377: Teleported to position <5503.852051, 74.000000, 3666.579102>
[COT 2024-02-08 20:26:36] 76561198036774377: Teleported to position <5650.802246, 74.000000, 3651.110352>
[COT 2024-02-08 20:27:09] 76561198036774377: Teleported to position <15693.410156, 22.240099, 5075.199219>
[COT 2024-02-08 20:27:15] 76561198036774377: Teleported to position <15703.967773, 22.240099, 5086.715820>
[COT 2024-02-08 20:27:35] 76561198036774377: Teleported to position <15719.322266, 22.240099, 5126.063477>
[COT 2024-02-08 20:27:56] 76561198036774377: Teleported to position <15786.311523, 22.240099, 5128.558594>
[COT 2024-02-08 20:28:17] 76561198036774377: Teleported to position <15791.109375, 22.240099, 5091.129883>
