[COT 2024-03-11 00:04:23] 76561199407766611: Set GodMode To true [guid=spMEkRl42onhFHdF_u42e0T03x2sj347kUc600NXdGA=]
[COT 2024-03-11 00:04:24] 76561199407766611: Set Invisibility To 1 [guid=spMEkRl42onhFHdF_u42e0T03x2sj347kUc600NXdGA=]
[COT 2024-03-11 00:05:05] 76561199407766611: Spawned Entity Doc's Glock - Purple/White (DOC_GLOCK_PRPWHT<9e80d5c0>, 100, 2800, 0) at <5612.840332, 28.709995, 5399.559082>
[COT 2024-03-11 00:05:14] 76561199407766611: Spawned Entity Doc's Glock - Turquoise/Grey (DOC_GLOCK_TRQGRY<4883daa0>, 100, 2800, 0) at <5609.664063, 28.710011, 5397.493652>
[COT 2024-03-11 00:05:23] 76561199407766611: Spawned Entity 15rd Mlock-91 Mag (Mag_Glock_15Rnd<96257420>, 15, 100, 0) at <5609.787109, 28.752262, 5397.587402>
[COT 2024-03-11 00:05:23] 76561199407766611: Spawned Entity 15rd Mlock-91 Mag (Mag_Glock_15Rnd<96258b40>, 15, 100, 0) at <5609.856445, 28.776440, 5397.639160>
[COT 2024-03-11 00:05:23] 76561199407766611: Spawned Entity 15rd Mlock-91 Mag (Mag_Glock_15Rnd<962596d0>, 15, 100, 0) at <5609.927246, 28.801289, 5397.692871>
[COT 2024-03-11 00:05:23] 76561199407766611: Spawned Entity 15rd Mlock-91 Mag (Mag_Glock_15Rnd<96260a70>, 15, 100, 0) at <5610.022461, 28.834431, 5397.765137>
[COT 2024-03-11 00:05:23] 76561199407766611: Spawned Entity 15rd Mlock-91 Mag (Mag_Glock_15Rnd<96262190>, 15, 100, 0) at <5610.096680, 28.860149, 5397.822266>
[COT 2024-03-11 00:05:24] 76561199407766611: Spawned Entity 15rd Mlock-91 Mag (Mag_Glock_15Rnd<96243060>, 15, 100, 0) at <5610.170898, 28.885550, 5397.877441>
[COT 2024-03-11 00:05:35] 76561199407766611: Spawned Entity Bocchi the Suppressor (ItemSuppressor<96261600>, 15, 1800, 0) at <5610.242676, 28.899088, 5397.945801>
[COT 2024-03-11 00:05:37] 76561199407766611: Spawned Entity Blue's Pistol Suppressor (ItemSuppressor<96267e10>, 15, 1800, 0) at <5610.276367, 28.930910, 5397.978516>
[COT 2024-03-11 00:05:50] 76561199407766611: Spawned Entity Beef Steak (CowSteakMeat<962708d0>, 500, 50, 3) at <5610.299316, 28.931383, 5397.974609>
[COT 2024-03-11 00:05:50] 76561199407766611: Spawned Entity Beef Steak (CowSteakMeat<9626da90>, 500, 50, 3) at <5610.401855, 28.967712, 5398.053223>
[COT 2024-03-11 00:05:51] 76561199407766611: Spawned Entity Beef Steak (CowSteakMeat<9626fd40>, 500, 50, 3) at <5610.489258, 28.998156, 5398.121094>
[COT 2024-03-11 00:05:51] 76561199407766611: Spawned Entity Beef Steak (CowSteakMeat<9626b7e0>, 500, 50, 3) at <5610.562012, 29.023230, 5398.176270>
[COT 2024-03-11 00:06:01] 76561199407766611: Spawned Entity Initiates Leather Boots of The Withering Flesh (DOC_CULT_BOOTS<9626c370>, 500, 250, 0) at <5610.666504, 29.057602, 5398.242676>
[COT 2024-03-11 00:06:01] 76561199407766611: Spawned Entity Initiates Leather Boots of The Withering Flesh (DOC_CULT_BOOTS<9626e620>, 500, 250, 0) at <5610.751465, 29.087420, 5398.308105>
[COT 2024-03-11 00:06:48] 76561199407766611: Teleported to position <5381.083008, 47.563141, 1332.644531>
[COT 2024-03-11 00:07:07] 76561199407766611: Set GodMode To false [guid=spMEkRl42onhFHdF_u42e0T03x2sj347kUc600NXdGA=]
[COT 2024-03-11 00:07:13] 76561199407766611: ESP: ESP updating
[COT 2024-03-11 00:07:19] 76561199407766611: Entered the Free Camera
[COT 2024-03-11 00:07:26] 76561199407766611: Left the Free Camera
[COT 2024-03-11 00:07:38] 76561199407766611: Spawned Entity STR_Kart_Orange_name (Kart_Orange<8f708910>, 100, 2000, 0) at <5406.883301, 6.239999, 1011.582642>
[COT 2024-03-11 00:07:42] 76561199407766611: Spawned Entity STR_Kart_Orange_name (Kart_Orange<8f71bd80>, 100, 2000, 0) at <5399.547363, 6.239999, 1014.436768>
[COT 2024-03-11 00:08:19] 76561199407766611: Healed [guid=M9URiyt6Zclny1DzxafQRBQtMxM31ZjLxiaasat-Wi0=]
[COT 2024-03-11 00:08:22] 76561199407766611: Healed [guid=TqScQL30Wbu-oyM7cVxvUKlwC5h8rQ6WphTz-mYnSsY=]
[COT 2024-03-11 00:09:04] 76561199407766611: Set Invisibility To 0 [guid=spMEkRl42onhFHdF_u42e0T03x2sj347kUc600NXdGA=]
[COT 2024-03-11 00:09:38] 76561199407766611: Healed [guid=spMEkRl42onhFHdF_u42e0T03x2sj347kUc600NXdGA=]
[COT 2024-03-11 00:09:40] 76561199407766611: Set GodMode To true [guid=spMEkRl42onhFHdF_u42e0T03x2sj347kUc600NXdGA=]
[COT 2024-03-11 00:10:09] 76561199407766611: Teleported to position <5372.455078, 86.432220, 5673.357422>
[COT 2024-03-11 00:10:14] 76561199407766611: Entered the Free Camera
[COT 2024-03-11 00:10:18] 76561199407766611: Left the Free Camera
[COT 2024-03-11 00:10:33] 76561199407766611: Spawned Entity Mh-6 Little Bird (ExpansionMh6<8f726dc0>, 100, 5000, 0) at <5362.097168, 8.694136, 5431.965332>
[COT 2024-03-11 00:10:37] 76561199407766611: Spawned Entity UH-1H (ExpansionUh1h<8f7241b0>, 100, 7500, 0) at <5354.697266, 8.500059, 5420.411133>
[COT 2024-03-11 00:10:47] 76561199407766611: Spawned Entity UH-1H Left Door (ExpansionUh1hDoor_1_1<9edae870>, 100, 500, 0) at <5357.748535, 9.159044, 5408.486328>
[COT 2024-03-11 00:10:47] 76561199407766611: Spawned Entity UH-1H Right Door (ExpansionUh1hDoor_1_2<9edaaea0>, 100, 500, 0) at <5357.706543, 9.164023, 5408.566895>
[COT 2024-03-11 00:10:48] 76561199407766611: Spawned Entity UH-1H Left Door (ExpansionUh1hDoor_2_1<9edac5c0>, 100, 500, 0) at <5357.702148, 9.164691, 5408.572266>
[COT 2024-03-11 00:10:49] 76561199407766611: Spawned Entity UH-1H Right Door (ExpansionUh1hDoor_2_2<9eda8060>, 100, 500, 0) at <5357.354980, 9.175100, 5409.190918>
[COT 2024-03-11 00:10:52] 76561199407766611: Spawned Entity Mh-6 Front-Left Door (Expansion_Mh6_Door_1_1<9eda9780>, 100, 500, 0) at <5360.488770, 8.630567, 5431.865723>
[COT 2024-03-11 00:10:53] 76561199407766611: Spawned Entity Mh-6 Front-Right Door (Expansion_Mh6_Door_1_2<9edad150>, 100, 500, 0) at <5360.057129, 8.655566, 5432.024902>
[COT 2024-03-11 00:10:54] 76561199407766611: Spawned Entity Mh-6 Back-Left Door (Expansion_Mh6_Door_2_1<9eda8bf0>, 100, 500, 0) at <5360.058105, 8.654503, 5432.024414>
[COT 2024-03-11 00:10:54] 76561199407766611: Spawned Entity Mh-6 Back-Left Door (Expansion_Mh6_Door_2_1<9edaf400>, 100, 500, 0) at <5359.575195, 8.685566, 5432.212891>
[COT 2024-03-11 00:10:55] 76561199407766611: Spawned Entity Mh-6 Back-Right Door (Expansion_Mh6_Door_2_2<9edadce0>, 100, 500, 0) at <5359.578125, 8.685817, 5432.213867>
[COT 2024-03-11 00:13:24] 76561199407766611: Spawned Entity UH-1H Left Door (ExpansionUh1hDoor_1_1<9ff1e000>, 100, 500, 0) at <5353.722656, 9.166868, 5419.446777>
[COT 2024-03-11 00:13:26] 76561199407766611: Spawned Entity UH-1H Right Door (ExpansionUh1hDoor_1_2<9ff26ac0>, 100, 500, 0) at <5353.268555, 9.233250, 5418.937988>
[COT 2024-03-11 00:13:27] 76561199407766611: Spawned Entity UH-1H Left Door (ExpansionUh1hDoor_2_1<9ff1c8e0>, 100, 500, 0) at <5352.768555, 9.275716, 5418.317383>
[COT 2024-03-11 00:13:28] 76561199407766611: Spawned Entity UH-1H Right Door (ExpansionUh1hDoor_2_2<9ff1eb90>, 100, 500, 0) at <5352.190430, 9.329552, 5417.608887>
[COT 2024-03-11 00:13:28] 76561199407766611: Spawned Entity UH-1H Right Door (ExpansionUh1hDoor_2_2<9ff2b020>, 100, 500, 0) at <5351.600098, 9.383534, 5416.883301>
[COT 2024-03-11 00:20:13] 76561199407766611: Entered the Free Camera
[COT 2024-03-11 00:20:23] 76561199407766611: Left the Free Camera
[COT 2024-03-11 00:20:52] 76561199407766611: Entered the Free Camera
[COT 2024-03-11 00:21:03] 76561199407766611: Left the Free Camera
[COT 2024-03-11 00:24:00] 76561199407766611: Healed [guid=8Xp2uj5ZxNF55GgpLiN2OARJVn6kKpJE53oZMkC9IiQ=]
[COT 2024-03-11 00:24:02] 76561199407766611: Teleported [guid=8Xp2uj5ZxNF55GgpLiN2OARJVn6kKpJE53oZMkC9IiQ=] to <5344.829590, 8.243667, 5437.357910>
[COT 2024-03-11 00:26:27] 76561199407766611: Deleted Entity ExpansionMh6_Resistance:15530 at <5362.125000, 8.756657, 5431.976074>
[COT 2024-03-11 02:52:59] 76561199108250772: Teleported to position <5616.764160, 74.000000, 3322.993164>
[COT 2024-03-11 02:56:29] 76561199108250772: Spawned Entity KA-74 (AK74<a99191c0>, 100, 250, 0) at <5764.567871, 73.999985, 3229.784668>
[COT 2024-03-11 02:56:38] 76561199108250772: Spawned Entity KA-101 (AK101<a99340d0>, 100, 300, 0) at <5605.252930, 74.000000, 3388.263184>
