[COT 2024-02-02 00:18:23] 76561199407766611: Set UnlimitedAmmo To true [guid=spMEkRl42onhFHdF_u42e0T03x2sj347kUc600NXdGA=]
[COT 2024-02-02 00:18:24] 76561199407766611: Set UnlimitedStamina To true [guid=spMEkRl42onhFHdF_u42e0T03x2sj347kUc600NXdGA=]
[COT 2024-02-02 00:18:56] 76561199407766611: Teleported to position <6693.702637, 6.290756, 5076.215820>
[COT 2024-02-02 00:19:33] 76561199407766611: Teleported to position <5620.322266, 28.709999, 5414.216797>
[COT 2024-02-02 01:05:01] 76561199407766611: Teleported to position <8338.736328, 120.760002, 10882.914063>
[COT 2024-02-02 01:05:17] 76561199407766611: Teleported [guid=-r2araXommLNgd2kLCOg5MUhQUGYZRsIrQF--_XcIVE=] to <8341.820313, 122.308746, 10889.694336>
[COT 2024-02-02 01:10:19] 76561199407766611: Teleported to position <5623.900391, 28.709999, 5393.244141>
[COT 2024-02-02 01:10:28] 76561199407766611: Set GodMode To true [guid=-r2araXommLNgd2kLCOg5MUhQUGYZRsIrQF--_XcIVE=]
[COT 2024-02-02 01:10:29] 76561199407766611: Healed [guid=-r2araXommLNgd2kLCOg5MUhQUGYZRsIrQF--_XcIVE=]
[COT 2024-02-02 01:12:53] 76561199407766611: ESP: ESP updating
[COT 2024-02-02 01:15:12] 76561199407766611: Teleported to <8344.516602, 122.308739, 10892.396484> [guid=-r2araXommLNgd2kLCOg5MUhQUGYZRsIrQF--_XcIVE=]
[COT 2024-02-02 01:15:44] 76561199407766611: Entered the Free Camera
[COT 2024-02-02 01:15:48] 76561199407766611: Left the Free Camera
[COT 2024-02-02 01:15:52] 76561199407766611: Entered the Free Camera
[COT 2024-02-02 01:15:55] 76561199407766611: Left the Free Camera
[COT 2024-02-02 01:16:19] 76561199407766611: Teleported to position <5614.044434, 28.709999, 5387.009766>
[COT 2024-02-02 01:18:35] 76561199407766611: Teleported to <8359.110352, 122.308769, 10901.611328> [guid=-r2araXommLNgd2kLCOg5MUhQUGYZRsIrQF--_XcIVE=]
[COT 2024-02-02 01:20:07] 76561199407766611: Teleported to position <5630.026855, 28.592094, 5424.582031>
[COT 2024-02-02 01:23:28] 76561199407766611: Spawned Entity MVS - Multicam Black (ModularVestSystem_Base<53df1550>, 1000, 225, 0) at <5580.426270, 32.436779, 5377.193359>
[COT 2024-02-02 01:23:35] 76561199407766611: Spawned Entity MVS Combat Belt - Multicam Black (Modular_Belt_Base<53dc1a30>, 1000, 100, 0) at <5580.426270, 32.436779, 5377.193359>
[COT 2024-02-02 01:23:42] 76561199407766611: Spawned Entity MVS Combat Shirt - Multicam Black (TacticalShirt_ColorBase<5dc2b080>, 1000, 100, 0) at <5580.426270, 32.436779, 5377.193359>
[COT 2024-02-02 01:23:45] 76561199407766611: Spawned Entity MVS Gorka Pants - Multicam Black (GorkaPants_Flat<5dc276b0>, 1000, 130, 0) at <5580.426270, 32.436779, 5377.193359>
[COT 2024-02-02 01:23:52] 76561199407766611: Teleported [guid=-r2araXommLNgd2kLCOg5MUhQUGYZRsIrQF--_XcIVE=] to <5580.426270, 32.436779, 5377.193359>
[COT 2024-02-02 01:47:18] 76561199407766611: Spawned Entity Combat Sights (M68Optic<134f1350>, 100, 50, 0) at <5637.126465, 29.285002, 5400.830566>
[COT 2024-02-02 01:47:19] 76561199407766611: Spawned Entity ATOG 4x32 Scope (ACOGOptic<134e09f0>, 100, 50, 0) at <5637.126465, 29.285002, 5400.830566>
[COT 2024-02-02 01:47:21] 76561199407766611: Spawned Entity P1-87-L Scope (KashtanOptic<134dd9b0>, 100, 50, 0) at <5637.126465, 29.285002, 5400.830566>
[COT 2024-02-02 01:47:23] 76561199407766611: Spawned Entity PSO-1 Scope (PSO1Optic<134e3a30>, 100, 50, 0) at <5637.126465, 29.285002, 5400.830566>
[COT 2024-02-02 01:47:24] 76561199407766611: Spawned Entity Kobra Sights (KobraOptic<134dcda0>, 100, 50, 0) at <5637.126465, 29.285002, 5400.830566>
[COT 2024-02-02 02:04:18] 76561199407766611: Teleported to position <8343.426758, 120.760002, 10892.082031>
[COT 2024-02-02 02:04:30] 76561199407766611: Teleported [guid=-r2araXommLNgd2kLCOg5MUhQUGYZRsIrQF--_XcIVE=] to <8347.084961, 122.308800, 10897.768555>
[COT 2024-02-02 02:04:37] 76561199407766611: Teleported to position <5589.333496, 27.631632, 5433.616211>
[COT 2024-02-02 02:06:32] 76561199407766611: Spawned Entity Fireworks Launcher (FireworksLauncher<2b6d8730>, 100, 30, 0) at <5625.524902, 28.722483, 5413.719727>
[COT 2024-02-02 02:06:37] 76561199407766611: Spawned Entity Fireworks Launcher (Anniversary_FireworksLauncher<2b6d92c0>, 100, 30, 0) at <5624.423340, 28.709990, 5411.186035>
[COT 2024-02-02 02:06:59] 76561199407766611: Spawned Entity Lighter (PetrolLighter<1b87b2d0>, 20, 20, 0) at <5627.351563, 28.709999, 5410.102539>
[COT 2024-02-02 02:09:59] 76561199407766611: Set the date to 2024/10/11 6:0
[COT 2024-02-02 02:10:01] 76561199407766611: Set rain to 0 0 0
[COT 2024-02-02 02:10:01] 76561199407766611: Set storm to 0 0.8 4000
[COT 2024-02-02 02:10:01] 76561199407766611: Set fog to 0 0 0
[COT 2024-02-02 02:10:01] 76561199407766611: Set overcast to 0.234768 0 0
[COT 2024-02-02 02:10:01] 76561199407766611: Set the date to 2024/10/11 6:0
[COT 2024-02-02 02:10:01] 76561199407766611: Set wind to 18.6835 18.6835 1
[COT 2024-02-02 02:12:24] 76561199407766611: Repaired Transport [guid=spMEkRl42onhFHdF_u42e0T03x2sj347kUc600NXdGA=]
[COT 2024-02-02 02:13:04] 76561199407766611: Spawned Entity Spark Plug (SparkPlug<55f72880>, 100, 20, 0) at <5604.624023, 28.728975, 5355.550293>
[COT 2024-02-02 02:13:16] 76561199407766611: Spawned Entity Headlight Bulb (HeadlightH7<27d9eb20>, 100, 10, 0) at <5604.617188, 28.728731, 5355.560059>
[COT 2024-02-02 02:13:21] 76561199407766611: Spawned Entity Headlight Bulb (HeadlightH7<27da5ec0>, 100, 10, 0) at <5604.598633, 28.728582, 5355.517578>
[COT 2024-02-02 02:13:36] 76561199407766611: Spawned Entity P90Shallow_Grave (57x28) (CZ61_Base<1595ee00>, 100, 200, 0) at <5601.032715, 28.709999, 5354.940918>
[COT 2024-02-02 02:22:07] 76561199407766611: Entered the Free Camera
[COT 2024-02-02 02:22:38] 76561199407766611: Left the Free Camera
[COT 2024-02-02 02:22:48] 76561199407766611: Set GodMode To true [guid=spMEkRl42onhFHdF_u42e0T03x2sj347kUc600NXdGA=]
[COT 2024-02-02 02:22:49] 76561199407766611: Set UnlimitedStamina To true [guid=spMEkRl42onhFHdF_u42e0T03x2sj347kUc600NXdGA=]
[COT 2024-02-02 02:22:50] 76561199407766611: Set UnlimitedAmmo To true [guid=spMEkRl42onhFHdF_u42e0T03x2sj347kUc600NXdGA=]
[COT 2024-02-02 02:23:01] 76561199407766611: Teleported to position <4958.654785, 71.336510, 5895.973633>
[COT 2024-02-02 02:24:52] 76561199407766611: Teleported to position <5617.996094, 28.709999, 5369.980469>
[COT 2024-02-02 02:25:08] 76561199407766611: Deleted Entity Anniversary_FireworksLauncher:34048 at <5624.423340, 28.721445, 5411.186035>
[COT 2024-02-02 02:26:06] 76561199407766611: Spawned Entity Hryvnia Banknotes Stack (ExpansionBanknoteHryvnia<f445e100>, 50000, 100, 0) at <5636.557617, 29.285002, 5395.479004>
[COT 2024-02-02 02:26:06] 76561199407766611: Spawned Entity Hryvnia Banknotes Stack (ExpansionBanknoteHryvnia<f4458480>, 50000, 100, 0) at <5636.557617, 29.285002, 5395.479004>
[COT 2024-02-02 02:26:06] 76561199407766611: Spawned Entity Hryvnia Banknotes Stack (ExpansionBanknoteHryvnia<f445f820>, 50000, 100, 0) at <5636.557617, 29.285002, 5395.479004>
[COT 2024-02-02 02:26:06] 76561199407766611: Spawned Entity Hryvnia Banknotes Stack (ExpansionBanknoteHryvnia<f4460f40>, 50000, 100, 0) at <5636.557617, 29.285002, 5395.479004>
[COT 2024-02-02 02:26:06] 76561199407766611: Spawned Entity Hryvnia Banknotes Stack (ExpansionBanknoteHryvnia<f445c9e0>, 50000, 100, 0) at <5636.557617, 29.285002, 5395.479004>
[COT 2024-02-02 02:26:06] 76561199407766611: Spawned Entity Hryvnia Banknotes Stack (ExpansionBanknoteHryvnia<f445a730>, 50000, 100, 0) at <5636.557617, 29.285002, 5395.479004>
[COT 2024-02-02 02:26:06] 76561199407766611: Spawned Entity Hryvnia Banknotes Stack (ExpansionBanknoteHryvnia<f4463d80>, 50000, 100, 0) at <5636.557617, 29.285002, 5395.479004>
[COT 2024-02-02 02:26:07] 76561199407766611: Spawned Entity Hryvnia Banknotes Stack (ExpansionBanknoteHryvnia<431b32a0>, 50000, 100, 0) at <5636.557617, 29.285002, 5395.479004>
[COT 2024-02-02 02:26:07] 76561199407766611: Spawned Entity Hryvnia Banknotes Stack (ExpansionBanknoteHryvnia<431b2710>, 50000, 100, 0) at <5636.557617, 29.285002, 5395.479004>
[COT 2024-02-02 02:26:07] 76561199407766611: Spawned Entity Hryvnia Banknotes Stack (ExpansionBanknoteHryvnia<431bc8f0>, 50000, 100, 0) at <5636.557617, 29.285002, 5395.479004>
[COT 2024-02-02 02:26:07] 76561199407766611: Spawned Entity Hryvnia Banknotes Stack (ExpansionBanknoteHryvnia<431bd480>, 50000, 100, 0) at <5636.557617, 29.285002, 5395.479004>
[COT 2024-02-02 02:26:07] 76561199407766611: Spawned Entity Hryvnia Banknotes Stack (ExpansionBanknoteHryvnia<431c0e50>, 50000, 100, 0) at <5636.557617, 29.285002, 5395.479004>
[COT 2024-02-02 02:26:08] 76561199407766611: Spawned Entity Hryvnia Banknotes Stack (ExpansionBanknoteHryvnia<43184310>, 50000, 100, 0) at <5636.557617, 29.285002, 5395.479004>
[COT 2024-02-02 02:26:08] 76561199407766611: Spawned Entity Hryvnia Banknotes Stack (ExpansionBanknoteHryvnia<43187150>, 50000, 100, 0) at <5636.557617, 29.285002, 5395.479004>
[COT 2024-02-02 02:26:08] 76561199407766611: Spawned Entity Hryvnia Banknotes Stack (ExpansionBanknoteHryvnia<43187ce0>, 50000, 100, 0) at <5636.557617, 29.285002, 5395.479004>
[COT 2024-02-02 02:26:08] 76561199407766611: Spawned Entity Hryvnia Banknotes Stack (ExpansionBanknoteHryvnia<431aa7e0>, 50000, 100, 0) at <5636.557617, 29.285002, 5395.479004>
[COT 2024-02-02 02:26:08] 76561199407766611: Spawned Entity Hryvnia Banknotes Stack (ExpansionBanknoteHryvnia<431ad620>, 50000, 100, 0) at <5636.557617, 29.285002, 5395.479004>
[COT 2024-02-02 02:26:08] 76561199407766611: Spawned Entity Hryvnia Banknotes Stack (ExpansionBanknoteHryvnia<2325c4f0>, 50000, 100, 0) at <5636.557617, 29.285002, 5395.479004>
[COT 2024-02-02 02:26:09] 76561199407766611: Spawned Entity Hryvnia Banknotes Stack (ExpansionBanknoteHryvnia<2325d080>, 50000, 100, 0) at <5636.557617, 29.285002, 5395.479004>
[COT 2024-02-02 02:26:09] 76561199407766611: Spawned Entity Hryvnia Banknotes Stack (ExpansionBanknoteHryvnia<23257400>, 50000, 100, 0) at <5636.557617, 29.285002, 5395.479004>
[COT 2024-02-02 02:26:09] 76561199407766611: Spawned Entity Hryvnia Banknotes Stack (ExpansionBanknoteHryvnia<23260a50>, 50000, 100, 0) at <5636.557617, 29.285002, 5395.479004>
[COT 2024-02-02 02:26:09] 76561199407766611: Spawned Entity Hryvnia Banknotes Stack (ExpansionBanknoteHryvnia<23262d00>, 50000, 100, 0) at <5636.557617, 29.285002, 5395.479004>
[COT 2024-02-02 02:26:09] 76561199407766611: Spawned Entity Hryvnia Banknotes Stack (ExpansionBanknoteHryvnia<2326fd20>, 50000, 100, 0) at <5636.557617, 29.285002, 5395.479004>
[COT 2024-02-02 02:26:09] 76561199407766611: Spawned Entity Hryvnia Banknotes Stack (ExpansionBanknoteHryvnia<23272b60>, 50000, 100, 0) at <5636.557617, 29.285002, 5395.479004>
[COT 2024-02-02 02:26:09] 76561199407766611: Spawned Entity Hryvnia Banknotes Stack (ExpansionBanknoteHryvnia<2327b620>, 50000, 100, 0) at <5636.557617, 29.285002, 5395.479004>
[COT 2024-02-02 02:26:10] 76561199407766611: Spawned Entity Hryvnia Banknotes Stack (ExpansionBanknoteHryvnia<23274e10>, 50000, 100, 0) at <5636.557617, 29.285002, 5395.479004>
[COT 2024-02-02 02:26:10] 76561199407766611: Spawned Entity Hryvnia Banknotes Stack (ExpansionBanknoteHryvnia<2327d8d0>, 50000, 100, 0) at <5636.557617, 29.285002, 5395.479004>
[COT 2024-02-02 02:26:10] 76561199407766611: Spawned Entity Hryvnia Banknotes Stack (ExpansionBanknoteHryvnia<2327fb80>, 50000, 100, 0) at <5636.557617, 29.285002, 5395.479004>
[COT 2024-02-02 02:26:10] 76561199407766611: Spawned Entity Hryvnia Banknotes Stack (ExpansionBanknoteHryvnia<23284c70>, 50000, 100, 0) at <5636.557617, 29.285002, 5395.479004>
[COT 2024-02-02 02:26:10] 76561199407766611: Spawned Entity Hryvnia Banknotes Stack (ExpansionBanknoteHryvnia<2328cba0>, 50000, 100, 0) at <5636.557617, 29.285002, 5395.479004>
[COT 2024-02-02 02:26:11] 76561199407766611: Spawned Entity Hryvnia Banknotes Stack (ExpansionBanknoteHryvnia<232891d0>, 50000, 100, 0) at <5636.557617, 29.285002, 5395.479004>
[COT 2024-02-02 02:26:11] 76561199407766611: Spawned Entity Hryvnia Banknotes Stack (ExpansionBanknoteHryvnia<2328ee50>, 50000, 100, 0) at <5636.557617, 29.285002, 5395.479004>
[COT 2024-02-02 02:26:11] 76561199407766611: Spawned Entity Hryvnia Banknotes Stack (ExpansionBanknoteHryvnia<23288640>, 50000, 100, 0) at <5636.557617, 29.285002, 5395.479004>
[COT 2024-02-02 02:26:11] 76561199407766611: Spawned Entity Hryvnia Banknotes Stack (ExpansionBanknoteHryvnia<5715bb90>, 50000, 100, 0) at <5636.557617, 29.285002, 5395.479004>
[COT 2024-02-02 02:26:11] 76561199407766611: Spawned Entity Hryvnia Banknotes Stack (ExpansionBanknoteHryvnia<5715c720>, 50000, 100, 0) at <5636.557617, 29.285002, 5395.479004>
[COT 2024-02-02 02:26:11] 76561199407766611: Spawned Entity Hryvnia Banknotes Stack (ExpansionBanknoteHryvnia<5715e9d0>, 50000, 100, 0) at <5636.557617, 29.285002, 5395.479004>
[COT 2024-02-02 02:26:12] 76561199407766611: Spawned Entity Hryvnia Banknotes Stack (ExpansionBanknoteHryvnia<57160c80>, 50000, 100, 0) at <5636.557617, 29.285002, 5395.479004>
[COT 2024-02-02 02:26:12] 76561199407766611: Spawned Entity Hryvnia Banknotes Stack (ExpansionBanknoteHryvnia<5715a470>, 50000, 100, 0) at <5636.557617, 29.285002, 5395.479004>
[COT 2024-02-02 02:26:12] 76561199407766611: Spawned Entity Hryvnia Banknotes Stack (ExpansionBanknoteHryvnia<57168020>, 50000, 100, 0) at <5636.557617, 29.285002, 5395.479004>
[COT 2024-02-02 02:26:12] 76561199407766611: Spawned Entity Hryvnia Banknotes Stack (ExpansionBanknoteHryvnia<57168bb0>, 50000, 100, 0) at <5636.557617, 29.285002, 5395.479004>
[COT 2024-02-02 02:26:12] 76561199407766611: Spawned Entity Hryvnia Banknotes Stack (ExpansionBanknoteHryvnia<57162f30>, 50000, 100, 0) at <5636.557617, 29.285002, 5395.479004>
[COT 2024-02-02 02:26:12] 76561199407766611: Spawned Entity Hryvnia Banknotes Stack (ExpansionBanknoteHryvnia<5716a2d0>, 50000, 100, 0) at <5636.557617, 29.285002, 5395.479004>
[COT 2024-02-02 02:26:12] 76561199407766611: Spawned Entity Hryvnia Banknotes Stack (ExpansionBanknoteHryvnia<5712cc00>, 50000, 100, 0) at <5636.557617, 29.285002, 5395.479004>
[COT 2024-02-02 02:26:13] 76561199407766611: Spawned Entity Hryvnia Banknotes Stack (ExpansionBanknoteHryvnia<57134b30>, 50000, 100, 0) at <5636.557617, 29.285002, 5395.479004>
[COT 2024-02-02 02:26:13] 76561199407766611: Spawned Entity Hryvnia Banknotes Stack (ExpansionBanknoteHryvnia<5713ed10>, 50000, 100, 0) at <5636.557617, 29.285002, 5395.479004>
[COT 2024-02-02 02:26:13] 76561199407766611: Spawned Entity Hryvnia Banknotes Stack (ExpansionBanknoteHryvnia<57138500>, 50000, 100, 0) at <5636.557617, 29.285002, 5395.479004>
[COT 2024-02-02 02:26:13] 76561199407766611: Spawned Entity Hryvnia Banknotes Stack (ExpansionBanknoteHryvnia<57143270>, 50000, 100, 0) at <5636.557617, 29.285002, 5395.479004>
[COT 2024-02-02 02:26:13] 76561199407766611: Spawned Entity Hryvnia Banknotes Stack (ExpansionBanknoteHryvnia<5714b1a0>, 50000, 100, 0) at <5636.557617, 29.285002, 5395.479004>
[COT 2024-02-02 02:26:13] 76561199407766611: Spawned Entity Hryvnia Banknotes Stack (ExpansionBanknoteHryvnia<57144990>, 50000, 100, 0) at <5636.557617, 29.285002, 5395.479004>
[COT 2024-02-02 02:26:14] 76561199407766611: Spawned Entity Hryvnia Banknotes Stack (ExpansionBanknoteHryvnia<571460b0>, 50000, 100, 0) at <5636.557617, 29.285002, 5395.479004>
[COT 2024-02-02 02:26:14] 76561199407766611: Spawned Entity Hryvnia Banknotes Stack (ExpansionBanknoteHryvnia<57146c40>, 50000, 100, 0) at <5636.557617, 29.285002, 5395.479004>
[COT 2024-02-02 02:26:14] 76561199407766611: Spawned Entity Hryvnia Banknotes Stack (ExpansionBanknoteHryvnia<57156aa0>, 50000, 100, 0) at <5636.557617, 29.285002, 5395.479004>
[COT 2024-02-02 02:26:14] 76561199407766611: Spawned Entity Hryvnia Banknotes Stack (ExpansionBanknoteHryvnia<57152540>, 50000, 100, 0) at <5636.557617, 29.285002, 5395.479004>
[COT 2024-02-02 02:26:14] 76561199407766611: Spawned Entity Hryvnia Banknotes Stack (ExpansionBanknoteHryvnia<57150290>, 50000, 100, 0) at <5636.557617, 29.285002, 5395.479004>
[COT 2024-02-02 02:26:14] 76561199407766611: Spawned Entity Hryvnia Banknotes Stack (ExpansionBanknoteHryvnia<57157630>, 50000, 100, 0) at <5636.557617, 29.285002, 5395.479004>
[COT 2024-02-02 02:26:15] 76561199407766611: Spawned Entity Hryvnia Banknotes Stack (ExpansionBanknoteHryvnia<57150e20>, 50000, 100, 0) at <5636.557617, 29.285002, 5395.479004>
[COT 2024-02-02 02:26:15] 76561199407766611: Spawned Entity Hryvnia Banknotes Stack (ExpansionBanknoteHryvnia<faeee630>, 50000, 100, 0) at <5636.557617, 29.285002, 5395.479004>
[COT 2024-02-02 02:26:15] 76561199407766611: Spawned Entity Hryvnia Banknotes Stack (ExpansionBanknoteHryvnia<faeef1c0>, 50000, 100, 0) at <5636.557617, 29.285002, 5395.479004>
[COT 2024-02-02 02:26:15] 76561199407766611: Spawned Entity Hryvnia Banknotes Stack (ExpansionBanknoteHryvnia<faee89b0>, 50000, 100, 0) at <5636.557617, 29.285002, 5395.479004>
[COT 2024-02-02 02:26:16] 76561199407766611: Spawned Entity Hryvnia Banknotes Stack (ExpansionBanknoteHryvnia<faeefd50>, 50000, 100, 0) at <5636.557617, 29.285002, 5395.479004>
[COT 2024-02-02 02:26:16] 76561199407766611: Spawned Entity Hryvnia Banknotes Stack (ExpansionBanknoteHryvnia<faef2000>, 50000, 100, 0) at <5636.557617, 29.285002, 5395.479004>
[COT 2024-02-02 02:26:16] 76561199407766611: Spawned Entity Hryvnia Banknotes Stack (ExpansionBanknoteHryvnia<faef2b90>, 50000, 100, 0) at <5636.557617, 29.285002, 5395.479004>
[COT 2024-02-02 02:26:16] 76561199407766611: Spawned Entity Hryvnia Banknotes Stack (ExpansionBanknoteHryvnia<faef3720>, 50000, 100, 0) at <5636.557617, 29.285002, 5395.479004>
[COT 2024-02-02 02:26:16] 76561199407766611: Spawned Entity Hryvnia Banknotes Stack (ExpansionBanknoteHryvnia<faef42b0>, 50000, 100, 0) at <5636.557617, 29.285002, 5395.479004>
[COT 2024-02-02 02:26:17] 76561199407766611: Spawned Entity Hryvnia Banknotes Stack (ExpansionBanknoteHryvnia<faef4e40>, 50000, 100, 0) at <5636.557617, 29.285002, 5395.479004>
[COT 2024-02-02 02:26:17] 76561199407766611: Spawned Entity Hryvnia Banknotes Stack (ExpansionBanknoteHryvnia<faec0dc0>, 50000, 100, 0) at <5636.557617, 29.285002, 5395.479004>
[COT 2024-02-02 02:26:17] 76561199407766611: Spawned Entity Hryvnia Banknotes Stack (ExpansionBanknoteHryvnia<faec8160>, 50000, 100, 0) at <5636.557617, 29.285002, 5395.479004>
[COT 2024-02-02 02:26:17] 76561199407766611: Spawned Entity Hryvnia Banknotes Stack (ExpansionBanknoteHryvnia<faecf500>, 50000, 100, 0) at <5636.557617, 29.285002, 5395.479004>
[COT 2024-02-02 02:26:17] 76561199407766611: Spawned Entity Hryvnia Banknotes Stack (ExpansionBanknoteHryvnia<faec8cf0>, 50000, 100, 0) at <5636.557617, 29.285002, 5395.479004>
[COT 2024-02-02 02:26:17] 76561199407766611: Spawned Entity Hryvnia Banknotes Stack (ExpansionBanknoteHryvnia<faec9880>, 50000, 100, 0) at <5636.557617, 29.285002, 5395.479004>
[COT 2024-02-02 02:26:17] 76561199407766611: Spawned Entity Hryvnia Banknotes Stack (ExpansionBanknoteHryvnia<faeca410>, 50000, 100, 0) at <5636.557617, 29.285002, 5395.479004>
[COT 2024-02-02 02:26:18] 76561199407766611: Spawned Entity Hryvnia Banknotes Stack (ExpansionBanknoteHryvnia<faecbb30>, 50000, 100, 0) at <5636.557617, 29.285002, 5395.479004>
[COT 2024-02-02 02:26:18] 76561199407766611: Spawned Entity Hryvnia Banknotes Stack (ExpansionBanknoteHryvnia<faee38c0>, 50000, 100, 0) at <5636.557617, 29.285002, 5395.479004>
[COT 2024-02-02 02:26:18] 76561199407766611: Spawned Entity Hryvnia Banknotes Stack (ExpansionBanknoteHryvnia<faedd0b0>, 50000, 100, 0) at <5636.557617, 29.285002, 5395.479004>
[COT 2024-02-02 02:26:18] 76561199407766611: Spawned Entity Hryvnia Banknotes Stack (ExpansionBanknoteHryvnia<faeddc40>, 50000, 100, 0) at <5636.557617, 29.285002, 5395.479004>
[COT 2024-02-02 02:26:18] 76561199407766611: Spawned Entity Hryvnia Banknotes Stack (ExpansionBanknoteHryvnia<faee4450>, 50000, 100, 0) at <5636.557617, 29.285002, 5395.479004>
[COT 2024-02-02 02:26:18] 76561199407766611: Spawned Entity Hryvnia Banknotes Stack (ExpansionBanknoteHryvnia<faee5b70>, 50000, 100, 0) at <5636.557617, 29.285002, 5395.479004>
[COT 2024-02-02 02:26:19] 76561199407766611: Spawned Entity Hryvnia Banknotes Stack (ExpansionBanknoteHryvnia<faedfef0>, 50000, 100, 0) at <5636.557617, 29.285002, 5395.479004>
[COT 2024-02-02 02:26:19] 76561199407766611: Spawned Entity Hryvnia Banknotes Stack (ExpansionBanknoteHryvnia<faedf360>, 50000, 100, 0) at <5636.557617, 29.285002, 5395.479004>
[COT 2024-02-02 02:26:20] 76561199407766611: Spawned Entity Hryvnia Banknotes Stack (ExpansionBanknoteHryvnia<47d30c80>, 50000, 100, 0) at <5636.557617, 29.285002, 5395.479004>
[COT 2024-02-02 02:26:20] 76561199407766611: Spawned Entity Hryvnia Banknotes Stack (ExpansionBanknoteHryvnia<47d2a470>, 50000, 100, 0) at <5636.557617, 29.285002, 5395.479004>
[COT 2024-02-02 02:26:20] 76561199407766611: Spawned Entity Hryvnia Banknotes Stack (ExpansionBanknoteHryvnia<47d2e9d0>, 50000, 100, 0) at <5636.557617, 29.285002, 5395.479004>
[COT 2024-02-02 02:26:20] 76561199407766611: Spawned Entity Hryvnia Banknotes Stack (ExpansionBanknoteHryvnia<47d2c720>, 50000, 100, 0) at <5636.557617, 29.285002, 5395.479004>
[COT 2024-02-02 02:26:20] 76561199407766611: Spawned Entity Hryvnia Banknotes Stack (ExpansionBanknoteHryvnia<47d2b000>, 50000, 100, 0) at <5636.557617, 29.285002, 5395.479004>
[COT 2024-02-02 02:26:20] 76561199407766611: Spawned Entity Hryvnia Banknotes Stack (ExpansionBanknoteHryvnia<47d34650>, 50000, 100, 0) at <5636.557617, 29.285002, 5395.479004>
[COT 2024-02-02 02:26:21] 76561199407766611: Spawned Entity Hryvnia Banknotes Stack (ExpansionBanknoteHryvnia<47d38bb0>, 50000, 100, 0) at <5636.557617, 29.285002, 5395.479004>
[COT 2024-02-02 02:26:21] 76561199407766611: Spawned Entity Hryvnia Banknotes Stack (ExpansionBanknoteHryvnia<47d323a0>, 50000, 100, 0) at <5636.557617, 29.285002, 5395.479004>
[COT 2024-02-02 02:26:21] 76561199407766611: Spawned Entity Hryvnia Banknotes Stack (ExpansionBanknoteHryvnia<47d3ae60>, 50000, 100, 0) at <5636.557617, 29.285002, 5395.479004>
[COT 2024-02-02 02:26:21] 76561199407766611: Spawned Entity Hryvnia Banknotes Stack (ExpansionBanknoteHryvnia<47d39740>, 50000, 100, 0) at <5636.557617, 29.285002, 5395.479004>
[COT 2024-02-02 02:26:21] 76561199407766611: Spawned Entity Hryvnia Banknotes Stack (ExpansionBanknoteHryvnia<47d01160>, 50000, 100, 0) at <5636.557617, 29.285002, 5395.479004>
[COT 2024-02-02 02:26:21] 76561199407766611: Spawned Entity Hryvnia Banknotes Stack (ExpansionBanknoteHryvnia<47d03410>, 50000, 100, 0) at <5636.557617, 29.285002, 5395.479004>
[COT 2024-02-02 02:26:21] 76561199407766611: Spawned Entity Hryvnia Banknotes Stack (ExpansionBanknoteHryvnia<47cfd790>, 50000, 100, 0) at <5636.557617, 29.285002, 5395.479004>
[COT 2024-02-02 02:26:22] 76561199407766611: Spawned Entity Hryvnia Banknotes Stack (ExpansionBanknoteHryvnia<47cfcc00>, 50000, 100, 0) at <5636.557617, 29.285002, 5395.479004>
[COT 2024-02-02 02:26:22] 76561199407766611: Spawned Entity Hryvnia Banknotes Stack (ExpansionBanknoteHryvnia<47cfe320>, 50000, 100, 0) at <5636.557617, 29.285002, 5395.479004>
[COT 2024-02-02 02:26:22] 76561199407766611: Spawned Entity Hryvnia Banknotes Stack (ExpansionBanknoteHryvnia<47d09c20>, 50000, 100, 0) at <5636.557617, 29.285002, 5395.479004>
[COT 2024-02-02 02:26:22] 76561199407766611: Spawned Entity Hryvnia Banknotes Stack (ExpansionBanknoteHryvnia<47d056c0>, 50000, 100, 0) at <5636.557617, 29.285002, 5395.479004>
[COT 2024-02-02 02:26:22] 76561199407766611: Spawned Entity Hryvnia Banknotes Stack (ExpansionBanknoteHryvnia<47d04b30>, 50000, 100, 0) at <5636.557617, 29.285002, 5395.479004>
[COT 2024-02-02 02:26:23] 76561199407766611: Spawned Entity Hryvnia Banknotes Stack (ExpansionBanknoteHryvnia<47d06de0>, 50000, 100, 0) at <5636.557617, 29.285002, 5395.479004>
[COT 2024-02-02 02:26:23] 76561199407766611: Spawned Entity Hryvnia Banknotes Stack (ExpansionBanknoteHryvnia<47d0bed0>, 50000, 100, 0) at <5636.557617, 29.285002, 5395.479004>
[COT 2024-02-02 02:26:23] 76561199407766611: Spawned Entity Hryvnia Banknotes Stack (ExpansionBanknoteHryvnia<47d177d0>, 50000, 100, 0) at <5636.557617, 29.285002, 5395.479004>
[COT 2024-02-02 02:26:23] 76561199407766611: Spawned Entity Hryvnia Banknotes Stack (ExpansionBanknoteHryvnia<47d18ef0>, 50000, 100, 0) at <5636.557617, 29.285002, 5395.479004>
[COT 2024-02-02 02:26:23] 76561199407766611: Spawned Entity Hryvnia Banknotes Stack (ExpansionBanknoteHryvnia<47d230d0>, 50000, 100, 0) at <5636.557617, 29.285002, 5395.479004>
[COT 2024-02-02 02:26:23] 76561199407766611: Spawned Entity Hryvnia Banknotes Stack (ExpansionBanknoteHryvnia<31d0df90>, 50000, 100, 0) at <5636.557617, 29.285002, 5395.479004>
[COT 2024-02-02 02:26:24] 76561199407766611: Spawned Entity Hryvnia Banknotes Stack (ExpansionBanknoteHryvnia<31d08310>, 50000, 100, 0) at <5636.557617, 29.285002, 5395.479004>
[COT 2024-02-02 02:26:24] 76561199407766611: Spawned Entity Hryvnia Banknotes Stack (ExpansionBanknoteHryvnia<31d0eb20>, 50000, 100, 0) at <5636.557617, 29.285002, 5395.479004>
[COT 2024-02-02 02:26:24] 76561199407766611: Spawned Entity Hryvnia Banknotes Stack (ExpansionBanknoteHryvnia<31d0b150>, 50000, 100, 0) at <5636.557617, 29.285002, 5395.479004>
[COT 2024-02-02 02:26:24] 76561199407766611: Spawned Entity Hryvnia Banknotes Stack (ExpansionBanknoteHryvnia<31d18170>, 50000, 100, 0) at <5636.557617, 29.285002, 5395.479004>
[COT 2024-02-02 02:26:24] 76561199407766611: Spawned Entity Hryvnia Banknotes Stack (ExpansionBanknoteHryvnia<31d20c30>, 50000, 100, 0) at <5636.557617, 29.285002, 5395.479004>
[COT 2024-02-02 02:26:24] 76561199407766611: Spawned Entity Hryvnia Banknotes Stack (ExpansionBanknoteHryvnia<31d1afb0>, 50000, 100, 0) at <5636.557617, 29.285002, 5395.479004>
[COT 2024-02-02 02:26:24] 76561199407766611: Spawned Entity Hryvnia Banknotes Stack (ExpansionBanknoteHryvnia<31d22350>, 50000, 100, 0) at <5636.557617, 29.285002, 5395.479004>
[COT 2024-02-02 02:26:25] 76561199407766611: Spawned Entity Hryvnia Banknotes Stack (ExpansionBanknoteHryvnia<31d2d0c0>, 50000, 100, 0) at <5636.557617, 29.285002, 5395.479004>
[COT 2024-02-02 02:26:25] 76561199407766611: Spawned Entity Hryvnia Banknotes Stack (ExpansionBanknoteHryvnia<31d268b0>, 50000, 100, 0) at <5636.557617, 29.285002, 5395.479004>
[COT 2024-02-02 02:26:25] 76561199407766611: Spawned Entity Hryvnia Banknotes Stack (ExpansionBanknoteHryvnia<31d2dc50>, 50000, 100, 0) at <5636.557617, 29.285002, 5395.479004>
[COT 2024-02-02 02:26:25] 76561199407766611: Spawned Entity Hryvnia Banknotes Stack (ExpansionBanknoteHryvnia<31d2e7e0>, 50000, 100, 0) at <5636.557617, 29.285002, 5395.479004>
[COT 2024-02-02 02:26:25] 76561199407766611: Spawned Entity Hryvnia Banknotes Stack (ExpansionBanknoteHryvnia<31d296f0>, 50000, 100, 0) at <5636.557617, 29.285002, 5395.479004>
[COT 2024-02-02 02:26:25] 76561199407766611: Spawned Entity Hryvnia Banknotes Stack (ExpansionBanknoteHryvnia<31d3cf20>, 50000, 100, 0) at <5636.557617, 29.285002, 5395.479004>
[COT 2024-02-02 02:26:25] 76561199407766611: Spawned Entity Hryvnia Banknotes Stack (ExpansionBanknoteHryvnia<31d41480>, 50000, 100, 0) at <5636.557617, 29.285002, 5395.479004>
[COT 2024-02-02 02:26:26] 76561199407766611: Spawned Entity Hryvnia Banknotes Stack (ExpansionBanknoteHryvnia<31d42010>, 50000, 100, 0) at <5636.557617, 29.285002, 5395.479004>
[COT 2024-02-02 02:28:12] 76561199407766611: Spawned Entity Mh-6 Little Bird (ExpansionMh6<47d38d10>, 100, 5000, 0) at <5630.267578, 28.710001, 5383.136230>
[COT 2024-02-02 02:37:00] 76561199407766611: Spawned Entity Keys (ExpansionCarKey<3cb1ae10>, 100, 100, 0) at <8366.044922, 201.600418, 10379.482422>
[COT 2024-02-02 02:37:00] 76561199407766611: Spawned Entity Keys (ExpansionCarKey<3cb1b9a0>, 100, 100, 0) at <8366.045898, 201.612595, 10379.483398>
[COT 2024-02-02 02:38:56] 76561199407766611: Entered the Free Camera
[COT 2024-02-02 02:39:01] 76561199407766611: Left the Free Camera
[COT 2024-02-02 02:39:12] 76561199407766611: Spawned Entity Keys (ExpansionCarKey<3234dce0>, 100, 100, 0) at <8348.419922, 122.308800, 10892.066406>
[COT 2024-02-02 02:39:40] 76561199407766611: Teleported to position <5623.152344, 28.709999, 5376.091797>
