[COT 2024-02-03 01:19:29] 76561199407766611: Teleported to position <12927.923828, 21.100000, 1555.777344>
[COT 2024-02-03 01:19:45] 76561199407766611: Deleted Entity TerritoryFlag:33326 at <13049.845703, 49.252396, 1467.216187>
[COT 2024-02-03 01:20:05] 76561199407766611: Teleported to position <4629.590820, 20.430000, 7071.022461>
[COT 2024-02-03 01:20:18] 76561199407766611: Set UnlimitedStamina To true [guid=spMEkRl42onhFHdF_u42e0T03x2sj347kUc600NXdGA=]
[COT 2024-02-03 01:20:21] 76561199407766611: Set UnlimitedAmmo To true [guid=spMEkRl42onhFHdF_u42e0T03x2sj347kUc600NXdGA=]
[COT 2024-02-03 01:20:22] 76561199407766611: Set Invisibility To 1 [guid=spMEkRl42onhFHdF_u42e0T03x2sj347kUc600NXdGA=]
[COT 2024-02-03 01:20:23] 76561199407766611: Set GodMode To true [guid=spMEkRl42onhFHdF_u42e0T03x2sj347kUc600NXdGA=]
[COT 2024-02-03 01:23:58] 76561199407766611: Spawned Entity Flag Pole Kit (TerritoryFlagKit<5f345390>, 100, 200, 0) at <4531.703613, 20.429998, 7278.446289>
[COT 2024-02-03 01:32:04] 76561199407766611: Entered the Free Camera
[COT 2024-02-03 01:32:19] 76561199407766611: Left the Free Camera
[COT 2024-02-03 01:38:02] 76561199407766611: Spawned Entity Wall Kit (ExpansionWallKit<54749f0>, 100, 100, 0) at <4535.414551, 20.429960, 7257.751465>
[COT 2024-02-03 01:38:02] 76561199407766611: Spawned Entity Wall Kit (ExpansionWallKit<5476110>, 100, 100, 0) at <4535.325684, 20.515085, 7257.967285>
[COT 2024-02-03 01:38:02] 76561199407766611: Spawned Entity Wall Kit (ExpansionWallKit<546f900>, 100, 100, 0) at <4535.265137, 20.573214, 7258.114258>
[COT 2024-02-03 01:38:02] 76561199407766611: Spawned Entity Wall Kit (ExpansionWallKit<54783c0>, 100, 100, 0) at <4535.180664, 20.654045, 7258.319336>
[COT 2024-02-03 01:47:23] 76561199407766611: Spawned Entity Roof Kit (ExpansionRoofKit<9907120>, 100, 100, 0) at <4534.678711, 20.429996, 7261.962891>
[COT 2024-02-03 01:47:23] 76561199407766611: Spawned Entity Roof Kit (ExpansionRoofKit<9904e70>, 100, 100, 0) at <4534.659668, 20.542528, 7262.085449>
[COT 2024-02-03 01:47:24] 76561199407766611: Spawned Entity Roof Kit (ExpansionRoofKit<9907cb0>, 100, 100, 0) at <4534.620605, 20.763655, 7262.327148>
[COT 2024-02-03 01:47:24] 76561199407766611: Spawned Entity Roof Kit (ExpansionRoofKit<991b4e0>, 100, 100, 0) at <4534.592773, 20.924238, 7262.503906>
[COT 2024-02-03 01:58:14] 76561199407766611: Spawned Entity Roof Kit (ExpansionRoofKit<fbda9c50>, 100, 100, 0) at <4534.879395, 22.605007, 7249.261719>
[COT 2024-02-03 01:58:14] 76561199407766611: Spawned Entity Roof Kit (ExpansionRoofKit<fbdb0ff0>, 100, 100, 0) at <4535.071289, 22.640980, 7249.372070>
[COT 2024-02-03 01:58:14] 76561199407766611: Spawned Entity Roof Kit (ExpansionRoofKit<fbdb2710>, 100, 100, 0) at <4535.187012, 22.662758, 7249.438965>
[COT 2024-02-03 02:03:08] 76561199407766611: Set the date to 2024/10/20 12:0
[COT 2024-02-03 02:06:39] 76561199407766611: Spawned Entity Sea Chest (SeaChest<241dc810>, 1000, 600, 0) at <4532.796875, 20.430000, 7262.619629>
[COT 2024-02-03 02:06:51] 76561199407766611: Spawned Entity Human Steak (HumanSteakMeat<241d82b0>, 150, 50, 1) at <4532.664551, 20.442499, 7261.694824>
[COT 2024-02-03 02:06:52] 76561199407766611: Spawned Entity Human Steak (HumanSteakMeat<241da560>, 150, 50, 1) at <4532.664551, 20.442499, 7261.694824>
[COT 2024-02-03 02:06:52] 76561199407766611: Spawned Entity Human Steak (HumanSteakMeat<241d6000>, 150, 50, 1) at <4532.664551, 20.442499, 7261.694824>
[COT 2024-02-03 02:06:52] 76561199407766611: Spawned Entity Human Steak (HumanSteakMeat<241e5e60>, 150, 50, 1) at <4532.664551, 20.442499, 7261.694824>
[COT 2024-02-03 02:06:52] 76561199407766611: Spawned Entity Human Steak (HumanSteakMeat<241e3020>, 150, 50, 1) at <4532.664551, 20.442499, 7261.694824>
[COT 2024-02-03 02:06:52] 76561199407766611: Spawned Entity Human Steak (HumanSteakMeat<241e3bb0>, 150, 50, 1) at <4532.664551, 20.442499, 7261.694824>
[COT 2024-02-03 02:06:53] 76561199407766611: Spawned Entity Human Steak (HumanSteakMeat<241e69f0>, 150, 50, 1) at <4532.664551, 20.442499, 7261.694824>
[COT 2024-02-03 02:06:53] 76561199407766611: Spawned Entity Human Steak (HumanSteakMeat<241b1de0>, 150, 50, 1) at <4532.664551, 20.442499, 7261.694824>
[COT 2024-02-03 02:06:53] 76561199407766611: Spawned Entity Human Steak (HumanSteakMeat<241ab5d0>, 150, 50, 1) at <4532.664551, 20.442499, 7261.694824>
[COT 2024-02-03 02:06:53] 76561199407766611: Spawned Entity Human Steak (HumanSteakMeat<241ac160>, 150, 50, 1) at <4532.664551, 20.442499, 7261.694824>
[COT 2024-02-03 02:06:54] 76561199407766611: Spawned Entity Human Steak (HumanSteakMeat<241b3500>, 150, 50, 1) at <4532.664551, 20.442499, 7261.694824>
[COT 2024-02-03 02:06:54] 76561199407766611: Spawned Entity Human Steak (HumanSteakMeat<241accf0>, 150, 50, 1) at <4532.664551, 20.442499, 7261.694824>
[COT 2024-02-03 02:06:54] 76561199407766611: Spawned Entity Human Steak (HumanSteakMeat<241bd6e0>, 150, 50, 1) at <4532.664551, 20.442499, 7261.694824>
[COT 2024-02-03 02:06:55] 76561199407766611: Spawned Entity Human Steak (HumanSteakMeat<241b9d10>, 150, 50, 1) at <4532.664551, 20.442499, 7261.694824>
[COT 2024-02-03 02:06:56] 76561199407766611: Spawned Entity Human Skull (ItemBase<241b7a60>, 150, 100, 0) at <4532.664551, 20.442499, 7261.694824>
[COT 2024-02-03 02:06:56] 76561199407766611: Spawned Entity Human Skull (ItemBase<241bf990>, 150, 100, 0) at <4532.664551, 20.442499, 7261.694824>
[COT 2024-02-03 02:09:03] 76561199407766611: Entered the Free Camera
[COT 2024-02-03 02:10:33] 76561199407766611: Left the Free Camera
[COT 2024-02-03 02:13:59] 76561199407766611: Teleported to position <5621.787109, 31.810812, 5276.849609>
[COT 2024-02-03 02:14:16] 76561199407766611: Entered the Free Camera
[COT 2024-02-03 02:14:38] 76561199407766611: Left the Free Camera
[COT 2024-02-03 02:15:42] 76561199407766611: Spawned Entity Keys (ExpansionCarKey<4c167e00>, 100, 100, 0) at <5645.087402, 28.078608, 5369.368164>
[COT 2024-02-03 02:15:42] 76561199407766611: Spawned Entity Keys (ExpansionCarKey<4c16e610>, 100, 100, 0) at <5645.087402, 28.078608, 5369.368164>
[COT 2024-02-03 02:15:42] 76561199407766611: Spawned Entity Keys (ExpansionCarKey<4c16f1a0>, 100, 100, 0) at <5645.087402, 28.078608, 5369.368164>
[COT 2024-02-03 02:15:50] 76561199407766611: Spawned Entity Boxed Nails (NailBox<4c169520>, 100, 80, 0) at <5645.087402, 28.078608, 5369.368164>
[COT 2024-02-03 02:15:50] 76561199407766611: Spawned Entity Boxed Nails (NailBox<4c173700>, 100, 80, 0) at <5645.087402, 28.078608, 5369.368164>
[COT 2024-02-03 02:15:50] 76561199407766611: Spawned Entity Boxed Nails (NailBox<4c171fe0>, 100, 80, 0) at <5645.087402, 28.078608, 5369.368164>
[COT 2024-02-03 02:17:35] 76561199407766611: Spawned Entity Keys (ExpansionCarKey<f6701cb0>, 100, 100, 0) at <5641.837891, 28.389292, 5369.368164>
[COT 2024-02-03 02:18:31] 76561199407766611: Spawned Entity Camo Net (CamoNet<31a9a520>, 100, 120, 0) at <5640.572266, 28.601753, 5370.399414>
[COT 2024-02-03 02:25:38] 76561199407766611: Teleported to position <4686.618652, 20.430000, 7124.700195>
[COT 2024-02-03 02:25:47] 76561199407766611: Entered the Free Camera
[COT 2024-02-03 02:25:58] 76561199407766611: Left the Free Camera
[COT 2024-02-03 02:28:35] 76561199407766611: Entered the Free Camera
[COT 2024-02-03 02:28:48] 76561199407766611: Left the Free Camera
[COT 2024-02-03 02:29:27] 76561199407766611: Teleported [guid=-r2araXommLNgd2kLCOg5MUhQUGYZRsIrQF--_XcIVE=] to <4607.192383, 67.043739, 7142.100586>
[COT 2024-02-03 02:29:39] 76561199407766611: Spawned Entity M134_mag_750Rnd (Mag_AKM_Drum75Rnd<fa2440>, 750, 100, 0) at <4606.554688, 67.043732, 7142.150879>
[COT 2024-02-03 02:29:39] 76561199407766611: Spawned Entity M134_mag_750Rnd (Mag_AKM_Drum75Rnd<fa2fd0>, 750, 100, 0) at <4606.554688, 67.043732, 7142.150879>
[COT 2024-02-03 02:29:39] 76561199407766611: Spawned Entity M134_mag_750Rnd (Mag_AKM_Drum75Rnd<f9f600>, 750, 100, 0) at <4606.554688, 67.043732, 7142.150879>
[COT 2024-02-03 02:29:42] 76561199407766611: Spawned Entity M134 (308Win) (M4A1_Base<e8d0c6c0>, 750, 500, 0) at <4606.554688, 67.043732, 7142.150879>
[COT 2024-02-03 02:29:42] 76561199407766611: Spawned Entity M134 (308Win) (M4A1_Base<e8d09480>, 750, 500, 0) at <4606.554688, 67.043732, 7142.150879>
[COT 2024-02-03 02:29:42] 76561199407766611: Spawned Entity M134 (308Win) (M4A1_Base<e8d11eb0>, 750, 500, 0) at <4606.554688, 67.043732, 7142.150879>
[COT 2024-02-03 03:27:54] 76561199407766611: Teleported to position <5455.187012, 14.810000, 4970.005859>
[COT 2024-02-03 03:29:28] 76561199407766611: Teleported [guid=Pk9FmI0iGIJV90L0o-uI7ivHc45DZnNcAVX3v1GVD5Y=] to <5386.101074, 14.822498, 4934.379395>
[COT 2024-02-03 03:32:18] 76561199407766611: Spawned Entity Hryvnia Banknotes Stack (ExpansionBanknoteHryvnia<53199a30>, 24385, 100, 0) at <5392.963379, 15.867362, 4931.163574>
[COT 2024-02-03 03:44:06] 76561199407766611: Set GodMode To true [guid=-r2araXommLNgd2kLCOg5MUhQUGYZRsIrQF--_XcIVE=]
[COT 2024-02-03 03:44:06] 76561199407766611: Set UnlimitedStamina To true [guid=-r2araXommLNgd2kLCOg5MUhQUGYZRsIrQF--_XcIVE=]
[COT 2024-02-03 03:44:08] 76561199407766611: Set UnlimitedAmmo To true [guid=-r2araXommLNgd2kLCOg5MUhQUGYZRsIrQF--_XcIVE=]
[COT 2024-02-03 03:44:09] 76561199407766611: Healed [guid=-r2araXommLNgd2kLCOg5MUhQUGYZRsIrQF--_XcIVE=]
