[COT 2024-01-19 05:36:57] 76561199108250772: Teleported to position <9532.379883, 23.190001, 8954.904297>
[COT 2024-01-19 05:37:36] 76561199108250772: Spawned Entity #STR_EXPANSION_ADMIN #STR_EXPANSION_CAR_KEYS (ExpansionCarAdminKey<a9059470>, 100, 100, 0) at <9503.600586, 23.371563, 8942.043945>
[COT 2024-01-19 05:38:09] 76561199108250772: Teleported to position <3801.069824, 11.450000, 9744.095703>
[COT 2024-01-19 05:38:33] 76561199108250772: Teleported to position <10133.148438, 53.029034, 5099.846680>
[COT 2024-01-19 05:39:39] 76561199108250772: Teleported to position <3777.266113, 11.450000, 9725.677734>
[COT 2024-01-19 05:40:13] 76561199108250772: Teleported to position <10130.739258, 53.162243, 5102.563477>
[COT 2024-01-19 05:41:00] 76561199108250772: Spawned Entity Boxed Nails (NailBox<97771710>, 100, 39, 0) at <10137.797852, 52.894135, 5095.047852>
[COT 2024-01-19 05:41:01] 76561199108250772: Spawned Entity Boxed Nails (NailBox<97774550>, 100, 39, 0) at <10137.933594, 53.031208, 5095.024414>
[COT 2024-01-19 05:41:02] 76561199108250772: Spawned Entity Boxed Nails (NailBox<977750e0>, 100, 39, 0) at <10138.048828, 53.132706, 5095.001465>
[COT 2024-01-19 05:41:30] 76561199108250772: Teleported to position <3754.107666, 11.450000, 9723.855469>
[COT 2024-01-19 05:42:05] 76561199108250772: Teleported to position <10136.462891, 52.907013, 5096.096680>
[COT 2024-01-19 05:42:18] 76561199108250772: ESP: Viewing ESP
[COT 2024-01-19 05:42:33] 76561199108250772: ESP index=0 target=ExpansionFloor6x6:30131 position=<10148.367188, 58.995304, 5089.173828> action=delete
[COT 2024-01-19 05:42:33] 76561199108250772: ESP index=1 target=ExpansionFloor6x6:30080 position=<10143.139648, 58.995777, 5086.229004> action=delete
[COT 2024-01-19 05:42:33] 76561199108250772: ESP index=2 target=ExpansionFloor6x6:30037 position=<10134.967773, 58.995777, 5088.511230> action=delete
[COT 2024-01-19 05:42:33] 76561199108250772: ESP index=3 target=ExpansionFloor6x6:29164 position=<10148.367188, 55.992073, 5089.173828> action=delete
[COT 2024-01-19 05:42:33] 76561199108250772: ESP index=4 target=ExpansionFloor6x6:28776 position=<10145.421875, 55.992546, 5094.401855> action=delete
[COT 2024-01-19 05:42:33] 76561199108250772: ESP index=5 target=ExpansionFloor6x6:28624 position=<10137.912109, 58.995777, 5083.284180> action=delete
[COT 2024-01-19 05:42:33] 76561199108250772: ESP index=6 target=ExpansionWall6x3:28540 position=<10139.383789, 55.992546, 5080.670410> action=delete
[COT 2024-01-19 05:42:33] 76561199108250772: ESP index=7 target=ExpansionFloor6x6:28124 position=<10137.250977, 58.996250, 5096.683594> action=delete
[COT 2024-01-19 05:42:33] 76561199108250772: ESP index=8 target=ExpansionFloor6x6:27930 position=<10140.195313, 58.995777, 5091.456055> action=delete
[COT 2024-01-19 05:42:33] 76561199108250772: ESP index=9 target=ExpansionFloor6x6:27405 position=<10140.194336, 55.992546, 5091.457031> action=delete
[COT 2024-01-19 05:42:33] 76561199108250772: ESP action=delete_all count=10 attempted=10
[COT 2024-01-19 05:42:45] 76561199108250772: ESP index=0 target=ExpansionWall6x3:29202 position=<10130.069336, 55.992073, 5078.867676> action=delete
[COT 2024-01-19 05:42:45] 76561199108250772: ESP index=1 target=ExpansionWall6x3:28860 position=<10134.156250, 55.992546, 5077.725586> action=delete
[COT 2024-01-19 05:42:45] 76561199108250772: ESP index=2 target=ExpansionFloor6x6:28651 position=<10132.684570, 58.995777, 5080.339355> action=delete
[COT 2024-01-19 05:42:45] 76561199108250772: ESP index=3 target=ExpansionFloor6x6:27904 position=<10132.683594, 55.992073, 5080.339844> action=delete
[COT 2024-01-19 05:42:45] 76561199108250772: ESP index=4 target=ExpansionFloor6x6:27654 position=<10137.911133, 55.992073, 5083.284668> action=delete
[COT 2024-01-19 05:42:45] 76561199108250772: ESP index=5 target=ExpansionFloor6x6:27599 position=<10134.966797, 55.993019, 5088.512207> action=delete
[COT 2024-01-19 05:42:45] 76561199108250772: ESP index=6 target=ExpansionFloor6x6:27481 position=<10143.139648, 55.992073, 5086.229004> action=delete
[COT 2024-01-19 05:42:45] 76561199108250772: ESP action=delete_all count=7 attempted=7
[COT 2024-01-19 05:42:49] 76561199108250772: ESP index=0 target=ExpansionFloor6x6:28792 position=<10142.477539, 58.995304, 5099.628906> action=delete
[COT 2024-01-19 05:42:49] 76561199108250772: ESP action=delete_all count=1 attempted=1
[COT 2024-01-19 05:43:25] 76561199108250772: Teleported to position <3796.004395, 11.450000, 9741.329102>
[COT 2024-01-19 05:44:03] 76561199108250772: ESP: Clearing ESP
[COT 2024-01-19 07:43:22] 76561199108250772: ESP: Viewing ESP
[COT 2024-01-19 07:43:49] 76561199108250772: Teleported to position <1171.911133, 6.491533, 591.644531>
[COT 2024-01-19 07:43:55] 76561199108250772: ESP: Clearing ESP
[COT 2024-01-19 07:43:55] 76561199108250772: ESP: Viewing ESP
[COT 2024-01-19 07:44:00] 76561199108250772: Entered the Free Camera
[COT 2024-01-19 07:44:27] 76561199108250772: Set GodMode To true [guid=OAdpPkJP2Ps_W7h2ttR1bK23ekHCzrxw0mDT3zqLMdU=]
[COT 2024-01-19 07:44:28] 76561199108250772: Set UnlimitedAmmo To true [guid=OAdpPkJP2Ps_W7h2ttR1bK23ekHCzrxw0mDT3zqLMdU=]
[COT 2024-01-19 07:44:29] 76561199108250772: Set UnlimitedStamina To true [guid=OAdpPkJP2Ps_W7h2ttR1bK23ekHCzrxw0mDT3zqLMdU=]
[COT 2024-01-19 07:44:29] 76561199108250772: Set cannot be targeted by AI to true [guid=OAdpPkJP2Ps_W7h2ttR1bK23ekHCzrxw0mDT3zqLMdU=]
[COT 2024-01-19 07:44:36] 76561199108250772: Left the Free Camera
[COT 2024-01-19 07:45:17] 76561199108250772: ESP: Clearing ESP
[COT 2024-01-19 07:45:18] 76561199108250772: ESP: Viewing ESP
[COT 2024-01-19 07:45:23] 76561199108250772: ESP: Clearing ESP
[COT 2024-01-19 07:45:24] 76561199108250772: ESP: Viewing ESP
[COT 2024-01-19 07:45:33] 76561199108250772: Teleported to <3787.479736, 11.288305, 9757.250977> [guid=s7vJf2NuCNme1MUM_sgLr2G3yzcxYg10pO0s-GAKExM=]
[COT 2024-01-19 07:45:41] 76561199108250772: Entered the Free Camera
[COT 2024-01-19 07:45:57] 76561199108250772: Left the Free Camera
[COT 2024-01-19 07:46:02] 76561199108250772: ESP: Clearing ESP
[COT 2024-01-19 07:46:03] 76561199108250772: ESP: Viewing ESP
[COT 2024-01-19 07:47:36] 76561199108250772: Entered the Free Camera
[COT 2024-01-19 07:47:45] 76561199108250772: Left the Free Camera
[COT 2024-01-19 07:47:48] 76561199108250772: Entered the Free Camera
[COT 2024-01-19 07:48:40] 76561199108250772: Left the Free Camera
[COT 2024-01-19 07:50:03] 76561199108250772: Spawned Entity Rope (Rope<d73cc070>, 100, 200, 0) at <3780.640137, 11.270890, 9749.769531>
[COT 2024-01-19 07:50:09] 76561199108250772: Spawned Entity Short Stick (WoodenStick<d73d6de0>, 5, 50, 0) at <3780.620605, 11.302371, 9749.766602>
[COT 2024-01-19 07:50:59] 76561199108250772: Spawned Entity Admin Hammer (Hammer<d5dce2b0>, 100, 100, 0) at <3780.687988, 11.270890, 9749.957031>
[COT 2024-01-19 07:51:33] 76561199108250772: Spawned Entity Code Lock (ExpansionCodeLock<f865ef30>, 100, 100, 0) at <3781.645020, 11.270889, 9749.005859>
[COT 2024-01-19 07:52:01] 76561199108250772: Teleported to position <5651.374023, 28.709999, 5409.532227>
