[COT 2024-02-04 10:00:01] 76561199108250772: Teleported to position <5594.550781, 28.709999, 5350.925781>
[COT 2024-02-04 10:00:12] 76561199108250772: Set GodMode To true [guid=OAdpPkJP2Ps_W7h2ttR1bK23ekHCzrxw0mDT3zqLMdU=]
[COT 2024-02-04 10:00:15] 76561199108250772: Set GodMode To false [guid=OAdpPkJP2Ps_W7h2ttR1bK23ekHCzrxw0mDT3zqLMdU=]
[COT 2024-02-04 10:00:28] 76561199108250772: Teleported to position <5615.809082, 28.709999, 5402.146484>
[COT 2024-02-04 10:00:49] 76561199108250772: Entered the Free Camera
[COT 2024-02-04 10:01:37] 76561199108250772: Left the Free Camera
[COT 2024-02-04 10:05:14] 76561199108250772: Set GodMode To true [guid=OAdpPkJP2Ps_W7h2ttR1bK23ekHCzrxw0mDT3zqLMdU=]
[COT 2024-02-04 10:05:16] 76561199108250772: Set GodMode To false [guid=OAdpPkJP2Ps_W7h2ttR1bK23ekHCzrxw0mDT3zqLMdU=]
[COT 2024-02-04 10:05:45] 76561199108250772: Teleported to position <9394.751953, 4.163120, 7940.491211>
[COT 2024-02-04 10:06:05] 76561199108250772: Set GodMode To true [guid=OAdpPkJP2Ps_W7h2ttR1bK23ekHCzrxw0mDT3zqLMdU=]
[COT 2024-02-04 10:06:07] 76561199108250772: Set UnlimitedStamina To true [guid=OAdpPkJP2Ps_W7h2ttR1bK23ekHCzrxw0mDT3zqLMdU=]
[COT 2024-02-04 10:06:08] 76561199108250772: Set UnlimitedAmmo To true [guid=OAdpPkJP2Ps_W7h2ttR1bK23ekHCzrxw0mDT3zqLMdU=]
[COT 2024-02-04 10:06:10] 76561199108250772: Set cannot be targeted by AI to true [guid=OAdpPkJP2Ps_W7h2ttR1bK23ekHCzrxw0mDT3zqLMdU=]
[COT 2024-02-04 10:06:22] 76561199108250772: ESP: Viewing ESP
[COT 2024-02-04 10:17:10] 76561199108250772: Set GodMode To false [guid=OAdpPkJP2Ps_W7h2ttR1bK23ekHCzrxw0mDT3zqLMdU=]
[COT 2024-02-04 10:17:11] 76561199108250772: Set GodMode To true [guid=OAdpPkJP2Ps_W7h2ttR1bK23ekHCzrxw0mDT3zqLMdU=]
[COT 2024-02-04 10:18:11] 76561199108250772: Spawned Entity UH-1H (ExpansionUh1h<f02fa550>, 150, 7500, 0) at <9241.099609, 11.766768, 7914.853027>
[COT 2024-02-04 10:19:43] 76561199108250772: Set the date to 2024/10/1 12:0
[COT 2024-02-04 10:19:43] 76561199108250772: Set rain to 0 0 0
[COT 2024-02-04 10:19:43] 76561199108250772: Set storm to 0 0.8 4000
[COT 2024-02-04 10:19:43] 76561199108250772: Set fog to 0 0 0
[COT 2024-02-04 10:19:43] 76561199108250772: Set overcast to 0 0 0
[COT 2024-02-04 10:19:43] 76561199108250772: Set wind to 0 0 1
[COT 2024-02-04 10:21:00] 76561199108250772: Set GodMode To true [guid=HQAtXFe6fZZL90M2CD_a22otF9NJ2s4t7n-ol5BAu6o=]
[COT 2024-02-04 10:33:43] 76561199108250772: Spawned Entity Keys (ExpansionCarKey<50aa9b50>, 500, 100, 0) at <6978.617188, 68.018204, 3435.198486>
[COT 2024-02-04 10:40:06] 76561199108250772: Set GodMode To false [guid=HQAtXFe6fZZL90M2CD_a22otF9NJ2s4t7n-ol5BAu6o=]
[COT 2024-02-04 10:40:08] 76561199108250772: Set GodMode To false [guid=HQAtXFe6fZZL90M2CD_a22otF9NJ2s4t7n-ol5BAu6o=]
[COT 2024-02-04 10:42:02] 76561199108250772: Spawned Entity Blue's Personal Sidearm - ADMIN EDITION (DOC_ADMIN_BLUE_GLOCK<31e4a5b0>, 150, 3000, 0) at <6978.684082, 67.682419, 3437.264160>
[COT 2024-02-04 10:43:51] 76561199108250772: Spawned Entity Infected (ZmbM_FarmerFat_Base<327af4d0>, 100, 100001, 0) at <6979.429199, 68.217194, 3450.704590>
[COT 2024-02-04 10:43:54] 76561199108250772: Spawned Entity Infected (ZmbM_FarmerFat_Base<327b8fb0>, 100, 100001, 0) at <6980.369141, 67.910339, 3446.058105>
[COT 2024-02-04 10:43:57] 76561199108250772: Spawned Entity Infected (ZmbM_FarmerFat_Base<327ba5d0>, 100, 100001, 0) at <6991.115234, 66.125778, 3448.203125>
[COT 2024-02-04 10:46:09] 76561199108250772: Teleported to position <7044.958008, 36.873955, 2534.398438>
[COT 2024-02-04 10:46:23] 76561199108250772: Teleported to position <5808.571777, 3.190083, 824.154297>
[COT 2024-02-04 10:46:32] 76561199108250772: ESP: Clearing ESP
[COT 2024-02-04 10:46:39] 76561199108250772: Entered the Free Camera
[COT 2024-02-04 10:46:52] 76561199108250772: Left the Free Camera
[COT 2024-02-04 10:47:11] 76561199108250772: Entered the Free Camera
[COT 2024-02-04 10:47:42] 76561199108250772: Left the Free Camera
[COT 2024-02-04 10:47:53] 76561199108250772: Entered the Free Camera
[COT 2024-02-04 10:48:08] 76561199108250772: Left the Free Camera
[COT 2024-02-04 10:48:11] 76561199108250772: Entered the Free Camera
[COT 2024-02-04 10:48:28] 76561199108250772: Left the Free Camera
[COT 2024-02-04 10:49:21] 76561199108250772: Teleported to position <10009.829102, 10.696333, 12216.224609>
[COT 2024-02-04 10:52:24] 76561199108250772: Spawned Entity STR_Kart_name (Kart<f03081a0>, 100, 2000, 0) at <10002.139648, 11.849566, 12231.262695>
[COT 2024-02-04 10:52:29] 76561199108250772: Spawned Entity STR_Kart_name (Kart<f02ffd70>, 100, 2000, 0) at <9999.635742, 11.893394, 12230.837891>
[COT 2024-02-04 10:53:02] 76561199108250772: Set GodMode To true [guid=HAFduBzmpDN4tgqni6CFo0kwJ2aFYdhg5CPf66P8Zps=]
[COT 2024-02-04 10:54:30] 76561199108250772: Teleported to position <10091.683594, 21.770000, 10977.522461>
[COT 2024-02-04 10:54:30] 76561199108250772: Teleported to position <10090.897461, 21.770000, 10977.451172>
[COT 2024-02-04 10:54:37] 76561199108250772: Teleported [guid=HAFduBzmpDN4tgqni6CFo0kwJ2aFYdhg5CPf66P8Zps=] to <10091.028320, 22.121855, 10977.409180>
