[COT 2024-01-18 00:56:19] 76561198036774377: Spawned Entity Flag Pole Kit (TerritoryFlagKit<14e48790>, 100, 200, 0) at <5647.602051, 28.709999, 5405.251953>
[COT 2024-01-18 01:05:26] 76561198036774377: Spawned Entity Barrel (Barrel_Green<61bc6130>, 200000, 1300, 512) at <4255.598145, 20.607624, 7280.173828>
[COT 2024-01-18 01:05:29] 76561198036774377: Spawned Entity Barrel (Barrel_Blue<61bd25c0>, 200000, 1300, 512) at <4254.990234, 20.607624, 7279.757324>
[COT 2024-01-18 01:05:31] 76561198036774377: Spawned Entity Barrel (Barrel_Red<61bdd330>, 200000, 1300, 512) at <4254.609375, 20.607628, 7279.311523>
[COT 2024-01-18 01:05:34] 76561198036774377: Spawned Entity Barrel (Barrel_Yellow<61bddec0>, 200000, 1300, 512) at <4254.066895, 20.607626, 7279.050293>
[COT 2024-01-18 01:05:49] 76561198036774377: Spawned Entity Gunwall display kit (gunwall_metal_kit_mung<7700460>, 200000, 100, 0) at <4253.812500, 20.607624, 7280.580078>
[COT 2024-01-18 01:06:30] 76561198036774377: Spawned Entity Large Tent (LargeTent<40201100>, 100, 2000, 0) at <4251.991699, 20.607624, 7284.384277>
[COT 2024-01-18 01:06:34] 76561198036774377: Spawned Entity Camo Tent (ExpansionCamoTentKit<33ad28c0>, 100, 100, 0) at <4251.573730, 20.607624, 7283.907227>
[COT 2024-01-18 01:06:45] 76561198036774377: Spawned Entity Car Tent (CarTent<33ad4b70>, 100, 1700, 0) at <4251.972168, 20.607624, 7283.588867>
[COT 2024-01-18 01:08:17] 76561198036774377: Spawned Entity STR_EGER_GreenCamo_name (EGER<3e890250>, 200000, 5000, 0) at <4250.259277, 20.607622, 7290.022949>
[COT 2024-01-18 01:08:28] 76561199108250772: Teleported to position <9531.886719, 23.190281, 8952.179688>
[COT 2024-01-18 01:08:48] 76561198036774377: Spawned Entity Camo Net (CamoNet<4704b710>, 100, 120, 0) at <4252.110352, 20.607624, 7290.942871>
[COT 2024-01-18 01:08:50] 76561198036774377: Spawned Entity Camo Net (CamoNet<47053640>, 100, 120, 0) at <4252.323242, 20.702682, 7290.859863>
[COT 2024-01-18 01:08:51] 76561198036774377: Spawned Entity Camo Net (CamoNet<47054d60>, 100, 120, 0) at <4252.819336, 20.607624, 7290.586426>
[COT 2024-01-18 01:08:58] 76561198036774377: Spawned Entity Keys (ExpansionCarKey<47056480>, 100, 100, 0) at <4252.762695, 20.768349, 7290.724609>
[COT 2024-01-18 01:09:00] 76561198036774377: Spawned Entity Keys (ExpansionCarKey<5768d260>, 100, 100, 0) at <4252.878906, 20.729988, 7290.833984>
[COT 2024-01-18 01:09:41] 76561199108250772: Spawned Entity Large Safe (ExpansionSafeLarge<60228fe0>, 100, 20000, 0) at <9583.279297, 26.101170, 8931.273438>
[COT 2024-01-18 01:09:42] 76561199108250772: Spawned Entity Large Safe (ExpansionSafeLarge<60223ef0>, 100, 20000, 0) at <9582.957031, 26.101168, 8930.585938>
[COT 2024-01-18 01:09:45] 76561199108250772: Spawned Entity Large Safe (ExpansionSafeLarge<6022be20>, 100, 20000, 0) at <9582.271484, 26.101171, 8929.961914>
[COT 2024-01-18 01:09:47] 76561199108250772: Spawned Entity Large Safe (ExpansionSafeLarge<6023d3a0>, 100, 20000, 0) at <9581.204102, 26.073740, 8929.788086>
[COT 2024-01-18 01:10:14] 76561198036774377: Spawned Entity Car Battery (CarBattery<3dac9410>, 50, 200, 0) at <4251.303223, 20.454420, 7267.726563>
[COT 2024-01-18 01:10:22] 76561199108250772: Spawned Entity MVS Heavy - ERDL (ModularVestSystem_Heavy<3dacc250>, 100, 300, 0) at <9581.033203, 26.101170, 8933.276367>
[COT 2024-01-18 01:10:33] 76561198036774377: Spawned Entity Circuit Board - MK3 (ExpansionCircuitBoard_MK3<527b3b90>, 50, 20, 0) at <4251.265137, 20.676060, 7267.830566>
[COT 2024-01-18 01:10:37] 76561199108250772: Spawned Entity 42 Glocks After (DOC_42MA_GLOCK1<4ce52d70>, 100, 2800, 0) at <9581.459961, 26.073740, 8931.664063>
[COT 2024-01-18 01:10:40] 76561198036774377: Spawned Entity Parking Meter Construction-Kit (ExpansionParkingMeterKit<27869170>, 50, 200, 0) at <4251.259277, 20.711107, 7267.847168>
[COT 2024-01-18 01:10:41] 76561199108250772: Spawned Entity 42 Glocks After Mag (DOC_42MA_GLOCK_MAG<27858780>, 42, 100, 0) at <9581.434570, 26.142109, 8931.664063>
[COT 2024-01-18 01:10:42] 76561199108250772: Spawned Entity 42 Glocks After Mag (DOC_42MA_GLOCK_MAG<27859310>, 42, 100, 0) at <9581.407227, 26.213593, 8931.664063>
[COT 2024-01-18 01:10:42] 76561199108250772: Spawned Entity 42 Glocks After Mag (DOC_42MA_GLOCK_MAG<27861dd0>, 42, 100, 0) at <9581.380859, 26.285620, 8931.664063>
[COT 2024-01-18 01:10:43] 76561199108250772: Spawned Entity 42 Glocks After Mag (DOC_42MA_GLOCK_MAG<2785cce0>, 42, 100, 0) at <9581.353516, 26.357101, 8931.663086>
[COT 2024-01-18 01:11:01] 76561199108250772: Spawned Entity AA12 (12ga) (Saiga_Base<51363dc0>, 32, 250, 0) at <9581.520508, 26.087503, 8932.638672>
[COT 2024-01-18 01:11:53] 76561199108250772: Spawned Entity AA12 Black (20x76) (Saiga_Base<3f6d6bc0>, 100, 250, 0) at <9581.610352, 26.077694, 8932.398438>
[COT 2024-01-18 01:12:00] 76561198036774377: Spawned Entity UAZ 469 (ExpansionUAZ<3e88d640>, 100, 1000, 0) at <4264.363770, 20.465950, 7302.269531>
[COT 2024-01-18 01:12:05] 76561199108250772: Spawned Entity AA12Black_mag_32Rnd (Mag_Saiga_Drum20Rnd<531c8500>, 32, 100, 0) at <9581.610352, 26.077694, 8932.398438>
[COT 2024-01-18 01:12:05] 76561199108250772: Spawned Entity AA12Black_mag_32Rnd (Mag_Saiga_Drum20Rnd<531cf8a0>, 32, 100, 0) at <9581.588867, 26.282938, 8932.334961>
[COT 2024-01-18 01:12:06] 76561199108250772: Spawned Entity AA12Black_mag_32Rnd (Mag_Saiga_Drum20Rnd<531d0fc0>, 32, 100, 0) at <9581.568359, 26.475243, 8932.274414>
[COT 2024-01-18 01:12:13] 76561198036774377: Spawned Entity Keys (ExpansionCarKey<531eb000>, 100, 100, 0) at <4266.478027, 20.465950, 7301.141113>
[COT 2024-01-18 01:12:47] 76561199108250772: Spawned Entity BarrettM82_mag_10Rnd (Mag_SVD_10Rnd<3169d7d0>, 10, 100, 0) at <9581.610352, 26.077694, 8932.398438>
[COT 2024-01-18 01:12:47] 76561199108250772: Spawned Entity BarrettM82_mag_10Rnd (Mag_SVD_10Rnd<54520430>, 10, 100, 0) at <9581.602539, 26.149633, 8932.375977>
[COT 2024-01-18 01:12:48] 76561199108250772: Spawned Entity BarrettM82_mag_10Rnd (Mag_SVD_10Rnd<54526c40>, 10, 100, 0) at <9581.594727, 26.222120, 8932.353516>
[COT 2024-01-18 01:13:19] 76561199108250772: Spawned Entity AR15Aztec_mag_30Rnd (Mag_STANAG_30Rnd<4797d550>, 30, 100, 0) at <9581.246094, 26.090176, 8932.625977>
[COT 2024-01-18 01:13:21] 76561199108250772: Spawned Entity AR15Aztec_mag_30Rnd (Mag_STANAG_30Rnd<47978460>, 30, 100, 0) at <9581.250000, 26.160833, 8932.600586>
[COT 2024-01-18 01:13:22] 76561199108250772: Spawned Entity AR15Aztec_mag_30Rnd (Mag_STANAG_30Rnd<4797f800>, 30, 100, 0) at <9581.253906, 26.230873, 8932.575195>
[COT 2024-01-18 01:13:35] 76561199108250772: Spawned Entity DMR25_mag_20Rnd (Mag_FAL_20Rnd<47986010>, 20, 100, 0) at <9580.999023, 26.101168, 8932.901367>
[COT 2024-01-18 01:13:56] 76561199108250772: Spawned Entity M200Old_mag_7Rnd (Mag_CZ527_5rnd<628089e0>, 7, 100, 0) at <9580.999023, 26.101168, 8932.901367>
[COT 2024-01-18 01:13:56] 76561199108250772: Spawned Entity M200Old_mag_7Rnd (Mag_CZ527_5rnd<628021d0>, 7, 100, 0) at <9581.008789, 26.155548, 8932.873047>
[COT 2024-01-18 01:13:57] 76561199108250772: Spawned Entity M200Old_mag_7Rnd (Mag_CZ527_5rnd<628038f0>, 7, 100, 0) at <9581.018555, 26.209934, 8932.844727>
[COT 2024-01-18 01:13:57] 76561199108250772: Spawned Entity M200Old_mag_7Rnd (Mag_CZ527_5rnd<62804480>, 7, 100, 0) at <9581.027344, 26.261265, 8932.818359>
[COT 2024-01-18 01:14:12] 76561199108250772: Spawned Entity AmmoBox_57x28_20Rnd (TWP_AmmoBox_57x28_30Rnd<627dbd00>, 30, 100, 0) at <9580.999023, 26.101168, 8932.901367>
[COT 2024-01-18 01:14:12] 76561199108250772: Spawned Entity AmmoBox_57x28_20Rnd (TWP_AmmoBox_57x28_30Rnd<627e8190>, 30, 100, 0) at <9580.999023, 26.101168, 8932.901367>
[COT 2024-01-18 01:14:13] 76561199108250772: Spawned Entity AmmoBox_57x28_20Rnd (TWP_AmmoBox_57x28_30Rnd<627e3c30>, 30, 100, 0) at <9580.999023, 26.101168, 8932.901367>
[COT 2024-01-18 01:14:13] 76561199108250772: Spawned Entity AmmoBox_57x28_20Rnd (TWP_AmmoBox_57x28_30Rnd<62807e50>, 30, 100, 0) at <9580.999023, 26.101168, 8932.901367>
[COT 2024-01-18 01:14:14] 76561199108250772: Spawned Entity AmmoBox_57x28_20Rnd (TWP_AmmoBox_57x28_30Rnd<627e98b0>, 30, 100, 0) at <9580.999023, 26.101168, 8932.901367>
[COT 2024-01-18 01:14:14] 76561199108250772: Spawned Entity AmmoBox_57x28_20Rnd (TWP_AmmoBox_57x28_30Rnd<810e09e0>, 30, 100, 0) at <9580.999023, 26.101168, 8932.901367>
[COT 2024-01-18 01:14:15] 76561199108250772: Spawned Entity AmmoBox_57x28_20Rnd (TWP_AmmoBox_57x28_30Rnd<810db8f0>, 30, 100, 0) at <9580.999023, 26.101168, 8932.901367>
[COT 2024-01-18 01:14:15] 76561199108250772: Spawned Entity AmmoBox_57x28_20Rnd (TWP_AmmoBox_57x28_30Rnd<813b5bf0>, 30, 100, 0) at <9580.999023, 26.101168, 8932.901367>
[COT 2024-01-18 01:14:16] 76561199108250772: Spawned Entity AmmoBox_57x28_20Rnd (TWP_AmmoBox_57x28_30Rnd<813b7310>, 30, 100, 0) at <9580.999023, 26.101168, 8932.901367>
[COT 2024-01-18 01:14:16] 76561199108250772: Spawned Entity AmmoBox_57x28_20Rnd (TWP_AmmoBox_57x28_30Rnd<813b8a30>, 30, 100, 0) at <9580.999023, 26.101168, 8932.901367>
[COT 2024-01-18 01:14:33] 76561199108250772: Spawned Entity TWP_AmmoBox_408Cheytac_10Rnd (TWP_AmmoBox_408Cheytac_10Rnd<813bace0>, 10, 100, 0) at <9581.298828, 26.090687, 8932.656250>
[COT 2024-01-18 01:14:33] 76561199108250772: Spawned Entity TWP_AmmoBox_408Cheytac_10Rnd (TWP_AmmoBox_408Cheytac_10Rnd<813b5060>, 10, 100, 0) at <9581.299805, 26.106174, 8932.650391>
[COT 2024-01-18 01:14:33] 76561199108250772: Spawned Entity TWP_AmmoBox_408Cheytac_10Rnd (TWP_AmmoBox_408Cheytac_10Rnd<813b7ea0>, 10, 100, 0) at <9581.299805, 26.121662, 8932.643555>
[COT 2024-01-18 01:14:34] 76561199108250772: Spawned Entity TWP_AmmoBox_408Cheytac_10Rnd (TWP_AmmoBox_408Cheytac_10Rnd<813b95c0>, 10, 100, 0) at <9581.300781, 26.137142, 8932.637695>
[COT 2024-01-18 01:14:34] 76561199108250772: Spawned Entity TWP_AmmoBox_408Cheytac_10Rnd (TWP_AmmoBox_408Cheytac_10Rnd<813ba150>, 10, 100, 0) at <9581.300781, 26.152630, 8932.630859>
[COT 2024-01-18 01:14:35] 76561199108250772: Spawned Entity TWP_AmmoBox_408Cheytac_10Rnd (TWP_AmmoBox_408Cheytac_10Rnd<813cd980>, 10, 100, 0) at <9581.301758, 26.168118, 8932.625977>
[COT 2024-01-18 01:14:35] 76561199108250772: Spawned Entity TWP_AmmoBox_408Cheytac_10Rnd (TWP_AmmoBox_408Cheytac_10Rnd<813d6440>, 10, 100, 0) at <9581.301758, 26.183605, 8932.619141>
[COT 2024-01-18 01:14:36] 76561199108250772: Spawned Entity TWP_AmmoBox_408Cheytac_10Rnd (TWP_AmmoBox_408Cheytac_10Rnd<813d58b0>, 10, 100, 0) at <9581.302734, 26.199093, 8932.613281>
[COT 2024-01-18 01:14:36] 76561199108250772: Spawned Entity TWP_AmmoBox_408Cheytac_10Rnd (TWP_AmmoBox_408Cheytac_10Rnd<813d2a70>, 10, 100, 0) at <9581.302734, 26.214581, 8932.607422>
[COT 2024-01-18 01:14:36] 76561199108250772: Spawned Entity TWP_AmmoBox_408Cheytac_10Rnd (TWP_AmmoBox_408Cheytac_10Rnd<813dfa90>, 10, 100, 0) at <9581.302734, 26.230061, 8932.600586>
[COT 2024-01-18 01:14:37] 76561198036774377: Spawned Entity Bushmaster_M17SMod (Famas_Base<33d30a30>, 100, 200, 0) at <4267.200195, 13.707110, 7306.205566>
[COT 2024-01-18 01:14:40] 76561198036774377: Spawned Entity Bushmaster_M17S_mag_30Rnd (Mag_STANAG_30Rnd<813dc0c0>, 30, 100, 0) at <4266.782715, 13.707109, 7306.448242>
[COT 2024-01-18 01:14:40] 76561198036774377: Spawned Entity Bushmaster_M17S_mag_30Rnd (Mag_STANAG_30Rnd<813e0620>, 30, 100, 0) at <4266.820801, 13.771044, 7306.380859>
[COT 2024-01-18 01:14:41] 76561198036774377: Spawned Entity Bushmaster_M17S_mag_30Rnd (Mag_STANAG_30Rnd<813e11b0>, 30, 100, 0) at <4266.858887, 13.835292, 7306.312500>
[COT 2024-01-18 01:14:41] 76561198036774377: Spawned Entity Bushmaster_M17S_mag_30Rnd (Mag_STANAG_30Rnd<813db530>, 30, 100, 0) at <4266.897949, 13.901075, 7306.243164>
[COT 2024-01-18 01:14:43] 76561198036774377: Spawned Entity Bushmaster_M17S_mag_30Rnd (Mag_STANAG_30Rnd<3644aa40>, 30, 100, 0) at <4266.937500, 13.967409, 7306.172852>
[COT 2024-01-18 01:14:43] 76561198036774377: Spawned Entity Bushmaster_M17S_mag_30Rnd (Mag_STANAG_30Rnd<36449320>, 30, 100, 0) at <4266.975098, 14.030598, 7306.106445>
[COT 2024-01-18 01:14:50] 76561199108250772: Spawned Entity AmmoBox_20-76_10rnd (Box_Base<813e8550>, 10, 100, 0) at <9581.532227, 26.100006, 8932.985352>
[COT 2024-01-18 01:14:50] 76561199108250772: Spawned Entity AmmoBox_20-76_10rnd (Box_Base<813e9c70>, 10, 100, 0) at <9581.532227, 26.100006, 8932.985352>
[COT 2024-01-18 01:14:50] 76561199108250772: Spawned Entity AmmoBox_20-76_10rnd (Box_Base<813e90e0>, 10, 100, 0) at <9581.532227, 26.100006, 8932.985352>
[COT 2024-01-18 01:14:51] 76561199108250772: Spawned Entity AmmoBox_20-76_10rnd (Box_Base<813e3ff0>, 10, 100, 0) at <9581.532227, 26.100006, 8932.985352>
[COT 2024-01-18 01:14:51] 76561199108250772: Spawned Entity AmmoBox_20-76_10rnd (Box_Base<813e3460>, 10, 100, 0) at <9581.532227, 26.100006, 8932.985352>
[COT 2024-01-18 01:14:52] 76561199108250772: Spawned Entity AmmoBox_20-76_10rnd (Box_Base<813ea800>, 10, 100, 0) at <9581.532227, 26.100006, 8932.985352>
[COT 2024-01-18 01:14:52] 76561199108250772: Spawned Entity AmmoBox_20-76_10rnd (Box_Base<813e5710>, 10, 100, 0) at <9581.532227, 26.100006, 8932.985352>
[COT 2024-01-18 01:14:53] 76561199108250772: Spawned Entity AmmoBox_20-76_10rnd (Box_Base<813e6e30>, 10, 100, 0) at <9581.532227, 26.100006, 8932.985352>
[COT 2024-01-18 01:14:53] 76561199108250772: Spawned Entity AmmoBox_20-76_10rnd (Box_Base<813eb390>, 10, 100, 0) at <9581.532227, 26.100006, 8932.985352>
[COT 2024-01-18 01:14:53] 76561199108250772: Spawned Entity AmmoBox_20-76_10rnd (Box_Base<813e79c0>, 10, 100, 0) at <9581.532227, 26.100006, 8932.985352>
[COT 2024-01-18 01:15:03] 76561198036774377: Spawned Entity AmmoBox_300WinMag_20Rnd (TWP_AmmoBox_300WinMag_20Rnd<818ae480>, 100, 100, 0) at <4266.758789, 13.707109, 7305.810547>
[COT 2024-01-18 01:15:04] 76561198036774377: Spawned Entity AmmoBox_300WinMag_20Rnd (TWP_AmmoBox_300WinMag_20Rnd<818af010>, 100, 100, 0) at <4266.768066, 13.723528, 7305.799805>
[COT 2024-01-18 01:15:04] 76561198036774377: Spawned Entity AmmoBox_300WinMag_20Rnd (TWP_AmmoBox_300WinMag_20Rnd<818afba0>, 100, 100, 0) at <4266.777344, 13.739946, 7305.789551>
[COT 2024-01-18 01:15:04] 76561198036774377: Spawned Entity AmmoBox_300WinMag_20Rnd (TWP_AmmoBox_300WinMag_20Rnd<818b0730>, 100, 100, 0) at <4266.786621, 13.756365, 7305.778809>
[COT 2024-01-18 01:15:04] 76561198036774377: Spawned Entity AmmoBox_300WinMag_20Rnd (TWP_AmmoBox_300WinMag_20Rnd<818a9f20>, 100, 100, 0) at <4266.795898, 13.772783, 7305.768066>
[COT 2024-01-18 01:15:05] 76561198036774377: Spawned Entity AmmoBox_300WinMag_20Rnd (TWP_AmmoBox_300WinMag_20Rnd<818b12c0>, 100, 100, 0) at <4266.805176, 13.789202, 7305.757813>
[COT 2024-01-18 01:15:05] 76561198036774377: Spawned Entity AmmoBox_300WinMag_20Rnd (TWP_AmmoBox_300WinMag_20Rnd<818ab640>, 100, 100, 0) at <4266.814453, 13.805620, 7305.747070>
[COT 2024-01-18 01:15:05] 76561198036774377: Spawned Entity AmmoBox_300WinMag_20Rnd (TWP_AmmoBox_300WinMag_20Rnd<818aaab0>, 100, 100, 0) at <4266.823730, 13.822039, 7305.736328>
[COT 2024-01-18 01:15:05] 76561198036774377: Spawned Entity AmmoBox_300WinMag_20Rnd (TWP_AmmoBox_300WinMag_20Rnd<818b1e50>, 100, 100, 0) at <4266.833008, 13.838459, 7305.726074>
[COT 2024-01-18 01:15:06] 76561198036774377: Spawned Entity AmmoBox_300WinMag_20Rnd (TWP_AmmoBox_300WinMag_20Rnd<818b29e0>, 100, 100, 0) at <4266.842285, 13.854877, 7305.715332>
[COT 2024-01-18 01:15:06] 76561198036774377: Spawned Entity AmmoBox_300WinMag_20Rnd (TWP_AmmoBox_300WinMag_20Rnd<818ac1d0>, 100, 100, 0) at <4266.851074, 13.871298, 7305.704102>
[COT 2024-01-18 01:15:06] 76561198036774377: Spawned Entity AmmoBox_300WinMag_20Rnd (TWP_AmmoBox_300WinMag_20Rnd<818acd60>, 100, 100, 0) at <4266.860840, 13.887716, 7305.694336>
[COT 2024-01-18 01:15:07] 76561198036774377: Spawned Entity AmmoBox_300WinMag_20Rnd (TWP_AmmoBox_300WinMag_20Rnd<818ad8f0>, 100, 100, 0) at <4266.870117, 13.904135, 7305.683594>
[COT 2024-01-18 01:15:07] 76561198036774377: Spawned Entity AmmoBox_300WinMag_20Rnd (TWP_AmmoBox_300WinMag_20Rnd<81875310>, 100, 100, 0) at <4266.879395, 13.920555, 7305.672852>
[COT 2024-01-18 01:15:07] 76561198036774377: Spawned Entity AmmoBox_300WinMag_20Rnd (TWP_AmmoBox_300WinMag_20Rnd<818775c0>, 100, 100, 0) at <4266.888672, 13.936975, 7305.662109>
[COT 2024-01-18 01:15:07] 76561198036774377: Spawned Entity AmmoBox_300WinMag_20Rnd (TWP_AmmoBox_300WinMag_20Rnd<81873060>, 100, 100, 0) at <4266.897949, 13.953396, 7305.651855>
[COT 2024-01-18 01:15:07] 76561199108250772: Spawned Entity sandwich (sandwich_mung<81874780>, 100, 100, 0) at <9581.532227, 26.100006, 8932.985352>
[COT 2024-01-18 01:15:09] 76561199108250772: Spawned Entity sandwich (sandwich_mung<81878150>, 100, 100, 0) at <9581.507813, 26.144005, 8932.987305>
[COT 2024-01-18 01:15:09] 76561198036774377: Spawned Entity AmmoBox_300WinMag_20Rnd (TWP_AmmoBox_300WinMag_20Rnd<81878ce0>, 100, 100, 0) at <4266.361816, 13.707109, 7305.636230>
[COT 2024-01-18 01:15:09] 76561198036774377: Spawned Entity AmmoBox_300WinMag_20Rnd (TWP_AmmoBox_300WinMag_20Rnd<81879870>, 100, 100, 0) at <4266.374023, 13.723528, 7305.627441>
[COT 2024-01-18 01:15:10] 76561199108250772: Spawned Entity sandwich (sandwich_mung<81876a30>, 100, 100, 0) at <9581.507813, 26.144411, 8932.987305>
[COT 2024-01-18 01:15:10] 76561198036774377: Spawned Entity AmmoBox_300WinMag_20Rnd (TWP_AmmoBox_300WinMag_20Rnd<8187a400>, 100, 100, 0) at <4266.386230, 13.739948, 7305.618652>
[COT 2024-01-18 01:15:10] 76561199108250772: Spawned Entity sandwich (sandwich_mung<81873bf0>, 100, 100, 0) at <9581.483398, 26.188410, 8932.989258>
[COT 2024-01-18 01:15:10] 76561198036774377: Spawned Entity AmmoBox_300WinMag_20Rnd (TWP_AmmoBox_300WinMag_20Rnd<81880c10>, 100, 100, 0) at <4266.398926, 13.756369, 7305.609863>
[COT 2024-01-18 01:15:10] 76561198036774377: Spawned Entity AmmoBox_300WinMag_20Rnd (TWP_AmmoBox_300WinMag_20Rnd<8187c6b0>, 100, 100, 0) at <4266.411133, 13.772789, 7305.601074>
[COT 2024-01-18 01:15:10] 76561198036774377: Spawned Entity AmmoBox_300WinMag_20Rnd (TWP_AmmoBox_300WinMag_20Rnd<8187bb20>, 100, 100, 0) at <4266.424316, 13.789209, 7305.592285>
[COT 2024-01-18 01:15:11] 76561198036774377: Spawned Entity AmmoBox_300WinMag_20Rnd (TWP_AmmoBox_300WinMag_20Rnd<818817a0>, 100, 100, 0) at <4266.436035, 13.805630, 7305.583496>
[COT 2024-01-18 01:15:11] 76561198036774377: Spawned Entity AmmoBox_300WinMag_20Rnd (TWP_AmmoBox_300WinMag_20Rnd<8187af90>, 100, 100, 0) at <4266.449219, 13.822048, 7305.575195>
[COT 2024-01-18 01:15:11] 76561198036774377: Spawned Entity AmmoBox_300WinMag_20Rnd (TWP_AmmoBox_300WinMag_20Rnd<8187e960>, 100, 100, 0) at <4266.460938, 13.838467, 7305.565918>
[COT 2024-01-18 01:15:11] 76561198036774377: Spawned Entity AmmoBox_300WinMag_20Rnd (TWP_AmmoBox_300WinMag_20Rnd<81882ec0>, 100, 100, 0) at <4266.474121, 13.854885, 7305.557617>
[COT 2024-01-18 01:15:12] 76561198036774377: Spawned Entity AmmoBox_300WinMag_20Rnd (TWP_AmmoBox_300WinMag_20Rnd<81882330>, 100, 100, 0) at <4266.485840, 13.871305, 7305.548340>
[COT 2024-01-18 01:15:12] 76561198036774377: Spawned Entity AmmoBox_300WinMag_20Rnd (TWP_AmmoBox_300WinMag_20Rnd<81880080>, 100, 100, 0) at <4266.498535, 13.887724, 7305.540039>
[COT 2024-01-18 01:15:12] 76561198036774377: Spawned Entity AmmoBox_300WinMag_20Rnd (TWP_AmmoBox_300WinMag_20Rnd<8187d240>, 100, 100, 0) at <4266.510742, 13.904142, 7305.531250>
[COT 2024-01-18 01:15:12] 76561198036774377: Spawned Entity AmmoBox_300WinMag_20Rnd (TWP_AmmoBox_300WinMag_20Rnd<8187f4f0>, 100, 100, 0) at <4266.523438, 13.920561, 7305.522461>
[COT 2024-01-18 01:15:13] 76561198036774377: Spawned Entity AmmoBox_300WinMag_20Rnd (TWP_AmmoBox_300WinMag_20Rnd<81883a50>, 100, 100, 0) at <4266.535645, 13.936979, 7305.513672>
[COT 2024-01-18 01:15:19] 76561199108250772: Spawned Entity Jest's Wonderbread (wonderbread_mung<818845e0>, 120, 100, 0) at <9581.809570, 26.086596, 8932.704102>
[COT 2024-01-18 01:15:19] 76561199108250772: Spawned Entity Jest's Wonderbread (wonderbread_mung<8187ddd0>, 120, 100, 0) at <9581.720703, 26.204466, 8932.728516>
[COT 2024-01-18 01:15:20] 76561199108250772: Spawned Entity Jest's Wonderbread (wonderbread_mung<81887420>, 120, 100, 0) at <9581.628906, 26.324612, 8932.752930>
[COT 2024-01-18 01:15:20] 76561199108250772: Spawned Entity Jest's Wonderbread (wonderbread_mung<81888b40>, 120, 100, 0) at <9581.535156, 26.448381, 8932.777344>
[COT 2024-01-18 01:15:38] 76561198036774377: Spawned Entity Ruger556_MagPul (556x45) (M4A1_Base<4e210920>, 100, 200, 0) at <4267.504883, 13.707109, 7305.237793>
[COT 2024-01-18 01:15:45] 76561199108250772: Spawned Entity Hardigg 2 (hardigg2_Mung_camo<8189cf00>, 120, 1.21575e+09, 0) at <9581.109375, 26.073740, 8931.982422>
[COT 2024-01-18 01:16:03] 76561198036774377: Spawned Entity Ruger556_mag_30Rnd (Mag_STANAG_30Rnd<87445c30>, 30, 100, 0) at <4267.445313, 13.765987, 7305.206543>
[COT 2024-01-18 01:16:03] 76561198036774377: Spawned Entity Ruger556_mag_30Rnd (Mag_STANAG_30Rnd<874467c0>, 30, 100, 0) at <4267.456543, 13.831511, 7305.188477>
[COT 2024-01-18 01:16:04] 76561198036774377: Spawned Entity Ruger556_mag_30Rnd (Mag_STANAG_30Rnd<8743ffb0>, 30, 100, 0) at <4267.467773, 13.897035, 7305.170410>
[COT 2024-01-18 01:16:04] 76561198036774377: Spawned Entity Ruger556_mag_30Rnd (Mag_STANAG_30Rnd<87447350>, 30, 100, 0) at <4267.479004, 13.962558, 7305.152344>
[COT 2024-01-18 01:16:04] 76561198036774377: Spawned Entity Ruger556_mag_30Rnd (Mag_STANAG_30Rnd<87440b40>, 30, 100, 0) at <4267.490234, 14.028082, 7305.134277>
[COT 2024-01-18 01:16:04] 76561198036774377: Spawned Entity Ruger556_mag_30Rnd (Mag_STANAG_30Rnd<87447ee0>, 30, 100, 0) at <4267.501465, 14.093606, 7305.116211>
[COT 2024-01-18 01:16:05] 76561198036774377: Spawned Entity Ruger556_mag_30Rnd (Mag_STANAG_30Rnd<874416d0>, 30, 100, 0) at <4267.512695, 14.158451, 7305.098145>
[COT 2024-01-18 01:16:05] 76561198036774377: Spawned Entity Ruger556_mag_30Rnd (Mag_STANAG_30Rnd<8744cfd0>, 30, 100, 0) at <4267.523926, 14.223974, 7305.080078>
[COT 2024-01-18 01:16:05] 76561198036774377: Spawned Entity Ruger556_mag_30Rnd (Mag_STANAG_30Rnd<8744db60>, 30, 100, 0) at <4267.534668, 14.289498, 7305.062012>
[COT 2024-01-18 01:16:06] 76561198036774377: Spawned Entity Ruger556_mag_30Rnd (Mag_STANAG_30Rnd<8744f280>, 30, 100, 0) at <4267.545898, 14.354343, 7305.043945>
[COT 2024-01-18 01:16:06] 76561198036774377: Spawned Entity Ruger556_mag_30Rnd (Mag_STANAG_30Rnd<87448a70>, 30, 100, 0) at <4267.557129, 14.419188, 7305.026367>
[COT 2024-01-18 01:16:06] 76561198036774377: Spawned Entity Ruger556_mag_30Rnd (Mag_STANAG_30Rnd<8744c440>, 30, 100, 0) at <4267.567871, 14.484035, 7305.008301>
[COT 2024-01-18 01:16:09] 76561199108250772: Spawned Entity Keys (ExpansionCarKey<8744ad20>, 500, 100, 0) at <9581.932617, 26.738354, 8931.314453>
[COT 2024-01-18 01:16:11] 76561199108250772: Spawned Entity Keys (ExpansionCarKey<87457d40>, 500, 100, 0) at <9581.925781, 26.750528, 8931.307617>
[COT 2024-01-18 01:16:23] 76561198036774377: Spawned Entity Boxed 5.56x45mm Rounds (AmmoBox_556x45_20Rnd<2caaf470>, 30, 100, 0) at <4267.026855, 13.707109, 7305.200195>
[COT 2024-01-18 01:16:23] 76561198036774377: Spawned Entity Boxed 5.56x45mm Rounds (AmmoBox_556x45_20Rnd<2cab6810>, 30, 100, 0) at <4267.032715, 13.726737, 7305.195313>
[COT 2024-01-18 01:16:23] 76561198036774377: Spawned Entity Boxed 5.56x45mm Rounds (AmmoBox_556x45_20Rnd<2cab7f30>, 30, 100, 0) at <4267.039551, 13.746364, 7305.189941>
[COT 2024-01-18 01:16:24] 76561198036774377: Spawned Entity Boxed 5.56x45mm Rounds (AmmoBox_556x45_20Rnd<2ca9a520>, 30, 100, 0) at <4267.046387, 13.765991, 7305.185547>
[COT 2024-01-18 01:16:24] 76561198036774377: Spawned Entity Boxed 5.56x45mm Rounds (AmmoBox_556x45_20Rnd<2ca9c7d0>, 30, 100, 0) at <4267.053223, 13.785618, 7305.180664>
[COT 2024-01-18 01:16:24] 76561198036774377: Spawned Entity Boxed 5.56x45mm Rounds (AmmoBox_556x45_20Rnd<2ca99990>, 30, 100, 0) at <4267.059570, 13.805244, 7305.175293>
[COT 2024-01-18 01:16:25] 76561199108250772: Spawned Entity Boxed Nails (NailBox<2ca98270>, 500, 80, 0) at <9581.666016, 26.073740, 8930.758789>
[COT 2024-01-18 01:16:25] 76561199108250772: Spawned Entity Boxed Nails (NailBox<2caa01a0>, 500, 80, 0) at <9581.633789, 26.273178, 8930.749023>
[COT 2024-01-18 01:16:25] 76561198036774377: Spawned Entity Boxed 5.56x45mm Rounds (AmmoBox_556x45_20Rnd<2caa0d30>, 30, 100, 0) at <4266.898926, 13.707109, 7305.123535>
[COT 2024-01-18 01:16:26] 76561198036774377: Spawned Entity Boxed 5.56x45mm Rounds (AmmoBox_556x45_20Rnd<2caa18c0>, 30, 100, 0) at <4266.906250, 13.726662, 7305.119141>
[COT 2024-01-18 01:16:26] 76561198036774377: Spawned Entity Boxed 5.56x45mm Rounds (AmmoBox_556x45_20Rnd<2caa2450>, 30, 100, 0) at <4266.914063, 13.746289, 7305.115234>
[COT 2024-01-18 01:16:26] 76561198036774377: Spawned Entity Boxed 5.56x45mm Rounds (AmmoBox_556x45_20Rnd<2caa2fe0>, 30, 100, 0) at <4266.921387, 13.765842, 7305.110840>
[COT 2024-01-18 01:16:26] 76561198036774377: Spawned Entity Boxed 5.56x45mm Rounds (AmmoBox_556x45_20Rnd<2caadd50>, 30, 100, 0) at <4266.929199, 13.785396, 7305.106934>
[COT 2024-01-18 01:16:26] 76561198036774377: Spawned Entity Boxed 5.56x45mm Rounds (AmmoBox_556x45_20Rnd<2caabaa0>, 30, 100, 0) at <4266.936523, 13.804948, 7305.102539>
[COT 2024-01-18 01:16:26] 76561198036774377: Spawned Entity Boxed 5.56x45mm Rounds (AmmoBox_556x45_20Rnd<86a7e4d0>, 30, 100, 0) at <4266.944824, 13.824500, 7305.098633>
[COT 2024-01-18 01:16:28] 76561198036774377: Spawned Entity Boxed 5.56x45mm Rounds (AmmoBox_556x45_20Rnd<86a80780>, 30, 100, 0) at <4266.861328, 13.707109, 7304.937500>
[COT 2024-01-18 01:16:28] 76561198036774377: Spawned Entity Boxed 5.56x45mm Rounds (AmmoBox_556x45_20Rnd<86a7fbf0>, 30, 100, 0) at <4266.868164, 13.726662, 7304.935059>
[COT 2024-01-18 01:16:28] 76561198036774377: Spawned Entity Boxed 5.56x45mm Rounds (AmmoBox_556x45_20Rnd<86a81310>, 30, 100, 0) at <4266.875000, 13.746214, 7304.933594>
[COT 2024-01-18 01:16:28] 76561198036774377: Spawned Entity Boxed 5.56x45mm Rounds (AmmoBox_556x45_20Rnd<86a82a30>, 30, 100, 0) at <4266.882324, 13.765766, 7304.931152>
[COT 2024-01-18 01:16:28] 76561198036774377: Spawned Entity Boxed 5.56x45mm Rounds (AmmoBox_556x45_20Rnd<86a85870>, 30, 100, 0) at <4266.889160, 13.785318, 7304.929199>
[COT 2024-01-18 01:16:29] 76561198036774377: Spawned Entity Boxed 5.56x45mm Rounds (AmmoBox_556x45_20Rnd<86a84150>, 30, 100, 0) at <4266.896484, 13.804945, 7304.927734>
[COT 2024-01-18 01:16:29] 76561198036774377: Spawned Entity Boxed 5.56x45mm Rounds (AmmoBox_556x45_20Rnd<86a84ce0>, 30, 100, 0) at <4266.903320, 13.824497, 7304.925293>
[COT 2024-01-18 01:16:30] 76561198036774377: Spawned Entity Boxed 5.56x45mm Rounds (AmmoBox_556x45_20Rnd<86a835c0>, 30, 100, 0) at <4267.238770, 13.707109, 7304.878418>
[COT 2024-01-18 01:16:30] 76561198036774377: Spawned Entity Boxed 5.56x45mm Rounds (AmmoBox_556x45_20Rnd<86a81ea0>, 30, 100, 0) at <4267.241211, 13.726736, 7304.877930>
[COT 2024-01-18 01:16:30] 76561198036774377: Spawned Entity Boxed 5.56x45mm Rounds (AmmoBox_556x45_20Rnd<86a7f060>, 30, 100, 0) at <4267.243652, 13.746289, 7304.876953>
[COT 2024-01-18 01:16:31] 76561198036774377: Spawned Entity Boxed 5.56x45mm Rounds (AmmoBox_556x45_20Rnd<86a86400>, 30, 100, 0) at <4267.246582, 13.765842, 7304.875977>
[COT 2024-01-18 01:16:31] 76561198036774377: Spawned Entity Boxed 5.56x45mm Rounds (AmmoBox_556x45_20Rnd<86a89240>, 30, 100, 0) at <4267.249023, 13.785469, 7304.874023>
[COT 2024-01-18 01:16:31] 76561198036774377: Spawned Entity Boxed 5.56x45mm Rounds (AmmoBox_556x45_20Rnd<86a86f90>, 30, 100, 0) at <4267.251465, 13.805097, 7304.873535>
[COT 2024-01-18 01:16:31] 76561198036774377: Spawned Entity Boxed 5.56x45mm Rounds (AmmoBox_556x45_20Rnd<86a8a960>, 30, 100, 0) at <4267.254395, 13.824649, 7304.872559>
[COT 2024-01-18 01:16:45] 76561198036774377: Spawned Entity MVS Canteen - Snow (Canteen<364ef490>, 1000, 100, 512) at <4266.163086, 13.712921, 7303.958984>
[COT 2024-01-18 01:16:47] 76561199108250772: Spawned Entity Splitting Axe (WoodAxe<86a6a110>, 500, 250, 0) at <9581.666016, 26.073740, 8930.758789>
[COT 2024-01-18 01:16:51] 76561198036774377: Spawned Entity MVS Heavy - Snow (ModularVestSystem_Heavy<86a6aca0>, 1000, 300, 0) at <4266.248047, 13.838745, 7304.006348>
[COT 2024-01-18 01:16:54] 76561199108250772: Spawned Entity Shovel (Shovel<86a714b0>, 500, 200, 0) at <9581.647461, 26.189213, 8930.752930>
[COT 2024-01-18 01:16:55] 76561199108250772: Spawned Entity Shovel (Shovel<86a72040>, 500, 200, 0) at <9581.625977, 26.319332, 8930.747070>
[COT 2024-01-18 01:16:55] 76561198036774377: Spawned Entity MVS - Snow (ModularVestSystem_Base<86a6b830>, 1000, 225, 0) at <4266.442383, 14.125631, 7304.115234>
[COT 2024-01-18 01:16:58] 76561198036774377: Spawned Entity MVS Chestrig - Snow (ModularChestRig_Base<86a77cc0>, 1000, 100, 0) at <4266.661621, 14.449265, 7304.237793>
[COT 2024-01-18 01:17:07] 76561199108250772: Spawned Entity Hand Saw (HandSaw<86a8d7a0>, 500, 100, 0) at <9582.291992, 26.101170, 8929.668945>
[COT 2024-01-18 01:17:08] 76561199108250772: Spawned Entity Hand Saw (HandSaw<86a89dd0>, 500, 100, 0) at <9582.286133, 26.161352, 8929.651367>
[COT 2024-01-18 01:17:08] 76561198036774377: Spawned Entity MVS Magazine Pouch - Snow (MVS_Pouch_Base<86a8e330>, 1000, 100, 0) at <4267.014648, 14.834200, 7304.213867>
[COT 2024-01-18 01:17:09] 76561198036774377: Spawned Entity MVS Magazine Pouch - Snow (MVS_Pouch_Base<86a8eec0>, 1000, 100, 0) at <4267.058594, 14.941121, 7304.264160>
[COT 2024-01-18 01:17:09] 76561198036774377: Spawned Entity MVS Magazine Pouch - Snow (MVS_Pouch_Base<86a886b0>, 1000, 100, 0) at <4267.102539, 15.048042, 7304.313965>
[COT 2024-01-18 01:17:09] 76561198036774377: Spawned Entity MVS Magazine Pouch - Snow (MVS_Pouch_Base<86a8c080>, 1000, 100, 0) at <4267.146484, 15.154963, 7304.364258>
[COT 2024-01-18 01:17:10] 76561199108250772: Spawned Entity Hand Saw (HandSaw<86a8fa50>, 500, 100, 0) at <9582.280273, 26.221542, 8929.633789>
[COT 2024-01-18 01:17:10] 76561199108250772: Spawned Entity Hand Saw (HandSaw<6c4a8b90>, 500, 100, 0) at <9582.274414, 26.281731, 8929.615234>
[COT 2024-01-18 01:17:16] 76561198036774377: Spawned Entity MVS Molle Panel - Snow (MVS_Pouch_Base<6c4b4490>, 1000, 100, 0) at <4267.392090, 13.707109, 7303.695801>
[COT 2024-01-18 01:17:16] 76561198036774377: Spawned Entity MVS Molle Panel - Snow (MVS_Pouch_Base<6c480fa0>, 1000, 100, 0) at <4267.444824, 13.814031, 7303.719238>
[COT 2024-01-18 01:17:16] 76561198036774377: Spawned Entity MVS Molle Panel - Snow (MVS_Pouch_Base<6c488340>, 1000, 100, 0) at <4267.497559, 13.920952, 7303.743164>
[COT 2024-01-18 01:17:17] 76561198036774377: Spawned Entity MVS Molle Panel - Snow (MVS_Pouch_Base<6c483250>, 1000, 100, 0) at <4267.550781, 14.027873, 7303.766602>
[COT 2024-01-18 01:17:18] 76561199108250772: Spawned Entity Pickaxe (Pickaxe<6c48eb50>, 500, 250, 0) at <9582.568359, 26.101170, 8930.285156>
[COT 2024-01-18 01:17:21] 76561198036774377: Spawned Entity MVS Raid Pouch - Snow (Modular_Pouch_Base_Taco<6c4981a0>, 1000, 100, 0) at <4267.604004, 14.134794, 7303.790527>
[COT 2024-01-18 01:17:21] 76561198036774377: Spawned Entity MVS Raid Pouch - Snow (Modular_Pouch_Base_Taco<6c49d290>, 1000, 100, 0) at <4267.654297, 14.236825, 7303.812988>
[COT 2024-01-18 01:17:22] 76561198036774377: Spawned Entity MVS Raid Pouch - Snow (Modular_Pouch_Base_Taco<6c4a00d0>, 1000, 100, 0) at <4267.705078, 14.338857, 7303.835938>
[COT 2024-01-18 01:17:22] 76561198036774377: Spawned Entity MVS Raid Pouch - Snow (Modular_Pouch_Base_Taco<6c4a17f0>, 1000, 100, 0) at <4267.755859, 14.440887, 7303.858398>
[COT 2024-01-18 01:17:25] 76561198036774377: Spawned Entity MVS Admin Pouch - Snow (MVS_Pouch_Base<6c4a5d50>, 1000, 100, 0) at <4266.968750, 13.712920, 7303.246094>
[COT 2024-01-18 01:17:25] 76561198036774377: Spawned Entity MVS Admin Pouch - Snow (MVS_Pouch_Base<6c4a68e0>, 1000, 100, 0) at <4267.047363, 13.817821, 7303.295898>
[COT 2024-01-18 01:17:26] 76561198036774377: Spawned Entity MVS Admin Pouch - Snow (MVS_Pouch_Base<6c4a2f10>, 1000, 100, 0) at <4267.117188, 13.910160, 7303.339844>
[COT 2024-01-18 01:17:28] 76561198036774377: Spawned Entity MVS Admin Pouch - Snow (MVS_Pouch_Base<6c4a3aa0>, 1000, 100, 0) at <4266.978027, 13.712920, 7302.795410>
[COT 2024-01-18 01:17:28] 76561198036774377: Spawned Entity MVS Admin Pouch - Snow (MVS_Pouch_Base<6c4a51c0>, 1000, 100, 0) at <4267.054688, 13.817821, 7302.869629>
[COT 2024-01-18 01:17:28] 76561198036774377: Spawned Entity MVS Admin Pouch - Snow (MVS_Pouch_Base<6c4a4630>, 1000, 100, 0) at <4267.116211, 13.900907, 7302.928711>
[COT 2024-01-18 01:17:33] 76561198036774377: Spawned Entity MVS Heavy LMG Pouch - Snow (MVS_Pouch_Base<3d4ea880>, 1000, 100, 0) at <4267.591797, 13.712920, 7302.820313>
[COT 2024-01-18 01:17:33] 76561198036774377: Spawned Entity MVS Heavy LMG Pouch - Snow (MVS_Pouch_Base<3d4ee250>, 1000, 100, 0) at <4267.627930, 13.817821, 7302.885742>
[COT 2024-01-18 01:17:33] 76561198036774377: Spawned Entity MVS Heavy LMG Pouch - Snow (MVS_Pouch_Base<3d4e9cf0>, 1000, 100, 0) at <4267.664551, 13.922720, 7302.951660>
[COT 2024-01-18 01:17:33] 76561198036774377: Spawned Entity MVS Heavy LMG Pouch - Snow (MVS_Pouch_Base<3d4f9b50>, 1000, 100, 0) at <4267.701172, 14.027620, 7303.017578>
[COT 2024-01-18 01:17:34] 76561199108250772: Spawned Entity Sewing Kit (SewingKit<3d4fe0b0>, 100, 50, 0) at <9582.638672, 26.101170, 8931.599609>
[COT 2024-01-18 01:17:34] 76561199108250772: Spawned Entity Sewing Kit (SewingKit<3d4f78a0>, 100, 50, 0) at <9582.661133, 26.140007, 8931.590820>
[COT 2024-01-18 01:17:34] 76561198036774377: Spawned Entity MVS Heavy LMG Pouch - Snow (MVS_Pouch_Base<3d4fbe00>, 1000, 100, 0) at <4267.395996, 13.712920, 7302.029297>
[COT 2024-01-18 01:17:35] 76561198036774377: Spawned Entity MVS Heavy LMG Pouch - Snow (MVS_Pouch_Base<3d4fa6e0>, 1000, 100, 0) at <4267.443848, 13.814428, 7302.140625>
[COT 2024-01-18 01:17:35] 76561198036774377: Spawned Entity MVS Heavy LMG Pouch - Snow (MVS_Pouch_Base<3d503d30>, 1000, 100, 0) at <4267.477051, 13.883554, 7302.216797>
[COT 2024-01-18 01:17:35] 76561198036774377: Spawned Entity MVS Heavy LMG Pouch - Snow (MVS_Pouch_Base<3d4fec40>, 1000, 100, 0) at <4267.512207, 13.957780, 7302.298340>
[COT 2024-01-18 01:17:37] 76561198036774377: Spawned Entity MVS Heavy LMG Pouch - Snow (MVS_Pouch_Base<3d505fe0>, 1000, 100, 0) at <4267.126953, 13.712920, 7302.350098>
[COT 2024-01-18 01:17:37] 76561198036774377: Spawned Entity MVS Heavy LMG Pouch - Snow (MVS_Pouch_Base<3d4ff7d0>, 1000, 100, 0) at <4267.177734, 13.793539, 7302.425781>
[COT 2024-01-18 01:17:37] 76561198036774377: Spawned Entity MVS Heavy LMG Pouch - Snow (MVS_Pouch_Base<3d50b0d0>, 1000, 100, 0) at <4267.245117, 13.898439, 7302.524902>
[COT 2024-01-18 01:17:37] 76561198036774377: Spawned Entity MVS Heavy LMG Pouch - Snow (MVS_Pouch_Base<3d50bc60>, 1000, 100, 0) at <4267.294922, 13.976277, 7302.598145>
[COT 2024-01-18 01:17:41] 76561198036774377: Spawned Entity MVS Utility Pouch - Snow (MVS_Pouch_Base<3d50c7f0>, 1000, 100, 0) at <4267.823242, 13.707109, 7303.301270>
[COT 2024-01-18 01:17:41] 76561198036774377: Spawned Entity MVS Utility Pouch - Snow (MVS_Pouch_Base<3d507700>, 1000, 100, 0) at <4267.842773, 13.805220, 7303.333008>
[COT 2024-01-18 01:17:41] 76561198036774377: Spawned Entity MVS Utility Pouch - Snow (MVS_Pouch_Base<3d508290>, 1000, 100, 0) at <4267.861816, 13.902959, 7303.364258>
[COT 2024-01-18 01:17:43] 76561198036774377: Spawned Entity MVS Utility Pouch - Snow (MVS_Pouch_Base<f32b4fb0>, 1000, 100, 0) at <4267.915527, 13.707109, 7303.087891>
[COT 2024-01-18 01:17:43] 76561198036774377: Spawned Entity MVS Utility Pouch - Snow (MVS_Pouch_Base<f32bfd20>, 1000, 100, 0) at <4267.930664, 13.805126, 7303.128418>
[COT 2024-01-18 01:17:43] 76561198036774377: Spawned Entity MVS Utility Pouch - Snow (MVS_Pouch_Base<4f1f3760>, 1000, 100, 0) at <4267.945313, 13.903900, 7303.169434>
[COT 2024-01-18 01:17:47] 76561198036774377: Spawned Entity MVS Medical Pouch - Snow (MVS_Pouch_Base<33c6bf00>, 1000, 100, 0) at <4268.122559, 13.712920, 7302.577637>
[COT 2024-01-18 01:17:48] 76561198036774377: Spawned Entity MVS Medical Pouch - Snow (MVS_Pouch_Base<33c7e010>, 1000, 100, 0) at <4268.127441, 13.814492, 7302.646973>
[COT 2024-01-18 01:17:48] 76561198036774377: Spawned Entity MVS Medical Pouch - Snow (MVS_Pouch_Base<33c88d80>, 1000, 100, 0) at <4268.131836, 13.899192, 7302.704590>
[COT 2024-01-18 01:17:51] 76561198036774377: Spawned Entity MVS Medical Pouch - Snow (MVS_Pouch_Base<33c9a300>, 1000, 100, 0) at <4268.141602, 13.707109, 7302.951172>
[COT 2024-01-18 01:17:51] 76561198036774377: Spawned Entity MVS Medical Pouch - Snow (MVS_Pouch_Base<4c73c5d0>, 1000, 100, 0) at <4268.145508, 13.808681, 7302.996094>
[COT 2024-01-18 01:17:51] 76561198036774377: Spawned Entity MVS Medical Pouch - Snow (MVS_Pouch_Base<4c745090>, 1000, 100, 0) at <4268.149414, 13.910254, 7303.041016>
[COT 2024-01-18 01:17:55] 76561198036774377: Spawned Entity MVS Combat Helmet - Snow (Mich2001Helmet<4c73ffa0>, 1000, 50, 0) at <4268.668945, 13.707109, 7302.681641>
[COT 2024-01-18 01:18:00] 76561198036774377: Spawned Entity MVS Combat Helmet - Snow (Mich2001Helmet<4c747ed0>, 1000, 50, 0) at <4268.369141, 13.712921, 7302.369629>
[COT 2024-01-18 01:18:02] 76561199108250772: Spawned Entity Leather Sewing Kit (LeatherSewingKit<4c752c40>, 100, 100, 0) at <9582.008789, 26.073740, 8931.576172>
[COT 2024-01-18 01:18:02] 76561199108250772: Spawned Entity Leather Sewing Kit (LeatherSewingKit<4c762aa0>, 100, 100, 0) at <9582.090820, 26.160820, 8931.558594>
[COT 2024-01-18 01:18:05] 76561198036774377: Spawned Entity MVS High Cut Helmet - Snow (Mich2001Helmet<4c763630>, 1000, 50, 0) at <4268.884766, 13.707109, 7302.222168>
[COT 2024-01-18 01:18:09] 76561198036774377: Spawned Entity MVS Armored Helmet - Snow (Mich2001Helmet<803a2390>, 1000, 100, 0) at <4269.145508, 13.707110, 7302.633301>
[COT 2024-01-18 01:18:14] 76561199108250772: Spawned Entity Gun Cleaning Kit (WeaponCleaningKit<2c6ed6c0>, 100, 100, 0) at <9582.488281, 26.073740, 8932.089844>
[COT 2024-01-18 01:18:14] 76561199108250772: Spawned Entity Gun Cleaning Kit (WeaponCleaningKit<2c6eede0>, 100, 100, 0) at <9582.563477, 26.175941, 8932.040039>
[COT 2024-01-18 01:18:18] 76561198036774377: Spawned Entity MVS Warrior Helmet - Snow (Mich2001Helmet<2c6f0500>, 1000, 100, 0) at <4268.836426, 13.707109, 7302.988770>
[COT 2024-01-18 01:18:23] 76561199108250772: Spawned Entity Rope (Rope<2c6f9b50>, 100, 200, 0) at <9582.488281, 26.073740, 8932.089844>
[COT 2024-01-18 01:18:23] 76561199108250772: Spawned Entity Rope (Rope<2c6f3340>, 100, 200, 0) at <9582.510742, 26.105219, 8932.075195>
[COT 2024-01-18 01:18:23] 76561198036774377: Spawned Entity MVS Raider Pack - Snow (MountainBag_ColorBase<2c6fa6e0>, 1000, 300, 0) at <4269.112305, 13.707110, 7303.003418>
[COT 2024-01-18 01:18:24] 76561199108250772: Spawned Entity Rope (Rope<2c71af30>, 100, 200, 0) at <9582.534180, 26.136698, 8932.059570>
[COT 2024-01-18 01:18:24] 76561199108250772: Spawned Entity Rope (Rope<2c71f490>, 100, 200, 0) at <9582.557617, 26.168179, 8932.043945>
[COT 2024-01-18 01:18:29] 76561198036774377: Spawned Entity MVS Compact Pack 1 - Snow (MountainBag_ColorBase<1f6fa9d0>, 1000, 300, 0) at <4269.566406, 13.707109, 7303.175293>
[COT 2024-01-18 01:18:30] 76561199108250772: Spawned Entity 9V Battery (Battery9V<1f6c8070>, 50, 20, 0) at <9582.581055, 26.199657, 8932.028320>
[COT 2024-01-18 01:18:30] 76561199108250772: Spawned Entity 9V Battery (Battery9V<1f6d3970>, 50, 20, 0) at <9582.615234, 26.246805, 8932.004883>
[COT 2024-01-18 01:18:31] 76561199108250772: Spawned Entity 9V Battery (Battery9V<1f6cdcf0>, 50, 20, 0) at <9582.660156, 26.307583, 8931.974609>
[COT 2024-01-18 01:18:31] 76561199108250772: Spawned Entity 9V Battery (Battery9V<1f6dad10>, 50, 20, 0) at <9582.700195, 26.361176, 8931.948242>
[COT 2024-01-18 01:18:34] 76561198036774377: Spawned Entity MVS Compact Pack 2 - Snow (MountainBag_ColorBase<1f6d7ed0>, 1000, 300, 0) at <4269.406250, 13.707109, 7303.452637>
[COT 2024-01-18 01:18:41] 76561198036774377: Spawned Entity MVS Rucksack - Snow (MountainBag_ColorBase<27a768e0>, 1000, 300, 0) at <4270.016602, 13.707109, 7303.343262>
[COT 2024-01-18 01:18:45] 76561198036774377: Spawned Entity MVS Combat Pack - Snow (MountainBag_ColorBase<31a32210>, 1000, 300, 0) at <4269.843262, 13.707109, 7302.552246>
[COT 2024-01-18 01:18:49] 76561198036774377: Spawned Entity MVS Combat Belt - Snow (Modular_Belt_Base<31a586e0>, 1000, 100, 0) at <4270.308594, 13.707109, 7302.800293>
[COT 2024-01-18 01:18:55] 76561198036774377: Spawned Entity MVS Holster - Snow (PlateCarrierHolster<365d1e70>, 1000, 100, 0) at <4270.175781, 13.832522, 7302.855469>
[COT 2024-01-18 01:18:55] 76561198036774377: Spawned Entity MVS Holster - Snow (PlateCarrierHolster<365e56a0>, 1000, 100, 0) at <4270.093750, 13.910187, 7302.890137>
[COT 2024-01-18 01:18:55] 76561198036774377: Spawned Entity MVS Holster - Snow (PlateCarrierHolster<365f9a60>, 1000, 100, 0) at <4270.028809, 13.971732, 7302.916992>
[COT 2024-01-18 01:19:00] 76561198036774377: Spawned Entity MVS Sheath - Snow (NylonKnifeSheath<52af9090>, 1000, 100, 0) at <4269.735840, 13.707109, 7304.161621>
[COT 2024-01-18 01:19:00] 76561198036774377: Spawned Entity MVS Sheath - Snow (NylonKnifeSheath<52b0dfe0>, 1000, 100, 0) at <4269.735840, 13.707109, 7304.161621>
[COT 2024-01-18 01:19:00] 76561198036774377: Spawned Entity MVS Sheath - Snow (NylonKnifeSheath<52b119b0>, 1000, 100, 0) at <4269.735840, 13.707109, 7304.161621>
[COT 2024-01-18 01:19:05] 76561198036774377: Spawned Entity S10 Respirator - Snow (GP5GasMask<8e46b0a0>, 1000, 100, 0) at <4269.295898, 13.707109, 7304.536621>
[COT 2024-01-18 01:19:05] 76561198036774377: Spawned Entity S10 Respirator - Snow (GP5GasMask<8e475e10>, 1000, 100, 0) at <4269.295898, 13.707109, 7304.536621>
[COT 2024-01-18 01:19:10] 76561198036774377: Spawned Entity M50 Respirator - Snow (GP5GasMask<8e472440>, 1000, 100, 0) at <4268.756348, 13.707110, 7304.810547>
[COT 2024-01-18 01:19:11] 76561198036774377: Spawned Entity M50 Respirator - Snow (GP5GasMask<8e472fd0>, 1000, 100, 0) at <4268.756348, 13.707110, 7304.810547>
[COT 2024-01-18 01:19:17] 76561198036774377: Spawned Entity MVS Balaclava - Snow (BalaclavaMask_ColorBase<8e473b60>, 1000, 100, 0) at <4268.523926, 13.707109, 7305.180664>
[COT 2024-01-18 01:19:17] 76561198036774377: Spawned Entity MVS Balaclava - Snow (BalaclavaMask_ColorBase<8e47ba90>, 1000, 100, 0) at <4268.523926, 13.707109, 7305.180664>
[COT 2024-01-18 01:19:17] 76561198036774377: Spawned Entity MVS Balaclava - Snow (BalaclavaMask_ColorBase<8e47d1b0>, 1000, 100, 0) at <4268.523926, 13.707109, 7305.180664>
[COT 2024-01-18 01:19:17] 76561198036774377: Spawned Entity MVS Balaclava - Snow (BalaclavaMask_ColorBase<8e47e8d0>, 1000, 100, 0) at <4268.523926, 13.707109, 7305.180664>
[COT 2024-01-18 01:19:17] 76561198036774377: Spawned Entity MVS Balaclava - Snow (BalaclavaMask_ColorBase<8e4850e0>, 1000, 100, 0) at <4268.523926, 13.707109, 7305.180664>
[COT 2024-01-18 01:19:23] 76561198036774377: Spawned Entity MVS Facemask - Snow (BalaclavaMask_ColorBase<8e485c70>, 1000, 100, 0) at <4268.223633, 13.707109, 7305.404297>
[COT 2024-01-18 01:19:23] 76561198036774377: Spawned Entity MVS Facemask - Snow (BalaclavaMask_ColorBase<8e482e30>, 1000, 100, 0) at <4268.223633, 13.707109, 7305.404297>
[COT 2024-01-18 01:19:24] 76561198036774377: Spawned Entity MVS Facemask - Snow (BalaclavaMask_ColorBase<8e484550>, 1000, 100, 0) at <4268.223633, 13.707109, 7305.404297>
[COT 2024-01-18 01:19:32] 76561198036774377: Spawned Entity MVS Patrol Cap - Snow (Clothing<871aeb10>, 1000, 100, 0) at <4269.590820, 13.707109, 7305.330566>
[COT 2024-01-18 01:19:36] 76561198036774377: Spawned Entity MVS Combat Pants - Snow (BDUPants<871b4790>, 1000, 100, 0) at <4269.128418, 13.707109, 7305.783203>
[COT 2024-01-18 01:19:37] 76561198036774377: Spawned Entity MVS Combat Pants - Snow (BDUPants<871b8160>, 1000, 100, 0) at <4269.092773, 13.912927, 7305.560059>
[COT 2024-01-18 01:19:37] 76561198036774377: Spawned Entity MVS Combat Pants - Snow (BDUPants<871b5eb0>, 1000, 100, 0) at <4269.057617, 14.116571, 7305.339355>
[COT 2024-01-18 01:19:42] 76561198036774377: Spawned Entity MVS Combat Shirt - Snow (TacticalShirt_ColorBase<871b9880>, 1000, 100, 0) at <4268.293945, 13.707109, 7306.449707>
[COT 2024-01-18 01:19:43] 76561198036774377: Spawned Entity MVS Combat Shirt - Snow (TacticalShirt_ColorBase<871b8cf0>, 1000, 100, 0) at <4268.320801, 13.799400, 7306.318359>
[COT 2024-01-18 01:19:43] 76561198036774377: Spawned Entity MVS Combat Shirt - Snow (TacticalShirt_ColorBase<871b3070>, 1000, 100, 0) at <4268.348145, 13.891691, 7306.186523>
[COT 2024-01-18 01:19:49] 76561198036774377: Spawned Entity MVS Gorka Pants - Snow (GorkaPants_Flat<871b3c00>, 1000, 130, 0) at <4266.698242, 13.707109, 7304.190430>
[COT 2024-01-18 01:19:52] 76561198036774377: Spawned Entity MVS Gorka Top - Snow (GorkaEJacket_Flat<871b6a40>, 1000, 130, 0) at <4266.751465, 13.707109, 7304.622070>
[COT 2024-01-18 01:19:59] 76561198036774377: Spawned Entity MVS BDU Top - Snow (TacticalShirt_Olive<871cf360>, 1000, 90, 0) at <4266.895996, 13.849586, 7304.585938>
[COT 2024-01-18 01:19:59] 76561198036774377: Spawned Entity MVS BDU Top - Snow (TacticalShirt_Olive<871db7f0>, 1000, 90, 0) at <4267.038574, 13.989759, 7304.550781>
[COT 2024-01-18 01:20:03] 76561198036774377: Spawned Entity MVS BDU Pants - Snow (CargoPants_Beige<871bd250>, 1000, 100, 0) at <4265.916992, 13.712920, 7302.879395>
[COT 2024-01-18 01:20:03] 76561198036774377: Spawned Entity MVS BDU Pants - Snow (CargoPants_Beige<871cd0b0>, 1000, 100, 0) at <4266.063965, 13.817145, 7302.954590>
[COT 2024-01-18 01:20:22] 76561198036774377: Spawned Entity MVS Country Flag - United States (Clothing<871d5b70>, 1000, 100, 0) at <4268.288574, 13.707109, 7304.627441>
[COT 2024-01-18 01:20:22] 76561198036774377: Spawned Entity MVS Country Flag - United States (Clothing<871ddaa0>, 1000, 100, 0) at <4268.288574, 13.707109, 7304.627441>
[COT 2024-01-18 01:20:23] 76561198036774377: Spawned Entity MVS Country Flag - United States (Clothing<871d7e20>, 1000, 100, 0) at <4268.288574, 13.707109, 7304.627441>
[COT 2024-01-18 01:20:23] 76561198036774377: Spawned Entity MVS Country Flag - United States (Clothing<871d89b0>, 1000, 100, 0) at <4268.288574, 13.707109, 7304.627441>
[COT 2024-01-18 01:20:23] 76561198036774377: Spawned Entity MVS Country Flag - United States (Clothing<871d6700>, 1000, 100, 0) at <4268.288574, 13.707109, 7304.627441>
[COT 2024-01-18 01:20:23] 76561198036774377: Spawned Entity MVS Country Flag - United States (Clothing<871df1c0>, 1000, 100, 0) at <4268.288574, 13.707109, 7304.627441>
[COT 2024-01-18 01:20:23] 76561198036774377: Spawned Entity MVS Country Flag - United States (Clothing<871d9540>, 1000, 100, 0) at <4268.288574, 13.707109, 7304.627441>
[COT 2024-01-18 01:20:24] 76561198036774377: Spawned Entity MVS Country Flag - United States (Clothing<871dfd50>, 1000, 100, 0) at <4268.288574, 13.707109, 7304.627441>
[COT 2024-01-18 01:20:24] 76561198036774377: Spawned Entity MVS Country Flag - United States (Clothing<871e4e40>, 1000, 100, 0) at <4268.288574, 13.707109, 7304.627441>
[COT 2024-01-18 01:20:24] 76561198036774377: Spawned Entity MVS Country Flag - United States (Clothing<871e2000>, 1000, 100, 0) at <4268.288574, 13.707109, 7304.627441>
[COT 2024-01-18 01:20:25] 76561198036774377: Spawned Entity MVS Country Flag - United States (Clothing<5979f370>, 1000, 100, 0) at <4268.288574, 13.707109, 7304.627441>
[COT 2024-01-18 01:20:25] 76561198036774377: Spawned Entity MVS Country Flag - United States (Clothing<ee7af310>, 1000, 100, 0) at <4268.288574, 13.707109, 7304.627441>
[COT 2024-01-18 01:20:25] 76561198036774377: Spawned Entity MVS Country Flag - United States (Clothing<ee7e10e0>, 1000, 100, 0) at <4268.288574, 13.707109, 7304.627441>
[COT 2024-01-18 01:20:25] 76561198036774377: Spawned Entity MVS Country Flag - United States (Clothing<ee7e9010>, 1000, 100, 0) at <4268.288574, 13.707109, 7304.627441>
[COT 2024-01-18 01:20:26] 76561198036774377: Spawned Entity MVS Country Flag - United States (Clothing<ee7d1280>, 1000, 100, 0) at <4268.288574, 13.707109, 7304.627441>
[COT 2024-01-18 01:20:26] 76561198036774377: Spawned Entity MVS Country Flag - United States (Clothing<ee7cefd0>, 1000, 100, 0) at <4268.288574, 13.707109, 7304.627441>
[COT 2024-01-18 01:20:26] 76561198036774377: Spawned Entity MVS Country Flag - United States (Clothing<490dc2c0>, 1000, 100, 0) at <4268.288574, 13.707109, 7304.627441>
[COT 2024-01-18 01:20:27] 76561198036774377: Spawned Entity MVS Country Flag - United States (Clothing<490da010>, 1000, 100, 0) at <4268.288574, 13.707109, 7304.627441>
[COT 2024-01-18 01:20:54] 76561198036774377: Spawned Entity Fire Barrel (BarrelHoles_Green<a7549a90>, 100, 900, 0) at <4272.467773, 13.707109, 7300.038086>
[COT 2024-01-18 01:21:38] 76561198036774377: Spawned Entity Short Stick (WoodenStick<8771fec0>, 5, 50, 0) at <4271.729004, 13.712920, 7299.343262>
[COT 2024-01-18 01:21:38] 76561198036774377: Spawned Entity Short Stick (WoodenStick<45a6dec0>, 5, 50, 0) at <4271.698730, 13.784108, 7299.369629>
[COT 2024-01-18 01:21:38] 76561198036774377: Spawned Entity Short Stick (WoodenStick<45a68dd0>, 5, 50, 0) at <4271.673340, 13.842824, 7299.390625>
[COT 2024-01-18 01:21:38] 76561198036774377: Spawned Entity Short Stick (WoodenStick<45a676b0>, 5, 50, 0) at <4271.646484, 13.906102, 7299.414063>
[COT 2024-01-18 01:21:38] 76561198036774377: Spawned Entity Short Stick (WoodenStick<45a780a0>, 5, 50, 0) at <4271.620117, 13.967218, 7299.436035>
[COT 2024-01-18 01:21:39] 76561198036774377: Spawned Entity Short Stick (WoodenStick<45a76980>, 5, 50, 0) at <4271.589355, 14.039291, 7299.462402>
[COT 2024-01-18 01:21:39] 76561198036774377: Spawned Entity Short Stick (WoodenStick<45a71890>, 5, 50, 0) at <4271.559082, 14.110843, 7299.488770>
[COT 2024-01-18 01:21:39] 76561198036774377: Spawned Entity Short Stick (WoodenStick<45a77510>, 5, 50, 0) at <4271.528320, 14.182277, 7299.514648>
[COT 2024-01-18 01:21:39] 76561198036774377: Spawned Entity Short Stick (WoodenStick<45a73b40>, 5, 50, 0) at <4271.501465, 14.245449, 7299.537598>
[COT 2024-01-18 01:21:39] 76561198036774377: Spawned Entity Short Stick (WoodenStick<45a839a0>, 5, 50, 0) at <4271.470703, 14.317060, 7299.563965>
[COT 2024-01-18 01:21:40] 76561198036774377: Spawned Entity Short Stick (WoodenStick<45a80b60>, 5, 50, 0) at <4271.439941, 14.389142, 7299.590332>
[COT 2024-01-18 01:21:40] 76561198036774377: Spawned Entity Short Stick (WoodenStick<45a7dd20>, 5, 50, 0) at <4271.409180, 14.461226, 7299.616699>
[COT 2024-01-18 01:21:40] 76561198036774377: Spawned Entity Short Stick (WoodenStick<45a8b8d0>, 5, 50, 0) at <4271.377930, 14.533929, 7299.643066>
[COT 2024-01-18 01:22:00] 76561198036774377: Spawned Entity Firewood (Firewood<39ac8b60>, 1, 500, 0) at <4273.109863, 13.707109, 7300.471680>
[COT 2024-01-18 01:22:00] 76561198036774377: Spawned Entity Firewood (Firewood<39ac3a70>, 1, 500, 0) at <4273.074219, 13.883721, 7300.520508>
[COT 2024-01-18 01:22:00] 76561198036774377: Spawned Entity Firewood (Firewood<39ac68b0>, 1, 500, 0) at <4273.038574, 14.060333, 7300.568848>
[COT 2024-01-18 01:22:00] 76561198036774377: Spawned Entity Firewood (Firewood<39acdc50>, 1, 500, 0) at <4273.002930, 14.236944, 7300.617188>
[COT 2024-01-18 01:22:01] 76561198036774377: Spawned Entity Firewood (Firewood<566d1390>, 1, 500, 0) at <4272.967773, 14.413555, 7300.665527>
[COT 2024-01-18 01:22:01] 76561198036774377: Spawned Entity Firewood (Firewood<566cce30>, 1, 500, 0) at <4272.932129, 14.590166, 7300.714355>
[COT 2024-01-18 01:22:01] 76561198036774377: Spawned Entity Firewood (Firewood<566ce550>, 1, 500, 0) at <4272.896484, 14.766778, 7300.762695>
[COT 2024-01-18 01:22:01] 76561198036774377: Spawned Entity Firewood (Firewood<566cf0e0>, 1, 500, 0) at <4272.860840, 14.943390, 7300.811035>
[COT 2024-01-18 01:22:01] 76561198036774377: Spawned Entity Firewood (Firewood<566d8730>, 1, 500, 0) at <4272.825195, 15.120001, 7300.859375>
[COT 2024-01-18 01:22:01] 76561198036774377: Spawned Entity Firewood (Firewood<566d92c0>, 1, 500, 0) at <4272.789551, 15.296611, 7300.908203>
[COT 2024-01-18 01:22:05] 76561198036774377: Spawned Entity Firewood (Firewood<566da9e0>, 1, 500, 0) at <4273.482910, 13.707109, 7300.580566>
[COT 2024-01-18 01:22:05] 76561198036774377: Spawned Entity Firewood (Firewood<5669c780>, 1, 500, 0) at <4273.458008, 13.883720, 7300.672852>
[COT 2024-01-18 01:22:05] 76561198036774377: Spawned Entity Firewood (Firewood<566a2f90>, 1, 500, 0) at <4273.433594, 14.060332, 7300.765137>
[COT 2024-01-18 01:22:05] 76561198036774377: Spawned Entity Firewood (Firewood<5669f5c0>, 1, 500, 0) at <4273.408691, 14.236944, 7300.857422>
[COT 2024-01-18 01:22:06] 76561198036774377: Spawned Entity Firewood (Firewood<5669d310>, 1, 500, 0) at <4273.383789, 14.414515, 7300.950684>
[COT 2024-01-18 01:22:06] 76561198036774377: Spawned Entity Firewood (Firewood<566a0150>, 1, 500, 0) at <4273.358887, 14.591125, 7301.042969>
[COT 2024-01-18 01:22:06] 76561198036774377: Spawned Entity Firewood (Firewood<566aba50>, 1, 500, 0) at <4273.333984, 14.767738, 7301.135254>
[COT 2024-01-18 01:22:06] 76561198036774377: Spawned Entity Firewood (Firewood<566a5240>, 1, 500, 0) at <4273.309570, 14.944634, 7301.228027>
[COT 2024-01-18 01:22:06] 76561198036774377: Spawned Entity Firewood (Firewood<566a8c10>, 1, 500, 0) at <4273.284668, 15.121246, 7301.320313>
[COT 2024-01-18 01:22:44] 76561199108250772: Spawned Entity #STR_EXPANSION_ADMIN #STR_EXPANSION_CAR_KEYS (ExpansionCarAdminKey<932db890>, 100, 100, 0) at <9539.424805, 23.116577, 8930.411133>
[COT 2024-01-18 01:22:44] 76561199108250772: Spawned Entity #STR_EXPANSION_ADMIN #STR_EXPANSION_CAR_KEYS (ExpansionCarAdminKey<932e2c30>, 100, 100, 0) at <9539.427734, 23.128754, 8930.409180>
[COT 2024-01-18 01:24:30] 76561199407766611: Spawned Entity Hardigg 2.5 (hardigg3_mung<3cffd330>, 100, 1.21575e+09, 0) at <8339.723633, 122.308800, 10906.201172>
[COT 2024-01-18 01:24:37] 76561198036774377: Teleported to position <5659.985352, 28.709999, 5402.480469>
[COT 2024-01-18 01:24:40] 76561199407766611: Deleted Entity hardigg3_mung:37772 at <8339.723633, 122.331726, 10906.201172>
[COT 2024-01-18 01:24:47] 76561199407766611: Spawned Entity Hardigg 2.5 (hardigg3_mung<5494460>, 100, 1.21575e+09, 0) at <8341.548828, 122.308800, 10904.503906>
[COT 2024-01-18 01:24:50] 76561199407766611: Spawned Entity Hardigg 2.5 (hardigg3_mung<549a0e0>, 100, 1.21575e+09, 0) at <8346.818359, 122.308800, 10903.907227>
[COT 2024-01-18 01:24:52] 76561199407766611: Spawned Entity Hardigg 2.5 (hardigg3_mung<549ac70>, 100, 1.21575e+09, 0) at <8355.264648, 122.308800, 10904.168945>
[COT 2024-01-18 01:25:29] 76561199407766611: Spawned Entity Large Safe (ExpansionSafeLarge<2f0c65c0>, 100, 20000, 0) at <8362.533203, 122.308800, 10903.960938>
[COT 2024-01-18 01:25:31] 76561199407766611: Spawned Entity Large Safe (ExpansionSafeLarge<2f0f60e0>, 100, 20000, 0) at <8361.865234, 122.308800, 10900.009766>
[COT 2024-01-18 01:25:39] 76561198036774377: Teleported to <6683.297852, 177.433609, 3435.788574> [guid=ebo0O4yOjYkK486s9SoqLuFc3tRe1vP1S2eE1IJxhV4=]
[COT 2024-01-18 01:25:51] 76561199407766611: Set GodMode To true [guid=spMEkRl42onhFHdF_u42e0T03x2sj347kUc600NXdGA=]
[COT 2024-01-18 01:25:51] 76561199407766611: Set Invisibility To 1 [guid=spMEkRl42onhFHdF_u42e0T03x2sj347kUc600NXdGA=]
[COT 2024-01-18 01:25:52] 76561199407766611: Set UnlimitedAmmo To true [guid=spMEkRl42onhFHdF_u42e0T03x2sj347kUc600NXdGA=]
[COT 2024-01-18 01:25:54] 76561199407766611: Set UnlimitedStamina To true [guid=spMEkRl42onhFHdF_u42e0T03x2sj347kUc600NXdGA=]
[COT 2024-01-18 01:25:58] 76561199407766611: Teleported to position <2823.028320, 5.300000, 6191.742188>
[COT 2024-01-18 01:26:26] 76561199407766611: Set GodMode To false [guid=spMEkRl42onhFHdF_u42e0T03x2sj347kUc600NXdGA=]
[COT 2024-01-18 01:26:28] 76561199407766611: Set UnlimitedStamina To false [guid=spMEkRl42onhFHdF_u42e0T03x2sj347kUc600NXdGA=]
[COT 2024-01-18 01:26:28] 76561199407766611: Set UnlimitedAmmo To false [guid=spMEkRl42onhFHdF_u42e0T03x2sj347kUc600NXdGA=]
[COT 2024-01-18 01:26:28] 76561199407766611: Healed [guid=spMEkRl42onhFHdF_u42e0T03x2sj347kUc600NXdGA=]
[COT 2024-01-18 01:26:30] 76561199407766611: Stripped [guid=spMEkRl42onhFHdF_u42e0T03x2sj347kUc600NXdGA=]
[COT 2024-01-18 01:26:38] 76561199407766611: Spawned Entity 42 MA TShirt (DOC_TSHIRT_42<4bf0ae40>, 100, 50, 0) at <2894.582031, 7.000199, 6212.730469>
[COT 2024-01-18 01:26:39] 76561199407766611: Spawned Entity 42 MA Jeans (DOC_Jeans_Red42<4bf09720>, 100, 110, 0) at <2894.480957, 7.017571, 6212.537598>
[COT 2024-01-18 01:26:43] 76561199407766611: Spawned Entity 42MA Pistol Suppressor (ItemSuppressor<932c8060>, 100, 1800, 0) at <2894.388428, 7.033281, 6212.391602>
[COT 2024-01-18 01:26:44] 76561199407766611: Spawned Entity 42 Glocks After (DOC_42MA_GLOCK1<81ad18e0>, 100, 2800, 0) at <2894.375244, 7.035454, 6212.368164>
[COT 2024-01-18 01:26:47] 76561199407766611: Spawned Entity 42 Glocks After Mag (DOC_42MA_GLOCK_MAG<932cdce0>, 42, 100, 0) at <2894.364502, 7.037616, 6212.328613>
[COT 2024-01-18 01:26:48] 76561199407766611: Spawned Entity 42 Glocks After Mag (DOC_42MA_GLOCK_MAG<932ca310>, 42, 100, 0) at <2894.323975, 7.044141, 6212.261230>
[COT 2024-01-18 01:26:56] 76561198036774377: Entered the Free Camera
[COT 2024-01-18 01:27:05] 76561198036774377: Deleted Entity ExpansionFloor6x6:24123 at <6678.164063, 181.670059, 3435.811035>
[COT 2024-01-18 01:27:22] 76561199407766611: Teleported to position <7511.847168, 2.900764, 1563.103516>
[COT 2024-01-18 01:27:25] 76561198036774377: Spawned Entity Roof Kit (ExpansionRoofKit<33f302a0>, 100, 100, 0) at <6678.916504, 177.433640, 3431.154297>
[COT 2024-01-18 01:27:32] 76561198036774377: Spawned Entity Wall Kit (ExpansionWallKit<3e80df90>, 100, 100, 0) at <6679.093262, 177.433640, 3430.975586>
[COT 2024-01-18 01:27:33] 76561198036774377: Spawned Entity Wall Kit (ExpansionWallKit<3e815330>, 100, 100, 0) at <6679.129883, 177.594574, 3431.002441>
[COT 2024-01-18 01:27:33] 76561198036774377: Spawned Entity Wall Kit (ExpansionWallKit<3e818170>, 100, 100, 0) at <6679.166992, 177.755508, 3431.029297>
[COT 2024-01-18 01:27:35] 76561198036774377: Spawned Entity Wall Kit (ExpansionWallKit<3e81c6d0>, 100, 100, 0) at <6679.217773, 177.976624, 3431.066406>
[COT 2024-01-18 01:27:54] 76561199407766611: Healed [guid=spMEkRl42onhFHdF_u42e0T03x2sj347kUc600NXdGA=]
[COT 2024-01-18 01:27:54] 76561199407766611: Set BloodyHands To false [guid=spMEkRl42onhFHdF_u42e0T03x2sj347kUc600NXdGA=]
[COT 2024-01-18 01:27:56] 76561199407766611: Set remove collision to false [guid=spMEkRl42onhFHdF_u42e0T03x2sj347kUc600NXdGA=]
[COT 2024-01-18 01:27:57] 76561199407766611: Set Invisibility To 0 [guid=spMEkRl42onhFHdF_u42e0T03x2sj347kUc600NXdGA=]
[COT 2024-01-18 01:27:59] 76561198036774377: Left the Free Camera
[COT 2024-01-18 01:28:08] 76561198036774377: Teleported to position <5639.924316, 28.709999, 5374.715820>
[COT 2024-01-18 01:28:14] 76561199407766611: Spawned Entity Running Shoes (JoggingShoes_Red<f2aab8e0>, 100, 50, 0) at <7529.173340, 2.847073, 1575.673584>
[COT 2024-01-18 01:28:34] 76561198036774377: Deleted Entity Flag_DayZ:16533 at <5647.602051, 28.807629, 5405.251953>
[COT 2024-01-18 01:28:35] 76561198036774377: Deleted Entity Stone:9083 at <5647.602051, 28.783152, 5405.251953>
[COT 2024-01-18 01:28:38] 76561198036774377: Deleted Entity Stone:28373 at <5647.602051, 28.783152, 5405.251953>
[COT 2024-01-18 01:28:39] 76561198036774377: Deleted Entity Stone:20173 at <5647.602051, 28.783152, 5405.251953>
[COT 2024-01-18 01:28:40] 76561198036774377: Deleted Entity Stone:25404 at <5647.602051, 28.783152, 5405.251953>
[COT 2024-01-18 01:28:41] 76561198036774377: Deleted Entity Stone:24640 at <5647.602051, 28.783152, 5405.251953>
[COT 2024-01-18 01:28:42] 76561198036774377: Deleted Entity Stone:14703 at <5647.602051, 28.783152, 5405.251953>
[COT 2024-01-18 01:28:43] 76561198036774377: Deleted Entity Stone:24913 at <5647.602051, 28.783152, 5405.251953>
[COT 2024-01-18 01:28:45] 76561198036774377: Deleted Entity Stone:20081 at <5647.602051, 28.783152, 5405.251953>
[COT 2024-01-18 01:28:46] 76561198036774377: Deleted Entity Stone:17024 at <5647.602051, 28.783152, 5405.251953>
[COT 2024-01-18 01:28:47] 76561198036774377: Deleted Entity Stone:20323 at <5647.602051, 28.783152, 5405.251953>
[COT 2024-01-18 01:28:48] 76561198036774377: Deleted Entity Stone:24833 at <5647.602051, 28.783152, 5405.251953>
[COT 2024-01-18 01:28:49] 76561198036774377: Deleted Entity Stone:22208 at <5647.602051, 28.783152, 5405.251953>
[COT 2024-01-18 01:28:50] 76561198036774377: Deleted Entity Stone:14421 at <5647.602051, 28.783152, 5405.251953>
[COT 2024-01-18 01:28:51] 76561198036774377: Deleted Entity Stone:11945 at <5647.602051, 28.783152, 5405.251953>
[COT 2024-01-18 01:28:54] 76561198036774377: Deleted Entity Stone:19141 at <5647.602051, 28.783152, 5405.251953>
[COT 2024-01-18 01:28:56] 76561198036774377: Deleted Entity Stone:19815 at <5647.602051, 28.783152, 5405.251953>
[COT 2024-01-18 01:28:57] 76561198036774377: Deleted Entity Stone:25800 at <5647.602051, 28.783152, 5405.251953>
[COT 2024-01-18 01:28:59] 76561198036774377: Deleted Entity Stone:32060 at <5647.602051, 28.783152, 5405.251953>
[COT 2024-01-18 01:29:00] 76561198036774377: Deleted Entity Stone:10220 at <5647.602051, 28.783152, 5405.251953>
[COT 2024-01-18 01:29:01] 76561198036774377: Deleted Entity Stone:31951 at <5647.602051, 28.783152, 5405.251953>
[COT 2024-01-18 01:29:02] 76561198036774377: Deleted Entity Stone:17509 at <5647.602051, 28.783152, 5405.251953>
[COT 2024-01-18 01:29:03] 76561198036774377: Deleted Entity Stone:23404 at <5647.602051, 28.783152, 5405.251953>
[COT 2024-01-18 01:29:04] 76561198036774377: Deleted Entity Stone:31713 at <5647.602051, 28.783152, 5405.251953>
[COT 2024-01-18 01:29:06] 76561198036774377: Deleted Entity Stone:31259 at <5647.602051, 28.783152, 5405.251953>
[COT 2024-01-18 01:29:07] 76561198036774377: Deleted Entity Stone:31751 at <5647.602051, 28.783152, 5405.251953>
[COT 2024-01-18 01:29:08] 76561198036774377: Deleted Entity Stone:27418 at <5647.602051, 28.783152, 5405.251953>
[COT 2024-01-18 01:29:09] 76561198036774377: Deleted Entity Stone:30080 at <5647.602051, 28.783152, 5405.251953>
[COT 2024-01-18 01:29:10] 76561198036774377: Deleted Entity Stone:31788 at <5647.602051, 28.783152, 5405.251953>
[COT 2024-01-18 01:29:11] 76561198036774377: Deleted Entity Stone:30404 at <5647.602051, 28.783152, 5405.251953>
[COT 2024-01-18 01:29:12] 76561198036774377: Deleted Entity Stone:29502 at <5647.602051, 28.783152, 5405.251953>
[COT 2024-01-18 01:29:13] 76561198036774377: Deleted Entity Stone:29539 at <5647.602051, 28.783152, 5405.251953>
[COT 2024-01-18 01:29:14] 76561198036774377: Deleted Entity Stone:16000 at <5647.602051, 28.783152, 5405.251953>
[COT 2024-01-18 01:29:15] 76561198036774377: Deleted Entity WoodenLog:30734 at <5647.602051, 28.816227, 5405.251953>
[COT 2024-01-18 01:29:16] 76561198036774377: Deleted Entity WoodenLog:29578 at <5647.602051, 28.816227, 5405.251953>
[COT 2024-01-18 01:29:17] 76561198036774377: Deleted Entity WoodenLog:23263 at <5647.602051, 28.816227, 5405.251953>
[COT 2024-01-18 01:29:18] 76561198036774377: Deleted Entity WoodenLog:22804 at <5647.602051, 28.816227, 5405.251953>
[COT 2024-01-18 01:29:19] 76561198036774377: Deleted Entity WoodenLog:23812 at <5647.602051, 28.816227, 5405.251953>
[COT 2024-01-18 01:29:22] 76561198036774377: Deleted Entity WoodenLog:31498 at <5647.602051, 28.816227, 5405.251953>
[COT 2024-01-18 01:29:23] 76561198036774377: Deleted Entity WoodenLog:20480 at <5647.602051, 28.816227, 5405.251953>
[COT 2024-01-18 01:29:24] 76561198036774377: Deleted Entity WoodenLog:29882 at <5647.602051, 28.816227, 5405.251953>
[COT 2024-01-18 01:29:25] 76561198036774377: Deleted Entity WoodenLog:29880 at <5647.602051, 28.816227, 5405.251953>
[COT 2024-01-18 01:29:26] 76561198036774377: Deleted Entity WoodenLog:26587 at <5647.602051, 28.816227, 5405.251953>
[COT 2024-01-18 01:29:28] 76561198036774377: Deleted Entity Rope:30284 at <5647.602051, 28.926373, 5405.251953>
[COT 2024-01-18 01:29:30] 76561198036774377: Deleted Entity Hammer:25462 at <5647.602051, 28.860439, 5405.251953>
[COT 2024-01-18 01:29:31] 76561198036774377: Deleted Entity MetalWire:16387 at <5647.602051, 28.978924, 5405.251953>
[COT 2024-01-18 01:29:32] 76561198036774377: Deleted Entity SledgeHammer:32404 at <5647.602051, 28.906857, 5405.251953>
[COT 2024-01-18 01:29:35] 76561198036774377: Deleted Entity Shovel:19654 at <5647.602051, 29.035769, 5405.251953>
[COT 2024-01-18 01:30:09] 76561198036774377: Teleported to position <7502.765137, 5.245906, 1598.450195>
[COT 2024-01-18 01:31:10] 76561198036774377: Teleported to position <5638.805664, 28.709999, 5374.795898>
[COT 2024-01-18 04:09:36] 76561199407766611: Set UnlimitedAmmo To true [guid=spMEkRl42onhFHdF_u42e0T03x2sj347kUc600NXdGA=]
[COT 2024-01-18 04:09:36] 76561199407766611: Set UnlimitedStamina To true [guid=spMEkRl42onhFHdF_u42e0T03x2sj347kUc600NXdGA=]
[COT 2024-01-18 04:09:37] 76561199407766611: Set GodMode To true [guid=spMEkRl42onhFHdF_u42e0T03x2sj347kUc600NXdGA=]
[COT 2024-01-18 04:09:39] 76561199407766611: Stripped [guid=spMEkRl42onhFHdF_u42e0T03x2sj347kUc600NXdGA=]
[COT 2024-01-18 04:09:57] 76561199407766611: Spawned Entity ADMIN GEAR-DOC-TOP (DOC_ADMIN_DOC_TOP<84689a70>, 100, 50, 0) at <6177.125977, 28.966314, 13971.025391>
[COT 2024-01-18 04:09:58] 76561199407766611: Spawned Entity ADMIN GEAR-DOC-BOTTOM (DOC_ADMIN_DOC_BOTTOM<84690e10>, 100, 50, 0) at <6177.037109, 29.148895, 13970.903320>
[COT 2024-01-18 04:10:04] 76561199407766611: Spawned Entity Running Shoes (JoggingShoes_Violet<8469c710>, 100, 50, 0) at <6176.943848, 29.324841, 13970.785156>
[COT 2024-01-18 04:10:30] 76561199407766611: Spawned Entity Bocchi the Suppressor (ItemSuppressor<2f0ed620>, 100, 1800, 0) at <6176.625977, 28.966314, 13970.953125>
[COT 2024-01-18 04:10:32] 76561199407766611: Spawned Entity Doc's Personal Sidearm - ADMIN EDITION (DOC_ADMIN_DOC_BOCCHIGLOCK<37d236a0>, 100, 3000, 0) at <6176.618652, 28.998135, 13970.950195>
[COT 2024-01-18 04:12:37] 76561199407766611: Set Invisibility To 1 [guid=spMEkRl42onhFHdF_u42e0T03x2sj347kUc600NXdGA=]
[COT 2024-01-18 04:12:41] 76561199407766611: Teleported to position <5630.003906, 28.709999, 5398.113281>
[COT 2024-01-18 04:12:54] 76561199407766611: Entered the Free Camera
[COT 2024-01-18 04:13:48] 76561199407766611: Left the Free Camera
[COT 2024-01-18 04:14:53] 76561199407766611: Spawned Entity UH-1H (ExpansionUh1h<97dd2a20>, 100, 7500, 0) at <5447.050781, 14.809999, 4959.881836>
[COT 2024-01-18 04:15:15] 76561199407766611: Deleted Entity ExpansionUh1h_Medical:14768 at <5447.050781, 14.904492, 4959.865234>
[COT 2024-01-18 04:15:27] 76561199407766611: Spawned Entity Mh-6 Little Bird (ExpansionMh6<97dcfe10>, 100, 5000, 0) at <5446.245117, 14.809999, 4961.618164>
[COT 2024-01-18 04:15:47] 76561199407766611: Set GodMode To false [guid=spMEkRl42onhFHdF_u42e0T03x2sj347kUc600NXdGA=]
[COT 2024-01-18 04:15:48] 76561199407766611: Set GodMode To true [guid=spMEkRl42onhFHdF_u42e0T03x2sj347kUc600NXdGA=]
[COT 2024-01-18 04:21:57] 76561199407766611: Set Invisibility To 0 [guid=spMEkRl42onhFHdF_u42e0T03x2sj347kUc600NXdGA=]
[COT 2024-01-18 04:37:44] 76561199407766611: Entered the Free Camera
[COT 2024-01-18 04:41:13] 76561199407766611: Left the Free Camera
[COT 2024-01-18 04:41:36] 76561199407766611: Entered the Free Camera
[COT 2024-01-18 04:44:50] 76561199407766611: Spawned Entity GAZ-59037 Black (BTR_black<97ddda60>, 100, 9e+06, 0) at <5762.277832, 24.169582, 5202.266113>
[COT 2024-01-18 04:44:58] 76561199407766611: Left the Free Camera
[COT 2024-01-18 04:47:14] 76561199407766611: Deleted Entity BTR_black:28391 at <5604.162598, 16.088053, 5696.454102>
[COT 2024-01-18 04:48:51] 76561199407766611: Spawned Entity Velociraptor6x6 (Velociraptor6x6<97dcd200>, 100, 10000, 0) at <5611.046387, 15.964085, 5687.893555>
[COT 2024-01-18 04:49:01] 76561199407766611: Deleted Entity Velociraptor6x6:24565 at <5611.047852, 16.010294, 5687.894531>
[COT 2024-01-18 04:49:27] 76561199407766611: Spawned Entity Kamaz Typhoon 63969 flecktarn (Kamaz_Typhoon_flecktarn<aacf6460>, 100, 10000, 0) at <5601.466797, 17.813219, 5670.845703>
[COT 2024-01-18 04:51:39] 76561199407766611: Deleted Entity Kamaz_Typhoon_flecktarn:10122 at <5644.261230, 31.301546, 5283.458008>
[COT 2024-01-18 04:52:11] 76561199407766611: Repaired Transport [guid=spMEkRl42onhFHdF_u42e0T03x2sj347kUc600NXdGA=]
[COT 2024-01-18 04:52:13] 76561199407766611: Healed [guid=spMEkRl42onhFHdF_u42e0T03x2sj347kUc600NXdGA=]
[COT 2024-01-18 04:52:41] 76561199407766611: Teleported to position <2812.925293, 5.300000, 6192.120117>
[COT 2024-01-18 04:52:45] 76561199407766611: Entered the Free Camera
[COT 2024-01-18 04:52:50] 76561199407766611: Left the Free Camera
[COT 2024-01-18 04:52:54] 76561199407766611: Deleted Entity ExpansionSafeLarge:12856 at <2817.987549, 6.232760, 6195.421875>
[COT 2024-01-18 04:53:00] 76561199407766611: Deleted Entity ExpansionSafeMedium:12012 at <2818.938477, 6.388714, 6199.938965>
[COT 2024-01-18 04:53:20] 76561199407766611: Deleted Entity ExpansionSafeLarge:11352 at <2847.668457, 7.412255, 6198.868164>
[COT 2024-01-18 04:53:22] 76561199407766611: Deleted Entity ExpansionSafeLarge:12884 at <2847.999023, 6.414426, 6198.111816>
