[COT 2024-01-23 17:30:28] 76561199407766611: Teleported to position <7423.483398, 31.103651, 3931.126953>
[COT 2024-01-23 17:30:40] 76561199407766611: Set GodMode To true [guid=spMEkRl42onhFHdF_u42e0T03x2sj347kUc600NXdGA=]
[COT 2024-01-23 17:31:28] 76561199407766611: ESP: ESP updating
[COT 2024-01-23 17:32:05] 76561199407766611: Set UnlimitedAmmo To true [guid=spMEkRl42onhFHdF_u42e0T03x2sj347kUc600NXdGA=]
[COT 2024-01-23 17:32:05] 76561199407766611: Set UnlimitedStamina To true [guid=spMEkRl42onhFHdF_u42e0T03x2sj347kUc600NXdGA=]
[COT 2024-01-23 17:32:07] 76561199407766611: Set Invisibility To 1 [guid=spMEkRl42onhFHdF_u42e0T03x2sj347kUc600NXdGA=]
[COT 2024-01-23 17:34:08] 76561199407766611: Teleported to position <15774.257813, 39.740067, 4707.167969>
[COT 2024-01-23 17:34:12] 76561199407766611: Entered the Free Camera
[COT 2024-01-23 17:34:25] 76561199407766611: Left the Free Camera
[COT 2024-01-23 17:37:31] 76561199407766611: Entered the Free Camera
[COT 2024-01-23 17:37:43] 76561199407766611: Left the Free Camera
[COT 2024-01-23 17:39:47] 76561199407766611: Spawned Entity Large Safe (ExpansionSafeLarge<df75080>, 100, 20000, 0) at <15784.646484, 43.863716, 4848.781738>
[COT 2024-01-23 17:40:20] 76561199407766611: Entered the Free Camera
[COT 2024-01-23 17:41:15] 76561199407766611: Left the Free Camera
[COT 2024-01-23 17:41:43] 76561199407766611: Entered the Free Camera
[COT 2024-01-23 17:48:00] 76561198036774377: Teleported to position <10323.206055, 2.340235, 5586.016602>
[COT 2024-01-23 17:48:25] 76561199407766611: Left the Free Camera
[COT 2024-01-23 17:48:35] 76561199407766611: Teleported to position <5602.077148, 28.855234, 5344.369141>
[COT 2024-01-23 17:48:41] 76561198036774377: Teleported to position <5638.524414, 27.573135, 5435.042969>
[COT 2024-01-23 17:49:26] 76561199407766611: Set Invisibility To 0 [guid=spMEkRl42onhFHdF_u42e0T03x2sj347kUc600NXdGA=]
[COT 2024-01-23 17:49:32] 76561198036774377: Spawned Entity PONTIAC (Violet) (PONTIAC<f50e91a0>, 100, 10000, 0) at <5642.142090, 28.107698, 5549.967773>
[COT 2024-01-23 17:50:15] 76561198036774377: Spawned Entity Keys (ExpansionCarKey<123c7a80>, 100, 100, 0) at <5646.752930, 28.205555, 5548.721680>
[COT 2024-01-23 17:51:57] 76561199407766611: Spawned Entity Doc's Galaxy M4 Carstock (DOC_M4CARSTOCK_GALAXY<8c67a150>, 100, 200, 0) at <5616.634277, 29.022158, 5416.600098>
[COT 2024-01-23 17:51:59] 76561199407766611: Spawned Entity Doc's Green M4 RIS Handguard (DOC_M4RIS_GREEN<8c6814f0>, 100, 250, 0) at <5616.597656, 29.106901, 5416.586914>
[COT 2024-01-23 17:52:01] 76561199407766611: Spawned Entity Bunker's Pistol Suppressor (ItemSuppressor<c5ac320>, 100, 1800, 0) at <5616.559082, 29.096291, 5416.636230>
[COT 2024-01-23 17:52:02] 76561199407766611: Spawned Entity Doc's Royalfoil Suppressor (ItemSuppressor<12062ce0>, 100, 1800, 0) at <5616.539063, 29.124725, 5416.625000>
[COT 2024-01-23 17:52:04] 76561199407766611: Spawned Entity Doc's White M4 (DOC_M4_WHITE<1acaa3d0>, 100, 1200, 0) at <5616.513672, 29.164446, 5416.613770>
[COT 2024-01-23 17:58:06] 76561199407766611: Deleted Entity DOC_BOMBERJACKET_CHOOK1:35968 at <5624.622559, 28.712162, 5408.708008>
[COT 2024-01-23 19:53:17] 76561199407766611: Teleported to position <3968.179199, 24.920000, 4835.096680>
[COT 2024-01-23 19:53:26] 76561199407766611: Set GodMode To false [guid=spMEkRl42onhFHdF_u42e0T03x2sj347kUc600NXdGA=]
[COT 2024-01-23 19:53:27] 76561199407766611: Set GodMode To true [guid=spMEkRl42onhFHdF_u42e0T03x2sj347kUc600NXdGA=]
[COT 2024-01-23 19:53:29] 76561199407766611: Set GodMode To false [guid=spMEkRl42onhFHdF_u42e0T03x2sj347kUc600NXdGA=]
[COT 2024-01-23 19:53:30] 76561199407766611: Set GodMode To true [guid=spMEkRl42onhFHdF_u42e0T03x2sj347kUc600NXdGA=]
[COT 2024-01-23 19:53:41] 76561199407766611: Entered the Free Camera
[COT 2024-01-23 19:54:02] 76561199407766611: Left the Free Camera
[COT 2024-01-23 19:56:02] 76561199407766611: Entered the Free Camera
[COT 2024-01-23 19:57:36] 76561199407766611: Left the Free Camera
[COT 2024-01-23 19:58:31] 76561199407766611: Entered the Free Camera
[COT 2024-01-23 19:59:45] 76561199407766611: Left the Free Camera
[COT 2024-01-23 19:59:49] 76561199407766611: Entered the Free Camera
[COT 2024-01-23 19:59:56] 76561199407766611: Left the Free Camera
[COT 2024-01-23 20:00:38] 76561199407766611: Entered the Free Camera
[COT 2024-01-23 20:01:13] 76561199407766611: Left the Free Camera
[COT 2024-01-23 20:01:45] 76561199407766611: Teleported to position <3986.888184, 4.400000, 4813.042969>
[COT 2024-01-23 20:01:55] 76561199407766611: Entered the Free Camera
[COT 2024-01-23 20:02:02] 76561199407766611: Left the Free Camera
[COT 2024-01-23 20:02:41] 76561199407766611: Teleported to position <6641.851074, -0.590000, 3453.213867>
[COT 2024-01-23 20:02:46] 76561199407766611: Entered the Free Camera
[COT 2024-01-23 20:02:51] 76561199407766611: Left the Free Camera
[COT 2024-01-23 20:02:52] 76561199407766611: Entered the Free Camera
[COT 2024-01-23 20:03:02] 76561199407766611: Left the Free Camera
[COT 2024-01-23 20:03:09] 76561199407766611: Entered the Free Camera
[COT 2024-01-23 20:03:26] 76561199407766611: Left the Free Camera
[COT 2024-01-23 20:03:57] 76561199407766611: Teleported to position <6183.780762, 31.553186, 5341.002930>
[COT 2024-01-23 20:04:51] 76561199407766611: Teleported to position <6852.907715, 83.802109, 3462.477539>
[COT 2024-01-23 20:04:54] 76561199407766611: Entered the Free Camera
[COT 2024-01-23 20:05:00] 76561199407766611: Left the Free Camera
[COT 2024-01-23 20:05:06] 76561199407766611: Deleted Entity ExpansionFloor6x6:17443 at <6676.921875, 180.159363, 3434.375732>
[COT 2024-01-23 20:10:59] 76561199407766611: Teleported to position <5612.479004, 28.709999, 5371.318359>
