[COT 2024-01-22 14:21:21] 76561199407766611: Teleported to position <364.561584, -1.260000, 781.626953>
[COT 2024-01-22 14:22:10] 76561199407766611: Entered the Free Camera
[COT 2024-01-22 14:22:29] 76561199407766611: Left the Free Camera
[COT 2024-01-22 14:22:46] 76561199407766611: Teleported to position <2449.066406, 35.099998, 3347.912109>
[COT 2024-01-22 14:22:57] 76561199407766611: Entered the Free Camera
[COT 2024-01-22 14:24:04] 76561199407766611: Left the Free Camera
[COT 2024-01-22 14:24:13] 76561199407766611: Entered the Free Camera
[COT 2024-01-22 14:25:09] 76561199407766611: Left the Free Camera
[COT 2024-01-22 14:25:31] 76561199407766611: Teleported to position <15739.469727, 16.490099, 4918.803711>
[COT 2024-01-22 14:25:34] 76561199407766611: Entered the Free Camera
[COT 2024-01-22 14:25:49] 76561199407766611: Left the Free Camera
[COT 2024-01-22 14:26:26] 76561199407766611: Entered the Free Camera
[COT 2024-01-22 14:27:09] 76561199407766611: Left the Free Camera
[COT 2024-01-22 14:29:54] 76561199407766611: Set GodMode To true [guid=spMEkRl42onhFHdF_u42e0T03x2sj347kUc600NXdGA=]
[COT 2024-01-22 14:29:56] 76561199407766611: Set UnlimitedAmmo To true [guid=spMEkRl42onhFHdF_u42e0T03x2sj347kUc600NXdGA=]
[COT 2024-01-22 14:29:57] 76561199407766611: Set UnlimitedStamina To true [guid=spMEkRl42onhFHdF_u42e0T03x2sj347kUc600NXdGA=]
[COT 2024-01-22 14:38:24] 76561199407766611: Spawned Entity Survivor (eAI_SurvivorF_Naomi<f1346050>, 100, 100, 0) at <15756.987305, 22.240105, 5097.942383>
[COT 2024-01-22 14:38:43] 76561199407766611: Spawned Entity Handcuffs (Handcuffs<337ce010>, 100, 200, 0) at <15748.186523, 22.240103, 5107.196289>
[COT 2024-01-22 14:41:43] 76561199407766611: Entered the Free Camera
[COT 2024-01-22 14:41:58] 76561199407766611: Left the Free Camera
[COT 2024-01-22 14:46:25] 76561199407766611: Set GodMode To false [guid=spMEkRl42onhFHdF_u42e0T03x2sj347kUc600NXdGA=]
[COT 2024-01-22 14:47:25] 76561199407766611: Entered the Free Camera
[COT 2024-01-22 14:47:34] 76561199407766611: Left the Free Camera
[COT 2024-01-22 14:47:49] 76561199407766611: Entered the Free Camera
[COT 2024-01-22 14:48:02] 76561199407766611: Left the Free Camera
[COT 2024-01-22 14:48:10] 76561199407766611: Set GodMode To true [guid=spMEkRl42onhFHdF_u42e0T03x2sj347kUc600NXdGA=]
[COT 2024-01-22 14:48:11] 76561199407766611: Healed [guid=spMEkRl42onhFHdF_u42e0T03x2sj347kUc600NXdGA=]
[COT 2024-01-22 14:48:20] 76561199407766611: Teleported to position <2312.533203, 6.530454, 12316.444336>
[COT 2024-01-22 14:48:22] 76561199407766611: Entered the Free Camera
[COT 2024-01-22 14:49:47] 76561199407766611: Left the Free Camera
[COT 2024-01-22 14:50:30] 76561199407766611: Entered the Free Camera
[COT 2024-01-22 14:51:44] 76561199407766611: Left the Free Camera
[COT 2024-01-22 14:52:15] 76561199407766611: Spawned Entity Sea Chest (SeaChest<51d108c0>, 100, 600, 0) at <6873.040527, 57.175076, 1949.132324>
[COT 2024-01-22 14:52:25] 76561199407766611: Spawned Entity Doc's Nightfoil M4 Carstock (M4_OEBttstck<51d1c1c0>, 100, 200, 0) at <6873.356445, 57.719219, 1949.046143>
[COT 2024-01-22 14:52:26] 76561199407766611: Spawned Entity Doc's Nightfoil M4 RIS Handguard (DOC_M4RIS_NIGHTFOIL<51d17c60>, 100, 250, 0) at <6873.288086, 57.805805, 1949.049683>
[COT 2024-01-22 14:52:26] 76561199407766611: Spawned Entity Doc's Nightfoil Suppressor (ItemSuppressor<51d1cd50>, 100, 1800, 0) at <6873.238770, 57.869370, 1949.049927>
[COT 2024-01-22 14:52:27] 76561199407766611: Spawned Entity Doc's Nightfoil M4 (DOC_M4_NIGHTFOIL<45dd1180>, 100, 1200, 0) at <6873.211426, 57.909061, 1949.053833>
[COT 2024-01-22 14:52:28] 76561199407766611: Spawned Entity Doc's Nightfoil Stanag69 (DOC_STANAG69_NIGHTFOIL<51d240f0>, 69, 200, 0) at <6873.143066, 58.004814, 1949.059082>
[COT 2024-01-22 14:52:28] 76561199407766611: Spawned Entity Doc's Nightfoil Stanag69 (DOC_STANAG69_NIGHTFOIL<51d2c020>, 69, 200, 0) at <6873.078613, 58.090828, 1949.062988>
[COT 2024-01-22 14:54:04] 76561199407766611: Spawned Entity AmmoBox_300WinMag_20Rnd (TWP_AmmoBox_300WinMag_20Rnd<3176ae60>, 100, 100, 0) at <6873.386230, 57.719223, 1949.037964>
[COT 2024-01-22 14:54:04] 76561199407766611: Spawned Entity AmmoBox_300WinMag_20Rnd (TWP_AmmoBox_300WinMag_20Rnd<31766900>, 100, 100, 0) at <6873.369141, 57.735645, 1949.038940>
[COT 2024-01-22 14:54:33] 76561199407766611: Entered the Free Camera
[COT 2024-01-22 14:55:33] 76561199407766611: Left the Free Camera
[COT 2024-01-22 14:57:04] 76561199407766611: Teleported to position <2782.169678, 22.459999, 3326.895508>
[COT 2024-01-22 14:57:15] 76561199407766611: Entered the Free Camera
[COT 2024-01-22 14:58:02] 76561199407766611: Left the Free Camera
[COT 2024-01-22 15:00:36] 76561199407766611: Spawned Entity Large Safe (ExpansionSafeLarge<27b13fa0>, 100, 20000, 0) at <2669.769775, 27.798458, 3481.075195>
[COT 2024-01-22 15:04:40] 76561199407766611: Entered the Free Camera
[COT 2024-01-22 15:07:08] 76561199407766611: Left the Free Camera
[COT 2024-01-22 15:08:17] 76561199407766611: Spawned Entity Solid State Drive (ItemBase<f2536080>, 100, 100, 0) at <2659.666016, 26.946507, 3480.145264>
[COT 2024-01-22 15:08:18] 76561199407766611: Spawned Entity Retro Memory Card (ItemBase<f25568d0>, 100, 100, 0) at <2659.656494, 26.955307, 3480.144043>
[COT 2024-01-22 15:08:21] 76561199407766611: Spawned Entity Pokemon Card - Caterpie (ItemBase<33e66080>, 100, 100, 0) at <2659.666748, 26.955307, 3480.146240>
[COT 2024-01-22 15:08:23] 76561199407766611: Spawned Entity Pokemon Card - Shiny Mewtwo (ItemBase<33e677a0>, 100, 100, 0) at <2659.667969, 26.955307, 3480.147705>
[COT 2024-01-22 15:08:27] 76561199407766611: Spawned Entity GameBoy Cartidge - Tetris (ItemBase<33e60f90>, 100, 100, 0) at <2659.622070, 26.955307, 3480.123535>
[COT 2024-01-22 15:08:49] 76561199407766611: Spawned Entity RAM (ItemBase<8e992920>, 100, 100, 0) at <2659.183105, 26.946507, 3479.545166>
[COT 2024-01-22 15:09:11] 76561199407766611: Spawned Entity Mjölnir (TWP_Mjolnir<8e990670>, 100, 100, 0) at <2659.166504, 26.946507, 3479.535645>
[COT 2024-01-22 15:09:19] 76561199407766611: Spawned Entity S.T.A.G. Research Project Sample Z-42 (jmc_grenade_z<3107cbd0>, 100, 5, 0) at <2659.208008, 26.946507, 3479.572021>
[COT 2024-01-22 15:09:22] 76561199407766611: Spawned Entity PO-X Vial (Grenade_ChemGas<1bc13d50>, 100, 5, 0) at <2659.236084, 27.051411, 3479.622803>
[COT 2024-01-22 15:09:22] 76561199407766611: Spawned Entity PO-X Vial (Grenade_ChemGas<1bbe0910>, 100, 5, 0) at <2659.272705, 27.149025, 3479.674561>
[COT 2024-01-22 15:10:49] 76561199407766611: Spawned Entity Beretta Double Edge Black (44Mag) (FNX45_Base<5001ed70>, 100, 200, 0) at <2659.599854, 26.946507, 3479.956055>
[COT 2024-01-22 15:10:51] 76561199407766611: Spawned Entity BerettaDoubleEdge_mag_15Rnd (Mag_FNX45_15Rnd<4d01e1e0>, 15, 200, 0) at <2659.613037, 26.997496, 3479.972656>
[COT 2024-01-22 15:12:19] 76561199407766611: Teleported to position <6152.708008, 5.880000, 14580.707031>
[COT 2024-01-22 15:13:11] 76561199407766611: Spawned Entity MUSTANG Red (MUSTANG_red<2efe34d0>, 100, 3000, 0) at <6094.287109, 5.879985, 14540.731445>
[COT 2024-01-22 15:13:54] 76561199407766611: Spawned Entity Keys (ExpansionCarKey<254f0f60>, 100, 100, 0) at <6095.925781, 6.077620, 14526.033203>
[COT 2024-01-22 15:15:36] 76561199407766611: Teleported to position <6109.831543, 5.880000, 14903.463867>
[COT 2024-01-22 15:16:06] 76561199407766611: Spawned Entity Mini Safe (ExpansionSafeMini<586b7d60>, 100, 10000, 0) at <6098.438477, 5.961362, 14929.047852>
[COT 2024-01-22 15:17:57] 76561199407766611: Entered the Free Camera
[COT 2024-01-22 15:18:30] 76561199407766611: Left the Free Camera
[COT 2024-01-22 15:18:35] 76561199407766611: Entered the Free Camera
[COT 2024-01-22 15:18:38] 76561199407766611: Left the Free Camera
[COT 2024-01-22 15:18:49] 76561199407766611: Spawned Entity Camo Net (CamoNet<fdeecdd0>, 100, 120, 0) at <4440.237793, 5.030182, 12401.040039>
[COT 2024-01-22 15:18:49] 76561199407766611: Spawned Entity Camo Net (CamoNet<fdefcc30>, 100, 120, 0) at <4440.151855, 5.280649, 12400.969727>
[COT 2024-01-22 15:18:50] 76561199407766611: Spawned Entity Camo Net (CamoNet<fdef6fb0>, 100, 120, 0) at <4440.062988, 5.535643, 12400.899414>
[COT 2024-01-22 15:18:50] 76561199407766611: Spawned Entity Camo Net (CamoNet<fdef7b40>, 100, 120, 0) at <4439.988281, 5.740894, 12400.835938>
[COT 2024-01-22 15:18:50] 76561199407766611: Spawned Entity Camo Net (CamoNet<fdf04b60>, 100, 120, 0) at <4439.767578, 5.830158, 12400.761719>
[COT 2024-01-22 15:18:50] 76561199407766611: Spawned Entity Camo Net (CamoNet<fdf01d20>, 100, 120, 0) at <4439.357422, 6.024949, 12400.583008>
[COT 2024-01-22 15:18:50] 76561199407766611: Spawned Entity Camo Net (CamoNet<fdf06280>, 100, 120, 0) at <4439.626953, 5.015806, 12400.411133>
[COT 2024-01-22 15:23:07] 76561199407766611: Teleported to position <5625.770508, 28.709999, 5407.215820>
[COT 2024-01-22 15:32:12] 76561199407766611: Set GodMode To false [guid=spMEkRl42onhFHdF_u42e0T03x2sj347kUc600NXdGA=]
[COT 2024-01-22 15:32:19] 76561199407766611: Set GodMode To true [guid=spMEkRl42onhFHdF_u42e0T03x2sj347kUc600NXdGA=]
[COT 2024-01-22 16:03:42] 76561199407766611: Teleported to position <6047.521484, 5.880000, 14576.252930>
[COT 2024-01-22 16:04:02] 76561199407766611: Set GodMode To false [guid=spMEkRl42onhFHdF_u42e0T03x2sj347kUc600NXdGA=]
[COT 2024-01-22 16:04:02] 76561199407766611: Set GodMode To true [guid=spMEkRl42onhFHdF_u42e0T03x2sj347kUc600NXdGA=]
[COT 2024-01-22 16:04:34] 76561199407766611: Spawned Entity M203 Teargas Grenade (Ammunition_Base<4236d9d0>, 4, 100, 0) at <6063.151855, 8.217710, 14619.586914>
[COT 2024-01-22 16:04:50] 76561199407766611: Spawned Entity M79 (M79<ad847fe0>, 100, 200, 0) at <6063.156738, 8.217710, 14619.608398>
[COT 2024-01-22 16:06:01] 76561199407766611: Set GodMode To false [guid=spMEkRl42onhFHdF_u42e0T03x2sj347kUc600NXdGA=]
[COT 2024-01-22 16:06:27] 76561199407766611: Set GodMode To true [guid=spMEkRl42onhFHdF_u42e0T03x2sj347kUc600NXdGA=]
[COT 2024-01-22 16:06:28] 76561199407766611: Healed [guid=spMEkRl42onhFHdF_u42e0T03x2sj347kUc600NXdGA=]
[COT 2024-01-22 16:06:54] 76561199407766611: Entered the Free Camera
[COT 2024-01-22 16:07:09] 76561199407766611: Left the Free Camera
[COT 2024-01-22 16:07:20] 76561199407766611: Set cannot be targeted by AI to true [guid=spMEkRl42onhFHdF_u42e0T03x2sj347kUc600NXdGA=]
[COT 2024-01-22 16:07:35] 76561199407766611: Spawned Entity Survivor (SurvivorBase<3c87d0f0>, 100, 100, 0) at <6335.589844, 19.116997, 14580.499023>
[COT 2024-01-22 16:08:40] 76561199407766611: Spawned Entity Survivor (ExpansionNPCGabi<2c6c00c0>, 100, 100, 0) at <6335.588379, 19.116997, 14577.437500>
[COT 2024-01-22 16:08:46] 76561199407766611: Deleted Entity ExpansionNPCGabi:24:INSTANCETYPE_AI_SERVER at <6335.588379, 19.116997, 14577.437500>
[COT 2024-01-22 16:08:49] 76561199407766611: Spawned Entity Survivor (eAI_SurvivorF_Gabi<90b4c8b0>, 100, 100, 0) at <6335.749023, 19.116997, 14580.970703>
[COT 2024-01-22 16:08:58] 76561199407766611: Spawned Entity M79 (M79<45dea380>, 100, 200, 0) at <6335.591309, 20.530989, 14577.383789>
[COT 2024-01-22 16:09:26] 76561199407766611: Set GodMode To false [guid=spMEkRl42onhFHdF_u42e0T03x2sj347kUc600NXdGA=]
[COT 2024-01-22 16:09:27] 76561199407766611: Set GodMode To true [guid=spMEkRl42onhFHdF_u42e0T03x2sj347kUc600NXdGA=]
[COT 2024-01-22 16:10:12] 76561199407766611: Spawned Entity Survivor (eAI_SurvivorF_Gabi<23141320>, 100, 100, 0) at <6335.778809, 19.116997, 14574.134766>
[COT 2024-01-22 16:10:39] 76561199407766611: Set Invisibility To 1 [guid=spMEkRl42onhFHdF_u42e0T03x2sj347kUc600NXdGA=]
[COT 2024-01-22 16:10:40] 76561199407766611: Healed [guid=spMEkRl42onhFHdF_u42e0T03x2sj347kUc600NXdGA=]
[COT 2024-01-22 16:13:36] 76561199407766611: Spawned Entity Survivor (eAI_SurvivorF_Gabi<3d41a050>, 100, 100, 0) at <6327.833984, 18.531347, 14578.240234>
[COT 2024-01-22 16:13:39] 76561199407766611: Spawned Entity Survivor (eAI_SurvivorF_Gabi<35f8e00>, 100, 100, 0) at <6327.721680, 18.829531, 14577.941406>
[COT 2024-01-22 16:16:33] 76561199407766611: Entered the Free Camera
[COT 2024-01-22 16:16:40] 76561199407766611: Left the Free Camera
[COT 2024-01-22 16:16:46] 76561199407766611: Deleted Entity Torch:25963 at <6327.877930, 18.556795, 14579.607422>
[COT 2024-01-22 16:18:34] 76561199407766611: Teleported to position <6267.770508, 409.618744, 12726.274414>
[COT 2024-01-22 16:18:53] 76561199407766611: Set Invisibility To 0 [guid=spMEkRl42onhFHdF_u42e0T03x2sj347kUc600NXdGA=]
[COT 2024-01-22 16:20:54] 76561199407766611: Spawned Entity NVG Headstrap (NVGHeadstrap<4accfa40>, 100, 200, 0) at <6783.384766, 511.477875, 12483.978516>
[COT 2024-01-22 16:24:12] 76561199407766611: Set Invisibility To 1 [guid=spMEkRl42onhFHdF_u42e0T03x2sj347kUc600NXdGA=]
[COT 2024-01-22 16:26:55] 76561199407766611: Set Invisibility To 0 [guid=spMEkRl42onhFHdF_u42e0T03x2sj347kUc600NXdGA=]
[COT 2024-01-22 16:33:15] 76561199407766611: Teleported to position <5637.672852, 28.709999, 5409.080078>
[COT 2024-01-22 16:35:16] 76561199407766611: Spawned Entity Fireworks Launcher (FireworksLauncher<4f7a2d10>, 100, 30, 0) at <5686.214844, 34.411449, 5382.866211>
[COT 2024-01-22 16:35:51] 76561199407766611: Spawned Entity Parking Meter Construction-Kit (ExpansionParkingMeterKit<59ce4c80>, 100, 200, 0) at <5644.094238, 28.709999, 5406.824707>
[COT 2024-01-22 16:35:51] 76561199407766611: Spawned Entity Parking Meter Construction-Kit (ExpansionParkingMeterKit<59ce5810>, 100, 200, 0) at <5644.038086, 29.418003, 5407.083984>
[COT 2024-01-22 16:35:51] 76561199407766611: Spawned Entity Parking Meter Construction-Kit (ExpansionParkingMeterKit<59cdf000>, 100, 200, 0) at <5643.994141, 30.126007, 5407.328613>
[COT 2024-01-22 16:36:00] 76561199407766611: Spawned Entity Circuit Board - MK2 (ExpansionCircuitBoard_MK2<59cd2b70>, 100, 20, 0) at <5643.972656, 30.301449, 5407.348145>
[COT 2024-01-22 16:36:00] 76561199407766611: Spawned Entity Circuit Board - MK2 (ExpansionCircuitBoard_MK2<59ce63a0>, 100, 20, 0) at <5643.973145, 30.301077, 5407.347656>
[COT 2024-01-22 16:36:00] 76561199407766611: Spawned Entity Circuit Board - MK2 (ExpansionCircuitBoard_MK2<59ce6f30>, 100, 20, 0) at <5643.973633, 30.300304, 5407.346191>
[COT 2024-01-22 16:36:06] 76561199407766611: Spawned Entity Car Battery (CarBattery<59ce3560>, 50, 200, 0) at <5643.976074, 30.291254, 5407.328613>
[COT 2024-01-22 16:36:06] 76561199407766611: Spawned Entity Car Battery (CarBattery<59ce7ac0>, 50, 200, 0) at <5643.977539, 30.290995, 5407.327637>
[COT 2024-01-22 16:36:06] 76561199407766611: Spawned Entity Car Battery (CarBattery<59ce91e0>, 50, 200, 0) at <5643.978027, 30.291615, 5407.328613>
[COT 2024-01-22 16:38:46] 76561199407766611: Teleported to position <5721.570801, 26.931715, 5222.320313>
[COT 2024-01-22 16:39:58] 76561199407766611: Teleported to position <5437.727051, 14.810000, 4987.999023>
[COT 2024-01-22 16:40:43] 76561199407766611: Entered the Free Camera
[COT 2024-01-22 16:40:56] 76561199407766611: Left the Free Camera
[COT 2024-01-22 16:41:39] 76561199407766611: Spawned Entity MOSKVICH 2140 Wheel (AZLK_Wheel<2d2dfbf0>, 100, 1500, 0) at <5603.282715, 28.709995, 5355.178223>
[COT 2024-01-22 16:41:40] 76561199407766611: Spawned Entity MOSKVICH 2140 Wheel (AZLK_Wheel<2d2df060>, 100, 1500, 0) at <5603.422363, 28.908302, 5355.525879>
[COT 2024-01-22 16:41:40] 76561199407766611: Spawned Entity MOSKVICH 2140 Wheel (AZLK_Wheel<2d2e6400>, 100, 1500, 0) at <5603.561523, 29.105177, 5355.871094>
[COT 2024-01-22 16:41:40] 76561199407766611: Spawned Entity MOSKVICH 2140 Wheel (AZLK_Wheel<2d2e6f90>, 100, 1500, 0) at <5603.698242, 29.299372, 5356.211426>
[COT 2024-01-22 16:41:56] 76561199407766611: Spawned Entity Headlight Bulb (HeadlightH7<2d2e9dd0>, 100, 10, 0) at <5602.951660, 28.709997, 5355.884277>
[COT 2024-01-22 16:41:56] 76561199407766611: Spawned Entity Headlight Bulb (HeadlightH7<2d2e35c0>, 100, 10, 0) at <5603.010254, 28.790222, 5355.908691>
[COT 2024-01-22 16:49:23] 76561199407766611: Entered the Free Camera
[COT 2024-01-22 16:49:43] 76561199407766611: Left the Free Camera
