[COT 2024-02-09 14:29:32] 76561199407766611: Set GodMode To true [guid=spMEkRl42onhFHdF_u42e0T03x2sj347kUc600NXdGA=]
[COT 2024-02-09 14:29:33] 76561199407766611: Set cannot be targeted by AI to true [guid=spMEkRl42onhFHdF_u42e0T03x2sj347kUc600NXdGA=]
[COT 2024-02-09 14:29:33] 76561199407766611: Set UnlimitedStamina To true [guid=spMEkRl42onhFHdF_u42e0T03x2sj347kUc600NXdGA=]
[COT 2024-02-09 14:35:13] 76561199407766611: Set GodMode To true [guid=spMEkRl42onhFHdF_u42e0T03x2sj347kUc600NXdGA=]
[COT 2024-02-09 14:35:13] 76561199407766611: Set Invisibility To 1 [guid=spMEkRl42onhFHdF_u42e0T03x2sj347kUc600NXdGA=]
[COT 2024-02-09 14:35:14] 76561199407766611: Set UnlimitedAmmo To true [guid=spMEkRl42onhFHdF_u42e0T03x2sj347kUc600NXdGA=]
[COT 2024-02-09 14:35:15] 76561199407766611: Set UnlimitedStamina To true [guid=spMEkRl42onhFHdF_u42e0T03x2sj347kUc600NXdGA=]
[COT 2024-02-09 14:35:21] 76561199407766611: Teleported to position <1953.576538, 9.190000, 8987.704102>
[COT 2024-02-09 14:35:23] 76561199407766611: Entered the Free Camera
[COT 2024-02-09 14:37:17] 76561199407766611: Left the Free Camera
[COT 2024-02-09 14:37:47] 76561199407766611: Spawned Entity Wall Kit (ExpansionWallKit<f724f8f0>, 100, 100, 0) at <1549.985107, 9.397755, 9011.095703>
[COT 2024-02-09 14:37:47] 76561199407766611: Spawned Entity Wall Kit (ExpansionWallKit<58a52540>, 100, 100, 0) at <1550.001831, 9.780036, 9011.279297>
[COT 2024-02-09 14:37:47] 76561199407766611: Spawned Entity Wall Kit (ExpansionWallKit<19f14070>, 100, 100, 0) at <1549.929565, 10.093000, 9011.555664>
[COT 2024-02-09 14:38:43] 76561199407766611: Stripped [guid=spMEkRl42onhFHdF_u42e0T03x2sj347kUc600NXdGA=]
[COT 2024-02-09 14:38:55] 76561199407766611: Spawned Entity ADMIN GEAR-DOC-TOP (DOC_ADMIN_DOC_TOP<f6c857a0>, 100, 50, 0) at <1549.077515, 9.397741, 9011.174805>
[COT 2024-02-09 14:38:55] 76561199407766611: Spawned Entity ADMIN GEAR-DOC-TOP (DOC_ADMIN_DOC_TOP<f6c84080>, 100, 50, 0) at <1549.077515, 9.397741, 9011.174805>
[COT 2024-02-09 14:38:56] 76561199407766611: Spawned Entity ADMIN GEAR-DOC-TOP (DOC_ADMIN_DOC_TOP<f6c86330>, 100, 50, 0) at <1549.077515, 9.397741, 9011.174805>
[COT 2024-02-09 14:38:57] 76561199407766611: Spawned Entity ADMIN GEAR-DOC-BOTTOM (DOC_ADMIN_DOC_BOTTOM<f6c86ec0>, 100, 50, 0) at <1549.077515, 9.397741, 9011.174805>
[COT 2024-02-09 14:39:41] 76561199407766611: Stripped [guid=spMEkRl42onhFHdF_u42e0T03x2sj347kUc600NXdGA=]
[COT 2024-02-09 14:39:54] 76561199407766611: Spawned Entity ADMIN GEAR-DOC-BOTTOM (DOC_ADMIN_DOC_BOTTOM<f8b19170>, 100, 50, 0) at <1548.124146, 9.397654, 9011.143555>
[COT 2024-02-09 14:40:37] 76561199407766611: Spawned Entity Medium Safe (ExpansionSafeMedium<104a1d20>, 100, 15000, 0) at <1563.027100, 10.291596, 9041.232422>
[COT 2024-02-09 14:41:08] 76561199407766611: Spawned Entity Doc's Oilfoil M4 Carstock (DOC_M4CARSTOCK_OILFOIL<3f21c320>, 100, 200, 0) at <1562.914795, 9.623052, 9040.332031>
[COT 2024-02-09 14:41:13] 76561199407766611: Spawned Entity Doc's Oilfoil M4 RIS Handguard (DOC_M4RIS_OILFOIL<3f24c9d0>, 100, 250, 0) at <1562.888428, 9.704313, 9040.337891>
[COT 2024-02-09 14:41:25] 76561199407766611: Spawned Entity Blue's Pistol Suppressor (ItemSuppressor<3f24e0f0>, 100, 1800, 0) at <1562.860840, 9.767880, 9040.332031>
[COT 2024-02-09 14:41:29] 76561199407766611: Spawned Entity Doc's Oilfoil Suppressor (ItemSuppressor<3f244aa0>, 100, 1800, 0) at <1562.865967, 9.799610, 9040.330078>
[COT 2024-02-09 14:41:40] 76561199407766611: Spawned Entity Doc's Glock - Turquoise/Grey (DOC_GLOCK_TRQGRY<f61bdb80>, 100, 2800, 0) at <1562.843506, 9.838823, 9040.332031>
[COT 2024-02-09 14:41:47] 76561199407766611: Spawned Entity Doc's Oilfoil M4 (DOC_M4_OILFOIL<44711730>, 30, 1200, 0) at <1562.825928, 9.902881, 9040.330078>
[COT 2024-02-09 14:41:55] 76561199407766611: Spawned Entity Doc's Oilfoil Stanag69 (DOC_STANAG69_OILFOIL<3c97a460>, 69, 200, 0) at <1562.825562, 9.999139, 9040.351563>
[COT 2024-02-09 14:41:55] 76561199407766611: Spawned Entity Doc's Oilfoil Stanag69 (DOC_STANAG69_OILFOIL<3c982f20>, 69, 200, 0) at <1562.808960, 10.085918, 9040.353516>
[COT 2024-02-09 14:41:56] 76561199407766611: Spawned Entity Doc's Oilfoil Stanag69 (DOC_STANAG69_OILFOIL<3c97d2a0>, 69, 200, 0) at <1562.781616, 10.172381, 9040.356445>
[COT 2024-02-09 14:42:24] 76561199407766611: Spawned Entity Crab shirt 1 (DOC_SHIRT_CCRAB1<19c56960>, 69, 70, 0) at <1562.770020, 10.488736, 9040.384766>
[COT 2024-02-09 14:42:44] 76561199407766611: Spawned Entity 15rd Mlock-91 Mag (Mag_Glock_15Rnd<19c67ee0>, 15, 100, 0) at <1562.592285, 10.665900, 9040.300781>
[COT 2024-02-09 14:42:44] 76561199407766611: Spawned Entity 15rd Mlock-91 Mag (Mag_Glock_15Rnd<19c616d0>, 15, 100, 0) at <1562.571167, 10.737382, 9040.297852>
[COT 2024-02-09 14:42:44] 76561199407766611: Spawned Entity 15rd Mlock-91 Mag (Mag_Glock_15Rnd<19c6a190>, 15, 100, 0) at <1562.551392, 10.808863, 9040.296875>
[COT 2024-02-09 14:43:31] 76561199407766611: Spawned Entity S.T.A.G. Research Project Sample Z-42 (jmc_grenade_z<fbac45e0>, 100, 5, 0) at <1562.880981, 10.074091, 9040.583984>
[COT 2024-02-09 14:43:34] 76561199407766611: Spawned Entity 8-M4 Flashbang (FlashGrenade<fbacbe80>, 100, 20, 0) at <1562.830322, 10.182549, 9040.567383>
[COT 2024-02-09 14:43:34] 76561199407766611: Spawned Entity 8-M4 Flashbang (FlashGrenade<fbacca90>, 100, 20, 0) at <1562.787598, 10.278586, 9040.546875>
[COT 2024-02-09 14:43:36] 76561199407766611: Spawned Entity 6-M7 Frag Grenade (M67Grenade<fbac9a50>, 100, 50, 0) at <1562.749146, 10.374104, 9040.526367>
[COT 2024-02-09 14:44:03] 76561199407766611: Spawned Entity Boxed Nails (NailBox<2ecb50c0>, 100, 80, 0) at <1562.877686, 10.074092, 9040.591797>
[COT 2024-02-09 14:44:04] 76561199407766611: Spawned Entity Boxed Nails (NailBox<2ecc71d0>, 100, 80, 0) at <1562.794312, 10.273184, 9040.549805>
[COT 2024-02-09 14:44:17] 76561199407766611: Spawned Entity Packed Purple Kush Cannabis Seeds (CP_CannabisSeedsPackKush<1a7c1560>, 100, 5, 0) at <1562.893311, 10.074092, 9040.599609>
[COT 2024-02-09 14:44:17] 76561199407766611: Spawned Entity Packed Purple Kush Cannabis Seeds (CP_CannabisSeedsPackKush<1a7c09d0>, 100, 5, 0) at <1562.867920, 10.132336, 9040.586914>
[COT 2024-02-09 14:46:45] 76561199407766611: Teleported to position <6258.585938, 18.410000, 14581.934570>
[COT 2024-02-09 14:47:21] 76561199407766611: Spawned Entity Packed Purple Kush Cannabis Seeds (CP_CannabisSeedsPackKush<24059440>, 100, 5, 0) at <6239.702148, 18.728214, 14500.678711>
[COT 2024-02-09 14:47:22] 76561199407766611: Spawned Entity Packed Purple Kush Cannabis Seeds (CP_CannabisSeedsPackKush<24064d40>, 100, 5, 0) at <6239.702148, 18.728214, 14500.678711>
[COT 2024-02-09 14:47:23] 76561199407766611: Spawned Entity Packed Blue God Cannabis Seeds (CP_CannabisSeedsPackBlue<24061370>, 100, 5, 0) at <6239.702148, 18.728214, 14500.678711>
[COT 2024-02-09 14:47:25] 76561199407766611: Spawned Entity Packed Cannabis Future Seeds (CP_CannabisSeedsPackFuture<2405f0c0>, 100, 5, 0) at <6239.702148, 18.728214, 14500.678711>
[COT 2024-02-09 14:47:34] 76561199407766611: Spawned Entity Mini Safe (ExpansionSafeMini<2404ad00>, 100, 10000, 0) at <6239.293945, 18.728256, 14499.086914>
[COT 2024-02-09 14:47:37] 76561199407766611: Deleted Entity ExpansionSafeMini:23716 at <6239.293945, 18.728397, 14499.086914>
[COT 2024-02-09 14:47:41] 76561199407766611: Spawned Entity Mini Safe (ExpansionSafeMini<4f107ce0>, 100, 10000, 0) at <6239.347656, 18.728254, 14499.036133>
[COT 2024-02-09 14:47:45] 76561199407766611: Deleted Entity ExpansionSafeMini:8495 at <6239.347656, 18.728395, 14499.036133>
[COT 2024-02-09 14:47:57] 76561199407766611: Spawned Entity Mini Safe (ExpansionSafeMini<2441fec0>, 100, 10000, 0) at <6239.513672, 18.728254, 14499.091797>
[COT 2024-02-09 14:48:01] 76561199407766611: Deleted Entity ExpansionSafeMini:27677 at <6239.513672, 18.728395, 14499.091797>
[COT 2024-02-09 14:48:04] 76561199407766611: Entered the Free Camera
[COT 2024-02-09 14:48:09] 76561199407766611: Spawned Entity Mini Safe (ExpansionSafeMini<2441fec0>, 100, 10000, 0) at <6239.290527, 19.729094, 14498.516602>
[COT 2024-02-09 14:48:21] 76561199407766611: Deleted Entity ExpansionSafeMini:33569 at <6239.290527, 19.729235, 14498.516602>
[COT 2024-02-09 14:48:33] 76561199407766611: Spawned Entity Mini Safe (ExpansionSafeMini<571b0310>, 100, 10000, 0) at <6239.489746, 18.728254, 14499.214844>
[COT 2024-02-09 14:48:39] 76561199407766611: Deleted Entity ExpansionSafeMini:27218 at <6239.489746, 18.728395, 14499.214844>
[COT 2024-02-09 14:48:47] 76561199407766611: Spawned Entity Mini Safe (ExpansionSafeMini<55aa5c30>, 100, 10000, 0) at <6239.402832, 18.728254, 14499.206055>
[COT 2024-02-09 14:48:52] 76561199407766611: Deleted Entity ExpansionSafeMini:9850 at <6239.402832, 18.728395, 14499.206055>
[COT 2024-02-09 14:48:56] 76561199407766611: Spawned Entity Mini Safe (ExpansionSafeMini<40a25cf0>, 100, 10000, 0) at <6239.265625, 18.728254, 14498.910156>
[COT 2024-02-09 14:48:58] 76561199407766611: Deleted Entity ExpansionSafeMini:25318 at <6239.265625, 18.728395, 14498.910156>
[COT 2024-02-09 14:49:01] 76561199407766611: Spawned Entity Mini Safe (ExpansionSafeMini<40a25cf0>, 100, 10000, 0) at <6239.372070, 18.728254, 14498.821289>
[COT 2024-02-09 14:49:06] 76561199407766611: Deleted Entity ExpansionSafeMini:9850 at <6239.372070, 18.728395, 14498.821289>
[COT 2024-02-09 14:49:10] 76561199407766611: Spawned Entity Mini Safe (ExpansionSafeMini<4ac30f10>, 100, 10000, 0) at <6239.442871, 18.728254, 14499.123047>
[COT 2024-02-09 14:49:19] 76561199407766611: Left the Free Camera
[COT 2024-02-09 14:49:42] 76561199407766611: Spawned Entity Boxed Nails (NailBox<2f1f2ed0>, 100, 80, 0) at <6239.753418, 18.728254, 14499.826172>
[COT 2024-02-09 14:49:42] 76561199407766611: Spawned Entity Boxed Nails (NailBox<2f202d30>, 100, 80, 0) at <6239.766602, 18.927694, 14499.876953>
[COT 2024-02-09 14:49:52] 76561199407766611: Spawned Entity M200Sand (408Cheytac) (CZ527_Base<53d7b5a0>, 100, 300, 0) at <6239.777832, 19.127136, 14499.932617>
[COT 2024-02-09 14:49:57] 76561199407766611: Spawned Entity M200Sand_mag_7Rnd (Mag_CZ527_5rnd<2f201610>, 7, 100, 0) at <6239.781250, 19.163187, 14499.936523>
[COT 2024-02-09 14:49:57] 76561199407766611: Spawned Entity M200Sand_mag_7Rnd (Mag_CZ527_5rnd<2f1fd0b0>, 7, 100, 0) at <6239.783691, 19.222977, 14499.952148>
[COT 2024-02-09 14:49:57] 76561199407766611: Spawned Entity M200Sand_mag_7Rnd (Mag_CZ527_5rnd<2f205b70>, 7, 100, 0) at <6239.786133, 19.282766, 14499.965820>
[COT 2024-02-09 14:50:31] 76561199407766611: Spawned Entity Retro Toy (ItemBase<54e84b30>, 100, 100, 0) at <6239.742188, 18.728254, 14499.800781>
[COT 2024-02-09 14:50:33] 76561199407766611: Spawned Entity Pokemon Card - Grass Energy (ItemBase<54e8bed0>, 100, 100, 0) at <6239.747070, 18.807577, 14499.825195>
[COT 2024-02-09 14:50:35] 76561199407766611: Spawned Entity Pokemon Card - Jolteon (ItemBase<54e856c0>, 100, 100, 0) at <6239.747070, 18.807583, 14499.829102>
[COT 2024-02-09 14:52:25] 76561199407766611: Teleported to position <9675.029297, 30.029413, 12327.708008>
[COT 2024-02-09 14:52:59] 76561199407766611: Spawned Entity Mercedes-Benz W140 White (MBw140_white<28208ba0>, 100, 10000, 0) at <9704.666016, 29.693367, 12342.778320>
[COT 2024-02-09 14:53:09] 76561199407766611: Spawned Entity Mercedes-Benz W140 Wheel (MBw140_Wheel<4ca79560>, 100, 200, 0) at <9703.375977, 29.746706, 12345.637695>
[COT 2024-02-09 14:53:09] 76561199407766611: Spawned Entity Mercedes-Benz W140 Wheel (MBw140_Wheel<40f4c8a0>, 100, 200, 0) at <9703.375000, 29.746714, 12345.635742>
[COT 2024-02-09 14:53:09] 76561199407766611: Spawned Entity Mercedes-Benz W140 Wheel (MBw140_Wheel<40f63aa0>, 100, 200, 0) at <9703.375000, 29.746696, 12345.634766>
[COT 2024-02-09 14:53:09] 76561199407766611: Spawned Entity Mercedes-Benz W140 Wheel (MBw140_Wheel<444b8b90>, 100, 200, 0) at <9703.375000, 29.746685, 12345.633789>
[COT 2024-02-09 14:53:29] 76561199407766611: Spawned Entity Mercedes-Benz W140 Left Door (MBw140_Doors_Driver<554e9b60>, 100, 500, 0) at <9702.458008, 29.723503, 12343.205078>
[COT 2024-02-09 14:53:34] 76561199407766611: Spawned Entity Mercedes-Benz W140 Black Rear left door (MBw140_Doors_cargo1<554ed530>, 100, 500, 0) at <9702.520508, 30.151304, 12343.634766>
[COT 2024-02-09 14:53:40] 76561199407766611: Spawned Entity Mercedes-Benz W140 gold Right Door (MBw140_Doors_coDriver<587c1fe0>, 100, 500, 0) at <9702.579102, 30.507387, 12343.992188>
[COT 2024-02-09 14:53:57] 76561199407766611: Spawned Entity Mercedes-Benz W140 Hood (MBw140_Doors_hood<587dc020>, 100, 500, 0) at <9703.194336, 29.712093, 12342.935547>
[COT 2024-02-09 14:54:03] 76561199407766611: Spawned Entity Mercedes-Benz W140 Blue Trunk Door (MBw140_Doors_trunk<3eb6b9a0>, 100, 500, 0) at <9703.278320, 30.250429, 12343.492188>
[COT 2024-02-09 14:54:14] 76561199407766611: Spawned Entity Mercedes-Benz W140 Green Rear right door (MBw140_Doors_cargo2<3a8fb4f0>, 100, 500, 0) at <9703.284180, 30.250027, 12343.489258>
[COT 2024-02-09 14:54:28] 76561199407766611: Deleted Entity MBw140_Doors_hood:9220 at <9703.194336, 30.145094, 12342.935547>
[COT 2024-02-09 14:54:40] 76561199407766611: Spawned Entity Mercedes-Benz W140 Black Hood (MBw140_Doors_hood<4c3ab410>, 100, 500, 0) at <9702.811523, 29.722914, 12343.401367>
[COT 2024-02-09 14:55:16] 76561199407766611: Spawned Entity Car Radiator (CarRadiator<5a75b970>, 100, 250, 0) at <9704.612305, 29.734125, 12345.620117>
[COT 2024-02-09 14:55:23] 76561199407766611: Spawned Entity Spark Plug (SparkPlug<26d3a630>, 100, 20, 0) at <9704.612305, 30.211840, 12345.680664>
[COT 2024-02-09 14:55:29] 76561199407766611: Spawned Entity Car Battery (CarBattery<2640afb0>, 50, 200, 0) at <9704.598633, 30.278751, 12345.652344>
[COT 2024-02-09 14:56:00] 76561199407766611: Spawned Entity Jerrycan (CanisterGasoline<fbac45e0>, 20000, 300, 512) at <9704.317383, 29.749977, 12346.652344>
[COT 2024-02-09 14:56:50] 76561199407766611: Spawned Entity Sora's Keyblade (DOC_Keyblade<4eec8290>, 100, 600, 0) at <9705.784180, 29.633228, 12339.700195>
[COT 2024-02-09 14:57:13] 76561199407766611: Entered the Free Camera
[COT 2024-02-09 14:58:40] 76561199407766611: Left the Free Camera
[COT 2024-02-09 14:58:55] 76561199407766611: Spawned Entity Sea Chest (SeaChest<539a19e0>, 100, 600, 0) at <9133.638672, 70.521996, 12829.378906>
[COT 2024-02-09 14:59:03] 76561199407766611: Spawned Entity Shovel (Shovel<35b8b410>, 100, 200, 0) at <9133.977539, 70.573631, 12829.237305>
[COT 2024-02-09 14:59:17] 76561199407766611: Spawned Entity Human Skull (ItemBase<35b84c00>, 100, 100, 0) at <9134.189453, 70.468666, 12829.286133>
[COT 2024-02-09 14:59:18] 76561199407766611: Spawned Entity Human Skull (ItemBase<35b93ed0>, 100, 100, 0) at <9134.250000, 70.672035, 12829.220703>
[COT 2024-02-09 14:59:18] 76561199407766611: Spawned Entity Human Skull (ItemBase<35b91090>, 100, 100, 0) at <9134.315430, 70.896255, 12829.148438>
[COT 2024-02-09 14:59:25] 76561199407766611: Spawned Entity Human Steak (HumanSteakMeat<35b955f0>, 150, 50, 4) at <9134.383789, 71.135941, 12829.076172>
[COT 2024-02-09 14:59:25] 76561199407766611: Spawned Entity Human Steak (HumanSteakMeat<35b8f970>, 150, 50, 4) at <9134.410156, 71.225601, 12829.046875>
[COT 2024-02-09 14:59:37] 76561199407766611: Spawned Entity Initiates Blade Of The Withering Flesh (DOC_CULT_SWORD<4b1ad320>, 150, 600, 0) at <9134.434570, 71.315262, 12829.011719>
[COT 2024-02-09 15:02:42] 76561199407766611: Spawned Entity Jest's Wonderbread (wonderbread_mung<4503dbf0>, 120, 100, 0) at <9133.832031, 70.517311, 12829.170898>
[COT 2024-02-09 15:03:02] 76561199407766611: Spawned Entity Doc's Glock - Tan/Green (DOC_GLOCK_TANGRN<f61e75b0>, 120, 2800, 0) at <9133.901367, 70.717308, 12829.016602>
[COT 2024-02-09 15:03:03] 76561199407766611: Spawned Entity 15rd Mlock-91 Mag (Mag_Glock_15Rnd<44ca2190>, 15, 100, 0) at <9133.915039, 70.760826, 12828.986328>
[COT 2024-02-09 15:03:03] 76561199407766611: Spawned Entity 15rd Mlock-91 Mag (Mag_Glock_15Rnd<44ca38b0>, 15, 100, 0) at <9133.940430, 70.833122, 12828.930664>
[COT 2024-02-09 15:03:15] 76561199407766611: Spawned Entity Bunker's Pistol Suppressor (ItemSuppressor<44ca4fd0>, 15, 1800, 0) at <9133.964844, 70.900925, 12828.877930>
[COT 2024-02-09 15:03:27] 76561199407766611: Spawned Entity Smartphone - Blue (ItemBase<44ca5b60>, 15, 100, 0) at <9133.968750, 70.930275, 12828.860352>
[COT 2024-02-09 15:09:05] 76561198036774377: Teleported to position <3500.272217, 6.567278, 15901.911133>
[COT 2024-02-09 15:09:25] 76561198036774377: Spawned Entity Flag Pole Kit (TerritoryFlagKit<3e99b7d0>, 100, 200, 0) at <3498.264160, 6.565682, 15902.440430>
