[COT 2024-01-20 17:05:47] 76561198036774377: Teleported to position <10322.951172, 2.302757, 5586.645508>
[COT 2024-01-20 17:07:26] 76561198036774377: Teleported to position <5640.987305, 28.707912, 5379.721680>
[COT 2024-01-20 17:07:42] 76561198036774377: Healed [guid=mBNlxASsPlOcry0dpDl8K-WgHNR5WMCMmoJ9NhpU4FY=]
[COT 2024-01-20 17:52:13] 76561198036774377: Teleported to position <10326.061523, 2.058332, 5592.119141>
[COT 2024-01-20 17:54:14] 76561198036774377: Spawned Entity Glow Plug (GlowPlug<55033a50>, 100, 20, 0) at <10323.104492, 0.929077, 5637.121582>
[COT 2024-01-20 18:12:26] 76561198036774377: Teleported to position <3499.027832, 6.546301, 15907.767578>
[COT 2024-01-20 18:12:36] 76561198036774377: Entered the Free Camera
[COT 2024-01-20 18:12:39] 76561198036774377: Left the Free Camera
[COT 2024-01-20 18:13:10] 76561198036774377: Spawned Entity Bunker's Personal Sidearm - ADMIN EDITION (DOC_ADMIN_DOC_BUNKER_GLOCK<dc5d78a0>, 100, 3000, 0) at <3504.412598, 9.612735, 15897.458008>
[COT 2024-01-20 18:13:38] 76561198036774377: Entered the Free Camera
[COT 2024-01-20 18:13:45] 76561198036774377: Deleted Entity ExpansionUtilityBoat:33339 at <3472.803467, 0.273506, 15951.311523>
[COT 2024-01-20 18:13:49] 76561198036774377: Deleted Entity ExpansionZodiacBoat:33348 at <3469.062988, 0.577388, 15944.787109>
[COT 2024-01-20 18:14:26] 76561198036774377: Teleported to position <5623.553711, 28.709999, 5412.580078>
[COT 2024-01-20 18:14:30] 76561198036774377: Left the Free Camera
[COT 2024-01-20 18:15:15] 76561198036774377: Healed [guid=mBNlxASsPlOcry0dpDl8K-WgHNR5WMCMmoJ9NhpU4FY=]
[COT 2024-01-20 18:15:15] 76561198036774377: Healed [guid=mBNlxASsPlOcry0dpDl8K-WgHNR5WMCMmoJ9NhpU4FY=]
[COT 2024-01-20 18:22:40] 76561198036774377: Spawned Entity MVS Combat Belt - Tan (Modular_Belt_Base<3d713410>, 100, 100, 0) on 76561198036774377
[COT 2024-01-20 18:24:12] 76561198036774377: Spawned Entity Car Battery (CarBattery<26dae790>, 50, 200, 0) on 76561198036774377
[COT 2024-01-20 18:28:06] 76561198036774377: Spawned Entity MVS Raid Pouch - Tan (Modular_Pouch_Base_Taco<3284fe60>, 100, 100, 0) on 76561198036774377
[COT 2024-01-20 18:29:13] 76561198036774377: Spawned Entity Boxed 5.56x45mm Rounds (AmmoBox_556x45_20Rnd<f6aeb070>, 100, 100, 0) at <5644.827148, 28.709995, 5404.122559>
[COT 2024-01-20 18:29:13] 76561198036774377: Spawned Entity Boxed 5.56x45mm Rounds (AmmoBox_556x45_20Rnd<f6aef5d0>, 100, 100, 0) at <5644.854980, 28.728733, 5404.121094>
[COT 2024-01-20 18:29:13] 76561198036774377: Spawned Entity Boxed 5.56x45mm Rounds (AmmoBox_556x45_20Rnd<f6af0160>, 100, 100, 0) at <5644.884277, 28.748360, 5404.119629>
[COT 2024-01-20 18:29:13] 76561198036774377: Spawned Entity Boxed 5.56x45mm Rounds (AmmoBox_556x45_20Rnd<f6af0cf0>, 100, 100, 0) at <5644.913574, 28.767986, 5404.117676>
[COT 2024-01-20 18:29:14] 76561198036774377: Spawned Entity Boxed 5.56x45mm Rounds (AmmoBox_556x45_20Rnd<f6afa340>, 100, 100, 0) at <5644.942871, 28.787613, 5404.116211>
[COT 2024-01-20 18:29:14] 76561198036774377: Spawned Entity Boxed 5.56x45mm Rounds (AmmoBox_556x45_20Rnd<f6af8c20>, 100, 100, 0) at <5644.972168, 28.807240, 5404.114746>
[COT 2024-01-20 18:33:11] 76561198036774377: Spawned Entity Flag Pole Kit (TerritoryFlagKit<30c4a480>, 100, 200, 0) at <5645.456055, 28.710026, 5404.052734>
[COT 2024-01-20 19:01:07] 76561198036774377: Healed [guid=HQAtXFe6fZZL90M2CD_a22otF9NJ2s4t7n-ol5BAu6o=]
[COT 2024-01-20 19:01:26] 76561198036774377: Teleported to position <8253.682617, 5.130000, 9414.319336>
[COT 2024-01-20 19:03:50] 76561198036774377: Teleported to position <5644.020508, 28.698858, 5378.760742>
[COT 2024-01-20 19:40:30] 76561199407766611: Set GodMode To true [guid=spMEkRl42onhFHdF_u42e0T03x2sj347kUc600NXdGA=]
[COT 2024-01-20 19:40:30] 76561199407766611: Set Invisibility To 1 [guid=spMEkRl42onhFHdF_u42e0T03x2sj347kUc600NXdGA=]
[COT 2024-01-20 19:40:31] 76561199407766611: Set UnlimitedStamina To true [guid=spMEkRl42onhFHdF_u42e0T03x2sj347kUc600NXdGA=]
[COT 2024-01-20 19:40:32] 76561199407766611: Set UnlimitedAmmo To true [guid=spMEkRl42onhFHdF_u42e0T03x2sj347kUc600NXdGA=]
[COT 2024-01-20 19:40:56] 76561199407766611: Teleported to position <1254.399414, 5.568511, 12715.804688>
[COT 2024-01-20 19:41:27] 76561199407766611: ESP: ESP updating
[COT 2024-01-20 19:42:27] 76561199407766611: Entered the Free Camera
[COT 2024-01-20 19:43:22] 76561199407766611: Left the Free Camera
[COT 2024-01-20 19:44:27] 76561199407766611: Entered the Free Camera
[COT 2024-01-20 19:46:06] 76561199407766611: Left the Free Camera
[COT 2024-01-20 19:46:32] 76561199407766611: Entered the Free Camera
[COT 2024-01-20 19:47:34] 76561199407766611: Left the Free Camera
[COT 2024-01-20 19:47:43] 76561199407766611: Teleported to position <1889.986572, 9.190000, 8958.533203>
[COT 2024-01-20 19:48:58] 76561199407766611: Teleported to position <14043.437500, 39.486919, 6904.205078>
[COT 2024-01-20 19:49:44] 76561199407766611: Spawned Entity RHIB (ExpansionUtilityBoat<984d3d10>, 100, 10000, 0) at <14069.723633, 0.013561, 7044.699219>
[COT 2024-01-20 19:50:23] 76561199407766611: Deleted Entity ExpansionUtilityBoat_Black:30432 at <14065.083984, -0.374397, 7095.358398>
[COT 2024-01-20 19:50:31] 76561199407766611: Spawned Entity PBX (ExpansionZodiacBoat<984d3d10>, 100, 10000, 0) at <14066.371094, -0.131783, 7054.219727>
[COT 2024-01-20 19:56:36] 76561199407766611: Teleported to position <6536.273926, 11.292193, 7477.429688>
[COT 2024-01-20 19:56:40] 76561199407766611: Entered the Free Camera
[COT 2024-01-20 19:57:19] 76561199407766611: Left the Free Camera
[COT 2024-01-20 19:58:15] 76561199407766611: Teleported to position <2448.663086, 11.274993, 13952.354492>
[COT 2024-01-20 19:59:16] 76561198036774377: Healed [guid=mBNlxASsPlOcry0dpDl8K-WgHNR5WMCMmoJ9NhpU4FY=]
[COT 2024-01-20 20:00:16] 76561199407766611: Teleported to position <1050.730713, 3.416997, 10644.845703>
[COT 2024-01-20 20:01:09] 76561199407766611: Teleported to position <5605.376953, 28.709999, 5416.562500>
[COT 2024-01-20 20:05:38] 76561198036774377: Spawned Entity Fat (Lard<5321f150>, 200, 100, 1) at <5647.285645, 28.709999, 5404.334961>
[COT 2024-01-20 20:05:49] 76561198036774377: Spawned Entity Beef Steak (CowSteakMeat<3cefd7c0>, 500, 50, 1) at <5647.317383, 28.816799, 5404.323242>
[COT 2024-01-20 20:05:49] 76561198036774377: Spawned Entity Beef Steak (CowSteakMeat<3cefa980>, 500, 50, 1) at <5647.344238, 28.906578, 5404.313477>
[COT 2024-01-20 20:05:50] 76561198036774377: Spawned Entity Beef Steak (CowSteakMeat<3cefe350>, 500, 50, 1) at <5647.371094, 28.996382, 5404.303223>
[COT 2024-01-20 20:05:50] 76561198036774377: Spawned Entity Beef Steak (CowSteakMeat<3cefc0a0>, 500, 50, 1) at <5647.397949, 29.086760, 5404.293457>
[COT 2024-01-20 20:05:50] 76561198036774377: Spawned Entity Beef Steak (CowSteakMeat<3cef86d0>, 500, 50, 1) at <5647.423828, 29.174280, 5404.283691>
[COT 2024-01-20 20:05:50] 76561198036774377: Spawned Entity Beef Steak (CowSteakMeat<3cf01190>, 500, 50, 1) at <5647.450684, 29.264496, 5404.273926>
[COT 2024-01-20 20:05:51] 76561198036774377: Spawned Entity Beef Steak (CowSteakMeat<3ceffa70>, 500, 50, 1) at <5647.477051, 29.352139, 5404.264160>
[COT 2024-01-20 20:05:51] 76561198036774377: Spawned Entity Beef Steak (CowSteakMeat<3cf028b0>, 500, 50, 1) at <5647.503906, 29.442114, 5404.254395>
[COT 2024-01-20 20:06:11] 76561198036774377: Spawned Entity Beef Steak (CowSteakMeat<1b214ff0>, 500, 50, 1) at <5646.792480, 28.750816, 5404.288574>
[COT 2024-01-20 20:06:11] 76561198036774377: Spawned Entity Beef Steak (CowSteakMeat<1b1f24f0>, 500, 50, 1) at <5646.815918, 28.838217, 5404.311523>
[COT 2024-01-20 20:06:12] 76561198036774377: Spawned Entity Beef Steak (CowSteakMeat<f98cf670>, 500, 50, 1) at <5646.839844, 28.928410, 5404.334961>
[COT 2024-01-20 20:06:12] 76561198036774377: Spawned Entity Beef Steak (CowSteakMeat<f98a3520>, 500, 50, 1) at <5646.864258, 29.018782, 5404.358398>
[COT 2024-01-20 20:06:12] 76561198036774377: Spawned Entity Beef Steak (CowSteakMeat<f98aa8c0>, 500, 50, 1) at <5646.888184, 29.108488, 5404.381348>
[COT 2024-01-20 20:07:26] 76561198036774377: Spawned Entity Ballgrill (ballgrill_mung<56e687f0>, 100, 1000, 0) at <5648.083008, 28.709999, 5406.802246>
[COT 2024-01-20 20:11:15] 76561198036774377: Spawned Entity Camo Net (CamoNet<3b43cb80>, 100, 120, 0) at <5636.421875, 28.710003, 5375.534668>
[COT 2024-01-20 20:16:42] 76561198036774377: Deleted Entity CowSteakMeat:25304 at <5648.201660, 28.727108, 5404.009277>
[COT 2024-01-20 20:16:44] 76561198036774377: Deleted Entity Roadflare:12477 at <5647.884277, 28.724730, 5403.504395>
[COT 2024-01-20 20:17:13] 76561198036774377: Set GodMode To true [guid=mBNlxASsPlOcry0dpDl8K-WgHNR5WMCMmoJ9NhpU4FY=]
[COT 2024-01-20 20:17:13] 76561198036774377: Set Invisibility To 1 [guid=mBNlxASsPlOcry0dpDl8K-WgHNR5WMCMmoJ9NhpU4FY=]
[COT 2024-01-20 20:17:20] 76561198036774377: Teleported to position <6085.345703, 33.065655, 6926.261719>
[COT 2024-01-20 20:18:18] 76561198036774377: Teleported to position <6402.832520, 69.284325, 7146.212891>
[COT 2024-01-20 20:18:23] 76561198036774377: Entered the Free Camera
[COT 2024-01-20 20:18:48] 76561198036774377: Spawned Entity Wolf (Animal_CanisLupus<4a38fb00>, 100, 200, 0) at <6430.890625, 62.573170, 7074.261230>
[COT 2024-01-20 20:18:51] 76561198036774377: Left the Free Camera
[COT 2024-01-20 20:19:02] 76561198036774377: Teleported to position <5657.220703, 28.709999, 5402.242188>
[COT 2024-01-20 20:19:09] 76561198036774377: Set Invisibility To 0 [guid=mBNlxASsPlOcry0dpDl8K-WgHNR5WMCMmoJ9NhpU4FY=]
[COT 2024-01-20 22:24:05] 76561199407766611: Teleported to position <3731.888184, 11.450000, 9714.394531>
[COT 2024-01-20 22:24:11] 76561199407766611: Set GodMode To true [guid=spMEkRl42onhFHdF_u42e0T03x2sj347kUc600NXdGA=]
[COT 2024-01-20 22:24:12] 76561199407766611: Set UnlimitedAmmo To true [guid=spMEkRl42onhFHdF_u42e0T03x2sj347kUc600NXdGA=]
[COT 2024-01-20 22:24:12] 76561199407766611: Set UnlimitedStamina To true [guid=spMEkRl42onhFHdF_u42e0T03x2sj347kUc600NXdGA=]
[COT 2024-01-20 22:24:25] 76561199407766611: ESP: Viewing ESP
[COT 2024-01-20 22:25:00] 76561199407766611: Entered the Free Camera
[COT 2024-01-20 22:25:09] 76561199407766611: Left the Free Camera
[COT 2024-01-20 22:25:28] 76561199407766611: Spawned Entity Remington870Tactical (12ga) (Mp133Shotgun_Base<40721eb0>, 100, 200, 0) at <3742.025635, 11.694252, 9711.744141>
[COT 2024-01-20 22:26:20] 76561199407766611: Entered the Free Camera
[COT 2024-01-20 22:26:36] 76561199407766611: ESP: Clearing ESP
[COT 2024-01-20 22:27:24] 76561199407766611: Left the Free Camera
[COT 2024-01-20 22:35:36] 76561199407766611: Teleported to position <5642.171387, 28.709999, 5410.591797>
