[COT 2024-02-04 18:35:44] 76561198036774377: Teleported to position <3493.909912, 6.557621, 15899.228516>
[COT 2024-02-04 18:40:25] 76561198036774377: Spawned Entity Mh-6 Little Bird (ExpansionMh6<8d9e7b40>, 50000, 5000, 0) at <3492.379395, 6.559308, 15896.281250>
[COT 2024-02-04 18:40:31] 76561198036774377: Spawned Entity Mh-6 Little Bird (ExpansionMh6<8d9fafb0>, 50000, 5000, 0) at <3490.609619, 6.528623, 15901.493164>
[COT 2024-02-04 18:40:46] 76561198036774377: Spawned Entity Mh-6 Little Bird (ExpansionMh6<4c4eddb0>, 50000, 5000, 0) at <3498.528809, 6.554472, 15896.315430>
[COT 2024-02-04 18:40:52] 76561198036774377: Spawned Entity Mh-6 Little Bird (ExpansionMh6<983579c0>, 50000, 5000, 0) at <3501.066895, 6.561473, 15903.355469>
[COT 2024-02-04 18:40:59] 76561198036774377: Spawned Entity Mh-6 Little Bird (ExpansionMh6<647cf4d0>, 50000, 5000, 0) at <3496.065674, 6.488580, 15910.380859>
[COT 2024-02-04 18:41:06] 76561198036774377: Spawned Entity Mh-6 Little Bird (ExpansionMh6<b6ebf480>, 50000, 5000, 0) at <3501.572510, 6.516364, 15912.575195>
[COT 2024-02-04 18:41:15] 76561198036774377: Spawned Entity Mh-6 Little Bird (ExpansionMh6<b6ed5500>, 50000, 5000, 0) at <3509.461914, 6.494158, 15911.472656>
[COT 2024-02-04 18:41:25] 76561198036774377: Spawned Entity Mh-6 Little Bird (ExpansionMh6<b6ed28f0>, 50000, 5000, 0) at <3511.107178, 6.283669, 15901.143555>
[COT 2024-02-04 18:41:33] 76561198036774377: Spawned Entity Mh-6 Little Bird (ExpansionMh6<b6ec2090>, 50000, 5000, 0) at <3506.418701, 6.381123, 15891.486328>
[COT 2024-02-04 18:41:44] 76561198036774377: Spawned Entity Mh-6 Little Bird (ExpansionMh6<b6ecd0d0>, 50000, 5000, 0) at <3499.215820, 6.371194, 15885.514648>
[COT 2024-02-04 18:41:51] 76561198036774377: Spawned Entity Mh-6 Little Bird (ExpansionMh6<b6ed8110>, 50000, 5000, 0) at <3505.276367, 6.025067, 15880.058594>
[COT 2024-02-04 18:42:01] 76561198036774377: Spawned Entity Mh-6 Little Bird (ExpansionMh6<b6ecfce0>, 50000, 5000, 0) at <3491.687500, 6.177364, 15880.947266>
[COT 2024-02-04 18:42:11] 76561198036774377: Spawned Entity Mh-6 Little Bird (ExpansionMh6<b6ec78b0>, 50000, 5000, 0) at <3486.184326, 6.446223, 15887.717773>
[COT 2024-02-04 18:42:16] 76561198036774377: Spawned Entity Mh-6 Front-Left Door (Expansion_Mh6_Door_1_1<d48c3730>, 50000, 500, 0) at <3483.739502, 6.514354, 15894.523438>
[COT 2024-02-04 18:42:18] 76561198036774377: Spawned Entity Mh-6 Front-Left Door (Expansion_Mh6_Door_1_1<d488a5c0>, 50000, 500, 0) at <3485.332764, 6.517031, 15893.475586>
[COT 2024-02-04 18:42:23] 76561198036774377: Spawned Entity Mh-6 Little Bird (ExpansionMh6<b6ec4ca0>, 50000, 5000, 0) at <3485.686768, 6.729668, 15893.306641>
[COT 2024-02-04 18:42:32] 76561198036774377: Spawned Entity Mh-6 Little Bird (ExpansionMh6<b6edad20>, 50000, 5000, 0) at <3478.167969, 6.470057, 15892.649414>
[COT 2024-02-04 18:42:40] 76561198036774377: Spawned Entity Mh-6 Little Bird (ExpansionMh6<b6eca4c0>, 50000, 5000, 0) at <3475.000732, 6.400093, 15897.394531>
[COT 2024-02-04 18:42:48] 76561198036774377: Spawned Entity Mh-6 Little Bird (ExpansionMh6<b6eeb580>, 50000, 5000, 0) at <3479.696045, 6.408477, 15902.028320>
[COT 2024-02-04 18:57:33] 76561199407766611: Teleported to position <4587.572754, 20.430000, 7093.450195>
[COT 2024-02-04 18:57:40] 76561199407766611: Set GodMode To true [guid=spMEkRl42onhFHdF_u42e0T03x2sj347kUc600NXdGA=]
[COT 2024-02-04 18:57:40] 76561199407766611: Set Invisibility To 1 [guid=spMEkRl42onhFHdF_u42e0T03x2sj347kUc600NXdGA=]
[COT 2024-02-04 18:57:41] 76561199407766611: Set UnlimitedStamina To true [guid=spMEkRl42onhFHdF_u42e0T03x2sj347kUc600NXdGA=]
[COT 2024-02-04 18:57:41] 76561199407766611: Set UnlimitedAmmo To true [guid=spMEkRl42onhFHdF_u42e0T03x2sj347kUc600NXdGA=]
[COT 2024-02-04 19:13:34] 76561198036774377: Teleported to position <5649.139160, 28.709999, 5404.252930>
[COT 2024-02-04 19:40:47] 76561199108250772: Teleported to position <13263.187500, 3.913616, 8692.432617>
[COT 2024-02-04 19:41:10] 76561199108250772: Spawned Entity Gold Shield Wings Pin (ItemBase<a62166d0>, 500, 100, 0) at <13266.402344, 3.950000, 8696.216797>
[COT 2024-02-04 19:57:23] 76561199108250772: Spawned Entity Crossbow (ExpansionCrossbow_Base<da2d4150>, 100, 200, 0) at <13266.363281, 3.950000, 8696.142578>
[COT 2024-02-04 19:58:02] 76561199108250772: Teleported to position <5623.211914, 28.709999, 5411.469727>
[COT 2024-02-04 19:58:59] 76561199108250772: Entered the Free Camera
[COT 2024-02-04 19:59:06] 76561199108250772: Left the Free Camera
[COT 2024-02-04 19:59:17] 76561199108250772: Spawned Entity  (SpookyArea<99692cd0>, 100, -1, 0) at <5626.842285, 28.710014, 5409.990723>
[COT 2024-02-04 19:59:42] 76561199108250772: Spawned Entity  (SpookyArea<9968c3a0>, 100, -1, 0) at <5633.616211, 28.710001, 5371.797852>
[COT 2024-02-04 19:59:51] 76561199108250772: Entered the Free Camera
[COT 2024-02-04 20:00:00] 76561199108250772: Left the Free Camera
[COT 2024-02-04 20:10:14] 76561199108250772: Spawned Entity  (ExplosionTest<1b14720>, 100, -1, 0) at <5611.232422, 28.709999, 5401.817383>
[COT 2024-02-04 20:10:26] 76561199108250772: Set Invisibility To 1 [guid=OAdpPkJP2Ps_W7h2ttR1bK23ekHCzrxw0mDT3zqLMdU=]
[COT 2024-02-04 20:12:02] 76561199108250772: Spawned Entity  (ExplosionTest<1b21790>, 100, -1, 0) at <5600.134277, 30.059942, 5403.200195>
[COT 2024-02-04 20:12:22] 76561199108250772: Spawned Entity  (ExplosionTest<1b1a1c0>, 100, -1, 0) at <5615.517578, 46.787762, 5408.433594>
[COT 2024-02-04 20:12:38] 76561199108250772: Spawned Entity  (ExplosionTest<1b25700>, 100, -1, 0) at <5583.734863, 38.453587, 5365.290527>
[COT 2024-02-04 20:13:30] 76561199108250772: Spawned Entity Geister Rucksack (CoyoteBag_ColorBase<ce8ad620>, 100, 300, 0) at <5636.312012, 37.225857, 5398.645996>
[COT 2024-02-04 20:13:55] 76561199108250772: Entered the Free Camera
[COT 2024-02-04 20:14:02] 76561199108250772: Left the Free Camera
[COT 2024-02-04 20:14:23] 76561199108250772: Entered the Free Camera
[COT 2024-02-04 20:14:33] 76561199108250772: Left the Free Camera
[COT 2024-02-04 20:17:15] 76561199108250772: Spawned Entity  (ExplosionTest<81ae400>, 100, -1, 0) at <5654.598145, 27.449688, 5463.872070>
[COT 2024-02-04 20:18:03] 76561199108250772: Spawned Entity  (ExplosionTest<81abfc0>, 100, -1, 0) at <5680.176758, 37.215500, 5541.582520>
[COT 2024-02-04 20:18:11] 76561199108250772: Spawned Entity  (ExplosionTest<81a8960>, 100, -1, 0) at <5682.008301, 52.622971, 5549.633789>
[COT 2024-02-04 20:21:18] 76561199108250772: Spawned Entity A strange recording. (Cassette<29a63b40>, 100, 100, 0) at <5635.964355, 36.523140, 5397.351563>
[COT 2024-02-04 20:21:22] 76561199108250772: Spawned Entity Cassette Player (JMC_CassettePlayer<29a60d00>, 100, 50, 0) at <5635.950684, 36.538338, 5397.359863>
[COT 2024-02-04 20:21:47] 76561199108250772: Spawned Entity The last tape (Cassette<b9b068f0>, 100, 100, 0) at <5634.685547, 36.988182, 5399.857422>
[COT 2024-02-04 20:23:04] 76561199108250772: Spawned Entity A strange recording. (Cassette<b6f2d5e0>, 100, 100, 0) at <5619.253906, 31.997141, 5413.738770>
[COT 2024-02-04 20:24:10] 76561199108250772: Spawned Entity Cassette (Cassette<d2998330>, 100, 10, 0) at <5615.802246, 33.104736, 5414.704102>
[COT 2024-02-04 20:25:36] 76561199108250772: Entered the Free Camera
[COT 2024-02-04 20:25:42] 76561199108250772: Left the Free Camera
[COT 2024-02-04 20:28:12] 76561199108250772: Spawned Entity Cassette Player (JMC_CassettePlayer<dd2b4060>, 100, 50, 0) at <5615.763672, 29.021387, 5419.139160>
[COT 2024-02-04 20:28:28] 76561199108250772: Spawned Entity The last tape (Cassette<bfbbe640>, 100, 100, 0) at <5619.329590, 29.020842, 5420.554199>
[COT 2024-02-04 20:28:43] 76561199108250772: Spawned Entity A strange recording. (Cassette<9f24dd30>, 100, 100, 0) at <5618.824219, 29.020842, 5419.583984>
[COT 2024-02-04 20:30:41] 76561199108250772: Spawned Entity Cassette Player (JMC_CassettePlayer<b94bae10>, 100, 50, 0) at <5619.116211, 28.709999, 5408.477539>
[COT 2024-02-04 20:30:49] 76561199108250772: Spawned Entity A strange recording. (Cassette<caadcdd0>, 100, 100, 0) at <5619.116211, 28.709999, 5408.477539>
[COT 2024-02-04 20:31:07] 76561199108250772: Entered the Free Camera
[COT 2024-02-04 20:31:16] 76561199108250772: Left the Free Camera
[COT 2024-02-04 20:31:20] 76561199108250772: Entered the Free Camera
[COT 2024-02-04 20:31:24] 76561199108250772: Left the Free Camera
[COT 2024-02-04 20:31:31] 76561199108250772: Spawned Entity A strange recording. (Cassette<c04f6c50>, 100, 100, 0) at <5618.828125, 34.745438, 5418.037109>
[COT 2024-02-04 20:31:31] 76561199108250772: Spawned Entity A strange recording. (Cassette<c05019c0>, 100, 100, 0) at <5618.824219, 34.760326, 5418.040527>
[COT 2024-02-04 20:31:32] 76561199108250772: Spawned Entity A strange recording. (Cassette<c05030e0>, 100, 100, 0) at <5618.820313, 34.775215, 5418.043457>
[COT 2024-02-04 20:31:32] 76561199108250772: Spawned Entity A strange recording. (Cassette<c04f0fd0>, 100, 100, 0) at <5618.816406, 34.790413, 5418.046387>
[COT 2024-02-04 20:31:33] 76561199108250772: Spawned Entity A strange recording. (Cassette<c04fd460>, 100, 100, 0) at <5618.812988, 34.805611, 5418.049805>
[COT 2024-02-04 20:31:33] 76561199108250772: Spawned Entity A strange recording. (Cassette<c05002a0>, 100, 100, 0) at <5618.808594, 34.820808, 5418.052734>
[COT 2024-02-04 20:31:38] 76561199108250772: Spawned Entity Cassette Player (JMC_CassettePlayer<c0504800>, 100, 50, 0) at <5618.263184, 34.745438, 5419.751465>
[COT 2024-02-04 20:31:39] 76561199108250772: Spawned Entity Cassette Player (JMC_CassettePlayer<c05081d0>, 100, 50, 0) at <5618.280762, 34.834530, 5419.715332>
[COT 2024-02-04 20:31:39] 76561199108250772: Spawned Entity Cassette Player (JMC_CassettePlayer<c7357080>, 100, 50, 0) at <5618.295410, 34.909107, 5419.685547>
[COT 2024-02-04 20:31:39] 76561199108250772: Spawned Entity Cassette Player (JMC_CassettePlayer<c735d890>, 100, 50, 0) at <5618.315430, 35.010620, 5419.644531>
[COT 2024-02-04 20:31:40] 76561199108250772: Spawned Entity Cassette Player (JMC_CassettePlayer<c7361260>, 100, 50, 0) at <5618.329102, 35.076790, 5419.617676>
[COT 2024-02-04 20:31:40] 76561199108250772: Spawned Entity Cassette Player (JMC_CassettePlayer<c736bfd0>, 100, 50, 0) at <5618.345703, 35.163319, 5419.583496>
[COT 2024-02-04 20:33:06] 76561199108250772: Entered the Free Camera
[COT 2024-02-04 20:33:26] 76561199108250772: Left the Free Camera
[COT 2024-02-04 20:34:41] 76561199108250772: Entered the Free Camera
[COT 2024-02-04 20:34:58] 76561199108250772: Left the Free Camera
[COT 2024-02-04 20:35:03] 76561199108250772: ESP: Viewing ESP
[COT 2024-02-04 20:35:16] 76561199108250772: ESP: Clearing ESP
[COT 2024-02-04 20:35:30] 76561199108250772: Teleported to position <4600.353027, 20.430000, 7087.941406>
[COT 2024-02-04 20:35:48] 76561199108250772: ESP: Viewing ESP
[COT 2024-02-04 20:35:52] 76561199108250772: Entered the Free Camera
[COT 2024-02-04 20:36:02] 76561199108250772: Left the Free Camera
[COT 2024-02-04 20:36:18] 76561199108250772: Entered the Free Camera
[COT 2024-02-04 20:36:24] 76561199108250772: Left the Free Camera
[COT 2024-02-04 20:37:04] 76561199108250772: Set cannot be targeted by AI to false [guid=OAdpPkJP2Ps_W7h2ttR1bK23ekHCzrxw0mDT3zqLMdU=]
[COT 2024-02-04 20:37:05] 76561199108250772: Set Invisibility To 0 [guid=OAdpPkJP2Ps_W7h2ttR1bK23ekHCzrxw0mDT3zqLMdU=]
[COT 2024-02-04 20:37:33] 76561199108250772: Spawned Entity Burlap Sack (BurlapSack<c94dca30>, 100, 200, 0) at <4608.030762, 37.803429, 7092.211914>
[COT 2024-02-04 20:38:22] 76561199108250772: Spawned Entity Rag (Rag<c8e39c50>, 6, 50, 0) at <4608.253418, 37.803429, 7092.351563>
[COT 2024-02-04 20:38:49] 76561199108250772: Spawned Entity Rope (Rope<c0bb4430>, 100, 200, 0) at <4607.881348, 37.803429, 7091.627441>
[COT 2024-02-04 20:39:06] 76561199108250772: Entered the Free Camera
[COT 2024-02-04 20:39:14] 76561199108250772: Left the Free Camera
[COT 2024-02-04 20:41:39] 76561199108250772: Teleported to position <5612.527832, 28.709999, 5401.154297>
[COT 2024-02-04 20:42:11] 76561199108250772: Set Invisibility To 1 [guid=OAdpPkJP2Ps_W7h2ttR1bK23ekHCzrxw0mDT3zqLMdU=]
[COT 2024-02-04 20:42:11] 76561199108250772: Set GodMode To true [guid=OAdpPkJP2Ps_W7h2ttR1bK23ekHCzrxw0mDT3zqLMdU=]
[COT 2024-02-04 20:42:13] 76561199108250772: Set UnlimitedAmmo To true [guid=OAdpPkJP2Ps_W7h2ttR1bK23ekHCzrxw0mDT3zqLMdU=]
[COT 2024-02-04 20:42:13] 76561199108250772: Set UnlimitedStamina To true [guid=OAdpPkJP2Ps_W7h2ttR1bK23ekHCzrxw0mDT3zqLMdU=]
[COT 2024-02-04 20:43:12] 76561199108250772: Entered the Free Camera
[COT 2024-02-04 20:43:28] 76561199108250772: Left the Free Camera
[COT 2024-02-04 21:22:27] 76561199108250772: Spawned Entity Glow Stick (Chemlight_Red<d8568460>, 100, 20, 0) at <6420.207520, 21.670645, 6625.547363>
[COT 2024-02-04 21:22:27] 76561199108250772: Spawned Entity Glow Stick (Chemlight_Red<d8570390>, 100, 20, 0) at <6420.210938, 21.733608, 6625.555176>
[COT 2024-02-04 21:22:28] 76561199108250772: Spawned Entity Glow Stick (Chemlight_Red<d856b2a0>, 100, 20, 0) at <6420.211426, 21.801147, 6625.558594>
[COT 2024-02-04 21:23:03] 76561199108250772: Spawned Entity Glow Stick (Chemlight_White<a8b0d7e0>, 100, 20, 0) at <6419.125488, 22.075094, 6624.666504>
[COT 2024-02-04 21:23:04] 76561199108250772: Spawned Entity Glow Stick (Chemlight_White<a8b162a0>, 100, 20, 0) at <6419.153809, 22.138252, 6624.696777>
[COT 2024-02-04 21:23:04] 76561199108250772: Spawned Entity Glow Stick (Chemlight_White<9ff0fa30>, 100, 20, 0) at <6419.178711, 22.198595, 6624.724121>
[COT 2024-02-04 21:25:11] 76561199108250772: Teleported to position <3739.817139, 11.450000, 9722.134766>
[COT 2024-02-04 21:25:40] 76561199108250772: Spawned Entity NVG Headstrap (NVGHeadstrap<b94c6710>, 100, 200, 0) at <3741.554932, 17.232147, 9711.149414>
[COT 2024-02-04 21:26:11] 76561199108250772: ESP: Clearing ESP
[COT 2024-02-04 21:26:12] 76561199108250772: ESP: Viewing ESP
[COT 2024-02-04 21:26:18] 76561199108250772: ESP index=0 target=ExpansionWall6x3:12245 position=<3712.763916, 13.923217, 9730.801758> action=delete
[COT 2024-02-04 21:26:18] 76561199108250772: ESP index=1 target=ExpansionWall6x3:11851 position=<3718.739990, 13.923689, 9731.336914> action=delete
[COT 2024-02-04 21:26:18] 76561199108250772: ESP action=delete_all count=2 attempted=2
[COT 2024-02-04 21:26:22] 76561199108250772: ESP index=0 target=ExpansionWall6x3:12864 position=<3697.524170, 12.606767, 9722.444336> action=delete
[COT 2024-02-04 21:26:22] 76561199108250772: ESP action=delete_all count=1 attempted=1
[COT 2024-02-04 21:26:29] 76561199108250772: ESP index=0 target=ExpansionFloor6x6:13192 position=<3772.489014, 13.750552, 9708.996094> action=delete
[COT 2024-02-04 21:26:29] 76561199108250772: ESP action=delete_all count=1 attempted=1
[COT 2024-02-04 21:26:31] 76561199108250772: ESP: Clearing ESP
[COT 2024-02-04 21:26:36] 76561199108250772: Entered the Free Camera
[COT 2024-02-04 21:26:40] 76561199108250772: Left the Free Camera
[COT 2024-02-04 21:27:20] 76561199108250772: Spawned Entity KA-101 (AK101<caa74ed0>, 100, 300, 0) at <3779.215332, 20.358158, 9751.078125>
[COT 2024-02-04 21:27:56] 76561199108250772: Entered the Free Camera
[COT 2024-02-04 21:27:57] 76561199108250772: Left the Free Camera
[COT 2024-02-04 21:28:03] 76561199108250772: Set Invisibility To 0 [guid=OAdpPkJP2Ps_W7h2ttR1bK23ekHCzrxw0mDT3zqLMdU=]
[COT 2024-02-04 21:28:29] 76561199108250772: Entered the Free Camera
[COT 2024-02-04 21:28:43] 76561199108250772: Left the Free Camera
[COT 2024-02-04 21:29:02] 76561199108250772: Teleported to position <6272.050781, 27.769695, 5418.891602>
[COT 2024-02-04 21:29:08] 76561199108250772: ESP: Viewing ESP
[COT 2024-02-04 21:29:27] 76561199108250772: Set Invisibility To 1 [guid=OAdpPkJP2Ps_W7h2ttR1bK23ekHCzrxw0mDT3zqLMdU=]
[COT 2024-02-04 21:29:31] 76561199108250772: Entered the Free Camera
[COT 2024-02-04 21:29:40] 76561199108250772: Left the Free Camera
[COT 2024-02-04 22:05:56] 76561199407766611: Entered the Free Camera
[COT 2024-02-04 22:06:11] 76561199407766611: Left the Free Camera
