[COT 2024-01-10 17:04:23] 76561198036774377: Teleported to position <5658.871094, 28.709999, 5404.198242>
[COT 2024-01-10 17:04:54] 76561198036774377: Set GodMode To true [guid=mBNlxASsPlOcry0dpDl8K-WgHNR5WMCMmoJ9NhpU4FY=]
[COT 2024-01-10 17:04:58] 76561198036774377: Set UnlimitedStamina To true [guid=mBNlxASsPlOcry0dpDl8K-WgHNR5WMCMmoJ9NhpU4FY=]
[COT 2024-01-10 17:04:59] 76561198036774377: Set UnlimitedAmmo To true [guid=mBNlxASsPlOcry0dpDl8K-WgHNR5WMCMmoJ9NhpU4FY=]
[COT 2024-01-10 17:44:20] 76561198036774377: Healed [guid=qf-pDnVm3swGq-HUq4k1dK2oOcVUdFc_GgQqcLZFmDM=]
[COT 2024-01-10 17:44:25] 76561198036774377: Set GodMode To true [guid=mBNlxASsPlOcry0dpDl8K-WgHNR5WMCMmoJ9NhpU4FY=]
[COT 2024-01-10 17:44:26] 76561198036774377: Set UnlimitedStamina To true [guid=mBNlxASsPlOcry0dpDl8K-WgHNR5WMCMmoJ9NhpU4FY=]
[COT 2024-01-10 17:44:26] 76561198036774377: Set UnlimitedAmmo To true [guid=mBNlxASsPlOcry0dpDl8K-WgHNR5WMCMmoJ9NhpU4FY=]
[COT 2024-01-10 17:48:36] 76561198036774377: Spawned Entity Canned Bacon (TacticalBaconCan_Opened<4ec56c40>, 400, 100, 0) at <5634.279297, 29.285004, 5398.112793>
[COT 2024-01-10 17:49:37] 76561198036774377: Spawned Entity GlockZapper (9x19) (Glock19_Base<208e7b90>, 100, 150, 0) at <5634.252930, 29.285004, 5398.493652>
[COT 2024-01-10 17:51:19] 76561198036774377: Spawned Entity Flag (Flag_Base<3c9610c0>, 100, 100, 0) at <5614.979004, 29.020842, 5417.598145>
[COT 2024-01-10 17:51:23] 76561198036774377: Spawned Entity MVS Country Flag - Ireland (Clothing<44fc7650>, 100, 100, 0) at <5615.108887, 29.176752, 5417.644043>
[COT 2024-01-10 17:51:23] 76561198036774377: Spawned Entity MVS Country Flag - Ireland (Clothing<44fc19d0>, 100, 100, 0) at <5615.108887, 29.176495, 5417.644531>
[COT 2024-01-10 19:02:26] 76561198036774377: Teleported to position <3208.906982, 20.430000, 6468.779297>
[COT 2024-01-10 19:03:47] 76561198036774377: Teleported to position <5636.724609, 28.701263, 5420.360352>
[COT 2024-01-10 19:04:21] 76561198036774377: Set Invisibility To 1 [guid=mBNlxASsPlOcry0dpDl8K-WgHNR5WMCMmoJ9NhpU4FY=]
[COT 2024-01-10 19:04:56] 76561198036774377: Teleported to position <3278.858154, 20.430000, 6634.467773>
[COT 2024-01-10 19:04:59] 76561198036774377: Entered the Free Camera
[COT 2024-01-10 19:06:10] 76561198036774377: Spawned Entity Infected (ZmbF_kid3<3001f80>, 100, 100001, 0) at <3323.609131, 20.430000, 6518.599609>
[COT 2024-01-10 19:06:12] 76561198036774377: Spawned Entity Infected (ZmbM_kid<2ffe020>, 100, 100001, 0) at <3322.703369, 20.429987, 6517.208496>
[COT 2024-01-10 19:06:14] 76561198036774377: Spawned Entity Infected (ZmbM_kid2<2ffffd0>, 100, 100001, 0) at <3320.321289, 20.430071, 6513.830566>
[COT 2024-01-10 19:06:17] 76561198036774377: Spawned Entity Infected (ZmbM_kid3<3002a10>, 100, 100001, 0) at <3318.711426, 20.430002, 6511.556641>
[COT 2024-01-10 19:19:28] 76561198036774377: Left the Free Camera
[COT 2024-01-10 19:19:44] 76561198036774377: Teleported to position <5610.208008, 28.709999, 5400.516602>
[COT 2024-01-10 19:20:15] 76561198036774377: Set Invisibility To 0 [guid=mBNlxASsPlOcry0dpDl8K-WgHNR5WMCMmoJ9NhpU4FY=]
[COT 2024-01-10 21:10:17] 76561198036774377: Set Invisibility To 1 [guid=mBNlxASsPlOcry0dpDl8K-WgHNR5WMCMmoJ9NhpU4FY=]
[COT 2024-01-10 21:10:17] 76561198036774377: Set cannot be targeted by AI to true [guid=mBNlxASsPlOcry0dpDl8K-WgHNR5WMCMmoJ9NhpU4FY=]
[COT 2024-01-10 21:10:29] 76561198036774377: Teleported to position <3136.325195, 22.450001, 4264.487305>
[COT 2024-01-10 21:10:32] 76561198036774377: Entered the Free Camera
[COT 2024-01-10 21:10:35] 76561198036774377: Entered the Free Camera
[COT 2024-01-10 21:11:27] 76561198036774377: Left the Free Camera
[COT 2024-01-10 21:12:53] 76561199407766611: Set Invisibility To 1 [guid=spMEkRl42onhFHdF_u42e0T03x2sj347kUc600NXdGA=]
[COT 2024-01-10 21:12:53] 76561199407766611: Set GodMode To true [guid=spMEkRl42onhFHdF_u42e0T03x2sj347kUc600NXdGA=]
[COT 2024-01-10 21:12:55] 76561199407766611: Set UnlimitedStamina To true [guid=spMEkRl42onhFHdF_u42e0T03x2sj347kUc600NXdGA=]
[COT 2024-01-10 21:12:55] 76561199407766611: Set UnlimitedAmmo To true [guid=spMEkRl42onhFHdF_u42e0T03x2sj347kUc600NXdGA=]
[COT 2024-01-10 21:13:08] 76561199407766611: ESP: ESP updating
[COT 2024-01-10 21:13:17] 76561198036774377: Set Invisibility To 0 [guid=mBNlxASsPlOcry0dpDl8K-WgHNR5WMCMmoJ9NhpU4FY=]
[COT 2024-01-10 21:13:19] 76561198036774377: Set cannot be targeted by AI to true [guid=mBNlxASsPlOcry0dpDl8K-WgHNR5WMCMmoJ9NhpU4FY=]
[COT 2024-01-10 21:13:20] 76561198036774377: Bleeding stopped [guid=mBNlxASsPlOcry0dpDl8K-WgHNR5WMCMmoJ9NhpU4FY=]
[COT 2024-01-10 21:13:52] 76561199407766611: Set Invisibility To 0 [guid=spMEkRl42onhFHdF_u42e0T03x2sj347kUc600NXdGA=]
[COT 2024-01-10 21:14:08] 76561198036774377: Teleported [guid=qf-pDnVm3swGq-HUq4k1dK2oOcVUdFc_GgQqcLZFmDM=] to <2941.329590, 22.462500, 3840.724609>
[COT 2024-01-10 21:14:08] 76561198036774377: Teleported [guid=byz_3YJNSRLRQHzo02MvMn9U3M3DtAdZqM4na6qJVfU=] to <2941.329590, 22.462500, 3840.724609>
[COT 2024-01-10 21:16:05] 76561199407766611: Spawned Entity Bunker's Pistol Suppressor (ItemSuppressor<432d3410>, 100, 1800, 0) at <2928.733398, 22.450008, 3821.590088>
[COT 2024-01-10 21:16:06] 76561198036774377: Spawned Entity Pig (Animal_SusDomesticus<53729200>, 100, 300, 0) at <2935.020752, 22.449995, 3829.112549>
[COT 2024-01-10 21:16:15] 76561198036774377: Spawned Entity Hen (Animal_GallusGallusDomesticusF_Spotted<53733300>, 100, 15, 0) at <2939.040039, 22.450001, 3833.648682>
[COT 2024-01-10 21:16:15] 76561198036774377: Spawned Entity Hen (Animal_GallusGallusDomesticusF_Spotted<5372c450>, 100, 15, 0) at <2939.040039, 22.450010, 3833.650146>
[COT 2024-01-10 21:16:15] 76561198036774377: Spawned Entity Hen (Animal_GallusGallusDomesticusF_Spotted<53733d10>, 100, 15, 0) at <2939.039795, 22.450010, 3833.651123>
[COT 2024-01-10 21:16:16] 76561198036774377: Spawned Entity Hen (Animal_GallusGallusDomesticusF_Spotted<53738d90>, 100, 15, 0) at <2939.039063, 22.450010, 3833.651367>
[COT 2024-01-10 21:16:16] 76561198036774377: Spawned Entity Hen (Animal_GallusGallusDomesticusF_Spotted<5373bfe0>, 100, 15, 0) at <2939.038330, 22.450010, 3833.651367>
[COT 2024-01-10 21:16:16] 76561198036774377: Spawned Entity Hen (Animal_GallusGallusDomesticusF_Spotted<5373c9f0>, 100, 15, 0) at <2939.036621, 22.450014, 3833.651123>
[COT 2024-01-10 21:16:16] 76561198036774377: Spawned Entity Hen (Animal_GallusGallusDomesticusF_Spotted<537397a0>, 100, 15, 0) at <2939.034424, 22.450014, 3833.650391>
[COT 2024-01-10 21:16:16] 76561198036774377: Spawned Entity Hen (Animal_GallusGallusDomesticusF_Spotted<53735b40>, 100, 15, 0) at <2939.032959, 22.450020, 3833.649414>
[COT 2024-01-10 21:16:16] 76561198036774377: Spawned Entity Hen (Animal_GallusGallusDomesticusF_Spotted<5373d400>, 100, 15, 0) at <2939.031494, 22.450020, 3833.647949>
[COT 2024-01-10 21:16:17] 76561198036774377: Spawned Entity Hen (Animal_GallusGallusDomesticusF_Spotted<5373b5d0>, 100, 15, 0) at <2939.030273, 22.450020, 3833.646729>
[COT 2024-01-10 21:16:17] 76561198036774377: Spawned Entity Hen (Animal_GallusGallusDomesticusF_Spotted<5373abc0>, 100, 15, 0) at <2939.030518, 22.450020, 3833.645996>
[COT 2024-01-10 21:16:28] 76561198036774377: Teleported to position <5640.081055, 28.701893, 5374.712891>
[COT 2024-01-10 21:19:08] 76561199407766611: Teleported to position <5608.753906, 28.709999, 5375.125000>
[COT 2024-01-10 21:25:43] 76561199407766611: Spawned Entity Golden Elder Bear (Animal_UrsusArctos<5372a620>, 100, 150, 0) at <5743.957031, 108.050003, 2454.420410>
[COT 2024-01-10 21:26:02] 76561199407766611: Spawned Entity juggernaut bear (Animal_UrsusArctos<53721940>, 100, 9000, 0) at <5746.343262, 108.055862, 2456.006836>
[COT 2024-01-10 21:26:25] 76561199407766611: Deleted Entity bear_goldenelder:436 at <5743.957031, 108.090004, 2453.993896>
[COT 2024-01-10 21:26:27] 76561199407766611: Deleted Entity Radioactive_Bear_juggernaut:607 at <5739.446777, 108.084885, 2454.503906>
[COT 2024-01-10 21:27:27] 76561199407766611: Spawned Entity Barrett M82 Desert (50BMG) (SVD_Base<53d4af20>, 100, 250, 0) at <6288.453613, 110.213669, 5671.974121>
[COT 2024-01-10 21:27:49] 76561199407766611: Spawned Entity BarrettM82_mag_10Rnd (Mag_SVD_10Rnd<1163aa70>, 10, 100, 0) at <6257.153320, 117.551208, 5670.561523>
[COT 2024-01-10 21:27:49] 76561199407766611: Spawned Entity BarrettM82_mag_10Rnd (Mag_SVD_10Rnd<1163b600>, 10, 100, 0) at <6257.222168, 117.623207, 5670.565918>
[COT 2024-01-10 21:27:57] 76561199407766611: Entered the Free Camera
[COT 2024-01-10 21:28:06] 76561199407766611: Left the Free Camera
[COT 2024-01-10 21:28:23] 76561199407766611: Entered the Free Camera
[COT 2024-01-10 21:28:29] 76561199407766611: Left the Free Camera
[COT 2024-01-10 21:45:50] 76561199407766611: Entered the Free Camera
[COT 2024-01-10 21:45:51] 76561199407766611: Left the Free Camera
[COT 2024-01-10 21:45:53] 76561199407766611: Entered the Free Camera
[COT 2024-01-10 21:46:03] 76561199407766611: Teleported to position <2855.930664, 5.300000, 6195.173828>
[COT 2024-01-10 21:46:05] 76561199407766611: Left the Free Camera
[COT 2024-01-10 21:48:45] 76561199407766611: Entered the Free Camera
[COT 2024-01-10 21:49:33] 76561199407766611: Left the Free Camera
[COT 2024-01-10 21:50:01] 76561199407766611: Set GodMode To false [guid=spMEkRl42onhFHdF_u42e0T03x2sj347kUc600NXdGA=]
[COT 2024-01-10 21:50:02] 76561199407766611: Set GodMode To true [guid=spMEkRl42onhFHdF_u42e0T03x2sj347kUc600NXdGA=]
[COT 2024-01-10 21:52:02] 76561199407766611: Spawned Entity Merlin (ExpansionMerlin<43e4abb0>, 150, 10000, 0) at <2867.149414, 7.452998, 6247.705566>
[COT 2024-01-10 21:53:23] 76561199407766611: Repaired Transport [guid=spMEkRl42onhFHdF_u42e0T03x2sj347kUc600NXdGA=]
[COT 2024-01-10 21:54:13] 76561199407766611: Repaired Transport [guid=spMEkRl42onhFHdF_u42e0T03x2sj347kUc600NXdGA=]
[COT 2024-01-10 21:57:52] 76561199407766611: Repaired Transport [guid=spMEkRl42onhFHdF_u42e0T03x2sj347kUc600NXdGA=]
[COT 2024-01-10 22:01:13] 76561199407766611: Entered the Free Camera
[COT 2024-01-10 22:01:43] 76561199407766611: Left the Free Camera
[COT 2024-01-10 22:01:49] 76561199407766611: Entered the Free Camera
[COT 2024-01-10 22:01:52] 76561199407766611: Left the Free Camera
[COT 2024-01-10 22:01:58] 76561199407766611: Repaired Transport [guid=spMEkRl42onhFHdF_u42e0T03x2sj347kUc600NXdGA=]
[COT 2024-01-10 22:02:17] 76561199407766611: Deleted Entity ExpansionMerlin_Vrana:29192 at <4927.591797, 5.694236, 5336.382813>
