[COT 2024-01-08 23:09:31] 76561198036774377: Teleported to position <5428.863770, 66.485603, 1602.680664>
[COT 2024-01-08 23:09:35] 76561198036774377: Entered the Free Camera
[COT 2024-01-08 23:09:50] 76561198036774377: Left the Free Camera
[COT 2024-01-08 23:21:24] 76561199407766611: Teleported to position <2854.363525, 6.060824, 6219.759766>
[COT 2024-01-08 23:22:09] 76561199407766611: Spawned Entity Camo Net (CamoNet<a396a8b0>, 100, 120, 0) at <2852.965088, 5.425951, 6196.307129>
[COT 2024-01-08 23:22:09] 76561199407766611: Spawned Entity Camo Net (CamoNet<a3966350>, 100, 120, 0) at <2853.063965, 5.577617, 6196.394531>
[COT 2024-01-08 23:23:18] 76561199407766611: Teleported to position <3732.997559, 16.000000, 9082.018555>
[COT 2024-01-08 23:23:21] 76561199407766611: Entered the Free Camera
[COT 2024-01-08 23:23:56] 76561199407766611: Spawned Entity Survivor (eAI_SurvivorM_Rolf<f42dd030>, 100, 100, 0) at <3789.134766, 10.329368, 9108.051758>
[COT 2024-01-08 23:23:56] 76561199407766611: Spawned Entity Survivor (eAI_SurvivorM_Rolf<f4265030>, 100, 100, 0) at <3788.976074, 10.372889, 9108.030273>
[COT 2024-01-08 23:23:57] 76561199407766611: Spawned Entity Survivor (eAI_SurvivorM_Rolf<1611ec10>, 100, 100, 0) at <3788.816895, 10.416514, 9108.007813>
[COT 2024-01-08 23:23:57] 76561199407766611: Spawned Entity Survivor (eAI_SurvivorM_Manua<ff6c9c10>, 100, 100, 0) at <3788.655762, 10.460673, 9107.986328>
[COT 2024-01-08 23:23:57] 76561199407766611: Spawned Entity Survivor (eAI_SurvivorM_Elias<4472010>, 100, 100, 0) at <3788.323242, 10.551871, 9107.940430>
[COT 2024-01-08 23:23:58] 76561199407766611: Spawned Entity Survivor (eAI_SurvivorM_Kaito<f4164010>, 100, 100, 0) at <3787.992676, 10.642502, 9107.894531>
[COT 2024-01-08 23:24:00] 76561199407766611: Spawned Entity Survivor (eAI_SurvivorM_Jose<fda14010>, 100, 100, 0) at <3789.134766, 10.329368, 9108.051758>
[COT 2024-01-08 23:24:00] 76561199407766611: Spawned Entity Survivor (eAI_SurvivorM_Jose<fd6f7020>, 100, 100, 0) at <3788.976074, 10.372889, 9108.030273>
[COT 2024-01-08 23:24:00] 76561199407766611: Spawned Entity Survivor (eAI_SurvivorM_Jose<fd510020>, 100, 100, 0) at <3788.816895, 10.416514, 9108.007813>
[COT 2024-01-08 23:24:01] 76561199407766611: Spawned Entity Survivor (eAI_SurvivorM_Niki<fd57cc30>, 100, 100, 0) at <3788.479980, 10.508870, 9107.961914>
[COT 2024-01-08 23:24:01] 76561199407766611: Spawned Entity Survivor (eAI_SurvivorM_Niki<fd586240>, 100, 100, 0) at <3787.565430, 10.759648, 9107.835938>
[COT 2024-01-08 23:24:01] 76561199407766611: Spawned Entity Survivor (eAI_SurvivorF_Linda<7a07030>, 100, 100, 0) at <3787.253906, 10.845045, 9107.792969>
[COT 2024-01-08 23:24:01] 76561199407766611: Spawned Entity Survivor (eAI_SurvivorF_Linda<7a10640>, 100, 100, 0) at <3787.094971, 10.888612, 9107.771484>
[COT 2024-01-08 23:24:02] 76561199407766611: Spawned Entity Survivor (eAI_SurvivorF_Gabi<fec12030>, 100, 100, 0) at <3786.807617, 10.967417, 9107.731445>
[COT 2024-01-08 23:24:02] 76561199407766611: Spawned Entity Survivor (eAI_SurvivorF_Gabi<fec9ded0>, 100, 100, 0) at <3786.648438, 11.011060, 9107.709961>
[COT 2024-01-08 23:24:03] 76561199407766611: Spawned Entity Survivor (eAI_SurvivorM_Niki<feb8dc10>, 100, 100, 0) at <3786.286865, 11.110188, 9107.660156>
[COT 2024-01-08 23:24:03] 76561199407766611: Spawned Entity Survivor (eAI_SurvivorM_Niki<feba14b0>, 100, 100, 0) at <3786.128174, 11.153713, 9107.638672>
[COT 2024-01-08 23:24:04] 76561199407766611: Spawned Entity Survivor (eAI_SurvivorM_Jose<ff3fa010>, 100, 100, 0) at <3785.811035, 11.240659, 9107.594727>
[COT 2024-01-08 23:24:04] 76561199407766611: Spawned Entity Survivor (eAI_SurvivorM_Indar<ff458020>, 100, 100, 0) at <3785.651611, 11.284360, 9107.572266>
[COT 2024-01-08 23:24:04] 76561199407766611: Spawned Entity Survivor (eAI_SurvivorM_Indar<98c5c10>, 100, 100, 0) at <3785.492432, 11.328056, 9107.550781>
[COT 2024-01-08 23:24:05] 76561199407766611: Spawned Entity Survivor (eAI_SurvivorM_Indar<98eac10>, 100, 100, 0) at <3785.180908, 11.413437, 9107.507813>
[COT 2024-01-08 23:24:05] 76561199407766611: Spawned Entity Survivor (eAI_SurvivorM_Guo<3296020>, 100, 100, 0) at <3784.920410, 11.484838, 9107.471680>
[COT 2024-01-08 23:24:05] 76561199407766611: Spawned Entity Survivor (eAI_SurvivorM_Denis<717020>, 100, 100, 0) at <3784.603271, 11.571837, 9107.428711>
[COT 2024-01-08 23:24:06] 76561199407766611: Spawned Entity Survivor (eAI_SurvivorM_Denis<3379010>, 100, 100, 0) at <3784.445068, 11.615211, 9107.407227>
[COT 2024-01-08 23:24:06] 76561199407766611: Spawned Entity Survivor (eAI_SurvivorM_Niki<8b1fbf0>, 100, 100, 0) at <3784.284668, 11.659193, 9107.384766>
[COT 2024-01-08 23:24:07] 76561199407766611: Spawned Entity Survivor (eAI_SurvivorF_Gabi<fd4f2010>, 100, 100, 0) at <3786.445801, 11.066608, 9107.681641>
[COT 2024-01-08 23:24:07] 76561199407766611: Spawned Entity Survivor (eAI_SurvivorF_Gabi<38ce020>, 100, 100, 0) at <3786.286377, 11.110363, 9107.660156>
[COT 2024-01-08 23:24:07] 76561199407766611: Spawned Entity Survivor (eAI_SurvivorF_Gabi<fbc00ef0>, 100, 100, 0) at <3784.724365, 11.538596, 9107.445313>
[COT 2024-01-08 23:24:08] 76561199407766611: Spawned Entity Survivor (eAI_SurvivorF_Gabi<fe85d030>, 100, 100, 0) at <3784.566162, 11.581986, 9107.423828>
[COT 2024-01-08 23:24:08] 76561199407766611: Spawned Entity Survivor (eAI_SurvivorF_Gabi<aaab90f0>, 100, 100, 0) at <3784.408203, 11.625324, 9107.401367>
[COT 2024-01-08 23:24:08] 76561199407766611: Spawned Entity Survivor (eAI_SurvivorF_Gabi<bdb3c10>, 100, 100, 0) at <3784.221436, 11.676542, 9107.375977>
[COT 2024-01-08 23:24:08] 76561199407766611: Spawned Entity Survivor (eAI_SurvivorF_Gabi<fe591300>, 100, 100, 0) at <3784.031006, 11.728762, 9107.349609>
[COT 2024-01-08 23:24:09] 76561199407766611: Spawned Entity Survivor (eAI_SurvivorM_Seth<fe5872a0>, 100, 100, 0) at <3783.820801, 11.786399, 9107.321289>
[COT 2024-01-08 23:24:09] 76561199407766611: Spawned Entity Survivor (eAI_SurvivorM_Seth<206e020>, 100, 100, 0) at <3783.662842, 11.829658, 9107.298828>
[COT 2024-01-08 23:24:10] 76561199407766611: Spawned Entity Survivor (eAI_SurvivorM_Niki<2072a30>, 100, 100, 0) at <3783.294678, 11.930635, 9107.248047>
[COT 2024-01-08 23:24:11] 76561199407766611: Spawned Entity Survivor (eAI_SurvivorF_Maria<fbf66010>, 100, 100, 0) at <3783.940430, 11.753558, 9107.336914>
[COT 2024-01-08 23:24:11] 76561199407766611: Spawned Entity Survivor (eAI_SurvivorF_Gabi<fd4a4010>, 100, 100, 0) at <3783.779541, 11.797691, 9107.315430>
[COT 2024-01-08 23:24:11] 76561199407766611: Spawned Entity Survivor (eAI_SurvivorF_Gabi<fd4a8a20>, 100, 100, 0) at <3783.621826, 11.840936, 9107.293945>
[COT 2024-01-08 23:24:11] 76561199407766611: Spawned Entity Survivor (eAI_SurvivorF_Gabi<8a44eb0>, 100, 100, 0) at <3783.464111, 11.884166, 9107.271484>
[COT 2024-01-08 23:24:16] 76561199407766611: Left the Free Camera
[COT 2024-01-08 23:25:26] 76561199407766611: Set GodMode To true [guid=spMEkRl42onhFHdF_u42e0T03x2sj347kUc600NXdGA=]
[COT 2024-01-08 23:25:28] 76561199407766611: Set UnlimitedStamina To true [guid=spMEkRl42onhFHdF_u42e0T03x2sj347kUc600NXdGA=]
[COT 2024-01-08 23:25:29] 76561199407766611: Set UnlimitedAmmo To true [guid=spMEkRl42onhFHdF_u42e0T03x2sj347kUc600NXdGA=]
[COT 2024-01-08 23:25:34] 76561199407766611: Teleported to position <3727.024414, 16.000000, 9079.576172>
[COT 2024-01-08 23:25:37] 76561199407766611: Entered the Free Camera
[COT 2024-01-08 23:25:57] 76561199407766611: Left the Free Camera
