[COT 2024-01-24 20:44:55] 76561199407766611: Spawned Entity Camo Net (CamoNet<d1a2f8f0>, 100, 120, 0) at <5662.613770, 27.844805, 5465.884277>
[COT 2024-01-24 20:45:35] 76561199407766611: Set Invisibility To 1 [guid=spMEkRl42onhFHdF_u42e0T03x2sj347kUc600NXdGA=]
[COT 2024-01-24 20:46:32] 76561199407766611: Spawned Entity Survivor (eAI_SurvivorM_Boris<d0f1f020>, 100, 100, 0) at <5623.543457, 28.011141, 5579.771484>
[COT 2024-01-24 20:46:37] 76561199407766611: Entered the Free Camera
[COT 2024-01-24 20:46:42] 76561199407766611: Left the Free Camera
[COT 2024-01-24 20:47:06] 76561199407766611: Set Invisibility To 0 [guid=spMEkRl42onhFHdF_u42e0T03x2sj347kUc600NXdGA=]
[COT 2024-01-24 20:47:23] 76561199407766611: Spawned Entity John Denver Tee (TShirt_ColorBase<b79596c0>, 100, 50, 0) at <5588.957031, 27.050468, 5566.022949>
[COT 2024-01-24 20:48:15] 76561199407766611: Spawned Entity Beretta92FSDesert (9x19) (CZ75_Base<b99ba060>, 100, 170, 0) at <5591.112793, 27.167187, 5566.340820>
[COT 2024-01-24 20:48:20] 76561199407766611: Spawned Entity Beretta92FSDesert (9x19) (CZ75_Base<b99c3d20>, 100, 170, 0) at <5591.131348, 27.220251, 5566.350586>
[COT 2024-01-24 20:48:20] 76561199407766611: Spawned Entity Beretta92FSDesert (9x19) (CZ75_Base<b99beec0>, 100, 170, 0) at <5591.145508, 27.279387, 5566.364746>
[COT 2024-01-24 20:49:22] 76561199407766611: Spawned Entity MUSTANG white (MUSTANG_white<b4179c70>, 100, 3000, 0) at <5655.303711, 28.710003, 5412.079590>
[COT 2024-01-24 20:50:01] 76561199407766611: Deleted Entity MUSTANG_white:31654 at <5660.481934, 27.835760, 5480.080566>
[COT 2024-01-24 20:50:32] 76561199407766611: ESP: Viewing ESP
[COT 2024-01-24 20:52:36] 76561199407766611: Entered the Free Camera
[COT 2024-01-24 20:52:47] 76561199407766611: Left the Free Camera
[COT 2024-01-24 20:53:50] 76561199407766611: Spawned Entity .45 ACP Rounds (Ammo_45ACP<d1ac56e0>, 100, 100, 0) at <5652.656738, 28.325928, 5548.301758>
[COT 2024-01-24 20:54:15] 76561199407766611: Spawned Entity .308 WIN Rounds (Ammo_308Win<bf0136d0>, 80, 100, 0) at <5646.831543, 28.137810, 5552.465820>
[COT 2024-01-24 20:54:25] 76561199407766611: Set GodMode To true [guid=spMEkRl42onhFHdF_u42e0T03x2sj347kUc600NXdGA=]
[COT 2024-01-24 20:54:26] 76561199407766611: Set UnlimitedStamina To true [guid=spMEkRl42onhFHdF_u42e0T03x2sj347kUc600NXdGA=]
[COT 2024-01-24 20:54:27] 76561199407766611: Set UnlimitedAmmo To true [guid=spMEkRl42onhFHdF_u42e0T03x2sj347kUc600NXdGA=]
