[COT 2024-02-08 14:56:44] 76561199407766611: Set GodMode To true [guid=spMEkRl42onhFHdF_u42e0T03x2sj347kUc600NXdGA=]
[COT 2024-02-08 14:56:44] 76561199407766611: Set Invisibility To 1 [guid=spMEkRl42onhFHdF_u42e0T03x2sj347kUc600NXdGA=]
[COT 2024-02-08 14:56:45] 76561199407766611: Set UnlimitedStamina To true [guid=spMEkRl42onhFHdF_u42e0T03x2sj347kUc600NXdGA=]
[COT 2024-02-08 14:56:45] 76561199407766611: Set UnlimitedAmmo To true [guid=spMEkRl42onhFHdF_u42e0T03x2sj347kUc600NXdGA=]
[COT 2024-02-08 14:56:48] 76561199407766611: Healed [guid=spMEkRl42onhFHdF_u42e0T03x2sj347kUc600NXdGA=]
[COT 2024-02-08 14:57:00] 76561199407766611: Teleported to position <9713.492188, 23.639999, 12537.333984>
[COT 2024-02-08 14:57:17] 76561199407766611: Teleported to position <11354.046875, 14.780000, 10010.953125>
[COT 2024-02-08 14:57:56] 76561199407766611: Spawned Entity Mh-6 Little Bird (ExpansionMh6<a0f2cd00>, 100, 5000, 0) at <11451.969727, 5.468123, 10015.337891>
[COT 2024-02-08 14:58:14] 76561199407766611: Deleted Entity ExpansionMh6_Speedy:32804 at <11452.041992, 5.523333, 10016.248047>
[COT 2024-02-08 14:58:21] 76561199407766611: Spawned Entity Mh-6 Little Bird (ExpansionMh6<a0f2cd00>, 100, 5000, 0) at <11451.824219, 5.467822, 10016.326172>
[COT 2024-02-08 14:58:27] 76561199407766611: Deleted Entity ExpansionMh6_Speedy:15514 at <11452.008789, 5.523396, 10016.483398>
[COT 2024-02-08 14:58:48] 76561199407766611: Spawned Entity Mh-6 Little Bird (ExpansionMh6<a0f2cd00>, 100, 5000, 0) at <11462.425781, 5.399507, 9994.089844>
[COT 2024-02-08 14:59:06] 76561199407766611: Spawned Entity Hydraulic Hoses (ItemBase<b8339790>, 100, 80, 0) at <11460.210938, 5.400636, 9993.750000>
[COT 2024-02-08 14:59:13] 76561199407766611: Spawned Entity Jerrycan (CanisterGasoline<bd6c30f0>, 20000, 300, 8192) at <11460.250000, 5.472623, 9993.715820>
[COT 2024-02-08 15:00:22] 76561199407766611: Spawned Entity Mh-6 Front-Left Door (Expansion_Mh6_Door_1_1<1f14bfe0>, 100, 500, 0) at <11460.498047, 5.398146, 9995.059570>
[COT 2024-02-08 15:00:23] 76561199407766611: Spawned Entity Mh-6 Front-Right Door (Expansion_Mh6_Door_1_2<1f149d30>, 100, 500, 0) at <11460.510742, 5.689795, 9995.405273>
[COT 2024-02-08 15:00:23] 76561199407766611: Spawned Entity Mh-6 Back-Left Door (Expansion_Mh6_Door_2_1<1f1510d0>, 100, 500, 0) at <11460.524414, 6.032786, 9995.800781>
[COT 2024-02-08 15:00:24] 76561199407766611: Spawned Entity Mh-6 Back-Right Door (Expansion_Mh6_Door_2_2<1f151c60>, 100, 500, 0) at <11460.535156, 6.311567, 9996.126953>
[COT 2024-02-08 15:01:33] 76561199407766611: Teleported to position <13899.764648, 20.544643, 6362.754883>
[COT 2024-02-08 15:01:35] 76561199407766611: Entered the Free Camera
[COT 2024-02-08 15:02:04] 76561199407766611: Left the Free Camera
[COT 2024-02-08 15:02:55] 76561199407766611: Spawned Entity Audi RS6 Flecktarn (Audi_RS6_flecktarn<a0f37d40>, 100, 10000, 0) at <14000.561523, 2.878760, 6394.389648>
[COT 2024-02-08 15:02:59] 76561199407766611: Deleted Entity Audi_RS6_flecktarn:28413 at <14000.560547, 2.693197, 6394.393555>
[COT 2024-02-08 15:03:01] 76561199407766611: Spawned Entity Audi RS6 Flecktarn (Audi_RS6_flecktarn<a0f32520>, 100, 10000, 0) at <14000.562500, 2.878526, 6394.389648>
[COT 2024-02-08 15:04:22] 76561199407766611: Entered the Free Camera
[COT 2024-02-08 15:04:32] 76561199407766611: Left the Free Camera
[COT 2024-02-08 15:05:06] 76561199407766611: Spawned Entity UH-1H (ExpansionUh1h<a0f40170>, 100, 7500, 0) at <15775.686523, 39.740082, 4676.832520>
[COT 2024-02-08 15:05:31] 76561199407766611: Deleted Entity ExpansionUh1h_Resistance:23685 at <15775.686523, 39.834553, 4676.814941>
[COT 2024-02-08 15:05:44] 76561199407766611: Spawned Entity UH-1H (ExpansionUh1h<a0f40170>, 100, 7500, 0) at <15779.157227, 39.740059, 4680.588379>
[COT 2024-02-08 15:05:50] 76561199407766611: Spawned Entity UH-1H Left Door (ExpansionUh1hDoor_1_1<95561420>, 100, 500, 0) at <15777.532227, 39.740070, 4681.564941>
[COT 2024-02-08 15:05:50] 76561199407766611: Spawned Entity UH-1H Right Door (ExpansionUh1hDoor_1_2<955636d0>, 100, 500, 0) at <15777.084961, 39.953484, 4681.205566>
[COT 2024-02-08 15:05:51] 76561199407766611: Spawned Entity UH-1H Left Door (ExpansionUh1hDoor_2_1<95561fb0>, 100, 500, 0) at <15776.570313, 40.201324, 4680.787598>
[COT 2024-02-08 15:05:51] 76561199407766611: Spawned Entity UH-1H Right Door (ExpansionUh1hDoor_2_2<9555e5e0>, 100, 500, 0) at <15776.391602, 40.287155, 4680.645996>
[COT 2024-02-08 15:06:21] 76561199407766611: Spawned Entity Jerrycan (CanisterGasoline<9a353560>, 20000, 300, 8192) at <15777.334961, 39.740055, 4680.467773>
[COT 2024-02-08 15:06:21] 76561199407766611: Spawned Entity Jerrycan (CanisterGasoline<9a35de40>, 20000, 300, 8192) at <15777.323242, 39.962082, 4680.648926>
[COT 2024-02-08 15:06:21] 76561199407766611: Spawned Entity Jerrycan (CanisterGasoline<9a3656e0>, 20000, 300, 8192) at <15777.315430, 40.080608, 4680.747070>
[COT 2024-02-08 15:07:16] 76561199407766611: Entered the Free Camera
[COT 2024-02-08 15:07:36] 76561199407766611: Left the Free Camera
[COT 2024-02-08 15:08:15] 76561199407766611: Spawned Entity Cougar (Blood) (Cougar<a0f42d80>, 100, 10000, 0) at <14158.586914, 137.523209, 2643.084473>
[COT 2024-02-08 15:08:21] 76561199407766611: Deleted Entity Cougar_Blood:26131 at <14158.588867, 137.461334, 2643.086182>
[COT 2024-02-08 15:08:40] 76561199407766611: Spawned Entity Cougar (Blood) (Cougar<a0f42d80>, 100, 10000, 0) at <14155.757813, 137.525208, 2643.269287>
[COT 2024-02-08 15:08:43] 76561199407766611: Spawned Entity Задняя левая дверь от Cougar (Blood) (Cougar_Doors_cargo1<a0620150>, 100, 500, 0) at <14155.755859, 137.525192, 2643.269043>
[COT 2024-02-08 15:08:44] 76561199407766611: Spawned Entity Задняя правая дверь от Cougar (Blood) (Cougar_Doors_cargo2<a0621870>, 100, 500, 0) at <14156.444336, 137.735733, 2643.333252>
[COT 2024-02-08 15:08:46] 76561199407766611: Spawned Entity Задняя левая дверь от Cougar (Blood) (Cougar_Doors_cargo3<a0628080>, 100, 500, 0) at <14156.793945, 137.861237, 2643.312744>
[COT 2024-02-08 15:08:46] 76561199407766611: Spawned Entity Задняя правая дверь от Cougar (Blood) (Cougar_Doors_cargo4<a06274f0>, 100, 500, 0) at <14156.791992, 137.863922, 2643.317139>
[COT 2024-02-08 15:08:47] 76561199407766611: Spawned Entity Капот от Cougar (Blood) (Cougar_Doors_hood<a0628c10>, 100, 500, 0) at <14156.790039, 137.859207, 2643.317871>
[COT 2024-02-08 15:08:48] 76561199407766611: Spawned Entity Водительская дверь от Cougar (Blood) (Cougar_Doors_Driver<a0622400>, 100, 500, 0) at <14157.643555, 138.138458, 2643.362305>
[COT 2024-02-08 15:10:41] 76561199407766611: Spawned Entity Передняя правая дверь от Cougar (Blood) (Cougar_Doors_coDriver<a51c01b0>, 100, 500, 0) at <14157.672852, 137.525208, 2644.037109>
[COT 2024-02-08 15:11:16] 76561199407766611: Spawned Entity Cougar Wheel (Cougar_Wheel<c35e5ab0>, 100, 200, 0) at <14157.137695, 137.523209, 2642.301025>
[COT 2024-02-08 15:11:16] 76561199407766611: Spawned Entity Cougar Wheel (Cougar_Wheel<c35ea010>, 100, 200, 0) at <14157.547852, 137.898285, 2642.886230>
[COT 2024-02-08 15:11:17] 76561199407766611: Spawned Entity Cougar Wheel (Cougar_Wheel<c35eb730>, 100, 200, 0) at <14157.958008, 138.270905, 2643.467773>
[COT 2024-02-08 15:11:17] 76561199407766611: Spawned Entity Cougar Wheel (Cougar_Wheel<c35e4f20>, 100, 200, 0) at <14158.376953, 138.652878, 2644.063721>
[COT 2024-02-08 15:11:17] 76561199407766611: Spawned Entity Cougar Wheel (Cougar_Wheel<c35ec2c0>, 100, 200, 0) at <14158.793945, 139.031860, 2644.654785>
[COT 2024-02-08 15:12:44] 76561199407766611: Teleported to position <7046.305176, 33.800339, 2788.565430>
[COT 2024-02-08 15:13:01] 76561199407766611: Spawned Entity Camaro (Chevrolet_Camaro<a0f35130>, 100, 10000, 0) at <7050.100098, 33.758133, 2803.386963>
[COT 2024-02-08 15:15:40] 76561199407766611: Teleported to position <1883.524170, 8.374685, 8999.803711>
[COT 2024-02-08 15:16:33] 76561199407766611: Spawned Entity  Camper Blue (Camper_blue<c149bc90>, 100, 10000, 0) at <1880.542847, 9.190001, 8968.836914>
[COT 2024-02-08 15:18:36] 76561199407766611: Teleported to position <4648.414063, 20.430000, 7164.809570>
[COT 2024-02-08 15:18:43] 76561199407766611: Entered the Free Camera
[COT 2024-02-08 15:19:06] 76561199407766611: Left the Free Camera
[COT 2024-02-08 15:19:22] 76561199407766611: Spawned Entity Olga 24 (CivilianSedan<a0f485a0>, 100, 1000, 0) at <4726.469238, 20.430008, 7201.144043>
[COT 2024-02-08 15:19:29] 76561199407766611: Deleted Entity CivilianSedan_Police:9967 at <4726.487793, 20.417776, 7201.132813>
[COT 2024-02-08 15:19:33] 76561199407766611: Spawned Entity Olga 24 (CivilianSedan<a0f4ddc0>, 100, 1000, 0) at <4723.426758, 20.430000, 7200.782227>
[COT 2024-02-08 15:19:37] 76561199407766611: Deleted Entity CivilianSedan_Lime:24294 at <4723.445313, 20.417776, 7200.770996>
[COT 2024-02-08 15:22:43] 76561199407766611: Entered the Free Camera
[COT 2024-02-08 15:23:25] 76561199407766611: Left the Free Camera
[COT 2024-02-08 15:26:24] 76561199407766611: Entered the Free Camera
[COT 2024-02-08 15:26:34] 76561199407766611: Left the Free Camera
