[COT 2024-01-21 01:08:01] 76561199407766611: Spawned Entity Fireworks Launcher (Anniversary_FireworksLauncher<7d2694a0>, 100, 30, 0) at <5625.883789, 28.709999, 5378.463379>
[COT 2024-01-21 01:08:09] 76561199407766611: Spawned Entity Matches (Matchbox<7d26e590>, 100, 80, 0) at <5625.113281, 28.709999, 5378.432129>
[COT 2024-01-21 01:09:18] 76561199407766611: Spawned Entity 42MA Pistol Suppressor (ItemSuppressor<d12e32a0>, 100, 1800, 0) at <5622.950684, 28.710016, 5410.347168>
[COT 2024-01-21 01:09:21] 76561199407766611: Spawned Entity 42 Glocks After Mag (DOC_42MA_GLOCK_MAG<d12e8390>, 42, 100, 0) at <5622.942383, 28.741837, 5410.376465>
[COT 2024-01-21 01:09:29] 76561199407766611: Spawned Entity 42 Glocks After (DOC_42MA_GLOCK1<bfdde6b0>, 42, 2800, 0) at <5622.911133, 28.810625, 5410.448730>
[COT 2024-01-21 01:09:31] 76561199407766611: Spawned Entity 42 Glocks After Mag (DOC_42MA_GLOCK_MAG<d12e49c0>, 42, 100, 0) at <5622.873047, 28.880993, 5410.500000>
[COT 2024-01-21 01:10:16] 76561199407766611: Spawned Entity Fireworks Launcher (FireworksLauncher<a2faf9f0>, 100, 30, 0) at <5639.161621, 38.637535, 5387.575195>
[COT 2024-01-21 01:10:19] 76561199407766611: Spawned Entity Fireworks Launcher (FireworksLauncher<75edd2a0>, 100, 30, 0) at <5638.250488, 38.528717, 5387.482422>
[COT 2024-01-21 01:19:32] 76561199407766611: Set GodMode To true [guid=spMEkRl42onhFHdF_u42e0T03x2sj347kUc600NXdGA=]
[COT 2024-01-21 01:19:33] 76561199407766611: Set Invisibility To 1 [guid=spMEkRl42onhFHdF_u42e0T03x2sj347kUc600NXdGA=]
[COT 2024-01-21 01:19:33] 76561199407766611: Set UnlimitedStamina To true [guid=spMEkRl42onhFHdF_u42e0T03x2sj347kUc600NXdGA=]
[COT 2024-01-21 01:19:33] 76561199407766611: Set UnlimitedAmmo To true [guid=spMEkRl42onhFHdF_u42e0T03x2sj347kUc600NXdGA=]
[COT 2024-01-21 01:19:43] 76561199407766611: Teleported to position <15764.831055, 22.240099, 5178.618164>
[COT 2024-01-21 01:20:03] 76561199407766611: ESP: ESP updating
[COT 2024-01-21 01:20:22] 76561199407766611: Entered the Free Camera
[COT 2024-01-21 01:22:31] 76561199407766611: ESP: Clearing ESP
[COT 2024-01-21 01:25:38] 76561199407766611: ESP: Viewing ESP
[COT 2024-01-21 01:26:42] 76561199407766611: ESP: Clearing ESP
[COT 2024-01-21 01:28:25] 76561199407766611: Left the Free Camera
[COT 2024-01-21 01:28:36] 76561199407766611: Teleported to position <5646.954102, 28.709999, 5418.833008>
