[COT 2024-01-20 05:10:38] 76561199407766611: Teleported to position <5633.302734, 28.740835, 5392.641602>
[COT 2024-01-20 06:07:26] 76561199407766611: Repaired Transport [guid=eZvdqnhxQZeB4Wvp7ko5cFy79bCUMACrCdUKq6S9F3w=]
[COT 2024-01-20 06:07:27] 76561199407766611: Healed [guid=eZvdqnhxQZeB4Wvp7ko5cFy79bCUMACrCdUKq6S9F3w=]
[COT 2024-01-20 06:07:31] 76561199407766611: Set GodMode To true [guid=spMEkRl42onhFHdF_u42e0T03x2sj347kUc600NXdGA=]
[COT 2024-01-20 06:07:31] 76561199407766611: Set UnlimitedStamina To true [guid=spMEkRl42onhFHdF_u42e0T03x2sj347kUc600NXdGA=]
[COT 2024-01-20 06:07:33] 76561199407766611: Set UnlimitedAmmo To true [guid=spMEkRl42onhFHdF_u42e0T03x2sj347kUc600NXdGA=]
[COT 2024-01-20 06:08:24] 76561199407766611: Healed [guid=eZvdqnhxQZeB4Wvp7ko5cFy79bCUMACrCdUKq6S9F3w=]
[COT 2024-01-20 06:08:49] 76561199407766611: Set Broken Legs To true [guid=eZvdqnhxQZeB4Wvp7ko5cFy79bCUMACrCdUKq6S9F3w=]
[COT 2024-01-20 06:09:10] 76561199407766611: Set Broken Legs To true [guid=s7vJf2NuCNme1MUM_sgLr2G3yzcxYg10pO0s-GAKExM=]
[COT 2024-01-20 06:09:14] 76561199407766611: Set Broken Legs To false [guid=s7vJf2NuCNme1MUM_sgLr2G3yzcxYg10pO0s-GAKExM=]
[COT 2024-01-20 06:09:19] 76561199407766611: Set Broken Legs To false [guid=eZvdqnhxQZeB4Wvp7ko5cFy79bCUMACrCdUKq6S9F3w=]
[COT 2024-01-20 06:13:14] 76561199407766611: Spawned Entity Bocchi the Suppressor (ItemSuppressor<2c51240>, 150, 1800, 0) at <3779.262207, 11.270890, 9748.297852>
[COT 2024-01-20 06:13:17] 76561199407766611: Spawned Entity Bunker's Pistol Suppressor (ItemSuppressor<c85f8070>, 150, 1800, 0) at <3779.223633, 11.273361, 9748.310547>
[COT 2024-01-20 06:13:20] 76561199407766611: Spawned Entity Blue's Pistol Suppressor (ItemSuppressor<c85fa320>, 150, 1800, 0) at <3779.266113, 11.302712, 9748.288086>
[COT 2024-01-20 06:15:54] 76561199407766611: Spawned Entity M35a2 black Tent (M35a2_Tent<b7f8ac50>, 200000, 1300, 512) at <3745.506592, 11.450000, 9721.398438>
[COT 2024-01-20 06:16:18] 76561199407766611: Spawned Entity M35a2 Kamo (M35a2_Kamo<b3c517b0>, 100, 10000, 0) at <3745.743164, 11.450004, 9721.227539>
[COT 2024-01-20 06:17:43] 76561199407766611: Deleted Entity M35a2_Kamo:25072 at <3886.905029, 12.625562, 9686.339844>
[COT 2024-01-20 06:20:29] 76561199407766611: Spawned Entity M35a2 Grey Left Door (M35a2_Doors_Driver<862a60a0>, 100, 500, 0) at <3759.455078, 11.449996, 9726.302734>
[COT 2024-01-20 06:21:03] 76561199407766611: Spawned Entity Doc's White M4 Carstock (DOC_M4CARSTOCK_WHITE<736dcb10>, 100, 200, 0) at <3755.208008, 11.450054, 9721.250977>
[COT 2024-01-20 06:21:04] 76561199407766611: Spawned Entity Doc's Green M4 Carstock (DOC_M4CARSTOCK_GREEN<736de230>, 100, 200, 0) at <3755.125732, 11.521162, 9721.191406>
[COT 2024-01-20 06:21:05] 76561199407766611: Spawned Entity Doc's Red M4 Carstock (DOC_M4CARSTOCK_RED<848ef2d0>, 100, 200, 0) at <3755.079102, 11.567061, 9721.149414>
[COT 2024-01-20 06:21:06] 76561199407766611: Spawned Entity Doc's Yellow M4 Carstock (DOC_M4CARSTOCK_YELLOW<848eb900>, 100, 200, 0) at <3755.014404, 11.623327, 9721.098633>
[COT 2024-01-20 06:21:06] 76561199407766611: Spawned Entity Doc's Purple M4 Carstock (DOC_M4CARSTOCK_PURPLE<848efe60>, 100, 200, 0) at <3754.958008, 11.668981, 9721.057617>
[COT 2024-01-20 06:21:07] 76561199407766611: Spawned Entity Doc's Pink M4 Carstock (DOC_M4CARSTOCK_PINK<848e9650>, 100, 200, 0) at <3754.915771, 11.730972, 9721.032227>
[COT 2024-01-20 06:21:08] 76561199407766611: Spawned Entity Doc's Light Blue M4 Carstock (DOC_M4CARSTOCK_LIGHTBLUE<848f09f0>, 100, 200, 0) at <3754.821289, 11.773474, 9720.954102>
[COT 2024-01-20 06:21:15] 76561199407766611: Spawned Entity Doc's White M4 RIS Handguard (DOC_M4RIS_WHITE<848b8410>, 100, 250, 0) at <3754.760010, 11.841415, 9720.916016>
[COT 2024-01-20 06:21:16] 76561199407766611: Spawned Entity Doc's Black M4 RIS Handguard (DOC_M4RIS_BLACK<bd2e4a30>, 100, 250, 0) at <3754.722656, 11.869921, 9720.888672>
[COT 2024-01-20 06:21:17] 76561199407766611: Spawned Entity Doc's Green M4 RIS Handguard (DOC_M4RIS_GREEN<b9defee0>, 100, 250, 0) at <3754.654297, 11.933488, 9720.834961>
[COT 2024-01-20 06:21:18] 76561199407766611: Spawned Entity Doc's Red M4 RIS Handguard (DOC_M4RIS_RED<c1321a70>, 100, 250, 0) at <3754.622803, 11.959757, 9720.812500>
[COT 2024-01-20 06:21:19] 76561199407766611: Spawned Entity Doc's Yellow M4 RIS Handguard (DOC_M4RIS_YELLOW<9dae3e30>, 100, 250, 0) at <3754.598389, 11.984135, 9720.791016>
[COT 2024-01-20 06:21:19] 76561199407766611: Spawned Entity Doc's Purple M4 RIS Handguard (DOC_M4RIS_PURPLE<9daee010>, 100, 250, 0) at <3754.569092, 12.012755, 9720.764648>
[COT 2024-01-20 06:21:20] 76561199407766611: Spawned Entity Doc's Pink M4 RIS Handguard (DOC_M4RIS_PINK<fc5b69d0>, 100, 250, 0) at <3754.540283, 12.035847, 9720.741211>
[COT 2024-01-20 06:21:21] 76561199407766611: Spawned Entity Doc's Light Blue M4 RIS Handguard (DOC_M4RIS_LIGHTBLUE<fc5b7560>, 100, 250, 0) at <3754.499023, 12.070314, 9720.711914>
[COT 2024-01-20 06:21:46] 76561199407766611: Entered the Free Camera
[COT 2024-01-20 06:22:05] 76561199407766611: Left the Free Camera
[COT 2024-01-20 06:22:40] 76561199407766611: Spawned Entity Road Flare (Roadflare<d2d8f2a0>, 20, 100, 0) at <4515.114746, 49.651489, 7917.168457>
[COT 2024-01-20 06:23:48] 76561199407766611: Entered the Free Camera
