[COT 2024-01-16 23:56:11] 76561199108250772: Teleported to position <10133.970703, 52.944149, 5095.453125>
[COT 2024-01-16 23:56:38] 76561199108250772: Spawned Entity Large Safe (ExpansionSafeLarge<2a6f0d00>, 100, 20000, 0) at <10148.098633, 53.129200, 5080.665527>
[COT 2024-01-16 23:56:40] 76561199108250772: Spawned Entity Large Safe (ExpansionSafeLarge<2a6ea4f0>, 100, 20000, 0) at <10147.152344, 53.129196, 5080.533691>
[COT 2024-01-16 23:56:42] 76561199108250772: Spawned Entity Large Safe (ExpansionSafeLarge<2a6f8c30>, 100, 20000, 0) at <10146.913086, 53.129181, 5079.646484>
[COT 2024-01-16 23:56:44] 76561199108250772: Spawned Entity Large Safe (ExpansionSafeLarge<2a70e710>, 100, 20000, 0) at <10147.355469, 53.129181, 5078.776855>
[COT 2024-01-16 23:56:54] 76561199108250772: Spawned Entity Keys (ExpansionCarKey<2a716640>, 500, 100, 0) at <10146.980469, 53.129181, 5077.467285>
[COT 2024-01-16 23:56:55] 76561199108250772: Spawned Entity Keys (ExpansionCarKey<2a7171d0>, 500, 100, 0) at <10146.983398, 53.141357, 5077.469238>
[COT 2024-01-16 23:56:55] 76561199108250772: Spawned Entity Keys (ExpansionCarKey<2a713800>, 500, 100, 0) at <10146.986328, 53.153534, 5077.472656>
[COT 2024-01-16 23:56:56] 76561199108250772: Spawned Entity Keys (ExpansionCarKey<2a71ce50>, 500, 100, 0) at <10146.990234, 53.165710, 5077.475586>
[COT 2024-01-16 23:56:56] 76561199108250772: Spawned Entity Keys (ExpansionCarKey<2a6f7510>, 500, 100, 0) at <10146.994141, 53.177887, 5077.478516>
[COT 2024-01-16 23:56:57] 76561199108250772: Spawned Entity Keys (ExpansionCarKey<2a71b730>, 500, 100, 0) at <10146.998047, 53.190063, 5077.480957>
[COT 2024-01-16 23:56:57] 76561199108250772: Spawned Entity Keys (ExpansionCarKey<2a70c460>, 500, 100, 0) at <10147.000977, 53.202240, 5077.484863>
[COT 2024-01-16 23:56:58] 76561199108250772: Spawned Entity Keys (ExpansionCarKey<fee557d0>, 500, 100, 0) at <10147.004883, 53.214417, 5077.486816>
[COT 2024-01-16 23:57:29] 76561199108250772: Spawned Entity Storage (lv. 10) (ExpansionPersonalStorageContainer<d1c91650>, 100, 100, 0) at <10129.670898, 55.122932, 5085.361328>
[COT 2024-01-16 23:57:32] 76561199108250772: Spawned Entity Personal storage upgrade (lv. 2) (ExpansionPersonalStorageUpgrade<a1ec58b0>, 100, 15, 0) at <10129.670898, 55.122932, 5085.361328>
[COT 2024-01-16 23:57:34] 76561199108250772: Spawned Entity Storage (lv. 10) (ExpansionPersonalStorageContainer<af313cc0>, 100, 100, 0) at <10129.631836, 55.195259, 5085.310059>
[COT 2024-01-16 23:57:36] 76561199108250772: Spawned Entity Storage (lv. 8) (ExpansionPersonalStorageContainer<af316d00>, 100, 100, 0) at <10129.631836, 55.195259, 5085.310059>
[COT 2024-01-16 23:57:41] 76561199108250772: Spawned Entity Storage (lv. 5) (ExpansionPersonalStorageContainer<1e8b050>, 100, 100, 0) at <10131.909180, 54.894573, 5085.292480>
[COT 2024-01-16 23:57:47] 76561199108250772: Spawned Entity Storage (lv. 1) (ExpansionPersonalStorageContainer<1e8bc60>, 100, 100, 0) at <10131.909180, 54.894573, 5085.292480>
[COT 2024-01-16 23:58:01] 76561199108250772: Spawned Entity Sea Chest (SeaChest<bd580c50>, 100, 600, 0) at <10127.034180, 55.122932, 5080.674316>
[COT 2024-01-16 23:58:04] 76561199108250772: Spawned Entity Sea Chest (SeaChest<bd56a5e0>, 100, 600, 0) at <10128.050781, 55.122932, 5081.136230>
[COT 2024-01-16 23:58:06] 76561199108250772: Spawned Entity Sea Chest (SeaChest<bd582370>, 100, 600, 0) at <10128.838867, 55.122932, 5081.644531>
[COT 2024-01-16 23:58:08] 76561199108250772: Spawned Entity Sea Chest (SeaChest<bd58dc70>, 100, 600, 0) at <10130.073242, 55.122932, 5082.304199>
[COT 2024-01-16 23:58:20] 76561199108250772: Spawned Entity Barrel (Barrel_Red<bd0a8c10>, 200000, 1300, 512) at <10124.603516, 55.122932, 5083.900391>
[COT 2024-01-16 23:58:22] 76561199108250772: Spawned Entity Barrel (Barrel_Red<bd0c9ff0>, 200000, 1300, 512) at <10124.305664, 55.122932, 5084.675293>
[COT 2024-01-16 23:58:22] 76561199108250772: Spawned Entity Barrel (Barrel_Red<bd0cc2a0>, 200000, 1300, 512) at <10124.305664, 55.122932, 5084.675293>
[COT 2024-01-16 23:58:28] 76561199108250772: Spawned Entity Barrel (Barrel_Red<c0c5f0e0>, 200000, 1300, 512) at <10123.942383, 55.122932, 5086.129883>
[COT 2024-01-16 23:59:24] 76561199108250772: Spawned Entity Car Radiator (CarRadiator<d7ce80f0>, 100, 250, 0) at <10114.868164, 54.281750, 5117.969238>
[COT 2024-01-16 23:59:25] 76561199108250772: Spawned Entity Car Radiator (CarRadiator<d7cef490>, 100, 250, 0) at <10114.868164, 54.281750, 5117.969238>
[COT 2024-01-16 23:59:25] 76561199108250772: Spawned Entity Car Radiator (CarRadiator<d7cf2e60>, 100, 250, 0) at <10114.900391, 54.399582, 5118.042480>
[COT 2024-01-16 23:59:45] 76561199108250772: Spawned Entity Helicopter Battery (ExpansionHelicopterBattery<a7f3bda0>, 50, 100, 0) at <10115.710938, 54.281750, 5118.067383>
[COT 2024-01-16 23:59:45] 76561199108250772: Spawned Entity Helicopter Battery (ExpansionHelicopterBattery<a7f4bc00>, 50, 100, 0) at <10115.740234, 54.590313, 5118.227051>
[COT 2024-01-17 00:00:51] 76561199108250772: Teleported to position <6182.738281, 31.549999, 2241.375977>
[COT 2024-01-17 00:02:51] 76561199108250772: Teleported to position <5621.884277, 28.709999, 5385.165039>
[COT 2024-01-17 00:08:04] 76561199108250772: Teleported to position <8854.454102, 37.496529, 9928.009766>
[COT 2024-01-17 00:09:51] 76561199108250772: Entered the Free Camera
[COT 2024-01-17 00:09:58] 76561199108250772: Left the Free Camera
[COT 2024-01-17 00:13:51] 76561199108250772: Spawned Entity Large Safe (ExpansionSafeLarge<8a99e250>, 100, 20000, 0) at <8838.643555, 38.567768, 9948.209961>
[COT 2024-01-17 00:13:52] 76561199108250772: Spawned Entity Large Safe (ExpansionSafeLarge<8a997a40>, 100, 20000, 0) at <8839.242188, 38.567768, 9948.491211>
[COT 2024-01-17 00:13:54] 76561199108250772: Spawned Entity Large Safe (ExpansionSafeLarge<8a999160>, 100, 20000, 0) at <8840.196289, 38.567768, 9948.903320>
[COT 2024-01-17 00:13:57] 76561199108250772: Spawned Entity Large Safe (ExpansionSafeLarge<8a9a0500>, 100, 20000, 0) at <8840.519531, 38.567768, 9948.421875>
[COT 2024-01-17 00:13:59] 76561199108250772: Spawned Entity Large Safe (ExpansionSafeLarge<8a9a78a0>, 100, 20000, 0) at <8839.583008, 38.567768, 9948.068359>
[COT 2024-01-17 00:14:02] 76561199108250772: Spawned Entity Large Safe (ExpansionSafeLarge<8a9d0bb0>, 100, 20000, 0) at <8838.786133, 38.567768, 9947.478516>
[COT 2024-01-17 00:14:17] 76561199108250772: Spawned Entity MVS Magazine Pouch - OD (MVS_Pouch_Base<795a2e10>, 100, 100, 0) at <8840.352539, 38.567768, 9946.277344>
[COT 2024-01-17 00:14:18] 76561199108250772: Spawned Entity MVS Magazine Pouch - OD (MVS_Pouch_Base<7959c600>, 100, 100, 0) at <8840.375000, 38.674686, 9946.205078>
[COT 2024-01-17 00:14:18] 76561199108250772: Spawned Entity MVS Magazine Pouch - OD (MVS_Pouch_Base<795a4530>, 100, 100, 0) at <8840.398438, 38.781605, 9946.133789>
[COT 2024-01-17 00:14:33] 76561199108250772: Spawned Entity Mountain Backpack (MountainBag_ColorBase<b8374ff0>, 100, 150, 0) at <8840.928711, 38.567768, 9946.354492>
[COT 2024-01-17 00:14:47] 76561199108250772: Spawned Entity S.T.A.G. Plate Carrier (PlateCarrierVest<b8350240>, 100, 400, 0) at <8839.513672, 38.567768, 9946.251953>
[COT 2024-01-17 00:15:35] 76561199108250772: Spawned Entity Hunter Jacket (HuntingJacket_Summer<badce980>, 100, 150, 0) at <8840.267578, 38.567768, 9946.847656>
[COT 2024-01-17 00:15:45] 76561199108250772: Spawned Entity Boxed Nails (NailBox<badcf510>, 100, 80, 0) at <8840.793945, 38.567768, 9947.091797>
[COT 2024-01-17 00:15:45] 76561199108250772: Spawned Entity Boxed Nails (NailBox<baddae10>, 100, 80, 0) at <8840.776367, 38.703758, 9946.992188>
[COT 2024-01-17 00:16:46] 76561199108250772: Spawned Entity DT11 (Expansion_DT11<d76aaa90>, 60, 250, 0) at <8841.313477, 38.567768, 9946.747070>
[COT 2024-01-17 00:16:50] 76561199108250772: Spawned Entity DT11 (Expansion_DT11<171d1d00>, 60, 250, 0) at <8841.268555, 38.672958, 9946.682617>
[COT 2024-01-17 00:17:28] 76561199108250772: Spawned Entity Colt1911Holy (45ACP) (Colt1911_Base<ab799750>, 75, 200, 0) at <8841.719727, 38.567768, 9945.509766>
[COT 2024-01-17 00:17:50] 76561199108250772: Spawned Entity CR-75 (CZ75_Base<ab797020>, 75, 170, 0) at <8841.678711, 38.621719, 9945.508789>
[COT 2024-01-17 00:19:21] 76561199108250772: Spawned Entity MVS Combat Helmet - Multicam Black (Mich2001Helmet<d0ac0c00>, 7, 50, 0) at <8841.623047, 38.694504, 9945.505859>
[COT 2024-01-17 00:20:32] 76561199108250772: Spawned Entity 42 Glocks After (DOC_42MA_GLOCK1<c5fdb6a0>, 12, 2800, 0) at <8841.404297, 38.567768, 9945.025391>
[COT 2024-01-17 00:20:32] 76561199108250772: Spawned Entity 42 Glocks After (DOC_42MA_GLOCK1<c5fee310>, 12, 2800, 0) at <8841.371094, 38.619438, 9945.037109>
[COT 2024-01-17 00:20:33] 76561199108250772: Spawned Entity 42 Glocks After (DOC_42MA_GLOCK1<d05572c0>, 12, 2800, 0) at <8841.328125, 38.686832, 9945.052734>
[COT 2024-01-17 00:20:33] 76561199108250772: Spawned Entity 42 Glocks After (DOC_42MA_GLOCK1<d0553e80>, 12, 2800, 0) at <8841.300781, 38.729321, 9945.062500>
[COT 2024-01-17 00:21:01] 76561199108250772: Spawned Entity Red Fishing Rod (FishingRod<c7a056c0>, 12, 150, 0) at <8841.255859, 38.798611, 9945.078125>
[COT 2024-01-17 00:21:46] 76561199108250772: Spawned Entity Gunrack (ExpansionGunrack<cc4a7060>, 40, 600, 0) at <8839.663086, 38.567768, 9944.232422>
[COT 2024-01-17 00:23:26] 76561199108250772: Spawned Entity Hryvnia Banknotes Stack (ExpansionBanknoteHryvnia<cbd6bd50>, 50000, 100, 0) at <8840.440430, 38.567768, 9945.303711>
[COT 2024-01-17 00:24:45] 76561199108250772: Teleported to position <10142.528320, 52.590515, 5073.263672>
[COT 2024-01-17 00:25:55] 76561199108250772: Entered the Free Camera
[COT 2024-01-17 00:26:02] 76561199108250772: Left the Free Camera
[COT 2024-01-17 00:27:16] 76561199108250772: Set GodMode To true [guid=OAdpPkJP2Ps_W7h2ttR1bK23ekHCzrxw0mDT3zqLMdU=]
[COT 2024-01-17 00:27:17] 76561199108250772: Set UnlimitedAmmo To true [guid=OAdpPkJP2Ps_W7h2ttR1bK23ekHCzrxw0mDT3zqLMdU=]
[COT 2024-01-17 00:27:17] 76561199108250772: Set UnlimitedStamina To true [guid=OAdpPkJP2Ps_W7h2ttR1bK23ekHCzrxw0mDT3zqLMdU=]
[COT 2024-01-17 00:27:18] 76561199108250772: Set cannot be targeted by AI to true [guid=OAdpPkJP2Ps_W7h2ttR1bK23ekHCzrxw0mDT3zqLMdU=]
[COT 2024-01-17 00:27:49] 76561199108250772: Spawned Entity Boxed .308 WIN Rounds (AmmoBox_308Win_20Rnd<c9929b90>, 40, 100, 0) at <10146.681641, 53.129181, 5076.398926>
[COT 2024-01-17 00:27:49] 76561199108250772: Spawned Entity Boxed .308 WIN Rounds (AmmoBox_308Win_20Rnd<c992c9d0>, 40, 100, 0) at <10146.675781, 53.158607, 5076.413086>
[COT 2024-01-17 00:27:50] 76561199108250772: Spawned Entity Boxed .308 WIN Rounds (AmmoBox_308Win_20Rnd<c992a720>, 40, 100, 0) at <10146.670898, 53.188332, 5076.428223>
[COT 2024-01-17 00:27:50] 76561199108250772: Spawned Entity Boxed .308 WIN Rounds (AmmoBox_308Win_20Rnd<c9933d70>, 40, 100, 0) at <10146.666016, 53.217758, 5076.442871>
[COT 2024-01-17 00:27:51] 76561199108250772: Spawned Entity Boxed .308 WIN Rounds (AmmoBox_308Win_20Rnd<c9932650>, 40, 100, 0) at <10146.662109, 53.247482, 5076.458008>
[COT 2024-01-17 00:27:51] 76561199108250772: Spawned Entity Boxed .308 WIN Rounds (AmmoBox_308Win_20Rnd<c9936020>, 40, 100, 0) at <10146.657227, 53.276909, 5076.472656>
[COT 2024-01-17 00:27:51] 76561199108250772: Spawned Entity Boxed .308 WIN Rounds (AmmoBox_308Win_20Rnd<c9937740>, 40, 100, 0) at <10146.651367, 53.306633, 5076.487793>
[COT 2024-01-17 00:27:52] 76561199108250772: Spawned Entity Boxed .308 WIN Rounds (AmmoBox_308Win_20Rnd<c98ff160>, 40, 100, 0) at <10146.647461, 53.336060, 5076.501953>
[COT 2024-01-17 00:27:52] 76561199108250772: Spawned Entity Boxed .308 WIN Rounds (AmmoBox_308Win_20Rnd<c98fb790>, 40, 100, 0) at <10146.642578, 53.365486, 5076.517090>
[COT 2024-01-17 00:27:52] 76561199108250772: Spawned Entity Boxed .308 WIN Rounds (AmmoBox_308Win_20Rnd<c98fc320>, 40, 100, 0) at <10146.637695, 53.395210, 5076.531738>
[COT 2024-01-17 00:27:54] 76561199108250772: Spawned Entity Boxed .308 WIN Rounds (AmmoBox_308Win_20Rnd<c9911e00>, 40, 100, 0) at <10146.632813, 53.424633, 5076.546875>
[COT 2024-01-17 00:27:54] 76561199108250772: Spawned Entity Boxed .308 WIN Rounds (AmmoBox_308Win_20Rnd<c990cd10>, 40, 100, 0) at <10146.628906, 53.454357, 5076.561523>
[COT 2024-01-17 00:27:54] 76561199108250772: Spawned Entity Boxed .308 WIN Rounds (AmmoBox_308Win_20Rnd<c991b450>, 40, 100, 0) at <10146.624023, 53.483784, 5076.576172>
[COT 2024-01-17 00:27:55] 76561199108250772: Spawned Entity Boxed .308 WIN Rounds (AmmoBox_308Win_20Rnd<c9914c40>, 40, 100, 0) at <10146.619141, 53.513508, 5076.591309>
[COT 2024-01-17 00:28:12] 76561199108250772: Spawned Entity Boxed 5.56x45mm Tracer Rounds (AmmoBox_556x45Tracer_20Rnd<b56f4f90>, 40, 100, 0) at <10147.028320, 53.129200, 5076.167480>
[COT 2024-01-17 00:28:12] 76561199108250772: Spawned Entity Boxed 5.56x45mm Tracer Rounds (AmmoBox_556x45Tracer_20Rnd<b5701420>, 40, 100, 0) at <10147.028320, 53.148697, 5076.177734>
[COT 2024-01-17 00:28:12] 76561199108250772: Spawned Entity Boxed 5.56x45mm Tracer Rounds (AmmoBox_556x45Tracer_20Rnd<b57036d0>, 40, 100, 0) at <10147.029297, 53.168251, 5076.187988>
[COT 2024-01-17 00:28:13] 76561199108250772: Spawned Entity Boxed 5.56x45mm Tracer Rounds (AmmoBox_556x45Tracer_20Rnd<b5709350>, 40, 100, 0) at <10147.030273, 53.187878, 5076.198242>
[COT 2024-01-17 00:28:13] 76561199108250772: Spawned Entity Boxed 5.56x45mm Tracer Rounds (AmmoBox_556x45Tracer_20Rnd<b5705980>, 40, 100, 0) at <10147.030273, 53.207493, 5076.208496>
[COT 2024-01-17 00:28:13] 76561199108250772: Spawned Entity Boxed 5.56x45mm Tracer Rounds (AmmoBox_556x45Tracer_20Rnd<b57140c0>, 40, 100, 0) at <10147.031250, 53.227119, 5076.218262>
[COT 2024-01-17 00:28:13] 76561199108250772: Spawned Entity Boxed 5.56x45mm Tracer Rounds (AmmoBox_556x45Tracer_20Rnd<b570d8b0>, 40, 100, 0) at <10147.031250, 53.246746, 5076.228516>
[COT 2024-01-17 00:28:13] 76561199108250772: Spawned Entity Boxed 5.56x45mm Tracer Rounds (AmmoBox_556x45Tracer_20Rnd<b570e440>, 40, 100, 0) at <10147.032227, 53.266300, 5076.238770>
[COT 2024-01-17 00:28:14] 76561199108250772: Spawned Entity Boxed 5.56x45mm Tracer Rounds (AmmoBox_556x45Tracer_20Rnd<b571a8d0>, 40, 100, 0) at <10147.033203, 53.285793, 5076.249023>
[COT 2024-01-17 00:28:14] 76561199108250772: Spawned Entity Boxed 5.56x45mm Tracer Rounds (AmmoBox_556x45Tracer_20Rnd<b5716370>, 40, 100, 0) at <10147.032227, 53.285854, 5076.249023>
[COT 2024-01-17 00:28:14] 76561199108250772: Spawned Entity Boxed 5.56x45mm Tracer Rounds (AmmoBox_556x45Tracer_20Rnd<b5724ab0>, 40, 100, 0) at <10147.033203, 53.305481, 5076.259277>
[COT 2024-01-17 00:28:14] 76561199108250772: Spawned Entity Boxed 5.56x45mm Tracer Rounds (AmmoBox_556x45Tracer_20Rnd<b5720550>, 40, 100, 0) at <10147.034180, 53.325108, 5076.270020>
[COT 2024-01-17 00:28:14] 76561199108250772: Spawned Entity Boxed 5.56x45mm Tracer Rounds (AmmoBox_556x45Tracer_20Rnd<b5721c70>, 40, 100, 0) at <10147.034180, 53.325108, 5076.270020>
[COT 2024-01-17 00:28:14] 76561199108250772: Spawned Entity Boxed 5.56x45mm Tracer Rounds (AmmoBox_556x45Tracer_20Rnd<b5723f20>, 40, 100, 0) at <10147.034180, 53.344734, 5076.279785>
[COT 2024-01-17 00:28:14] 76561199108250772: Spawned Entity Boxed 5.56x45mm Tracer Rounds (AmmoBox_556x45Tracer_20Rnd<b571e2a0>, 40, 100, 0) at <10147.035156, 53.364361, 5076.290039>
[COT 2024-01-17 00:28:15] 76561199108250772: Spawned Entity Boxed 5.56x45mm Tracer Rounds (AmmoBox_556x45Tracer_20Rnd<b572c9e0>, 40, 100, 0) at <10147.035156, 53.383923, 5076.300781>
[COT 2024-01-17 00:28:15] 76561199108250772: Spawned Entity Boxed 5.56x45mm Tracer Rounds (AmmoBox_556x45Tracer_20Rnd<b5729ba0>, 40, 100, 0) at <10147.036133, 53.403446, 5076.310547>
[COT 2024-01-17 00:28:15] 76561199108250772: Spawned Entity Boxed 5.56x45mm Tracer Rounds (AmmoBox_556x45Tracer_20Rnd<b572a730>, 40, 100, 0) at <10147.036133, 53.423073, 5076.320801>
[COT 2024-01-17 00:28:15] 76561199108250772: Spawned Entity Boxed 5.56x45mm Tracer Rounds (AmmoBox_556x45Tracer_20Rnd<d8d4cbf0>, 40, 100, 0) at <10147.037109, 53.442627, 5076.331543>
[COT 2024-01-17 00:28:15] 76561199108250772: Spawned Entity Boxed 5.56x45mm Tracer Rounds (AmmoBox_556x45Tracer_20Rnd<d8d4d780>, 40, 100, 0) at <10147.037109, 53.462181, 5076.341309>
[COT 2024-01-17 00:28:15] 76561199108250772: Spawned Entity Boxed 5.56x45mm Tracer Rounds (AmmoBox_556x45Tracer_20Rnd<d8d4eea0>, 40, 100, 0) at <10147.038086, 53.481808, 5076.351563>
[COT 2024-01-17 00:28:16] 76561199108250772: Spawned Entity Boxed 5.56x45mm Tracer Rounds (AmmoBox_556x45Tracer_20Rnd<d8d59c10>, 40, 100, 0) at <10147.038086, 53.501434, 5076.361816>
[COT 2024-01-17 00:28:16] 76561199108250772: Spawned Entity Boxed 5.56x45mm Tracer Rounds (AmmoBox_556x45Tracer_20Rnd<d8d5bec0>, 40, 100, 0) at <10147.039063, 53.521111, 5076.372070>
[COT 2024-01-17 00:28:16] 76561199108250772: Spawned Entity Boxed 5.56x45mm Tracer Rounds (AmmoBox_556x45Tracer_20Rnd<d8d5ca50>, 40, 100, 0) at <10147.039063, 53.520988, 5076.372070>
[COT 2024-01-17 00:28:16] 76561199108250772: Spawned Entity Boxed 5.56x45mm Tracer Rounds (AmmoBox_556x45Tracer_20Rnd<d8d56dd0>, 40, 100, 0) at <10147.040039, 53.540737, 5076.382324>
[COT 2024-01-17 00:28:16] 76561199108250772: Spawned Entity Boxed 5.56x45mm Tracer Rounds (AmmoBox_556x45Tracer_20Rnd<d8d60420>, 40, 100, 0) at <10147.040039, 53.560291, 5076.392578>
[COT 2024-01-17 00:28:16] 76561199108250772: Spawned Entity Boxed 5.56x45mm Tracer Rounds (AmmoBox_556x45Tracer_20Rnd<d8d626d0>, 40, 100, 0) at <10147.041016, 53.579918, 5076.402832>
[COT 2024-01-17 00:28:17] 76561199108250772: Spawned Entity Boxed 5.56x45mm Tracer Rounds (AmmoBox_556x45Tracer_20Rnd<d8d660a0>, 40, 100, 0) at <10147.041992, 53.599472, 5076.413086>
[COT 2024-01-17 00:28:17] 76561199108250772: Spawned Entity Boxed 5.56x45mm Tracer Rounds (AmmoBox_556x45Tracer_20Rnd<d8d6a600>, 40, 100, 0) at <10147.041992, 53.599472, 5076.413086>
[COT 2024-01-17 00:28:17] 76561199108250772: Spawned Entity Boxed 5.56x45mm Tracer Rounds (AmmoBox_556x45Tracer_20Rnd<d8d69a70>, 40, 100, 0) at <10147.041992, 53.619099, 5076.423340>
[COT 2024-01-17 00:28:17] 76561199108250772: Spawned Entity Boxed 5.56x45mm Tracer Rounds (AmmoBox_556x45Tracer_20Rnd<d8d6b190>, 40, 100, 0) at <10147.042969, 53.638653, 5076.433105>
[COT 2024-01-17 00:28:17] 76561199108250772: Spawned Entity Boxed 5.56x45mm Tracer Rounds (AmmoBox_556x45Tracer_20Rnd<d8d6dfd0>, 40, 100, 0) at <10147.042969, 53.638653, 5076.433105>
[COT 2024-01-17 00:28:17] 76561199108250772: Spawned Entity Boxed 5.56x45mm Tracer Rounds (AmmoBox_556x45Tracer_20Rnd<d8d677c0>, 40, 100, 0) at <10147.042969, 53.658207, 5076.443359>
[COT 2024-01-17 00:28:28] 76561199108250772: Spawned Entity Gun Cleaning Kit (WeaponCleaningKit<c7f9b0b0>, 100, 100, 0) at <10145.996094, 53.129181, 5077.147461>
[COT 2024-01-17 00:28:28] 76561199108250772: Spawned Entity Gun Cleaning Kit (WeaponCleaningKit<c7f8ec20>, 100, 100, 0) at <10146.047852, 53.231838, 5077.186523>
[COT 2024-01-17 00:28:28] 76561199108250772: Spawned Entity Gun Cleaning Kit (WeaponCleaningKit<c7f95fc0>, 100, 100, 0) at <10146.100586, 53.334301, 5077.225586>
[COT 2024-01-17 00:28:29] 76561199108250772: Spawned Entity Gun Cleaning Kit (WeaponCleaningKit<c7f9d360>, 100, 100, 0) at <10146.152344, 53.436958, 5077.265137>
[COT 2024-01-17 00:28:29] 76561199108250772: Spawned Entity Gun Cleaning Kit (WeaponCleaningKit<c7fa80d0>, 100, 100, 0) at <10146.205078, 53.539711, 5077.304688>
[COT 2024-01-17 00:28:29] 76561199108250772: Spawned Entity Gun Cleaning Kit (WeaponCleaningKit<c7fa2450>, 100, 100, 0) at <10146.256836, 53.641708, 5077.343750>
[COT 2024-01-17 00:28:29] 76561199108250772: Spawned Entity Gun Cleaning Kit (WeaponCleaningKit<c7fac630>, 100, 100, 0) at <10146.309570, 53.743847, 5077.383301>
[COT 2024-01-17 00:28:29] 76561199108250772: Spawned Entity Gun Cleaning Kit (WeaponCleaningKit<c7fad1c0>, 100, 100, 0) at <10146.362305, 53.846897, 5077.422852>
[COT 2024-01-17 00:28:29] 76561199108250772: Spawned Entity Gun Cleaning Kit (WeaponCleaningKit<c7fb22b0>, 100, 100, 0) at <10146.414063, 53.949364, 5077.462402>
[COT 2024-01-17 00:28:30] 76561199108250772: Spawned Entity Gun Cleaning Kit (WeaponCleaningKit<c7fb5c80>, 100, 100, 0) at <10146.466797, 54.052296, 5077.501953>
[COT 2024-01-17 00:28:30] 76561199108250772: Spawned Entity Gun Cleaning Kit (WeaponCleaningKit<c7fb39d0>, 100, 100, 0) at <10146.518555, 54.154556, 5077.541016>
[COT 2024-01-17 00:28:30] 76561199108250772: Spawned Entity Gun Cleaning Kit (WeaponCleaningKit<c7fb0000>, 100, 100, 0) at <10146.519531, 54.155224, 5077.541504>
[COT 2024-01-17 00:28:30] 76561199108250772: Spawned Entity Gun Cleaning Kit (WeaponCleaningKit<c7fba1e0>, 100, 100, 0) at <10146.571289, 54.257027, 5077.580566>
[COT 2024-01-17 00:28:45] 76561199108250772: Spawned Entity Boxed 7.62x54mmR Rounds (AmmoBox_762x54_20Rnd<c7fbb900>, 40, 100, 0) at <10144.714844, 53.129181, 5079.847656>
[COT 2024-01-17 00:28:45] 76561199108250772: Spawned Entity Boxed 7.62x54mmR Rounds (AmmoBox_762x54_20Rnd<c7fbc490>, 40, 100, 0) at <10144.734375, 53.159161, 5079.842285>
[COT 2024-01-17 00:28:45] 76561199108250772: Spawned Entity Boxed 7.62x54mmR Rounds (AmmoBox_762x54_20Rnd<c7fbdbb0>, 40, 100, 0) at <10144.754883, 53.189140, 5079.838379>
[COT 2024-01-17 00:28:45] 76561199108250772: Spawned Entity Boxed 7.62x54mmR Rounds (AmmoBox_762x54_20Rnd<c7fb7f30>, 40, 100, 0) at <10144.774414, 53.219120, 5079.834473>
[COT 2024-01-17 00:28:46] 76561199108250772: Spawned Entity Boxed 7.62x54mmR Rounds (AmmoBox_762x54_20Rnd<872572c0>, 40, 100, 0) at <10144.794922, 53.249100, 5079.830566>
[COT 2024-01-17 00:28:46] 76561199108250772: Spawned Entity Boxed 7.62x54mmR Rounds (AmmoBox_762x54_20Rnd<872589e0>, 40, 100, 0) at <10144.814453, 53.279079, 5079.827148>
[COT 2024-01-17 00:28:46] 76561199108250772: Spawned Entity Boxed 7.62x54mmR Rounds (AmmoBox_762x54_20Rnd<872521d0>, 40, 100, 0) at <10144.833008, 53.308136, 5079.822754>
[COT 2024-01-17 00:28:47] 76561199108250772: Spawned Entity Boxed 7.62x54mmR Rounds (AmmoBox_762x54_20Rnd<87252d60>, 40, 100, 0) at <10144.852539, 53.337193, 5079.818848>
[COT 2024-01-17 00:28:47] 76561199108250772: Spawned Entity Boxed 7.62x54mmR Rounds (AmmoBox_762x54_20Rnd<8721f870>, 40, 100, 0) at <10144.872070, 53.367176, 5079.814941>
[COT 2024-01-17 00:28:47] 76561199108250772: Spawned Entity Boxed 7.62x54mmR Rounds (AmmoBox_762x54_20Rnd<8721ece0>, 40, 100, 0) at <10144.891602, 53.396233, 5079.811035>
[COT 2024-01-17 00:28:47] 76561199108250772: Spawned Entity Boxed 7.62x54mmR Rounds (AmmoBox_762x54_20Rnd<8721b310>, 40, 100, 0) at <10144.911133, 53.425289, 5079.806641>
[COT 2024-01-17 00:28:47] 76561199108250772: Spawned Entity Boxed 7.62x54mmR Rounds (AmmoBox_762x54_20Rnd<87219060>, 40, 100, 0) at <10144.930664, 53.455269, 5079.803223>
[COT 2024-01-17 00:28:47] 76561199108250772: Spawned Entity Boxed 7.62x54mmR Rounds (AmmoBox_762x54_20Rnd<87220400>, 40, 100, 0) at <10144.950195, 53.485252, 5079.799316>
[COT 2024-01-17 00:28:48] 76561199108250772: Spawned Entity Boxed 7.62x54mmR Rounds (AmmoBox_762x54_20Rnd<87219bf0>, 40, 100, 0) at <10144.950195, 53.485252, 5079.799316>
[COT 2024-01-17 00:28:48] 76561199108250772: Spawned Entity Boxed 7.62x54mmR Rounds (AmmoBox_762x54_20Rnd<8721a780>, 40, 100, 0) at <10144.970703, 53.514423, 5079.795898>
[COT 2024-01-17 00:28:48] 76561199108250772: Spawned Entity Boxed 7.62x54mmR Rounds (AmmoBox_762x54_20Rnd<8722f6d0>, 40, 100, 0) at <10144.970703, 53.514309, 5079.794434>
[COT 2024-01-17 00:28:48] 76561199108250772: Spawned Entity Boxed 7.62x54mmR Rounds (AmmoBox_762x54_20Rnd<872347c0>, 40, 100, 0) at <10144.991211, 53.544289, 5079.791992>
[COT 2024-01-17 00:28:48] 76561199108250772: Spawned Entity Boxed 7.62x54mmR Rounds (AmmoBox_762x54_20Rnd<87232510>, 40, 100, 0) at <10144.991211, 53.544289, 5079.791992>
[COT 2024-01-17 00:28:48] 76561199108250772: Spawned Entity Boxed 7.62x54mmR Rounds (AmmoBox_762x54_20Rnd<87230260>, 40, 100, 0) at <10145.009766, 53.574272, 5079.787598>
[COT 2024-01-17 00:28:48] 76561199108250772: Spawned Entity Boxed 7.62x54mmR Rounds (AmmoBox_762x54_20Rnd<8722dfb0>, 40, 100, 0) at <10145.029297, 53.603230, 5079.783691>
[COT 2024-01-17 00:28:49] 76561199108250772: Spawned Entity Boxed 7.62x54mmR Rounds (AmmoBox_762x54_20Rnd<87233c30>, 40, 100, 0) at <10145.029297, 53.603329, 5079.784180>
[COT 2024-01-17 00:28:49] 76561199108250772: Spawned Entity Boxed 7.62x54mmR Rounds (AmmoBox_762x54_20Rnd<8722eb40>, 40, 100, 0) at <10145.048828, 53.633209, 5079.779297>
[COT 2024-01-17 00:28:49] 76561199108250772: Spawned Entity Boxed 7.62x54mmR Rounds (AmmoBox_762x54_20Rnd<8723afd0>, 40, 100, 0) at <10145.068359, 53.662266, 5079.775391>
[COT 2024-01-17 00:28:49] 76561199108250772: Spawned Entity Boxed 7.62x54mmR Rounds (AmmoBox_762x54_20Rnd<78063780>, 40, 100, 0) at <10145.088867, 53.692245, 5079.771973>
[COT 2024-01-17 00:28:49] 76561199108250772: Spawned Entity Boxed 7.62x54mmR Rounds (AmmoBox_762x54_20Rnd<78060940>, 40, 100, 0) at <10145.108398, 53.722225, 5079.768066>
[COT 2024-01-17 00:28:49] 76561199108250772: Spawned Entity Boxed 7.62x54mmR Rounds (AmmoBox_762x54_20Rnd<7806cdd0>, 40, 100, 0) at <10145.108398, 53.722225, 5079.768066>
[COT 2024-01-17 00:28:49] 76561199108250772: Spawned Entity Boxed 7.62x54mmR Rounds (AmmoBox_762x54_20Rnd<7806d960>, 40, 100, 0) at <10145.126953, 53.751282, 5079.764160>
[COT 2024-01-17 00:29:33] 76561199108250772: Spawned Entity Komrad12 (20x76) (Saiga_Base<cf336c50>, 100, 250, 0) at <10144.400391, 53.129181, 5081.017578>
[COT 2024-01-17 00:29:34] 76561199108250772: Spawned Entity Komrad12 (20x76) (Saiga_Base<ad99f180>, 100, 250, 0) at <10144.430664, 53.188587, 5081.011719>
[COT 2024-01-17 00:29:36] 76561199108250772: Spawned Entity Komrad12_mag_10Rnd (Mag_Saiga_8Rnd<78ea30d0>, 10, 100, 0) at <10144.458008, 53.241379, 5081.006836>
[COT 2024-01-17 00:29:36] 76561199108250772: Spawned Entity Komrad12_mag_10Rnd (Mag_Saiga_8Rnd<78eb00f0>, 10, 100, 0) at <10144.520508, 53.361687, 5080.996094>
[COT 2024-01-17 00:29:37] 76561199108250772: Spawned Entity Komrad12_mag_10Rnd (Mag_Saiga_8Rnd<78eb0c80>, 10, 100, 0) at <10144.586914, 53.489243, 5080.984375>
[COT 2024-01-17 00:29:37] 76561199108250772: Spawned Entity Komrad12_mag_10Rnd (Mag_Saiga_8Rnd<78eae9d0>, 10, 100, 0) at <10144.650391, 53.611015, 5080.973633>
[COT 2024-01-17 00:29:46] 76561199108250772: Spawned Entity AmmoBox_20-76_10rnd (Box_Base<d2975b50>, 10, 100, 0) at <10144.015625, 53.129200, 5081.573730>
[COT 2024-01-17 00:29:47] 76561199108250772: Spawned Entity AmmoBox_20-76_10rnd (Box_Base<d2972d10>, 10, 100, 0) at <10144.015625, 53.129200, 5081.573730>
[COT 2024-01-17 00:29:47] 76561199108250772: Spawned Entity AmmoBox_20-76_10rnd (Box_Base<d297da80>, 10, 100, 0) at <10144.015625, 53.129200, 5081.573730>
[COT 2024-01-17 00:29:47] 76561199108250772: Spawned Entity AmmoBox_20-76_10rnd (Box_Base<d29859b0>, 10, 100, 0) at <10144.015625, 53.129200, 5081.573730>
[COT 2024-01-17 00:29:48] 76561199108250772: Spawned Entity AmmoBox_20-76_10rnd (Box_Base<d2982b70>, 10, 100, 0) at <10144.015625, 53.129200, 5081.573730>
[COT 2024-01-17 00:29:48] 76561199108250772: Spawned Entity AmmoBox_20-76_10rnd (Box_Base<d2981fe0>, 10, 100, 0) at <10144.015625, 53.129200, 5081.573730>
[COT 2024-01-17 00:29:49] 76561199108250772: Spawned Entity AmmoBox_20-76_10rnd (Box_Base<d298c1c0>, 10, 100, 0) at <10144.015625, 53.129200, 5081.573730>
[COT 2024-01-17 00:29:49] 76561199108250772: Spawned Entity AmmoBox_20-76_10rnd (Box_Base<d2990720>, 10, 100, 0) at <10144.015625, 53.129200, 5081.573730>
[COT 2024-01-17 00:29:49] 76561199108250772: Spawned Entity AmmoBox_20-76_10rnd (Box_Base<d29912b0>, 10, 100, 0) at <10144.015625, 53.129200, 5081.573730>
[COT 2024-01-17 00:29:50] 76561199108250772: Spawned Entity AmmoBox_20-76_10rnd (Box_Base<d2993560>, 10, 100, 0) at <10144.015625, 53.129200, 5081.573730>
[COT 2024-01-17 00:29:50] 76561199108250772: Spawned Entity AmmoBox_20-76_10rnd (Box_Base<d298e470>, 10, 100, 0) at <10144.015625, 53.129200, 5081.573730>
[COT 2024-01-17 00:29:51] 76561199108250772: Spawned Entity AmmoBox_20-76_10rnd (Box_Base<d2998650>, 10, 100, 0) at <10144.015625, 53.129200, 5081.573730>
[COT 2024-01-17 00:29:51] 76561199108250772: Spawned Entity AmmoBox_20-76_10rnd (Box_Base<cd64d5d0>, 10, 100, 0) at <10144.015625, 53.129200, 5081.573730>
[COT 2024-01-17 00:29:51] 76561199108250772: Spawned Entity AmmoBox_20-76_10rnd (Box_Base<cd653250>, 10, 100, 0) at <10144.015625, 53.129200, 5081.573730>
[COT 2024-01-17 00:29:52] 76561199108250772: Spawned Entity AmmoBox_20-76_10rnd (Box_Base<cd655500>, 10, 100, 0) at <10144.015625, 53.129200, 5081.573730>
[COT 2024-01-17 00:29:52] 76561199108250772: Spawned Entity AmmoBox_20-76_10rnd (Box_Base<cd64f880>, 10, 100, 0) at <10144.015625, 53.129200, 5081.573730>
[COT 2024-01-17 00:29:52] 76561199108250772: Spawned Entity AmmoBox_20-76_10rnd (Box_Base<cd656c20>, 10, 100, 0) at <10144.015625, 53.129200, 5081.573730>
[COT 2024-01-17 00:29:53] 76561199108250772: Spawned Entity AmmoBox_20-76_10rnd (Box_Base<cd65f6e0>, 10, 100, 0) at <10144.015625, 53.129200, 5081.573730>
[COT 2024-01-17 00:29:53] 76561199108250772: Spawned Entity AmmoBox_20-76_10rnd (Box_Base<cd663c40>, 10, 100, 0) at <10144.015625, 53.129200, 5081.573730>
[COT 2024-01-17 00:29:53] 76561199108250772: Spawned Entity AmmoBox_20-76_10rnd (Box_Base<cd65dfc0>, 10, 100, 0) at <10144.015625, 53.129200, 5081.573730>
[COT 2024-01-17 00:30:04] 76561199108250772: Spawned Entity Boxed Nails (NailBox<cd667610>, 99, 80, 0) at <10144.466797, 53.129181, 5080.332031>
[COT 2024-01-17 00:30:04] 76561199108250772: Spawned Entity Boxed Nails (NailBox<cd665360>, 99, 80, 0) at <10144.556641, 53.325775, 5080.400879>
[COT 2024-01-17 00:30:05] 76561199108250772: Spawned Entity Boxed Nails (NailBox<cd661990>, 99, 80, 0) at <10144.642578, 53.512257, 5080.466797>
[COT 2024-01-17 00:30:05] 76561199108250772: Spawned Entity Boxed Nails (NailBox<cd66a450>, 99, 80, 0) at <10144.733398, 53.708408, 5080.536133>
[COT 2024-01-17 00:30:06] 76561199108250772: Spawned Entity Boxed Nails (NailBox<cd66e9b0>, 99, 80, 0) at <10144.822266, 53.900387, 5080.604004>
[COT 2024-01-17 00:30:06] 76561199108250772: Spawned Entity Boxed Nails (NailBox<cd66f540>, 99, 80, 0) at <10144.904297, 54.079174, 5080.666992>
[COT 2024-01-17 00:30:07] 76561199108250772: Spawned Entity Boxed Nails (NailBox<cd668d30>, 99, 80, 0) at <10144.990234, 54.264744, 5080.732422>
[COT 2024-01-17 00:30:07] 76561199108250772: Spawned Entity Boxed Nails (NailBox<cd6700d0>, 99, 80, 0) at <10145.080078, 54.461189, 5080.801758>
[COT 2024-01-17 00:30:07] 76561199108250772: Spawned Entity Boxed Nails (NailBox<cd6717f0>, 99, 80, 0) at <10145.160156, 54.634007, 5080.862793>
[COT 2024-01-17 00:30:08] 76561199108250772: Spawned Entity Boxed Nails (NailBox<cd678000>, 99, 80, 0) at <10145.245117, 54.818836, 5080.928223>
[COT 2024-01-17 00:31:02] 76561199108250772: Spawned Entity Bandage (BandageDressing<ad413e00>, 4, 50, 0) at <10126.624023, 55.122932, 5082.043457>
[COT 2024-01-17 00:31:02] 76561199108250772: Spawned Entity Bandage (BandageDressing<ad414990>, 4, 50, 0) at <10126.670898, 55.210110, 5082.090820>
[COT 2024-01-17 00:31:02] 76561199108250772: Spawned Entity Bandage (BandageDressing<ad413270>, 4, 50, 0) at <10126.711914, 55.285133, 5082.132324>
[COT 2024-01-17 00:31:03] 76561199108250772: Spawned Entity Bandage (BandageDressing<ad411b50>, 4, 50, 0) at <10126.752930, 55.360111, 5082.173340>
[COT 2024-01-17 00:31:03] 76561199108250772: Spawned Entity Bandage (BandageDressing<ad418ef0>, 4, 50, 0) at <10126.792969, 55.435394, 5082.214355>
[COT 2024-01-17 00:31:04] 76561199108250772: Spawned Entity Bandage (BandageDressing<958e60e0>, 4, 50, 0) at <10126.841797, 55.524014, 5082.263184>
[COT 2024-01-17 00:31:04] 76561199108250772: Spawned Entity Bandage (BandageDressing<958bc240>, 4, 50, 0) at <10126.889648, 55.612858, 5082.312012>
[COT 2024-01-17 00:31:05] 76561199108250772: Spawned Entity Bandage (BandageDressing<9b01de40>, 4, 50, 0) at <10126.932617, 55.691040, 5082.354492>
[COT 2024-01-17 00:31:05] 76561199108250772: Spawned Entity Bandage (BandageDressing<9b00c8c0>, 4, 50, 0) at <10126.972656, 55.765682, 5082.395508>
[COT 2024-01-17 00:31:05] 76561199108250772: Spawned Entity Bandage (BandageDressing<c3e4c7c0>, 4, 50, 0) at <10127.017578, 55.848019, 5082.440918>
[COT 2024-01-17 00:31:12] 76561199108250772: Spawned Entity Multivitamin Pills (VitaminBottle<c3e5fff0>, 50, 50, 0) at <10126.351563, 55.122932, 5082.352539>
[COT 2024-01-17 00:31:12] 76561199108250772: Spawned Entity Multivitamin Pills (VitaminBottle<c3e6d010>, 50, 50, 0) at <10126.401367, 55.213478, 5082.404785>
[COT 2024-01-17 00:31:18] 76561199108250772: Spawned Entity Tetracycline Pills (TetracyclineAntibiotics<c3e6b8f0>, 12, 30, 0) at <10126.023438, 55.122932, 5082.867188>
[COT 2024-01-17 00:31:19] 76561199108250772: Spawned Entity Tetracycline Pills (TetracyclineAntibiotics<c3e67390>, 12, 30, 0) at <10126.076172, 55.190220, 5082.890137>
[COT 2024-01-17 00:31:19] 76561199108250772: Spawned Entity Tetracycline Pills (TetracyclineAntibiotics<c3e6f2c0>, 12, 30, 0) at <10126.129883, 55.258938, 5082.913574>
[COT 2024-01-17 00:31:20] 76561199108250772: Spawned Entity Tetracycline Pills (TetracyclineAntibiotics<c3e6fe50>, 12, 30, 0) at <10126.183594, 55.327660, 5082.937012>
[COT 2024-01-17 00:31:20] 76561199108250772: Spawned Entity Tetracycline Pills (TetracyclineAntibiotics<b175c800>, 12, 30, 0) at <10126.237305, 55.396381, 5082.960449>
[COT 2024-01-17 00:32:10] 76561199108250772: Spawned Entity Epinephrine Auto-Injector (Epinephrine<b77c0a00>, 500, 50, 0) at <10125.607422, 55.122932, 5082.971680>
[COT 2024-01-17 00:32:10] 76561199108250772: Spawned Entity Epinephrine Auto-Injector (Epinephrine<b77c4f60>, 500, 50, 0) at <10125.642578, 55.188847, 5082.990234>
[COT 2024-01-17 00:32:49] 76561199108250772: Spawned Entity MVS Chestrig - Tan (ModularChestRig_Base<b77d7c00>, 1000, 100, 0) at <10125.836914, 55.122932, 5083.234863>
[COT 2024-01-17 00:32:50] 76561199108250772: Spawned Entity MVS Chestrig - Tan (ModularChestRig_Base<b77defa0>, 1000, 100, 0) at <10125.989258, 55.507866, 5083.290527>
[COT 2024-01-17 00:32:57] 76561199108250772: Spawned Entity MVS Magazine Pouch - OD (MVS_Pouch_Base<77e5d680>, 1000, 100, 0) at <10125.877930, 55.122932, 5084.147949>
[COT 2024-01-17 00:33:06] 76561199108250772: Spawned Entity MVS Heavy LMG Pouch - Black (MVS_Pouch_Base<77e5e210>, 1000, 100, 0) at <10125.599609, 55.122932, 5084.188965>
[COT 2024-01-17 00:33:07] 76561199108250772: Spawned Entity MVS Heavy LMG Pouch - Black (MVS_Pouch_Base<77e61be0>, 1000, 100, 0) at <10125.673828, 55.227829, 5084.152832>
[COT 2024-01-17 00:33:30] 76561199108250772: Spawned Entity MVS Combat Belt - Black (Modular_Belt_Base<2f583710>, 1000, 100, 0) at <10125.748047, 55.332726, 5084.116211>
[COT 2024-01-17 00:33:32] 76561199108250772: Spawned Entity MVS Combat Belt - Black (Modular_Belt_Base<2f58fba0>, 1000, 100, 0) at <10125.836914, 55.458138, 5084.072754>
[COT 2024-01-17 00:33:33] 76561199108250772: Spawned Entity MVS Combat Belt - Black (Modular_Belt_Base<ca31aff0>, 1000, 100, 0) at <10125.925781, 55.583549, 5084.029785>
[COT 2024-01-17 00:33:45] 76561199108250772: Spawned Entity MVS Combat Shirt - OD (TacticalShirt_ColorBase<d3e899b0>, 1000, 100, 0) at <10129.003906, 55.122932, 5083.969727>
[COT 2024-01-17 00:33:46] 76561199108250772: Spawned Entity MVS Combat Shirt - OD (TacticalShirt_ColorBase<d3e918e0>, 1000, 100, 0) at <10128.932617, 55.215221, 5083.935547>
[COT 2024-01-17 00:34:35] 76561199108250772: Spawned Entity MVS Compact Pack 2 - Tiger Camo (MountainBag_ColorBase<b78a8d60>, 1000, 300, 0) at <10128.862305, 55.307510, 5083.901855>
[COT 2024-01-17 00:34:37] 76561199108250772: Spawned Entity MVS Compact Pack 2 - Tiger Camo (MountainBag_ColorBase<b78ae9e0>, 1000, 300, 0) at <10128.862305, 55.307510, 5083.901855>
[COT 2024-01-17 00:35:05] 76561199108250772: Teleported to position <9616.795898, 2.954734, 3100.825195>
[COT 2024-01-17 00:35:29] 76561199108250772: Spawned Entity Large Safe (ExpansionSafeLarge<77084e20>, 100, 20000, 0) at <9617.469727, 3.013926, 3097.770996>
[COT 2024-01-17 00:35:29] 76561199108250772: Spawned Entity Large Safe (ExpansionSafeLarge<7707f1a0>, 100, 20000, 0) at <9617.693359, 3.286304, 3097.836182>
[COT 2024-01-17 00:35:29] 76561199108250772: Spawned Entity Large Safe (ExpansionSafeLarge<77089380>, 100, 20000, 0) at <9617.945313, 3.593971, 3097.909912>
[COT 2024-01-17 00:35:36] 76561199108250772: Spawned Entity Keys (ExpansionCarKey<9f6dda50>, 500, 100, 0) at <9618.658203, 3.013926, 3098.661377>
[COT 2024-01-17 00:35:36] 76561199108250772: Spawned Entity Keys (ExpansionCarKey<9f6eb600>, 500, 100, 0) at <9618.661133, 3.026102, 3098.658691>
[COT 2024-01-17 00:56:31] 76561199108250772: Teleported to position <10134.522461, 52.980133, 5099.684570>
[COT 2024-01-17 01:00:11] 76561199108250772: Spawned Entity UAZ 3909 Khaki1 (UAZ_3909_chaki1<904ecdb0>, 100, 5000, 0) at <10116.013672, 53.422482, 5105.052246>
[COT 2024-01-17 04:35:13] 76561199108250772: Repaired Transport [guid=VsEWQWxzvcTpDLQgc9tVyxq5TiqDS9O3QehdBa_YkH8=]
