[COT 2024-02-06 21:09:46] 76561199407766611: Set GodMode To true [guid=spMEkRl42onhFHdF_u42e0T03x2sj347kUc600NXdGA=]
[COT 2024-02-06 21:09:47] 76561199407766611: Set Invisibility To 1 [guid=spMEkRl42onhFHdF_u42e0T03x2sj347kUc600NXdGA=]
[COT 2024-02-06 21:09:48] 76561199407766611: Set UnlimitedAmmo To true [guid=spMEkRl42onhFHdF_u42e0T03x2sj347kUc600NXdGA=]
[COT 2024-02-06 21:09:48] 76561199407766611: Set UnlimitedStamina To true [guid=spMEkRl42onhFHdF_u42e0T03x2sj347kUc600NXdGA=]
[COT 2024-02-06 21:10:11] 76561199407766611: Teleported to position <8355.790039, 120.760002, 10885.632813>
[COT 2024-02-06 21:10:56] 76561199407766611: Spawned Entity Running Shoes (JoggingShoes_Violet<c2567320>, 100, 50, 0) at <8359.625977, 122.308777, 10902.092773>
[COT 2024-02-06 21:11:04] 76561199407766611: Spawned Entity ADMIN GEAR-DOC-TOP (DOC_ADMIN_DOC_TOP<c256acf0>, 100, 50, 0) at <8359.625977, 122.308777, 10902.092773>
[COT 2024-02-06 21:11:13] 76561199407766611: Spawned Entity Doc's Personal Sidearm - ADMIN EDITION (DOC_ADMIN_DOC_BOCCHIGLOCK<9f888b90>, 100, 3000, 0) at <8359.625977, 122.308777, 10902.092773>
[COT 2024-02-06 21:11:17] 76561199407766611: Spawned Entity ADMIN GEAR-DOC-BOTTOM (DOC_ADMIN_DOC_BOTTOM<d9f63fd0>, 100, 50, 0) at <8359.625977, 122.308777, 10902.092773>
[COT 2024-02-06 21:16:35] 76561199407766611: Teleported [guid=-r2araXommLNgd2kLCOg5MUhQUGYZRsIrQF--_XcIVE=] to <8340.702148, 143.728973, 10873.970703>
[COT 2024-02-06 21:32:06] 76561199407766611: Teleported [guid=-r2araXommLNgd2kLCOg5MUhQUGYZRsIrQF--_XcIVE=] to <8353.064453, 143.332840, 10886.262695>
[COT 2024-02-06 21:33:41] 76561199407766611: Teleported to position <5614.620117, 28.709999, 5397.341797>
[COT 2024-02-06 21:36:47] 76561199407766611: Set Invisibility To 0 [guid=spMEkRl42onhFHdF_u42e0T03x2sj347kUc600NXdGA=]
[COT 2024-02-06 21:41:53] 76561199407766611: Teleported to position <4744.333008, -2.540000, 7093.069336>
[COT 2024-02-06 21:42:18] 76561199407766611: Entered the Free Camera
[COT 2024-02-06 21:42:38] 76561199407766611: Left the Free Camera
[COT 2024-02-06 21:51:21] 76561199407766611: Spawned Entity Initiates Chain Chausses of The Withering Flesh (DOC_CULT_CHAINPANT<825c6f60>, 100, 550, 0) at <4774.145020, 3.771475, 7116.354004>
[COT 2024-02-06 21:51:21] 76561199407766611: Spawned Entity Initiates Chain Chausses of The Withering Flesh (DOC_CULT_CHAINPANT<825c5840>, 100, 550, 0) at <4774.145020, 3.771475, 7116.354004>
[COT 2024-02-06 21:51:22] 76561199407766611: Spawned Entity Initiates Chain Chausses of The Withering Flesh (DOC_CULT_CHAINPANT<825ccbe0>, 100, 550, 0) at <4774.145020, 3.771475, 7116.354004>
[COT 2024-02-06 21:51:24] 76561199407766611: Spawned Entity Initiates Chain Tunic of The Withering Flesh (DOC_CULT_CHAINTOP<825cd770>, 100, 550, 0) at <4774.145020, 3.771475, 7116.354004>
[COT 2024-02-06 21:51:24] 76561199407766611: Spawned Entity Initiates Chain Tunic of The Withering Flesh (DOC_CULT_CHAINTOP<825cee90>, 100, 550, 0) at <4774.145020, 3.771475, 7116.354004>
[COT 2024-02-06 21:51:28] 76561199407766611: Spawned Entity Initiates Chain Coif of The Withering Flesh (DOC_CULT_CHAINCOIF<825d84e0>, 100, 500, 0) at <4774.145020, 3.771475, 7116.354004>
[COT 2024-02-06 21:51:28] 76561199407766611: Spawned Entity Initiates Chain Coif of The Withering Flesh (DOC_CULT_CHAINCOIF<825dbeb0>, 100, 500, 0) at <4774.145020, 3.771475, 7116.354004>
[COT 2024-02-06 21:51:30] 76561199407766611: Spawned Entity Initiates Leather Boots of The Withering Flesh (DOC_CULT_BOOTS<825d7950>, 100, 250, 0) at <4774.145020, 3.771475, 7116.354004>
[COT 2024-02-06 21:51:30] 76561199407766611: Spawned Entity Initiates Leather Boots of The Withering Flesh (DOC_CULT_BOOTS<825e3250>, 100, 250, 0) at <4774.145020, 3.771475, 7116.354004>
[COT 2024-02-06 21:51:33] 76561199407766611: Spawned Entity Initiates Blade Of The Withering Flesh (DOC_CULT_SWORD<825e5500>, 100, 600, 0) at <4774.145020, 3.771475, 7116.354004>
[COT 2024-02-06 21:51:33] 76561199407766611: Spawned Entity Initiates Blade Of The Withering Flesh (DOC_CULT_SWORD<825e6c20>, 100, 600, 0) at <4774.145020, 3.771475, 7116.354004>
[COT 2024-02-06 21:51:36] 76561199407766611: Spawned Entity Initiates Chestplate of The Withering Flesh (DOC_CULT_PLATE<cdd7ce20>, 100, 450, 0) at <4774.145020, 3.771475, 7116.354004>
[COT 2024-02-06 21:52:59] 76561199407766611: Spawned Entity Initiates Leather Boots of The Withering Flesh (DOC_CULT_BOOTS<beab2b70>, 100, 250, 0) at <4774.145020, 3.771475, 7116.354004>
[COT 2024-02-06 21:54:42] 76561199407766611: Teleported to position <5632.584961, 28.709999, 5405.791016>
