[COT 2024-02-18 18:58:01] 76561199407766611: Set GodMode To true [guid=spMEkRl42onhFHdF_u42e0T03x2sj347kUc600NXdGA=]
[COT 2024-02-18 18:58:02] 76561199407766611: Set Invisibility To 1 [guid=spMEkRl42onhFHdF_u42e0T03x2sj347kUc600NXdGA=]
[COT 2024-02-18 18:58:04] 76561199407766611: Healed [guid=spMEkRl42onhFHdF_u42e0T03x2sj347kUc600NXdGA=]
[COT 2024-02-18 18:58:13] 76561199407766611: Teleported to position <104.604118, 11.433249, 2154.833984>
[COT 2024-02-18 18:58:29] 76561199407766611: Spawned Entity Keys (ExpansionCarKey<38805ba0>, 100, 100, 0) at <110.562286, 12.613736, 2157.592285>
[COT 2024-02-18 18:58:29] 76561199407766611: Spawned Entity Keys (ExpansionCarKey<38807e50>, 100, 100, 0) at <110.561752, 12.625912, 2157.596924>
[COT 2024-02-18 18:58:47] 76561199407766611: Entered the Free Camera
[COT 2024-02-18 18:59:01] 76561199407766611: Left the Free Camera
[COT 2024-02-18 18:59:08] 76561199407766611: Set Invisibility To 0 [guid=spMEkRl42onhFHdF_u42e0T03x2sj347kUc600NXdGA=]
[COT 2024-02-18 19:02:57] 76561199407766611: Healed [guid=4LNvemhkvMsn3fCjiyhQQrToOar0_hhH9f302w8wMNY=]
[COT 2024-02-18 19:03:18] 76561199407766611: Entered the Free Camera
[COT 2024-02-18 19:06:37] 76561199407766611: Teleported to position <2300.994629, 6.477407, 2757.305664>
[COT 2024-02-18 19:06:39] 76561199407766611: Left the Free Camera
[COT 2024-02-18 19:06:50] 76561199407766611: Entered the Free Camera
[COT 2024-02-18 19:09:43] 76561199407766611: Left the Free Camera
[COT 2024-02-18 19:10:10] 76561199407766611: ESP: ESP updating
[COT 2024-02-18 19:10:24] 76561199407766611: Entered the Free Camera
[COT 2024-02-18 19:10:25] 76561199407766611: Left the Free Camera
[COT 2024-02-18 19:11:17] 76561199407766611: Healed [guid=spMEkRl42onhFHdF_u42e0T03x2sj347kUc600NXdGA=]
[COT 2024-02-18 19:12:12] 76561199407766611: Teleported to position <5631.296875, 28.720825, 5395.278320>
