[COT 2024-01-17 14:54:14] 76561199407766611: Set GodMode To true [guid=spMEkRl42onhFHdF_u42e0T03x2sj347kUc600NXdGA=]
[COT 2024-01-17 14:54:16] 76561199407766611: Set Invisibility To 1 [guid=spMEkRl42onhFHdF_u42e0T03x2sj347kUc600NXdGA=]
[COT 2024-01-17 14:54:16] 76561199407766611: Set UnlimitedStamina To true [guid=spMEkRl42onhFHdF_u42e0T03x2sj347kUc600NXdGA=]
[COT 2024-01-17 14:54:17] 76561199407766611: Set UnlimitedAmmo To true [guid=spMEkRl42onhFHdF_u42e0T03x2sj347kUc600NXdGA=]
[COT 2024-01-17 14:56:16] 76561199407766611: Teleported to position <2830.353271, 5.121514, 6197.457031>
[COT 2024-01-17 14:56:29] 76561199407766611: Deleted Entity ExpansionWall6x3:11749 at <2820.514404, 5.300002, 6201.604980>
[COT 2024-01-17 14:56:48] 76561199407766611: Deleted Entity ExpansionWall6x3:11502 at <2858.769775, 5.299991, 6195.327637>
[COT 2024-01-17 14:57:11] 76561199407766611: Teleported to position <3777.983398, 6.020000, 9093.304688>
[COT 2024-01-17 14:58:34] 76561199407766611: Teleported to position <5205.902344, 18.636436, 669.305664>
[COT 2024-01-17 14:58:47] 76561199407766611: Entered the Free Camera
[COT 2024-01-17 15:00:08] 76561199407766611: Left the Free Camera
[COT 2024-01-17 15:01:43] 76561199407766611: Teleported to position <10179.797852, 43.785030, 2740.200195>
[COT 2024-01-17 15:01:45] 76561199407766611: Entered the Free Camera
[COT 2024-01-17 15:02:11] 76561199407766611: Left the Free Camera
[COT 2024-01-17 15:02:52] 76561199407766611: Teleported to position <1621.333008, 9.190000, 9055.789063>
[COT 2024-01-17 15:06:52] 76561199407766611: Entered the Free Camera
[COT 2024-01-17 15:08:55] 76561199407766611: Left the Free Camera
[COT 2024-01-17 15:08:59] 76561199407766611: Teleported to position <8354.541016, 120.760002, 10884.472656>
[COT 2024-01-17 15:10:12] 76561199407766611: Entered the Free Camera
[COT 2024-01-17 15:10:48] 76561199407766611: Left the Free Camera
[COT 2024-01-17 15:11:12] 76561199407766611: Spawned Entity Mercedes-Benz W140 (MBw140<bc2ee0a0>, 100, 10000, 0) at <8285.909180, 146.203873, 10836.273438>
[COT 2024-01-17 15:13:04] 76561199407766611: Deleted Entity MBw140:31498 at <8183.040039, 164.747757, 10702.179688>
[COT 2024-01-17 15:13:21] 76561199407766611: Entered the Free Camera
[COT 2024-01-17 15:13:37] 76561199407766611: Left the Free Camera
[COT 2024-01-17 15:38:21] 76561198036774377: Spawned Entity Camo Net (CamoNet<9c09d8e0>, 100, 120, 0) at <5610.788574, 28.754236, 5355.151855>
[COT 2024-01-17 15:38:21] 76561198036774377: Spawned Entity Camo Net (CamoNet<9c0970d0>, 100, 120, 0) at <5610.851074, 28.931421, 5355.315430>
[COT 2024-01-17 15:39:33] 76561198036774377: Deleted Entity HAMMER_H1_black_rust:26175 at <5601.258301, 28.750349, 5358.092285>
