[COT 2024-02-04 23:09:22] 76561199108250772: Teleported to position <5643.580566, 28.709999, 5416.662109>
[COT 2024-02-05 00:22:50] 76561199407766611: Set GodMode To true [guid=spMEkRl42onhFHdF_u42e0T03x2sj347kUc600NXdGA=]
[COT 2024-02-05 00:22:51] 76561199407766611: Set Invisibility To 1 [guid=spMEkRl42onhFHdF_u42e0T03x2sj347kUc600NXdGA=]
[COT 2024-02-05 00:22:52] 76561199407766611: Set UnlimitedStamina To true [guid=spMEkRl42onhFHdF_u42e0T03x2sj347kUc600NXdGA=]
[COT 2024-02-05 00:22:52] 76561199407766611: Set UnlimitedAmmo To true [guid=spMEkRl42onhFHdF_u42e0T03x2sj347kUc600NXdGA=]
[COT 2024-02-05 00:22:56] 76561199407766611: Set Invisibility To 1 [guid=-r2araXommLNgd2kLCOg5MUhQUGYZRsIrQF--_XcIVE=]
[COT 2024-02-05 00:22:57] 76561199407766611: Set UnlimitedStamina To true [guid=-r2araXommLNgd2kLCOg5MUhQUGYZRsIrQF--_XcIVE=]
[COT 2024-02-05 00:22:57] 76561199407766611: Set UnlimitedAmmo To true [guid=-r2araXommLNgd2kLCOg5MUhQUGYZRsIrQF--_XcIVE=]
[COT 2024-02-05 00:22:58] 76561199407766611: Set UnlimitedStamina To true [guid=-r2araXommLNgd2kLCOg5MUhQUGYZRsIrQF--_XcIVE=]
[COT 2024-02-05 00:23:00] 76561199407766611: Set UnlimitedAmmo To false [guid=-r2araXommLNgd2kLCOg5MUhQUGYZRsIrQF--_XcIVE=]
[COT 2024-02-05 00:23:00] 76561199407766611: Set UnlimitedStamina To false [guid=-r2araXommLNgd2kLCOg5MUhQUGYZRsIrQF--_XcIVE=]
[COT 2024-02-05 00:23:02] 76561199407766611: Healed [guid=-r2araXommLNgd2kLCOg5MUhQUGYZRsIrQF--_XcIVE=]
[COT 2024-02-05 00:23:04] 76561199407766611: Teleported [guid=-r2araXommLNgd2kLCOg5MUhQUGYZRsIrQF--_XcIVE=] to <4608.864258, 56.928413, 7142.734863>
[COT 2024-02-05 00:23:39] 76561199407766611: Spawned Entity M134 (308Win) (M4A1_Base<7931d260>, 100, 500, 0) at <4607.318848, 56.928421, 7141.198242>
[COT 2024-02-05 00:23:39] 76561199407766611: Spawned Entity M134_mag_750Rnd (Mag_AKM_Drum75Rnd<aa979c70>, 750, 100, 0) at <4607.314941, 56.928421, 7141.199219>
[COT 2024-02-05 00:23:40] 76561199407766611: Spawned Entity M134_mag_750Rnd (Mag_AKM_Drum75Rnd<aa97a800>, 750, 100, 0) at <4607.262695, 57.085350, 7141.182129>
[COT 2024-02-05 00:23:40] 76561199407766611: Spawned Entity M134_mag_750Rnd (Mag_AKM_Drum75Rnd<aa973ff0>, 750, 100, 0) at <4607.245117, 57.142441, 7141.175293>
[COT 2024-02-05 00:24:24] 76561199407766611: Set Invisibility To 0 [guid=-r2araXommLNgd2kLCOg5MUhQUGYZRsIrQF--_XcIVE=]
[COT 2024-02-05 00:24:51] 76561199407766611: Spawned Entity MVS Patrol Cap - Black (Clothing<255105e0>, 100, 100, 0) at <4608.698730, 56.928425, 7141.873535>
[COT 2024-02-05 00:24:56] 76561199407766611: Spawned Entity MVS BDU Top - Multicam Black (TacticalShirt_Olive<255330e0>, 100, 90, 0) at <4608.547363, 57.047203, 7141.810547>
[COT 2024-02-05 00:24:57] 76561199407766611: Spawned Entity MVS Gorka Pants - Multicam Black (GorkaPants_Flat<25532550>, 100, 130, 0) at <4608.383789, 57.187382, 7141.693848>
[COT 2024-02-05 00:25:54] 76561199407766611: Teleported to position <5617.565430, 28.709999, 5406.092773>
[COT 2024-02-05 00:26:54] 76561199407766611: Set Invisibility To 0 [guid=spMEkRl42onhFHdF_u42e0T03x2sj347kUc600NXdGA=]
[COT 2024-02-05 00:31:52] 76561199407766611: Teleported to <4736.544922, 74.954239, 3179.001709> [guid=ebo0O4yOjYkK486s9SoqLuFc3tRe1vP1S2eE1IJxhV4=]
[COT 2024-02-05 00:35:50] 76561199407766611: Deleted Entity ExpansionWall6x3:26448 at <4742.104492, 74.994606, 3182.856445>
[COT 2024-02-05 00:35:52] 76561199407766611: Deleted Entity ExpansionWall6x3:27032 at <4744.548340, 74.994133, 3179.388428>
[COT 2024-02-05 00:35:54] 76561199407766611: Deleted Entity ExpansionFloor6x6:14234 at <4745.060547, 74.994133, 3182.344482>
[COT 2024-02-05 00:35:58] 76561199407766611: Deleted Entity ExpansionWall6x3:9601 at <4748.016602, 74.994606, 3181.832520>
[COT 2024-02-05 00:39:14] 76561199407766611: Teleported to position <5644.959473, 28.709999, 5415.976563>
[COT 2024-02-05 00:40:22] 76561199407766611: Stripped [guid=spMEkRl42onhFHdF_u42e0T03x2sj347kUc600NXdGA=]
[COT 2024-02-05 00:40:34] 76561199407766611: Spawned Entity Running Shoes (JoggingShoes_Violet<dae63780>, 100, 50, 0) at <5632.453125, 29.680260, 5412.331543>
[COT 2024-02-05 00:40:45] 76561199407766611: Spawned Entity ADMIN GEAR-DOC-TOP (DOC_ADMIN_DOC_TOP<dae68870>, 100, 50, 0) at <5632.531250, 29.695539, 5412.166016>
[COT 2024-02-05 00:40:46] 76561199407766611: Spawned Entity ADMIN GEAR-DOC-BOTTOM (DOC_ADMIN_DOC_BOTTOM<dae62060>, 100, 50, 0) at <5632.621582, 29.713108, 5411.975098>
[COT 2024-02-05 00:51:40] 76561199407766611: Spawned Entity Hryvnia Banknotes Stack (ExpansionBanknoteHryvnia<61c63c20>, 50000, 100, 0) at <5636.941406, 29.284975, 5395.554199>
[COT 2024-02-05 00:51:41] 76561199407766611: Spawned Entity Hryvnia Banknotes Stack (ExpansionBanknoteHryvnia<61c73a80>, 50000, 100, 0) at <5636.941406, 29.284975, 5395.554199>
[COT 2024-02-05 00:51:41] 76561199407766611: Spawned Entity Hryvnia Banknotes Stack (ExpansionBanknoteHryvnia<61c70c40>, 50000, 100, 0) at <5636.941406, 29.284975, 5395.554199>
[COT 2024-02-05 00:51:41] 76561199407766611: Spawned Entity Hryvnia Banknotes Stack (ExpansionBanknoteHryvnia<61c717d0>, 50000, 100, 0) at <5636.941406, 29.284975, 5395.554199>
[COT 2024-02-05 00:51:41] 76561199407766611: Spawned Entity Hryvnia Banknotes Stack (ExpansionBanknoteHryvnia<61c75d30>, 50000, 100, 0) at <5636.941406, 29.284975, 5395.554199>
[COT 2024-02-05 00:51:41] 76561199407766611: Spawned Entity Hryvnia Banknotes Stack (ExpansionBanknoteHryvnia<61c72360>, 50000, 100, 0) at <5636.941406, 29.284975, 5395.554199>
[COT 2024-02-05 00:51:41] 76561199407766611: Spawned Entity Hryvnia Banknotes Stack (ExpansionBanknoteHryvnia<61c6f520>, 50000, 100, 0) at <5636.941406, 29.284975, 5395.554199>
[COT 2024-02-05 00:51:42] 76561199407766611: Spawned Entity Hryvnia Banknotes Stack (ExpansionBanknoteHryvnia<61c72ef0>, 50000, 100, 0) at <5636.941406, 29.284975, 5395.554199>
[COT 2024-02-05 00:51:42] 76561199407766611: Spawned Entity Hryvnia Banknotes Stack (ExpansionBanknoteHryvnia<61c85000>, 50000, 100, 0) at <5636.941406, 29.284975, 5395.554199>
[COT 2024-02-05 00:51:42] 76561199407766611: Spawned Entity Hryvnia Banknotes Stack (ExpansionBanknoteHryvnia<61c90900>, 50000, 100, 0) at <5636.941406, 29.284975, 5395.554199>
[COT 2024-02-05 00:51:42] 76561199407766611: Spawned Entity Hryvnia Banknotes Stack (ExpansionBanknoteHryvnia<b709d800>, 50000, 100, 0) at <5636.941406, 29.284975, 5395.554199>
[COT 2024-02-05 00:51:42] 76561199407766611: Spawned Entity Hryvnia Banknotes Stack (ExpansionBanknoteHryvnia<b7098710>, 50000, 100, 0) at <5636.941406, 29.284975, 5395.554199>
[COT 2024-02-05 00:51:44] 76561199407766611: Spawned Entity Hryvnia Banknotes Stack (ExpansionBanknoteHryvnia<b70a28f0>, 50000, 100, 0) at <5636.941406, 29.284975, 5395.554199>
[COT 2024-02-05 00:51:44] 76561199407766611: Spawned Entity Hryvnia Banknotes Stack (ExpansionBanknoteHryvnia<b70a3480>, 50000, 100, 0) at <5636.941406, 29.284975, 5395.554199>
[COT 2024-02-05 00:51:44] 76561199407766611: Spawned Entity Hryvnia Banknotes Stack (ExpansionBanknoteHryvnia<b70a62c0>, 50000, 100, 0) at <5636.941406, 29.284975, 5395.554199>
[COT 2024-02-05 00:51:44] 76561199407766611: Spawned Entity Hryvnia Banknotes Stack (ExpansionBanknoteHryvnia<b70a4010>, 50000, 100, 0) at <5636.941406, 29.284975, 5395.554199>
[COT 2024-02-05 00:51:44] 76561199407766611: Spawned Entity Hryvnia Banknotes Stack (ExpansionBanknoteHryvnia<b7084350>, 50000, 100, 0) at <5636.941406, 29.284975, 5395.554199>
[COT 2024-02-05 00:51:44] 76561199407766611: Spawned Entity Hryvnia Banknotes Stack (ExpansionBanknoteHryvnia<c6647c00>, 50000, 100, 0) at <5636.941406, 29.284975, 5395.554199>
[COT 2024-02-05 00:51:45] 76561199407766611: Spawned Entity Hryvnia Banknotes Stack (ExpansionBanknoteHryvnia<c664efa0>, 50000, 100, 0) at <5636.941406, 29.284975, 5395.554199>
[COT 2024-02-05 00:51:45] 76561199407766611: Spawned Entity Hryvnia Banknotes Stack (ExpansionBanknoteHryvnia<c6651de0>, 50000, 100, 0) at <5636.941406, 29.284975, 5395.554199>
[COT 2024-02-05 00:51:45] 76561199407766611: Spawned Entity Hryvnia Banknotes Stack (ExpansionBanknoteHryvnia<c6656340>, 50000, 100, 0) at <5636.941406, 29.284975, 5395.554199>
[COT 2024-02-05 00:51:45] 76561199407766611: Spawned Entity Hryvnia Banknotes Stack (ExpansionBanknoteHryvnia<c6653500>, 50000, 100, 0) at <5636.941406, 29.284975, 5395.554199>
[COT 2024-02-05 00:51:45] 76561199407766611: Spawned Entity Hryvnia Banknotes Stack (ExpansionBanknoteHryvnia<c6661c40>, 50000, 100, 0) at <5636.941406, 29.284975, 5395.554199>
[COT 2024-02-05 00:51:45] 76561199407766611: Spawned Entity Hryvnia Banknotes Stack (ExpansionBanknoteHryvnia<c665e270>, 50000, 100, 0) at <5636.941406, 29.284975, 5395.554199>
[COT 2024-02-05 00:51:46] 76561199407766611: Spawned Entity Hryvnia Banknotes Stack (ExpansionBanknoteHryvnia<c66661a0>, 50000, 100, 0) at <5636.941406, 29.284975, 5395.554199>
[COT 2024-02-05 00:51:47] 76561199407766611: Spawned Entity Hryvnia Banknotes Stack (ExpansionBanknoteHryvnia<c667b0f0>, 50000, 100, 0) at <5636.941406, 29.284975, 5395.554199>
[COT 2024-02-05 00:51:47] 76561199407766611: Spawned Entity Hryvnia Banknotes Stack (ExpansionBanknoteHryvnia<c6676b90>, 50000, 100, 0) at <5636.941406, 29.284975, 5395.554199>
[COT 2024-02-05 00:51:47] 76561199407766611: Spawned Entity Hryvnia Banknotes Stack (ExpansionBanknoteHryvnia<c667c810>, 50000, 100, 0) at <5636.941406, 29.284975, 5395.554199>
[COT 2024-02-05 00:51:47] 76561199407766611: Spawned Entity Hryvnia Banknotes Stack (ExpansionBanknoteHryvnia<c66801e0>, 50000, 100, 0) at <5636.941406, 29.284975, 5395.554199>
[COT 2024-02-05 00:51:47] 76561199407766611: Spawned Entity Hryvnia Banknotes Stack (ExpansionBanknoteHryvnia<c6683bb0>, 50000, 100, 0) at <5636.941406, 29.284975, 5395.554199>
[COT 2024-02-05 00:51:48] 76561199407766611: Spawned Entity Hryvnia Banknotes Stack (ExpansionBanknoteHryvnia<bd4c4470>, 50000, 100, 0) at <5636.941406, 29.284975, 5395.554199>
[COT 2024-02-05 00:51:48] 76561199407766611: Spawned Entity Hryvnia Banknotes Stack (ExpansionBanknoteHryvnia<bd4c89d0>, 50000, 100, 0) at <5636.941406, 29.284975, 5395.554199>
[COT 2024-02-05 00:51:48] 76561199407766611: Spawned Entity Hryvnia Banknotes Stack (ExpansionBanknoteHryvnia<bd4cb810>, 50000, 100, 0) at <5636.941406, 29.284975, 5395.554199>
[COT 2024-02-05 00:51:48] 76561199407766611: Spawned Entity Hryvnia Banknotes Stack (ExpansionBanknoteHryvnia<bd4cc3a0>, 50000, 100, 0) at <5636.941406, 29.284975, 5395.554199>
[COT 2024-02-05 00:51:49] 76561199407766611: Spawned Entity Hryvnia Banknotes Stack (ExpansionBanknoteHryvnia<bd4c7e40>, 50000, 100, 0) at <5636.941406, 29.284975, 5395.554199>
[COT 2024-02-05 00:51:49] 76561199407766611: Spawned Entity Hryvnia Banknotes Stack (ExpansionBanknoteHryvnia<bd4d59f0>, 50000, 100, 0) at <5636.941406, 29.284975, 5395.554199>
[COT 2024-02-05 00:51:49] 76561199407766611: Spawned Entity Hryvnia Banknotes Stack (ExpansionBanknoteHryvnia<bd4d2bb0>, 50000, 100, 0) at <5636.941406, 29.284975, 5395.554199>
[COT 2024-02-05 00:51:49] 76561199407766611: Spawned Entity Hryvnia Banknotes Stack (ExpansionBanknoteHryvnia<bd4cfd70>, 50000, 100, 0) at <5636.941406, 29.284975, 5395.554199>
[COT 2024-02-05 00:51:49] 76561199407766611: Spawned Entity Hryvnia Banknotes Stack (ExpansionBanknoteHryvnia<bd4d0900>, 50000, 100, 0) at <5636.941406, 29.284975, 5395.554199>
[COT 2024-02-05 00:51:49] 76561199407766611: Spawned Entity Hryvnia Banknotes Stack (ExpansionBanknoteHryvnia<bd4a0de0>, 50000, 100, 0) at <5636.941406, 29.284975, 5395.554199>
[COT 2024-02-05 00:51:49] 76561199407766611: Spawned Entity Hryvnia Banknotes Stack (ExpansionBanknoteHryvnia<bd49f6c0>, 50000, 100, 0) at <5636.941406, 29.284975, 5395.554199>
[COT 2024-02-05 00:51:50] 76561199407766611: Spawned Entity Hryvnia Banknotes Stack (ExpansionBanknoteHryvnia<bd49b160>, 50000, 100, 0) at <5636.941406, 29.284975, 5395.554199>
[COT 2024-02-05 00:51:50] 76561199407766611: Spawned Entity Hryvnia Banknotes Stack (ExpansionBanknoteHryvnia<bd4a6a60>, 50000, 100, 0) at <5636.941406, 29.284975, 5395.554199>
[COT 2024-02-05 00:51:50] 76561199407766611: Spawned Entity Hryvnia Banknotes Stack (ExpansionBanknoteHryvnia<bd4a2500>, 50000, 100, 0) at <5636.941406, 29.284975, 5395.554199>
[COT 2024-02-05 00:51:50] 76561199407766611: Spawned Entity Hryvnia Banknotes Stack (ExpansionBanknoteHryvnia<bd4a8180>, 50000, 100, 0) at <5636.941406, 29.284975, 5395.554199>
[COT 2024-02-05 00:51:50] 76561199407766611: Spawned Entity Hryvnia Banknotes Stack (ExpansionBanknoteHryvnia<bd4a3090>, 50000, 100, 0) at <5636.941406, 29.284975, 5395.554199>
[COT 2024-02-05 00:51:50] 76561199407766611: Spawned Entity Hryvnia Banknotes Stack (ExpansionBanknoteHryvnia<bd4abb50>, 50000, 100, 0) at <5636.941406, 29.284975, 5395.554199>
[COT 2024-02-05 00:51:51] 76561199407766611: Spawned Entity Hryvnia Banknotes Stack (ExpansionBanknoteHryvnia<bd4a5340>, 50000, 100, 0) at <5636.941406, 29.284975, 5395.554199>
[COT 2024-02-05 00:51:51] 76561199407766611: Spawned Entity Hryvnia Banknotes Stack (ExpansionBanknoteHryvnia<bd4ade00>, 50000, 100, 0) at <5636.941406, 29.284975, 5395.554199>
[COT 2024-02-05 00:51:51] 76561199407766611: Spawned Entity Hryvnia Banknotes Stack (ExpansionBanknoteHryvnia<bd4b2360>, 50000, 100, 0) at <5636.941406, 29.284975, 5395.554199>
[COT 2024-02-05 00:51:51] 76561199407766611: Spawned Entity Hryvnia Banknotes Stack (ExpansionBanknoteHryvnia<bd4af520>, 50000, 100, 0) at <5636.941406, 29.284975, 5395.554199>
[COT 2024-02-05 00:51:51] 76561199407766611: Spawned Entity Hryvnia Banknotes Stack (ExpansionBanknoteHryvnia<bd4b7fe0>, 50000, 100, 0) at <5636.941406, 29.284975, 5395.554199>
[COT 2024-02-05 00:51:51] 76561199407766611: Spawned Entity Hryvnia Banknotes Stack (ExpansionBanknoteHryvnia<bd4b2ef0>, 50000, 100, 0) at <5636.941406, 29.284975, 5395.554199>
[COT 2024-02-05 00:51:51] 76561199407766611: Spawned Entity Hryvnia Banknotes Stack (ExpansionBanknoteHryvnia<d7ddd160>, 50000, 100, 0) at <5636.941406, 29.284975, 5395.554199>
[COT 2024-02-05 00:51:52] 76561199407766611: Spawned Entity Hryvnia Banknotes Stack (ExpansionBanknoteHryvnia<d7dd8c00>, 50000, 100, 0) at <5636.941406, 29.284975, 5395.554199>
[COT 2024-02-05 00:51:52] 76561199407766611: Spawned Entity Hryvnia Banknotes Stack (ExpansionBanknoteHryvnia<d7dd9790>, 50000, 100, 0) at <5636.941406, 29.284975, 5395.554199>
[COT 2024-02-05 00:51:52] 76561199407766611: Spawned Entity Hryvnia Banknotes Stack (ExpansionBanknoteHryvnia<d7dda320>, 50000, 100, 0) at <5636.941406, 29.284975, 5395.554199>
[COT 2024-02-05 00:51:52] 76561199407766611: Spawned Entity Hryvnia Banknotes Stack (ExpansionBanknoteHryvnia<d7de2de0>, 50000, 100, 0) at <5636.941406, 29.284975, 5395.554199>
[COT 2024-02-05 00:51:52] 76561199407766611: Spawned Entity Hryvnia Banknotes Stack (ExpansionBanknoteHryvnia<d7de5c20>, 50000, 100, 0) at <5636.941406, 29.284975, 5395.554199>
[COT 2024-02-05 00:51:52] 76561199407766611: Spawned Entity Hryvnia Banknotes Stack (ExpansionBanknoteHryvnia<d7decfc0>, 50000, 100, 0) at <5636.941406, 29.284975, 5395.554199>
[COT 2024-02-05 00:51:53] 76561199407766611: Spawned Entity Hryvnia Banknotes Stack (ExpansionBanknoteHryvnia<d7de67b0>, 50000, 100, 0) at <5636.941406, 29.284975, 5395.554199>
[COT 2024-02-05 00:51:53] 76561199407766611: Spawned Entity Hryvnia Banknotes Stack (ExpansionBanknoteHryvnia<d7dedb50>, 50000, 100, 0) at <5636.941406, 29.284975, 5395.554199>
[COT 2024-02-05 00:51:53] 76561199407766611: Spawned Entity Hryvnia Banknotes Stack (ExpansionBanknoteHryvnia<d7df4ef0>, 50000, 100, 0) at <5636.941406, 29.284975, 5395.554199>
[COT 2024-02-05 00:51:53] 76561199407766611: Spawned Entity Hryvnia Banknotes Stack (ExpansionBanknoteHryvnia<d7df0990>, 50000, 100, 0) at <5636.941406, 29.284975, 5395.554199>
[COT 2024-02-05 00:51:53] 76561199407766611: Spawned Entity Hryvnia Banknotes Stack (ExpansionBanknoteHryvnia<d7df88c0>, 50000, 100, 0) at <5636.941406, 29.284975, 5395.554199>
[COT 2024-02-05 00:51:53] 76561199407766611: Spawned Entity Hryvnia Banknotes Stack (ExpansionBanknoteHryvnia<d7dfc290>, 50000, 100, 0) at <5636.941406, 29.284975, 5395.554199>
[COT 2024-02-05 00:51:54] 76561199407766611: Spawned Entity Hryvnia Banknotes Stack (ExpansionBanknoteHryvnia<d7df9fe0>, 50000, 100, 0) at <5636.941406, 29.284975, 5395.554199>
[COT 2024-02-05 00:51:54] 76561199407766611: Spawned Entity Hryvnia Banknotes Stack (ExpansionBanknoteHryvnia<d7e01380>, 50000, 100, 0) at <5636.941406, 29.284975, 5395.554199>
[COT 2024-02-05 00:51:54] 76561199407766611: Spawned Entity Hryvnia Banknotes Stack (ExpansionBanknoteHryvnia<d7e02aa0>, 50000, 100, 0) at <5636.941406, 29.284975, 5395.554199>
[COT 2024-02-05 00:51:54] 76561199407766611: Spawned Entity Hryvnia Banknotes Stack (ExpansionBanknoteHryvnia<d7dfce20>, 50000, 100, 0) at <5636.941406, 29.284975, 5395.554199>
[COT 2024-02-05 00:51:54] 76561199407766611: Spawned Entity Hryvnia Banknotes Stack (ExpansionBanknoteHryvnia<d7dfd9b0>, 50000, 100, 0) at <5636.941406, 29.284975, 5395.554199>
[COT 2024-02-05 00:51:54] 76561199407766611: Spawned Entity Hryvnia Banknotes Stack (ExpansionBanknoteHryvnia<d7e0cc80>, 50000, 100, 0) at <5636.941406, 29.284975, 5395.554199>
[COT 2024-02-05 00:51:55] 76561199407766611: Spawned Entity Hryvnia Banknotes Stack (ExpansionBanknoteHryvnia<d7e06470>, 50000, 100, 0) at <5636.941406, 29.284975, 5395.554199>
[COT 2024-02-05 00:51:55] 76561199407766611: Spawned Entity Hryvnia Banknotes Stack (ExpansionBanknoteHryvnia<d7e0e3a0>, 50000, 100, 0) at <5636.941406, 29.284975, 5395.554199>
[COT 2024-02-05 00:51:55] 76561199407766611: Spawned Entity Hryvnia Banknotes Stack (ExpansionBanknoteHryvnia<d7e162d0>, 50000, 100, 0) at <5636.941406, 29.284975, 5395.554199>
[COT 2024-02-05 00:51:55] 76561199407766611: Spawned Entity Hryvnia Banknotes Stack (ExpansionBanknoteHryvnia<d7e0fac0>, 50000, 100, 0) at <5636.941406, 29.284975, 5395.554199>
[COT 2024-02-05 00:51:55] 76561199407766611: Spawned Entity Hryvnia Banknotes Stack (ExpansionBanknoteHryvnia<d7e11d70>, 50000, 100, 0) at <5636.941406, 29.284975, 5395.554199>
[COT 2024-02-05 00:51:55] 76561199407766611: Spawned Entity Hryvnia Banknotes Stack (ExpansionBanknoteHryvnia<155cd640>, 50000, 100, 0) at <5636.941406, 29.284975, 5395.554199>
[COT 2024-02-05 00:51:56] 76561199407766611: Spawned Entity Hryvnia Banknotes Stack (ExpansionBanknoteHryvnia<155c6e30>, 50000, 100, 0) at <5636.941406, 29.284975, 5395.554199>
[COT 2024-02-05 00:51:56] 76561199407766611: Spawned Entity Hryvnia Banknotes Stack (ExpansionBanknoteHryvnia<155cf8f0>, 50000, 100, 0) at <5636.941406, 29.284975, 5395.554199>
[COT 2024-02-05 00:51:56] 76561199407766611: Spawned Entity Hryvnia Banknotes Stack (ExpansionBanknoteHryvnia<155c90e0>, 50000, 100, 0) at <5636.941406, 29.284975, 5395.554199>
[COT 2024-02-05 00:51:56] 76561199407766611: Spawned Entity Hryvnia Banknotes Stack (ExpansionBanknoteHryvnia<1559b870>, 50000, 100, 0) at <5636.941406, 29.284975, 5395.554199>
[COT 2024-02-05 00:51:56] 76561199407766611: Spawned Entity Hryvnia Banknotes Stack (ExpansionBanknoteHryvnia<1559c400>, 50000, 100, 0) at <5636.941406, 29.284975, 5395.554199>
[COT 2024-02-05 00:51:56] 76561199407766611: Spawned Entity Hryvnia Banknotes Stack (ExpansionBanknoteHryvnia<15595bf0>, 50000, 100, 0) at <5636.941406, 29.284975, 5395.554199>
[COT 2024-02-05 00:51:57] 76561199407766611: Spawned Entity Hryvnia Banknotes Stack (ExpansionBanknoteHryvnia<155995c0>, 50000, 100, 0) at <5636.941406, 29.284975, 5395.554199>
[COT 2024-02-05 00:51:57] 76561199407766611: Spawned Entity Hryvnia Banknotes Stack (ExpansionBanknoteHryvnia<1559cf90>, 50000, 100, 0) at <5636.941406, 29.284975, 5395.554199>
[COT 2024-02-05 00:51:57] 76561199407766611: Spawned Entity Hryvnia Banknotes Stack (ExpansionBanknoteHryvnia<15598a30>, 50000, 100, 0) at <5636.941406, 29.284975, 5395.554199>
[COT 2024-02-05 00:51:57] 76561199407766611: Spawned Entity Hryvnia Banknotes Stack (ExpansionBanknoteHryvnia<15597310>, 50000, 100, 0) at <5636.941406, 29.284975, 5395.554199>
[COT 2024-02-05 00:51:57] 76561199407766611: Spawned Entity Hryvnia Banknotes Stack (ExpansionBanknoteHryvnia<1559f240>, 50000, 100, 0) at <5636.941406, 29.284975, 5395.554199>
[COT 2024-02-05 00:51:58] 76561199407766611: Spawned Entity Hryvnia Banknotes Stack (ExpansionBanknoteHryvnia<155a65e0>, 50000, 100, 0) at <5636.941406, 29.284975, 5395.554199>
[COT 2024-02-05 00:51:58] 76561199407766611: Spawned Entity Hryvnia Banknotes Stack (ExpansionBanknoteHryvnia<1559fdd0>, 50000, 100, 0) at <5636.941406, 29.284975, 5395.554199>
[COT 2024-02-05 00:51:58] 76561199407766611: Spawned Entity Hryvnia Banknotes Stack (ExpansionBanknoteHryvnia<155a7170>, 50000, 100, 0) at <5636.941406, 29.284975, 5395.554199>
[COT 2024-02-05 00:51:58] 76561199407766611: Spawned Entity Hryvnia Banknotes Stack (ExpansionBanknoteHryvnia<155b3600>, 50000, 100, 0) at <5636.941406, 29.284975, 5395.554199>
[COT 2024-02-05 00:51:58] 76561199407766611: Spawned Entity Hryvnia Banknotes Stack (ExpansionBanknoteHryvnia<155b4d20>, 50000, 100, 0) at <5636.941406, 29.284975, 5395.554199>
[COT 2024-02-05 00:51:58] 76561199407766611: Spawned Entity Hryvnia Banknotes Stack (ExpansionBanknoteHryvnia<155b6440>, 50000, 100, 0) at <5636.941406, 29.284975, 5395.554199>
[COT 2024-02-05 00:51:59] 76561199407766611: Spawned Entity Hryvnia Banknotes Stack (ExpansionBanknoteHryvnia<155bef00>, 50000, 100, 0) at <5636.941406, 29.284975, 5395.554199>
[COT 2024-02-05 00:51:59] 76561199407766611: Spawned Entity Hryvnia Banknotes Stack (ExpansionBanknoteHryvnia<155b86f0>, 50000, 100, 0) at <5636.941406, 29.284975, 5395.554199>
[COT 2024-02-05 00:51:59] 76561199407766611: Spawned Entity Hryvnia Banknotes Stack (ExpansionBanknoteHryvnia<155bfa90>, 50000, 100, 0) at <5636.941406, 29.284975, 5395.554199>
[COT 2024-02-05 00:51:59] 76561199407766611: Spawned Entity Hryvnia Banknotes Stack (ExpansionBanknoteHryvnia<155c28d0>, 50000, 100, 0) at <5636.941406, 29.284975, 5395.554199>
[COT 2024-02-05 00:51:59] 76561199407766611: Spawned Entity Hryvnia Banknotes Stack (ExpansionBanknoteHryvnia<155c0620>, 50000, 100, 0) at <5636.941406, 29.284975, 5395.554199>
[COT 2024-02-05 00:52:00] 76561199407766611: Spawned Entity Hryvnia Banknotes Stack (ExpansionBanknoteHryvnia<ce0bc060>, 50000, 100, 0) at <5636.941406, 29.284975, 5395.554199>
[COT 2024-02-05 00:52:00] 76561199407766611: Spawned Entity Hryvnia Banknotes Stack (ExpansionBanknoteHryvnia<ce0c05c0>, 50000, 100, 0) at <5636.941406, 29.284975, 5395.554199>
[COT 2024-02-05 00:52:00] 76561199407766611: Spawned Entity Hryvnia Banknotes Stack (ExpansionBanknoteHryvnia<ce0beea0>, 50000, 100, 0) at <5636.941406, 29.284975, 5395.554199>
[COT 2024-02-05 00:52:00] 76561199407766611: Spawned Entity Hryvnia Banknotes Stack (ExpansionBanknoteHryvnia<ce0c3400>, 50000, 100, 0) at <5636.941406, 29.284975, 5395.554199>
[COT 2024-02-05 00:52:00] 76561199407766611: Spawned Entity Hryvnia Banknotes Stack (ExpansionBanknoteHryvnia<ce0c1ce0>, 50000, 100, 0) at <5636.941406, 29.284975, 5395.554199>
[COT 2024-02-05 00:52:01] 76561199407766611: Spawned Entity Hryvnia Banknotes Stack (ExpansionBanknoteHryvnia<ce0ca7a0>, 50000, 100, 0) at <5636.941406, 29.284975, 5395.554199>
[COT 2024-02-05 00:52:01] 76561199407766611: Spawned Entity Hryvnia Banknotes Stack (ExpansionBanknoteHryvnia<ce0c9c10>, 50000, 100, 0) at <5636.941406, 29.284975, 5395.554199>
[COT 2024-02-05 00:52:01] 76561199407766611: Spawned Entity Hryvnia Banknotes Stack (ExpansionBanknoteHryvnia<ce0cb330>, 50000, 100, 0) at <5636.941406, 29.284975, 5395.554199>
[COT 2024-02-05 00:52:01] 76561199407766611: Spawned Entity Hryvnia Banknotes Stack (ExpansionBanknoteHryvnia<ce0c4b20>, 50000, 100, 0) at <5636.941406, 29.284975, 5395.554199>
[COT 2024-02-05 00:52:01] 76561199407766611: Spawned Entity Hryvnia Banknotes Stack (ExpansionBanknoteHryvnia<ce0d5510>, 50000, 100, 0) at <5636.941406, 29.284975, 5395.554199>
[COT 2024-02-05 00:52:01] 76561199407766611: Spawned Entity Hryvnia Banknotes Stack (ExpansionBanknoteHryvnia<ce0d3260>, 50000, 100, 0) at <5636.941406, 29.284975, 5395.554199>
[COT 2024-02-05 00:52:02] 76561199407766611: Spawned Entity Hryvnia Banknotes Stack (ExpansionBanknoteHryvnia<ce0cf890>, 50000, 100, 0) at <5636.941406, 29.284975, 5395.554199>
[COT 2024-02-05 00:52:02] 76561199407766611: Spawned Entity Hryvnia Banknotes Stack (ExpansionBanknoteHryvnia<ce0d77c0>, 50000, 100, 0) at <5636.941406, 29.284975, 5395.554199>
[COT 2024-02-05 00:52:02] 76561199407766611: Spawned Entity Hryvnia Banknotes Stack (ExpansionBanknoteHryvnia<ce0dc8b0>, 50000, 100, 0) at <5636.941406, 29.284975, 5395.554199>
[COT 2024-02-05 00:52:02] 76561199407766611: Spawned Entity Hryvnia Banknotes Stack (ExpansionBanknoteHryvnia<ce0db190>, 50000, 100, 0) at <5636.941406, 29.284975, 5395.554199>
[COT 2024-02-05 00:52:02] 76561199407766611: Spawned Entity Hryvnia Banknotes Stack (ExpansionBanknoteHryvnia<ce0e0e10>, 50000, 100, 0) at <5636.941406, 29.284975, 5395.554199>
[COT 2024-02-05 00:52:02] 76561199407766611: Spawned Entity Hryvnia Banknotes Stack (ExpansionBanknoteHryvnia<ce0deb60>, 50000, 100, 0) at <5636.941406, 29.284975, 5395.554199>
[COT 2024-02-05 00:52:03] 76561199407766611: Spawned Entity Hryvnia Banknotes Stack (ExpansionBanknoteHryvnia<ce0e19a0>, 50000, 100, 0) at <5636.941406, 29.284975, 5395.554199>
[COT 2024-02-05 00:52:03] 76561199407766611: Spawned Entity Hryvnia Banknotes Stack (ExpansionBanknoteHryvnia<ce0e2530>, 50000, 100, 0) at <5636.941406, 29.284975, 5395.554199>
[COT 2024-02-05 00:52:03] 76561199407766611: Spawned Entity Hryvnia Banknotes Stack (ExpansionBanknoteHryvnia<ce0ebb80>, 50000, 100, 0) at <5636.941406, 29.284975, 5395.554199>
[COT 2024-02-05 00:52:03] 76561199407766611: Spawned Entity Hryvnia Banknotes Stack (ExpansionBanknoteHryvnia<ce0ed2a0>, 50000, 100, 0) at <5636.941406, 29.284975, 5395.554199>
[COT 2024-02-05 00:52:03] 76561199407766611: Spawned Entity Hryvnia Banknotes Stack (ExpansionBanknoteHryvnia<ce0f8ba0>, 50000, 100, 0) at <5636.941406, 29.284975, 5395.554199>
[COT 2024-02-05 00:52:03] 76561199407766611: Spawned Entity Hryvnia Banknotes Stack (ExpansionBanknoteHryvnia<ce0f8010>, 50000, 100, 0) at <5636.941406, 29.284975, 5395.554199>
[COT 2024-02-05 00:52:04] 76561199407766611: Spawned Entity Hryvnia Banknotes Stack (ExpansionBanknoteHryvnia<1021dc20>, 50000, 100, 0) at <5636.941406, 29.284975, 5395.554199>
[COT 2024-02-05 00:52:04] 76561199407766611: Spawned Entity Hryvnia Banknotes Stack (ExpansionBanknoteHryvnia<1021fed0>, 50000, 100, 0) at <5636.941406, 29.284975, 5395.554199>
[COT 2024-02-05 00:52:04] 76561199407766611: Spawned Entity Hryvnia Banknotes Stack (ExpansionBanknoteHryvnia<10229520>, 50000, 100, 0) at <5636.941406, 29.284975, 5395.554199>
[COT 2024-02-05 00:52:04] 76561199407766611: Spawned Entity Hryvnia Banknotes Stack (ExpansionBanknoteHryvnia<1022a0b0>, 50000, 100, 0) at <5636.941406, 29.284975, 5395.554199>
[COT 2024-02-05 00:52:05] 76561199407766611: Spawned Entity Hryvnia Banknotes Stack (ExpansionBanknoteHryvnia<10227e00>, 50000, 100, 0) at <5636.941406, 29.284975, 5395.554199>
[COT 2024-02-05 01:13:00] 76561199407766611: Entered the Free Camera
[COT 2024-02-05 01:13:07] 76561199407766611: Left the Free Camera
[COT 2024-02-05 01:13:20] 76561199407766611: Teleported [guid=-r2araXommLNgd2kLCOg5MUhQUGYZRsIrQF--_XcIVE=] to <4611.289551, 67.045746, 7138.993164>
[COT 2024-02-05 01:13:43] 76561199407766611: Spawned Entity M134_mag_750Rnd (Mag_AKM_Drum75Rnd<d79ca470>, 750, 100, 0) at <4611.312500, 67.045746, 7138.997559>
[COT 2024-02-05 01:13:43] 76561199407766611: Spawned Entity M134_mag_750Rnd (Mag_AKM_Drum75Rnd<7d7ede40>, 750, 100, 0) at <4611.312500, 67.045746, 7138.997559>
[COT 2024-02-05 01:13:43] 76561199407766611: Spawned Entity M134_mag_750Rnd (Mag_AKM_Drum75Rnd<7d7fb9f0>, 750, 100, 0) at <4611.312500, 67.045746, 7138.997559>
[COT 2024-02-05 01:13:43] 76561199407766611: Spawned Entity M134_mag_750Rnd (Mag_AKM_Drum75Rnd<7d7f6900>, 750, 100, 0) at <4611.312500, 67.045746, 7138.997559>
[COT 2024-02-05 01:35:34] 76561199407766611: Spawned Entity HAMMER_H1 (HAMMER_H1<6b641c60>, 100, 1e+07, 0) at <4606.138184, 67.045746, 7146.880371>
[COT 2024-02-05 01:36:06] 76561199407766611: Set GodMode To false [guid=-r2araXommLNgd2kLCOg5MUhQUGYZRsIrQF--_XcIVE=]
[COT 2024-02-05 01:36:49] 76561199407766611: Spawned Entity HAMMER_H1 black_rust Upper trunk lid (HAMMER_Doors_cargo3<c5d4db50>, 100, 1e+07, 0) at <4609.567383, 67.043724, 7143.490234>
[COT 2024-02-05 01:36:58] 76561199407766611: Deleted Entity HAMMER_H1:20488 at <4606.135742, 67.086090, 7146.879883>
[COT 2024-02-05 01:37:26] 76561199407766611: Teleported to <4814.970215, 77.805534, 3205.962646> [guid=ebo0O4yOjYkK486s9SoqLuFc3tRe1vP1S2eE1IJxhV4=]
[COT 2024-02-05 01:37:30] 76561199407766611: Teleported to <4804.290527, 78.020477, 3205.309570> [guid=ebo0O4yOjYkK486s9SoqLuFc3tRe1vP1S2eE1IJxhV4=]
[COT 2024-02-05 01:38:23] 76561199407766611: Teleported to position <5606.369141, 28.709999, 5376.315430>
[COT 2024-02-05 01:39:02] 76561199407766611: Spawned Entity Thing bag for the Hummer (HAMMER_bags<df4bdfe0>, 100, 1e+07, 0) at <5606.369141, 28.709999, 5376.315430>
[COT 2024-02-05 01:39:11] 76561199407766611: Teleported to <4746.234375, 75.317421, 3181.077881> [guid=ebo0O4yOjYkK486s9SoqLuFc3tRe1vP1S2eE1IJxhV4=]
[COT 2024-02-05 01:41:03] 76561199407766611: Teleported to position <5626.038574, 28.709999, 5401.639648>
[COT 2024-02-05 01:43:26] 76561199407766611: Healed [guid=-r2araXommLNgd2kLCOg5MUhQUGYZRsIrQF--_XcIVE=]
[COT 2024-02-05 01:43:29] 76561199407766611: Teleported [guid=-r2araXommLNgd2kLCOg5MUhQUGYZRsIrQF--_XcIVE=] to <5631.901367, 32.014938, 5400.698242>
