[COT 2024-01-06 00:44:56] 76561199112746320: Set rain to 0 0 0
[COT 2024-01-06 00:44:56] 76561199112746320: Set storm to 0 0.8 4000
[COT 2024-01-06 00:44:56] 76561199112746320: Set fog to 0 0 0
[COT 2024-01-06 00:44:56] 76561199112746320: Set overcast to 0.0455327 0 0
[COT 2024-01-06 00:44:56] 76561199112746320: Set the date to 2024/9/20 7:40
[COT 2024-01-06 00:44:56] 76561199112746320: Set wind to 10.0191 10.0191 1
[COT 2024-01-06 00:45:14] 76561199112746320: Teleported to position <5649.763672, 28.709999, 5384.513672>
[COT 2024-01-06 00:57:56] 76561199112746320: Set rain to 0.03 0 0
[COT 2024-01-06 00:57:56] 76561199112746320: Set storm to 0.0009 0.8 4000
[COT 2024-01-06 00:57:56] 76561199112746320: Set fog to 0 0 0
[COT 2024-01-06 00:57:56] 76561199112746320: Set overcast to 0.02 0 0
[COT 2024-01-06 00:57:56] 76561199112746320: Set the date to 2024/4/16 4:33
[COT 2024-01-06 00:57:56] 76561199112746320: Set wind to 0.04 0.04 1
[COT 2024-01-06 00:57:59] 76561199112746320: Set rain to 0.03 0 0
[COT 2024-01-06 00:57:59] 76561199112746320: Set storm to 0.0009 0.8 4000
[COT 2024-01-06 00:57:59] 76561199112746320: Set fog to 0 0 0
[COT 2024-01-06 00:57:59] 76561199112746320: Set overcast to 0.02 0 0
[COT 2024-01-06 00:57:59] 76561199112746320: Set the date to 2024/4/16 5:59
[COT 2024-01-06 00:57:59] 76561199112746320: Set wind to 0.04 0.04 1
[COT 2024-01-06 00:58:08] 76561199112746320: Entered the Free Camera
