[COT 2024-01-13 23:03:59] 76561198036774377: Set GodMode To true [guid=mBNlxASsPlOcry0dpDl8K-WgHNR5WMCMmoJ9NhpU4FY=]
[COT 2024-01-13 23:04:00] 76561198036774377: Set UnlimitedStamina To true [guid=mBNlxASsPlOcry0dpDl8K-WgHNR5WMCMmoJ9NhpU4FY=]
[COT 2024-01-13 23:04:00] 76561198036774377: Set UnlimitedAmmo To true [guid=mBNlxASsPlOcry0dpDl8K-WgHNR5WMCMmoJ9NhpU4FY=]
[COT 2024-01-13 23:04:16] 76561198036774377: Entered the Free Camera
[COT 2024-01-13 23:04:53] 76561198036774377: Spawned Entity M1025 (Offroad_02<245da890>, 100, 1000, 0) at <2716.794189, 22.450001, 3589.964844>
[COT 2024-01-13 23:05:26] 76561198036774377: Left the Free Camera
[COT 2024-01-13 23:05:42] 76561198036774377: Entered the Free Camera
[COT 2024-01-13 23:05:51] 76561198036774377: Left the Free Camera
[COT 2024-01-13 23:05:58] 76561198036774377: Entered the Free Camera
[COT 2024-01-13 23:05:59] 76561198036774377: Left the Free Camera
[COT 2024-01-13 23:06:08] 76561198036774377: Set Invisibility To 1 [guid=mBNlxASsPlOcry0dpDl8K-WgHNR5WMCMmoJ9NhpU4FY=]
[COT 2024-01-13 23:06:15] 76561198036774377: Entered the Free Camera
[COT 2024-01-13 23:07:06] 76561198036774377: Left the Free Camera
[COT 2024-01-13 23:07:30] 76561198036774377: Entered the Free Camera
[COT 2024-01-13 23:11:39] 76561198036774377: ESP: Viewing ESP
[COT 2024-01-13 23:11:41] 76561198036774377: ESP: Clearing ESP
[COT 2024-01-13 23:11:42] 76561198036774377: ESP: Viewing ESP
[COT 2024-01-13 23:14:57] 76561198036774377: Spawned Entity White Stag (Animal_CervusElaphus<af087430>, 100, 1000, 0) at <4361.745605, 8.077850, 3387.658203>
[COT 2024-01-13 23:18:11] 76561198036774377: Left the Free Camera
[COT 2024-01-13 23:18:27] 76561198036774377: Teleported to position <5642.171387, 28.693714, 5376.442383>
[COT 2024-01-13 23:23:11] 76561198036774377: ESP: Clearing ESP
[COT 2024-01-13 23:28:11] 76561198036774377: Set Reputation To 0 [guid=mBNlxASsPlOcry0dpDl8K-WgHNR5WMCMmoJ9NhpU4FY=]
[COT 2024-01-13 23:29:03] 76561198036774377: Teleported to position <3104.649658, 23.186163, 4320.695313>
[COT 2024-01-13 23:29:07] 76561198036774377: Entered the Free Camera
[COT 2024-01-13 23:29:18] 76561198036774377: ESP: Viewing ESP
[COT 2024-01-13 23:30:08] 76561198036774377: Spawned Entity Infected (ZmbM_usSoldier_normal_Base<a92a2720>, 100, 100001, 0) at <3159.417236, 22.450001, 4326.750488>
[COT 2024-01-13 23:30:09] 76561198036774377: Spawned Entity Infected (ZmbM_usSoldier_normal_Base<a929fae0>, 100, 100001, 0) at <3159.271484, 22.602341, 4326.520508>
[COT 2024-01-13 23:30:09] 76561198036774377: Spawned Entity Infected (ZmbM_usSoldier_normal_Base<a92b30a0>, 100, 100001, 0) at <3159.125977, 22.754419, 4326.290527>
[COT 2024-01-13 23:30:09] 76561198036774377: Spawned Entity Infected (ZmbM_usSoldier_normal_Base<a92bf7c0>, 100, 100001, 0) at <3158.980225, 22.906889, 4326.060059>
[COT 2024-01-13 23:30:11] 76561198036774377: Spawned Entity Infected (ZmbM_usSoldier_normal_Base<3c4738c0>, 100, 100001, 0) at <3155.991699, 22.450001, 4324.705566>
[COT 2024-01-13 23:30:11] 76561198036774377: Spawned Entity Infected (ZmbM_usSoldier_normal_Base<3c471790>, 100, 100001, 0) at <3155.847900, 22.657791, 4324.424316>
[COT 2024-01-13 23:30:11] 76561198036774377: Spawned Entity Infected (ZmbM_usSoldier_normal_Base<3c474ee0>, 100, 100001, 0) at <3155.703857, 22.865566, 4324.143066>
[COT 2024-01-13 23:30:11] 76561198036774377: Spawned Entity Infected (ZmbM_usSoldier_normal_Base<3c46eb50>, 100, 100001, 0) at <3155.560059, 23.073431, 4323.861816>
[COT 2024-01-13 23:30:14] 76561198036774377: Spawned Entity Infected (ZmbM_usSoldier_normal_Base<3c479c50>, 100, 100001, 0) at <3158.530762, 22.449999, 4319.347168>
[COT 2024-01-13 23:30:14] 76561198036774377: Spawned Entity Infected (ZmbM_usSoldier_normal_Base<3c477b20>, 100, 100001, 0) at <3158.280762, 22.731480, 4319.082520>
[COT 2024-01-13 23:30:14] 76561198036774377: Spawned Entity Infected (ZmbM_usSoldier_normal_Base<3c4759f0>, 100, 100001, 0) at <3158.052002, 22.988716, 4318.840820>
[COT 2024-01-13 23:30:17] 76561198036774377: Spawned Entity Infected (ZmbM_usSoldier_normal_Base<3c479140>, 100, 100001, 0) at <3157.740967, 22.450012, 4322.413086>
[COT 2024-01-13 23:30:17] 76561198036774377: Spawned Entity Infected (ZmbM_usSoldier_normal_Base<3c47ffe0>, 100, 100001, 0) at <3157.533936, 22.700365, 4322.118652>
[COT 2024-01-13 23:30:17] 76561198036774377: Spawned Entity Infected (ZmbM_usSoldier_normal_Base<3c47c890>, 100, 100001, 0) at <3157.329590, 22.947264, 4321.828125>
[COT 2024-01-13 23:30:19] 76561198036774377: Spawned Entity Infected (ZmbM_usSoldier_normal_Base<3c47deb0>, 100, 100001, 0) at <3158.241211, 24.280651, 4323.262695>
[COT 2024-01-13 23:30:19] 76561198036774377: Spawned Entity Infected (ZmbM_usSoldier_normal_Base<3c480af0>, 100, 100001, 0) at <3158.073486, 24.446518, 4323.022949>
[COT 2024-01-13 23:30:20] 76561198036774377: Spawned Entity Infected (ZmbM_usSoldier_normal_Base<3c47a760>, 100, 100001, 0) at <3157.916748, 24.601938, 4322.797852>
[COT 2024-01-13 23:30:20] 76561198036774377: Spawned Entity Infected (ZmbM_usSoldier_normal_Base<3c47b270>, 100, 100001, 0) at <3157.737061, 24.780102, 4322.540527>
[COT 2024-01-13 23:30:29] 76561198036774377: Left the Free Camera
[COT 2024-01-13 23:36:25] 76561198036774377: Teleported to position <5631.991211, 28.709999, 5365.043945>
[COT 2024-01-13 23:36:38] 76561198036774377: Entered the Free Camera
[COT 2024-01-13 23:36:48] 76561198036774377: Left the Free Camera
[COT 2024-01-13 23:37:16] 76561198036774377: Spawned Entity Car Battery (CarBattery<d463c280>, 50, 200, 0) at <5594.874023, 28.710001, 5357.710938>
[COT 2024-01-13 23:37:25] 76561198036774377: Spawned Entity Circuit Board - MK2 (ExpansionCircuitBoard_MK2<ba60b1e0>, 50, 20, 0) at <5594.969238, 28.931643, 5357.783691>
[COT 2024-01-13 23:40:15] 76561198036774377: Set Invisibility To 0 [guid=mBNlxASsPlOcry0dpDl8K-WgHNR5WMCMmoJ9NhpU4FY=]
[COT 2024-01-13 23:40:47] 76561198036774377: ESP: Clearing ESP
[COT 2024-01-14 02:43:50] 76561199407766611: Deleted Entity Sedan_02_Trunk:28046 at <7315.400879, 45.125298, 2525.810547>
[COT 2024-01-14 02:43:52] 76561199407766611: Deleted Entity Sedan_02:28037 at <7313.610840, 44.965267, 2527.940674>
[COT 2024-01-14 02:44:57] 76561199407766611: Teleported to position <8034.725586, 2.810095, 3136.109375>
[COT 2024-01-14 02:45:45] 76561199407766611: Spawned Entity  Novator (Novator<40c615b0>, 100, 22000, 0) at <8037.010742, 2.732645, 3131.718018>
[COT 2024-01-14 02:45:50] 76561199407766611: Spawned Entity  Novator Wheel (Novator_Wheel<33e90ce0>, 100, 5000, 0) at <8035.263184, 2.733813, 3132.283447>
[COT 2024-01-14 02:45:50] 76561199407766611: Spawned Entity  Novator Wheel (Novator_Wheel<33e91870>, 100, 5000, 0) at <8035.190918, 2.961623, 3132.773193>
[COT 2024-01-14 02:45:50] 76561199407766611: Spawned Entity  Novator Wheel (Novator_Wheel<33e8b060>, 100, 5000, 0) at <8035.119141, 3.188324, 3133.261475>
[COT 2024-01-14 02:45:51] 76561199407766611: Spawned Entity  Novator Wheel (Novator_Wheel<33e92400>, 100, 5000, 0) at <8035.045898, 3.418622, 3133.758545>
[COT 2024-01-14 02:45:58] 76561199407766611: Spawned Entity  Novator Left Door (Novator_Doors_Driver<33e8bbf0>, 100, 3500, 0) at <8035.094238, 2.725421, 3131.153564>
[COT 2024-01-14 02:45:59] 76561199407766611: Spawned Entity  Novator Right Door (Novator_Doors_coDriver<33e92f90>, 100, 3500, 0) at <8035.157227, 3.007236, 3130.998291>
[COT 2024-01-14 02:46:00] 76561199407766611: Spawned Entity  Novator Rear Left Door (Novator_Doors_cargo1<33e8c780>, 100, 3500, 0) at <8035.174805, 3.006685, 3131.046631>
[COT 2024-01-14 02:46:01] 76561199407766611: Spawned Entity  Novator Rear Right Door (Novator_Doors_cargo2<33e8dea0>, 100, 3500, 0) at <8035.126465, 3.671854, 3130.819824>
[COT 2024-01-14 02:46:01] 76561199407766611: Spawned Entity  Novator Rear Left Trunk (Novator_Doors_cargo3<33e95240>, 100, 3500, 0) at <8035.258789, 3.956122, 3130.732666>
[COT 2024-01-14 02:46:02] 76561199407766611: Spawned Entity  Novator Rear Right Trunk (Novator_Doors_cargo4<33e9a330>, 100, 3500, 0) at <8035.362793, 4.316702, 3130.776123>
[COT 2024-01-14 02:47:01] 76561199407766611: Spawned Entity  Novator Grey Hood (Novator_Doors_hood<cd783fd0>, 100, 3500, 0) at <8037.407227, 2.842994, 3136.091064>
[COT 2024-01-14 02:47:21] 76561199407766611: Spawned Entity  Novator Grey Trunk (Novator_Doors_trunk<cd77d7c0>, 100, 3500, 0) at <8037.549316, 2.660141, 3126.626465>
[COT 2024-01-14 02:47:28] 76561199407766611: Spawned Entity Thing bag for the Hummer (Novator_Tent<2c106310>, 100, 3500, 0) at <8039.497559, 2.699943, 3128.781982>
[COT 2024-01-14 02:48:09] 76561199407766611: Spawned Entity Blowtorch (Blowtorch<ee2c5ed0>, 100, 100, 0) at <8008.649902, 2.932356, 3127.976318>
[COT 2024-01-14 02:49:58] 76561199407766611: Teleported to position <4797.037109, 21.920000, 8281.685547>
[COT 2024-01-14 02:51:48] 76561199407766611: Spawned Entity Opel Astra Camo (Opel_Astra_camo<40c6c5f0>, 100, 10000, 0) at <4809.126465, 21.920000, 8300.126953>
[COT 2024-01-14 02:52:10] 76561199407766611: Deleted Entity Opel_Astra_camo:19629 at <4809.125000, 21.807301, 8300.140625>
[COT 2024-01-14 02:52:16] 76561199407766611: Entered the Free Camera
[COT 2024-01-14 02:52:34] 76561199407766611: Left the Free Camera
[COT 2024-01-14 02:52:56] 76561199407766611: Spawned Entity Opel Astra Camo (Opel_Astra_camo<40c6c5f0>, 100, 10000, 0) at <4726.153320, 21.920027, 8292.394531>
[COT 2024-01-14 02:53:22] 76561199407766611: Spawned Entity STR_Opel_Astra_Camo_driver_name) (Opel_Astra_Doors_Driver<cd008530>, 100, 500, 0) at <4727.146484, 21.920000, 8290.629883>
[COT 2024-01-14 02:53:22] 76561199407766611: Spawned Entity Opel Astra Camo Right Door (Opel_Astra_Doors_coDriver<cd003fd0>, 100, 500, 0) at <4727.220215, 22.284607, 8291.030273>
[COT 2024-01-14 02:53:23] 76561199407766611: Spawned Entity Opel Astra Camo Rear left door (Opel_Astra_Doors_cargo1<cd001d20>, 100, 500, 0) at <4727.307129, 22.708078, 8291.500000>
[COT 2024-01-14 02:53:24] 76561199407766611: Spawned Entity STR_Opel_Astra_Camo_cargo2_name) (Opel_Astra_Doors_cargo2<cd00a7e0>, 100, 500, 0) at <4727.380371, 23.047699, 8291.872070>
[COT 2024-01-14 02:53:25] 76561199407766611: Spawned Entity Opel Astra Black Left Door (Opel_Astra_Doors_Driver<cd009c50>, 100, 500, 0) at <4727.445313, 23.343691, 8292.195313>
[COT 2024-01-14 02:53:50] 76561199407766611: Spawned Entity Opel Astra Camo trunk (Opel_Astra_Doors_trunk<dad18dd0>, 100, 500, 0) at <4727.083984, 22.354050, 8291.003906>
[COT 2024-01-14 02:53:52] 76561199407766611: Spawned Entity Opel Astra Camo Hood (Opel_Astra_Doors_hood<dad20170>, 100, 500, 0) at <4727.142578, 22.656214, 8291.209961>
[COT 2024-01-14 02:54:05] 76561199407766611: Spawned Entity Opel Astra Wheel (Opel_Astra_Wheel<dad1b080>, 100, 200, 0) at <4727.378418, 21.920000, 8291.269531>
[COT 2024-01-14 02:54:06] 76561199407766611: Spawned Entity Opel Astra Wheel (Opel_Astra_Wheel<dad20d00>, 100, 200, 0) at <4727.410645, 22.317741, 8291.626953>
[COT 2024-01-14 02:54:06] 76561199407766611: Spawned Entity Opel Astra Wheel (Opel_Astra_Wheel<dad1a4f0>, 100, 200, 0) at <4727.444824, 22.715481, 8291.983398>
[COT 2024-01-14 02:54:07] 76561199407766611: Spawned Entity Opel Astra Wheel (Opel_Astra_Wheel<dad280a0>, 100, 200, 0) at <4727.480469, 23.113653, 8292.344727>
[COT 2024-01-14 02:55:08] 76561199407766611: Teleported to position <7171.374023, 60.709999, 5952.133789>
[COT 2024-01-14 02:55:57] 76561199407766611: Entered the Free Camera
[COT 2024-01-14 02:56:19] 76561199407766611: Left the Free Camera
[COT 2024-01-14 02:56:31] 76561199407766611: Spawned Entity Wall Kit (ExpansionWallKit<c69128a0>, 100, 100, 0) at <7218.150391, 60.768341, 5879.549805>
[COT 2024-01-14 03:00:01] 76561199407766611: Spawned Entity 4 Door Military Locker Kit (Msp_Kit<ba8d2810>, 100, 100, 0) at <7214.387695, 60.754040, 5876.828613>
[COT 2024-01-14 03:01:55] 76561199407766611: Spawned Entity MVS Canteen - Multicam Black (Canteen<51acbb00>, 1000, 100, 512) at <7217.546387, 61.302174, 5876.305176>
[COT 2024-01-14 03:01:57] 76561199407766611: Spawned Entity MVS Heavy - Multicam Black (ModularVestSystem_Heavy<bd10ae30>, 1000, 300, 0) at <7217.547852, 61.486504, 5876.382813>
[COT 2024-01-14 03:01:58] 76561199407766611: Spawned Entity MVS Magazine Pouch - Multicam Black (MVS_Pouch_Base<bd1121d0>, 1000, 100, 0) at <7217.549316, 61.871437, 5876.551758>
[COT 2024-01-14 03:01:59] 76561199407766611: Spawned Entity MVS Molle Panel - Multicam Black (MVS_Pouch_Base<bd10c550>, 1000, 100, 0) at <7217.546875, 61.978355, 5876.603516>
[COT 2024-01-14 03:02:00] 76561199407766611: Spawned Entity MVS Raid Pouch - Multicam Black (Modular_Pouch_Base_Taco<bd10d0e0>, 1000, 100, 0) at <7217.551270, 62.085274, 5876.649902>
[COT 2024-01-14 03:02:04] 76561199407766611: Spawned Entity MVS Heavy LMG Pouch - Multicam Black (MVS_Pouch_Base<bd115ba0>, 1000, 100, 0) at <7217.558594, 62.187302, 5876.699219>
[COT 2024-01-14 03:02:06] 76561199407766611: Spawned Entity MVS Utility Pouch - Multicam Black (MVS_Pouch_Base<bd1172c0>, 1000, 100, 0) at <7217.554199, 62.292198, 5876.740723>
[COT 2024-01-14 03:02:06] 76561199407766611: Spawned Entity MVS Medical Pouch - Multicam Black (MVS_Pouch_Base<bd114480>, 1000, 100, 0) at <7217.551758, 62.387905, 5876.788086>
[COT 2024-01-14 03:02:11] 76561199407766611: Spawned Entity MVS Rucksack - Multicam Black (MountainBag_ColorBase<bd117e50>, 1000, 300, 0) at <7217.562012, 62.489475, 5876.836426>
[COT 2024-01-14 03:02:53] 76561199407766611: Spawned Entity MVS Combat Belt - Multicam Black (Modular_Belt_Base<c46dba70>, 100, 100, 0) at <7217.528809, 61.966908, 5875.999512>
[COT 2024-01-14 03:02:54] 76561199407766611: Spawned Entity MVS Holster - Multicam Black (PlateCarrierHolster<c46d8c30>, 100, 100, 0) at <7217.561035, 62.092319, 5876.061035>
[COT 2024-01-14 03:03:04] 76561199407766611: Spawned Entity MVS Magazine Pouch - Multicam Black (MVS_Pouch_Base<c46dffd0>, 100, 100, 0) at <7217.573730, 62.169979, 5876.101563>
[COT 2024-01-14 03:03:41] 76561199407766611: Spawned Entity Assault Boots (MilitaryBoots_Bluerock<b8237b20>, 100, 180, 0) at <7217.137207, 61.301907, 5876.602539>
[COT 2024-01-14 03:03:49] 76561199407766611: Spawned Entity Tactical Gloves (TacticalGloves_Black<b823a960>, 100, 165, 0) at <7217.238770, 61.626728, 5876.694824>
[COT 2024-01-14 03:04:00] 76561199407766611: Spawned Entity MVS Warrior Helmet - Midnight Camo (Mich2001Helmet<b824f8b0>, 100, 100, 0) at <7217.273926, 61.750664, 5876.732422>
[COT 2024-01-14 03:04:24] 76561199407766611: Spawned Entity MVS Combat Pants - Multicam Black (BDUPants<c7fbd6c0>, 100, 100, 0) at <7217.128418, 61.301964, 5876.483398>
[COT 2024-01-14 03:04:25] 76561199407766611: Spawned Entity MVS Combat Shirt - Multicam Black (TacticalShirt_ColorBase<c7fb6eb0>, 100, 100, 0) at <7217.139648, 61.686897, 5876.566406>
[COT 2024-01-14 03:05:01] 76561199407766611: Spawned Entity Doc's Oilfoil M4 Carstock (DOC_M4CARSTOCK_OILFOIL<b59fda80>, 100, 200, 0) at <7217.686523, 61.302208, 5876.312988>
[COT 2024-01-14 03:05:01] 76561199407766611: Spawned Entity Doc's Oilfoil M4 RIS Handguard (DOC_M4RIS_OILFOIL<b5a059b0>, 100, 250, 0) at <7217.687012, 61.378365, 5876.355957>
[COT 2024-01-14 03:05:02] 76561199407766611: Spawned Entity Doc's Oilfoil Suppressor (ItemSuppressor<b59ff1a0>, 100, 1800, 0) at <7217.685547, 61.441929, 5876.385742>
[COT 2024-01-14 03:05:03] 76561199407766611: Spawned Entity Doc's Oilfoil Stanag69 (DOC_STANAG69_OILFOIL<b5a06540>, 69, 200, 0) at <7217.682129, 61.481808, 5876.395020>
[COT 2024-01-14 03:05:05] 76561199407766611: Spawned Entity Doc's Oilfoil M4 (DOC_M4_OILFOIL<f3679750>, 69, 1200, 0) at <7217.670898, 61.568268, 5876.431641>
[COT 2024-01-14 03:05:31] 76561199407766611: Spawned Entity LAR (308Win) (FAL_Base<67f1e980>, 100, 300, 0) at <7217.637695, 61.302128, 5876.441895>
[COT 2024-01-14 03:05:34] 76561199407766611: Spawned Entity LAR (308Win) (FAL_Base<67f1f610>, 100, 300, 0) at <7217.628418, 61.353081, 5876.460449>
[COT 2024-01-14 03:05:37] 76561199407766611: Spawned Entity LAR_mag_20Rnd (Mag_FAL_20Rnd<a6f06110>, 20, 100, 0) at <7217.638184, 61.410976, 5876.489258>
[COT 2024-01-14 03:05:57] 76561199407766611: Spawned Entity LAR_mag_20Rnd (Mag_FAL_20Rnd<cf04ce50>, 20, 100, 0) at <7217.687500, 61.853436, 5876.061035>
[COT 2024-01-14 03:06:09] 76561199407766611: Spawned Entity .308 WIN Rounds (Ammo_308Win<f162c470>, 80, 100, 0) at <7217.709473, 61.898239, 5876.143555>
[COT 2024-01-14 03:06:09] 76561199407766611: Spawned Entity .308 WIN Rounds (Ammo_308Win<f16320f0>, 80, 100, 0) at <7217.699707, 61.977543, 5876.215820>
[COT 2024-01-14 03:06:36] 76561199407766611: Spawned Entity Bandage (BandageDressing<c6fdfd20>, 4, 50, 0) at <7217.341309, 61.301922, 5876.686523>
[COT 2024-01-14 03:06:36] 76561199407766611: Spawned Entity Bandage (BandageDressing<c6fe9370>, 4, 50, 0) at <7217.350586, 61.391369, 5876.706055>
[COT 2024-01-14 03:06:36] 76561199407766611: Spawned Entity Bandage (BandageDressing<c6fe70c0>, 4, 50, 0) at <7217.359375, 61.480133, 5876.726074>
[COT 2024-01-14 03:06:36] 76561199407766611: Spawned Entity Bandage (BandageDressing<c6feb620>, 4, 50, 0) at <7217.369141, 61.569580, 5876.746582>
[COT 2024-01-14 03:06:41] 76561199407766611: Spawned Entity Multivitamin Pills (VitaminBottle<c6feaa90>, 50, 50, 0) at <7217.330078, 61.301991, 5876.554688>
[COT 2024-01-14 03:06:51] 76561199407766611: Spawned Entity Tetracycline Pills (TetracyclineAntibiotics<df60dce0>, 12, 30, 0) at <7217.379395, 61.658348, 5876.767090>
[COT 2024-01-14 03:06:51] 76561199407766611: Spawned Entity Tetracycline Pills (TetracyclineAntibiotics<df60e870>, 12, 30, 0) at <7217.387695, 61.727066, 5876.782227>
[COT 2024-01-14 03:07:23] 76561199407766611: Spawned Entity 5.56x45mm Rounds (Ammo_556x45<d5e6a600>, 80, 100, 0) at <7217.341797, 61.301888, 5876.757324>
[COT 2024-01-14 03:07:24] 76561199407766611: Spawned Entity 5.56x45mm Rounds (Ammo_556x45<d5e63df0>, 80, 100, 0) at <7217.353516, 61.399281, 5876.775391>
[COT 2024-01-14 03:07:42] 76561199407766611: Spawned Entity Can Opener (CanOpener<c855f970>, 100, 20, 0) at <7217.438965, 61.301777, 5877.034668>
[COT 2024-01-14 03:07:49] 76561199407766611: Spawned Entity Canned Bacon (TacticalBaconCan<c8559160>, 100, 100, 0) at <7217.439453, 61.355801, 5877.043945>
[COT 2024-01-14 03:07:49] 76561199407766611: Spawned Entity Canned Bacon (TacticalBaconCan<c8569b50>, 100, 100, 0) at <7217.445801, 61.473484, 5877.052734>
[COT 2024-01-14 03:07:49] 76561199407766611: Spawned Entity Canned Bacon (TacticalBaconCan<c856a6e0>, 100, 100, 0) at <7217.453613, 61.629253, 5877.063477>
[COT 2024-01-14 03:07:49] 76561199407766611: Spawned Entity Canned Bacon (TacticalBaconCan<c8566d10>, 100, 100, 0) at <7217.459961, 61.746452, 5877.071289>
[COT 2024-01-14 03:07:49] 76561199407766611: Spawned Entity Canned Bacon (TacticalBaconCan<c856b270>, 100, 100, 0) at <7217.466309, 61.863148, 5877.079102>
[COT 2024-01-14 03:07:49] 76561199407766611: Spawned Entity Canned Bacon (TacticalBaconCan<c85655f0>, 100, 100, 0) at <7217.471680, 61.980156, 5877.086426>
[COT 2024-01-14 03:08:33] 76561199407766611: Spawned Entity Keys (ExpansionCarKey<c81256f0>, 100, 100, 0) at <7217.279785, 61.301743, 5877.009277>
[COT 2024-01-14 03:08:33] 76561199407766611: Spawned Entity Keys (ExpansionCarKey<c8121d20>, 100, 100, 0) at <7217.280762, 61.313919, 5877.011230>
[COT 2024-01-14 03:08:36] 76561199407766611: Spawned Entity Keys (ExpansionCarKey<c8123fd0>, 100, 100, 0) at <7217.291992, 61.326096, 5877.011719>
[COT 2024-01-14 03:08:36] 76561199407766611: Spawned Entity Keys (ExpansionCarKey<c812b370>, 100, 100, 0) at <7217.296875, 61.338272, 5877.013184>
[COT 2024-01-14 03:09:57] 76561199407766611: Spawned Entity Code Lock (ExpansionCodeLock<cf79aee0>, 100, 100, 0) at <7217.707520, 61.301971, 5876.799316>
[COT 2024-01-14 03:10:07] 76561199407766611: Entered the Free Camera
[COT 2024-01-14 03:10:24] 76561199407766611: Left the Free Camera
[COT 2024-01-14 03:11:58] 76561199407766611: Set GodMode To true [guid=spMEkRl42onhFHdF_u42e0T03x2sj347kUc600NXdGA=]
[COT 2024-01-14 03:11:59] 76561199407766611: Set UnlimitedAmmo To true [guid=spMEkRl42onhFHdF_u42e0T03x2sj347kUc600NXdGA=]
[COT 2024-01-14 03:11:59] 76561199407766611: Set UnlimitedStamina To true [guid=spMEkRl42onhFHdF_u42e0T03x2sj347kUc600NXdGA=]
[COT 2024-01-14 03:12:14] 76561199407766611: Spawned Entity Anzio 20mm Anti-material rifle (20x102mm) (SVD_Base<2c3bb0e0>, 100, 250, 0) at <7167.724121, 59.512299, 5869.356934>
[COT 2024-01-14 03:12:44] 76561199407766611: Spawned Entity Hunting Scope (HuntingOptic<d825c6d0>, 100, 50, 0) at <7155.666016, 58.127934, 5879.751953>
[COT 2024-01-14 03:15:19] 76561199407766611: Entered the Free Camera
[COT 2024-01-14 03:15:32] 76561199407766611: Left the Free Camera
[COT 2024-01-14 03:19:56] 76561199407766611: Teleported to position <6956.195801, 31.144295, 7318.085938>
[COT 2024-01-14 03:20:23] 76561199407766611: Teleported to position <6872.423828, 38.820000, 1970.217773>
[COT 2024-01-14 03:20:33] 76561199407766611: Entered the Free Camera
[COT 2024-01-14 03:20:46] 76561199407766611: Left the Free Camera
[COT 2024-01-14 03:21:08] 76561199407766611: Spawned Entity ToyotaHilux Camo (ToyotaHilux_kamo<40c8aaa0>, 100, 5000, 0) at <6811.517578, 38.917156, 1861.002930>
[COT 2024-01-14 03:21:12] 76561199407766611: Spawned Entity ToyotaHilux Camo (ToyotaHilux_kamo<40c85280>, 100, 5000, 0) at <6811.520020, 38.917160, 1861.007446>
[COT 2024-01-14 03:21:18] 76561199407766611: Entered the Free Camera
[COT 2024-01-14 03:21:26] 76561199407766611: Deleted Entity ToyotaHilux_kamo:27224 at <6809.677734, 34.619598, 1860.955322>
[COT 2024-01-14 03:21:33] 76561199407766611: Deleted Entity ToyotaHilux_kamo:29598 at <6808.318359, 36.417084, 1860.792358>
[COT 2024-01-14 03:21:43] 76561199407766611: Left the Free Camera
[COT 2024-01-14 03:22:01] 76561199407766611: Spawned Entity ToyotaHilux Camo2 (ToyotaHilux_kamo2<40c82670>, 100, 5000, 0) at <6823.308594, 38.917160, 1844.447632>
[COT 2024-01-14 03:22:09] 76561199407766611: Spawned Entity ToyotaHilux Camo2 Trunk (ToyotaHilux_Doors_trunk<b88bf700>, 100, 2500, 0) at <6822.468750, 38.917160, 1840.726685>
[COT 2024-01-14 03:22:12] 76561199407766611: Spawned Entity ToyotaHilux Camo2 Hood (ToyotaHilux_Doors_hood<b88c0290>, 100, 2500, 0) at <6822.472656, 38.917160, 1840.725708>
[COT 2024-01-14 03:22:14] 76561199407766611: Spawned Entity ToyotaHilux Camo2 Right Door (ToyotaHilux_Doors_coDriver<b88b9a80>, 100, 2500, 0) at <6822.473145, 38.917152, 1840.734741>
[COT 2024-01-14 03:22:14] 76561199407766611: Spawned Entity ToyotaHilux Camo2 Left Door (ToyotaHilux_Doors_Driver<b88c5f10>, 100, 2500, 0) at <6822.470703, 38.917168, 1840.730225>
[COT 2024-01-14 03:22:19] 76561199407766611: Spawned Entity ToyotaHilux Wheel (ToyotaHilux_Wheel<b88c81c0>, 100, 1500, 0) at <6822.474121, 38.917152, 1840.729248>
[COT 2024-01-14 03:22:19] 76561199407766611: Spawned Entity ToyotaHilux Wheel (ToyotaHilux_Wheel<b88cb000>, 100, 1500, 0) at <6822.476074, 38.917149, 1840.733887>
[COT 2024-01-14 03:22:20] 76561199407766611: Spawned Entity ToyotaHilux Wheel (ToyotaHilux_Wheel<b88ca470>, 100, 1500, 0) at <6822.476563, 38.917152, 1840.737793>
[COT 2024-01-14 03:22:20] 76561199407766611: Spawned Entity ToyotaHilux Wheel (ToyotaHilux_Wheel<b88d2f30>, 100, 1500, 0) at <6822.476563, 38.917160, 1840.742065>
[COT 2024-01-14 03:23:05] 76561199407766611: Spawned Entity ToyotaHilux Wheel (ToyotaHilux_Wheel<ac238490>, 100, 1500, 0) at <6820.900391, 38.917160, 1842.254395>
[COT 2024-01-14 03:24:19] 76561199407766611: Teleported to position <2884.717773, 5.869580, 6201.329102>
[COT 2024-01-14 03:24:46] 76561199407766611: Spawned Entity STR_RAPTOR_white_name (RAPTOR<40c87e90>, 100, 10000, 0) at <2873.586914, 5.730582, 6201.473633>
[COT 2024-01-14 03:25:14] 76561199407766611: Spawned Entity STR_raptor_white_driver_name (RAPTOR_Doors_Driver<a3efe5d0>, 100, 4500, 0) at <2874.826172, 5.754771, 6201.942871>
[COT 2024-01-14 03:25:17] 76561199407766611: Spawned Entity STR_raptor_white_codriver_name (RAPTOR_Doors_coDriver<a3efac00>, 100, 4500, 0) at <2875.151611, 6.073782, 6201.647461>
[COT 2024-01-14 03:25:19] 76561199407766611: Spawned Entity STR_raptor_white_door_2_1_name (RAPTOR_Doors_cargo1<a3f01fa0>, 100, 4500, 0) at <2875.652832, 6.560711, 6201.179688>
[COT 2024-01-14 03:25:20] 76561199407766611: Spawned Entity STR_raptor_white_door_2_2_name (RAPTOR_Doors_cargo2<a3f09ed0>, 100, 4500, 0) at <2876.050049, 6.946618, 6200.811523>
[COT 2024-01-14 03:25:33] 76561199407766611: Spawned Entity STR_raptor_white_trunk_name (RAPTOR_Doors_trunk<ba30b000>, 100, 4500, 0) at <2876.541016, 7.144780, 6200.348145>
[COT 2024-01-14 03:25:39] 76561199407766611: Spawned Entity STR_raptor_white_hood_name (RAPTOR_Doors_hood<ba30c720>, 100, 4500, 0) at <2874.900879, 5.896514, 6200.863281>
[COT 2024-01-14 03:28:00] 76561199407766611: Stripped [guid=spMEkRl42onhFHdF_u42e0T03x2sj347kUc600NXdGA=]
[COT 2024-01-14 03:28:58] 76561199407766611: Spawned Entity ADMIN GEAR-DOC-TOP (DOC_ADMIN_DOC_TOP<cf59a9d0>, 100, 50, 0) at <2894.131592, 6.536253, 6207.600098>
[COT 2024-01-14 03:28:59] 76561199407766611: Spawned Entity ADMIN GEAR-DOC-BOTTOM (DOC_ADMIN_DOC_BOTTOM<cf5a1d70>, 100, 50, 0) at <2894.038330, 6.718833, 6207.644531>
[COT 2024-01-14 03:29:05] 76561199407766611: Spawned Entity Running Shoes (JoggingShoes_Violet<cf59b560>, 100, 50, 0) at <2893.924561, 6.908198, 6207.683594>
[COT 2024-01-14 03:29:43] 76561199407766611: Teleported to position <5640.130371, 28.432598, 5426.090820>
[COT 2024-01-14 03:29:51] 76561199407766611: Entered the Free Camera
[COT 2024-01-14 03:29:52] 76561199407766611: Entered the Free Camera
[COT 2024-01-14 03:30:07] 76561199407766611: Left the Free Camera
[COT 2024-01-14 03:31:36] 76561199407766611: Teleported to position <5637.407227, 27.528381, 5435.886719>
