[COT 2024-01-14 17:02:52] 76561198036774377: Set GodMode To true [guid=mBNlxASsPlOcry0dpDl8K-WgHNR5WMCMmoJ9NhpU4FY=]
[COT 2024-01-14 17:02:52] 76561198036774377: Set UnlimitedStamina To true [guid=mBNlxASsPlOcry0dpDl8K-WgHNR5WMCMmoJ9NhpU4FY=]
[COT 2024-01-14 17:02:53] 76561198036774377: Set UnlimitedAmmo To true [guid=mBNlxASsPlOcry0dpDl8K-WgHNR5WMCMmoJ9NhpU4FY=]
[COT 2024-01-14 17:03:09] 76561198036774377: Teleported to position <10216.631836, 41.639194, 5189.464844>
[COT 2024-01-14 17:04:09] 76561198036774377: Set GodMode To false [guid=mBNlxASsPlOcry0dpDl8K-WgHNR5WMCMmoJ9NhpU4FY=]
[COT 2024-01-14 17:04:16] 76561198036774377: Teleported to position <5634.686035, 28.709999, 5370.471680>
[COT 2024-01-14 17:35:28] 76561198036774377: Deleted Entity SUV_Doors_trunk:15977 at <5627.848633, 28.976986, 5379.447266>
[COT 2024-01-14 19:01:17] 76561198036774377: Set Invisibility To 1 [guid=mBNlxASsPlOcry0dpDl8K-WgHNR5WMCMmoJ9NhpU4FY=]
[COT 2024-01-14 19:01:17] 76561198036774377: Set GodMode To true [guid=mBNlxASsPlOcry0dpDl8K-WgHNR5WMCMmoJ9NhpU4FY=]
[COT 2024-01-14 19:01:19] 76561198036774377: Set UnlimitedStamina To true [guid=mBNlxASsPlOcry0dpDl8K-WgHNR5WMCMmoJ9NhpU4FY=]
[COT 2024-01-14 19:01:19] 76561198036774377: Set UnlimitedAmmo To true [guid=mBNlxASsPlOcry0dpDl8K-WgHNR5WMCMmoJ9NhpU4FY=]
[COT 2024-01-14 19:01:30] 76561198036774377: Teleported to position <5522.718262, 13.914000, 798.779297>
[COT 2024-01-14 19:01:32] 76561198036774377: Entered the Free Camera
[COT 2024-01-14 19:01:52] 76561198036774377: ESP: ESP updating
[COT 2024-01-14 19:01:56] 76561198036774377: ESP: Clearing ESP
[COT 2024-01-14 19:01:56] 76561198036774377: ESP: ESP updating
[COT 2024-01-14 19:02:40] 76561198036774377: Spawned Entity Tough bear (Animal_UrsusArctos<c63c6b70>, 100, 6000, 0) at <5481.974121, 34.840000, 710.757813>
[COT 2024-01-14 19:03:20] 76561198036774377: Spawned Entity Infected (ZmbM_SoldierNormal_Base<b10e4560>, 100, 100001, 0) at <5223.012695, 17.102970, 655.724976>
[COT 2024-01-14 19:03:20] 76561198036774377: Spawned Entity Infected (ZmbM_SoldierNormal_Base<b10df7f0>, 100, 100001, 0) at <5223.061523, 17.294748, 656.035217>
[COT 2024-01-14 19:03:20] 76561198036774377: Spawned Entity Infected (ZmbM_SoldierNormal_Base<b10e92d0>, 100, 100001, 0) at <5223.110840, 17.486498, 656.345398>
[COT 2024-01-14 19:03:22] 76561198036774377: Spawned Entity Infected (ZmbM_usSoldier_normal_Base<b10e6690>, 100, 100001, 0) at <5223.161621, 17.685850, 656.668030>
[COT 2024-01-14 19:03:23] 76561198036774377: Spawned Entity Infected (ZmbM_usSoldier_normal_Base<b10e71a0>, 100, 100001, 0) at <5223.210938, 17.877680, 656.978271>
[COT 2024-01-14 19:03:23] 76561198036774377: Spawned Entity Infected (ZmbM_usSoldier_normal_Base<b10e2f40>, 100, 100001, 0) at <5223.259766, 18.069483, 657.288574>
[COT 2024-01-14 19:03:25] 76561198036774377: Spawned Entity Infected (ZmbM_usSoldier_normal_Base<b10ebf10>, 100, 100001, 0) at <5223.260254, 18.069742, 657.288818>
[COT 2024-01-14 19:03:25] 76561198036774377: Spawned Entity Infected (ZmbM_usSoldier_normal_Base<b10eb400>, 100, 100001, 0) at <5223.309082, 18.261475, 657.599121>
[COT 2024-01-14 19:03:25] 76561198036774377: Spawned Entity Infected (ZmbM_usSoldier_normal_Base<b10e2430>, 100, 100001, 0) at <5223.357910, 18.453262, 657.909424>
[COT 2024-01-14 19:03:27] 76561198036774377: Spawned Entity Infected (ZmbM_usSoldier_normal_Base<b10dece0>, 100, 100001, 0) at <5223.333496, 18.356747, 657.753357>
[COT 2024-01-14 19:03:27] 76561198036774377: Spawned Entity Infected (ZmbM_usSoldier_normal_Base<b10fa760>, 100, 100001, 0) at <5223.388672, 18.574123, 658.104919>
[COT 2024-01-14 19:03:28] 76561198036774377: Spawned Entity Infected (ZmbM_usSoldier_normal_Base<b10f43d0>, 100, 100001, 0) at <5223.421387, 18.702011, 658.311768>
[COT 2024-01-14 19:03:29] 76561198036774377: Spawned Entity Infected (ZmbM_usSoldier_normal_Base<b10f4ee0>, 100, 100001, 0) at <5223.477051, 18.919096, 658.662964>
[COT 2024-01-14 19:03:29] 76561198036774377: Spawned Entity Infected (ZmbM_usSoldier_normal_Base<b1101600>, 100, 100001, 0) at <5223.531738, 19.132761, 659.008667>
[COT 2024-01-14 19:03:30] 76561198036774377: Spawned Entity Infected (ZmbM_usSoldier_normal_Base<b1112a90>, 100, 100001, 0) at <5223.430664, 18.737514, 658.369080>
[COT 2024-01-14 19:03:30] 76561198036774377: Spawned Entity Infected (ZmbM_usSoldier_normal_Base<b111a440>, 100, 100001, 0) at <5223.479492, 18.929195, 658.679321>
[COT 2024-01-14 19:03:31] 76561198036774377: Spawned Entity Infected (ZmbM_usSoldier_normal_Base<b111af50>, 100, 100001, 0) at <5223.528809, 19.120945, 658.989563>
[COT 2024-01-14 19:05:49] 76561198036774377: ESP: Clearing ESP
[COT 2024-01-14 19:11:51] 76561198036774377: Teleported to position <5635.725098, 28.709999, 5371.334961>
[COT 2024-01-14 19:11:59] 76561198036774377: Set Invisibility To 0 [guid=mBNlxASsPlOcry0dpDl8K-WgHNR5WMCMmoJ9NhpU4FY=]
[COT 2024-01-14 19:12:01] 76561198036774377: Set Invisibility To 0 [guid=mBNlxASsPlOcry0dpDl8K-WgHNR5WMCMmoJ9NhpU4FY=]
[COT 2024-01-14 19:12:03] 76561198036774377: Set cannot be targeted by AI to false [guid=mBNlxASsPlOcry0dpDl8K-WgHNR5WMCMmoJ9NhpU4FY=]
[COT 2024-01-14 19:12:04] 76561198036774377: Set UnlimitedStamina To false [guid=mBNlxASsPlOcry0dpDl8K-WgHNR5WMCMmoJ9NhpU4FY=]
[COT 2024-01-14 19:12:04] 76561198036774377: Set Invisibility To 1 [guid=mBNlxASsPlOcry0dpDl8K-WgHNR5WMCMmoJ9NhpU4FY=]
[COT 2024-01-14 19:12:07] 76561198036774377: Left the Free Camera
[COT 2024-01-14 19:12:19] 76561198036774377: Set Invisibility To 0 [guid=mBNlxASsPlOcry0dpDl8K-WgHNR5WMCMmoJ9NhpU4FY=]
[COT 2024-01-14 19:12:20] 76561198036774377: Set cannot be targeted by AI to false [guid=mBNlxASsPlOcry0dpDl8K-WgHNR5WMCMmoJ9NhpU4FY=]
[COT 2024-01-14 19:26:29] 76561198036774377: Teleported to position <4737.182617, 3.930550, 2712.013672>
[COT 2024-01-14 19:27:12] 76561198036774377: Deleted Entity Velociraptor6x6_blue:29032 at <4733.883301, 5.542543, 2703.176514>
[COT 2024-01-14 19:28:19] 76561198036774377: Spawned Entity Velociraptor6x6 Blue (Velociraptor6x6_blue<327d2cb0>, 100, 10000, 0) at <4745.350586, 3.514020, 2685.493408>
[COT 2024-01-14 19:28:40] 76561198036774377: Spawned Entity Keys (ExpansionCarKey<d72fffa0>, 100, 100, 0) at <4742.391602, 3.675982, 2685.360107>
[COT 2024-01-14 19:29:14] 76561198036774377: Teleported to position <5654.543945, 28.709999, 5412.641602>
[COT 2024-01-14 19:45:02] 76561198036774377: Spawned Entity Tyrone Biggums Tee (TShirt_ColorBase<ac02bbf0>, 100, 50, 0) at <5648.172363, 29.412193, 5403.338379>
