[COT 2024-02-12 05:24:45] 76561199108250772: Teleported to position <5646.024902, 28.709999, 5414.386719>
[COT 2024-02-12 05:25:54] 76561199108250772: Entered the Free Camera
[COT 2024-02-12 05:26:08] 76561199108250772: Left the Free Camera
[COT 2024-02-12 05:30:26] 76561199108250772: Set GodMode To true [guid=OAdpPkJP2Ps_W7h2ttR1bK23ekHCzrxw0mDT3zqLMdU=]
[COT 2024-02-12 05:30:27] 76561199108250772: Set UnlimitedStamina To true [guid=OAdpPkJP2Ps_W7h2ttR1bK23ekHCzrxw0mDT3zqLMdU=]
[COT 2024-02-12 05:30:28] 76561199108250772: Set UnlimitedAmmo To true [guid=OAdpPkJP2Ps_W7h2ttR1bK23ekHCzrxw0mDT3zqLMdU=]
[COT 2024-02-12 05:30:29] 76561199108250772: Set cannot be targeted by AI to true [guid=OAdpPkJP2Ps_W7h2ttR1bK23ekHCzrxw0mDT3zqLMdU=]
[COT 2024-02-12 05:30:35] 76561199108250772: Healed [guid=OAdpPkJP2Ps_W7h2ttR1bK23ekHCzrxw0mDT3zqLMdU=]
[COT 2024-02-12 05:32:08] 76561199108250772: Teleported to position <9825.382813, 27.284941, 6867.838867>
[COT 2024-02-12 05:32:08] 76561199108250772: Teleported to position <9825.382813, 27.284941, 6867.838867>
[COT 2024-02-12 05:33:02] 76561199108250772: Teleported to position <8435.937500, 8.667934, 13863.990234>
[COT 2024-02-12 05:33:35] 76561199108250772: Spawned Entity Drybag Backpack (ExpansionQuestDryBag_ColorBase<5e65e710>, 100, 140, 0) at <8436.410156, 8.666924, 13864.207031>
[COT 2024-02-12 05:35:20] 76561199108250772: Spawned Entity Hryvnia Banknotes Stack (ExpansionBanknoteHryvnia<21a83c50>, 50000, 100, 0) at <8435.916992, 8.668964, 13864.042969>
[COT 2024-02-12 05:35:21] 76561199108250772: Spawned Entity Hryvnia Banknotes Stack (ExpansionBanknoteHryvnia<21a80e10>, 50000, 100, 0) at <8435.914063, 8.689140, 13864.036133>
[COT 2024-02-12 05:35:22] 76561199108250772: Spawned Entity Hryvnia Banknotes Stack (ExpansionBanknoteHryvnia<21a8a460>, 50000, 100, 0) at <8435.911133, 8.703862, 13864.032227>
[COT 2024-02-12 05:35:23] 76561199108250772: Spawned Entity Hryvnia Banknotes Stack (ExpansionBanknoteHryvnia<21a8f550>, 50000, 100, 0) at <8435.909180, 8.724038, 13864.025391>
[COT 2024-02-12 05:35:24] 76561199108250772: Spawned Entity Hryvnia Banknotes Stack (ExpansionBanknoteHryvnia<21a8bb80>, 50000, 100, 0) at <8435.906250, 8.744214, 13864.018555>
[COT 2024-02-12 05:35:26] 76561199108250772: Spawned Entity Hryvnia Banknotes Stack (ExpansionBanknoteHryvnia<21a8c710>, 50000, 100, 0) at <8435.904297, 8.758936, 13864.014648>
[COT 2024-02-12 05:35:49] 76561199108250772: Spawned Entity Drybag Backpack (DryBag_Green<291231b0>, 100, 140, 0) at <8435.486328, 8.668753, 13864.675781>
[COT 2024-02-12 05:38:23] 76561199108250772: Spawned Entity Cosmetic_GoldenGloves (ItemBase<5b0de640>, 100, 100, 0) at <8435.209961, 8.658557, 13864.316406>
[COT 2024-02-12 05:38:33] 76561199108250772: Spawned Entity Gold Bar (ExpansionGoldBar<5b0d7e30>, 10, 100, 0) at <8435.142578, 8.767259, 13864.348633>
[COT 2024-02-12 05:38:38] 76561199108250772: Spawned Entity Golden Sword Of Ares (DOC_GoldenAresSword<5b0d89c0>, 10, 600, 0) at <8435.084961, 8.858409, 13864.376953>
