[COT 2024-03-12 23:23:28] 76561199407766611: Set GodMode To true [guid=spMEkRl42onhFHdF_u42e0T03x2sj347kUc600NXdGA=]
[COT 2024-03-12 23:23:29] 76561199407766611: Set Invisibility To 1 [guid=spMEkRl42onhFHdF_u42e0T03x2sj347kUc600NXdGA=]
[COT 2024-03-12 23:23:51] 76561199407766611: Teleported to position <8830.424805, 3.077073, 2464.399414>
[COT 2024-03-12 23:24:22] 76561199407766611: Teleported to position <3238.718018, 2.740000, 1739.489258>
[COT 2024-03-12 23:25:24] 76561199407766611: Teleported to position <3730.764160, 9.350000, 8874.347656>
[COT 2024-03-12 23:25:51] 76561199407766611: Spawned Entity Drybag Backpack (DryBag_Blue<af01640>, 100, 140, 0) at <3719.429443, 9.350000, 8806.738281>
[COT 2024-03-12 23:26:41] 76561199407766611: Spawned Entity MMG Equipment Locker Rusty Kit (mmg_equipment_locker_grey_kit<59ccf780>, 100, 100, 0) at <3719.293457, 9.350024, 8807.594727>
[COT 2024-03-12 23:26:50] 76561199407766611: Spawned Entity Pokemon Card - Jolteon (ItemBase<dea77ad0>, 100, 100, 0) at <3719.209473, 9.603916, 8807.605469>
[COT 2024-03-12 23:26:52] 76561199407766611: Spawned Entity Pokemon Card - Arcanine (ItemBase<dea7ee70>, 100, 100, 0) at <3719.204834, 9.603916, 8807.621094>
[COT 2024-03-12 23:26:55] 76561199407766611: Spawned Entity Pokemon Card - Jynx (ItemBase<dea86210>, 100, 100, 0) at <3719.207764, 9.603916, 8807.603516>
[COT 2024-03-12 23:27:38] 76561199407766611: Spawned Entity Shovel (Shovel<8a18080>, 100, 200, 0) at <3719.318604, 9.350039, 8807.523438>
[COT 2024-03-12 23:28:25] 76561199407766611: Entered the Free Camera
[COT 2024-03-12 23:28:35] 76561199407766611: Left the Free Camera
[COT 2024-03-12 23:29:50] 76561199407766611: Teleported to position <3831.091553, 11.450000, 9774.690430>
[COT 2024-03-12 23:30:07] 76561199407766611: Spawned Entity Chevrolet Corvette Yellow (ChevroletCorvette_yellow<6666c060>, 100, 6000, 0) at <3822.314209, 11.450000, 9764.641602>
[COT 2024-03-12 23:30:25] 76561199407766611: Spawned Entity Keys (ExpansionCarKey<69945780>, 100, 100, 0) at <3820.364746, 11.449963, 9761.097656>
[COT 2024-03-12 23:30:58] 76561199407766611: Entered the Free Camera
[COT 2024-03-12 23:31:26] 76561199407766611: Left the Free Camera
[COT 2024-03-12 23:31:44] 76561199407766611: Spawned Entity Sea Chest (SeaChest<69fd07b0>, 100, 600, 0) at <3960.544922, 15.647719, 9112.864258>
[COT 2024-03-12 23:32:03] 76561199407766611: Spawned Entity Gold Bar (ExpansionGoldBar<1a31a7b0>, 50, 100, 0) at <3959.950195, 15.678741, 9112.209961>
[COT 2024-03-12 23:32:12] 76561199407766611: Spawned Entity Smartphone - Red (ItemBase<3a56dc40>, 50, 100, 0) at <3959.950195, 15.678741, 9112.209961>
[COT 2024-03-12 23:33:19] 76561199407766611: Teleported to position <8942.416016, 21.665199, 11927.368164>
[COT 2024-03-12 23:33:54] 76561199407766611: Spawned Entity MMG TA-50 Locker Blue (mmg_locker02_base<44349e10>, 100, 1000, 0) at <8918.289063, 21.377333, 11925.619141>
[COT 2024-03-12 23:34:08] 76561199407766611: Deleted Entity mmg_locker02_blue:18519 at <8918.289063, 21.403385, 11925.619141>
[COT 2024-03-12 23:34:19] 76561199407766611: Spawned Entity MMG TA-50 Locker Green (mmg_locker02_base<663e7150>, 100, 1000, 0) at <8919.846680, 21.377335, 11927.629883>
[COT 2024-03-12 23:35:30] 76561199407766611: Spawned Entity MMG TA-50 Locker Blue (mmg_locker02_base<465478a0>, 100, 1000, 0) at <8918.645508, 21.377310, 11929.206055>
[COT 2024-03-12 23:35:39] 76561199407766611: Deleted Entity mmg_locker02_blue:18193 at <8918.645508, 21.403362, 11929.206055>
[COT 2024-03-12 23:35:46] 76561199407766611: Spawned Entity MMG Solo Locker Red (mmg_solo_locker_base<660b1a30>, 100, 1000, 0) at <8918.684570, 21.377335, 11928.836914>
[COT 2024-03-12 23:36:07] 76561199407766611: Spawned Entity M200Sand (408Cheytac) (CZ527_Base<5f243800>, 100, 300, 0) at <8920.005859, 21.377335, 11929.730469>
[COT 2024-03-12 23:36:11] 76561199407766611: Spawned Entity M200Sand_mag_7Rnd (Mag_CZ527_5rnd<5aa8c1f0>, 7, 100, 0) at <8920.005859, 21.377335, 11929.730469>
[COT 2024-03-12 23:36:11] 76561199407766611: Spawned Entity M200Sand_mag_7Rnd (Mag_CZ527_5rnd<5aa8aad0>, 7, 100, 0) at <8920.005859, 21.377335, 11929.730469>
[COT 2024-03-12 23:36:11] 76561199407766611: Spawned Entity M200Sand_mag_7Rnd (Mag_CZ527_5rnd<5aa8cd80>, 7, 100, 0) at <8920.005859, 21.377335, 11929.730469>
[COT 2024-03-12 23:36:24] 76561199407766611: Spawned Entity Optic_Vlife (HuntingOptic<1bc028e0>, 7, 50, 0) at <8920.005859, 21.377335, 11929.730469>
[COT 2024-03-12 23:36:26] 76561199407766611: Spawned Entity Optic_AX50 (HuntingOptic<1bbfe080>, 7, 50, 0) at <8920.005859, 21.377335, 11929.730469>
[COT 2024-03-12 23:37:32] 76561199407766611: Spawned Entity Ammo_408Cheytac (TWP_Ammo_408Cheytac<18843a30>, 10, 100, 0) at <8919.470703, 21.377335, 11929.301758>
[COT 2024-03-12 23:37:32] 76561199407766611: Spawned Entity Ammo_408Cheytac (TWP_Ammo_408Cheytac<18845150>, 10, 100, 0) at <8919.470703, 21.377335, 11929.301758>
[COT 2024-03-12 23:37:32] 76561199407766611: Spawned Entity Ammo_408Cheytac (TWP_Ammo_408Cheytac<18846870>, 10, 100, 0) at <8919.470703, 21.377335, 11929.301758>
[COT 2024-03-12 23:37:32] 76561199407766611: Spawned Entity Ammo_408Cheytac (TWP_Ammo_408Cheytac<1885fd20>, 10, 100, 0) at <8919.470703, 21.377335, 11929.301758>
[COT 2024-03-12 23:37:51] 76561199407766611: Spawned Entity Wrapped Suppressor | Survivalists Weapons | discord.gg/4TKhGdr | (M4_Suppressor<5aaab320>, 10, 100, 0) at <8919.470703, 21.377335, 11929.301758>
[COT 2024-03-12 23:37:56] 76561199407766611: Spawned Entity M200Old_Schalldämpfer (TWP_M200Old_Suppressor<5aaa9c00>, 10, 100, 0) at <8919.470703, 21.377335, 11929.301758>
[COT 2024-03-12 23:38:36] 76561199407766611: Spawned Entity Brick of Stardawg Weed (CP_CannabisBrickStardawg<a72c3a40>, 1, 30, 0) at <8919.470703, 21.377335, 11929.301758>
[COT 2024-03-12 23:38:37] 76561199407766611: Spawned Entity Brick of Stardawg Weed (CP_CannabisBrickStardawg<a72d4fc0>, 1, 30, 0) at <8919.470703, 21.377335, 11929.301758>
[COT 2024-03-12 23:39:28] 76561199407766611: Teleported to position <11188.230469, 7.911973, 7901.197266>
[COT 2024-03-12 23:39:51] 76561199407766611: Spawned Entity Medium Safe (ExpansionSafeMedium<bfd7dd40>, 100, 15000, 0) at <11187.100586, 8.094025, 7901.040527>
[COT 2024-03-12 23:39:55] 76561199407766611: Spawned Entity Medium Safe (ExpansionSafeMedium<bfd7e8d0>, 100, 15000, 0) at <11184.052734, 9.471695, 7900.887207>
[COT 2024-03-12 23:39:58] 76561199407766611: Spawned Entity Medium Safe (ExpansionSafeMedium<3de3f170>, 100, 15000, 0) at <11184.740234, 9.037681, 7900.893555>
[COT 2024-03-12 23:43:37] 76561199407766611: Spawned Entity Barrett M82 (50BMG) (SVD_Base<69ee0660>, 100, 250, 0) at <11185.546875, 8.092529, 7900.646973>
[COT 2024-03-12 23:43:54] 76561199407766611: Spawned Entity Beowulf (50BMG) (M4A1_Base<69edaaf0>, 15, 200, 0) at <11185.564453, 8.150640, 7900.658691>
[COT 2024-03-12 23:44:30] 76561199407766611: Spawned Entity M107_mag_15Rnd (Mag_SVD_10Rnd<3e81d070>, 15, 100, 0) at <11185.577148, 8.210215, 7900.666016>
[COT 2024-03-12 23:44:30] 76561199407766611: Spawned Entity M107_mag_15Rnd (Mag_SVD_10Rnd<3e844c60>, 15, 100, 0) at <11185.592773, 8.261613, 7900.671387>
[COT 2024-03-12 23:44:40] 76561199407766611: Spawned Entity Beowulf_mag_10Rnd (Mag_STANAG_30Rnd<5fe65d0>, 10, 100, 0) at <11185.604492, 8.313385, 7900.670410>
[COT 2024-03-12 23:44:41] 76561199407766611: Spawned Entity Beowulf_mag_10Rnd (Mag_STANAG_30Rnd<5fe4eb0>, 10, 100, 0) at <11185.617188, 8.375973, 7900.679199>
[COT 2024-03-12 23:44:41] 76561199407766611: Spawned Entity Beowulf_mag_10Rnd (Mag_STANAG_30Rnd<5fe2c00>, 10, 100, 0) at <11185.626953, 8.438560, 7900.707520>
[COT 2024-03-12 23:44:55] 76561199407766611: Spawned Entity MK23Light (TWP_MK23Light<603e49c0>, 10, 70, 0) at <11185.651367, 8.502604, 7900.693848>
[COT 2024-03-12 23:45:04] 76561199407766611: Spawned Entity MK23Socom (45ACP) (FNX45_Base<4caefa90>, 10, 150, 0) at <11185.665039, 8.555955, 7900.705078>
[COT 2024-03-12 23:45:06] 76561199407766611: Spawned Entity MK23Socom_mag_12Rnd (Mag_CZ75_15Rnd<603e60e0>, 12, 100, 0) at <11185.681641, 8.600001, 7900.709961>
[COT 2024-03-12 23:45:06] 76561199407766611: Spawned Entity MK23Socom_mag_12Rnd (Mag_CZ75_15Rnd<603e6c70>, 12, 100, 0) at <11185.693359, 8.651552, 7900.716309>
[COT 2024-03-12 23:45:06] 76561199407766611: Spawned Entity MK23Socom_mag_12Rnd (Mag_CZ75_15Rnd<603e0460>, 12, 100, 0) at <11185.704102, 8.702743, 7900.721191>
[COT 2024-03-12 23:46:03] 76561199407766611: Spawned Entity BarrettM82_mag_10Rnd (Mag_SVD_10Rnd<a61e2150>, 10, 100, 0) at <11185.685547, 8.091572, 7900.528320>
[COT 2024-03-12 23:46:03] 76561199407766611: Spawned Entity BarrettM82_mag_10Rnd (Mag_SVD_10Rnd<a61e2ce0>, 10, 100, 0) at <11185.701172, 8.163507, 7900.541016>
[COT 2024-03-12 23:46:47] 76561199407766611: Spawned Entity DesertEagleFalcon (50AE) (FNX45_Base<46f8a7a0>, 100, 200, 0) at <11185.231445, 8.086336, 7899.876465>
[COT 2024-03-12 23:46:52] 76561199407766611: Spawned Entity DesertEagleFalcon_mag_7Rnd (Mag_FNX45_15Rnd<610b4c00>, 7, 200, 0) at <11185.261719, 8.146418, 7899.913086>
[COT 2024-03-12 23:46:52] 76561199407766611: Spawned Entity DesertEagleFalcon_mag_7Rnd (Mag_FNX45_15Rnd<610c27b0>, 7, 200, 0) at <11185.288086, 8.197195, 7899.942871>
[COT 2024-03-12 23:46:53] 76561199407766611: Spawned Entity DesertEagleFalcon_mag_7Rnd (Mag_FNX45_15Rnd<610be250>, 7, 200, 0) at <11185.313477, 8.244647, 7899.970215>
[COT 2024-03-12 23:48:07] 76561199407766611: Teleported to position <11098.303711, 9.150000, 2316.675781>
[COT 2024-03-12 23:48:16] 76561199407766611: Entered the Free Camera
[COT 2024-03-12 23:48:37] 76561199407766611: Left the Free Camera
[COT 2024-03-12 23:48:57] 76561199407766611: Entered the Free Camera
[COT 2024-03-12 23:49:42] 76561199407766611: Left the Free Camera
[COT 2024-03-12 23:49:59] 76561199407766611: Spawned Entity MMG Equipment Locker Green (mmg_locker_base<222cf510>, 100, 1000, 0) at <11210.924805, 3.250001, 2384.886719>
[COT 2024-03-12 23:50:01] 76561199407766611: Spawned Entity MMG Equipment Locker Green (mmg_locker_base<222d00a0>, 100, 1000, 0) at <11204.258789, 3.249998, 2375.723633>
[COT 2024-03-12 23:50:03] 76561199407766611: Spawned Entity MMG Equipment Locker Green (mmg_locker_base<222d96f0>, 100, 1000, 0) at <11218.662109, 3.250026, 2382.116943>
[COT 2024-03-12 23:50:41] 76561199407766611: Spawned Entity AR15_Aztec (556x45) (M4A1_Base<69ef25c0>, 100, 200, 0) at <11220.569336, 3.250000, 2382.318604>
[COT 2024-03-12 23:50:43] 76561199407766611: Spawned Entity AR15_Urban (556x45) (M4A1_Base<69ef3fe0>, 100, 200, 0) at <11220.553711, 3.310040, 2382.290527>
[COT 2024-03-12 23:50:44] 76561199407766611: Spawned Entity AR15_Snow (556x45) (M4A1_Base<69ef5a00>, 100, 200, 0) at <11220.532227, 3.366105, 2382.274170>
[COT 2024-03-12 23:50:46] 76561199407766611: Spawned Entity AR15Aztec_mag_30Rnd (Mag_STANAG_30Rnd<4d76c000>, 30, 100, 0) at <11220.519531, 3.425410, 2382.256592>
[COT 2024-03-12 23:50:47] 76561199407766611: Spawned Entity AR15Aztec_mag_30Rnd (Mag_STANAG_30Rnd<4d772810>, 30, 100, 0) at <11220.500977, 3.495448, 2382.229492>
[COT 2024-03-12 23:50:47] 76561199407766611: Spawned Entity AR15Aztec_mag_30Rnd (Mag_STANAG_30Rnd<4d7733a0>, 30, 100, 0) at <11220.480469, 3.566106, 2382.201904>
[COT 2024-03-12 23:50:49] 76561199407766611: Spawned Entity AR15Urban_mag_30Rnd (Mag_STANAG_30Rnd<4d76cb90>, 30, 100, 0) at <11220.467773, 3.636765, 2382.177979>
[COT 2024-03-12 23:50:49] 76561199407766611: Spawned Entity AR15Urban_mag_30Rnd (Mag_STANAG_30Rnd<4d76d720>, 30, 100, 0) at <11220.449219, 3.706803, 2382.151367>
[COT 2024-03-12 23:50:49] 76561199407766611: Spawned Entity AR15Urban_mag_30Rnd (Mag_STANAG_30Rnd<4d773f30>, 30, 100, 0) at <11220.430664, 3.777462, 2382.123535>
[COT 2024-03-12 23:50:51] 76561199407766611: Spawned Entity AR15Snow_mag_30Rnd (Mag_STANAG_30Rnd<4d774ac0>, 30, 100, 0) at <11220.409180, 3.848120, 2382.099121>
[COT 2024-03-12 23:50:51] 76561199407766611: Spawned Entity AR15Snow_mag_30Rnd (Mag_STANAG_30Rnd<4d76e2b0>, 30, 100, 0) at <11220.389648, 3.918869, 2382.074951>
[COT 2024-03-12 23:50:51] 76561199407766611: Spawned Entity AR15Snow_mag_30Rnd (Mag_STANAG_30Rnd<4d77a740>, 30, 100, 0) at <11220.370117, 3.988908, 2382.050293>
[COT 2024-03-12 23:51:02] 76561199407766611: Spawned Entity Brick of Purple Kush Weed (CP_CannabisBrickKush<4d776d70>, 1, 30, 0) at <11221.223633, 3.250000, 2382.563477>
[COT 2024-03-12 23:51:04] 76561199407766611: Spawned Entity Brick of Blue God Weed (CP_CannabisBrickBlue<4d77b2d0>, 1, 30, 0) at <11221.157227, 3.348211, 2382.503418>
[COT 2024-03-12 23:51:07] 76561199407766611: Spawned Entity Brick of Stardawg Weed (CP_CannabisBrickStardawg<4d77be60>, 1, 30, 0) at <11221.084961, 3.446421, 2382.450195>
[COT 2024-03-12 23:51:16] 76561199407766611: Spawned Entity MK23Light (TWP_MK23Light<66331570>, 1, 70, 0) at <11221.466797, 3.250001, 2382.008545>
[COT 2024-03-12 23:51:17] 76561199407766611: Spawned Entity MK23Light (TWP_MK23Light<6632c480>, 1, 70, 0) at <11221.428711, 3.301169, 2381.993652>
[COT 2024-03-12 23:51:17] 76561199407766611: Spawned Entity MK23Light (TWP_MK23Light<66333820>, 1, 70, 0) at <11221.388672, 3.353278, 2381.980469>
[COT 2024-03-12 23:51:19] 76561199407766611: Spawned Entity MK23Socom (45ACP) (FNX45_Base<4cafbe80>, 1, 150, 0) at <11221.345703, 3.405161, 2381.968262>
[COT 2024-03-12 23:51:20] 76561199407766611: Spawned Entity MK23Socom (45ACP) (FNX45_Base<4caf7020>, 1, 150, 0) at <11221.302734, 3.458637, 2381.956543>
[COT 2024-03-12 23:51:20] 76561199407766611: Spawned Entity MK23Socom (45ACP) (FNX45_Base<4cb00ce0>, 1, 150, 0) at <11221.273438, 3.491108, 2381.948730>
[COT 2024-03-12 23:51:22] 76561199407766611: Spawned Entity MK23Socom_mag_12Rnd (Mag_CZ75_15Rnd<6633f120>, 12, 100, 0) at <11221.248047, 3.525188, 2381.939697>
[COT 2024-03-12 23:51:23] 76561199407766611: Spawned Entity MK23Socom_mag_12Rnd (Mag_CZ75_15Rnd<66338910>, 12, 100, 0) at <11221.203125, 3.579182, 2381.925293>
[COT 2024-03-12 23:51:23] 76561199407766611: Spawned Entity MK23Socom_mag_12Rnd (Mag_CZ75_15Rnd<6633fcb0>, 12, 100, 0) at <11221.163086, 3.625999, 2381.914551>
[COT 2024-03-12 23:51:35] 76561199407766611: Spawned Entity Doc's Nightfoil Suppressor (ItemSuppressor<66347050>, 12, 1800, 0) at <11221.124023, 3.673833, 2381.902100>
[COT 2024-03-12 23:51:40] 76561199407766611: Spawned Entity Doc's Crushedfoil Suppressor (ItemSuppressor<400e37b0>, 12, 1800, 0) at <11221.110352, 3.692977, 2381.890381>
[COT 2024-03-12 23:51:55] 76561199407766611: Spawned Entity Doc's Yellow Suppressor (ItemSuppressor<400e1500>, 12, 1800, 0) at <11221.123047, 3.732190, 2381.893555>
[COT 2024-03-12 23:52:01] 76561199407766611: Spawned Entity Doc's Black Pistol Suppressor (ItemSuppressor<400f9290>, 12, 1800, 0) at <11221.093750, 3.719975, 2381.883545>
[COT 2024-03-12 23:52:01] 76561199407766611: Spawned Entity Doc's Black Pistol Suppressor (ItemSuppressor<400f7b70>, 12, 1800, 0) at <11221.065430, 3.751704, 2381.875244>
[COT 2024-03-12 23:52:01] 76561199407766611: Spawned Entity Doc's Black Pistol Suppressor (ItemSuppressor<400f8700>, 12, 1800, 0) at <11221.049805, 3.771112, 2381.870605>
[COT 2024-03-12 23:55:27] 76561199407766611: Spawned Entity MK23Socom_mag_12Rnd (Mag_CZ75_15Rnd<c6212d0>, 12, 100, 0) at <11204.220703, 4.490995, 2376.089600>
[COT 2024-03-12 23:55:47] 76561199407766611: Spawned Entity MiniGun (308Win) (M4A1_Base<5422d1b0>, 100, 500, 0) at <11203.675781, 3.249998, 2380.210205>
[COT 2024-03-12 23:56:55] 76561199407766611: Teleported to position <3768.597656, 0.132144, 2485.302734>
[COT 2024-03-13 00:02:46] 76561199407766611: Teleported to position <5618.071289, 28.709999, 5401.588867>
