[COT 2024-01-18 17:16:51] 76561199407766611: Set GodMode To true [guid=spMEkRl42onhFHdF_u42e0T03x2sj347kUc600NXdGA=]
[COT 2024-01-18 17:16:53] 76561199407766611: Set Invisibility To 1 [guid=spMEkRl42onhFHdF_u42e0T03x2sj347kUc600NXdGA=]
[COT 2024-01-18 17:16:53] 76561199407766611: Set UnlimitedStamina To true [guid=spMEkRl42onhFHdF_u42e0T03x2sj347kUc600NXdGA=]
[COT 2024-01-18 17:16:54] 76561199407766611: Set UnlimitedAmmo To true [guid=spMEkRl42onhFHdF_u42e0T03x2sj347kUc600NXdGA=]
[COT 2024-01-18 17:17:06] 76561199407766611: Teleported to position <13635.605469, 12.940000, 10002.759766>
[COT 2024-01-18 17:17:16] 76561199407766611: Entered the Free Camera
[COT 2024-01-18 17:18:28] 76561199407766611: Left the Free Camera
[COT 2024-01-18 17:18:56] 76561199407766611: Spawned Entity Flag Pole Kit (TerritoryFlagKit<35e947b0>, 100, 200, 0) at <13639.370117, 15.568762, 10006.296875>
[COT 2024-01-18 17:20:32] 76561199407766611: Entered the Free Camera
[COT 2024-01-18 17:20:51] 76561199407766611: Left the Free Camera
[COT 2024-01-18 17:21:31] 76561199407766611: Spawned Entity Wall Kit (ExpansionWallKit<268696d0>, 100, 100, 0) at <13658.541016, 12.963295, 9966.147461>
[COT 2024-01-18 17:21:31] 76561199407766611: Spawned Entity Wall Kit (ExpansionWallKit<2686a260>, 100, 100, 0) at <13658.508789, 13.184421, 9966.270508>
[COT 2024-01-18 17:21:31] 76561199407766611: Spawned Entity Wall Kit (ExpansionWallKit<26877e10>, 100, 100, 0) at <13658.476563, 13.399835, 9966.392578>
[COT 2024-01-18 17:21:31] 76561199407766611: Spawned Entity Wall Kit (ExpansionWallKit<268738b0>, 100, 100, 0) at <13658.453125, 13.556046, 9966.481445>
[COT 2024-01-18 17:21:31] 76561199407766611: Spawned Entity Wall Kit (ExpansionWallKit<26874440>, 100, 100, 0) at <13658.423828, 13.762597, 9966.599609>
[COT 2024-01-18 17:21:31] 76561199407766611: Spawned Entity Wall Kit (ExpansionWallKit<26877280>, 100, 100, 0) at <13658.401367, 13.923538, 9966.690430>
[COT 2024-01-18 17:23:52] 76561199407766611: Entered the Free Camera
[COT 2024-01-18 17:24:38] 76561199407766611: Left the Free Camera
[COT 2024-01-18 17:26:02] 76561199407766611: Entered the Free Camera
[COT 2024-01-18 17:26:32] 76561199407766611: Left the Free Camera
[COT 2024-01-18 17:27:09] 76561199407766611: Spawned Entity Wood Floor Base (ExpansionFloorBase<2265c690>, 100, 30000, 0) at <13652.756836, 15.568763, 10045.923828>
[COT 2024-01-18 17:30:18] 76561199407766611: Spawned Entity Floor Kit (ExpansionFloorKit<5dcc1d50>, 100, 100, 0) at <13652.725586, 15.568762, 10046.468750>
[COT 2024-01-18 17:30:18] 76561199407766611: Spawned Entity Floor Kit (ExpansionFloorKit<5dcbe380>, 100, 100, 0) at <13652.724609, 15.789887, 10046.446289>
[COT 2024-01-18 17:30:18] 76561199407766611: Spawned Entity Floor Kit (ExpansionFloorKit<5dcbfaa0>, 100, 100, 0) at <13652.722656, 16.011013, 10046.422852>
[COT 2024-01-18 17:30:18] 76561199407766611: Spawned Entity Floor Kit (ExpansionFloorKit<5dcbef10>, 100, 100, 0) at <13652.720703, 16.232140, 10046.397461>
[COT 2024-01-18 17:30:19] 76561199407766611: Spawned Entity Floor Kit (ExpansionFloorKit<5dcc4000>, 100, 100, 0) at <13652.719727, 16.453266, 10046.372070>
[COT 2024-01-18 17:30:19] 76561199407766611: Spawned Entity Floor Kit (ExpansionFloorKit<5dcc3470>, 100, 100, 0) at <13652.719727, 16.614204, 10046.352539>
[COT 2024-01-18 17:30:19] 76561199407766611: Spawned Entity Floor Kit (ExpansionFloorKit<5dcca810>, 100, 100, 0) at <13652.717773, 16.775143, 10046.333008>
[COT 2024-01-18 17:30:19] 76561199407766611: Spawned Entity Floor Kit (ExpansionFloorKit<5dccbf30>, 100, 100, 0) at <13652.716797, 16.936081, 10046.312500>
[COT 2024-01-18 17:30:19] 76561199407766611: Spawned Entity Floor Kit (ExpansionFloorKit<5dcc6e40>, 100, 100, 0) at <13652.715820, 17.079788, 10046.292969>
[COT 2024-01-18 17:30:19] 76561199407766611: Spawned Entity Floor Kit (ExpansionFloorKit<5dccb3a0>, 100, 100, 0) at <13652.715820, 17.081486, 10046.290039>
[COT 2024-01-18 17:51:44] 76561199407766611: Spawned Entity Ramp Kit (ExpansionRampKit<aab202a0>, 100, 100, 0) at <13647.902344, 12.940000, 10044.886719>
[COT 2024-01-18 18:02:22] 76561199407766611: Entered the Free Camera
[COT 2024-01-18 18:04:03] 76561199407766611: Left the Free Camera
[COT 2024-01-18 18:05:09] 76561199407766611: Deleted Entity ExpansionWall6x3:30080 at <13588.067383, 16.295536, 10013.266602>
[COT 2024-01-18 18:05:49] 76561199407766611: Entered the Free Camera
