[COT 2024-02-28 06:32:59] 76561199108250772: Spawned Entity ADMIN GEAR-BLUE-TOP (DOC_ADMIN_BLUE_TOP<54dc0f30>, 100, 70, 0) at <5622.049316, 28.709999, 5408.873047>
[COT 2024-02-28 06:33:03] 76561199108250772: Spawned Entity ADMIN GEAR-BLUE-BOTTOM (DOC_ADMIN_BLUE_BOTTOM<54dbb2b0>, 100, 130, 0) at <5622.085449, 28.887163, 5408.878906>
[COT 2024-02-28 06:33:23] 76561199108250772: Set GodMode To true [guid=OAdpPkJP2Ps_W7h2ttR1bK23ekHCzrxw0mDT3zqLMdU=]
[COT 2024-02-28 06:33:28] 76561199108250772: Set Blood To 4492.5 [guid=OAdpPkJP2Ps_W7h2ttR1bK23ekHCzrxw0mDT3zqLMdU=]
[COT 2024-02-28 06:33:28] 76561199108250772: Set Energy To 4691 [guid=OAdpPkJP2Ps_W7h2ttR1bK23ekHCzrxw0mDT3zqLMdU=]
[COT 2024-02-28 06:33:28] 76561199108250772: Set Water To 4492.5 [guid=OAdpPkJP2Ps_W7h2ttR1bK23ekHCzrxw0mDT3zqLMdU=]
[COT 2024-02-28 06:33:34] 76561199108250772: Set Blood To 4713 [guid=OAdpPkJP2Ps_W7h2ttR1bK23ekHCzrxw0mDT3zqLMdU=]
[COT 2024-02-28 06:33:48] 76561199108250772: Teleported to position <3312.626221, 22.379999, 6248.430664>
[COT 2024-02-28 06:34:00] 76561199108250772: ESP: Viewing ESP
[COT 2024-02-28 06:34:11] 76561199108250772: Entered the Free Camera
[COT 2024-02-28 06:34:19] 76561199108250772: Left the Free Camera
[COT 2024-02-28 06:35:27] 76561199108250772: Spawned Entity MVS Sling Pack - Black (MountainBag_ColorBase<5e517d10>, 100, 300, 0) at <3333.996826, 26.548702, 6220.883789>
[COT 2024-02-28 06:35:33] 76561199108250772: Spawned Entity Bandage (BandageDressing<5e526450>, 4, 50, 0) at <3333.996826, 26.548702, 6220.883789>
[COT 2024-02-28 06:35:34] 76561199108250772: Spawned Entity Bandage (BandageDressing<5e523610>, 4, 50, 0) at <3334.003174, 26.637196, 6220.914551>
[COT 2024-02-28 06:35:35] 76561199108250772: Spawned Entity Bandage (BandageDressing<5e5311c0>, 4, 50, 0) at <3334.009766, 26.725990, 6220.945313>
[COT 2024-02-28 06:35:44] 76561199108250772: Spawned Entity M4-A1 (M4A1_Base<634bcce0>, 4, 200, 0) at <3334.016113, 26.815002, 6220.976563>
[COT 2024-02-28 06:36:13] 76561199108250772: Spawned Entity Canned Bacon (TacticalBaconCan<a50d6c20>, 100, 100, 0) at <3334.212891, 26.548702, 6220.123535>
[COT 2024-02-28 06:36:13] 76561199108250772: Spawned Entity Canned Bacon (TacticalBaconCan<a50d5500>, 100, 100, 0) at <3334.212891, 26.548702, 6220.123535>
[COT 2024-02-28 06:36:18] 76561199108250772: Spawned Entity Canteen (Canteen<55389170>, 1000, 100, 512) at <3334.212891, 26.548702, 6220.123535>
[COT 2024-02-28 06:36:25] 76561199108250772: ESP: Clearing ESP
[COT 2024-02-28 06:36:42] 76561199108250772: Spawned Entity Boxed 5.56x45mm Tracer Rounds (AmmoBox_556x45Tracer_20Rnd<5e120150>, 100, 100, 0) at <3333.789307, 26.548702, 6219.934570>
[COT 2024-02-28 06:36:43] 76561199108250772: Spawned Entity Boxed 5.56x45mm Tracer Rounds (AmmoBox_556x45Tracer_20Rnd<5e120ce0>, 100, 100, 0) at <3333.791016, 26.568254, 6219.939941>
[COT 2024-02-28 06:36:43] 76561199108250772: Spawned Entity Boxed 5.56x45mm Tracer Rounds (AmmoBox_556x45Tracer_20Rnd<5e11c780>, 100, 100, 0) at <3333.792480, 26.587881, 6219.944824>
[COT 2024-02-28 06:36:43] 76561199108250772: Spawned Entity Boxed 5.56x45mm Tracer Rounds (AmmoBox_556x45Tracer_20Rnd<5e11dea0>, 100, 100, 0) at <3333.793945, 26.607431, 6219.949707>
[COT 2024-02-28 06:36:44] 76561199108250772: Spawned Entity Boxed 5.56x45mm Tracer Rounds (AmmoBox_556x45Tracer_20Rnd<5e11b060>, 100, 100, 0) at <3333.795654, 26.627058, 6219.954590>
[COT 2024-02-28 06:36:44] 76561199108250772: Spawned Entity Boxed 5.56x45mm Tracer Rounds (AmmoBox_556x45Tracer_20Rnd<5e122f90>, 100, 100, 0) at <3333.797119, 26.646610, 6219.959473>
[COT 2024-02-28 06:36:45] 76561199108250772: Spawned Entity Boxed 5.56x45mm Tracer Rounds (AmmoBox_556x45Tracer_20Rnd<5e123b20>, 100, 100, 0) at <3333.798584, 26.666161, 6219.964844>
[COT 2024-02-28 06:36:45] 76561199108250772: Spawned Entity Boxed 5.56x45mm Tracer Rounds (AmmoBox_556x45Tracer_20Rnd<5e12aec0>, 100, 100, 0) at <3333.800293, 26.685787, 6219.970215>
[COT 2024-02-28 06:38:23] 76561199108250772: Spawned Entity MVS 6B47 - OD (Mich2001Helmet<56966280>, 100, 50, 0) at <3333.602051, 26.548702, 6219.860840>
[COT 2024-02-28 06:38:55] 76561199108250772: Healed [guid=8aHbwb5XZ9Gq0J-7qO1AVn3G8YD6-lBt4iCz53aUxso=]
