[COT 2024-01-18 15:00:50] 76561199407766611: Spawned Entity Large Safe (ExpansionSafeLarge<15f56790>, 100, 20000, 0) at <7632.946777, 41.191254, 9942.510742>
[COT 2024-01-18 15:00:55] 76561199407766611: Spawned Entity Paper (Paper<15f55c00>, 100, 15, 0) at <7632.762695, 41.332993, 9942.613281>
[COT 2024-01-18 15:01:01] 76561199407766611: Spawned Entity Pen (Pen_Black<15f64ed0>, 100, 10, 0) at <7632.700684, 41.385979, 9942.650391>
[COT 2024-01-18 15:35:43] 76561198036774377: Teleported to position <4715.371582, -2.540000, 7123.737305>
[COT 2024-01-18 15:36:37] 76561198036774377: Teleported to position <5638.002441, 28.709999, 5374.377930>
[COT 2024-01-18 15:36:53] 76561198036774377: Healed [guid=-r2araXommLNgd2kLCOg5MUhQUGYZRsIrQF--_XcIVE=]
[COT 2024-01-18 15:36:53] 76561198036774377: Healed [guid=-r2araXommLNgd2kLCOg5MUhQUGYZRsIrQF--_XcIVE=]
[COT 2024-01-18 15:37:06] 76561198036774377: Healed [guid=mBNlxASsPlOcry0dpDl8K-WgHNR5WMCMmoJ9NhpU4FY=]
[COT 2024-01-18 16:16:20] 76561199407766611: Teleported to position <8252.217773, 160.700363, 10736.613281>
[COT 2024-01-18 16:16:24] 76561199407766611: Entered the Free Camera
[COT 2024-01-18 16:16:33] 76561199407766611: Left the Free Camera
[COT 2024-01-18 16:17:19] 76561199407766611: Spawned Entity M134_mag_750Rnd (Mag_AKM_Drum75Rnd<ac4bf000>, 750, 100, 0) at <8339.644531, 122.308800, 10898.143555>
[COT 2024-01-18 16:17:22] 76561199407766611: Spawned Entity M134 (308Win) (M4A1_Base<8a0d7c00>, 750, 500, 0) at <8339.675781, 122.465797, 10898.047852>
[COT 2024-01-18 16:19:36] 76561199407766611: Teleported to position <5434.955078, 14.810000, 4944.449219>
[COT 2024-01-18 16:20:04] 76561199407766611: Spawned Entity Flashlight (Flashlight<7d880c60>, 100, 70, 0) at <5434.572754, 14.810003, 4944.279297>
[COT 2024-01-18 16:22:25] 76561199407766611: Set GodMode To true [guid=spMEkRl42onhFHdF_u42e0T03x2sj347kUc600NXdGA=]
[COT 2024-01-18 16:22:26] 76561199407766611: Set Invisibility To 1 [guid=spMEkRl42onhFHdF_u42e0T03x2sj347kUc600NXdGA=]
[COT 2024-01-18 16:22:27] 76561199407766611: Set UnlimitedStamina To true [guid=spMEkRl42onhFHdF_u42e0T03x2sj347kUc600NXdGA=]
[COT 2024-01-18 16:22:28] 76561199407766611: Set UnlimitedAmmo To true [guid=spMEkRl42onhFHdF_u42e0T03x2sj347kUc600NXdGA=]
[COT 2024-01-18 16:29:15] 76561199407766611: Spawned Entity #STR_EXPANSION_ADMIN #STR_EXPANSION_CAR_KEYS (ExpansionCarAdminKey<a43af1a0>, 100, 100, 0) at <5423.222656, 14.810034, 4959.288086>
[COT 2024-01-18 16:32:45] 76561199407766611: Teleported to position <5439.021484, 14.810000, 4969.778320>
[COT 2024-01-18 16:39:36] 76561199407766611: Teleported to position <5439.171387, 14.810000, 4977.542969>
[COT 2024-01-18 16:42:25] 76561199407766611: Deleted Entity RAPTOR_red:32423 at <5610.780273, 28.652435, 5402.535156>
[COT 2024-01-18 16:50:00] 76561199407766611: Teleported to position <3861.390625, 31.523214, 6812.769531>
[COT 2024-01-18 16:50:02] 76561199407766611: Entered the Free Camera
[COT 2024-01-18 16:50:23] 76561199407766611: Spawned Entity Ford Raptor Red (RAPTOR_red<b955e940>, 100, 10000, 0) at <3837.675049, 31.365524, 6775.633301>
[COT 2024-01-18 16:50:27] 76561199407766611: Spawned Entity Ford Raptor Blue (RAPTOR_blue<b9566d70>, 100, 10000, 0) at <3841.574707, 31.432360, 6774.489258>
[COT 2024-01-18 16:50:32] 76561199407766611: Spawned Entity Ford Raptor Green (RAPTOR_green<b9561550>, 100, 10000, 0) at <3845.504395, 31.501600, 6773.398438>
[COT 2024-01-18 16:50:39] 76561199407766611: Spawned Entity STR_RAPTOR_white_name (RAPTOR<b9569980>, 100, 10000, 0) at <3848.751953, 31.581444, 6771.680176>
[COT 2024-01-18 16:51:11] 76561199407766611: Deleted Entity RAPTOR_white:28671 at <3848.718994, 31.526932, 6771.733398>
[COT 2024-01-18 16:51:15] 76561199407766611: Deleted Entity RAPTOR_green:30269 at <3845.474365, 31.443953, 6773.458008>
[COT 2024-01-18 16:51:18] 76561199407766611: Deleted Entity RAPTOR_blue:28225 at <3841.542969, 31.372026, 6774.522949>
[COT 2024-01-18 16:51:24] 76561199407766611: Deleted Entity RAPTOR_red:9254 at <3837.649658, 31.308945, 6775.679199>
[COT 2024-01-18 16:51:26] 76561199407766611: Left the Free Camera
