[COT 2024-01-06 02:22:35] 76561199112746320: Set rain to 0 0 0
[COT 2024-01-06 02:22:35] 76561199112746320: Set storm to 0 0.8 4000
[COT 2024-01-06 02:22:35] 76561199112746320: Set fog to 0.00732465 0 0
[COT 2024-01-06 02:22:35] 76561199112746320: Set overcast to 0.0481733 0 0
[COT 2024-01-06 02:22:35] 76561199112746320: Set the date to 2024/9/20 8:9
[COT 2024-01-06 02:22:35] 76561199112746320: Set wind to 12.4387 12.4387 1
[COT 2024-01-06 02:24:41] 76561199112746320: Healed [guid=BlCTbSRV5QYaEKP-S_Hg4CG7zCAg90tKLTciEKHy8Pc=]
[COT 2024-01-06 02:34:18] 76561199112746320: Set GodMode To true [guid=BlCTbSRV5QYaEKP-S_Hg4CG7zCAg90tKLTciEKHy8Pc=]
[COT 2024-01-06 02:34:19] 76561199112746320: Set Invisibility To 1 [guid=BlCTbSRV5QYaEKP-S_Hg4CG7zCAg90tKLTciEKHy8Pc=]
[COT 2024-01-06 02:34:23] 76561199112746320: Healed [guid=BlCTbSRV5QYaEKP-S_Hg4CG7zCAg90tKLTciEKHy8Pc=]
[COT 2024-01-06 02:34:42] 76561199112746320: Teleported to position <4823.084473, 20.430000, 7074.633789>
[COT 2024-01-06 02:34:45] 76561199112746320: Entered the Free Camera
[COT 2024-01-06 02:38:59] 76561199112746320: Left the Free Camera
[COT 2024-01-06 02:39:16] 76561199112746320: Entered the Free Camera
[COT 2024-01-06 02:40:08] 76561199112746320: Left the Free Camera
[COT 2024-01-06 02:40:34] 76561199112746320: Entered the Free Camera
[COT 2024-01-06 02:45:58] 76561199112746320: Left the Free Camera
[COT 2024-01-06 02:46:44] 76561199112746320: Entered the Free Camera
[COT 2024-01-06 03:02:00] 76561199112746320: Teleported to position <5523.029785, 34.840000, 682.345703>
[COT 2024-01-06 03:02:06] 76561199112746320: Left the Free Camera
[COT 2024-01-06 03:02:08] 76561199112746320: Entered the Free Camera
[COT 2024-01-06 03:05:02] 76561199112746320: Teleported to position <8889.286133, 45.462864, 3819.604492>
[COT 2024-01-06 03:05:06] 76561199112746320: Left the Free Camera
[COT 2024-01-06 03:05:07] 76561199112746320: Entered the Free Camera
[COT 2024-01-06 03:05:12] 76561199112746320: Left the Free Camera
[COT 2024-01-06 03:05:15] 76561199112746320: Entered the Free Camera
[COT 2024-01-06 03:09:23] 76561199112746320: Teleported to position <9108.728516, 5.765493, 5935.654297>
[COT 2024-01-06 03:09:25] 76561199112746320: Teleported to position <9121.588867, 5.633147, 5931.368164>
[COT 2024-01-06 03:09:29] 76561199112746320: Left the Free Camera
[COT 2024-01-06 03:09:31] 76561199112746320: Entered the Free Camera
[COT 2024-01-06 03:15:38] 76561199112746320: Left the Free Camera
[COT 2024-01-06 03:15:58] 76561199112746320: Teleported to position <13704.310547, 12.910000, 9875.132813>
[COT 2024-01-06 03:16:03] 76561199112746320: Entered the Free Camera
[COT 2024-01-06 03:16:08] 76561199112746320: Left the Free Camera
[COT 2024-01-06 03:16:11] 76561199112746320: Entered the Free Camera
[COT 2024-01-06 03:18:14] 76561199112746320: Left the Free Camera
[COT 2024-01-06 03:18:41] 76561199112746320: Teleported to position <15851.484375, 19.785265, 4781.075195>
[COT 2024-01-06 03:18:46] 76561199112746320: Entered the Free Camera
[COT 2024-01-06 03:23:57] 76561199112746320: Set GodMode To false [guid=BlCTbSRV5QYaEKP-S_Hg4CG7zCAg90tKLTciEKHy8Pc=]
[COT 2024-01-06 03:23:57] 76561199112746320: Set Invisibility To 0 [guid=BlCTbSRV5QYaEKP-S_Hg4CG7zCAg90tKLTciEKHy8Pc=]
[COT 2024-01-06 03:23:58] 76561199112746320: Set cannot be targeted by AI to false [guid=BlCTbSRV5QYaEKP-S_Hg4CG7zCAg90tKLTciEKHy8Pc=]
[COT 2024-01-06 03:23:58] 76561199112746320: Set GodMode To false [guid=BlCTbSRV5QYaEKP-S_Hg4CG7zCAg90tKLTciEKHy8Pc=]
[COT 2024-01-06 03:23:59] 76561199112746320: Set GodMode To true [guid=BlCTbSRV5QYaEKP-S_Hg4CG7zCAg90tKLTciEKHy8Pc=]
[COT 2024-01-06 03:24:02] 76561199112746320: Healed [guid=BlCTbSRV5QYaEKP-S_Hg4CG7zCAg90tKLTciEKHy8Pc=]
[COT 2024-01-06 03:24:02] 76561199112746320: Healed [guid=BlCTbSRV5QYaEKP-S_Hg4CG7zCAg90tKLTciEKHy8Pc=]
