[COT 2024-01-10 14:35:14] 76561199407766611: Spawned Entity MVS Canteen - Tan (Canteen<2c2258d0>, 1000, 100, 512) at <2836.469727, 5.430862, 6185.963379>
[COT 2024-01-10 14:35:16] 76561199407766611: Spawned Entity MVS Chestrig - Tan (ModularChestRig_Base<5ada36d0>, 1000, 100, 0) at <2836.363770, 5.511153, 6185.966797>
[COT 2024-01-10 14:35:24] 76561199407766611: Deleted Entity MVS_Canteen_Tan:16712 at <2836.469727, 5.536800, 6185.963379>
[COT 2024-01-10 14:35:25] 76561199407766611: Deleted Entity MVS_ChestRig_Tan:11036 at <2836.363770, 5.505851, 6185.966797>
[COT 2024-01-10 14:35:27] 76561199407766611: Spawned Entity MVS Canteen - Tan (Canteen<2c221070>, 1000, 100, 512) at <2836.464355, 5.430860, 6185.967285>
[COT 2024-01-10 14:35:29] 76561199407766611: Spawned Entity MVS Chestrig - Tan (ModularChestRig_Base<316fef10>, 1000, 100, 0) at <2836.372559, 5.511135, 6185.967773>
[COT 2024-01-10 14:35:30] 76561199407766611: Spawned Entity MVS Magazine Pouch - Tan (MVS_Pouch_Base<316fd7f0>, 1000, 100, 0) at <2836.073730, 5.750598, 6185.982422>
[COT 2024-01-10 14:35:32] 76561199407766611: Spawned Entity MVS Raid Pouch - Tan (Modular_Pouch_Base_Taco<316ffaa0>, 1000, 100, 0) at <2835.957031, 5.842850, 6185.996094>
[COT 2024-01-10 14:35:33] 76561199407766611: Spawned Entity MVS Admin Pouch - Tan (MVS_Pouch_Base<31705720>, 1000, 100, 0) at <2835.852051, 5.937680, 6186.001953>
[COT 2024-01-10 14:35:35] 76561199407766611: Spawned Entity MVS Utility Pouch - Tan (MVS_Pouch_Base<317090f0>, 1000, 100, 0) at <2835.774414, 5.998781, 6186.005371>
[COT 2024-01-10 14:35:35] 76561199407766611: Spawned Entity MVS Medical Pouch - Tan (MVS_Pouch_Base<317062b0>, 1000, 100, 0) at <2835.658691, 6.098301, 6186.008301>
[COT 2024-01-10 14:35:36] 76561199407766611: Spawned Entity MVS Medical Pouch - Tan (MVS_Pouch_Base<31709c80>, 1000, 100, 0) at <2835.559814, 6.180753, 6186.013184>
[COT 2024-01-10 14:35:52] 76561199407766611: Spawned Entity MVS Sling Pack - Tan (MountainBag_ColorBase<31704000>, 1000, 300, 0) at <2835.466553, 6.253022, 6186.015625>
[COT 2024-01-10 14:35:57] 76561199407766611: Spawned Entity MVS Combat Belt - Tan (Modular_Belt_Base<38b95c20>, 1000, 100, 0) at <2836.275391, 5.430858, 6186.585938>
[COT 2024-01-10 14:35:59] 76561199407766611: Spawned Entity MVS Holster - Tan (PlateCarrierHolster<38ba4360>, 1000, 100, 0) at <2836.134033, 5.556271, 6186.547363>
[COT 2024-01-10 14:36:00] 76561199407766611: Spawned Entity MVS Sheath - Tan (NylonKnifeSheath<38b9db50>, 1000, 100, 0) at <2836.067627, 5.616017, 6186.536621>
[COT 2024-01-10 14:36:09] 76561199407766611: Spawned Entity MVS Combat Pants - Tan (BDUPants<38b9fe00>, 1000, 100, 0) at <2836.067627, 5.613266, 6186.537109>
[COT 2024-01-10 14:36:10] 76561199407766611: Spawned Entity MVS Combat Shirt - Tan (TacticalShirt_ColorBase<38bac290>, 1000, 100, 0) at <2835.838135, 5.825618, 6186.473145>
[COT 2024-01-10 14:36:21] 76561199407766611: Spawned Entity MVS Country Flag - Ireland (Clothing<4e625960>, 1000, 100, 0) at <2835.736328, 5.917909, 6186.439941>
[COT 2024-01-10 14:36:21] 76561199407766611: Spawned Entity MVS Country Flag - Ireland (Clothing<4e6236b0>, 1000, 100, 0) at <2835.739014, 5.917909, 6186.440918>
[COT 2024-01-10 14:36:21] 76561199407766611: Spawned Entity MVS Country Flag - Ireland (Clothing<4e63d6f0>, 1000, 100, 0) at <2835.741211, 5.917909, 6186.442871>
[COT 2024-01-10 14:36:21] 76561199407766611: Spawned Entity MVS Country Flag - Ireland (Clothing<4e63e280>, 1000, 100, 0) at <2835.742920, 5.917909, 6186.444336>
[COT 2024-01-10 14:37:38] 76561199407766611: Spawned Entity MVS Facemask - Tan (BalaclavaMask_ColorBase<51905330>, 100, 100, 0) at <2836.961914, 5.430860, 6185.904297>
[COT 2024-01-10 14:37:41] 76561199407766611: Spawned Entity MVS Patrol Cap - Tan (Clothing<487151e0>, 100, 100, 0) at <2836.962158, 5.430859, 6185.904297>
[COT 2024-01-10 14:39:00] 76561199407766611: Spawned Entity Doc's Nightfoil M4 Carstock (M4_OEBttstck<107fbf0>, 100, 200, 0) at <2836.960693, 5.430859, 6185.904297>
[COT 2024-01-10 14:39:01] 76561199407766611: Spawned Entity Doc's Nightfoil M4 RIS Handguard (DOC_M4RIS_NIGHTFOIL<3586ad10>, 100, 250, 0) at <2836.911865, 5.486005, 6185.923828>
[COT 2024-01-10 14:39:02] 76561199407766611: Spawned Entity Doc's Nightfoil Suppressor (ItemSuppressor<3586db50>, 100, 1800, 0) at <2836.859863, 5.536819, 6185.940430>
[COT 2024-01-10 14:39:03] 76561199407766611: Spawned Entity Doc's Nightfoil M4 (DOC_M4_NIGHTFOIL<41ce7a00>, 100, 1200, 0) at <2836.823242, 5.576032, 6185.955078>
[COT 2024-01-10 14:39:04] 76561199407766611: Spawned Entity Doc's Nightfoil Stanag69 (DOC_STANAG69_NIGHTFOIL<19961070>, 69, 200, 0) at <2836.739014, 5.671789, 6185.989746>
[COT 2024-01-10 14:39:04] 76561199407766611: Spawned Entity Doc's Nightfoil Stanag69 (DOC_STANAG69_NIGHTFOIL<1996f7b0>, 69, 200, 0) at <2836.664307, 5.752688, 6186.018066>
[COT 2024-01-10 14:39:04] 76561199407766611: Spawned Entity Doc's Nightfoil Stanag69 (DOC_STANAG69_NIGHTFOIL<1996bde0>, 69, 200, 0) at <2836.588623, 5.834156, 6186.046875>
[COT 2024-01-10 14:39:10] 76561199407766611: Spawned Entity 42MA Pistol Suppressor (ItemSuppressor<19970ed0>, 69, 1800, 0) at <2836.511719, 5.915777, 6186.076660>
[COT 2024-01-10 14:39:12] 76561199407766611: Spawned Entity 42 Glocks After (DOC_42MA_GLOCK1<41cb4970>, 69, 2800, 0) at <2836.485107, 5.947599, 6186.088379>
[COT 2024-01-10 14:39:14] 76561199407766611: Spawned Entity 42 Glocks After Mag (DOC_42MA_GLOCK_MAG<1996d500>, 42, 100, 0) at <2836.447021, 5.981347, 6186.098145>
[COT 2024-01-10 14:39:14] 76561199407766611: Spawned Entity 42 Glocks After Mag (DOC_42MA_GLOCK_MAG<1996a6c0>, 42, 100, 0) at <2836.380127, 6.053026, 6186.123047>
[COT 2024-01-10 14:39:14] 76561199407766611: Spawned Entity 42 Glocks After Mag (DOC_42MA_GLOCK_MAG<1996e090>, 42, 100, 0) at <2836.321533, 6.115869, 6186.145508>
[COT 2024-01-10 14:40:07] 76561199407766611: Spawned Entity Doc's Nightfoil Stanag69 (DOC_STANAG69_NIGHTFOIL<fd0b6600>, 69, 200, 0) at <2837.532227, 5.430859, 6185.752930>
[COT 2024-01-10 14:40:30] 76561199407766611: Spawned Entity Leupold Deltapoint Reflex Sight (ExpansionDeltapointOptic<2c4daff0>, 69, 30, 0) at <2837.456787, 5.509576, 6185.782227>
[COT 2024-01-10 14:40:45] 76561199407766611: Spawned Entity ATOG 4x32 Scope (ACOGOptic<2c4e4cc0>, 69, 50, 0) at <2837.453857, 5.507332, 6185.781250>
[COT 2024-01-10 14:43:14] 76561199407766611: Spawned Entity Doc's Green M4 Carstock (DOC_M4CARSTOCK_GREEN<4e22f340>, 100, 200, 0) at <2837.575195, 5.430860, 6185.756836>
[COT 2024-01-10 14:43:19] 76561199407766611: Spawned Entity Doc's Green M4 RIS Handguard (DOC_M4RIS_GREEN<4e23cef0>, 100, 250, 0) at <2837.511719, 5.497324, 6185.784668>
[COT 2024-01-10 14:43:29] 76561199407766611: Spawned Entity Doc's Green M4 (DOC_M4_GREEN<3bacc020>, 100, 1200, 0) at <2837.475586, 5.534851, 6185.794434>
[COT 2024-01-10 14:43:43] 76561199407766611: Spawned Entity Doc's Green Stanag69 (DOC_STANAG69_GREEN<fbdb60e0>, 69, 200, 0) at <2837.407471, 5.604825, 6185.822754>
[COT 2024-01-10 14:43:43] 76561199407766611: Spawned Entity Doc's Green Stanag69 (DOC_STANAG69_GREEN<fbdb6c70>, 69, 200, 0) at <2837.324951, 5.691299, 6185.853027>
[COT 2024-01-10 14:43:43] 76561199407766611: Spawned Entity Doc's Green Stanag69 (DOC_STANAG69_GREEN<fbdc5f40>, 69, 200, 0) at <2837.243896, 5.776168, 6185.883789>
[COT 2024-01-10 14:43:43] 76561199407766611: Spawned Entity Doc's Green Stanag69 (DOC_STANAG69_GREEN<fbdc02c0>, 69, 200, 0) at <2837.161377, 5.862632, 6185.915527>
[COT 2024-01-10 14:43:43] 76561199407766611: Spawned Entity Doc's Green Stanag69 (DOC_STANAG69_GREEN<fbdc7660>, 69, 200, 0) at <2837.085693, 5.941690, 6185.944824>
[COT 2024-01-10 14:46:04] 76561199407766611: Spawned Entity 5.56x45mm Rounds (Ammo_556x45<2581fe00>, 80, 100, 0) at <2837.680664, 5.430860, 6186.331543>
[COT 2024-01-10 14:47:36] 76561199407766611: Spawned Entity Tactical Gloves (TacticalGloves_Beige<ec7d0ee0>, 100, 165, 0) at <2837.690918, 5.430859, 6186.339844>
[COT 2024-01-10 14:47:45] 76561199407766611: Spawned Entity Jungle Boots (JungleBoots_Beige<fe158f20>, 100, 150, 0) at <2837.659668, 5.554792, 6186.322754>
[COT 2024-01-10 14:48:20] 76561199407766611: Spawned Entity Fange (FangeKnife<45c34060>, 100, 130, 0) at <2838.113037, 5.430861, 6186.486328>
[COT 2024-01-10 14:48:48] 76561199407766611: Spawned Entity SmithWesson Messer (CombatKnife<4550e280>, 100, 150, 0) at <2838.085693, 5.430860, 6186.474609>
[COT 2024-01-10 14:49:47] 76561199407766611: Spawned Entity Zagorky Chocolate (Zagorky_ColorBase<3b437330>, 100, 20, 0) at <2838.097412, 5.430860, 6186.491699>
[COT 2024-01-10 14:52:52] 76561199407766611: Spawned Entity Running Shoes (JoggingShoes_Violet<42337510>, 100, 50, 0) at <2849.987793, 5.425951, 6193.006348>
[COT 2024-01-10 14:53:05] 76561199407766611: Spawned Entity MVS Beard 01 - Black (BalaclavaMask_ColorBase<79e1020>, 100, 100, 0) at <2849.967773, 5.425951, 6193.234375>
[COT 2024-01-10 14:53:08] 76561199407766611: Spawned Entity MVS Beard 02 - Black (BalaclavaMask_ColorBase<79dbf30>, 100, 100, 0) at <2849.961182, 5.425951, 6193.234375>
[COT 2024-01-10 14:53:11] 76561199407766611: Spawned Entity MVS Beard 02 - Black (BalaclavaMask_ColorBase<79dd650>, 100, 100, 0) at <2849.966064, 5.425951, 6193.228027>
[COT 2024-01-10 14:54:31] 76561199407766611: Entered the Free Camera
[COT 2024-01-10 14:54:36] 76561199407766611: Deleted Entity ExpansionZodiacBoat:28110 at <2096.253418, 0.047083, 6320.695801>
[COT 2024-01-10 14:54:40] 76561199407766611: Deleted Entity ExpansionUtilityBoat:28101 at <2110.480713, -0.394444, 6347.280762>
[COT 2024-01-10 14:54:42] 76561199407766611: Left the Free Camera
[COT 2024-01-10 14:55:02] 76561199407766611: Deleted Entity Hatchback_02_BanditKitty:28097 at <2950.284180, 10.408387, 5814.064941>
[COT 2024-01-10 14:56:02] 76561199407766611: Deleted Entity Hatchback_02_Blue:28126 at <3522.057129, 20.325130, 6663.422852>
[COT 2024-01-10 14:56:22] 76561199407766611: Entered the Free Camera
[COT 2024-01-10 14:56:33] 76561199407766611: Left the Free Camera
[COT 2024-01-10 14:57:12] 76561199407766611: Set GodMode To true [guid=spMEkRl42onhFHdF_u42e0T03x2sj347kUc600NXdGA=]
[COT 2024-01-10 14:57:13] 76561199407766611: Set UnlimitedStamina To true [guid=spMEkRl42onhFHdF_u42e0T03x2sj347kUc600NXdGA=]
[COT 2024-01-10 14:57:14] 76561199407766611: Set UnlimitedAmmo To true [guid=spMEkRl42onhFHdF_u42e0T03x2sj347kUc600NXdGA=]
[COT 2024-01-10 14:57:15] 76561199407766611: Healed [guid=spMEkRl42onhFHdF_u42e0T03x2sj347kUc600NXdGA=]
[COT 2024-01-10 14:57:16] 76561199407766611: Set Invisibility To 1 [guid=spMEkRl42onhFHdF_u42e0T03x2sj347kUc600NXdGA=]
[COT 2024-01-10 14:57:21] 76561199407766611: Entered the Free Camera
[COT 2024-01-10 14:57:39] 76561199407766611: Deleted Entity Hatchback_02_Black:28172 at <7180.964844, 4.772848, 1450.962036>
[COT 2024-01-10 14:58:01] 76561199407766611: Left the Free Camera
[COT 2024-01-10 15:00:32] 76561199407766611: Spawned Entity Transit Bus (ExpansionBus<1cd5bd0>, 100, 5000, 0) at <10168.200195, 21.769999, 10906.995117>
[COT 2024-01-10 15:05:40] 76561199407766611: Healed [guid=spMEkRl42onhFHdF_u42e0T03x2sj347kUc600NXdGA=]
[COT 2024-01-10 15:05:46] 76561199407766611: Deleted Entity ExpansionBus_Weeb:31502 at <7829.183105, 21.507118, 9163.136719>
[COT 2024-01-10 15:06:01] 76561199407766611: Spawned Entity BMW X5 (BMW_X5<1cd5bd0>, 100, 10000, 0) at <7835.805664, 21.500000, 9169.780273>
[COT 2024-01-10 15:07:15] 76561199407766611: Teleported to position <4771.039551, 20.788460, 4429.051758>
[COT 2024-01-10 15:07:50] 76561199407766611: Spawned Entity BMW lightgreen (BMW_lightgreen<3ba96070>, 100, 10000, 0) at <4648.240234, 17.750011, 4595.444824>
[COT 2024-01-10 15:07:58] 76561199407766611: Spawned Entity BMW Hood (BMW_Doors_hood<4e7faee0>, 100, 500, 0) at <4649.083496, 18.017469, 4595.287109>
[COT 2024-01-10 15:08:05] 76561199407766611: Spawned Entity BMW trunk (BMW_Doors_trunk<4e7fc600>, 100, 500, 0) at <4650.068359, 18.329514, 4595.093750>
[COT 2024-01-10 15:08:11] 76561199407766611: Spawned Entity BMW Left Door (BMW_Doors_Driver<591c7ba0>, 100, 500, 0) at <4650.397461, 18.433363, 4595.021973>
[COT 2024-01-10 15:08:15] 76561199407766611: Spawned Entity BMW Rear left door (BMW_Doors_cargo1<591a50a0>, 100, 500, 0) at <4650.993652, 18.621187, 4594.912109>
[COT 2024-01-10 15:08:28] 76561199407766611: Spawned Entity Spark Plug (SparkPlug<591b1530>, 100, 20, 0) at <4649.961426, 17.750008, 4596.318359>
[COT 2024-01-10 15:08:52] 76561199407766611: Spawned Entity Jerrycan (CanisterGasoline<48b01e40>, 20000, 300, 8192) at <4647.936035, 17.750000, 4598.272461>
[COT 2024-01-10 15:09:02] 76561199407766611: Spawned Entity Jerrycan (CanisterGasoline<48b0c720>, 20000, 300, 512) at <4648.121094, 18.022602, 4598.239258>
[COT 2024-01-10 15:10:06] 76561199407766611: Spawned Entity BMW Wheel (BMW_Wheel<43499720>, 100, 200, 0) at <4649.821289, 17.750025, 4594.861328>
[COT 2024-01-10 15:10:06] 76561199407766611: Spawned Entity BMW Wheel (BMW_Wheel<4349ae40>, 100, 200, 0) at <4650.011719, 18.158754, 4594.697266>
[COT 2024-01-10 15:10:06] 76561199407766611: Spawned Entity BMW Wheel (BMW_Wheel<434a0ac0>, 100, 200, 0) at <4650.202637, 18.567486, 4594.533691>
[COT 2024-01-10 15:10:06] 76561199407766611: Spawned Entity BMW Wheel (BMW_Wheel<434a1650>, 100, 200, 0) at <4650.394043, 18.976217, 4594.371094>
[COT 2024-01-10 15:10:25] 76561199407766611: Spawned Entity BMW black Right Door (BMW_Doors_coDriver<4271d9b0>, 100, 500, 0) at <4649.467285, 17.749998, 4595.003418>
[COT 2024-01-10 15:10:26] 76561199407766611: Spawned Entity BMW Rear right door (BMW_Doors_cargo2<4272cc80>, 100, 500, 0) at <4649.533691, 18.067320, 4595.420410>
[COT 2024-01-10 15:11:52] 76561199407766611: Teleported to position <1942.538818, 9.190000, 8996.841797>
[COT 2024-01-10 15:12:25] 76561199407766611: ESP: ESP updating
[COT 2024-01-10 15:13:18] 76561199407766611: Spawned Entity NivaPickup Camo (NivaPickup_kamo<3ba98c80>, 100, 5000, 0) at <1974.839355, 9.190001, 8955.445313>
[COT 2024-01-10 15:13:24] 76561199407766611: Spawned Entity NivaPickup Wheel (NivaPickup_Wheel<4896e6e0>, 100, 1500, 0) at <1973.493286, 9.190000, 8955.032227>
[COT 2024-01-10 15:13:24] 76561199407766611: Spawned Entity NivaPickup Wheel (NivaPickup_Wheel<489695f0>, 100, 1500, 0) at <1973.410400, 9.438994, 8955.464844>
[COT 2024-01-10 15:13:24] 76561199407766611: Spawned Entity NivaPickup Wheel (NivaPickup_Wheel<4896b8a0>, 100, 1500, 0) at <1973.326538, 9.689742, 8955.899414>
[COT 2024-01-10 15:13:24] 76561199407766611: Spawned Entity NivaPickup Wheel (NivaPickup_Wheel<48972c40>, 100, 1500, 0) at <1973.243408, 9.938943, 8956.333984>
[COT 2024-01-10 15:13:28] 76561199407766611: Spawned Entity NivaPickup Left Door (NivaPickup_Doors_Driver<48974360>, 100, 2500, 0) at <1973.194824, 9.190000, 8955.814453>
[COT 2024-01-10 15:13:30] 76561199407766611: Spawned Entity NivaPickup Blue Right Door (NivaPickup_Doors_coDriver<48976610>, 100, 2500, 0) at <1973.125488, 9.665013, 8956.408203>
[COT 2024-01-10 15:14:08] 76561199407766611: Spawned Entity NivaPickup Camo2 Trunk (NivaPickup_Doors_trunk<29a46710>, 100, 2500, 0) at <1973.178467, 9.190016, 8956.425781>
[COT 2024-01-10 15:14:21] 76561199407766611: Spawned Entity NivaPickup Camo Hood (NivaPickup_Doors_hood<29a1df90>, 100, 2500, 0) at <1973.375366, 9.190000, 8955.924805>
[COT 2024-01-10 15:17:20] 76561199407766611: Teleported to position <5426.517578, 34.840000, 702.578125>
[COT 2024-01-10 15:17:46] 76561199407766611: Entered the Free Camera
[COT 2024-01-10 15:17:55] 76561199407766611: Left the Free Camera
[COT 2024-01-10 15:18:39] 76561199407766611: Spawned Entity Mh-6 Little Bird (ExpansionMh6<3bac4d80>, 100, 5000, 0) at <5486.159668, 34.840000, 712.486084>
[COT 2024-01-10 15:19:23] 76561199407766611: Teleported to position <2818.353027, 5.300000, 6188.785156>
[COT 2024-01-10 15:21:15] 76561198036774377: Teleported to position <5643.117188, 28.693623, 5377.816406>
[COT 2024-01-10 15:25:29] 76561199407766611: Spawned Entity Keys (ExpansionCarKey<220a5a30>, 100, 100, 0) at <2849.986572, 6.454431, 6187.265137>
[COT 2024-01-10 15:25:29] 76561199407766611: Spawned Entity Keys (ExpansionCarKey<220a4310>, 100, 100, 0) at <2849.983154, 6.466606, 6187.263672>
[COT 2024-01-10 15:25:30] 76561199407766611: Spawned Entity Keys (ExpansionCarKey<220ae4f0>, 100, 100, 0) at <2849.979736, 6.478782, 6187.262207>
[COT 2024-01-10 15:25:30] 76561199407766611: Spawned Entity Keys (ExpansionCarKey<220ac240>, 100, 100, 0) at <2849.976318, 6.490958, 6187.260742>
[COT 2024-01-10 15:28:16] 76561199407766611: Spawned Entity Mercedes-Benz W140 Black (MBw140_black<3bac7990>, 100, 10000, 0) at <2862.604004, 5.365101, 6197.348145>
[COT 2024-01-10 15:28:21] 76561199407766611: Deleted Entity MBw140_black:17685 at <2862.607910, 5.316809, 6197.349609>
[COT 2024-01-10 15:28:25] 76561199407766611: Spawned Entity Mercedes-Benz W140 Black (MBw140_black<3bac7990>, 100, 10000, 0) at <2863.323730, 5.400883, 6197.070801>
[COT 2024-01-10 15:30:40] 76561199407766611: Teleported to position <5639.098145, 28.709999, 5410.478516>
[COT 2024-01-10 15:31:54] 76561199407766611: ESP: Clearing ESP
[COT 2024-01-10 15:32:23] 76561199407766611: Spawned Entity Sea Chest (SeaChest<4b92d940>, 100, 600, 0) at <5629.395020, 31.318197, 5437.489258>
[COT 2024-01-10 15:37:15] 76561199407766611: Spawned Entity Trash Can (Msp_Static_TrashCan<1e64f490>, 100, 100, 0) at <5634.766602, 29.285002, 5399.826172>
[COT 2024-01-10 15:37:20] 76561199407766611: Deleted Entity Msp_Static_TrashCan:31487 at <5634.766602, 29.295845, 5399.826172>
[COT 2024-01-10 15:37:28] 76561199407766611: Spawned Entity Trash Can (Msp_Static_TrashCan<4fa2be30>, 100, 100, 0) at <5634.689941, 29.285002, 5400.002441>
[COT 2024-01-10 15:37:32] 76561199407766611: Deleted Entity Msp_Static_TrashCan:18966 at <5634.689941, 29.295845, 5400.002441>
[COT 2024-01-10 15:37:40] 76561199407766611: Spawned Entity Trash Can (Msp_Static_TrashCan<4fa2c9c0>, 100, 100, 0) at <5634.827148, 29.285004, 5399.939941>
[COT 2024-01-10 15:37:45] 76561199407766611: Deleted Entity Msp_Static_TrashCan:19140 at <5634.827148, 29.295847, 5399.939941>
[COT 2024-01-10 15:37:58] 76561199407766611: Spawned Entity Trash Can (Msp_Static_TrashCan<29a3d0c0>, 100, 100, 0) at <5638.590820, 29.285004, 5393.078613>
[COT 2024-01-10 15:38:03] 76561199407766611: Deleted Entity Msp_Static_TrashCan:19657 at <5638.590820, 29.295847, 5393.078613>
[COT 2024-01-10 15:38:07] 76561199407766611: Spawned Entity Trash Can (Msp_Static_TrashCan<29a3d0c0>, 100, 100, 0) at <5641.745117, 29.285004, 5396.666016>
[COT 2024-01-10 15:40:01] 76561199407766611: Set Invisibility To 0 [guid=spMEkRl42onhFHdF_u42e0T03x2sj347kUc600NXdGA=]
[COT 2024-01-10 15:40:03] 76561199407766611: Healed [guid=spMEkRl42onhFHdF_u42e0T03x2sj347kUc600NXdGA=]
[COT 2024-01-10 16:01:23] 76561199407766611: Spawned Entity Camo Net (CamoNet<56c6a320>, 100, 120, 0) at <5671.302246, 28.497208, 5394.809570>
[COT 2024-01-10 16:07:34] 76561199407766611: Spawned Entity #STR_EXPANSION_ADMIN #STR_EXPANSION_CAR_KEYS (ExpansionCarAdminKey<5adb7a90>, 100, 100, 0) at <5805.739258, 5.307060, 4524.390625>
[COT 2024-01-10 16:08:14] 76561199407766611: Repaired Transport [guid=spMEkRl42onhFHdF_u42e0T03x2sj347kUc600NXdGA=]
[COT 2024-01-10 16:08:35] 76561199407766611: Repaired Transport [guid=spMEkRl42onhFHdF_u42e0T03x2sj347kUc600NXdGA=]
[COT 2024-01-10 16:08:35] 76561199407766611: Repaired Transport [guid=spMEkRl42onhFHdF_u42e0T03x2sj347kUc600NXdGA=]
[COT 2024-01-10 16:08:35] 76561199407766611: Repaired Transport [guid=spMEkRl42onhFHdF_u42e0T03x2sj347kUc600NXdGA=]
[COT 2024-01-10 16:09:20] 76561199407766611: Deleted Entity ExpansionMh6_Wasp:28544 at <5808.954102, 5.285878, 4523.007324>
[COT 2024-01-10 16:11:11] 76561199407766611: Spawned Entity Camo Net (CamoNet<5a8366b0>, 100, 120, 0) at <5615.531738, 28.710035, 5366.619629>
[COT 2024-01-10 16:11:12] 76561199407766611: Spawned Entity Camo Net (CamoNet<5a83da50>, 100, 120, 0) at <5615.368652, 28.858727, 5366.755371>
[COT 2024-01-10 16:11:12] 76561199407766611: Spawned Entity Camo Net (CamoNet<5a844df0>, 100, 120, 0) at <5615.224609, 28.990191, 5366.875488>
[COT 2024-01-10 16:12:41] 76561199407766611: Entered the Free Camera
[COT 2024-01-10 16:12:48] 76561199407766611: Left the Free Camera
[COT 2024-01-10 16:13:48] 76561199407766611: Spawned Entity Camo Net (CamoNet<42ef0890>, 100, 120, 0) at <7191.190918, 61.016785, 5891.519043>
[COT 2024-01-10 16:13:48] 76561199407766611: Spawned Entity Camo Net (CamoNet<42eeb7a0>, 100, 120, 0) at <7191.184570, 61.274162, 5891.722168>
[COT 2024-01-10 16:13:49] 76561199407766611: Spawned Entity Camo Net (CamoNet<42f12800>, 100, 120, 0) at <7191.178711, 61.495895, 5891.897461>
[COT 2024-01-10 16:13:49] 76561199407766611: Spawned Entity Camo Net (CamoNet<42f14ab0>, 100, 120, 0) at <7191.173828, 61.680328, 5892.042969>
[COT 2024-01-10 16:14:19] 76561199407766611: Entered the Free Camera
[COT 2024-01-10 16:14:28] 76561199407766611: Left the Free Camera
[COT 2024-01-10 16:15:20] 76561199407766611: Entered the Free Camera
[COT 2024-01-10 16:15:34] 76561199407766611: Left the Free Camera
[COT 2024-01-10 16:25:05] 76561198036774377: Set GodMode To true [guid=mBNlxASsPlOcry0dpDl8K-WgHNR5WMCMmoJ9NhpU4FY=]
[COT 2024-01-10 16:25:06] 76561198036774377: Set UnlimitedAmmo To true [guid=mBNlxASsPlOcry0dpDl8K-WgHNR5WMCMmoJ9NhpU4FY=]
[COT 2024-01-10 16:25:07] 76561198036774377: Set UnlimitedStamina To true [guid=mBNlxASsPlOcry0dpDl8K-WgHNR5WMCMmoJ9NhpU4FY=]
[COT 2024-01-10 16:31:59] 76561199407766611: Teleported to position <5631.299316, 28.709999, 5403.421875>
