[COT 2024-02-13 04:50:21] 76561199108250772: Spawned Entity MMG TA-50 Locker Kit Tan (mmg_locker02_tan_kit<d3896dd0>, 100, 1000, 0) at <8431.619141, 8.453755, 13862.660156>
[COT 2024-02-13 04:50:33] 76561199108250772: Teleported to position <5632.482422, 28.709999, 5401.331055>
[COT 2024-02-13 04:50:56] 76561199108250772: Spawned Entity MMG TA-50 Locker Blue (mmg_locker02_base<d861d2b0>, 100, 2000, 0) at <5634.064941, 28.710047, 5401.250977>
[COT 2024-02-13 04:51:15] 76561199108250772: ESP: Viewing ESP
[COT 2024-02-13 04:51:17] 76561199108250772: ESP index=0 target=mmg_locker02_blue:15829 position=<5634.064941, 28.736099, 5401.250977> action=delete
[COT 2024-02-13 04:51:17] 76561199108250772: ESP action=delete_all count=1 attempted=1
[COT 2024-02-13 04:51:19] 76561199108250772: ESP: Clearing ESP
[COT 2024-02-13 04:51:57] 76561199108250772: Spawned Entity MMG TA-50 Locker Tan (mmg_locker02_base<9a7618c0>, 100, 2000, 0) at <5639.138672, 28.710014, 5402.043945>
[COT 2024-02-13 04:52:10] 76561199108250772: ESP: Viewing ESP
[COT 2024-02-13 04:52:13] 76561199108250772: ESP index=0 target=mmg_locker02_tan:13706 position=<5639.138672, 28.736067, 5402.043945> action=delete
[COT 2024-02-13 04:52:13] 76561199108250772: ESP action=delete_all count=1 attempted=1
[COT 2024-02-13 04:52:25] 76561199108250772: ESP: Clearing ESP
[COT 2024-02-13 04:53:11] 76561199108250772: Spawned Entity MMG TA-50 Locker Green (mmg_locker02_base<c350a900>, 100, 2000, 0) at <5629.407715, 28.710012, 5397.938965>
[COT 2024-02-13 04:53:28] 76561199108250772: ESP: Viewing ESP
[COT 2024-02-13 04:53:30] 76561199108250772: ESP index=0 target=mmg_locker02_green:10110 position=<5629.407715, 28.736065, 5397.938965> action=delete
[COT 2024-02-13 04:53:30] 76561199108250772: ESP action=delete_all count=1 attempted=1
[COT 2024-02-13 04:53:32] 76561199108250772: ESP: Clearing ESP
[COT 2024-02-13 04:53:53] 76561199108250772: Spawned Entity MMG TA-50 Locker Blue (mmg_locker02_base<8ea0c420>, 100, 2000, 0) at <5628.893555, 28.723434, 5393.155273>
[COT 2024-02-13 04:54:02] 76561199108250772: ESP: Viewing ESP
[COT 2024-02-13 04:54:03] 76561199108250772: ESP index=0 target=mmg_locker02_blue:14559 position=<5628.893555, 28.749487, 5393.155273> action=delete
[COT 2024-02-13 04:54:03] 76561199108250772: ESP action=delete_all count=1 attempted=1
[COT 2024-02-13 04:54:08] 76561199108250772: ESP: Clearing ESP
[COT 2024-02-13 04:54:17] 76561199108250772: Spawned Entity MMG TA-50 Locker Blue (mmg_locker02_base<cc9e8cf0>, 100, 2000, 0) at <5629.114746, 28.726748, 5393.010254>
[COT 2024-02-13 04:54:20] 76561199108250772: Spawned Entity MMG TA-50 Locker Blue (mmg_locker02_base<cc9f68a0>, 100, 2000, 0) at <5628.357422, 28.715376, 5392.212891>
[COT 2024-02-13 04:54:31] 76561199108250772: ESP: Viewing ESP
[COT 2024-02-13 04:54:34] 76561199108250772: ESP index=0 target=mmg_locker02_blue:8959 position=<5628.357422, 28.741428, 5392.212891> action=delete
[COT 2024-02-13 04:54:34] 76561199108250772: ESP index=1 target=mmg_locker02_blue:25060 position=<5629.114746, 28.752800, 5393.010254> action=delete
[COT 2024-02-13 04:54:34] 76561199108250772: ESP action=delete_all count=2 attempted=2
[COT 2024-02-13 04:54:38] 76561199108250772: ESP: Clearing ESP
[COT 2024-02-13 04:54:48] 76561199108250772: Spawned Entity MMG TA-50 Locker Blue (mmg_locker02_base<d2f23ce0>, 100, 2000, 0) at <5618.267578, 28.709988, 5399.568848>
[COT 2024-02-13 04:54:53] 76561199108250772: Spawned Entity MMG TA-50 Locker Blue (mmg_locker02_base<d2f346d0>, 100, 2000, 0) at <5616.139160, 28.709978, 5397.975586>
[COT 2024-02-13 04:55:11] 76561199108250772: Spawned Entity MMG TA-50 Locker Blue (mmg_locker02_base<d1cb72a0>, 100, 2000, 0) at <5623.050293, 28.709991, 5415.037109>
[COT 2024-02-13 04:55:20] 76561199108250772: ESP: Viewing ESP
[COT 2024-02-13 04:55:23] 76561199108250772: ESP index=0 target=mmg_locker02_blue:14260 position=<5616.139160, 28.736031, 5397.975586> action=delete
[COT 2024-02-13 04:55:23] 76561199108250772: ESP index=1 target=mmg_locker02_blue:36079 position=<5618.267578, 28.736040, 5399.568848> action=delete
[COT 2024-02-13 04:55:23] 76561199108250772: ESP action=delete_all count=2 attempted=2
[COT 2024-02-13 04:55:28] 76561199108250772: ESP: Clearing ESP
[COT 2024-02-13 04:55:41] 76561199108250772: Spawned Entity Code Lock (ExpansionCodeLock<d2d95520>, 100, 100, 0) at <5625.097656, 28.709999, 5413.608398>
[COT 2024-02-13 04:57:44] 76561199108250772: Teleported to position <4506.237305, 4.980042, 15233.255859>
[COT 2024-02-13 04:57:46] 76561199108250772: Entered the Free Camera
[COT 2024-02-13 04:57:54] 76561199108250772: Left the Free Camera
[COT 2024-02-13 04:58:35] 76561199108250772: Set GodMode To true [guid=OAdpPkJP2Ps_W7h2ttR1bK23ekHCzrxw0mDT3zqLMdU=]
[COT 2024-02-13 04:58:37] 76561199108250772: Set Invisibility To 1 [guid=OAdpPkJP2Ps_W7h2ttR1bK23ekHCzrxw0mDT3zqLMdU=]
