[COT 2024-02-13 19:34:48] 76561199407766611: Set Invisibility To 1 [guid=spMEkRl42onhFHdF_u42e0T03x2sj347kUc600NXdGA=]
[COT 2024-02-13 19:34:48] 76561199407766611: Set GodMode To true [guid=spMEkRl42onhFHdF_u42e0T03x2sj347kUc600NXdGA=]
[COT 2024-02-13 19:34:50] 76561199407766611: Set UnlimitedStamina To true [guid=spMEkRl42onhFHdF_u42e0T03x2sj347kUc600NXdGA=]
[COT 2024-02-13 19:34:50] 76561199407766611: Set UnlimitedAmmo To true [guid=spMEkRl42onhFHdF_u42e0T03x2sj347kUc600NXdGA=]
[COT 2024-02-13 19:39:56] 76561199407766611: Teleported to position <7009.769043, 45.030392, 2074.536133>
[COT 2024-02-13 19:40:01] 76561199407766611: Entered the Free Camera
[COT 2024-02-13 19:41:25] 76561199407766611: Left the Free Camera
[COT 2024-02-13 19:41:36] 76561199407766611: Spawned Entity Barrel (Barrel_Red<58023780>, 200000, 1300, 512) at <6734.832520, 2.897453, 1532.707031>
[COT 2024-02-13 19:41:39] 76561199407766611: Deleted Entity Barrel_Red:33205 at <6734.832520, 2.888652, 1532.707031>
[COT 2024-02-13 19:41:46] 76561199407766611: Spawned Entity Barrel (Barrel_Red<5802ab20>, 200000, 1300, 334) at <6734.836426, 2.897453, 1532.711060>
[COT 2024-02-13 19:45:33] 76561199407766611: Teleported to position <7101.013672, 573.359985, 11620.791016>
[COT 2024-02-13 19:45:41] 76561199407766611: Entered the Free Camera
[COT 2024-02-13 19:45:52] 76561199407766611: Left the Free Camera
[COT 2024-02-13 19:45:58] 76561199407766611: Entered the Free Camera
[COT 2024-02-13 19:46:02] 76561199407766611: Left the Free Camera
[COT 2024-02-13 19:46:11] 76561199407766611: Spawned Entity Purple Security Keycard (Jmc_Keycard<3ffac990>, 100, 20, 0) at <7044.415527, 573.365784, 11619.250000>
[COT 2024-02-13 19:47:10] 76561199407766611: Teleported to position <7561.613770, 523.632629, 11681.019531>
[COT 2024-02-13 19:51:38] 76561199407766611: Spawned Entity Scar H (308Win) (FAL_Base<37ba0100>, 100, 200, 0) at <7376.826660, 632.600342, 11799.460938>
[COT 2024-02-13 19:53:56] 76561199407766611: Entered the Free Camera
[COT 2024-02-13 19:54:40] 76561199407766611: Left the Free Camera
[COT 2024-02-13 20:03:21] 76561199407766611: Spawned Entity Rope (Rope<20033c80>, 100, 200, 0) at <7265.076172, 601.772217, 11731.992188>
[COT 2024-02-13 20:04:53] 76561199407766611: Spawned Entity Rope (Rope<553a62d0>, 100, 200, 0) at <7291.048828, 601.570007, 11719.774414>
[COT 2024-02-13 20:18:12] 76561199407766611: Teleported to position <5637.754395, 28.709999, 5397.826172>
[COT 2024-02-13 20:19:58] 76561199407766611: Spawned Entity Rope (Rope<574d310>, 100, 200, 0) at <5636.676270, 29.886848, 5390.114746>
[COT 2024-02-13 20:20:09] 76561199407766611: Spawned Entity Boxed Nails (NailBox<9be1dd20>, 100, 80, 0) at <5637.539551, 29.927191, 5390.936523>
[COT 2024-02-13 20:20:56] 76561199407766611: Spawned Entity Crab shirt 1 (DOC_SHIRT_CCRAB1<3d1fc1b0>, 1000, 70, 0) at <5637.338867, 29.655790, 5390.732910>
[COT 2024-02-13 20:47:57] 76561199407766611: Set Invisibility To 1 [guid=spMEkRl42onhFHdF_u42e0T03x2sj347kUc600NXdGA=]
[COT 2024-02-13 20:47:59] 76561199407766611: Set UnlimitedAmmo To true [guid=spMEkRl42onhFHdF_u42e0T03x2sj347kUc600NXdGA=]
[COT 2024-02-13 20:47:59] 76561199407766611: Set UnlimitedStamina To true [guid=spMEkRl42onhFHdF_u42e0T03x2sj347kUc600NXdGA=]
[COT 2024-02-13 20:48:00] 76561199407766611: Set GodMode To true [guid=spMEkRl42onhFHdF_u42e0T03x2sj347kUc600NXdGA=]
[COT 2024-02-13 20:48:01] 76561199407766611: Healed [guid=spMEkRl42onhFHdF_u42e0T03x2sj347kUc600NXdGA=]
[COT 2024-02-13 20:48:11] 76561199407766611: Teleported to position <13465.600586, 12.940000, 9649.562500>
[COT 2024-02-13 20:52:39] 76561199407766611: Entered the Free Camera
[COT 2024-02-13 20:52:49] 76561199407766611: Left the Free Camera
[COT 2024-02-13 20:53:09] 76561199407766611: Deleted Entity ExpansionMh6_Green:31813 at <13354.885742, 12.970570, 9948.870117>
[COT 2024-02-13 20:53:35] 76561199407766611: Spawned Entity STR_Camaro_Diablo_name (Chevrolet_Camaro<88831720>, 100, 10000, 0) at <13356.225586, 12.910000, 9948.894531>
[COT 2024-02-13 20:53:50] 76561199407766611: Spawned Entity STR_Camaro_Diablo_driver_name (Chevrolet_Camaro_Doors_Driver<58ba1730>, 100, 500, 0) at <13357.709961, 12.910009, 9949.544922>
[COT 2024-02-13 20:53:51] 76561199407766611: Spawned Entity STR_Camaro_Diablo_codriver_name (Chevrolet_Camaro_Doors_coDriver<58ba8ad0>, 100, 500, 0) at <13358.037109, 13.151188, 9949.110352>
[COT 2024-02-13 20:53:52] 76561199407766611: Spawned Entity STR_Camaro_Diablo_hood_name (Chevrolet_Camaro_Doors_hood<58b727a0>, 100, 500, 0) at <13358.040039, 13.149566, 9949.109375>
[COT 2024-02-13 20:53:55] 76561199407766611: Spawned Entity STR_Camaro_Diablo_trunk_name (Chevrolet_Camaro_Doors_trunk<58b74a50>, 100, 500, 0) at <13357.663086, 12.976803, 9948.800781>
[COT 2024-02-13 20:53:55] 76561199407766611: Spawned Entity STR_Camaro_Diablo_name (Chevrolet_Camaro<88836f40>, 100, 10000, 0) at <13357.659180, 12.980880, 9948.797852>
[COT 2024-02-13 20:53:59] 76561199407766611: Deleted Entity Chevrolet_Camaro_Diablo:10254 at <13357.576172, 12.978358, 9948.848633>
[COT 2024-02-13 20:55:53] 76561199407766611: Spawned Entity Keys (ExpansionCarKey<5cd32de0>, 100, 100, 0) at <13356.039063, 12.910002, 9947.484375>
[COT 2024-02-13 20:56:05] 76561199407766611: Entered the Free Camera
[COT 2024-02-13 20:57:33] 76561199407766611: Set GodMode To true [guid=spMEkRl42onhFHdF_u42e0T03x2sj347kUc600NXdGA=]
[COT 2024-02-13 20:57:33] 76561199407766611: Set Invisibility To 1 [guid=spMEkRl42onhFHdF_u42e0T03x2sj347kUc600NXdGA=]
[COT 2024-02-13 20:57:35] 76561199407766611: Set UnlimitedAmmo To true [guid=spMEkRl42onhFHdF_u42e0T03x2sj347kUc600NXdGA=]
[COT 2024-02-13 20:57:35] 76561199407766611: Set UnlimitedStamina To true [guid=spMEkRl42onhFHdF_u42e0T03x2sj347kUc600NXdGA=]
[COT 2024-02-13 20:57:37] 76561199407766611: Entered the Free Camera
[COT 2024-02-13 20:58:30] 76561199407766611: Left the Free Camera
[COT 2024-02-13 20:58:49] 76561199407766611: Entered the Free Camera
[COT 2024-02-13 21:03:46] 76561199407766611: Left the Free Camera
[COT 2024-02-13 21:05:20] 76561199407766611: Entered the Free Camera
[COT 2024-02-13 21:06:07] 76561199407766611: Left the Free Camera
[COT 2024-02-13 21:07:14] 76561199407766611: Entered the Free Camera
[COT 2024-02-13 21:08:20] 76561199407766611: Left the Free Camera
[COT 2024-02-13 21:08:43] 76561199407766611: Entered the Free Camera
[COT 2024-02-13 21:08:52] 76561199407766611: Left the Free Camera
[COT 2024-02-13 21:09:16] 76561199407766611: Spawned Entity Wrench (Wrench<2f180290>, 100, 100, 0) at <13358.219727, 12.910000, 9949.578125>
[COT 2024-02-13 21:09:16] 76561199407766611: Spawned Entity Wrench (Wrench<496300d0>, 100, 100, 0) at <13358.212891, 12.966417, 9949.573242>
[COT 2024-02-13 21:09:16] 76561199407766611: Spawned Entity Wrench (Wrench<49632f10>, 100, 100, 0) at <13358.215820, 13.022836, 9949.579102>
[COT 2024-02-13 21:09:16] 76561199407766611: Spawned Entity Wrench (Wrench<49634630>, 100, 100, 0) at <13358.223633, 13.079253, 9949.571289>
[COT 2024-02-13 21:12:33] 76561199407766611: Entered the Free Camera
[COT 2024-02-13 21:12:40] 76561199407766611: Left the Free Camera
[COT 2024-02-13 21:14:00] 76561199407766611: Spawned Entity Mini Safe (ExpansionSafeMini<c49471a0>, 100, 10000, 0) at <12888.817383, 13.631033, 9942.464844>
[COT 2024-02-13 21:14:03] 76561199407766611: Spawned Entity Mini Safe (ExpansionSafeMini<c49488c0>, 100, 10000, 0) at <12887.949219, 13.631033, 9943.651367>
[COT 2024-02-13 21:14:06] 76561199407766611: Spawned Entity Mini Safe (ExpansionSafeMini<c4949fe0>, 100, 10000, 0) at <12888.773438, 13.631033, 9943.036133>
[COT 2024-02-13 21:14:08] 76561199407766611: Spawned Entity Mini Safe (ExpansionSafeMini<c4949450>, 100, 10000, 0) at <12889.153320, 13.631033, 9944.025391>
[COT 2024-02-13 21:14:15] 76561199407766611: Deleted Entity ExpansionSafeMini:18177 at <12889.153320, 13.631174, 9944.025391>
[COT 2024-02-13 21:14:16] 76561199407766611: Deleted Entity ExpansionSafeMini:21871 at <12888.817383, 13.631174, 9942.464844>
[COT 2024-02-13 21:14:18] 76561199407766611: Deleted Entity ExpansionSafeMini:19722 at <12888.773438, 13.631174, 9943.036133>
[COT 2024-02-13 21:14:20] 76561199407766611: Deleted Entity ExpansionSafeMini:10863 at <12887.949219, 13.631174, 9943.651367>
[COT 2024-02-13 21:14:25] 76561199407766611: Spawned Entity Medium Safe (ExpansionSafeMedium<32924d30>, 100, 15000, 0) at <12887.553711, 13.631033, 9942.552734>
[COT 2024-02-13 21:15:12] 76561199407766611: Spawned Entity 6-M7 Frag Grenade (M67Grenade<32d40130>, 100, 50, 0) at <12887.935547, 13.631033, 9946.107422>
[COT 2024-02-13 21:15:12] 76561199407766611: Spawned Entity 6-M7 Frag Grenade (M67Grenade<32d3d0f0>, 100, 50, 0) at <12887.925781, 13.708229, 9946.052734>
[COT 2024-02-13 21:15:12] 76561199407766611: Spawned Entity 6-M7 Frag Grenade (M67Grenade<32d57720>, 100, 50, 0) at <12887.916992, 13.783708, 9945.998047>
[COT 2024-02-13 21:15:12] 76561199407766611: Spawned Entity 6-M7 Frag Grenade (M67Grenade<32d516a0>, 100, 50, 0) at <12887.906250, 13.860127, 9945.942383>
[COT 2024-02-13 21:15:12] 76561199407766611: Spawned Entity 6-M7 Frag Grenade (M67Grenade<a111cb00>, 100, 50, 0) at <12887.896484, 13.935371, 9945.886719>
[COT 2024-02-13 21:15:21] 76561199407766611: Spawned Entity 8-M4 Flashbang (FlashGrenade<a112b030>, 100, 20, 0) at <12887.888672, 14.014215, 9945.831055>
[COT 2024-02-13 21:15:21] 76561199407766611: Spawned Entity 8-M4 Flashbang (FlashGrenade<a1124fb0>, 100, 20, 0) at <12887.879883, 14.096734, 9945.771484>
[COT 2024-02-13 21:15:22] 76561199407766611: Spawned Entity 8-M4 Flashbang (FlashGrenade<a113a170>, 100, 20, 0) at <12887.869141, 14.195418, 9945.700195>
[COT 2024-02-13 21:16:30] 76561199407766611: Spawned Entity Bear Trap (BearTrap<4e3a8270>, 100, 200, 0) at <12882.138672, 13.055059, 9718.847656>
[COT 2024-02-13 21:16:30] 76561199407766611: Spawned Entity Bear Trap (BearTrap<4e3a9a90>, 100, 200, 0) at <12882.178711, 13.199938, 9719.063477>
[COT 2024-02-13 21:16:30] 76561199407766611: Spawned Entity Bear Trap (BearTrap<4e3cd180>, 100, 200, 0) at <12882.218750, 13.345665, 9719.282227>
[COT 2024-02-13 21:16:30] 76561199407766611: Spawned Entity Bear Trap (BearTrap<b35da450>, 100, 200, 0) at <12882.257813, 13.487948, 9719.495117>
[COT 2024-02-13 21:16:30] 76561199407766611: Spawned Entity Bear Trap (BearTrap<b35d37c0>, 100, 200, 0) at <12882.297852, 13.633314, 9719.712891>
[COT 2024-02-13 21:16:31] 76561199407766611: Spawned Entity Bear Trap (BearTrap<b35a4be0>, 100, 200, 0) at <12882.337891, 13.778935, 9719.931641>
[COT 2024-02-13 21:16:31] 76561199407766611: Spawned Entity Bear Trap (BearTrap<b35ac480>, 100, 200, 0) at <12882.375977, 13.924064, 9720.150391>
[COT 2024-02-13 21:16:31] 76561199407766611: Spawned Entity Bear Trap (BearTrap<b35b3d20>, 100, 200, 0) at <12882.416016, 14.069866, 9720.371094>
[COT 2024-02-13 21:16:31] 76561199407766611: Spawned Entity Bear Trap (BearTrap<b35c2250>, 100, 200, 0) at <12882.455078, 14.215487, 9720.592773>
[COT 2024-02-13 21:16:31] 76561199407766611: Spawned Entity Bear Trap (BearTrap<b35bb5c0>, 100, 200, 0) at <12882.493164, 14.353292, 9720.801758>
[COT 2024-02-13 21:16:53] 76561199407766611: Entered the Free Camera
[COT 2024-02-13 21:17:20] 76561199407766611: Left the Free Camera
[COT 2024-02-13 21:19:28] 76561199407766611: Entered the Free Camera
[COT 2024-02-13 21:19:57] 76561199407766611: Left the Free Camera
[COT 2024-02-13 21:21:03] 76561199407766611: Entered the Free Camera
[COT 2024-02-13 21:21:13] 76561199407766611: Left the Free Camera
[COT 2024-02-13 21:21:22] 76561199407766611: Entered the Free Camera
[COT 2024-02-13 21:21:26] 76561199407766611: Left the Free Camera
[COT 2024-02-13 21:21:53] 76561199407766611: Teleported to position <13677.280273, 12.910000, 9848.587891>
[COT 2024-02-13 21:25:48] 76561199407766611: Entered the Free Camera
[COT 2024-02-13 21:29:53] 76561199407766611: Left the Free Camera
[COT 2024-02-13 21:33:11] 76561199407766611: Entered the Free Camera
[COT 2024-02-13 21:33:18] 76561199407766611: Left the Free Camera
[COT 2024-02-13 21:35:08] 76561199407766611: Entered the Free Camera
[COT 2024-02-13 21:35:45] 76561199407766611: ESP: ESP updating
[COT 2024-02-13 21:36:43] 76561199407766611: Left the Free Camera
[COT 2024-02-13 21:38:41] 76561199407766611: Spawned Entity Doc's chicken shooter (DOC_M4_chicken<160df7e0>, 100, 1200, 0) at <8945.971680, 27.758108, 11942.196289>
[COT 2024-02-13 21:39:12] 76561199407766611: Entered the Free Camera
[COT 2024-02-13 21:39:53] 76561199407766611: Spawned Entity Doc's Green Suppressor (ItemSuppressor<4ff01890>, 100, 1800, 0) at <10063.061523, 29.958855, 10881.335938>
[COT 2024-02-13 21:39:54] 76561199407766611: Left the Free Camera
[COT 2024-02-13 21:48:07] 76561199407766611: Teleported to position <5252.270020, 4.910000, 9045.594727>
