[COT 2024-02-09 02:12:10] 76561198036774377: Teleported to position <5644.443359, 28.678007, 5379.671875>
[COT 2024-02-09 02:12:19] 76561198036774377: Set rain to 0 0 0
[COT 2024-02-09 02:12:19] 76561198036774377: Set storm to 0 0.8 4000
[COT 2024-02-09 02:12:19] 76561198036774377: Set fog to 0 0 0
[COT 2024-02-09 02:12:19] 76561198036774377: Set overcast to 0.103251 0 0
[COT 2024-02-09 02:12:19] 76561198036774377: Set the date to 2024/10/15 6:14
[COT 2024-02-09 02:12:19] 76561198036774377: Set wind to 12.1273 12.1273 1
[COT 2024-02-09 02:22:03] 76561198036774377: Spawned Entity Packed Pumpkin Seeds (PumpkinSeedsPack<167dfc60>, 100, 5, 0) at <5636.479492, 29.285004, 5400.037109>
[COT 2024-02-09 02:22:03] 76561198036774377: Spawned Entity Packed Pumpkin Seeds (PumpkinSeedsPack<167dce20>, 100, 5, 0) at <5636.478516, 29.338800, 5400.032715>
[COT 2024-02-09 02:22:04] 76561198036774377: Spawned Entity Packed Pumpkin Seeds (PumpkinSeedsPack<167e1f10>, 100, 5, 0) at <5636.476563, 29.397043, 5400.027344>
[COT 2024-02-09 02:22:04] 76561198036774377: Spawned Entity Packed Pumpkin Seeds (PumpkinSeedsPack<167df0d0>, 100, 5, 0) at <5636.474121, 29.455286, 5400.020996>
[COT 2024-02-09 02:22:04] 76561198036774377: Spawned Entity Packed Pumpkin Seeds (PumpkinSeedsPack<167db700>, 100, 5, 0) at <5636.471191, 29.513529, 5400.014160>
[COT 2024-02-09 02:46:26] 76561198036774377: Set GodMode To true [guid=mBNlxASsPlOcry0dpDl8K-WgHNR5WMCMmoJ9NhpU4FY=]
[COT 2024-02-09 02:46:27] 76561198036774377: Set Invisibility To 1 [guid=mBNlxASsPlOcry0dpDl8K-WgHNR5WMCMmoJ9NhpU4FY=]
[COT 2024-02-09 02:46:29] 76561198036774377: Set Invisibility To 0 [guid=mBNlxASsPlOcry0dpDl8K-WgHNR5WMCMmoJ9NhpU4FY=]
[COT 2024-02-09 02:46:31] 76561198036774377: Healed [guid=mBNlxASsPlOcry0dpDl8K-WgHNR5WMCMmoJ9NhpU4FY=]
[COT 2024-02-09 02:46:31] 76561198036774377: Healed [guid=mBNlxASsPlOcry0dpDl8K-WgHNR5WMCMmoJ9NhpU4FY=]
[COT 2024-02-09 02:47:10] 76561198036774377: Teleported to position <2628.812988, 22.562180, 4989.627930>
[COT 2024-02-09 02:48:39] 76561198036774377: Set GodMode To false [guid=mBNlxASsPlOcry0dpDl8K-WgHNR5WMCMmoJ9NhpU4FY=]
[COT 2024-02-09 02:48:57] 76561198036774377: Healed [guid=mBNlxASsPlOcry0dpDl8K-WgHNR5WMCMmoJ9NhpU4FY=]
[COT 2024-02-09 02:49:08] 76561198036774377: Healed [guid=mBNlxASsPlOcry0dpDl8K-WgHNR5WMCMmoJ9NhpU4FY=]
[COT 2024-02-09 02:49:25] 76561198036774377: Healed [guid=mBNlxASsPlOcry0dpDl8K-WgHNR5WMCMmoJ9NhpU4FY=]
[COT 2024-02-09 02:49:26] 76561198036774377: Healed [guid=mBNlxASsPlOcry0dpDl8K-WgHNR5WMCMmoJ9NhpU4FY=]
[COT 2024-02-09 02:49:26] 76561198036774377: Healed [guid=mBNlxASsPlOcry0dpDl8K-WgHNR5WMCMmoJ9NhpU4FY=]
[COT 2024-02-09 02:49:53] 76561198036774377: Teleported to position <5630.444336, 28.709999, 5416.634766>
