[COT 2024-01-09 17:02:11] 76561199407766611: Teleported to position <2829.788818, 5.300000, 6191.248047>
[COT 2024-01-09 17:02:27] 76561199407766611: Set GodMode To true [guid=spMEkRl42onhFHdF_u42e0T03x2sj347kUc600NXdGA=]
[COT 2024-01-09 17:02:28] 76561199407766611: Set UnlimitedStamina To true [guid=spMEkRl42onhFHdF_u42e0T03x2sj347kUc600NXdGA=]
[COT 2024-01-09 17:02:28] 76561199407766611: Set UnlimitedAmmo To true [guid=spMEkRl42onhFHdF_u42e0T03x2sj347kUc600NXdGA=]
[COT 2024-01-09 17:02:29] 76561199407766611: Set Invisibility To 1 [guid=spMEkRl42onhFHdF_u42e0T03x2sj347kUc600NXdGA=]
[COT 2024-01-09 17:25:48] 76561199407766611: Spawned Entity Camo Net (CamoNet<c2ad31d0>, 100, 120, 0) at <2844.258057, 6.454430, 6192.423828>
[COT 2024-01-09 17:26:43] 76561199407766611: Spawned Entity Gunter 2 Rear Right Door (Hatchback_02_Door_2_2<a3b88480>, 100, 500, 0) at <2842.481445, 6.454431, 6194.884277>
[COT 2024-01-09 17:26:48] 76561199407766611: Spawned Entity Gunter 2 Trunk Door (Hatchback_02_Trunk<c9377a40>, 100, 500, 0) at <2842.202637, 6.753294, 6195.025391>
[COT 2024-01-09 20:58:02] 76561199407766611: Teleported to position <2553.880615, 26.334759, 8857.425781>
[COT 2024-01-09 20:58:05] 76561199407766611: Entered the Free Camera
[COT 2024-01-09 20:58:15] 76561199407766611: Left the Free Camera
[COT 2024-01-09 20:59:07] 76561199407766611: Spawned Entity MVS Combat Shirt - Midnight Camo (TacticalShirt_ColorBase<767a8e60>, 1000, 100, 0) at <2607.203613, 45.745853, 8863.218750>
[COT 2024-01-09 20:59:23] 76561199407766611: Spawned Entity Locker Kit (Msp_Locker_Kit<b72b7340>, 100, 100, 0) at <2607.493164, 45.745857, 8862.865234>
[COT 2024-01-09 20:59:24] 76561199407766611: Spawned Entity Solo Locker (Msp_Openable_Base<b72b8a60>, 100, 100, 0) at <2607.505371, 46.112675, 8862.834961>
[COT 2024-01-09 20:59:29] 76561199407766611: Deleted Entity Msp_MilitaryLocker:10627 at <2608.314453, 45.790886, 8862.821289>
[COT 2024-01-09 20:59:32] 76561199407766611: Deleted Entity Msp_Locker_Kit:31556 at <2607.493164, 45.760971, 8862.865234>
[COT 2024-01-09 20:59:34] 76561199407766611: Deleted Entity Msp_SoloLocker:19735 at <2607.505371, 46.160557, 8862.834961>
[COT 2024-01-09 20:59:39] 76561199407766611: Spawned Entity Military Locker (Msp_Item<b4f12c00>, 100, 100, 0) at <2607.900879, 45.745857, 8862.592773>
[COT 2024-01-09 20:59:44] 76561199407766611: Deleted Entity Msp_MilitaryLocker:19735 at <2607.900879, 45.790886, 8862.592773>
[COT 2024-01-09 20:59:48] 76561199407766611: Spawned Entity Military Locker (Msp_Item<c277c6d0>, 100, 100, 0) at <2608.396240, 45.745857, 8862.905273>
[COT 2024-01-09 20:59:52] 76561199407766611: Deleted Entity Msp_MilitaryLocker:13695 at <2608.396240, 45.790886, 8862.905273>
[COT 2024-01-09 20:59:54] 76561199407766611: Spawned Entity Military Locker (Msp_Item<c277a420>, 100, 100, 0) at <2608.125244, 45.745857, 8862.835938>
[COT 2024-01-09 21:00:07] 76561199407766611: Spawned Entity Doc's Nightfoil M4 Carstock (M4_OEBttstck<c279cf20>, 100, 200, 0) at <2606.092773, 45.745857, 8862.072266>
[COT 2024-01-09 21:00:08] 76561199407766611: Spawned Entity Doc's Nightfoil M4 RIS Handguard (DOC_M4RIS_NIGHTFOIL<c9bfda30>, 100, 250, 0) at <2606.105957, 45.829323, 8861.973633>
[COT 2024-01-09 21:00:10] 76561199407766611: Spawned Entity Doc's Nightfoil Suppressor (ItemSuppressor<c05d7160>, 100, 1800, 0) at <2606.104248, 45.865406, 8861.932617>
[COT 2024-01-09 21:00:12] 76561199407766611: Spawned Entity Doc's Nightfoil M4 (DOC_M4_NIGHTFOIL<d511c00>, 100, 1200, 0) at <2606.100342, 45.874695, 8861.914063>
[COT 2024-01-09 21:00:14] 76561199407766611: Spawned Entity Doc's Nightfoil Stanag69 (DOC_STANAG69_NIGHTFOIL<c05d4eb0>, 69, 200, 0) at <2606.108154, 45.945850, 8861.832031>
[COT 2024-01-09 21:00:14] 76561199407766611: Spawned Entity Doc's Nightfoil Stanag69 (DOC_STANAG69_NIGHTFOIL<c05dcde0>, 69, 200, 0) at <2606.118164, 46.032005, 8861.730469>
[COT 2024-01-09 21:00:14] 76561199407766611: Spawned Entity Doc's Nightfoil Stanag69 (DOC_STANAG69_NIGHTFOIL<c05e6430>, 69, 200, 0) at <2606.127197, 46.107899, 8861.640625>
[COT 2024-01-09 21:00:14] 76561199407766611: Spawned Entity Doc's Nightfoil Stanag69 (DOC_STANAG69_NIGHTFOIL<c05dfc20>, 69, 200, 0) at <2606.135742, 46.193680, 8861.538086>
[COT 2024-01-09 21:00:21] 76561199407766611: Spawned Entity Trijicon ACOG (ACOGOptic<6bc5b3a0>, 69, 50, 0) at <2606.139893, 46.258938, 8861.458984>
[COT 2024-01-09 21:00:29] 76561199407766611: Spawned Entity Solo Locker Kit (Msp_Kit<c05e86e0>, 69, 100, 0) at <2606.177490, 46.266396, 8861.474609>
[COT 2024-01-09 21:00:31] 76561199407766611: Spawned Entity Solo Locker Black Kit (Msp_Kit<c05f5700>, 69, 100, 0) at <2606.188965, 46.553768, 8861.152344>
[COT 2024-01-09 21:00:33] 76561199407766611: Spawned Entity Solo Locker White Kit (Msp_Kit<c05f28c0>, 69, 100, 0) at <2606.189453, 46.875492, 8860.714844>
[COT 2024-01-09 21:00:34] 76561199407766611: Spawned Entity Solo Locker Green Kit (Msp_Kit<bb7b31e0>, 69, 100, 0) at <2606.204834, 47.012268, 8860.556641>
[COT 2024-01-09 21:00:35] 76561199407766611: Spawned Entity Solo Locker Red Kit (Msp_Kit<c3aa5810>, 69, 100, 0) at <2606.215332, 47.142021, 8860.399414>
[COT 2024-01-09 21:01:28] 76561199407766611: Spawned Entity MVS Combat Shirt - OD (TacticalShirt_ColorBase<bbef38b0>, 100, 100, 0) at <2607.699707, 45.745857, 8863.453125>
[COT 2024-01-09 21:01:31] 76561199407766611: Spawned Entity MVS Combat Pants - OD (BDUPants<bbefda90>, 100, 100, 0) at <2607.681152, 45.838146, 8863.418945>
[COT 2024-01-09 21:02:16] 76561199407766611: Spawned Entity MVS Compact Pack 2 - Multicam (MountainBag_ColorBase<a41eb970>, 100, 300, 0) at <2607.478271, 45.745857, 8862.963867>
[COT 2024-01-09 21:02:41] 76561199407766611: Spawned Entity 42 Glocks After (DOC_42MA_GLOCK1<cf7d6b90>, 100, 2800, 0) at <2607.485352, 45.745857, 8862.975586>
[COT 2024-01-09 21:02:42] 76561199407766611: Spawned Entity 42 Glocks After Mag (DOC_42MA_GLOCK_MAG<d2fe46d0>, 42, 100, 0) at <2607.477051, 45.806671, 8862.964844>
[COT 2024-01-09 21:02:44] 76561199407766611: Spawned Entity 42 Glocks After Mag (DOC_42MA_GLOCK_MAG<d300aba0>, 42, 100, 0) at <2607.478760, 45.878700, 8862.962891>
[COT 2024-01-09 21:02:44] 76561199407766611: Spawned Entity 42 Glocks After Mag (DOC_42MA_GLOCK_MAG<d300c2c0>, 42, 100, 0) at <2607.477783, 45.950184, 8862.955078>
[COT 2024-01-09 21:02:44] 76561199407766611: Spawned Entity 42 Glocks After Mag (DOC_42MA_GLOCK_MAG<d300b730>, 42, 100, 0) at <2607.474365, 46.021664, 8862.945313>
[COT 2024-01-09 21:02:52] 76561199407766611: Spawned Entity 42MA Pistol Suppressor (ItemSuppressor<cdc79480>, 42, 1800, 0) at <2607.473145, 46.093693, 8862.938477>
[COT 2024-01-09 21:03:11] 76561199407766611: Spawned Entity Handgun Scope (PistolOptic<6bc7ea90>, 100, 30, 0) at <2607.462402, 45.745857, 8862.825195>
[COT 2024-01-09 21:03:12] 76561199407766611: Spawned Entity PistolLight (TWP_PistolLight<2ca01ca0>, 100, 70, 0) at <2607.431152, 45.797733, 8862.796875>
[COT 2024-01-09 21:03:23] 76561199407766611: Spawned Entity Handgun Scope (PistolOptic<6bc802b0>, 100, 30, 0) at <2606.731201, 45.745857, 8863.756836>
[COT 2024-01-09 21:03:42] 76561199407766611: Spawned Entity 42 Glocks After Mag (DOC_42MA_GLOCK_MAG<c4496790>, 42, 100, 0) at <2606.735107, 45.769123, 8863.737305>
[COT 2024-01-09 21:03:54] 76561199407766611: Spawned Entity 42 Glocks After (DOC_42MA_GLOCK1<cf7e2800>, 42, 2800, 0) at <2606.761230, 45.834862, 8863.689453>
[COT 2024-01-09 21:06:16] 76561199407766611: Teleported to position <1953.019531, 9.190000, 9003.494141>
[COT 2024-01-09 21:06:35] 76561199407766611: ESP: Viewing ESP
[COT 2024-01-09 21:07:49] 76561198036774377: Healed [guid=mBNlxASsPlOcry0dpDl8K-WgHNR5WMCMmoJ9NhpU4FY=]
[COT 2024-01-09 21:07:55] 76561198036774377: Set Invisibility To 1 [guid=mBNlxASsPlOcry0dpDl8K-WgHNR5WMCMmoJ9NhpU4FY=]
[COT 2024-01-09 21:07:55] 76561198036774377: Set GodMode To true [guid=mBNlxASsPlOcry0dpDl8K-WgHNR5WMCMmoJ9NhpU4FY=]
[COT 2024-01-09 21:08:02] 76561199407766611: Teleported to position <2845.988525, 5.300000, 6192.924805>
[COT 2024-01-09 21:08:31] 76561199407766611: Spawned Entity 42MA Pistol Suppressor (ItemSuppressor<a8f20c80>, 100, 1800, 0) at <2850.012451, 6.454431, 6187.500977>
[COT 2024-01-09 21:08:34] 76561199407766611: Spawned Entity 42 Glocks After Mag (DOC_42MA_GLOCK_MAG<a8f1b000>, 42, 100, 0) at <2850.006592, 6.486253, 6187.502441>
[COT 2024-01-09 21:08:34] 76561199407766611: Spawned Entity 42 Glocks After Mag (DOC_42MA_GLOCK_MAG<a8f1bb90>, 42, 100, 0) at <2850.002197, 6.558281, 6187.494141>
[COT 2024-01-09 21:08:34] 76561199407766611: Spawned Entity 42 Glocks After Mag (DOC_42MA_GLOCK_MAG<a8f1c720>, 42, 100, 0) at <2849.997803, 6.630309, 6187.485840>
[COT 2024-01-09 21:08:34] 76561199407766611: Spawned Entity 42 Glocks After Mag (DOC_42MA_GLOCK_MAG<a8f1a470>, 42, 100, 0) at <2849.993408, 6.701789, 6187.477051>
[COT 2024-01-09 21:09:10] 76561198036774377: Teleported to position <6687.418945, 139.857468, 3408.038086>
[COT 2024-01-09 21:09:13] 76561198036774377: Entered the Free Camera
[COT 2024-01-09 21:10:34] 76561198036774377: Teleported to position <6729.100098, 134.185577, 3449.089844>
