[COT 2024-01-24 00:19:19] 76561199407766611: ESP: ESP updating
[COT 2024-01-24 00:20:32] 76561199407766611: Teleported to position <4835.483887, 24.434616, 8200.801758>
[COT 2024-01-24 00:20:41] 76561199407766611: Entered the Free Camera
[COT 2024-01-24 00:20:48] 76561199407766611: Left the Free Camera
[COT 2024-01-24 00:21:10] 76561199407766611: Set GodMode To true [guid=spMEkRl42onhFHdF_u42e0T03x2sj347kUc600NXdGA=]
[COT 2024-01-24 00:21:11] 76561199407766611: Set Invisibility To 1 [guid=spMEkRl42onhFHdF_u42e0T03x2sj347kUc600NXdGA=]
[COT 2024-01-24 00:21:11] 76561199407766611: Set UnlimitedAmmo To true [guid=spMEkRl42onhFHdF_u42e0T03x2sj347kUc600NXdGA=]
[COT 2024-01-24 00:21:12] 76561199407766611: Set UnlimitedStamina To true [guid=spMEkRl42onhFHdF_u42e0T03x2sj347kUc600NXdGA=]
[COT 2024-01-24 00:22:35] 76561199407766611: Spawned Entity Wall Kit (ExpansionWallKit<d8e2f1d0>, 100, 100, 0) at <5159.479980, 84.943710, 8040.388672>
[COT 2024-01-24 00:22:35] 76561199407766611: Spawned Entity Wall Kit (ExpansionWallKit<c0b7fb40>, 100, 100, 0) at <5159.028809, 85.226776, 8040.003418>
[COT 2024-01-24 00:22:36] 76561199407766611: Spawned Entity Wall Kit (ExpansionWallKit<d317aa90>, 100, 100, 0) at <5157.818359, 84.897614, 8039.251953>
[COT 2024-01-24 00:22:36] 76561199407766611: Spawned Entity Wall Kit (ExpansionWallKit<bc6358a0>, 100, 100, 0) at <5159.101074, 85.530426, 8039.779297>
[COT 2024-01-24 00:22:36] 76561199407766611: Spawned Entity Wall Kit (ExpansionWallKit<cf6b6aa0>, 100, 100, 0) at <5159.355957, 85.818222, 8039.408203>
[COT 2024-01-24 00:24:00] 76561199407766611: Spawned Entity ADMIN GEAR-DOC-TOP (DOC_ADMIN_DOC_TOP<cfce8f20>, 100, 50, 0) at <5159.043945, 85.798790, 8039.335449>
[COT 2024-01-24 00:24:00] 76561199407766611: Spawned Entity ADMIN GEAR-DOC-TOP (DOC_ADMIN_DOC_TOP<cfcf0e50>, 100, 50, 0) at <5159.122070, 85.981377, 8039.260742>
[COT 2024-01-24 00:24:05] 76561199407766611: Spawned Entity ADMIN GEAR-DOC-BOTTOM (DOC_ADMIN_DOC_BOTTOM<a621ecf0>, 100, 50, 0) at <5159.472656, 84.892624, 8038.876953>
[COT 2024-01-24 00:24:05] 76561199407766611: Spawned Entity ADMIN GEAR-DOC-BOTTOM (DOC_ADMIN_DOC_BOTTOM<a621b320>, 100, 50, 0) at <5159.472656, 84.892624, 8038.876953>
[COT 2024-01-24 00:24:40] 76561199407766611: Stripped [guid=spMEkRl42onhFHdF_u42e0T03x2sj347kUc600NXdGA=]
[COT 2024-01-24 00:25:39] 76561199407766611: Stripped [guid=spMEkRl42onhFHdF_u42e0T03x2sj347kUc600NXdGA=]
[COT 2024-01-24 00:26:41] 76561199407766611: Spawned Entity ADMIN GEAR-DOC-TOP (DOC_ADMIN_DOC_TOP<bc54f6d0>, 100, 50, 0) at <5160.522461, 84.943710, 8040.369141>
[COT 2024-01-24 00:26:43] 76561199407766611: Spawned Entity ADMIN GEAR-DOC-BOTTOM (DOC_ADMIN_DOC_BOTTOM<bc556a70>, 100, 50, 0) at <5160.522461, 84.943710, 8040.369141>
[COT 2024-01-24 00:26:50] 76561199407766611: Stripped [guid=spMEkRl42onhFHdF_u42e0T03x2sj347kUc600NXdGA=]
[COT 2024-01-24 00:27:59] 76561199407766611: Spawned Entity Flag Pole Kit (TerritoryFlagKit<bd3946e0>, 100, 200, 0) at <5159.799805, 84.943642, 8040.004883>
[COT 2024-01-24 00:29:30] 76561199407766611: Deleted Entity TerritoryFlag:15325 at <5149.714355, 59.361027, 8049.358398>
[COT 2024-01-24 00:29:32] 76561199407766611: Entered the Free Camera
[COT 2024-01-24 00:29:50] 76561199407766611: Left the Free Camera
[COT 2024-01-24 00:32:31] 76561199407766611: Teleported to position <5604.689941, 28.727247, 5357.464844>
[COT 2024-01-24 00:34:37] 76561199407766611: Spawned Entity Keys (ExpansionCarKey<7c332080>, 100, 100, 0) at <5611.485840, 28.752676, 5356.018066>
[COT 2024-01-24 00:34:39] 76561199407766611: Spawned Entity Keys (ExpansionCarKey<7c33ab40>, 100, 100, 0) at <5611.485840, 28.752676, 5356.018066>
[COT 2024-01-24 00:36:19] 76561199407766611: Entered the Free Camera
[COT 2024-01-24 00:36:48] 76561199407766611: Set Invisibility To 0 [guid=spMEkRl42onhFHdF_u42e0T03x2sj347kUc600NXdGA=]
[COT 2024-01-24 00:37:00] 76561199407766611: Left the Free Camera
[COT 2024-01-24 00:37:55] 76561199407766611: Spawned Entity Keys (ExpansionCarKey<612e0190>, 100, 100, 0) at <5663.502930, 32.681339, 5257.142090>
[COT 2024-01-24 00:37:55] 76561199407766611: Spawned Entity Keys (ExpansionCarKey<612d9980>, 100, 100, 0) at <5663.502930, 32.681339, 5257.142090>
[COT 2024-01-24 00:39:13] 76561199407766611: Spawned Entity UH-1H Left Door (ExpansionUh1hDoor_1_1<cc5fed60>, 100, 500, 0) at <5615.380371, 28.725599, 5352.836914>
[COT 2024-01-24 00:39:13] 76561199407766611: Spawned Entity UH-1H Right Door (ExpansionUh1hDoor_1_2<cc600480>, 100, 500, 0) at <5615.265137, 28.893114, 5352.875977>
[COT 2024-01-24 00:39:15] 76561199407766611: Spawned Entity UH-1H Left Door (ExpansionUh1hDoor_2_1<cc5ccf90>, 100, 500, 0) at <5615.204590, 29.117514, 5352.928711>
[COT 2024-01-24 00:39:15] 76561199407766611: Spawned Entity UH-1H Right Door (ExpansionUh1hDoor_2_2<cc5cc400>, 100, 500, 0) at <5615.202148, 29.229046, 5352.928711>
[COT 2024-01-24 00:39:32] 76561199407766611: Spawned Entity  (ExpansionVehicleCover<cc5cdb20>, 100, 1e+06, 0) at <5629.346680, 28.709999, 5354.662598>
[COT 2024-01-24 00:39:44] 76561199407766611: Deleted Entity ExpansionUh1h_Cover:28154 at <5629.346680, 28.606060, 5354.662598>
[COT 2024-01-24 01:33:24] 76561199112746320: Teleported to position <5644.636719, 28.639284, 5378.211914>
