[COT 2024-01-31 03:38:17] 76561199108250772: Teleported to position <5643.047363, 28.647295, 5423.097656>
[COT 2024-01-31 03:46:44] 76561199108250772: Teleported to position <5630.890137, 25.500000, 687.956055>
[COT 2024-01-31 03:46:49] 76561199108250772: Entered the Free Camera
[COT 2024-01-31 03:47:32] 76561199108250772: Left the Free Camera
[COT 2024-01-31 03:47:36] 76561199108250772: Entered the Free Camera
[COT 2024-01-31 03:47:44] 76561199108250772: Left the Free Camera
[COT 2024-01-31 03:47:54] 76561199108250772: Set GodMode To true [guid=OAdpPkJP2Ps_W7h2ttR1bK23ekHCzrxw0mDT3zqLMdU=]
[COT 2024-01-31 03:47:54] 76561199108250772: Set cannot be targeted by AI to true [guid=OAdpPkJP2Ps_W7h2ttR1bK23ekHCzrxw0mDT3zqLMdU=]
[COT 2024-01-31 03:47:55] 76561199108250772: Set UnlimitedStamina To true [guid=OAdpPkJP2Ps_W7h2ttR1bK23ekHCzrxw0mDT3zqLMdU=]
[COT 2024-01-31 03:47:56] 76561199108250772: Set UnlimitedAmmo To true [guid=OAdpPkJP2Ps_W7h2ttR1bK23ekHCzrxw0mDT3zqLMdU=]
[COT 2024-01-31 03:48:09] 76561199108250772: Spawned Entity Land Mine (LandMineTrap<e72e7460>, 100, 70, 0) at <5638.572266, 14.924635, 718.119629>
[COT 2024-01-31 03:48:09] 76561199108250772: Spawned Entity Land Mine (LandMineTrap<5b103c80>, 100, 70, 0) at <5638.541016, 15.020600, 718.117310>
[COT 2024-01-31 03:48:10] 76561199108250772: Spawned Entity Land Mine (LandMineTrap<5b10d950>, 100, 70, 0) at <5638.503418, 15.116566, 718.115662>
[COT 2024-01-31 03:48:10] 76561199108250772: Spawned Entity Land Mine (LandMineTrap<5b11ca90>, 100, 70, 0) at <5638.458008, 15.212529, 718.115601>
[COT 2024-01-31 03:48:11] 76561199108250772: Spawned Entity Land Mine (LandMineTrap<5b128b90>, 100, 70, 0) at <5638.417480, 15.308494, 718.112122>
[COT 2024-01-31 03:48:11] 76561199108250772: Spawned Entity Land Mine (LandMineTrap<5b1364b0>, 100, 70, 0) at <5638.386230, 15.404459, 718.105957>
[COT 2024-01-31 03:50:19] 76561199108250772: Spawned Entity Tripwire (TripwireTrap<42344570>, 100, 50, 0) at <5585.660645, 27.102613, 653.772766>
[COT 2024-01-31 03:50:22] 76561199108250772: Spawned Entity Tripwire (TripwireTrap<42345180>, 100, 50, 0) at <5585.393066, 27.061026, 653.966431>
[COT 2024-01-31 03:50:24] 76561199108250772: Spawned Entity Tripwire (TripwireTrap<423475b0>, 100, 50, 0) at <5585.598633, 26.984491, 654.338013>
[COT 2024-01-31 03:50:27] 76561199108250772: Spawned Entity Tripwire (TripwireTrap<423566f0>, 100, 50, 0) at <5585.916016, 27.029396, 654.133057>
[COT 2024-01-31 03:51:00] 76561199108250772: Spawned Entity EGD-5 Frag Grenade (RGD5Grenade<1ab3b070>, 100, 50, 0) at <5585.003418, 27.430145, 652.704163>
[COT 2024-01-31 03:51:01] 76561199108250772: Spawned Entity EGD-5 Frag Grenade (RGD5Grenade<1ab42910>, 100, 50, 0) at <5585.003418, 27.554230, 652.670105>
[COT 2024-01-31 03:51:01] 76561199108250772: Spawned Entity EGD-5 Frag Grenade (RGD5Grenade<1ab3e0b0>, 100, 50, 0) at <5585.003418, 27.689096, 652.636597>
[COT 2024-01-31 03:52:00] 76561199108250772: Spawned Entity Bear Trap (BearTrap<3ab620b0>, 100, 200, 0) at <5602.001465, 34.882328, 651.516174>
[COT 2024-01-31 03:53:55] 76561199108250772: Spawned Entity 8-M4 Flashbang (FlashGrenade<27f664d0>, 100, 20, 0) at <5602.400879, 36.212387, 632.013916>
[COT 2024-01-31 03:53:55] 76561199108250772: Spawned Entity 8-M4 Flashbang (FlashGrenade<27f719c0>, 100, 20, 0) at <5602.402344, 36.312160, 632.006958>
[COT 2024-01-31 03:53:55] 76561199108250772: Spawned Entity 8-M4 Flashbang (FlashGrenade<27f76220>, 100, 20, 0) at <5602.403320, 36.378731, 632.003296>
[COT 2024-01-31 03:54:39] 76561199108250772: Spawned Entity Rope (Rope<4a0766e0>, 100, 200, 0) at <5586.080078, 34.840000, 620.742798>
[COT 2024-01-31 03:54:40] 76561199108250772: Spawned Entity Rope (Rope<4a070a60>, 100, 200, 0) at <5586.095703, 34.871479, 620.746155>
[COT 2024-01-31 03:54:40] 76561199108250772: Spawned Entity Rope (Rope<3e896180>, 100, 200, 0) at <5586.108398, 34.902958, 620.747681>
[COT 2024-01-31 03:54:48] 76561199108250772: Spawned Entity Short Stick (WoodenStick<3e5ce0b0>, 5, 50, 0) at <5586.116699, 34.934437, 620.755554>
[COT 2024-01-31 03:54:48] 76561199108250772: Spawned Entity Short Stick (WoodenStick<3e5ca6e0>, 5, 50, 0) at <5586.142090, 35.006516, 620.763672>
[COT 2024-01-31 03:54:48] 76561199108250772: Spawned Entity Short Stick (WoodenStick<3e5d2610>, 5, 50, 0) at <5586.166504, 35.072670, 620.770142>
[COT 2024-01-31 03:57:25] 76561199108250772: Spawned Entity Land Mine (LandMineTrap<73f21990>, 100, 70, 0) at <5563.064941, 34.840000, 617.846069>
[COT 2024-01-31 03:57:26] 76561199108250772: Spawned Entity Land Mine (LandMineTrap<73f1dd40>, 100, 70, 0) at <5563.095215, 34.935966, 617.825073>
[COT 2024-01-31 03:59:24] 76561199108250772: Spawned Entity Code Lock (ExpansionCodeLock<5468e0b0>, 100, 100, 0) at <5567.401367, 34.840000, 617.474304>
[COT 2024-01-31 03:59:52] 76561199108250772: Spawned Entity Gunwall display kit (gunwall_metal_kit_mung<4a314ac0>, 100, 100, 0) at <5562.928711, 34.840000, 615.451111>
[COT 2024-01-31 04:02:44] 76561199108250772: Spawned Entity Land Mine (LandMineTrap<aa50790>, 100, 70, 0) at <5587.294434, 35.184162, 640.852966>
[COT 2024-01-31 04:02:44] 76561199108250772: Spawned Entity Land Mine (LandMineTrap<aa513a0>, 100, 70, 0) at <5587.302246, 35.280125, 640.898682>
[COT 2024-01-31 04:02:45] 76561199108250772: Spawned Entity Land Mine (LandMineTrap<aa54ff0>, 100, 70, 0) at <5587.311035, 35.376091, 640.947937>
[COT 2024-01-31 04:02:45] 76561199108250772: Spawned Entity Land Mine (LandMineTrap<aa58c40>, 100, 70, 0) at <5587.319336, 35.472054, 640.998474>
[COT 2024-01-31 04:02:45] 76561199108250772: Spawned Entity Land Mine (LandMineTrap<aa51fb0>, 100, 70, 0) at <5587.324707, 35.568016, 641.043030>
[COT 2024-01-31 04:02:46] 76561199108250772: Spawned Entity Land Mine (LandMineTrap<aa52bc0>, 100, 70, 0) at <5587.328613, 35.663982, 641.084167>
[COT 2024-01-31 04:02:46] 76561199108250772: Spawned Entity Land Mine (LandMineTrap<aa537d0>, 100, 70, 0) at <5587.332520, 35.759945, 641.125671>
[COT 2024-01-31 04:02:51] 76561199108250772: Entered the Free Camera
[COT 2024-01-31 04:02:56] 76561199108250772: Left the Free Camera
[COT 2024-01-31 04:03:45] 76561199108250772: Spawned Entity Sea Chest (SeaChest<5ad63a60>, 100, 600, 0) at <5584.002441, 35.196758, 636.782776>
[COT 2024-01-31 04:04:54] 76561199108250772: Spawned Entity Karabiner 98K (Expansion_Kar98_Base<fd0f7180>, 100, 100, 0) at <5584.062012, 35.196758, 636.749146>
[COT 2024-01-31 04:05:15] 76561199108250772: Spawned Entity AWM (Expansion_AWM<fd109270>, 100, 200, 0) at <5584.210449, 35.196758, 636.569763>
[COT 2024-01-31 04:05:45] 76561199108250772: Spawned Entity Boxed 7.92x57mm, 15 Rounds (Box_Base<54823b90>, 5, 100, 0) at <5583.826172, 35.196758, 636.559265>
[COT 2024-01-31 04:05:46] 76561199108250772: Spawned Entity Boxed 7.92x57mm, 15 Rounds (Box_Base<5482a3a0>, 5, 100, 0) at <5583.871094, 35.303261, 636.564270>
[COT 2024-01-31 04:05:52] 76561199108250772: Entered the Free Camera
[COT 2024-01-31 04:05:57] 76561199108250772: Left the Free Camera
[COT 2024-01-31 04:06:17] 76561199108250772: Spawned Entity Sea Chest (SeaChest<4f1c4e80>, 100, 600, 0) at <5583.880371, 35.184162, 643.530151>
[COT 2024-01-31 04:06:38] 76561199108250772: Spawned Entity Molot VEPR (AKM_Base<4dc63100>, 7, 300, 0) at <5584.343262, 35.184162, 643.833130>
[COT 2024-01-31 04:06:58] 76561199108250772: Spawned Entity Gold Bar (ExpansionGoldBar<20ef0990>, 3, 100, 0) at <5584.387207, 35.255806, 643.805847>
[COT 2024-01-31 04:07:31] 76561199108250772: Entered the Free Camera
[COT 2024-01-31 04:07:35] 76561199108250772: Left the Free Camera
[COT 2024-01-31 04:07:46] 76561199108250772: Entered the Free Camera
[COT 2024-01-31 04:07:50] 76561199108250772: Left the Free Camera
[COT 2024-01-31 04:09:02] 76561199108250772: Spawned Entity Gold Shield Wings Pin (ItemBase<3b27e420>, 100, 100, 0) at <5587.183105, 35.184162, 646.237122>
[COT 2024-01-31 04:09:02] 76561199108250772: Spawned Entity Gold Shield Wings Pin (ItemBase<445cd260>, 100, 100, 0) at <5587.177734, 35.240288, 646.240906>
[COT 2024-01-31 04:09:03] 76561199108250772: Spawned Entity Gold Shield Wings Pin (ItemBase<445e5b80>, 100, 100, 0) at <5587.169922, 35.296417, 646.249634>
[COT 2024-01-31 04:09:20] 76561199108250772: Spawned Entity Sea Chest (SeaChest<445e6710>, 100, 600, 0) at <5587.078613, 35.184162, 642.405762>
[COT 2024-01-31 04:09:53] 76561199108250772: Spawned Entity Sea Chest (SeaChest<57cd6640>, 100, 600, 0) at <5583.235840, 35.184162, 646.725403>
[COT 2024-01-31 04:10:29] 76561199108250772: Spawned Entity Snow Owl SSS (jmc_SnowOwl<47e8c160>, 100, 250, 0) at <5584.043945, 35.184162, 647.090637>
[COT 2024-01-31 04:12:39] 76561199108250772: Spawned Entity Sea Chest (SeaChest<40601c50>, 100, 600, 0) at <5583.766602, 35.184162, 650.012329>
[COT 2024-01-31 04:13:01] 76561199108250772: Spawned Entity Tripwire (TripwireTrap<4231d230>, 100, 50, 0) at <5587.075195, 35.184162, 649.903442>
[COT 2024-01-31 04:13:01] 76561199108250772: Spawned Entity Tripwire (TripwireTrap<42345d90>, 100, 50, 0) at <5587.123535, 35.718609, 649.921387>
[COT 2024-01-31 04:14:31] 76561199108250772: Spawned Entity Land Mine (LandMineTrap<5b10fd80>, 100, 70, 0) at <5586.986328, 35.184162, 649.505798>
[COT 2024-01-31 04:14:31] 76561199108250772: Spawned Entity Land Mine (LandMineTrap<5b1394f0>, 100, 70, 0) at <5586.984375, 35.280125, 649.513733>
[COT 2024-01-31 04:14:31] 76561199108250772: Spawned Entity Land Mine (LandMineTrap<52ae64a0>, 100, 70, 0) at <5586.981445, 35.376087, 649.523010>
[COT 2024-01-31 04:14:32] 76561199108250772: Spawned Entity Land Mine (LandMineTrap<52b08370>, 100, 70, 0) at <5586.978516, 35.472046, 649.533447>
[COT 2024-01-31 04:14:32] 76561199108250772: Spawned Entity Land Mine (LandMineTrap<52b229a0>, 100, 70, 0) at <5586.977051, 35.568012, 649.544373>
[COT 2024-01-31 04:14:32] 76561199108250772: Spawned Entity Land Mine (LandMineTrap<52b235b0>, 100, 70, 0) at <5586.976563, 35.663979, 649.555115>
[COT 2024-01-31 04:17:53] 76561199108250772: Spawned Entity Bear Trap (BearTrap<27f74a00>, 100, 200, 0) at <5584.740723, 35.184162, 650.201233>
[COT 2024-01-31 04:17:53] 76561199108250772: Spawned Entity Bear Trap (BearTrap<27f7aa80>, 100, 200, 0) at <5584.725098, 35.329788, 650.208923>
[COT 2024-01-31 04:17:53] 76561199108250772: Spawned Entity Bear Trap (BearTrap<27f9f990>, 100, 200, 0) at <5584.708496, 35.475414, 650.219543>
[COT 2024-01-31 04:17:54] 76561199108250772: Spawned Entity Bear Trap (BearTrap<5b132860>, 100, 200, 0) at <5584.687500, 35.621040, 650.235474>
[COT 2024-01-31 04:17:54] 76561199108250772: Spawned Entity Bear Trap (BearTrap<5b1419a0>, 100, 200, 0) at <5584.664551, 35.766663, 650.254089>
[COT 2024-01-31 04:18:52] 76561199108250772: Spawned Entity Bear Trap (BearTrap<367dd7e0>, 100, 200, 0) at <5584.645508, 35.184162, 650.238281>
[COT 2024-01-31 04:18:52] 76561199108250772: Spawned Entity Bear Trap (BearTrap<367e80c0>, 100, 200, 0) at <5584.585938, 35.329784, 650.248596>
[COT 2024-01-31 04:18:53] 76561199108250772: Spawned Entity Bear Trap (BearTrap<52b20570>, 100, 200, 0) at <5584.527832, 35.475407, 650.258179>
[COT 2024-01-31 04:18:53] 76561199108250772: Spawned Entity Bear Trap (BearTrap<52ae94e0>, 100, 200, 0) at <5584.465820, 35.621033, 650.269043>
[COT 2024-01-31 04:18:54] 76561199108250772: Spawned Entity Bear Trap (BearTrap<1ab18590>, 100, 200, 0) at <5584.400879, 35.766659, 650.281128>
[COT 2024-01-31 04:19:13] 76561199108250772: Spawned Entity Land Mine (LandMineTrap<464b0c80>, 100, 70, 0) at <5584.683594, 35.184162, 649.749268>
[COT 2024-01-31 04:19:13] 76561199108250772: Spawned Entity Land Mine (LandMineTrap<464e9530>, 100, 70, 0) at <5584.656738, 35.280125, 649.775696>
[COT 2024-01-31 04:19:13] 76561199108250772: Spawned Entity Land Mine (LandMineTrap<3ab55fb0>, 100, 70, 0) at <5584.635254, 35.376087, 649.798645>
[COT 2024-01-31 04:21:16] 76561199108250772: Entered the Free Camera
[COT 2024-01-31 04:23:59] 76561199108250772: Left the Free Camera
[COT 2024-01-31 04:24:18] 76561199108250772: Teleported to position <8806.884766, 39.328068, 9968.267578>
[COT 2024-01-31 04:24:40] 76561199108250772: Teleported [guid=HAFduBzmpDN4tgqni6CFo0kwJ2aFYdhg5CPf66P8Zps=] to <8803.838867, 39.405521, 9971.086914>
[COT 2024-01-31 04:25:11] 76561199108250772: Entered the Free Camera
[COT 2024-01-31 04:25:33] 76561199108250772: Left the Free Camera
[COT 2024-01-31 04:32:50] 76561199108250772: Teleported to position <7513.364258, 6.703125, 9639.766602>
