[COT 2024-03-11 22:38:16] 76561198036774377: Spawned Entity Hryvnia Banknotes Stack (ExpansionBanknoteHryvnia<df75d190>, 50000, 100, 0) on 76561198036774377
[COT 2024-03-11 22:38:16] 76561198036774377: Spawned Entity Hryvnia Banknotes Stack (ExpansionBanknoteHryvnia<df75ba70>, 50000, 100, 0) on 76561198036774377
[COT 2024-03-11 22:38:17] 76561198036774377: Spawned Entity Hryvnia Banknotes Stack (ExpansionBanknoteHryvnia<e38bc7a0>, 50000, 100, 0) on 76561198036774377
[COT 2024-03-11 22:38:17] 76561198036774377: Spawned Entity Hryvnia Banknotes Stack (ExpansionBanknoteHryvnia<e38ae060>, 50000, 100, 0) on 76561198036774377
[COT 2024-03-11 22:38:17] 76561198036774377: Spawned Entity Hryvnia Banknotes Stack (ExpansionBanknoteHryvnia<e38ba4f0>, 50000, 100, 0) on 76561198036774377
[COT 2024-03-11 22:38:17] 76561198036774377: Spawned Entity Hryvnia Banknotes Stack (ExpansionBanknoteHryvnia<e38bd330>, 50000, 100, 0) on 76561198036774377
[COT 2024-03-11 22:38:17] 76561198036774377: Spawned Entity Hryvnia Banknotes Stack (ExpansionBanknoteHryvnia<e38b8240>, 50000, 100, 0) on 76561198036774377
[COT 2024-03-11 22:38:18] 76561198036774377: Spawned Entity Hryvnia Banknotes Stack (ExpansionBanknoteHryvnia<e38c2fb0>, 50000, 100, 0) on 76561198036774377
[COT 2024-03-11 22:38:18] 76561198036774377: Spawned Entity Hryvnia Banknotes Stack (ExpansionBanknoteHryvnia<e38cdd20>, 50000, 100, 0) on 76561198036774377
[COT 2024-03-11 22:38:18] 76561198036774377: Spawned Entity Hryvnia Banknotes Stack (ExpansionBanknoteHryvnia<e38d8a90>, 50000, 100, 0) on 76561198036774377
[COT 2024-03-11 22:38:27] 76561198036774377: Spawned Entity Hryvnia Banknotes Stack (ExpansionBanknoteHryvnia<e38c0d00>, 50000, 100, 0) on 76561198036774377
[COT 2024-03-11 22:38:27] 76561198036774377: Spawned Entity Hryvnia Banknotes Stack (ExpansionBanknoteHryvnia<e38cc600>, 50000, 100, 0) on 76561198036774377
[COT 2024-03-11 22:38:28] 76561198036774377: Spawned Entity Hryvnia Banknotes Stack (ExpansionBanknoteHryvnia<e38c80a0>, 50000, 100, 0) on 76561198036774377
[COT 2024-03-11 22:38:28] 76561198036774377: Spawned Entity Hryvnia Banknotes Stack (ExpansionBanknoteHryvnia<e38e4f20>, 50000, 100, 0) on 76561198036774377
[COT 2024-03-11 22:38:28] 76561198036774377: Spawned Entity Hryvnia Banknotes Stack (ExpansionBanknoteHryvnia<e38d16f0>, 50000, 100, 0) on 76561198036774377
[COT 2024-03-11 22:38:28] 76561198036774377: Spawned Entity Hryvnia Banknotes Stack (ExpansionBanknoteHryvnia<e38ed9e0>, 50000, 100, 0) on 76561198036774377
[COT 2024-03-11 22:38:28] 76561198036774377: Spawned Entity Hryvnia Banknotes Stack (ExpansionBanknoteHryvnia<e38d0b60>, 50000, 100, 0) on 76561198036774377
[COT 2024-03-11 22:38:28] 76561198036774377: Spawned Entity Hryvnia Banknotes Stack (ExpansionBanknoteHryvnia<e38c97c0>, 50000, 100, 0) on 76561198036774377
[COT 2024-03-11 22:38:28] 76561198036774377: Spawned Entity Hryvnia Banknotes Stack (ExpansionBanknoteHryvnia<abba09e0>, 50000, 100, 0) on 76561198036774377
[COT 2024-03-11 22:38:29] 76561198036774377: Spawned Entity Hryvnia Banknotes Stack (ExpansionBanknoteHryvnia<abb96800>, 50000, 100, 0) on 76561198036774377
[COT 2024-03-11 22:38:29] 76561198036774377: Spawned Entity Hryvnia Banknotes Stack (ExpansionBanknoteHryvnia<abb69b20>, 50000, 100, 0) on 76561198036774377
[COT 2024-03-11 22:38:29] 76561198036774377: Spawned Entity Hryvnia Banknotes Stack (ExpansionBanknoteHryvnia<abb68f90>, 50000, 100, 0) on 76561198036774377
[COT 2024-03-11 22:38:29] 76561198036774377: Spawned Entity Hryvnia Banknotes Stack (ExpansionBanknoteHryvnia<abb66150>, 50000, 100, 0) on 76561198036774377
[COT 2024-03-11 22:38:29] 76561198036774377: Spawned Entity Hryvnia Banknotes Stack (ExpansionBanknoteHryvnia<abb63ea0>, 50000, 100, 0) on 76561198036774377
[COT 2024-03-11 22:38:29] 76561198036774377: Spawned Entity Hryvnia Banknotes Stack (ExpansionBanknoteHryvnia<abb6b240>, 50000, 100, 0) on 76561198036774377
[COT 2024-03-11 22:38:30] 76561198036774377: Spawned Entity Hryvnia Banknotes Stack (ExpansionBanknoteHryvnia<abb6bdd0>, 50000, 100, 0) on 76561198036774377
[COT 2024-03-11 22:38:30] 76561198036774377: Spawned Entity Hryvnia Banknotes Stack (ExpansionBanknoteHryvnia<abb73170>, 50000, 100, 0) on 76561198036774377
[COT 2024-03-11 22:38:30] 76561198036774377: Spawned Entity Hryvnia Banknotes Stack (ExpansionBanknoteHryvnia<abb78260>, 50000, 100, 0) on 76561198036774377
[COT 2024-03-11 22:38:30] 76561198036774377: Spawned Entity Hryvnia Banknotes Stack (ExpansionBanknoteHryvnia<abb97f20>, 50000, 100, 0) on 76561198036774377
[COT 2024-03-11 22:38:30] 76561198036774377: Spawned Entity Hryvnia Banknotes Stack (ExpansionBanknoteHryvnia<abb7a510>, 50000, 100, 0) on 76561198036774377
[COT 2024-03-11 22:38:30] 76561198036774377: Spawned Entity Hryvnia Banknotes Stack (ExpansionBanknoteHryvnia<abb90b80>, 50000, 100, 0) on 76561198036774377
[COT 2024-03-11 22:38:31] 76561198036774377: Spawned Entity Hryvnia Banknotes Stack (ExpansionBanknoteHryvnia<abb776d0>, 50000, 100, 0) on 76561198036774377
[COT 2024-03-11 22:38:31] 76561198036774377: Spawned Entity Hryvnia Banknotes Stack (ExpansionBanknoteHryvnia<abb92e30>, 50000, 100, 0) on 76561198036774377
[COT 2024-03-11 22:38:31] 76561198036774377: Spawned Entity Hryvnia Banknotes Stack (ExpansionBanknoteHryvnia<abb82440>, 50000, 100, 0) on 76561198036774377
[COT 2024-03-11 22:38:31] 76561198036774377: Spawned Entity Hryvnia Banknotes Stack (ExpansionBanknoteHryvnia<e07dbfa0>, 50000, 100, 0) on 76561198036774377
[COT 2024-03-11 22:38:31] 76561198036774377: Spawned Entity Hryvnia Banknotes Stack (ExpansionBanknoteHryvnia<e07da880>, 50000, 100, 0) on 76561198036774377
[COT 2024-03-11 22:38:31] 76561198036774377: Spawned Entity Hryvnia Banknotes Stack (ExpansionBanknoteHryvnia<e07d6320>, 50000, 100, 0) on 76561198036774377
[COT 2024-03-11 22:38:32] 76561198036774377: Spawned Entity Hryvnia Banknotes Stack (ExpansionBanknoteHryvnia<e07db410>, 50000, 100, 0) on 76561198036774377
[COT 2024-03-11 22:38:32] 76561198036774377: Spawned Entity Hryvnia Banknotes Stack (ExpansionBanknoteHryvnia<e07f48c0>, 50000, 100, 0) on 76561198036774377
[COT 2024-03-11 22:38:32] 76561198036774377: Spawned Entity Hryvnia Banknotes Stack (ExpansionBanknoteHryvnia<e07ebe00>, 50000, 100, 0) on 76561198036774377
[COT 2024-03-11 22:38:32] 76561198036774377: Spawned Entity Hryvnia Banknotes Stack (ExpansionBanknoteHryvnia<e07f5fe0>, 50000, 100, 0) on 76561198036774377
[COT 2024-03-11 22:38:32] 76561198036774377: Spawned Entity Hryvnia Banknotes Stack (ExpansionBanknoteHryvnia<e07ec990>, 50000, 100, 0) on 76561198036774377
[COT 2024-03-11 22:38:32] 76561198036774377: Spawned Entity Hryvnia Banknotes Stack (ExpansionBanknoteHryvnia<e07e3ed0>, 50000, 100, 0) on 76561198036774377
[COT 2024-03-11 22:53:47] 76561199108250772: Spawned Entity ADMIN GEAR-BLUE-TOP (DOC_ADMIN_BLUE_TOP<41804460>, 100, 70, 0) at <5625.243164, 28.710001, 5383.842773>
[COT 2024-03-11 22:54:45] 76561199108250772: Set GodMode To true [guid=OAdpPkJP2Ps_W7h2ttR1bK23ekHCzrxw0mDT3zqLMdU=]
[COT 2024-03-11 22:54:46] 76561199108250772: Set cannot be targeted by AI to true [guid=OAdpPkJP2Ps_W7h2ttR1bK23ekHCzrxw0mDT3zqLMdU=]
[COT 2024-03-11 22:54:46] 76561199108250772: Set UnlimitedStamina To true [guid=OAdpPkJP2Ps_W7h2ttR1bK23ekHCzrxw0mDT3zqLMdU=]
[COT 2024-03-11 22:54:47] 76561199108250772: Set UnlimitedAmmo To true [guid=OAdpPkJP2Ps_W7h2ttR1bK23ekHCzrxw0mDT3zqLMdU=]
[COT 2024-03-11 22:55:14] 76561199108250772: Teleported to position <6386.776855, 27.242350, 14941.727539>
[COT 2024-03-11 22:55:42] 76561199108250772: Spawned Entity Ruger556_MagPul (556x45) (M4A1_Base<d4dc64c0>, 10, 200, 0) at <6385.770996, 25.985800, 14947.845703>
[COT 2024-03-11 22:58:30] 76561199108250772: Spawned Entity Ash12 (50BMG) (AKM_Base<d4dc3080>, 10, 300, 0) at <6405.586426, 37.389992, 14874.910156>
[COT 2024-03-11 23:00:43] 76561199108250772: Spawned Entity Boxed Nails (NailBox<34a3b740>, 99, 80, 0) at <6417.664063, 37.367992, 14843.827148>
[COT 2024-03-11 23:00:43] 76561199108250772: Spawned Entity Boxed Nails (NailBox<34a43670>, 99, 80, 0) at <6417.786621, 37.407825, 14843.846680>
[COT 2024-03-11 23:00:44] 76561199108250772: Spawned Entity Boxed Nails (NailBox<34a41f50>, 99, 80, 0) at <6417.891602, 37.441917, 14843.862305>
[COT 2024-03-11 23:01:33] 76561199108250772: Teleported to position <5598.693848, 28.709999, 5354.961914>
[COT 2024-03-11 23:01:45] 76561199108250772: ESP: Viewing ESP
[COT 2024-03-11 23:02:13] 76561199108250772: ESP: Clearing ESP
[COT 2024-03-11 23:03:03] 76561199108250772: Teleported to position <1074.729492, 15.209530, 15054.258789>
[COT 2024-03-11 23:03:38] 76561199108250772: Teleported to position <1251.569702, 2.120000, 15793.617188>
[COT 2024-03-11 23:03:55] 76561199108250772: Spawned Entity Sea Chest (SeaChest<50a2a7a0>, 100, 600, 0) at <1253.504883, 3.007315, 15752.664063>
[COT 2024-03-11 23:04:15] 76561199108250772: Spawned Entity Boxed Nails (NailBox<d76f1520>, 100, 80, 0) at <1253.198486, 3.206734, 15753.076172>
[COT 2024-03-11 23:04:16] 76561199108250772: Spawned Entity Boxed Nails (NailBox<d76ead10>, 100, 80, 0) at <1253.155029, 3.219823, 15753.174805>
[COT 2024-03-11 23:04:17] 76561199108250772: Spawned Entity Boxed Nails (NailBox<d76f20b0>, 100, 80, 0) at <1253.115601, 3.231705, 15753.264648>
[COT 2024-03-11 23:04:18] 76561199108250772: Spawned Entity Boxed Nails (NailBox<d76f88c0>, 100, 80, 0) at <1253.074463, 3.244120, 15753.358398>
[COT 2024-03-11 23:04:18] 76561199108250772: Spawned Entity Boxed Nails (NailBox<d76f6610>, 100, 80, 0) at <1253.019409, 3.260710, 15753.483398>
[COT 2024-03-11 23:04:39] 76561199108250772: Entered the Free Camera
[COT 2024-03-11 23:04:40] 76561199108250772: Left the Free Camera
[COT 2024-03-11 23:06:14] 76561199108250772: Teleported to position <8184.741211, 1.823606, 2849.688477>
[COT 2024-03-11 23:06:32] 76561199108250772: Spawned Entity Sea Chest (SeaChest<a50d6b90>, 100, 600, 0) at <8199.536133, 2.498425, 2864.581787>
[COT 2024-03-11 23:10:47] 76561198036774377: Healed [guid=mBNlxASsPlOcry0dpDl8K-WgHNR5WMCMmoJ9NhpU4FY=]
