[COT 2024-02-17 02:03:30] 76561199108250772: Set GodMode To true [guid=OAdpPkJP2Ps_W7h2ttR1bK23ekHCzrxw0mDT3zqLMdU=]
[COT 2024-02-17 02:03:31] 76561199108250772: Set GodMode To false [guid=OAdpPkJP2Ps_W7h2ttR1bK23ekHCzrxw0mDT3zqLMdU=]
[COT 2024-02-17 02:03:46] 76561199108250772: Teleported to position <5648.538086, 28.709999, 5403.342773>
[COT 2024-02-17 02:05:10] 76561199108250772: Spawned Entity 42 MA TShirt (DOC_TSHIRT_42<53799ac0>, 69, 50, 0) at <5646.755371, 28.710003, 5403.858887>
[COT 2024-02-17 02:10:16] 76561199108250772: Teleported to position <11697.908203, 80.849998, 8111.398438>
[COT 2024-02-17 02:10:58] 76561199108250772: Set Invisibility To 1 [guid=VsEWQWxzvcTpDLQgc9tVyxq5TiqDS9O3QehdBa_YkH8=]
[COT 2024-02-17 02:11:09] 76561199108250772: Set Invisibility To 0 [guid=VsEWQWxzvcTpDLQgc9tVyxq5TiqDS9O3QehdBa_YkH8=]
[COT 2024-02-17 02:11:27] 76561199108250772: ESP: Viewing ESP
[COT 2024-02-17 02:11:38] 76561199108250772: Set Invisibility To 1 [guid=VsEWQWxzvcTpDLQgc9tVyxq5TiqDS9O3QehdBa_YkH8=]
[COT 2024-02-17 02:11:41] 76561199108250772: Set Invisibility To 0 [guid=VsEWQWxzvcTpDLQgc9tVyxq5TiqDS9O3QehdBa_YkH8=]
[COT 2024-02-17 02:11:42] 76561199108250772: Set Invisibility To 1 [guid=VsEWQWxzvcTpDLQgc9tVyxq5TiqDS9O3QehdBa_YkH8=]
[COT 2024-02-17 02:11:43] 76561199108250772: Set Invisibility To 0 [guid=VsEWQWxzvcTpDLQgc9tVyxq5TiqDS9O3QehdBa_YkH8=]
[COT 2024-02-17 02:11:47] 76561199108250772: Set Broken Legs To true [guid=VsEWQWxzvcTpDLQgc9tVyxq5TiqDS9O3QehdBa_YkH8=]
[COT 2024-02-17 02:11:58] 76561199108250772: Set Broken Legs To false [guid=VsEWQWxzvcTpDLQgc9tVyxq5TiqDS9O3QehdBa_YkH8=]
[COT 2024-02-17 02:14:14] 76561199108250772: Teleported to position <11379.478516, 5.380000, 9869.593750>
[COT 2024-02-17 02:14:35] 76561199108250772: ESP: Clearing ESP
[COT 2024-02-17 02:14:35] 76561199108250772: ESP: Viewing ESP
[COT 2024-02-17 02:18:24] 76561199108250772: Set Health To 28.92 [guid=OAdpPkJP2Ps_W7h2ttR1bK23ekHCzrxw0mDT3zqLMdU=]
[COT 2024-02-17 02:18:24] 76561199108250772: Set Blood To 960.5 [guid=OAdpPkJP2Ps_W7h2ttR1bK23ekHCzrxw0mDT3zqLMdU=]
[COT 2024-02-17 02:18:24] 76561199108250772: Set Energy To 1247 [guid=OAdpPkJP2Ps_W7h2ttR1bK23ekHCzrxw0mDT3zqLMdU=]
[COT 2024-02-17 02:18:24] 76561199108250772: Set Water To 1137 [guid=OAdpPkJP2Ps_W7h2ttR1bK23ekHCzrxw0mDT3zqLMdU=]
[COT 2024-02-17 02:20:16] 76561199108250772: Teleported to position <11265.107422, 14.288958, 10120.403320>
[COT 2024-02-17 02:20:18] 76561199108250772: Entered the Free Camera
[COT 2024-02-17 02:20:28] 76561199108250772: Left the Free Camera
[COT 2024-02-17 02:23:34] 76561199108250772: Teleported to position <7249.539551, 224.820007, 11617.333984>
[COT 2024-02-17 02:23:41] 76561199108250772: Entered the Free Camera
[COT 2024-02-17 02:23:47] 76561199108250772: Left the Free Camera
[COT 2024-02-17 02:24:09] 76561199108250772: Set Health To 47.46 [guid=OAdpPkJP2Ps_W7h2ttR1bK23ekHCzrxw0mDT3zqLMdU=]
[COT 2024-02-17 02:24:18] 76561199108250772: Set Blood To 2152.5 [guid=OAdpPkJP2Ps_W7h2ttR1bK23ekHCzrxw0mDT3zqLMdU=]
[COT 2024-02-17 02:26:40] 76561199108250772: Set Blood To 3432.5 [guid=OAdpPkJP2Ps_W7h2ttR1bK23ekHCzrxw0mDT3zqLMdU=]
[COT 2024-02-17 02:26:45] 76561199108250772: Set Health To 56.29 [guid=OAdpPkJP2Ps_W7h2ttR1bK23ekHCzrxw0mDT3zqLMdU=]
[COT 2024-02-17 02:26:49] 76561199108250772: Set Health To 53.64 [guid=OAdpPkJP2Ps_W7h2ttR1bK23ekHCzrxw0mDT3zqLMdU=]
