12:11:13.816 [Party] Player "Captain Sodomy" (id=VsEWQWxzvcTpDLQgc9tVyxq5TiqDS9O3QehdBa_YkH8=) joinded the party "Dirty Crew" (id=23 ownerUID=VsEWQWxzvcTpDLQgc9tVyxq5TiqDS9O3QehdBa_YkH8= ownerName=Condom Breath)
12:11:13.824 [AI Patrol] Spawning 3 RCFI Patrol bots at <3713.750000, 10.967363, 8758.121094>
12:21:31.406 [Party] Player "Lou Sassole" (id=ebo0O4yOjYkK486s9SoqLuFc3tRe1vP1S2eE1IJxhV4=) joinded the party "Loosey Goosey" (id=28 ownerUID=ebo0O4yOjYkK486s9SoqLuFc3tRe1vP1S2eE1IJxhV4= ownerName=Lou Sassole)
12:22:04.957 [VehicleCarKey] Player "Lou Sassole" (id=ebo0O4yOjYkK486s9SoqLuFc3tRe1vP1S2eE1IJxhV4= pos=<5672.826660, 5.226930, 15292.004883>) used the  ExpansionCarKey to unlock HAMMER_H1_black_rust (id=5877895E9F4C8718E7F19DA49AA485C9 pos=<5674.874023, 5.623977, 15293.591797>)
12:22:19.925 [AI Patrol] Spawning 3 Temple Patrol bots at <404.759186, 48.908298, 661.870544>
12:22:19.933 [AI Patrol] Spawning 3 Temple Patrol bots at <374.841064, 47.070000, 847.301025>
12:22:19.945 [AI Patrol] Spawning 3 Temple Patrol bots at <304.491302, 42.529972, 860.251587>
12:22:21.625 [VehicleEnter] Player Lou Sassole [uid=ebo0O4yOjYkK486s9SoqLuFc3tRe1vP1S2eE1IJxhV4=] entered vehicle HAMMER_H1 black_rust (id=5877895E9F4C8718E7F19DA49AA485C9 pos=<5674.874023, 5.624021, 15293.591797>) as driver
12:22:24.062 [VehicleEngine] Player Lou Sassole [uid=ebo0O4yOjYkK486s9SoqLuFc3tRe1vP1S2eE1IJxhV4=] started vehicle HAMMER_H1 black_rust (id=5877895E9F4C8718E7F19DA49AA485C9 pos=<5674.874023, 5.624027, 15293.591797>)
12:24:27.585 [VehicleEngine] Player Lou Sassole [uid=ebo0O4yOjYkK486s9SoqLuFc3tRe1vP1S2eE1IJxhV4=] stopped vehicle HAMMER_H1 black_rust (id=5877895E9F4C8718E7F19DA49AA485C9 pos=<6051.601074, 5.987196, 14642.894531>)
12:24:30.929 [VehicleLeave] Player Lou Sassole [uid=ebo0O4yOjYkK486s9SoqLuFc3tRe1vP1S2eE1IJxhV4=] left vehicle HAMMER_H1 black_rust (id=5877895E9F4C8718E7F19DA49AA485C9 pos=<6051.601074, 5.987196, 14642.894531>)
12:24:37.703 [VehicleCarKey] Player "Lou Sassole" (id=ebo0O4yOjYkK486s9SoqLuFc3tRe1vP1S2eE1IJxhV4= pos=<6054.199219, 6.013204, 14642.752930>) used the  ExpansionCarKey to lock HAMMER_H1_black_rust (id=5877895E9F4C8718E7F19DA49AA485C9 pos=<6051.601074, 5.987196, 14642.894531>)
12:26:17.042 [MissionAirdrop] An airdrop is heading towards "Oceanville" (pos=<10179.000000, 0.000000, 4722.000000> type=Random_Oceanville) with a ExpansionAirdropContainer_Medical
12:27:32.941 [VehicleCarKey] Player "Lou Sassole" (id=ebo0O4yOjYkK486s9SoqLuFc3tRe1vP1S2eE1IJxhV4= pos=<6053.306152, 6.013188, 14642.367188>) used the  ExpansionCarKey to unlock HAMMER_H1_black_rust (id=5877895E9F4C8718E7F19DA49AA485C9 pos=<6051.601074, 5.987196, 14642.894531>)
12:27:39.996 [VehicleEnter] Player Lou Sassole [uid=ebo0O4yOjYkK486s9SoqLuFc3tRe1vP1S2eE1IJxhV4=] entered vehicle HAMMER_H1 black_rust (id=5877895E9F4C8718E7F19DA49AA485C9 pos=<6051.601074, 5.987116, 14642.894531>) as driver
12:27:42.511 [VehicleEngine] Player Lou Sassole [uid=ebo0O4yOjYkK486s9SoqLuFc3tRe1vP1S2eE1IJxhV4=] started vehicle HAMMER_H1 black_rust (id=5877895E9F4C8718E7F19DA49AA485C9 pos=<6051.601074, 5.987119, 14642.894531>)
12:28:38.480 [AI Patrol] Spawning 3 Camp Eagle Patrol bots at <8840.682617, 45.639999, 3837.413574>
12:32:02.000 [VehicleCarKey] Player "Captain Sodomy" (id=VsEWQWxzvcTpDLQgc9tVyxq5TiqDS9O3QehdBa_YkH8= pos=<3764.396484, 11.453240, 9720.295898>) used the  ExpansionCarKey to lock M35a2_Rust (id=19061B2D654E325BBB111794CD60468F pos=<3760.097168, 11.398009, 9719.872070>)
12:33:06.777 [VehicleEnter] Player Captain Sodomy [uid=VsEWQWxzvcTpDLQgc9tVyxq5TiqDS9O3QehdBa_YkH8=] entered vehicle UH-1H (id=5D3E4F0721461F12AD9E3B8B37C3EECC pos=<3757.115479, 11.500237, 9757.934570>) as pilot
12:33:11.843 [VehicleEngine] Player Captain Sodomy [uid=VsEWQWxzvcTpDLQgc9tVyxq5TiqDS9O3QehdBa_YkH8=] started vehicle UH-1H (id=5D3E4F0721461F12AD9E3B8B37C3EECC pos=<3757.115479, 11.500241, 9757.934570>)
12:34:50.304 [VehicleLeave] Player Lou Sassole [uid=ebo0O4yOjYkK486s9SoqLuFc3tRe1vP1S2eE1IJxhV4=] left vehicle HAMMER_H1 black_rust (id=5877895E9F4C8718E7F19DA49AA485C9 pos=<10029.399414, 26.530350, 12514.182617>)
12:34:58.363 [VehicleCarKey] Player "Lou Sassole" (id=ebo0O4yOjYkK486s9SoqLuFc3tRe1vP1S2eE1IJxhV4= pos=<10025.282227, 26.502499, 12516.519531>) used the  ExpansionCarKey to lock HAMMER_H1_black_rust (id=5877895E9F4C8718E7F19DA49AA485C9 pos=<10029.399414, 26.530350, 12514.182617>)
12:36:54.445 [VehicleCarKey] Player "Lou Sassole" (id=ebo0O4yOjYkK486s9SoqLuFc3tRe1vP1S2eE1IJxhV4= pos=<10028.758789, 26.493925, 12510.833008>) used the  ExpansionCarKey to unlock HAMMER_H1_black_rust (id=5877895E9F4C8718E7F19DA49AA485C9 pos=<10029.399414, 26.530350, 12514.182617>)
12:37:03.644 [VehicleEngine] Player Captain Sodomy [uid=VsEWQWxzvcTpDLQgc9tVyxq5TiqDS9O3QehdBa_YkH8=] stopped vehicle UH-1H (id=5D3E4F0721461F12AD9E3B8B37C3EECC pos=<8747.362305, 24.785072, 12093.981445>)
12:37:06.738 [VehicleLeave] Player Captain Sodomy [uid=VsEWQWxzvcTpDLQgc9tVyxq5TiqDS9O3QehdBa_YkH8=] left vehicle UH-1H (id=5D3E4F0721461F12AD9E3B8B37C3EECC pos=<8747.049805, 23.995560, 12094.502930>)
12:37:09.816 [VehicleCarKey] Player "Lou Sassole" (id=ebo0O4yOjYkK486s9SoqLuFc3tRe1vP1S2eE1IJxhV4= pos=<10029.935547, 26.483612, 12510.186523>) used the  ExpansionCarKey to lock HAMMER_H1_black_rust (id=5877895E9F4C8718E7F19DA49AA485C9 pos=<10029.399414, 26.530350, 12514.182617>)
12:42:46.648 [VehicleCarKey] Player "Captain Sodomy" (id=VsEWQWxzvcTpDLQgc9tVyxq5TiqDS9O3QehdBa_YkH8= pos=<8737.971680, 2.291371, 12059.558594>) used the  ExpansionCarKey to unlock MotorHome_rust (id=773611AD8A45F14D4B5D3E906F8A09BB pos=<8737.589844, 3.581382, 12064.804688>)
12:45:31.683 [VehicleCarKey] Player "Lou Sassole" (id=ebo0O4yOjYkK486s9SoqLuFc3tRe1vP1S2eE1IJxhV4= pos=<10028.181641, 26.499311, 12511.045898>) used the  ExpansionCarKey to unlock HAMMER_H1_black_rust (id=5877895E9F4C8718E7F19DA49AA485C9 pos=<10029.399414, 26.530350, 12514.182617>)
12:45:38.589 [VehicleEnter] Player Lou Sassole [uid=ebo0O4yOjYkK486s9SoqLuFc3tRe1vP1S2eE1IJxhV4=] entered vehicle HAMMER_H1 black_rust (id=5877895E9F4C8718E7F19DA49AA485C9 pos=<10029.399414, 26.530350, 12514.182617>) as driver
12:45:41.289 [VehicleEngine] Player Lou Sassole [uid=ebo0O4yOjYkK486s9SoqLuFc3tRe1vP1S2eE1IJxhV4=] started vehicle HAMMER_H1 black_rust (id=5877895E9F4C8718E7F19DA49AA485C9 pos=<10029.399414, 26.530350, 12514.182617>)
12:49:59.406 [VehicleEngine] Player Lou Sassole [uid=ebo0O4yOjYkK486s9SoqLuFc3tRe1vP1S2eE1IJxhV4=] stopped vehicle HAMMER_H1 black_rust (id=5877895E9F4C8718E7F19DA49AA485C9 pos=<10997.793945, 5.473164, 10254.941406>)
12:50:01.640 [VehicleLeave] Player Lou Sassole [uid=ebo0O4yOjYkK486s9SoqLuFc3tRe1vP1S2eE1IJxhV4=] left vehicle HAMMER_H1 black_rust (id=5877895E9F4C8718E7F19DA49AA485C9 pos=<10997.793945, 5.473166, 10254.941406>)
12:50:05.839 [VehicleCarKey] Player "Lou Sassole" (id=ebo0O4yOjYkK486s9SoqLuFc3tRe1vP1S2eE1IJxhV4= pos=<10994.818359, 5.485327, 10255.964844>) used the  ExpansionCarKey to lock HAMMER_H1_black_rust (id=5877895E9F4C8718E7F19DA49AA485C9 pos=<10997.793945, 5.473163, 10254.941406>)
12:58:59.394 [VehicleCarKey] Player "Lou Sassole" (id=ebo0O4yOjYkK486s9SoqLuFc3tRe1vP1S2eE1IJxhV4= pos=<11001.646484, 5.392499, 10254.719727>) used the  ExpansionCarKey to unlock HAMMER_H1_black_rust (id=5877895E9F4C8718E7F19DA49AA485C9 pos=<10997.793945, 5.473163, 10254.941406>)
13:00:40.828 [VehicleEnter] Player Lou Sassole [uid=ebo0O4yOjYkK486s9SoqLuFc3tRe1vP1S2eE1IJxhV4=] entered vehicle HAMMER_H1 black_rust (id=5877895E9F4C8718E7F19DA49AA485C9 pos=<10997.793945, 5.473165, 10254.941406>) as driver
13:00:44.242 [VehicleEngine] Player Lou Sassole [uid=ebo0O4yOjYkK486s9SoqLuFc3tRe1vP1S2eE1IJxhV4=] started vehicle HAMMER_H1 black_rust (id=5877895E9F4C8718E7F19DA49AA485C9 pos=<10997.793945, 5.473173, 10254.941406>)
13:03:10.882 [VehicleEngine] Player Lou Sassole [uid=ebo0O4yOjYkK486s9SoqLuFc3tRe1vP1S2eE1IJxhV4=] stopped vehicle HAMMER_H1 black_rust (id=5877895E9F4C8718E7F19DA49AA485C9 pos=<11719.645508, 5.579954, 10078.390625>)
13:03:14.191 [VehicleLeave] Player Lou Sassole [uid=ebo0O4yOjYkK486s9SoqLuFc3tRe1vP1S2eE1IJxhV4=] left vehicle HAMMER_H1 black_rust (id=5877895E9F4C8718E7F19DA49AA485C9 pos=<11719.645508, 5.579950, 10078.390625>)
13:03:18.886 [VehicleCarKey] Player "Lou Sassole" (id=ebo0O4yOjYkK486s9SoqLuFc3tRe1vP1S2eE1IJxhV4= pos=<11717.591797, 5.516106, 10077.382813>) used the  ExpansionCarKey to lock HAMMER_H1_black_rust (id=5877895E9F4C8718E7F19DA49AA485C9 pos=<11719.645508, 5.579949, 10078.390625>)
13:04:09.945 [VehicleCarKey] Player "Lou Sassole" (id=ebo0O4yOjYkK486s9SoqLuFc3tRe1vP1S2eE1IJxhV4= pos=<11721.775391, 5.522563, 10078.184570>) used the  ExpansionCarKey to unlock HAMMER_H1_black_rust (id=5877895E9F4C8718E7F19DA49AA485C9 pos=<11719.645508, 5.579949, 10078.390625>)
13:04:46.351 [VehicleCarKey] Player "Lou Sassole" (id=ebo0O4yOjYkK486s9SoqLuFc3tRe1vP1S2eE1IJxhV4= pos=<11721.791016, 5.524188, 10079.366211>) used the  ExpansionCarKey to lock HAMMER_H1_black_rust (id=5877895E9F4C8718E7F19DA49AA485C9 pos=<11719.645508, 5.579949, 10078.390625>)
13:08:55.820 [Party] Player "Lou Sassole" (id=ebo0O4yOjYkK486s9SoqLuFc3tRe1vP1S2eE1IJxhV4=) left the party "Loosey Goosey" (id=28 ownerUID=ebo0O4yOjYkK486s9SoqLuFc3tRe1vP1S2eE1IJxhV4= ownerName=Lou Sassole)
13:22:13.898 [VehicleDeleted] MotorHome_rust (id=773611AD8A45F14D4B5D3E906F8A09BB pos=<8737.589844, 3.581382, 12064.804688>)
13:22:13.898 [VehicleCover] Player "Captain Sodomy" (id=VsEWQWxzvcTpDLQgc9tVyxq5TiqDS9O3QehdBa_YkH8= pos=<8736.123047, 2.286952, 12059.422852>) covered vehicle "MotorHome_rust" (GlobalID=80000000800000008000000080013E5C pos=<8737.589844, 3.581382, 12064.804688>)!
13:27:32.300 [Party] Player "tearsofdawn1066" (id=Sltx5zKJy7sVbO2kN3XTpRthB0wkULqErUtRpY6M_7o=) joinded the party "DIEHARD" (id=32 ownerUID=JmVdSu0kzNbOpwjpFV-MDcMB-Equ3yPY-l-COMb6HgY= ownerName=Nick Leadbeatter)
13:31:46.359 [VehicleEnter] Player Captain Sodomy [uid=VsEWQWxzvcTpDLQgc9tVyxq5TiqDS9O3QehdBa_YkH8=] entered vehicle UH-1H (id=5D3E4F0721461F12AD9E3B8B37C3EECC pos=<8747.294922, 23.989899, 12094.670898>) as pilot
13:31:49.960 [VehicleEngine] Player Captain Sodomy [uid=VsEWQWxzvcTpDLQgc9tVyxq5TiqDS9O3QehdBa_YkH8=] started vehicle UH-1H (id=5D3E4F0721461F12AD9E3B8B37C3EECC pos=<8747.294922, 23.989876, 12094.670898>)
13:33:16.906 [BaseRaiding] ExpansionWall6x3 (<7433.026367, 6.649996, 8423.703125>) Code set by player "tearsofdawn1066" (ID = "Sltx5zKJy7sVbO2kN3XTpRthB0wkULqErUtRpY6M_7o=" at <7430.986328, 6.662500, 8422.577148>) and the code is 8400
13:36:01.042 [Safezone] Player "Captain Sodomy" (id=VsEWQWxzvcTpDLQgc9tVyxq5TiqDS9O3QehdBa_YkH8= pos=<5684.541992, 136.418976, 5519.038574>) Entered the safezone
13:36:40.117 [VehicleEngine] Player Captain Sodomy [uid=VsEWQWxzvcTpDLQgc9tVyxq5TiqDS9O3QehdBa_YkH8=] stopped vehicle UH-1H (id=5D3E4F0721461F12AD9E3B8B37C3EECC pos=<5626.990234, 29.508482, 5360.336426>)
13:36:42.988 [VehicleLeave] Player Captain Sodomy [uid=VsEWQWxzvcTpDLQgc9tVyxq5TiqDS9O3QehdBa_YkH8=] left vehicle UH-1H (id=5D3E4F0721461F12AD9E3B8B37C3EECC pos=<5627.281250, 28.847605, 5360.515137>)
13:40:44.789 [Market] Player "Captain Sodomy" (id=VsEWQWxzvcTpDLQgc9tVyxq5TiqDS9O3QehdBa_YkH8=) has send a requested to sell expansionhelicopterbattery x1 at the trader "Vehicles (Lewis [VEHICLES])" in market zone "The Holler" (pos=<5632.000000, 32.000000, 5392.000000>).
13:40:44.894 [Market] Player "Captain Sodomy" (id=VsEWQWxzvcTpDLQgc9tVyxq5TiqDS9O3QehdBa_YkH8=) has sold expansionhelicopterbattery x1 at the trader "Vehicles (Lewis [VEHICLES])" in market zone "The Holler" (pos=<5632.000000, 32.000000, 5392.000000>) and got 9000.
13:41:24.628 [Market] Player "Captain Sodomy" (id=VsEWQWxzvcTpDLQgc9tVyxq5TiqDS9O3QehdBa_YkH8=) has send a requested to sell pelt_elderbear x1 at the trader "Hunting (Helga [HUNTING & FISHING])" in market zone "The Holler" (pos=<5632.000000, 32.000000, 5392.000000>).
13:41:24.765 [Market] Player "Captain Sodomy" (id=VsEWQWxzvcTpDLQgc9tVyxq5TiqDS9O3QehdBa_YkH8=) has sold pelt_elderbear x1 at the trader "Hunting (Helga [HUNTING & FISHING])" in market zone "The Holler" (pos=<5632.000000, 32.000000, 5392.000000>) and got 9000.
13:41:25.273 [Market] Player "Captain Sodomy" (id=VsEWQWxzvcTpDLQgc9tVyxq5TiqDS9O3QehdBa_YkH8=) has send a requested to sell pelt_elderbear x1 at the trader "Hunting (Helga [HUNTING & FISHING])" in market zone "The Holler" (pos=<5632.000000, 32.000000, 5392.000000>).
13:41:25.425 [Market] Player "Captain Sodomy" (id=VsEWQWxzvcTpDLQgc9tVyxq5TiqDS9O3QehdBa_YkH8=) has sold pelt_elderbear x1 at the trader "Hunting (Helga [HUNTING & FISHING])" in market zone "The Holler" (pos=<5632.000000, 32.000000, 5392.000000>) and got 9000.
13:41:44.335 [Market] Player "Captain Sodomy" (id=VsEWQWxzvcTpDLQgc9tVyxq5TiqDS9O3QehdBa_YkH8=) has send a requested to purchase jungleboots_beige x1 from the trader "Clothing_Accessories (Elias [CLOTHING & ACCESSORIES])" in market zone "The Holler" (pos=<5632.000000, 32.000000, 5392.000000>).
13:41:44.441 [Market] Player "Captain Sodomy" (id=VsEWQWxzvcTpDLQgc9tVyxq5TiqDS9O3QehdBa_YkH8=) has bought jungleboots_beige x1 from the trader "Clothing_Accessories (Elias [CLOTHING & ACCESSORIES])" in market zone "The Holler" (pos=<5632.000000, 32.000000, 5392.000000>) for a price of 85.
13:41:49.382 [Market] Player "Captain Sodomy" (id=VsEWQWxzvcTpDLQgc9tVyxq5TiqDS9O3QehdBa_YkH8=) has send a requested to sell combatboots_grey x1 at the trader "Clothing_Accessories (Elias [CLOTHING & ACCESSORIES])" in market zone "The Holler" (pos=<5632.000000, 32.000000, 5392.000000>).
13:41:49.539 [Market] Player "Captain Sodomy" (id=VsEWQWxzvcTpDLQgc9tVyxq5TiqDS9O3QehdBa_YkH8=) has sold combatboots_grey x1 at the trader "Clothing_Accessories (Elias [CLOTHING & ACCESSORIES])" in market zone "The Holler" (pos=<5632.000000, 32.000000, 5392.000000>) and got 45.
13:42:17.769 [Market] Player "Captain Sodomy" (id=VsEWQWxzvcTpDLQgc9tVyxq5TiqDS9O3QehdBa_YkH8=) has send a requested to purchase twp_m249_mag_200rnd x2 from the trader "Weapons (Oliver [WEAPONS])" in market zone "The Holler" (pos=<5632.000000, 32.000000, 5392.000000>).
13:42:17.878 [Market] Player "Captain Sodomy" (id=VsEWQWxzvcTpDLQgc9tVyxq5TiqDS9O3QehdBa_YkH8=) has bought twp_m249_mag_200rnd x2 from the trader "Weapons (Oliver [WEAPONS])" in market zone "The Holler" (pos=<5632.000000, 32.000000, 5392.000000>) for a price of 4800.
13:43:10.714 [Market] Player "Captain Sodomy" (id=VsEWQWxzvcTpDLQgc9tVyxq5TiqDS9O3QehdBa_YkH8=) has send a requested to purchase whetstone x10 from the trader "BuildingSupplies (Indar [BUILDINGS])" in market zone "The Holler" (pos=<5632.000000, 32.000000, 5392.000000>).
13:43:10.859 [Market] Player "Captain Sodomy" (id=VsEWQWxzvcTpDLQgc9tVyxq5TiqDS9O3QehdBa_YkH8=) has bought whetstone x10 from the trader "BuildingSupplies (Indar [BUILDINGS])" in market zone "The Holler" (pos=<5632.000000, 32.000000, 5392.000000>) for a price of 500.
13:43:15.199 [Market] Player "Captain Sodomy" (id=VsEWQWxzvcTpDLQgc9tVyxq5TiqDS9O3QehdBa_YkH8=) has send a requested to purchase hammer x3 from the trader "BuildingSupplies (Indar [BUILDINGS])" in market zone "The Holler" (pos=<5632.000000, 32.000000, 5392.000000>).
13:43:15.304 [Market] Player "Captain Sodomy" (id=VsEWQWxzvcTpDLQgc9tVyxq5TiqDS9O3QehdBa_YkH8=) has bought hammer x3 from the trader "BuildingSupplies (Indar [BUILDINGS])" in market zone "The Holler" (pos=<5632.000000, 32.000000, 5392.000000>) for a price of 21.
13:43:20.109 [Market] Player "Captain Sodomy" (id=VsEWQWxzvcTpDLQgc9tVyxq5TiqDS9O3QehdBa_YkH8=) has send a requested to purchase expansionpropanetorch x1 from the trader "BuildingSupplies (Indar [BUILDINGS])" in market zone "The Holler" (pos=<5632.000000, 32.000000, 5392.000000>).
13:43:20.257 [Market] Player "Captain Sodomy" (id=VsEWQWxzvcTpDLQgc9tVyxq5TiqDS9O3QehdBa_YkH8=) has bought expansionpropanetorch x1 from the trader "BuildingSupplies (Indar [BUILDINGS])" in market zone "The Holler" (pos=<5632.000000, 32.000000, 5392.000000>) for a price of 250.
13:43:33.738 [Market] Player "Captain Sodomy" (id=VsEWQWxzvcTpDLQgc9tVyxq5TiqDS9O3QehdBa_YkH8=) has send a requested to purchase expansioncamoboxkit x4 from the trader "BuildingSupplies (Indar [BUILDINGS])" in market zone "The Holler" (pos=<5632.000000, 32.000000, 5392.000000>).
13:43:33.863 [Market] Player "Captain Sodomy" (id=VsEWQWxzvcTpDLQgc9tVyxq5TiqDS9O3QehdBa_YkH8=) has bought expansioncamoboxkit x4 from the trader "BuildingSupplies (Indar [BUILDINGS])" in market zone "The Holler" (pos=<5632.000000, 32.000000, 5392.000000>) for a price of 10400.
13:44:29.281 [Market] Player "Captain Sodomy" (id=VsEWQWxzvcTpDLQgc9tVyxq5TiqDS9O3QehdBa_YkH8=) has send a requested to purchase xmaslights x4 from the trader "BuildingSupplies (Indar [BUILDINGS])" in market zone "The Holler" (pos=<5632.000000, 32.000000, 5392.000000>).
13:44:29.414 [Market] Player "Captain Sodomy" (id=VsEWQWxzvcTpDLQgc9tVyxq5TiqDS9O3QehdBa_YkH8=) has bought xmaslights x4 from the trader "BuildingSupplies (Indar [BUILDINGS])" in market zone "The Holler" (pos=<5632.000000, 32.000000, 5392.000000>) for a price of 100.
13:44:36.656 [Market] Player "Captain Sodomy" (id=VsEWQWxzvcTpDLQgc9tVyxq5TiqDS9O3QehdBa_YkH8=) has send a requested to purchase spotlight x2 from the trader "BuildingSupplies (Indar [BUILDINGS])" in market zone "The Holler" (pos=<5632.000000, 32.000000, 5392.000000>).
13:44:36.785 [Market] Player "Captain Sodomy" (id=VsEWQWxzvcTpDLQgc9tVyxq5TiqDS9O3QehdBa_YkH8=) has bought spotlight x2 from the trader "BuildingSupplies (Indar [BUILDINGS])" in market zone "The Holler" (pos=<5632.000000, 32.000000, 5392.000000>) for a price of 1200.
13:44:42.226 [Market] Player "Captain Sodomy" (id=VsEWQWxzvcTpDLQgc9tVyxq5TiqDS9O3QehdBa_YkH8=) has send a requested to purchase petrollighter x5 from the trader "BuildingSupplies (Indar [BUILDINGS])" in market zone "The Holler" (pos=<5632.000000, 32.000000, 5392.000000>).
13:44:42.359 [Market] Player "Captain Sodomy" (id=VsEWQWxzvcTpDLQgc9tVyxq5TiqDS9O3QehdBa_YkH8=) has bought petrollighter x5 from the trader "BuildingSupplies (Indar [BUILDINGS])" in market zone "The Holler" (pos=<5632.000000, 32.000000, 5392.000000>) for a price of 40.
13:45:03.894 [Market] Player "Captain Sodomy" (id=VsEWQWxzvcTpDLQgc9tVyxq5TiqDS9O3QehdBa_YkH8=) has send a requested to purchase expansiontoolbox x1 from the trader "BuildingSupplies (Indar [BUILDINGS])" in market zone "The Holler" (pos=<5632.000000, 32.000000, 5392.000000>).
13:45:04.019 [Market] Player "Captain Sodomy" (id=VsEWQWxzvcTpDLQgc9tVyxq5TiqDS9O3QehdBa_YkH8=) has bought expansiontoolbox x1 from the trader "BuildingSupplies (Indar [BUILDINGS])" in market zone "The Holler" (pos=<5632.000000, 32.000000, 5392.000000>) for a price of 3500.
13:45:22.964 [Market] Player "Captain Sodomy" (id=VsEWQWxzvcTpDLQgc9tVyxq5TiqDS9O3QehdBa_YkH8=) has send a requested to sell expansiontoolbox x1 at the trader "BuildingSupplies (Indar [BUILDINGS])" in market zone "The Holler" (pos=<5632.000000, 32.000000, 5392.000000>).
13:45:23.085 [Market] Player "Captain Sodomy" (id=VsEWQWxzvcTpDLQgc9tVyxq5TiqDS9O3QehdBa_YkH8=) has sold expansiontoolbox x1 at the trader "BuildingSupplies (Indar [BUILDINGS])" in market zone "The Holler" (pos=<5632.000000, 32.000000, 5392.000000>) and got 2625.
13:47:41.863 [VehicleEnter] Player Captain Sodomy [uid=VsEWQWxzvcTpDLQgc9tVyxq5TiqDS9O3QehdBa_YkH8=] entered vehicle UH-1H (id=5D3E4F0721461F12AD9E3B8B37C3EECC pos=<5627.276855, 28.850658, 5360.525391>) as pilot
13:47:46.609 [VehicleEngine] Player Captain Sodomy [uid=VsEWQWxzvcTpDLQgc9tVyxq5TiqDS9O3QehdBa_YkH8=] started vehicle UH-1H (id=5D3E4F0721461F12AD9E3B8B37C3EECC pos=<5627.276855, 28.850658, 5360.525391>)
13:48:10.128 [Party] Player "tearsofdawn1066" (id=Sltx5zKJy7sVbO2kN3XTpRthB0wkULqErUtRpY6M_7o=) left the party "DIEHARD" (id=32 ownerUID=JmVdSu0kzNbOpwjpFV-MDcMB-Equ3yPY-l-COMb6HgY= ownerName=Nick Leadbeatter)
13:48:29.128 [Safezone] Player "Captain Sodomy" (id=VsEWQWxzvcTpDLQgc9tVyxq5TiqDS9O3QehdBa_YkH8= pos=<5918.928223, 165.602814, 5868.303711>) Left the safezone
13:52:11.914 [VehicleEngine] Player Captain Sodomy [uid=VsEWQWxzvcTpDLQgc9tVyxq5TiqDS9O3QehdBa_YkH8=] stopped vehicle UH-1H (id=5D3E4F0721461F12AD9E3B8B37C3EECC pos=<8733.359375, 2.599923, 12050.959961>)
13:52:16.851 [VehicleLeave] Player Captain Sodomy [uid=VsEWQWxzvcTpDLQgc9tVyxq5TiqDS9O3QehdBa_YkH8=] left vehicle UH-1H (id=5D3E4F0721461F12AD9E3B8B37C3EECC pos=<8733.302734, 1.960660, 12050.922852>)
13:57:26.093 [VehicleEnter] Player Captain Sodomy [uid=VsEWQWxzvcTpDLQgc9tVyxq5TiqDS9O3QehdBa_YkH8=] entered vehicle UH-1H (id=5D3E4F0721461F12AD9E3B8B37C3EECC pos=<8733.318359, 2.051158, 12051.327148>) as pilot
13:57:30.093 [VehicleEngine] Player Captain Sodomy [uid=VsEWQWxzvcTpDLQgc9tVyxq5TiqDS9O3QehdBa_YkH8=] started vehicle UH-1H (id=5D3E4F0721461F12AD9E3B8B37C3EECC pos=<8733.318359, 2.051326, 12051.329102>)
14:01:53.320 [VehicleEngine] Player Captain Sodomy [uid=VsEWQWxzvcTpDLQgc9tVyxq5TiqDS9O3QehdBa_YkH8=] stopped vehicle UH-1H (id=5D3E4F0721461F12AD9E3B8B37C3EECC pos=<3762.490479, 13.047082, 9756.866211>)
14:01:56.839 [VehicleLeave] Player Captain Sodomy [uid=VsEWQWxzvcTpDLQgc9tVyxq5TiqDS9O3QehdBa_YkH8=] left vehicle UH-1H (id=5D3E4F0721461F12AD9E3B8B37C3EECC pos=<3761.845215, 11.479286, 9756.924805>)
14:09:18.742 [Party] Player "tearsofdawn1066" (id=Sltx5zKJy7sVbO2kN3XTpRthB0wkULqErUtRpY6M_7o=) joinded the party "DIEHARD" (id=32 ownerUID=JmVdSu0kzNbOpwjpFV-MDcMB-Equ3yPY-l-COMb6HgY= ownerName=Nick Leadbeatter)
14:09:57.644 [VehicleCarKey] Player "Captain Sodomy" (id=VsEWQWxzvcTpDLQgc9tVyxq5TiqDS9O3QehdBa_YkH8= pos=<3755.948975, 11.459320, 9718.727539>) used the  ExpansionCarKey to unlock M35a2_Rust (id=19061B2D654E325BBB111794CD60468F pos=<3760.097168, 11.398009, 9719.872070>)
14:15:10.210 [VehicleCarKey] Player "tearsofdawn1066" (id=Sltx5zKJy7sVbO2kN3XTpRthB0wkULqErUtRpY6M_7o= pos=<7424.942383, 6.928308, 8431.200195>) used the  ExpansionCarKey to lock PONTIAC_Dark_Red (id=99E0FCFA02406472844D8B8F3F535FCD pos=<7427.527344, 6.621431, 8433.820313>)
14:15:21.640 [VehicleDeleted] PONTIAC_Dark_Red (id=99E0FCFA02406472844D8B8F3F535FCD pos=<7427.527344, 6.621431, 8433.820313>)
14:15:21.640 [VehicleCover] Player "tearsofdawn1066" (id=Sltx5zKJy7sVbO2kN3XTpRthB0wkULqErUtRpY6M_7o= pos=<7424.827637, 6.662471, 8431.180664>) covered vehicle "PONTIAC_Dark_Red" (GlobalID=80000000800000008000000080016FC8 pos=<7427.527344, 6.621431, 8433.820313>)!
14:32:33.187 [BaseRaiding] ExpansionWall6x3 (<3699.952148, 13.133501, 9711.562500>) player "Captain Sodomy" (ID = "VsEWQWxzvcTpDLQgc9tVyxq5TiqDS9O3QehdBa_YkH8=" at <3700.356934, 13.133502, 9711.264648>) failed to enter the correct code.
14:32:33.187 [BaseRaiding] ExpansionWall6x3 (<3699.952148, 13.133501, 9711.562500>) The correct code was 1776 and the player tried 1989
14:36:05.089 [BaseBuildingRaiding] ------------------------- Expansion Base Raiding Damage Report -------------------------
14:36:05.089 [BaseBuildingRaiding] Player "Captain Sodomy" (ID VsEWQWxzvcTpDLQgc9tVyxq5TiqDS9O3QehdBa_YkH8=) at <3779.76, 11.46, 9733.9> damaged ExpansionWall6x3 at <3782.99, 11.29, 9749.49>
14:36:05.089 [BaseBuildingRaiding] They dealt 94.9866 * 1 = 94.9866 damage with Bullet_556x45 from TWP_M249
14:36:05.089 [BaseBuildingRaiding] GlobalHealth hitpoints decreased from 29620.1 to 29525.1
14:36:05.089 [BaseBuildingRaiding] ----------------------------------------------------------------------------------------
14:43:47.472 [AI Patrol] Spawning 3 Camp Bear Patrol bots at <8913.542969, 17.144934, 5902.492676>
14:44:52.324 [VehicleCover] Player "tearsofdawn1066" (id=Sltx5zKJy7sVbO2kN3XTpRthB0wkULqErUtRpY6M_7o= pos=<7425.639648, 6.700606, 8433.518555>) uncovered vehicle "PONTIAC_Dark_Red" (GlobalID=80000000800000008000000080016FC8 pos=<7427.527344, 6.621431, 8433.820313>)!
14:45:11.335 [VehicleCarKey] Player "tearsofdawn1066" (id=Sltx5zKJy7sVbO2kN3XTpRthB0wkULqErUtRpY6M_7o= pos=<7426.326172, 6.662455, 8430.722656>) used the  ExpansionCarKey to unlock PONTIAC_Dark_Red (id=04605134034FB93BF2F9A29A9BF6BA8F pos=<7427.527344, 6.621431, 8433.820313>)
14:45:27.542 [VehicleEnter] Player tearsofdawn1066 [uid=Sltx5zKJy7sVbO2kN3XTpRthB0wkULqErUtRpY6M_7o=] entered vehicle PONTIAC (Dark Red) (id=04605134034FB93BF2F9A29A9BF6BA8F pos=<7427.527344, 6.621431, 8433.820313>) as driver
14:45:32.023 [VehicleEngine] Player tearsofdawn1066 [uid=Sltx5zKJy7sVbO2kN3XTpRthB0wkULqErUtRpY6M_7o=] started vehicle PONTIAC (Dark Red) (id=04605134034FB93BF2F9A29A9BF6BA8F pos=<7427.527344, 6.621431, 8433.820313>)
14:48:30.492 [AI Patrol] Spawning 3 Power Plant Patrol bots at <4741.940918, 13.630409, 7061.184082>
14:50:28.789 [VehicleEngine] Player tearsofdawn1066 [uid=Sltx5zKJy7sVbO2kN3XTpRthB0wkULqErUtRpY6M_7o=] stopped vehicle PONTIAC (Dark Red) (id=04605134034FB93BF2F9A29A9BF6BA8F pos=<6637.045898, 15.061433, 6413.560059>)
14:50:33.664 [VehicleLeave] Player tearsofdawn1066 [uid=Sltx5zKJy7sVbO2kN3XTpRthB0wkULqErUtRpY6M_7o=] left vehicle PONTIAC (Dark Red) (id=04605134034FB93BF2F9A29A9BF6BA8F pos=<6637.045898, 15.061430, 6413.559570>)
14:51:16.828 [VehicleEnter] Player tearsofdawn1066 [uid=Sltx5zKJy7sVbO2kN3XTpRthB0wkULqErUtRpY6M_7o=] entered vehicle PONTIAC (Dark Red) (id=04605134034FB93BF2F9A29A9BF6BA8F pos=<6637.045898, 15.061430, 6413.559570>) as driver
14:51:18.449 [VehicleEngine] Player tearsofdawn1066 [uid=Sltx5zKJy7sVbO2kN3XTpRthB0wkULqErUtRpY6M_7o=] started vehicle PONTIAC (Dark Red) (id=04605134034FB93BF2F9A29A9BF6BA8F pos=<6637.045898, 15.061431, 6413.559570>)
14:54:04.601 [VehicleEngine] Player tearsofdawn1066 [uid=Sltx5zKJy7sVbO2kN3XTpRthB0wkULqErUtRpY6M_7o=] stopped vehicle PONTIAC (Dark Red) (id=04605134034FB93BF2F9A29A9BF6BA8F pos=<5418.057617, 36.864346, 6135.545898>)
14:54:38.273 [VehicleEngine] Player tearsofdawn1066 [uid=Sltx5zKJy7sVbO2kN3XTpRthB0wkULqErUtRpY6M_7o=] started vehicle PONTIAC (Dark Red) (id=04605134034FB93BF2F9A29A9BF6BA8F pos=<5418.057617, 36.864326, 6135.545898>)
14:55:40.585 [Safezone] Player "tearsofdawn1066" (id=Sltx5zKJy7sVbO2kN3XTpRthB0wkULqErUtRpY6M_7o= pos=<5662.845215, 29.553806, 5523.776367>) Entered the safezone
14:55:58.003 [VehicleEngine] Player tearsofdawn1066 [uid=Sltx5zKJy7sVbO2kN3XTpRthB0wkULqErUtRpY6M_7o=] stopped vehicle PONTIAC (Dark Red) (id=04605134034FB93BF2F9A29A9BF6BA8F pos=<5605.388672, 28.681570, 5393.618164>)
14:56:02.562 [VehicleLeave] Player tearsofdawn1066 [uid=Sltx5zKJy7sVbO2kN3XTpRthB0wkULqErUtRpY6M_7o=] left vehicle PONTIAC (Dark Red) (id=04605134034FB93BF2F9A29A9BF6BA8F pos=<5601.747559, 28.681093, 5390.513184>)
14:56:42.671 [Market] Player "tearsofdawn1066" (id=Sltx5zKJy7sVbO2kN3XTpRthB0wkULqErUtRpY6M_7o=) has send a requested to purchase cp_emptybag x100 from the trader "Weed (Naomi [WEED])" in market zone "The Holler" (pos=<5632.000000, 32.000000, 5392.000000>).
14:56:42.859 [Market] Player "tearsofdawn1066" (id=Sltx5zKJy7sVbO2kN3XTpRthB0wkULqErUtRpY6M_7o=) has bought cp_emptybag x100 from the trader "Weed (Naomi [WEED])" in market zone "The Holler" (pos=<5632.000000, 32.000000, 5392.000000>) for a price of 5000.
14:57:06.199 [VehicleCarKey] Player "Captain Sodomy" (id=VsEWQWxzvcTpDLQgc9tVyxq5TiqDS9O3QehdBa_YkH8= pos=<3757.474365, 11.443819, 9716.947266>) used the  ExpansionCarKey to lock M35a2_Rust (id=19061B2D654E325BBB111794CD60468F pos=<3760.097168, 11.398009, 9719.872070>)
14:57:15.453 [Market] Player "tearsofdawn1066" (id=Sltx5zKJy7sVbO2kN3XTpRthB0wkULqErUtRpY6M_7o=) has send a requested to sell cp_cannabisseedspackfuture x1 at the trader "Weed (Naomi [WEED])" in market zone "The Holler" (pos=<5632.000000, 32.000000, 5392.000000>).
14:57:15.652 [Market] Player "tearsofdawn1066" (id=Sltx5zKJy7sVbO2kN3XTpRthB0wkULqErUtRpY6M_7o=) has sold cp_cannabisseedspackfuture x1 at the trader "Weed (Naomi [WEED])" in market zone "The Holler" (pos=<5632.000000, 32.000000, 5392.000000>) and got 2700.
14:57:24.562 [Market] Player "tearsofdawn1066" (id=Sltx5zKJy7sVbO2kN3XTpRthB0wkULqErUtRpY6M_7o=) has send a requested to purchase cp_cannabisseedspackblackfrost x1 from the trader "Weed (Naomi [WEED])" in market zone "The Holler" (pos=<5632.000000, 32.000000, 5392.000000>).
14:57:24.757 [Market] Player "tearsofdawn1066" (id=Sltx5zKJy7sVbO2kN3XTpRthB0wkULqErUtRpY6M_7o=) has bought cp_cannabisseedspackblackfrost x1 from the trader "Weed (Naomi [WEED])" in market zone "The Holler" (pos=<5632.000000, 32.000000, 5392.000000>) for a price of 7200.
14:58:18.343 [VehicleEnter] Player Captain Sodomy [uid=VsEWQWxzvcTpDLQgc9tVyxq5TiqDS9O3QehdBa_YkH8=] entered vehicle UH-1H (id=5D3E4F0721461F12AD9E3B8B37C3EECC pos=<3761.906738, 11.490850, 9756.706055>) as pilot
14:58:21.062 [VehicleEngine] Player Captain Sodomy [uid=VsEWQWxzvcTpDLQgc9tVyxq5TiqDS9O3QehdBa_YkH8=] started vehicle UH-1H (id=5D3E4F0721461F12AD9E3B8B37C3EECC pos=<3761.906738, 11.490854, 9756.706055>)
14:58:23.167 [VehicleEnter] Player tearsofdawn1066 [uid=Sltx5zKJy7sVbO2kN3XTpRthB0wkULqErUtRpY6M_7o=] entered vehicle PONTIAC (Dark Red) (id=04605134034FB93BF2F9A29A9BF6BA8F pos=<5601.704590, 28.681429, 5390.478027>) as driver
14:58:24.902 [VehicleEngine] Player tearsofdawn1066 [uid=Sltx5zKJy7sVbO2kN3XTpRthB0wkULqErUtRpY6M_7o=] started vehicle PONTIAC (Dark Red) (id=04605134034FB93BF2F9A29A9BF6BA8F pos=<5601.704590, 28.681431, 5390.478027>)
14:59:23.964 [Safezone] Player "tearsofdawn1066" (id=Sltx5zKJy7sVbO2kN3XTpRthB0wkULqErUtRpY6M_7o= pos=<5614.121094, 16.251654, 5692.025879>) Left the safezone
15:01:15.433 [AI Patrol] Spawning 2 Shamans bots at <6862.516113, 10.558610, 6996.796875>
15:01:55.554 [VehicleEngine] Player tearsofdawn1066 [uid=Sltx5zKJy7sVbO2kN3XTpRthB0wkULqErUtRpY6M_7o=] stopped vehicle PONTIAC (Dark Red) (id=04605134034FB93BF2F9A29A9BF6BA8F pos=<6256.858887, 15.185429, 6147.592285>)
15:01:59.085 [VehicleLeave] Player tearsofdawn1066 [uid=Sltx5zKJy7sVbO2kN3XTpRthB0wkULqErUtRpY6M_7o=] left vehicle PONTIAC (Dark Red) (id=04605134034FB93BF2F9A29A9BF6BA8F pos=<6256.858887, 15.185424, 6147.592773>)
15:02:11.617 [VehicleEnter] Player tearsofdawn1066 [uid=Sltx5zKJy7sVbO2kN3XTpRthB0wkULqErUtRpY6M_7o=] entered vehicle PONTIAC (Dark Red) (id=04605134034FB93BF2F9A29A9BF6BA8F pos=<6256.858887, 15.185426, 6147.592773>) as driver
15:02:17.503 [VehicleEngine] Player tearsofdawn1066 [uid=Sltx5zKJy7sVbO2kN3XTpRthB0wkULqErUtRpY6M_7o=] started vehicle PONTIAC (Dark Red) (id=04605134034FB93BF2F9A29A9BF6BA8F pos=<6256.858887, 15.185429, 6147.592285>)
15:02:37.031 [VehicleEngine] Player Captain Sodomy [uid=VsEWQWxzvcTpDLQgc9tVyxq5TiqDS9O3QehdBa_YkH8=] stopped vehicle UH-1H (id=5D3E4F0721461F12AD9E3B8B37C3EECC pos=<8754.236328, 24.445051, 12097.438477>)
15:02:40.285 [VehicleLeave] Player Captain Sodomy [uid=VsEWQWxzvcTpDLQgc9tVyxq5TiqDS9O3QehdBa_YkH8=] left vehicle UH-1H (id=5D3E4F0721461F12AD9E3B8B37C3EECC pos=<8754.470703, 23.693810, 12097.126953>)
15:04:57.500 [VehicleEngine] Player tearsofdawn1066 [uid=Sltx5zKJy7sVbO2kN3XTpRthB0wkULqErUtRpY6M_7o=] stopped vehicle PONTIAC (Dark Red) (id=04605134034FB93BF2F9A29A9BF6BA8F pos=<6666.995605, 13.665425, 6972.038574>)
15:05:01.367 [VehicleLeave] Player tearsofdawn1066 [uid=Sltx5zKJy7sVbO2kN3XTpRthB0wkULqErUtRpY6M_7o=] left vehicle PONTIAC (Dark Red) (id=04605134034FB93BF2F9A29A9BF6BA8F pos=<6666.995605, 13.665400, 6972.038574>)
15:13:39.710 [VehicleEnter] Player tearsofdawn1066 [uid=Sltx5zKJy7sVbO2kN3XTpRthB0wkULqErUtRpY6M_7o=] entered vehicle PONTIAC (Dark Red) (id=04605134034FB93BF2F9A29A9BF6BA8F pos=<6666.995605, 13.665400, 6972.038574>) as driver
15:13:43.003 [VehicleEngine] Player tearsofdawn1066 [uid=Sltx5zKJy7sVbO2kN3XTpRthB0wkULqErUtRpY6M_7o=] started vehicle PONTIAC (Dark Red) (id=04605134034FB93BF2F9A29A9BF6BA8F pos=<6666.995605, 13.665400, 6972.038574>)
15:13:50.753 [VehicleLeave] Player tearsofdawn1066 [uid=Sltx5zKJy7sVbO2kN3XTpRthB0wkULqErUtRpY6M_7o=] left vehicle PONTIAC (Dark Red) (id=04605134034FB93BF2F9A29A9BF6BA8F pos=<6666.995605, 13.665400, 6972.038574>)
15:13:58.562 [VehicleEnter] Player tearsofdawn1066 [uid=Sltx5zKJy7sVbO2kN3XTpRthB0wkULqErUtRpY6M_7o=] entered vehicle PONTIAC (Dark Red) (id=04605134034FB93BF2F9A29A9BF6BA8F pos=<6666.995605, 13.665400, 6972.038574>) as driver
15:19:11.957 [VehicleEngine] Player tearsofdawn1066 [uid=Sltx5zKJy7sVbO2kN3XTpRthB0wkULqErUtRpY6M_7o=] stopped vehicle PONTIAC (Dark Red) (id=04605134034FB93BF2F9A29A9BF6BA8F pos=<7425.999023, 6.621430, 8440.851563>)
15:19:15.906 [VehicleLeave] Player tearsofdawn1066 [uid=Sltx5zKJy7sVbO2kN3XTpRthB0wkULqErUtRpY6M_7o=] left vehicle PONTIAC (Dark Red) (id=04605134034FB93BF2F9A29A9BF6BA8F pos=<7425.999512, 6.621430, 8440.851563>)
15:19:24.039 [VehicleCarKey] Player "tearsofdawn1066" (id=Sltx5zKJy7sVbO2kN3XTpRthB0wkULqErUtRpY6M_7o= pos=<7424.762207, 6.662500, 8440.034180>) used the  ExpansionCarKey to lock PONTIAC_Dark_Red (id=04605134034FB93BF2F9A29A9BF6BA8F pos=<7425.999023, 6.621430, 8440.851563>)
15:19:25.339 [VehicleCarKey] Player "tearsofdawn1066" (id=Sltx5zKJy7sVbO2kN3XTpRthB0wkULqErUtRpY6M_7o= pos=<7424.672852, 6.662500, 8437.618164>) used the  ExpansionCarKey to unlock PONTIAC_Dark_Red (id=04605134034FB93BF2F9A29A9BF6BA8F pos=<7425.999023, 6.621430, 8440.851563>)
15:19:41.972 [VehicleCarKey] Player "tearsofdawn1066" (id=Sltx5zKJy7sVbO2kN3XTpRthB0wkULqErUtRpY6M_7o= pos=<7426.615723, 6.662500, 8437.728516>) used the  ExpansionCarKey to lock PONTIAC_Dark_Red (id=04605134034FB93BF2F9A29A9BF6BA8F pos=<7425.999023, 6.621430, 8440.851563>)
15:43:02.503 [Party] Player "tearsofdawn1066" (id=Sltx5zKJy7sVbO2kN3XTpRthB0wkULqErUtRpY6M_7o=) left the party "DIEHARD" (id=32 ownerUID=JmVdSu0kzNbOpwjpFV-MDcMB-Equ3yPY-l-COMb6HgY= ownerName=Nick Leadbeatter)
16:03:57.070 [MissionAirdrop] An airdrop is heading towards "Sandy Bay" (pos=<4627.000000, 0.000000, 7507.000000> type=Random_Sandy Bay) with a ExpansionAirdropContainer_Basebuilding
16:07:35.609 [VehicleCover] Player "Captain Sodomy" (id=VsEWQWxzvcTpDLQgc9tVyxq5TiqDS9O3QehdBa_YkH8= pos=<8739.355469, 2.446653, 12063.815430>) uncovered vehicle "MotorHome_rust" (GlobalID=80000000800000008000000080013E5C pos=<8737.589844, 3.581382, 12064.804688>)!
16:08:43.785 [VehicleEnter] Player Captain Sodomy [uid=VsEWQWxzvcTpDLQgc9tVyxq5TiqDS9O3QehdBa_YkH8=] entered vehicle MotorHome rust (id=8BB12DFE1A44DD5A0CDA6089021AC654 pos=<8737.565430, 3.524664, 12064.822266>) as passenger
16:08:46.585 [VehicleLeave] Player Captain Sodomy [uid=VsEWQWxzvcTpDLQgc9tVyxq5TiqDS9O3QehdBa_YkH8=] left vehicle MotorHome rust (id=8BB12DFE1A44DD5A0CDA6089021AC654 pos=<8737.565430, 3.524664, 12064.822266>)
16:14:18.382 [VehicleDestroyed] MotorHome_rust (id=8BB12DFE1A44DD5A0CDA6089021AC654 pos=<8737.565430, 3.524664, 12064.822266>)
16:14:23.265 [BaseBuildingRaiding] ------------------------- Expansion Base Raiding Damage Report -------------------------
16:14:23.265 [BaseBuildingRaiding] Player "Captain Sodomy" (ID VsEWQWxzvcTpDLQgc9tVyxq5TiqDS9O3QehdBa_YkH8=) at <8740.4, 2.14, 12044.4> damaged ExpansionWall6x3 at <8743.98, 2.44, 12068.9>
16:14:23.265 [BaseBuildingRaiding] They dealt 93.8487 * 1 = 93.8487 damage with Bullet_556x45 from TWP_M249
16:14:23.265 [BaseBuildingRaiding] GlobalHealth hitpoints decreased from 30000 to 29906.2
16:14:23.265 [BaseBuildingRaiding] ----------------------------------------------------------------------------------------
16:20:21.417 [VehicleDeleted] MotorHome_rust (id=8BB12DFE1A44DD5A0CDA6089021AC654 pos=<8737.808594, 3.069932, 12064.552734>)
16:39:05.292 [Party] Player "Captain Sodomy" (id=VsEWQWxzvcTpDLQgc9tVyxq5TiqDS9O3QehdBa_YkH8=) left the party "Dirty Crew" (id=23 ownerUID=VsEWQWxzvcTpDLQgc9tVyxq5TiqDS9O3QehdBa_YkH8= ownerName=Condom Breath)
17:12:59.085 [Party] Player "Captain Sodomy" (id=VsEWQWxzvcTpDLQgc9tVyxq5TiqDS9O3QehdBa_YkH8=) joinded the party "Dirty Crew" (id=23 ownerUID=VsEWQWxzvcTpDLQgc9tVyxq5TiqDS9O3QehdBa_YkH8= ownerName=Condom Breath)
17:39:33.968 [Party] Player "Captain Sodomy" (id=VsEWQWxzvcTpDLQgc9tVyxq5TiqDS9O3QehdBa_YkH8=) left the party "Dirty Crew" (id=23 ownerUID=VsEWQWxzvcTpDLQgc9tVyxq5TiqDS9O3QehdBa_YkH8= ownerName=Condom Breath)
