00:01:24.998 [Party] Player "Captain Sodomy" (id=VsEWQWxzvcTpDLQgc9tVyxq5TiqDS9O3QehdBa_YkH8=) joinded the party "Dirty Crew" (id=23 ownerUID=VsEWQWxzvcTpDLQgc9tVyxq5TiqDS9O3QehdBa_YkH8= ownerName=Condom Breath)
00:07:15.887 [Party] Player "MaxCaliber" (id=s7vJf2NuCNme1MUM_sgLr2G3yzcxYg10pO0s-GAKExM=) joinded the party "Dirty Crew" (id=23 ownerUID=VsEWQWxzvcTpDLQgc9tVyxq5TiqDS9O3QehdBa_YkH8= ownerName=Condom Breath)
00:12:25.306 [AI Patrol] Spawning 3 Temple Patrol bots at <414.729523, 47.070000, 765.378723>
00:12:25.403 [AI Patrol] Spawning 3 Temple Patrol bots at <422.637909, 48.908298, 584.366943>
00:12:25.416 [AI Patrol] Spawning 3 Temple Patrol bots at <346.588013, 55.318199, 893.868469>
00:12:27.022 [VehicleEnter] Player MaxCaliber [uid=s7vJf2NuCNme1MUM_sgLr2G3yzcxYg10pO0s-GAKExM=] entered vehicle Mh-6 Little Bird (id=0302540B3741A1631ECF27AA904381BC pos=<6778.603027, 46.494747, 2093.423584>) as pilot
00:12:33.712 [VehicleEngine] Player MaxCaliber [uid=s7vJf2NuCNme1MUM_sgLr2G3yzcxYg10pO0s-GAKExM=] started vehicle Mh-6 Little Bird (id=0302540B3741A1631ECF27AA904381BC pos=<6778.603027, 46.494686, 2093.423584>)
00:14:26.466 [Safezone] Player "MaxCaliber" (id=s7vJf2NuCNme1MUM_sgLr2G3yzcxYg10pO0s-GAKExM= pos=<5769.262695, 183.397247, 5364.224121>) Entered the safezone
00:14:40.585 [Safezone] Player "MaxCaliber" (id=s7vJf2NuCNme1MUM_sgLr2G3yzcxYg10pO0s-GAKExM= pos=<5735.489746, 148.136322, 5517.709961>) Left the safezone
00:14:48.623 [Safezone] Player "MaxCaliber" (id=s7vJf2NuCNme1MUM_sgLr2G3yzcxYg10pO0s-GAKExM= pos=<5717.812988, 96.971558, 5504.158691>) Entered the safezone
00:15:49.462 [VehicleEngine] Player MaxCaliber [uid=s7vJf2NuCNme1MUM_sgLr2G3yzcxYg10pO0s-GAKExM=] stopped vehicle Mh-6 Little Bird (id=0302540B3741A1631ECF27AA904381BC pos=<5609.284180, 29.146265, 5355.968262>)
00:15:54.823 [VehicleLeave] Player MaxCaliber [uid=s7vJf2NuCNme1MUM_sgLr2G3yzcxYg10pO0s-GAKExM=] left vehicle Mh-6 Little Bird (id=0302540B3741A1631ECF27AA904381BC pos=<5609.300781, 28.928413, 5355.960938>)
00:16:32.506 [MissionAirdrop] An airdrop is heading towards "Hazelands" (pos=<4539.000000, 0.000000, 2317.000000> type=Random_Hazelands) with a ExpansionAirdropContainer
00:19:12.136 [Market] Player "MaxCaliber" (id=s7vJf2NuCNme1MUM_sgLr2G3yzcxYg10pO0s-GAKExM=) has send a requested to sell medievalboots x1 at the trader "Clothing_Accessories (Elias [CLOTHING & ACCESSORIES])" in market zone "The Holler" (pos=<5632.000000, 32.000000, 5392.000000>).
00:19:12.267 [Market] Player "MaxCaliber" (id=s7vJf2NuCNme1MUM_sgLr2G3yzcxYg10pO0s-GAKExM=) has sold medievalboots x1 at the trader "Clothing_Accessories (Elias [CLOTHING & ACCESSORIES])" in market zone "The Holler" (pos=<5632.000000, 32.000000, 5392.000000>) and got 492.
00:19:25.613 [Market] Player "MaxCaliber" (id=s7vJf2NuCNme1MUM_sgLr2G3yzcxYg10pO0s-GAKExM=) has send a requested to sell chainmail x1 at the trader "Clothing_Accessories (Elias [CLOTHING & ACCESSORIES])" in market zone "The Holler" (pos=<5632.000000, 32.000000, 5392.000000>).
00:19:25.749 [Market] Player "MaxCaliber" (id=s7vJf2NuCNme1MUM_sgLr2G3yzcxYg10pO0s-GAKExM=) has sold chainmail x1 at the trader "Clothing_Accessories (Elias [CLOTHING & ACCESSORIES])" in market zone "The Holler" (pos=<5632.000000, 32.000000, 5392.000000>) and got 1781.
00:19:28.648 [Market] Player "MaxCaliber" (id=s7vJf2NuCNme1MUM_sgLr2G3yzcxYg10pO0s-GAKExM=) has send a requested to sell tacticalgoggles x1 at the trader "Clothing_Accessories (Elias [CLOTHING & ACCESSORIES])" in market zone "The Holler" (pos=<5632.000000, 32.000000, 5392.000000>).
00:19:28.765 [Market] Player "MaxCaliber" (id=s7vJf2NuCNme1MUM_sgLr2G3yzcxYg10pO0s-GAKExM=) has sold tacticalgoggles x1 at the trader "Clothing_Accessories (Elias [CLOTHING & ACCESSORIES])" in market zone "The Holler" (pos=<5632.000000, 32.000000, 5392.000000>) and got 22.
00:20:52.516 [Market] Player "MaxCaliber" (id=s7vJf2NuCNme1MUM_sgLr2G3yzcxYg10pO0s-GAKExM=) has send a requested to sell twp_colt1911stainless x1 at the trader "Weapons (Oliver [WEAPONS])" in market zone "The Holler" (pos=<5632.000000, 32.000000, 5392.000000>).
00:20:52.646 [Market] Player "MaxCaliber" (id=s7vJf2NuCNme1MUM_sgLr2G3yzcxYg10pO0s-GAKExM=) has sold twp_colt1911stainless x1 at the trader "Weapons (Oliver [WEAPONS])" in market zone "The Holler" (pos=<5632.000000, 32.000000, 5392.000000>) and got 440.
00:20:54.136 [Market] Player "MaxCaliber" (id=s7vJf2NuCNme1MUM_sgLr2G3yzcxYg10pO0s-GAKExM=) has send a requested to sell twp_m60 x1 at the trader "Weapons (Oliver [WEAPONS])" in market zone "The Holler" (pos=<5632.000000, 32.000000, 5392.000000>).
00:20:54.282 [Market] Player "MaxCaliber" (id=s7vJf2NuCNme1MUM_sgLr2G3yzcxYg10pO0s-GAKExM=) has sold twp_m60 x1 at the trader "Weapons (Oliver [WEAPONS])" in market zone "The Holler" (pos=<5632.000000, 32.000000, 5392.000000>) and got 3750.
00:20:55.498 [Market] Player "MaxCaliber" (id=s7vJf2NuCNme1MUM_sgLr2G3yzcxYg10pO0s-GAKExM=) has send a requested to sell twp_deserteagle_sacred x1 at the trader "Weapons (Oliver [WEAPONS])" in market zone "The Holler" (pos=<5632.000000, 32.000000, 5392.000000>).
00:20:55.631 [Market] Player "MaxCaliber" (id=s7vJf2NuCNme1MUM_sgLr2G3yzcxYg10pO0s-GAKExM=) has sold twp_deserteagle_sacred x1 at the trader "Weapons (Oliver [WEAPONS])" in market zone "The Holler" (pos=<5632.000000, 32.000000, 5392.000000>) and got 2073.
00:20:56.318 [Market] Player "MaxCaliber" (id=s7vJf2NuCNme1MUM_sgLr2G3yzcxYg10pO0s-GAKExM=) has send a requested to sell glock19 x1 at the trader "Weapons (Oliver [WEAPONS])" in market zone "The Holler" (pos=<5632.000000, 32.000000, 5392.000000>).
00:20:56.461 [Market] Player "MaxCaliber" (id=s7vJf2NuCNme1MUM_sgLr2G3yzcxYg10pO0s-GAKExM=) has sold glock19 x1 at the trader "Weapons (Oliver [WEAPONS])" in market zone "The Holler" (pos=<5632.000000, 32.000000, 5392.000000>) and got 225.
00:21:02.366 [Market] Player "MaxCaliber" (id=s7vJf2NuCNme1MUM_sgLr2G3yzcxYg10pO0s-GAKExM=) has send a requested to sell twp_smithwesson_knife_green x1 at the trader "WeaponAccessories (Rolf [WEAPON ACCESSORIES])" in market zone "The Holler" (pos=<5632.000000, 32.000000, 5392.000000>).
00:21:02.464 [Market] Player "MaxCaliber" (id=s7vJf2NuCNme1MUM_sgLr2G3yzcxYg10pO0s-GAKExM=) has sold twp_smithwesson_knife_green x1 at the trader "WeaponAccessories (Rolf [WEAPON ACCESSORIES])" in market zone "The Holler" (pos=<5632.000000, 32.000000, 5392.000000>) and got 862.
00:21:08.810 [Market] Player "MaxCaliber" (id=s7vJf2NuCNme1MUM_sgLr2G3yzcxYg10pO0s-GAKExM=) has send a requested to sell mvs_warriorhelmet_black_camo x1 at the trader "Clothing_Accessories (Elias [CLOTHING & ACCESSORIES])" in market zone "The Holler" (pos=<5632.000000, 32.000000, 5392.000000>).
00:21:08.956 [Market] Player "MaxCaliber" (id=s7vJf2NuCNme1MUM_sgLr2G3yzcxYg10pO0s-GAKExM=) has sold mvs_warriorhelmet_black_camo x1 at the trader "Clothing_Accessories (Elias [CLOTHING & ACCESSORIES])" in market zone "The Holler" (pos=<5632.000000, 32.000000, 5392.000000>) and got 735.
00:21:11.610 [Market] Player "MaxCaliber" (id=s7vJf2NuCNme1MUM_sgLr2G3yzcxYg10pO0s-GAKExM=) has send a requested to sell mvs_holster_multicam_black x1 at the trader "Clothing_Accessories (Elias [CLOTHING & ACCESSORIES])" in market zone "The Holler" (pos=<5632.000000, 32.000000, 5392.000000>).
00:21:11.740 [Market] Player "MaxCaliber" (id=s7vJf2NuCNme1MUM_sgLr2G3yzcxYg10pO0s-GAKExM=) has sold mvs_holster_multicam_black x1 at the trader "Clothing_Accessories (Elias [CLOTHING & ACCESSORIES])" in market zone "The Holler" (pos=<5632.000000, 32.000000, 5392.000000>) and got 450.
00:21:12.493 [Market] Player "MaxCaliber" (id=s7vJf2NuCNme1MUM_sgLr2G3yzcxYg10pO0s-GAKExM=) has send a requested to sell mvs_medical_pouch_od x1 at the trader "Clothing_Accessories (Elias [CLOTHING & ACCESSORIES])" in market zone "The Holler" (pos=<5632.000000, 32.000000, 5392.000000>).
00:21:12.635 [Market] Player "MaxCaliber" (id=s7vJf2NuCNme1MUM_sgLr2G3yzcxYg10pO0s-GAKExM=) has sold mvs_medical_pouch_od x1 at the trader "Clothing_Accessories (Elias [CLOTHING & ACCESSORIES])" in market zone "The Holler" (pos=<5632.000000, 32.000000, 5392.000000>) and got 450.
00:21:13.343 [Market] Player "MaxCaliber" (id=s7vJf2NuCNme1MUM_sgLr2G3yzcxYg10pO0s-GAKExM=) has send a requested to sell mvs_sheath_multicam_black x1 at the trader "Clothing_Accessories (Elias [CLOTHING & ACCESSORIES])" in market zone "The Holler" (pos=<5632.000000, 32.000000, 5392.000000>).
00:21:13.489 [Market] Player "MaxCaliber" (id=s7vJf2NuCNme1MUM_sgLr2G3yzcxYg10pO0s-GAKExM=) has sold mvs_sheath_multicam_black x1 at the trader "Clothing_Accessories (Elias [CLOTHING & ACCESSORIES])" in market zone "The Holler" (pos=<5632.000000, 32.000000, 5392.000000>) and got 450.
00:21:35.119 [VehicleEnter] Player Captain Sodomy [uid=VsEWQWxzvcTpDLQgc9tVyxq5TiqDS9O3QehdBa_YkH8=] entered vehicle UH-1H (id=187584F1F0434951F27F27B640BA95A3 pos=<8742.022461, 23.996059, 12098.818359>) as pilot
00:21:38.472 [VehicleEngine] Player Captain Sodomy [uid=VsEWQWxzvcTpDLQgc9tVyxq5TiqDS9O3QehdBa_YkH8=] started vehicle UH-1H (id=187584F1F0434951F27F27B640BA95A3 pos=<8742.024414, 23.996666, 12098.820313>)
00:21:44.811 [Market] Player "MaxCaliber" (id=s7vJf2NuCNme1MUM_sgLr2G3yzcxYg10pO0s-GAKExM=) has send a requested to sell mvs_assault_pack_forest_bunker x1 at the trader "Clothing_Accessories (Elias [CLOTHING & ACCESSORIES])" in market zone "The Holler" (pos=<5632.000000, 32.000000, 5392.000000>).
00:21:44.975 [Market] Player "MaxCaliber" (id=s7vJf2NuCNme1MUM_sgLr2G3yzcxYg10pO0s-GAKExM=) has sold mvs_assault_pack_forest_bunker x1 at the trader "Clothing_Accessories (Elias [CLOTHING & ACCESSORIES])" in market zone "The Holler" (pos=<5632.000000, 32.000000, 5392.000000>) and got 2415.
00:22:32.299 [VehicleEngine] Player Captain Sodomy [uid=VsEWQWxzvcTpDLQgc9tVyxq5TiqDS9O3QehdBa_YkH8=] stopped vehicle UH-1H (id=187584F1F0434951F27F27B640BA95A3 pos=<8725.593750, 12.369357, 12078.484375>)
00:22:35.210 [VehicleLeave] Player Captain Sodomy [uid=VsEWQWxzvcTpDLQgc9tVyxq5TiqDS9O3QehdBa_YkH8=] left vehicle UH-1H (id=187584F1F0434951F27F27B640BA95A3 pos=<8725.628906, 12.275612, 12078.173828>)
00:22:40.141 [Market] Player "MaxCaliber" (id=s7vJf2NuCNme1MUM_sgLr2G3yzcxYg10pO0s-GAKExM=) has send a requested to sell personalradio x1 at the trader "Special (Eva [SPECIALTY ITEMS])" in market zone "The Holler" (pos=<5632.000000, 32.000000, 5392.000000>).
00:22:40.260 [Market] Player "MaxCaliber" (id=s7vJf2NuCNme1MUM_sgLr2G3yzcxYg10pO0s-GAKExM=) has sold personalradio x1 at the trader "Special (Eva [SPECIALTY ITEMS])" in market zone "The Holler" (pos=<5632.000000, 32.000000, 5392.000000>) and got 75.
00:22:41.025 [Market] Player "MaxCaliber" (id=s7vJf2NuCNme1MUM_sgLr2G3yzcxYg10pO0s-GAKExM=) has send a requested to sell nvgoggles x1 at the trader "Special (Eva [SPECIALTY ITEMS])" in market zone "The Holler" (pos=<5632.000000, 32.000000, 5392.000000>).
00:22:41.146 [Market] Player "MaxCaliber" (id=s7vJf2NuCNme1MUM_sgLr2G3yzcxYg10pO0s-GAKExM=) has sold nvgoggles x1 at the trader "Special (Eva [SPECIALTY ITEMS])" in market zone "The Holler" (pos=<5632.000000, 32.000000, 5392.000000>) and got 3000.
00:23:17.198 [Market] Player "MaxCaliber" (id=s7vJf2NuCNme1MUM_sgLr2G3yzcxYg10pO0s-GAKExM=) has send a requested to sell shovel x1 at the trader "BuildingSupplies (Indar [BUILDINGS])" in market zone "The Holler" (pos=<5632.000000, 32.000000, 5392.000000>).
00:23:17.334 [Market] Player "MaxCaliber" (id=s7vJf2NuCNme1MUM_sgLr2G3yzcxYg10pO0s-GAKExM=) has sold shovel x1 at the trader "BuildingSupplies (Indar [BUILDINGS])" in market zone "The Holler" (pos=<5632.000000, 32.000000, 5392.000000>) and got 4.
00:23:33.567 [Market] Player "MaxCaliber" (id=s7vJf2NuCNme1MUM_sgLr2G3yzcxYg10pO0s-GAKExM=) has send a requested to sell expansioncodelock x1 at the trader "BuildingSupplies (Indar [BUILDINGS])" in market zone "The Holler" (pos=<5632.000000, 32.000000, 5392.000000>).
00:23:33.702 [Market] Player "MaxCaliber" (id=s7vJf2NuCNme1MUM_sgLr2G3yzcxYg10pO0s-GAKExM=) has sold expansioncodelock x1 at the trader "BuildingSupplies (Indar [BUILDINGS])" in market zone "The Holler" (pos=<5632.000000, 32.000000, 5392.000000>) and got 2362.
00:23:45.319 [Market] Player "MaxCaliber" (id=s7vJf2NuCNme1MUM_sgLr2G3yzcxYg10pO0s-GAKExM=) has send a requested to purchase universallight x1 from the trader "BuildingSupplies (Indar [BUILDINGS])" in market zone "The Holler" (pos=<5632.000000, 32.000000, 5392.000000>).
00:23:45.471 [Market] Player "MaxCaliber" (id=s7vJf2NuCNme1MUM_sgLr2G3yzcxYg10pO0s-GAKExM=) has bought universallight x1 from the trader "BuildingSupplies (Indar [BUILDINGS])" in market zone "The Holler" (pos=<5632.000000, 32.000000, 5392.000000>) for a price of 120.
00:23:55.617 [Market] Player "MaxCaliber" (id=s7vJf2NuCNme1MUM_sgLr2G3yzcxYg10pO0s-GAKExM=) has send a requested to purchase blowtorch x1 from the trader "BuildingSupplies (Indar [BUILDINGS])" in market zone "The Holler" (pos=<5632.000000, 32.000000, 5392.000000>).
00:23:55.762 [Market] Player "MaxCaliber" (id=s7vJf2NuCNme1MUM_sgLr2G3yzcxYg10pO0s-GAKExM=) has bought blowtorch x1 from the trader "BuildingSupplies (Indar [BUILDINGS])" in market zone "The Holler" (pos=<5632.000000, 32.000000, 5392.000000>) for a price of 330.
00:23:57.736 [Market] Player "MaxCaliber" (id=s7vJf2NuCNme1MUM_sgLr2G3yzcxYg10pO0s-GAKExM=) has send a requested to purchase pipewrench x1 from the trader "BuildingSupplies (Indar [BUILDINGS])" in market zone "The Holler" (pos=<5632.000000, 32.000000, 5392.000000>).
00:23:57.883 [Market] Player "MaxCaliber" (id=s7vJf2NuCNme1MUM_sgLr2G3yzcxYg10pO0s-GAKExM=) has bought pipewrench x1 from the trader "BuildingSupplies (Indar [BUILDINGS])" in market zone "The Holler" (pos=<5632.000000, 32.000000, 5392.000000>) for a price of 5.
00:24:04.225 [Market] Player "MaxCaliber" (id=s7vJf2NuCNme1MUM_sgLr2G3yzcxYg10pO0s-GAKExM=) has send a requested to purchase pliers x1 from the trader "BuildingSupplies (Indar [BUILDINGS])" in market zone "The Holler" (pos=<5632.000000, 32.000000, 5392.000000>).
00:24:04.374 [Market] Player "MaxCaliber" (id=s7vJf2NuCNme1MUM_sgLr2G3yzcxYg10pO0s-GAKExM=) has bought pliers x1 from the trader "BuildingSupplies (Indar [BUILDINGS])" in market zone "The Holler" (pos=<5632.000000, 32.000000, 5392.000000>) for a price of 4.
00:24:05.141 [Market] Player "MaxCaliber" (id=s7vJf2NuCNme1MUM_sgLr2G3yzcxYg10pO0s-GAKExM=) has send a requested to purchase lockpick x1 from the trader "BuildingSupplies (Indar [BUILDINGS])" in market zone "The Holler" (pos=<5632.000000, 32.000000, 5392.000000>).
00:24:05.258 [Market] Player "MaxCaliber" (id=s7vJf2NuCNme1MUM_sgLr2G3yzcxYg10pO0s-GAKExM=) has bought lockpick x1 from the trader "BuildingSupplies (Indar [BUILDINGS])" in market zone "The Holler" (pos=<5632.000000, 32.000000, 5392.000000>) for a price of 20.
00:24:06.792 [Market] Player "MaxCaliber" (id=s7vJf2NuCNme1MUM_sgLr2G3yzcxYg10pO0s-GAKExM=) has send a requested to purchase hatchet x1 from the trader "BuildingSupplies (Indar [BUILDINGS])" in market zone "The Holler" (pos=<5632.000000, 32.000000, 5392.000000>).
00:24:06.925 [Market] Player "MaxCaliber" (id=s7vJf2NuCNme1MUM_sgLr2G3yzcxYg10pO0s-GAKExM=) has bought hatchet x1 from the trader "BuildingSupplies (Indar [BUILDINGS])" in market zone "The Holler" (pos=<5632.000000, 32.000000, 5392.000000>) for a price of 10.
00:24:31.770 [VehicleEnter] Player Captain Sodomy [uid=VsEWQWxzvcTpDLQgc9tVyxq5TiqDS9O3QehdBa_YkH8=] entered vehicle UH-1H (id=5D3E4F0721461F12AD9E3B8B37C3EECC pos=<8755.821289, 23.970737, 12090.989258>) as pilot
00:24:35.599 [VehicleEngine] Player Captain Sodomy [uid=VsEWQWxzvcTpDLQgc9tVyxq5TiqDS9O3QehdBa_YkH8=] started vehicle UH-1H (id=5D3E4F0721461F12AD9E3B8B37C3EECC pos=<8755.821289, 23.970648, 12090.989258>)
00:24:44.064 [Market] Player "MaxCaliber" (id=s7vJf2NuCNme1MUM_sgLr2G3yzcxYg10pO0s-GAKExM=) has send a requested to purchase expansionspraycanmh6wasp x1 from the trader "BuildingSupplies (Indar [BUILDINGS])" in market zone "The Holler" (pos=<5632.000000, 32.000000, 5392.000000>).
00:24:44.198 [Market] Player "MaxCaliber" (id=s7vJf2NuCNme1MUM_sgLr2G3yzcxYg10pO0s-GAKExM=) has bought expansionspraycanmh6wasp x1 from the trader "BuildingSupplies (Indar [BUILDINGS])" in market zone "The Holler" (pos=<5632.000000, 32.000000, 5392.000000>) for a price of 100.
00:25:41.581 [VehicleEngine] Player Captain Sodomy [uid=VsEWQWxzvcTpDLQgc9tVyxq5TiqDS9O3QehdBa_YkH8=] stopped vehicle UH-1H (id=5D3E4F0721461F12AD9E3B8B37C3EECC pos=<8734.107422, 12.151571, 12075.836914>)
00:25:45.206 [VehicleLeave] Player Captain Sodomy [uid=VsEWQWxzvcTpDLQgc9tVyxq5TiqDS9O3QehdBa_YkH8=] left vehicle UH-1H (id=5D3E4F0721461F12AD9E3B8B37C3EECC pos=<8733.965820, 12.047277, 12075.817383>)
00:25:52.472 [Market] Player "MaxCaliber" (id=s7vJf2NuCNme1MUM_sgLr2G3yzcxYg10pO0s-GAKExM=) has send a requested to sell expansionspraycanmh6wasp x1 at the trader "BuildingSupplies (Indar [BUILDINGS])" in market zone "The Holler" (pos=<5632.000000, 32.000000, 5392.000000>).
00:25:52.568 [Market] Player "MaxCaliber" (id=s7vJf2NuCNme1MUM_sgLr2G3yzcxYg10pO0s-GAKExM=) has sold expansionspraycanmh6wasp x1 at the trader "BuildingSupplies (Indar [BUILDINGS])" in market zone "The Holler" (pos=<5632.000000, 32.000000, 5392.000000>) and got 70.
00:25:56.466 [VehicleEnter] Player Captain Sodomy [uid=VsEWQWxzvcTpDLQgc9tVyxq5TiqDS9O3QehdBa_YkH8=] entered vehicle UH-1H (id=187584F1F0434951F27F27B640BA95A3 pos=<8725.666016, 12.276590, 12078.176758>) as pilot
00:25:59.320 [Market] Player "MaxCaliber" (id=s7vJf2NuCNme1MUM_sgLr2G3yzcxYg10pO0s-GAKExM=) has send a requested to sell smallgascanister x1 at the trader "BuildingSupplies (Indar [BUILDINGS])" in market zone "The Holler" (pos=<5632.000000, 32.000000, 5392.000000>).
00:25:59.414 [Market] Player "MaxCaliber" (id=s7vJf2NuCNme1MUM_sgLr2G3yzcxYg10pO0s-GAKExM=) has sold smallgascanister x1 at the trader "BuildingSupplies (Indar [BUILDINGS])" in market zone "The Holler" (pos=<5632.000000, 32.000000, 5392.000000>) and got 60.
00:25:59.487 [VehicleEngine] Player Captain Sodomy [uid=VsEWQWxzvcTpDLQgc9tVyxq5TiqDS9O3QehdBa_YkH8=] started vehicle UH-1H (id=187584F1F0434951F27F27B640BA95A3 pos=<8725.666016, 12.276558, 12078.176758>)
00:26:05.100 [Market] Player "MaxCaliber" (id=s7vJf2NuCNme1MUM_sgLr2G3yzcxYg10pO0s-GAKExM=) has send a requested to purchase largegascanister x1 from the trader "BuildingSupplies (Indar [BUILDINGS])" in market zone "The Holler" (pos=<5632.000000, 32.000000, 5392.000000>).
00:26:05.232 [Market] Player "MaxCaliber" (id=s7vJf2NuCNme1MUM_sgLr2G3yzcxYg10pO0s-GAKExM=) has bought largegascanister x1 from the trader "BuildingSupplies (Indar [BUILDINGS])" in market zone "The Holler" (pos=<5632.000000, 32.000000, 5392.000000>) for a price of 200.
00:26:13.713 [VehicleEngine] Player Captain Sodomy [uid=VsEWQWxzvcTpDLQgc9tVyxq5TiqDS9O3QehdBa_YkH8=] stopped vehicle UH-1H (id=187584F1F0434951F27F27B640BA95A3 pos=<8725.732422, 12.685102, 12076.212891>)
00:26:20.851 [VehicleLeave] Player Captain Sodomy [uid=VsEWQWxzvcTpDLQgc9tVyxq5TiqDS9O3QehdBa_YkH8=] left vehicle UH-1H (id=187584F1F0434951F27F27B640BA95A3 pos=<8725.768555, 12.043642, 12074.781250>)
00:27:12.038 [VehicleAttachments] Player MaxCaliber (uid=s7vJf2NuCNme1MUM_sgLr2G3yzcxYg10pO0s-GAKExM=) detached Mh-6 Front-Left Door (type=Expansion_Mh6_Door_1_1_Speedy) from vehicle Mh-6 Little Bird(id=0302540B3741A1631ECF27AA904381BC pos=<5609.298340, 28.928116, 5355.958496>)
00:27:23.667 [VehicleAttachments] Player MaxCaliber (uid=s7vJf2NuCNme1MUM_sgLr2G3yzcxYg10pO0s-GAKExM=) detached Mh-6 Back-Right Door (type=Expansion_Mh6_Door_2_2_Speedy) from vehicle Mh-6 Little Bird(id=0302540B3741A1631ECF27AA904381BC pos=<5609.298828, 28.928162, 5355.957520>)
00:27:56.232 [VehicleAttachments] Player MaxCaliber (uid=s7vJf2NuCNme1MUM_sgLr2G3yzcxYg10pO0s-GAKExM=) detached Mh-6 Back-Left Door (type=Expansion_Mh6_Door_2_1_Speedy) from vehicle Mh-6 Little Bird(id=0302540B3741A1631ECF27AA904381BC pos=<5609.298828, 28.928171, 5355.958008>)
00:28:35.300 [VehicleAttachments] Player MaxCaliber (uid=s7vJf2NuCNme1MUM_sgLr2G3yzcxYg10pO0s-GAKExM=) detached Mh-6 Front-Right Door (type=Expansion_Mh6_Door_1_2_Speedy) from vehicle Mh-6 Little Bird(id=0302540B3741A1631ECF27AA904381BC pos=<5609.298828, 28.928194, 5355.958008>)
00:29:36.993 [Party] Player "Captain Sodomy" (id=VsEWQWxzvcTpDLQgc9tVyxq5TiqDS9O3QehdBa_YkH8=) left the party "Dirty Crew" (id=23 ownerUID=VsEWQWxzvcTpDLQgc9tVyxq5TiqDS9O3QehdBa_YkH8= ownerName=Condom Breath)
00:30:57.909 [Market] Player "MaxCaliber" (id=s7vJf2NuCNme1MUM_sgLr2G3yzcxYg10pO0s-GAKExM=) has send a requested to sell ammobox_545x39_20rnd x1 at the trader "WeaponAccessories (Rolf [WEAPON ACCESSORIES])" in market zone "The Holler" (pos=<5632.000000, 32.000000, 5392.000000>).
00:30:58.041 [Market] Player "MaxCaliber" (id=s7vJf2NuCNme1MUM_sgLr2G3yzcxYg10pO0s-GAKExM=) has sold ammobox_545x39_20rnd x1 at the trader "WeaponAccessories (Rolf [WEAPON ACCESSORIES])" in market zone "The Holler" (pos=<5632.000000, 32.000000, 5392.000000>) and got 18.
00:30:58.655 [Market] Player "MaxCaliber" (id=s7vJf2NuCNme1MUM_sgLr2G3yzcxYg10pO0s-GAKExM=) has send a requested to sell ammobox_556x45_20rnd x1 at the trader "WeaponAccessories (Rolf [WEAPON ACCESSORIES])" in market zone "The Holler" (pos=<5632.000000, 32.000000, 5392.000000>).
00:30:58.806 [Market] Player "MaxCaliber" (id=s7vJf2NuCNme1MUM_sgLr2G3yzcxYg10pO0s-GAKExM=) has sold ammobox_556x45_20rnd x1 at the trader "WeaponAccessories (Rolf [WEAPON ACCESSORIES])" in market zone "The Holler" (pos=<5632.000000, 32.000000, 5392.000000>) and got 18.
00:31:08.606 [ATM] Player "MaxCaliber" (id=s7vJf2NuCNme1MUM_sgLr2G3yzcxYg10pO0s-GAKExM=) has deposited 18963 on his ATM account.
00:33:26.793 [Market] Player "MaxCaliber" (id=s7vJf2NuCNme1MUM_sgLr2G3yzcxYg10pO0s-GAKExM=) has send a requested to sell cp_cannabisseedspackblackfrost x1 at the trader "Weed (Naomi [WEED])" in market zone "The Holler" (pos=<5632.000000, 32.000000, 5392.000000>).
00:33:26.919 [Market] Player "MaxCaliber" (id=s7vJf2NuCNme1MUM_sgLr2G3yzcxYg10pO0s-GAKExM=) has sold cp_cannabisseedspackblackfrost x1 at the trader "Weed (Naomi [WEED])" in market zone "The Holler" (pos=<5632.000000, 32.000000, 5392.000000>) and got 5400.
00:33:27.506 [Market] Player "MaxCaliber" (id=s7vJf2NuCNme1MUM_sgLr2G3yzcxYg10pO0s-GAKExM=) has send a requested to sell cp_tobaccoseedspack x1 at the trader "Weed (Naomi [WEED])" in market zone "The Holler" (pos=<5632.000000, 32.000000, 5392.000000>).
00:33:27.671 [Market] Player "MaxCaliber" (id=s7vJf2NuCNme1MUM_sgLr2G3yzcxYg10pO0s-GAKExM=) has sold cp_tobaccoseedspack x1 at the trader "Weed (Naomi [WEED])" in market zone "The Holler" (pos=<5632.000000, 32.000000, 5392.000000>) and got 7.
00:33:28.327 [Market] Player "MaxCaliber" (id=s7vJf2NuCNme1MUM_sgLr2G3yzcxYg10pO0s-GAKExM=) has send a requested to sell cp_tobaccoseedspack x1 at the trader "Weed (Naomi [WEED])" in market zone "The Holler" (pos=<5632.000000, 32.000000, 5392.000000>).
00:33:28.452 [Market] Player "MaxCaliber" (id=s7vJf2NuCNme1MUM_sgLr2G3yzcxYg10pO0s-GAKExM=) has sold cp_tobaccoseedspack x1 at the trader "Weed (Naomi [WEED])" in market zone "The Holler" (pos=<5632.000000, 32.000000, 5392.000000>) and got 30.
00:33:43.289 [Market] Player "MaxCaliber" (id=s7vJf2NuCNme1MUM_sgLr2G3yzcxYg10pO0s-GAKExM=) has send a requested to sell huntingoptic x1 at the trader "WeaponAccessories (Rolf [WEAPON ACCESSORIES])" in market zone "The Holler" (pos=<5632.000000, 32.000000, 5392.000000>).
00:33:43.437 [Market] Player "MaxCaliber" (id=s7vJf2NuCNme1MUM_sgLr2G3yzcxYg10pO0s-GAKExM=) has sold huntingoptic x1 at the trader "WeaponAccessories (Rolf [WEAPON ACCESSORIES])" in market zone "The Holler" (pos=<5632.000000, 32.000000, 5392.000000>) and got 5250.
00:33:45.949 [Market] Player "MaxCaliber" (id=s7vJf2NuCNme1MUM_sgLr2G3yzcxYg10pO0s-GAKExM=) has send a requested to sell ammobox_762x39_20rnd x1 at the trader "WeaponAccessories (Rolf [WEAPON ACCESSORIES])" in market zone "The Holler" (pos=<5632.000000, 32.000000, 5392.000000>).
00:33:46.087 [Market] Player "MaxCaliber" (id=s7vJf2NuCNme1MUM_sgLr2G3yzcxYg10pO0s-GAKExM=) has sold ammobox_762x39_20rnd x1 at the trader "WeaponAccessories (Rolf [WEAPON ACCESSORIES])" in market zone "The Holler" (pos=<5632.000000, 32.000000, 5392.000000>) and got 6.
00:34:24.937 [Market] Player "MaxCaliber" (id=s7vJf2NuCNme1MUM_sgLr2G3yzcxYg10pO0s-GAKExM=) has send a requested to sell headtorch_grey x1 at the trader "BuildingSupplies (Indar [BUILDINGS])" in market zone "The Holler" (pos=<5632.000000, 32.000000, 5392.000000>).
00:34:25.085 [Market] Player "MaxCaliber" (id=s7vJf2NuCNme1MUM_sgLr2G3yzcxYg10pO0s-GAKExM=) has sold headtorch_grey x1 at the trader "BuildingSupplies (Indar [BUILDINGS])" in market zone "The Holler" (pos=<5632.000000, 32.000000, 5392.000000>) and got 30.
00:34:35.837 [ATM] Player "MaxCaliber" (id=s7vJf2NuCNme1MUM_sgLr2G3yzcxYg10pO0s-GAKExM=) has deposited 10723 on his ATM account.
00:37:40.916 [VehicleEnter] Player MaxCaliber [uid=s7vJf2NuCNme1MUM_sgLr2G3yzcxYg10pO0s-GAKExM=] entered vehicle Mh-6 Little Bird (id=0302540B3741A1631ECF27AA904381BC pos=<5609.293945, 28.927578, 5355.948730>) as pilot
00:37:43.081 [VehicleLeave] Player MaxCaliber [uid=s7vJf2NuCNme1MUM_sgLr2G3yzcxYg10pO0s-GAKExM=] left vehicle Mh-6 Little Bird (id=0302540B3741A1631ECF27AA904381BC pos=<5609.293457, 28.927572, 5355.948730>)
00:39:45.450 [VehicleEnter] Player MaxCaliber [uid=s7vJf2NuCNme1MUM_sgLr2G3yzcxYg10pO0s-GAKExM=] entered vehicle Mh-6 Little Bird (id=0302540B3741A1631ECF27AA904381BC pos=<5609.291504, 28.927368, 5355.945313>) as pilot
00:39:47.522 [VehicleLeave] Player MaxCaliber [uid=s7vJf2NuCNme1MUM_sgLr2G3yzcxYg10pO0s-GAKExM=] left vehicle Mh-6 Little Bird (id=0302540B3741A1631ECF27AA904381BC pos=<5609.291504, 28.927357, 5355.945313>)
00:43:04.462 [VehicleEnter] Player MaxCaliber [uid=s7vJf2NuCNme1MUM_sgLr2G3yzcxYg10pO0s-GAKExM=] entered vehicle Mh-6 Little Bird (id=0302540B3741A1631ECF27AA904381BC pos=<5609.288086, 28.926905, 5355.939453>) as pilot
00:43:08.107 [VehicleEngine] Player MaxCaliber [uid=s7vJf2NuCNme1MUM_sgLr2G3yzcxYg10pO0s-GAKExM=] started vehicle Mh-6 Little Bird (id=0302540B3741A1631ECF27AA904381BC pos=<5609.288086, 28.926907, 5355.939453>)
00:43:53.827 [Safezone] Player "MaxCaliber" (id=s7vJf2NuCNme1MUM_sgLr2G3yzcxYg10pO0s-GAKExM= pos=<5355.405762, 187.727951, 5793.354492>) Left the safezone
00:44:10.445 [AI Patrol] Spawning 3 Power Plant Patrol bots at <4439.637207, 22.830849, 7181.515625>
00:45:16.598 [VehicleEngine] Player MaxCaliber [uid=s7vJf2NuCNme1MUM_sgLr2G3yzcxYg10pO0s-GAKExM=] stopped vehicle Mh-6 Little Bird (id=0302540B3741A1631ECF27AA904381BC pos=<5032.806641, 10.420082, 7289.284668>)
00:45:19.734 [VehicleLeave] Player MaxCaliber [uid=s7vJf2NuCNme1MUM_sgLr2G3yzcxYg10pO0s-GAKExM=] left vehicle Mh-6 Little Bird (id=0302540B3741A1631ECF27AA904381BC pos=<5032.689941, 8.527596, 7289.364746>)
01:02:37.727 [VehicleEnter] Player MaxCaliber [uid=s7vJf2NuCNme1MUM_sgLr2G3yzcxYg10pO0s-GAKExM=] entered vehicle Mh-6 Little Bird (id=0302540B3741A1631ECF27AA904381BC pos=<5032.244629, 8.343906, 7288.232910>) as pilot
01:02:55.757 [VehicleEngine] Player MaxCaliber [uid=s7vJf2NuCNme1MUM_sgLr2G3yzcxYg10pO0s-GAKExM=] started vehicle Mh-6 Little Bird (id=0302540B3741A1631ECF27AA904381BC pos=<5032.243652, 8.342989, 7288.227051>)
01:04:32.379 [Safezone] Player "MaxCaliber" (id=s7vJf2NuCNme1MUM_sgLr2G3yzcxYg10pO0s-GAKExM= pos=<5560.075684, 181.469452, 5470.457031>) Entered the safezone
01:04:47.184 [Safezone] Player "MaxCaliber" (id=s7vJf2NuCNme1MUM_sgLr2G3yzcxYg10pO0s-GAKExM= pos=<5688.526367, 229.263855, 4982.341797>) Left the safezone
01:07:30.877 [VehicleEngine] Player MaxCaliber [uid=s7vJf2NuCNme1MUM_sgLr2G3yzcxYg10pO0s-GAKExM=] stopped vehicle Mh-6 Little Bird (id=0302540B3741A1631ECF27AA904381BC pos=<5996.635254, 26.799931, 4796.992676>)
01:07:35.725 [VehicleLeave] Player MaxCaliber [uid=s7vJf2NuCNme1MUM_sgLr2G3yzcxYg10pO0s-GAKExM=] left vehicle Mh-6 Little Bird (id=0302540B3741A1631ECF27AA904381BC pos=<5996.604980, 25.085047, 4796.738281>)
01:14:22.965 [VehicleEnter] Player MaxCaliber [uid=s7vJf2NuCNme1MUM_sgLr2G3yzcxYg10pO0s-GAKExM=] entered vehicle Mh-6 Little Bird (id=0302540B3741A1631ECF27AA904381BC pos=<5996.640137, 25.071829, 4796.584961>) as pilot
01:14:46.294 [VehicleEngine] Player MaxCaliber [uid=s7vJf2NuCNme1MUM_sgLr2G3yzcxYg10pO0s-GAKExM=] started vehicle Mh-6 Little Bird (id=0302540B3741A1631ECF27AA904381BC pos=<5996.640625, 25.071663, 4796.584961>)
01:15:52.934 [Safezone] Player "MaxCaliber" (id=s7vJf2NuCNme1MUM_sgLr2G3yzcxYg10pO0s-GAKExM= pos=<5719.395508, 158.148575, 5286.411133>) Entered the safezone
01:16:54.633 [VehicleEngine] Player MaxCaliber [uid=s7vJf2NuCNme1MUM_sgLr2G3yzcxYg10pO0s-GAKExM=] stopped vehicle Mh-6 Little Bird (id=0302540B3741A1631ECF27AA904381BC pos=<5608.533691, 30.565250, 5353.056152>)
01:16:58.484 [VehicleLeave] Player MaxCaliber [uid=s7vJf2NuCNme1MUM_sgLr2G3yzcxYg10pO0s-GAKExM=] left vehicle Mh-6 Little Bird (id=0302540B3741A1631ECF27AA904381BC pos=<5608.507813, 28.877790, 5352.782715>)
01:17:56.861 [ATM] Player "MaxCaliber" (id=s7vJf2NuCNme1MUM_sgLr2G3yzcxYg10pO0s-GAKExM=) has withdrawn 1848004 from his ATM account.
01:18:59.020 [Market] Player "MaxCaliber" (id=s7vJf2NuCNme1MUM_sgLr2G3yzcxYg10pO0s-GAKExM=) has send a requested to purchase netting x1 from the trader "BuildingSupplies (Indar [BUILDINGS])" in market zone "The Holler" (pos=<5632.000000, 32.000000, 5392.000000>).
01:18:59.160 [Market] Player "MaxCaliber" (id=s7vJf2NuCNme1MUM_sgLr2G3yzcxYg10pO0s-GAKExM=) has bought netting x1 from the trader "BuildingSupplies (Indar [BUILDINGS])" in market zone "The Holler" (pos=<5632.000000, 32.000000, 5392.000000>) for a price of 50.
01:19:17.032 [Market] Player "MaxCaliber" (id=s7vJf2NuCNme1MUM_sgLr2G3yzcxYg10pO0s-GAKExM=) has send a requested to purchase netting x1 from the trader "BuildingSupplies (Indar [BUILDINGS])" in market zone "The Holler" (pos=<5632.000000, 32.000000, 5392.000000>).
01:19:17.152 [Market] Player "MaxCaliber" (id=s7vJf2NuCNme1MUM_sgLr2G3yzcxYg10pO0s-GAKExM=) has bought netting x1 from the trader "BuildingSupplies (Indar [BUILDINGS])" in market zone "The Holler" (pos=<5632.000000, 32.000000, 5392.000000>) for a price of 50.
01:19:17.746 [Market] Player "MaxCaliber" (id=s7vJf2NuCNme1MUM_sgLr2G3yzcxYg10pO0s-GAKExM=) has send a requested to purchase netting x1 from the trader "BuildingSupplies (Indar [BUILDINGS])" in market zone "The Holler" (pos=<5632.000000, 32.000000, 5392.000000>).
01:19:17.905 [Market] Player "MaxCaliber" (id=s7vJf2NuCNme1MUM_sgLr2G3yzcxYg10pO0s-GAKExM=) has bought netting x1 from the trader "BuildingSupplies (Indar [BUILDINGS])" in market zone "The Holler" (pos=<5632.000000, 32.000000, 5392.000000>) for a price of 50.
01:19:18.494 [Market] Player "MaxCaliber" (id=s7vJf2NuCNme1MUM_sgLr2G3yzcxYg10pO0s-GAKExM=) has send a requested to purchase netting x1 from the trader "BuildingSupplies (Indar [BUILDINGS])" in market zone "The Holler" (pos=<5632.000000, 32.000000, 5392.000000>).
01:19:18.631 [Market] Player "MaxCaliber" (id=s7vJf2NuCNme1MUM_sgLr2G3yzcxYg10pO0s-GAKExM=) has bought netting x1 from the trader "BuildingSupplies (Indar [BUILDINGS])" in market zone "The Holler" (pos=<5632.000000, 32.000000, 5392.000000>) for a price of 50.
01:19:35.676 [Market] Player "MaxCaliber" (id=s7vJf2NuCNme1MUM_sgLr2G3yzcxYg10pO0s-GAKExM=) has send a requested to purchase burlapsack x1 from the trader "BuildingSupplies (Indar [BUILDINGS])" in market zone "The Holler" (pos=<5632.000000, 32.000000, 5392.000000>).
01:19:35.793 [Market] Player "MaxCaliber" (id=s7vJf2NuCNme1MUM_sgLr2G3yzcxYg10pO0s-GAKExM=) has bought burlapsack x1 from the trader "BuildingSupplies (Indar [BUILDINGS])" in market zone "The Holler" (pos=<5632.000000, 32.000000, 5392.000000>) for a price of 50.
01:19:36.358 [Market] Player "MaxCaliber" (id=s7vJf2NuCNme1MUM_sgLr2G3yzcxYg10pO0s-GAKExM=) has send a requested to purchase burlapsack x1 from the trader "BuildingSupplies (Indar [BUILDINGS])" in market zone "The Holler" (pos=<5632.000000, 32.000000, 5392.000000>).
01:19:36.475 [Market] Player "MaxCaliber" (id=s7vJf2NuCNme1MUM_sgLr2G3yzcxYg10pO0s-GAKExM=) has bought burlapsack x1 from the trader "BuildingSupplies (Indar [BUILDINGS])" in market zone "The Holler" (pos=<5632.000000, 32.000000, 5392.000000>) for a price of 50.
01:19:37.203 [Market] Player "MaxCaliber" (id=s7vJf2NuCNme1MUM_sgLr2G3yzcxYg10pO0s-GAKExM=) has send a requested to purchase burlapsack x1 from the trader "BuildingSupplies (Indar [BUILDINGS])" in market zone "The Holler" (pos=<5632.000000, 32.000000, 5392.000000>).
01:19:37.312 [Market] Player "MaxCaliber" (id=s7vJf2NuCNme1MUM_sgLr2G3yzcxYg10pO0s-GAKExM=) has bought burlapsack x1 from the trader "BuildingSupplies (Indar [BUILDINGS])" in market zone "The Holler" (pos=<5632.000000, 32.000000, 5392.000000>) for a price of 50.
01:19:37.913 [Market] Player "MaxCaliber" (id=s7vJf2NuCNme1MUM_sgLr2G3yzcxYg10pO0s-GAKExM=) has send a requested to purchase burlapsack x1 from the trader "BuildingSupplies (Indar [BUILDINGS])" in market zone "The Holler" (pos=<5632.000000, 32.000000, 5392.000000>).
01:19:38.066 [Market] Player "MaxCaliber" (id=s7vJf2NuCNme1MUM_sgLr2G3yzcxYg10pO0s-GAKExM=) has bought burlapsack x1 from the trader "BuildingSupplies (Indar [BUILDINGS])" in market zone "The Holler" (pos=<5632.000000, 32.000000, 5392.000000>) for a price of 50.
01:19:38.644 [Market] Player "MaxCaliber" (id=s7vJf2NuCNme1MUM_sgLr2G3yzcxYg10pO0s-GAKExM=) has send a requested to purchase burlapsack x1 from the trader "BuildingSupplies (Indar [BUILDINGS])" in market zone "The Holler" (pos=<5632.000000, 32.000000, 5392.000000>).
01:19:38.797 [Market] Player "MaxCaliber" (id=s7vJf2NuCNme1MUM_sgLr2G3yzcxYg10pO0s-GAKExM=) has bought burlapsack x1 from the trader "BuildingSupplies (Indar [BUILDINGS])" in market zone "The Holler" (pos=<5632.000000, 32.000000, 5392.000000>) for a price of 50.
01:19:39.352 [Market] Player "MaxCaliber" (id=s7vJf2NuCNme1MUM_sgLr2G3yzcxYg10pO0s-GAKExM=) has send a requested to purchase burlapsack x1 from the trader "BuildingSupplies (Indar [BUILDINGS])" in market zone "The Holler" (pos=<5632.000000, 32.000000, 5392.000000>).
01:19:39.477 [Market] Player "MaxCaliber" (id=s7vJf2NuCNme1MUM_sgLr2G3yzcxYg10pO0s-GAKExM=) has bought burlapsack x1 from the trader "BuildingSupplies (Indar [BUILDINGS])" in market zone "The Holler" (pos=<5632.000000, 32.000000, 5392.000000>) for a price of 50.
01:19:40.030 [Market] Player "MaxCaliber" (id=s7vJf2NuCNme1MUM_sgLr2G3yzcxYg10pO0s-GAKExM=) has send a requested to purchase burlapsack x1 from the trader "BuildingSupplies (Indar [BUILDINGS])" in market zone "The Holler" (pos=<5632.000000, 32.000000, 5392.000000>).
01:19:40.140 [Market] Player "MaxCaliber" (id=s7vJf2NuCNme1MUM_sgLr2G3yzcxYg10pO0s-GAKExM=) has bought burlapsack x1 from the trader "BuildingSupplies (Indar [BUILDINGS])" in market zone "The Holler" (pos=<5632.000000, 32.000000, 5392.000000>) for a price of 50.
01:19:40.683 [Market] Player "MaxCaliber" (id=s7vJf2NuCNme1MUM_sgLr2G3yzcxYg10pO0s-GAKExM=) has send a requested to purchase burlapsack x1 from the trader "BuildingSupplies (Indar [BUILDINGS])" in market zone "The Holler" (pos=<5632.000000, 32.000000, 5392.000000>).
01:19:40.821 [Market] Player "MaxCaliber" (id=s7vJf2NuCNme1MUM_sgLr2G3yzcxYg10pO0s-GAKExM=) has bought burlapsack x1 from the trader "BuildingSupplies (Indar [BUILDINGS])" in market zone "The Holler" (pos=<5632.000000, 32.000000, 5392.000000>) for a price of 50.
01:19:41.399 [Market] Player "MaxCaliber" (id=s7vJf2NuCNme1MUM_sgLr2G3yzcxYg10pO0s-GAKExM=) has send a requested to purchase burlapsack x1 from the trader "BuildingSupplies (Indar [BUILDINGS])" in market zone "The Holler" (pos=<5632.000000, 32.000000, 5392.000000>).
01:19:41.537 [Market] Player "MaxCaliber" (id=s7vJf2NuCNme1MUM_sgLr2G3yzcxYg10pO0s-GAKExM=) has bought burlapsack x1 from the trader "BuildingSupplies (Indar [BUILDINGS])" in market zone "The Holler" (pos=<5632.000000, 32.000000, 5392.000000>) for a price of 50.
01:19:42.059 [Market] Player "MaxCaliber" (id=s7vJf2NuCNme1MUM_sgLr2G3yzcxYg10pO0s-GAKExM=) has send a requested to purchase burlapsack x1 from the trader "BuildingSupplies (Indar [BUILDINGS])" in market zone "The Holler" (pos=<5632.000000, 32.000000, 5392.000000>).
01:19:42.199 [Market] Player "MaxCaliber" (id=s7vJf2NuCNme1MUM_sgLr2G3yzcxYg10pO0s-GAKExM=) has bought burlapsack x1 from the trader "BuildingSupplies (Indar [BUILDINGS])" in market zone "The Holler" (pos=<5632.000000, 32.000000, 5392.000000>) for a price of 50.
01:23:19.427 [ATM] Player "MaxCaliber" (id=s7vJf2NuCNme1MUM_sgLr2G3yzcxYg10pO0s-GAKExM=) has deposited 1847304 on his ATM account.
01:25:04.076 [Market] Player "MaxCaliber" (id=s7vJf2NuCNme1MUM_sgLr2G3yzcxYg10pO0s-GAKExM=) has send a requested to sell twp_mac10 x1 at the trader "Weapons (Oliver [WEAPONS])" in market zone "The Holler" (pos=<5632.000000, 32.000000, 5392.000000>).
01:25:04.224 [Market] Player "MaxCaliber" (id=s7vJf2NuCNme1MUM_sgLr2G3yzcxYg10pO0s-GAKExM=) has sold twp_mac10 x1 at the trader "Weapons (Oliver [WEAPONS])" in market zone "The Holler" (pos=<5632.000000, 32.000000, 5392.000000>) and got 150.
01:25:05.019 [Market] Player "MaxCaliber" (id=s7vJf2NuCNme1MUM_sgLr2G3yzcxYg10pO0s-GAKExM=) has send a requested to sell expansion_mp5 x1 at the trader "Weapons (Oliver [WEAPONS])" in market zone "The Holler" (pos=<5632.000000, 32.000000, 5392.000000>).
01:25:05.141 [Market] Player "MaxCaliber" (id=s7vJf2NuCNme1MUM_sgLr2G3yzcxYg10pO0s-GAKExM=) has sold expansion_mp5 x1 at the trader "Weapons (Oliver [WEAPONS])" in market zone "The Holler" (pos=<5632.000000, 32.000000, 5392.000000>) and got 1240.
01:25:06.442 [Market] Player "MaxCaliber" (id=s7vJf2NuCNme1MUM_sgLr2G3yzcxYg10pO0s-GAKExM=) has send a requested to sell expansion_mp7 x1 at the trader "Weapons (Oliver [WEAPONS])" in market zone "The Holler" (pos=<5632.000000, 32.000000, 5392.000000>).
01:25:06.575 [Market] Player "MaxCaliber" (id=s7vJf2NuCNme1MUM_sgLr2G3yzcxYg10pO0s-GAKExM=) has sold expansion_mp7 x1 at the trader "Weapons (Oliver [WEAPONS])" in market zone "The Holler" (pos=<5632.000000, 32.000000, 5392.000000>) and got 3194.
01:25:08.895 [Market] Player "MaxCaliber" (id=s7vJf2NuCNme1MUM_sgLr2G3yzcxYg10pO0s-GAKExM=) has send a requested to sell twp_mp7_magcoupled_60rnd x1 at the trader "Weapons (Oliver [WEAPONS])" in market zone "The Holler" (pos=<5632.000000, 32.000000, 5392.000000>).
01:25:09.020 [Market] Player "MaxCaliber" (id=s7vJf2NuCNme1MUM_sgLr2G3yzcxYg10pO0s-GAKExM=) has sold twp_mp7_magcoupled_60rnd x1 at the trader "Weapons (Oliver [WEAPONS])" in market zone "The Holler" (pos=<5632.000000, 32.000000, 5392.000000>) and got 620.
01:25:38.128 [Market] Player "MaxCaliber" (id=s7vJf2NuCNme1MUM_sgLr2G3yzcxYg10pO0s-GAKExM=) has send a requested to sell twp_m60_mag_200rnd x1 at the trader "Weapons (Oliver [WEAPONS])" in market zone "The Holler" (pos=<5632.000000, 32.000000, 5392.000000>).
01:25:38.272 [Market] Player "MaxCaliber" (id=s7vJf2NuCNme1MUM_sgLr2G3yzcxYg10pO0s-GAKExM=) has sold twp_m60_mag_200rnd x1 at the trader "Weapons (Oliver [WEAPONS])" in market zone "The Holler" (pos=<5632.000000, 32.000000, 5392.000000>) and got 1579.
01:25:38.911 [Market] Player "MaxCaliber" (id=s7vJf2NuCNme1MUM_sgLr2G3yzcxYg10pO0s-GAKExM=) has send a requested to sell twp_m60_mag_200rnd x1 at the trader "Weapons (Oliver [WEAPONS])" in market zone "The Holler" (pos=<5632.000000, 32.000000, 5392.000000>).
01:25:39.041 [Market] Player "MaxCaliber" (id=s7vJf2NuCNme1MUM_sgLr2G3yzcxYg10pO0s-GAKExM=) has sold twp_m60_mag_200rnd x1 at the trader "Weapons (Oliver [WEAPONS])" in market zone "The Holler" (pos=<5632.000000, 32.000000, 5392.000000>) and got 1544.
01:25:50.061 [Market] Player "MaxCaliber" (id=s7vJf2NuCNme1MUM_sgLr2G3yzcxYg10pO0s-GAKExM=) has send a requested to purchase twp_m60_mag_200rnd x1 from the trader "Weapons (Oliver [WEAPONS])" in market zone "The Holler" (pos=<5632.000000, 32.000000, 5392.000000>).
01:25:50.189 [Market] Player "MaxCaliber" (id=s7vJf2NuCNme1MUM_sgLr2G3yzcxYg10pO0s-GAKExM=) has bought twp_m60_mag_200rnd x1 from the trader "Weapons (Oliver [WEAPONS])" in market zone "The Holler" (pos=<5632.000000, 32.000000, 5392.000000>) for a price of 2400.
01:25:58.151 [Market] Player "MaxCaliber" (id=s7vJf2NuCNme1MUM_sgLr2G3yzcxYg10pO0s-GAKExM=) has send a requested to sell combatknife x1 at the trader "WeaponAccessories (Rolf [WEAPON ACCESSORIES])" in market zone "The Holler" (pos=<5632.000000, 32.000000, 5392.000000>).
01:25:58.257 [Market] Player "MaxCaliber" (id=s7vJf2NuCNme1MUM_sgLr2G3yzcxYg10pO0s-GAKExM=) has sold combatknife x1 at the trader "WeaponAccessories (Rolf [WEAPON ACCESSORIES])" in market zone "The Holler" (pos=<5632.000000, 32.000000, 5392.000000>) and got 7.
01:26:01.330 [Market] Player "MaxCaliber" (id=s7vJf2NuCNme1MUM_sgLr2G3yzcxYg10pO0s-GAKExM=) has send a requested to purchase twp_ammo_500sw_mag x1 from the trader "WeaponAccessories (Rolf [WEAPON ACCESSORIES])" in market zone "The Holler" (pos=<5632.000000, 32.000000, 5392.000000>).
01:26:01.434 [Market] Player "MaxCaliber" (id=s7vJf2NuCNme1MUM_sgLr2G3yzcxYg10pO0s-GAKExM=) has bought twp_ammo_500sw_mag x1 from the trader "WeaponAccessories (Rolf [WEAPON ACCESSORIES])" in market zone "The Holler" (pos=<5632.000000, 32.000000, 5392.000000>) for a price of 7.
01:26:02.024 [Market] Player "MaxCaliber" (id=s7vJf2NuCNme1MUM_sgLr2G3yzcxYg10pO0s-GAKExM=) has send a requested to purchase twp_ammo_500sw_mag x1 from the trader "WeaponAccessories (Rolf [WEAPON ACCESSORIES])" in market zone "The Holler" (pos=<5632.000000, 32.000000, 5392.000000>).
01:26:02.163 [Market] Player "MaxCaliber" (id=s7vJf2NuCNme1MUM_sgLr2G3yzcxYg10pO0s-GAKExM=) has bought twp_ammo_500sw_mag x1 from the trader "WeaponAccessories (Rolf [WEAPON ACCESSORIES])" in market zone "The Holler" (pos=<5632.000000, 32.000000, 5392.000000>) for a price of 7.
01:26:02.882 [Market] Player "MaxCaliber" (id=s7vJf2NuCNme1MUM_sgLr2G3yzcxYg10pO0s-GAKExM=) has send a requested to purchase twp_ammo_500sw_mag x1 from the trader "WeaponAccessories (Rolf [WEAPON ACCESSORIES])" in market zone "The Holler" (pos=<5632.000000, 32.000000, 5392.000000>).
01:26:03.026 [Market] Player "MaxCaliber" (id=s7vJf2NuCNme1MUM_sgLr2G3yzcxYg10pO0s-GAKExM=) has bought twp_ammo_500sw_mag x1 from the trader "WeaponAccessories (Rolf [WEAPON ACCESSORIES])" in market zone "The Holler" (pos=<5632.000000, 32.000000, 5392.000000>) for a price of 7.
01:26:03.742 [Market] Player "MaxCaliber" (id=s7vJf2NuCNme1MUM_sgLr2G3yzcxYg10pO0s-GAKExM=) has send a requested to purchase twp_ammo_500sw_mag x1 from the trader "WeaponAccessories (Rolf [WEAPON ACCESSORIES])" in market zone "The Holler" (pos=<5632.000000, 32.000000, 5392.000000>).
01:26:03.882 [Market] Player "MaxCaliber" (id=s7vJf2NuCNme1MUM_sgLr2G3yzcxYg10pO0s-GAKExM=) has bought twp_ammo_500sw_mag x1 from the trader "WeaponAccessories (Rolf [WEAPON ACCESSORIES])" in market zone "The Holler" (pos=<5632.000000, 32.000000, 5392.000000>) for a price of 7.
01:26:04.537 [Market] Player "MaxCaliber" (id=s7vJf2NuCNme1MUM_sgLr2G3yzcxYg10pO0s-GAKExM=) has send a requested to purchase twp_ammo_500sw_mag x1 from the trader "WeaponAccessories (Rolf [WEAPON ACCESSORIES])" in market zone "The Holler" (pos=<5632.000000, 32.000000, 5392.000000>).
01:26:04.677 [Market] Player "MaxCaliber" (id=s7vJf2NuCNme1MUM_sgLr2G3yzcxYg10pO0s-GAKExM=) has bought twp_ammo_500sw_mag x1 from the trader "WeaponAccessories (Rolf [WEAPON ACCESSORIES])" in market zone "The Holler" (pos=<5632.000000, 32.000000, 5392.000000>) for a price of 7.
01:26:05.292 [Market] Player "MaxCaliber" (id=s7vJf2NuCNme1MUM_sgLr2G3yzcxYg10pO0s-GAKExM=) has send a requested to purchase twp_ammo_500sw_mag x1 from the trader "WeaponAccessories (Rolf [WEAPON ACCESSORIES])" in market zone "The Holler" (pos=<5632.000000, 32.000000, 5392.000000>).
01:26:05.437 [Market] Player "MaxCaliber" (id=s7vJf2NuCNme1MUM_sgLr2G3yzcxYg10pO0s-GAKExM=) has bought twp_ammo_500sw_mag x1 from the trader "WeaponAccessories (Rolf [WEAPON ACCESSORIES])" in market zone "The Holler" (pos=<5632.000000, 32.000000, 5392.000000>) for a price of 7.
01:26:07.007 [Market] Player "MaxCaliber" (id=s7vJf2NuCNme1MUM_sgLr2G3yzcxYg10pO0s-GAKExM=) has send a requested to purchase twp_ammo_500sw_mag x1 from the trader "WeaponAccessories (Rolf [WEAPON ACCESSORIES])" in market zone "The Holler" (pos=<5632.000000, 32.000000, 5392.000000>).
01:26:07.144 [Market] Player "MaxCaliber" (id=s7vJf2NuCNme1MUM_sgLr2G3yzcxYg10pO0s-GAKExM=) has bought twp_ammo_500sw_mag x1 from the trader "WeaponAccessories (Rolf [WEAPON ACCESSORIES])" in market zone "The Holler" (pos=<5632.000000, 32.000000, 5392.000000>) for a price of 7.
01:26:08.018 [Market] Player "MaxCaliber" (id=s7vJf2NuCNme1MUM_sgLr2G3yzcxYg10pO0s-GAKExM=) has send a requested to purchase twp_ammo_500sw_mag x1 from the trader "WeaponAccessories (Rolf [WEAPON ACCESSORIES])" in market zone "The Holler" (pos=<5632.000000, 32.000000, 5392.000000>).
01:26:08.160 [Market] Player "MaxCaliber" (id=s7vJf2NuCNme1MUM_sgLr2G3yzcxYg10pO0s-GAKExM=) has bought twp_ammo_500sw_mag x1 from the trader "WeaponAccessories (Rolf [WEAPON ACCESSORIES])" in market zone "The Holler" (pos=<5632.000000, 32.000000, 5392.000000>) for a price of 7.
01:42:47.720 [Party] Player "David BlackBrid" (id=F870Xpg3G2A57qF8an_HiSuEeo32wqFpAEBhZb4-mUQ=) joinded the party "David blackbird" (id=37 ownerUID=F870Xpg3G2A57qF8an_HiSuEeo32wqFpAEBhZb4-mUQ= ownerName=David BlackBrid)
01:43:13.823 [VehicleCover] Player "David BlackBrid" (id=F870Xpg3G2A57qF8an_HiSuEeo32wqFpAEBhZb4-mUQ= pos=<5658.795898, 33.372295, 5238.035156>) uncovered vehicle "SUV_white" (GlobalID=8000000080000000800000008000B494 pos=<5659.231934, 33.332752, 5241.204102>)!
01:43:22.033 [VehicleCarKey] Player "David BlackBrid" (id=F870Xpg3G2A57qF8an_HiSuEeo32wqFpAEBhZb4-mUQ= pos=<5661.764648, 33.558346, 5241.322266>) used the  ExpansionCarKey to unlock SUV_white (id=4D0F305FE148FBA15003F79C5DC74691 pos=<5659.230469, 33.332787, 5241.204102>)
01:43:49.780 [VehicleEnter] Player David BlackBrid [uid=F870Xpg3G2A57qF8an_HiSuEeo32wqFpAEBhZb4-mUQ=] entered vehicle SUV White  (id=4D0F305FE148FBA15003F79C5DC74691 pos=<5659.231445, 33.332752, 5241.204102>) as driver
01:44:02.107 [VehicleLeave] Player David BlackBrid [uid=F870Xpg3G2A57qF8an_HiSuEeo32wqFpAEBhZb4-mUQ=] left vehicle SUV White  (id=4D0F305FE148FBA15003F79C5DC74691 pos=<5659.232910, 33.332756, 5241.204102>)
01:44:20.838 [VehicleEnter] Player David BlackBrid [uid=F870Xpg3G2A57qF8an_HiSuEeo32wqFpAEBhZb4-mUQ=] entered vehicle SUV White  (id=4D0F305FE148FBA15003F79C5DC74691 pos=<5659.236816, 33.332722, 5241.204102>) as driver
01:44:22.839 [VehicleLeave] Player David BlackBrid [uid=F870Xpg3G2A57qF8an_HiSuEeo32wqFpAEBhZb4-mUQ=] left vehicle SUV White  (id=4D0F305FE148FBA15003F79C5DC74691 pos=<5659.236328, 33.332722, 5241.204102>)
01:44:30.214 [VehicleEnter] Player David BlackBrid [uid=F870Xpg3G2A57qF8an_HiSuEeo32wqFpAEBhZb4-mUQ=] entered vehicle SUV White  (id=4D0F305FE148FBA15003F79C5DC74691 pos=<5659.230469, 33.332764, 5241.204102>) as driver
01:44:34.189 [VehicleEngine] Player David BlackBrid [uid=F870Xpg3G2A57qF8an_HiSuEeo32wqFpAEBhZb4-mUQ=] started vehicle SUV White  (id=4D0F305FE148FBA15003F79C5DC74691 pos=<5659.232910, 33.332756, 5241.204102>)
01:44:50.270 [Safezone] Player "David BlackBrid" (id=F870Xpg3G2A57qF8an_HiSuEeo32wqFpAEBhZb4-mUQ= pos=<5655.127441, 34.267273, 5256.862793>) Entered the safezone
01:45:07.920 [Safezone] Player "David BlackBrid" (id=F870Xpg3G2A57qF8an_HiSuEeo32wqFpAEBhZb4-mUQ= pos=<5709.111816, 29.947994, 5228.220703>) Left the safezone
01:49:43.156 [ATM] Player "MaxCaliber" (id=s7vJf2NuCNme1MUM_sgLr2G3yzcxYg10pO0s-GAKExM=) has deposited 5878 on his ATM account.
01:49:58.669 [VehicleEnter] Player MaxCaliber [uid=s7vJf2NuCNme1MUM_sgLr2G3yzcxYg10pO0s-GAKExM=] entered vehicle Mh-6 Little Bird (id=0302540B3741A1631ECF27AA904381BC pos=<5608.508301, 28.877773, 5352.779297>) as pilot
01:50:01.417 [VehicleEngine] Player MaxCaliber [uid=s7vJf2NuCNme1MUM_sgLr2G3yzcxYg10pO0s-GAKExM=] started vehicle Mh-6 Little Bird (id=0302540B3741A1631ECF27AA904381BC pos=<5608.508301, 28.877783, 5352.779297>)
01:50:45.625 [Safezone] Player "MaxCaliber" (id=s7vJf2NuCNme1MUM_sgLr2G3yzcxYg10pO0s-GAKExM= pos=<5709.363281, 139.411469, 4845.635742>) Left the safezone
01:51:11.365 [AI Patrol] Spawning 1 Shamans bots at <6970.521484, 68.357582, 3522.513916>
01:51:34.761 [VehicleEngine] Player David BlackBrid [uid=F870Xpg3G2A57qF8an_HiSuEeo32wqFpAEBhZb4-mUQ=] stopped vehicle SUV White  (id=4D0F305FE148FBA15003F79C5DC74691 pos=<3963.696777, 25.066999, 4814.365723>)
01:51:39.197 [VehicleLeave] Player David BlackBrid [uid=F870Xpg3G2A57qF8an_HiSuEeo32wqFpAEBhZb4-mUQ=] left vehicle SUV White  (id=4D0F305FE148FBA15003F79C5DC74691 pos=<3963.698975, 25.066982, 4814.365723>)
01:53:26.181 [VehicleEngine] Player MaxCaliber [uid=s7vJf2NuCNme1MUM_sgLr2G3yzcxYg10pO0s-GAKExM=] stopped vehicle Mh-6 Little Bird (id=0302540B3741A1631ECF27AA904381BC pos=<6466.227051, 43.886978, 1774.794312>)
01:53:28.705 [VehicleLeave] Player MaxCaliber [uid=s7vJf2NuCNme1MUM_sgLr2G3yzcxYg10pO0s-GAKExM=] left vehicle Mh-6 Little Bird (id=0302540B3741A1631ECF27AA904381BC pos=<6466.226563, 43.888416, 1774.795288>)
01:56:15.711 [Chat - Global]("David BlackBrid"(id=F870Xpg3G2A57qF8an_HiSuEeo32wqFpAEBhZb4-mUQ=)): is there a way to enable free placement of stuff?
01:56:25.869 [Chat - Global]("David BlackBrid"(id=F870Xpg3G2A57qF8an_HiSuEeo32wqFpAEBhZb4-mUQ=)): like floors and shit
01:56:53.027 [Chat - Global]("MaxCaliber"(id=s7vJf2NuCNme1MUM_sgLr2G3yzcxYg10pO0s-GAKExM=)): Free? Like Freestyle?
01:56:58.480 [Chat - Global]("David BlackBrid"(id=F870Xpg3G2A57qF8an_HiSuEeo32wqFpAEBhZb4-mUQ=)): ye
01:57:29.740 [Chat - Global]("MaxCaliber"(id=s7vJf2NuCNme1MUM_sgLr2G3yzcxYg10pO0s-GAKExM=)): There might be, but I am not that good with expansion building
01:57:40.463 [Chat - Global]("David BlackBrid"(id=F870Xpg3G2A57qF8an_HiSuEeo32wqFpAEBhZb4-mUQ=)): ive got a wall placed but im trying to cover some desks and the floor is snaping to the wall
01:57:49.092 [Chat - Global]("David BlackBrid"(id=F870Xpg3G2A57qF8an_HiSuEeo32wqFpAEBhZb4-mUQ=)): ok 
01:58:24.674 [Chat - Global]("MaxCaliber"(id=s7vJf2NuCNme1MUM_sgLr2G3yzcxYg10pO0s-GAKExM=)): Ask on the discord maybe? Sorry
01:59:09.911 [Chat - Global]("David BlackBrid"(id=F870Xpg3G2A57qF8an_HiSuEeo32wqFpAEBhZb4-mUQ=)): your good i appreciat the answer lol
02:09:45.555 [Chat - Global]("David BlackBrid"(id=F870Xpg3G2A57qF8an_HiSuEeo32wqFpAEBhZb4-mUQ=)): u can disable snaping with X just found out so though id share lol
02:09:58.499 [Chat - Global]("MaxCaliber"(id=s7vJf2NuCNme1MUM_sgLr2G3yzcxYg10pO0s-GAKExM=)): Thanks for that tip!
02:10:12.708 [Chat - Global]("David BlackBrid"(id=F870Xpg3G2A57qF8an_HiSuEeo32wqFpAEBhZb4-mUQ=)): ye lol
02:29:41.013 [VehicleEnter] Player MaxCaliber [uid=s7vJf2NuCNme1MUM_sgLr2G3yzcxYg10pO0s-GAKExM=] entered vehicle Mh-6 Little Bird (id=0302540B3741A1631ECF27AA904381BC pos=<6466.226563, 43.888466, 1774.795410>) as pilot
02:29:52.164 [VehicleEngine] Player MaxCaliber [uid=s7vJf2NuCNme1MUM_sgLr2G3yzcxYg10pO0s-GAKExM=] started vehicle Mh-6 Little Bird (id=0302540B3741A1631ECF27AA904381BC pos=<6466.226563, 43.888466, 1774.795410>)
02:31:59.327 [Safezone] Player "MaxCaliber" (id=s7vJf2NuCNme1MUM_sgLr2G3yzcxYg10pO0s-GAKExM= pos=<5659.798340, 146.214706, 5273.486816>) Entered the safezone
02:33:13.462 [VehicleEngine] Player MaxCaliber [uid=s7vJf2NuCNme1MUM_sgLr2G3yzcxYg10pO0s-GAKExM=] stopped vehicle Mh-6 Little Bird (id=0302540B3741A1631ECF27AA904381BC pos=<5605.420410, 29.138456, 5358.470215>)
02:33:16.683 [VehicleLeave] Player MaxCaliber [uid=s7vJf2NuCNme1MUM_sgLr2G3yzcxYg10pO0s-GAKExM=] left vehicle Mh-6 Little Bird (id=0302540B3741A1631ECF27AA904381BC pos=<5605.536133, 28.876593, 5358.469238>)
02:33:40.399 [ATM] Player "MaxCaliber" (id=s7vJf2NuCNme1MUM_sgLr2G3yzcxYg10pO0s-GAKExM=) has withdrawn 1853182 from his ATM account.
02:33:59.452 [Market] Player "MaxCaliber" (id=s7vJf2NuCNme1MUM_sgLr2G3yzcxYg10pO0s-GAKExM=) has send a requested to purchase expansioncarkey x1 from the trader "Vehicles (Lewis [VEHICLES])" in market zone "The Holler" (pos=<5632.000000, 32.000000, 5392.000000>).
02:33:59.588 [Market] Player "MaxCaliber" (id=s7vJf2NuCNme1MUM_sgLr2G3yzcxYg10pO0s-GAKExM=) has bought expansioncarkey x1 from the trader "Vehicles (Lewis [VEHICLES])" in market zone "The Holler" (pos=<5632.000000, 32.000000, 5392.000000>) for a price of 500.
02:34:16.480 [ATM] Player "MaxCaliber" (id=s7vJf2NuCNme1MUM_sgLr2G3yzcxYg10pO0s-GAKExM=) has deposited 1852682 on his ATM account.
02:34:43.983 [VehicleCarKey] Player "MaxCaliber" (id=s7vJf2NuCNme1MUM_sgLr2G3yzcxYg10pO0s-GAKExM= pos=<5606.760254, 28.791542, 5356.704102>) paired a  ExpansionCarKey to ExpansionMh6_Speedy (id=0302540B3741A1631ECF27AA904381BC pos=<5605.536133, 28.876585, 5358.468750>)
02:35:11.532 [VehicleEnter] Player MaxCaliber [uid=s7vJf2NuCNme1MUM_sgLr2G3yzcxYg10pO0s-GAKExM=] entered vehicle Mh-6 Little Bird (id=0302540B3741A1631ECF27AA904381BC pos=<5605.536133, 28.876606, 5358.469727>) as pilot
02:35:13.233 [VehicleEngine] Player MaxCaliber [uid=s7vJf2NuCNme1MUM_sgLr2G3yzcxYg10pO0s-GAKExM=] started vehicle Mh-6 Little Bird (id=0302540B3741A1631ECF27AA904381BC pos=<5605.536133, 28.876602, 5358.469727>)
02:35:57.279 [Safezone] Player "MaxCaliber" (id=s7vJf2NuCNme1MUM_sgLr2G3yzcxYg10pO0s-GAKExM= pos=<5653.064941, 71.971619, 5097.402344>) Left the safezone
02:36:31.282 [VehicleEngine] Player MaxCaliber [uid=s7vJf2NuCNme1MUM_sgLr2G3yzcxYg10pO0s-GAKExM=] stopped vehicle Mh-6 Little Bird (id=0302540B3741A1631ECF27AA904381BC pos=<5464.359375, 15.196621, 4972.007324>)
02:36:34.852 [VehicleLeave] Player MaxCaliber [uid=s7vJf2NuCNme1MUM_sgLr2G3yzcxYg10pO0s-GAKExM=] left vehicle Mh-6 Little Bird (id=0302540B3741A1631ECF27AA904381BC pos=<5464.862305, 14.870495, 4971.992188>)
02:36:41.185 [VehicleCarKey] Player "MaxCaliber" (id=s7vJf2NuCNme1MUM_sgLr2G3yzcxYg10pO0s-GAKExM= pos=<5463.642090, 14.822501, 4973.663574>) used the  ExpansionCarKey to lock ExpansionMh6_Speedy (id=0302540B3741A1631ECF27AA904381BC pos=<5464.861328, 14.871134, 4971.992188>)
02:36:52.170 [VehicleDeleted] ExpansionMh6_Speedy (id=B084057EA94F5348FD2AC0965FEED178 pos=<0.000861, 1.692845, 0.535123>)
02:36:52.175 [VehicleDeleted] ExpansionMh6_Speedy (id=0302540B3741A1631ECF27AA904381BC pos=<5464.865234, 14.867568, 4971.988770>)
02:36:52.175 [VirtualGarage] Player "MaxCaliber" (id=s7vJf2NuCNme1MUM_sgLr2G3yzcxYg10pO0s-GAKExM= pos=<5468.438965, 14.822501, 4975.314941>) stored a vehicle "ExpansionMh6_Speedy" (GlobalID=800000008000000080000000800196E6 pos=<5464.865234, 14.867568, 4971.988770>)
02:37:10.242 [Party] Player "MaxCaliber" (id=s7vJf2NuCNme1MUM_sgLr2G3yzcxYg10pO0s-GAKExM=) left the party "Dirty Crew" (id=23 ownerUID=VsEWQWxzvcTpDLQgc9tVyxq5TiqDS9O3QehdBa_YkH8= ownerName=Condom Breath)
02:48:44.976 [VehicleEnter] Player David BlackBrid [uid=F870Xpg3G2A57qF8an_HiSuEeo32wqFpAEBhZb4-mUQ=] entered vehicle SUV White  (id=4D0F305FE148FBA15003F79C5DC74691 pos=<3963.695068, 25.067005, 4814.365723>) as driver
02:48:47.271 [VehicleEngine] Player David BlackBrid [uid=F870Xpg3G2A57qF8an_HiSuEeo32wqFpAEBhZb4-mUQ=] started vehicle SUV White  (id=4D0F305FE148FBA15003F79C5DC74691 pos=<3963.695557, 25.067003, 4814.365723>)
02:49:46.297 [VehicleEngine] Player David BlackBrid [uid=F870Xpg3G2A57qF8an_HiSuEeo32wqFpAEBhZb4-mUQ=] stopped vehicle SUV White  (id=4D0F305FE148FBA15003F79C5DC74691 pos=<3972.314941, 25.067005, 4798.810059>)
02:49:49.388 [VehicleLeave] Player David BlackBrid [uid=F870Xpg3G2A57qF8an_HiSuEeo32wqFpAEBhZb4-mUQ=] left vehicle SUV White  (id=4D0F305FE148FBA15003F79C5DC74691 pos=<3972.314941, 25.067001, 4798.810059>)
02:50:16.150 [VehicleCarKey] Player "David BlackBrid" (id=F870Xpg3G2A57qF8an_HiSuEeo32wqFpAEBhZb4-mUQ= pos=<3975.602295, 25.063517, 4796.881348>) used the  ExpansionCarKey to lock SUV_white (id=4D0F305FE148FBA15003F79C5DC74691 pos=<3972.314941, 25.067007, 4798.809570>)
02:50:27.377 [VehicleDeleted] SUV_white (id=4D0F305FE148FBA15003F79C5DC74691 pos=<3972.314941, 25.067007, 4798.809570>)
02:50:27.377 [VehicleCover] Player "David BlackBrid" (id=F870Xpg3G2A57qF8an_HiSuEeo32wqFpAEBhZb4-mUQ= pos=<3975.602295, 25.063517, 4796.881348>) covered vehicle "SUV_white" (GlobalID=8000000080000000800000008000B494 pos=<3972.314941, 25.067007, 4798.809570>)!
02:51:28.798 [Party] Player "David BlackBrid" (id=F870Xpg3G2A57qF8an_HiSuEeo32wqFpAEBhZb4-mUQ=) left the party "David blackbird" (id=37 ownerUID=F870Xpg3G2A57qF8an_HiSuEeo32wqFpAEBhZb4-mUQ= ownerName=David BlackBrid)
03:41:23.293 [AI Patrol] Spawning 3 Shamans bots at <5870.501465, 11.825626, 8681.261719>
03:47:41.597 [MissionAirdrop] An airdrop is heading towards "Kushville" (pos=<7630.000000, 0.000000, 3717.000000> type=Random_Kushville) with a ExpansionAirdropContainer_Military
04:49:31.726 [Safezone] Player "Mansbridge" (id=QM7LViVt5sZd0hja19cF2rW2mCNEG7w2k3AFdalcF50= pos=<5701.140625, 33.102062, 5515.130371>) Entered the safezone
04:50:35.996 [Market] Player "Mansbridge" (id=QM7LViVt5sZd0hja19cF2rW2mCNEG7w2k3AFdalcF50=) has send a requested to sell glock19 x1 at the trader "Weapons (Oliver [WEAPONS])" in market zone "The Holler" (pos=<5632.000000, 32.000000, 5392.000000>).
04:50:36.107 [Market] Player "Mansbridge" (id=QM7LViVt5sZd0hja19cF2rW2mCNEG7w2k3AFdalcF50=) has sold glock19 x1 at the trader "Weapons (Oliver [WEAPONS])" in market zone "The Holler" (pos=<5632.000000, 32.000000, 5392.000000>) and got 225.
04:50:41.808 [Market] Player "Mansbridge" (id=QM7LViVt5sZd0hja19cF2rW2mCNEG7w2k3AFdalcF50=) has send a requested to sell ssg82 x1 at the trader "Weapons (Oliver [WEAPONS])" in market zone "The Holler" (pos=<5632.000000, 32.000000, 5392.000000>).
04:50:41.912 [Market] Player "Mansbridge" (id=QM7LViVt5sZd0hja19cF2rW2mCNEG7w2k3AFdalcF50=) has sold ssg82 x1 at the trader "Weapons (Oliver [WEAPONS])" in market zone "The Holler" (pos=<5632.000000, 32.000000, 5392.000000>) and got 1875.
04:50:46.441 [Market] Player "Mansbridge" (id=QM7LViVt5sZd0hja19cF2rW2mCNEG7w2k3AFdalcF50=) has send a requested to sell twp_arisaka x1 at the trader "Weapons (Oliver [WEAPONS])" in market zone "The Holler" (pos=<5632.000000, 32.000000, 5392.000000>).
04:50:46.548 [Market] Player "Mansbridge" (id=QM7LViVt5sZd0hja19cF2rW2mCNEG7w2k3AFdalcF50=) has sold twp_arisaka x1 at the trader "Weapons (Oliver [WEAPONS])" in market zone "The Holler" (pos=<5632.000000, 32.000000, 5392.000000>) and got 9000.
04:50:52.289 [Market] Player "Mansbridge" (id=QM7LViVt5sZd0hja19cF2rW2mCNEG7w2k3AFdalcF50=) has send a requested to sell cz61 x1 at the trader "Weapons (Oliver [WEAPONS])" in market zone "The Holler" (pos=<5632.000000, 32.000000, 5392.000000>).
04:50:52.369 [Market] Player "Mansbridge" (id=QM7LViVt5sZd0hja19cF2rW2mCNEG7w2k3AFdalcF50=) has sold cz61 x1 at the trader "Weapons (Oliver [WEAPONS])" in market zone "The Holler" (pos=<5632.000000, 32.000000, 5392.000000>) and got 956.
04:50:57.912 [Market] Player "Mansbridge" (id=QM7LViVt5sZd0hja19cF2rW2mCNEG7w2k3AFdalcF50=) has send a requested to sell twp_rk62_mag_30rnd x1 at the trader "Weapons (Oliver [WEAPONS])" in market zone "The Holler" (pos=<5632.000000, 32.000000, 5392.000000>).
04:50:58.019 [Market] Player "Mansbridge" (id=QM7LViVt5sZd0hja19cF2rW2mCNEG7w2k3AFdalcF50=) has sold twp_rk62_mag_30rnd x1 at the trader "Weapons (Oliver [WEAPONS])" in market zone "The Holler" (pos=<5632.000000, 32.000000, 5392.000000>) and got 523.
04:51:03.750 [Market] Player "Mansbridge" (id=QM7LViVt5sZd0hja19cF2rW2mCNEG7w2k3AFdalcF50=) has send a requested to sell mag_ij70_8rnd x1 at the trader "Weapons (Oliver [WEAPONS])" in market zone "The Holler" (pos=<5632.000000, 32.000000, 5392.000000>).
04:51:03.853 [Market] Player "Mansbridge" (id=QM7LViVt5sZd0hja19cF2rW2mCNEG7w2k3AFdalcF50=) has sold mag_ij70_8rnd x1 at the trader "Weapons (Oliver [WEAPONS])" in market zone "The Holler" (pos=<5632.000000, 32.000000, 5392.000000>) and got 34.
04:51:04.869 [Market] Player "Mansbridge" (id=QM7LViVt5sZd0hja19cF2rW2mCNEG7w2k3AFdalcF50=) has send a requested to sell mag_ij70_8rnd x1 at the trader "Weapons (Oliver [WEAPONS])" in market zone "The Holler" (pos=<5632.000000, 32.000000, 5392.000000>).
04:51:04.976 [Market] Player "Mansbridge" (id=QM7LViVt5sZd0hja19cF2rW2mCNEG7w2k3AFdalcF50=) has sold mag_ij70_8rnd x1 at the trader "Weapons (Oliver [WEAPONS])" in market zone "The Holler" (pos=<5632.000000, 32.000000, 5392.000000>) and got 34.
04:51:23.267 [Market] Player "Mansbridge" (id=QM7LViVt5sZd0hja19cF2rW2mCNEG7w2k3AFdalcF50=) has send a requested to sell twp_whitewolfbayonet x1 at the trader "WeaponAccessories (Rolf [WEAPON ACCESSORIES])" in market zone "The Holler" (pos=<5632.000000, 32.000000, 5392.000000>).
04:51:23.376 [Market] Player "Mansbridge" (id=QM7LViVt5sZd0hja19cF2rW2mCNEG7w2k3AFdalcF50=) has sold twp_whitewolfbayonet x1 at the trader "WeaponAccessories (Rolf [WEAPON ACCESSORIES])" in market zone "The Holler" (pos=<5632.000000, 32.000000, 5392.000000>) and got 75.
04:55:47.560 [Market] Player "Mansbridge" (id=QM7LViVt5sZd0hja19cF2rW2mCNEG7w2k3AFdalcF50=) has send a requested to purchase ak_plasticbttstck x1 from the trader "WeaponAccessories (Rolf [WEAPON ACCESSORIES])" in market zone "The Holler" (pos=<5632.000000, 32.000000, 5392.000000>).
04:55:47.677 [Market] Player "Mansbridge" (id=QM7LViVt5sZd0hja19cF2rW2mCNEG7w2k3AFdalcF50=) has bought ak_plasticbttstck x1 from the trader "WeaponAccessories (Rolf [WEAPON ACCESSORIES])" in market zone "The Holler" (pos=<5632.000000, 32.000000, 5392.000000>) for a price of 100.
04:55:50.806 [Market] Player "Mansbridge" (id=QM7LViVt5sZd0hja19cF2rW2mCNEG7w2k3AFdalcF50=) has send a requested to sell ak_woodbttstck x1 at the trader "WeaponAccessories (Rolf [WEAPON ACCESSORIES])" in market zone "The Holler" (pos=<5632.000000, 32.000000, 5392.000000>).
04:55:50.921 [Market] Player "Mansbridge" (id=QM7LViVt5sZd0hja19cF2rW2mCNEG7w2k3AFdalcF50=) has sold ak_woodbttstck x1 at the trader "WeaponAccessories (Rolf [WEAPON ACCESSORIES])" in market zone "The Holler" (pos=<5632.000000, 32.000000, 5392.000000>) and got 112.
04:56:10.871 [Market] Player "Mansbridge" (id=QM7LViVt5sZd0hja19cF2rW2mCNEG7w2k3AFdalcF50=) has send a requested to purchase ak_railhndgrd x1 from the trader "WeaponAccessories (Rolf [WEAPON ACCESSORIES])" in market zone "The Holler" (pos=<5632.000000, 32.000000, 5392.000000>).
04:56:10.980 [Market] Player "Mansbridge" (id=QM7LViVt5sZd0hja19cF2rW2mCNEG7w2k3AFdalcF50=) has bought ak_railhndgrd x1 from the trader "WeaponAccessories (Rolf [WEAPON ACCESSORIES])" in market zone "The Holler" (pos=<5632.000000, 32.000000, 5392.000000>) for a price of 200.
04:56:41.730 [Market] Player "Mansbridge" (id=QM7LViVt5sZd0hja19cF2rW2mCNEG7w2k3AFdalcF50=) has send a requested to sell ak74_hndgrd x1 at the trader "WeaponAccessories (Rolf [WEAPON ACCESSORIES])" in market zone "The Holler" (pos=<5632.000000, 32.000000, 5392.000000>).
04:56:41.853 [Market] Player "Mansbridge" (id=QM7LViVt5sZd0hja19cF2rW2mCNEG7w2k3AFdalcF50=) has sold ak74_hndgrd x1 at the trader "WeaponAccessories (Rolf [WEAPON ACCESSORIES])" in market zone "The Holler" (pos=<5632.000000, 32.000000, 5392.000000>) and got 112.
04:57:32.572 [Market] Player "Mansbridge" (id=QM7LViVt5sZd0hja19cF2rW2mCNEG7w2k3AFdalcF50=) has send a requested to purchase ammo_545x39 x200 from the trader "WeaponAccessories (Rolf [WEAPON ACCESSORIES])" in market zone "The Holler" (pos=<5632.000000, 32.000000, 5392.000000>).
04:57:32.648 [Market] Player "Mansbridge" (id=QM7LViVt5sZd0hja19cF2rW2mCNEG7w2k3AFdalcF50=) has bought ammo_545x39 x200 from the trader "WeaponAccessories (Rolf [WEAPON ACCESSORIES])" in market zone "The Holler" (pos=<5632.000000, 32.000000, 5392.000000>) for a price of 400.
04:58:12.220 [Market] Player "Mansbridge" (id=QM7LViVt5sZd0hja19cF2rW2mCNEG7w2k3AFdalcF50=) has send a requested to purchase ak_suppressor x1 from the trader "WeaponAccessories (Rolf [WEAPON ACCESSORIES])" in market zone "The Holler" (pos=<5632.000000, 32.000000, 5392.000000>).
04:58:12.308 [Market] Player "Mansbridge" (id=QM7LViVt5sZd0hja19cF2rW2mCNEG7w2k3AFdalcF50=) has bought ak_suppressor x1 from the trader "WeaponAccessories (Rolf [WEAPON ACCESSORIES])" in market zone "The Holler" (pos=<5632.000000, 32.000000, 5392.000000>) for a price of 425.
05:00:51.960 [ATM] Player "Mansbridge" (id=QM7LViVt5sZd0hja19cF2rW2mCNEG7w2k3AFdalcF50=) has deposited 11821 on his ATM account.
