08:14:49.710 [Party] Player "tearsofdawn1066" (id=Sltx5zKJy7sVbO2kN3XTpRthB0wkULqErUtRpY6M_7o=) joinded the party "DIEHARD" (id=32 ownerUID=JmVdSu0kzNbOpwjpFV-MDcMB-Equ3yPY-l-COMb6HgY= ownerName=Nick Leadbeatter)
08:16:17.148 [Party] Player "TomInTheNorth" (id=qD1dO4Xthw_yK-reAyR_a51VmE_30ATNiMf9gwL8oGM=) joinded the party "DIEHARD" (id=32 ownerUID=JmVdSu0kzNbOpwjpFV-MDcMB-Equ3yPY-l-COMb6HgY= ownerName=Nick Leadbeatter)
08:16:24.630 [Safezone] Player "TomInTheNorth" (id=qD1dO4Xthw_yK-reAyR_a51VmE_30ATNiMf9gwL8oGM= pos=<5659.246094, 32.857548, 5257.318359>) Entered the safezone
08:16:37.714 [Party] Player "Nick Leadbeatter" (id=JmVdSu0kzNbOpwjpFV-MDcMB-Equ3yPY-l-COMb6HgY=) joinded the party "DIEHARD" (id=32 ownerUID=JmVdSu0kzNbOpwjpFV-MDcMB-Equ3yPY-l-COMb6HgY= ownerName=Nick Leadbeatter)
08:16:50.468 [VehicleCover] Player "TomInTheNorth" (id=qD1dO4Xthw_yK-reAyR_a51VmE_30ATNiMf9gwL8oGM= pos=<5661.404785, 32.795261, 5256.695801>) uncovered vehicle "Expansion_Landrover_Red" (GlobalID=800000008000000080000000800127B1 pos=<5662.562012, 32.922913, 5254.086426>)!
08:16:53.767 [Safezone] Player "TomInTheNorth" (id=qD1dO4Xthw_yK-reAyR_a51VmE_30ATNiMf9gwL8oGM= pos=<5663.368652, 32.773750, 5255.802734>) Left the safezone
08:16:57.294 [VehicleCarKey] Player "TomInTheNorth" (id=qD1dO4Xthw_yK-reAyR_a51VmE_30ATNiMf9gwL8oGM= pos=<5663.380371, 32.775589, 5255.777344>) used the  ExpansionCarKey to unlock Expansion_Landrover_Red (id=2D2252864849AAEB8F1DC8B897335472 pos=<5662.572266, 32.921341, 5254.099609>)
08:17:15.898 [AI Patrol] Spawning 3 Temple Patrol bots at <453.890808, 54.383801, 877.489014>
08:17:15.988 [AI Patrol] Spawning 3 Temple Patrol bots at <447.557098, 48.364700, 700.772461>
08:17:16.000 [AI Patrol] Spawning 3 Temple Patrol bots at <320.924103, 47.057220, 738.566895>
08:17:17.603 [VehicleEnter] Player TomInTheNorth [uid=qD1dO4Xthw_yK-reAyR_a51VmE_30ATNiMf9gwL8oGM=] entered vehicle Land Rover Defender (id=2D2252864849AAEB8F1DC8B897335472 pos=<5662.572266, 32.921379, 5254.099121>) as driver
08:17:28.296 [VehicleEngine] Player TomInTheNorth [uid=qD1dO4Xthw_yK-reAyR_a51VmE_30ATNiMf9gwL8oGM=] started vehicle Land Rover Defender (id=2D2252864849AAEB8F1DC8B897335472 pos=<5662.572266, 32.921383, 5254.099121>)
08:17:36.605 [Safezone] Player "TomInTheNorth" (id=qD1dO4Xthw_yK-reAyR_a51VmE_30ATNiMf9gwL8oGM= pos=<5660.781250, 33.587086, 5259.576660>) Entered the safezone
08:18:05.734 [VehicleLeave] Player TomInTheNorth [uid=qD1dO4Xthw_yK-reAyR_a51VmE_30ATNiMf9gwL8oGM=] left vehicle Land Rover Defender (id=2D2252864849AAEB8F1DC8B897335472 pos=<5647.254395, 28.678543, 5383.345703>)
08:18:21.906 [VehicleEnter] Player TomInTheNorth [uid=qD1dO4Xthw_yK-reAyR_a51VmE_30ATNiMf9gwL8oGM=] entered vehicle Land Rover Defender (id=2D2252864849AAEB8F1DC8B897335472 pos=<5647.254395, 28.678543, 5383.345703>) as driver
08:18:42.460 [VehicleLeave] Player TomInTheNorth [uid=qD1dO4Xthw_yK-reAyR_a51VmE_30ATNiMf9gwL8oGM=] left vehicle Land Rover Defender (id=2D2252864849AAEB8F1DC8B897335472 pos=<5628.224121, 28.678497, 5415.167480>)
08:19:28.894 [ATM] Player "TomInTheNorth" (id=qD1dO4Xthw_yK-reAyR_a51VmE_30ATNiMf9gwL8oGM=) has withdrawn 5000 from the party "DIEHARD" (partyid=32 | ownerid=JmVdSu0kzNbOpwjpFV-MDcMB-Equ3yPY-l-COMb6HgY=) ATM account.
08:19:29.824 [ATM] Player "TomInTheNorth" (id=qD1dO4Xthw_yK-reAyR_a51VmE_30ATNiMf9gwL8oGM=) has withdrawn 5000 from his ATM account.
08:19:58.140 [Market] Player "TomInTheNorth" (id=qD1dO4Xthw_yK-reAyR_a51VmE_30ATNiMf9gwL8oGM=) has send a requested to purchase mvs_pack_black_camo x1 from the trader "Clothing_Accessories (Elias [CLOTHING & ACCESSORIES])" in market zone "The Holler" (pos=<5632.000000, 32.000000, 5392.000000>).
08:19:58.312 [Market] Player "TomInTheNorth" (id=qD1dO4Xthw_yK-reAyR_a51VmE_30ATNiMf9gwL8oGM=) has bought mvs_pack_black_camo x1 from the trader "Clothing_Accessories (Elias [CLOTHING & ACCESSORIES])" in market zone "The Holler" (pos=<5632.000000, 32.000000, 5392.000000>) for a price of 3220.
08:20:18.296 [ATM] Player "TomInTheNorth" (id=qD1dO4Xthw_yK-reAyR_a51VmE_30ATNiMf9gwL8oGM=) has deposited 1780 on his ATM account.
08:20:26.929 [VehicleEnter] Player TomInTheNorth [uid=qD1dO4Xthw_yK-reAyR_a51VmE_30ATNiMf9gwL8oGM=] entered vehicle Land Rover Defender (id=2D2252864849AAEB8F1DC8B897335472 pos=<5628.224121, 28.678497, 5415.167480>) as driver
08:20:51.250 [VehicleCarKey] Player "tearsofdawn1066" (id=Sltx5zKJy7sVbO2kN3XTpRthB0wkULqErUtRpY6M_7o= pos=<7424.295898, 6.662500, 8440.168945>) used the  ExpansionCarKey to unlock PONTIAC_Dark_Red (id=04605134034FB93BF2F9A29A9BF6BA8F pos=<7425.999023, 6.621430, 8440.851563>)
08:20:58.388 [VehicleEnter] Player tearsofdawn1066 [uid=Sltx5zKJy7sVbO2kN3XTpRthB0wkULqErUtRpY6M_7o=] entered vehicle PONTIAC (Dark Red) (id=04605134034FB93BF2F9A29A9BF6BA8F pos=<7425.999023, 6.621430, 8440.851563>) as driver
08:21:02.070 [VehicleEngine] Player tearsofdawn1066 [uid=Sltx5zKJy7sVbO2kN3XTpRthB0wkULqErUtRpY6M_7o=] started vehicle PONTIAC (Dark Red) (id=04605134034FB93BF2F9A29A9BF6BA8F pos=<7425.999023, 6.621430, 8440.851563>)
08:21:07.597 [Safezone] Player "TomInTheNorth" (id=qD1dO4Xthw_yK-reAyR_a51VmE_30ATNiMf9gwL8oGM= pos=<5829.539551, 30.487782, 5194.534180>) Left the safezone
08:23:57.158 [AI Patrol] Spawning 3 Power Plant Patrol bots at <4729.258789, 20.430000, 7206.363770>
08:27:25.900 [VehicleEngine] Player TomInTheNorth [uid=qD1dO4Xthw_yK-reAyR_a51VmE_30ATNiMf9gwL8oGM=] stopped vehicle Land Rover Defender (id=2D2252864849AAEB8F1DC8B897335472 pos=<7440.317383, 6.618494, 8451.719727>)
08:27:34.839 [VehicleLeave] Player TomInTheNorth [uid=qD1dO4Xthw_yK-reAyR_a51VmE_30ATNiMf9gwL8oGM=] left vehicle Land Rover Defender (id=2D2252864849AAEB8F1DC8B897335472 pos=<7440.317383, 6.618495, 8451.719727>)
08:29:00.208 [Territory] Player "TomInTheNorth" (id=qD1dO4Xthw_yK-reAyR_a51VmE_30ATNiMf9gwL8oGM= pos=<7448.650391, 6.780812, 8412.965820>) was invited to join the territory DIE HARD at <7447.539063, 6.740831, 8411.402344> by the player "Nick Leadbeatter" (id=JmVdSu0kzNbOpwjpFV-MDcMB-Equ3yPY-l-COMb6HgY=)
08:29:43.898 [Safezone] Player "tearsofdawn1066" (id=Sltx5zKJy7sVbO2kN3XTpRthB0wkULqErUtRpY6M_7o= pos=<5662.337402, 29.548546, 5522.671875>) Entered the safezone
08:29:55.402 [BaseRaiding] ExpansionSafeLarge (<7436.403809, 7.764398, 8427.218750>) Code set by player "Nick Leadbeatter" (ID = "JmVdSu0kzNbOpwjpFV-MDcMB-Equ3yPY-l-COMb6HgY=" at <7437.944336, 7.804369, 8427.331055>) and the code is 8400
08:29:57.730 [MissionAirdrop] An airdrop is heading towards "Oceanville" (pos=<10179.000000, 0.000000, 4722.000000> type=Random_Oceanville) with a ExpansionAirdropContainer_Basebuilding
08:30:05.486 [VehicleLeave] Player tearsofdawn1066 [uid=Sltx5zKJy7sVbO2kN3XTpRthB0wkULqErUtRpY6M_7o=] left vehicle PONTIAC (Dark Red) (id=04605134034FB93BF2F9A29A9BF6BA8F pos=<5603.855957, 28.681431, 5393.437988>)
08:30:26.746 [BaseRaiding] ExpansionSafeLarge (<7437.209473, 7.764398, 8420.307617>) Code set by player "Nick Leadbeatter" (ID = "JmVdSu0kzNbOpwjpFV-MDcMB-Equ3yPY-l-COMb6HgY=" at <7438.792969, 7.804401, 8420.812500>) and the code is 8400
08:30:36.132 [Market] Player "tearsofdawn1066" (id=Sltx5zKJy7sVbO2kN3XTpRthB0wkULqErUtRpY6M_7o=) has send a requested to sell cp_jointfuture x1 at the trader "Weed (Naomi [WEED])" in market zone "The Holler" (pos=<5632.000000, 32.000000, 5392.000000>).
08:30:36.324 [Market] Player "tearsofdawn1066" (id=Sltx5zKJy7sVbO2kN3XTpRthB0wkULqErUtRpY6M_7o=) has sold cp_jointfuture x1 at the trader "Weed (Naomi [WEED])" in market zone "The Holler" (pos=<5632.000000, 32.000000, 5392.000000>) and got 75.
08:30:42.140 [Market] Player "tearsofdawn1066" (id=Sltx5zKJy7sVbO2kN3XTpRthB0wkULqErUtRpY6M_7o=) has send a requested to sell cp_cannabisbrickblackfrost x1 at the trader "Weed (Naomi [WEED])" in market zone "The Holler" (pos=<5632.000000, 32.000000, 5392.000000>).
08:30:42.312 [Market] Player "tearsofdawn1066" (id=Sltx5zKJy7sVbO2kN3XTpRthB0wkULqErUtRpY6M_7o=) has sold cp_cannabisbrickblackfrost x1 at the trader "Weed (Naomi [WEED])" in market zone "The Holler" (pos=<5632.000000, 32.000000, 5392.000000>) and got 54000.
08:31:16.921 [Market] Player "tearsofdawn1066" (id=Sltx5zKJy7sVbO2kN3XTpRthB0wkULqErUtRpY6M_7o=) has send a requested to purchase cp_cannabisseedspackblackfrost x1 from the trader "Weed (Naomi [WEED])" in market zone "The Holler" (pos=<5632.000000, 32.000000, 5392.000000>).
08:31:17.076 [Market] Player "tearsofdawn1066" (id=Sltx5zKJy7sVbO2kN3XTpRthB0wkULqErUtRpY6M_7o=) has bought cp_cannabisseedspackblackfrost x1 from the trader "Weed (Naomi [WEED])" in market zone "The Holler" (pos=<5632.000000, 32.000000, 5392.000000>) for a price of 7200.
08:31:17.843 [Market] Player "tearsofdawn1066" (id=Sltx5zKJy7sVbO2kN3XTpRthB0wkULqErUtRpY6M_7o=) has send a requested to purchase cp_cannabisseedspackblackfrost x1 from the trader "Weed (Naomi [WEED])" in market zone "The Holler" (pos=<5632.000000, 32.000000, 5392.000000>).
08:31:18.152 [Market] Player "tearsofdawn1066" (id=Sltx5zKJy7sVbO2kN3XTpRthB0wkULqErUtRpY6M_7o=) has bought cp_cannabisseedspackblackfrost x1 from the trader "Weed (Naomi [WEED])" in market zone "The Holler" (pos=<5632.000000, 32.000000, 5392.000000>) for a price of 7200.
08:31:19.041 [Market] Player "tearsofdawn1066" (id=Sltx5zKJy7sVbO2kN3XTpRthB0wkULqErUtRpY6M_7o=) has send a requested to purchase cp_cannabisseedspackblackfrost x1 from the trader "Weed (Naomi [WEED])" in market zone "The Holler" (pos=<5632.000000, 32.000000, 5392.000000>).
08:31:19.207 [Market] Player "tearsofdawn1066" (id=Sltx5zKJy7sVbO2kN3XTpRthB0wkULqErUtRpY6M_7o=) has bought cp_cannabisseedspackblackfrost x1 from the trader "Weed (Naomi [WEED])" in market zone "The Holler" (pos=<5632.000000, 32.000000, 5392.000000>) for a price of 7200.
08:31:45.589 [ATM] Player "tearsofdawn1066" (id=Sltx5zKJy7sVbO2kN3XTpRthB0wkULqErUtRpY6M_7o=) has deposited 34916 on his ATM account.
08:31:51.675 [ATM] Player "tearsofdawn1066" (id=Sltx5zKJy7sVbO2kN3XTpRthB0wkULqErUtRpY6M_7o=) has deposited 34916 on the party "DIEHARD" (partyid=32 | ownerid=JmVdSu0kzNbOpwjpFV-MDcMB-Equ3yPY-l-COMb6HgY=) ATM account.
08:32:31.289 [Market] Player "tearsofdawn1066" (id=Sltx5zKJy7sVbO2kN3XTpRthB0wkULqErUtRpY6M_7o=) has send a requested to sell mag_ak101_30rnd x1 at the trader "Weapons (Oliver [WEAPONS])" in market zone "The Holler" (pos=<5632.000000, 32.000000, 5392.000000>).
08:32:31.464 [Market] Player "tearsofdawn1066" (id=Sltx5zKJy7sVbO2kN3XTpRthB0wkULqErUtRpY6M_7o=) has sold mag_ak101_30rnd x1 at the trader "Weapons (Oliver [WEAPONS])" in market zone "The Holler" (pos=<5632.000000, 32.000000, 5392.000000>) and got 175.
08:32:33.367 [Market] Player "tearsofdawn1066" (id=Sltx5zKJy7sVbO2kN3XTpRthB0wkULqErUtRpY6M_7o=) has send a requested to sell mag_stanag_30rnd x1 at the trader "Weapons (Oliver [WEAPONS])" in market zone "The Holler" (pos=<5632.000000, 32.000000, 5392.000000>).
08:32:33.546 [Market] Player "tearsofdawn1066" (id=Sltx5zKJy7sVbO2kN3XTpRthB0wkULqErUtRpY6M_7o=) has sold mag_stanag_30rnd x1 at the trader "Weapons (Oliver [WEAPONS])" in market zone "The Holler" (pos=<5632.000000, 32.000000, 5392.000000>) and got 195.
08:32:35.183 [Market] Player "tearsofdawn1066" (id=Sltx5zKJy7sVbO2kN3XTpRthB0wkULqErUtRpY6M_7o=) has send a requested to sell twp_ak47dragon_mag_30rnd x1 at the trader "Weapons (Oliver [WEAPONS])" in market zone "The Holler" (pos=<5632.000000, 32.000000, 5392.000000>).
08:32:35.320 [Market] Player "tearsofdawn1066" (id=Sltx5zKJy7sVbO2kN3XTpRthB0wkULqErUtRpY6M_7o=) has sold twp_ak47dragon_mag_30rnd x1 at the trader "Weapons (Oliver [WEAPONS])" in market zone "The Holler" (pos=<5632.000000, 32.000000, 5392.000000>) and got 687.
08:32:38.988 [Market] Player "tearsofdawn1066" (id=Sltx5zKJy7sVbO2kN3XTpRthB0wkULqErUtRpY6M_7o=) has send a requested to sell twp_waltherppk_mag_8rnd x1 at the trader "Weapons (Oliver [WEAPONS])" in market zone "The Holler" (pos=<5632.000000, 32.000000, 5392.000000>).
08:32:39.125 [Market] Player "tearsofdawn1066" (id=Sltx5zKJy7sVbO2kN3XTpRthB0wkULqErUtRpY6M_7o=) has sold twp_waltherppk_mag_8rnd x1 at the trader "Weapons (Oliver [WEAPONS])" in market zone "The Holler" (pos=<5632.000000, 32.000000, 5392.000000>) and got 94.
08:32:41.695 [Market] Player "tearsofdawn1066" (id=Sltx5zKJy7sVbO2kN3XTpRthB0wkULqErUtRpY6M_7o=) has send a requested to sell fnx45 x1 at the trader "Weapons (Oliver [WEAPONS])" in market zone "The Holler" (pos=<5632.000000, 32.000000, 5392.000000>).
08:32:41.863 [Market] Player "tearsofdawn1066" (id=Sltx5zKJy7sVbO2kN3XTpRthB0wkULqErUtRpY6M_7o=) has sold fnx45 x1 at the trader "Weapons (Oliver [WEAPONS])" in market zone "The Holler" (pos=<5632.000000, 32.000000, 5392.000000>) and got 131.
08:33:58.222 [Market] Player "tearsofdawn1066" (id=Sltx5zKJy7sVbO2kN3XTpRthB0wkULqErUtRpY6M_7o=) has send a requested to sell izh18shotgun x1 at the trader "Weapons (Oliver [WEAPONS])" in market zone "The Holler" (pos=<5632.000000, 32.000000, 5392.000000>).
08:33:58.400 [Market] Player "tearsofdawn1066" (id=Sltx5zKJy7sVbO2kN3XTpRthB0wkULqErUtRpY6M_7o=) has sold izh18shotgun x1 at the trader "Weapons (Oliver [WEAPONS])" in market zone "The Holler" (pos=<5632.000000, 32.000000, 5392.000000>) and got 506.
08:35:46.746 [ATM] Player "tearsofdawn1066" (id=Sltx5zKJy7sVbO2kN3XTpRthB0wkULqErUtRpY6M_7o=) has withdrawn 5000 from the party "DIEHARD" (partyid=32 | ownerid=JmVdSu0kzNbOpwjpFV-MDcMB-Equ3yPY-l-COMb6HgY=) ATM account.
08:35:50.351 [ATM] Player "tearsofdawn1066" (id=Sltx5zKJy7sVbO2kN3XTpRthB0wkULqErUtRpY6M_7o=) has withdrawn 5000 from his ATM account.
08:37:21.246 [Market] Player "tearsofdawn1066" (id=Sltx5zKJy7sVbO2kN3XTpRthB0wkULqErUtRpY6M_7o=) has send a requested to purchase cp_emptybag x100 from the trader "Weed (Naomi [WEED])" in market zone "The Holler" (pos=<5632.000000, 32.000000, 5392.000000>).
08:37:21.414 [Market] Player "tearsofdawn1066" (id=Sltx5zKJy7sVbO2kN3XTpRthB0wkULqErUtRpY6M_7o=) has bought cp_emptybag x100 from the trader "Weed (Naomi [WEED])" in market zone "The Holler" (pos=<5632.000000, 32.000000, 5392.000000>) for a price of 5000.
08:38:53.582 [Market] Player "tearsofdawn1066" (id=Sltx5zKJy7sVbO2kN3XTpRthB0wkULqErUtRpY6M_7o=) has send a requested to purchase ammo_308win x200 from the trader "WeaponAccessories (Rolf [WEAPON ACCESSORIES])" in market zone "The Holler" (pos=<5632.000000, 32.000000, 5392.000000>).
08:38:53.746 [Market] Player "tearsofdawn1066" (id=Sltx5zKJy7sVbO2kN3XTpRthB0wkULqErUtRpY6M_7o=) has bought ammo_308win x200 from the trader "WeaponAccessories (Rolf [WEAPON ACCESSORIES])" in market zone "The Holler" (pos=<5632.000000, 32.000000, 5392.000000>) for a price of 400.
08:39:11.814 [Market] Player "tearsofdawn1066" (id=Sltx5zKJy7sVbO2kN3XTpRthB0wkULqErUtRpY6M_7o=) has send a requested to purchase ammo_556x45 x200 from the trader "WeaponAccessories (Rolf [WEAPON ACCESSORIES])" in market zone "The Holler" (pos=<5632.000000, 32.000000, 5392.000000>).
08:39:11.968 [Market] Player "tearsofdawn1066" (id=Sltx5zKJy7sVbO2kN3XTpRthB0wkULqErUtRpY6M_7o=) has bought ammo_556x45 x200 from the trader "WeaponAccessories (Rolf [WEAPON ACCESSORIES])" in market zone "The Holler" (pos=<5632.000000, 32.000000, 5392.000000>) for a price of 400.
08:39:25.164 [Market] Player "tearsofdawn1066" (id=Sltx5zKJy7sVbO2kN3XTpRthB0wkULqErUtRpY6M_7o=) has send a requested to purchase ammo_9x39ap x200 from the trader "WeaponAccessories (Rolf [WEAPON ACCESSORIES])" in market zone "The Holler" (pos=<5632.000000, 32.000000, 5392.000000>).
08:39:25.335 [Market] Player "tearsofdawn1066" (id=Sltx5zKJy7sVbO2kN3XTpRthB0wkULqErUtRpY6M_7o=) has bought ammo_9x39ap x200 from the trader "WeaponAccessories (Rolf [WEAPON ACCESSORIES])" in market zone "The Holler" (pos=<5632.000000, 32.000000, 5392.000000>) for a price of 800.
08:41:08.644 [VehicleEnter] Player tearsofdawn1066 [uid=Sltx5zKJy7sVbO2kN3XTpRthB0wkULqErUtRpY6M_7o=] entered vehicle PONTIAC (Dark Red) (id=04605134034FB93BF2F9A29A9BF6BA8F pos=<5603.855957, 28.681431, 5393.437988>) as driver
08:41:32.742 [VehicleEngine] Player tearsofdawn1066 [uid=Sltx5zKJy7sVbO2kN3XTpRthB0wkULqErUtRpY6M_7o=] started vehicle PONTIAC (Dark Red) (id=04605134034FB93BF2F9A29A9BF6BA8F pos=<5603.855957, 28.681431, 5393.437988>)
08:42:22.316 [Safezone] Player "tearsofdawn1066" (id=Sltx5zKJy7sVbO2kN3XTpRthB0wkULqErUtRpY6M_7o= pos=<5802.754395, 27.566013, 5197.165527>) Left the safezone
08:43:36.804 [VehicleEnter] Player TomInTheNorth [uid=qD1dO4Xthw_yK-reAyR_a51VmE_30ATNiMf9gwL8oGM=] entered vehicle Land Rover Defender (id=2D2252864849AAEB8F1DC8B897335472 pos=<7440.317383, 6.618495, 8451.720703>) as driver
08:43:39.572 [VehicleEnter] Player Nick Leadbeatter [uid=JmVdSu0kzNbOpwjpFV-MDcMB-Equ3yPY-l-COMb6HgY=] entered vehicle Land Rover Defender (id=2D2252864849AAEB8F1DC8B897335472 pos=<7440.317383, 6.618494, 8451.719727>) as passenger
08:43:40.828 [VehicleEngine] Player TomInTheNorth [uid=qD1dO4Xthw_yK-reAyR_a51VmE_30ATNiMf9gwL8oGM=] started vehicle Land Rover Defender (id=2D2252864849AAEB8F1DC8B897335472 pos=<7440.317383, 6.618496, 8451.720703>)
08:47:11.660 [Chat - Global]("Nick Leadbeatter"(id=JmVdSu0kzNbOpwjpFV-MDcMB-Equ3yPY-l-COMb6HgY=)): hello 
08:47:12.003 [AI Patrol] Spawning 3 Camp Eagle Patrol bots at <8897.248047, 45.727596, 3827.189941>
08:49:50.109 [VehicleEngine] Player tearsofdawn1066 [uid=Sltx5zKJy7sVbO2kN3XTpRthB0wkULqErUtRpY6M_7o=] stopped vehicle PONTIAC (Dark Red) (id=04605134034FB93BF2F9A29A9BF6BA8F pos=<10166.713867, 17.331041, 4536.359375>)
08:49:53.902 [VehicleLeave] Player tearsofdawn1066 [uid=Sltx5zKJy7sVbO2kN3XTpRthB0wkULqErUtRpY6M_7o=] left vehicle PONTIAC (Dark Red) (id=04605134034FB93BF2F9A29A9BF6BA8F pos=<10166.713867, 17.331095, 4536.359375>)
08:50:23.230 [VehicleCarKey] Player "tearsofdawn1066" (id=Sltx5zKJy7sVbO2kN3XTpRthB0wkULqErUtRpY6M_7o= pos=<10162.986328, 17.624006, 4536.601563>) used the  ExpansionCarKey to lock PONTIAC_Dark_Red (id=04605134034FB93BF2F9A29A9BF6BA8F pos=<10166.713867, 17.331078, 4536.359375>)
08:53:52.050 [VehicleLeave] Player Nick Leadbeatter [uid=JmVdSu0kzNbOpwjpFV-MDcMB-Equ3yPY-l-COMb6HgY=] left vehicle Land Rover Defender (id=2D2252864849AAEB8F1DC8B897335472 pos=<10231.372070, 41.343800, 4872.428711>)
08:54:41.429 [VehicleEnter] Player Nick Leadbeatter [uid=JmVdSu0kzNbOpwjpFV-MDcMB-Equ3yPY-l-COMb6HgY=] entered vehicle Land Rover Defender (id=2D2252864849AAEB8F1DC8B897335472 pos=<10231.372070, 41.343807, 4872.428711>) as passenger
08:56:44.023 [VehicleLeave] Player TomInTheNorth [uid=qD1dO4Xthw_yK-reAyR_a51VmE_30ATNiMf9gwL8oGM=] left vehicle Land Rover Defender (id=2D2252864849AAEB8F1DC8B897335472 pos=<10231.372070, 41.343822, 4872.428711>)
08:57:39.449 [VehicleEnter] Player TomInTheNorth [uid=qD1dO4Xthw_yK-reAyR_a51VmE_30ATNiMf9gwL8oGM=] entered vehicle Land Rover Defender (id=2D2252864849AAEB8F1DC8B897335472 pos=<10231.372070, 41.343822, 4872.428711>) as driver
08:59:17.507 [VehicleEngine] Player TomInTheNorth [uid=qD1dO4Xthw_yK-reAyR_a51VmE_30ATNiMf9gwL8oGM=] stopped vehicle Land Rover Defender (id=2D2252864849AAEB8F1DC8B897335472 pos=<10311.766602, 2.140868, 5585.026367>)
08:59:22.208 [VehicleLeave] Player TomInTheNorth [uid=qD1dO4Xthw_yK-reAyR_a51VmE_30ATNiMf9gwL8oGM=] left vehicle Land Rover Defender (id=2D2252864849AAEB8F1DC8B897335472 pos=<10311.766602, 2.140845, 5585.026367>)
08:59:22.267 [VehicleLeave] Player Nick Leadbeatter [uid=JmVdSu0kzNbOpwjpFV-MDcMB-Equ3yPY-l-COMb6HgY=] left vehicle Land Rover Defender (id=2D2252864849AAEB8F1DC8B897335472 pos=<10311.766602, 2.140844, 5585.025879>)
09:00:02.638 [Safezone] Player "TomInTheNorth" (id=qD1dO4Xthw_yK-reAyR_a51VmE_30ATNiMf9gwL8oGM= pos=<10313.196289, 1.465464, 5627.079590>) Entered the safezone
09:00:04.855 [Safezone] Player "Nick Leadbeatter" (id=JmVdSu0kzNbOpwjpFV-MDcMB-Equ3yPY-l-COMb6HgY= pos=<10312.974609, 1.465426, 5628.620605>) Entered the safezone
09:00:31.294 [Safezone] Player "TomInTheNorth" (id=qD1dO4Xthw_yK-reAyR_a51VmE_30ATNiMf9gwL8oGM= pos=<10304.488281, 1.462223, 5620.123535>) Left the safezone
09:00:35.621 [Safezone] Player "TomInTheNorth" (id=qD1dO4Xthw_yK-reAyR_a51VmE_30ATNiMf9gwL8oGM= pos=<10310.876953, 1.467781, 5629.302246>) Entered the safezone
09:00:42.699 [VehicleCarKey] Player "tearsofdawn1066" (id=Sltx5zKJy7sVbO2kN3XTpRthB0wkULqErUtRpY6M_7o= pos=<10170.251953, 17.528116, 4536.096680>) used the  ExpansionCarKey to unlock PONTIAC_Dark_Red (id=04605134034FB93BF2F9A29A9BF6BA8F pos=<10166.713867, 17.331078, 4536.359375>)
09:00:43.398 [Safezone] Player "Nick Leadbeatter" (id=JmVdSu0kzNbOpwjpFV-MDcMB-Equ3yPY-l-COMb6HgY= pos=<10312.752930, 1.474335, 5602.166504>) Left the safezone
09:01:02.359 [Safezone] Player "TomInTheNorth" (id=qD1dO4Xthw_yK-reAyR_a51VmE_30ATNiMf9gwL8oGM= pos=<10318.142578, 1.092456, 5601.344238>) Left the safezone
09:01:51.933 [VehicleEnter] Player tearsofdawn1066 [uid=Sltx5zKJy7sVbO2kN3XTpRthB0wkULqErUtRpY6M_7o=] entered vehicle PONTIAC (Dark Red) (id=04605134034FB93BF2F9A29A9BF6BA8F pos=<10166.713867, 17.331087, 4536.359375>) as driver
09:01:55.355 [VehicleEngine] Player tearsofdawn1066 [uid=Sltx5zKJy7sVbO2kN3XTpRthB0wkULqErUtRpY6M_7o=] started vehicle PONTIAC (Dark Red) (id=04605134034FB93BF2F9A29A9BF6BA8F pos=<10166.713867, 17.331118, 4536.359863>)
09:05:50.417 [VehicleEngine] Player tearsofdawn1066 [uid=Sltx5zKJy7sVbO2kN3XTpRthB0wkULqErUtRpY6M_7o=] stopped vehicle PONTIAC (Dark Red) (id=04605134034FB93BF2F9A29A9BF6BA8F pos=<7976.797363, 7.368638, 4266.458496>)
09:05:54.173 [VehicleLeave] Player tearsofdawn1066 [uid=Sltx5zKJy7sVbO2kN3XTpRthB0wkULqErUtRpY6M_7o=] left vehicle PONTIAC (Dark Red) (id=04605134034FB93BF2F9A29A9BF6BA8F pos=<7976.797363, 7.368639, 4266.458496>)
09:06:51.496 [VehicleEnter] Player Nick Leadbeatter [uid=JmVdSu0kzNbOpwjpFV-MDcMB-Equ3yPY-l-COMb6HgY=] entered vehicle Land Rover Defender (id=2D2252864849AAEB8F1DC8B897335472 pos=<10311.766602, 2.140844, 5585.025879>) as passenger
09:07:07.183 [VehicleEnter] Player TomInTheNorth [uid=qD1dO4Xthw_yK-reAyR_a51VmE_30ATNiMf9gwL8oGM=] entered vehicle Land Rover Defender (id=2D2252864849AAEB8F1DC8B897335472 pos=<10311.766602, 2.140875, 5585.026367>) as driver
09:07:11.929 [VehicleEngine] Player TomInTheNorth [uid=qD1dO4Xthw_yK-reAyR_a51VmE_30ATNiMf9gwL8oGM=] started vehicle Land Rover Defender (id=2D2252864849AAEB8F1DC8B897335472 pos=<10311.766602, 2.140887, 5585.026367>)
09:09:05.773 [VehicleEnter] Player tearsofdawn1066 [uid=Sltx5zKJy7sVbO2kN3XTpRthB0wkULqErUtRpY6M_7o=] entered vehicle PONTIAC (Dark Red) (id=04605134034FB93BF2F9A29A9BF6BA8F pos=<7976.797363, 7.368640, 4266.458496>) as driver
09:09:10.968 [VehicleEngine] Player tearsofdawn1066 [uid=Sltx5zKJy7sVbO2kN3XTpRthB0wkULqErUtRpY6M_7o=] started vehicle PONTIAC (Dark Red) (id=04605134034FB93BF2F9A29A9BF6BA8F pos=<7976.797363, 7.368639, 4266.458496>)
09:09:40.531 [VehicleEngine] Player TomInTheNorth [uid=qD1dO4Xthw_yK-reAyR_a51VmE_30ATNiMf9gwL8oGM=] stopped vehicle Land Rover Defender (id=2D2252864849AAEB8F1DC8B897335472 pos=<9526.640625, 50.414570, 5525.435059>)
09:09:50.140 [VehicleLeave] Player TomInTheNorth [uid=qD1dO4Xthw_yK-reAyR_a51VmE_30ATNiMf9gwL8oGM=] left vehicle Land Rover Defender (id=2D2252864849AAEB8F1DC8B897335472 pos=<9526.640625, 50.414585, 5525.435059>)
09:09:59.890 [VehicleLeave] Player Nick Leadbeatter [uid=JmVdSu0kzNbOpwjpFV-MDcMB-Equ3yPY-l-COMb6HgY=] left vehicle Land Rover Defender (id=2D2252864849AAEB8F1DC8B897335472 pos=<9526.640625, 50.414745, 5525.434570>)
09:10:21.871 [VehicleCarKey] Player "Nick Leadbeatter" (id=JmVdSu0kzNbOpwjpFV-MDcMB-Equ3yPY-l-COMb6HgY= pos=<9525.496094, 50.357399, 5527.136719>) used the  ExpansionCarKey to lock Expansion_Landrover_Red (id=2D2252864849AAEB8F1DC8B897335472 pos=<9526.640625, 50.414745, 5525.434570>)
09:10:22.250 [AI Patrol] Spawning 3 Camp Bear Patrol bots at <8553.454102, 2.105520, 5969.176270>
09:14:08.218 [VehicleEngine] Player tearsofdawn1066 [uid=Sltx5zKJy7sVbO2kN3XTpRthB0wkULqErUtRpY6M_7o=] stopped vehicle PONTIAC (Dark Red) (id=04605134034FB93BF2F9A29A9BF6BA8F pos=<9588.582031, 42.832802, 5486.193848>)
09:14:18.507 [VehicleLeave] Player tearsofdawn1066 [uid=Sltx5zKJy7sVbO2kN3XTpRthB0wkULqErUtRpY6M_7o=] left vehicle PONTIAC (Dark Red) (id=04605134034FB93BF2F9A29A9BF6BA8F pos=<9626.967773, 40.007866, 5488.721680>)
09:14:41.871 [VehicleCarKey] Player "tearsofdawn1066" (id=Sltx5zKJy7sVbO2kN3XTpRthB0wkULqErUtRpY6M_7o= pos=<9626.460938, 40.039948, 5486.774902>) used the  ExpansionCarKey to lock PONTIAC_Dark_Red (id=04605134034FB93BF2F9A29A9BF6BA8F pos=<9626.967773, 40.007862, 5488.722168>)
09:33:50.464 [VehicleCarKey] Player "TomInTheNorth" (id=qD1dO4Xthw_yK-reAyR_a51VmE_30ATNiMf9gwL8oGM= pos=<9526.819336, 50.054596, 5527.503906>) used the  ExpansionCarKey to unlock Expansion_Landrover_Red (id=2D2252864849AAEB8F1DC8B897335472 pos=<9526.640625, 50.414745, 5525.434570>)
09:34:06.695 [VehicleEnter] Player TomInTheNorth [uid=qD1dO4Xthw_yK-reAyR_a51VmE_30ATNiMf9gwL8oGM=] entered vehicle Land Rover Defender (id=2D2252864849AAEB8F1DC8B897335472 pos=<9526.640625, 50.414745, 5525.434570>) as passenger
09:34:12.503 [VehicleLeave] Player TomInTheNorth [uid=qD1dO4Xthw_yK-reAyR_a51VmE_30ATNiMf9gwL8oGM=] left vehicle Land Rover Defender (id=2D2252864849AAEB8F1DC8B897335472 pos=<9526.640625, 50.414745, 5525.434570>)
09:34:44.367 [VehicleEnter] Player TomInTheNorth [uid=qD1dO4Xthw_yK-reAyR_a51VmE_30ATNiMf9gwL8oGM=] entered vehicle Land Rover Defender (id=2D2252864849AAEB8F1DC8B897335472 pos=<9526.640625, 50.414745, 5525.434570>) as passenger
09:34:52.277 [VehicleLeave] Player TomInTheNorth [uid=qD1dO4Xthw_yK-reAyR_a51VmE_30ATNiMf9gwL8oGM=] left vehicle Land Rover Defender (id=2D2252864849AAEB8F1DC8B897335472 pos=<9526.640625, 50.414745, 5525.434570>)
09:35:03.464 [VehicleEnter] Player TomInTheNorth [uid=qD1dO4Xthw_yK-reAyR_a51VmE_30ATNiMf9gwL8oGM=] entered vehicle Land Rover Defender (id=2D2252864849AAEB8F1DC8B897335472 pos=<9526.640625, 50.414696, 5525.435059>) as driver
09:35:11.414 [VehicleEngine] Player TomInTheNorth [uid=qD1dO4Xthw_yK-reAyR_a51VmE_30ATNiMf9gwL8oGM=] started vehicle Land Rover Defender (id=2D2252864849AAEB8F1DC8B897335472 pos=<9526.640625, 50.414688, 5525.435059>)
09:45:43.476 [AI Patrol] Spawning 2 Shamans bots at <5039.942871, 41.738914, 7811.867188>
09:49:10.425 [VehicleLeave] Player TomInTheNorth [uid=qD1dO4Xthw_yK-reAyR_a51VmE_30ATNiMf9gwL8oGM=] left vehicle Land Rover Defender (id=2D2252864849AAEB8F1DC8B897335472 pos=<7435.575195, 6.618500, 8496.036133>)
09:49:29.890 [VehicleEnter] Player TomInTheNorth [uid=qD1dO4Xthw_yK-reAyR_a51VmE_30ATNiMf9gwL8oGM=] entered vehicle Land Rover Defender (id=2D2252864849AAEB8F1DC8B897335472 pos=<7435.621582, 6.618506, 8496.058594>) as driver
09:49:49.593 [VehicleLeave] Player TomInTheNorth [uid=qD1dO4Xthw_yK-reAyR_a51VmE_30ATNiMf9gwL8oGM=] left vehicle Land Rover Defender (id=2D2252864849AAEB8F1DC8B897335472 pos=<7439.489746, 6.618490, 8454.842773>)
09:50:02.652 [VehicleEnter] Player TomInTheNorth [uid=qD1dO4Xthw_yK-reAyR_a51VmE_30ATNiMf9gwL8oGM=] entered vehicle Land Rover Defender (id=2D2252864849AAEB8F1DC8B897335472 pos=<7439.489746, 6.618519, 8454.842773>) as driver
09:50:18.296 [VehicleEngine] Player TomInTheNorth [uid=qD1dO4Xthw_yK-reAyR_a51VmE_30ATNiMf9gwL8oGM=] stopped vehicle Land Rover Defender (id=2D2252864849AAEB8F1DC8B897335472 pos=<7436.146484, 6.618495, 8445.316406>)
09:50:22.375 [VehicleLeave] Player TomInTheNorth [uid=qD1dO4Xthw_yK-reAyR_a51VmE_30ATNiMf9gwL8oGM=] left vehicle Land Rover Defender (id=2D2252864849AAEB8F1DC8B897335472 pos=<7436.146484, 6.618493, 8445.317383>)
09:51:14.765 [VehicleCarKey] Player "TomInTheNorth" (id=qD1dO4Xthw_yK-reAyR_a51VmE_30ATNiMf9gwL8oGM= pos=<7438.285156, 6.662495, 8445.150391>) used the  ExpansionCarKey to lock Expansion_Landrover_Red (id=2D2252864849AAEB8F1DC8B897335472 pos=<7436.146484, 6.618496, 8445.316406>)
09:51:26.085 [VehicleDeleted] Expansion_Landrover_Red (id=2D2252864849AAEB8F1DC8B897335472 pos=<7436.146484, 6.618496, 8445.316406>)
09:51:26.085 [VehicleCover] Player "TomInTheNorth" (id=qD1dO4Xthw_yK-reAyR_a51VmE_30ATNiMf9gwL8oGM= pos=<7438.298340, 6.662494, 8445.137695>) covered vehicle "Expansion_Landrover_Red" (GlobalID=800000008000000080000000800127B1 pos=<7436.146484, 6.618496, 8445.316406>)!
09:52:24.164 [VehicleCarKey] Player "tearsofdawn1066" (id=Sltx5zKJy7sVbO2kN3XTpRthB0wkULqErUtRpY6M_7o= pos=<9627.157227, 40.080894, 5486.885742>) used the  ExpansionCarKey to unlock PONTIAC_Dark_Red (id=04605134034FB93BF2F9A29A9BF6BA8F pos=<9626.967773, 40.007862, 5488.722168>)
09:52:33.203 [VehicleEnter] Player tearsofdawn1066 [uid=Sltx5zKJy7sVbO2kN3XTpRthB0wkULqErUtRpY6M_7o=] entered vehicle PONTIAC (Dark Red) (id=04605134034FB93BF2F9A29A9BF6BA8F pos=<9626.967773, 40.007874, 5488.721680>) as driver
09:52:39.734 [VehicleEngine] Player tearsofdawn1066 [uid=Sltx5zKJy7sVbO2kN3XTpRthB0wkULqErUtRpY6M_7o=] started vehicle PONTIAC (Dark Red) (id=04605134034FB93BF2F9A29A9BF6BA8F pos=<9626.967773, 40.007866, 5488.721680>)
09:52:47.371 [Party] Player "TomInTheNorth" (id=qD1dO4Xthw_yK-reAyR_a51VmE_30ATNiMf9gwL8oGM=) left the party "DIEHARD" (id=32 ownerUID=JmVdSu0kzNbOpwjpFV-MDcMB-Equ3yPY-l-COMb6HgY= ownerName=Nick Leadbeatter)
09:54:15.640 [VehicleEngine] Player tearsofdawn1066 [uid=Sltx5zKJy7sVbO2kN3XTpRthB0wkULqErUtRpY6M_7o=] stopped vehicle PONTIAC (Dark Red) (id=04605134034FB93BF2F9A29A9BF6BA8F pos=<9240.184570, 14.891430, 5620.452148>)
09:54:22.968 [VehicleLeave] Player tearsofdawn1066 [uid=Sltx5zKJy7sVbO2kN3XTpRthB0wkULqErUtRpY6M_7o=] left vehicle PONTIAC (Dark Red) (id=04605134034FB93BF2F9A29A9BF6BA8F pos=<9240.184570, 14.891430, 5620.452148>)
09:54:32.503 [VehicleCarKey] Player "tearsofdawn1066" (id=Sltx5zKJy7sVbO2kN3XTpRthB0wkULqErUtRpY6M_7o= pos=<9240.951172, 14.932486, 5618.250488>) used the  ExpansionCarKey to lock PONTIAC_Dark_Red (id=04605134034FB93BF2F9A29A9BF6BA8F pos=<9240.184570, 14.891430, 5620.452148>)
10:00:53.503 [Killfeed] tearsofdawn1066 got killed by Camp Bear Patrol with LAR from a distance of 21 m.
10:01:09.710 [Party] Player "tearsofdawn1066" (id=Sltx5zKJy7sVbO2kN3XTpRthB0wkULqErUtRpY6M_7o=) joinded the party "DIEHARD" (id=32 ownerUID=JmVdSu0kzNbOpwjpFV-MDcMB-Equ3yPY-l-COMb6HgY= ownerName=Nick Leadbeatter)
10:01:29.937 [SpawnSelection] Player "tearsofdawn1066" (id=Sltx5zKJy7sVbO2kN3XTpRthB0wkULqErUtRpY6M_7o=) spawned at <10501.626953, 38.448135, 4838.285645>
10:15:50.210 [VehicleCarKey] Player "tearsofdawn1066" (id=Sltx5zKJy7sVbO2kN3XTpRthB0wkULqErUtRpY6M_7o= pos=<9241.663086, 14.932501, 5619.830566>) used the  ExpansionCarKey to unlock PONTIAC_Dark_Red (id=04605134034FB93BF2F9A29A9BF6BA8F pos=<9240.184570, 14.891430, 5620.452148>)
10:15:55.398 [VehicleEnter] Player Nick Leadbeatter [uid=JmVdSu0kzNbOpwjpFV-MDcMB-Equ3yPY-l-COMb6HgY=] entered vehicle PONTIAC (Dark Red) (id=04605134034FB93BF2F9A29A9BF6BA8F pos=<9240.184570, 14.891430, 5620.452148>) as passenger
10:15:59.207 [VehicleEnter] Player tearsofdawn1066 [uid=Sltx5zKJy7sVbO2kN3XTpRthB0wkULqErUtRpY6M_7o=] entered vehicle PONTIAC (Dark Red) (id=04605134034FB93BF2F9A29A9BF6BA8F pos=<9240.184570, 14.891430, 5620.452148>) as driver
10:16:05.781 [VehicleEngine] Player tearsofdawn1066 [uid=Sltx5zKJy7sVbO2kN3XTpRthB0wkULqErUtRpY6M_7o=] started vehicle PONTIAC (Dark Red) (id=04605134034FB93BF2F9A29A9BF6BA8F pos=<9240.184570, 14.891430, 5620.452148>)
10:21:28.609 [VehicleLeave] Player tearsofdawn1066 [uid=Sltx5zKJy7sVbO2kN3XTpRthB0wkULqErUtRpY6M_7o=] left vehicle PONTIAC (Dark Red) (id=04605134034FB93BF2F9A29A9BF6BA8F pos=<7383.344238, 47.778381, 4901.890625>)
10:21:35.265 [VehicleLeave] Player Nick Leadbeatter [uid=JmVdSu0kzNbOpwjpFV-MDcMB-Equ3yPY-l-COMb6HgY=] left vehicle PONTIAC (Dark Red) (id=04605134034FB93BF2F9A29A9BF6BA8F pos=<7383.344238, 47.778305, 4901.890625>)
10:22:17.179 [VehicleEnter] Player tearsofdawn1066 [uid=Sltx5zKJy7sVbO2kN3XTpRthB0wkULqErUtRpY6M_7o=] entered vehicle PONTIAC (Dark Red) (id=04605134034FB93BF2F9A29A9BF6BA8F pos=<7383.344238, 47.778362, 4901.890625>) as driver
10:22:20.312 [VehicleEngine] Player tearsofdawn1066 [uid=Sltx5zKJy7sVbO2kN3XTpRthB0wkULqErUtRpY6M_7o=] started vehicle PONTIAC (Dark Red) (id=04605134034FB93BF2F9A29A9BF6BA8F pos=<7383.344238, 47.778328, 4901.890625>)
10:22:44.203 [VehicleEnter] Player Nick Leadbeatter [uid=JmVdSu0kzNbOpwjpFV-MDcMB-Equ3yPY-l-COMb6HgY=] entered vehicle PONTIAC (Dark Red) (id=04605134034FB93BF2F9A29A9BF6BA8F pos=<7385.331055, 47.677708, 4902.083008>) as passenger
10:26:37.687 [Safezone] Player "tearsofdawn1066" (id=Sltx5zKJy7sVbO2kN3XTpRthB0wkULqErUtRpY6M_7o= pos=<5673.168945, 33.002865, 5264.089355>) Entered the safezone
10:26:37.738 [Safezone] Player "Nick Leadbeatter" (id=JmVdSu0kzNbOpwjpFV-MDcMB-Equ3yPY-l-COMb6HgY= pos=<5673.262695, 33.011715, 5265.094238>) Entered the safezone
10:27:04.246 [VehicleEngine] Player tearsofdawn1066 [uid=Sltx5zKJy7sVbO2kN3XTpRthB0wkULqErUtRpY6M_7o=] stopped vehicle PONTIAC (Dark Red) (id=04605134034FB93BF2F9A29A9BF6BA8F pos=<5642.168945, 28.452995, 5372.681152>)
10:27:08.718 [VehicleLeave] Player tearsofdawn1066 [uid=Sltx5zKJy7sVbO2kN3XTpRthB0wkULqErUtRpY6M_7o=] left vehicle PONTIAC (Dark Red) (id=04605134034FB93BF2F9A29A9BF6BA8F pos=<5642.168945, 28.453018, 5372.681152>)
10:27:09.957 [VehicleLeave] Player Nick Leadbeatter [uid=JmVdSu0kzNbOpwjpFV-MDcMB-Equ3yPY-l-COMb6HgY=] left vehicle PONTIAC (Dark Red) (id=04605134034FB93BF2F9A29A9BF6BA8F pos=<5642.168945, 28.453022, 5372.681152>)
10:27:48.199 [ATM] Player "tearsofdawn1066" (id=Sltx5zKJy7sVbO2kN3XTpRthB0wkULqErUtRpY6M_7o=) has withdrawn 30000 from the party "DIEHARD" (partyid=32 | ownerid=JmVdSu0kzNbOpwjpFV-MDcMB-Equ3yPY-l-COMb6HgY=) ATM account.
10:27:50.593 [ATM] Player "tearsofdawn1066" (id=Sltx5zKJy7sVbO2kN3XTpRthB0wkULqErUtRpY6M_7o=) has withdrawn 30000 from his ATM account.
10:29:28.148 [Market] Player "tearsofdawn1066" (id=Sltx5zKJy7sVbO2kN3XTpRthB0wkULqErUtRpY6M_7o=) has send a requested to purchase mvs_rucksack_multicam_tropic x1 from the trader "Clothing_Accessories (Elias [CLOTHING & ACCESSORIES])" in market zone "The Holler" (pos=<5632.000000, 32.000000, 5392.000000>).
10:29:28.328 [Market] Player "tearsofdawn1066" (id=Sltx5zKJy7sVbO2kN3XTpRthB0wkULqErUtRpY6M_7o=) has bought mvs_rucksack_multicam_tropic x1 from the trader "Clothing_Accessories (Elias [CLOTHING & ACCESSORIES])" in market zone "The Holler" (pos=<5632.000000, 32.000000, 5392.000000>) for a price of 9222.
10:31:30.925 [Market] Player "tearsofdawn1066" (id=Sltx5zKJy7sVbO2kN3XTpRthB0wkULqErUtRpY6M_7o=) has send a requested to purchase mvs_6b47_helmet_od x1 from the trader "Clothing_Accessories (Elias [CLOTHING & ACCESSORIES])" in market zone "The Holler" (pos=<5632.000000, 32.000000, 5392.000000>).
10:31:31.085 [Market] Player "tearsofdawn1066" (id=Sltx5zKJy7sVbO2kN3XTpRthB0wkULqErUtRpY6M_7o=) has bought mvs_6b47_helmet_od x1 from the trader "Clothing_Accessories (Elias [CLOTHING & ACCESSORIES])" in market zone "The Holler" (pos=<5632.000000, 32.000000, 5392.000000>) for a price of 300.
10:31:39.023 [Market] Player "tearsofdawn1066" (id=Sltx5zKJy7sVbO2kN3XTpRthB0wkULqErUtRpY6M_7o=) has send a requested to purchase mvs_warriorhelmet_erdl x1 from the trader "Clothing_Accessories (Elias [CLOTHING & ACCESSORIES])" in market zone "The Holler" (pos=<5632.000000, 32.000000, 5392.000000>).
10:31:39.218 [Market] Player "tearsofdawn1066" (id=Sltx5zKJy7sVbO2kN3XTpRthB0wkULqErUtRpY6M_7o=) has bought mvs_warriorhelmet_erdl x1 from the trader "Clothing_Accessories (Elias [CLOTHING & ACCESSORIES])" in market zone "The Holler" (pos=<5632.000000, 32.000000, 5392.000000>) for a price of 980.
10:32:54.882 [Market] Player "tearsofdawn1066" (id=Sltx5zKJy7sVbO2kN3XTpRthB0wkULqErUtRpY6M_7o=) has send a requested to purchase ammobox_380_35rnd x1 from the trader "WeaponAccessories (Rolf [WEAPON ACCESSORIES])" in market zone "The Holler" (pos=<5632.000000, 32.000000, 5392.000000>).
10:32:55.054 [Market] Player "tearsofdawn1066" (id=Sltx5zKJy7sVbO2kN3XTpRthB0wkULqErUtRpY6M_7o=) has bought ammobox_380_35rnd x1 from the trader "WeaponAccessories (Rolf [WEAPON ACCESSORIES])" in market zone "The Holler" (pos=<5632.000000, 32.000000, 5392.000000>) for a price of 56.
10:33:00.500 [Market] Player "tearsofdawn1066" (id=Sltx5zKJy7sVbO2kN3XTpRthB0wkULqErUtRpY6M_7o=) has send a requested to purchase ammobox_380_35rnd x2 from the trader "WeaponAccessories (Rolf [WEAPON ACCESSORIES])" in market zone "The Holler" (pos=<5632.000000, 32.000000, 5392.000000>).
10:33:00.683 [Market] Player "tearsofdawn1066" (id=Sltx5zKJy7sVbO2kN3XTpRthB0wkULqErUtRpY6M_7o=) has bought ammobox_380_35rnd x2 from the trader "WeaponAccessories (Rolf [WEAPON ACCESSORIES])" in market zone "The Holler" (pos=<5632.000000, 32.000000, 5392.000000>) for a price of 112.
10:33:36.773 [Market] Player "tearsofdawn1066" (id=Sltx5zKJy7sVbO2kN3XTpRthB0wkULqErUtRpY6M_7o=) has send a requested to purchase mvs_gorkajacket_multicam x1 from the trader "Clothing_Accessories (Elias [CLOTHING & ACCESSORIES])" in market zone "The Holler" (pos=<5632.000000, 32.000000, 5392.000000>).
10:33:36.949 [Market] Player "tearsofdawn1066" (id=Sltx5zKJy7sVbO2kN3XTpRthB0wkULqErUtRpY6M_7o=) has bought mvs_gorkajacket_multicam x1 from the trader "Clothing_Accessories (Elias [CLOTHING & ACCESSORIES])" in market zone "The Holler" (pos=<5632.000000, 32.000000, 5392.000000>) for a price of 800.
10:34:01.062 [Market] Player "tearsofdawn1066" (id=Sltx5zKJy7sVbO2kN3XTpRthB0wkULqErUtRpY6M_7o=) has send a requested to purchase mvs_combatpants_od x1 from the trader "Clothing_Accessories (Elias [CLOTHING & ACCESSORIES])" in market zone "The Holler" (pos=<5632.000000, 32.000000, 5392.000000>).
10:34:01.238 [Market] Player "tearsofdawn1066" (id=Sltx5zKJy7sVbO2kN3XTpRthB0wkULqErUtRpY6M_7o=) has bought mvs_combatpants_od x1 from the trader "Clothing_Accessories (Elias [CLOTHING & ACCESSORIES])" in market zone "The Holler" (pos=<5632.000000, 32.000000, 5392.000000>) for a price of 2000.
10:35:13.601 [Party] Player "Nick Leadbeatter" (id=JmVdSu0kzNbOpwjpFV-MDcMB-Equ3yPY-l-COMb6HgY=) left the party "DIEHARD" (id=32 ownerUID=JmVdSu0kzNbOpwjpFV-MDcMB-Equ3yPY-l-COMb6HgY= ownerName=Nick Leadbeatter)
10:35:43.828 [Party] Player "tearsofdawn1066" (id=Sltx5zKJy7sVbO2kN3XTpRthB0wkULqErUtRpY6M_7o=) left the party "DIEHARD" (id=32 ownerUID=JmVdSu0kzNbOpwjpFV-MDcMB-Equ3yPY-l-COMb6HgY= ownerName=Nick Leadbeatter)
10:36:54.687 [Party] Player "Lou Sassole" (id=ebo0O4yOjYkK486s9SoqLuFc3tRe1vP1S2eE1IJxhV4=) joinded the party "Loosey Goosey" (id=28 ownerUID=ebo0O4yOjYkK486s9SoqLuFc3tRe1vP1S2eE1IJxhV4= ownerName=Lou Sassole)
10:36:54.687 [AI Patrol] Spawning 3 Paris Island Patrol bots at <3186.956055, 22.367538, 4238.028320>
10:40:54.984 [VehicleCarKey] Player "Lou Sassole" (id=ebo0O4yOjYkK486s9SoqLuFc3tRe1vP1S2eE1IJxhV4= pos=<3954.046631, 24.887934, 4816.880371>) used the  ExpansionCarKey to unlock HAMMER_H1_black_rust (id=5877895E9F4C8718E7F19DA49AA485C9 pos=<3956.709961, 24.928339, 4815.875000>)
10:41:03.890 [VehicleEnter] Player Lou Sassole [uid=ebo0O4yOjYkK486s9SoqLuFc3tRe1vP1S2eE1IJxhV4=] entered vehicle HAMMER_H1 black_rust (id=5877895E9F4C8718E7F19DA49AA485C9 pos=<3956.709961, 24.928339, 4815.875000>) as driver
10:41:06.300 [VehicleEngine] Player Lou Sassole [uid=ebo0O4yOjYkK486s9SoqLuFc3tRe1vP1S2eE1IJxhV4=] started vehicle HAMMER_H1 black_rust (id=5877895E9F4C8718E7F19DA49AA485C9 pos=<3956.709961, 24.928339, 4815.875000>)
10:45:04.675 [Safezone] Player "Lou Sassole" (id=ebo0O4yOjYkK486s9SoqLuFc3tRe1vP1S2eE1IJxhV4= pos=<5670.996582, 33.280640, 5263.702148>) Entered the safezone
10:45:27.164 [VehicleLeave] Player Lou Sassole [uid=ebo0O4yOjYkK486s9SoqLuFc3tRe1vP1S2eE1IJxhV4=] left vehicle HAMMER_H1 black_rust (id=5877895E9F4C8718E7F19DA49AA485C9 pos=<5629.272949, 28.749479, 5418.307617>)
10:45:31.289 [VehicleCarKey] Player "Lou Sassole" (id=ebo0O4yOjYkK486s9SoqLuFc3tRe1vP1S2eE1IJxhV4= pos=<5626.123047, 28.722498, 5417.862793>) used the  ExpansionCarKey to lock HAMMER_H1_black_rust (id=5877895E9F4C8718E7F19DA49AA485C9 pos=<5629.273438, 28.749477, 5418.307617>)
10:55:38.195 [ATM] Player "Lou Sassole" (id=ebo0O4yOjYkK486s9SoqLuFc3tRe1vP1S2eE1IJxhV4=) has withdrawn 20000 from his ATM account.
10:58:53.906 [Market] Player "Lou Sassole" (id=ebo0O4yOjYkK486s9SoqLuFc3tRe1vP1S2eE1IJxhV4=) has send a requested to purchase twp_sr3 x1 from the trader "Weapons (Oliver [WEAPONS])" in market zone "The Holler" (pos=<5632.000000, 32.000000, 5392.000000>).
10:58:54.015 [Market] Player "Lou Sassole" (id=ebo0O4yOjYkK486s9SoqLuFc3tRe1vP1S2eE1IJxhV4=) has bought twp_sr3 x1 from the trader "Weapons (Oliver [WEAPONS])" in market zone "The Holler" (pos=<5632.000000, 32.000000, 5392.000000>) for a price of 4360.
10:59:43.234 [Market] Player "Lou Sassole" (id=ebo0O4yOjYkK486s9SoqLuFc3tRe1vP1S2eE1IJxhV4=) has send a requested to purchase ak_suppressor x1 from the trader "WeaponAccessories (Rolf [WEAPON ACCESSORIES])" in market zone "The Holler" (pos=<5632.000000, 32.000000, 5392.000000>).
10:59:43.355 [Market] Player "Lou Sassole" (id=ebo0O4yOjYkK486s9SoqLuFc3tRe1vP1S2eE1IJxhV4=) has bought ak_suppressor x1 from the trader "WeaponAccessories (Rolf [WEAPON ACCESSORIES])" in market zone "The Holler" (pos=<5632.000000, 32.000000, 5392.000000>) for a price of 425.
10:59:44.269 [Market] Player "Lou Sassole" (id=ebo0O4yOjYkK486s9SoqLuFc3tRe1vP1S2eE1IJxhV4=) has send a requested to purchase pistolsuppressor x1 from the trader "WeaponAccessories (Rolf [WEAPON ACCESSORIES])" in market zone "The Holler" (pos=<5632.000000, 32.000000, 5392.000000>).
10:59:44.359 [Market] Player "Lou Sassole" (id=ebo0O4yOjYkK486s9SoqLuFc3tRe1vP1S2eE1IJxhV4=) has bought pistolsuppressor x1 from the trader "WeaponAccessories (Rolf [WEAPON ACCESSORIES])" in market zone "The Holler" (pos=<5632.000000, 32.000000, 5392.000000>) for a price of 150.
10:59:44.968 [Market] Player "Lou Sassole" (id=ebo0O4yOjYkK486s9SoqLuFc3tRe1vP1S2eE1IJxhV4=) has send a requested to purchase m4_suppressor x1 from the trader "WeaponAccessories (Rolf [WEAPON ACCESSORIES])" in market zone "The Holler" (pos=<5632.000000, 32.000000, 5392.000000>).
10:59:45.097 [Market] Player "Lou Sassole" (id=ebo0O4yOjYkK486s9SoqLuFc3tRe1vP1S2eE1IJxhV4=) has bought m4_suppressor x1 from the trader "WeaponAccessories (Rolf [WEAPON ACCESSORIES])" in market zone "The Holler" (pos=<5632.000000, 32.000000, 5392.000000>) for a price of 425.
11:00:02.531 [Market] Player "Lou Sassole" (id=ebo0O4yOjYkK486s9SoqLuFc3tRe1vP1S2eE1IJxhV4=) has send a requested to sell pistolsuppressor x1 at the trader "WeaponAccessories (Rolf [WEAPON ACCESSORIES])" in market zone "The Holler" (pos=<5632.000000, 32.000000, 5392.000000>).
11:00:02.632 [Market] Player "Lou Sassole" (id=ebo0O4yOjYkK486s9SoqLuFc3tRe1vP1S2eE1IJxhV4=) has sold pistolsuppressor x1 at the trader "WeaponAccessories (Rolf [WEAPON ACCESSORIES])" in market zone "The Holler" (pos=<5632.000000, 32.000000, 5392.000000>) and got 112.
11:00:03.289 [Market] Player "Lou Sassole" (id=ebo0O4yOjYkK486s9SoqLuFc3tRe1vP1S2eE1IJxhV4=) has send a requested to sell m4_suppressor x1 at the trader "WeaponAccessories (Rolf [WEAPON ACCESSORIES])" in market zone "The Holler" (pos=<5632.000000, 32.000000, 5392.000000>).
11:00:03.375 [Market] Player "Lou Sassole" (id=ebo0O4yOjYkK486s9SoqLuFc3tRe1vP1S2eE1IJxhV4=) has sold m4_suppressor x1 at the trader "WeaponAccessories (Rolf [WEAPON ACCESSORIES])" in market zone "The Holler" (pos=<5632.000000, 32.000000, 5392.000000>) and got 318.
11:01:24.539 [Market] Player "Lou Sassole" (id=ebo0O4yOjYkK486s9SoqLuFc3tRe1vP1S2eE1IJxhV4=) has send a requested to purchase m68optic x1 from the trader "WeaponAccessories (Rolf [WEAPON ACCESSORIES])" in market zone "The Holler" (pos=<5632.000000, 32.000000, 5392.000000>).
11:01:24.625 [Market] Player "Lou Sassole" (id=ebo0O4yOjYkK486s9SoqLuFc3tRe1vP1S2eE1IJxhV4=) has bought m68optic x1 from the trader "WeaponAccessories (Rolf [WEAPON ACCESSORIES])" in market zone "The Holler" (pos=<5632.000000, 32.000000, 5392.000000>) for a price of 500.
11:01:34.492 [Market] Player "Lou Sassole" (id=ebo0O4yOjYkK486s9SoqLuFc3tRe1vP1S2eE1IJxhV4=) has send a requested to sell m68optic x1 at the trader "WeaponAccessories (Rolf [WEAPON ACCESSORIES])" in market zone "The Holler" (pos=<5632.000000, 32.000000, 5392.000000>).
11:01:34.617 [Market] Player "Lou Sassole" (id=ebo0O4yOjYkK486s9SoqLuFc3tRe1vP1S2eE1IJxhV4=) has sold m68optic x1 at the trader "WeaponAccessories (Rolf [WEAPON ACCESSORIES])" in market zone "The Holler" (pos=<5632.000000, 32.000000, 5392.000000>) and got 375.
11:01:44.316 [Market] Player "Lou Sassole" (id=ebo0O4yOjYkK486s9SoqLuFc3tRe1vP1S2eE1IJxhV4=) has send a requested to purchase reflexoptic x1 from the trader "WeaponAccessories (Rolf [WEAPON ACCESSORIES])" in market zone "The Holler" (pos=<5632.000000, 32.000000, 5392.000000>).
11:01:44.398 [Market] Player "Lou Sassole" (id=ebo0O4yOjYkK486s9SoqLuFc3tRe1vP1S2eE1IJxhV4=) has bought reflexoptic x1 from the trader "WeaponAccessories (Rolf [WEAPON ACCESSORIES])" in market zone "The Holler" (pos=<5632.000000, 32.000000, 5392.000000>) for a price of 150.
11:01:52.226 [Market] Player "Lou Sassole" (id=ebo0O4yOjYkK486s9SoqLuFc3tRe1vP1S2eE1IJxhV4=) has send a requested to sell reflexoptic x1 at the trader "WeaponAccessories (Rolf [WEAPON ACCESSORIES])" in market zone "The Holler" (pos=<5632.000000, 32.000000, 5392.000000>).
11:01:52.343 [Market] Player "Lou Sassole" (id=ebo0O4yOjYkK486s9SoqLuFc3tRe1vP1S2eE1IJxhV4=) has sold reflexoptic x1 at the trader "WeaponAccessories (Rolf [WEAPON ACCESSORIES])" in market zone "The Holler" (pos=<5632.000000, 32.000000, 5392.000000>) and got 112.
11:02:08.964 [Market] Player "Lou Sassole" (id=ebo0O4yOjYkK486s9SoqLuFc3tRe1vP1S2eE1IJxhV4=) has send a requested to purchase kobraoptic x1 from the trader "WeaponAccessories (Rolf [WEAPON ACCESSORIES])" in market zone "The Holler" (pos=<5632.000000, 32.000000, 5392.000000>).
11:02:09.097 [Market] Player "Lou Sassole" (id=ebo0O4yOjYkK486s9SoqLuFc3tRe1vP1S2eE1IJxhV4=) has bought kobraoptic x1 from the trader "WeaponAccessories (Rolf [WEAPON ACCESSORIES])" in market zone "The Holler" (pos=<5632.000000, 32.000000, 5392.000000>) for a price of 600.
11:03:04.718 [Safezone] Player "Lou Sassole" (id=ebo0O4yOjYkK486s9SoqLuFc3tRe1vP1S2eE1IJxhV4= pos=<5646.395996, 28.336487, 5543.671875>) Left the safezone
11:03:55.742 [Safezone] Player "Lou Sassole" (id=ebo0O4yOjYkK486s9SoqLuFc3tRe1vP1S2eE1IJxhV4= pos=<5655.141113, 28.809523, 5530.392090>) Entered the safezone
11:04:38.218 [Market] Player "Lou Sassole" (id=ebo0O4yOjYkK486s9SoqLuFc3tRe1vP1S2eE1IJxhV4=) has send a requested to purchase asval x1 from the trader "Weapons (Oliver [WEAPONS])" in market zone "The Holler" (pos=<5632.000000, 32.000000, 5392.000000>).
11:04:38.304 [Market] Player "Lou Sassole" (id=ebo0O4yOjYkK486s9SoqLuFc3tRe1vP1S2eE1IJxhV4=) has bought asval x1 from the trader "Weapons (Oliver [WEAPONS])" in market zone "The Holler" (pos=<5632.000000, 32.000000, 5392.000000>) for a price of 12820.
11:05:00.796 [Market] Player "Lou Sassole" (id=ebo0O4yOjYkK486s9SoqLuFc3tRe1vP1S2eE1IJxhV4=) has send a requested to purchase twp_sr3_mag_30rnd x8 from the trader "Weapons (Oliver [WEAPONS])" in market zone "The Holler" (pos=<5632.000000, 32.000000, 5392.000000>).
11:05:00.898 [Market] Player "Lou Sassole" (id=ebo0O4yOjYkK486s9SoqLuFc3tRe1vP1S2eE1IJxhV4=) has bought twp_sr3_mag_30rnd x8 from the trader "Weapons (Oliver [WEAPONS])" in market zone "The Holler" (pos=<5632.000000, 32.000000, 5392.000000>) for a price of 4000.
11:05:25.593 [Market] Player "Lou Sassole" (id=ebo0O4yOjYkK486s9SoqLuFc3tRe1vP1S2eE1IJxhV4=) has send a requested to sell twp_sr3_mag_30rnd x8 at the trader "Weapons (Oliver [WEAPONS])" in market zone "The Holler" (pos=<5632.000000, 32.000000, 5392.000000>).
11:05:25.679 [Market] Player "Lou Sassole" (id=ebo0O4yOjYkK486s9SoqLuFc3tRe1vP1S2eE1IJxhV4=) has sold twp_sr3_mag_30rnd x8 at the trader "Weapons (Oliver [WEAPONS])" in market zone "The Holler" (pos=<5632.000000, 32.000000, 5392.000000>) and got 3000.
11:05:28.984 [Market] Player "Lou Sassole" (id=ebo0O4yOjYkK486s9SoqLuFc3tRe1vP1S2eE1IJxhV4=) has send a requested to purchase twp_sr3_mag_30rnd x8 from the trader "Weapons (Oliver [WEAPONS])" in market zone "The Holler" (pos=<5632.000000, 32.000000, 5392.000000>).
11:05:29.121 [Market] Player "Lou Sassole" (id=ebo0O4yOjYkK486s9SoqLuFc3tRe1vP1S2eE1IJxhV4=) has bought twp_sr3_mag_30rnd x8 from the trader "Weapons (Oliver [WEAPONS])" in market zone "The Holler" (pos=<5632.000000, 32.000000, 5392.000000>) for a price of 4480.
11:06:06.179 [Market] Player "Lou Sassole" (id=ebo0O4yOjYkK486s9SoqLuFc3tRe1vP1S2eE1IJxhV4=) has send a requested to purchase vss x1 from the trader "Weapons (Oliver [WEAPONS])" in market zone "The Holler" (pos=<5632.000000, 32.000000, 5392.000000>).
11:06:06.277 [Market] Player "Lou Sassole" (id=ebo0O4yOjYkK486s9SoqLuFc3tRe1vP1S2eE1IJxhV4=) has bought vss x1 from the trader "Weapons (Oliver [WEAPONS])" in market zone "The Holler" (pos=<5632.000000, 32.000000, 5392.000000>) for a price of 11600.
11:07:41.218 [VehicleCarKey] Player "Lou Sassole" (id=ebo0O4yOjYkK486s9SoqLuFc3tRe1vP1S2eE1IJxhV4= pos=<5626.429688, 28.722483, 5416.857422>) used the  ExpansionCarKey to unlock HAMMER_H1_black_rust (id=5877895E9F4C8718E7F19DA49AA485C9 pos=<5629.273438, 28.749477, 5418.307617>)
11:08:25.171 [VehicleCarKey] Player "Lou Sassole" (id=ebo0O4yOjYkK486s9SoqLuFc3tRe1vP1S2eE1IJxhV4= pos=<5626.350098, 28.722498, 5415.833008>) used the  ExpansionCarKey to lock HAMMER_H1_black_rust (id=5877895E9F4C8718E7F19DA49AA485C9 pos=<5629.273438, 28.749477, 5418.307617>)
11:08:32.640 [ATM] Player "Lou Sassole" (id=ebo0O4yOjYkK486s9SoqLuFc3tRe1vP1S2eE1IJxhV4=) has withdrawn 1353415 from his ATM account.
11:09:27.882 [Market] Player "Lou Sassole" (id=ebo0O4yOjYkK486s9SoqLuFc3tRe1vP1S2eE1IJxhV4=) has send a requested to purchase twp_mcmillancs5 x1 from the trader "Weapons (Oliver [WEAPONS])" in market zone "The Holler" (pos=<5632.000000, 32.000000, 5392.000000>).
11:09:27.984 [Market] Player "Lou Sassole" (id=ebo0O4yOjYkK486s9SoqLuFc3tRe1vP1S2eE1IJxhV4=) has bought twp_mcmillancs5 x1 from the trader "Weapons (Oliver [WEAPONS])" in market zone "The Holler" (pos=<5632.000000, 32.000000, 5392.000000>) for a price of 23020.
11:12:55.140 [Market] Player "Lou Sassole" (id=ebo0O4yOjYkK486s9SoqLuFc3tRe1vP1S2eE1IJxhV4=) has send a requested to purchase twp_m60 x1 from the trader "Weapons (Oliver [WEAPONS])" in market zone "The Holler" (pos=<5632.000000, 32.000000, 5392.000000>).
11:12:55.250 [Market] Player "Lou Sassole" (id=ebo0O4yOjYkK486s9SoqLuFc3tRe1vP1S2eE1IJxhV4=) has bought twp_m60 x1 from the trader "Weapons (Oliver [WEAPONS])" in market zone "The Holler" (pos=<5632.000000, 32.000000, 5392.000000>) for a price of 8400.
11:13:03.554 [VehicleCarKey] Player "Lou Sassole" (id=ebo0O4yOjYkK486s9SoqLuFc3tRe1vP1S2eE1IJxhV4= pos=<5626.311035, 28.722498, 5416.043457>) used the  ExpansionCarKey to unlock HAMMER_H1_black_rust (id=5877895E9F4C8718E7F19DA49AA485C9 pos=<5629.273438, 28.749477, 5418.307617>)
11:14:05.398 [VehicleCarKey] Player "Lou Sassole" (id=ebo0O4yOjYkK486s9SoqLuFc3tRe1vP1S2eE1IJxhV4= pos=<5626.499512, 28.722498, 5416.244629>) used the  ExpansionCarKey to lock HAMMER_H1_black_rust (id=5877895E9F4C8718E7F19DA49AA485C9 pos=<5629.273438, 28.749477, 5418.307617>)
11:14:45.699 [Market] Player "Lou Sassole" (id=ebo0O4yOjYkK486s9SoqLuFc3tRe1vP1S2eE1IJxhV4=) has send a requested to purchase twp_m60_mag_200rnd x1 from the trader "Weapons (Oliver [WEAPONS])" in market zone "The Holler" (pos=<5632.000000, 32.000000, 5392.000000>).
11:14:45.781 [Market] Player "Lou Sassole" (id=ebo0O4yOjYkK486s9SoqLuFc3tRe1vP1S2eE1IJxhV4=) has bought twp_m60_mag_200rnd x1 from the trader "Weapons (Oliver [WEAPONS])" in market zone "The Holler" (pos=<5632.000000, 32.000000, 5392.000000>) for a price of 2400.
11:14:46.437 [Market] Player "Lou Sassole" (id=ebo0O4yOjYkK486s9SoqLuFc3tRe1vP1S2eE1IJxhV4=) has send a requested to purchase twp_m60_mag_200rnd x1 from the trader "Weapons (Oliver [WEAPONS])" in market zone "The Holler" (pos=<5632.000000, 32.000000, 5392.000000>).
11:14:46.554 [Market] Player "Lou Sassole" (id=ebo0O4yOjYkK486s9SoqLuFc3tRe1vP1S2eE1IJxhV4=) has bought twp_m60_mag_200rnd x1 from the trader "Weapons (Oliver [WEAPONS])" in market zone "The Holler" (pos=<5632.000000, 32.000000, 5392.000000>) for a price of 2400.
11:14:54.113 [Market] Player "Lou Sassole" (id=ebo0O4yOjYkK486s9SoqLuFc3tRe1vP1S2eE1IJxhV4=) has send a requested to purchase twp_mcmillancs5_10rnd x1 from the trader "Weapons (Oliver [WEAPONS])" in market zone "The Holler" (pos=<5632.000000, 32.000000, 5392.000000>).
11:14:54.187 [Market] Player "Lou Sassole" (id=ebo0O4yOjYkK486s9SoqLuFc3tRe1vP1S2eE1IJxhV4=) has bought twp_mcmillancs5_10rnd x1 from the trader "Weapons (Oliver [WEAPONS])" in market zone "The Holler" (pos=<5632.000000, 32.000000, 5392.000000>) for a price of 1020.
11:14:54.578 [Market] Player "Lou Sassole" (id=ebo0O4yOjYkK486s9SoqLuFc3tRe1vP1S2eE1IJxhV4=) has send a requested to purchase twp_mcmillancs5_10rnd x1 from the trader "Weapons (Oliver [WEAPONS])" in market zone "The Holler" (pos=<5632.000000, 32.000000, 5392.000000>).
11:14:54.664 [Market] Player "Lou Sassole" (id=ebo0O4yOjYkK486s9SoqLuFc3tRe1vP1S2eE1IJxhV4=) has bought twp_mcmillancs5_10rnd x1 from the trader "Weapons (Oliver [WEAPONS])" in market zone "The Holler" (pos=<5632.000000, 32.000000, 5392.000000>) for a price of 1020.
11:14:55.136 [Market] Player "Lou Sassole" (id=ebo0O4yOjYkK486s9SoqLuFc3tRe1vP1S2eE1IJxhV4=) has send a requested to purchase twp_mcmillancs5_10rnd x1 from the trader "Weapons (Oliver [WEAPONS])" in market zone "The Holler" (pos=<5632.000000, 32.000000, 5392.000000>).
11:14:55.234 [Market] Player "Lou Sassole" (id=ebo0O4yOjYkK486s9SoqLuFc3tRe1vP1S2eE1IJxhV4=) has bought twp_mcmillancs5_10rnd x1 from the trader "Weapons (Oliver [WEAPONS])" in market zone "The Holler" (pos=<5632.000000, 32.000000, 5392.000000>) for a price of 1020.
11:14:55.679 [Market] Player "Lou Sassole" (id=ebo0O4yOjYkK486s9SoqLuFc3tRe1vP1S2eE1IJxhV4=) has send a requested to purchase twp_mcmillancs5_10rnd x1 from the trader "Weapons (Oliver [WEAPONS])" in market zone "The Holler" (pos=<5632.000000, 32.000000, 5392.000000>).
11:14:55.773 [Market] Player "Lou Sassole" (id=ebo0O4yOjYkK486s9SoqLuFc3tRe1vP1S2eE1IJxhV4=) has bought twp_mcmillancs5_10rnd x1 from the trader "Weapons (Oliver [WEAPONS])" in market zone "The Holler" (pos=<5632.000000, 32.000000, 5392.000000>) for a price of 1020.
11:14:56.101 [Market] Player "Lou Sassole" (id=ebo0O4yOjYkK486s9SoqLuFc3tRe1vP1S2eE1IJxhV4=) has send a requested to purchase twp_mcmillancs5_10rnd x1 from the trader "Weapons (Oliver [WEAPONS])" in market zone "The Holler" (pos=<5632.000000, 32.000000, 5392.000000>).
11:14:56.203 [Market] Player "Lou Sassole" (id=ebo0O4yOjYkK486s9SoqLuFc3tRe1vP1S2eE1IJxhV4=) has bought twp_mcmillancs5_10rnd x1 from the trader "Weapons (Oliver [WEAPONS])" in market zone "The Holler" (pos=<5632.000000, 32.000000, 5392.000000>) for a price of 1020.
11:14:56.636 [Market] Player "Lou Sassole" (id=ebo0O4yOjYkK486s9SoqLuFc3tRe1vP1S2eE1IJxhV4=) has send a requested to purchase twp_mcmillancs5_10rnd x1 from the trader "Weapons (Oliver [WEAPONS])" in market zone "The Holler" (pos=<5632.000000, 32.000000, 5392.000000>).
11:14:56.765 [Market] Player "Lou Sassole" (id=ebo0O4yOjYkK486s9SoqLuFc3tRe1vP1S2eE1IJxhV4=) has bought twp_mcmillancs5_10rnd x1 from the trader "Weapons (Oliver [WEAPONS])" in market zone "The Holler" (pos=<5632.000000, 32.000000, 5392.000000>) for a price of 1020.
11:15:35.703 [Market] Player "Lou Sassole" (id=ebo0O4yOjYkK486s9SoqLuFc3tRe1vP1S2eE1IJxhV4=) has send a requested to purchase huntingoptic x1 from the trader "WeaponAccessories (Rolf [WEAPON ACCESSORIES])" in market zone "The Holler" (pos=<5632.000000, 32.000000, 5392.000000>).
11:15:35.777 [Market] Player "Lou Sassole" (id=ebo0O4yOjYkK486s9SoqLuFc3tRe1vP1S2eE1IJxhV4=) has bought huntingoptic x1 from the trader "WeaponAccessories (Rolf [WEAPON ACCESSORIES])" in market zone "The Holler" (pos=<5632.000000, 32.000000, 5392.000000>) for a price of 7000.
11:15:38.777 [Market] Player "Lou Sassole" (id=ebo0O4yOjYkK486s9SoqLuFc3tRe1vP1S2eE1IJxhV4=) has send a requested to purchase expansion_pmii25optic x1 from the trader "WeaponAccessories (Rolf [WEAPON ACCESSORIES])" in market zone "The Holler" (pos=<5632.000000, 32.000000, 5392.000000>).
11:15:38.890 [Market] Player "Lou Sassole" (id=ebo0O4yOjYkK486s9SoqLuFc3tRe1vP1S2eE1IJxhV4=) has bought expansion_pmii25optic x1 from the trader "WeaponAccessories (Rolf [WEAPON ACCESSORIES])" in market zone "The Holler" (pos=<5632.000000, 32.000000, 5392.000000>) for a price of 8100.
11:16:01.726 [Market] Player "Lou Sassole" (id=ebo0O4yOjYkK486s9SoqLuFc3tRe1vP1S2eE1IJxhV4=) has send a requested to sell expansion_pmii25optic x1 at the trader "WeaponAccessories (Rolf [WEAPON ACCESSORIES])" in market zone "The Holler" (pos=<5632.000000, 32.000000, 5392.000000>).
11:16:01.804 [Market] Player "Lou Sassole" (id=ebo0O4yOjYkK486s9SoqLuFc3tRe1vP1S2eE1IJxhV4=) has sold expansion_pmii25optic x1 at the trader "WeaponAccessories (Rolf [WEAPON ACCESSORIES])" in market zone "The Holler" (pos=<5632.000000, 32.000000, 5392.000000>) and got 6075.
11:16:22.398 [Market] Player "Lou Sassole" (id=ebo0O4yOjYkK486s9SoqLuFc3tRe1vP1S2eE1IJxhV4=) has send a requested to purchase ammobox_308wintracer_20rnd x2 from the trader "WeaponAccessories (Rolf [WEAPON ACCESSORIES])" in market zone "The Holler" (pos=<5632.000000, 32.000000, 5392.000000>).
11:16:22.476 [Market] Player "Lou Sassole" (id=ebo0O4yOjYkK486s9SoqLuFc3tRe1vP1S2eE1IJxhV4=) has bought ammobox_308wintracer_20rnd x2 from the trader "WeaponAccessories (Rolf [WEAPON ACCESSORIES])" in market zone "The Holler" (pos=<5632.000000, 32.000000, 5392.000000>) for a price of 128.
11:16:49.851 [Market] Player "Lou Sassole" (id=ebo0O4yOjYkK486s9SoqLuFc3tRe1vP1S2eE1IJxhV4=) has send a requested to purchase twp_cosmetic_dice x1 from the trader "Collectibles (Quinn [COLLECTIBLE TRADER])" in market zone "The Holler" (pos=<5632.000000, 32.000000, 5392.000000>).
11:16:49.953 [Market] Player "Lou Sassole" (id=ebo0O4yOjYkK486s9SoqLuFc3tRe1vP1S2eE1IJxhV4=) has bought twp_cosmetic_dice x1 from the trader "Collectibles (Quinn [COLLECTIBLE TRADER])" in market zone "The Holler" (pos=<5632.000000, 32.000000, 5392.000000>) for a price of 34000.
11:16:50.570 [Market] Player "Lou Sassole" (id=ebo0O4yOjYkK486s9SoqLuFc3tRe1vP1S2eE1IJxhV4=) has send a requested to purchase twp_cosmetic_dice x1 from the trader "Collectibles (Quinn [COLLECTIBLE TRADER])" in market zone "The Holler" (pos=<5632.000000, 32.000000, 5392.000000>).
11:16:50.679 [Market] Player "Lou Sassole" (id=ebo0O4yOjYkK486s9SoqLuFc3tRe1vP1S2eE1IJxhV4=) has bought twp_cosmetic_dice x1 from the trader "Collectibles (Quinn [COLLECTIBLE TRADER])" in market zone "The Holler" (pos=<5632.000000, 32.000000, 5392.000000>) for a price of 34000.
11:17:06.617 [Market] Player "Lou Sassole" (id=ebo0O4yOjYkK486s9SoqLuFc3tRe1vP1S2eE1IJxhV4=) has send a requested to sell twp_cosmetic_dice x1 at the trader "Collectibles (Quinn [COLLECTIBLE TRADER])" in market zone "The Holler" (pos=<5632.000000, 32.000000, 5392.000000>).
11:17:06.679 [Market] Player "Lou Sassole" (id=ebo0O4yOjYkK486s9SoqLuFc3tRe1vP1S2eE1IJxhV4=) has sold twp_cosmetic_dice x1 at the trader "Collectibles (Quinn [COLLECTIBLE TRADER])" in market zone "The Holler" (pos=<5632.000000, 32.000000, 5392.000000>) and got 25500.
11:17:48.929 [Market] Player "Lou Sassole" (id=ebo0O4yOjYkK486s9SoqLuFc3tRe1vP1S2eE1IJxhV4=) has send a requested to purchase huntingjacket_autumn x1 from the trader "Clothing_Accessories (Elias [CLOTHING & ACCESSORIES])" in market zone "The Holler" (pos=<5632.000000, 32.000000, 5392.000000>).
11:17:49.046 [Market] Player "Lou Sassole" (id=ebo0O4yOjYkK486s9SoqLuFc3tRe1vP1S2eE1IJxhV4=) has bought huntingjacket_autumn x1 from the trader "Clothing_Accessories (Elias [CLOTHING & ACCESSORIES])" in market zone "The Holler" (pos=<5632.000000, 32.000000, 5392.000000>) for a price of 120.
11:21:34.433 [Market] Player "Lou Sassole" (id=ebo0O4yOjYkK486s9SoqLuFc3tRe1vP1S2eE1IJxhV4=) has send a requested to sell mvs_combatshirt_forest_bunker x1 at the trader "Clothing_Accessories (Elias [CLOTHING & ACCESSORIES])" in market zone "The Holler" (pos=<5632.000000, 32.000000, 5392.000000>).
11:21:34.531 [Market] Player "Lou Sassole" (id=ebo0O4yOjYkK486s9SoqLuFc3tRe1vP1S2eE1IJxhV4=) has sold mvs_combatshirt_forest_bunker x1 at the trader "Clothing_Accessories (Elias [CLOTHING & ACCESSORIES])" in market zone "The Holler" (pos=<5632.000000, 32.000000, 5392.000000>) and got 450.
11:22:13.898 [Market] Player "Lou Sassole" (id=ebo0O4yOjYkK486s9SoqLuFc3tRe1vP1S2eE1IJxhV4=) has send a requested to purchase mvs_pants_bdu x1 from the trader "Clothing_Accessories (Elias [CLOTHING & ACCESSORIES])" in market zone "The Holler" (pos=<5632.000000, 32.000000, 5392.000000>).
11:22:13.984 [Market] Player "Lou Sassole" (id=ebo0O4yOjYkK486s9SoqLuFc3tRe1vP1S2eE1IJxhV4=) has bought mvs_pants_bdu x1 from the trader "Clothing_Accessories (Elias [CLOTHING & ACCESSORIES])" in market zone "The Holler" (pos=<5632.000000, 32.000000, 5392.000000>) for a price of 2000.
11:22:53.929 [Market] Player "Lou Sassole" (id=ebo0O4yOjYkK486s9SoqLuFc3tRe1vP1S2eE1IJxhV4=) has send a requested to sell mvs_combatpants_forest_bunker x1 at the trader "Clothing_Accessories (Elias [CLOTHING & ACCESSORIES])" in market zone "The Holler" (pos=<5632.000000, 32.000000, 5392.000000>).
11:22:54.015 [Market] Player "Lou Sassole" (id=ebo0O4yOjYkK486s9SoqLuFc3tRe1vP1S2eE1IJxhV4=) has sold mvs_combatpants_forest_bunker x1 at the trader "Clothing_Accessories (Elias [CLOTHING & ACCESSORIES])" in market zone "The Holler" (pos=<5632.000000, 32.000000, 5392.000000>) and got 1125.
11:23:07.335 [VehicleCarKey] Player "Lou Sassole" (id=ebo0O4yOjYkK486s9SoqLuFc3tRe1vP1S2eE1IJxhV4= pos=<5626.934570, 28.722471, 5416.547363>) used the  ExpansionCarKey to unlock HAMMER_H1_black_rust (id=5877895E9F4C8718E7F19DA49AA485C9 pos=<5629.273438, 28.749477, 5418.307617>)
11:24:33.343 [ATM] Player "Lou Sassole" (id=ebo0O4yOjYkK486s9SoqLuFc3tRe1vP1S2eE1IJxhV4=) has deposited 1263971 on his ATM account.
11:26:16.972 [VehicleCarKey] Player "Lou Sassole" (id=ebo0O4yOjYkK486s9SoqLuFc3tRe1vP1S2eE1IJxhV4= pos=<5626.566406, 28.722481, 5416.401855>) used the  ExpansionCarKey to lock HAMMER_H1_black_rust (id=5877895E9F4C8718E7F19DA49AA485C9 pos=<5629.273438, 28.749477, 5418.307617>)
11:26:26.453 [Market] Player "Lou Sassole" (id=ebo0O4yOjYkK486s9SoqLuFc3tRe1vP1S2eE1IJxhV4=) has send a requested to sell mvs_admin_pouch_forest_bunker x1 at the trader "Clothing_Accessories (Elias [CLOTHING & ACCESSORIES])" in market zone "The Holler" (pos=<5632.000000, 32.000000, 5392.000000>).
11:26:26.562 [Market] Player "Lou Sassole" (id=ebo0O4yOjYkK486s9SoqLuFc3tRe1vP1S2eE1IJxhV4=) has sold mvs_admin_pouch_forest_bunker x1 at the trader "Clothing_Accessories (Elias [CLOTHING & ACCESSORIES])" in market zone "The Holler" (pos=<5632.000000, 32.000000, 5392.000000>) and got 450.
11:26:28.722 [Market] Player "Lou Sassole" (id=ebo0O4yOjYkK486s9SoqLuFc3tRe1vP1S2eE1IJxhV4=) has send a requested to sell mvs_magazine_pouch_forest_bunker x1 at the trader "Clothing_Accessories (Elias [CLOTHING & ACCESSORIES])" in market zone "The Holler" (pos=<5632.000000, 32.000000, 5392.000000>).
11:26:28.828 [Market] Player "Lou Sassole" (id=ebo0O4yOjYkK486s9SoqLuFc3tRe1vP1S2eE1IJxhV4=) has sold mvs_magazine_pouch_forest_bunker x1 at the trader "Clothing_Accessories (Elias [CLOTHING & ACCESSORIES])" in market zone "The Holler" (pos=<5632.000000, 32.000000, 5392.000000>) and got 450.
11:26:31.625 [Market] Player "Lou Sassole" (id=ebo0O4yOjYkK486s9SoqLuFc3tRe1vP1S2eE1IJxhV4=) has send a requested to sell mvs_medical_pouch_forest_bunker x1 at the trader "Clothing_Accessories (Elias [CLOTHING & ACCESSORIES])" in market zone "The Holler" (pos=<5632.000000, 32.000000, 5392.000000>).
11:26:31.757 [Market] Player "Lou Sassole" (id=ebo0O4yOjYkK486s9SoqLuFc3tRe1vP1S2eE1IJxhV4=) has sold mvs_medical_pouch_forest_bunker x1 at the trader "Clothing_Accessories (Elias [CLOTHING & ACCESSORIES])" in market zone "The Holler" (pos=<5632.000000, 32.000000, 5392.000000>) and got 450.
11:26:32.671 [Market] Player "Lou Sassole" (id=ebo0O4yOjYkK486s9SoqLuFc3tRe1vP1S2eE1IJxhV4=) has send a requested to sell mvs_medical_pouch_forest_bunker x1 at the trader "Clothing_Accessories (Elias [CLOTHING & ACCESSORIES])" in market zone "The Holler" (pos=<5632.000000, 32.000000, 5392.000000>).
11:26:32.757 [Market] Player "Lou Sassole" (id=ebo0O4yOjYkK486s9SoqLuFc3tRe1vP1S2eE1IJxhV4=) has sold mvs_medical_pouch_forest_bunker x1 at the trader "Clothing_Accessories (Elias [CLOTHING & ACCESSORIES])" in market zone "The Holler" (pos=<5632.000000, 32.000000, 5392.000000>) and got 450.
11:26:33.640 [Market] Player "Lou Sassole" (id=ebo0O4yOjYkK486s9SoqLuFc3tRe1vP1S2eE1IJxhV4=) has send a requested to sell mvs_utility_pouch_forest_bunker x1 at the trader "Clothing_Accessories (Elias [CLOTHING & ACCESSORIES])" in market zone "The Holler" (pos=<5632.000000, 32.000000, 5392.000000>).
11:26:33.742 [Market] Player "Lou Sassole" (id=ebo0O4yOjYkK486s9SoqLuFc3tRe1vP1S2eE1IJxhV4=) has sold mvs_utility_pouch_forest_bunker x1 at the trader "Clothing_Accessories (Elias [CLOTHING & ACCESSORIES])" in market zone "The Holler" (pos=<5632.000000, 32.000000, 5392.000000>) and got 450.
11:26:46.593 [Market] Player "Lou Sassole" (id=ebo0O4yOjYkK486s9SoqLuFc3tRe1vP1S2eE1IJxhV4=) has send a requested to sell mvs_magazine_pouch_forest_bunker x1 at the trader "Clothing_Accessories (Elias [CLOTHING & ACCESSORIES])" in market zone "The Holler" (pos=<5632.000000, 32.000000, 5392.000000>).
11:26:46.718 [Market] Player "Lou Sassole" (id=ebo0O4yOjYkK486s9SoqLuFc3tRe1vP1S2eE1IJxhV4=) has sold mvs_magazine_pouch_forest_bunker x1 at the trader "Clothing_Accessories (Elias [CLOTHING & ACCESSORIES])" in market zone "The Holler" (pos=<5632.000000, 32.000000, 5392.000000>) and got 450.
11:26:48.792 [Market] Player "Lou Sassole" (id=ebo0O4yOjYkK486s9SoqLuFc3tRe1vP1S2eE1IJxhV4=) has send a requested to sell mvs_combat_vest_forest_bunker x1 at the trader "Clothing_Accessories (Elias [CLOTHING & ACCESSORIES])" in market zone "The Holler" (pos=<5632.000000, 32.000000, 5392.000000>).
11:26:48.890 [Market] Player "Lou Sassole" (id=ebo0O4yOjYkK486s9SoqLuFc3tRe1vP1S2eE1IJxhV4=) has sold mvs_combat_vest_forest_bunker x1 at the trader "Clothing_Accessories (Elias [CLOTHING & ACCESSORIES])" in market zone "The Holler" (pos=<5632.000000, 32.000000, 5392.000000>) and got 16500.
11:26:52.195 [Market] Player "Lou Sassole" (id=ebo0O4yOjYkK486s9SoqLuFc3tRe1vP1S2eE1IJxhV4=) has send a requested to sell mvs_warriorhelmet_forest_bunker x1 at the trader "Clothing_Accessories (Elias [CLOTHING & ACCESSORIES])" in market zone "The Holler" (pos=<5632.000000, 32.000000, 5392.000000>).
11:26:52.312 [Market] Player "Lou Sassole" (id=ebo0O4yOjYkK486s9SoqLuFc3tRe1vP1S2eE1IJxhV4=) has sold mvs_warriorhelmet_forest_bunker x1 at the trader "Clothing_Accessories (Elias [CLOTHING & ACCESSORIES])" in market zone "The Holler" (pos=<5632.000000, 32.000000, 5392.000000>) and got 735.
11:27:31.156 [Market] Player "Lou Sassole" (id=ebo0O4yOjYkK486s9SoqLuFc3tRe1vP1S2eE1IJxhV4=) has send a requested to purchase ghilliehood_tan x1 from the trader "Clothing_Accessories (Elias [CLOTHING & ACCESSORIES])" in market zone "The Holler" (pos=<5632.000000, 32.000000, 5392.000000>).
11:27:31.250 [Market] Player "Lou Sassole" (id=ebo0O4yOjYkK486s9SoqLuFc3tRe1vP1S2eE1IJxhV4=) has bought ghilliehood_tan x1 from the trader "Clothing_Accessories (Elias [CLOTHING & ACCESSORIES])" in market zone "The Holler" (pos=<5632.000000, 32.000000, 5392.000000>) for a price of 2200.
11:27:33.609 [Market] Player "Lou Sassole" (id=ebo0O4yOjYkK486s9SoqLuFc3tRe1vP1S2eE1IJxhV4=) has send a requested to purchase ghilliesuit_tan x1 from the trader "Clothing_Accessories (Elias [CLOTHING & ACCESSORIES])" in market zone "The Holler" (pos=<5632.000000, 32.000000, 5392.000000>).
11:27:33.683 [Market] Player "Lou Sassole" (id=ebo0O4yOjYkK486s9SoqLuFc3tRe1vP1S2eE1IJxhV4=) has bought ghilliesuit_tan x1 from the trader "Clothing_Accessories (Elias [CLOTHING & ACCESSORIES])" in market zone "The Holler" (pos=<5632.000000, 32.000000, 5392.000000>) for a price of 10000.
11:28:26.906 [VehicleCarKey] Player "Lou Sassole" (id=ebo0O4yOjYkK486s9SoqLuFc3tRe1vP1S2eE1IJxhV4= pos=<5626.942383, 28.722473, 5416.465332>) used the  ExpansionCarKey to unlock HAMMER_H1_black_rust (id=5877895E9F4C8718E7F19DA49AA485C9 pos=<5629.273438, 28.749477, 5418.307617>)
11:28:41.945 [VehicleCarKey] Player "Lou Sassole" (id=ebo0O4yOjYkK486s9SoqLuFc3tRe1vP1S2eE1IJxhV4= pos=<5627.209961, 28.722498, 5416.680176>) used the  ExpansionCarKey to lock HAMMER_H1_black_rust (id=5877895E9F4C8718E7F19DA49AA485C9 pos=<5629.273438, 28.749477, 5418.307617>)
11:29:07.398 [Market] Player "Lou Sassole" (id=ebo0O4yOjYkK486s9SoqLuFc3tRe1vP1S2eE1IJxhV4=) has send a requested to purchase nvgheadstrap x1 from the trader "Clothing_Accessories (Elias [CLOTHING & ACCESSORIES])" in market zone "The Holler" (pos=<5632.000000, 32.000000, 5392.000000>).
11:29:07.496 [Market] Player "Lou Sassole" (id=ebo0O4yOjYkK486s9SoqLuFc3tRe1vP1S2eE1IJxhV4=) has bought nvgheadstrap x1 from the trader "Clothing_Accessories (Elias [CLOTHING & ACCESSORIES])" in market zone "The Holler" (pos=<5632.000000, 32.000000, 5392.000000>) for a price of 200.
11:29:46.171 [VehicleCarKey] Player "Lou Sassole" (id=ebo0O4yOjYkK486s9SoqLuFc3tRe1vP1S2eE1IJxhV4= pos=<5626.528809, 28.722479, 5416.459961>) used the  ExpansionCarKey to unlock HAMMER_H1_black_rust (id=5877895E9F4C8718E7F19DA49AA485C9 pos=<5629.273438, 28.749477, 5418.307617>)
11:30:11.343 [VehicleCarKey] Player "Lou Sassole" (id=ebo0O4yOjYkK486s9SoqLuFc3tRe1vP1S2eE1IJxhV4= pos=<5626.915527, 28.722496, 5416.692383>) used the  ExpansionCarKey to lock HAMMER_H1_black_rust (id=5877895E9F4C8718E7F19DA49AA485C9 pos=<5629.273438, 28.749477, 5418.307617>)
11:37:42.976 [Market] Player "Lou Sassole" (id=ebo0O4yOjYkK486s9SoqLuFc3tRe1vP1S2eE1IJxhV4=) has send a requested to purchase mvs_holster_erdl x1 from the trader "Clothing_Accessories (Elias [CLOTHING & ACCESSORIES])" in market zone "The Holler" (pos=<5632.000000, 32.000000, 5392.000000>).
11:37:43.062 [Market] Player "Lou Sassole" (id=ebo0O4yOjYkK486s9SoqLuFc3tRe1vP1S2eE1IJxhV4=) has bought mvs_holster_erdl x1 from the trader "Clothing_Accessories (Elias [CLOTHING & ACCESSORIES])" in market zone "The Holler" (pos=<5632.000000, 32.000000, 5392.000000>) for a price of 600.
11:37:50.320 [Market] Player "Lou Sassole" (id=ebo0O4yOjYkK486s9SoqLuFc3tRe1vP1S2eE1IJxhV4=) has send a requested to purchase mvs_magazine_pouch_erdl x1 from the trader "Clothing_Accessories (Elias [CLOTHING & ACCESSORIES])" in market zone "The Holler" (pos=<5632.000000, 32.000000, 5392.000000>).
11:37:50.414 [Market] Player "Lou Sassole" (id=ebo0O4yOjYkK486s9SoqLuFc3tRe1vP1S2eE1IJxhV4=) has bought mvs_magazine_pouch_erdl x1 from the trader "Clothing_Accessories (Elias [CLOTHING & ACCESSORIES])" in market zone "The Holler" (pos=<5632.000000, 32.000000, 5392.000000>) for a price of 600.
11:38:05.085 [Market] Player "Lou Sassole" (id=ebo0O4yOjYkK486s9SoqLuFc3tRe1vP1S2eE1IJxhV4=) has send a requested to purchase mvs_admin_pouch_erdl x1 from the trader "Clothing_Accessories (Elias [CLOTHING & ACCESSORIES])" in market zone "The Holler" (pos=<5632.000000, 32.000000, 5392.000000>).
11:38:05.195 [Market] Player "Lou Sassole" (id=ebo0O4yOjYkK486s9SoqLuFc3tRe1vP1S2eE1IJxhV4=) has bought mvs_admin_pouch_erdl x1 from the trader "Clothing_Accessories (Elias [CLOTHING & ACCESSORIES])" in market zone "The Holler" (pos=<5632.000000, 32.000000, 5392.000000>) for a price of 600.
11:38:09.187 [Market] Player "Lou Sassole" (id=ebo0O4yOjYkK486s9SoqLuFc3tRe1vP1S2eE1IJxhV4=) has send a requested to purchase mvs_sheath_erdl x1 from the trader "Clothing_Accessories (Elias [CLOTHING & ACCESSORIES])" in market zone "The Holler" (pos=<5632.000000, 32.000000, 5392.000000>).
11:38:09.316 [Market] Player "Lou Sassole" (id=ebo0O4yOjYkK486s9SoqLuFc3tRe1vP1S2eE1IJxhV4=) has bought mvs_sheath_erdl x1 from the trader "Clothing_Accessories (Elias [CLOTHING & ACCESSORIES])" in market zone "The Holler" (pos=<5632.000000, 32.000000, 5392.000000>) for a price of 600.
11:38:34.515 [VehicleCarKey] Player "Lou Sassole" (id=ebo0O4yOjYkK486s9SoqLuFc3tRe1vP1S2eE1IJxhV4= pos=<5626.002441, 28.722498, 5416.245117>) used the  ExpansionCarKey to unlock HAMMER_H1_black_rust (id=5877895E9F4C8718E7F19DA49AA485C9 pos=<5629.273438, 28.749477, 5418.307617>)
11:39:27.703 [VehicleCarKey] Player "Lou Sassole" (id=ebo0O4yOjYkK486s9SoqLuFc3tRe1vP1S2eE1IJxhV4= pos=<5625.988281, 28.722498, 5415.665039>) used the  ExpansionCarKey to lock HAMMER_H1_black_rust (id=5877895E9F4C8718E7F19DA49AA485C9 pos=<5629.273438, 28.749477, 5418.307617>)
11:39:58.960 [ATM] Player "Lou Sassole" (id=ebo0O4yOjYkK486s9SoqLuFc3tRe1vP1S2eE1IJxhV4=) has withdrawn 50000 from his ATM account.
11:41:35.078 [Market] Player "Lou Sassole" (id=ebo0O4yOjYkK486s9SoqLuFc3tRe1vP1S2eE1IJxhV4=) has send a requested to purchase mvs_chestrig_erdl x1 from the trader "Clothing_Accessories (Elias [CLOTHING & ACCESSORIES])" in market zone "The Holler" (pos=<5632.000000, 32.000000, 5392.000000>).
11:41:35.187 [Market] Player "Lou Sassole" (id=ebo0O4yOjYkK486s9SoqLuFc3tRe1vP1S2eE1IJxhV4=) has bought mvs_chestrig_erdl x1 from the trader "Clothing_Accessories (Elias [CLOTHING & ACCESSORIES])" in market zone "The Holler" (pos=<5632.000000, 32.000000, 5392.000000>) for a price of 22400.
11:41:54.570 [VehicleCarKey] Player "Lou Sassole" (id=ebo0O4yOjYkK486s9SoqLuFc3tRe1vP1S2eE1IJxhV4= pos=<5626.744629, 28.722496, 5416.805664>) used the  ExpansionCarKey to unlock HAMMER_H1_black_rust (id=5877895E9F4C8718E7F19DA49AA485C9 pos=<5629.273438, 28.749477, 5418.307617>)
11:45:41.855 [VehicleCarKey] Player "Lou Sassole" (id=ebo0O4yOjYkK486s9SoqLuFc3tRe1vP1S2eE1IJxhV4= pos=<5625.667480, 28.722498, 5416.313965>) used the  ExpansionCarKey to lock HAMMER_H1_black_rust (id=5877895E9F4C8718E7F19DA49AA485C9 pos=<5629.273438, 28.749477, 5418.307617>)
11:47:44.382 [Market] Player "Lou Sassole" (id=ebo0O4yOjYkK486s9SoqLuFc3tRe1vP1S2eE1IJxhV4=) has send a requested to purchase twp_glock17 x1 from the trader "Weapons (Oliver [WEAPONS])" in market zone "The Holler" (pos=<5632.000000, 32.000000, 5392.000000>).
11:47:44.484 [Market] Player "Lou Sassole" (id=ebo0O4yOjYkK486s9SoqLuFc3tRe1vP1S2eE1IJxhV4=) has bought twp_glock17 x1 from the trader "Weapons (Oliver [WEAPONS])" in market zone "The Holler" (pos=<5632.000000, 32.000000, 5392.000000>) for a price of 463.
11:47:55.269 [Market] Player "Lou Sassole" (id=ebo0O4yOjYkK486s9SoqLuFc3tRe1vP1S2eE1IJxhV4=) has send a requested to purchase twp_glock17_mag_19rnd x1 from the trader "Weapons (Oliver [WEAPONS])" in market zone "The Holler" (pos=<5632.000000, 32.000000, 5392.000000>).
11:47:55.398 [Market] Player "Lou Sassole" (id=ebo0O4yOjYkK486s9SoqLuFc3tRe1vP1S2eE1IJxhV4=) has bought twp_glock17_mag_19rnd x1 from the trader "Weapons (Oliver [WEAPONS])" in market zone "The Holler" (pos=<5632.000000, 32.000000, 5392.000000>) for a price of 288.
11:47:56.015 [Market] Player "Lou Sassole" (id=ebo0O4yOjYkK486s9SoqLuFc3tRe1vP1S2eE1IJxhV4=) has send a requested to purchase twp_glock17_mag_19rnd x1 from the trader "Weapons (Oliver [WEAPONS])" in market zone "The Holler" (pos=<5632.000000, 32.000000, 5392.000000>).
11:47:56.097 [Market] Player "Lou Sassole" (id=ebo0O4yOjYkK486s9SoqLuFc3tRe1vP1S2eE1IJxhV4=) has bought twp_glock17_mag_19rnd x1 from the trader "Weapons (Oliver [WEAPONS])" in market zone "The Holler" (pos=<5632.000000, 32.000000, 5392.000000>) for a price of 288.
11:47:56.851 [Market] Player "Lou Sassole" (id=ebo0O4yOjYkK486s9SoqLuFc3tRe1vP1S2eE1IJxhV4=) has send a requested to purchase twp_glock17_mag_19rnd x1 from the trader "Weapons (Oliver [WEAPONS])" in market zone "The Holler" (pos=<5632.000000, 32.000000, 5392.000000>).
11:47:56.957 [Market] Player "Lou Sassole" (id=ebo0O4yOjYkK486s9SoqLuFc3tRe1vP1S2eE1IJxhV4=) has bought twp_glock17_mag_19rnd x1 from the trader "Weapons (Oliver [WEAPONS])" in market zone "The Holler" (pos=<5632.000000, 32.000000, 5392.000000>) for a price of 288.
11:48:42.273 [Market] Player "Lou Sassole" (id=ebo0O4yOjYkK486s9SoqLuFc3tRe1vP1S2eE1IJxhV4=) has send a requested to purchase fnp45_mrdsoptic x1 from the trader "WeaponAccessories (Rolf [WEAPON ACCESSORIES])" in market zone "The Holler" (pos=<5632.000000, 32.000000, 5392.000000>).
11:48:42.414 [Market] Player "Lou Sassole" (id=ebo0O4yOjYkK486s9SoqLuFc3tRe1vP1S2eE1IJxhV4=) has bought fnp45_mrdsoptic x1 from the trader "WeaponAccessories (Rolf [WEAPON ACCESSORIES])" in market zone "The Holler" (pos=<5632.000000, 32.000000, 5392.000000>) for a price of 250.
11:48:50.562 [Market] Player "Lou Sassole" (id=ebo0O4yOjYkK486s9SoqLuFc3tRe1vP1S2eE1IJxhV4=) has send a requested to purchase pistolsuppressor x1 from the trader "WeaponAccessories (Rolf [WEAPON ACCESSORIES])" in market zone "The Holler" (pos=<5632.000000, 32.000000, 5392.000000>).
11:48:50.636 [Market] Player "Lou Sassole" (id=ebo0O4yOjYkK486s9SoqLuFc3tRe1vP1S2eE1IJxhV4=) has bought pistolsuppressor x1 from the trader "WeaponAccessories (Rolf [WEAPON ACCESSORIES])" in market zone "The Holler" (pos=<5632.000000, 32.000000, 5392.000000>) for a price of 150.
11:51:00.097 [Market] Player "Lou Sassole" (id=ebo0O4yOjYkK486s9SoqLuFc3tRe1vP1S2eE1IJxhV4=) has send a requested to sell cp_jointblue x3 at the trader "Weed (Naomi [WEED])" in market zone "The Holler" (pos=<5632.000000, 32.000000, 5392.000000>).
11:51:00.179 [Market] Player "Lou Sassole" (id=ebo0O4yOjYkK486s9SoqLuFc3tRe1vP1S2eE1IJxhV4=) has sold cp_jointblue x3 at the trader "Weed (Naomi [WEED])" in market zone "The Holler" (pos=<5632.000000, 32.000000, 5392.000000>) and got 900.
11:51:03.906 [Market] Player "Lou Sassole" (id=ebo0O4yOjYkK486s9SoqLuFc3tRe1vP1S2eE1IJxhV4=) has send a requested to sell cp_jointskunk x7 at the trader "Weed (Naomi [WEED])" in market zone "The Holler" (pos=<5632.000000, 32.000000, 5392.000000>).
11:51:04.015 [Market] Player "Lou Sassole" (id=ebo0O4yOjYkK486s9SoqLuFc3tRe1vP1S2eE1IJxhV4=) has sold cp_jointskunk x7 at the trader "Weed (Naomi [WEED])" in market zone "The Holler" (pos=<5632.000000, 32.000000, 5392.000000>) and got 2100.
11:51:07.710 [Market] Player "Lou Sassole" (id=ebo0O4yOjYkK486s9SoqLuFc3tRe1vP1S2eE1IJxhV4=) has send a requested to sell cp_jointstardawg x9 at the trader "Weed (Naomi [WEED])" in market zone "The Holler" (pos=<5632.000000, 32.000000, 5392.000000>).
11:51:07.824 [Market] Player "Lou Sassole" (id=ebo0O4yOjYkK486s9SoqLuFc3tRe1vP1S2eE1IJxhV4=) has sold cp_jointstardawg x9 at the trader "Weed (Naomi [WEED])" in market zone "The Holler" (pos=<5632.000000, 32.000000, 5392.000000>) and got 2700.
11:51:28.875 [VehicleCarKey] Player "Lou Sassole" (id=ebo0O4yOjYkK486s9SoqLuFc3tRe1vP1S2eE1IJxhV4= pos=<5626.182129, 28.722498, 5416.554688>) used the  ExpansionCarKey to unlock HAMMER_H1_black_rust (id=5877895E9F4C8718E7F19DA49AA485C9 pos=<5629.304688, 28.749449, 5418.331543>)
11:52:27.187 [VehicleCarKey] Player "Lou Sassole" (id=ebo0O4yOjYkK486s9SoqLuFc3tRe1vP1S2eE1IJxhV4= pos=<5627.049805, 28.722479, 5416.433594>) used the  ExpansionCarKey to lock HAMMER_H1_black_rust (id=5877895E9F4C8718E7F19DA49AA485C9 pos=<5629.304688, 28.749449, 5418.331543>)
11:54:00.695 [Market] Player "Lou Sassole" (id=ebo0O4yOjYkK486s9SoqLuFc3tRe1vP1S2eE1IJxhV4=) has send a requested to purchase screwdriver x1 from the trader "BuildingSupplies (Indar [BUILDINGS])" in market zone "The Holler" (pos=<5632.000000, 32.000000, 5392.000000>).
11:54:00.804 [Market] Player "Lou Sassole" (id=ebo0O4yOjYkK486s9SoqLuFc3tRe1vP1S2eE1IJxhV4=) has bought screwdriver x1 from the trader "BuildingSupplies (Indar [BUILDINGS])" in market zone "The Holler" (pos=<5632.000000, 32.000000, 5392.000000>) for a price of 3.
11:54:02.292 [Market] Player "Lou Sassole" (id=ebo0O4yOjYkK486s9SoqLuFc3tRe1vP1S2eE1IJxhV4=) has send a requested to purchase pliers x1 from the trader "BuildingSupplies (Indar [BUILDINGS])" in market zone "The Holler" (pos=<5632.000000, 32.000000, 5392.000000>).
11:54:02.398 [Market] Player "Lou Sassole" (id=ebo0O4yOjYkK486s9SoqLuFc3tRe1vP1S2eE1IJxhV4=) has bought pliers x1 from the trader "BuildingSupplies (Indar [BUILDINGS])" in market zone "The Holler" (pos=<5632.000000, 32.000000, 5392.000000>) for a price of 4.
11:54:13.335 [Market] Player "Lou Sassole" (id=ebo0O4yOjYkK486s9SoqLuFc3tRe1vP1S2eE1IJxhV4=) has send a requested to purchase handsaw x1 from the trader "BuildingSupplies (Indar [BUILDINGS])" in market zone "The Holler" (pos=<5632.000000, 32.000000, 5392.000000>).
11:54:13.421 [Market] Player "Lou Sassole" (id=ebo0O4yOjYkK486s9SoqLuFc3tRe1vP1S2eE1IJxhV4=) has bought handsaw x1 from the trader "BuildingSupplies (Indar [BUILDINGS])" in market zone "The Holler" (pos=<5632.000000, 32.000000, 5392.000000>) for a price of 7.
11:55:17.765 [Party] Player "Lou Sassole" (id=ebo0O4yOjYkK486s9SoqLuFc3tRe1vP1S2eE1IJxhV4=) left the party "Loosey Goosey" (id=28 ownerUID=ebo0O4yOjYkK486s9SoqLuFc3tRe1vP1S2eE1IJxhV4= ownerName=Lou Sassole)
