06:09:31.654 [AI Patrol] Spawning 3 Area 42 Patrol bots at <13789.016602, 12.940000, 9883.528320>
06:16:32.578 [MissionAirdrop] An airdrop is heading towards "Old-Town" (pos=<1849.000000, 0.000000, 8830.000000> type=Random_Old-Town) with a ExpansionAirdropContainer_Military
07:36:52.437 [Party] Player "OrdepRoinuj" (id=jho7WUBGAZrvFnn8RJJsJvDzNHi4rQTd5HHL__KErjY=) joinded the party "OldDog" (id=42 ownerUID=jho7WUBGAZrvFnn8RJJsJvDzNHi4rQTd5HHL__KErjY= ownerName=Old Dog)
07:37:04.679 [VehicleCover] Player "OrdepRoinuj" (id=jho7WUBGAZrvFnn8RJJsJvDzNHi4rQTd5HHL__KErjY= pos=<13814.544922, 9.447141, 4900.753906>) uncovered vehicle "MUSTANG_red" (GlobalID=80000000800000008000000080013104 pos=<13812.706055, 9.545585, 4902.386719>)!
07:37:26.203 [VehicleCarKey] Player "OrdepRoinuj" (id=jho7WUBGAZrvFnn8RJJsJvDzNHi4rQTd5HHL__KErjY= pos=<13810.831055, 9.751724, 4901.715820>) used the  ExpansionCarKey to unlock MUSTANG_red (id=30AE085A2D4F93BEF73665AD390F6160 pos=<13812.706055, 9.545527, 4902.384277>)
07:37:47.732 [AI Patrol] Spawning 3 Temple Patrol bots at <352.713074, 47.070000, 832.905762>
07:37:47.746 [AI Patrol] Spawning 3 Temple Patrol bots at <447.843536, 47.070000, 791.183899>
07:37:47.755 [AI Patrol] Spawning 3 Temple Patrol bots at <388.208771, 47.070000, 785.277100>
07:37:49.429 [VehicleEnter] Player OrdepRoinuj [uid=jho7WUBGAZrvFnn8RJJsJvDzNHi4rQTd5HHL__KErjY=] entered vehicle MUSTANG Red (id=30AE085A2D4F93BEF73665AD390F6160 pos=<13812.706055, 9.545526, 4902.384277>) as driver
07:38:07.648 [VehicleEngine] Player OrdepRoinuj [uid=jho7WUBGAZrvFnn8RJJsJvDzNHi4rQTd5HHL__KErjY=] started vehicle MUSTANG Red (id=30AE085A2D4F93BEF73665AD390F6160 pos=<13812.706055, 9.545527, 4902.384277>)
07:40:23.109 [VehicleLeave] Player OrdepRoinuj [uid=jho7WUBGAZrvFnn8RJJsJvDzNHi4rQTd5HHL__KErjY=] left vehicle MUSTANG Red (id=30AE085A2D4F93BEF73665AD390F6160 pos=<14215.100586, 1.833956, 5142.038574>)
07:40:29.945 [VehicleEnter] Player OrdepRoinuj [uid=jho7WUBGAZrvFnn8RJJsJvDzNHi4rQTd5HHL__KErjY=] entered vehicle MUSTANG Red (id=30AE085A2D4F93BEF73665AD390F6160 pos=<14215.099609, 1.833981, 5142.039063>) as driver
07:40:45.488 [VehicleEngine] Player OrdepRoinuj [uid=jho7WUBGAZrvFnn8RJJsJvDzNHi4rQTd5HHL__KErjY=] stopped vehicle MUSTANG Red (id=30AE085A2D4F93BEF73665AD390F6160 pos=<14269.199219, 2.367247, 5141.047363>)
07:40:49.027 [VehicleLeave] Player OrdepRoinuj [uid=jho7WUBGAZrvFnn8RJJsJvDzNHi4rQTd5HHL__KErjY=] left vehicle MUSTANG Red (id=30AE085A2D4F93BEF73665AD390F6160 pos=<14269.199219, 2.367248, 5141.047363>)
07:45:21.095 [VehicleEnter] Player OrdepRoinuj [uid=jho7WUBGAZrvFnn8RJJsJvDzNHi4rQTd5HHL__KErjY=] entered vehicle MUSTANG Red (id=30AE085A2D4F93BEF73665AD390F6160 pos=<14269.199219, 2.367246, 5141.047363>) as driver
07:45:23.462 [VehicleEngine] Player OrdepRoinuj [uid=jho7WUBGAZrvFnn8RJJsJvDzNHi4rQTd5HHL__KErjY=] started vehicle MUSTANG Red (id=30AE085A2D4F93BEF73665AD390F6160 pos=<14269.199219, 2.367248, 5141.047363>)
07:45:43.152 [VehicleEngine] Player OrdepRoinuj [uid=jho7WUBGAZrvFnn8RJJsJvDzNHi4rQTd5HHL__KErjY=] stopped vehicle MUSTANG Red (id=30AE085A2D4F93BEF73665AD390F6160 pos=<14365.466797, 2.316304, 5174.846680>)
07:45:46.591 [VehicleLeave] Player OrdepRoinuj [uid=jho7WUBGAZrvFnn8RJJsJvDzNHi4rQTd5HHL__KErjY=] left vehicle MUSTANG Red (id=30AE085A2D4F93BEF73665AD390F6160 pos=<14365.466797, 2.316308, 5174.846680>)
07:46:08.132 [VehicleDeleted] MUSTANG_red (id=30AE085A2D4F93BEF73665AD390F6160 pos=<14365.466797, 2.316305, 5174.846680>)
07:46:08.132 [VehicleCover] Player "OrdepRoinuj" (id=jho7WUBGAZrvFnn8RJJsJvDzNHi4rQTd5HHL__KErjY= pos=<14364.349609, 2.326614, 5176.307617>) covered vehicle "MUSTANG_red" (GlobalID=80000000800000008000000080013104 pos=<14365.466797, 2.316305, 5174.846680>)!
07:49:10.962 [AI Patrol] Spawning 3 Power Plant Patrol bots at <4640.820313, 20.436459, 6884.596680>
07:57:58.976 [VehicleCover] Player "OrdepRoinuj" (id=jho7WUBGAZrvFnn8RJJsJvDzNHi4rQTd5HHL__KErjY= pos=<14364.047852, 2.313568, 5176.017090>) uncovered vehicle "MUSTANG_red" (GlobalID=80000000800000008000000080013104 pos=<14365.466797, 2.316305, 5174.846680>)!
07:58:59.130 [VehicleEnter] Player OrdepRoinuj [uid=jho7WUBGAZrvFnn8RJJsJvDzNHi4rQTd5HHL__KErjY=] entered vehicle MUSTANG Red (id=0651AE79314B9872837369B17ADF5FEB pos=<14365.466797, 2.316225, 5174.845215>) as driver
07:59:13.021 [VehicleLeave] Player OrdepRoinuj [uid=jho7WUBGAZrvFnn8RJJsJvDzNHi4rQTd5HHL__KErjY=] left vehicle MUSTANG Red (id=0651AE79314B9872837369B17ADF5FEB pos=<14365.466797, 2.316219, 5174.844727>)
07:59:33.527 [VehicleEnter] Player OrdepRoinuj [uid=jho7WUBGAZrvFnn8RJJsJvDzNHi4rQTd5HHL__KErjY=] entered vehicle MUSTANG Red (id=0651AE79314B9872837369B17ADF5FEB pos=<14365.466797, 2.316218, 5174.844727>) as driver
07:59:36.539 [VehicleEngine] Player OrdepRoinuj [uid=jho7WUBGAZrvFnn8RJJsJvDzNHi4rQTd5HHL__KErjY=] started vehicle MUSTANG Red (id=0651AE79314B9872837369B17ADF5FEB pos=<14365.466797, 2.316232, 5174.845215>)
08:01:19.535 [VehicleLeave] Player OrdepRoinuj [uid=jho7WUBGAZrvFnn8RJJsJvDzNHi4rQTd5HHL__KErjY=] left vehicle MUSTANG Red (id=0651AE79314B9872837369B17ADF5FEB pos=<13748.159180, 12.592321, 5557.849121>)
08:04:29.673 [VehicleDeleted] MUSTANG_red (id=0651AE79314B9872837369B17ADF5FEB pos=<13748.159180, 12.592321, 5557.849121>)
08:04:29.673 [VehicleCover] Player "OrdepRoinuj" (id=jho7WUBGAZrvFnn8RJJsJvDzNHi4rQTd5HHL__KErjY= pos=<13747.162109, 12.519582, 5556.008301>) covered vehicle "MUSTANG_red" (GlobalID=80000000800000008000000080013104 pos=<13748.159180, 12.592321, 5557.849121>)!
08:04:58.498 [AI Patrol] Spawning 3 Shamans bots at <13141.973633, 17.281811, 4610.430664>
08:07:48.439 [VehicleCover] Player "OrdepRoinuj" (id=jho7WUBGAZrvFnn8RJJsJvDzNHi4rQTd5HHL__KErjY= pos=<13746.611328, 12.527647, 5555.784668>) uncovered vehicle "MUSTANG_red" (GlobalID=80000000800000008000000080013104 pos=<13748.159180, 12.592321, 5557.849121>)!
08:08:02.062 [VehicleEnter] Player OrdepRoinuj [uid=jho7WUBGAZrvFnn8RJJsJvDzNHi4rQTd5HHL__KErjY=] entered vehicle MUSTANG Red (id=2C297E66E0435BF7FF0C159EA446D7F5 pos=<13748.159180, 12.592287, 5557.847656>) as driver
08:08:06.832 [VehicleEngine] Player OrdepRoinuj [uid=jho7WUBGAZrvFnn8RJJsJvDzNHi4rQTd5HHL__KErjY=] started vehicle MUSTANG Red (id=2C297E66E0435BF7FF0C159EA446D7F5 pos=<13748.159180, 12.592286, 5557.847656>)
08:09:36.957 [VehicleEngine] Player OrdepRoinuj [uid=jho7WUBGAZrvFnn8RJJsJvDzNHi4rQTd5HHL__KErjY=] stopped vehicle MUSTANG Red (id=2C297E66E0435BF7FF0C159EA446D7F5 pos=<13644.806641, 2.748725, 4970.886230>)
08:09:40.519 [VehicleLeave] Player OrdepRoinuj [uid=jho7WUBGAZrvFnn8RJJsJvDzNHi4rQTd5HHL__KErjY=] left vehicle MUSTANG Red (id=2C297E66E0435BF7FF0C159EA446D7F5 pos=<13644.806641, 2.748769, 4970.886230>)
08:09:58.621 [VehicleDeleted] MUSTANG_red (id=2C297E66E0435BF7FF0C159EA446D7F5 pos=<13644.806641, 2.748811, 4970.886230>)
08:09:58.621 [VehicleCover] Player "OrdepRoinuj" (id=jho7WUBGAZrvFnn8RJJsJvDzNHi4rQTd5HHL__KErjY= pos=<13645.704102, 3.229558, 4969.710938>) covered vehicle "MUSTANG_red" (GlobalID=80000000800000008000000080013104 pos=<13644.806641, 2.748811, 4970.886230>)!
08:11:55.558 [Safezone] Player "Mansbridge" (id=QM7LViVt5sZd0hja19cF2rW2mCNEG7w2k3AFdalcF50= pos=<5659.598145, 28.804569, 5528.132813>) Entered the safezone
08:12:50.544 [Market] Player "Mansbridge" (id=QM7LViVt5sZd0hja19cF2rW2mCNEG7w2k3AFdalcF50=) has send a requested to sell winchester70 x1 at the trader "Weapons (Oliver [WEAPONS])" in market zone "The Holler" (pos=<5632.000000, 32.000000, 5392.000000>).
08:12:50.652 [Market] Player "Mansbridge" (id=QM7LViVt5sZd0hja19cF2rW2mCNEG7w2k3AFdalcF50=) has sold winchester70 x1 at the trader "Weapons (Oliver [WEAPONS])" in market zone "The Holler" (pos=<5632.000000, 32.000000, 5392.000000>) and got 1987.
08:13:36.406 [Market] Player "Mansbridge" (id=QM7LViVt5sZd0hja19cF2rW2mCNEG7w2k3AFdalcF50=) has send a requested to purchase tetracyclineantibiotics x1 from the trader "Medicals (Linda [MEDICAL])" in market zone "The Holler" (pos=<5632.000000, 32.000000, 5392.000000>).
08:13:36.519 [Market] Player "Mansbridge" (id=QM7LViVt5sZd0hja19cF2rW2mCNEG7w2k3AFdalcF50=) has bought tetracyclineantibiotics x1 from the trader "Medicals (Linda [MEDICAL])" in market zone "The Holler" (pos=<5632.000000, 32.000000, 5392.000000>) for a price of 1800.
08:14:28.892 [Party] Player "OrdepRoinuj" (id=jho7WUBGAZrvFnn8RJJsJvDzNHi4rQTd5HHL__KErjY=) left the party "OldDog" (id=42 ownerUID=jho7WUBGAZrvFnn8RJJsJvDzNHi4rQTd5HHL__KErjY= ownerName=Old Dog)
08:15:03.562 [Market] Player "Mansbridge" (id=QM7LViVt5sZd0hja19cF2rW2mCNEG7w2k3AFdalcF50=) has send a requested to sell collectable_pokemoncard_weedle x1 at the trader "Collectibles (Quinn [COLLECTIBLE TRADER])" in market zone "The Holler" (pos=<5632.000000, 32.000000, 5392.000000>).
08:15:03.673 [Market] Player "Mansbridge" (id=QM7LViVt5sZd0hja19cF2rW2mCNEG7w2k3AFdalcF50=) has sold collectable_pokemoncard_weedle x1 at the trader "Collectibles (Quinn [COLLECTIBLE TRADER])" in market zone "The Holler" (pos=<5632.000000, 32.000000, 5392.000000>) and got 750.
08:15:04.640 [Market] Player "Mansbridge" (id=QM7LViVt5sZd0hja19cF2rW2mCNEG7w2k3AFdalcF50=) has send a requested to sell collectable_pokemoncard_scoopup x1 at the trader "Collectibles (Quinn [COLLECTIBLE TRADER])" in market zone "The Holler" (pos=<5632.000000, 32.000000, 5392.000000>).
08:15:04.750 [Market] Player "Mansbridge" (id=QM7LViVt5sZd0hja19cF2rW2mCNEG7w2k3AFdalcF50=) has sold collectable_pokemoncard_scoopup x1 at the trader "Collectibles (Quinn [COLLECTIBLE TRADER])" in market zone "The Holler" (pos=<5632.000000, 32.000000, 5392.000000>) and got 1125.
08:15:53.546 [Market] Player "Mansbridge" (id=QM7LViVt5sZd0hja19cF2rW2mCNEG7w2k3AFdalcF50=) has send a requested to sell collectable_gameboy_pokemonone x1 at the trader "Special (Eva [SPECIALTY ITEMS])" in market zone "The Holler" (pos=<5632.000000, 32.000000, 5392.000000>).
08:15:53.625 [Market] Player "Mansbridge" (id=QM7LViVt5sZd0hja19cF2rW2mCNEG7w2k3AFdalcF50=) has sold collectable_gameboy_pokemonone x1 at the trader "Special (Eva [SPECIALTY ITEMS])" in market zone "The Holler" (pos=<5632.000000, 32.000000, 5392.000000>) and got 7875.
08:16:22.910 [Market] Player "Mansbridge" (id=QM7LViVt5sZd0hja19cF2rW2mCNEG7w2k3AFdalcF50=) has send a requested to purchase huntingjacket_autumn x1 from the trader "Clothing_Accessories (Elias [CLOTHING & ACCESSORIES])" in market zone "The Holler" (pos=<5632.000000, 32.000000, 5392.000000>).
08:16:22.986 [Market] Player "Mansbridge" (id=QM7LViVt5sZd0hja19cF2rW2mCNEG7w2k3AFdalcF50=) has bought huntingjacket_autumn x1 from the trader "Clothing_Accessories (Elias [CLOTHING & ACCESSORIES])" in market zone "The Holler" (pos=<5632.000000, 32.000000, 5392.000000>) for a price of 120.
08:18:19.816 [Market] Player "Mansbridge" (id=QM7LViVt5sZd0hja19cF2rW2mCNEG7w2k3AFdalcF50=) has send a requested to sell huntingjacket_summer x1 at the trader "Clothing_Accessories (Elias [CLOTHING & ACCESSORIES])" in market zone "The Holler" (pos=<5632.000000, 32.000000, 5392.000000>).
08:18:19.933 [Market] Player "Mansbridge" (id=QM7LViVt5sZd0hja19cF2rW2mCNEG7w2k3AFdalcF50=) has sold huntingjacket_summer x1 at the trader "Clothing_Accessories (Elias [CLOTHING & ACCESSORIES])" in market zone "The Holler" (pos=<5632.000000, 32.000000, 5392.000000>) and got 45.
08:20:27.115 [Market] Player "Mansbridge" (id=QM7LViVt5sZd0hja19cF2rW2mCNEG7w2k3AFdalcF50=) has send a requested to sell mag_ak74_30rnd x1 at the trader "Weapons (Oliver [WEAPONS])" in market zone "The Holler" (pos=<5632.000000, 32.000000, 5392.000000>).
08:20:27.224 [Market] Player "Mansbridge" (id=QM7LViVt5sZd0hja19cF2rW2mCNEG7w2k3AFdalcF50=) has sold mag_ak74_30rnd x1 at the trader "Weapons (Oliver [WEAPONS])" in market zone "The Holler" (pos=<5632.000000, 32.000000, 5392.000000>) and got 165.
08:20:29.394 [Market] Player "Mansbridge" (id=QM7LViVt5sZd0hja19cF2rW2mCNEG7w2k3AFdalcF50=) has send a requested to sell mag_ak74_30rnd x1 at the trader "Weapons (Oliver [WEAPONS])" in market zone "The Holler" (pos=<5632.000000, 32.000000, 5392.000000>).
08:20:29.511 [Market] Player "Mansbridge" (id=QM7LViVt5sZd0hja19cF2rW2mCNEG7w2k3AFdalcF50=) has sold mag_ak74_30rnd x1 at the trader "Weapons (Oliver [WEAPONS])" in market zone "The Holler" (pos=<5632.000000, 32.000000, 5392.000000>) and got 123.
08:20:31.042 [Market] Player "Mansbridge" (id=QM7LViVt5sZd0hja19cF2rW2mCNEG7w2k3AFdalcF50=) has send a requested to purchase mag_ak74_30rnd x1 from the trader "Weapons (Oliver [WEAPONS])" in market zone "The Holler" (pos=<5632.000000, 32.000000, 5392.000000>).
08:20:31.146 [Market] Player "Mansbridge" (id=QM7LViVt5sZd0hja19cF2rW2mCNEG7w2k3AFdalcF50=) has bought mag_ak74_30rnd x1 from the trader "Weapons (Oliver [WEAPONS])" in market zone "The Holler" (pos=<5632.000000, 32.000000, 5392.000000>) for a price of 280.
08:20:31.761 [Market] Player "Mansbridge" (id=QM7LViVt5sZd0hja19cF2rW2mCNEG7w2k3AFdalcF50=) has send a requested to purchase mag_ak74_30rnd x1 from the trader "Weapons (Oliver [WEAPONS])" in market zone "The Holler" (pos=<5632.000000, 32.000000, 5392.000000>).
08:20:31.830 [Market] Player "Mansbridge" (id=QM7LViVt5sZd0hja19cF2rW2mCNEG7w2k3AFdalcF50=) has bought mag_ak74_30rnd x1 from the trader "Weapons (Oliver [WEAPONS])" in market zone "The Holler" (pos=<5632.000000, 32.000000, 5392.000000>) for a price of 280.
08:24:49.089 [Party] Player "OrdepRoinuj" (id=jho7WUBGAZrvFnn8RJJsJvDzNHi4rQTd5HHL__KErjY=) joinded the party "OldDog" (id=42 ownerUID=jho7WUBGAZrvFnn8RJJsJvDzNHi4rQTd5HHL__KErjY= ownerName=Old Dog)
08:25:14.679 [Party] Player "OrdepRoinuj" (id=jho7WUBGAZrvFnn8RJJsJvDzNHi4rQTd5HHL__KErjY=) left the party "OldDog" (id=42 ownerUID=jho7WUBGAZrvFnn8RJJsJvDzNHi4rQTd5HHL__KErjY= ownerName=Old Dog)
09:13:19.804 [Party] Player "Nick Leadbeatter" (id=JmVdSu0kzNbOpwjpFV-MDcMB-Equ3yPY-l-COMb6HgY=) joinded the party "DIEHARD" (id=32 ownerUID=JmVdSu0kzNbOpwjpFV-MDcMB-Equ3yPY-l-COMb6HgY= ownerName=Nick Leadbeatter)
09:41:10.816 [VehicleCover] Player "Nick Leadbeatter" (id=JmVdSu0kzNbOpwjpFV-MDcMB-Equ3yPY-l-COMb6HgY= pos=<7445.257324, 6.662500, 8460.966797>) uncovered vehicle "ToyotaHilux_rust" (GlobalID=80000000800000008000000080013459 pos=<7446.926270, 6.654740, 8461.631836>)!
09:41:26.253 [VehicleCarKey] Player "Nick Leadbeatter" (id=JmVdSu0kzNbOpwjpFV-MDcMB-Equ3yPY-l-COMb6HgY= pos=<7444.100586, 6.662500, 8462.180664>) used the  ExpansionCarKey to unlock ToyotaHilux_rust (id=5E09EB2E37427DA07D59EABBC38A179E pos=<7446.923340, 6.654740, 8461.632813>)
09:41:46.906 [VehicleCarKey] Player "Nick Leadbeatter" (id=JmVdSu0kzNbOpwjpFV-MDcMB-Equ3yPY-l-COMb6HgY= pos=<7444.995117, 6.662500, 8461.426758>) used the  ExpansionCarKey to lock ToyotaHilux_rust (id=5E09EB2E37427DA07D59EABBC38A179E pos=<7446.923340, 6.654740, 8461.632813>)
09:41:49.535 [VehicleCarKey] Player "Nick Leadbeatter" (id=JmVdSu0kzNbOpwjpFV-MDcMB-Equ3yPY-l-COMb6HgY= pos=<7445.501953, 6.662500, 8461.199219>) used the  ExpansionCarKey to unlock ToyotaHilux_rust (id=5E09EB2E37427DA07D59EABBC38A179E pos=<7446.923340, 6.654740, 8461.632813>)
09:41:53.007 [VehicleEnter] Player Nick Leadbeatter [uid=JmVdSu0kzNbOpwjpFV-MDcMB-Equ3yPY-l-COMb6HgY=] entered vehicle ToyotaHilux rust (id=5E09EB2E37427DA07D59EABBC38A179E pos=<7446.923340, 6.654740, 8461.632813>) as passenger
09:41:58.242 [VehicleEnter] Player Nick Leadbeatter [uid=JmVdSu0kzNbOpwjpFV-MDcMB-Equ3yPY-l-COMb6HgY=] switched seats in vehicle ToyotaHilux rust (Locked) (id=5E09EB2E37427DA07D59EABBC38A179E pos=<7446.923340, 6.654740, 8461.632813>) to driver
09:42:02.281 [VehicleEngine] Player Nick Leadbeatter [uid=JmVdSu0kzNbOpwjpFV-MDcMB-Equ3yPY-l-COMb6HgY=] started vehicle ToyotaHilux rust (Locked) (id=5E09EB2E37427DA07D59EABBC38A179E pos=<7446.923340, 6.654740, 8461.632813>)
09:42:36.800 [VehicleEngine] Player Nick Leadbeatter [uid=JmVdSu0kzNbOpwjpFV-MDcMB-Equ3yPY-l-COMb6HgY=] started vehicle ToyotaHilux rust (id=5E09EB2E37427DA07D59EABBC38A179E pos=<7446.927246, 6.654762, 8461.632813>)
09:43:33.234 [VehicleLeave] Player Nick Leadbeatter [uid=JmVdSu0kzNbOpwjpFV-MDcMB-Equ3yPY-l-COMb6HgY=] left vehicle ToyotaHilux rust (id=5E09EB2E37427DA07D59EABBC38A179E pos=<7446.926270, 6.654757, 8461.632813>)
09:45:13.199 [VehicleCarKey] Player "Nick Leadbeatter" (id=JmVdSu0kzNbOpwjpFV-MDcMB-Equ3yPY-l-COMb6HgY= pos=<7448.716797, 6.662500, 8460.395508>) used the  ExpansionCarKey to lock ToyotaHilux_rust (id=5E09EB2E37427DA07D59EABBC38A179E pos=<7446.923340, 6.654740, 8461.632813>)
09:45:26.007 [VehicleDeleted] ToyotaHilux_rust (id=5E09EB2E37427DA07D59EABBC38A179E pos=<7446.923340, 6.654740, 8461.632813>)
09:45:26.007 [VehicleCover] Player "Nick Leadbeatter" (id=JmVdSu0kzNbOpwjpFV-MDcMB-Equ3yPY-l-COMb6HgY= pos=<7448.840820, 6.662500, 8460.170898>) covered vehicle "ToyotaHilux_rust" (GlobalID=80000000800000008000000080013459 pos=<7446.923340, 6.654740, 8461.632813>)!
09:46:24.691 [MissionAirdrop] An airdrop is heading towards "Greenville" (pos=<4658.000000, 0.000000, 1414.000000> type=Random_Greenville) with a ExpansionAirdropContainer_Military
09:51:24.160 [Party] Player "Nick Leadbeatter" (id=JmVdSu0kzNbOpwjpFV-MDcMB-Equ3yPY-l-COMb6HgY=) left the party "DIEHARD" (id=32 ownerUID=JmVdSu0kzNbOpwjpFV-MDcMB-Equ3yPY-l-COMb6HgY= ownerName=Nick Leadbeatter)
09:55:53.519 [Safezone] Player "BtWF_zXInitiate_GoovisXz" (id=spMEkRl42onhFHdF_u42e0T03x2sj347kUc600NXdGA= pos=<5642.147949, 28.722496, 5402.220703>) Entered the safezone
09:55:53.523 [Party] Player "BtWF_zXInitiate_GoovisXz" (id=spMEkRl42onhFHdF_u42e0T03x2sj347kUc600NXdGA=) joinded the party "WitheringFlesh" (id=39 ownerUID=-r2araXommLNgd2kLCOg5MUhQUGYZRsIrQF--_XcIVE= ownerName=BtWF_Raziel)
09:57:09.847 [Safezone] Player "BtWF_zXInitiate_GoovisXz" (id=spMEkRl42onhFHdF_u42e0T03x2sj347kUc600NXdGA= pos=<9713.492188, 23.639999, 12537.333984>) Left the safezone
09:58:14.332 [VehicleDeleted] ExpansionMh6_Speedy (id=2EF2FE24494B55F9FAB2C59F781A862B pos=<11452.041992, 5.523333, 10016.248047>)
09:58:27.546 [VehicleDeleted] ExpansionMh6_Speedy (id=E07142D16B44966B2E9CB4A32130DAA1 pos=<11452.008789, 5.523396, 10016.483398>)
09:59:54.253 [VehicleEnter] Player BtWF_zXInitiate_GoovisXz [uid=spMEkRl42onhFHdF_u42e0T03x2sj347kUc600NXdGA=] entered vehicle Mh-6 Little Bird (id=C1B668E0A84BBB57B332279BB29343D5 pos=<11462.425781, 5.457447, 9994.076172>) as pilot
09:59:56.554 [VehicleLeave] Player BtWF_zXInitiate_GoovisXz [uid=spMEkRl42onhFHdF_u42e0T03x2sj347kUc600NXdGA=] left vehicle Mh-6 Little Bird (id=C1B668E0A84BBB57B332279BB29343D5 pos=<11462.425781, 5.457447, 9994.076172>)
10:02:58.636 [VehicleDeleted] Audi_RS6_flecktarn (id=C6D66507354DA16F3201BCA2D7402E02 pos=<14000.560547, 2.693197, 6394.393555>)
10:03:07.722 [VehicleEnter] Player BtWF_zXInitiate_GoovisXz [uid=spMEkRl42onhFHdF_u42e0T03x2sj347kUc600NXdGA=] entered vehicle Audi RS6 Flecktarn (id=5B2E5554E6484184B7BBC8BAFA4D705A pos=<14000.564453, 2.758772, 6394.388184>) as driver
10:03:11.500 [VehicleEngine] Player BtWF_zXInitiate_GoovisXz [uid=spMEkRl42onhFHdF_u42e0T03x2sj347kUc600NXdGA=] started vehicle Audi RS6 Flecktarn (id=5B2E5554E6484184B7BBC8BAFA4D705A pos=<14000.564453, 2.758736, 6394.388184>)
10:03:59.210 [VehicleLeave] Player BtWF_zXInitiate_GoovisXz [uid=spMEkRl42onhFHdF_u42e0T03x2sj347kUc600NXdGA=] left vehicle Audi RS6 Flecktarn (id=5B2E5554E6484184B7BBC8BAFA4D705A pos=<14211.094727, 2.191281, 6435.411621>)
10:05:31.492 [VehicleDeleted] ExpansionUh1h_Resistance (id=6ECD4B2A4640C3F77F07678811D023BF pos=<15775.686523, 39.834553, 4676.814941>)
10:07:36.011 [AI Patrol] Spawning 3 Shamans bots at <14044.897461, 2.118893, 2145.193848>
10:08:21.398 [VehicleDeleted] Cougar_Blood (id=F7D500292144376CB2132A8E7EE5C589 pos=<14158.588867, 137.461334, 2643.086182>)
10:10:10.566 [VehicleEnter] Player BtWF_zXInitiate_GoovisXz [uid=spMEkRl42onhFHdF_u42e0T03x2sj347kUc600NXdGA=] entered vehicle Cougar (Blood) (id=CBF48EBEAB431E9D3A97D3AEC5083086 pos=<14155.857422, 137.288681, 2643.263916>) as driver
10:10:18.984 [VehicleLeave] Player BtWF_zXInitiate_GoovisXz [uid=spMEkRl42onhFHdF_u42e0T03x2sj347kUc600NXdGA=] left vehicle Cougar (Blood) (id=CBF48EBEAB431E9D3A97D3AEC5083086 pos=<14155.857422, 137.288681, 2643.263916>)
10:13:29.593 [VehicleEnter] Player BtWF_zXInitiate_GoovisXz [uid=spMEkRl42onhFHdF_u42e0T03x2sj347kUc600NXdGA=] entered vehicle Camaro (id=AB3E8CD54342711063D067933FB8A580 pos=<7050.100586, 33.742790, 2803.385986>) as driver
10:13:31.335 [VehicleEngine] Player BtWF_zXInitiate_GoovisXz [uid=spMEkRl42onhFHdF_u42e0T03x2sj347kUc600NXdGA=] started vehicle Camaro (id=AB3E8CD54342711063D067933FB8A580 pos=<7050.102051, 33.742817, 2803.385986>)
10:14:12.414 [VehicleLeave] Player BtWF_zXInitiate_GoovisXz [uid=spMEkRl42onhFHdF_u42e0T03x2sj347kUc600NXdGA=] left vehicle Camaro (id=AB3E8CD54342711063D067933FB8A580 pos=<6743.708008, 25.281023, 2917.539795>)
10:17:23.679 [VehicleEnter] Player BtWF_zXInitiate_GoovisXz [uid=spMEkRl42onhFHdF_u42e0T03x2sj347kUc600NXdGA=] entered vehicle  Camper Blue (id=55A6C83D9144E1EF6E28D8AFAA9DB922 pos=<1880.543945, 9.301378, 8968.837891>) as driver
10:17:26.039 [VehicleEngine] Player BtWF_zXInitiate_GoovisXz [uid=spMEkRl42onhFHdF_u42e0T03x2sj347kUc600NXdGA=] started vehicle  Camper Blue (id=55A6C83D9144E1EF6E28D8AFAA9DB922 pos=<1880.543945, 9.301382, 8968.837891>)
10:18:10.046 [VehicleLeave] Player BtWF_zXInitiate_GoovisXz [uid=spMEkRl42onhFHdF_u42e0T03x2sj347kUc600NXdGA=] left vehicle  Camper Blue (id=55A6C83D9144E1EF6E28D8AFAA9DB922 pos=<1975.931641, 9.301384, 8947.296875>)
10:19:29.433 [VehicleDeleted] CivilianSedan_Police (id=174590174947A1095A7ABEBE7D46F2DA pos=<4726.487793, 20.417776, 7201.132813>)
10:19:37.195 [VehicleDeleted] CivilianSedan_Lime (id=4778F8E58F43B0F96AC3BB9CEB2DDA33 pos=<4723.445313, 20.417776, 7200.770996>)
10:33:31.375 [Party] Player "OrdepRoinuj" (id=jho7WUBGAZrvFnn8RJJsJvDzNHi4rQTd5HHL__KErjY=) joinded the party "OldDog" (id=42 ownerUID=jho7WUBGAZrvFnn8RJJsJvDzNHi4rQTd5HHL__KErjY= ownerName=Old Dog)
10:36:50.843 [VehicleCover] Player "OrdepRoinuj" (id=jho7WUBGAZrvFnn8RJJsJvDzNHi4rQTd5HHL__KErjY= pos=<13646.505859, 3.472696, 4969.448730>) uncovered vehicle "MUSTANG_red" (GlobalID=80000000800000008000000080013104 pos=<13644.806641, 2.748811, 4970.886230>)!
10:37:26.828 [VehicleEnter] Player OrdepRoinuj [uid=jho7WUBGAZrvFnn8RJJsJvDzNHi4rQTd5HHL__KErjY=] entered vehicle MUSTANG Red (id=979E86C9F9435D9F735E3E9565559F2F pos=<13644.800781, 2.744075, 4970.899414>) as driver
10:37:29.160 [VehicleEngine] Player OrdepRoinuj [uid=jho7WUBGAZrvFnn8RJJsJvDzNHi4rQTd5HHL__KErjY=] started vehicle MUSTANG Red (id=979E86C9F9435D9F735E3E9565559F2F pos=<13644.800781, 2.744218, 4970.899414>)
10:41:16.992 [VehicleLeave] Player OrdepRoinuj [uid=jho7WUBGAZrvFnn8RJJsJvDzNHi4rQTd5HHL__KErjY=] left vehicle MUSTANG Red (id=979E86C9F9435D9F735E3E9565559F2F pos=<12580.305664, 2.043700, 7552.528809>)
10:41:30.878 [VehicleEnter] Player OrdepRoinuj [uid=jho7WUBGAZrvFnn8RJJsJvDzNHi4rQTd5HHL__KErjY=] entered vehicle MUSTANG Red (id=979E86C9F9435D9F735E3E9565559F2F pos=<12580.305664, 2.043700, 7552.528809>) as driver
10:41:53.632 [VehicleEngine] Player OrdepRoinuj [uid=jho7WUBGAZrvFnn8RJJsJvDzNHi4rQTd5HHL__KErjY=] stopped vehicle MUSTANG Red (id=979E86C9F9435D9F735E3E9565559F2F pos=<12482.772461, 1.885946, 7658.110840>)
10:41:58.460 [VehicleLeave] Player OrdepRoinuj [uid=jho7WUBGAZrvFnn8RJJsJvDzNHi4rQTd5HHL__KErjY=] left vehicle MUSTANG Red (id=979E86C9F9435D9F735E3E9565559F2F pos=<12482.772461, 1.885947, 7658.110840>)
10:47:36.851 [VehicleEnter] Player OrdepRoinuj [uid=jho7WUBGAZrvFnn8RJJsJvDzNHi4rQTd5HHL__KErjY=] entered vehicle MUSTANG Red (id=979E86C9F9435D9F735E3E9565559F2F pos=<12482.772461, 1.885947, 7658.110840>) as driver
10:47:38.226 [VehicleEngine] Player OrdepRoinuj [uid=jho7WUBGAZrvFnn8RJJsJvDzNHi4rQTd5HHL__KErjY=] started vehicle MUSTANG Red (id=979E86C9F9435D9F735E3E9565559F2F pos=<12482.772461, 1.885947, 7658.110840>)
10:47:52.085 [Party] Player "Jasper" (id=yoR_hPQejevy38pVI7cJSHyugdmrvDeHBcX9TupJ1QI=) joinded the party "Carrots" (id=43 ownerUID=pod5B72JHSqsn_XNMr587skUFpcgUl5U4e6KmhqavEU= ownerName=Sarco)
10:51:48.140 [VehicleLeave] Player OrdepRoinuj [uid=jho7WUBGAZrvFnn8RJJsJvDzNHi4rQTd5HHL__KErjY=] left vehicle MUSTANG Red (id=979E86C9F9435D9F735E3E9565559F2F pos=<10594.966797, 27.180944, 7952.064453>)
10:52:34.742 [VehicleEnter] Player OrdepRoinuj [uid=jho7WUBGAZrvFnn8RJJsJvDzNHi4rQTd5HHL__KErjY=] entered vehicle MUSTANG Red (id=979E86C9F9435D9F735E3E9565559F2F pos=<10594.966797, 27.180983, 7952.064453>) as driver
10:53:49.898 [VehicleEngine] Player OrdepRoinuj [uid=jho7WUBGAZrvFnn8RJJsJvDzNHi4rQTd5HHL__KErjY=] stopped vehicle MUSTANG Red (id=979E86C9F9435D9F735E3E9565559F2F pos=<10607.232422, 47.749737, 8043.897461>)
10:53:53.410 [VehicleLeave] Player OrdepRoinuj [uid=jho7WUBGAZrvFnn8RJJsJvDzNHi4rQTd5HHL__KErjY=] left vehicle MUSTANG Red (id=979E86C9F9435D9F735E3E9565559F2F pos=<10607.232422, 47.749737, 8043.897461>)
10:55:50.140 [VehicleCarKey] Player "OrdepRoinuj" (id=jho7WUBGAZrvFnn8RJJsJvDzNHi4rQTd5HHL__KErjY= pos=<10606.758789, 47.702450, 8042.319824>) used the  ExpansionCarKey to lock MUSTANG_red (id=979E86C9F9435D9F735E3E9565559F2F pos=<10607.232422, 47.749737, 8043.897461>)
10:57:29.386 [Party] Player "brailsford40" (id=HQAtXFe6fZZL90M2CD_a22otF9NJ2s4t7n-ol5BAu6o=) joinded the party "DIEHARD" (id=32 ownerUID=JmVdSu0kzNbOpwjpFV-MDcMB-Equ3yPY-l-COMb6HgY= ownerName=Nick Leadbeatter)
10:58:18.085 [AI Patrol] Spawning 2 Shamans bots at <5900.085938, 127.567787, 5576.208496>
10:58:20.304 [VehicleCarKey] Player "OrdepRoinuj" (id=jho7WUBGAZrvFnn8RJJsJvDzNHi4rQTd5HHL__KErjY= pos=<10606.297852, 47.702480, 8042.471191>) used the  ExpansionCarKey to unlock MUSTANG_red (id=979E86C9F9435D9F735E3E9565559F2F pos=<10607.232422, 47.749737, 8043.897461>)
10:58:27.015 [VehicleEnter] Player OrdepRoinuj [uid=jho7WUBGAZrvFnn8RJJsJvDzNHi4rQTd5HHL__KErjY=] entered vehicle MUSTANG Red (id=979E86C9F9435D9F735E3E9565559F2F pos=<10607.232422, 47.749737, 8043.897461>) as driver
10:58:29.734 [VehicleEngine] Player OrdepRoinuj [uid=jho7WUBGAZrvFnn8RJJsJvDzNHi4rQTd5HHL__KErjY=] started vehicle MUSTANG Red (id=979E86C9F9435D9F735E3E9565559F2F pos=<10607.232422, 47.749737, 8043.897461>)
11:00:16.187 [VehicleLeave] Player OrdepRoinuj [uid=jho7WUBGAZrvFnn8RJJsJvDzNHi4rQTd5HHL__KErjY=] left vehicle MUSTANG Red (id=979E86C9F9435D9F735E3E9565559F2F pos=<9934.119141, 2.709609, 7853.062500>)
11:01:08.304 [VehicleEnter] Player OrdepRoinuj [uid=jho7WUBGAZrvFnn8RJJsJvDzNHi4rQTd5HHL__KErjY=] entered vehicle MUSTANG Red (id=979E86C9F9435D9F735E3E9565559F2F pos=<9934.119141, 2.709608, 7853.062500>) as driver
11:02:37.164 [VehicleCover] Player "brailsford40" (id=HQAtXFe6fZZL90M2CD_a22otF9NJ2s4t7n-ol5BAu6o= pos=<7445.917969, 6.662500, 8464.569336>) uncovered vehicle "ToyotaHilux_rust" (GlobalID=80000000800000008000000080013459 pos=<7446.923340, 6.654740, 8461.632813>)!
11:02:51.355 [VehicleCarKey] Player "brailsford40" (id=HQAtXFe6fZZL90M2CD_a22otF9NJ2s4t7n-ol5BAu6o= pos=<7445.927246, 6.662500, 8464.798828>) used the  ExpansionCarKey to unlock ToyotaHilux_rust (id=E09CD7B3F94F2F72A13E59A2B8859FB4 pos=<7446.920410, 6.654740, 8461.633789>)
11:04:11.402 [Party] Player "Lou Sassole" (id=ebo0O4yOjYkK486s9SoqLuFc3tRe1vP1S2eE1IJxhV4=) joinded the party "Loosey Goosey" (id=28 ownerUID=ebo0O4yOjYkK486s9SoqLuFc3tRe1vP1S2eE1IJxhV4= ownerName=Lou Sassole)
11:04:11.414 [AI Patrol] Spawning 3 Shamans bots at <5397.926270, 92.944725, 3061.928711>
11:04:47.000 [VehicleEngine] Player OrdepRoinuj [uid=jho7WUBGAZrvFnn8RJJsJvDzNHi4rQTd5HHL__KErjY=] stopped vehicle MUSTANG Red (id=979E86C9F9435D9F735E3E9565559F2F pos=<8335.206055, 5.189740, 9148.003906>)
11:04:50.523 [VehicleLeave] Player OrdepRoinuj [uid=jho7WUBGAZrvFnn8RJJsJvDzNHi4rQTd5HHL__KErjY=] left vehicle MUSTANG Red (id=979E86C9F9435D9F735E3E9565559F2F pos=<8335.206055, 5.189741, 9148.003906>)
11:05:00.429 [VehicleCarKey] Player "OrdepRoinuj" (id=jho7WUBGAZrvFnn8RJJsJvDzNHi4rQTd5HHL__KErjY= pos=<8333.809570, 5.142500, 9147.547852>) used the  ExpansionCarKey to lock MUSTANG_red (id=979E86C9F9435D9F735E3E9565559F2F pos=<8335.206055, 5.189740, 9148.003906>)
11:06:33.367 [VehicleCarKey] Player "brailsford40" (id=HQAtXFe6fZZL90M2CD_a22otF9NJ2s4t7n-ol5BAu6o= pos=<7445.914063, 6.662500, 8464.873047>) used the  ExpansionCarKey to lock ToyotaHilux_rust (id=E09CD7B3F94F2F72A13E59A2B8859FB4 pos=<7446.920410, 6.654740, 8461.633789>)
11:06:46.414 [VehicleDeleted] ToyotaHilux_rust (id=E09CD7B3F94F2F72A13E59A2B8859FB4 pos=<7446.920410, 6.654740, 8461.633789>)
11:06:46.414 [VehicleCover] Player "brailsford40" (id=HQAtXFe6fZZL90M2CD_a22otF9NJ2s4t7n-ol5BAu6o= pos=<7445.888672, 6.662482, 8465.333008>) covered vehicle "ToyotaHilux_rust" (GlobalID=80000000800000008000000080013459 pos=<7446.920410, 6.654740, 8461.633789>)!
11:10:26.976 [VehicleCarKey] Player "OrdepRoinuj" (id=jho7WUBGAZrvFnn8RJJsJvDzNHi4rQTd5HHL__KErjY= pos=<8333.205078, 5.142467, 9147.381836>) used the  ExpansionCarKey to unlock MUSTANG_red (id=979E86C9F9435D9F735E3E9565559F2F pos=<8335.206055, 5.189740, 9148.003906>)
11:10:33.089 [VehicleEnter] Player OrdepRoinuj [uid=jho7WUBGAZrvFnn8RJJsJvDzNHi4rQTd5HHL__KErjY=] entered vehicle MUSTANG Red (id=979E86C9F9435D9F735E3E9565559F2F pos=<8335.206055, 5.189740, 9148.003906>) as driver
11:10:35.488 [VehicleEngine] Player OrdepRoinuj [uid=jho7WUBGAZrvFnn8RJJsJvDzNHi4rQTd5HHL__KErjY=] started vehicle MUSTANG Red (id=979E86C9F9435D9F735E3E9565559F2F pos=<8335.206055, 5.189740, 9148.003906>)
11:13:57.906 [Party] Player "Captain Sodomy" (id=VsEWQWxzvcTpDLQgc9tVyxq5TiqDS9O3QehdBa_YkH8=) joinded the party "Dirty Crew" (id=23 ownerUID=VsEWQWxzvcTpDLQgc9tVyxq5TiqDS9O3QehdBa_YkH8= ownerName=Condom Breath)
11:17:26.152 [VehicleLeave] Player OrdepRoinuj [uid=jho7WUBGAZrvFnn8RJJsJvDzNHi4rQTd5HHL__KErjY=] left vehicle MUSTANG Red (id=979E86C9F9435D9F735E3E9565559F2F pos=<9444.833984, 3.451824, 10603.725586>)
11:18:03.656 [VehicleEnter] Player OrdepRoinuj [uid=jho7WUBGAZrvFnn8RJJsJvDzNHi4rQTd5HHL__KErjY=] entered vehicle MUSTANG Red (id=979E86C9F9435D9F735E3E9565559F2F pos=<9444.833984, 3.451862, 10603.726563>) as driver
11:18:54.332 [VehicleEngine] Player OrdepRoinuj [uid=jho7WUBGAZrvFnn8RJJsJvDzNHi4rQTd5HHL__KErjY=] stopped vehicle MUSTANG Red (id=979E86C9F9435D9F735E3E9565559F2F pos=<10043.025391, 1.872272, 10617.074219>)
11:18:59.847 [VehicleLeave] Player OrdepRoinuj [uid=jho7WUBGAZrvFnn8RJJsJvDzNHi4rQTd5HHL__KErjY=] left vehicle MUSTANG Red (id=979E86C9F9435D9F735E3E9565559F2F pos=<10043.025391, 1.872286, 10617.074219>)
11:19:06.750 [VehicleCarKey] Player "OrdepRoinuj" (id=jho7WUBGAZrvFnn8RJJsJvDzNHi4rQTd5HHL__KErjY= pos=<10042.061523, 1.882678, 10618.536133>) used the  ExpansionCarKey to lock MUSTANG_red (id=979E86C9F9435D9F735E3E9565559F2F pos=<10043.025391, 1.872294, 10617.074219>)
11:19:32.179 [VehicleCarKey] Player "OrdepRoinuj" (id=jho7WUBGAZrvFnn8RJJsJvDzNHi4rQTd5HHL__KErjY= pos=<10040.297852, 1.796055, 10616.108398>) used the  ExpansionCarKey to unlock MUSTANG_red (id=979E86C9F9435D9F735E3E9565559F2F pos=<10043.025391, 1.872294, 10617.074219>)
11:20:39.070 [VehicleCarKey] Player "OrdepRoinuj" (id=jho7WUBGAZrvFnn8RJJsJvDzNHi4rQTd5HHL__KErjY= pos=<10040.250000, 1.795589, 10616.092773>) used the  ExpansionCarKey to lock MUSTANG_red (id=979E86C9F9435D9F735E3E9565559F2F pos=<10043.025391, 1.872294, 10617.074219>)
11:23:42.304 [VehicleCarKey] Player "OrdepRoinuj" (id=jho7WUBGAZrvFnn8RJJsJvDzNHi4rQTd5HHL__KErjY= pos=<10043.025391, 1.888552, 10618.756836>) used the  ExpansionCarKey to unlock MUSTANG_red (id=979E86C9F9435D9F735E3E9565559F2F pos=<10043.025391, 1.872294, 10617.074219>)
11:23:48.039 [VehicleEnter] Player OrdepRoinuj [uid=jho7WUBGAZrvFnn8RJJsJvDzNHi4rQTd5HHL__KErjY=] entered vehicle MUSTANG Red (id=979E86C9F9435D9F735E3E9565559F2F pos=<10043.025391, 1.872293, 10617.074219>) as driver
11:23:50.710 [VehicleEngine] Player OrdepRoinuj [uid=jho7WUBGAZrvFnn8RJJsJvDzNHi4rQTd5HHL__KErjY=] started vehicle MUSTANG Red (id=979E86C9F9435D9F735E3E9565559F2F pos=<10043.025391, 1.872270, 10617.074219>)
11:24:15.445 [AI Patrol] Spawning 1 Shamans bots at <5675.064453, 11.188442, 8890.429688>
11:24:15.949 [AI Patrol] Spawning 3 Shamans bots at <4248.755371, 25.750595, 6905.832031>
11:28:32.648 [VehicleLeave] Player OrdepRoinuj [uid=jho7WUBGAZrvFnn8RJJsJvDzNHi4rQTd5HHL__KErjY=] left vehicle MUSTANG Red (id=979E86C9F9435D9F735E3E9565559F2F pos=<10145.516602, 5.734625, 11903.973633>)
11:30:05.980 [VehicleEnter] Player OrdepRoinuj [uid=jho7WUBGAZrvFnn8RJJsJvDzNHi4rQTd5HHL__KErjY=] entered vehicle MUSTANG Red (id=979E86C9F9435D9F735E3E9565559F2F pos=<10145.515625, 5.734620, 11903.973633>) as driver
11:34:34.890 [VehicleLeave] Player OrdepRoinuj [uid=jho7WUBGAZrvFnn8RJJsJvDzNHi4rQTd5HHL__KErjY=] left vehicle MUSTANG Red (id=979E86C9F9435D9F735E3E9565559F2F pos=<7014.173340, 20.256781, 13851.423828>)
11:35:20.308 [VehicleEnter] Player OrdepRoinuj [uid=jho7WUBGAZrvFnn8RJJsJvDzNHi4rQTd5HHL__KErjY=] entered vehicle MUSTANG Red (id=979E86C9F9435D9F735E3E9565559F2F pos=<7014.173340, 20.256752, 13851.423828>) as driver
11:38:47.019 [VehicleLeave] Player OrdepRoinuj [uid=jho7WUBGAZrvFnn8RJJsJvDzNHi4rQTd5HHL__KErjY=] left vehicle MUSTANG Red (id=979E86C9F9435D9F735E3E9565559F2F pos=<5966.508789, 5.939741, 15037.233398>)
11:39:09.070 [VehicleEnter] Player OrdepRoinuj [uid=jho7WUBGAZrvFnn8RJJsJvDzNHi4rQTd5HHL__KErjY=] entered vehicle MUSTANG Red (id=979E86C9F9435D9F735E3E9565559F2F pos=<5966.508301, 5.939740, 15037.233398>) as driver
11:40:34.750 [VehicleLeave] Player OrdepRoinuj [uid=jho7WUBGAZrvFnn8RJJsJvDzNHi4rQTd5HHL__KErjY=] left vehicle MUSTANG Red (id=979E86C9F9435D9F735E3E9565559F2F pos=<5718.352051, 6.041592, 15116.534180>)
11:40:53.539 [VehicleEnter] Player OrdepRoinuj [uid=jho7WUBGAZrvFnn8RJJsJvDzNHi4rQTd5HHL__KErjY=] entered vehicle MUSTANG Red (id=979E86C9F9435D9F735E3E9565559F2F pos=<5718.352051, 6.041591, 15116.534180>) as driver
11:41:24.398 [VehicleLeave] Player OrdepRoinuj [uid=jho7WUBGAZrvFnn8RJJsJvDzNHi4rQTd5HHL__KErjY=] left vehicle MUSTANG Red (id=979E86C9F9435D9F735E3E9565559F2F pos=<5756.753418, 6.016626, 15037.866211>)
11:41:55.898 [VehicleEnter] Player OrdepRoinuj [uid=jho7WUBGAZrvFnn8RJJsJvDzNHi4rQTd5HHL__KErjY=] entered vehicle MUSTANG Red (id=979E86C9F9435D9F735E3E9565559F2F pos=<5756.753906, 6.016638, 15037.866211>) as driver
11:42:31.980 [VehicleLeave] Player OrdepRoinuj [uid=jho7WUBGAZrvFnn8RJJsJvDzNHi4rQTd5HHL__KErjY=] left vehicle MUSTANG Red (id=979E86C9F9435D9F735E3E9565559F2F pos=<5773.340332, 6.018006, 14837.852539>)
11:43:08.679 [VehicleEnter] Player OrdepRoinuj [uid=jho7WUBGAZrvFnn8RJJsJvDzNHi4rQTd5HHL__KErjY=] entered vehicle MUSTANG Red (id=979E86C9F9435D9F735E3E9565559F2F pos=<5773.340332, 6.018005, 14837.852539>) as driver
11:44:17.316 [VehicleLeave] Player OrdepRoinuj [uid=jho7WUBGAZrvFnn8RJJsJvDzNHi4rQTd5HHL__KErjY=] left vehicle MUSTANG Red (id=979E86C9F9435D9F735E3E9565559F2F pos=<5809.300293, 5.939740, 14466.733398>)
11:44:39.703 [VehicleEnter] Player OrdepRoinuj [uid=jho7WUBGAZrvFnn8RJJsJvDzNHi4rQTd5HHL__KErjY=] entered vehicle MUSTANG Red (id=979E86C9F9435D9F735E3E9565559F2F pos=<5809.300293, 5.939740, 14466.733398>) as driver
11:45:45.398 [Party] Player "Lou Sassole" (id=ebo0O4yOjYkK486s9SoqLuFc3tRe1vP1S2eE1IJxhV4=) left the party "Loosey Goosey" (id=28 ownerUID=ebo0O4yOjYkK486s9SoqLuFc3tRe1vP1S2eE1IJxhV4= ownerName=Lou Sassole)
11:46:54.750 [VehicleEngine] Player OrdepRoinuj [uid=jho7WUBGAZrvFnn8RJJsJvDzNHi4rQTd5HHL__KErjY=] stopped vehicle MUSTANG Red (id=979E86C9F9435D9F735E3E9565559F2F pos=<6297.364258, 42.040012, 14160.525391>)
11:46:58.148 [VehicleLeave] Player OrdepRoinuj [uid=jho7WUBGAZrvFnn8RJJsJvDzNHi4rQTd5HHL__KErjY=] left vehicle MUSTANG Red (id=979E86C9F9435D9F735E3E9565559F2F pos=<6297.364258, 42.040012, 14160.525391>)
11:46:59.101 [AI Patrol] Spawning 3 Camp Eagle Patrol bots at <8817.404297, 45.419998, 3777.140137>
11:47:46.078 [VehicleCarKey] Player "OrdepRoinuj" (id=jho7WUBGAZrvFnn8RJJsJvDzNHi4rQTd5HHL__KErjY= pos=<6299.132324, 42.272934, 14160.607422>) used the  ExpansionCarKey to lock MUSTANG_red (id=979E86C9F9435D9F735E3E9565559F2F pos=<6297.364258, 42.040012, 14160.525391>)
11:47:58.390 [VehicleDeleted] MUSTANG_red (id=979E86C9F9435D9F735E3E9565559F2F pos=<6297.364258, 42.040012, 14160.525391>)
11:47:58.390 [VehicleCover] Player "OrdepRoinuj" (id=jho7WUBGAZrvFnn8RJJsJvDzNHi4rQTd5HHL__KErjY= pos=<6299.289063, 41.988888, 14160.602539>) covered vehicle "MUSTANG_red" (GlobalID=80000000800000008000000080013104 pos=<6297.364258, 42.040012, 14160.525391>)!
11:53:22.718 [Party] Player "OrdepRoinuj" (id=jho7WUBGAZrvFnn8RJJsJvDzNHi4rQTd5HHL__KErjY=) left the party "OldDog" (id=42 ownerUID=jho7WUBGAZrvFnn8RJJsJvDzNHi4rQTd5HHL__KErjY= ownerName=Old Dog)
11:58:17.000 [Party] Player "brailsford40" (id=HQAtXFe6fZZL90M2CD_a22otF9NJ2s4t7n-ol5BAu6o=) left the party "DIEHARD" (id=32 ownerUID=JmVdSu0kzNbOpwjpFV-MDcMB-Equ3yPY-l-COMb6HgY= ownerName=Nick Leadbeatter)
11:58:49.875 [VehicleEnter] Player Stahlhelm Sturm [uid=Dj-6_aSgGuPVYaq-POeeqvRPr_91gVAi6qp9fgRrqHk=] entered vehicle Offroad Range Rover green  (id=D9D9931AC8479E18AEDF3C962BAA7761 pos=<8910.841797, 5.139034, 8718.625000>) as driver
11:59:14.796 [Party] Player "BtWF_zXInitiate_GoovisXz" (id=spMEkRl42onhFHdF_u42e0T03x2sj347kUc600NXdGA=) left the party "WitheringFlesh" (id=39 ownerUID=-r2araXommLNgd2kLCOg5MUhQUGYZRsIrQF--_XcIVE= ownerName=BtWF_Raziel)
11:59:14.796 [Party] Player "Captain Sodomy" (id=VsEWQWxzvcTpDLQgc9tVyxq5TiqDS9O3QehdBa_YkH8=) left the party "Dirty Crew" (id=23 ownerUID=VsEWQWxzvcTpDLQgc9tVyxq5TiqDS9O3QehdBa_YkH8= ownerName=Condom Breath)
11:59:14.804 [Party] Player "Jasper" (id=yoR_hPQejevy38pVI7cJSHyugdmrvDeHBcX9TupJ1QI=) left the party "Carrots" (id=43 ownerUID=pod5B72JHSqsn_XNMr587skUFpcgUl5U4e6KmhqavEU= ownerName=Sarco)
