12:09:29.296 [Safezone] Player "Lou Sassole" (id=ebo0O4yOjYkK486s9SoqLuFc3tRe1vP1S2eE1IJxhV4= pos=<5617.246094, 29.020840, 5419.686523>) Entered the safezone
12:09:29.296 [Party] Player "Lou Sassole" (id=ebo0O4yOjYkK486s9SoqLuFc3tRe1vP1S2eE1IJxhV4=) joinded the party "Loosey Goosey" (id=28 ownerUID=ebo0O4yOjYkK486s9SoqLuFc3tRe1vP1S2eE1IJxhV4= ownerName=Lou Sassole)
12:10:28.046 [Market] Player "Lou Sassole" (id=ebo0O4yOjYkK486s9SoqLuFc3tRe1vP1S2eE1IJxhV4=) has send a requested to purchase personalradio x1 from the trader "Special (Eva [SPECIALTY ITEMS])" in market zone "The Holler" (pos=<5632.000000, 32.000000, 5392.000000>).
12:10:28.121 [Market] Player "Lou Sassole" (id=ebo0O4yOjYkK486s9SoqLuFc3tRe1vP1S2eE1IJxhV4=) has bought personalradio x1 from the trader "Special (Eva [SPECIALTY ITEMS])" in market zone "The Holler" (pos=<5632.000000, 32.000000, 5392.000000>) for a price of 100.
12:11:56.679 [VehicleCarKey] Player "Lou Sassole" (id=ebo0O4yOjYkK486s9SoqLuFc3tRe1vP1S2eE1IJxhV4= pos=<5626.312988, 28.722460, 5416.743652>) used the  ExpansionCarKey to unlock HAMMER_H1_black_rust (id=5877895E9F4C8718E7F19DA49AA485C9 pos=<5629.304688, 28.749449, 5418.331543>)
12:12:16.734 [AI Patrol] Spawning 3 Temple Patrol bots at <361.320435, 47.070000, 906.585266>
12:12:16.832 [AI Patrol] Spawning 3 Temple Patrol bots at <353.937225, 55.318100, 706.627563>
12:12:16.843 [AI Patrol] Spawning 3 Temple Patrol bots at <398.873413, 47.070000, 739.683289>
12:12:18.441 [VehicleEnter] Player Lou Sassole [uid=ebo0O4yOjYkK486s9SoqLuFc3tRe1vP1S2eE1IJxhV4=] entered vehicle HAMMER_H1 black_rust (id=5877895E9F4C8718E7F19DA49AA485C9 pos=<5629.304688, 28.749359, 5418.331543>) as driver
12:12:21.566 [VehicleEngine] Player Lou Sassole [uid=ebo0O4yOjYkK486s9SoqLuFc3tRe1vP1S2eE1IJxhV4=] started vehicle HAMMER_H1 black_rust (id=5877895E9F4C8718E7F19DA49AA485C9 pos=<5629.304688, 28.749357, 5418.331543>)
12:12:47.003 [VehicleLeave] Player Lou Sassole [uid=ebo0O4yOjYkK486s9SoqLuFc3tRe1vP1S2eE1IJxhV4=] left vehicle HAMMER_H1 black_rust (id=5877895E9F4C8718E7F19DA49AA485C9 pos=<5635.433105, 28.750351, 5374.511719>)
12:13:06.628 [VehicleEnter] Player Lou Sassole [uid=ebo0O4yOjYkK486s9SoqLuFc3tRe1vP1S2eE1IJxhV4=] entered vehicle HAMMER_H1 black_rust (id=5877895E9F4C8718E7F19DA49AA485C9 pos=<5635.433105, 28.750351, 5374.511719>) as driver
12:13:09.140 [VehicleEngine] Player Lou Sassole [uid=ebo0O4yOjYkK486s9SoqLuFc3tRe1vP1S2eE1IJxhV4=] started vehicle HAMMER_H1 black_rust (id=5877895E9F4C8718E7F19DA49AA485C9 pos=<5635.433105, 28.750351, 5374.511719>)
12:13:34.812 [Safezone] Player "Lou Sassole" (id=ebo0O4yOjYkK486s9SoqLuFc3tRe1vP1S2eE1IJxhV4= pos=<5844.841797, 32.038807, 5191.615234>) Left the safezone
12:23:15.253 [VehicleLeave] Player Lou Sassole [uid=ebo0O4yOjYkK486s9SoqLuFc3tRe1vP1S2eE1IJxhV4=] left vehicle HAMMER_H1 black_rust (id=5877895E9F4C8718E7F19DA49AA485C9 pos=<5633.932617, 74.339775, 3108.634521>)
12:23:44.308 [VehicleCarKey] Player "Lou Sassole" (id=ebo0O4yOjYkK486s9SoqLuFc3tRe1vP1S2eE1IJxhV4= pos=<5636.747070, 74.012489, 3106.366211>) used the  ExpansionCarKey to lock HAMMER_H1_black_rust (id=5877895E9F4C8718E7F19DA49AA485C9 pos=<5633.932617, 74.339775, 3108.634521>)
12:24:38.644 [MissionAirdrop] An airdrop is heading towards "Stonington" (pos=<6973.000000, 0.000000, 1701.000000> type=Random_Stonington) with a ExpansionAirdropContainer_Basebuilding
12:29:42.242 [VehicleCarKey] Player "Lou Sassole" (id=ebo0O4yOjYkK486s9SoqLuFc3tRe1vP1S2eE1IJxhV4= pos=<5632.746582, 74.012497, 3107.654785>) used the  ExpansionCarKey to unlock HAMMER_H1_black_rust (id=5877895E9F4C8718E7F19DA49AA485C9 pos=<5633.240234, 74.333588, 3109.002197>)
12:29:47.414 [VehicleEnter] Player Lou Sassole [uid=ebo0O4yOjYkK486s9SoqLuFc3tRe1vP1S2eE1IJxhV4=] entered vehicle HAMMER_H1 black_rust (id=5877895E9F4C8718E7F19DA49AA485C9 pos=<5633.240234, 74.333641, 3109.002441>) as driver
12:29:48.808 [VehicleEngine] Player Lou Sassole [uid=ebo0O4yOjYkK486s9SoqLuFc3tRe1vP1S2eE1IJxhV4=] started vehicle HAMMER_H1 black_rust (id=5877895E9F4C8718E7F19DA49AA485C9 pos=<5633.240234, 74.333641, 3109.002441>)
12:30:30.308 [VehicleEngine] Player Lou Sassole [uid=ebo0O4yOjYkK486s9SoqLuFc3tRe1vP1S2eE1IJxhV4=] stopped vehicle HAMMER_H1 black_rust (id=5877895E9F4C8718E7F19DA49AA485C9 pos=<5632.840332, 74.386894, 3108.930664>)
12:30:34.394 [VehicleLeave] Player Lou Sassole [uid=ebo0O4yOjYkK486s9SoqLuFc3tRe1vP1S2eE1IJxhV4=] left vehicle HAMMER_H1 black_rust (id=5877895E9F4C8718E7F19DA49AA485C9 pos=<5632.840332, 74.386887, 3108.930664>)
12:30:39.937 [VehicleCarKey] Player "Lou Sassole" (id=ebo0O4yOjYkK486s9SoqLuFc3tRe1vP1S2eE1IJxhV4= pos=<5636.197754, 74.012466, 3106.657471>) used the  ExpansionCarKey to lock HAMMER_H1_black_rust (id=5877895E9F4C8718E7F19DA49AA485C9 pos=<5632.840332, 74.386894, 3108.930664>)
12:33:10.894 [VehicleCarKey] Player "Lou Sassole" (id=ebo0O4yOjYkK486s9SoqLuFc3tRe1vP1S2eE1IJxhV4= pos=<5632.929688, 74.012505, 3106.902588>) used the  ExpansionCarKey to unlock HAMMER_H1_black_rust (id=5877895E9F4C8718E7F19DA49AA485C9 pos=<5632.647461, 74.371765, 3109.107910>)
12:33:14.140 [VehicleEnter] Player Lou Sassole [uid=ebo0O4yOjYkK486s9SoqLuFc3tRe1vP1S2eE1IJxhV4=] entered vehicle HAMMER_H1 black_rust (id=5877895E9F4C8718E7F19DA49AA485C9 pos=<5632.647461, 74.371765, 3109.107910>) as driver
12:33:15.722 [VehicleEngine] Player Lou Sassole [uid=ebo0O4yOjYkK486s9SoqLuFc3tRe1vP1S2eE1IJxhV4=] started vehicle HAMMER_H1 black_rust (id=5877895E9F4C8718E7F19DA49AA485C9 pos=<5632.647461, 74.371765, 3109.107910>)
12:34:21.464 [VehicleEngine] Player Lou Sassole [uid=ebo0O4yOjYkK486s9SoqLuFc3tRe1vP1S2eE1IJxhV4=] stopped vehicle HAMMER_H1 black_rust (id=5877895E9F4C8718E7F19DA49AA485C9 pos=<5632.325195, 74.434502, 3108.929443>)
12:34:23.730 [VehicleLeave] Player Lou Sassole [uid=ebo0O4yOjYkK486s9SoqLuFc3tRe1vP1S2eE1IJxhV4=] left vehicle HAMMER_H1 black_rust (id=5877895E9F4C8718E7F19DA49AA485C9 pos=<5632.325195, 74.434494, 3108.929443>)
12:34:34.226 [VehicleCarKey] Player "Lou Sassole" (id=ebo0O4yOjYkK486s9SoqLuFc3tRe1vP1S2eE1IJxhV4= pos=<5634.696289, 74.012505, 3105.885010>) used the  ExpansionCarKey to lock HAMMER_H1_black_rust (id=5877895E9F4C8718E7F19DA49AA485C9 pos=<5632.325195, 74.434494, 3108.929443>)
12:38:29.164 [VehicleCarKey] Player "Lou Sassole" (id=ebo0O4yOjYkK486s9SoqLuFc3tRe1vP1S2eE1IJxhV4= pos=<5630.860352, 74.012505, 3107.088623>) used the  ExpansionCarKey to unlock HAMMER_H1_black_rust (id=5877895E9F4C8718E7F19DA49AA485C9 pos=<5631.920410, 74.424400, 3109.302490>)
12:38:32.597 [VehicleEnter] Player Lou Sassole [uid=ebo0O4yOjYkK486s9SoqLuFc3tRe1vP1S2eE1IJxhV4=] entered vehicle HAMMER_H1 black_rust (id=5877895E9F4C8718E7F19DA49AA485C9 pos=<5631.921387, 74.425659, 3109.287598>) as driver
12:38:34.019 [VehicleEngine] Player Lou Sassole [uid=ebo0O4yOjYkK486s9SoqLuFc3tRe1vP1S2eE1IJxhV4=] started vehicle HAMMER_H1 black_rust (id=5877895E9F4C8718E7F19DA49AA485C9 pos=<5631.922852, 74.427048, 3109.276123>)
12:39:01.789 [VehicleLeave] Player Lou Sassole [uid=ebo0O4yOjYkK486s9SoqLuFc3tRe1vP1S2eE1IJxhV4=] left vehicle HAMMER_H1 black_rust (id=5877895E9F4C8718E7F19DA49AA485C9 pos=<5631.578613, 74.398521, 3109.164063>)
12:39:05.910 [VehicleCarKey] Player "Lou Sassole" (id=ebo0O4yOjYkK486s9SoqLuFc3tRe1vP1S2eE1IJxhV4= pos=<5633.591797, 74.012497, 3107.078613>) used the  ExpansionCarKey to lock HAMMER_H1_black_rust (id=5877895E9F4C8718E7F19DA49AA485C9 pos=<5631.579102, 74.398857, 3109.159180>)
12:42:14.011 [VehicleCarKey] Player "Lou Sassole" (id=ebo0O4yOjYkK486s9SoqLuFc3tRe1vP1S2eE1IJxhV4= pos=<5630.307617, 74.013306, 3108.042969>) used the  ExpansionCarKey to unlock HAMMER_H1_black_rust (id=5877895E9F4C8718E7F19DA49AA485C9 pos=<5630.959961, 74.329071, 3109.397217>)
12:42:16.882 [VehicleEnter] Player Lou Sassole [uid=ebo0O4yOjYkK486s9SoqLuFc3tRe1vP1S2eE1IJxhV4=] entered vehicle HAMMER_H1 black_rust (id=5877895E9F4C8718E7F19DA49AA485C9 pos=<5630.959961, 74.329079, 3109.396973>) as driver
12:42:18.132 [VehicleEngine] Player Lou Sassole [uid=ebo0O4yOjYkK486s9SoqLuFc3tRe1vP1S2eE1IJxhV4=] started vehicle HAMMER_H1 black_rust (id=5877895E9F4C8718E7F19DA49AA485C9 pos=<5630.959961, 74.329079, 3109.396973>)
12:43:01.937 [VehicleLeave] Player Lou Sassole [uid=ebo0O4yOjYkK486s9SoqLuFc3tRe1vP1S2eE1IJxhV4=] left vehicle HAMMER_H1 black_rust (id=5877895E9F4C8718E7F19DA49AA485C9 pos=<5389.727051, 74.589478, 3148.127686>)
12:43:04.800 [VehicleCarKey] Player "Lou Sassole" (id=ebo0O4yOjYkK486s9SoqLuFc3tRe1vP1S2eE1IJxhV4= pos=<5389.656250, 74.549179, 3145.612305>) used the  ExpansionCarKey to lock HAMMER_H1_black_rust (id=5877895E9F4C8718E7F19DA49AA485C9 pos=<5389.727051, 74.589470, 3148.127686>)
12:50:29.804 [VehicleCarKey] Player "Lou Sassole" (id=ebo0O4yOjYkK486s9SoqLuFc3tRe1vP1S2eE1IJxhV4= pos=<5387.012695, 74.548691, 3146.923340>) used the  ExpansionCarKey to unlock HAMMER_H1_black_rust (id=5877895E9F4C8718E7F19DA49AA485C9 pos=<5389.727051, 74.589470, 3148.127686>)
12:50:36.242 [VehicleEnter] Player Lou Sassole [uid=ebo0O4yOjYkK486s9SoqLuFc3tRe1vP1S2eE1IJxhV4=] entered vehicle HAMMER_H1 black_rust (id=5877895E9F4C8718E7F19DA49AA485C9 pos=<5389.727051, 74.589478, 3148.127686>) as driver
12:50:39.714 [VehicleEngine] Player Lou Sassole [uid=ebo0O4yOjYkK486s9SoqLuFc3tRe1vP1S2eE1IJxhV4=] started vehicle HAMMER_H1 black_rust (id=5877895E9F4C8718E7F19DA49AA485C9 pos=<5389.727051, 74.589470, 3148.127686>)
12:52:56.632 [VehicleLeave] Player Lou Sassole [uid=ebo0O4yOjYkK486s9SoqLuFc3tRe1vP1S2eE1IJxhV4=] left vehicle HAMMER_H1 black_rust (id=5877895E9F4C8718E7F19DA49AA485C9 pos=<7179.755371, 41.816193, 4768.625000>)
12:53:01.558 [VehicleCarKey] Player "Lou Sassole" (id=ebo0O4yOjYkK486s9SoqLuFc3tRe1vP1S2eE1IJxhV4= pos=<7177.449219, 41.792496, 4770.083984>) used the  ExpansionCarKey to lock HAMMER_H1_black_rust (id=5877895E9F4C8718E7F19DA49AA485C9 pos=<7179.755371, 41.816196, 4768.625000>)
12:57:57.570 [Party] Player "Lou Sassole" (id=ebo0O4yOjYkK486s9SoqLuFc3tRe1vP1S2eE1IJxhV4=) left the party "Loosey Goosey" (id=28 ownerUID=ebo0O4yOjYkK486s9SoqLuFc3tRe1vP1S2eE1IJxhV4= ownerName=Lou Sassole)
16:04:17.832 [MissionAirdrop] An airdrop is heading towards "Georgstown" (pos=<4522.000000, 0.000000, 4370.000000> type=Random_Georgstown) with a ExpansionAirdropContainer
