16:52:02.757 [Safezone] Player "[Admin] Bunker" (id=mBNlxASsPlOcry0dpDl8K-WgHNR5WMCMmoJ9NhpU4FY= pos=<5649.322266, 29.502865, 5404.788574>) Entered the safezone
16:58:02.464 [Market] Player "[Admin] Bunker" (id=mBNlxASsPlOcry0dpDl8K-WgHNR5WMCMmoJ9NhpU4FY=) has send a requested to sell marlin x1 at the trader "Weapons (Oliver [#STR_EXPANSION_MARKET_TRADER_WEAPONS])" in market zone "The Holler" (pos=<5632.000000, 32.000000, 5392.000000>).
16:58:02.500 [Market] Player "[Admin] Bunker" (id=mBNlxASsPlOcry0dpDl8K-WgHNR5WMCMmoJ9NhpU4FY=) has sold marlin x1 at the trader "Weapons (Oliver [#STR_EXPANSION_MARKET_TRADER_WEAPONS])" in market zone "The Holler" (pos=<5632.000000, 32.000000, 5392.000000>) and got 196.
16:58:52.496 [Market] Player "[Admin] Bunker" (id=mBNlxASsPlOcry0dpDl8K-WgHNR5WMCMmoJ9NhpU4FY=) has send a requested to sell avs36 x1 at the trader "Weapons (Oliver [#STR_EXPANSION_MARKET_TRADER_WEAPONS])" in market zone "The Holler" (pos=<5632.000000, 32.000000, 5392.000000>).
16:58:52.531 [Market] Player "[Admin] Bunker" (id=mBNlxASsPlOcry0dpDl8K-WgHNR5WMCMmoJ9NhpU4FY=) has sold avs36 x1 at the trader "Weapons (Oliver [#STR_EXPANSION_MARKET_TRADER_WEAPONS])" in market zone "The Holler" (pos=<5632.000000, 32.000000, 5392.000000>) and got 281.
16:59:16.054 [Market] Player "[Admin] Bunker" (id=mBNlxASsPlOcry0dpDl8K-WgHNR5WMCMmoJ9NhpU4FY=) has send a requested to sell marlin x1 at the trader "Weapons (Oliver [#STR_EXPANSION_MARKET_TRADER_WEAPONS])" in market zone "The Holler" (pos=<5632.000000, 32.000000, 5392.000000>).
16:59:16.097 [Market] Player "[Admin] Bunker" (id=mBNlxASsPlOcry0dpDl8K-WgHNR5WMCMmoJ9NhpU4FY=) has sold marlin x1 at the trader "Weapons (Oliver [#STR_EXPANSION_MARKET_TRADER_WEAPONS])" in market zone "The Holler" (pos=<5632.000000, 32.000000, 5392.000000>) and got 262.
16:59:16.898 [Market] Player "[Admin] Bunker" (id=mBNlxASsPlOcry0dpDl8K-WgHNR5WMCMmoJ9NhpU4FY=) has send a requested to sell marlin x1 at the trader "Weapons (Oliver [#STR_EXPANSION_MARKET_TRADER_WEAPONS])" in market zone "The Holler" (pos=<5632.000000, 32.000000, 5392.000000>).
16:59:16.933 [Market] Player "[Admin] Bunker" (id=mBNlxASsPlOcry0dpDl8K-WgHNR5WMCMmoJ9NhpU4FY=) has sold marlin x1 at the trader "Weapons (Oliver [#STR_EXPANSION_MARKET_TRADER_WEAPONS])" in market zone "The Holler" (pos=<5632.000000, 32.000000, 5392.000000>) and got 196.
17:13:51.445 [VehicleCarKey] Player "MaxCaliber" (id=s7vJf2NuCNme1MUM_sgLr2G3yzcxYg10pO0s-GAKExM= pos=<6380.124512, 22.708965, 6687.127441>) used the  ExpansionCarKey to unlock Kamaz_4350_Kung (id=51E79361644050AF3E6459B252BC141F pos=<6384.535156, 22.749077, 6684.130859>)
17:14:27.046 [VehicleEnter] Player MaxCaliber [uid=s7vJf2NuCNme1MUM_sgLr2G3yzcxYg10pO0s-GAKExM=] entered vehicle KAMAZ 4310 KUNG (id=51E79361644050AF3E6459B252BC141F pos=<6384.535156, 22.749073, 6684.130859>) as driver
17:16:16.765 [VehicleEngine] Player MaxCaliber [uid=s7vJf2NuCNme1MUM_sgLr2G3yzcxYg10pO0s-GAKExM=] started vehicle KAMAZ 4310 KUNG (id=51E79361644050AF3E6459B252BC141F pos=<6384.534668, 22.749073, 6684.130859>)
17:17:11.242 [AI Patrol] Spawning 3 Power Plant Patrol bots at <4876.443359, 20.430000, 7179.994629>
17:21:20.925 [VehicleLeave] Player MaxCaliber [uid=s7vJf2NuCNme1MUM_sgLr2G3yzcxYg10pO0s-GAKExM=] left vehicle KAMAZ 4310 KUNG (id=51E79361644050AF3E6459B252BC141F pos=<5339.188477, 4.950101, 9178.109375>)
17:22:06.058 [VehicleEnter] Player MaxCaliber [uid=s7vJf2NuCNme1MUM_sgLr2G3yzcxYg10pO0s-GAKExM=] entered vehicle KAMAZ 4310 KUNG (id=51E79361644050AF3E6459B252BC141F pos=<5339.188477, 4.950098, 9178.109375>) as driver
17:22:08.812 [VehicleEngine] Player MaxCaliber [uid=s7vJf2NuCNme1MUM_sgLr2G3yzcxYg10pO0s-GAKExM=] started vehicle KAMAZ 4310 KUNG (id=51E79361644050AF3E6459B252BC141F pos=<5339.188477, 4.950099, 9178.109375>)
17:27:54.480 [VehicleLeave] Player MaxCaliber [uid=s7vJf2NuCNme1MUM_sgLr2G3yzcxYg10pO0s-GAKExM=] left vehicle KAMAZ 4310 KUNG (id=51E79361644050AF3E6459B252BC141F pos=<8931.821289, 21.784767, 9817.808594>)
17:30:28.117 [VehicleCarKey] Player "MaxCaliber" (id=s7vJf2NuCNme1MUM_sgLr2G3yzcxYg10pO0s-GAKExM= pos=<8928.412109, 21.830875, 9820.710938>) used the  ExpansionCarKey to lock Kamaz_4350_Kung (id=51E79361644050AF3E6459B252BC141F pos=<8931.822266, 21.784763, 9817.808594>)
17:34:03.355 [Safezone] Player "Dirtydan" (id=eZvdqnhxQZeB4Wvp7ko5cFy79bCUMACrCdUKq6S9F3w= pos=<5657.654785, 30.160685, 5424.841309>) Entered the safezone
17:34:03.359 [Party] Player "Dirtydan" (id=eZvdqnhxQZeB4Wvp7ko5cFy79bCUMACrCdUKq6S9F3w=) joinded the party "DDD" (id=2 ownerUID=eZvdqnhxQZeB4Wvp7ko5cFy79bCUMACrCdUKq6S9F3w= ownerName=Bluecollarboys)
17:34:39.304 [Chat - Global]("Dirtydan"(id=eZvdqnhxQZeB4Wvp7ko5cFy79bCUMACrCdUKq6S9F3w=)): any one on?
17:35:07.222 [Chat - Global]("MaxCaliber"(id=s7vJf2NuCNme1MUM_sgLr2G3yzcxYg10pO0s-GAKExM=)): You bet your sweet f shack I am!
17:35:16.824 [Chat - Global]("Dirtydan"(id=eZvdqnhxQZeB4Wvp7ko5cFy79bCUMACrCdUKq6S9F3w=)): whatcha getting into
17:35:30.171 [VehicleCover] Player "Dirtydan" (id=eZvdqnhxQZeB4Wvp7ko5cFy79bCUMACrCdUKq6S9F3w= pos=<5658.506348, 28.722498, 5423.567383>) uncovered vehicle "ROVER" (GlobalID=80000000800000008000000080002E34 pos=<5657.465332, 28.562765, 5424.812012>)!
17:35:41.585 [Chat - Global]("MaxCaliber"(id=s7vJf2NuCNme1MUM_sgLr2G3yzcxYg10pO0s-GAKExM=)): Just hunting radio waves, but found something interesting
17:35:42.859 [VehicleCarKey] Player "Dirtydan" (id=eZvdqnhxQZeB4Wvp7ko5cFy79bCUMACrCdUKq6S9F3w= pos=<5658.656250, 28.964546, 5423.656250>) used the  ExpansionCarKey to unlock ROVER (id=E2F6FAA88F4398FB1C94C0840DEBE9CD pos=<5657.464355, 28.562754, 5424.812012>)
17:36:20.812 [Chat - Global]("Dirtydan"(id=eZvdqnhxQZeB4Wvp7ko5cFy79bCUMACrCdUKq6S9F3w=)): nice i gotta head to my base and i think in gunna go have a run at on of those
17:36:26.187 [VehicleEnter] Player Dirtydan [uid=eZvdqnhxQZeB4Wvp7ko5cFy79bCUMACrCdUKq6S9F3w=] entered vehicle ROVER (id=E2F6FAA88F4398FB1C94C0840DEBE9CD pos=<5657.464355, 28.562763, 5424.812012>) as driver
17:36:28.363 [VehicleEngine] Player Dirtydan [uid=eZvdqnhxQZeB4Wvp7ko5cFy79bCUMACrCdUKq6S9F3w=] started vehicle ROVER (id=E2F6FAA88F4398FB1C94C0840DEBE9CD pos=<5657.463867, 28.562765, 5424.812012>)
17:36:44.203 [Chat - Global]("MaxCaliber"(id=s7vJf2NuCNme1MUM_sgLr2G3yzcxYg10pO0s-GAKExM=)): They look fun
17:36:58.636 [Safezone] Player "Dirtydan" (id=eZvdqnhxQZeB4Wvp7ko5cFy79bCUMACrCdUKq6S9F3w= pos=<5848.806152, 32.414345, 5188.480469>) Left the safezone
17:37:02.855 [Chat - Global]("MaxCaliber"(id=s7vJf2NuCNme1MUM_sgLr2G3yzcxYg10pO0s-GAKExM=)): Need anything, give a holla
17:39:05.089 [VehicleCarKey] Player "MaxCaliber" (id=s7vJf2NuCNme1MUM_sgLr2G3yzcxYg10pO0s-GAKExM= pos=<8929.245117, 21.791418, 9818.446289>) used the  ExpansionCarKey to unlock Kamaz_4350_Kung (id=51E79361644050AF3E6459B252BC141F pos=<8931.822266, 21.784763, 9817.808594>)
17:39:12.558 [VehicleEnter] Player MaxCaliber [uid=s7vJf2NuCNme1MUM_sgLr2G3yzcxYg10pO0s-GAKExM=] entered vehicle KAMAZ 4310 KUNG (id=51E79361644050AF3E6459B252BC141F pos=<8931.821289, 21.784765, 9817.808594>) as driver
17:39:41.457 [VehicleEngine] Player MaxCaliber [uid=s7vJf2NuCNme1MUM_sgLr2G3yzcxYg10pO0s-GAKExM=] started vehicle KAMAZ 4310 KUNG (id=51E79361644050AF3E6459B252BC141F pos=<8931.821289, 21.784765, 9817.808594>)
17:41:26.585 [AI Patrol] Spawning 3 Camp Bear Patrol bots at <9014.524414, 16.834499, 5847.616699>
17:43:39.609 [VehicleLeave] Player Dirtydan [uid=eZvdqnhxQZeB4Wvp7ko5cFy79bCUMACrCdUKq6S9F3w=] left vehicle ROVER (id=E2F6FAA88F4398FB1C94C0840DEBE9CD pos=<10123.156250, 53.120129, 5097.012207>)
17:43:48.644 [VehicleLeave] Player MaxCaliber [uid=s7vJf2NuCNme1MUM_sgLr2G3yzcxYg10pO0s-GAKExM=] left vehicle KAMAZ 4310 KUNG (id=51E79361644050AF3E6459B252BC141F pos=<10569.984375, 19.305958, 10845.662109>)
17:43:54.378 [VehicleCarKey] Player "MaxCaliber" (id=s7vJf2NuCNme1MUM_sgLr2G3yzcxYg10pO0s-GAKExM= pos=<10573.495117, 19.310862, 10845.016602>) used the  ExpansionCarKey to lock Kamaz_4350_Kung (id=51E79361644050AF3E6459B252BC141F pos=<10569.984375, 19.305943, 10845.663086>)
17:48:47.898 [VehicleCarKey] Player "MaxCaliber" (id=s7vJf2NuCNme1MUM_sgLr2G3yzcxYg10pO0s-GAKExM= pos=<10567.175781, 19.280582, 10845.782227>) used the  ExpansionCarKey to unlock Kamaz_4350_Kung (id=51E79361644050AF3E6459B252BC141F pos=<10569.984375, 19.305943, 10845.663086>)
17:51:10.332 [VehicleCarKey] Player "MaxCaliber" (id=s7vJf2NuCNme1MUM_sgLr2G3yzcxYg10pO0s-GAKExM= pos=<10571.940430, 19.197319, 10846.756836>) used the  ExpansionCarKey to lock Kamaz_4350_Kung (id=51E79361644050AF3E6459B252BC141F pos=<10569.984375, 19.305943, 10845.663086>)
17:51:21.468 [VehicleCarKey] Player "MaxCaliber" (id=s7vJf2NuCNme1MUM_sgLr2G3yzcxYg10pO0s-GAKExM= pos=<10571.552734, 19.161968, 10847.294922>) used the  ExpansionCarKey to unlock Kamaz_4350_Kung (id=51E79361644050AF3E6459B252BC141F pos=<10569.984375, 19.305943, 10845.663086>)
17:54:28.402 [VehicleCarKey] Player "MaxCaliber" (id=s7vJf2NuCNme1MUM_sgLr2G3yzcxYg10pO0s-GAKExM= pos=<10566.869141, 18.879568, 10851.147461>) used the  ExpansionCarKey to lock Kamaz_4350_Kung (id=51E79361644050AF3E6459B252BC141F pos=<10569.984375, 19.305943, 10845.663086>)
17:59:15.371 [Party] Player "Dirtydan" (id=eZvdqnhxQZeB4Wvp7ko5cFy79bCUMACrCdUKq6S9F3w=) left the party "DDD" (id=2 ownerUID=eZvdqnhxQZeB4Wvp7ko5cFy79bCUMACrCdUKq6S9F3w= ownerName=Bluecollarboys)
