06:02:10.187 [Party] Player "PlayfullPanda" (id=qf-pDnVm3swGq-HUq4k1dK2oOcVUdFc_GgQqcLZFmDM=) joinded the party "STAG" (id=7 ownerUID=Pk9FmI0iGIJV90L0o-uI7ivHc45DZnNcAVX3v1GVD5Y= ownerName=GalaxyPanda)
06:03:18.873 [Party] Player "og" (id=Cc0wZ2VHa5_wA30qgzbiev1UMzKqgpWqAgS0wYga8Rk=) joinded the party "wolf pack" (id=8 ownerUID=Cc0wZ2VHa5_wA30qgzbiev1UMzKqgpWqAgS0wYga8Rk= ownerName=og)
06:11:25.441 [VehicleEnter] Player PlayfullPanda [uid=qf-pDnVm3swGq-HUq4k1dK2oOcVUdFc_GgQqcLZFmDM=] entered vehicle Gunter 2 (id=4E75E6DA574F1FBAD8F6F0A34B48B3F8 pos=<7102.146484, 8.549929, 5455.461426>) as driver
06:11:29.642 [VehicleEngine] Player PlayfullPanda [uid=qf-pDnVm3swGq-HUq4k1dK2oOcVUdFc_GgQqcLZFmDM=] started vehicle Gunter 2 (id=4E75E6DA574F1FBAD8F6F0A34B48B3F8 pos=<7102.147949, 8.549867, 5455.461426>)
06:13:41.343 [VehicleEngine] Player PlayfullPanda [uid=qf-pDnVm3swGq-HUq4k1dK2oOcVUdFc_GgQqcLZFmDM=] stopped vehicle Gunter 2 (id=4E75E6DA574F1FBAD8F6F0A34B48B3F8 pos=<6999.630859, 5.202070, 5501.210938>)
06:13:44.148 [VehicleEngine] Player PlayfullPanda [uid=qf-pDnVm3swGq-HUq4k1dK2oOcVUdFc_GgQqcLZFmDM=] started vehicle Gunter 2 (id=4E75E6DA574F1FBAD8F6F0A34B48B3F8 pos=<6996.900879, 5.285743, 5500.413574>)
06:22:42.869 [AI Patrol] Spawning 1 Shamans bots at <6272.376465, 121.508064, 5748.594238>
06:23:09.804 [Safezone] Player "PlayfullPanda" (id=qf-pDnVm3swGq-HUq4k1dK2oOcVUdFc_GgQqcLZFmDM= pos=<5672.686523, 32.946442, 5262.850098>) Entered the safezone
06:23:49.988 [VehicleEngine] Player PlayfullPanda [uid=qf-pDnVm3swGq-HUq4k1dK2oOcVUdFc_GgQqcLZFmDM=] stopped vehicle Gunter 2 (id=4E75E6DA574F1FBAD8F6F0A34B48B3F8 pos=<5600.724609, 28.753510, 5356.620605>)
06:23:53.800 [VehicleLeave] Player PlayfullPanda [uid=qf-pDnVm3swGq-HUq4k1dK2oOcVUdFc_GgQqcLZFmDM=] left vehicle Gunter 2 (id=4E75E6DA574F1FBAD8F6F0A34B48B3F8 pos=<5600.724609, 28.753481, 5356.620605>)
06:26:36.388 [Market] Player "PlayfullPanda" (id=qf-pDnVm3swGq-HUq4k1dK2oOcVUdFc_GgQqcLZFmDM=) has send a requested to sell hatchback_02 x1 at the trader "Vehicles (Lewis [Vehicle Trader])" in market zone "The Holler" (pos=<5632.000000, 32.000000, 5392.000000>).
06:26:36.587 [VehicleDeleted] Hatchback_02_BanditKitty (id=4E75E6DA574F1FBAD8F6F0A34B48B3F8 pos=<5600.724609, 28.753492, 5356.620605>)
06:26:36.587 [Market] Player "PlayfullPanda" (id=qf-pDnVm3swGq-HUq4k1dK2oOcVUdFc_GgQqcLZFmDM=) has sold hatchback_02 x1 at the trader "Vehicles (Lewis [Vehicle Trader])" in market zone "The Holler" (pos=<5632.000000, 32.000000, 5392.000000>) and got 14800.
06:26:55.988 [Market] Player "PlayfullPanda" (id=qf-pDnVm3swGq-HUq4k1dK2oOcVUdFc_GgQqcLZFmDM=) has send a requested to sell hatchback_02_wheel x1 at the trader "Vehicles (Lewis [Vehicle Trader])" in market zone "The Holler" (pos=<5632.000000, 32.000000, 5392.000000>).
06:26:56.187 [Market] Player "PlayfullPanda" (id=qf-pDnVm3swGq-HUq4k1dK2oOcVUdFc_GgQqcLZFmDM=) has sold hatchback_02_wheel x1 at the trader "Vehicles (Lewis [Vehicle Trader])" in market zone "The Holler" (pos=<5632.000000, 32.000000, 5392.000000>) and got 375.
06:29:22.810 [ATM] Player "PlayfullPanda" (id=qf-pDnVm3swGq-HUq4k1dK2oOcVUdFc_GgQqcLZFmDM=) has withdrawn 4593 from his ATM account.
06:30:38.474 [Party] Player "Alaric" (id=sZJ432ovDQIgWd8wMve4ae1CuexC2jM_6lmUd51b4VQ=) joinded the party "Duskarians" (id=9 ownerUID=sZJ432ovDQIgWd8wMve4ae1CuexC2jM_6lmUd51b4VQ= ownerName=Alaric)
06:30:48.283 [Market] Player "PlayfullPanda" (id=qf-pDnVm3swGq-HUq4k1dK2oOcVUdFc_GgQqcLZFmDM=) has send a requested to sell ump45 x1 at the trader "Weapons (Oliver [#STR_EXPANSION_MARKET_TRADER_WEAPONS])" in market zone "The Holler" (pos=<5632.000000, 32.000000, 5392.000000>).
06:30:48.451 [Market] Player "PlayfullPanda" (id=qf-pDnVm3swGq-HUq4k1dK2oOcVUdFc_GgQqcLZFmDM=) has sold ump45 x1 at the trader "Weapons (Oliver [#STR_EXPANSION_MARKET_TRADER_WEAPONS])" in market zone "The Holler" (pos=<5632.000000, 32.000000, 5392.000000>) and got 600.
06:31:07.763 [VehicleCarKey] Player "Alaric" (id=sZJ432ovDQIgWd8wMve4ae1CuexC2jM_6lmUd51b4VQ= pos=<5898.640625, 4.731739, 8354.106445>) used the  ExpansionCarKey to unlock Truck_01_Covered_Yellow (id=B84C7B8D7947A670B4E53FB881365B2D pos=<5900.226074, 4.514155, 8352.574219>)
06:31:10.181 [Market] Player "PlayfullPanda" (id=qf-pDnVm3swGq-HUq4k1dK2oOcVUdFc_GgQqcLZFmDM=) has send a requested to sell ak101 x1 at the trader "Weapons (Oliver [#STR_EXPANSION_MARKET_TRADER_WEAPONS])" in market zone "The Holler" (pos=<5632.000000, 32.000000, 5392.000000>).
06:31:10.316 [Market] Player "PlayfullPanda" (id=qf-pDnVm3swGq-HUq4k1dK2oOcVUdFc_GgQqcLZFmDM=) has sold ak101 x1 at the trader "Weapons (Oliver [#STR_EXPANSION_MARKET_TRADER_WEAPONS])" in market zone "The Holler" (pos=<5632.000000, 32.000000, 5392.000000>) and got 1125.
06:31:29.818 [Market] Player "PlayfullPanda" (id=qf-pDnVm3swGq-HUq4k1dK2oOcVUdFc_GgQqcLZFmDM=) has send a requested to sell twp_pp19vityaz x1 at the trader "Weapons (Oliver [#STR_EXPANSION_MARKET_TRADER_WEAPONS])" in market zone "The Holler" (pos=<5632.000000, 32.000000, 5392.000000>).
06:31:29.972 [Market] Player "PlayfullPanda" (id=qf-pDnVm3swGq-HUq4k1dK2oOcVUdFc_GgQqcLZFmDM=) has sold twp_pp19vityaz x1 at the trader "Weapons (Oliver [#STR_EXPANSION_MARKET_TRADER_WEAPONS])" in market zone "The Holler" (pos=<5632.000000, 32.000000, 5392.000000>) and got 712.
06:31:47.746 [Market] Player "PlayfullPanda" (id=qf-pDnVm3swGq-HUq4k1dK2oOcVUdFc_GgQqcLZFmDM=) has send a requested to sell mp5k x1 at the trader "Weapons (Oliver [#STR_EXPANSION_MARKET_TRADER_WEAPONS])" in market zone "The Holler" (pos=<5632.000000, 32.000000, 5392.000000>).
06:31:47.904 [Market] Player "PlayfullPanda" (id=qf-pDnVm3swGq-HUq4k1dK2oOcVUdFc_GgQqcLZFmDM=) has sold mp5k x1 at the trader "Weapons (Oliver [#STR_EXPANSION_MARKET_TRADER_WEAPONS])" in market zone "The Holler" (pos=<5632.000000, 32.000000, 5392.000000>) and got 562.
06:32:09.347 [Market] Player "PlayfullPanda" (id=qf-pDnVm3swGq-HUq4k1dK2oOcVUdFc_GgQqcLZFmDM=) has send a requested to sell akm x1 at the trader "Weapons (Oliver [#STR_EXPANSION_MARKET_TRADER_WEAPONS])" in market zone "The Holler" (pos=<5632.000000, 32.000000, 5392.000000>).
06:32:09.507 [Market] Player "PlayfullPanda" (id=qf-pDnVm3swGq-HUq4k1dK2oOcVUdFc_GgQqcLZFmDM=) has sold akm x1 at the trader "Weapons (Oliver [#STR_EXPANSION_MARKET_TRADER_WEAPONS])" in market zone "The Holler" (pos=<5632.000000, 32.000000, 5392.000000>) and got 1125.
06:32:41.251 [Market] Player "PlayfullPanda" (id=qf-pDnVm3swGq-HUq4k1dK2oOcVUdFc_GgQqcLZFmDM=) has send a requested to sell cz61 x1 at the trader "Weapons (Oliver [#STR_EXPANSION_MARKET_TRADER_WEAPONS])" in market zone "The Holler" (pos=<5632.000000, 32.000000, 5392.000000>).
06:32:41.412 [Market] Player "PlayfullPanda" (id=qf-pDnVm3swGq-HUq4k1dK2oOcVUdFc_GgQqcLZFmDM=) has sold cz61 x1 at the trader "Weapons (Oliver [#STR_EXPANSION_MARKET_TRADER_WEAPONS])" in market zone "The Holler" (pos=<5632.000000, 32.000000, 5392.000000>) and got 430.
06:33:08.945 [Market] Player "PlayfullPanda" (id=qf-pDnVm3swGq-HUq4k1dK2oOcVUdFc_GgQqcLZFmDM=) has send a requested to sell twp_sr1gyrza x1 at the trader "Weapons (Oliver [#STR_EXPANSION_MARKET_TRADER_WEAPONS])" in market zone "The Holler" (pos=<5632.000000, 32.000000, 5392.000000>).
06:33:09.105 [Market] Player "PlayfullPanda" (id=qf-pDnVm3swGq-HUq4k1dK2oOcVUdFc_GgQqcLZFmDM=) has sold twp_sr1gyrza x1 at the trader "Weapons (Oliver [#STR_EXPANSION_MARKET_TRADER_WEAPONS])" in market zone "The Holler" (pos=<5632.000000, 32.000000, 5392.000000>) and got 65.
06:33:26.978 [VehicleCarKey] Player "Alaric" (id=sZJ432ovDQIgWd8wMve4ae1CuexC2jM_6lmUd51b4VQ= pos=<5899.084961, 4.726296, 8354.452148>) used the  ExpansionCarKey to lock Truck_01_Covered_Yellow (id=B84C7B8D7947A670B4E53FB881365B2D pos=<5900.226074, 4.514155, 8352.574219>)
06:33:46.919 [Party] Player "Alaric" (id=sZJ432ovDQIgWd8wMve4ae1CuexC2jM_6lmUd51b4VQ=) left the party "Duskarians" (id=9 ownerUID=sZJ432ovDQIgWd8wMve4ae1CuexC2jM_6lmUd51b4VQ= ownerName=Alaric)
06:34:14.269 [Market] Player "PlayfullPanda" (id=qf-pDnVm3swGq-HUq4k1dK2oOcVUdFc_GgQqcLZFmDM=) has send a requested to sell expansion_mp7 x1 at the trader "Weapons (Oliver [#STR_EXPANSION_MARKET_TRADER_WEAPONS])" in market zone "The Holler" (pos=<5632.000000, 32.000000, 5392.000000>).
06:34:14.427 [Market] Player "PlayfullPanda" (id=qf-pDnVm3swGq-HUq4k1dK2oOcVUdFc_GgQqcLZFmDM=) has sold expansion_mp7 x1 at the trader "Weapons (Oliver [#STR_EXPANSION_MARKET_TRADER_WEAPONS])" in market zone "The Holler" (pos=<5632.000000, 32.000000, 5392.000000>) and got 900.
06:34:50.615 [Market] Player "PlayfullPanda" (id=qf-pDnVm3swGq-HUq4k1dK2oOcVUdFc_GgQqcLZFmDM=) has send a requested to sell ump45 x1 at the trader "Weapons (Oliver [#STR_EXPANSION_MARKET_TRADER_WEAPONS])" in market zone "The Holler" (pos=<5632.000000, 32.000000, 5392.000000>).
06:34:50.767 [Market] Player "PlayfullPanda" (id=qf-pDnVm3swGq-HUq4k1dK2oOcVUdFc_GgQqcLZFmDM=) has sold ump45 x1 at the trader "Weapons (Oliver [#STR_EXPANSION_MARKET_TRADER_WEAPONS])" in market zone "The Holler" (pos=<5632.000000, 32.000000, 5392.000000>) and got 600.
06:38:04.318 [ATM] Player "PlayfullPanda" (id=qf-pDnVm3swGq-HUq4k1dK2oOcVUdFc_GgQqcLZFmDM=) has deposited 25887 on his ATM account.
06:43:43.207 [SpawnSelection] Player "Alaric" (id=Ta_q1VTZtNFUycTYJvDHZy5JEKHT2H1N1szx0vEQy84=) spawned at <4613.680176, 14.754800, 1560.599976>
06:44:38.355 [AI Patrol] Spawning 3 Prison Island Patrol bots at <5226.292969, 16.824827, 658.584229>
06:47:36.498 [Market] Player "PlayfullPanda" (id=qf-pDnVm3swGq-HUq4k1dK2oOcVUdFc_GgQqcLZFmDM=) has send a requested to sell childbag_blue x1 at the trader "Clothing_Accessories (Elias [#STR_EXPANSION_MARKET_TRADER_CLOTHING_ACCESSORIES])" in market zone "The Holler" (pos=<5632.000000, 32.000000, 5392.000000>).
06:47:36.660 [Market] Player "PlayfullPanda" (id=qf-pDnVm3swGq-HUq4k1dK2oOcVUdFc_GgQqcLZFmDM=) has sold childbag_blue x1 at the trader "Clothing_Accessories (Elias [#STR_EXPANSION_MARKET_TRADER_CLOTHING_ACCESSORIES])" in market zone "The Holler" (pos=<5632.000000, 32.000000, 5392.000000>) and got 15.
06:47:51.169 [ATM] Player "PlayfullPanda" (id=qf-pDnVm3swGq-HUq4k1dK2oOcVUdFc_GgQqcLZFmDM=) has deposited 15 on his ATM account.
06:50:05.458 [ATM] Player "PlayfullPanda" (id=qf-pDnVm3swGq-HUq4k1dK2oOcVUdFc_GgQqcLZFmDM=) has withdrawn 25902 from his ATM account.
06:50:28.578 [Market] Player "PlayfullPanda" (id=qf-pDnVm3swGq-HUq4k1dK2oOcVUdFc_GgQqcLZFmDM=) has send a requested to purchase weaponcleaningkit x1 from the trader "BuildingSupplies (Indar [Building Trader])" in market zone "The Holler" (pos=<5632.000000, 32.000000, 5392.000000>).
06:50:28.712 [Market] Player "PlayfullPanda" (id=qf-pDnVm3swGq-HUq4k1dK2oOcVUdFc_GgQqcLZFmDM=) has bought weaponcleaningkit x1 from the trader "BuildingSupplies (Indar [Building Trader])" in market zone "The Holler" (pos=<5632.000000, 32.000000, 5392.000000>) for a price of 8.
06:50:30.679 [Market] Player "PlayfullPanda" (id=qf-pDnVm3swGq-HUq4k1dK2oOcVUdFc_GgQqcLZFmDM=) has send a requested to purchase weaponcleaningkit x1 from the trader "BuildingSupplies (Indar [Building Trader])" in market zone "The Holler" (pos=<5632.000000, 32.000000, 5392.000000>).
06:50:30.855 [Market] Player "PlayfullPanda" (id=qf-pDnVm3swGq-HUq4k1dK2oOcVUdFc_GgQqcLZFmDM=) has bought weaponcleaningkit x1 from the trader "BuildingSupplies (Indar [Building Trader])" in market zone "The Holler" (pos=<5632.000000, 32.000000, 5392.000000>) for a price of 8.
06:50:33.972 [Market] Player "PlayfullPanda" (id=qf-pDnVm3swGq-HUq4k1dK2oOcVUdFc_GgQqcLZFmDM=) has send a requested to purchase sewingkit x1 from the trader "BuildingSupplies (Indar [Building Trader])" in market zone "The Holler" (pos=<5632.000000, 32.000000, 5392.000000>).
06:50:34.160 [Market] Player "PlayfullPanda" (id=qf-pDnVm3swGq-HUq4k1dK2oOcVUdFc_GgQqcLZFmDM=) has bought sewingkit x1 from the trader "BuildingSupplies (Indar [Building Trader])" in market zone "The Holler" (pos=<5632.000000, 32.000000, 5392.000000>) for a price of 4.
06:50:34.750 [Market] Player "PlayfullPanda" (id=qf-pDnVm3swGq-HUq4k1dK2oOcVUdFc_GgQqcLZFmDM=) has send a requested to purchase sewingkit x1 from the trader "BuildingSupplies (Indar [Building Trader])" in market zone "The Holler" (pos=<5632.000000, 32.000000, 5392.000000>).
06:50:34.925 [Market] Player "PlayfullPanda" (id=qf-pDnVm3swGq-HUq4k1dK2oOcVUdFc_GgQqcLZFmDM=) has bought sewingkit x1 from the trader "BuildingSupplies (Indar [Building Trader])" in market zone "The Holler" (pos=<5632.000000, 32.000000, 5392.000000>) for a price of 4.
06:51:49.812 [ATM] Player "PlayfullPanda" (id=qf-pDnVm3swGq-HUq4k1dK2oOcVUdFc_GgQqcLZFmDM=) has deposited 25878 on his ATM account.
07:00:44.609 [Market] Player "PlayfullPanda" (id=qf-pDnVm3swGq-HUq4k1dK2oOcVUdFc_GgQqcLZFmDM=) has send a requested to sell twp_mp153black x1 at the trader "Weapons (Oliver [#STR_EXPANSION_MARKET_TRADER_WEAPONS])" in market zone "The Holler" (pos=<5632.000000, 32.000000, 5392.000000>).
07:00:44.792 [Market] Player "PlayfullPanda" (id=qf-pDnVm3swGq-HUq4k1dK2oOcVUdFc_GgQqcLZFmDM=) has sold twp_mp153black x1 at the trader "Weapons (Oliver [#STR_EXPANSION_MARKET_TRADER_WEAPONS])" in market zone "The Holler" (pos=<5632.000000, 32.000000, 5392.000000>) and got 1050.
07:05:27.515 [ATM] Player "PlayfullPanda" (id=qf-pDnVm3swGq-HUq4k1dK2oOcVUdFc_GgQqcLZFmDM=) has deposited 1050 on his ATM account.
07:22:15.042 [AI Patrol] Spawning 2 Shamans bots at <6611.339355, 41.075619, 5841.556152>
07:22:56.302 [Market] Player "PlayfullPanda" (id=qf-pDnVm3swGq-HUq4k1dK2oOcVUdFc_GgQqcLZFmDM=) has send a requested to sell expansion_mp5sd x1 at the trader "Weapons (Oliver [#STR_EXPANSION_MARKET_TRADER_WEAPONS])" in market zone "The Holler" (pos=<5632.000000, 32.000000, 5392.000000>).
07:22:56.445 [Market] Player "PlayfullPanda" (id=qf-pDnVm3swGq-HUq4k1dK2oOcVUdFc_GgQqcLZFmDM=) has sold expansion_mp5sd x1 at the trader "Weapons (Oliver [#STR_EXPANSION_MARKET_TRADER_WEAPONS])" in market zone "The Holler" (pos=<5632.000000, 32.000000, 5392.000000>) and got 975.
07:22:57.796 [Market] Player "PlayfullPanda" (id=qf-pDnVm3swGq-HUq4k1dK2oOcVUdFc_GgQqcLZFmDM=) has send a requested to sell expansion_mp7 x1 at the trader "Weapons (Oliver [#STR_EXPANSION_MARKET_TRADER_WEAPONS])" in market zone "The Holler" (pos=<5632.000000, 32.000000, 5392.000000>).
07:22:57.945 [Market] Player "PlayfullPanda" (id=qf-pDnVm3swGq-HUq4k1dK2oOcVUdFc_GgQqcLZFmDM=) has sold expansion_mp7 x1 at the trader "Weapons (Oliver [#STR_EXPANSION_MARKET_TRADER_WEAPONS])" in market zone "The Holler" (pos=<5632.000000, 32.000000, 5392.000000>) and got 900.
07:23:50.335 [Market] Player "PlayfullPanda" (id=qf-pDnVm3swGq-HUq4k1dK2oOcVUdFc_GgQqcLZFmDM=) has send a requested to sell expansion_mp7 x1 at the trader "Weapons (Oliver [#STR_EXPANSION_MARKET_TRADER_WEAPONS])" in market zone "The Holler" (pos=<5632.000000, 32.000000, 5392.000000>).
07:23:50.492 [Market] Player "PlayfullPanda" (id=qf-pDnVm3swGq-HUq4k1dK2oOcVUdFc_GgQqcLZFmDM=) has sold expansion_mp7 x1 at the trader "Weapons (Oliver [#STR_EXPANSION_MARKET_TRADER_WEAPONS])" in market zone "The Holler" (pos=<5632.000000, 32.000000, 5392.000000>) and got 900.
07:24:19.785 [ATM] Player "PlayfullPanda" (id=qf-pDnVm3swGq-HUq4k1dK2oOcVUdFc_GgQqcLZFmDM=) has deposited 2775 on his ATM account.
07:30:49.462 [VehicleEnter] Player Alaric [uid=Ta_q1VTZtNFUycTYJvDHZy5JEKHT2H1N1szx0vEQy84=] entered vehicle RHIB (id=76A00456BF42AF88271710A36463D69C pos=<4057.711670, -0.342851, 4432.824219>) as driver
07:31:52.589 [VehicleEnter] Player Alaric [uid=Ta_q1VTZtNFUycTYJvDHZy5JEKHT2H1N1szx0vEQy84=] entered vehicle RHIB (id=76A00456BF42AF88271710A36463D69C pos=<4057.711670, 0.198732, 4432.824219>) as driver
07:34:53.052 [Market] Player "PlayfullPanda" (id=qf-pDnVm3swGq-HUq4k1dK2oOcVUdFc_GgQqcLZFmDM=) has send a requested to sell aks74u x1 at the trader "Weapons (Oliver [#STR_EXPANSION_MARKET_TRADER_WEAPONS])" in market zone "The Holler" (pos=<5632.000000, 32.000000, 5392.000000>).
07:34:53.234 [Market] Player "PlayfullPanda" (id=qf-pDnVm3swGq-HUq4k1dK2oOcVUdFc_GgQqcLZFmDM=) has sold aks74u x1 at the trader "Weapons (Oliver [#STR_EXPANSION_MARKET_TRADER_WEAPONS])" in market zone "The Holler" (pos=<5632.000000, 32.000000, 5392.000000>) and got 937.
07:35:27.501 [Market] Player "PlayfullPanda" (id=qf-pDnVm3swGq-HUq4k1dK2oOcVUdFc_GgQqcLZFmDM=) has send a requested to sell mag_ak74_30rnd x1 at the trader "Weapons (Oliver [#STR_EXPANSION_MARKET_TRADER_WEAPONS])" in market zone "The Holler" (pos=<5632.000000, 32.000000, 5392.000000>).
07:35:27.666 [Market] Player "PlayfullPanda" (id=qf-pDnVm3swGq-HUq4k1dK2oOcVUdFc_GgQqcLZFmDM=) has sold mag_ak74_30rnd x1 at the trader "Weapons (Oliver [#STR_EXPANSION_MARKET_TRADER_WEAPONS])" in market zone "The Holler" (pos=<5632.000000, 32.000000, 5392.000000>) and got 123.
07:44:03.691 [Safezone] Player "og" (id=Cc0wZ2VHa5_wA30qgzbiev1UMzKqgpWqAgS0wYga8Rk= pos=<5667.964355, 32.472767, 5261.280762>) Entered the safezone
07:44:17.005 [ATM] Player "PlayfullPanda" (id=qf-pDnVm3swGq-HUq4k1dK2oOcVUdFc_GgQqcLZFmDM=) has deposited 1060 on his ATM account.
07:44:47.189 [Market] Player "og" (id=Cc0wZ2VHa5_wA30qgzbiev1UMzKqgpWqAgS0wYga8Rk=) has send a requested to sell mediumtent x1 at the trader "BuildingSupplies (Indar [Building Trader])" in market zone "The Holler" (pos=<5632.000000, 32.000000, 5392.000000>).
07:44:47.406 [Market] Player "og" (id=Cc0wZ2VHa5_wA30qgzbiev1UMzKqgpWqAgS0wYga8Rk=) has sold mediumtent x1 at the trader "BuildingSupplies (Indar [Building Trader])" in market zone "The Holler" (pos=<5632.000000, 32.000000, 5392.000000>) and got 2250.
07:44:53.808 [Market] Player "og" (id=Cc0wZ2VHa5_wA30qgzbiev1UMzKqgpWqAgS0wYga8Rk=) has send a requested to sell expansioncodelock x1 at the trader "BuildingSupplies (Indar [Building Trader])" in market zone "The Holler" (pos=<5632.000000, 32.000000, 5392.000000>).
07:44:53.986 [Market] Player "og" (id=Cc0wZ2VHa5_wA30qgzbiev1UMzKqgpWqAgS0wYga8Rk=) has sold expansioncodelock x1 at the trader "BuildingSupplies (Indar [Building Trader])" in market zone "The Holler" (pos=<5632.000000, 32.000000, 5392.000000>) and got 281.
07:45:28.177 [Market] Player "og" (id=Cc0wZ2VHa5_wA30qgzbiev1UMzKqgpWqAgS0wYga8Rk=) has send a requested to sell mag_ak74_30rnd x1 at the trader "Weapons (Oliver [#STR_EXPANSION_MARKET_TRADER_WEAPONS])" in market zone "The Holler" (pos=<5632.000000, 32.000000, 5392.000000>).
07:45:28.349 [Market] Player "og" (id=Cc0wZ2VHa5_wA30qgzbiev1UMzKqgpWqAgS0wYga8Rk=) has sold mag_ak74_30rnd x1 at the trader "Weapons (Oliver [#STR_EXPANSION_MARKET_TRADER_WEAPONS])" in market zone "The Holler" (pos=<5632.000000, 32.000000, 5392.000000>) and got 123.
07:45:36.789 [Market] Player "og" (id=Cc0wZ2VHa5_wA30qgzbiev1UMzKqgpWqAgS0wYga8Rk=) has send a requested to sell aks74u_bttstck x1 at the trader "Weapons (Oliver [#STR_EXPANSION_MARKET_TRADER_WEAPONS])" in market zone "The Holler" (pos=<5632.000000, 32.000000, 5392.000000>).
07:45:36.988 [Market] Player "og" (id=Cc0wZ2VHa5_wA30qgzbiev1UMzKqgpWqAgS0wYga8Rk=) has sold aks74u_bttstck x1 at the trader "Weapons (Oliver [#STR_EXPANSION_MARKET_TRADER_WEAPONS])" in market zone "The Holler" (pos=<5632.000000, 32.000000, 5392.000000>) and got 112.
07:45:43.052 [Market] Player "og" (id=Cc0wZ2VHa5_wA30qgzbiev1UMzKqgpWqAgS0wYga8Rk=) has send a requested to sell twp_ninjasword x1 at the trader "Weapons (Oliver [#STR_EXPANSION_MARKET_TRADER_WEAPONS])" in market zone "The Holler" (pos=<5632.000000, 32.000000, 5392.000000>).
07:45:43.230 [Market] Player "og" (id=Cc0wZ2VHa5_wA30qgzbiev1UMzKqgpWqAgS0wYga8Rk=) has sold twp_ninjasword x1 at the trader "Weapons (Oliver [#STR_EXPANSION_MARKET_TRADER_WEAPONS])" in market zone "The Holler" (pos=<5632.000000, 32.000000, 5392.000000>) and got 28.
07:45:53.250 [Market] Player "og" (id=Cc0wZ2VHa5_wA30qgzbiev1UMzKqgpWqAgS0wYga8Rk=) has send a requested to sell glock19 x1 at the trader "Weapons (Oliver [#STR_EXPANSION_MARKET_TRADER_WEAPONS])" in market zone "The Holler" (pos=<5632.000000, 32.000000, 5392.000000>).
07:45:53.441 [Market] Player "og" (id=Cc0wZ2VHa5_wA30qgzbiev1UMzKqgpWqAgS0wYga8Rk=) has sold glock19 x1 at the trader "Weapons (Oliver [#STR_EXPANSION_MARKET_TRADER_WEAPONS])" in market zone "The Holler" (pos=<5632.000000, 32.000000, 5392.000000>) and got 225.
07:45:54.816 [Market] Player "og" (id=Cc0wZ2VHa5_wA30qgzbiev1UMzKqgpWqAgS0wYga8Rk=) has send a requested to sell glock19 x1 at the trader "Weapons (Oliver [#STR_EXPANSION_MARKET_TRADER_WEAPONS])" in market zone "The Holler" (pos=<5632.000000, 32.000000, 5392.000000>).
07:45:54.998 [Market] Player "og" (id=Cc0wZ2VHa5_wA30qgzbiev1UMzKqgpWqAgS0wYga8Rk=) has sold glock19 x1 at the trader "Weapons (Oliver [#STR_EXPANSION_MARKET_TRADER_WEAPONS])" in market zone "The Holler" (pos=<5632.000000, 32.000000, 5392.000000>) and got 76.
07:45:58.769 [Market] Player "PlayfullPanda" (id=qf-pDnVm3swGq-HUq4k1dK2oOcVUdFc_GgQqcLZFmDM=) has send a requested to sell militarybelt x1 at the trader "Clothing_Accessories (Elias [#STR_EXPANSION_MARKET_TRADER_CLOTHING_ACCESSORIES])" in market zone "The Holler" (pos=<5632.000000, 32.000000, 5392.000000>).
07:45:59.474 [Market] Player "PlayfullPanda" (id=qf-pDnVm3swGq-HUq4k1dK2oOcVUdFc_GgQqcLZFmDM=) has sold militarybelt x1 at the trader "Clothing_Accessories (Elias [#STR_EXPANSION_MARKET_TRADER_CLOTHING_ACCESSORIES])" in market zone "The Holler" (pos=<5632.000000, 32.000000, 5392.000000>) and got 75.
07:45:59.625 [Market] Player "og" (id=Cc0wZ2VHa5_wA30qgzbiev1UMzKqgpWqAgS0wYga8Rk=) has send a requested to sell winchester70 x1 at the trader "Weapons (Oliver [#STR_EXPANSION_MARKET_TRADER_WEAPONS])" in market zone "The Holler" (pos=<5632.000000, 32.000000, 5392.000000>).
07:45:59.818 [Market] Player "og" (id=Cc0wZ2VHa5_wA30qgzbiev1UMzKqgpWqAgS0wYga8Rk=) has sold winchester70 x1 at the trader "Weapons (Oliver [#STR_EXPANSION_MARKET_TRADER_WEAPONS])" in market zone "The Holler" (pos=<5632.000000, 32.000000, 5392.000000>) and got 187.
07:46:02.109 [Market] Player "og" (id=Cc0wZ2VHa5_wA30qgzbiev1UMzKqgpWqAgS0wYga8Rk=) has send a requested to sell winchester70 x1 at the trader "Weapons (Oliver [#STR_EXPANSION_MARKET_TRADER_WEAPONS])" in market zone "The Holler" (pos=<5632.000000, 32.000000, 5392.000000>).
07:46:02.253 [Market] Player "og" (id=Cc0wZ2VHa5_wA30qgzbiev1UMzKqgpWqAgS0wYga8Rk=) has sold winchester70 x1 at the trader "Weapons (Oliver [#STR_EXPANSION_MARKET_TRADER_WEAPONS])" in market zone "The Holler" (pos=<5632.000000, 32.000000, 5392.000000>) and got 281.
07:47:19.509 [Market] Player "og" (id=Cc0wZ2VHa5_wA30qgzbiev1UMzKqgpWqAgS0wYga8Rk=) has send a requested to sell cp_joints1 x1 at the trader "Weed (Naomi [Weed Trader])" in market zone "The Holler" (pos=<5632.000000, 32.000000, 5392.000000>).
07:47:19.710 [Market] Player "og" (id=Cc0wZ2VHa5_wA30qgzbiev1UMzKqgpWqAgS0wYga8Rk=) has sold cp_joints1 x1 at the trader "Weed (Naomi [Weed Trader])" in market zone "The Holler" (pos=<5632.000000, 32.000000, 5392.000000>) and got 7.
07:47:20.578 [Market] Player "og" (id=Cc0wZ2VHa5_wA30qgzbiev1UMzKqgpWqAgS0wYga8Rk=) has send a requested to sell cp_cigarettepack_cannabisskunk x1 at the trader "Weed (Naomi [Weed Trader])" in market zone "The Holler" (pos=<5632.000000, 32.000000, 5392.000000>).
07:47:20.742 [Market] Player "og" (id=Cc0wZ2VHa5_wA30qgzbiev1UMzKqgpWqAgS0wYga8Rk=) has sold cp_cigarettepack_cannabisskunk x1 at the trader "Weed (Naomi [Weed Trader])" in market zone "The Holler" (pos=<5632.000000, 32.000000, 5392.000000>) and got 3.
07:47:21.630 [Market] Player "og" (id=Cc0wZ2VHa5_wA30qgzbiev1UMzKqgpWqAgS0wYga8Rk=) has send a requested to sell cp_cigarettepack_cannabiss1 x1 at the trader "Weed (Naomi [Weed Trader])" in market zone "The Holler" (pos=<5632.000000, 32.000000, 5392.000000>).
07:47:21.802 [Market] Player "og" (id=Cc0wZ2VHa5_wA30qgzbiev1UMzKqgpWqAgS0wYga8Rk=) has sold cp_cigarettepack_cannabiss1 x1 at the trader "Weed (Naomi [Weed Trader])" in market zone "The Holler" (pos=<5632.000000, 32.000000, 5392.000000>) and got 6.
07:47:22.681 [Market] Player "og" (id=Cc0wZ2VHa5_wA30qgzbiev1UMzKqgpWqAgS0wYga8Rk=) has send a requested to sell cp_jointblackfrost x1 at the trader "Weed (Naomi [Weed Trader])" in market zone "The Holler" (pos=<5632.000000, 32.000000, 5392.000000>).
07:47:22.882 [Market] Player "og" (id=Cc0wZ2VHa5_wA30qgzbiev1UMzKqgpWqAgS0wYga8Rk=) has sold cp_jointblackfrost x1 at the trader "Weed (Naomi [Weed Trader])" in market zone "The Holler" (pos=<5632.000000, 32.000000, 5392.000000>) and got 30.
07:48:19.322 [ATM] Player "og" (id=Cc0wZ2VHa5_wA30qgzbiev1UMzKqgpWqAgS0wYga8Rk=) has deposited 3609 on his ATM account.
07:49:14.486 [Market] Player "og" (id=Cc0wZ2VHa5_wA30qgzbiev1UMzKqgpWqAgS0wYga8Rk=) has send a requested to sell twp_famas x1 at the trader "Weapons (Oliver [#STR_EXPANSION_MARKET_TRADER_WEAPONS])" in market zone "The Holler" (pos=<5632.000000, 32.000000, 5392.000000>).
07:49:14.648 [Market] Player "og" (id=Cc0wZ2VHa5_wA30qgzbiev1UMzKqgpWqAgS0wYga8Rk=) has sold twp_famas x1 at the trader "Weapons (Oliver [#STR_EXPANSION_MARKET_TRADER_WEAPONS])" in market zone "The Holler" (pos=<5632.000000, 32.000000, 5392.000000>) and got 2812.
07:49:37.580 [Market] Player "og" (id=Cc0wZ2VHa5_wA30qgzbiev1UMzKqgpWqAgS0wYga8Rk=) has send a requested to sell tortillabag x1 at the trader "Clothing_Accessories (Elias [#STR_EXPANSION_MARKET_TRADER_CLOTHING_ACCESSORIES])" in market zone "The Holler" (pos=<5632.000000, 32.000000, 5392.000000>).
07:49:37.763 [Market] Player "og" (id=Cc0wZ2VHa5_wA30qgzbiev1UMzKqgpWqAgS0wYga8Rk=) has sold tortillabag x1 at the trader "Clothing_Accessories (Elias [#STR_EXPANSION_MARKET_TRADER_CLOTHING_ACCESSORIES])" in market zone "The Holler" (pos=<5632.000000, 32.000000, 5392.000000>) and got 67.
07:49:44.320 [ATM] Player "PlayfullPanda" (id=qf-pDnVm3swGq-HUq4k1dK2oOcVUdFc_GgQqcLZFmDM=) has deposited 2887 on his ATM account.
07:50:57.945 [VehicleCarKey] Player "og" (id=Cc0wZ2VHa5_wA30qgzbiev1UMzKqgpWqAgS0wYga8Rk= pos=<5605.296875, 28.767584, 5350.878906>) used the  ExpansionCarKey to unlock CivilianSedan_Black (id=083DCBF7AB4264C14788C19BFA093B45 pos=<5603.564453, 28.800606, 5348.185547>)
07:52:32.388 [VehicleCarKey] Player "og" (id=Cc0wZ2VHa5_wA30qgzbiev1UMzKqgpWqAgS0wYga8Rk= pos=<5606.376953, 28.829645, 5348.989746>) used the  ExpansionCarKey to lock CivilianSedan_Black (id=083DCBF7AB4264C14788C19BFA093B45 pos=<5603.564453, 28.800606, 5348.185547>)
07:53:06.679 [VehicleCarKey] Player "og" (id=Cc0wZ2VHa5_wA30qgzbiev1UMzKqgpWqAgS0wYga8Rk= pos=<5605.456543, 28.787703, 5350.170410>) used the  ExpansionCarKey to unlock CivilianSedan_Black (id=083DCBF7AB4264C14788C19BFA093B45 pos=<5603.564453, 28.800606, 5348.185547>)
07:53:16.611 [VehicleCarKey] Player "og" (id=Cc0wZ2VHa5_wA30qgzbiev1UMzKqgpWqAgS0wYga8Rk= pos=<5605.133789, 28.782108, 5350.339844>) used the  ExpansionCarKey to lock CivilianSedan_Black (id=083DCBF7AB4264C14788C19BFA093B45 pos=<5603.564453, 28.800606, 5348.185547>)
07:56:18.820 [ATM] Player "og" (id=Cc0wZ2VHa5_wA30qgzbiev1UMzKqgpWqAgS0wYga8Rk=) has withdrawn 13153 from his ATM account.
07:58:23.687 [Market] Player "og" (id=Cc0wZ2VHa5_wA30qgzbiev1UMzKqgpWqAgS0wYga8Rk=) has send a requested to sell longhorn x1 at the trader "Weapons (Oliver [#STR_EXPANSION_MARKET_TRADER_WEAPONS])" in market zone "The Holler" (pos=<5632.000000, 32.000000, 5392.000000>).
07:58:23.890 [Market] Player "og" (id=Cc0wZ2VHa5_wA30qgzbiev1UMzKqgpWqAgS0wYga8Rk=) has sold longhorn x1 at the trader "Weapons (Oliver [#STR_EXPANSION_MARKET_TRADER_WEAPONS])" in market zone "The Holler" (pos=<5632.000000, 32.000000, 5392.000000>) and got 206.
08:01:15.804 [Market] Player "og" (id=Cc0wZ2VHa5_wA30qgzbiev1UMzKqgpWqAgS0wYga8Rk=) has send a requested to purchase weaponcleaningkit x1 from the trader "BuildingSupplies (Indar [Building Trader])" in market zone "The Holler" (pos=<5632.000000, 32.000000, 5392.000000>).
08:01:15.984 [Market] Player "og" (id=Cc0wZ2VHa5_wA30qgzbiev1UMzKqgpWqAgS0wYga8Rk=) has bought weaponcleaningkit x1 from the trader "BuildingSupplies (Indar [Building Trader])" in market zone "The Holler" (pos=<5632.000000, 32.000000, 5392.000000>) for a price of 8.
08:02:55.339 [ATM] Player "PlayfullPanda" (id=qf-pDnVm3swGq-HUq4k1dK2oOcVUdFc_GgQqcLZFmDM=) has withdrawn 500 from his ATM account.
08:03:29.208 [Market] Player "og" (id=Cc0wZ2VHa5_wA30qgzbiev1UMzKqgpWqAgS0wYga8Rk=) has send a requested to purchase ammobox_308win_20rnd x4 from the trader "Weapons (Oliver [#STR_EXPANSION_MARKET_TRADER_WEAPONS])" in market zone "The Holler" (pos=<5632.000000, 32.000000, 5392.000000>).
08:03:29.414 [Market] Player "og" (id=Cc0wZ2VHa5_wA30qgzbiev1UMzKqgpWqAgS0wYga8Rk=) has bought ammobox_308win_20rnd x4 from the trader "Weapons (Oliver [#STR_EXPANSION_MARKET_TRADER_WEAPONS])" in market zone "The Holler" (pos=<5632.000000, 32.000000, 5392.000000>) for a price of 128.
08:03:51.072 [Market] Player "og" (id=Cc0wZ2VHa5_wA30qgzbiev1UMzKqgpWqAgS0wYga8Rk=) has send a requested to purchase mag_fal_20rnd x1 from the trader "Weapons (Oliver [#STR_EXPANSION_MARKET_TRADER_WEAPONS])" in market zone "The Holler" (pos=<5632.000000, 32.000000, 5392.000000>).
08:03:51.242 [Market] Player "og" (id=Cc0wZ2VHa5_wA30qgzbiev1UMzKqgpWqAgS0wYga8Rk=) has bought mag_fal_20rnd x1 from the trader "Weapons (Oliver [#STR_EXPANSION_MARKET_TRADER_WEAPONS])" in market zone "The Holler" (pos=<5632.000000, 32.000000, 5392.000000>) for a price of 140.
08:04:01.527 [Market] Player "PlayfullPanda" (id=qf-pDnVm3swGq-HUq4k1dK2oOcVUdFc_GgQqcLZFmDM=) has send a requested to purchase ammobox_308win_20rnd x6 from the trader "Weapons (Oliver [#STR_EXPANSION_MARKET_TRADER_WEAPONS])" in market zone "The Holler" (pos=<5632.000000, 32.000000, 5392.000000>).
08:04:01.683 [Market] Player "PlayfullPanda" (id=qf-pDnVm3swGq-HUq4k1dK2oOcVUdFc_GgQqcLZFmDM=) has bought ammobox_308win_20rnd x6 from the trader "Weapons (Oliver [#STR_EXPANSION_MARKET_TRADER_WEAPONS])" in market zone "The Holler" (pos=<5632.000000, 32.000000, 5392.000000>) for a price of 192.
08:04:14.009 [Market] Player "PlayfullPanda" (id=qf-pDnVm3swGq-HUq4k1dK2oOcVUdFc_GgQqcLZFmDM=) has send a requested to purchase ammobox_556x45_20rnd x5 from the trader "Weapons (Oliver [#STR_EXPANSION_MARKET_TRADER_WEAPONS])" in market zone "The Holler" (pos=<5632.000000, 32.000000, 5392.000000>).
08:04:14.169 [Market] Player "PlayfullPanda" (id=qf-pDnVm3swGq-HUq4k1dK2oOcVUdFc_GgQqcLZFmDM=) has bought ammobox_556x45_20rnd x5 from the trader "Weapons (Oliver [#STR_EXPANSION_MARKET_TRADER_WEAPONS])" in market zone "The Holler" (pos=<5632.000000, 32.000000, 5392.000000>) for a price of 160.
08:04:20.087 [Market] Player "og" (id=Cc0wZ2VHa5_wA30qgzbiev1UMzKqgpWqAgS0wYga8Rk=) has send a requested to sell twp_sigsauerp250peacock x1 at the trader "Weapons (Oliver [#STR_EXPANSION_MARKET_TRADER_WEAPONS])" in market zone "The Holler" (pos=<5632.000000, 32.000000, 5392.000000>).
08:04:20.294 [Market] Player "og" (id=Cc0wZ2VHa5_wA30qgzbiev1UMzKqgpWqAgS0wYga8Rk=) has sold twp_sigsauerp250peacock x1 at the trader "Weapons (Oliver [#STR_EXPANSION_MARKET_TRADER_WEAPONS])" in market zone "The Holler" (pos=<5632.000000, 32.000000, 5392.000000>) and got 32.
08:04:21.437 [Market] Player "og" (id=Cc0wZ2VHa5_wA30qgzbiev1UMzKqgpWqAgS0wYga8Rk=) has send a requested to sell twp_sigsauerp250 x1 at the trader "Weapons (Oliver [#STR_EXPANSION_MARKET_TRADER_WEAPONS])" in market zone "The Holler" (pos=<5632.000000, 32.000000, 5392.000000>).
08:04:21.648 [Market] Player "og" (id=Cc0wZ2VHa5_wA30qgzbiev1UMzKqgpWqAgS0wYga8Rk=) has sold twp_sigsauerp250 x1 at the trader "Weapons (Oliver [#STR_EXPANSION_MARKET_TRADER_WEAPONS])" in market zone "The Holler" (pos=<5632.000000, 32.000000, 5392.000000>) and got 98.
08:04:23.007 [Market] Player "og" (id=Cc0wZ2VHa5_wA30qgzbiev1UMzKqgpWqAgS0wYga8Rk=) has send a requested to sell twp_p2000renegade x1 at the trader "Weapons (Oliver [#STR_EXPANSION_MARKET_TRADER_WEAPONS])" in market zone "The Holler" (pos=<5632.000000, 32.000000, 5392.000000>).
08:04:23.205 [Market] Player "og" (id=Cc0wZ2VHa5_wA30qgzbiev1UMzKqgpWqAgS0wYga8Rk=) has sold twp_p2000renegade x1 at the trader "Weapons (Oliver [#STR_EXPANSION_MARKET_TRADER_WEAPONS])" in market zone "The Holler" (pos=<5632.000000, 32.000000, 5392.000000>) and got 65.
08:04:25.537 [Market] Player "og" (id=Cc0wZ2VHa5_wA30qgzbiev1UMzKqgpWqAgS0wYga8Rk=) has send a requested to sell twp_fn57pink x1 at the trader "Weapons (Oliver [#STR_EXPANSION_MARKET_TRADER_WEAPONS])" in market zone "The Holler" (pos=<5632.000000, 32.000000, 5392.000000>).
08:04:25.705 [Market] Player "og" (id=Cc0wZ2VHa5_wA30qgzbiev1UMzKqgpWqAgS0wYga8Rk=) has sold twp_fn57pink x1 at the trader "Weapons (Oliver [#STR_EXPANSION_MARKET_TRADER_WEAPONS])" in market zone "The Holler" (pos=<5632.000000, 32.000000, 5392.000000>) and got 98.
08:06:24.488 [Market] Player "og" (id=Cc0wZ2VHa5_wA30qgzbiev1UMzKqgpWqAgS0wYga8Rk=) has send a requested to purchase ammobox_308win_20rnd x1 from the trader "Weapons (Oliver [#STR_EXPANSION_MARKET_TRADER_WEAPONS])" in market zone "The Holler" (pos=<5632.000000, 32.000000, 5392.000000>).
08:06:24.666 [Market] Player "og" (id=Cc0wZ2VHa5_wA30qgzbiev1UMzKqgpWqAgS0wYga8Rk=) has bought ammobox_308win_20rnd x1 from the trader "Weapons (Oliver [#STR_EXPANSION_MARKET_TRADER_WEAPONS])" in market zone "The Holler" (pos=<5632.000000, 32.000000, 5392.000000>) for a price of 32.
08:06:54.531 [Market] Player "og" (id=Cc0wZ2VHa5_wA30qgzbiev1UMzKqgpWqAgS0wYga8Rk=) has send a requested to purchase ammobox_762x54_20rnd x2 from the trader "Weapons (Oliver [#STR_EXPANSION_MARKET_TRADER_WEAPONS])" in market zone "The Holler" (pos=<5632.000000, 32.000000, 5392.000000>).
08:06:54.699 [Market] Player "og" (id=Cc0wZ2VHa5_wA30qgzbiev1UMzKqgpWqAgS0wYga8Rk=) has bought ammobox_762x54_20rnd x2 from the trader "Weapons (Oliver [#STR_EXPANSION_MARKET_TRADER_WEAPONS])" in market zone "The Holler" (pos=<5632.000000, 32.000000, 5392.000000>) for a price of 64.
08:07:45.306 [Market] Player "og" (id=Cc0wZ2VHa5_wA30qgzbiev1UMzKqgpWqAgS0wYga8Rk=) has send a requested to sell hippack_black x1 at the trader "Clothing_Accessories (Elias [#STR_EXPANSION_MARKET_TRADER_CLOTHING_ACCESSORIES])" in market zone "The Holler" (pos=<5632.000000, 32.000000, 5392.000000>).
08:07:45.500 [Market] Player "og" (id=Cc0wZ2VHa5_wA30qgzbiev1UMzKqgpWqAgS0wYga8Rk=) has sold hippack_black x1 at the trader "Clothing_Accessories (Elias [#STR_EXPANSION_MARKET_TRADER_CLOTHING_ACCESSORIES])" in market zone "The Holler" (pos=<5632.000000, 32.000000, 5392.000000>) and got 75.
08:07:52.585 [Market] Player "og" (id=Cc0wZ2VHa5_wA30qgzbiev1UMzKqgpWqAgS0wYga8Rk=) has send a requested to purchase militarybelt x1 from the trader "Clothing_Accessories (Elias [#STR_EXPANSION_MARKET_TRADER_CLOTHING_ACCESSORIES])" in market zone "The Holler" (pos=<5632.000000, 32.000000, 5392.000000>).
08:07:52.734 [Market] Player "og" (id=Cc0wZ2VHa5_wA30qgzbiev1UMzKqgpWqAgS0wYga8Rk=) has bought militarybelt x1 from the trader "Clothing_Accessories (Elias [#STR_EXPANSION_MARKET_TRADER_CLOTHING_ACCESSORIES])" in market zone "The Holler" (pos=<5632.000000, 32.000000, 5392.000000>) for a price of 100.
08:07:59.046 [Market] Player "og" (id=Cc0wZ2VHa5_wA30qgzbiev1UMzKqgpWqAgS0wYga8Rk=) has send a requested to purchase platecarrierholster x1 from the trader "Clothing_Accessories (Elias [#STR_EXPANSION_MARKET_TRADER_CLOTHING_ACCESSORIES])" in market zone "The Holler" (pos=<5632.000000, 32.000000, 5392.000000>).
08:07:59.257 [Market] Player "og" (id=Cc0wZ2VHa5_wA30qgzbiev1UMzKqgpWqAgS0wYga8Rk=) has bought platecarrierholster x1 from the trader "Clothing_Accessories (Elias [#STR_EXPANSION_MARKET_TRADER_CLOTHING_ACCESSORIES])" in market zone "The Holler" (pos=<5632.000000, 32.000000, 5392.000000>) for a price of 60.
08:08:46.080 [Market] Player "og" (id=Cc0wZ2VHa5_wA30qgzbiev1UMzKqgpWqAgS0wYga8Rk=) has send a requested to purchase pistolsuppressor x1 from the trader "Weapons (Oliver [#STR_EXPANSION_MARKET_TRADER_WEAPONS])" in market zone "The Holler" (pos=<5632.000000, 32.000000, 5392.000000>).
08:08:46.253 [Market] Player "og" (id=Cc0wZ2VHa5_wA30qgzbiev1UMzKqgpWqAgS0wYga8Rk=) has bought pistolsuppressor x1 from the trader "Weapons (Oliver [#STR_EXPANSION_MARKET_TRADER_WEAPONS])" in market zone "The Holler" (pos=<5632.000000, 32.000000, 5392.000000>) for a price of 15.
08:09:09.998 [Market] Player "og" (id=Cc0wZ2VHa5_wA30qgzbiev1UMzKqgpWqAgS0wYga8Rk=) has send a requested to purchase twp_coltpython x1 from the trader "Weapons (Oliver [#STR_EXPANSION_MARKET_TRADER_WEAPONS])" in market zone "The Holler" (pos=<5632.000000, 32.000000, 5392.000000>).
08:09:10.199 [Market] Player "og" (id=Cc0wZ2VHa5_wA30qgzbiev1UMzKqgpWqAgS0wYga8Rk=) has bought twp_coltpython x1 from the trader "Weapons (Oliver [#STR_EXPANSION_MARKET_TRADER_WEAPONS])" in market zone "The Holler" (pos=<5632.000000, 32.000000, 5392.000000>) for a price of 175.
08:10:07.687 [Party] Player "og" (id=Cc0wZ2VHa5_wA30qgzbiev1UMzKqgpWqAgS0wYga8Rk=) left the party "wolf pack" (id=8 ownerUID=Cc0wZ2VHa5_wA30qgzbiev1UMzKqgpWqAgS0wYga8Rk= ownerName=og)
08:12:52.216 [Safezone] Player "og" (id=Cc0wZ2VHa5_wA30qgzbiev1UMzKqgpWqAgS0wYga8Rk= pos=<5616.409180, 29.020840, 5420.231934>) Entered the safezone
08:12:52.218 [Party] Player "og" (id=Cc0wZ2VHa5_wA30qgzbiev1UMzKqgpWqAgS0wYga8Rk=) joinded the party "wolf pack" (id=8 ownerUID=Cc0wZ2VHa5_wA30qgzbiev1UMzKqgpWqAgS0wYga8Rk= ownerName=og)
08:13:38.541 [Market] Player "og" (id=Cc0wZ2VHa5_wA30qgzbiev1UMzKqgpWqAgS0wYga8Rk=) has send a requested to purchase ammobox_357_20rnd x1 from the trader "Weapons (Oliver [#STR_EXPANSION_MARKET_TRADER_WEAPONS])" in market zone "The Holler" (pos=<5632.000000, 32.000000, 5392.000000>).
08:13:38.697 [Market] Player "og" (id=Cc0wZ2VHa5_wA30qgzbiev1UMzKqgpWqAgS0wYga8Rk=) has bought ammobox_357_20rnd x1 from the trader "Weapons (Oliver [#STR_EXPANSION_MARKET_TRADER_WEAPONS])" in market zone "The Holler" (pos=<5632.000000, 32.000000, 5392.000000>) for a price of 32.
08:13:39.236 [Market] Player "og" (id=Cc0wZ2VHa5_wA30qgzbiev1UMzKqgpWqAgS0wYga8Rk=) has send a requested to purchase ammobox_357_20rnd x1 from the trader "Weapons (Oliver [#STR_EXPANSION_MARKET_TRADER_WEAPONS])" in market zone "The Holler" (pos=<5632.000000, 32.000000, 5392.000000>).
08:13:39.425 [Market] Player "og" (id=Cc0wZ2VHa5_wA30qgzbiev1UMzKqgpWqAgS0wYga8Rk=) has bought ammobox_357_20rnd x1 from the trader "Weapons (Oliver [#STR_EXPANSION_MARKET_TRADER_WEAPONS])" in market zone "The Holler" (pos=<5632.000000, 32.000000, 5392.000000>) for a price of 32.
08:13:39.851 [Market] Player "og" (id=Cc0wZ2VHa5_wA30qgzbiev1UMzKqgpWqAgS0wYga8Rk=) has send a requested to purchase ammobox_357_20rnd x1 from the trader "Weapons (Oliver [#STR_EXPANSION_MARKET_TRADER_WEAPONS])" in market zone "The Holler" (pos=<5632.000000, 32.000000, 5392.000000>).
08:13:40.044 [Market] Player "og" (id=Cc0wZ2VHa5_wA30qgzbiev1UMzKqgpWqAgS0wYga8Rk=) has bought ammobox_357_20rnd x1 from the trader "Weapons (Oliver [#STR_EXPANSION_MARKET_TRADER_WEAPONS])" in market zone "The Holler" (pos=<5632.000000, 32.000000, 5392.000000>) for a price of 32.
08:14:43.693 [VehicleCarKey] Player "og" (id=Cc0wZ2VHa5_wA30qgzbiev1UMzKqgpWqAgS0wYga8Rk= pos=<5606.505859, 28.808489, 5350.218262>) used the  ExpansionCarKey to unlock CivilianSedan_Black (id=083DCBF7AB4264C14788C19BFA093B45 pos=<5603.564453, 28.800606, 5348.185547>)
08:16:46.855 [VehicleCarKey] Player "og" (id=Cc0wZ2VHa5_wA30qgzbiev1UMzKqgpWqAgS0wYga8Rk= pos=<5606.321777, 28.805040, 5349.650391>) used the  ExpansionCarKey to lock CivilianSedan_Black (id=083DCBF7AB4264C14788C19BFA093B45 pos=<5603.564453, 28.800606, 5348.185547>)
08:16:50.914 [VehicleCarKey] Player "og" (id=Cc0wZ2VHa5_wA30qgzbiev1UMzKqgpWqAgS0wYga8Rk= pos=<5606.321777, 28.805040, 5349.650391>) used the  ExpansionCarKey to unlock CivilianSedan_Black (id=083DCBF7AB4264C14788C19BFA093B45 pos=<5603.564453, 28.800606, 5348.185547>)
08:17:07.015 [VehicleCarKey] Player "og" (id=Cc0wZ2VHa5_wA30qgzbiev1UMzKqgpWqAgS0wYga8Rk= pos=<5606.321777, 28.805040, 5349.650391>) used the  ExpansionCarKey to lock CivilianSedan_Black (id=083DCBF7AB4264C14788C19BFA093B45 pos=<5603.564453, 28.800606, 5348.185547>)
08:17:35.738 [Market] Player "og" (id=Cc0wZ2VHa5_wA30qgzbiev1UMzKqgpWqAgS0wYga8Rk=) has send a requested to purchase camonet x1 from the trader "BuildingSupplies (Indar [Building Trader])" in market zone "The Holler" (pos=<5632.000000, 32.000000, 5392.000000>).
08:17:35.917 [Market] Player "og" (id=Cc0wZ2VHa5_wA30qgzbiev1UMzKqgpWqAgS0wYga8Rk=) has bought camonet x1 from the trader "BuildingSupplies (Indar [Building Trader])" in market zone "The Holler" (pos=<5632.000000, 32.000000, 5392.000000>) for a price of 600.
08:18:06.705 [Market] Player "PlayfullPanda" (id=qf-pDnVm3swGq-HUq4k1dK2oOcVUdFc_GgQqcLZFmDM=) has send a requested to sell smallgascanister x1 at the trader "BuildingSupplies (Indar [Building Trader])" in market zone "The Holler" (pos=<5632.000000, 32.000000, 5392.000000>).
08:18:06.865 [Market] Player "PlayfullPanda" (id=qf-pDnVm3swGq-HUq4k1dK2oOcVUdFc_GgQqcLZFmDM=) has sold smallgascanister x1 at the trader "BuildingSupplies (Indar [Building Trader])" in market zone "The Holler" (pos=<5632.000000, 32.000000, 5392.000000>) and got 60.
08:18:13.156 [Market] Player "PlayfullPanda" (id=qf-pDnVm3swGq-HUq4k1dK2oOcVUdFc_GgQqcLZFmDM=) has send a requested to sell flashlight x1 at the trader "BuildingSupplies (Indar [Building Trader])" in market zone "The Holler" (pos=<5632.000000, 32.000000, 5392.000000>).
08:18:13.320 [Market] Player "PlayfullPanda" (id=qf-pDnVm3swGq-HUq4k1dK2oOcVUdFc_GgQqcLZFmDM=) has sold flashlight x1 at the trader "BuildingSupplies (Indar [Building Trader])" in market zone "The Holler" (pos=<5632.000000, 32.000000, 5392.000000>) and got 11.
08:18:14.324 [VehicleCarKey] Player "og" (id=Cc0wZ2VHa5_wA30qgzbiev1UMzKqgpWqAgS0wYga8Rk= pos=<5606.479004, 28.815779, 5349.353516>) used the  ExpansionCarKey to unlock CivilianSedan_Black (id=083DCBF7AB4264C14788C19BFA093B45 pos=<5603.564453, 28.800606, 5348.185547>)
08:18:16.207 [Market] Player "PlayfullPanda" (id=qf-pDnVm3swGq-HUq4k1dK2oOcVUdFc_GgQqcLZFmDM=) has send a requested to sell flashlight x1 at the trader "BuildingSupplies (Indar [Building Trader])" in market zone "The Holler" (pos=<5632.000000, 32.000000, 5392.000000>).
08:18:16.365 [Market] Player "PlayfullPanda" (id=qf-pDnVm3swGq-HUq4k1dK2oOcVUdFc_GgQqcLZFmDM=) has sold flashlight x1 at the trader "BuildingSupplies (Indar [Building Trader])" in market zone "The Holler" (pos=<5632.000000, 32.000000, 5392.000000>) and got 11.
08:18:21.511 [VehicleCarKey] Player "og" (id=Cc0wZ2VHa5_wA30qgzbiev1UMzKqgpWqAgS0wYga8Rk= pos=<5606.479004, 28.815779, 5349.353516>) used the  ExpansionCarKey to lock CivilianSedan_Black (id=083DCBF7AB4264C14788C19BFA093B45 pos=<5603.564453, 28.800606, 5348.185547>)
08:18:42.861 [VehicleCarKey] Player "og" (id=Cc0wZ2VHa5_wA30qgzbiev1UMzKqgpWqAgS0wYga8Rk= pos=<5604.362305, 28.874796, 5346.719727>) used the  ExpansionCarKey to unlock CivilianSedan_Black (id=083DCBF7AB4264C14788C19BFA093B45 pos=<5603.564453, 28.800606, 5348.185547>)
08:18:53.531 [VehicleCarKey] Player "og" (id=Cc0wZ2VHa5_wA30qgzbiev1UMzKqgpWqAgS0wYga8Rk= pos=<5603.156738, 28.845921, 5346.711426>) used the  ExpansionCarKey to lock CivilianSedan_Black (id=083DCBF7AB4264C14788C19BFA093B45 pos=<5603.564453, 28.800606, 5348.185547>)
08:19:27.451 [ATM] Player "og" (id=Cc0wZ2VHa5_wA30qgzbiev1UMzKqgpWqAgS0wYga8Rk=) has deposited 12524 on his ATM account.
08:19:29.716 [Market] Player "PlayfullPanda" (id=qf-pDnVm3swGq-HUq4k1dK2oOcVUdFc_GgQqcLZFmDM=) has send a requested to sell expansioncamoboxkit x1 at the trader "BuildingSupplies (Indar [Building Trader])" in market zone "The Holler" (pos=<5632.000000, 32.000000, 5392.000000>).
08:19:29.869 [Market] Player "PlayfullPanda" (id=qf-pDnVm3swGq-HUq4k1dK2oOcVUdFc_GgQqcLZFmDM=) has sold expansioncamoboxkit x1 at the trader "BuildingSupplies (Indar [Building Trader])" in market zone "The Holler" (pos=<5632.000000, 32.000000, 5392.000000>) and got 1953.
08:19:49.515 [ATM] Player "PlayfullPanda" (id=qf-pDnVm3swGq-HUq4k1dK2oOcVUdFc_GgQqcLZFmDM=) has deposited 2035 on his ATM account.
08:20:22.431 [Party] Player "og" (id=Cc0wZ2VHa5_wA30qgzbiev1UMzKqgpWqAgS0wYga8Rk=) left the party "wolf pack" (id=8 ownerUID=Cc0wZ2VHa5_wA30qgzbiev1UMzKqgpWqAgS0wYga8Rk= ownerName=og)
08:21:05.125 [Safezone] Player "og" (id=Cc0wZ2VHa5_wA30qgzbiev1UMzKqgpWqAgS0wYga8Rk= pos=<5634.468262, 32.023247, 5399.337891>) Entered the safezone
08:21:05.125 [Party] Player "og" (id=Cc0wZ2VHa5_wA30qgzbiev1UMzKqgpWqAgS0wYga8Rk=) joinded the party "wolf pack" (id=8 ownerUID=Cc0wZ2VHa5_wA30qgzbiev1UMzKqgpWqAgS0wYga8Rk= ownerName=og)
08:24:34.416 [Market] Player "PlayfullPanda" (id=qf-pDnVm3swGq-HUq4k1dK2oOcVUdFc_GgQqcLZFmDM=) has send a requested to sell armypouch_beige x1 at the trader "Clothing_Accessories (Elias [#STR_EXPANSION_MARKET_TRADER_CLOTHING_ACCESSORIES])" in market zone "The Holler" (pos=<5632.000000, 32.000000, 5392.000000>).
08:24:34.570 [Market] Player "PlayfullPanda" (id=qf-pDnVm3swGq-HUq4k1dK2oOcVUdFc_GgQqcLZFmDM=) has sold armypouch_beige x1 at the trader "Clothing_Accessories (Elias [#STR_EXPANSION_MARKET_TRADER_CLOTHING_ACCESSORIES])" in market zone "The Holler" (pos=<5632.000000, 32.000000, 5392.000000>) and got 67.
08:24:47.804 [ATM] Player "PlayfullPanda" (id=qf-pDnVm3swGq-HUq4k1dK2oOcVUdFc_GgQqcLZFmDM=) has deposited 67 on his ATM account.
08:25:13.482 [ATM] Player "og" (id=Cc0wZ2VHa5_wA30qgzbiev1UMzKqgpWqAgS0wYga8Rk=) has withdrawn 12524 from his ATM account.
08:25:26.667 [Market] Player "og" (id=Cc0wZ2VHa5_wA30qgzbiev1UMzKqgpWqAgS0wYga8Rk=) has send a requested to purchase leathersewingkit x1 from the trader "BuildingSupplies (Indar [Building Trader])" in market zone "The Holler" (pos=<5632.000000, 32.000000, 5392.000000>).
08:25:26.875 [Market] Player "og" (id=Cc0wZ2VHa5_wA30qgzbiev1UMzKqgpWqAgS0wYga8Rk=) has bought leathersewingkit x1 from the trader "BuildingSupplies (Indar [Building Trader])" in market zone "The Holler" (pos=<5632.000000, 32.000000, 5392.000000>) for a price of 5.
08:25:43.671 [ATM] Player "og" (id=Cc0wZ2VHa5_wA30qgzbiev1UMzKqgpWqAgS0wYga8Rk=) has deposited 12519 on his ATM account.
08:28:37.931 [Party] Player "PlayfullPanda" (id=qf-pDnVm3swGq-HUq4k1dK2oOcVUdFc_GgQqcLZFmDM=) left the party "STAG" (id=7 ownerUID=Pk9FmI0iGIJV90L0o-uI7ivHc45DZnNcAVX3v1GVD5Y= ownerName=GalaxyPanda)
08:29:21.712 [Safezone] Player "PlayfullPanda" (id=qf-pDnVm3swGq-HUq4k1dK2oOcVUdFc_GgQqcLZFmDM= pos=<5640.806641, 28.551239, 5354.896973>) Entered the safezone
08:29:21.714 [Party] Player "PlayfullPanda" (id=qf-pDnVm3swGq-HUq4k1dK2oOcVUdFc_GgQqcLZFmDM=) joinded the party "STAG" (id=7 ownerUID=Pk9FmI0iGIJV90L0o-uI7ivHc45DZnNcAVX3v1GVD5Y= ownerName=GalaxyPanda)
08:29:37.617 [ATM] Player "og" (id=Cc0wZ2VHa5_wA30qgzbiev1UMzKqgpWqAgS0wYga8Rk=) has withdrawn 12519 from his ATM account.
08:29:57.091 [Market] Player "og" (id=Cc0wZ2VHa5_wA30qgzbiev1UMzKqgpWqAgS0wYga8Rk=) has send a requested to purchase salinebag x1 from the trader "Medicals (Linda [#STR_EXPANSION_MARKET_TRADER_MEDICALS])" in market zone "The Holler" (pos=<5632.000000, 32.000000, 5392.000000>).
08:29:57.283 [Market] Player "og" (id=Cc0wZ2VHa5_wA30qgzbiev1UMzKqgpWqAgS0wYga8Rk=) has bought salinebag x1 from the trader "Medicals (Linda [#STR_EXPANSION_MARKET_TRADER_MEDICALS])" in market zone "The Holler" (pos=<5632.000000, 32.000000, 5392.000000>) for a price of 15.
08:30:18.707 [Market] Player "PlayfullPanda" (id=qf-pDnVm3swGq-HUq4k1dK2oOcVUdFc_GgQqcLZFmDM=) has send a requested to sell mediumgascanister x1 at the trader "BuildingSupplies (Indar [Building Trader])" in market zone "The Holler" (pos=<5632.000000, 32.000000, 5392.000000>).
08:30:18.894 [Market] Player "PlayfullPanda" (id=qf-pDnVm3swGq-HUq4k1dK2oOcVUdFc_GgQqcLZFmDM=) has sold mediumgascanister x1 at the trader "BuildingSupplies (Indar [Building Trader])" in market zone "The Holler" (pos=<5632.000000, 32.000000, 5392.000000>) and got 18.
08:30:25.273 [Market] Player "og" (id=Cc0wZ2VHa5_wA30qgzbiev1UMzKqgpWqAgS0wYga8Rk=) has send a requested to purchase startkitiv x1 from the trader "Medicals (Linda [#STR_EXPANSION_MARKET_TRADER_MEDICALS])" in market zone "The Holler" (pos=<5632.000000, 32.000000, 5392.000000>).
08:30:25.460 [Market] Player "og" (id=Cc0wZ2VHa5_wA30qgzbiev1UMzKqgpWqAgS0wYga8Rk=) has bought startkitiv x1 from the trader "Medicals (Linda [#STR_EXPANSION_MARKET_TRADER_MEDICALS])" in market zone "The Holler" (pos=<5632.000000, 32.000000, 5392.000000>) for a price of 10.
08:31:31.804 [ATM] Player "PlayfullPanda" (id=qf-pDnVm3swGq-HUq4k1dK2oOcVUdFc_GgQqcLZFmDM=) has deposited 18 on his ATM account.
08:31:44.400 [ATM] Player "og" (id=Cc0wZ2VHa5_wA30qgzbiev1UMzKqgpWqAgS0wYga8Rk=) has deposited 12494 on his ATM account.
08:33:42.367 [Party] Player "PlayfullPanda" (id=qf-pDnVm3swGq-HUq4k1dK2oOcVUdFc_GgQqcLZFmDM=) left the party "STAG" (id=7 ownerUID=Pk9FmI0iGIJV90L0o-uI7ivHc45DZnNcAVX3v1GVD5Y= ownerName=GalaxyPanda)
08:36:12.050 [Safezone] Player "og" (id=Cc0wZ2VHa5_wA30qgzbiev1UMzKqgpWqAgS0wYga8Rk= pos=<5715.597656, 28.806845, 5234.921875>) Left the safezone
08:36:17.386 [Safezone] Player "PlayfullPanda" (id=qf-pDnVm3swGq-HUq4k1dK2oOcVUdFc_GgQqcLZFmDM= pos=<5639.925781, 32.023247, 5399.212402>) Entered the safezone
08:36:17.390 [Party] Player "PlayfullPanda" (id=qf-pDnVm3swGq-HUq4k1dK2oOcVUdFc_GgQqcLZFmDM=) joinded the party "STAG" (id=7 ownerUID=Pk9FmI0iGIJV90L0o-uI7ivHc45DZnNcAVX3v1GVD5Y= ownerName=GalaxyPanda)
08:36:31.488 [Safezone] Player "og" (id=Cc0wZ2VHa5_wA30qgzbiev1UMzKqgpWqAgS0wYga8Rk= pos=<5667.506348, 32.482395, 5260.703125>) Entered the safezone
08:37:16.154 [VehicleCarKey] Player "og" (id=Cc0wZ2VHa5_wA30qgzbiev1UMzKqgpWqAgS0wYga8Rk= pos=<5606.316406, 28.803295, 5349.833496>) used the  ExpansionCarKey to unlock CivilianSedan_Black (id=083DCBF7AB4264C14788C19BFA093B45 pos=<5603.564453, 28.800606, 5348.185547>)
08:37:42.093 [VehicleCarKey] Player "og" (id=Cc0wZ2VHa5_wA30qgzbiev1UMzKqgpWqAgS0wYga8Rk= pos=<5606.418945, 28.867949, 5347.401855>) used the  ExpansionCarKey to lock CivilianSedan_Black (id=083DCBF7AB4264C14788C19BFA093B45 pos=<5603.564453, 28.800606, 5348.185547>)
08:38:33.121 [Safezone] Player "og" (id=Cc0wZ2VHa5_wA30qgzbiev1UMzKqgpWqAgS0wYga8Rk= pos=<5709.486328, 28.881794, 5231.581055>) Left the safezone
08:38:34.156 [Safezone] Player "PlayfullPanda" (id=qf-pDnVm3swGq-HUq4k1dK2oOcVUdFc_GgQqcLZFmDM= pos=<5705.800293, 29.485979, 5233.805176>) Left the safezone
08:40:38.869 [Safezone] Player "Lou Sassole" (id=ebo0O4yOjYkK486s9SoqLuFc3tRe1vP1S2eE1IJxhV4= pos=<5633.495117, 33.679386, 5393.406250>) Entered the safezone
08:41:37.201 [VehicleCarKey] Player "Lou Sassole" (id=ebo0O4yOjYkK486s9SoqLuFc3tRe1vP1S2eE1IJxhV4= pos=<5632.886230, 28.722498, 5381.328613>) used the  ExpansionCarKey to unlock SUV_white (id=34512EBB6044EBDAF3BCE5860C89B268 pos=<5631.490234, 28.713493, 5382.607422>)
08:41:42.265 [VehicleEnter] Player Lou Sassole [uid=ebo0O4yOjYkK486s9SoqLuFc3tRe1vP1S2eE1IJxhV4=] entered vehicle SUV White  (id=34512EBB6044EBDAF3BCE5860C89B268 pos=<5631.490234, 28.713480, 5382.606934>) as driver
08:41:45.910 [VehicleEngine] Player Lou Sassole [uid=ebo0O4yOjYkK486s9SoqLuFc3tRe1vP1S2eE1IJxhV4=] started vehicle SUV White  (id=34512EBB6044EBDAF3BCE5860C89B268 pos=<5631.488770, 28.713467, 5382.608398>)
08:42:34.044 [Safezone] Player "Lou Sassole" (id=ebo0O4yOjYkK486s9SoqLuFc3tRe1vP1S2eE1IJxhV4= pos=<5598.977051, 19.425560, 5667.721680>) Left the safezone
08:46:33.835 [VehicleEngine] Player Lou Sassole [uid=ebo0O4yOjYkK486s9SoqLuFc3tRe1vP1S2eE1IJxhV4=] stopped vehicle SUV White  (id=34512EBB6044EBDAF3BCE5860C89B268 pos=<6948.662598, 38.658585, 5944.183105>)
08:46:45.605 [VehicleLeave] Player Lou Sassole [uid=ebo0O4yOjYkK486s9SoqLuFc3tRe1vP1S2eE1IJxhV4=] left vehicle SUV White  (id=34512EBB6044EBDAF3BCE5860C89B268 pos=<6948.665039, 38.658638, 5944.184570>)
08:46:51.353 [VehicleEnter] Player PlayfullPanda [uid=qf-pDnVm3swGq-HUq4k1dK2oOcVUdFc_GgQqcLZFmDM=] entered vehicle SUV White  (id=34512EBB6044EBDAF3BCE5860C89B268 pos=<6948.662598, 38.658585, 5944.183105>) as passenger
08:46:53.800 [VehicleEnter] Player Lou Sassole [uid=ebo0O4yOjYkK486s9SoqLuFc3tRe1vP1S2eE1IJxhV4=] entered vehicle SUV White  (id=34512EBB6044EBDAF3BCE5860C89B268 pos=<6948.660156, 38.658573, 5944.183594>) as driver
08:47:04.166 [VehicleEnter] Player og [uid=Cc0wZ2VHa5_wA30qgzbiev1UMzKqgpWqAgS0wYga8Rk=] entered vehicle SUV White  (id=34512EBB6044EBDAF3BCE5860C89B268 pos=<6948.661621, 38.658607, 5944.184082>) as passenger
08:47:04.753 [VehicleEngine] Player Lou Sassole [uid=ebo0O4yOjYkK486s9SoqLuFc3tRe1vP1S2eE1IJxhV4=] started vehicle SUV White  (id=34512EBB6044EBDAF3BCE5860C89B268 pos=<6948.660156, 38.658573, 5944.183594>)
08:48:55.527 [VehicleLeave] Player PlayfullPanda [uid=qf-pDnVm3swGq-HUq4k1dK2oOcVUdFc_GgQqcLZFmDM=] left vehicle SUV White  (id=34512EBB6044EBDAF3BCE5860C89B268 pos=<6551.458984, 15.100183, 6244.438965>)
08:48:57.099 [VehicleLeave] Player og [uid=Cc0wZ2VHa5_wA30qgzbiev1UMzKqgpWqAgS0wYga8Rk=] left vehicle SUV White  (id=34512EBB6044EBDAF3BCE5860C89B268 pos=<6551.461426, 15.100167, 6244.438965>)
08:49:34.789 [VehicleEngine] Player Lou Sassole [uid=ebo0O4yOjYkK486s9SoqLuFc3tRe1vP1S2eE1IJxhV4=] stopped vehicle SUV White  (id=34512EBB6044EBDAF3BCE5860C89B268 pos=<6559.991699, 15.093482, 6253.204590>)
08:49:42.042 [VehicleLeave] Player Lou Sassole [uid=ebo0O4yOjYkK486s9SoqLuFc3tRe1vP1S2eE1IJxhV4=] left vehicle SUV White  (id=34512EBB6044EBDAF3BCE5860C89B268 pos=<6559.991211, 15.093484, 6253.204590>)
08:50:18.654 [VehicleEnter] Player Lou Sassole [uid=ebo0O4yOjYkK486s9SoqLuFc3tRe1vP1S2eE1IJxhV4=] entered vehicle SUV White  (id=34512EBB6044EBDAF3BCE5860C89B268 pos=<6559.987793, 15.093486, 6253.204590>) as driver
08:50:25.951 [VehicleEngine] Player Lou Sassole [uid=ebo0O4yOjYkK486s9SoqLuFc3tRe1vP1S2eE1IJxhV4=] started vehicle SUV White  (id=34512EBB6044EBDAF3BCE5860C89B268 pos=<6559.987793, 15.093485, 6253.204590>)
08:55:24.125 [VehicleEngine] Player Lou Sassole [uid=ebo0O4yOjYkK486s9SoqLuFc3tRe1vP1S2eE1IJxhV4=] stopped vehicle SUV White  (id=34512EBB6044EBDAF3BCE5860C89B268 pos=<6808.996094, 96.732063, 3491.123047>)
08:55:30.906 [VehicleLeave] Player Lou Sassole [uid=ebo0O4yOjYkK486s9SoqLuFc3tRe1vP1S2eE1IJxhV4=] left vehicle SUV White  (id=34512EBB6044EBDAF3BCE5860C89B268 pos=<6808.986816, 96.748856, 3491.131592>)
08:56:32.808 [VehicleEnter] Player Lou Sassole [uid=ebo0O4yOjYkK486s9SoqLuFc3tRe1vP1S2eE1IJxhV4=] entered vehicle SUV White  (id=34512EBB6044EBDAF3BCE5860C89B268 pos=<6808.986816, 96.749153, 3491.136963>) as driver
08:56:36.738 [VehicleEngine] Player Lou Sassole [uid=ebo0O4yOjYkK486s9SoqLuFc3tRe1vP1S2eE1IJxhV4=] started vehicle SUV White  (id=34512EBB6044EBDAF3BCE5860C89B268 pos=<6808.985840, 96.750954, 3491.149170>)
08:58:45.292 [VehicleEngine] Player Lou Sassole [uid=ebo0O4yOjYkK486s9SoqLuFc3tRe1vP1S2eE1IJxhV4=] stopped vehicle SUV White  (id=34512EBB6044EBDAF3BCE5860C89B268 pos=<6673.381348, 149.143051, 3422.298828>)
08:58:50.876 [VehicleLeave] Player Lou Sassole [uid=ebo0O4yOjYkK486s9SoqLuFc3tRe1vP1S2eE1IJxhV4=] left vehicle SUV White  (id=34512EBB6044EBDAF3BCE5860C89B268 pos=<6673.381836, 149.153336, 3422.326172>)
08:58:54.273 [VehicleCarKey] Player "Lou Sassole" (id=ebo0O4yOjYkK486s9SoqLuFc3tRe1vP1S2eE1IJxhV4= pos=<6673.708984, 149.919754, 3424.487061>) used the  ExpansionCarKey to lock SUV_white (id=34512EBB6044EBDAF3BCE5860C89B268 pos=<6673.381348, 149.153564, 3422.326660>)
09:01:52.703 [Safezone] Player "og" (id=Cc0wZ2VHa5_wA30qgzbiev1UMzKqgpWqAgS0wYga8Rk= pos=<5754.710938, 50.258644, 5325.559082>) Entered the safezone
09:02:02.136 [Safezone] Player "PlayfullPanda" (id=qf-pDnVm3swGq-HUq4k1dK2oOcVUdFc_GgQqcLZFmDM= pos=<5750.130859, 49.268806, 5329.718750>) Entered the safezone
09:02:36.136 [ATM] Player "PlayfullPanda" (id=qf-pDnVm3swGq-HUq4k1dK2oOcVUdFc_GgQqcLZFmDM=) has withdrawn 35270 from his ATM account.
09:04:41.445 [Market] Player "PlayfullPanda" (id=qf-pDnVm3swGq-HUq4k1dK2oOcVUdFc_GgQqcLZFmDM=) has send a requested to purchase expansionsatchel x6 from the trader "Weapons (Oliver [#STR_EXPANSION_MARKET_TRADER_WEAPONS])" in market zone "The Holler" (pos=<5632.000000, 32.000000, 5392.000000>).
09:04:41.595 [Market] Player "PlayfullPanda" (id=qf-pDnVm3swGq-HUq4k1dK2oOcVUdFc_GgQqcLZFmDM=) has bought expansionsatchel x6 from the trader "Weapons (Oliver [#STR_EXPANSION_MARKET_TRADER_WEAPONS])" in market zone "The Holler" (pos=<5632.000000, 32.000000, 5392.000000>) for a price of 3000.
09:04:51.160 [Market] Player "PlayfullPanda" (id=qf-pDnVm3swGq-HUq4k1dK2oOcVUdFc_GgQqcLZFmDM=) has send a requested to purchase remotedetonator x1 from the trader "Weapons (Oliver [#STR_EXPANSION_MARKET_TRADER_WEAPONS])" in market zone "The Holler" (pos=<5632.000000, 32.000000, 5392.000000>).
09:04:51.312 [Market] Player "PlayfullPanda" (id=qf-pDnVm3swGq-HUq4k1dK2oOcVUdFc_GgQqcLZFmDM=) has bought remotedetonator x1 from the trader "Weapons (Oliver [#STR_EXPANSION_MARKET_TRADER_WEAPONS])" in market zone "The Holler" (pos=<5632.000000, 32.000000, 5392.000000>) for a price of 300.
09:05:23.945 [Market] Player "PlayfullPanda" (id=qf-pDnVm3swGq-HUq4k1dK2oOcVUdFc_GgQqcLZFmDM=) has send a requested to purchase m67grenade x5 from the trader "Weapons (Oliver [#STR_EXPANSION_MARKET_TRADER_WEAPONS])" in market zone "The Holler" (pos=<5632.000000, 32.000000, 5392.000000>).
09:05:24.148 [Market] Player "PlayfullPanda" (id=qf-pDnVm3swGq-HUq4k1dK2oOcVUdFc_GgQqcLZFmDM=) has bought m67grenade x5 from the trader "Weapons (Oliver [#STR_EXPANSION_MARKET_TRADER_WEAPONS])" in market zone "The Holler" (pos=<5632.000000, 32.000000, 5392.000000>) for a price of 1500.
09:06:03.783 [ATM] Player "PlayfullPanda" (id=qf-pDnVm3swGq-HUq4k1dK2oOcVUdFc_GgQqcLZFmDM=) has deposited 30470 on his ATM account.
09:07:39.265 [Safezone] Player "og" (id=Cc0wZ2VHa5_wA30qgzbiev1UMzKqgpWqAgS0wYga8Rk= pos=<5722.402344, 27.303520, 5227.347168>) Left the safezone
09:07:41.335 [Safezone] Player "PlayfullPanda" (id=qf-pDnVm3swGq-HUq4k1dK2oOcVUdFc_GgQqcLZFmDM= pos=<5714.125488, 28.037384, 5223.854492>) Left the safezone
09:08:08.800 [AI Patrol] Spawning 3 Shamans bots at <5874.034180, 65.037506, 3083.950195>
09:14:26.488 [BaseBuildingRaiding] Player "PlayfullPanda" (id=qf-pDnVm3swGq-HUq4k1dK2oOcVUdFc_GgQqcLZFmDM= pos=<6502.161133, 15.227896, 6474.558105>) deployed ExpansionSatchel at <6501.653320, 15.885383, 6474.903320>
09:14:56.593 [ExplosionDamageSystem] About to explode ExpansionC4_Ammo from Expansion_C4_Explosion<3e320860> at <6501.54, 16.74, 6473.7> EXPLOSION range 5 dropoff 2.5
09:14:56.593 [ExplosionDamageSystem] Queued Expansion_C4_Explosion<3e320860> ExpansionC4_Ammo for ExpansionWallBase<3663f910> - count: 1
09:14:56.593 [BaseBuildingRaiding] BaseRaiding: ExpansionWallBase<3663f910> at <6501.417480, 15.473269, 6473.664551> has been hit by whitelisted explosive Expansion_C4_Explosion<3e320860>
09:14:56.593 [ExplosionDamageSystem] Dequeued Expansion_C4_Explosion<3e320860> ExpansionC4_Ammo for ExpansionWallBase<3663f910> - count: 0
09:14:56.593 [ExplosionDamageSystem] Overriding Expansion_C4_Explosion<3e320860> damage dealt to ExpansionWallBase<3663f910> at <6501.417480, 15.473269, 6473.664551> 290.651 -> 600
09:14:56.593 [BaseBuildingRaiding] ------------------------- Expansion Base Raiding Damage Report -------------------------
09:14:56.597 [BaseBuildingRaiding] A player damaged ExpansionWall6x3 at <6501.42, 15.47, 6473.66>
09:14:56.597 [BaseBuildingRaiding] They dealt 600 * 50 = 30000 damage with ExpansionC4_Ammo from Expansion_C4_Explosion
09:14:56.597 [BaseBuildingRaiding] GlobalHealth hitpoints decreased from 27500 to 0
09:14:56.597 [BaseBuildingRaiding] ----------------------------------------------------------------------------------------
09:15:05.531 [ExplosionDamageSystem] About to explode FlashGrenade_Ammo from FlashGrenade<3fd858d0> at <6501.14, 15.52, 6473.36> EXPLOSION range 20 dropoff 5
09:19:00.046 [VehicleEnter] Player og [uid=Cc0wZ2VHa5_wA30qgzbiev1UMzKqgpWqAgS0wYga8Rk=] entered vehicle Gunter 2 (id=C6411C43AD44F8096CBA29B2E60F8617 pos=<6496.924316, 15.560725, 6464.475098>) as passenger
09:19:03.218 [VehicleLeave] Player og [uid=Cc0wZ2VHa5_wA30qgzbiev1UMzKqgpWqAgS0wYga8Rk=] left vehicle Gunter 2 (id=C6411C43AD44F8096CBA29B2E60F8617 pos=<6496.924316, 15.560725, 6464.475098>)
09:19:18.585 [VehicleEnter] Player og [uid=Cc0wZ2VHa5_wA30qgzbiev1UMzKqgpWqAgS0wYga8Rk=] entered vehicle Gunter 2 (id=C6411C43AD44F8096CBA29B2E60F8617 pos=<6496.924316, 15.560756, 6464.474609>) as driver
09:19:20.937 [VehicleEnter] Player og [uid=Cc0wZ2VHa5_wA30qgzbiev1UMzKqgpWqAgS0wYga8Rk=] switched seats in vehicle Gunter 2 (id=C6411C43AD44F8096CBA29B2E60F8617 pos=<6496.924316, 15.560738, 6464.473633>) to passenger
09:19:36.078 [VehicleEnter] Player og [uid=Cc0wZ2VHa5_wA30qgzbiev1UMzKqgpWqAgS0wYga8Rk=] switched seats in vehicle Gunter 2 (id=C6411C43AD44F8096CBA29B2E60F8617 pos=<6496.924316, 15.560730, 6464.472656>) to driver
09:20:09.695 [VehicleLeave] Player og [uid=Cc0wZ2VHa5_wA30qgzbiev1UMzKqgpWqAgS0wYga8Rk=] left vehicle Gunter 2 (id=C6411C43AD44F8096CBA29B2E60F8617 pos=<6496.924316, 15.560754, 6464.467285>)
09:20:31.550 [VehicleEnter] Player og [uid=Cc0wZ2VHa5_wA30qgzbiev1UMzKqgpWqAgS0wYga8Rk=] entered vehicle Gunter 2 (id=C6411C43AD44F8096CBA29B2E60F8617 pos=<6496.923828, 15.560751, 6464.466797>) as driver
09:20:51.328 [VehicleEnter] Player PlayfullPanda [uid=qf-pDnVm3swGq-HUq4k1dK2oOcVUdFc_GgQqcLZFmDM=] entered vehicle Gunter 2 (id=C6411C43AD44F8096CBA29B2E60F8617 pos=<6496.924316, 15.560753, 6464.466797>) as passenger
09:21:09.882 [VehicleEngine] Player og [uid=Cc0wZ2VHa5_wA30qgzbiev1UMzKqgpWqAgS0wYga8Rk=] started vehicle Gunter 2 (id=C6411C43AD44F8096CBA29B2E60F8617 pos=<6496.924316, 15.560775, 6464.460938>)
09:25:39.429 [Safezone] Player "PlayfullPanda" (id=qf-pDnVm3swGq-HUq4k1dK2oOcVUdFc_GgQqcLZFmDM= pos=<5665.555664, 33.006496, 5265.593750>) Entered the safezone
09:25:39.429 [Safezone] Player "og" (id=Cc0wZ2VHa5_wA30qgzbiev1UMzKqgpWqAgS0wYga8Rk= pos=<5665.303711, 33.056484, 5264.972656>) Entered the safezone
09:25:54.660 [VehicleEngine] Player og [uid=Cc0wZ2VHa5_wA30qgzbiev1UMzKqgpWqAgS0wYga8Rk=] stopped vehicle Gunter 2 (id=C6411C43AD44F8096CBA29B2E60F8617 pos=<5599.773926, 28.753166, 5361.220215>)
09:25:58.226 [VehicleLeave] Player PlayfullPanda [uid=qf-pDnVm3swGq-HUq4k1dK2oOcVUdFc_GgQqcLZFmDM=] left vehicle Gunter 2 (id=C6411C43AD44F8096CBA29B2E60F8617 pos=<5599.773926, 28.753603, 5361.220215>)
09:26:01.429 [VehicleLeave] Player og [uid=Cc0wZ2VHa5_wA30qgzbiev1UMzKqgpWqAgS0wYga8Rk=] left vehicle Gunter 2 (id=C6411C43AD44F8096CBA29B2E60F8617 pos=<5599.774902, 28.753506, 5361.220215>)
09:26:49.351 [Market] Player "PlayfullPanda" (id=qf-pDnVm3swGq-HUq4k1dK2oOcVUdFc_GgQqcLZFmDM=) has send a requested to sell hatchback_02 x1 at the trader "Vehicles (Lewis [Vehicle Trader])" in market zone "The Holler" (pos=<5632.000000, 32.000000, 5392.000000>).
09:26:49.500 [VehicleDeleted] Hatchback_02_BanditKitty (id=C6411C43AD44F8096CBA29B2E60F8617 pos=<5599.774902, 28.753479, 5361.220215>)
09:26:49.500 [Market] Player "PlayfullPanda" (id=qf-pDnVm3swGq-HUq4k1dK2oOcVUdFc_GgQqcLZFmDM=) has sold hatchback_02 x1 at the trader "Vehicles (Lewis [Vehicle Trader])" in market zone "The Holler" (pos=<5632.000000, 32.000000, 5392.000000>) and got 7047.
09:27:46.179 [ATM] Player "PlayfullPanda" (id=qf-pDnVm3swGq-HUq4k1dK2oOcVUdFc_GgQqcLZFmDM=) has deposited 7047 on his ATM account.
09:28:56.585 [ATM] Player PlayfullPanda (id=qf-pDnVm3swGq-HUq4k1dK2oOcVUdFc_GgQqcLZFmDM=) has transfered 3550 to the player og (id=Cc0wZ2VHa5_wA30qgzbiev1UMzKqgpWqAgS0wYga8Rk=).
09:32:22.656 [Market] Player "PlayfullPanda" (id=qf-pDnVm3swGq-HUq4k1dK2oOcVUdFc_GgQqcLZFmDM=) has send a requested to sell twp_sst30halloween x1 at the trader "Weapons (Oliver [#STR_EXPANSION_MARKET_TRADER_WEAPONS])" in market zone "The Holler" (pos=<5632.000000, 32.000000, 5392.000000>).
09:32:22.835 [Market] Player "PlayfullPanda" (id=qf-pDnVm3swGq-HUq4k1dK2oOcVUdFc_GgQqcLZFmDM=) has sold twp_sst30halloween x1 at the trader "Weapons (Oliver [#STR_EXPANSION_MARKET_TRADER_WEAPONS])" in market zone "The Holler" (pos=<5632.000000, 32.000000, 5392.000000>) and got 2850.
09:34:28.441 [Market] Player "PlayfullPanda" (id=qf-pDnVm3swGq-HUq4k1dK2oOcVUdFc_GgQqcLZFmDM=) has send a requested to sell nvgoggles x1 at the trader "Special (Eva [Specialty Trader])" in market zone "The Holler" (pos=<5632.000000, 32.000000, 5392.000000>).
09:34:28.617 [Market] Player "PlayfullPanda" (id=qf-pDnVm3swGq-HUq4k1dK2oOcVUdFc_GgQqcLZFmDM=) has sold nvgoggles x1 at the trader "Special (Eva [Specialty Trader])" in market zone "The Holler" (pos=<5632.000000, 32.000000, 5392.000000>) and got 1950.
09:37:27.265 [Market] Player "PlayfullPanda" (id=qf-pDnVm3swGq-HUq4k1dK2oOcVUdFc_GgQqcLZFmDM=) has send a requested to sell sparkplug x1 at the trader "Vehicles (Lewis [Vehicle Trader])" in market zone "The Holler" (pos=<5632.000000, 32.000000, 5392.000000>).
09:37:27.441 [Market] Player "PlayfullPanda" (id=qf-pDnVm3swGq-HUq4k1dK2oOcVUdFc_GgQqcLZFmDM=) has sold sparkplug x1 at the trader "Vehicles (Lewis [Vehicle Trader])" in market zone "The Holler" (pos=<5632.000000, 32.000000, 5392.000000>) and got 45.
09:37:29.593 [Market] Player "PlayfullPanda" (id=qf-pDnVm3swGq-HUq4k1dK2oOcVUdFc_GgQqcLZFmDM=) has send a requested to sell headlighth7 x1 at the trader "Vehicles (Lewis [Vehicle Trader])" in market zone "The Holler" (pos=<5632.000000, 32.000000, 5392.000000>).
09:37:29.742 [Market] Player "PlayfullPanda" (id=qf-pDnVm3swGq-HUq4k1dK2oOcVUdFc_GgQqcLZFmDM=) has sold headlighth7 x1 at the trader "Vehicles (Lewis [Vehicle Trader])" in market zone "The Holler" (pos=<5632.000000, 32.000000, 5392.000000>) and got 22.
09:37:31.945 [Market] Player "PlayfullPanda" (id=qf-pDnVm3swGq-HUq4k1dK2oOcVUdFc_GgQqcLZFmDM=) has send a requested to sell headlighth7 x1 at the trader "Vehicles (Lewis [Vehicle Trader])" in market zone "The Holler" (pos=<5632.000000, 32.000000, 5392.000000>).
09:37:32.097 [Market] Player "PlayfullPanda" (id=qf-pDnVm3swGq-HUq4k1dK2oOcVUdFc_GgQqcLZFmDM=) has sold headlighth7 x1 at the trader "Vehicles (Lewis [Vehicle Trader])" in market zone "The Holler" (pos=<5632.000000, 32.000000, 5392.000000>) and got 22.
09:37:52.085 [Market] Player "PlayfullPanda" (id=qf-pDnVm3swGq-HUq4k1dK2oOcVUdFc_GgQqcLZFmDM=) has send a requested to sell carradiator x1 at the trader "Vehicles (Lewis [Vehicle Trader])" in market zone "The Holler" (pos=<5632.000000, 32.000000, 5392.000000>).
09:37:52.281 [Market] Player "PlayfullPanda" (id=qf-pDnVm3swGq-HUq4k1dK2oOcVUdFc_GgQqcLZFmDM=) has sold carradiator x1 at the trader "Vehicles (Lewis [Vehicle Trader])" in market zone "The Holler" (pos=<5632.000000, 32.000000, 5392.000000>) and got 150.
09:38:01.984 [Market] Player "og" (id=Cc0wZ2VHa5_wA30qgzbiev1UMzKqgpWqAgS0wYga8Rk=) has send a requested to sell largegascanister x1 at the trader "BuildingSupplies (Indar [Building Trader])" in market zone "The Holler" (pos=<5632.000000, 32.000000, 5392.000000>).
09:38:02.164 [Market] Player "og" (id=Cc0wZ2VHa5_wA30qgzbiev1UMzKqgpWqAgS0wYga8Rk=) has sold largegascanister x1 at the trader "BuildingSupplies (Indar [Building Trader])" in market zone "The Holler" (pos=<5632.000000, 32.000000, 5392.000000>) and got 150.
09:38:02.757 [Market] Player "og" (id=Cc0wZ2VHa5_wA30qgzbiev1UMzKqgpWqAgS0wYga8Rk=) has send a requested to sell largegascanister x1 at the trader "BuildingSupplies (Indar [Building Trader])" in market zone "The Holler" (pos=<5632.000000, 32.000000, 5392.000000>).
09:38:02.953 [Market] Player "og" (id=Cc0wZ2VHa5_wA30qgzbiev1UMzKqgpWqAgS0wYga8Rk=) has sold largegascanister x1 at the trader "BuildingSupplies (Indar [Building Trader])" in market zone "The Holler" (pos=<5632.000000, 32.000000, 5392.000000>) and got 150.
09:38:06.593 [Market] Player "og" (id=Cc0wZ2VHa5_wA30qgzbiev1UMzKqgpWqAgS0wYga8Rk=) has send a requested to sell blowtorch x1 at the trader "BuildingSupplies (Indar [Building Trader])" in market zone "The Holler" (pos=<5632.000000, 32.000000, 5392.000000>).
09:38:06.777 [Market] Player "og" (id=Cc0wZ2VHa5_wA30qgzbiev1UMzKqgpWqAgS0wYga8Rk=) has sold blowtorch x1 at the trader "BuildingSupplies (Indar [Building Trader])" in market zone "The Holler" (pos=<5632.000000, 32.000000, 5392.000000>) and got 187.
09:38:07.468 [Market] Player "PlayfullPanda" (id=qf-pDnVm3swGq-HUq4k1dK2oOcVUdFc_GgQqcLZFmDM=) has send a requested to sell hatchback_02_wheel x1 at the trader "Vehicles (Lewis [Vehicle Trader])" in market zone "The Holler" (pos=<5632.000000, 32.000000, 5392.000000>).
09:38:07.644 [Market] Player "PlayfullPanda" (id=qf-pDnVm3swGq-HUq4k1dK2oOcVUdFc_GgQqcLZFmDM=) has sold hatchback_02_wheel x1 at the trader "Vehicles (Lewis [Vehicle Trader])" in market zone "The Holler" (pos=<5632.000000, 32.000000, 5392.000000>) and got 375.
09:38:07.687 [Market] Player "og" (id=Cc0wZ2VHa5_wA30qgzbiev1UMzKqgpWqAgS0wYga8Rk=) has send a requested to sell blowtorch x1 at the trader "BuildingSupplies (Indar [Building Trader])" in market zone "The Holler" (pos=<5632.000000, 32.000000, 5392.000000>).
09:38:07.937 [Market] Player "og" (id=Cc0wZ2VHa5_wA30qgzbiev1UMzKqgpWqAgS0wYga8Rk=) has sold blowtorch x1 at the trader "BuildingSupplies (Indar [Building Trader])" in market zone "The Holler" (pos=<5632.000000, 32.000000, 5392.000000>) and got 187.
09:38:41.062 [VehicleCarKey] Player "og" (id=Cc0wZ2VHa5_wA30qgzbiev1UMzKqgpWqAgS0wYga8Rk= pos=<5606.312012, 28.811729, 5349.472656>) used the  ExpansionCarKey to unlock CivilianSedan_Black (id=083DCBF7AB4264C14788C19BFA093B45 pos=<5603.564453, 28.800606, 5348.185547>)
09:39:38.660 [Market] Player "og" (id=Cc0wZ2VHa5_wA30qgzbiev1UMzKqgpWqAgS0wYga8Rk=) has send a requested to sell twp_sst30halloween x1 at the trader "Weapons (Oliver [#STR_EXPANSION_MARKET_TRADER_WEAPONS])" in market zone "The Holler" (pos=<5632.000000, 32.000000, 5392.000000>).
09:39:38.824 [Market] Player "og" (id=Cc0wZ2VHa5_wA30qgzbiev1UMzKqgpWqAgS0wYga8Rk=) has sold twp_sst30halloween x1 at the trader "Weapons (Oliver [#STR_EXPANSION_MARKET_TRADER_WEAPONS])" in market zone "The Holler" (pos=<5632.000000, 32.000000, 5392.000000>) and got 2850.
09:39:48.984 [Market] Player "og" (id=Cc0wZ2VHa5_wA30qgzbiev1UMzKqgpWqAgS0wYga8Rk=) has send a requested to sell flashgrenade x1 at the trader "Weapons (Oliver [#STR_EXPANSION_MARKET_TRADER_WEAPONS])" in market zone "The Holler" (pos=<5632.000000, 32.000000, 5392.000000>).
09:39:49.160 [Market] Player "og" (id=Cc0wZ2VHa5_wA30qgzbiev1UMzKqgpWqAgS0wYga8Rk=) has sold flashgrenade x1 at the trader "Weapons (Oliver [#STR_EXPANSION_MARKET_TRADER_WEAPONS])" in market zone "The Holler" (pos=<5632.000000, 32.000000, 5392.000000>) and got 187.
09:39:49.769 [Market] Player "og" (id=Cc0wZ2VHa5_wA30qgzbiev1UMzKqgpWqAgS0wYga8Rk=) has send a requested to sell flashgrenade x1 at the trader "Weapons (Oliver [#STR_EXPANSION_MARKET_TRADER_WEAPONS])" in market zone "The Holler" (pos=<5632.000000, 32.000000, 5392.000000>).
09:39:49.949 [Market] Player "og" (id=Cc0wZ2VHa5_wA30qgzbiev1UMzKqgpWqAgS0wYga8Rk=) has sold flashgrenade x1 at the trader "Weapons (Oliver [#STR_EXPANSION_MARKET_TRADER_WEAPONS])" in market zone "The Holler" (pos=<5632.000000, 32.000000, 5392.000000>) and got 187.
09:40:34.621 [ATM] Player "PlayfullPanda" (id=qf-pDnVm3swGq-HUq4k1dK2oOcVUdFc_GgQqcLZFmDM=) has deposited 5414 on his ATM account.
09:41:38.203 [VehicleCarKey] Player "og" (id=Cc0wZ2VHa5_wA30qgzbiev1UMzKqgpWqAgS0wYga8Rk= pos=<5606.555664, 28.811293, 5349.742676>) used the  ExpansionCarKey to lock CivilianSedan_Black (id=083DCBF7AB4264C14788C19BFA093B45 pos=<5603.564453, 28.800606, 5348.185547>)
09:42:09.984 [Market] Player "og" (id=Cc0wZ2VHa5_wA30qgzbiev1UMzKqgpWqAgS0wYga8Rk=) has send a requested to sell cp_cigarettepack_cannabisskunk x1 at the trader "Weed (Naomi [Weed Trader])" in market zone "The Holler" (pos=<5632.000000, 32.000000, 5392.000000>).
09:42:10.164 [Market] Player "og" (id=Cc0wZ2VHa5_wA30qgzbiev1UMzKqgpWqAgS0wYga8Rk=) has sold cp_cigarettepack_cannabisskunk x1 at the trader "Weed (Naomi [Weed Trader])" in market zone "The Holler" (pos=<5632.000000, 32.000000, 5392.000000>) and got 2.
09:42:12.320 [Market] Player "og" (id=Cc0wZ2VHa5_wA30qgzbiev1UMzKqgpWqAgS0wYga8Rk=) has send a requested to sell cp_cigarettepack_cannabiskush x1 at the trader "Weed (Naomi [Weed Trader])" in market zone "The Holler" (pos=<5632.000000, 32.000000, 5392.000000>).
09:42:12.515 [Market] Player "og" (id=Cc0wZ2VHa5_wA30qgzbiev1UMzKqgpWqAgS0wYga8Rk=) has sold cp_cigarettepack_cannabiskush x1 at the trader "Weed (Naomi [Weed Trader])" in market zone "The Holler" (pos=<5632.000000, 32.000000, 5392.000000>) and got 2.
09:42:14.054 [Market] Player "og" (id=Cc0wZ2VHa5_wA30qgzbiev1UMzKqgpWqAgS0wYga8Rk=) has send a requested to sell cp_cigarettepack_cannabisfuture x1 at the trader "Weed (Naomi [Weed Trader])" in market zone "The Holler" (pos=<5632.000000, 32.000000, 5392.000000>).
09:42:14.246 [Market] Player "og" (id=Cc0wZ2VHa5_wA30qgzbiev1UMzKqgpWqAgS0wYga8Rk=) has sold cp_cigarettepack_cannabisfuture x1 at the trader "Weed (Naomi [Weed Trader])" in market zone "The Holler" (pos=<5632.000000, 32.000000, 5392.000000>) and got 5.
09:42:18.195 [Market] Player "og" (id=Cc0wZ2VHa5_wA30qgzbiev1UMzKqgpWqAgS0wYga8Rk=) has send a requested to sell cp_cigarette x1 at the trader "Weed (Naomi [Weed Trader])" in market zone "The Holler" (pos=<5632.000000, 32.000000, 5392.000000>).
09:42:18.343 [Market] Player "og" (id=Cc0wZ2VHa5_wA30qgzbiev1UMzKqgpWqAgS0wYga8Rk=) has sold cp_cigarette x1 at the trader "Weed (Naomi [Weed Trader])" in market zone "The Holler" (pos=<5632.000000, 32.000000, 5392.000000>) and got 30.
09:42:53.066 [Market] Player "PlayfullPanda" (id=qf-pDnVm3swGq-HUq4k1dK2oOcVUdFc_GgQqcLZFmDM=) has send a requested to sell cp_cigarettepack_cannabisblue x1 at the trader "Weed (Naomi [Weed Trader])" in market zone "The Holler" (pos=<5632.000000, 32.000000, 5392.000000>).
09:42:53.226 [Market] Player "PlayfullPanda" (id=qf-pDnVm3swGq-HUq4k1dK2oOcVUdFc_GgQqcLZFmDM=) has sold cp_cigarettepack_cannabisblue x1 at the trader "Weed (Naomi [Weed Trader])" in market zone "The Holler" (pos=<5632.000000, 32.000000, 5392.000000>) and got 6.
09:42:54.679 [Market] Player "PlayfullPanda" (id=qf-pDnVm3swGq-HUq4k1dK2oOcVUdFc_GgQqcLZFmDM=) has send a requested to sell cp_jointstardawg x1 at the trader "Weed (Naomi [Weed Trader])" in market zone "The Holler" (pos=<5632.000000, 32.000000, 5392.000000>).
09:42:54.828 [Market] Player "PlayfullPanda" (id=qf-pDnVm3swGq-HUq4k1dK2oOcVUdFc_GgQqcLZFmDM=) has sold cp_jointstardawg x1 at the trader "Weed (Naomi [Weed Trader])" in market zone "The Holler" (pos=<5632.000000, 32.000000, 5392.000000>) and got 30.
09:42:55.710 [Market] Player "PlayfullPanda" (id=qf-pDnVm3swGq-HUq4k1dK2oOcVUdFc_GgQqcLZFmDM=) has send a requested to sell cp_jointfuture x1 at the trader "Weed (Naomi [Weed Trader])" in market zone "The Holler" (pos=<5632.000000, 32.000000, 5392.000000>).
09:42:55.894 [Market] Player "PlayfullPanda" (id=qf-pDnVm3swGq-HUq4k1dK2oOcVUdFc_GgQqcLZFmDM=) has sold cp_jointfuture x1 at the trader "Weed (Naomi [Weed Trader])" in market zone "The Holler" (pos=<5632.000000, 32.000000, 5392.000000>) and got 30.
09:42:56.476 [Market] Player "PlayfullPanda" (id=qf-pDnVm3swGq-HUq4k1dK2oOcVUdFc_GgQqcLZFmDM=) has send a requested to sell cp_jointfuture x1 at the trader "Weed (Naomi [Weed Trader])" in market zone "The Holler" (pos=<5632.000000, 32.000000, 5392.000000>).
09:42:56.683 [Market] Player "PlayfullPanda" (id=qf-pDnVm3swGq-HUq4k1dK2oOcVUdFc_GgQqcLZFmDM=) has sold cp_jointfuture x1 at the trader "Weed (Naomi [Weed Trader])" in market zone "The Holler" (pos=<5632.000000, 32.000000, 5392.000000>) and got 7.
09:42:59.007 [ATM] Player "og" (id=Cc0wZ2VHa5_wA30qgzbiev1UMzKqgpWqAgS0wYga8Rk=) has deposited 3937 on his ATM account.
09:43:29.785 [Party] Player "PlayfullPanda" (id=qf-pDnVm3swGq-HUq4k1dK2oOcVUdFc_GgQqcLZFmDM=) left the party "STAG" (id=7 ownerUID=Pk9FmI0iGIJV90L0o-uI7ivHc45DZnNcAVX3v1GVD5Y= ownerName=GalaxyPanda)
09:48:36.589 [Safezone] Player "[Admin] Bunker" (id=mBNlxASsPlOcry0dpDl8K-WgHNR5WMCMmoJ9NhpU4FY= pos=<5649.726074, 29.502888, 5404.833984>) Entered the safezone
09:50:22.656 [Safezone] Player "[Admin] Bunker" (id=mBNlxASsPlOcry0dpDl8K-WgHNR5WMCMmoJ9NhpU4FY= pos=<5649.937500, 29.502880, 5404.850586>) Entered the safezone
10:26:19.652 [Party] Player "og" (id=Cc0wZ2VHa5_wA30qgzbiev1UMzKqgpWqAgS0wYga8Rk=) left the party "wolf pack" (id=8 ownerUID=Cc0wZ2VHa5_wA30qgzbiev1UMzKqgpWqAgS0wYga8Rk= ownerName=og)
10:30:12.250 [Safezone] Player "og" (id=Cc0wZ2VHa5_wA30qgzbiev1UMzKqgpWqAgS0wYga8Rk= pos=<5603.286133, 28.851374, 5345.835938>) Entered the safezone
10:30:12.250 [Party] Player "og" (id=Cc0wZ2VHa5_wA30qgzbiev1UMzKqgpWqAgS0wYga8Rk=) joinded the party "wolf pack" (id=8 ownerUID=Cc0wZ2VHa5_wA30qgzbiev1UMzKqgpWqAgS0wYga8Rk= ownerName=og)
10:32:04.046 [Safezone] Player "og" (id=Cc0wZ2VHa5_wA30qgzbiev1UMzKqgpWqAgS0wYga8Rk= pos=<5724.541016, 27.001945, 5226.436523>) Left the safezone
11:15:54.507 [AI Patrol] Spawning 3 Power Plant Patrol bots at <4721.976563, 18.884953, 7171.260742>
11:25:19.785 [Party] Player "og" (id=Cc0wZ2VHa5_wA30qgzbiev1UMzKqgpWqAgS0wYga8Rk=) left the party "wolf pack" (id=8 ownerUID=Cc0wZ2VHa5_wA30qgzbiev1UMzKqgpWqAgS0wYga8Rk= ownerName=og)
11:33:39.195 [AI Patrol] Spawning 3 Paris Island Patrol bots at <3072.076904, 22.450001, 4021.251709>
