07:07:02.587 [Party] Player "Stahlhelm Sturm" (id=Dj-6_aSgGuPVYaq-POeeqvRPr_91gVAi6qp9fgRrqHk=) joinded the party "DIEHARD" (id=32 ownerUID=JmVdSu0kzNbOpwjpFV-MDcMB-Equ3yPY-l-COMb6HgY= ownerName=Nick Leadbeatter)
07:07:02.603 [Expansion Quests] - InitQuestSystemClient - Loaded existing player quest data for player with UID: Dj-6_aSgGuPVYaq-POeeqvRPr_91gVAi6qp9fgRrqHk=
07:07:02.603 [Expansion Quests] - LoadGroupQuestData - Loaded existing group quest data for group with ID: 32
07:07:02.603 [Expansion Quests] - Create new quest instance for quest: 11 - Player UID: Dj-6_aSgGuPVYaq-POeeqvRPr_91gVAi6qp9fgRrqHk=
07:07:03.546 [Expansion Quests] - LoadGroupQuestData - Got cached group quest data for group with ID: 32
07:10:53.943 [VehicleCover] Player "Stahlhelm Sturm" (id=Dj-6_aSgGuPVYaq-POeeqvRPr_91gVAi6qp9fgRrqHk= pos=<6034.500977, 5.892478, 15188.533203>) uncovered vehicle "OffroadRangeRover_green" (GlobalID=80000000800000008000000080016FB4 pos=<6035.426270, 5.889035, 15190.407227>)!
07:11:03.294 [VehicleCarKey] Player "Stahlhelm Sturm" (id=Dj-6_aSgGuPVYaq-POeeqvRPr_91gVAi6qp9fgRrqHk= pos=<6034.693848, 6.132712, 15188.176758>) used the  ExpansionCarKey to unlock OffroadRangeRover_green (id=F2632AC844479C4B718105B650C990CF pos=<6035.426270, 5.889035, 15190.407227>)
07:11:46.021 [VehicleCarKey] Player "Stahlhelm Sturm" (id=Dj-6_aSgGuPVYaq-POeeqvRPr_91gVAi6qp9fgRrqHk= pos=<6037.092285, 5.892464, 15187.708984>) used the  ExpansionCarKey to lock OffroadRangeRover_green (id=F2632AC844479C4B718105B650C990CF pos=<6035.426270, 5.889035, 15190.407227>)
07:17:41.927 [AI Patrol] Spawning 3 Temple Patrol bots at <335.225464, 47.070000, 791.238220>
07:17:42.023 [AI Patrol] Spawning 3 Temple Patrol bots at <276.711334, 48.364700, 693.471008>
07:17:43.593 [VehicleEnter] Player Stahlhelm Sturm [uid=Dj-6_aSgGuPVYaq-POeeqvRPr_91gVAi6qp9fgRrqHk=] entered vehicle Merlin (id=131B9917294983C0C5A393870EAEB184 pos=<6101.183105, 8.372844, 14839.908203>) as passenger
07:17:54.898 [VehicleLeave] Player Stahlhelm Sturm [uid=Dj-6_aSgGuPVYaq-POeeqvRPr_91gVAi6qp9fgRrqHk=] left vehicle Merlin (id=131B9917294983C0C5A393870EAEB184 pos=<6101.183105, 8.372844, 14839.908203>)
07:22:05.533 [VehicleCarKey] Player "Stahlhelm Sturm" (id=Dj-6_aSgGuPVYaq-POeeqvRPr_91gVAi6qp9fgRrqHk= pos=<6036.809082, 5.892501, 15187.306641>) used the  ExpansionCarKey to unlock OffroadRangeRover_green (id=F2632AC844479C4B718105B650C990CF pos=<6035.426270, 5.889035, 15190.407227>)
07:22:07.203 [MissionAirdrop] An airdrop is heading towards "Oceanville" (pos=<10179.000000, 0.000000, 4722.000000> type=Random_Oceanville) with a ExpansionAirdropContainer
07:23:16.966 [VehicleCarKey] Player "Stahlhelm Sturm" (id=Dj-6_aSgGuPVYaq-POeeqvRPr_91gVAi6qp9fgRrqHk= pos=<6036.831055, 5.892500, 15187.254883>) used the  ExpansionCarKey to lock OffroadRangeRover_green (id=F2632AC844479C4B718105B650C990CF pos=<6035.426270, 5.889035, 15190.407227>)
07:23:29.435 [VehicleCarKey] Player "Stahlhelm Sturm" (id=Dj-6_aSgGuPVYaq-POeeqvRPr_91gVAi6qp9fgRrqHk= pos=<6036.768555, 5.892488, 15187.620117>) used the  ExpansionCarKey to unlock OffroadRangeRover_green (id=F2632AC844479C4B718105B650C990CF pos=<6035.426270, 5.889035, 15190.407227>)
07:23:48.566 [VehicleCarKey] Player "Stahlhelm Sturm" (id=Dj-6_aSgGuPVYaq-POeeqvRPr_91gVAi6qp9fgRrqHk= pos=<6036.802246, 6.133996, 15187.650391>) used the  ExpansionCarKey to lock OffroadRangeRover_green (id=F2632AC844479C4B718105B650C990CF pos=<6035.426270, 5.889035, 15190.407227>)
07:23:52.298 [VehicleCarKey] Player "Stahlhelm Sturm" (id=Dj-6_aSgGuPVYaq-POeeqvRPr_91gVAi6qp9fgRrqHk= pos=<6036.802246, 6.133996, 15187.650391>) used the  ExpansionCarKey to unlock OffroadRangeRover_green (id=F2632AC844479C4B718105B650C990CF pos=<6035.426270, 5.889035, 15190.407227>)
07:25:23.968 [VehicleCarKey] Player "Stahlhelm Sturm" (id=Dj-6_aSgGuPVYaq-POeeqvRPr_91gVAi6qp9fgRrqHk= pos=<6036.708984, 6.086626, 15187.939453>) used the  ExpansionCarKey to lock OffroadRangeRover_green (id=F2632AC844479C4B718105B650C990CF pos=<6035.426270, 5.889035, 15190.407227>)
07:25:53.130 [VehicleDeleted] OffroadRangeRover_green (id=F2632AC844479C4B718105B650C990CF pos=<6035.426270, 5.889035, 15190.407227>)
07:25:53.130 [VehicleCover] Player "Stahlhelm Sturm" (id=Dj-6_aSgGuPVYaq-POeeqvRPr_91gVAi6qp9fgRrqHk= pos=<6037.152832, 5.892468, 15187.541992>) covered vehicle "OffroadRangeRover_green" (GlobalID=80000000800000008000000080016FB4 pos=<6035.426270, 5.889035, 15190.407227>)!
07:28:28.238 [VehicleEnter] Player Stahlhelm Sturm [uid=Dj-6_aSgGuPVYaq-POeeqvRPr_91gVAi6qp9fgRrqHk=] entered vehicle Merlin (id=131B9917294983C0C5A393870EAEB184 pos=<6097.008301, 5.829586, 14835.304688>) as pilot
07:28:59.970 [VehicleEngine] Player Stahlhelm Sturm [uid=Dj-6_aSgGuPVYaq-POeeqvRPr_91gVAi6qp9fgRrqHk=] started vehicle Merlin (id=131B9917294983C0C5A393870EAEB184 pos=<6097.007813, 5.829565, 14835.304688>)
07:29:05.371 [VehicleEngine] Player Stahlhelm Sturm [uid=Dj-6_aSgGuPVYaq-POeeqvRPr_91gVAi6qp9fgRrqHk=] started vehicle Merlin (id=131B9917294983C0C5A393870EAEB184 pos=<6097.007813, 5.829544, 14835.304688>)
07:29:23.302 [VehicleEngine] Player Stahlhelm Sturm [uid=Dj-6_aSgGuPVYaq-POeeqvRPr_91gVAi6qp9fgRrqHk=] started vehicle Merlin (id=131B9917294983C0C5A393870EAEB184 pos=<6097.007813, 5.829608, 14835.304688>)
07:30:21.138 [VehicleDestroyed] ExpansionMerlin_Ion (id=131B9917294983C0C5A393870EAEB184 pos=<6073.070801, 21.104099, 14852.083008>)
07:31:16.941 [VehicleLeave] Player Stahlhelm Sturm [uid=Dj-6_aSgGuPVYaq-POeeqvRPr_91gVAi6qp9fgRrqHk=] left vehicle Merlin (id=131B9917294983C0C5A393870EAEB184 pos=<6071.402832, 16.712404, 14860.978516>)
07:34:49.660 [VehicleDeleted] ExpansionMerlin_Ion (id=131B9917294983C0C5A393870EAEB184 pos=<0.000000, 0.000000, 0.000000>)
08:01:09.505 [VehicleCover] Player "Stahlhelm Sturm" (id=Dj-6_aSgGuPVYaq-POeeqvRPr_91gVAi6qp9fgRrqHk= pos=<6033.776367, 5.892500, 15190.000977>) uncovered vehicle "OffroadRangeRover_green" (GlobalID=80000000800000008000000080016FB4 pos=<6035.426270, 5.889035, 15190.407227>)!
08:01:21.814 [VehicleCarKey] Player "Stahlhelm Sturm" (id=Dj-6_aSgGuPVYaq-POeeqvRPr_91gVAi6qp9fgRrqHk= pos=<6036.959473, 5.892500, 15187.360352>) used the  ExpansionCarKey to unlock OffroadRangeRover_green (id=90A27760604F2D96A5E33AA51783BDE0 pos=<6035.426270, 5.889034, 15190.407227>)
08:02:06.648 [VehicleEnter] Player Stahlhelm Sturm [uid=Dj-6_aSgGuPVYaq-POeeqvRPr_91gVAi6qp9fgRrqHk=] entered vehicle Offroad Range Rover green  (id=90A27760604F2D96A5E33AA51783BDE0 pos=<6035.426270, 5.889034, 15190.407227>) as driver
08:02:10.933 [VehicleEngine] Player Stahlhelm Sturm [uid=Dj-6_aSgGuPVYaq-POeeqvRPr_91gVAi6qp9fgRrqHk=] started vehicle Offroad Range Rover green  (id=90A27760604F2D96A5E33AA51783BDE0 pos=<6035.426270, 5.889035, 15190.407227>)
08:04:52.617 [VehicleLeave] Player Stahlhelm Sturm [uid=Dj-6_aSgGuPVYaq-POeeqvRPr_91gVAi6qp9fgRrqHk=] left vehicle Offroad Range Rover green  (id=90A27760604F2D96A5E33AA51783BDE0 pos=<5726.798340, 5.965865, 14909.001953>)
08:05:37.519 [VehicleCarKey] Player "Stahlhelm Sturm" (id=Dj-6_aSgGuPVYaq-POeeqvRPr_91gVAi6qp9fgRrqHk= pos=<5728.779297, 5.956882, 14909.167969>) used the  ExpansionCarKey to lock OffroadRangeRover_green (id=90A27760604F2D96A5E33AA51783BDE0 pos=<5726.798340, 5.965865, 14909.002930>)
08:07:26.324 [VehicleCarKey] Player "Stahlhelm Sturm" (id=Dj-6_aSgGuPVYaq-POeeqvRPr_91gVAi6qp9fgRrqHk= pos=<5724.799316, 5.956873, 14908.625000>) used the  ExpansionCarKey to unlock OffroadRangeRover_green (id=90A27760604F2D96A5E33AA51783BDE0 pos=<5726.798340, 5.965865, 14909.002930>)
08:07:35.320 [VehicleEnter] Player Stahlhelm Sturm [uid=Dj-6_aSgGuPVYaq-POeeqvRPr_91gVAi6qp9fgRrqHk=] entered vehicle Offroad Range Rover green  (id=90A27760604F2D96A5E33AA51783BDE0 pos=<5726.798340, 5.965865, 14909.001953>) as driver
08:07:40.222 [VehicleEngine] Player Stahlhelm Sturm [uid=Dj-6_aSgGuPVYaq-POeeqvRPr_91gVAi6qp9fgRrqHk=] started vehicle Offroad Range Rover green  (id=90A27760604F2D96A5E33AA51783BDE0 pos=<5726.798340, 5.965865, 14909.002930>)
08:14:46.544 [VehicleEngine] Player Stahlhelm Sturm [uid=Dj-6_aSgGuPVYaq-POeeqvRPr_91gVAi6qp9fgRrqHk=] stopped vehicle Offroad Range Rover green  (id=90A27760604F2D96A5E33AA51783BDE0 pos=<6510.025391, 37.259041, 14748.845703>)
08:14:53.363 [VehicleLeave] Player Stahlhelm Sturm [uid=Dj-6_aSgGuPVYaq-POeeqvRPr_91gVAi6qp9fgRrqHk=] left vehicle Offroad Range Rover green  (id=90A27760604F2D96A5E33AA51783BDE0 pos=<6510.025391, 37.259033, 14748.845703>)
08:15:02.031 [VehicleCarKey] Player "Stahlhelm Sturm" (id=Dj-6_aSgGuPVYaq-POeeqvRPr_91gVAi6qp9fgRrqHk= pos=<6510.904785, 37.262497, 14747.098633>) used the  ExpansionCarKey to lock OffroadRangeRover_green (id=90A27760604F2D96A5E33AA51783BDE0 pos=<6510.025391, 37.259041, 14748.845703>)
08:20:39.798 [VehicleCarKey] Player "Stahlhelm Sturm" (id=Dj-6_aSgGuPVYaq-POeeqvRPr_91gVAi6qp9fgRrqHk= pos=<6319.127930, 39.004158, 14808.802734>) paired a  ExpansionCarKey to ExpansionMerlin (id=1F236827284DE07E448BDE887664C9BE pos=<6323.815430, 37.462952, 14804.661133>)
08:22:47.101 [VehicleCarKey] Player "Stahlhelm Sturm" (id=Dj-6_aSgGuPVYaq-POeeqvRPr_91gVAi6qp9fgRrqHk= pos=<6318.889648, 39.002300, 14808.746094>) used the  ExpansionCarKey to lock ExpansionMerlin (id=1F236827284DE07E448BDE887664C9BE pos=<6323.815430, 37.462914, 14804.661133>)
08:29:08.326 [VehicleCarKey] Player "Stahlhelm Sturm" (id=Dj-6_aSgGuPVYaq-POeeqvRPr_91gVAi6qp9fgRrqHk= pos=<6510.597168, 37.262497, 14746.793945>) used the  ExpansionCarKey to unlock OffroadRangeRover_green (id=90A27760604F2D96A5E33AA51783BDE0 pos=<6510.025391, 37.259041, 14748.845703>)
08:29:53.523 [VehicleEnter] Player Stahlhelm Sturm [uid=Dj-6_aSgGuPVYaq-POeeqvRPr_91gVAi6qp9fgRrqHk=] entered vehicle Offroad Range Rover green  (id=90A27760604F2D96A5E33AA51783BDE0 pos=<6510.025391, 37.259037, 14748.845703>) as driver
08:30:01.167 [VehicleEngine] Player Stahlhelm Sturm [uid=Dj-6_aSgGuPVYaq-POeeqvRPr_91gVAi6qp9fgRrqHk=] started vehicle Offroad Range Rover green  (id=90A27760604F2D96A5E33AA51783BDE0 pos=<6510.025391, 37.259037, 14748.845703>)
08:36:54.843 [Party] Player "OrdepRoinuj" (id=jho7WUBGAZrvFnn8RJJsJvDzNHi4rQTd5HHL__KErjY=) joinded the party "OldDog" (id=42 ownerUID=jho7WUBGAZrvFnn8RJJsJvDzNHi4rQTd5HHL__KErjY= ownerName=Old Dog)
08:36:54.855 [Expansion Quests] - InitQuestSystemClient - Loaded existing player quest data for player with UID: jho7WUBGAZrvFnn8RJJsJvDzNHi4rQTd5HHL__KErjY=
08:36:54.855 [Expansion Quests] - LoadGroupQuestData - Loaded existing group quest data for group with ID: 42
08:36:55.808 [Expansion Quests] - LoadGroupQuestData - Got cached group quest data for group with ID: 42
08:37:34.982 [VehicleEngine] Player Stahlhelm Sturm [uid=Dj-6_aSgGuPVYaq-POeeqvRPr_91gVAi6qp9fgRrqHk=] stopped vehicle Offroad Range Rover green  (id=90A27760604F2D96A5E33AA51783BDE0 pos=<5943.119629, 6.309035, 13429.458984>)
08:37:50.804 [VehicleLeave] Player Stahlhelm Sturm [uid=Dj-6_aSgGuPVYaq-POeeqvRPr_91gVAi6qp9fgRrqHk=] left vehicle Offroad Range Rover green  (id=90A27760604F2D96A5E33AA51783BDE0 pos=<5943.119629, 6.309035, 13429.458984>)
08:38:03.429 [VehicleDeleted] OffroadRangeRover_green (id=90A27760604F2D96A5E33AA51783BDE0 pos=<5943.119629, 6.309034, 13429.458984>)
08:38:03.429 [VehicleCover] Player "Stahlhelm Sturm" (id=Dj-6_aSgGuPVYaq-POeeqvRPr_91gVAi6qp9fgRrqHk= pos=<5943.802246, 6.312500, 13427.821289>) covered vehicle "OffroadRangeRover_green" (GlobalID=80000000800000008000000080016FB4 pos=<5943.119629, 6.309034, 13429.458984>)!
08:38:22.525 [VehicleCover] Player "Stahlhelm Sturm" (id=Dj-6_aSgGuPVYaq-POeeqvRPr_91gVAi6qp9fgRrqHk= pos=<5944.164551, 6.312500, 13427.491211>) uncovered vehicle "OffroadRangeRover_green" (GlobalID=80000000800000008000000080016FB4 pos=<5943.119629, 6.309034, 13429.458984>)!
08:38:36.101 [VehicleCarKey] Player "Stahlhelm Sturm" (id=Dj-6_aSgGuPVYaq-POeeqvRPr_91gVAi6qp9fgRrqHk= pos=<5943.897461, 6.536297, 13427.829102>) used the  ExpansionCarKey to lock OffroadRangeRover_green (id=3715B42B2548DEF77881BE9DB22E154B pos=<5943.119629, 6.309035, 13429.458984>)
08:38:57.562 [VehicleDeleted] OffroadRangeRover_green (id=3715B42B2548DEF77881BE9DB22E154B pos=<5943.119629, 6.309035, 13429.458984>)
08:38:57.562 [VehicleCover] Player "Stahlhelm Sturm" (id=Dj-6_aSgGuPVYaq-POeeqvRPr_91gVAi6qp9fgRrqHk= pos=<5943.958496, 6.312500, 13427.777344>) covered vehicle "OffroadRangeRover_green" (GlobalID=80000000800000008000000080016FB4 pos=<5943.119629, 6.309035, 13429.458984>)!
08:39:27.816 [Party] Player "Stahlhelm Sturm" (id=Dj-6_aSgGuPVYaq-POeeqvRPr_91gVAi6qp9fgRrqHk=) left the party "DIEHARD" (id=32 ownerUID=JmVdSu0kzNbOpwjpFV-MDcMB-Equ3yPY-l-COMb6HgY= ownerName=Nick Leadbeatter)
09:12:55.574 [VehicleCover] Player "OrdepRoinuj" (id=jho7WUBGAZrvFnn8RJJsJvDzNHi4rQTd5HHL__KErjY= pos=<7243.320801, 5.022501, 8846.920898>) uncovered vehicle "MBw140_white" (GlobalID=80000000800000008000000080021057 pos=<7245.091797, 5.029552, 8848.648438>)!
09:13:00.675 [VehicleCarKey] Player "OrdepRoinuj" (id=jho7WUBGAZrvFnn8RJJsJvDzNHi4rQTd5HHL__KErjY= pos=<7243.862305, 5.022501, 8847.526367>) used the  ExpansionCarKey to unlock MBw140_white (id=317B2D30F747520E8DF89A895DE2AD79 pos=<7245.094238, 5.029552, 8848.650391>)
09:13:02.214 [VehicleCarKey] Player "OrdepRoinuj" (id=jho7WUBGAZrvFnn8RJJsJvDzNHi4rQTd5HHL__KErjY= pos=<7244.777832, 5.022476, 8846.259766>) used the  ExpansionCarKey to lock MBw140_white (id=317B2D30F747520E8DF89A895DE2AD79 pos=<7245.094238, 5.029552, 8848.650391>)
09:13:04.980 [VehicleCarKey] Player "OrdepRoinuj" (id=jho7WUBGAZrvFnn8RJJsJvDzNHi4rQTd5HHL__KErjY= pos=<7244.777832, 5.022476, 8846.259766>) used the  ExpansionCarKey to unlock MBw140_white (id=317B2D30F747520E8DF89A895DE2AD79 pos=<7245.094238, 5.029552, 8848.650391>)
09:13:58.843 [VehicleEnter] Player OrdepRoinuj [uid=jho7WUBGAZrvFnn8RJJsJvDzNHi4rQTd5HHL__KErjY=] entered vehicle Mercedes-Benz W140 White (id=317B2D30F747520E8DF89A895DE2AD79 pos=<7245.094727, 5.029551, 8848.649414>) as driver
09:14:00.394 [VehicleEngine] Player OrdepRoinuj [uid=jho7WUBGAZrvFnn8RJJsJvDzNHi4rQTd5HHL__KErjY=] started vehicle Mercedes-Benz W140 White (id=317B2D30F747520E8DF89A895DE2AD79 pos=<7245.094727, 5.029551, 8848.649414>)
09:16:21.773 [AI Patrol] Spawning 3 Power Plant Patrol bots at <4732.320313, 20.430000, 7059.408203>
09:24:25.691 [VehicleEngine] Player OrdepRoinuj [uid=jho7WUBGAZrvFnn8RJJsJvDzNHi4rQTd5HHL__KErjY=] stopped vehicle Mercedes-Benz W140 White (id=317B2D30F747520E8DF89A895DE2AD79 pos=<6592.229980, 22.609962, 1720.400757>)
09:24:31.757 [VehicleLeave] Player OrdepRoinuj [uid=jho7WUBGAZrvFnn8RJJsJvDzNHi4rQTd5HHL__KErjY=] left vehicle Mercedes-Benz W140 White (id=317B2D30F747520E8DF89A895DE2AD79 pos=<6592.230957, 22.610065, 1720.401123>)
09:24:36.859 [VehicleCarKey] Player "OrdepRoinuj" (id=jho7WUBGAZrvFnn8RJJsJvDzNHi4rQTd5HHL__KErjY= pos=<6591.494141, 22.652771, 1722.648926>) used the  ExpansionCarKey to lock MBw140_white (id=317B2D30F747520E8DF89A895DE2AD79 pos=<6592.229004, 22.609737, 1720.399536>)
09:24:39.046 [VehicleCarKey] Player "OrdepRoinuj" (id=jho7WUBGAZrvFnn8RJJsJvDzNHi4rQTd5HHL__KErjY= pos=<6591.024902, 22.556307, 1723.011108>) used the  ExpansionCarKey to unlock MBw140_white (id=317B2D30F747520E8DF89A895DE2AD79 pos=<6592.229004, 22.609737, 1720.399536>)
09:24:41.156 [VehicleCarKey] Player "OrdepRoinuj" (id=jho7WUBGAZrvFnn8RJJsJvDzNHi4rQTd5HHL__KErjY= pos=<6591.024902, 22.556307, 1723.011108>) used the  ExpansionCarKey to lock MBw140_white (id=317B2D30F747520E8DF89A895DE2AD79 pos=<6592.229004, 22.609737, 1720.399536>)
09:24:44.828 [VehicleCarKey] Player "OrdepRoinuj" (id=jho7WUBGAZrvFnn8RJJsJvDzNHi4rQTd5HHL__KErjY= pos=<6591.024902, 22.556307, 1723.011108>) used the  ExpansionCarKey to unlock MBw140_white (id=317B2D30F747520E8DF89A895DE2AD79 pos=<6592.229004, 22.609737, 1720.399536>)
09:24:55.515 [VehicleCarKey] Player "OrdepRoinuj" (id=jho7WUBGAZrvFnn8RJJsJvDzNHi4rQTd5HHL__KErjY= pos=<6592.910156, 23.011288, 1722.439697>) used the  ExpansionCarKey to lock MBw140_white (id=317B2D30F747520E8DF89A895DE2AD79 pos=<6592.229004, 22.609737, 1720.399536>)
09:25:08.152 [VehicleDeleted] MBw140_white (id=317B2D30F747520E8DF89A895DE2AD79 pos=<6592.229004, 22.609737, 1720.399536>)
09:25:08.152 [VehicleCover] Player "OrdepRoinuj" (id=jho7WUBGAZrvFnn8RJJsJvDzNHi4rQTd5HHL__KErjY= pos=<6592.910156, 23.011288, 1722.439697>) covered vehicle "MBw140_white" (GlobalID=80000000800000008000000080021057 pos=<6592.229004, 22.609737, 1720.399536>)!
09:25:25.031 [Party] Player "OrdepRoinuj" (id=jho7WUBGAZrvFnn8RJJsJvDzNHi4rQTd5HHL__KErjY=) left the party "OldDog" (id=42 ownerUID=jho7WUBGAZrvFnn8RJJsJvDzNHi4rQTd5HHL__KErjY= ownerName=Old Dog)
09:57:51.820 [Safezone] Player "[Admin] Bunker" (id=mBNlxASsPlOcry0dpDl8K-WgHNR5WMCMmoJ9NhpU4FY= pos=<5597.176758, 28.827524, 5353.574219>) Entered the safezone
09:57:51.835 [Expansion Quests] - InitQuestSystemClient - Loaded existing player quest data for player with UID: mBNlxASsPlOcry0dpDl8K-WgHNR5WMCMmoJ9NhpU4FY=
09:59:06.671 [Market] Player "[Admin] Bunker" (id=mBNlxASsPlOcry0dpDl8K-WgHNR5WMCMmoJ9NhpU4FY=) has send a requested to purchase audi_rs6_white x1 from the trader "Vehicles (Lewis [VEHICLES])" in market zone "The Holler" (pos=<5632.000000, 32.000000, 5392.000000>).
09:59:06.742 [VehicleDeleted] Audi_RS6_white (id=387FF71CAF4658B033DA2BB8382F0757 pos=<0.002864, 0.520934, -0.196307>)
09:59:06.750 [Market] Player "[Admin] Bunker" (id=mBNlxASsPlOcry0dpDl8K-WgHNR5WMCMmoJ9NhpU4FY=) has bought audi_rs6_white x1 from the trader "Vehicles (Lewis [VEHICLES])" in market zone "The Holler" (pos=<5632.000000, 32.000000, 5392.000000>) for a price of 85800.
09:59:24.289 [Market] Player "[Admin] Bunker" (id=mBNlxASsPlOcry0dpDl8K-WgHNR5WMCMmoJ9NhpU4FY=) has send a requested to sell audi_rs6_white x1 at the trader "Vehicles (Lewis [VEHICLES])" in market zone "The Holler" (pos=<5632.000000, 32.000000, 5392.000000>).
09:59:24.371 [VehicleDeleted] Audi_RS6_white (id=E447036455405102887CE2A021212A4B pos=<5601.256836, 28.589830, 5357.755859>)
09:59:24.375 [Market] Player "[Admin] Bunker" (id=mBNlxASsPlOcry0dpDl8K-WgHNR5WMCMmoJ9NhpU4FY=) has sold audi_rs6_white x1 at the trader "Vehicles (Lewis [VEHICLES])" in market zone "The Holler" (pos=<5632.000000, 32.000000, 5392.000000>) and got 64350.
09:59:28.671 [Market] Player "[Admin] Bunker" (id=mBNlxASsPlOcry0dpDl8K-WgHNR5WMCMmoJ9NhpU4FY=) has send a requested to purchase chevrolet_camaro x1 from the trader "Vehicles (Lewis [VEHICLES])" in market zone "The Holler" (pos=<5632.000000, 32.000000, 5392.000000>).
09:59:28.718 [VehicleDeleted] Chevrolet_Camaro (id=397398E3A84A0DA8424989A7A83C8866 pos=<0.001145, 0.387529, -0.054011>)
09:59:28.726 [Market] Player "[Admin] Bunker" (id=mBNlxASsPlOcry0dpDl8K-WgHNR5WMCMmoJ9NhpU4FY=) has bought chevrolet_camaro x1 from the trader "Vehicles (Lewis [VEHICLES])" in market zone "The Holler" (pos=<5632.000000, 32.000000, 5392.000000>) for a price of 275700.
09:59:41.804 [Market] Player "[Admin] Bunker" (id=mBNlxASsPlOcry0dpDl8K-WgHNR5WMCMmoJ9NhpU4FY=) has send a requested to sell chevrolet_camaro x1 at the trader "Vehicles (Lewis [VEHICLES])" in market zone "The Holler" (pos=<5632.000000, 32.000000, 5392.000000>).
09:59:41.894 [VehicleDeleted] Chevrolet_Camaro (id=815203B560431799471B32AE01DA8364 pos=<5601.251465, 28.699020, 5357.905762>)
09:59:41.898 [Market] Player "[Admin] Bunker" (id=mBNlxASsPlOcry0dpDl8K-WgHNR5WMCMmoJ9NhpU4FY=) has sold chevrolet_camaro x1 at the trader "Vehicles (Lewis [VEHICLES])" in market zone "The Holler" (pos=<5632.000000, 32.000000, 5392.000000>) and got 206775.
09:59:43.625 [Market] Player "[Admin] Bunker" (id=mBNlxASsPlOcry0dpDl8K-WgHNR5WMCMmoJ9NhpU4FY=) has send a requested to purchase pontiac_rust x1 from the trader "Vehicles (Lewis [VEHICLES])" in market zone "The Holler" (pos=<5632.000000, 32.000000, 5392.000000>).
09:59:43.675 [VehicleDeleted] PONTIAC_rust (id=D1D50EFF4C4952448C686C89FD54D6DE pos=<0.000536, 0.754211, 0.137185>)
09:59:43.683 [Market] Player "[Admin] Bunker" (id=mBNlxASsPlOcry0dpDl8K-WgHNR5WMCMmoJ9NhpU4FY=) has bought pontiac_rust x1 from the trader "Vehicles (Lewis [VEHICLES])" in market zone "The Holler" (pos=<5632.000000, 32.000000, 5392.000000>) for a price of 115600.
09:59:57.125 [Market] Player "[Admin] Bunker" (id=mBNlxASsPlOcry0dpDl8K-WgHNR5WMCMmoJ9NhpU4FY=) has send a requested to sell pontiac_rust x1 at the trader "Vehicles (Lewis [VEHICLES])" in market zone "The Holler" (pos=<5632.000000, 32.000000, 5392.000000>).
09:59:57.203 [VehicleDeleted] PONTIAC_rust (id=B304AEAFDE41CBEC7762B68589F353E5 pos=<5601.234375, 28.681431, 5358.098633>)
09:59:57.207 [Market] Player "[Admin] Bunker" (id=mBNlxASsPlOcry0dpDl8K-WgHNR5WMCMmoJ9NhpU4FY=) has sold pontiac_rust x1 at the trader "Vehicles (Lewis [VEHICLES])" in market zone "The Holler" (pos=<5632.000000, 32.000000, 5392.000000>) and got 86700.
10:00:04.621 [Market] Player "[Admin] Bunker" (id=mBNlxASsPlOcry0dpDl8K-WgHNR5WMCMmoJ9NhpU4FY=) has send a requested to purchase gaz71 x1 from the trader "Vehicles (Lewis [VEHICLES])" in market zone "The Holler" (pos=<5632.000000, 32.000000, 5392.000000>).
10:00:04.746 [VehicleDeleted] Gaz71 (id=6EE3B20BC344519092495A953B82CF6F pos=<-0.000530, 0.826989, -0.263193>)
10:00:04.761 [Market] Player "[Admin] Bunker" (id=mBNlxASsPlOcry0dpDl8K-WgHNR5WMCMmoJ9NhpU4FY=) has bought gaz71 x1 from the trader "Vehicles (Lewis [VEHICLES])" in market zone "The Holler" (pos=<5632.000000, 32.000000, 5392.000000>) for a price of 1014200.
10:00:15.281 [AdminTools] Player "[Admin] Bunker" (id=mBNlxASsPlOcry0dpDl8K-WgHNR5WMCMmoJ9NhpU4FY= pos=<5597.711426, 28.722498, 5360.501465>) used the Admin CarKey to unpair Gaz71 (id=E441452E054C551776E495BFEDC77C96 pos=<5601.251953, 28.702650, 5357.696777>)
10:00:24.042 [AdminTools] Player "[Admin] Bunker" (id=mBNlxASsPlOcry0dpDl8K-WgHNR5WMCMmoJ9NhpU4FY= pos=<5597.711426, 28.722498, 5360.501465>) used the  ExpansionCarAdminKey to lock Gaz71 (id=E441452E054C551776E495BFEDC77C96 pos=<5601.251953, 28.702650, 5357.696777>)
10:00:59.125 [VehicleDeleted] Gaz71 (id=E441452E054C551776E495BFEDC77C96 pos=<5601.251953, 28.702650, 5357.696777>)
10:01:10.453 [Market] Player "[Admin] Bunker" (id=mBNlxASsPlOcry0dpDl8K-WgHNR5WMCMmoJ9NhpU4FY=) has send a requested to purchase eger x1 from the trader "Vehicles (Lewis [VEHICLES])" in market zone "The Holler" (pos=<5632.000000, 32.000000, 5392.000000>).
10:01:10.546 [VehicleDeleted] EGER (id=4FC914A72448A44BEBF4D99D5FC9D5F9 pos=<-0.001632, 0.971267, -0.139109>)
10:01:10.558 [Market] Player "[Admin] Bunker" (id=mBNlxASsPlOcry0dpDl8K-WgHNR5WMCMmoJ9NhpU4FY=) has bought eger x1 from the trader "Vehicles (Lewis [VEHICLES])" in market zone "The Holler" (pos=<5632.000000, 32.000000, 5392.000000>) for a price of 412400.
10:01:35.140 [Market] Player "[Admin] Bunker" (id=mBNlxASsPlOcry0dpDl8K-WgHNR5WMCMmoJ9NhpU4FY=) has send a requested to sell eger x1 at the trader "Vehicles (Lewis [VEHICLES])" in market zone "The Holler" (pos=<5632.000000, 32.000000, 5392.000000>).
10:01:35.195 [VehicleDeleted] EGER (id=A4F5028A1949D46DD5BF0E8C159223AD pos=<5601.249023, 28.733135, 5357.824219>)
10:01:35.199 [Market] Player "[Admin] Bunker" (id=mBNlxASsPlOcry0dpDl8K-WgHNR5WMCMmoJ9NhpU4FY=) has sold eger x1 at the trader "Vehicles (Lewis [VEHICLES])" in market zone "The Holler" (pos=<5632.000000, 32.000000, 5392.000000>) and got 309300.
10:01:50.085 [Market] Player "[Admin] Bunker" (id=mBNlxASsPlOcry0dpDl8K-WgHNR5WMCMmoJ9NhpU4FY=) has send a requested to purchase suv_kamo x1 from the trader "Vehicles (Lewis [VEHICLES])" in market zone "The Holler" (pos=<5632.000000, 32.000000, 5392.000000>).
10:01:50.183 [VehicleDeleted] SUV_kamo (id=3F5F8F82094B1830F8856FB7B3FA502B pos=<0.018224, 0.708808, -0.550559>)
10:01:50.195 [Market] Player "[Admin] Bunker" (id=mBNlxASsPlOcry0dpDl8K-WgHNR5WMCMmoJ9NhpU4FY=) has bought suv_kamo x1 from the trader "Vehicles (Lewis [VEHICLES])" in market zone "The Holler" (pos=<5632.000000, 32.000000, 5392.000000>) for a price of 270900.
10:02:07.554 [Market] Player "[Admin] Bunker" (id=mBNlxASsPlOcry0dpDl8K-WgHNR5WMCMmoJ9NhpU4FY=) has send a requested to sell suv_kamo x1 at the trader "Vehicles (Lewis [VEHICLES])" in market zone "The Holler" (pos=<5632.000000, 32.000000, 5392.000000>).
10:02:07.636 [VehicleDeleted] SUV_kamo (id=2912B348804BA3623A922F8CF2D51CA7 pos=<5601.264648, 28.713463, 5357.405273>)
10:02:07.640 [Market] Player "[Admin] Bunker" (id=mBNlxASsPlOcry0dpDl8K-WgHNR5WMCMmoJ9NhpU4FY=) has sold suv_kamo x1 at the trader "Vehicles (Lewis [VEHICLES])" in market zone "The Holler" (pos=<5632.000000, 32.000000, 5392.000000>) and got 203175.
10:02:09.210 [Market] Player "[Admin] Bunker" (id=mBNlxASsPlOcry0dpDl8K-WgHNR5WMCMmoJ9NhpU4FY=) has send a requested to purchase range_rover x1 from the trader "Vehicles (Lewis [VEHICLES])" in market zone "The Holler" (pos=<5632.000000, 32.000000, 5392.000000>).
10:02:09.253 [VehicleDeleted] Range_Rover (id=346A901E314ACE5E4A3B0E915094B435 pos=<0.006042, 0.517978, 0.281693>)
10:02:09.265 [Market] Player "[Admin] Bunker" (id=mBNlxASsPlOcry0dpDl8K-WgHNR5WMCMmoJ9NhpU4FY=) has bought range_rover x1 from the trader "Vehicles (Lewis [VEHICLES])" in market zone "The Holler" (pos=<5632.000000, 32.000000, 5392.000000>) for a price of 510900.
10:02:23.710 [Market] Player "[Admin] Bunker" (id=mBNlxASsPlOcry0dpDl8K-WgHNR5WMCMmoJ9NhpU4FY=) has send a requested to sell range_rover x1 at the trader "Vehicles (Lewis [VEHICLES])" in market zone "The Holler" (pos=<5632.000000, 32.000000, 5392.000000>).
10:02:23.742 [VehicleDeleted] Range_Rover (id=109D6A049540C2CB4692D4B5B0D28736 pos=<5601.242676, 28.685495, 5358.248535>)
10:02:23.746 [Market] Player "[Admin] Bunker" (id=mBNlxASsPlOcry0dpDl8K-WgHNR5WMCMmoJ9NhpU4FY=) has sold range_rover x1 at the trader "Vehicles (Lewis [VEHICLES])" in market zone "The Holler" (pos=<5632.000000, 32.000000, 5392.000000>) and got 383175.
10:02:27.062 [Market] Player "[Admin] Bunker" (id=mBNlxASsPlOcry0dpDl8K-WgHNR5WMCMmoJ9NhpU4FY=) has send a requested to purchase offroadrangerover_kamo x1 from the trader "Vehicles (Lewis [VEHICLES])" in market zone "The Holler" (pos=<5632.000000, 32.000000, 5392.000000>).
10:02:27.140 [VehicleDeleted] OffroadRangeRover_kamo (id=F970282F3640C54321FF88937B21CADB pos=<0.000100, 0.479013, 0.132593>)
10:02:27.152 [Market] Player "[Admin] Bunker" (id=mBNlxASsPlOcry0dpDl8K-WgHNR5WMCMmoJ9NhpU4FY=) has bought offroadrangerover_kamo x1 from the trader "Vehicles (Lewis [VEHICLES])" in market zone "The Holler" (pos=<5632.000000, 32.000000, 5392.000000>) for a price of 155900.
10:02:45.210 [Market] Player "[Admin] Bunker" (id=mBNlxASsPlOcry0dpDl8K-WgHNR5WMCMmoJ9NhpU4FY=) has send a requested to sell offroadrangerover_kamo x1 at the trader "Vehicles (Lewis [VEHICLES])" in market zone "The Holler" (pos=<5632.000000, 32.000000, 5392.000000>).
10:02:45.261 [VehicleDeleted] OffroadRangeRover_kamo (id=B402BA9E1E4F33D14D2F95B47B173658 pos=<5601.251465, 28.719034, 5358.093262>)
10:02:45.265 [Market] Player "[Admin] Bunker" (id=mBNlxASsPlOcry0dpDl8K-WgHNR5WMCMmoJ9NhpU4FY=) has sold offroadrangerover_kamo x1 at the trader "Vehicles (Lewis [VEHICLES])" in market zone "The Holler" (pos=<5632.000000, 32.000000, 5392.000000>) and got 116925.
10:02:46.789 [Market] Player "[Admin] Bunker" (id=mBNlxASsPlOcry0dpDl8K-WgHNR5WMCMmoJ9NhpU4FY=) has send a requested to purchase scout_snik2 x1 from the trader "Vehicles (Lewis [VEHICLES])" in market zone "The Holler" (pos=<5632.000000, 32.000000, 5392.000000>).
10:02:46.851 [VehicleDeleted] SCOUT_snik2 (id=102CBE42FE44051DBA9431AF76BFFD87 pos=<-0.007357, 0.699372, -0.205357>)
10:02:46.863 [Market] Player "[Admin] Bunker" (id=mBNlxASsPlOcry0dpDl8K-WgHNR5WMCMmoJ9NhpU4FY=) has bought scout_snik2 x1 from the trader "Vehicles (Lewis [VEHICLES])" in market zone "The Holler" (pos=<5632.000000, 32.000000, 5392.000000>) for a price of 510900.
10:03:16.019 [VehicleCarKey] Player "[Admin] Bunker" (id=mBNlxASsPlOcry0dpDl8K-WgHNR5WMCMmoJ9NhpU4FY= pos=<5599.036621, 28.722498, 5356.969238>) used the  ExpansionCarKey to unlock SCOUT_snik2 (id=E4FC5879DE400F892A9E5F9B1560A00E pos=<5601.245117, 28.699446, 5357.749023>)
10:03:29.277 [VehicleCarKey] Player "[Admin] Bunker" (id=mBNlxASsPlOcry0dpDl8K-WgHNR5WMCMmoJ9NhpU4FY= pos=<5603.531250, 28.722498, 5355.773926>) used the  ExpansionCarKey to lock SCOUT_snik2 (id=E4FC5879DE400F892A9E5F9B1560A00E pos=<5601.245117, 28.699446, 5357.749023>)
10:03:32.714 [VehicleCarKey] Player "[Admin] Bunker" (id=mBNlxASsPlOcry0dpDl8K-WgHNR5WMCMmoJ9NhpU4FY= pos=<5603.531250, 28.722498, 5355.773926>) used the  ExpansionCarKey to unlock SCOUT_snik2 (id=E4FC5879DE400F892A9E5F9B1560A00E pos=<5601.245117, 28.699446, 5357.749023>)
10:03:51.433 [Market] Player "[Admin] Bunker" (id=mBNlxASsPlOcry0dpDl8K-WgHNR5WMCMmoJ9NhpU4FY=) has send a requested to sell scout_snik2 x1 at the trader "Vehicles (Lewis [VEHICLES])" in market zone "The Holler" (pos=<5632.000000, 32.000000, 5392.000000>).
10:03:51.468 [VehicleDeleted] SCOUT_snik2 (id=E4FC5879DE400F892A9E5F9B1560A00E pos=<5601.245117, 28.699446, 5357.749023>)
10:03:51.472 [Market] Player "[Admin] Bunker" (id=mBNlxASsPlOcry0dpDl8K-WgHNR5WMCMmoJ9NhpU4FY=) has sold scout_snik2 x1 at the trader "Vehicles (Lewis [VEHICLES])" in market zone "The Holler" (pos=<5632.000000, 32.000000, 5392.000000>) and got 383175.
10:33:09.980 [Party] Player "Stahlhelm Sturm" (id=Dj-6_aSgGuPVYaq-POeeqvRPr_91gVAi6qp9fgRrqHk=) joinded the party "DIEHARD" (id=32 ownerUID=JmVdSu0kzNbOpwjpFV-MDcMB-Equ3yPY-l-COMb6HgY= ownerName=Nick Leadbeatter)
10:33:09.984 [Expansion Quests] - InitQuestSystemClient - Loaded existing player quest data for player with UID: Dj-6_aSgGuPVYaq-POeeqvRPr_91gVAi6qp9fgRrqHk=
10:33:09.984 [Expansion Quests] - LoadGroupQuestData - Got cached group quest data for group with ID: 32
10:33:09.984 [Expansion Quests] - Create new quest instance for quest: 11 - Player UID: Dj-6_aSgGuPVYaq-POeeqvRPr_91gVAi6qp9fgRrqHk=
10:33:10.941 [Expansion Quests] - LoadGroupQuestData - Got cached group quest data for group with ID: 32
10:33:47.074 [VehicleCover] Player "Stahlhelm Sturm" (id=Dj-6_aSgGuPVYaq-POeeqvRPr_91gVAi6qp9fgRrqHk= pos=<5940.203613, 6.336368, 13429.854492>) uncovered vehicle "OffroadRangeRover_green" (GlobalID=80000000800000008000000080016FB4 pos=<5943.119629, 6.309035, 13429.458984>)!
10:33:57.226 [VehicleCarKey] Player "Stahlhelm Sturm" (id=Dj-6_aSgGuPVYaq-POeeqvRPr_91gVAi6qp9fgRrqHk= pos=<5944.553711, 6.554714, 13428.035156>) used the  ExpansionCarKey to unlock OffroadRangeRover_green (id=687EDD24C34B79131F6CEC8E19073E15 pos=<5943.119629, 6.309034, 13429.458984>)
10:34:11.648 [VehicleEnter] Player Stahlhelm Sturm [uid=Dj-6_aSgGuPVYaq-POeeqvRPr_91gVAi6qp9fgRrqHk=] entered vehicle Offroad Range Rover green  (id=687EDD24C34B79131F6CEC8E19073E15 pos=<5943.119629, 6.309035, 13429.458984>) as driver
10:34:18.601 [VehicleEngine] Player Stahlhelm Sturm [uid=Dj-6_aSgGuPVYaq-POeeqvRPr_91gVAi6qp9fgRrqHk=] started vehicle Offroad Range Rover green  (id=687EDD24C34B79131F6CEC8E19073E15 pos=<5943.119629, 6.309035, 13429.458984>)
10:40:57.218 [VehicleLeave] Player Stahlhelm Sturm [uid=Dj-6_aSgGuPVYaq-POeeqvRPr_91gVAi6qp9fgRrqHk=] left vehicle Offroad Range Rover green  (id=687EDD24C34B79131F6CEC8E19073E15 pos=<5676.996094, 4.939035, 9270.125977>)
10:42:22.351 [VehicleEnter] Player Stahlhelm Sturm [uid=Dj-6_aSgGuPVYaq-POeeqvRPr_91gVAi6qp9fgRrqHk=] entered vehicle Offroad Range Rover green  (id=687EDD24C34B79131F6CEC8E19073E15 pos=<5676.996094, 4.939035, 9270.125977>) as driver
10:42:26.054 [VehicleEngine] Player Stahlhelm Sturm [uid=Dj-6_aSgGuPVYaq-POeeqvRPr_91gVAi6qp9fgRrqHk=] started vehicle Offroad Range Rover green  (id=687EDD24C34B79131F6CEC8E19073E15 pos=<5676.996094, 4.939035, 9270.125977>)
10:45:02.007 [VehicleEngine] Player Stahlhelm Sturm [uid=Dj-6_aSgGuPVYaq-POeeqvRPr_91gVAi6qp9fgRrqHk=] stopped vehicle Offroad Range Rover green  (id=687EDD24C34B79131F6CEC8E19073E15 pos=<5457.527832, 2.062409, 7613.152344>)
10:45:06.906 [VehicleLeave] Player Stahlhelm Sturm [uid=Dj-6_aSgGuPVYaq-POeeqvRPr_91gVAi6qp9fgRrqHk=] left vehicle Offroad Range Rover green  (id=687EDD24C34B79131F6CEC8E19073E15 pos=<5457.527832, 2.062410, 7613.152344>)
10:45:14.093 [VehicleCarKey] Player "Stahlhelm Sturm" (id=Dj-6_aSgGuPVYaq-POeeqvRPr_91gVAi6qp9fgRrqHk= pos=<5458.738770, 2.106755, 7612.421875>) used the  ExpansionCarKey to lock OffroadRangeRover_green (id=687EDD24C34B79131F6CEC8E19073E15 pos=<5457.527832, 2.062407, 7613.152344>)
10:51:20.343 [MissionAirdrop] An airdrop is heading towards "Sandy Bay" (pos=<4627.000000, 0.000000, 7507.000000> type=Random_Sandy Bay) with a ExpansionAirdropContainer_Military
11:09:01.367 [VehicleCarKey] Player "Stahlhelm Sturm" (id=Dj-6_aSgGuPVYaq-POeeqvRPr_91gVAi6qp9fgRrqHk= pos=<5459.281738, 2.105145, 7612.895508>) used the  ExpansionCarKey to unlock OffroadRangeRover_green (id=687EDD24C34B79131F6CEC8E19073E15 pos=<5457.527832, 2.062407, 7613.152344>)
11:09:07.843 [VehicleEnter] Player Stahlhelm Sturm [uid=Dj-6_aSgGuPVYaq-POeeqvRPr_91gVAi6qp9fgRrqHk=] entered vehicle Offroad Range Rover green  (id=687EDD24C34B79131F6CEC8E19073E15 pos=<5457.527832, 2.062408, 7613.152344>) as driver
11:09:12.593 [VehicleEngine] Player Stahlhelm Sturm [uid=Dj-6_aSgGuPVYaq-POeeqvRPr_91gVAi6qp9fgRrqHk=] started vehicle Offroad Range Rover green  (id=687EDD24C34B79131F6CEC8E19073E15 pos=<5457.527832, 2.062408, 7613.152344>)
11:14:47.242 [Safezone] Player "Stahlhelm Sturm" (id=Dj-6_aSgGuPVYaq-POeeqvRPr_91gVAi6qp9fgRrqHk= pos=<5660.678711, 29.686949, 5530.912598>) Entered the safezone
11:16:02.960 [VehicleEngine] Player Stahlhelm Sturm [uid=Dj-6_aSgGuPVYaq-POeeqvRPr_91gVAi6qp9fgRrqHk=] stopped vehicle Offroad Range Rover green  (id=687EDD24C34B79131F6CEC8E19073E15 pos=<5613.267578, 28.719034, 5404.376953>)
11:16:08.953 [VehicleLeave] Player Stahlhelm Sturm [uid=Dj-6_aSgGuPVYaq-POeeqvRPr_91gVAi6qp9fgRrqHk=] left vehicle Offroad Range Rover green  (id=687EDD24C34B79131F6CEC8E19073E15 pos=<5613.267578, 28.719034, 5404.376953>)
11:16:43.765 [VehicleCarKey] Player "Stahlhelm Sturm" (id=Dj-6_aSgGuPVYaq-POeeqvRPr_91gVAi6qp9fgRrqHk= pos=<5615.371094, 28.722498, 5406.222168>) used the  ExpansionCarKey to lock OffroadRangeRover_green (id=687EDD24C34B79131F6CEC8E19073E15 pos=<5613.267578, 28.719034, 5404.376953>)
11:17:04.820 [Market] Player "Stahlhelm Sturm" (id=Dj-6_aSgGuPVYaq-POeeqvRPr_91gVAi6qp9fgRrqHk=) has send a requested to sell b95 x1 at the trader "Weapons (Oliver [WEAPONS])" in market zone "The Holler" (pos=<5632.000000, 32.000000, 5392.000000>).
11:17:05.023 [Market] Player "Stahlhelm Sturm" (id=Dj-6_aSgGuPVYaq-POeeqvRPr_91gVAi6qp9fgRrqHk=) has sold b95 x1 at the trader "Weapons (Oliver [WEAPONS])" in market zone "The Holler" (pos=<5632.000000, 32.000000, 5392.000000>) and got 8775.
11:17:39.195 [Market] Player "Stahlhelm Sturm" (id=Dj-6_aSgGuPVYaq-POeeqvRPr_91gVAi6qp9fgRrqHk=) has send a requested to sell collectable_floppydisks_mtv x1 at the trader "Special (Eva [SPECIALTY ITEMS])" in market zone "The Holler" (pos=<5632.000000, 32.000000, 5392.000000>).
11:17:39.347 [Market] Player "Stahlhelm Sturm" (id=Dj-6_aSgGuPVYaq-POeeqvRPr_91gVAi6qp9fgRrqHk=) has sold collectable_floppydisks_mtv x1 at the trader "Special (Eva [SPECIALTY ITEMS])" in market zone "The Holler" (pos=<5632.000000, 32.000000, 5392.000000>) and got 40500.
11:17:43.644 [Market] Player "Stahlhelm Sturm" (id=Dj-6_aSgGuPVYaq-POeeqvRPr_91gVAi6qp9fgRrqHk=) has send a requested to sell collectable_gpu x1 at the trader "Special (Eva [SPECIALTY ITEMS])" in market zone "The Holler" (pos=<5632.000000, 32.000000, 5392.000000>).
11:17:43.820 [Market] Player "Stahlhelm Sturm" (id=Dj-6_aSgGuPVYaq-POeeqvRPr_91gVAi6qp9fgRrqHk=) has sold collectable_gpu x1 at the trader "Special (Eva [SPECIALTY ITEMS])" in market zone "The Holler" (pos=<5632.000000, 32.000000, 5392.000000>) and got 9000.
11:18:30.218 [Market] Player "Stahlhelm Sturm" (id=Dj-6_aSgGuPVYaq-POeeqvRPr_91gVAi6qp9fgRrqHk=) has send a requested to purchase ammobox_308win_20rnd x10 from the trader "WeaponAccessories (Rolf [WEAPON ACCESSORIES])" in market zone "The Holler" (pos=<5632.000000, 32.000000, 5392.000000>).
11:18:30.406 [Market] Player "Stahlhelm Sturm" (id=Dj-6_aSgGuPVYaq-POeeqvRPr_91gVAi6qp9fgRrqHk=) has bought ammobox_308win_20rnd x10 from the trader "WeaponAccessories (Rolf [WEAPON ACCESSORIES])" in market zone "The Holler" (pos=<5632.000000, 32.000000, 5392.000000>) for a price of 320.
11:18:54.703 [Market] Player "Stahlhelm Sturm" (id=Dj-6_aSgGuPVYaq-POeeqvRPr_91gVAi6qp9fgRrqHk=) has send a requested to sell geb_lure2 x1 at the trader "Hunting (Helga [HUNTING & FISHING])" in market zone "The Holler" (pos=<5632.000000, 32.000000, 5392.000000>).
11:18:54.867 [Market] Player "Stahlhelm Sturm" (id=Dj-6_aSgGuPVYaq-POeeqvRPr_91gVAi6qp9fgRrqHk=) has sold geb_lure2 x1 at the trader "Hunting (Helga [HUNTING & FISHING])" in market zone "The Holler" (pos=<5632.000000, 32.000000, 5392.000000>) and got 86.
11:20:30.226 [Market] Player "Stahlhelm Sturm" (id=Dj-6_aSgGuPVYaq-POeeqvRPr_91gVAi6qp9fgRrqHk=) has send a requested to purchase expansionmerlinbackwheel x1 from the trader "Vehicles (Lewis [VEHICLES])" in market zone "The Holler" (pos=<5632.000000, 32.000000, 5392.000000>).
11:20:30.390 [Market] Player "Stahlhelm Sturm" (id=Dj-6_aSgGuPVYaq-POeeqvRPr_91gVAi6qp9fgRrqHk=) has bought expansionmerlinbackwheel x1 from the trader "Vehicles (Lewis [VEHICLES])" in market zone "The Holler" (pos=<5632.000000, 32.000000, 5392.000000>) for a price of 500.
11:21:13.890 [Market] Player "Stahlhelm Sturm" (id=Dj-6_aSgGuPVYaq-POeeqvRPr_91gVAi6qp9fgRrqHk=) has send a requested to purchase bandagedressing x1 from the trader "Medicals (Linda [MEDICAL])" in market zone "The Holler" (pos=<5632.000000, 32.000000, 5392.000000>).
11:21:14.039 [Market] Player "Stahlhelm Sturm" (id=Dj-6_aSgGuPVYaq-POeeqvRPr_91gVAi6qp9fgRrqHk=) has bought bandagedressing x1 from the trader "Medicals (Linda [MEDICAL])" in market zone "The Holler" (pos=<5632.000000, 32.000000, 5392.000000>) for a price of 300.
11:21:18.605 [Market] Player "Stahlhelm Sturm" (id=Dj-6_aSgGuPVYaq-POeeqvRPr_91gVAi6qp9fgRrqHk=) has send a requested to purchase bandagedressing x3 from the trader "Medicals (Linda [MEDICAL])" in market zone "The Holler" (pos=<5632.000000, 32.000000, 5392.000000>).
11:21:18.750 [Market] Player "Stahlhelm Sturm" (id=Dj-6_aSgGuPVYaq-POeeqvRPr_91gVAi6qp9fgRrqHk=) has bought bandagedressing x3 from the trader "Medicals (Linda [MEDICAL])" in market zone "The Holler" (pos=<5632.000000, 32.000000, 5392.000000>) for a price of 900.
11:22:04.460 [Expansion Quests] - CompleteQuest - Player with UID Dj-6_aSgGuPVYaq-POeeqvRPr_91gVAi6qp9fgRrqHk= has completed quest 11
11:23:46.023 [VehicleCarKey] Player "Stahlhelm Sturm" (id=Dj-6_aSgGuPVYaq-POeeqvRPr_91gVAi6qp9fgRrqHk= pos=<5615.593262, 28.722498, 5405.850098>) used the  ExpansionCarKey to unlock OffroadRangeRover_green (id=687EDD24C34B79131F6CEC8E19073E15 pos=<5613.267578, 28.719034, 5404.376953>)
11:24:51.179 [ATM] Player "Stahlhelm Sturm" (id=Dj-6_aSgGuPVYaq-POeeqvRPr_91gVAi6qp9fgRrqHk=) has deposited 56341 on his ATM account.
11:25:09.449 [VehicleEnter] Player Stahlhelm Sturm [uid=Dj-6_aSgGuPVYaq-POeeqvRPr_91gVAi6qp9fgRrqHk=] entered vehicle Offroad Range Rover green  (id=687EDD24C34B79131F6CEC8E19073E15 pos=<5613.267578, 28.719034, 5404.376953>) as driver
11:25:23.125 [VehicleEngine] Player Stahlhelm Sturm [uid=Dj-6_aSgGuPVYaq-POeeqvRPr_91gVAi6qp9fgRrqHk=] started vehicle Offroad Range Rover green  (id=687EDD24C34B79131F6CEC8E19073E15 pos=<5613.267578, 28.719034, 5404.376953>)
11:26:29.921 [Safezone] Player "Stahlhelm Sturm" (id=Dj-6_aSgGuPVYaq-POeeqvRPr_91gVAi6qp9fgRrqHk= pos=<5597.700195, 24.408903, 5635.190430>) Left the safezone
11:33:57.234 [VehicleLeave] Player Stahlhelm Sturm [uid=Dj-6_aSgGuPVYaq-POeeqvRPr_91gVAi6qp9fgRrqHk=] left vehicle Offroad Range Rover green  (id=687EDD24C34B79131F6CEC8E19073E15 pos=<7263.586426, 4.990173, 8809.972656>)
11:34:36.121 [VehicleEnter] Player Stahlhelm Sturm [uid=Dj-6_aSgGuPVYaq-POeeqvRPr_91gVAi6qp9fgRrqHk=] entered vehicle Offroad Range Rover green  (id=687EDD24C34B79131F6CEC8E19073E15 pos=<7263.586426, 4.990174, 8809.972656>) as driver
11:34:41.148 [VehicleEngine] Player Stahlhelm Sturm [uid=Dj-6_aSgGuPVYaq-POeeqvRPr_91gVAi6qp9fgRrqHk=] started vehicle Offroad Range Rover green  (id=687EDD24C34B79131F6CEC8E19073E15 pos=<7263.586426, 4.990174, 8809.972656>)
11:37:18.789 [VehicleEngine] Player Stahlhelm Sturm [uid=Dj-6_aSgGuPVYaq-POeeqvRPr_91gVAi6qp9fgRrqHk=] stopped vehicle Offroad Range Rover green  (id=687EDD24C34B79131F6CEC8E19073E15 pos=<8885.440430, 5.217834, 8676.121094>)
11:37:26.949 [VehicleLeave] Player Stahlhelm Sturm [uid=Dj-6_aSgGuPVYaq-POeeqvRPr_91gVAi6qp9fgRrqHk=] left vehicle Offroad Range Rover green  (id=687EDD24C34B79131F6CEC8E19073E15 pos=<8885.440430, 5.218230, 8676.121094>)
11:38:40.437 [VehicleCarKey] Player "Stahlhelm Sturm" (id=Dj-6_aSgGuPVYaq-POeeqvRPr_91gVAi6qp9fgRrqHk= pos=<8886.518555, 5.211761, 8679.233398>) used the  ExpansionCarKey to lock OffroadRangeRover_green (id=687EDD24C34B79131F6CEC8E19073E15 pos=<8885.440430, 5.218230, 8676.121094>)
11:39:12.253 [VehicleDeleted] OffroadRangeRover_green (id=687EDD24C34B79131F6CEC8E19073E15 pos=<8885.440430, 5.218230, 8676.121094>)
11:39:12.253 [VehicleCover] Player "Stahlhelm Sturm" (id=Dj-6_aSgGuPVYaq-POeeqvRPr_91gVAi6qp9fgRrqHk= pos=<8887.761719, 5.211761, 8676.860352>) covered vehicle "OffroadRangeRover_green" (GlobalID=80000000800000008000000080016FB4 pos=<8885.440430, 5.218230, 8676.121094>)!
11:42:35.414 [Party] Player "Stahlhelm Sturm" (id=Dj-6_aSgGuPVYaq-POeeqvRPr_91gVAi6qp9fgRrqHk=) left the party "DIEHARD" (id=32 ownerUID=JmVdSu0kzNbOpwjpFV-MDcMB-Equ3yPY-l-COMb6HgY= ownerName=Nick Leadbeatter)
