00:00:36.791 [VehicleDeleted] NivaPickup_kamo (id=71AAF130584C47307A78EE951D498669 pos=<0.002744, 0.641527, -0.244915>)
00:00:55.802 [VehicleDestroyed] ExpansionZodiacBoat (id=D01F6E0EF141D36A3B221AAE4B44265C pos=<5379.898926, 0.304465, 9226.062500>)
00:11:47.762 [VehicleDeleted] ExpansionZodiacBoat (id=D01F6E0EF141D36A3B221AAE4B44265C pos=<5379.898926, 0.304465, 9226.062500>)
00:15:24.275 [Party] Player "MaxCaliber" (id=s7vJf2NuCNme1MUM_sgLr2G3yzcxYg10pO0s-GAKExM=) joinded the party "Dirty Crew" (id=23 ownerUID=VsEWQWxzvcTpDLQgc9tVyxq5TiqDS9O3QehdBa_YkH8= ownerName=Condom Breath)
00:15:24.282 [AI Patrol] Spawning 3 RCFI Patrol bots at <3853.292480, 11.510414, 8929.064453>
00:21:14.865 [MissionAirdrop] An airdrop is heading towards "Kushville" (pos=<7630.000000, 0.000000, 3717.000000> type=Random_Kushville) with a ExpansionAirdropContainer_Basebuilding
00:23:31.494 [VehicleDeleted] ExpansionMh6_Blueline (id=F410D3BB784959A02AAEED85EA24333A pos=<0.000861, 1.692845, 0.535123>)
00:23:31.502 [VirtualGarage] Player "MaxCaliber" (id=s7vJf2NuCNme1MUM_sgLr2G3yzcxYg10pO0s-GAKExM= pos=<3752.173828, 11.462067, 9718.124023>) retrieved a vehicle "ExpansionMh6_Blueline" (GlobalID=80000000800000008000000080012B6E pos=<3746.708496, 11.507565, 9720.595703>)
00:25:53.613 [AI Patrol] Spawning 3 Temple Patrol bots at <331.433868, 48.908298, 618.278259>
00:25:53.624 [AI Patrol] Spawning 3 Temple Patrol bots at <353.568329, 47.070000, 850.326538>
00:25:53.636 [AI Patrol] Spawning 3 Temple Patrol bots at <406.048859, 47.070000, 807.183105>
00:25:55.315 [VehicleEnter] Player MaxCaliber [uid=s7vJf2NuCNme1MUM_sgLr2G3yzcxYg10pO0s-GAKExM=] entered vehicle Mh-6 Little Bird (id=40A03AE1B34B8AEB101DD2B9FA06C52A pos=<3746.706543, 11.507354, 9720.595703>) as pilot
00:25:59.452 [VehicleLeave] Player MaxCaliber [uid=s7vJf2NuCNme1MUM_sgLr2G3yzcxYg10pO0s-GAKExM=] left vehicle Mh-6 Little Bird (id=40A03AE1B34B8AEB101DD2B9FA06C52A pos=<3746.706299, 11.507562, 9720.595703>)
00:26:03.265 [VehicleCarKey] Player "Josh" (id=HAFduBzmpDN4tgqni6CFo0kwJ2aFYdhg5CPf66P8Zps= pos=<8858.417969, 38.607262, 9953.563477>) used the  ExpansionCarKey to unlock ToyotaHilux_kamo (id=70B064C3284F5EEA2384949BF167D6FC pos=<8859.327148, 38.612061, 9954.837891>)
00:26:18.337 [VehicleEnter] Player Josh [uid=HAFduBzmpDN4tgqni6CFo0kwJ2aFYdhg5CPf66P8Zps=] entered vehicle ToyotaHilux Camo (id=70B064C3284F5EEA2384949BF167D6FC pos=<8859.328125, 38.612045, 9954.837891>) as driver
00:26:23.573 [VehicleEngine] Player Josh [uid=HAFduBzmpDN4tgqni6CFo0kwJ2aFYdhg5CPf66P8Zps=] started vehicle ToyotaHilux Camo (id=70B064C3284F5EEA2384949BF167D6FC pos=<8859.328125, 38.612045, 9954.837891>)
00:26:34.140 [VehicleLeave] Player Josh [uid=HAFduBzmpDN4tgqni6CFo0kwJ2aFYdhg5CPf66P8Zps=] left vehicle ToyotaHilux Camo (id=70B064C3284F5EEA2384949BF167D6FC pos=<8863.950195, 38.321964, 9942.434570>)
00:26:42.912 [VehicleAttachments] Player MaxCaliber (uid=s7vJf2NuCNme1MUM_sgLr2G3yzcxYg10pO0s-GAKExM=) detached Mh-6 Front-Right Door (type=Expansion_Mh6_Door_1_2_Blueline) from vehicle Mh-6 Little Bird(id=40A03AE1B34B8AEB101DD2B9FA06C52A pos=<3746.706299, 11.507565, 9720.595703>)
00:26:44.301 [VehicleEnter] Player Josh [uid=HAFduBzmpDN4tgqni6CFo0kwJ2aFYdhg5CPf66P8Zps=] entered vehicle ToyotaHilux Camo (id=70B064C3284F5EEA2384949BF167D6FC pos=<8863.951172, 38.321945, 9942.434570>) as driver
00:26:46.131 [VehicleLeave] Player Josh [uid=HAFduBzmpDN4tgqni6CFo0kwJ2aFYdhg5CPf66P8Zps=] left vehicle ToyotaHilux Camo (id=70B064C3284F5EEA2384949BF167D6FC pos=<8863.949219, 38.321995, 9942.434570>)
00:26:50.829 [VehicleEnter] Player Josh [uid=HAFduBzmpDN4tgqni6CFo0kwJ2aFYdhg5CPf66P8Zps=] entered vehicle ToyotaHilux Camo (id=70B064C3284F5EEA2384949BF167D6FC pos=<8863.952148, 38.321911, 9942.434570>) as driver
00:26:53.349 [VehicleEnter] Player MaxCaliber [uid=s7vJf2NuCNme1MUM_sgLr2G3yzcxYg10pO0s-GAKExM=] entered vehicle Mh-6 Little Bird (id=40A03AE1B34B8AEB101DD2B9FA06C52A pos=<3746.706299, 11.507562, 9720.595703>) as pilot
00:26:54.674 [VehicleEngine] Player Josh [uid=HAFduBzmpDN4tgqni6CFo0kwJ2aFYdhg5CPf66P8Zps=] started vehicle ToyotaHilux Camo (id=70B064C3284F5EEA2384949BF167D6FC pos=<8863.952148, 38.321918, 9942.434570>)
00:26:58.980 [VehicleEngine] Player MaxCaliber [uid=s7vJf2NuCNme1MUM_sgLr2G3yzcxYg10pO0s-GAKExM=] started vehicle Mh-6 Little Bird (id=40A03AE1B34B8AEB101DD2B9FA06C52A pos=<3746.706299, 11.507565, 9720.595703>)
00:28:34.331 [AI Patrol] Spawning 3 Power Plant Patrol bots at <4672.671387, 20.430000, 7151.599609>
00:30:03.260 [Safezone] Player "MaxCaliber" (id=s7vJf2NuCNme1MUM_sgLr2G3yzcxYg10pO0s-GAKExM= pos=<5568.816895, 301.489349, 5480.427734>) Entered the safezone
00:31:25.198 [VehicleEngine] Player MaxCaliber [uid=s7vJf2NuCNme1MUM_sgLr2G3yzcxYg10pO0s-GAKExM=] stopped vehicle Mh-6 Little Bird (id=40A03AE1B34B8AEB101DD2B9FA06C52A pos=<5614.734375, 30.004705, 5354.699219>)
00:31:29.214 [VehicleLeave] Player MaxCaliber [uid=s7vJf2NuCNme1MUM_sgLr2G3yzcxYg10pO0s-GAKExM=] left vehicle Mh-6 Little Bird (id=40A03AE1B34B8AEB101DD2B9FA06C52A pos=<5614.729492, 28.773542, 5354.701660>)
00:34:06.974 [ATM] Player "MaxCaliber" (id=s7vJf2NuCNme1MUM_sgLr2G3yzcxYg10pO0s-GAKExM=) has withdrawn 1112081 from his ATM account.
00:34:37.760 [Market] Player "MaxCaliber" (id=s7vJf2NuCNme1MUM_sgLr2G3yzcxYg10pO0s-GAKExM=) has send a requested to purchase expansionspraycanmh6wasp x1 from the trader "BuildingSupplies (Indar [BUILDINGS])" in market zone "The Holler" (pos=<5632.000000, 32.000000, 5392.000000>).
00:34:37.902 [Market] Player "MaxCaliber" (id=s7vJf2NuCNme1MUM_sgLr2G3yzcxYg10pO0s-GAKExM=) has bought expansionspraycanmh6wasp x1 from the trader "BuildingSupplies (Indar [BUILDINGS])" in market zone "The Holler" (pos=<5632.000000, 32.000000, 5392.000000>) for a price of 100.
00:35:08.556 [Market] Player "MaxCaliber" (id=s7vJf2NuCNme1MUM_sgLr2G3yzcxYg10pO0s-GAKExM=) has send a requested to sell expansionspraycanmh6wasp x1 at the trader "BuildingSupplies (Indar [BUILDINGS])" in market zone "The Holler" (pos=<5632.000000, 32.000000, 5392.000000>).
00:35:08.708 [Market] Player "MaxCaliber" (id=s7vJf2NuCNme1MUM_sgLr2G3yzcxYg10pO0s-GAKExM=) has sold expansionspraycanmh6wasp x1 at the trader "BuildingSupplies (Indar [BUILDINGS])" in market zone "The Holler" (pos=<5632.000000, 32.000000, 5392.000000>) and got 65.
00:37:16.637 [VehicleLeave] Player Josh [uid=HAFduBzmpDN4tgqni6CFo0kwJ2aFYdhg5CPf66P8Zps=] left vehicle ToyotaHilux Camo (id=70B064C3284F5EEA2384949BF167D6FC pos=<7509.957520, 24.788887, 3805.796387>)
00:37:19.622 [VehicleCarKey] Player "Josh" (id=HAFduBzmpDN4tgqni6CFo0kwJ2aFYdhg5CPf66P8Zps= pos=<7511.645996, 24.863062, 3806.621582>) used the  ExpansionCarKey to lock ToyotaHilux_kamo (id=70B064C3284F5EEA2384949BF167D6FC pos=<7509.957520, 24.788891, 3805.796387>)
00:37:38.507 [VehicleEnter] Player MaxCaliber [uid=s7vJf2NuCNme1MUM_sgLr2G3yzcxYg10pO0s-GAKExM=] entered vehicle Mh-6 Little Bird (id=40A03AE1B34B8AEB101DD2B9FA06C52A pos=<5614.729492, 28.773565, 5354.701660>) as pilot
00:37:40.695 [VehicleLeave] Player MaxCaliber [uid=s7vJf2NuCNme1MUM_sgLr2G3yzcxYg10pO0s-GAKExM=] left vehicle Mh-6 Little Bird (id=40A03AE1B34B8AEB101DD2B9FA06C52A pos=<5614.729492, 28.773565, 5354.701660>)
00:40:05.536 [VehicleEnter] Player MaxCaliber [uid=s7vJf2NuCNme1MUM_sgLr2G3yzcxYg10pO0s-GAKExM=] entered vehicle Mh-6 Little Bird (id=40A03AE1B34B8AEB101DD2B9FA06C52A pos=<5614.729492, 28.773561, 5354.701660>) as pilot
00:41:41.405 [VehicleEngine] Player MaxCaliber [uid=s7vJf2NuCNme1MUM_sgLr2G3yzcxYg10pO0s-GAKExM=] started vehicle Mh-6 Little Bird (id=40A03AE1B34B8AEB101DD2B9FA06C52A pos=<5614.729492, 28.773558, 5354.701660>)
00:42:32.286 [Safezone] Player "MaxCaliber" (id=s7vJf2NuCNme1MUM_sgLr2G3yzcxYg10pO0s-GAKExM= pos=<5319.166016, 197.372772, 5839.263184>) Left the safezone
00:42:49.064 [AI Patrol] Spawning 1 Shamans bots at <4022.734375, 38.490002, 6847.376465>
00:47:25.228 [VehicleCarKey] Player "Josh" (id=HAFduBzmpDN4tgqni6CFo0kwJ2aFYdhg5CPf66P8Zps= pos=<7508.594727, 24.691015, 3806.772949>) used the  ExpansionCarKey to unlock ToyotaHilux_kamo (id=70B064C3284F5EEA2384949BF167D6FC pos=<7509.957520, 24.788891, 3805.796387>)
00:48:10.297 [VehicleCarKey] Player "Josh" (id=HAFduBzmpDN4tgqni6CFo0kwJ2aFYdhg5CPf66P8Zps= pos=<7508.594727, 24.691015, 3806.772949>) used the  ExpansionCarKey to lock ToyotaHilux_kamo (id=70B064C3284F5EEA2384949BF167D6FC pos=<7509.957520, 24.788891, 3805.796387>)
00:48:32.095 [VehicleEngine] Player MaxCaliber [uid=s7vJf2NuCNme1MUM_sgLr2G3yzcxYg10pO0s-GAKExM=] stopped vehicle Mh-6 Little Bird (id=40A03AE1B34B8AEB101DD2B9FA06C52A pos=<2177.843262, 32.461384, 14613.328125>)
00:48:35.512 [VehicleLeave] Player MaxCaliber [uid=s7vJf2NuCNme1MUM_sgLr2G3yzcxYg10pO0s-GAKExM=] left vehicle Mh-6 Little Bird (id=40A03AE1B34B8AEB101DD2B9FA06C52A pos=<2177.845703, 32.467159, 14613.324219>)
00:51:27.133 [VehicleCarKey] Player "Josh" (id=HAFduBzmpDN4tgqni6CFo0kwJ2aFYdhg5CPf66P8Zps= pos=<7511.500488, 24.871479, 3806.187988>) used the  ExpansionCarKey to unlock ToyotaHilux_kamo (id=70B064C3284F5EEA2384949BF167D6FC pos=<7509.957520, 24.788891, 3805.796387>)
00:55:35.418 [VehicleEnter] Player MaxCaliber [uid=s7vJf2NuCNme1MUM_sgLr2G3yzcxYg10pO0s-GAKExM=] entered vehicle Mh-6 Little Bird (id=40A03AE1B34B8AEB101DD2B9FA06C52A pos=<2177.844727, 32.467209, 14613.323242>) as pilot
00:55:53.584 [VehicleEngine] Player MaxCaliber [uid=s7vJf2NuCNme1MUM_sgLr2G3yzcxYg10pO0s-GAKExM=] started vehicle Mh-6 Little Bird (id=40A03AE1B34B8AEB101DD2B9FA06C52A pos=<2177.844482, 32.467197, 14613.323242>)
00:57:09.274 [VehicleEnter] Player Josh [uid=HAFduBzmpDN4tgqni6CFo0kwJ2aFYdhg5CPf66P8Zps=] entered vehicle ToyotaHilux Camo (id=70B064C3284F5EEA2384949BF167D6FC pos=<7509.962402, 24.788792, 3805.796875>) as driver
00:57:14.100 [VehicleEngine] Player Josh [uid=HAFduBzmpDN4tgqni6CFo0kwJ2aFYdhg5CPf66P8Zps=] started vehicle ToyotaHilux Camo (id=70B064C3284F5EEA2384949BF167D6FC pos=<7509.959473, 24.788513, 3805.798096>)
00:58:12.271 [VehicleEngine] Player MaxCaliber [uid=s7vJf2NuCNme1MUM_sgLr2G3yzcxYg10pO0s-GAKExM=] stopped vehicle Mh-6 Little Bird (id=40A03AE1B34B8AEB101DD2B9FA06C52A pos=<4042.099365, 7.701392, 15410.776367>)
00:58:16.668 [VehicleLeave] Player MaxCaliber [uid=s7vJf2NuCNme1MUM_sgLr2G3yzcxYg10pO0s-GAKExM=] left vehicle Mh-6 Little Bird (id=40A03AE1B34B8AEB101DD2B9FA06C52A pos=<4042.099121, 7.701716, 15410.776367>)
01:07:48.913 [VehicleEngine] Player Josh [uid=HAFduBzmpDN4tgqni6CFo0kwJ2aFYdhg5CPf66P8Zps=] stopped vehicle ToyotaHilux Camo (id=70B064C3284F5EEA2384949BF167D6FC pos=<8866.093750, 37.413143, 9936.587891>)
01:07:52.699 [VehicleLeave] Player Josh [uid=HAFduBzmpDN4tgqni6CFo0kwJ2aFYdhg5CPf66P8Zps=] left vehicle ToyotaHilux Camo (id=70B064C3284F5EEA2384949BF167D6FC pos=<8866.091797, 37.413208, 9936.586914>)
01:08:18.777 [VehicleEnter] Player Josh [uid=HAFduBzmpDN4tgqni6CFo0kwJ2aFYdhg5CPf66P8Zps=] entered vehicle ToyotaHilux Camo (id=70B064C3284F5EEA2384949BF167D6FC pos=<8866.092773, 37.412849, 9936.586914>) as driver
01:08:23.672 [VehicleEngine] Player Josh [uid=HAFduBzmpDN4tgqni6CFo0kwJ2aFYdhg5CPf66P8Zps=] started vehicle ToyotaHilux Camo (id=70B064C3284F5EEA2384949BF167D6FC pos=<8866.092773, 37.412666, 9936.585938>)
01:08:38.947 [VehicleEngine] Player Josh [uid=HAFduBzmpDN4tgqni6CFo0kwJ2aFYdhg5CPf66P8Zps=] stopped vehicle ToyotaHilux Camo (id=70B064C3284F5EEA2384949BF167D6FC pos=<8859.368164, 38.612045, 9955.135742>)
01:08:42.658 [VehicleLeave] Player Josh [uid=HAFduBzmpDN4tgqni6CFo0kwJ2aFYdhg5CPf66P8Zps=] left vehicle ToyotaHilux Camo (id=70B064C3284F5EEA2384949BF167D6FC pos=<8859.370117, 38.612038, 9955.135742>)
01:10:48.170 [BaseRaiding] ExpansionSafeMedium (<8852.664063, 39.533470, 9951.094727>) Code set by player "Josh" (ID = "HAFduBzmpDN4tgqni6CFo0kwJ2aFYdhg5CPf66P8Zps=" at <8851.473633, 38.567741, 9950.696289>) and the code is 072969
01:14:40.172 [Killfeed] MaxCaliber got killed.
01:14:52.768 [Party] Player "MaxCaliber" (id=s7vJf2NuCNme1MUM_sgLr2G3yzcxYg10pO0s-GAKExM=) left the party "Dirty Crew" (id=23 ownerUID=VsEWQWxzvcTpDLQgc9tVyxq5TiqDS9O3QehdBa_YkH8= ownerName=Condom Breath)
01:21:43.025 [Party] Player "MaxCaliber" (id=s7vJf2NuCNme1MUM_sgLr2G3yzcxYg10pO0s-GAKExM=) joinded the party "Dirty Crew" (id=23 ownerUID=VsEWQWxzvcTpDLQgc9tVyxq5TiqDS9O3QehdBa_YkH8= ownerName=Condom Breath)
01:22:06.953 [SpawnSelection] Player "MaxCaliber" (id=s7vJf2NuCNme1MUM_sgLr2G3yzcxYg10pO0s-GAKExM=) spawned at <3703.820068, 20.430000, 6472.259766>
01:29:28.193 [Party] Player "brailsford40" (id=HQAtXFe6fZZL90M2CD_a22otF9NJ2s4t7n-ol5BAu6o=) joinded the party "DIEHARD" (id=32 ownerUID=JmVdSu0kzNbOpwjpFV-MDcMB-Equ3yPY-l-COMb6HgY= ownerName=Nick Leadbeatter)
01:37:05.036 [VehicleCarKey] Player "Josh" (id=HAFduBzmpDN4tgqni6CFo0kwJ2aFYdhg5CPf66P8Zps= pos=<8858.751953, 38.607113, 9952.213867>) used the  ExpansionCarKey to lock ToyotaHilux_kamo (id=70B064C3284F5EEA2384949BF167D6FC pos=<8859.365234, 38.612064, 9955.135742>)
01:37:14.799 [VehicleCarKey] Player "Josh" (id=HAFduBzmpDN4tgqni6CFo0kwJ2aFYdhg5CPf66P8Zps= pos=<8859.370117, 38.607292, 9951.847656>) used the  ExpansionCarKey to unlock ToyotaHilux_kamo (id=70B064C3284F5EEA2384949BF167D6FC pos=<8859.365234, 38.612064, 9955.135742>)
01:37:58.233 [VehicleCarKey] Player "Josh" (id=HAFduBzmpDN4tgqni6CFo0kwJ2aFYdhg5CPf66P8Zps= pos=<8861.409180, 38.607155, 9952.552734>) used the  ExpansionCarKey to lock ToyotaHilux_kamo (id=70B064C3284F5EEA2384949BF167D6FC pos=<8859.365234, 38.612064, 9955.135742>)
01:38:08.234 [VehicleCarKey] Player "Josh" (id=HAFduBzmpDN4tgqni6CFo0kwJ2aFYdhg5CPf66P8Zps= pos=<8860.924805, 38.607292, 9954.637695>) used the  ExpansionCarKey to unlock ToyotaHilux_kamo (id=70B064C3284F5EEA2384949BF167D6FC pos=<8859.365234, 38.612064, 9955.135742>)
01:50:29.513 [VehicleCarKey] Player "Josh" (id=HAFduBzmpDN4tgqni6CFo0kwJ2aFYdhg5CPf66P8Zps= pos=<8860.931641, 38.607292, 9954.697266>) used the  ExpansionCarKey to lock ToyotaHilux_kamo (id=70B064C3284F5EEA2384949BF167D6FC pos=<8859.365234, 38.612064, 9955.135742>)
01:50:30.598 [VehicleCarKey] Player "Josh" (id=HAFduBzmpDN4tgqni6CFo0kwJ2aFYdhg5CPf66P8Zps= pos=<8860.931641, 38.607292, 9954.697266>) used the  ExpansionCarKey to unlock ToyotaHilux_kamo (id=70B064C3284F5EEA2384949BF167D6FC pos=<8859.365234, 38.612064, 9955.135742>)
01:50:59.468 [VehicleCarKey] Player "Josh" (id=HAFduBzmpDN4tgqni6CFo0kwJ2aFYdhg5CPf66P8Zps= pos=<8860.931641, 38.607292, 9954.697266>) used the  ExpansionCarKey to lock ToyotaHilux_kamo (id=70B064C3284F5EEA2384949BF167D6FC pos=<8859.365234, 38.612064, 9955.135742>)
01:55:26.987 [Party] Player "brailsford40" (id=HQAtXFe6fZZL90M2CD_a22otF9NJ2s4t7n-ol5BAu6o=) left the party "DIEHARD" (id=32 ownerUID=JmVdSu0kzNbOpwjpFV-MDcMB-Equ3yPY-l-COMb6HgY= ownerName=Nick Leadbeatter)
01:55:52.000 [Killfeed] MaxCaliber got killed.
01:55:55.820 [Party] Player "MaxCaliber" (id=s7vJf2NuCNme1MUM_sgLr2G3yzcxYg10pO0s-GAKExM=) left the party "Dirty Crew" (id=23 ownerUID=VsEWQWxzvcTpDLQgc9tVyxq5TiqDS9O3QehdBa_YkH8= ownerName=Condom Breath)
02:06:32.125 [VehicleCarKey] Player "Josh" (id=HAFduBzmpDN4tgqni6CFo0kwJ2aFYdhg5CPf66P8Zps= pos=<8860.093750, 38.607292, 9952.051758>) used the  ExpansionCarKey to unlock ToyotaHilux_kamo (id=70B064C3284F5EEA2384949BF167D6FC pos=<8859.365234, 38.612064, 9955.135742>)
02:06:36.989 [VehicleAttachments] Player Josh (uid=HAFduBzmpDN4tgqni6CFo0kwJ2aFYdhg5CPf66P8Zps=) detached Jerrycan (type=CanisterGasoline) from vehicle ToyotaHilux Camo(id=70B064C3284F5EEA2384949BF167D6FC pos=<8859.365234, 38.612064, 9955.135742>)
02:07:13.086 [VehicleCarKey] Player "Josh" (id=HAFduBzmpDN4tgqni6CFo0kwJ2aFYdhg5CPf66P8Zps= pos=<8860.252930, 38.607220, 9952.016602>) used the  ExpansionCarKey to lock ToyotaHilux_kamo (id=70B064C3284F5EEA2384949BF167D6FC pos=<8859.365234, 38.612064, 9955.135742>)
02:21:35.523 [VehicleCarKey] Player "Josh" (id=HAFduBzmpDN4tgqni6CFo0kwJ2aFYdhg5CPf66P8Zps= pos=<8860.961914, 38.607292, 9954.620117>) used the  ExpansionCarKey to unlock ToyotaHilux_kamo (id=70B064C3284F5EEA2384949BF167D6FC pos=<8859.365234, 38.612064, 9955.135742>)
02:21:45.483 [VehicleCarKey] Player "Josh" (id=HAFduBzmpDN4tgqni6CFo0kwJ2aFYdhg5CPf66P8Zps= pos=<8860.961914, 38.607292, 9954.620117>) used the  ExpansionCarKey to lock ToyotaHilux_kamo (id=70B064C3284F5EEA2384949BF167D6FC pos=<8859.365234, 38.612064, 9955.135742>)
02:49:42.773 [VehicleCarKey] Player "Josh" (id=HAFduBzmpDN4tgqni6CFo0kwJ2aFYdhg5CPf66P8Zps= pos=<8861.429688, 38.607292, 9953.776367>) used the  ExpansionCarKey to unlock ToyotaHilux_kamo (id=70B064C3284F5EEA2384949BF167D6FC pos=<8859.365234, 38.612064, 9955.135742>)
02:49:56.981 [VehicleCarKey] Player "Josh" (id=HAFduBzmpDN4tgqni6CFo0kwJ2aFYdhg5CPf66P8Zps= pos=<8861.429688, 38.607292, 9953.776367>) used the  ExpansionCarKey to lock ToyotaHilux_kamo (id=70B064C3284F5EEA2384949BF167D6FC pos=<8859.365234, 38.612064, 9955.135742>)
