00:01:35.812 [Expansion Quests] - InitQuestSystemClient - Loaded existing player quest data for player with UID: 8Xp2uj5ZxNF55GgpLiN2OARJVn6kKpJE53oZMkC9IiQ=
00:01:35.813 [Expansion Quests] - LoadGroupQuestData - Created new persistent group quest data for group with ID: -1
00:01:35.817 [AI Patrol] Spawning 3 Shamans bots at <5242.459473, 106.568031, 2936.058594>
00:01:40.562 [Expansion Quests] - InitQuestSystemClient - Loaded existing player quest data for player with UID: 4LNvemhkvMsn3fCjiyhQQrToOar0_hhH9f302w8wMNY=
00:01:40.562 [Expansion Quests] - LoadGroupQuestData - Got cached group quest data for group with ID: -1
00:01:59.877 [VehicleCarKey] Player "MrGreen530" (id=4LNvemhkvMsn3fCjiyhQQrToOar0_hhH9f302w8wMNY= pos=<4357.697266, 5.055934, 2885.782959>) used the  ExpansionCarKey to unlock Interceptor (id=A746055F8049A6161A0BC581870A09CA pos=<4359.970703, 5.127337, 2885.980957>)
00:02:04.232 [AI Patrol] Spawning 3 Temple Patrol bots at <358.507233, 54.383801, 877.061157>
00:02:04.247 [AI Patrol] Spawning 3 Temple Patrol bots at <284.531921, 48.908298, 592.644775>
00:02:04.260 [AI Patrol] Spawning 3 Temple Patrol bots at <455.496277, 47.070000, 832.768433>
00:02:05.903 [VehicleEnter] Player Golden [uid=8Xp2uj5ZxNF55GgpLiN2OARJVn6kKpJE53oZMkC9IiQ=] entered vehicle Interceptor (id=A746055F8049A6161A0BC581870A09CA pos=<4359.970703, 5.127337, 2885.980957>) as passenger
00:02:11.164 [VehicleEnter] Player MrGreen530 [uid=4LNvemhkvMsn3fCjiyhQQrToOar0_hhH9f302w8wMNY=] entered vehicle Interceptor (id=A746055F8049A6161A0BC581870A09CA pos=<4359.971191, 5.127349, 2885.980713>) as driver
00:02:15.177 [VehicleEngine] Player MrGreen530 [uid=4LNvemhkvMsn3fCjiyhQQrToOar0_hhH9f302w8wMNY=] started vehicle Interceptor (id=A746055F8049A6161A0BC581870A09CA pos=<4359.971191, 5.127341, 2885.980713>)
00:02:39.331 [Expansion Quests] - InitQuestSystemClient - Loaded existing player quest data for player with UID: 8aHbwb5XZ9Gq0J-7qO1AVn3G8YD6-lBt4iCz53aUxso=
00:02:39.331 [Expansion Quests] - LoadGroupQuestData - Got cached group quest data for group with ID: -1
00:03:48.756 [VehicleEngine] Player MrGreen530 [uid=4LNvemhkvMsn3fCjiyhQQrToOar0_hhH9f302w8wMNY=] stopped vehicle Interceptor (id=A746055F8049A6161A0BC581870A09CA pos=<5180.595215, 24.340721, 2242.790039>)
00:03:51.339 [VehicleLeave] Player Golden [uid=8Xp2uj5ZxNF55GgpLiN2OARJVn6kKpJE53oZMkC9IiQ=] left vehicle Interceptor (id=A746055F8049A6161A0BC581870A09CA pos=<5180.595215, 24.340668, 2242.790039>)
00:03:53.648 [VehicleLeave] Player MrGreen530 [uid=4LNvemhkvMsn3fCjiyhQQrToOar0_hhH9f302w8wMNY=] left vehicle Interceptor (id=A746055F8049A6161A0BC581870A09CA pos=<5180.595215, 24.340666, 2242.790039>)
00:04:00.487 [VehicleCarKey] Player "MrGreen530" (id=4LNvemhkvMsn3fCjiyhQQrToOar0_hhH9f302w8wMNY= pos=<5180.455078, 24.462500, 2245.335938>) used the  ExpansionCarKey to lock Interceptor (id=A746055F8049A6161A0BC581870A09CA pos=<5180.595215, 24.340666, 2242.790283>)
00:07:50.815 [VehicleCarKey] Player "MrGreen530" (id=4LNvemhkvMsn3fCjiyhQQrToOar0_hhH9f302w8wMNY= pos=<5180.598145, 24.462500, 2245.342041>) used the  ExpansionCarKey to unlock Interceptor (id=A746055F8049A6161A0BC581870A09CA pos=<5180.595215, 24.340666, 2242.790283>)
00:07:59.250 [VehicleEnter] Player Golden [uid=8Xp2uj5ZxNF55GgpLiN2OARJVn6kKpJE53oZMkC9IiQ=] entered vehicle Interceptor (id=A746055F8049A6161A0BC581870A09CA pos=<5180.595215, 24.340666, 2242.790283>) as passenger
00:08:01.718 [VehicleEnter] Player MrGreen530 [uid=4LNvemhkvMsn3fCjiyhQQrToOar0_hhH9f302w8wMNY=] entered vehicle Interceptor (id=A746055F8049A6161A0BC581870A09CA pos=<5180.595215, 24.340668, 2242.790283>) as driver
00:08:05.526 [VehicleEngine] Player MrGreen530 [uid=4LNvemhkvMsn3fCjiyhQQrToOar0_hhH9f302w8wMNY=] started vehicle Interceptor (id=A746055F8049A6161A0BC581870A09CA pos=<5180.595215, 24.340666, 2242.790039>)
00:10:18.554 [VehicleLeave] Player Golden [uid=8Xp2uj5ZxNF55GgpLiN2OARJVn6kKpJE53oZMkC9IiQ=] left vehicle Interceptor (id=A746055F8049A6161A0BC581870A09CA pos=<3767.802490, 5.449033, 2505.799561>)
00:10:47.501 [VehicleEngine] Player MrGreen530 [uid=4LNvemhkvMsn3fCjiyhQQrToOar0_hhH9f302w8wMNY=] stopped vehicle Interceptor (id=A746055F8049A6161A0BC581870A09CA pos=<3753.544678, 5.525728, 2529.196289>)
00:10:52.526 [VehicleLeave] Player MrGreen530 [uid=4LNvemhkvMsn3fCjiyhQQrToOar0_hhH9f302w8wMNY=] left vehicle Interceptor (id=A746055F8049A6161A0BC581870A09CA pos=<3753.544678, 5.525717, 2529.196289>)
00:16:49.426 [MissionAirdrop] An airdrop is heading towards "Kushville" (pos=<7630.000000, 0.000000, 3717.000000> type=Random_Kushville) with a ExpansionAirdropContainer_Medical
03:24:07.785 [Expansion Quests] - InitQuestSystemClient - Loaded existing player quest data for player with UID: 8aHbwb5XZ9Gq0J-7qO1AVn3G8YD6-lBt4iCz53aUxso=
03:24:07.785 [Expansion Quests] - LoadGroupQuestData - Got cached group quest data for group with ID: -1
03:40:08.631 [Safezone] Player "Dragonhunter" (id=8aHbwb5XZ9Gq0J-7qO1AVn3G8YD6-lBt4iCz53aUxso= pos=<5763.237793, 53.237011, 5434.758301>) Entered the safezone
03:42:50.546 [Market] Player "Dragonhunter" (id=8aHbwb5XZ9Gq0J-7qO1AVn3G8YD6-lBt4iCz53aUxso=) has send a requested to sell bandana_greenpattern x1 at the trader "Clothing_Accessories (Elias [CLOTHING & ACCESSORIES])" in market zone "The Holler" (pos=<5632.000000, 32.000000, 5392.000000>).
03:42:50.666 [Market] Player "Dragonhunter" (id=8aHbwb5XZ9Gq0J-7qO1AVn3G8YD6-lBt4iCz53aUxso=) has sold bandana_greenpattern x1 at the trader "Clothing_Accessories (Elias [CLOTHING & ACCESSORIES])" in market zone "The Holler" (pos=<5632.000000, 32.000000, 5392.000000>) and got 6.
03:43:04.314 [Market] Player "Dragonhunter" (id=8aHbwb5XZ9Gq0J-7qO1AVn3G8YD6-lBt4iCz53aUxso=) has send a requested to sell sportglasses_green x1 at the trader "Clothing_Accessories (Elias [CLOTHING & ACCESSORIES])" in market zone "The Holler" (pos=<5632.000000, 32.000000, 5392.000000>).
03:43:04.482 [Market] Player "Dragonhunter" (id=8aHbwb5XZ9Gq0J-7qO1AVn3G8YD6-lBt4iCz53aUxso=) has sold sportglasses_green x1 at the trader "Clothing_Accessories (Elias [CLOTHING & ACCESSORIES])" in market zone "The Holler" (pos=<5632.000000, 32.000000, 5392.000000>) and got 3.
03:44:02.685 [Market] Player "Dragonhunter" (id=8aHbwb5XZ9Gq0J-7qO1AVn3G8YD6-lBt4iCz53aUxso=) has send a requested to sell mag_expansion_m14_20rnd x1 at the trader "Weapons (Oliver [WEAPONS])" in market zone "The Holler" (pos=<5632.000000, 32.000000, 5392.000000>).
03:44:02.800 [Market] Player "Dragonhunter" (id=8aHbwb5XZ9Gq0J-7qO1AVn3G8YD6-lBt4iCz53aUxso=) has sold mag_expansion_m14_20rnd x1 at the trader "Weapons (Oliver [WEAPONS])" in market zone "The Holler" (pos=<5632.000000, 32.000000, 5392.000000>) and got 109.
03:44:10.420 [Market] Player "Dragonhunter" (id=8aHbwb5XZ9Gq0J-7qO1AVn3G8YD6-lBt4iCz53aUxso=) has send a requested to sell mag_cz527_5rnd x1 at the trader "Weapons (Oliver [WEAPONS])" in market zone "The Holler" (pos=<5632.000000, 32.000000, 5392.000000>).
03:44:10.532 [Market] Player "Dragonhunter" (id=8aHbwb5XZ9Gq0J-7qO1AVn3G8YD6-lBt4iCz53aUxso=) has sold mag_cz527_5rnd x1 at the trader "Weapons (Oliver [WEAPONS])" in market zone "The Holler" (pos=<5632.000000, 32.000000, 5392.000000>) and got 56.
03:44:34.639 [Market] Player "Dragonhunter" (id=8aHbwb5XZ9Gq0J-7qO1AVn3G8YD6-lBt4iCz53aUxso=) has send a requested to sell derringer_grey x1 at the trader "Weapons (Oliver [WEAPONS])" in market zone "The Holler" (pos=<5632.000000, 32.000000, 5392.000000>).
03:44:34.754 [Market] Player "Dragonhunter" (id=8aHbwb5XZ9Gq0J-7qO1AVn3G8YD6-lBt4iCz53aUxso=) has sold derringer_grey x1 at the trader "Weapons (Oliver [WEAPONS])" in market zone "The Holler" (pos=<5632.000000, 32.000000, 5392.000000>) and got 150.
03:44:38.108 [Market] Player "Dragonhunter" (id=8aHbwb5XZ9Gq0J-7qO1AVn3G8YD6-lBt4iCz53aUxso=) has send a requested to sell glock19 x1 at the trader "Weapons (Oliver [WEAPONS])" in market zone "The Holler" (pos=<5632.000000, 32.000000, 5392.000000>).
03:44:38.217 [Market] Player "Dragonhunter" (id=8aHbwb5XZ9Gq0J-7qO1AVn3G8YD6-lBt4iCz53aUxso=) has sold glock19 x1 at the trader "Weapons (Oliver [WEAPONS])" in market zone "The Holler" (pos=<5632.000000, 32.000000, 5392.000000>) and got 56.
03:44:39.335 [Market] Player "Dragonhunter" (id=8aHbwb5XZ9Gq0J-7qO1AVn3G8YD6-lBt4iCz53aUxso=) has send a requested to sell mkii x1 at the trader "Weapons (Oliver [WEAPONS])" in market zone "The Holler" (pos=<5632.000000, 32.000000, 5392.000000>).
03:44:39.444 [Market] Player "Dragonhunter" (id=8aHbwb5XZ9Gq0J-7qO1AVn3G8YD6-lBt4iCz53aUxso=) has sold mkii x1 at the trader "Weapons (Oliver [WEAPONS])" in market zone "The Holler" (pos=<5632.000000, 32.000000, 5392.000000>) and got 145.
03:44:40.332 [Market] Player "Dragonhunter" (id=8aHbwb5XZ9Gq0J-7qO1AVn3G8YD6-lBt4iCz53aUxso=) has send a requested to sell makarovij70 x1 at the trader "Weapons (Oliver [WEAPONS])" in market zone "The Holler" (pos=<5632.000000, 32.000000, 5392.000000>).
03:44:40.447 [Market] Player "Dragonhunter" (id=8aHbwb5XZ9Gq0J-7qO1AVn3G8YD6-lBt4iCz53aUxso=) has sold makarovij70 x1 at the trader "Weapons (Oliver [WEAPONS])" in market zone "The Holler" (pos=<5632.000000, 32.000000, 5392.000000>) and got 62.
03:44:49.436 [Market] Player "Dragonhunter" (id=8aHbwb5XZ9Gq0J-7qO1AVn3G8YD6-lBt4iCz53aUxso=) has send a requested to sell winchester70 x1 at the trader "Weapons (Oliver [WEAPONS])" in market zone "The Holler" (pos=<5632.000000, 32.000000, 5392.000000>).
03:44:49.551 [Market] Player "Dragonhunter" (id=8aHbwb5XZ9Gq0J-7qO1AVn3G8YD6-lBt4iCz53aUxso=) has sold winchester70 x1 at the trader "Weapons (Oliver [WEAPONS])" in market zone "The Holler" (pos=<5632.000000, 32.000000, 5392.000000>) and got 496.
03:46:22.453 [Market] Player "Dragonhunter" (id=8aHbwb5XZ9Gq0J-7qO1AVn3G8YD6-lBt4iCz53aUxso=) has send a requested to sell ammo_762x54 x1 at the trader "WeaponAccessories (Rolf [WEAPON ACCESSORIES])" in market zone "The Holler" (pos=<5632.000000, 32.000000, 5392.000000>).
03:46:22.632 [Market] Player "Dragonhunter" (id=8aHbwb5XZ9Gq0J-7qO1AVn3G8YD6-lBt4iCz53aUxso=) has sold ammo_762x54 x1 at the trader "WeaponAccessories (Rolf [WEAPON ACCESSORIES])" in market zone "The Holler" (pos=<5632.000000, 32.000000, 5392.000000>) and got 1.
03:46:24.344 [Market] Player "Dragonhunter" (id=8aHbwb5XZ9Gq0J-7qO1AVn3G8YD6-lBt4iCz53aUxso=) has send a requested to sell ammo_762x54 x1 at the trader "WeaponAccessories (Rolf [WEAPON ACCESSORIES])" in market zone "The Holler" (pos=<5632.000000, 32.000000, 5392.000000>).
03:46:24.658 [Market] Player "Dragonhunter" (id=8aHbwb5XZ9Gq0J-7qO1AVn3G8YD6-lBt4iCz53aUxso=) has sold ammo_762x54 x1 at the trader "WeaponAccessories (Rolf [WEAPON ACCESSORIES])" in market zone "The Holler" (pos=<5632.000000, 32.000000, 5392.000000>) and got 1.
03:46:25.894 [Market] Player "Dragonhunter" (id=8aHbwb5XZ9Gq0J-7qO1AVn3G8YD6-lBt4iCz53aUxso=) has send a requested to sell ammo_762x54 x1 at the trader "WeaponAccessories (Rolf [WEAPON ACCESSORIES])" in market zone "The Holler" (pos=<5632.000000, 32.000000, 5392.000000>).
03:46:26.009 [Market] Player "Dragonhunter" (id=8aHbwb5XZ9Gq0J-7qO1AVn3G8YD6-lBt4iCz53aUxso=) has sold ammo_762x54 x1 at the trader "WeaponAccessories (Rolf [WEAPON ACCESSORIES])" in market zone "The Holler" (pos=<5632.000000, 32.000000, 5392.000000>) and got 1.
03:46:26.436 [Market] Player "Dragonhunter" (id=8aHbwb5XZ9Gq0J-7qO1AVn3G8YD6-lBt4iCz53aUxso=) has send a requested to sell ammo_762x54 x1 at the trader "WeaponAccessories (Rolf [WEAPON ACCESSORIES])" in market zone "The Holler" (pos=<5632.000000, 32.000000, 5392.000000>).
03:46:26.556 [Market] Player "Dragonhunter" (id=8aHbwb5XZ9Gq0J-7qO1AVn3G8YD6-lBt4iCz53aUxso=) has sold ammo_762x54 x1 at the trader "WeaponAccessories (Rolf [WEAPON ACCESSORIES])" in market zone "The Holler" (pos=<5632.000000, 32.000000, 5392.000000>) and got 1.
03:46:26.621 [Market] Player "Dragonhunter" (id=8aHbwb5XZ9Gq0J-7qO1AVn3G8YD6-lBt4iCz53aUxso=) has send a requested to sell ammo_762x54 x1 at the trader "WeaponAccessories (Rolf [WEAPON ACCESSORIES])" in market zone "The Holler" (pos=<5632.000000, 32.000000, 5392.000000>).
03:46:26.742 [Market] Player "Dragonhunter" (id=8aHbwb5XZ9Gq0J-7qO1AVn3G8YD6-lBt4iCz53aUxso=) has sold ammo_762x54 x1 at the trader "WeaponAccessories (Rolf [WEAPON ACCESSORIES])" in market zone "The Holler" (pos=<5632.000000, 32.000000, 5392.000000>) and got 1.
03:46:26.818 [Market] Player "Dragonhunter" (id=8aHbwb5XZ9Gq0J-7qO1AVn3G8YD6-lBt4iCz53aUxso=) has send a requested to sell ammo_762x54 x1 at the trader "WeaponAccessories (Rolf [WEAPON ACCESSORIES])" in market zone "The Holler" (pos=<5632.000000, 32.000000, 5392.000000>).
03:46:26.968 [Market] Player "Dragonhunter" (id=8aHbwb5XZ9Gq0J-7qO1AVn3G8YD6-lBt4iCz53aUxso=) has sold ammo_762x54 x1 at the trader "WeaponAccessories (Rolf [WEAPON ACCESSORIES])" in market zone "The Holler" (pos=<5632.000000, 32.000000, 5392.000000>) and got 1.
03:46:26.999 [Market] Player "Dragonhunter" (id=8aHbwb5XZ9Gq0J-7qO1AVn3G8YD6-lBt4iCz53aUxso=) has send a requested to sell ammo_762x54 x1 at the trader "WeaponAccessories (Rolf [WEAPON ACCESSORIES])" in market zone "The Holler" (pos=<5632.000000, 32.000000, 5392.000000>).
03:46:27.106 [Market] Player "Dragonhunter" (id=8aHbwb5XZ9Gq0J-7qO1AVn3G8YD6-lBt4iCz53aUxso=) has sold ammo_762x54 x1 at the trader "WeaponAccessories (Rolf [WEAPON ACCESSORIES])" in market zone "The Holler" (pos=<5632.000000, 32.000000, 5392.000000>) and got 1.
03:46:27.255 [Market] Player "Dragonhunter" (id=8aHbwb5XZ9Gq0J-7qO1AVn3G8YD6-lBt4iCz53aUxso=) has send a requested to sell ammo_762x54 x1 at the trader "WeaponAccessories (Rolf [WEAPON ACCESSORIES])" in market zone "The Holler" (pos=<5632.000000, 32.000000, 5392.000000>).
03:46:27.419 [Market] Player "Dragonhunter" (id=8aHbwb5XZ9Gq0J-7qO1AVn3G8YD6-lBt4iCz53aUxso=) has sold ammo_762x54 x1 at the trader "WeaponAccessories (Rolf [WEAPON ACCESSORIES])" in market zone "The Holler" (pos=<5632.000000, 32.000000, 5392.000000>) and got 1.
03:46:27.679 [Market] Player "Dragonhunter" (id=8aHbwb5XZ9Gq0J-7qO1AVn3G8YD6-lBt4iCz53aUxso=) has send a requested to sell ammo_762x54 x1 at the trader "WeaponAccessories (Rolf [WEAPON ACCESSORIES])" in market zone "The Holler" (pos=<5632.000000, 32.000000, 5392.000000>).
03:46:27.807 [Market] Player "Dragonhunter" (id=8aHbwb5XZ9Gq0J-7qO1AVn3G8YD6-lBt4iCz53aUxso=) has sold ammo_762x54 x1 at the trader "WeaponAccessories (Rolf [WEAPON ACCESSORIES])" in market zone "The Holler" (pos=<5632.000000, 32.000000, 5392.000000>) and got 1.
03:46:27.874 [Market] Player "Dragonhunter" (id=8aHbwb5XZ9Gq0J-7qO1AVn3G8YD6-lBt4iCz53aUxso=) has send a requested to sell ammo_762x54 x1 at the trader "WeaponAccessories (Rolf [WEAPON ACCESSORIES])" in market zone "The Holler" (pos=<5632.000000, 32.000000, 5392.000000>).
03:46:27.988 [Market] Player "Dragonhunter" (id=8aHbwb5XZ9Gq0J-7qO1AVn3G8YD6-lBt4iCz53aUxso=) has sold ammo_762x54 x1 at the trader "WeaponAccessories (Rolf [WEAPON ACCESSORIES])" in market zone "The Holler" (pos=<5632.000000, 32.000000, 5392.000000>) and got 1.
03:46:28.325 [Market] Player "Dragonhunter" (id=8aHbwb5XZ9Gq0J-7qO1AVn3G8YD6-lBt4iCz53aUxso=) has send a requested to sell ammo_762x54 x1 at the trader "WeaponAccessories (Rolf [WEAPON ACCESSORIES])" in market zone "The Holler" (pos=<5632.000000, 32.000000, 5392.000000>).
03:46:28.445 [Market] Player "Dragonhunter" (id=8aHbwb5XZ9Gq0J-7qO1AVn3G8YD6-lBt4iCz53aUxso=) has sold ammo_762x54 x1 at the trader "WeaponAccessories (Rolf [WEAPON ACCESSORIES])" in market zone "The Holler" (pos=<5632.000000, 32.000000, 5392.000000>) and got 1.
03:46:28.570 [Market] Player "Dragonhunter" (id=8aHbwb5XZ9Gq0J-7qO1AVn3G8YD6-lBt4iCz53aUxso=) has send a requested to sell ammo_762x54 x1 at the trader "WeaponAccessories (Rolf [WEAPON ACCESSORIES])" in market zone "The Holler" (pos=<5632.000000, 32.000000, 5392.000000>).
03:46:28.707 [Market] Player "Dragonhunter" (id=8aHbwb5XZ9Gq0J-7qO1AVn3G8YD6-lBt4iCz53aUxso=) has sold ammo_762x54 x1 at the trader "WeaponAccessories (Rolf [WEAPON ACCESSORIES])" in market zone "The Holler" (pos=<5632.000000, 32.000000, 5392.000000>) and got 1.
03:46:29.356 [Market] Player "Dragonhunter" (id=8aHbwb5XZ9Gq0J-7qO1AVn3G8YD6-lBt4iCz53aUxso=) has send a requested to sell expansion_ammo_8mm x1 at the trader "WeaponAccessories (Rolf [WEAPON ACCESSORIES])" in market zone "The Holler" (pos=<5632.000000, 32.000000, 5392.000000>).
03:46:29.476 [Market] Player "Dragonhunter" (id=8aHbwb5XZ9Gq0J-7qO1AVn3G8YD6-lBt4iCz53aUxso=) has sold expansion_ammo_8mm x1 at the trader "WeaponAccessories (Rolf [WEAPON ACCESSORIES])" in market zone "The Holler" (pos=<5632.000000, 32.000000, 5392.000000>) and got 0.
03:46:34.230 [Market] Player "Dragonhunter" (id=8aHbwb5XZ9Gq0J-7qO1AVn3G8YD6-lBt4iCz53aUxso=) has send a requested to sell ammo_12gaslug x1 at the trader "WeaponAccessories (Rolf [WEAPON ACCESSORIES])" in market zone "The Holler" (pos=<5632.000000, 32.000000, 5392.000000>).
03:46:34.348 [Market] Player "Dragonhunter" (id=8aHbwb5XZ9Gq0J-7qO1AVn3G8YD6-lBt4iCz53aUxso=) has sold ammo_12gaslug x1 at the trader "WeaponAccessories (Rolf [WEAPON ACCESSORIES])" in market zone "The Holler" (pos=<5632.000000, 32.000000, 5392.000000>) and got 3.
03:46:34.469 [Market] Player "Dragonhunter" (id=8aHbwb5XZ9Gq0J-7qO1AVn3G8YD6-lBt4iCz53aUxso=) has send a requested to sell ammo_12gaslug x1 at the trader "WeaponAccessories (Rolf [WEAPON ACCESSORIES])" in market zone "The Holler" (pos=<5632.000000, 32.000000, 5392.000000>).
03:46:34.604 [Market] Player "Dragonhunter" (id=8aHbwb5XZ9Gq0J-7qO1AVn3G8YD6-lBt4iCz53aUxso=) has sold ammo_12gaslug x1 at the trader "WeaponAccessories (Rolf [WEAPON ACCESSORIES])" in market zone "The Holler" (pos=<5632.000000, 32.000000, 5392.000000>) and got 3.
03:46:34.633 [Market] Player "Dragonhunter" (id=8aHbwb5XZ9Gq0J-7qO1AVn3G8YD6-lBt4iCz53aUxso=) has send a requested to sell ammo_12gaslug x1 at the trader "WeaponAccessories (Rolf [WEAPON ACCESSORIES])" in market zone "The Holler" (pos=<5632.000000, 32.000000, 5392.000000>).
03:46:34.747 [Market] Player "Dragonhunter" (id=8aHbwb5XZ9Gq0J-7qO1AVn3G8YD6-lBt4iCz53aUxso=) has sold ammo_12gaslug x1 at the trader "WeaponAccessories (Rolf [WEAPON ACCESSORIES])" in market zone "The Holler" (pos=<5632.000000, 32.000000, 5392.000000>) and got 3.
03:46:34.863 [Market] Player "Dragonhunter" (id=8aHbwb5XZ9Gq0J-7qO1AVn3G8YD6-lBt4iCz53aUxso=) has send a requested to sell ammo_12gaslug x1 at the trader "WeaponAccessories (Rolf [WEAPON ACCESSORIES])" in market zone "The Holler" (pos=<5632.000000, 32.000000, 5392.000000>).
03:46:34.981 [Market] Player "Dragonhunter" (id=8aHbwb5XZ9Gq0J-7qO1AVn3G8YD6-lBt4iCz53aUxso=) has sold ammo_12gaslug x1 at the trader "WeaponAccessories (Rolf [WEAPON ACCESSORIES])" in market zone "The Holler" (pos=<5632.000000, 32.000000, 5392.000000>) and got 3.
03:46:35.082 [Market] Player "Dragonhunter" (id=8aHbwb5XZ9Gq0J-7qO1AVn3G8YD6-lBt4iCz53aUxso=) has send a requested to sell ammo_12gaslug x1 at the trader "WeaponAccessories (Rolf [WEAPON ACCESSORIES])" in market zone "The Holler" (pos=<5632.000000, 32.000000, 5392.000000>).
03:46:35.267 [Market] Player "Dragonhunter" (id=8aHbwb5XZ9Gq0J-7qO1AVn3G8YD6-lBt4iCz53aUxso=) has sold ammo_12gaslug x1 at the trader "WeaponAccessories (Rolf [WEAPON ACCESSORIES])" in market zone "The Holler" (pos=<5632.000000, 32.000000, 5392.000000>) and got 3.
03:46:35.267 [Market] Player "Dragonhunter" (id=8aHbwb5XZ9Gq0J-7qO1AVn3G8YD6-lBt4iCz53aUxso=) has send a requested to sell ammo_12gaslug x1 at the trader "WeaponAccessories (Rolf [WEAPON ACCESSORIES])" in market zone "The Holler" (pos=<5632.000000, 32.000000, 5392.000000>).
03:46:35.396 [Market] Player "Dragonhunter" (id=8aHbwb5XZ9Gq0J-7qO1AVn3G8YD6-lBt4iCz53aUxso=) has sold ammo_12gaslug x1 at the trader "WeaponAccessories (Rolf [WEAPON ACCESSORIES])" in market zone "The Holler" (pos=<5632.000000, 32.000000, 5392.000000>) and got 3.
03:46:35.532 [Market] Player "Dragonhunter" (id=8aHbwb5XZ9Gq0J-7qO1AVn3G8YD6-lBt4iCz53aUxso=) has send a requested to sell ammo_12gaslug x1 at the trader "WeaponAccessories (Rolf [WEAPON ACCESSORIES])" in market zone "The Holler" (pos=<5632.000000, 32.000000, 5392.000000>).
03:46:35.681 [Market] Player "Dragonhunter" (id=8aHbwb5XZ9Gq0J-7qO1AVn3G8YD6-lBt4iCz53aUxso=) has sold ammo_12gaslug x1 at the trader "WeaponAccessories (Rolf [WEAPON ACCESSORIES])" in market zone "The Holler" (pos=<5632.000000, 32.000000, 5392.000000>) and got 3.
03:46:35.723 [Market] Player "Dragonhunter" (id=8aHbwb5XZ9Gq0J-7qO1AVn3G8YD6-lBt4iCz53aUxso=) has send a requested to sell ammo_12gaslug x1 at the trader "WeaponAccessories (Rolf [WEAPON ACCESSORIES])" in market zone "The Holler" (pos=<5632.000000, 32.000000, 5392.000000>).
03:46:35.907 [Market] Player "Dragonhunter" (id=8aHbwb5XZ9Gq0J-7qO1AVn3G8YD6-lBt4iCz53aUxso=) has sold ammo_12gaslug x1 at the trader "WeaponAccessories (Rolf [WEAPON ACCESSORIES])" in market zone "The Holler" (pos=<5632.000000, 32.000000, 5392.000000>) and got 3.
03:46:35.907 [Market] Player "Dragonhunter" (id=8aHbwb5XZ9Gq0J-7qO1AVn3G8YD6-lBt4iCz53aUxso=) has send a requested to sell ammo_12gaslug x1 at the trader "WeaponAccessories (Rolf [WEAPON ACCESSORIES])" in market zone "The Holler" (pos=<5632.000000, 32.000000, 5392.000000>).
03:46:36.021 [Market] Player "Dragonhunter" (id=8aHbwb5XZ9Gq0J-7qO1AVn3G8YD6-lBt4iCz53aUxso=) has sold ammo_12gaslug x1 at the trader "WeaponAccessories (Rolf [WEAPON ACCESSORIES])" in market zone "The Holler" (pos=<5632.000000, 32.000000, 5392.000000>) and got 3.
03:46:36.083 [Market] Player "Dragonhunter" (id=8aHbwb5XZ9Gq0J-7qO1AVn3G8YD6-lBt4iCz53aUxso=) has send a requested to sell ammo_12gaslug x1 at the trader "WeaponAccessories (Rolf [WEAPON ACCESSORIES])" in market zone "The Holler" (pos=<5632.000000, 32.000000, 5392.000000>).
03:46:36.182 [Market] Player "Dragonhunter" (id=8aHbwb5XZ9Gq0J-7qO1AVn3G8YD6-lBt4iCz53aUxso=) has sold ammo_12gaslug x1 at the trader "WeaponAccessories (Rolf [WEAPON ACCESSORIES])" in market zone "The Holler" (pos=<5632.000000, 32.000000, 5392.000000>) and got 3.
03:46:36.299 [Market] Player "Dragonhunter" (id=8aHbwb5XZ9Gq0J-7qO1AVn3G8YD6-lBt4iCz53aUxso=) has send a requested to sell ammo_12gaslug x1 at the trader "WeaponAccessories (Rolf [WEAPON ACCESSORIES])" in market zone "The Holler" (pos=<5632.000000, 32.000000, 5392.000000>).
03:46:36.424 [Market] Player "Dragonhunter" (id=8aHbwb5XZ9Gq0J-7qO1AVn3G8YD6-lBt4iCz53aUxso=) has sold ammo_12gaslug x1 at the trader "WeaponAccessories (Rolf [WEAPON ACCESSORIES])" in market zone "The Holler" (pos=<5632.000000, 32.000000, 5392.000000>) and got 3.
03:46:36.499 [Market] Player "Dragonhunter" (id=8aHbwb5XZ9Gq0J-7qO1AVn3G8YD6-lBt4iCz53aUxso=) has send a requested to sell ammo_12gaslug x1 at the trader "WeaponAccessories (Rolf [WEAPON ACCESSORIES])" in market zone "The Holler" (pos=<5632.000000, 32.000000, 5392.000000>).
03:46:36.617 [Market] Player "Dragonhunter" (id=8aHbwb5XZ9Gq0J-7qO1AVn3G8YD6-lBt4iCz53aUxso=) has sold ammo_12gaslug x1 at the trader "WeaponAccessories (Rolf [WEAPON ACCESSORIES])" in market zone "The Holler" (pos=<5632.000000, 32.000000, 5392.000000>) and got 3.
03:46:36.700 [Market] Player "Dragonhunter" (id=8aHbwb5XZ9Gq0J-7qO1AVn3G8YD6-lBt4iCz53aUxso=) has send a requested to sell ammo_12gaslug x1 at the trader "WeaponAccessories (Rolf [WEAPON ACCESSORIES])" in market zone "The Holler" (pos=<5632.000000, 32.000000, 5392.000000>).
03:46:36.833 [Market] Player "Dragonhunter" (id=8aHbwb5XZ9Gq0J-7qO1AVn3G8YD6-lBt4iCz53aUxso=) has sold ammo_12gaslug x1 at the trader "WeaponAccessories (Rolf [WEAPON ACCESSORIES])" in market zone "The Holler" (pos=<5632.000000, 32.000000, 5392.000000>) and got 3.
03:46:36.934 [Market] Player "Dragonhunter" (id=8aHbwb5XZ9Gq0J-7qO1AVn3G8YD6-lBt4iCz53aUxso=) has send a requested to sell ammo_12gaslug x1 at the trader "WeaponAccessories (Rolf [WEAPON ACCESSORIES])" in market zone "The Holler" (pos=<5632.000000, 32.000000, 5392.000000>).
03:46:37.056 [Market] Player "Dragonhunter" (id=8aHbwb5XZ9Gq0J-7qO1AVn3G8YD6-lBt4iCz53aUxso=) has sold ammo_12gaslug x1 at the trader "WeaponAccessories (Rolf [WEAPON ACCESSORIES])" in market zone "The Holler" (pos=<5632.000000, 32.000000, 5392.000000>) and got 3.
03:46:37.193 [Market] Player "Dragonhunter" (id=8aHbwb5XZ9Gq0J-7qO1AVn3G8YD6-lBt4iCz53aUxso=) has send a requested to sell ammo_12gaslug x1 at the trader "WeaponAccessories (Rolf [WEAPON ACCESSORIES])" in market zone "The Holler" (pos=<5632.000000, 32.000000, 5392.000000>).
03:46:37.325 [Market] Player "Dragonhunter" (id=8aHbwb5XZ9Gq0J-7qO1AVn3G8YD6-lBt4iCz53aUxso=) has sold ammo_12gaslug x1 at the trader "WeaponAccessories (Rolf [WEAPON ACCESSORIES])" in market zone "The Holler" (pos=<5632.000000, 32.000000, 5392.000000>) and got 3.
03:46:37.399 [Market] Player "Dragonhunter" (id=8aHbwb5XZ9Gq0J-7qO1AVn3G8YD6-lBt4iCz53aUxso=) has send a requested to sell ammo_12gaslug x1 at the trader "WeaponAccessories (Rolf [WEAPON ACCESSORIES])" in market zone "The Holler" (pos=<5632.000000, 32.000000, 5392.000000>).
03:46:37.517 [Market] Player "Dragonhunter" (id=8aHbwb5XZ9Gq0J-7qO1AVn3G8YD6-lBt4iCz53aUxso=) has sold ammo_12gaslug x1 at the trader "WeaponAccessories (Rolf [WEAPON ACCESSORIES])" in market zone "The Holler" (pos=<5632.000000, 32.000000, 5392.000000>) and got 3.
03:46:37.652 [Market] Player "Dragonhunter" (id=8aHbwb5XZ9Gq0J-7qO1AVn3G8YD6-lBt4iCz53aUxso=) has send a requested to sell ammo_12gaslug x1 at the trader "WeaponAccessories (Rolf [WEAPON ACCESSORIES])" in market zone "The Holler" (pos=<5632.000000, 32.000000, 5392.000000>).
03:46:37.769 [Market] Player "Dragonhunter" (id=8aHbwb5XZ9Gq0J-7qO1AVn3G8YD6-lBt4iCz53aUxso=) has sold ammo_12gaslug x1 at the trader "WeaponAccessories (Rolf [WEAPON ACCESSORIES])" in market zone "The Holler" (pos=<5632.000000, 32.000000, 5392.000000>) and got 3.
03:46:38.350 [Market] Player "Dragonhunter" (id=8aHbwb5XZ9Gq0J-7qO1AVn3G8YD6-lBt4iCz53aUxso=) has send a requested to sell ammo_12gaslug x1 at the trader "WeaponAccessories (Rolf [WEAPON ACCESSORIES])" in market zone "The Holler" (pos=<5632.000000, 32.000000, 5392.000000>).
03:46:38.473 [Market] Player "Dragonhunter" (id=8aHbwb5XZ9Gq0J-7qO1AVn3G8YD6-lBt4iCz53aUxso=) has sold ammo_12gaslug x1 at the trader "WeaponAccessories (Rolf [WEAPON ACCESSORIES])" in market zone "The Holler" (pos=<5632.000000, 32.000000, 5392.000000>) and got 3.
03:46:38.750 [Market] Player "Dragonhunter" (id=8aHbwb5XZ9Gq0J-7qO1AVn3G8YD6-lBt4iCz53aUxso=) has send a requested to sell ammo_12gaslug x1 at the trader "WeaponAccessories (Rolf [WEAPON ACCESSORIES])" in market zone "The Holler" (pos=<5632.000000, 32.000000, 5392.000000>).
03:46:38.922 [Market] Player "Dragonhunter" (id=8aHbwb5XZ9Gq0J-7qO1AVn3G8YD6-lBt4iCz53aUxso=) has sold ammo_12gaslug x1 at the trader "WeaponAccessories (Rolf [WEAPON ACCESSORIES])" in market zone "The Holler" (pos=<5632.000000, 32.000000, 5392.000000>) and got 3.
03:46:39.046 [Market] Player "Dragonhunter" (id=8aHbwb5XZ9Gq0J-7qO1AVn3G8YD6-lBt4iCz53aUxso=) has send a requested to sell ammo_12gaslug x1 at the trader "WeaponAccessories (Rolf [WEAPON ACCESSORIES])" in market zone "The Holler" (pos=<5632.000000, 32.000000, 5392.000000>).
03:46:39.166 [Market] Player "Dragonhunter" (id=8aHbwb5XZ9Gq0J-7qO1AVn3G8YD6-lBt4iCz53aUxso=) has sold ammo_12gaslug x1 at the trader "WeaponAccessories (Rolf [WEAPON ACCESSORIES])" in market zone "The Holler" (pos=<5632.000000, 32.000000, 5392.000000>) and got 3.
03:46:39.315 [Market] Player "Dragonhunter" (id=8aHbwb5XZ9Gq0J-7qO1AVn3G8YD6-lBt4iCz53aUxso=) has send a requested to sell ammo_12gaslug x1 at the trader "WeaponAccessories (Rolf [WEAPON ACCESSORIES])" in market zone "The Holler" (pos=<5632.000000, 32.000000, 5392.000000>).
03:46:39.455 [Market] Player "Dragonhunter" (id=8aHbwb5XZ9Gq0J-7qO1AVn3G8YD6-lBt4iCz53aUxso=) has sold ammo_12gaslug x1 at the trader "WeaponAccessories (Rolf [WEAPON ACCESSORIES])" in market zone "The Holler" (pos=<5632.000000, 32.000000, 5392.000000>) and got 3.
03:46:40.258 [Market] Player "Dragonhunter" (id=8aHbwb5XZ9Gq0J-7qO1AVn3G8YD6-lBt4iCz53aUxso=) has send a requested to sell ammo_12gaslug x1 at the trader "WeaponAccessories (Rolf [WEAPON ACCESSORIES])" in market zone "The Holler" (pos=<5632.000000, 32.000000, 5392.000000>).
03:46:40.379 [Market] Player "Dragonhunter" (id=8aHbwb5XZ9Gq0J-7qO1AVn3G8YD6-lBt4iCz53aUxso=) has sold ammo_12gaslug x1 at the trader "WeaponAccessories (Rolf [WEAPON ACCESSORIES])" in market zone "The Holler" (pos=<5632.000000, 32.000000, 5392.000000>) and got 3.
03:46:40.774 [Market] Player "Dragonhunter" (id=8aHbwb5XZ9Gq0J-7qO1AVn3G8YD6-lBt4iCz53aUxso=) has send a requested to sell ammo_12gaslug x1 at the trader "WeaponAccessories (Rolf [WEAPON ACCESSORIES])" in market zone "The Holler" (pos=<5632.000000, 32.000000, 5392.000000>).
03:46:40.886 [Market] Player "Dragonhunter" (id=8aHbwb5XZ9Gq0J-7qO1AVn3G8YD6-lBt4iCz53aUxso=) has sold ammo_12gaslug x1 at the trader "WeaponAccessories (Rolf [WEAPON ACCESSORIES])" in market zone "The Holler" (pos=<5632.000000, 32.000000, 5392.000000>) and got 3.
03:46:41.507 [Market] Player "Dragonhunter" (id=8aHbwb5XZ9Gq0J-7qO1AVn3G8YD6-lBt4iCz53aUxso=) has send a requested to sell ammo_12gaslug x1 at the trader "WeaponAccessories (Rolf [WEAPON ACCESSORIES])" in market zone "The Holler" (pos=<5632.000000, 32.000000, 5392.000000>).
03:46:41.639 [Market] Player "Dragonhunter" (id=8aHbwb5XZ9Gq0J-7qO1AVn3G8YD6-lBt4iCz53aUxso=) has sold ammo_12gaslug x1 at the trader "WeaponAccessories (Rolf [WEAPON ACCESSORIES])" in market zone "The Holler" (pos=<5632.000000, 32.000000, 5392.000000>) and got 3.
03:46:44.026 [Market] Player "Dragonhunter" (id=8aHbwb5XZ9Gq0J-7qO1AVn3G8YD6-lBt4iCz53aUxso=) has send a requested to sell ammo_556x45 x1 at the trader "WeaponAccessories (Rolf [WEAPON ACCESSORIES])" in market zone "The Holler" (pos=<5632.000000, 32.000000, 5392.000000>).
03:46:44.265 [Market] Player "Dragonhunter" (id=8aHbwb5XZ9Gq0J-7qO1AVn3G8YD6-lBt4iCz53aUxso=) has send a requested to sell ammo_556x45 x1 at the trader "WeaponAccessories (Rolf [WEAPON ACCESSORIES])" in market zone "The Holler" (pos=<5632.000000, 32.000000, 5392.000000>).
03:46:44.387 [Market] Player "Dragonhunter" (id=8aHbwb5XZ9Gq0J-7qO1AVn3G8YD6-lBt4iCz53aUxso=) has sold ammo_556x45 x1 at the trader "WeaponAccessories (Rolf [WEAPON ACCESSORIES])" in market zone "The Holler" (pos=<5632.000000, 32.000000, 5392.000000>) and got 0.
03:46:44.448 [Market] Player "Dragonhunter" (id=8aHbwb5XZ9Gq0J-7qO1AVn3G8YD6-lBt4iCz53aUxso=) has send a requested to sell ammo_556x45 x1 at the trader "WeaponAccessories (Rolf [WEAPON ACCESSORIES])" in market zone "The Holler" (pos=<5632.000000, 32.000000, 5392.000000>).
03:46:44.569 [Market] Player "Dragonhunter" (id=8aHbwb5XZ9Gq0J-7qO1AVn3G8YD6-lBt4iCz53aUxso=) has sold ammo_556x45 x1 at the trader "WeaponAccessories (Rolf [WEAPON ACCESSORIES])" in market zone "The Holler" (pos=<5632.000000, 32.000000, 5392.000000>) and got 0.
03:46:44.718 [Market] Player "Dragonhunter" (id=8aHbwb5XZ9Gq0J-7qO1AVn3G8YD6-lBt4iCz53aUxso=) has send a requested to sell ammo_556x45 x1 at the trader "WeaponAccessories (Rolf [WEAPON ACCESSORIES])" in market zone "The Holler" (pos=<5632.000000, 32.000000, 5392.000000>).
03:46:44.876 [Market] Player "Dragonhunter" (id=8aHbwb5XZ9Gq0J-7qO1AVn3G8YD6-lBt4iCz53aUxso=) has sold ammo_556x45 x1 at the trader "WeaponAccessories (Rolf [WEAPON ACCESSORIES])" in market zone "The Holler" (pos=<5632.000000, 32.000000, 5392.000000>) and got 0.
03:46:45.370 [Market] Player "Dragonhunter" (id=8aHbwb5XZ9Gq0J-7qO1AVn3G8YD6-lBt4iCz53aUxso=) has send a requested to sell ammo_556x45 x1 at the trader "WeaponAccessories (Rolf [WEAPON ACCESSORIES])" in market zone "The Holler" (pos=<5632.000000, 32.000000, 5392.000000>).
03:46:45.488 [Market] Player "Dragonhunter" (id=8aHbwb5XZ9Gq0J-7qO1AVn3G8YD6-lBt4iCz53aUxso=) has sold ammo_556x45 x1 at the trader "WeaponAccessories (Rolf [WEAPON ACCESSORIES])" in market zone "The Holler" (pos=<5632.000000, 32.000000, 5392.000000>) and got 0.
03:46:45.552 [Market] Player "Dragonhunter" (id=8aHbwb5XZ9Gq0J-7qO1AVn3G8YD6-lBt4iCz53aUxso=) has send a requested to sell ammo_556x45 x1 at the trader "WeaponAccessories (Rolf [WEAPON ACCESSORIES])" in market zone "The Holler" (pos=<5632.000000, 32.000000, 5392.000000>).
03:46:45.667 [Market] Player "Dragonhunter" (id=8aHbwb5XZ9Gq0J-7qO1AVn3G8YD6-lBt4iCz53aUxso=) has sold ammo_556x45 x1 at the trader "WeaponAccessories (Rolf [WEAPON ACCESSORIES])" in market zone "The Holler" (pos=<5632.000000, 32.000000, 5392.000000>) and got 0.
03:46:45.770 [Market] Player "Dragonhunter" (id=8aHbwb5XZ9Gq0J-7qO1AVn3G8YD6-lBt4iCz53aUxso=) has send a requested to sell ammo_556x45 x1 at the trader "WeaponAccessories (Rolf [WEAPON ACCESSORIES])" in market zone "The Holler" (pos=<5632.000000, 32.000000, 5392.000000>).
03:46:45.901 [Market] Player "Dragonhunter" (id=8aHbwb5XZ9Gq0J-7qO1AVn3G8YD6-lBt4iCz53aUxso=) has sold ammo_556x45 x1 at the trader "WeaponAccessories (Rolf [WEAPON ACCESSORIES])" in market zone "The Holler" (pos=<5632.000000, 32.000000, 5392.000000>) and got 0.
03:46:45.968 [Market] Player "Dragonhunter" (id=8aHbwb5XZ9Gq0J-7qO1AVn3G8YD6-lBt4iCz53aUxso=) has send a requested to sell ammo_556x45 x1 at the trader "WeaponAccessories (Rolf [WEAPON ACCESSORIES])" in market zone "The Holler" (pos=<5632.000000, 32.000000, 5392.000000>).
03:46:46.090 [Market] Player "Dragonhunter" (id=8aHbwb5XZ9Gq0J-7qO1AVn3G8YD6-lBt4iCz53aUxso=) has sold ammo_556x45 x1 at the trader "WeaponAccessories (Rolf [WEAPON ACCESSORIES])" in market zone "The Holler" (pos=<5632.000000, 32.000000, 5392.000000>) and got 0.
03:46:46.170 [Market] Player "Dragonhunter" (id=8aHbwb5XZ9Gq0J-7qO1AVn3G8YD6-lBt4iCz53aUxso=) has send a requested to sell ammo_556x45 x1 at the trader "WeaponAccessories (Rolf [WEAPON ACCESSORIES])" in market zone "The Holler" (pos=<5632.000000, 32.000000, 5392.000000>).
03:46:46.303 [Market] Player "Dragonhunter" (id=8aHbwb5XZ9Gq0J-7qO1AVn3G8YD6-lBt4iCz53aUxso=) has sold ammo_556x45 x1 at the trader "WeaponAccessories (Rolf [WEAPON ACCESSORIES])" in market zone "The Holler" (pos=<5632.000000, 32.000000, 5392.000000>) and got 0.
03:46:46.375 [Market] Player "Dragonhunter" (id=8aHbwb5XZ9Gq0J-7qO1AVn3G8YD6-lBt4iCz53aUxso=) has send a requested to sell ammo_556x45 x1 at the trader "WeaponAccessories (Rolf [WEAPON ACCESSORIES])" in market zone "The Holler" (pos=<5632.000000, 32.000000, 5392.000000>).
03:46:46.501 [Market] Player "Dragonhunter" (id=8aHbwb5XZ9Gq0J-7qO1AVn3G8YD6-lBt4iCz53aUxso=) has sold ammo_556x45 x1 at the trader "WeaponAccessories (Rolf [WEAPON ACCESSORIES])" in market zone "The Holler" (pos=<5632.000000, 32.000000, 5392.000000>) and got 0.
03:46:48.930 [Market] Player "Dragonhunter" (id=8aHbwb5XZ9Gq0J-7qO1AVn3G8YD6-lBt4iCz53aUxso=) has send a requested to sell ammo_556x45 x1 at the trader "WeaponAccessories (Rolf [WEAPON ACCESSORIES])" in market zone "The Holler" (pos=<5632.000000, 32.000000, 5392.000000>).
03:46:49.059 [Market] Player "Dragonhunter" (id=8aHbwb5XZ9Gq0J-7qO1AVn3G8YD6-lBt4iCz53aUxso=) has sold ammo_556x45 x1 at the trader "WeaponAccessories (Rolf [WEAPON ACCESSORIES])" in market zone "The Holler" (pos=<5632.000000, 32.000000, 5392.000000>) and got 0.
03:46:53.645 [Market] Player "Dragonhunter" (id=8aHbwb5XZ9Gq0J-7qO1AVn3G8YD6-lBt4iCz53aUxso=) has send a requested to sell ammo_357 x1 at the trader "WeaponAccessories (Rolf [WEAPON ACCESSORIES])" in market zone "The Holler" (pos=<5632.000000, 32.000000, 5392.000000>).
03:46:53.763 [Market] Player "Dragonhunter" (id=8aHbwb5XZ9Gq0J-7qO1AVn3G8YD6-lBt4iCz53aUxso=) has sold ammo_357 x1 at the trader "WeaponAccessories (Rolf [WEAPON ACCESSORIES])" in market zone "The Holler" (pos=<5632.000000, 32.000000, 5392.000000>) and got 1.
03:46:54.127 [Market] Player "Dragonhunter" (id=8aHbwb5XZ9Gq0J-7qO1AVn3G8YD6-lBt4iCz53aUxso=) has send a requested to sell ammo_357 x1 at the trader "WeaponAccessories (Rolf [WEAPON ACCESSORIES])" in market zone "The Holler" (pos=<5632.000000, 32.000000, 5392.000000>).
03:46:54.304 [Market] Player "Dragonhunter" (id=8aHbwb5XZ9Gq0J-7qO1AVn3G8YD6-lBt4iCz53aUxso=) has sold ammo_357 x1 at the trader "WeaponAccessories (Rolf [WEAPON ACCESSORIES])" in market zone "The Holler" (pos=<5632.000000, 32.000000, 5392.000000>) and got 1.
03:46:54.366 [Market] Player "Dragonhunter" (id=8aHbwb5XZ9Gq0J-7qO1AVn3G8YD6-lBt4iCz53aUxso=) has send a requested to sell ammo_357 x1 at the trader "WeaponAccessories (Rolf [WEAPON ACCESSORIES])" in market zone "The Holler" (pos=<5632.000000, 32.000000, 5392.000000>).
03:46:54.476 [MissionAirdrop] An airdrop is heading towards "Greenville" (pos=<4658.000000, 0.000000, 1414.000000> type=Random_Greenville) with a ExpansionAirdropContainer_Military
03:46:54.561 [Market] Player "Dragonhunter" (id=8aHbwb5XZ9Gq0J-7qO1AVn3G8YD6-lBt4iCz53aUxso=) has sold ammo_357 x1 at the trader "WeaponAccessories (Rolf [WEAPON ACCESSORIES])" in market zone "The Holler" (pos=<5632.000000, 32.000000, 5392.000000>) and got 1.
03:46:54.561 [Market] Player "Dragonhunter" (id=8aHbwb5XZ9Gq0J-7qO1AVn3G8YD6-lBt4iCz53aUxso=) has send a requested to sell ammo_357 x1 at the trader "WeaponAccessories (Rolf [WEAPON ACCESSORIES])" in market zone "The Holler" (pos=<5632.000000, 32.000000, 5392.000000>).
03:46:54.697 [Market] Player "Dragonhunter" (id=8aHbwb5XZ9Gq0J-7qO1AVn3G8YD6-lBt4iCz53aUxso=) has sold ammo_357 x1 at the trader "WeaponAccessories (Rolf [WEAPON ACCESSORIES])" in market zone "The Holler" (pos=<5632.000000, 32.000000, 5392.000000>) and got 1.
03:46:54.835 [Market] Player "Dragonhunter" (id=8aHbwb5XZ9Gq0J-7qO1AVn3G8YD6-lBt4iCz53aUxso=) has send a requested to sell ammo_357 x1 at the trader "WeaponAccessories (Rolf [WEAPON ACCESSORIES])" in market zone "The Holler" (pos=<5632.000000, 32.000000, 5392.000000>).
03:46:54.970 [Market] Player "Dragonhunter" (id=8aHbwb5XZ9Gq0J-7qO1AVn3G8YD6-lBt4iCz53aUxso=) has sold ammo_357 x1 at the trader "WeaponAccessories (Rolf [WEAPON ACCESSORIES])" in market zone "The Holler" (pos=<5632.000000, 32.000000, 5392.000000>) and got 1.
03:46:55.089 [Market] Player "Dragonhunter" (id=8aHbwb5XZ9Gq0J-7qO1AVn3G8YD6-lBt4iCz53aUxso=) has send a requested to sell ammo_357 x1 at the trader "WeaponAccessories (Rolf [WEAPON ACCESSORIES])" in market zone "The Holler" (pos=<5632.000000, 32.000000, 5392.000000>).
03:46:55.279 [Market] Player "Dragonhunter" (id=8aHbwb5XZ9Gq0J-7qO1AVn3G8YD6-lBt4iCz53aUxso=) has sold ammo_357 x1 at the trader "WeaponAccessories (Rolf [WEAPON ACCESSORIES])" in market zone "The Holler" (pos=<5632.000000, 32.000000, 5392.000000>) and got 1.
03:46:55.280 [Market] Player "Dragonhunter" (id=8aHbwb5XZ9Gq0J-7qO1AVn3G8YD6-lBt4iCz53aUxso=) has send a requested to sell ammo_357 x1 at the trader "WeaponAccessories (Rolf [WEAPON ACCESSORIES])" in market zone "The Holler" (pos=<5632.000000, 32.000000, 5392.000000>).
03:46:55.392 [Market] Player "Dragonhunter" (id=8aHbwb5XZ9Gq0J-7qO1AVn3G8YD6-lBt4iCz53aUxso=) has sold ammo_357 x1 at the trader "WeaponAccessories (Rolf [WEAPON ACCESSORIES])" in market zone "The Holler" (pos=<5632.000000, 32.000000, 5392.000000>) and got 1.
03:46:55.529 [Market] Player "Dragonhunter" (id=8aHbwb5XZ9Gq0J-7qO1AVn3G8YD6-lBt4iCz53aUxso=) has send a requested to sell ammo_357 x1 at the trader "WeaponAccessories (Rolf [WEAPON ACCESSORIES])" in market zone "The Holler" (pos=<5632.000000, 32.000000, 5392.000000>).
03:46:55.682 [Market] Player "Dragonhunter" (id=8aHbwb5XZ9Gq0J-7qO1AVn3G8YD6-lBt4iCz53aUxso=) has sold ammo_357 x1 at the trader "WeaponAccessories (Rolf [WEAPON ACCESSORIES])" in market zone "The Holler" (pos=<5632.000000, 32.000000, 5392.000000>) and got 1.
03:46:55.875 [Market] Player "Dragonhunter" (id=8aHbwb5XZ9Gq0J-7qO1AVn3G8YD6-lBt4iCz53aUxso=) has send a requested to sell ammo_357 x1 at the trader "WeaponAccessories (Rolf [WEAPON ACCESSORIES])" in market zone "The Holler" (pos=<5632.000000, 32.000000, 5392.000000>).
03:46:56.030 [Market] Player "Dragonhunter" (id=8aHbwb5XZ9Gq0J-7qO1AVn3G8YD6-lBt4iCz53aUxso=) has sold ammo_357 x1 at the trader "WeaponAccessories (Rolf [WEAPON ACCESSORIES])" in market zone "The Holler" (pos=<5632.000000, 32.000000, 5392.000000>) and got 1.
03:46:56.093 [Market] Player "Dragonhunter" (id=8aHbwb5XZ9Gq0J-7qO1AVn3G8YD6-lBt4iCz53aUxso=) has send a requested to sell ammo_357 x1 at the trader "WeaponAccessories (Rolf [WEAPON ACCESSORIES])" in market zone "The Holler" (pos=<5632.000000, 32.000000, 5392.000000>).
03:46:56.208 [Market] Player "Dragonhunter" (id=8aHbwb5XZ9Gq0J-7qO1AVn3G8YD6-lBt4iCz53aUxso=) has sold ammo_357 x1 at the trader "WeaponAccessories (Rolf [WEAPON ACCESSORIES])" in market zone "The Holler" (pos=<5632.000000, 32.000000, 5392.000000>) and got 1.
03:46:56.291 [Market] Player "Dragonhunter" (id=8aHbwb5XZ9Gq0J-7qO1AVn3G8YD6-lBt4iCz53aUxso=) has send a requested to sell ammo_357 x1 at the trader "WeaponAccessories (Rolf [WEAPON ACCESSORIES])" in market zone "The Holler" (pos=<5632.000000, 32.000000, 5392.000000>).
03:46:56.427 [Market] Player "Dragonhunter" (id=8aHbwb5XZ9Gq0J-7qO1AVn3G8YD6-lBt4iCz53aUxso=) has sold ammo_357 x1 at the trader "WeaponAccessories (Rolf [WEAPON ACCESSORIES])" in market zone "The Holler" (pos=<5632.000000, 32.000000, 5392.000000>) and got 1.
03:46:56.495 [Market] Player "Dragonhunter" (id=8aHbwb5XZ9Gq0J-7qO1AVn3G8YD6-lBt4iCz53aUxso=) has send a requested to sell ammo_357 x1 at the trader "WeaponAccessories (Rolf [WEAPON ACCESSORIES])" in market zone "The Holler" (pos=<5632.000000, 32.000000, 5392.000000>).
03:46:56.603 [Market] Player "Dragonhunter" (id=8aHbwb5XZ9Gq0J-7qO1AVn3G8YD6-lBt4iCz53aUxso=) has sold ammo_357 x1 at the trader "WeaponAccessories (Rolf [WEAPON ACCESSORIES])" in market zone "The Holler" (pos=<5632.000000, 32.000000, 5392.000000>) and got 1.
03:46:56.913 [Market] Player "Dragonhunter" (id=8aHbwb5XZ9Gq0J-7qO1AVn3G8YD6-lBt4iCz53aUxso=) has send a requested to sell ammo_357 x1 at the trader "WeaponAccessories (Rolf [WEAPON ACCESSORIES])" in market zone "The Holler" (pos=<5632.000000, 32.000000, 5392.000000>).
03:46:57.032 [Market] Player "Dragonhunter" (id=8aHbwb5XZ9Gq0J-7qO1AVn3G8YD6-lBt4iCz53aUxso=) has sold ammo_357 x1 at the trader "WeaponAccessories (Rolf [WEAPON ACCESSORIES])" in market zone "The Holler" (pos=<5632.000000, 32.000000, 5392.000000>) and got 1.
03:46:57.158 [Market] Player "Dragonhunter" (id=8aHbwb5XZ9Gq0J-7qO1AVn3G8YD6-lBt4iCz53aUxso=) has send a requested to sell ammo_357 x1 at the trader "WeaponAccessories (Rolf [WEAPON ACCESSORIES])" in market zone "The Holler" (pos=<5632.000000, 32.000000, 5392.000000>).
03:46:57.288 [Market] Player "Dragonhunter" (id=8aHbwb5XZ9Gq0J-7qO1AVn3G8YD6-lBt4iCz53aUxso=) has sold ammo_357 x1 at the trader "WeaponAccessories (Rolf [WEAPON ACCESSORIES])" in market zone "The Holler" (pos=<5632.000000, 32.000000, 5392.000000>) and got 1.
03:47:01.083 [Market] Player "Dragonhunter" (id=8aHbwb5XZ9Gq0J-7qO1AVn3G8YD6-lBt4iCz53aUxso=) has send a requested to sell ammo_357 x1 at the trader "WeaponAccessories (Rolf [WEAPON ACCESSORIES])" in market zone "The Holler" (pos=<5632.000000, 32.000000, 5392.000000>).
03:47:01.208 [Market] Player "Dragonhunter" (id=8aHbwb5XZ9Gq0J-7qO1AVn3G8YD6-lBt4iCz53aUxso=) has sold ammo_357 x1 at the trader "WeaponAccessories (Rolf [WEAPON ACCESSORIES])" in market zone "The Holler" (pos=<5632.000000, 32.000000, 5392.000000>) and got 1.
03:47:01.328 [Market] Player "Dragonhunter" (id=8aHbwb5XZ9Gq0J-7qO1AVn3G8YD6-lBt4iCz53aUxso=) has send a requested to sell ammo_357 x1 at the trader "WeaponAccessories (Rolf [WEAPON ACCESSORIES])" in market zone "The Holler" (pos=<5632.000000, 32.000000, 5392.000000>).
03:47:01.464 [Market] Player "Dragonhunter" (id=8aHbwb5XZ9Gq0J-7qO1AVn3G8YD6-lBt4iCz53aUxso=) has sold ammo_357 x1 at the trader "WeaponAccessories (Rolf [WEAPON ACCESSORIES])" in market zone "The Holler" (pos=<5632.000000, 32.000000, 5392.000000>) and got 1.
03:47:01.491 [Market] Player "Dragonhunter" (id=8aHbwb5XZ9Gq0J-7qO1AVn3G8YD6-lBt4iCz53aUxso=) has send a requested to sell ammo_357 x1 at the trader "WeaponAccessories (Rolf [WEAPON ACCESSORIES])" in market zone "The Holler" (pos=<5632.000000, 32.000000, 5392.000000>).
03:47:01.606 [Market] Player "Dragonhunter" (id=8aHbwb5XZ9Gq0J-7qO1AVn3G8YD6-lBt4iCz53aUxso=) has sold ammo_357 x1 at the trader "WeaponAccessories (Rolf [WEAPON ACCESSORIES])" in market zone "The Holler" (pos=<5632.000000, 32.000000, 5392.000000>) and got 1.
03:47:01.745 [Market] Player "Dragonhunter" (id=8aHbwb5XZ9Gq0J-7qO1AVn3G8YD6-lBt4iCz53aUxso=) has send a requested to sell ammo_357 x1 at the trader "WeaponAccessories (Rolf [WEAPON ACCESSORIES])" in market zone "The Holler" (pos=<5632.000000, 32.000000, 5392.000000>).
03:47:01.895 [Market] Player "Dragonhunter" (id=8aHbwb5XZ9Gq0J-7qO1AVn3G8YD6-lBt4iCz53aUxso=) has sold ammo_357 x1 at the trader "WeaponAccessories (Rolf [WEAPON ACCESSORIES])" in market zone "The Holler" (pos=<5632.000000, 32.000000, 5392.000000>) and got 1.
03:47:01.919 [Market] Player "Dragonhunter" (id=8aHbwb5XZ9Gq0J-7qO1AVn3G8YD6-lBt4iCz53aUxso=) has send a requested to sell ammo_357 x1 at the trader "WeaponAccessories (Rolf [WEAPON ACCESSORIES])" in market zone "The Holler" (pos=<5632.000000, 32.000000, 5392.000000>).
03:47:02.032 [Market] Player "Dragonhunter" (id=8aHbwb5XZ9Gq0J-7qO1AVn3G8YD6-lBt4iCz53aUxso=) has sold ammo_357 x1 at the trader "WeaponAccessories (Rolf [WEAPON ACCESSORIES])" in market zone "The Holler" (pos=<5632.000000, 32.000000, 5392.000000>) and got 1.
03:47:02.170 [Market] Player "Dragonhunter" (id=8aHbwb5XZ9Gq0J-7qO1AVn3G8YD6-lBt4iCz53aUxso=) has send a requested to sell ammo_357 x1 at the trader "WeaponAccessories (Rolf [WEAPON ACCESSORIES])" in market zone "The Holler" (pos=<5632.000000, 32.000000, 5392.000000>).
03:47:02.318 [Market] Player "Dragonhunter" (id=8aHbwb5XZ9Gq0J-7qO1AVn3G8YD6-lBt4iCz53aUxso=) has sold ammo_357 x1 at the trader "WeaponAccessories (Rolf [WEAPON ACCESSORIES])" in market zone "The Holler" (pos=<5632.000000, 32.000000, 5392.000000>) and got 1.
03:47:02.370 [Market] Player "Dragonhunter" (id=8aHbwb5XZ9Gq0J-7qO1AVn3G8YD6-lBt4iCz53aUxso=) has send a requested to sell ammo_357 x1 at the trader "WeaponAccessories (Rolf [WEAPON ACCESSORIES])" in market zone "The Holler" (pos=<5632.000000, 32.000000, 5392.000000>).
03:47:02.493 [Market] Player "Dragonhunter" (id=8aHbwb5XZ9Gq0J-7qO1AVn3G8YD6-lBt4iCz53aUxso=) has sold ammo_357 x1 at the trader "WeaponAccessories (Rolf [WEAPON ACCESSORIES])" in market zone "The Holler" (pos=<5632.000000, 32.000000, 5392.000000>) and got 1.
03:47:02.737 [Market] Player "Dragonhunter" (id=8aHbwb5XZ9Gq0J-7qO1AVn3G8YD6-lBt4iCz53aUxso=) has send a requested to sell ammo_357 x1 at the trader "WeaponAccessories (Rolf [WEAPON ACCESSORIES])" in market zone "The Holler" (pos=<5632.000000, 32.000000, 5392.000000>).
03:47:02.882 [Market] Player "Dragonhunter" (id=8aHbwb5XZ9Gq0J-7qO1AVn3G8YD6-lBt4iCz53aUxso=) has sold ammo_357 x1 at the trader "WeaponAccessories (Rolf [WEAPON ACCESSORIES])" in market zone "The Holler" (pos=<5632.000000, 32.000000, 5392.000000>) and got 1.
03:47:05.351 [Market] Player "Dragonhunter" (id=8aHbwb5XZ9Gq0J-7qO1AVn3G8YD6-lBt4iCz53aUxso=) has send a requested to sell ammo_45acp x1 at the trader "WeaponAccessories (Rolf [WEAPON ACCESSORIES])" in market zone "The Holler" (pos=<5632.000000, 32.000000, 5392.000000>).
03:47:05.531 [Market] Player "Dragonhunter" (id=8aHbwb5XZ9Gq0J-7qO1AVn3G8YD6-lBt4iCz53aUxso=) has sold ammo_45acp x1 at the trader "WeaponAccessories (Rolf [WEAPON ACCESSORIES])" in market zone "The Holler" (pos=<5632.000000, 32.000000, 5392.000000>) and got 0.
03:47:05.588 [Market] Player "Dragonhunter" (id=8aHbwb5XZ9Gq0J-7qO1AVn3G8YD6-lBt4iCz53aUxso=) has send a requested to sell ammo_45acp x1 at the trader "WeaponAccessories (Rolf [WEAPON ACCESSORIES])" in market zone "The Holler" (pos=<5632.000000, 32.000000, 5392.000000>).
03:47:05.713 [Market] Player "Dragonhunter" (id=8aHbwb5XZ9Gq0J-7qO1AVn3G8YD6-lBt4iCz53aUxso=) has sold ammo_45acp x1 at the trader "WeaponAccessories (Rolf [WEAPON ACCESSORIES])" in market zone "The Holler" (pos=<5632.000000, 32.000000, 5392.000000>) and got 0.
03:47:05.781 [Market] Player "Dragonhunter" (id=8aHbwb5XZ9Gq0J-7qO1AVn3G8YD6-lBt4iCz53aUxso=) has send a requested to sell ammo_45acp x1 at the trader "WeaponAccessories (Rolf [WEAPON ACCESSORIES])" in market zone "The Holler" (pos=<5632.000000, 32.000000, 5392.000000>).
03:47:05.889 [Market] Player "Dragonhunter" (id=8aHbwb5XZ9Gq0J-7qO1AVn3G8YD6-lBt4iCz53aUxso=) has sold ammo_45acp x1 at the trader "WeaponAccessories (Rolf [WEAPON ACCESSORIES])" in market zone "The Holler" (pos=<5632.000000, 32.000000, 5392.000000>) and got 0.
03:47:05.968 [Market] Player "Dragonhunter" (id=8aHbwb5XZ9Gq0J-7qO1AVn3G8YD6-lBt4iCz53aUxso=) has send a requested to sell ammo_45acp x1 at the trader "WeaponAccessories (Rolf [WEAPON ACCESSORIES])" in market zone "The Holler" (pos=<5632.000000, 32.000000, 5392.000000>).
03:47:06.101 [Market] Player "Dragonhunter" (id=8aHbwb5XZ9Gq0J-7qO1AVn3G8YD6-lBt4iCz53aUxso=) has sold ammo_45acp x1 at the trader "WeaponAccessories (Rolf [WEAPON ACCESSORIES])" in market zone "The Holler" (pos=<5632.000000, 32.000000, 5392.000000>) and got 0.
03:47:06.169 [Market] Player "Dragonhunter" (id=8aHbwb5XZ9Gq0J-7qO1AVn3G8YD6-lBt4iCz53aUxso=) has send a requested to sell ammo_45acp x1 at the trader "WeaponAccessories (Rolf [WEAPON ACCESSORIES])" in market zone "The Holler" (pos=<5632.000000, 32.000000, 5392.000000>).
03:47:06.375 [Market] Player "Dragonhunter" (id=8aHbwb5XZ9Gq0J-7qO1AVn3G8YD6-lBt4iCz53aUxso=) has sold ammo_45acp x1 at the trader "WeaponAccessories (Rolf [WEAPON ACCESSORIES])" in market zone "The Holler" (pos=<5632.000000, 32.000000, 5392.000000>) and got 0.
03:47:06.375 [Market] Player "Dragonhunter" (id=8aHbwb5XZ9Gq0J-7qO1AVn3G8YD6-lBt4iCz53aUxso=) has send a requested to sell ammo_45acp x1 at the trader "WeaponAccessories (Rolf [WEAPON ACCESSORIES])" in market zone "The Holler" (pos=<5632.000000, 32.000000, 5392.000000>).
03:47:06.520 [Market] Player "Dragonhunter" (id=8aHbwb5XZ9Gq0J-7qO1AVn3G8YD6-lBt4iCz53aUxso=) has sold ammo_45acp x1 at the trader "WeaponAccessories (Rolf [WEAPON ACCESSORIES])" in market zone "The Holler" (pos=<5632.000000, 32.000000, 5392.000000>) and got 0.
03:47:06.585 [Market] Player "Dragonhunter" (id=8aHbwb5XZ9Gq0J-7qO1AVn3G8YD6-lBt4iCz53aUxso=) has send a requested to sell ammo_45acp x1 at the trader "WeaponAccessories (Rolf [WEAPON ACCESSORIES])" in market zone "The Holler" (pos=<5632.000000, 32.000000, 5392.000000>).
03:47:06.734 [Market] Player "Dragonhunter" (id=8aHbwb5XZ9Gq0J-7qO1AVn3G8YD6-lBt4iCz53aUxso=) has sold ammo_45acp x1 at the trader "WeaponAccessories (Rolf [WEAPON ACCESSORIES])" in market zone "The Holler" (pos=<5632.000000, 32.000000, 5392.000000>) and got 0.
03:47:06.800 [Market] Player "Dragonhunter" (id=8aHbwb5XZ9Gq0J-7qO1AVn3G8YD6-lBt4iCz53aUxso=) has send a requested to sell ammo_45acp x1 at the trader "WeaponAccessories (Rolf [WEAPON ACCESSORIES])" in market zone "The Holler" (pos=<5632.000000, 32.000000, 5392.000000>).
03:47:06.909 [Market] Player "Dragonhunter" (id=8aHbwb5XZ9Gq0J-7qO1AVn3G8YD6-lBt4iCz53aUxso=) has sold ammo_45acp x1 at the trader "WeaponAccessories (Rolf [WEAPON ACCESSORIES])" in market zone "The Holler" (pos=<5632.000000, 32.000000, 5392.000000>) and got 0.
03:47:07.041 [Market] Player "Dragonhunter" (id=8aHbwb5XZ9Gq0J-7qO1AVn3G8YD6-lBt4iCz53aUxso=) has send a requested to sell ammo_45acp x1 at the trader "WeaponAccessories (Rolf [WEAPON ACCESSORIES])" in market zone "The Holler" (pos=<5632.000000, 32.000000, 5392.000000>).
03:47:07.163 [Market] Player "Dragonhunter" (id=8aHbwb5XZ9Gq0J-7qO1AVn3G8YD6-lBt4iCz53aUxso=) has sold ammo_45acp x1 at the trader "WeaponAccessories (Rolf [WEAPON ACCESSORIES])" in market zone "The Holler" (pos=<5632.000000, 32.000000, 5392.000000>) and got 0.
03:47:07.235 [Market] Player "Dragonhunter" (id=8aHbwb5XZ9Gq0J-7qO1AVn3G8YD6-lBt4iCz53aUxso=) has send a requested to sell ammo_45acp x1 at the trader "WeaponAccessories (Rolf [WEAPON ACCESSORIES])" in market zone "The Holler" (pos=<5632.000000, 32.000000, 5392.000000>).
03:47:07.355 [Market] Player "Dragonhunter" (id=8aHbwb5XZ9Gq0J-7qO1AVn3G8YD6-lBt4iCz53aUxso=) has sold ammo_45acp x1 at the trader "WeaponAccessories (Rolf [WEAPON ACCESSORIES])" in market zone "The Holler" (pos=<5632.000000, 32.000000, 5392.000000>) and got 0.
03:47:07.638 [Market] Player "Dragonhunter" (id=8aHbwb5XZ9Gq0J-7qO1AVn3G8YD6-lBt4iCz53aUxso=) has send a requested to sell ammo_45acp x1 at the trader "WeaponAccessories (Rolf [WEAPON ACCESSORIES])" in market zone "The Holler" (pos=<5632.000000, 32.000000, 5392.000000>).
03:47:07.771 [Market] Player "Dragonhunter" (id=8aHbwb5XZ9Gq0J-7qO1AVn3G8YD6-lBt4iCz53aUxso=) has sold ammo_45acp x1 at the trader "WeaponAccessories (Rolf [WEAPON ACCESSORIES])" in market zone "The Holler" (pos=<5632.000000, 32.000000, 5392.000000>) and got 0.
03:47:07.890 [Market] Player "Dragonhunter" (id=8aHbwb5XZ9Gq0J-7qO1AVn3G8YD6-lBt4iCz53aUxso=) has send a requested to sell ammo_45acp x1 at the trader "WeaponAccessories (Rolf [WEAPON ACCESSORIES])" in market zone "The Holler" (pos=<5632.000000, 32.000000, 5392.000000>).
03:47:08.012 [Market] Player "Dragonhunter" (id=8aHbwb5XZ9Gq0J-7qO1AVn3G8YD6-lBt4iCz53aUxso=) has sold ammo_45acp x1 at the trader "WeaponAccessories (Rolf [WEAPON ACCESSORIES])" in market zone "The Holler" (pos=<5632.000000, 32.000000, 5392.000000>) and got 0.
03:47:08.478 [Market] Player "Dragonhunter" (id=8aHbwb5XZ9Gq0J-7qO1AVn3G8YD6-lBt4iCz53aUxso=) has send a requested to sell ammo_45acp x1 at the trader "WeaponAccessories (Rolf [WEAPON ACCESSORIES])" in market zone "The Holler" (pos=<5632.000000, 32.000000, 5392.000000>).
03:47:08.599 [Market] Player "Dragonhunter" (id=8aHbwb5XZ9Gq0J-7qO1AVn3G8YD6-lBt4iCz53aUxso=) has sold ammo_45acp x1 at the trader "WeaponAccessories (Rolf [WEAPON ACCESSORIES])" in market zone "The Holler" (pos=<5632.000000, 32.000000, 5392.000000>) and got 0.
03:47:08.720 [Market] Player "Dragonhunter" (id=8aHbwb5XZ9Gq0J-7qO1AVn3G8YD6-lBt4iCz53aUxso=) has send a requested to sell ammo_45acp x1 at the trader "WeaponAccessories (Rolf [WEAPON ACCESSORIES])" in market zone "The Holler" (pos=<5632.000000, 32.000000, 5392.000000>).
03:47:08.905 [Market] Player "Dragonhunter" (id=8aHbwb5XZ9Gq0J-7qO1AVn3G8YD6-lBt4iCz53aUxso=) has sold ammo_45acp x1 at the trader "WeaponAccessories (Rolf [WEAPON ACCESSORIES])" in market zone "The Holler" (pos=<5632.000000, 32.000000, 5392.000000>) and got 0.
03:47:08.906 [Market] Player "Dragonhunter" (id=8aHbwb5XZ9Gq0J-7qO1AVn3G8YD6-lBt4iCz53aUxso=) has send a requested to sell ammo_45acp x1 at the trader "WeaponAccessories (Rolf [WEAPON ACCESSORIES])" in market zone "The Holler" (pos=<5632.000000, 32.000000, 5392.000000>).
03:47:09.020 [Market] Player "Dragonhunter" (id=8aHbwb5XZ9Gq0J-7qO1AVn3G8YD6-lBt4iCz53aUxso=) has sold ammo_45acp x1 at the trader "WeaponAccessories (Rolf [WEAPON ACCESSORIES])" in market zone "The Holler" (pos=<5632.000000, 32.000000, 5392.000000>) and got 0.
03:47:09.079 [Market] Player "Dragonhunter" (id=8aHbwb5XZ9Gq0J-7qO1AVn3G8YD6-lBt4iCz53aUxso=) has send a requested to sell ammo_45acp x1 at the trader "WeaponAccessories (Rolf [WEAPON ACCESSORIES])" in market zone "The Holler" (pos=<5632.000000, 32.000000, 5392.000000>).
03:47:09.177 [Market] Player "Dragonhunter" (id=8aHbwb5XZ9Gq0J-7qO1AVn3G8YD6-lBt4iCz53aUxso=) has sold ammo_45acp x1 at the trader "WeaponAccessories (Rolf [WEAPON ACCESSORIES])" in market zone "The Holler" (pos=<5632.000000, 32.000000, 5392.000000>) and got 0.
03:47:09.296 [Market] Player "Dragonhunter" (id=8aHbwb5XZ9Gq0J-7qO1AVn3G8YD6-lBt4iCz53aUxso=) has send a requested to sell ammo_45acp x1 at the trader "WeaponAccessories (Rolf [WEAPON ACCESSORIES])" in market zone "The Holler" (pos=<5632.000000, 32.000000, 5392.000000>).
03:47:09.471 [Market] Player "Dragonhunter" (id=8aHbwb5XZ9Gq0J-7qO1AVn3G8YD6-lBt4iCz53aUxso=) has sold ammo_45acp x1 at the trader "WeaponAccessories (Rolf [WEAPON ACCESSORIES])" in market zone "The Holler" (pos=<5632.000000, 32.000000, 5392.000000>) and got 0.
03:47:09.532 [Market] Player "Dragonhunter" (id=8aHbwb5XZ9Gq0J-7qO1AVn3G8YD6-lBt4iCz53aUxso=) has send a requested to sell ammo_45acp x1 at the trader "WeaponAccessories (Rolf [WEAPON ACCESSORIES])" in market zone "The Holler" (pos=<5632.000000, 32.000000, 5392.000000>).
03:47:09.721 [Market] Player "Dragonhunter" (id=8aHbwb5XZ9Gq0J-7qO1AVn3G8YD6-lBt4iCz53aUxso=) has sold ammo_45acp x1 at the trader "WeaponAccessories (Rolf [WEAPON ACCESSORIES])" in market zone "The Holler" (pos=<5632.000000, 32.000000, 5392.000000>) and got 0.
03:47:09.746 [Market] Player "Dragonhunter" (id=8aHbwb5XZ9Gq0J-7qO1AVn3G8YD6-lBt4iCz53aUxso=) has send a requested to sell ammo_45acp x1 at the trader "WeaponAccessories (Rolf [WEAPON ACCESSORIES])" in market zone "The Holler" (pos=<5632.000000, 32.000000, 5392.000000>).
03:47:09.916 [Market] Player "Dragonhunter" (id=8aHbwb5XZ9Gq0J-7qO1AVn3G8YD6-lBt4iCz53aUxso=) has sold ammo_45acp x1 at the trader "WeaponAccessories (Rolf [WEAPON ACCESSORIES])" in market zone "The Holler" (pos=<5632.000000, 32.000000, 5392.000000>) and got 0.
03:47:09.993 [Market] Player "Dragonhunter" (id=8aHbwb5XZ9Gq0J-7qO1AVn3G8YD6-lBt4iCz53aUxso=) has send a requested to sell ammo_45acp x1 at the trader "WeaponAccessories (Rolf [WEAPON ACCESSORIES])" in market zone "The Holler" (pos=<5632.000000, 32.000000, 5392.000000>).
03:47:10.125 [Market] Player "Dragonhunter" (id=8aHbwb5XZ9Gq0J-7qO1AVn3G8YD6-lBt4iCz53aUxso=) has sold ammo_45acp x1 at the trader "WeaponAccessories (Rolf [WEAPON ACCESSORIES])" in market zone "The Holler" (pos=<5632.000000, 32.000000, 5392.000000>) and got 0.
03:47:10.125 [Market] Player "Dragonhunter" (id=8aHbwb5XZ9Gq0J-7qO1AVn3G8YD6-lBt4iCz53aUxso=) has send a requested to sell ammo_45acp x1 at the trader "WeaponAccessories (Rolf [WEAPON ACCESSORIES])" in market zone "The Holler" (pos=<5632.000000, 32.000000, 5392.000000>).
03:47:10.274 [Market] Player "Dragonhunter" (id=8aHbwb5XZ9Gq0J-7qO1AVn3G8YD6-lBt4iCz53aUxso=) has sold ammo_45acp x1 at the trader "WeaponAccessories (Rolf [WEAPON ACCESSORIES])" in market zone "The Holler" (pos=<5632.000000, 32.000000, 5392.000000>) and got 0.
03:47:10.479 [Market] Player "Dragonhunter" (id=8aHbwb5XZ9Gq0J-7qO1AVn3G8YD6-lBt4iCz53aUxso=) has send a requested to sell ammo_45acp x1 at the trader "WeaponAccessories (Rolf [WEAPON ACCESSORIES])" in market zone "The Holler" (pos=<5632.000000, 32.000000, 5392.000000>).
03:47:10.594 [Market] Player "Dragonhunter" (id=8aHbwb5XZ9Gq0J-7qO1AVn3G8YD6-lBt4iCz53aUxso=) has sold ammo_45acp x1 at the trader "WeaponAccessories (Rolf [WEAPON ACCESSORIES])" in market zone "The Holler" (pos=<5632.000000, 32.000000, 5392.000000>) and got 0.
03:47:10.713 [Market] Player "Dragonhunter" (id=8aHbwb5XZ9Gq0J-7qO1AVn3G8YD6-lBt4iCz53aUxso=) has send a requested to sell ammo_45acp x1 at the trader "WeaponAccessories (Rolf [WEAPON ACCESSORIES])" in market zone "The Holler" (pos=<5632.000000, 32.000000, 5392.000000>).
03:47:10.845 [Market] Player "Dragonhunter" (id=8aHbwb5XZ9Gq0J-7qO1AVn3G8YD6-lBt4iCz53aUxso=) has sold ammo_45acp x1 at the trader "WeaponAccessories (Rolf [WEAPON ACCESSORIES])" in market zone "The Holler" (pos=<5632.000000, 32.000000, 5392.000000>) and got 0.
03:47:10.873 [Market] Player "Dragonhunter" (id=8aHbwb5XZ9Gq0J-7qO1AVn3G8YD6-lBt4iCz53aUxso=) has send a requested to sell ammo_45acp x1 at the trader "WeaponAccessories (Rolf [WEAPON ACCESSORIES])" in market zone "The Holler" (pos=<5632.000000, 32.000000, 5392.000000>).
03:47:11.041 [Market] Player "Dragonhunter" (id=8aHbwb5XZ9Gq0J-7qO1AVn3G8YD6-lBt4iCz53aUxso=) has sold ammo_45acp x1 at the trader "WeaponAccessories (Rolf [WEAPON ACCESSORIES])" in market zone "The Holler" (pos=<5632.000000, 32.000000, 5392.000000>) and got 0.
03:47:11.403 [Market] Player "Dragonhunter" (id=8aHbwb5XZ9Gq0J-7qO1AVn3G8YD6-lBt4iCz53aUxso=) has send a requested to sell ammo_45acp x1 at the trader "WeaponAccessories (Rolf [WEAPON ACCESSORIES])" in market zone "The Holler" (pos=<5632.000000, 32.000000, 5392.000000>).
03:47:11.517 [Market] Player "Dragonhunter" (id=8aHbwb5XZ9Gq0J-7qO1AVn3G8YD6-lBt4iCz53aUxso=) has sold ammo_45acp x1 at the trader "WeaponAccessories (Rolf [WEAPON ACCESSORIES])" in market zone "The Holler" (pos=<5632.000000, 32.000000, 5392.000000>) and got 0.
03:47:13.484 [Market] Player "Dragonhunter" (id=8aHbwb5XZ9Gq0J-7qO1AVn3G8YD6-lBt4iCz53aUxso=) has send a requested to sell ammo_762x39tracer x1 at the trader "WeaponAccessories (Rolf [WEAPON ACCESSORIES])" in market zone "The Holler" (pos=<5632.000000, 32.000000, 5392.000000>).
03:47:13.602 [Market] Player "Dragonhunter" (id=8aHbwb5XZ9Gq0J-7qO1AVn3G8YD6-lBt4iCz53aUxso=) has sold ammo_762x39tracer x1 at the trader "WeaponAccessories (Rolf [WEAPON ACCESSORIES])" in market zone "The Holler" (pos=<5632.000000, 32.000000, 5392.000000>) and got 3.
03:47:24.453 [Market] Player "Dragonhunter" (id=8aHbwb5XZ9Gq0J-7qO1AVn3G8YD6-lBt4iCz53aUxso=) has send a requested to sell twp_ammo_57x28 x1 at the trader "WeaponAccessories (Rolf [WEAPON ACCESSORIES])" in market zone "The Holler" (pos=<5632.000000, 32.000000, 5392.000000>).
03:47:24.575 [Market] Player "Dragonhunter" (id=8aHbwb5XZ9Gq0J-7qO1AVn3G8YD6-lBt4iCz53aUxso=) has sold twp_ammo_57x28 x1 at the trader "WeaponAccessories (Rolf [WEAPON ACCESSORIES])" in market zone "The Holler" (pos=<5632.000000, 32.000000, 5392.000000>) and got 5.
03:47:26.867 [Market] Player "Dragonhunter" (id=8aHbwb5XZ9Gq0J-7qO1AVn3G8YD6-lBt4iCz53aUxso=) has send a requested to sell ammo_expansion_338 x1 at the trader "WeaponAccessories (Rolf [WEAPON ACCESSORIES])" in market zone "The Holler" (pos=<5632.000000, 32.000000, 5392.000000>).
03:47:26.983 [Market] Player "Dragonhunter" (id=8aHbwb5XZ9Gq0J-7qO1AVn3G8YD6-lBt4iCz53aUxso=) has sold ammo_expansion_338 x1 at the trader "WeaponAccessories (Rolf [WEAPON ACCESSORIES])" in market zone "The Holler" (pos=<5632.000000, 32.000000, 5392.000000>) and got 1.
03:47:27.375 [Market] Player "Dragonhunter" (id=8aHbwb5XZ9Gq0J-7qO1AVn3G8YD6-lBt4iCz53aUxso=) has send a requested to sell ammo_expansion_338 x1 at the trader "WeaponAccessories (Rolf [WEAPON ACCESSORIES])" in market zone "The Holler" (pos=<5632.000000, 32.000000, 5392.000000>).
03:47:27.487 [Market] Player "Dragonhunter" (id=8aHbwb5XZ9Gq0J-7qO1AVn3G8YD6-lBt4iCz53aUxso=) has sold ammo_expansion_338 x1 at the trader "WeaponAccessories (Rolf [WEAPON ACCESSORIES])" in market zone "The Holler" (pos=<5632.000000, 32.000000, 5392.000000>) and got 1.
03:47:27.613 [Market] Player "Dragonhunter" (id=8aHbwb5XZ9Gq0J-7qO1AVn3G8YD6-lBt4iCz53aUxso=) has send a requested to sell ammo_expansion_338 x1 at the trader "WeaponAccessories (Rolf [WEAPON ACCESSORIES])" in market zone "The Holler" (pos=<5632.000000, 32.000000, 5392.000000>).
03:47:27.748 [Market] Player "Dragonhunter" (id=8aHbwb5XZ9Gq0J-7qO1AVn3G8YD6-lBt4iCz53aUxso=) has sold ammo_expansion_338 x1 at the trader "WeaponAccessories (Rolf [WEAPON ACCESSORIES])" in market zone "The Holler" (pos=<5632.000000, 32.000000, 5392.000000>) and got 1.
03:47:27.823 [Market] Player "Dragonhunter" (id=8aHbwb5XZ9Gq0J-7qO1AVn3G8YD6-lBt4iCz53aUxso=) has send a requested to sell ammo_expansion_338 x1 at the trader "WeaponAccessories (Rolf [WEAPON ACCESSORIES])" in market zone "The Holler" (pos=<5632.000000, 32.000000, 5392.000000>).
03:47:28.011 [Market] Player "Dragonhunter" (id=8aHbwb5XZ9Gq0J-7qO1AVn3G8YD6-lBt4iCz53aUxso=) has sold ammo_expansion_338 x1 at the trader "WeaponAccessories (Rolf [WEAPON ACCESSORIES])" in market zone "The Holler" (pos=<5632.000000, 32.000000, 5392.000000>) and got 1.
03:47:28.037 [Market] Player "Dragonhunter" (id=8aHbwb5XZ9Gq0J-7qO1AVn3G8YD6-lBt4iCz53aUxso=) has send a requested to sell ammo_expansion_338 x1 at the trader "WeaponAccessories (Rolf [WEAPON ACCESSORIES])" in market zone "The Holler" (pos=<5632.000000, 32.000000, 5392.000000>).
03:47:28.151 [Market] Player "Dragonhunter" (id=8aHbwb5XZ9Gq0J-7qO1AVn3G8YD6-lBt4iCz53aUxso=) has sold ammo_expansion_338 x1 at the trader "WeaponAccessories (Rolf [WEAPON ACCESSORIES])" in market zone "The Holler" (pos=<5632.000000, 32.000000, 5392.000000>) and got 1.
03:47:28.308 [Market] Player "Dragonhunter" (id=8aHbwb5XZ9Gq0J-7qO1AVn3G8YD6-lBt4iCz53aUxso=) has send a requested to sell ammo_expansion_338 x1 at the trader "WeaponAccessories (Rolf [WEAPON ACCESSORIES])" in market zone "The Holler" (pos=<5632.000000, 32.000000, 5392.000000>).
03:47:28.434 [Market] Player "Dragonhunter" (id=8aHbwb5XZ9Gq0J-7qO1AVn3G8YD6-lBt4iCz53aUxso=) has sold ammo_expansion_338 x1 at the trader "WeaponAccessories (Rolf [WEAPON ACCESSORIES])" in market zone "The Holler" (pos=<5632.000000, 32.000000, 5392.000000>) and got 1.
03:47:28.458 [Market] Player "Dragonhunter" (id=8aHbwb5XZ9Gq0J-7qO1AVn3G8YD6-lBt4iCz53aUxso=) has send a requested to sell ammo_expansion_338 x1 at the trader "WeaponAccessories (Rolf [WEAPON ACCESSORIES])" in market zone "The Holler" (pos=<5632.000000, 32.000000, 5392.000000>).
03:47:28.564 [Market] Player "Dragonhunter" (id=8aHbwb5XZ9Gq0J-7qO1AVn3G8YD6-lBt4iCz53aUxso=) has sold ammo_expansion_338 x1 at the trader "WeaponAccessories (Rolf [WEAPON ACCESSORIES])" in market zone "The Holler" (pos=<5632.000000, 32.000000, 5392.000000>) and got 1.
03:47:28.626 [Market] Player "Dragonhunter" (id=8aHbwb5XZ9Gq0J-7qO1AVn3G8YD6-lBt4iCz53aUxso=) has send a requested to sell ammo_expansion_338 x1 at the trader "WeaponAccessories (Rolf [WEAPON ACCESSORIES])" in market zone "The Holler" (pos=<5632.000000, 32.000000, 5392.000000>).
03:47:28.777 [Market] Player "Dragonhunter" (id=8aHbwb5XZ9Gq0J-7qO1AVn3G8YD6-lBt4iCz53aUxso=) has sold ammo_expansion_338 x1 at the trader "WeaponAccessories (Rolf [WEAPON ACCESSORIES])" in market zone "The Holler" (pos=<5632.000000, 32.000000, 5392.000000>) and got 1.
03:47:28.845 [Market] Player "Dragonhunter" (id=8aHbwb5XZ9Gq0J-7qO1AVn3G8YD6-lBt4iCz53aUxso=) has send a requested to sell ammo_expansion_338 x1 at the trader "WeaponAccessories (Rolf [WEAPON ACCESSORIES])" in market zone "The Holler" (pos=<5632.000000, 32.000000, 5392.000000>).
03:47:29.014 [Market] Player "Dragonhunter" (id=8aHbwb5XZ9Gq0J-7qO1AVn3G8YD6-lBt4iCz53aUxso=) has sold ammo_expansion_338 x1 at the trader "WeaponAccessories (Rolf [WEAPON ACCESSORIES])" in market zone "The Holler" (pos=<5632.000000, 32.000000, 5392.000000>) and got 1.
03:47:29.088 [Market] Player "Dragonhunter" (id=8aHbwb5XZ9Gq0J-7qO1AVn3G8YD6-lBt4iCz53aUxso=) has send a requested to sell ammo_expansion_338 x1 at the trader "WeaponAccessories (Rolf [WEAPON ACCESSORIES])" in market zone "The Holler" (pos=<5632.000000, 32.000000, 5392.000000>).
03:47:29.240 [Market] Player "Dragonhunter" (id=8aHbwb5XZ9Gq0J-7qO1AVn3G8YD6-lBt4iCz53aUxso=) has sold ammo_expansion_338 x1 at the trader "WeaponAccessories (Rolf [WEAPON ACCESSORIES])" in market zone "The Holler" (pos=<5632.000000, 32.000000, 5392.000000>) and got 1.
03:47:29.241 [Market] Player "Dragonhunter" (id=8aHbwb5XZ9Gq0J-7qO1AVn3G8YD6-lBt4iCz53aUxso=) has send a requested to sell ammo_expansion_338 x1 at the trader "WeaponAccessories (Rolf [WEAPON ACCESSORIES])" in market zone "The Holler" (pos=<5632.000000, 32.000000, 5392.000000>).
03:47:29.367 [Market] Player "Dragonhunter" (id=8aHbwb5XZ9Gq0J-7qO1AVn3G8YD6-lBt4iCz53aUxso=) has sold ammo_expansion_338 x1 at the trader "WeaponAccessories (Rolf [WEAPON ACCESSORIES])" in market zone "The Holler" (pos=<5632.000000, 32.000000, 5392.000000>) and got 1.
03:47:29.432 [Market] Player "Dragonhunter" (id=8aHbwb5XZ9Gq0J-7qO1AVn3G8YD6-lBt4iCz53aUxso=) has send a requested to sell ammo_expansion_338 x1 at the trader "WeaponAccessories (Rolf [WEAPON ACCESSORIES])" in market zone "The Holler" (pos=<5632.000000, 32.000000, 5392.000000>).
03:47:29.579 [Market] Player "Dragonhunter" (id=8aHbwb5XZ9Gq0J-7qO1AVn3G8YD6-lBt4iCz53aUxso=) has sold ammo_expansion_338 x1 at the trader "WeaponAccessories (Rolf [WEAPON ACCESSORIES])" in market zone "The Holler" (pos=<5632.000000, 32.000000, 5392.000000>) and got 1.
03:47:29.677 [Market] Player "Dragonhunter" (id=8aHbwb5XZ9Gq0J-7qO1AVn3G8YD6-lBt4iCz53aUxso=) has send a requested to sell ammo_expansion_338 x1 at the trader "WeaponAccessories (Rolf [WEAPON ACCESSORIES])" in market zone "The Holler" (pos=<5632.000000, 32.000000, 5392.000000>).
03:47:29.783 [Market] Player "Dragonhunter" (id=8aHbwb5XZ9Gq0J-7qO1AVn3G8YD6-lBt4iCz53aUxso=) has sold ammo_expansion_338 x1 at the trader "WeaponAccessories (Rolf [WEAPON ACCESSORIES])" in market zone "The Holler" (pos=<5632.000000, 32.000000, 5392.000000>) and got 1.
03:47:29.865 [Market] Player "Dragonhunter" (id=8aHbwb5XZ9Gq0J-7qO1AVn3G8YD6-lBt4iCz53aUxso=) has send a requested to sell ammo_expansion_338 x1 at the trader "WeaponAccessories (Rolf [WEAPON ACCESSORIES])" in market zone "The Holler" (pos=<5632.000000, 32.000000, 5392.000000>).
03:47:30.007 [Market] Player "Dragonhunter" (id=8aHbwb5XZ9Gq0J-7qO1AVn3G8YD6-lBt4iCz53aUxso=) has sold ammo_expansion_338 x1 at the trader "WeaponAccessories (Rolf [WEAPON ACCESSORIES])" in market zone "The Holler" (pos=<5632.000000, 32.000000, 5392.000000>) and got 1.
03:47:30.083 [Market] Player "Dragonhunter" (id=8aHbwb5XZ9Gq0J-7qO1AVn3G8YD6-lBt4iCz53aUxso=) has send a requested to sell ammo_expansion_338 x1 at the trader "WeaponAccessories (Rolf [WEAPON ACCESSORIES])" in market zone "The Holler" (pos=<5632.000000, 32.000000, 5392.000000>).
03:47:30.206 [Market] Player "Dragonhunter" (id=8aHbwb5XZ9Gq0J-7qO1AVn3G8YD6-lBt4iCz53aUxso=) has sold ammo_expansion_338 x1 at the trader "WeaponAccessories (Rolf [WEAPON ACCESSORIES])" in market zone "The Holler" (pos=<5632.000000, 32.000000, 5392.000000>) and got 1.
03:47:30.280 [Market] Player "Dragonhunter" (id=8aHbwb5XZ9Gq0J-7qO1AVn3G8YD6-lBt4iCz53aUxso=) has send a requested to sell ammo_expansion_338 x1 at the trader "WeaponAccessories (Rolf [WEAPON ACCESSORIES])" in market zone "The Holler" (pos=<5632.000000, 32.000000, 5392.000000>).
03:47:30.477 [Market] Player "Dragonhunter" (id=8aHbwb5XZ9Gq0J-7qO1AVn3G8YD6-lBt4iCz53aUxso=) has send a requested to sell ammo_expansion_338 x1 at the trader "WeaponAccessories (Rolf [WEAPON ACCESSORIES])" in market zone "The Holler" (pos=<5632.000000, 32.000000, 5392.000000>).
03:47:30.595 [Market] Player "Dragonhunter" (id=8aHbwb5XZ9Gq0J-7qO1AVn3G8YD6-lBt4iCz53aUxso=) has sold ammo_expansion_338 x1 at the trader "WeaponAccessories (Rolf [WEAPON ACCESSORIES])" in market zone "The Holler" (pos=<5632.000000, 32.000000, 5392.000000>) and got 1.
03:47:30.753 [Market] Player "Dragonhunter" (id=8aHbwb5XZ9Gq0J-7qO1AVn3G8YD6-lBt4iCz53aUxso=) has send a requested to sell ammo_expansion_338 x1 at the trader "WeaponAccessories (Rolf [WEAPON ACCESSORIES])" in market zone "The Holler" (pos=<5632.000000, 32.000000, 5392.000000>).
03:47:30.899 [Market] Player "Dragonhunter" (id=8aHbwb5XZ9Gq0J-7qO1AVn3G8YD6-lBt4iCz53aUxso=) has sold ammo_expansion_338 x1 at the trader "WeaponAccessories (Rolf [WEAPON ACCESSORIES])" in market zone "The Holler" (pos=<5632.000000, 32.000000, 5392.000000>) and got 1.
03:47:31.451 [Market] Player "Dragonhunter" (id=8aHbwb5XZ9Gq0J-7qO1AVn3G8YD6-lBt4iCz53aUxso=) has send a requested to sell ammo_expansion_338 x1 at the trader "WeaponAccessories (Rolf [WEAPON ACCESSORIES])" in market zone "The Holler" (pos=<5632.000000, 32.000000, 5392.000000>).
03:47:31.569 [Market] Player "Dragonhunter" (id=8aHbwb5XZ9Gq0J-7qO1AVn3G8YD6-lBt4iCz53aUxso=) has sold ammo_expansion_338 x1 at the trader "WeaponAccessories (Rolf [WEAPON ACCESSORIES])" in market zone "The Holler" (pos=<5632.000000, 32.000000, 5392.000000>) and got 1.
03:47:31.689 [Market] Player "Dragonhunter" (id=8aHbwb5XZ9Gq0J-7qO1AVn3G8YD6-lBt4iCz53aUxso=) has send a requested to sell ammo_expansion_338 x1 at the trader "WeaponAccessories (Rolf [WEAPON ACCESSORIES])" in market zone "The Holler" (pos=<5632.000000, 32.000000, 5392.000000>).
03:47:31.821 [Market] Player "Dragonhunter" (id=8aHbwb5XZ9Gq0J-7qO1AVn3G8YD6-lBt4iCz53aUxso=) has sold ammo_expansion_338 x1 at the trader "WeaponAccessories (Rolf [WEAPON ACCESSORIES])" in market zone "The Holler" (pos=<5632.000000, 32.000000, 5392.000000>) and got 1.
03:47:31.899 [Market] Player "Dragonhunter" (id=8aHbwb5XZ9Gq0J-7qO1AVn3G8YD6-lBt4iCz53aUxso=) has send a requested to sell ammo_expansion_338 x1 at the trader "WeaponAccessories (Rolf [WEAPON ACCESSORIES])" in market zone "The Holler" (pos=<5632.000000, 32.000000, 5392.000000>).
03:47:32.014 [Market] Player "Dragonhunter" (id=8aHbwb5XZ9Gq0J-7qO1AVn3G8YD6-lBt4iCz53aUxso=) has sold ammo_expansion_338 x1 at the trader "WeaponAccessories (Rolf [WEAPON ACCESSORIES])" in market zone "The Holler" (pos=<5632.000000, 32.000000, 5392.000000>) and got 1.
03:47:32.428 [Market] Player "Dragonhunter" (id=8aHbwb5XZ9Gq0J-7qO1AVn3G8YD6-lBt4iCz53aUxso=) has send a requested to sell ammo_expansion_338 x1 at the trader "WeaponAccessories (Rolf [WEAPON ACCESSORIES])" in market zone "The Holler" (pos=<5632.000000, 32.000000, 5392.000000>).
03:47:32.607 [Market] Player "Dragonhunter" (id=8aHbwb5XZ9Gq0J-7qO1AVn3G8YD6-lBt4iCz53aUxso=) has sold ammo_expansion_338 x1 at the trader "WeaponAccessories (Rolf [WEAPON ACCESSORIES])" in market zone "The Holler" (pos=<5632.000000, 32.000000, 5392.000000>) and got 1.
03:47:32.664 [Market] Player "Dragonhunter" (id=8aHbwb5XZ9Gq0J-7qO1AVn3G8YD6-lBt4iCz53aUxso=) has send a requested to sell ammo_expansion_338 x1 at the trader "WeaponAccessories (Rolf [WEAPON ACCESSORIES])" in market zone "The Holler" (pos=<5632.000000, 32.000000, 5392.000000>).
03:47:32.790 [Market] Player "Dragonhunter" (id=8aHbwb5XZ9Gq0J-7qO1AVn3G8YD6-lBt4iCz53aUxso=) has sold ammo_expansion_338 x1 at the trader "WeaponAccessories (Rolf [WEAPON ACCESSORIES])" in market zone "The Holler" (pos=<5632.000000, 32.000000, 5392.000000>) and got 1.
03:47:32.867 [Market] Player "Dragonhunter" (id=8aHbwb5XZ9Gq0J-7qO1AVn3G8YD6-lBt4iCz53aUxso=) has send a requested to sell ammo_expansion_338 x1 at the trader "WeaponAccessories (Rolf [WEAPON ACCESSORIES])" in market zone "The Holler" (pos=<5632.000000, 32.000000, 5392.000000>).
03:47:33.010 [Market] Player "Dragonhunter" (id=8aHbwb5XZ9Gq0J-7qO1AVn3G8YD6-lBt4iCz53aUxso=) has sold ammo_expansion_338 x1 at the trader "WeaponAccessories (Rolf [WEAPON ACCESSORIES])" in market zone "The Holler" (pos=<5632.000000, 32.000000, 5392.000000>) and got 1.
03:47:33.036 [Market] Player "Dragonhunter" (id=8aHbwb5XZ9Gq0J-7qO1AVn3G8YD6-lBt4iCz53aUxso=) has send a requested to sell ammo_expansion_338 x1 at the trader "WeaponAccessories (Rolf [WEAPON ACCESSORIES])" in market zone "The Holler" (pos=<5632.000000, 32.000000, 5392.000000>).
03:47:33.145 [Market] Player "Dragonhunter" (id=8aHbwb5XZ9Gq0J-7qO1AVn3G8YD6-lBt4iCz53aUxso=) has sold ammo_expansion_338 x1 at the trader "WeaponAccessories (Rolf [WEAPON ACCESSORIES])" in market zone "The Holler" (pos=<5632.000000, 32.000000, 5392.000000>) and got 1.
03:47:34.322 [Market] Player "Dragonhunter" (id=8aHbwb5XZ9Gq0J-7qO1AVn3G8YD6-lBt4iCz53aUxso=) has send a requested to sell ammo_762x39tracer x1 at the trader "WeaponAccessories (Rolf [WEAPON ACCESSORIES])" in market zone "The Holler" (pos=<5632.000000, 32.000000, 5392.000000>).
03:47:34.439 [Market] Player "Dragonhunter" (id=8aHbwb5XZ9Gq0J-7qO1AVn3G8YD6-lBt4iCz53aUxso=) has sold ammo_762x39tracer x1 at the trader "WeaponAccessories (Rolf [WEAPON ACCESSORIES])" in market zone "The Holler" (pos=<5632.000000, 32.000000, 5392.000000>) and got 3.
03:47:37.528 [Market] Player "Dragonhunter" (id=8aHbwb5XZ9Gq0J-7qO1AVn3G8YD6-lBt4iCz53aUxso=) has send a requested to sell mosin_bayonet x1 at the trader "WeaponAccessories (Rolf [WEAPON ACCESSORIES])" in market zone "The Holler" (pos=<5632.000000, 32.000000, 5392.000000>).
03:47:37.641 [Market] Player "Dragonhunter" (id=8aHbwb5XZ9Gq0J-7qO1AVn3G8YD6-lBt4iCz53aUxso=) has sold mosin_bayonet x1 at the trader "WeaponAccessories (Rolf [WEAPON ACCESSORIES])" in market zone "The Holler" (pos=<5632.000000, 32.000000, 5392.000000>) and got 75.
03:47:40.578 [Market] Player "Dragonhunter" (id=8aHbwb5XZ9Gq0J-7qO1AVn3G8YD6-lBt4iCz53aUxso=) has send a requested to sell m18smokegrenade_green x1 at the trader "WeaponAccessories (Rolf [WEAPON ACCESSORIES])" in market zone "The Holler" (pos=<5632.000000, 32.000000, 5392.000000>).
03:47:40.752 [Market] Player "Dragonhunter" (id=8aHbwb5XZ9Gq0J-7qO1AVn3G8YD6-lBt4iCz53aUxso=) has sold m18smokegrenade_green x1 at the trader "WeaponAccessories (Rolf [WEAPON ACCESSORIES])" in market zone "The Holler" (pos=<5632.000000, 32.000000, 5392.000000>) and got 150.
03:47:41.343 [Market] Player "Dragonhunter" (id=8aHbwb5XZ9Gq0J-7qO1AVn3G8YD6-lBt4iCz53aUxso=) has send a requested to sell m18smokegrenade_white x1 at the trader "WeaponAccessories (Rolf [WEAPON ACCESSORIES])" in market zone "The Holler" (pos=<5632.000000, 32.000000, 5392.000000>).
03:47:41.462 [Market] Player "Dragonhunter" (id=8aHbwb5XZ9Gq0J-7qO1AVn3G8YD6-lBt4iCz53aUxso=) has sold m18smokegrenade_white x1 at the trader "WeaponAccessories (Rolf [WEAPON ACCESSORIES])" in market zone "The Holler" (pos=<5632.000000, 32.000000, 5392.000000>) and got 150.
03:47:49.872 [Market] Player "Dragonhunter" (id=8aHbwb5XZ9Gq0J-7qO1AVn3G8YD6-lBt4iCz53aUxso=) has send a requested to sell steakknife x1 at the trader "WeaponAccessories (Rolf [WEAPON ACCESSORIES])" in market zone "The Holler" (pos=<5632.000000, 32.000000, 5392.000000>).
03:47:49.988 [Market] Player "Dragonhunter" (id=8aHbwb5XZ9Gq0J-7qO1AVn3G8YD6-lBt4iCz53aUxso=) has sold steakknife x1 at the trader "WeaponAccessories (Rolf [WEAPON ACCESSORIES])" in market zone "The Holler" (pos=<5632.000000, 32.000000, 5392.000000>) and got 6.
03:47:58.822 [Market] Player "Dragonhunter" (id=8aHbwb5XZ9Gq0J-7qO1AVn3G8YD6-lBt4iCz53aUxso=) has send a requested to sell ammo_762x39tracer x1 at the trader "WeaponAccessories (Rolf [WEAPON ACCESSORIES])" in market zone "The Holler" (pos=<5632.000000, 32.000000, 5392.000000>).
03:47:58.936 [Market] Player "Dragonhunter" (id=8aHbwb5XZ9Gq0J-7qO1AVn3G8YD6-lBt4iCz53aUxso=) has sold ammo_762x39tracer x1 at the trader "WeaponAccessories (Rolf [WEAPON ACCESSORIES])" in market zone "The Holler" (pos=<5632.000000, 32.000000, 5392.000000>) and got 3.
03:47:59.056 [Market] Player "Dragonhunter" (id=8aHbwb5XZ9Gq0J-7qO1AVn3G8YD6-lBt4iCz53aUxso=) has send a requested to sell ammo_762x39tracer x1 at the trader "WeaponAccessories (Rolf [WEAPON ACCESSORIES])" in market zone "The Holler" (pos=<5632.000000, 32.000000, 5392.000000>).
03:47:59.187 [Market] Player "Dragonhunter" (id=8aHbwb5XZ9Gq0J-7qO1AVn3G8YD6-lBt4iCz53aUxso=) has sold ammo_762x39tracer x1 at the trader "WeaponAccessories (Rolf [WEAPON ACCESSORIES])" in market zone "The Holler" (pos=<5632.000000, 32.000000, 5392.000000>) and got 3.
03:48:00.061 [Market] Player "Dragonhunter" (id=8aHbwb5XZ9Gq0J-7qO1AVn3G8YD6-lBt4iCz53aUxso=) has send a requested to sell ammo_762x39tracer x1 at the trader "WeaponAccessories (Rolf [WEAPON ACCESSORIES])" in market zone "The Holler" (pos=<5632.000000, 32.000000, 5392.000000>).
03:48:00.234 [Market] Player "Dragonhunter" (id=8aHbwb5XZ9Gq0J-7qO1AVn3G8YD6-lBt4iCz53aUxso=) has sold ammo_762x39tracer x1 at the trader "WeaponAccessories (Rolf [WEAPON ACCESSORIES])" in market zone "The Holler" (pos=<5632.000000, 32.000000, 5392.000000>) and got 3.
03:48:00.595 [Market] Player "Dragonhunter" (id=8aHbwb5XZ9Gq0J-7qO1AVn3G8YD6-lBt4iCz53aUxso=) has send a requested to sell ammo_762x39tracer x1 at the trader "WeaponAccessories (Rolf [WEAPON ACCESSORIES])" in market zone "The Holler" (pos=<5632.000000, 32.000000, 5392.000000>).
03:48:00.709 [Market] Player "Dragonhunter" (id=8aHbwb5XZ9Gq0J-7qO1AVn3G8YD6-lBt4iCz53aUxso=) has sold ammo_762x39tracer x1 at the trader "WeaponAccessories (Rolf [WEAPON ACCESSORIES])" in market zone "The Holler" (pos=<5632.000000, 32.000000, 5392.000000>) and got 3.
03:48:00.774 [Market] Player "Dragonhunter" (id=8aHbwb5XZ9Gq0J-7qO1AVn3G8YD6-lBt4iCz53aUxso=) has send a requested to sell ammo_762x39tracer x1 at the trader "WeaponAccessories (Rolf [WEAPON ACCESSORIES])" in market zone "The Holler" (pos=<5632.000000, 32.000000, 5392.000000>).
03:48:00.960 [Market] Player "Dragonhunter" (id=8aHbwb5XZ9Gq0J-7qO1AVn3G8YD6-lBt4iCz53aUxso=) has sold ammo_762x39tracer x1 at the trader "WeaponAccessories (Rolf [WEAPON ACCESSORIES])" in market zone "The Holler" (pos=<5632.000000, 32.000000, 5392.000000>) and got 3.
03:48:01.009 [Market] Player "Dragonhunter" (id=8aHbwb5XZ9Gq0J-7qO1AVn3G8YD6-lBt4iCz53aUxso=) has send a requested to sell ammo_762x39tracer x1 at the trader "WeaponAccessories (Rolf [WEAPON ACCESSORIES])" in market zone "The Holler" (pos=<5632.000000, 32.000000, 5392.000000>).
03:48:01.128 [Market] Player "Dragonhunter" (id=8aHbwb5XZ9Gq0J-7qO1AVn3G8YD6-lBt4iCz53aUxso=) has sold ammo_762x39tracer x1 at the trader "WeaponAccessories (Rolf [WEAPON ACCESSORIES])" in market zone "The Holler" (pos=<5632.000000, 32.000000, 5392.000000>) and got 3.
03:48:01.204 [Market] Player "Dragonhunter" (id=8aHbwb5XZ9Gq0J-7qO1AVn3G8YD6-lBt4iCz53aUxso=) has send a requested to sell ammo_762x39tracer x1 at the trader "WeaponAccessories (Rolf [WEAPON ACCESSORIES])" in market zone "The Holler" (pos=<5632.000000, 32.000000, 5392.000000>).
03:48:01.309 [Market] Player "Dragonhunter" (id=8aHbwb5XZ9Gq0J-7qO1AVn3G8YD6-lBt4iCz53aUxso=) has sold ammo_762x39tracer x1 at the trader "WeaponAccessories (Rolf [WEAPON ACCESSORIES])" in market zone "The Holler" (pos=<5632.000000, 32.000000, 5392.000000>) and got 3.
03:48:01.371 [Market] Player "Dragonhunter" (id=8aHbwb5XZ9Gq0J-7qO1AVn3G8YD6-lBt4iCz53aUxso=) has send a requested to sell ammo_762x39tracer x1 at the trader "WeaponAccessories (Rolf [WEAPON ACCESSORIES])" in market zone "The Holler" (pos=<5632.000000, 32.000000, 5392.000000>).
03:48:01.482 [Market] Player "Dragonhunter" (id=8aHbwb5XZ9Gq0J-7qO1AVn3G8YD6-lBt4iCz53aUxso=) has sold ammo_762x39tracer x1 at the trader "WeaponAccessories (Rolf [WEAPON ACCESSORIES])" in market zone "The Holler" (pos=<5632.000000, 32.000000, 5392.000000>) and got 3.
03:48:01.542 [Market] Player "Dragonhunter" (id=8aHbwb5XZ9Gq0J-7qO1AVn3G8YD6-lBt4iCz53aUxso=) has send a requested to sell ammo_762x39tracer x1 at the trader "WeaponAccessories (Rolf [WEAPON ACCESSORIES])" in market zone "The Holler" (pos=<5632.000000, 32.000000, 5392.000000>).
03:48:01.657 [Market] Player "Dragonhunter" (id=8aHbwb5XZ9Gq0J-7qO1AVn3G8YD6-lBt4iCz53aUxso=) has sold ammo_762x39tracer x1 at the trader "WeaponAccessories (Rolf [WEAPON ACCESSORIES])" in market zone "The Holler" (pos=<5632.000000, 32.000000, 5392.000000>) and got 3.
03:48:01.729 [Market] Player "Dragonhunter" (id=8aHbwb5XZ9Gq0J-7qO1AVn3G8YD6-lBt4iCz53aUxso=) has send a requested to sell ammo_762x39tracer x1 at the trader "WeaponAccessories (Rolf [WEAPON ACCESSORIES])" in market zone "The Holler" (pos=<5632.000000, 32.000000, 5392.000000>).
03:48:01.878 [Market] Player "Dragonhunter" (id=8aHbwb5XZ9Gq0J-7qO1AVn3G8YD6-lBt4iCz53aUxso=) has sold ammo_762x39tracer x1 at the trader "WeaponAccessories (Rolf [WEAPON ACCESSORIES])" in market zone "The Holler" (pos=<5632.000000, 32.000000, 5392.000000>) and got 3.
03:48:01.879 [Market] Player "Dragonhunter" (id=8aHbwb5XZ9Gq0J-7qO1AVn3G8YD6-lBt4iCz53aUxso=) has send a requested to sell ammo_762x39tracer x1 at the trader "WeaponAccessories (Rolf [WEAPON ACCESSORIES])" in market zone "The Holler" (pos=<5632.000000, 32.000000, 5392.000000>).
03:48:02.013 [Market] Player "Dragonhunter" (id=8aHbwb5XZ9Gq0J-7qO1AVn3G8YD6-lBt4iCz53aUxso=) has sold ammo_762x39tracer x1 at the trader "WeaponAccessories (Rolf [WEAPON ACCESSORIES])" in market zone "The Holler" (pos=<5632.000000, 32.000000, 5392.000000>) and got 3.
03:48:02.076 [Market] Player "Dragonhunter" (id=8aHbwb5XZ9Gq0J-7qO1AVn3G8YD6-lBt4iCz53aUxso=) has send a requested to sell ammo_762x39tracer x1 at the trader "WeaponAccessories (Rolf [WEAPON ACCESSORIES])" in market zone "The Holler" (pos=<5632.000000, 32.000000, 5392.000000>).
03:48:02.221 [Market] Player "Dragonhunter" (id=8aHbwb5XZ9Gq0J-7qO1AVn3G8YD6-lBt4iCz53aUxso=) has sold ammo_762x39tracer x1 at the trader "WeaponAccessories (Rolf [WEAPON ACCESSORIES])" in market zone "The Holler" (pos=<5632.000000, 32.000000, 5392.000000>) and got 3.
03:48:02.502 [Market] Player "Dragonhunter" (id=8aHbwb5XZ9Gq0J-7qO1AVn3G8YD6-lBt4iCz53aUxso=) has send a requested to sell ammo_762x39tracer x1 at the trader "WeaponAccessories (Rolf [WEAPON ACCESSORIES])" in market zone "The Holler" (pos=<5632.000000, 32.000000, 5392.000000>).
03:48:02.637 [Market] Player "Dragonhunter" (id=8aHbwb5XZ9Gq0J-7qO1AVn3G8YD6-lBt4iCz53aUxso=) has sold ammo_762x39tracer x1 at the trader "WeaponAccessories (Rolf [WEAPON ACCESSORIES])" in market zone "The Holler" (pos=<5632.000000, 32.000000, 5392.000000>) and got 3.
03:48:02.637 [Market] Player "Dragonhunter" (id=8aHbwb5XZ9Gq0J-7qO1AVn3G8YD6-lBt4iCz53aUxso=) has send a requested to sell ammo_762x39tracer x1 at the trader "WeaponAccessories (Rolf [WEAPON ACCESSORIES])" in market zone "The Holler" (pos=<5632.000000, 32.000000, 5392.000000>).
03:48:02.750 [Market] Player "Dragonhunter" (id=8aHbwb5XZ9Gq0J-7qO1AVn3G8YD6-lBt4iCz53aUxso=) has sold ammo_762x39tracer x1 at the trader "WeaponAccessories (Rolf [WEAPON ACCESSORIES])" in market zone "The Holler" (pos=<5632.000000, 32.000000, 5392.000000>) and got 3.
03:48:02.870 [Market] Player "Dragonhunter" (id=8aHbwb5XZ9Gq0J-7qO1AVn3G8YD6-lBt4iCz53aUxso=) has send a requested to sell ammo_762x39tracer x1 at the trader "WeaponAccessories (Rolf [WEAPON ACCESSORIES])" in market zone "The Holler" (pos=<5632.000000, 32.000000, 5392.000000>).
03:48:02.992 [Market] Player "Dragonhunter" (id=8aHbwb5XZ9Gq0J-7qO1AVn3G8YD6-lBt4iCz53aUxso=) has sold ammo_762x39tracer x1 at the trader "WeaponAccessories (Rolf [WEAPON ACCESSORIES])" in market zone "The Holler" (pos=<5632.000000, 32.000000, 5392.000000>) and got 3.
03:48:03.058 [Market] Player "Dragonhunter" (id=8aHbwb5XZ9Gq0J-7qO1AVn3G8YD6-lBt4iCz53aUxso=) has send a requested to sell ammo_762x39tracer x1 at the trader "WeaponAccessories (Rolf [WEAPON ACCESSORIES])" in market zone "The Holler" (pos=<5632.000000, 32.000000, 5392.000000>).
03:48:03.193 [Market] Player "Dragonhunter" (id=8aHbwb5XZ9Gq0J-7qO1AVn3G8YD6-lBt4iCz53aUxso=) has sold ammo_762x39tracer x1 at the trader "WeaponAccessories (Rolf [WEAPON ACCESSORIES])" in market zone "The Holler" (pos=<5632.000000, 32.000000, 5392.000000>) and got 3.
03:48:03.263 [Market] Player "Dragonhunter" (id=8aHbwb5XZ9Gq0J-7qO1AVn3G8YD6-lBt4iCz53aUxso=) has send a requested to sell ammo_762x39tracer x1 at the trader "WeaponAccessories (Rolf [WEAPON ACCESSORIES])" in market zone "The Holler" (pos=<5632.000000, 32.000000, 5392.000000>).
03:48:03.433 [Market] Player "Dragonhunter" (id=8aHbwb5XZ9Gq0J-7qO1AVn3G8YD6-lBt4iCz53aUxso=) has sold ammo_762x39tracer x1 at the trader "WeaponAccessories (Rolf [WEAPON ACCESSORIES])" in market zone "The Holler" (pos=<5632.000000, 32.000000, 5392.000000>) and got 3.
03:48:03.434 [Market] Player "Dragonhunter" (id=8aHbwb5XZ9Gq0J-7qO1AVn3G8YD6-lBt4iCz53aUxso=) has send a requested to sell ammo_762x39tracer x1 at the trader "WeaponAccessories (Rolf [WEAPON ACCESSORIES])" in market zone "The Holler" (pos=<5632.000000, 32.000000, 5392.000000>).
03:48:03.555 [Market] Player "Dragonhunter" (id=8aHbwb5XZ9Gq0J-7qO1AVn3G8YD6-lBt4iCz53aUxso=) has sold ammo_762x39tracer x1 at the trader "WeaponAccessories (Rolf [WEAPON ACCESSORIES])" in market zone "The Holler" (pos=<5632.000000, 32.000000, 5392.000000>) and got 3.
03:48:04.307 [Market] Player "Dragonhunter" (id=8aHbwb5XZ9Gq0J-7qO1AVn3G8YD6-lBt4iCz53aUxso=) has send a requested to sell expansion_ammo_8mm x1 at the trader "WeaponAccessories (Rolf [WEAPON ACCESSORIES])" in market zone "The Holler" (pos=<5632.000000, 32.000000, 5392.000000>).
03:48:04.422 [Market] Player "Dragonhunter" (id=8aHbwb5XZ9Gq0J-7qO1AVn3G8YD6-lBt4iCz53aUxso=) has sold expansion_ammo_8mm x1 at the trader "WeaponAccessories (Rolf [WEAPON ACCESSORIES])" in market zone "The Holler" (pos=<5632.000000, 32.000000, 5392.000000>) and got 0.
03:48:05.190 [Market] Player "Dragonhunter" (id=8aHbwb5XZ9Gq0J-7qO1AVn3G8YD6-lBt4iCz53aUxso=) has send a requested to sell expansion_ammo_8mm x1 at the trader "WeaponAccessories (Rolf [WEAPON ACCESSORIES])" in market zone "The Holler" (pos=<5632.000000, 32.000000, 5392.000000>).
03:48:05.309 [Market] Player "Dragonhunter" (id=8aHbwb5XZ9Gq0J-7qO1AVn3G8YD6-lBt4iCz53aUxso=) has sold expansion_ammo_8mm x1 at the trader "WeaponAccessories (Rolf [WEAPON ACCESSORIES])" in market zone "The Holler" (pos=<5632.000000, 32.000000, 5392.000000>) and got 0.
03:52:00.298 [Market] Player "Dragonhunter" (id=8aHbwb5XZ9Gq0J-7qO1AVn3G8YD6-lBt4iCz53aUxso=) has send a requested to sell collectable_bitcoin x1 at the trader "Special (Eva [SPECIALTY ITEMS])" in market zone "The Holler" (pos=<5632.000000, 32.000000, 5392.000000>).
03:52:00.673 [Market] Player "Dragonhunter" (id=8aHbwb5XZ9Gq0J-7qO1AVn3G8YD6-lBt4iCz53aUxso=) has sold collectable_bitcoin x1 at the trader "Special (Eva [SPECIALTY ITEMS])" in market zone "The Holler" (pos=<5632.000000, 32.000000, 5392.000000>) and got 18750.
03:52:02.643 [Market] Player "Dragonhunter" (id=8aHbwb5XZ9Gq0J-7qO1AVn3G8YD6-lBt4iCz53aUxso=) has send a requested to sell collectable_floppydisks_mtv x1 at the trader "Special (Eva [SPECIALTY ITEMS])" in market zone "The Holler" (pos=<5632.000000, 32.000000, 5392.000000>).
03:52:02.783 [Market] Player "Dragonhunter" (id=8aHbwb5XZ9Gq0J-7qO1AVn3G8YD6-lBt4iCz53aUxso=) has sold collectable_floppydisks_mtv x1 at the trader "Special (Eva [SPECIALTY ITEMS])" in market zone "The Holler" (pos=<5632.000000, 32.000000, 5392.000000>) and got 40500.
03:52:03.933 [Market] Player "Dragonhunter" (id=8aHbwb5XZ9Gq0J-7qO1AVn3G8YD6-lBt4iCz53aUxso=) has send a requested to sell collectable_gameboy_mario x1 at the trader "Special (Eva [SPECIALTY ITEMS])" in market zone "The Holler" (pos=<5632.000000, 32.000000, 5392.000000>).
03:52:04.069 [Market] Player "Dragonhunter" (id=8aHbwb5XZ9Gq0J-7qO1AVn3G8YD6-lBt4iCz53aUxso=) has sold collectable_gameboy_mario x1 at the trader "Special (Eva [SPECIALTY ITEMS])" in market zone "The Holler" (pos=<5632.000000, 32.000000, 5392.000000>) and got 13500.
03:52:06.175 [Market] Player "Dragonhunter" (id=8aHbwb5XZ9Gq0J-7qO1AVn3G8YD6-lBt4iCz53aUxso=) has send a requested to sell personalradio x1 at the trader "Special (Eva [SPECIALTY ITEMS])" in market zone "The Holler" (pos=<5632.000000, 32.000000, 5392.000000>).
03:52:06.263 [Market] Player "Dragonhunter" (id=8aHbwb5XZ9Gq0J-7qO1AVn3G8YD6-lBt4iCz53aUxso=) has sold personalradio x1 at the trader "Special (Eva [SPECIALTY ITEMS])" in market zone "The Holler" (pos=<5632.000000, 32.000000, 5392.000000>) and got 75.
03:53:39.949 [Market] Player "Dragonhunter" (id=8aHbwb5XZ9Gq0J-7qO1AVn3G8YD6-lBt4iCz53aUxso=) has send a requested to sell cp_cannabisseedspackskunk x1 at the trader "Weed (Naomi [WEED])" in market zone "The Holler" (pos=<5632.000000, 32.000000, 5392.000000>).
03:53:40.069 [Market] Player "Dragonhunter" (id=8aHbwb5XZ9Gq0J-7qO1AVn3G8YD6-lBt4iCz53aUxso=) has sold cp_cannabisseedspackskunk x1 at the trader "Weed (Naomi [WEED])" in market zone "The Holler" (pos=<5632.000000, 32.000000, 5392.000000>) and got 600.
03:54:29.889 [Market] Player "Dragonhunter" (id=8aHbwb5XZ9Gq0J-7qO1AVn3G8YD6-lBt4iCz53aUxso=) has send a requested to sell disinfectantspray x1 at the trader "Medicals (Linda [MEDICAL])" in market zone "The Holler" (pos=<5632.000000, 32.000000, 5392.000000>).
03:54:29.996 [Market] Player "Dragonhunter" (id=8aHbwb5XZ9Gq0J-7qO1AVn3G8YD6-lBt4iCz53aUxso=) has sold disinfectantspray x1 at the trader "Medicals (Linda [MEDICAL])" in market zone "The Holler" (pos=<5632.000000, 32.000000, 5392.000000>) and got 15.
03:54:32.159 [Market] Player "Dragonhunter" (id=8aHbwb5XZ9Gq0J-7qO1AVn3G8YD6-lBt4iCz53aUxso=) has send a requested to sell epinephrine x1 at the trader "Medicals (Linda [MEDICAL])" in market zone "The Holler" (pos=<5632.000000, 32.000000, 5392.000000>).
03:54:32.258 [Market] Player "Dragonhunter" (id=8aHbwb5XZ9Gq0J-7qO1AVn3G8YD6-lBt4iCz53aUxso=) has sold epinephrine x1 at the trader "Medicals (Linda [MEDICAL])" in market zone "The Holler" (pos=<5632.000000, 32.000000, 5392.000000>) and got 281.
03:54:33.997 [Market] Player "Dragonhunter" (id=8aHbwb5XZ9Gq0J-7qO1AVn3G8YD6-lBt4iCz53aUxso=) has send a requested to sell startkitiv x1 at the trader "Medicals (Linda [MEDICAL])" in market zone "The Holler" (pos=<5632.000000, 32.000000, 5392.000000>).
03:54:34.105 [Market] Player "Dragonhunter" (id=8aHbwb5XZ9Gq0J-7qO1AVn3G8YD6-lBt4iCz53aUxso=) has sold startkitiv x1 at the trader "Medicals (Linda [MEDICAL])" in market zone "The Holler" (pos=<5632.000000, 32.000000, 5392.000000>) and got 37.
03:55:08.472 [Market] Player "Dragonhunter" (id=8aHbwb5XZ9Gq0J-7qO1AVn3G8YD6-lBt4iCz53aUxso=) has send a requested to sell expansionhydraulichoses x1 at the trader "Vehicles (Lewis [VEHICLES])" in market zone "The Holler" (pos=<5632.000000, 32.000000, 5392.000000>).
03:55:08.593 [Market] Player "Dragonhunter" (id=8aHbwb5XZ9Gq0J-7qO1AVn3G8YD6-lBt4iCz53aUxso=) has sold expansionhydraulichoses x1 at the trader "Vehicles (Lewis [VEHICLES])" in market zone "The Holler" (pos=<5632.000000, 32.000000, 5392.000000>) and got 600.
03:55:09.918 [Market] Player "Dragonhunter" (id=8aHbwb5XZ9Gq0J-7qO1AVn3G8YD6-lBt4iCz53aUxso=) has send a requested to sell sparkplug x1 at the trader "Vehicles (Lewis [VEHICLES])" in market zone "The Holler" (pos=<5632.000000, 32.000000, 5392.000000>).
03:55:10.030 [Market] Player "Dragonhunter" (id=8aHbwb5XZ9Gq0J-7qO1AVn3G8YD6-lBt4iCz53aUxso=) has sold sparkplug x1 at the trader "Vehicles (Lewis [VEHICLES])" in market zone "The Holler" (pos=<5632.000000, 32.000000, 5392.000000>) and got 450.
03:59:33.830 [ATM] Player "Dragonhunter" (id=8aHbwb5XZ9Gq0J-7qO1AVn3G8YD6-lBt4iCz53aUxso=) has withdrawn 10000 from his ATM account.
04:00:20.168 [Market] Player "Dragonhunter" (id=8aHbwb5XZ9Gq0J-7qO1AVn3G8YD6-lBt4iCz53aUxso=) has send a requested to sell collectable_pokemoncard_maintenance x1 at the trader "Collectibles (Quinn [COLLECTIBLE TRADER])" in market zone "The Holler" (pos=<5632.000000, 32.000000, 5392.000000>).
04:00:20.327 [Market] Player "Dragonhunter" (id=8aHbwb5XZ9Gq0J-7qO1AVn3G8YD6-lBt4iCz53aUxso=) has sold collectable_pokemoncard_maintenance x1 at the trader "Collectibles (Quinn [COLLECTIBLE TRADER])" in market zone "The Holler" (pos=<5632.000000, 32.000000, 5392.000000>) and got 375.
04:01:23.805 [Expansion Quests] - CreateQuestInstance - Created new quest instance for with instance key 8aHbwb5XZ9Gq0J-7qO1AVn3G8YD6-lBt4iCz53aUxso= for quest 12
