20:18:31.703 [Expansion Quests] - InitQuestSystemClient - Loaded existing player quest data for player with UID: Wzy9-i_cgozd3AtiPGeDiPs6j9tHWluwI6ggAhe7Q-Q=
20:18:47.515 [VehicleCover] Player "FARRIS" (id=Wzy9-i_cgozd3AtiPGeDiPs6j9tHWluwI6ggAhe7Q-Q= pos=<5675.634766, 32.865189, 5251.036621>) uncovered vehicle "BMW_X5_red" (GlobalID=8000000080000000800000008000A2BE pos=<5677.131348, 32.878563, 5250.004883>)!
20:18:53.984 [VehicleCarKey] Player "FARRIS" (id=Wzy9-i_cgozd3AtiPGeDiPs6j9tHWluwI6ggAhe7Q-Q= pos=<5675.634766, 32.865189, 5251.036621>) used the  ExpansionCarKey to unlock BMW_X5_red (id=E83588C00944C664CAA78CAF00455B9B pos=<5677.132324, 32.878361, 5250.007813>)
20:18:57.242 [AI Patrol] Spawning 3 Temple Patrol bots at <313.517883, 55.318100, 722.796936>
20:18:57.335 [AI Patrol] Spawning 3 Temple Patrol bots at <365.474060, 47.070000, 796.347168>
20:18:57.343 [AI Patrol] Spawning 3 Temple Patrol bots at <321.441498, 47.070000, 851.295959>
20:18:58.953 [VehicleEnter] Player FARRIS [uid=Wzy9-i_cgozd3AtiPGeDiPs6j9tHWluwI6ggAhe7Q-Q=] entered vehicle BMW X5 Red (id=E83588C00944C664CAA78CAF00455B9B pos=<5677.132324, 32.878433, 5250.007813>) as driver
20:19:00.382 [VehicleEngine] Player FARRIS [uid=Wzy9-i_cgozd3AtiPGeDiPs6j9tHWluwI6ggAhe7Q-Q=] started vehicle BMW X5 Red (id=E83588C00944C664CAA78CAF00455B9B pos=<5677.132324, 32.878422, 5250.007813>)
20:19:04.273 [Safezone] Player "FARRIS" (id=Wzy9-i_cgozd3AtiPGeDiPs6j9tHWluwI6ggAhe7Q-Q= pos=<5673.813965, 33.218586, 5261.857910>) Entered the safezone
20:19:20.562 [VehicleLeave] Player FARRIS [uid=Wzy9-i_cgozd3AtiPGeDiPs6j9tHWluwI6ggAhe7Q-Q=] left vehicle BMW X5 Red (id=E83588C00944C664CAA78CAF00455B9B pos=<5596.934082, 28.710632, 5363.736328>)
20:25:08.531 [ATM] Player "FARRIS" (id=Wzy9-i_cgozd3AtiPGeDiPs6j9tHWluwI6ggAhe7Q-Q=) has withdrawn 400000 from his ATM account.
20:25:35.093 [VehicleAttachments] Player FARRIS (uid=Wzy9-i_cgozd3AtiPGeDiPs6j9tHWluwI6ggAhe7Q-Q=) detached MVS Rucksack - OD (type=MVS_Rucksack_OD) from vehicle BMW X5 Red(id=E83588C00944C664CAA78CAF00455B9B pos=<5596.934082, 28.710632, 5363.736328>)
20:26:19.187 [VehicleAttachments] Player FARRIS (uid=Wzy9-i_cgozd3AtiPGeDiPs6j9tHWluwI6ggAhe7Q-Q=) detached Barrel (type=Barrel_Yellow) from vehicle BMW X5 Red(id=E83588C00944C664CAA78CAF00455B9B pos=<5596.934082, 28.710632, 5363.736328>)
20:26:53.148 [VehicleAttachments] Player FARRIS (uid=Wzy9-i_cgozd3AtiPGeDiPs6j9tHWluwI6ggAhe7Q-Q=) detached Barrel (type=Barrel_Yellow) from vehicle BMW X5 Red(id=E83588C00944C664CAA78CAF00455B9B pos=<5596.934082, 28.710632, 5363.736328>)
20:26:57.257 [VehicleAttachments] Player FARRIS (uid=Wzy9-i_cgozd3AtiPGeDiPs6j9tHWluwI6ggAhe7Q-Q=) detached Jerrycan (type=CanisterGasoline) from vehicle BMW X5 Red(id=E83588C00944C664CAA78CAF00455B9B pos=<5596.934082, 28.710632, 5363.736328>)
20:27:28.476 [Market] Player "FARRIS" (id=Wzy9-i_cgozd3AtiPGeDiPs6j9tHWluwI6ggAhe7Q-Q=) has send a requested to sell bmw_x5_wheel_black x1 at the trader "Vehicles (Lewis [VEHICLES])" in market zone "The Holler" (pos=<5632.000000, 32.000000, 5392.000000>).
20:27:28.570 [Market] Player "FARRIS" (id=Wzy9-i_cgozd3AtiPGeDiPs6j9tHWluwI6ggAhe7Q-Q=) has sold bmw_x5_wheel_black x1 at the trader "Vehicles (Lewis [VEHICLES])" in market zone "The Holler" (pos=<5632.000000, 32.000000, 5392.000000>) and got 375.
20:27:38.523 [VehicleAttachments] Player FARRIS (uid=Wzy9-i_cgozd3AtiPGeDiPs6j9tHWluwI6ggAhe7Q-Q=) detached Car Battery (type=CarBattery) from vehicle BMW X5 Red(id=E83588C00944C664CAA78CAF00455B9B pos=<5596.934082, 28.710632, 5363.736328>)
20:27:49.257 [VehicleAttachments] Player FARRIS (uid=Wzy9-i_cgozd3AtiPGeDiPs6j9tHWluwI6ggAhe7Q-Q=) detached Car Radiator (type=CarRadiator) from vehicle BMW X5 Red(id=E83588C00944C664CAA78CAF00455B9B pos=<5596.934082, 28.710632, 5363.736328>)
20:28:02.562 [VehicleAttachments] Player FARRIS (uid=Wzy9-i_cgozd3AtiPGeDiPs6j9tHWluwI6ggAhe7Q-Q=) detached BMW X5 Red Hood (type=BMW_X5_Doors_hood_red) from vehicle BMW X5 Red(id=E83588C00944C664CAA78CAF00455B9B pos=<5596.934082, 28.710632, 5363.736328>)
20:28:57.140 [Market] Player "FARRIS" (id=Wzy9-i_cgozd3AtiPGeDiPs6j9tHWluwI6ggAhe7Q-Q=) has send a requested to sell bmw_x5_red x1 at the trader "Vehicles (Lewis [VEHICLES])" in market zone "The Holler" (pos=<5632.000000, 32.000000, 5392.000000>).
20:28:57.226 [VehicleDeleted] BMW_X5_red (id=E83588C00944C664CAA78CAF00455B9B pos=<5596.934082, 28.710632, 5363.736328>)
20:28:57.234 [Market] Player "FARRIS" (id=Wzy9-i_cgozd3AtiPGeDiPs6j9tHWluwI6ggAhe7Q-Q=) has sold bmw_x5_red x1 at the trader "Vehicles (Lewis [VEHICLES])" in market zone "The Holler" (pos=<5632.000000, 32.000000, 5392.000000>) and got 375000.
20:29:03.171 [Market] Player "FARRIS" (id=Wzy9-i_cgozd3AtiPGeDiPs6j9tHWluwI6ggAhe7Q-Q=) has send a requested to purchase g65_black x1 from the trader "Vehicles (Lewis [VEHICLES])" in market zone "The Holler" (pos=<5632.000000, 32.000000, 5392.000000>).
20:29:03.257 [VehicleDeleted] G65_black (id=A9C542BC364704AD84855EBC696CACD6 pos=<0.005821, 0.644712, 0.207772>)
20:29:03.265 [Market] Player "FARRIS" (id=Wzy9-i_cgozd3AtiPGeDiPs6j9tHWluwI6ggAhe7Q-Q=) has bought g65_black x1 from the trader "Vehicles (Lewis [VEHICLES])" in market zone "The Holler" (pos=<5632.000000, 32.000000, 5392.000000>) for a price of 510900.
20:29:25.640 [Market] Player "FARRIS" (id=Wzy9-i_cgozd3AtiPGeDiPs6j9tHWluwI6ggAhe7Q-Q=) has send a requested to purchase expansioncarkey x1 from the trader "Vehicles (Lewis [VEHICLES])" in market zone "The Holler" (pos=<5632.000000, 32.000000, 5392.000000>).
20:29:25.734 [Market] Player "FARRIS" (id=Wzy9-i_cgozd3AtiPGeDiPs6j9tHWluwI6ggAhe7Q-Q=) has bought expansioncarkey x1 from the trader "Vehicles (Lewis [VEHICLES])" in market zone "The Holler" (pos=<5632.000000, 32.000000, 5392.000000>) for a price of 500.
20:29:28.953 [Market] Player "FARRIS" (id=Wzy9-i_cgozd3AtiPGeDiPs6j9tHWluwI6ggAhe7Q-Q=) has send a requested to purchase expansionkeychain_red x1 from the trader "Vehicles (Lewis [VEHICLES])" in market zone "The Holler" (pos=<5632.000000, 32.000000, 5392.000000>).
20:29:29.039 [Market] Player "FARRIS" (id=Wzy9-i_cgozd3AtiPGeDiPs6j9tHWluwI6ggAhe7Q-Q=) has bought expansionkeychain_red x1 from the trader "Vehicles (Lewis [VEHICLES])" in market zone "The Holler" (pos=<5632.000000, 32.000000, 5392.000000>) for a price of 100.
20:30:28.398 [VehicleCarKey] Player "FARRIS" (id=Wzy9-i_cgozd3AtiPGeDiPs6j9tHWluwI6ggAhe7Q-Q= pos=<5599.079102, 28.722492, 5357.538574>) used the  ExpansionCarKey to unlock G65_black (id=6C1013BE1A4042B458B57FBA88E472F5 pos=<5601.257813, 28.642992, 5358.174805>)
20:33:33.617 [MissionAirdrop] An airdrop is heading towards "Kushville" (pos=<7630.000000, 0.000000, 3717.000000> type=Random_Kushville) with a ExpansionAirdropContainer_Military
20:36:35.671 [VehicleCarKey] Player "FARRIS" (id=Wzy9-i_cgozd3AtiPGeDiPs6j9tHWluwI6ggAhe7Q-Q= pos=<5601.836426, 28.722498, 5360.307129>) used the  ExpansionCarKey to lock G65_black (id=6C1013BE1A4042B458B57FBA88E472F5 pos=<5601.257813, 28.642992, 5358.174805>)
20:36:47.421 [VehicleCarKey] Player "FARRIS" (id=Wzy9-i_cgozd3AtiPGeDiPs6j9tHWluwI6ggAhe7Q-Q= pos=<5602.608887, 28.722498, 5359.398926>) used the  ExpansionCarKey to unlock G65_black (id=6C1013BE1A4042B458B57FBA88E472F5 pos=<5601.257813, 28.642992, 5358.174805>)
20:36:52.351 [VehicleEnter] Player FARRIS [uid=Wzy9-i_cgozd3AtiPGeDiPs6j9tHWluwI6ggAhe7Q-Q=] entered vehicle G65 Black (id=6C1013BE1A4042B458B57FBA88E472F5 pos=<5601.257813, 28.642994, 5358.174805>) as driver
20:36:58.437 [VehicleEngine] Player FARRIS [uid=Wzy9-i_cgozd3AtiPGeDiPs6j9tHWluwI6ggAhe7Q-Q=] started vehicle G65 Black (id=6C1013BE1A4042B458B57FBA88E472F5 pos=<5601.257813, 28.642994, 5358.174805>)
20:37:22.710 [VehicleLeave] Player FARRIS [uid=Wzy9-i_cgozd3AtiPGeDiPs6j9tHWluwI6ggAhe7Q-Q=] left vehicle G65 Black (id=6C1013BE1A4042B458B57FBA88E472F5 pos=<5651.950195, 28.642994, 5387.925781>)
20:38:10.703 [VehicleEnter] Player FARRIS [uid=Wzy9-i_cgozd3AtiPGeDiPs6j9tHWluwI6ggAhe7Q-Q=] entered vehicle G65 Black (id=6C1013BE1A4042B458B57FBA88E472F5 pos=<5651.950195, 28.642996, 5387.925781>) as driver
20:38:14.804 [VehicleLeave] Player FARRIS [uid=Wzy9-i_cgozd3AtiPGeDiPs6j9tHWluwI6ggAhe7Q-Q=] left vehicle G65 Black (id=6C1013BE1A4042B458B57FBA88E472F5 pos=<5651.950195, 28.642992, 5387.925781>)
20:38:23.429 [VehicleEnter] Player FARRIS [uid=Wzy9-i_cgozd3AtiPGeDiPs6j9tHWluwI6ggAhe7Q-Q=] entered vehicle G65 Black (id=6C1013BE1A4042B458B57FBA88E472F5 pos=<5651.949707, 28.642992, 5387.925781>) as driver
20:38:47.523 [VehicleLeave] Player FARRIS [uid=Wzy9-i_cgozd3AtiPGeDiPs6j9tHWluwI6ggAhe7Q-Q=] left vehicle G65 Black (id=6C1013BE1A4042B458B57FBA88E472F5 pos=<5603.080078, 28.642994, 5394.034668>)
20:39:32.343 [Market] Player "FARRIS" (id=Wzy9-i_cgozd3AtiPGeDiPs6j9tHWluwI6ggAhe7Q-Q=) has send a requested to purchase cp_emptybag x200 from the trader "Weed (Naomi [WEED])" in market zone "The Holler" (pos=<5632.000000, 32.000000, 5392.000000>).
20:39:32.421 [Market] Player "FARRIS" (id=Wzy9-i_cgozd3AtiPGeDiPs6j9tHWluwI6ggAhe7Q-Q=) has bought cp_emptybag x200 from the trader "Weed (Naomi [WEED])" in market zone "The Holler" (pos=<5632.000000, 32.000000, 5392.000000>) for a price of 10000.
20:40:04.468 [Market] Player "FARRIS" (id=Wzy9-i_cgozd3AtiPGeDiPs6j9tHWluwI6ggAhe7Q-Q=) has send a requested to purchase cp_cannabisseedspackblackfrost x35 from the trader "Weed (Naomi [WEED])" in market zone "The Holler" (pos=<5632.000000, 32.000000, 5392.000000>).
20:40:04.570 [Market] Player "FARRIS" (id=Wzy9-i_cgozd3AtiPGeDiPs6j9tHWluwI6ggAhe7Q-Q=) has bought cp_cannabisseedspackblackfrost x35 from the trader "Weed (Naomi [WEED])" in market zone "The Holler" (pos=<5632.000000, 32.000000, 5392.000000>) for a price of 252000.
20:41:56.304 [ATM] Player "FARRIS" (id=Wzy9-i_cgozd3AtiPGeDiPs6j9tHWluwI6ggAhe7Q-Q=) has withdrawn 50000 from his ATM account.
20:42:30.828 [Market] Player "FARRIS" (id=Wzy9-i_cgozd3AtiPGeDiPs6j9tHWluwI6ggAhe7Q-Q=) has send a requested to purchase gardenlime x10 from the trader "BuildingSupplies (Indar [BUILDINGS])" in market zone "The Holler" (pos=<5632.000000, 32.000000, 5392.000000>).
20:42:30.906 [Market] Player "FARRIS" (id=Wzy9-i_cgozd3AtiPGeDiPs6j9tHWluwI6ggAhe7Q-Q=) has bought gardenlime x10 from the trader "BuildingSupplies (Indar [BUILDINGS])" in market zone "The Holler" (pos=<5632.000000, 32.000000, 5392.000000>) for a price of 40.
20:43:33.460 [Market] Player "FARRIS" (id=Wzy9-i_cgozd3AtiPGeDiPs6j9tHWluwI6ggAhe7Q-Q=) has send a requested to purchase cp_emptybag x600 from the trader "Weed (Naomi [WEED])" in market zone "The Holler" (pos=<5632.000000, 32.000000, 5392.000000>).
20:43:33.554 [Market] Player "FARRIS" (id=Wzy9-i_cgozd3AtiPGeDiPs6j9tHWluwI6ggAhe7Q-Q=) has bought cp_emptybag x600 from the trader "Weed (Naomi [WEED])" in market zone "The Holler" (pos=<5632.000000, 32.000000, 5392.000000>) for a price of 30000.
20:43:50.320 [ATM] Player "FARRIS" (id=Wzy9-i_cgozd3AtiPGeDiPs6j9tHWluwI6ggAhe7Q-Q=) has deposited 21835 on his ATM account.
20:45:44.953 [Market] Player "FARRIS" (id=Wzy9-i_cgozd3AtiPGeDiPs6j9tHWluwI6ggAhe7Q-Q=) has send a requested to sell collectable_pokemoncard_poliwrath x1 at the trader "Collectibles (Quinn [COLLECTIBLE TRADER])" in market zone "The Holler" (pos=<5632.000000, 32.000000, 5392.000000>).
20:45:45.031 [Market] Player "FARRIS" (id=Wzy9-i_cgozd3AtiPGeDiPs6j9tHWluwI6ggAhe7Q-Q=) has sold collectable_pokemoncard_poliwrath x1 at the trader "Collectibles (Quinn [COLLECTIBLE TRADER])" in market zone "The Holler" (pos=<5632.000000, 32.000000, 5392.000000>) and got 1500.
20:45:50.281 [ATM] Player "FARRIS" (id=Wzy9-i_cgozd3AtiPGeDiPs6j9tHWluwI6ggAhe7Q-Q=) has deposited 1500 on his ATM account.
20:46:01.578 [VehicleEnter] Player FARRIS [uid=Wzy9-i_cgozd3AtiPGeDiPs6j9tHWluwI6ggAhe7Q-Q=] entered vehicle G65 Black (id=6C1013BE1A4042B458B57FBA88E472F5 pos=<5603.080078, 28.642992, 5394.034668>) as driver
20:46:38.554 [Safezone] Player "FARRIS" (id=Wzy9-i_cgozd3AtiPGeDiPs6j9tHWluwI6ggAhe7Q-Q= pos=<5624.176758, 16.207531, 5696.472656>) Left the safezone
20:47:36.453 [AI Patrol] Spawning 3 Power Plant Patrol bots at <4770.674316, 20.430000, 7061.481934>
20:48:51.406 [VehicleLeave] Player FARRIS [uid=Wzy9-i_cgozd3AtiPGeDiPs6j9tHWluwI6ggAhe7Q-Q=] left vehicle G65 Black (id=6C1013BE1A4042B458B57FBA88E472F5 pos=<3817.505127, 20.362993, 6385.786621>)
20:48:58.984 [VehicleEnter] Player FARRIS [uid=Wzy9-i_cgozd3AtiPGeDiPs6j9tHWluwI6ggAhe7Q-Q=] entered vehicle G65 Black (id=6C1013BE1A4042B458B57FBA88E472F5 pos=<3817.508545, 20.363003, 6385.786621>) as driver
20:50:19.687 [VehicleLeave] Player FARRIS [uid=Wzy9-i_cgozd3AtiPGeDiPs6j9tHWluwI6ggAhe7Q-Q=] left vehicle G65 Black (id=6C1013BE1A4042B458B57FBA88E472F5 pos=<4255.000488, 20.384775, 7267.719727>)
21:02:41.445 [VehicleCarKey] Player "FARRIS" (id=Wzy9-i_cgozd3AtiPGeDiPs6j9tHWluwI6ggAhe7Q-Q= pos=<4252.884277, 20.462475, 7267.436035>) used the  ExpansionCarKey to lock G65_black (id=6C1013BE1A4042B458B57FBA88E472F5 pos=<4255.000977, 20.384775, 7267.719727>)
21:02:52.734 [VehicleDeleted] G65_black (id=6C1013BE1A4042B458B57FBA88E472F5 pos=<4255.000977, 20.384775, 7267.719727>)
21:02:52.734 [VehicleCover] Player "FARRIS" (id=Wzy9-i_cgozd3AtiPGeDiPs6j9tHWluwI6ggAhe7Q-Q= pos=<4252.884277, 20.462475, 7267.436035>) covered vehicle "G65_black" (GlobalID=80000000800000008000000080036E6D pos=<4255.000977, 20.384775, 7267.719727>)!
21:49:34.625 [Party] Player "MrGreen530" (id=4LNvemhkvMsn3fCjiyhQQrToOar0_hhH9f302w8wMNY=) joinded the party "G's" (id=49 ownerUID=4LNvemhkvMsn3fCjiyhQQrToOar0_hhH9f302w8wMNY= ownerName=MrGreen530)
21:49:34.640 [Expansion Quests] - InitQuestSystemClient - Loaded existing player quest data for player with UID: 4LNvemhkvMsn3fCjiyhQQrToOar0_hhH9f302w8wMNY=
21:49:34.640 [Expansion Quests] - LoadGroupQuestData - Loaded existing group quest data for group with ID: 49
21:49:35.609 [Expansion Quests] - LoadGroupQuestData - Got cached group quest data for group with ID: 49
21:51:26.046 [Party] Player "MrGreen530" (id=4LNvemhkvMsn3fCjiyhQQrToOar0_hhH9f302w8wMNY=) left the party "G's" (id=49 ownerUID=4LNvemhkvMsn3fCjiyhQQrToOar0_hhH9f302w8wMNY= ownerName=MrGreen530)
21:53:17.468 [Party] Player "MrGreen530" (id=4LNvemhkvMsn3fCjiyhQQrToOar0_hhH9f302w8wMNY=) joinded the party "G's" (id=49 ownerUID=4LNvemhkvMsn3fCjiyhQQrToOar0_hhH9f302w8wMNY= ownerName=MrGreen530)
21:53:17.476 [Expansion Quests] - InitQuestSystemClient - Loaded existing player quest data for player with UID: 4LNvemhkvMsn3fCjiyhQQrToOar0_hhH9f302w8wMNY=
21:53:17.476 [Expansion Quests] - LoadGroupQuestData - Got cached group quest data for group with ID: 49
21:53:18.453 [Expansion Quests] - LoadGroupQuestData - Got cached group quest data for group with ID: 49
22:00:55.859 [VehicleEnter] Player MrGreen530 [uid=4LNvemhkvMsn3fCjiyhQQrToOar0_hhH9f302w8wMNY=] entered vehicle MUSTANG Rust  (id=B8E06F5D11473206C2364B873E819B2B pos=<3752.012451, 5.694792, 2529.720215>) as driver
22:01:04.945 [VehicleLeave] Player MrGreen530 [uid=4LNvemhkvMsn3fCjiyhQQrToOar0_hhH9f302w8wMNY=] left vehicle MUSTANG Rust  (id=B8E06F5D11473206C2364B873E819B2B pos=<3752.012207, 5.694791, 2529.719971>)
22:02:33.609 [VehicleEnter] Player MrGreen530 [uid=4LNvemhkvMsn3fCjiyhQQrToOar0_hhH9f302w8wMNY=] entered vehicle MUSTANG Rust  (id=B8E06F5D11473206C2364B873E819B2B pos=<3752.012451, 5.694791, 2529.720215>) as driver
22:02:36.460 [VehicleEngine] Player MrGreen530 [uid=4LNvemhkvMsn3fCjiyhQQrToOar0_hhH9f302w8wMNY=] started vehicle MUSTANG Rust  (id=B8E06F5D11473206C2364B873E819B2B pos=<3752.012451, 5.694791, 2529.720215>)
22:02:50.492 [VehicleLeave] Player MrGreen530 [uid=4LNvemhkvMsn3fCjiyhQQrToOar0_hhH9f302w8wMNY=] left vehicle MUSTANG Rust  (id=B8E06F5D11473206C2364B873E819B2B pos=<3771.567139, 5.615056, 2514.884277>)
22:02:58.593 [VehicleEnter] Player MrGreen530 [uid=4LNvemhkvMsn3fCjiyhQQrToOar0_hhH9f302w8wMNY=] entered vehicle MUSTANG Rust  (id=B8E06F5D11473206C2364B873E819B2B pos=<3771.566895, 5.615055, 2514.884277>) as driver
22:03:06.789 [VehicleEngine] Player MrGreen530 [uid=4LNvemhkvMsn3fCjiyhQQrToOar0_hhH9f302w8wMNY=] started vehicle MUSTANG Rust  (id=B8E06F5D11473206C2364B873E819B2B pos=<3771.566895, 5.615055, 2514.884277>)
22:06:57.726 [Safezone] Player "MrGreen530" (id=4LNvemhkvMsn3fCjiyhQQrToOar0_hhH9f302w8wMNY= pos=<5665.523926, 33.072796, 5263.978027>) Entered the safezone
22:07:20.281 [VehicleEngine] Player MrGreen530 [uid=4LNvemhkvMsn3fCjiyhQQrToOar0_hhH9f302w8wMNY=] stopped vehicle MUSTANG Rust  (id=B8E06F5D11473206C2364B873E819B2B pos=<5646.519043, 28.645782, 5425.423340>)
22:07:24.234 [VehicleLeave] Player MrGreen530 [uid=4LNvemhkvMsn3fCjiyhQQrToOar0_hhH9f302w8wMNY=] left vehicle MUSTANG Rust  (id=B8E06F5D11473206C2364B873E819B2B pos=<5646.519043, 28.645781, 5425.423340>)
22:07:35.632 [VehicleCarKey] Player "MrGreen530" (id=4LNvemhkvMsn3fCjiyhQQrToOar0_hhH9f302w8wMNY= pos=<5647.393066, 28.695486, 5423.458984>) used the  ExpansionCarKey to lock MUSTANG_rust (id=B8E06F5D11473206C2364B873E819B2B pos=<5646.519043, 28.645786, 5425.422852>)
22:07:53.578 [Market] Player "MrGreen530" (id=4LNvemhkvMsn3fCjiyhQQrToOar0_hhH9f302w8wMNY=) has send a requested to sell twp_airbow x1 at the trader "Weapons (Oliver [WEAPONS])" in market zone "The Holler" (pos=<5632.000000, 32.000000, 5392.000000>).
22:07:53.750 [Market] Player "MrGreen530" (id=4LNvemhkvMsn3fCjiyhQQrToOar0_hhH9f302w8wMNY=) has sold twp_airbow x1 at the trader "Weapons (Oliver [WEAPONS])" in market zone "The Holler" (pos=<5632.000000, 32.000000, 5392.000000>) and got 2250.
22:07:55.468 [Market] Player "MrGreen530" (id=4LNvemhkvMsn3fCjiyhQQrToOar0_hhH9f302w8wMNY=) has send a requested to sell twp_winchesterrifle x1 at the trader "Weapons (Oliver [WEAPONS])" in market zone "The Holler" (pos=<5632.000000, 32.000000, 5392.000000>).
22:07:55.617 [Market] Player "MrGreen530" (id=4LNvemhkvMsn3fCjiyhQQrToOar0_hhH9f302w8wMNY=) has sold twp_winchesterrifle x1 at the trader "Weapons (Oliver [WEAPONS])" in market zone "The Holler" (pos=<5632.000000, 32.000000, 5392.000000>) and got 9000.
22:08:09.726 [Market] Player "MrGreen530" (id=4LNvemhkvMsn3fCjiyhQQrToOar0_hhH9f302w8wMNY=) has send a requested to purchase twp_berettade_mag_15rnd x1 from the trader "Weapons (Oliver [WEAPONS])" in market zone "The Holler" (pos=<5632.000000, 32.000000, 5392.000000>).
22:08:09.867 [Market] Player "MrGreen530" (id=4LNvemhkvMsn3fCjiyhQQrToOar0_hhH9f302w8wMNY=) has bought twp_berettade_mag_15rnd x1 from the trader "Weapons (Oliver [WEAPONS])" in market zone "The Holler" (pos=<5632.000000, 32.000000, 5392.000000>) for a price of 955.
22:09:36.117 [Market] Player "MrGreen530" (id=4LNvemhkvMsn3fCjiyhQQrToOar0_hhH9f302w8wMNY=) has send a requested to sell militaryboots_redpunk x1 at the trader "Clothing_Accessories (Elias [CLOTHING & ACCESSORIES])" in market zone "The Holler" (pos=<5632.000000, 32.000000, 5392.000000>).
22:09:36.265 [Market] Player "MrGreen530" (id=4LNvemhkvMsn3fCjiyhQQrToOar0_hhH9f302w8wMNY=) has sold militaryboots_redpunk x1 at the trader "Clothing_Accessories (Elias [CLOTHING & ACCESSORIES])" in market zone "The Holler" (pos=<5632.000000, 32.000000, 5392.000000>) and got 37.
22:09:38.046 [Market] Player "MrGreen530" (id=4LNvemhkvMsn3fCjiyhQQrToOar0_hhH9f302w8wMNY=) has send a requested to purchase militaryboots_redpunk x1 from the trader "Clothing_Accessories (Elias [CLOTHING & ACCESSORIES])" in market zone "The Holler" (pos=<5632.000000, 32.000000, 5392.000000>).
22:09:38.164 [Market] Player "MrGreen530" (id=4LNvemhkvMsn3fCjiyhQQrToOar0_hhH9f302w8wMNY=) has bought militaryboots_redpunk x1 from the trader "Clothing_Accessories (Elias [CLOTHING & ACCESSORIES])" in market zone "The Holler" (pos=<5632.000000, 32.000000, 5392.000000>) for a price of 100.
22:11:06.226 [Market] Player "MrGreen530" (id=4LNvemhkvMsn3fCjiyhQQrToOar0_hhH9f302w8wMNY=) has send a requested to purchase sewingkit x1 from the trader "BuildingSupplies (Indar [BUILDINGS])" in market zone "The Holler" (pos=<5632.000000, 32.000000, 5392.000000>).
22:11:06.390 [Market] Player "MrGreen530" (id=4LNvemhkvMsn3fCjiyhQQrToOar0_hhH9f302w8wMNY=) has bought sewingkit x1 from the trader "BuildingSupplies (Indar [BUILDINGS])" in market zone "The Holler" (pos=<5632.000000, 32.000000, 5392.000000>) for a price of 95.
22:12:57.976 [Market] Player "MrGreen530" (id=4LNvemhkvMsn3fCjiyhQQrToOar0_hhH9f302w8wMNY=) has send a requested to purchase sewingkit x1 from the trader "BuildingSupplies (Indar [BUILDINGS])" in market zone "The Holler" (pos=<5632.000000, 32.000000, 5392.000000>).
22:12:58.148 [Market] Player "MrGreen530" (id=4LNvemhkvMsn3fCjiyhQQrToOar0_hhH9f302w8wMNY=) has bought sewingkit x1 from the trader "BuildingSupplies (Indar [BUILDINGS])" in market zone "The Holler" (pos=<5632.000000, 32.000000, 5392.000000>) for a price of 95.
22:13:01.546 [Market] Player "MrGreen530" (id=4LNvemhkvMsn3fCjiyhQQrToOar0_hhH9f302w8wMNY=) has send a requested to purchase sewingkit x1 from the trader "BuildingSupplies (Indar [BUILDINGS])" in market zone "The Holler" (pos=<5632.000000, 32.000000, 5392.000000>).
22:13:01.671 [Market] Player "MrGreen530" (id=4LNvemhkvMsn3fCjiyhQQrToOar0_hhH9f302w8wMNY=) has bought sewingkit x1 from the trader "BuildingSupplies (Indar [BUILDINGS])" in market zone "The Holler" (pos=<5632.000000, 32.000000, 5392.000000>) for a price of 95.
22:16:06.210 [Market] Player "MrGreen530" (id=4LNvemhkvMsn3fCjiyhQQrToOar0_hhH9f302w8wMNY=) has send a requested to sell collectable_pokemoncard_nidoking x1 at the trader "Collectibles (Quinn [COLLECTIBLE TRADER])" in market zone "The Holler" (pos=<5632.000000, 32.000000, 5392.000000>).
22:16:06.328 [Market] Player "MrGreen530" (id=4LNvemhkvMsn3fCjiyhQQrToOar0_hhH9f302w8wMNY=) has sold collectable_pokemoncard_nidoking x1 at the trader "Collectibles (Quinn [COLLECTIBLE TRADER])" in market zone "The Holler" (pos=<5632.000000, 32.000000, 5392.000000>) and got 1125.
22:16:24.789 [Market] Player "MrGreen530" (id=4LNvemhkvMsn3fCjiyhQQrToOar0_hhH9f302w8wMNY=) has send a requested to sell twp_asval_mag_30rnd x1 at the trader "Weapons (Oliver [WEAPONS])" in market zone "The Holler" (pos=<5632.000000, 32.000000, 5392.000000>).
22:16:24.914 [Market] Player "MrGreen530" (id=4LNvemhkvMsn3fCjiyhQQrToOar0_hhH9f302w8wMNY=) has sold twp_asval_mag_30rnd x1 at the trader "Weapons (Oliver [WEAPONS])" in market zone "The Holler" (pos=<5632.000000, 32.000000, 5392.000000>) and got 684.
22:19:15.023 [Market] Player "MrGreen530" (id=4LNvemhkvMsn3fCjiyhQQrToOar0_hhH9f302w8wMNY=) has send a requested to purchase twp_ammo_44mag x1 from the trader "WeaponAccessories (Rolf [WEAPON ACCESSORIES])" in market zone "The Holler" (pos=<5632.000000, 32.000000, 5392.000000>).
22:19:15.171 [Market] Player "MrGreen530" (id=4LNvemhkvMsn3fCjiyhQQrToOar0_hhH9f302w8wMNY=) has bought twp_ammo_44mag x1 from the trader "WeaponAccessories (Rolf [WEAPON ACCESSORIES])" in market zone "The Holler" (pos=<5632.000000, 32.000000, 5392.000000>) for a price of 7.
22:21:20.562 [Market] Player "MrGreen530" (id=4LNvemhkvMsn3fCjiyhQQrToOar0_hhH9f302w8wMNY=) has send a requested to purchase twp_ammo_44mag x100 from the trader "WeaponAccessories (Rolf [WEAPON ACCESSORIES])" in market zone "The Holler" (pos=<5632.000000, 32.000000, 5392.000000>).
22:21:20.703 [Market] Player "MrGreen530" (id=4LNvemhkvMsn3fCjiyhQQrToOar0_hhH9f302w8wMNY=) has bought twp_ammo_44mag x100 from the trader "WeaponAccessories (Rolf [WEAPON ACCESSORIES])" in market zone "The Holler" (pos=<5632.000000, 32.000000, 5392.000000>) for a price of 700.
22:21:23.929 [Market] Player "MrGreen530" (id=4LNvemhkvMsn3fCjiyhQQrToOar0_hhH9f302w8wMNY=) has send a requested to purchase twp_ammo_44mag x100 from the trader "WeaponAccessories (Rolf [WEAPON ACCESSORIES])" in market zone "The Holler" (pos=<5632.000000, 32.000000, 5392.000000>).
22:21:24.070 [Market] Player "MrGreen530" (id=4LNvemhkvMsn3fCjiyhQQrToOar0_hhH9f302w8wMNY=) has bought twp_ammo_44mag x100 from the trader "WeaponAccessories (Rolf [WEAPON ACCESSORIES])" in market zone "The Holler" (pos=<5632.000000, 32.000000, 5392.000000>) for a price of 700.
22:28:00.171 [VehicleCarKey] Player "MrGreen530" (id=4LNvemhkvMsn3fCjiyhQQrToOar0_hhH9f302w8wMNY= pos=<5646.213867, 28.720200, 5423.140137>) used the  ExpansionCarKey to unlock MUSTANG_rust (id=B8E06F5D11473206C2364B873E819B2B pos=<5646.519043, 28.645786, 5425.422852>)
22:28:54.156 [VehicleEnter] Player MrGreen530 [uid=4LNvemhkvMsn3fCjiyhQQrToOar0_hhH9f302w8wMNY=] entered vehicle MUSTANG Rust  (id=B8E06F5D11473206C2364B873E819B2B pos=<5646.519043, 28.645761, 5425.423340>) as driver
22:29:11.359 [VehicleEngine] Player MrGreen530 [uid=4LNvemhkvMsn3fCjiyhQQrToOar0_hhH9f302w8wMNY=] started vehicle MUSTANG Rust  (id=B8E06F5D11473206C2364B873E819B2B pos=<5646.519043, 28.645781, 5425.423340>)
22:29:29.078 [VehicleLeave] Player MrGreen530 [uid=4LNvemhkvMsn3fCjiyhQQrToOar0_hhH9f302w8wMNY=] left vehicle MUSTANG Rust  (id=B8E06F5D11473206C2364B873E819B2B pos=<5624.441406, 28.769739, 5410.275879>)
22:29:37.453 [ATM] Player "MrGreen530" (id=4LNvemhkvMsn3fCjiyhQQrToOar0_hhH9f302w8wMNY=) has deposited 10349 on his ATM account.
22:29:46.445 [VehicleEnter] Player MrGreen530 [uid=4LNvemhkvMsn3fCjiyhQQrToOar0_hhH9f302w8wMNY=] entered vehicle MUSTANG Rust  (id=B8E06F5D11473206C2364B873E819B2B pos=<5624.441406, 28.769739, 5410.275879>) as driver
22:29:50.179 [VehicleEngine] Player MrGreen530 [uid=4LNvemhkvMsn3fCjiyhQQrToOar0_hhH9f302w8wMNY=] started vehicle MUSTANG Rust  (id=B8E06F5D11473206C2364B873E819B2B pos=<5624.441406, 28.769739, 5410.275879>)
22:30:20.312 [Safezone] Player "MrGreen530" (id=4LNvemhkvMsn3fCjiyhQQrToOar0_hhH9f302w8wMNY= pos=<5741.518555, 21.168852, 5177.685059>) Left the safezone
22:33:52.296 [VehicleEngine] Player MrGreen530 [uid=4LNvemhkvMsn3fCjiyhQQrToOar0_hhH9f302w8wMNY=] stopped vehicle MUSTANG Rust  (id=B8E06F5D11473206C2364B873E819B2B pos=<3763.834961, 5.614343, 2508.202881>)
22:33:55.609 [VehicleLeave] Player MrGreen530 [uid=4LNvemhkvMsn3fCjiyhQQrToOar0_hhH9f302w8wMNY=] left vehicle MUSTANG Rust  (id=B8E06F5D11473206C2364B873E819B2B pos=<3763.834717, 5.614342, 2508.202881>)
22:34:03.671 [VehicleEnter] Player MrGreen530 [uid=4LNvemhkvMsn3fCjiyhQQrToOar0_hhH9f302w8wMNY=] entered vehicle MUSTANG Rust  (id=B8E06F5D11473206C2364B873E819B2B pos=<3763.834961, 5.614343, 2508.202881>) as driver
22:34:07.796 [VehicleEngine] Player MrGreen530 [uid=4LNvemhkvMsn3fCjiyhQQrToOar0_hhH9f302w8wMNY=] started vehicle MUSTANG Rust  (id=B8E06F5D11473206C2364B873E819B2B pos=<3763.834717, 5.614342, 2508.202881>)
22:34:24.015 [VehicleEngine] Player MrGreen530 [uid=4LNvemhkvMsn3fCjiyhQQrToOar0_hhH9f302w8wMNY=] stopped vehicle MUSTANG Rust  (id=B8E06F5D11473206C2364B873E819B2B pos=<3752.433838, 5.694792, 2529.507813>)
22:34:27.796 [VehicleLeave] Player MrGreen530 [uid=4LNvemhkvMsn3fCjiyhQQrToOar0_hhH9f302w8wMNY=] left vehicle MUSTANG Rust  (id=B8E06F5D11473206C2364B873E819B2B pos=<3752.433838, 5.694792, 2529.507813>)
22:34:41.031 [VehicleCarKey] Player "MrGreen530" (id=4LNvemhkvMsn3fCjiyhQQrToOar0_hhH9f302w8wMNY= pos=<3753.070801, 5.635050, 2531.778809>) used the  ExpansionCarKey to lock MUSTANG_rust (id=B8E06F5D11473206C2364B873E819B2B pos=<3752.433838, 5.694792, 2529.507813>)
22:40:05.234 [Party] Player "MrGreen530" (id=4LNvemhkvMsn3fCjiyhQQrToOar0_hhH9f302w8wMNY=) left the party "G's" (id=49 ownerUID=4LNvemhkvMsn3fCjiyhQQrToOar0_hhH9f302w8wMNY= ownerName=MrGreen530)
