18:01:48.542 [AI Patrol] Spawning 3 Temple Patrol bots at <399.633972, 47.070000, 809.935303>
18:01:48.640 [AI Patrol] Spawning 3 Temple Patrol bots at <355.204102, 47.070000, 768.160034>
18:01:48.656 [AI Patrol] Spawning 3 Temple Patrol bots at <411.328125, 47.060833, 739.662048>
18:01:50.238 [VehicleEnter] Player tylerdurden096 [uid=oftIe_HaFxYr8gtWi0QsZPf5jM7-6vgL_HjGWn2gjIU=] entered vehicle ToyotaHilux rust (id=433FAB918D43143AF328BABE4F036C96 pos=<5485.534668, 16.890093, 6190.247559>) as driver
18:01:54.363 [VehicleEngine] Player tylerdurden096 [uid=oftIe_HaFxYr8gtWi0QsZPf5jM7-6vgL_HjGWn2gjIU=] started vehicle ToyotaHilux rust (id=433FAB918D43143AF328BABE4F036C96 pos=<5485.534668, 16.897671, 6190.210449>)
18:04:48.894 [VehicleEngine] Player tylerdurden096 [uid=oftIe_HaFxYr8gtWi0QsZPf5jM7-6vgL_HjGWn2gjIU=] stopped vehicle ToyotaHilux rust (id=433FAB918D43143AF328BABE4F036C96 pos=<6618.862305, 15.463782, 6376.096191>)
18:04:57.968 [VehicleEngine] Player tylerdurden096 [uid=oftIe_HaFxYr8gtWi0QsZPf5jM7-6vgL_HjGWn2gjIU=] started vehicle ToyotaHilux rust (id=433FAB918D43143AF328BABE4F036C96 pos=<6618.862305, 15.463789, 6376.096191>)
18:05:35.191 [VehicleEngine] Player tylerdurden096 [uid=oftIe_HaFxYr8gtWi0QsZPf5jM7-6vgL_HjGWn2gjIU=] stopped vehicle ToyotaHilux rust (id=433FAB918D43143AF328BABE4F036C96 pos=<6618.861816, 15.463800, 6376.096191>)
18:06:42.734 [VehicleEngine] Player tylerdurden096 [uid=oftIe_HaFxYr8gtWi0QsZPf5jM7-6vgL_HjGWn2gjIU=] started vehicle ToyotaHilux rust (id=433FAB918D43143AF328BABE4F036C96 pos=<6618.861328, 15.463852, 6376.096191>)
18:06:56.769 [VehicleEngine] Player tylerdurden096 [uid=oftIe_HaFxYr8gtWi0QsZPf5jM7-6vgL_HjGWn2gjIU=] stopped vehicle ToyotaHilux rust (id=433FAB918D43143AF328BABE4F036C96 pos=<6618.861328, 15.463858, 6376.095703>)
18:13:43.398 [VehicleCarKey] Player "tylerdurden096" (id=oftIe_HaFxYr8gtWi0QsZPf5jM7-6vgL_HjGWn2gjIU= pos=<6618.609863, 15.102500, 6375.477539>) used the  ExpansionCarKey to lock ToyotaHilux_rust (id=433FAB918D43143AF328BABE4F036C96 pos=<6619.966797, 15.234859, 6376.160645>)
18:13:44.601 [VehicleCarKey] Player "tylerdurden096" (id=oftIe_HaFxYr8gtWi0QsZPf5jM7-6vgL_HjGWn2gjIU= pos=<6618.599609, 15.102500, 6375.477051>) used the  ExpansionCarKey to unlock ToyotaHilux_rust (id=433FAB918D43143AF328BABE4F036C96 pos=<6619.966797, 15.234859, 6376.160645>)
18:16:40.085 [MissionAirdrop] An airdrop is heading towards "Georgstown" (pos=<4522.000000, 0.000000, 4370.000000> type=Random_Georgstown) with a ExpansionAirdropContainer
18:17:44.789 [VehicleEnter] Player tylerdurden096 [uid=oftIe_HaFxYr8gtWi0QsZPf5jM7-6vgL_HjGWn2gjIU=] entered vehicle ToyotaHilux rust (id=433FAB918D43143AF328BABE4F036C96 pos=<6620.373047, 15.234852, 6376.330078>) as driver
18:17:48.570 [VehicleEngine] Player tylerdurden096 [uid=oftIe_HaFxYr8gtWi0QsZPf5jM7-6vgL_HjGWn2gjIU=] started vehicle ToyotaHilux rust (id=433FAB918D43143AF328BABE4F036C96 pos=<6620.375488, 15.234840, 6376.330078>)
18:17:57.562 [VehicleLeave] Player tylerdurden096 [uid=oftIe_HaFxYr8gtWi0QsZPf5jM7-6vgL_HjGWn2gjIU=] left vehicle ToyotaHilux rust (id=433FAB918D43143AF328BABE4F036C96 pos=<6610.995605, 15.094758, 6402.140625>)
18:20:16.703 [VehicleEnter] Player tylerdurden096 [uid=oftIe_HaFxYr8gtWi0QsZPf5jM7-6vgL_HjGWn2gjIU=] entered vehicle ToyotaHilux rust (id=433FAB918D43143AF328BABE4F036C96 pos=<6610.998535, 15.094761, 6402.141113>) as driver
18:20:19.320 [VehicleEngine] Player tylerdurden096 [uid=oftIe_HaFxYr8gtWi0QsZPf5jM7-6vgL_HjGWn2gjIU=] started vehicle ToyotaHilux rust (id=433FAB918D43143AF328BABE4F036C96 pos=<6611.001465, 15.094745, 6402.142090>)
18:20:35.554 [VehicleLeave] Player tylerdurden096 [uid=oftIe_HaFxYr8gtWi0QsZPf5jM7-6vgL_HjGWn2gjIU=] left vehicle ToyotaHilux rust (id=433FAB918D43143AF328BABE4F036C96 pos=<6605.579102, 15.094765, 6513.777832>)
18:21:22.984 [ExplosionDamageSystem] About to explode LandFuelFeed_Ammo from Land_FuelStation_Feed<1785be30> at <6621.72, 16.23, 6432.46> EXPLOSION range 20 dropoff 5
18:21:27.101 [ExplosionDamageSystem] About to explode LandFuelFeed_Ammo from Land_FuelStation_Feed<1785b520> at <6614.82, 16.23, 6432.49> EXPLOSION range 20 dropoff 5
18:21:31.015 [VehicleEnter] Player tylerdurden096 [uid=oftIe_HaFxYr8gtWi0QsZPf5jM7-6vgL_HjGWn2gjIU=] entered vehicle ToyotaHilux rust (id=433FAB918D43143AF328BABE4F036C96 pos=<6605.582031, 15.094758, 6513.777832>) as driver
18:21:34.390 [VehicleEngine] Player tylerdurden096 [uid=oftIe_HaFxYr8gtWi0QsZPf5jM7-6vgL_HjGWn2gjIU=] started vehicle ToyotaHilux rust (id=433FAB918D43143AF328BABE4F036C96 pos=<6605.583984, 15.094747, 6513.778320>)
18:22:02.656 [VehicleLeave] Player tylerdurden096 [uid=oftIe_HaFxYr8gtWi0QsZPf5jM7-6vgL_HjGWn2gjIU=] left vehicle ToyotaHilux rust (id=433FAB918D43143AF328BABE4F036C96 pos=<6446.648438, 24.653095, 6704.214844>)
18:25:11.781 [VehicleEnter] Player tylerdurden096 [uid=oftIe_HaFxYr8gtWi0QsZPf5jM7-6vgL_HjGWn2gjIU=] entered vehicle ToyotaHilux rust (id=433FAB918D43143AF328BABE4F036C96 pos=<6446.645996, 24.653120, 6704.212891>) as driver
18:25:16.289 [VehicleEngine] Player tylerdurden096 [uid=oftIe_HaFxYr8gtWi0QsZPf5jM7-6vgL_HjGWn2gjIU=] started vehicle ToyotaHilux rust (id=433FAB918D43143AF328BABE4F036C96 pos=<6446.647461, 24.653093, 6704.214844>)
18:31:30.710 [VehicleLeave] Player tylerdurden096 [uid=oftIe_HaFxYr8gtWi0QsZPf5jM7-6vgL_HjGWn2gjIU=] left vehicle ToyotaHilux rust (id=433FAB918D43143AF328BABE4F036C96 pos=<4555.179199, 11.692519, 4240.982910>)
18:38:30.234 [VehicleEnter] Player tylerdurden096 [uid=oftIe_HaFxYr8gtWi0QsZPf5jM7-6vgL_HjGWn2gjIU=] entered vehicle ToyotaHilux rust (id=433FAB918D43143AF328BABE4F036C96 pos=<4555.180176, 11.692671, 4240.984375>) as driver
18:38:43.843 [VehicleEngine] Player tylerdurden096 [uid=oftIe_HaFxYr8gtWi0QsZPf5jM7-6vgL_HjGWn2gjIU=] started vehicle ToyotaHilux rust (id=433FAB918D43143AF328BABE4F036C96 pos=<4555.180176, 11.692701, 4240.984375>)
18:39:40.382 [VehicleLeave] Player tylerdurden096 [uid=oftIe_HaFxYr8gtWi0QsZPf5jM7-6vgL_HjGWn2gjIU=] left vehicle ToyotaHilux rust (id=433FAB918D43143AF328BABE4F036C96 pos=<5141.136230, 9.464764, 4528.638184>)
18:40:04.976 [VehicleEnter] Player tylerdurden096 [uid=oftIe_HaFxYr8gtWi0QsZPf5jM7-6vgL_HjGWn2gjIU=] entered vehicle ToyotaHilux rust (id=433FAB918D43143AF328BABE4F036C96 pos=<5141.136719, 9.464743, 4528.631836>) as driver
18:40:07.023 [VehicleEngine] Player tylerdurden096 [uid=oftIe_HaFxYr8gtWi0QsZPf5jM7-6vgL_HjGWn2gjIU=] started vehicle ToyotaHilux rust (id=433FAB918D43143AF328BABE4F036C96 pos=<5141.136719, 9.464742, 4528.631836>)
18:42:41.531 [Safezone] Player "tylerdurden096" (id=oftIe_HaFxYr8gtWi0QsZPf5jM7-6vgL_HjGWn2gjIU= pos=<5674.361328, 33.424183, 5262.141602>) Entered the safezone
18:43:35.968 [VehicleEngine] Player tylerdurden096 [uid=oftIe_HaFxYr8gtWi0QsZPf5jM7-6vgL_HjGWn2gjIU=] stopped vehicle ToyotaHilux rust (id=433FAB918D43143AF328BABE4F036C96 pos=<5594.023438, 28.714743, 5380.395996>)
18:45:02.898 [VehicleLeave] Player tylerdurden096 [uid=oftIe_HaFxYr8gtWi0QsZPf5jM7-6vgL_HjGWn2gjIU=] left vehicle ToyotaHilux rust (id=433FAB918D43143AF328BABE4F036C96 pos=<5594.026367, 28.714758, 5380.395020>)
18:45:19.500 [ATM] Player "tylerdurden096" (id=oftIe_HaFxYr8gtWi0QsZPf5jM7-6vgL_HjGWn2gjIU=) has withdrawn 50000 from his ATM account.
18:45:37.796 [Market] Player "tylerdurden096" (id=oftIe_HaFxYr8gtWi0QsZPf5jM7-6vgL_HjGWn2gjIU=) has send a requested to purchase mvs_gorkapants x1 from the trader "Clothing_Accessories (Elias [CLOTHING & ACCESSORIES])" in market zone "The Holler" (pos=<5632.000000, 32.000000, 5392.000000>).
18:45:37.843 [Market] Player "tylerdurden096" (id=oftIe_HaFxYr8gtWi0QsZPf5jM7-6vgL_HjGWn2gjIU=) has bought mvs_gorkapants x1 from the trader "Clothing_Accessories (Elias [CLOTHING & ACCESSORIES])" in market zone "The Holler" (pos=<5632.000000, 32.000000, 5392.000000>) for a price of 2000.
18:46:22.109 [Market] Player "tylerdurden096" (id=oftIe_HaFxYr8gtWi0QsZPf5jM7-6vgL_HjGWn2gjIU=) has send a requested to purchase mvs_combat_vest_od x1 from the trader "Clothing_Accessories (Elias [CLOTHING & ACCESSORIES])" in market zone "The Holler" (pos=<5632.000000, 32.000000, 5392.000000>).
18:46:22.187 [Market] Player "tylerdurden096" (id=oftIe_HaFxYr8gtWi0QsZPf5jM7-6vgL_HjGWn2gjIU=) has bought mvs_combat_vest_od x1 from the trader "Clothing_Accessories (Elias [CLOTHING & ACCESSORIES])" in market zone "The Holler" (pos=<5632.000000, 32.000000, 5392.000000>) for a price of 22000.
18:46:46.242 [Market] Player "tylerdurden096" (id=oftIe_HaFxYr8gtWi0QsZPf5jM7-6vgL_HjGWn2gjIU=) has send a requested to purchase mvs_gorkajacket x1 from the trader "Clothing_Accessories (Elias [CLOTHING & ACCESSORIES])" in market zone "The Holler" (pos=<5632.000000, 32.000000, 5392.000000>).
18:46:46.335 [Market] Player "tylerdurden096" (id=oftIe_HaFxYr8gtWi0QsZPf5jM7-6vgL_HjGWn2gjIU=) has bought mvs_gorkajacket x1 from the trader "Clothing_Accessories (Elias [CLOTHING & ACCESSORIES])" in market zone "The Holler" (pos=<5632.000000, 32.000000, 5392.000000>) for a price of 800.
18:47:42.593 [Market] Player "tylerdurden096" (id=oftIe_HaFxYr8gtWi0QsZPf5jM7-6vgL_HjGWn2gjIU=) has send a requested to sell winchester70 x1 at the trader "Weapons (Oliver [WEAPONS])" in market zone "The Holler" (pos=<5632.000000, 32.000000, 5392.000000>).
18:47:42.734 [Market] Player "tylerdurden096" (id=oftIe_HaFxYr8gtWi0QsZPf5jM7-6vgL_HjGWn2gjIU=) has sold winchester70 x1 at the trader "Weapons (Oliver [WEAPONS])" in market zone "The Holler" (pos=<5632.000000, 32.000000, 5392.000000>) and got 1987.
18:47:53.046 [Market] Player "tylerdurden096" (id=oftIe_HaFxYr8gtWi0QsZPf5jM7-6vgL_HjGWn2gjIU=) has send a requested to purchase winchester70 x1 from the trader "Weapons (Oliver [WEAPONS])" in market zone "The Holler" (pos=<5632.000000, 32.000000, 5392.000000>).
18:47:53.148 [Market] Player "tylerdurden096" (id=oftIe_HaFxYr8gtWi0QsZPf5jM7-6vgL_HjGWn2gjIU=) has bought winchester70 x1 from the trader "Weapons (Oliver [WEAPONS])" in market zone "The Holler" (pos=<5632.000000, 32.000000, 5392.000000>) for a price of 2650.
18:48:47.468 [Market] Player "tylerdurden096" (id=oftIe_HaFxYr8gtWi0QsZPf5jM7-6vgL_HjGWn2gjIU=) has send a requested to purchase mvs_altyn_visor_od x1 from the trader "Clothing_Accessories (Elias [CLOTHING & ACCESSORIES])" in market zone "The Holler" (pos=<5632.000000, 32.000000, 5392.000000>).
18:48:47.515 [Market] Player "tylerdurden096" (id=oftIe_HaFxYr8gtWi0QsZPf5jM7-6vgL_HjGWn2gjIU=) has bought mvs_altyn_visor_od x1 from the trader "Clothing_Accessories (Elias [CLOTHING & ACCESSORIES])" in market zone "The Holler" (pos=<5632.000000, 32.000000, 5392.000000>) for a price of 300.
18:49:20.382 [Market] Player "tylerdurden096" (id=oftIe_HaFxYr8gtWi0QsZPf5jM7-6vgL_HjGWn2gjIU=) has send a requested to purchase mvs_altyn_od x1 from the trader "Clothing_Accessories (Elias [CLOTHING & ACCESSORIES])" in market zone "The Holler" (pos=<5632.000000, 32.000000, 5392.000000>).
18:49:20.468 [Market] Player "tylerdurden096" (id=oftIe_HaFxYr8gtWi0QsZPf5jM7-6vgL_HjGWn2gjIU=) has bought mvs_altyn_od x1 from the trader "Clothing_Accessories (Elias [CLOTHING & ACCESSORIES])" in market zone "The Holler" (pos=<5632.000000, 32.000000, 5392.000000>) for a price of 300.
18:51:48.609 [Market] Player "tylerdurden096" (id=oftIe_HaFxYr8gtWi0QsZPf5jM7-6vgL_HjGWn2gjIU=) has send a requested to purchase mvs_admin_pouch_od x1 from the trader "Clothing_Accessories (Elias [CLOTHING & ACCESSORIES])" in market zone "The Holler" (pos=<5632.000000, 32.000000, 5392.000000>).
18:51:48.695 [Market] Player "tylerdurden096" (id=oftIe_HaFxYr8gtWi0QsZPf5jM7-6vgL_HjGWn2gjIU=) has bought mvs_admin_pouch_od x1 from the trader "Clothing_Accessories (Elias [CLOTHING & ACCESSORIES])" in market zone "The Holler" (pos=<5632.000000, 32.000000, 5392.000000>) for a price of 600.
18:51:49.328 [Market] Player "tylerdurden096" (id=oftIe_HaFxYr8gtWi0QsZPf5jM7-6vgL_HjGWn2gjIU=) has send a requested to purchase mvs_heavy_pouch_od x1 from the trader "Clothing_Accessories (Elias [CLOTHING & ACCESSORIES])" in market zone "The Holler" (pos=<5632.000000, 32.000000, 5392.000000>).
18:51:49.398 [Market] Player "tylerdurden096" (id=oftIe_HaFxYr8gtWi0QsZPf5jM7-6vgL_HjGWn2gjIU=) has bought mvs_heavy_pouch_od x1 from the trader "Clothing_Accessories (Elias [CLOTHING & ACCESSORIES])" in market zone "The Holler" (pos=<5632.000000, 32.000000, 5392.000000>) for a price of 600.
18:51:49.906 [Market] Player "tylerdurden096" (id=oftIe_HaFxYr8gtWi0QsZPf5jM7-6vgL_HjGWn2gjIU=) has send a requested to purchase mvs_holster_od x1 from the trader "Clothing_Accessories (Elias [CLOTHING & ACCESSORIES])" in market zone "The Holler" (pos=<5632.000000, 32.000000, 5392.000000>).
18:51:49.992 [Market] Player "tylerdurden096" (id=oftIe_HaFxYr8gtWi0QsZPf5jM7-6vgL_HjGWn2gjIU=) has bought mvs_holster_od x1 from the trader "Clothing_Accessories (Elias [CLOTHING & ACCESSORIES])" in market zone "The Holler" (pos=<5632.000000, 32.000000, 5392.000000>) for a price of 600.
18:51:50.523 [Market] Player "tylerdurden096" (id=oftIe_HaFxYr8gtWi0QsZPf5jM7-6vgL_HjGWn2gjIU=) has send a requested to purchase mvs_magazine_pouch_od x1 from the trader "Clothing_Accessories (Elias [CLOTHING & ACCESSORIES])" in market zone "The Holler" (pos=<5632.000000, 32.000000, 5392.000000>).
18:51:50.601 [Market] Player "tylerdurden096" (id=oftIe_HaFxYr8gtWi0QsZPf5jM7-6vgL_HjGWn2gjIU=) has bought mvs_magazine_pouch_od x1 from the trader "Clothing_Accessories (Elias [CLOTHING & ACCESSORIES])" in market zone "The Holler" (pos=<5632.000000, 32.000000, 5392.000000>) for a price of 600.
18:51:51.203 [Market] Player "tylerdurden096" (id=oftIe_HaFxYr8gtWi0QsZPf5jM7-6vgL_HjGWn2gjIU=) has send a requested to purchase mvs_medical_pouch_od x1 from the trader "Clothing_Accessories (Elias [CLOTHING & ACCESSORIES])" in market zone "The Holler" (pos=<5632.000000, 32.000000, 5392.000000>).
18:51:51.328 [Market] Player "tylerdurden096" (id=oftIe_HaFxYr8gtWi0QsZPf5jM7-6vgL_HjGWn2gjIU=) has bought mvs_medical_pouch_od x1 from the trader "Clothing_Accessories (Elias [CLOTHING & ACCESSORIES])" in market zone "The Holler" (pos=<5632.000000, 32.000000, 5392.000000>) for a price of 600.
18:51:51.851 [Market] Player "tylerdurden096" (id=oftIe_HaFxYr8gtWi0QsZPf5jM7-6vgL_HjGWn2gjIU=) has send a requested to purchase mvs_molle_panel_od x1 from the trader "Clothing_Accessories (Elias [CLOTHING & ACCESSORIES])" in market zone "The Holler" (pos=<5632.000000, 32.000000, 5392.000000>).
18:51:51.945 [Market] Player "tylerdurden096" (id=oftIe_HaFxYr8gtWi0QsZPf5jM7-6vgL_HjGWn2gjIU=) has bought mvs_molle_panel_od x1 from the trader "Clothing_Accessories (Elias [CLOTHING & ACCESSORIES])" in market zone "The Holler" (pos=<5632.000000, 32.000000, 5392.000000>) for a price of 600.
18:51:52.382 [Market] Player "tylerdurden096" (id=oftIe_HaFxYr8gtWi0QsZPf5jM7-6vgL_HjGWn2gjIU=) has send a requested to purchase mvs_taco_pouch_od x1 from the trader "Clothing_Accessories (Elias [CLOTHING & ACCESSORIES])" in market zone "The Holler" (pos=<5632.000000, 32.000000, 5392.000000>).
18:51:52.476 [Market] Player "tylerdurden096" (id=oftIe_HaFxYr8gtWi0QsZPf5jM7-6vgL_HjGWn2gjIU=) has bought mvs_taco_pouch_od x1 from the trader "Clothing_Accessories (Elias [CLOTHING & ACCESSORIES])" in market zone "The Holler" (pos=<5632.000000, 32.000000, 5392.000000>) for a price of 600.
18:51:53.351 [Market] Player "tylerdurden096" (id=oftIe_HaFxYr8gtWi0QsZPf5jM7-6vgL_HjGWn2gjIU=) has send a requested to purchase mvs_sheath_od x1 from the trader "Clothing_Accessories (Elias [CLOTHING & ACCESSORIES])" in market zone "The Holler" (pos=<5632.000000, 32.000000, 5392.000000>).
18:51:53.445 [Market] Player "tylerdurden096" (id=oftIe_HaFxYr8gtWi0QsZPf5jM7-6vgL_HjGWn2gjIU=) has bought mvs_sheath_od x1 from the trader "Clothing_Accessories (Elias [CLOTHING & ACCESSORIES])" in market zone "The Holler" (pos=<5632.000000, 32.000000, 5392.000000>) for a price of 600.
18:51:54.007 [Market] Player "tylerdurden096" (id=oftIe_HaFxYr8gtWi0QsZPf5jM7-6vgL_HjGWn2gjIU=) has send a requested to purchase mvs_utility_pouch_od x1 from the trader "Clothing_Accessories (Elias [CLOTHING & ACCESSORIES])" in market zone "The Holler" (pos=<5632.000000, 32.000000, 5392.000000>).
18:51:54.093 [Market] Player "tylerdurden096" (id=oftIe_HaFxYr8gtWi0QsZPf5jM7-6vgL_HjGWn2gjIU=) has bought mvs_utility_pouch_od x1 from the trader "Clothing_Accessories (Elias [CLOTHING & ACCESSORIES])" in market zone "The Holler" (pos=<5632.000000, 32.000000, 5392.000000>) for a price of 600.
18:54:07.515 [Market] Player "tylerdurden096" (id=oftIe_HaFxYr8gtWi0QsZPf5jM7-6vgL_HjGWn2gjIU=) has send a requested to purchase mvs_assault_pack_od x1 from the trader "Clothing_Accessories (Elias [CLOTHING & ACCESSORIES])" in market zone "The Holler" (pos=<5632.000000, 32.000000, 5392.000000>).
18:54:07.648 [Market] Player "tylerdurden096" (id=oftIe_HaFxYr8gtWi0QsZPf5jM7-6vgL_HjGWn2gjIU=) has bought mvs_assault_pack_od x1 from the trader "Clothing_Accessories (Elias [CLOTHING & ACCESSORIES])" in market zone "The Holler" (pos=<5632.000000, 32.000000, 5392.000000>) for a price of 3220.
18:56:08.726 [Market] Player "tylerdurden096" (id=oftIe_HaFxYr8gtWi0QsZPf5jM7-6vgL_HjGWn2gjIU=) has send a requested to purchase mvs_belt_od x1 from the trader "Clothing_Accessories (Elias [CLOTHING & ACCESSORIES])" in market zone "The Holler" (pos=<5632.000000, 32.000000, 5392.000000>).
18:56:08.796 [Market] Player "tylerdurden096" (id=oftIe_HaFxYr8gtWi0QsZPf5jM7-6vgL_HjGWn2gjIU=) has bought mvs_belt_od x1 from the trader "Clothing_Accessories (Elias [CLOTHING & ACCESSORIES])" in market zone "The Holler" (pos=<5632.000000, 32.000000, 5392.000000>) for a price of 1000.
18:58:10.390 [Market] Player "tylerdurden096" (id=oftIe_HaFxYr8gtWi0QsZPf5jM7-6vgL_HjGWn2gjIU=) has send a requested to sell mvs_heavy_pouch_od x1 at the trader "Clothing_Accessories (Elias [CLOTHING & ACCESSORIES])" in market zone "The Holler" (pos=<5632.000000, 32.000000, 5392.000000>).
18:58:10.484 [Market] Player "tylerdurden096" (id=oftIe_HaFxYr8gtWi0QsZPf5jM7-6vgL_HjGWn2gjIU=) has sold mvs_heavy_pouch_od x1 at the trader "Clothing_Accessories (Elias [CLOTHING & ACCESSORIES])" in market zone "The Holler" (pos=<5632.000000, 32.000000, 5392.000000>) and got 450.
18:58:12.109 [Market] Player "tylerdurden096" (id=oftIe_HaFxYr8gtWi0QsZPf5jM7-6vgL_HjGWn2gjIU=) has send a requested to sell mvs_molle_panel_od x1 at the trader "Clothing_Accessories (Elias [CLOTHING & ACCESSORIES])" in market zone "The Holler" (pos=<5632.000000, 32.000000, 5392.000000>).
18:58:12.226 [Market] Player "tylerdurden096" (id=oftIe_HaFxYr8gtWi0QsZPf5jM7-6vgL_HjGWn2gjIU=) has sold mvs_molle_panel_od x1 at the trader "Clothing_Accessories (Elias [CLOTHING & ACCESSORIES])" in market zone "The Holler" (pos=<5632.000000, 32.000000, 5392.000000>) and got 450.
18:58:47.390 [AI Patrol] Spawning 3 Power Plant Patrol bots at <4748.187500, 20.430000, 7147.491211>
18:58:47.695 [Market] Player "tylerdurden096" (id=oftIe_HaFxYr8gtWi0QsZPf5jM7-6vgL_HjGWn2gjIU=) has send a requested to purchase mvs_rucksack_od x1 from the trader "Clothing_Accessories (Elias [CLOTHING & ACCESSORIES])" in market zone "The Holler" (pos=<5632.000000, 32.000000, 5392.000000>).
18:58:47.875 [Market] Player "tylerdurden096" (id=oftIe_HaFxYr8gtWi0QsZPf5jM7-6vgL_HjGWn2gjIU=) has bought mvs_rucksack_od x1 from the trader "Clothing_Accessories (Elias [CLOTHING & ACCESSORIES])" in market zone "The Holler" (pos=<5632.000000, 32.000000, 5392.000000>) for a price of 9222.
19:00:05.562 [VehicleCover] Player "FARRIS" (id=Wzy9-i_cgozd3AtiPGeDiPs6j9tHWluwI6ggAhe7Q-Q= pos=<4252.623047, 20.462500, 7268.495605>) uncovered vehicle "BMW_X5_red" (GlobalID=8000000080000000800000008000A2BE pos=<4255.066406, 20.453911, 7269.462891>)!
19:00:26.773 [VehicleCarKey] Player "FARRIS" (id=Wzy9-i_cgozd3AtiPGeDiPs6j9tHWluwI6ggAhe7Q-Q= pos=<4254.678711, 20.517103, 7267.112305>) used the  ExpansionCarKey to unlock BMW_X5_red (id=A5C94227F74B9F7B356FC1A7494F47C8 pos=<4255.069336, 20.455055, 7270.698730>)
19:01:27.640 [ATM] Player "tylerdurden096" (id=oftIe_HaFxYr8gtWi0QsZPf5jM7-6vgL_HjGWn2gjIU=) has withdrawn 10000 from his ATM account.
19:01:28.343 [ATM] Player "tylerdurden096" (id=oftIe_HaFxYr8gtWi0QsZPf5jM7-6vgL_HjGWn2gjIU=) has withdrawn 10000 from his ATM account.
19:01:28.882 [ATM] Player "tylerdurden096" (id=oftIe_HaFxYr8gtWi0QsZPf5jM7-6vgL_HjGWn2gjIU=) has withdrawn 10000 from his ATM account.
19:01:29.289 [ATM] Player "tylerdurden096" (id=oftIe_HaFxYr8gtWi0QsZPf5jM7-6vgL_HjGWn2gjIU=) has withdrawn 10000 from his ATM account.
19:01:29.789 [ATM] Player "tylerdurden096" (id=oftIe_HaFxYr8gtWi0QsZPf5jM7-6vgL_HjGWn2gjIU=) has withdrawn 10000 from his ATM account.
19:02:21.273 [Market] Player "tylerdurden096" (id=oftIe_HaFxYr8gtWi0QsZPf5jM7-6vgL_HjGWn2gjIU=) has send a requested to purchase pliers x1 from the trader "BuildingSupplies (Indar [BUILDINGS])" in market zone "The Holler" (pos=<5632.000000, 32.000000, 5392.000000>).
19:02:21.343 [Market] Player "tylerdurden096" (id=oftIe_HaFxYr8gtWi0QsZPf5jM7-6vgL_HjGWn2gjIU=) has bought pliers x1 from the trader "BuildingSupplies (Indar [BUILDINGS])" in market zone "The Holler" (pos=<5632.000000, 32.000000, 5392.000000>) for a price of 4.
19:02:24.265 [Market] Player "tylerdurden096" (id=oftIe_HaFxYr8gtWi0QsZPf5jM7-6vgL_HjGWn2gjIU=) has send a requested to purchase lockpick x1 from the trader "BuildingSupplies (Indar [BUILDINGS])" in market zone "The Holler" (pos=<5632.000000, 32.000000, 5392.000000>).
19:02:24.351 [Market] Player "tylerdurden096" (id=oftIe_HaFxYr8gtWi0QsZPf5jM7-6vgL_HjGWn2gjIU=) has bought lockpick x1 from the trader "BuildingSupplies (Indar [BUILDINGS])" in market zone "The Holler" (pos=<5632.000000, 32.000000, 5392.000000>) for a price of 20.
19:06:07.390 [Market] Player "tylerdurden096" (id=oftIe_HaFxYr8gtWi0QsZPf5jM7-6vgL_HjGWn2gjIU=) has send a requested to purchase epinephrine x1 from the trader "Medicals (Linda [MEDICAL])" in market zone "The Holler" (pos=<5632.000000, 32.000000, 5392.000000>).
19:06:07.468 [Market] Player "tylerdurden096" (id=oftIe_HaFxYr8gtWi0QsZPf5jM7-6vgL_HjGWn2gjIU=) has bought epinephrine x1 from the trader "Medicals (Linda [MEDICAL])" in market zone "The Holler" (pos=<5632.000000, 32.000000, 5392.000000>) for a price of 500.
19:06:08.234 [Market] Player "tylerdurden096" (id=oftIe_HaFxYr8gtWi0QsZPf5jM7-6vgL_HjGWn2gjIU=) has send a requested to purchase morphine x1 from the trader "Medicals (Linda [MEDICAL])" in market zone "The Holler" (pos=<5632.000000, 32.000000, 5392.000000>).
19:06:08.328 [Market] Player "tylerdurden096" (id=oftIe_HaFxYr8gtWi0QsZPf5jM7-6vgL_HjGWn2gjIU=) has bought morphine x1 from the trader "Medicals (Linda [MEDICAL])" in market zone "The Holler" (pos=<5632.000000, 32.000000, 5392.000000>) for a price of 550.
19:07:21.007 [VehicleEnter] Player FARRIS [uid=Wzy9-i_cgozd3AtiPGeDiPs6j9tHWluwI6ggAhe7Q-Q=] entered vehicle BMW X5 Red (id=A5C94227F74B9F7B356FC1A7494F47C8 pos=<4255.069336, 20.455053, 7270.698730>) as driver
19:07:24.687 [VehicleEngine] Player FARRIS [uid=Wzy9-i_cgozd3AtiPGeDiPs6j9tHWluwI6ggAhe7Q-Q=] started vehicle BMW X5 Red (id=A5C94227F74B9F7B356FC1A7494F47C8 pos=<4255.069336, 20.455051, 7270.698730>)
19:07:46.046 [VehicleLeave] Player FARRIS [uid=Wzy9-i_cgozd3AtiPGeDiPs6j9tHWluwI6ggAhe7Q-Q=] left vehicle BMW X5 Red (id=A5C94227F74B9F7B356FC1A7494F47C8 pos=<4211.892578, 20.430632, 7223.300781>)
19:08:02.054 [VehicleEnter] Player FARRIS [uid=Wzy9-i_cgozd3AtiPGeDiPs6j9tHWluwI6ggAhe7Q-Q=] entered vehicle BMW X5 Red (id=A5C94227F74B9F7B356FC1A7494F47C8 pos=<4211.892578, 20.430632, 7223.300781>) as driver
19:08:49.625 [VehicleLeave] Player FARRIS [uid=Wzy9-i_cgozd3AtiPGeDiPs6j9tHWluwI6ggAhe7Q-Q=] left vehicle BMW X5 Red (id=A5C94227F74B9F7B356FC1A7494F47C8 pos=<3962.362305, 38.487934, 6954.585449>)
19:10:15.671 [Market] Player "tylerdurden096" (id=oftIe_HaFxYr8gtWi0QsZPf5jM7-6vgL_HjGWn2gjIU=) has send a requested to purchase m4a1 x1 from the trader "Weapons (Oliver [WEAPONS])" in market zone "The Holler" (pos=<5632.000000, 32.000000, 5392.000000>).
19:10:15.757 [Market] Player "tylerdurden096" (id=oftIe_HaFxYr8gtWi0QsZPf5jM7-6vgL_HjGWn2gjIU=) has bought m4a1 x1 from the trader "Weapons (Oliver [WEAPONS])" in market zone "The Holler" (pos=<5632.000000, 32.000000, 5392.000000>) for a price of 2330.
19:10:36.593 [Market] Player "tylerdurden096" (id=oftIe_HaFxYr8gtWi0QsZPf5jM7-6vgL_HjGWn2gjIU=) has send a requested to sell ak_woodbttstck x1 at the trader "WeaponAccessories (Rolf [WEAPON ACCESSORIES])" in market zone "The Holler" (pos=<5632.000000, 32.000000, 5392.000000>).
19:10:36.703 [Market] Player "tylerdurden096" (id=oftIe_HaFxYr8gtWi0QsZPf5jM7-6vgL_HjGWn2gjIU=) has sold ak_woodbttstck x1 at the trader "WeaponAccessories (Rolf [WEAPON ACCESSORIES])" in market zone "The Holler" (pos=<5632.000000, 32.000000, 5392.000000>) and got 112.
19:10:40.632 [Market] Player "tylerdurden096" (id=oftIe_HaFxYr8gtWi0QsZPf5jM7-6vgL_HjGWn2gjIU=) has send a requested to sell ak_woodhndgrd x1 at the trader "WeaponAccessories (Rolf [WEAPON ACCESSORIES])" in market zone "The Holler" (pos=<5632.000000, 32.000000, 5392.000000>).
19:10:40.718 [Market] Player "tylerdurden096" (id=oftIe_HaFxYr8gtWi0QsZPf5jM7-6vgL_HjGWn2gjIU=) has sold ak_woodhndgrd x1 at the trader "WeaponAccessories (Rolf [WEAPON ACCESSORIES])" in market zone "The Holler" (pos=<5632.000000, 32.000000, 5392.000000>) and got 150.
19:10:46.757 [Market] Player "tylerdurden096" (id=oftIe_HaFxYr8gtWi0QsZPf5jM7-6vgL_HjGWn2gjIU=) has send a requested to sell m4_carryhandleoptic x1 at the trader "WeaponAccessories (Rolf [WEAPON ACCESSORIES])" in market zone "The Holler" (pos=<5632.000000, 32.000000, 5392.000000>).
19:10:47.101 [Market] Player "tylerdurden096" (id=oftIe_HaFxYr8gtWi0QsZPf5jM7-6vgL_HjGWn2gjIU=) has sold m4_carryhandleoptic x1 at the trader "WeaponAccessories (Rolf [WEAPON ACCESSORIES])" in market zone "The Holler" (pos=<5632.000000, 32.000000, 5392.000000>) and got 112.
19:10:48.484 [Market] Player "tylerdurden096" (id=oftIe_HaFxYr8gtWi0QsZPf5jM7-6vgL_HjGWn2gjIU=) has send a requested to sell pso1optic x1 at the trader "WeaponAccessories (Rolf [WEAPON ACCESSORIES])" in market zone "The Holler" (pos=<5632.000000, 32.000000, 5392.000000>).
19:10:48.554 [Market] Player "tylerdurden096" (id=oftIe_HaFxYr8gtWi0QsZPf5jM7-6vgL_HjGWn2gjIU=) has sold pso1optic x1 at the trader "WeaponAccessories (Rolf [WEAPON ACCESSORIES])" in market zone "The Holler" (pos=<5632.000000, 32.000000, 5392.000000>) and got 825.
19:10:58.437 [Market] Player "tylerdurden096" (id=oftIe_HaFxYr8gtWi0QsZPf5jM7-6vgL_HjGWn2gjIU=) has send a requested to sell ammo_762x39 x404 at the trader "WeaponAccessories (Rolf [WEAPON ACCESSORIES])" in market zone "The Holler" (pos=<5632.000000, 32.000000, 5392.000000>).
19:10:58.539 [Market] Player "tylerdurden096" (id=oftIe_HaFxYr8gtWi0QsZPf5jM7-6vgL_HjGWn2gjIU=) has sold ammo_762x39 x404 at the trader "WeaponAccessories (Rolf [WEAPON ACCESSORIES])" in market zone "The Holler" (pos=<5632.000000, 32.000000, 5392.000000>) and got 404.
19:11:00.914 [Market] Player "tylerdurden096" (id=oftIe_HaFxYr8gtWi0QsZPf5jM7-6vgL_HjGWn2gjIU=) has send a requested to sell ammo_762x39 x1 at the trader "WeaponAccessories (Rolf [WEAPON ACCESSORIES])" in market zone "The Holler" (pos=<5632.000000, 32.000000, 5392.000000>).
19:11:00.984 [Market] Player "tylerdurden096" (id=oftIe_HaFxYr8gtWi0QsZPf5jM7-6vgL_HjGWn2gjIU=) has sold ammo_762x39 x1 at the trader "WeaponAccessories (Rolf [WEAPON ACCESSORIES])" in market zone "The Holler" (pos=<5632.000000, 32.000000, 5392.000000>) and got 1.
19:11:07.140 [Market] Player "tylerdurden096" (id=oftIe_HaFxYr8gtWi0QsZPf5jM7-6vgL_HjGWn2gjIU=) has send a requested to sell ak_suppressor x1 at the trader "WeaponAccessories (Rolf [WEAPON ACCESSORIES])" in market zone "The Holler" (pos=<5632.000000, 32.000000, 5392.000000>).
19:11:07.242 [Market] Player "tylerdurden096" (id=oftIe_HaFxYr8gtWi0QsZPf5jM7-6vgL_HjGWn2gjIU=) has sold ak_suppressor x1 at the trader "WeaponAccessories (Rolf [WEAPON ACCESSORIES])" in market zone "The Holler" (pos=<5632.000000, 32.000000, 5392.000000>) and got 318.
19:11:26.031 [VehicleEnter] Player FARRIS [uid=Wzy9-i_cgozd3AtiPGeDiPs6j9tHWluwI6ggAhe7Q-Q=] entered vehicle BMW X5 Red (id=A5C94227F74B9F7B356FC1A7494F47C8 pos=<3962.362305, 38.487946, 6954.585449>) as driver
19:11:29.859 [Market] Player "tylerdurden096" (id=oftIe_HaFxYr8gtWi0QsZPf5jM7-6vgL_HjGWn2gjIU=) has send a requested to sell akm x1 at the trader "Weapons (Oliver [WEAPONS])" in market zone "The Holler" (pos=<5632.000000, 32.000000, 5392.000000>).
19:11:29.945 [Market] Player "tylerdurden096" (id=oftIe_HaFxYr8gtWi0QsZPf5jM7-6vgL_HjGWn2gjIU=) has sold akm x1 at the trader "Weapons (Oliver [WEAPONS])" in market zone "The Holler" (pos=<5632.000000, 32.000000, 5392.000000>) and got 1219.
19:11:33.554 [Market] Player "tylerdurden096" (id=oftIe_HaFxYr8gtWi0QsZPf5jM7-6vgL_HjGWn2gjIU=) has send a requested to sell mag_akm_drum75rnd x1 at the trader "Weapons (Oliver [WEAPONS])" in market zone "The Holler" (pos=<5632.000000, 32.000000, 5392.000000>).
19:11:33.648 [Market] Player "tylerdurden096" (id=oftIe_HaFxYr8gtWi0QsZPf5jM7-6vgL_HjGWn2gjIU=) has sold mag_akm_drum75rnd x1 at the trader "Weapons (Oliver [WEAPONS])" in market zone "The Holler" (pos=<5632.000000, 32.000000, 5392.000000>) and got 435.
19:11:33.929 [Market] Player "tylerdurden096" (id=oftIe_HaFxYr8gtWi0QsZPf5jM7-6vgL_HjGWn2gjIU=) has send a requested to sell mag_akm_drum75rnd x1 at the trader "Weapons (Oliver [WEAPONS])" in market zone "The Holler" (pos=<5632.000000, 32.000000, 5392.000000>).
19:11:34.000 [Market] Player "tylerdurden096" (id=oftIe_HaFxYr8gtWi0QsZPf5jM7-6vgL_HjGWn2gjIU=) has sold mag_akm_drum75rnd x1 at the trader "Weapons (Oliver [WEAPONS])" in market zone "The Holler" (pos=<5632.000000, 32.000000, 5392.000000>) and got 435.
19:11:36.101 [VehicleLeave] Player FARRIS [uid=Wzy9-i_cgozd3AtiPGeDiPs6j9tHWluwI6ggAhe7Q-Q=] left vehicle BMW X5 Red (id=A5C94227F74B9F7B356FC1A7494F47C8 pos=<3936.717041, 38.383713, 6946.104492>)
19:12:11.453 [Market] Player "tylerdurden096" (id=oftIe_HaFxYr8gtWi0QsZPf5jM7-6vgL_HjGWn2gjIU=) has send a requested to purchase mag_stanag_30rnd x1 from the trader "Weapons (Oliver [WEAPONS])" in market zone "The Holler" (pos=<5632.000000, 32.000000, 5392.000000>).
19:12:11.695 [Market] Player "tylerdurden096" (id=oftIe_HaFxYr8gtWi0QsZPf5jM7-6vgL_HjGWn2gjIU=) has bought mag_stanag_30rnd x1 from the trader "Weapons (Oliver [WEAPONS])" in market zone "The Holler" (pos=<5632.000000, 32.000000, 5392.000000>) for a price of 280.
19:12:14.679 [Market] Player "tylerdurden096" (id=oftIe_HaFxYr8gtWi0QsZPf5jM7-6vgL_HjGWn2gjIU=) has send a requested to purchase mag_cmag_30rnd x1 from the trader "Weapons (Oliver [WEAPONS])" in market zone "The Holler" (pos=<5632.000000, 32.000000, 5392.000000>).
19:12:14.765 [Market] Player "tylerdurden096" (id=oftIe_HaFxYr8gtWi0QsZPf5jM7-6vgL_HjGWn2gjIU=) has bought mag_cmag_30rnd x1 from the trader "Weapons (Oliver [WEAPONS])" in market zone "The Holler" (pos=<5632.000000, 32.000000, 5392.000000>) for a price of 280.
19:12:15.585 [Market] Player "tylerdurden096" (id=oftIe_HaFxYr8gtWi0QsZPf5jM7-6vgL_HjGWn2gjIU=) has send a requested to purchase mag_cmag_30rnd x1 from the trader "Weapons (Oliver [WEAPONS])" in market zone "The Holler" (pos=<5632.000000, 32.000000, 5392.000000>).
19:12:15.671 [Market] Player "tylerdurden096" (id=oftIe_HaFxYr8gtWi0QsZPf5jM7-6vgL_HjGWn2gjIU=) has bought mag_cmag_30rnd x1 from the trader "Weapons (Oliver [WEAPONS])" in market zone "The Holler" (pos=<5632.000000, 32.000000, 5392.000000>) for a price of 280.
19:12:15.726 [VehicleEnter] Player FARRIS [uid=Wzy9-i_cgozd3AtiPGeDiPs6j9tHWluwI6ggAhe7Q-Q=] entered vehicle BMW X5 Red (id=A5C94227F74B9F7B356FC1A7494F47C8 pos=<3936.717041, 38.383705, 6946.104492>) as driver
19:12:16.507 [Market] Player "tylerdurden096" (id=oftIe_HaFxYr8gtWi0QsZPf5jM7-6vgL_HjGWn2gjIU=) has send a requested to purchase mag_cmag_30rnd x1 from the trader "Weapons (Oliver [WEAPONS])" in market zone "The Holler" (pos=<5632.000000, 32.000000, 5392.000000>).
19:12:16.585 [Market] Player "tylerdurden096" (id=oftIe_HaFxYr8gtWi0QsZPf5jM7-6vgL_HjGWn2gjIU=) has bought mag_cmag_30rnd x1 from the trader "Weapons (Oliver [WEAPONS])" in market zone "The Holler" (pos=<5632.000000, 32.000000, 5392.000000>) for a price of 280.
19:12:16.929 [VehicleEngine] Player FARRIS [uid=Wzy9-i_cgozd3AtiPGeDiPs6j9tHWluwI6ggAhe7Q-Q=] started vehicle BMW X5 Red (id=A5C94227F74B9F7B356FC1A7494F47C8 pos=<3936.717041, 38.383705, 6946.104492>)
19:12:17.398 [Market] Player "tylerdurden096" (id=oftIe_HaFxYr8gtWi0QsZPf5jM7-6vgL_HjGWn2gjIU=) has send a requested to purchase mag_cmag_30rnd x1 from the trader "Weapons (Oliver [WEAPONS])" in market zone "The Holler" (pos=<5632.000000, 32.000000, 5392.000000>).
19:12:17.484 [Market] Player "tylerdurden096" (id=oftIe_HaFxYr8gtWi0QsZPf5jM7-6vgL_HjGWn2gjIU=) has bought mag_cmag_30rnd x1 from the trader "Weapons (Oliver [WEAPONS])" in market zone "The Holler" (pos=<5632.000000, 32.000000, 5392.000000>) for a price of 280.
19:12:27.718 [Market] Player "tylerdurden096" (id=oftIe_HaFxYr8gtWi0QsZPf5jM7-6vgL_HjGWn2gjIU=) has send a requested to sell mag_stanag_30rnd x1 at the trader "Weapons (Oliver [WEAPONS])" in market zone "The Holler" (pos=<5632.000000, 32.000000, 5392.000000>).
19:12:27.828 [Market] Player "tylerdurden096" (id=oftIe_HaFxYr8gtWi0QsZPf5jM7-6vgL_HjGWn2gjIU=) has sold mag_stanag_30rnd x1 at the trader "Weapons (Oliver [WEAPONS])" in market zone "The Holler" (pos=<5632.000000, 32.000000, 5392.000000>) and got 195.
19:13:02.343 [VehicleLeave] Player FARRIS [uid=Wzy9-i_cgozd3AtiPGeDiPs6j9tHWluwI6ggAhe7Q-Q=] left vehicle BMW X5 Red (id=A5C94227F74B9F7B356FC1A7494F47C8 pos=<3968.385254, 37.559582, 6728.025879>)
19:13:12.289 [Market] Player "tylerdurden096" (id=oftIe_HaFxYr8gtWi0QsZPf5jM7-6vgL_HjGWn2gjIU=) has send a requested to purchase buisoptic x1 from the trader "WeaponAccessories (Rolf [WEAPON ACCESSORIES])" in market zone "The Holler" (pos=<5632.000000, 32.000000, 5392.000000>).
19:13:12.390 [Market] Player "tylerdurden096" (id=oftIe_HaFxYr8gtWi0QsZPf5jM7-6vgL_HjGWn2gjIU=) has bought buisoptic x1 from the trader "WeaponAccessories (Rolf [WEAPON ACCESSORIES])" in market zone "The Holler" (pos=<5632.000000, 32.000000, 5392.000000>) for a price of 150.
19:13:15.375 [VehicleEnter] Player FARRIS [uid=Wzy9-i_cgozd3AtiPGeDiPs6j9tHWluwI6ggAhe7Q-Q=] entered vehicle BMW X5 Red (id=A5C94227F74B9F7B356FC1A7494F47C8 pos=<3968.385254, 37.559605, 6728.025879>) as driver
19:13:22.367 [Market] Player "tylerdurden096" (id=oftIe_HaFxYr8gtWi0QsZPf5jM7-6vgL_HjGWn2gjIU=) has send a requested to purchase acogoptic_6x x1 from the trader "WeaponAccessories (Rolf [WEAPON ACCESSORIES])" in market zone "The Holler" (pos=<5632.000000, 32.000000, 5392.000000>).
19:13:22.453 [Market] Player "tylerdurden096" (id=oftIe_HaFxYr8gtWi0QsZPf5jM7-6vgL_HjGWn2gjIU=) has bought acogoptic_6x x1 from the trader "WeaponAccessories (Rolf [WEAPON ACCESSORIES])" in market zone "The Holler" (pos=<5632.000000, 32.000000, 5392.000000>) for a price of 2200.
19:13:56.960 [VehicleLeave] Player FARRIS [uid=Wzy9-i_cgozd3AtiPGeDiPs6j9tHWluwI6ggAhe7Q-Q=] left vehicle BMW X5 Red (id=A5C94227F74B9F7B356FC1A7494F47C8 pos=<3673.995361, 20.430634, 6547.866699>)
19:14:06.882 [Market] Player "tylerdurden096" (id=oftIe_HaFxYr8gtWi0QsZPf5jM7-6vgL_HjGWn2gjIU=) has send a requested to sell acogoptic_6x x1 at the trader "WeaponAccessories (Rolf [WEAPON ACCESSORIES])" in market zone "The Holler" (pos=<5632.000000, 32.000000, 5392.000000>).
19:14:06.929 [VehicleEnter] Player FARRIS [uid=Wzy9-i_cgozd3AtiPGeDiPs6j9tHWluwI6ggAhe7Q-Q=] entered vehicle BMW X5 Red (id=A5C94227F74B9F7B356FC1A7494F47C8 pos=<3673.995361, 20.430632, 6547.866699>) as driver
19:14:07.007 [Market] Player "tylerdurden096" (id=oftIe_HaFxYr8gtWi0QsZPf5jM7-6vgL_HjGWn2gjIU=) has sold acogoptic_6x x1 at the trader "WeaponAccessories (Rolf [WEAPON ACCESSORIES])" in market zone "The Holler" (pos=<5632.000000, 32.000000, 5392.000000>) and got 1650.
19:14:11.421 [Market] Player "tylerdurden096" (id=oftIe_HaFxYr8gtWi0QsZPf5jM7-6vgL_HjGWn2gjIU=) has send a requested to purchase acogoptic x1 from the trader "WeaponAccessories (Rolf [WEAPON ACCESSORIES])" in market zone "The Holler" (pos=<5632.000000, 32.000000, 5392.000000>).
19:14:11.507 [Market] Player "tylerdurden096" (id=oftIe_HaFxYr8gtWi0QsZPf5jM7-6vgL_HjGWn2gjIU=) has bought acogoptic x1 from the trader "WeaponAccessories (Rolf [WEAPON ACCESSORIES])" in market zone "The Holler" (pos=<5632.000000, 32.000000, 5392.000000>) for a price of 1300.
19:14:32.812 [Market] Player "tylerdurden096" (id=oftIe_HaFxYr8gtWi0QsZPf5jM7-6vgL_HjGWn2gjIU=) has send a requested to sell buisoptic x1 at the trader "WeaponAccessories (Rolf [WEAPON ACCESSORIES])" in market zone "The Holler" (pos=<5632.000000, 32.000000, 5392.000000>).
19:14:32.851 [Market] Player "tylerdurden096" (id=oftIe_HaFxYr8gtWi0QsZPf5jM7-6vgL_HjGWn2gjIU=) has sold buisoptic x1 at the trader "WeaponAccessories (Rolf [WEAPON ACCESSORIES])" in market zone "The Holler" (pos=<5632.000000, 32.000000, 5392.000000>) and got 112.
19:15:17.554 [Market] Player "tylerdurden096" (id=oftIe_HaFxYr8gtWi0QsZPf5jM7-6vgL_HjGWn2gjIU=) has send a requested to purchase m4_suppressor x1 from the trader "WeaponAccessories (Rolf [WEAPON ACCESSORIES])" in market zone "The Holler" (pos=<5632.000000, 32.000000, 5392.000000>).
19:15:17.625 [Market] Player "tylerdurden096" (id=oftIe_HaFxYr8gtWi0QsZPf5jM7-6vgL_HjGWn2gjIU=) has bought m4_suppressor x1 from the trader "WeaponAccessories (Rolf [WEAPON ACCESSORIES])" in market zone "The Holler" (pos=<5632.000000, 32.000000, 5392.000000>) for a price of 425.
19:15:58.328 [Market] Player "tylerdurden096" (id=oftIe_HaFxYr8gtWi0QsZPf5jM7-6vgL_HjGWn2gjIU=) has send a requested to purchase firefighteraxe x1 from the trader "BuildingSupplies (Indar [BUILDINGS])" in market zone "The Holler" (pos=<5632.000000, 32.000000, 5392.000000>).
19:15:58.406 [Market] Player "tylerdurden096" (id=oftIe_HaFxYr8gtWi0QsZPf5jM7-6vgL_HjGWn2gjIU=) has bought firefighteraxe x1 from the trader "BuildingSupplies (Indar [BUILDINGS])" in market zone "The Holler" (pos=<5632.000000, 32.000000, 5392.000000>) for a price of 30.
19:16:16.195 [VehicleLeave] Player FARRIS [uid=Wzy9-i_cgozd3AtiPGeDiPs6j9tHWluwI6ggAhe7Q-Q=] left vehicle BMW X5 Red (id=A5C94227F74B9F7B356FC1A7494F47C8 pos=<6282.511719, 15.090632, 6195.446777>)
19:17:40.414 [VehicleEnter] Player FARRIS [uid=Wzy9-i_cgozd3AtiPGeDiPs6j9tHWluwI6ggAhe7Q-Q=] entered vehicle BMW X5 Red (id=A5C94227F74B9F7B356FC1A7494F47C8 pos=<6282.511719, 15.090633, 6195.446777>) as driver
19:17:44.109 [VehicleEngine] Player FARRIS [uid=Wzy9-i_cgozd3AtiPGeDiPs6j9tHWluwI6ggAhe7Q-Q=] started vehicle BMW X5 Red (id=A5C94227F74B9F7B356FC1A7494F47C8 pos=<6282.511719, 15.090633, 6195.447266>)
19:17:47.875 [Market] Player "tylerdurden096" (id=oftIe_HaFxYr8gtWi0QsZPf5jM7-6vgL_HjGWn2gjIU=) has send a requested to purchase mag_cmag_30rnd x1 from the trader "Weapons (Oliver [WEAPONS])" in market zone "The Holler" (pos=<5632.000000, 32.000000, 5392.000000>).
19:17:47.960 [Market] Player "tylerdurden096" (id=oftIe_HaFxYr8gtWi0QsZPf5jM7-6vgL_HjGWn2gjIU=) has bought mag_cmag_30rnd x1 from the trader "Weapons (Oliver [WEAPONS])" in market zone "The Holler" (pos=<5632.000000, 32.000000, 5392.000000>) for a price of 280.
19:17:48.656 [Market] Player "tylerdurden096" (id=oftIe_HaFxYr8gtWi0QsZPf5jM7-6vgL_HjGWn2gjIU=) has send a requested to purchase mag_cmag_30rnd x1 from the trader "Weapons (Oliver [WEAPONS])" in market zone "The Holler" (pos=<5632.000000, 32.000000, 5392.000000>).
19:17:48.742 [Market] Player "tylerdurden096" (id=oftIe_HaFxYr8gtWi0QsZPf5jM7-6vgL_HjGWn2gjIU=) has bought mag_cmag_30rnd x1 from the trader "Weapons (Oliver [WEAPONS])" in market zone "The Holler" (pos=<5632.000000, 32.000000, 5392.000000>) for a price of 280.
19:17:56.968 [VehicleLeave] Player FARRIS [uid=Wzy9-i_cgozd3AtiPGeDiPs6j9tHWluwI6ggAhe7Q-Q=] left vehicle BMW X5 Red (id=A5C94227F74B9F7B356FC1A7494F47C8 pos=<6353.517578, 15.090631, 6204.497070>)
19:18:18.445 [Market] Player "tylerdurden096" (id=oftIe_HaFxYr8gtWi0QsZPf5jM7-6vgL_HjGWn2gjIU=) has send a requested to purchase m67grenade x1 from the trader "WeaponAccessories (Rolf [WEAPON ACCESSORIES])" in market zone "The Holler" (pos=<5632.000000, 32.000000, 5392.000000>).
19:18:18.523 [Market] Player "tylerdurden096" (id=oftIe_HaFxYr8gtWi0QsZPf5jM7-6vgL_HjGWn2gjIU=) has bought m67grenade x1 from the trader "WeaponAccessories (Rolf [WEAPON ACCESSORIES])" in market zone "The Holler" (pos=<5632.000000, 32.000000, 5392.000000>) for a price of 900.
19:18:20.531 [Market] Player "tylerdurden096" (id=oftIe_HaFxYr8gtWi0QsZPf5jM7-6vgL_HjGWn2gjIU=) has send a requested to purchase m67grenade x1 from the trader "WeaponAccessories (Rolf [WEAPON ACCESSORIES])" in market zone "The Holler" (pos=<5632.000000, 32.000000, 5392.000000>).
19:18:20.609 [Market] Player "tylerdurden096" (id=oftIe_HaFxYr8gtWi0QsZPf5jM7-6vgL_HjGWn2gjIU=) has bought m67grenade x1 from the trader "WeaponAccessories (Rolf [WEAPON ACCESSORIES])" in market zone "The Holler" (pos=<5632.000000, 32.000000, 5392.000000>) for a price of 900.
19:18:31.375 [Market] Player "tylerdurden096" (id=oftIe_HaFxYr8gtWi0QsZPf5jM7-6vgL_HjGWn2gjIU=) has send a requested to purchase landminetrap x1 from the trader "WeaponAccessories (Rolf [WEAPON ACCESSORIES])" in market zone "The Holler" (pos=<5632.000000, 32.000000, 5392.000000>).
19:18:31.476 [Market] Player "tylerdurden096" (id=oftIe_HaFxYr8gtWi0QsZPf5jM7-6vgL_HjGWn2gjIU=) has bought landminetrap x1 from the trader "WeaponAccessories (Rolf [WEAPON ACCESSORIES])" in market zone "The Holler" (pos=<5632.000000, 32.000000, 5392.000000>) for a price of 17000.
19:19:15.453 [Market] Player "tylerdurden096" (id=oftIe_HaFxYr8gtWi0QsZPf5jM7-6vgL_HjGWn2gjIU=) has send a requested to purchase m4_suppressor x1 from the trader "WeaponAccessories (Rolf [WEAPON ACCESSORIES])" in market zone "The Holler" (pos=<5632.000000, 32.000000, 5392.000000>).
19:19:15.531 [Market] Player "tylerdurden096" (id=oftIe_HaFxYr8gtWi0QsZPf5jM7-6vgL_HjGWn2gjIU=) has bought m4_suppressor x1 from the trader "WeaponAccessories (Rolf [WEAPON ACCESSORIES])" in market zone "The Holler" (pos=<5632.000000, 32.000000, 5392.000000>) for a price of 425.
19:19:34.062 [Market] Player "tylerdurden096" (id=oftIe_HaFxYr8gtWi0QsZPf5jM7-6vgL_HjGWn2gjIU=) has send a requested to sell m4_suppressor x1 at the trader "WeaponAccessories (Rolf [WEAPON ACCESSORIES])" in market zone "The Holler" (pos=<5632.000000, 32.000000, 5392.000000>).
19:19:34.171 [Market] Player "tylerdurden096" (id=oftIe_HaFxYr8gtWi0QsZPf5jM7-6vgL_HjGWn2gjIU=) has sold m4_suppressor x1 at the trader "WeaponAccessories (Rolf [WEAPON ACCESSORIES])" in market zone "The Holler" (pos=<5632.000000, 32.000000, 5392.000000>) and got 318.
19:20:00.742 [Market] Player "tylerdurden096" (id=oftIe_HaFxYr8gtWi0QsZPf5jM7-6vgL_HjGWn2gjIU=) has send a requested to purchase svd x1 from the trader "Weapons (Oliver [WEAPONS])" in market zone "The Holler" (pos=<5632.000000, 32.000000, 5392.000000>).
19:20:00.835 [Market] Player "tylerdurden096" (id=oftIe_HaFxYr8gtWi0QsZPf5jM7-6vgL_HjGWn2gjIU=) has bought svd x1 from the trader "Weapons (Oliver [WEAPONS])" in market zone "The Holler" (pos=<5632.000000, 32.000000, 5392.000000>) for a price of 12000.
19:21:28.992 [Market] Player "tylerdurden096" (id=oftIe_HaFxYr8gtWi0QsZPf5jM7-6vgL_HjGWn2gjIU=) has send a requested to sell svd x1 at the trader "Weapons (Oliver [WEAPONS])" in market zone "The Holler" (pos=<5632.000000, 32.000000, 5392.000000>).
19:21:29.070 [Market] Player "tylerdurden096" (id=oftIe_HaFxYr8gtWi0QsZPf5jM7-6vgL_HjGWn2gjIU=) has sold svd x1 at the trader "Weapons (Oliver [WEAPONS])" in market zone "The Holler" (pos=<5632.000000, 32.000000, 5392.000000>) and got 9000.
19:21:55.789 [Market] Player "tylerdurden096" (id=oftIe_HaFxYr8gtWi0QsZPf5jM7-6vgL_HjGWn2gjIU=) has send a requested to purchase cz550 x1 from the trader "Weapons (Oliver [WEAPONS])" in market zone "The Holler" (pos=<5632.000000, 32.000000, 5392.000000>).
19:21:55.882 [Market] Player "tylerdurden096" (id=oftIe_HaFxYr8gtWi0QsZPf5jM7-6vgL_HjGWn2gjIU=) has bought cz550 x1 from the trader "Weapons (Oliver [WEAPONS])" in market zone "The Holler" (pos=<5632.000000, 32.000000, 5392.000000>) for a price of 2058.
19:22:22.757 [Market] Player "tylerdurden096" (id=oftIe_HaFxYr8gtWi0QsZPf5jM7-6vgL_HjGWn2gjIU=) has send a requested to sell cz550 x1 at the trader "Weapons (Oliver [WEAPONS])" in market zone "The Holler" (pos=<5632.000000, 32.000000, 5392.000000>).
19:22:22.835 [Market] Player "tylerdurden096" (id=oftIe_HaFxYr8gtWi0QsZPf5jM7-6vgL_HjGWn2gjIU=) has sold cz550 x1 at the trader "Weapons (Oliver [WEAPONS])" in market zone "The Holler" (pos=<5632.000000, 32.000000, 5392.000000>) and got 1541.
19:22:40.023 [Market] Player "tylerdurden096" (id=oftIe_HaFxYr8gtWi0QsZPf5jM7-6vgL_HjGWn2gjIU=) has send a requested to sell winchester70 x1 at the trader "Weapons (Oliver [WEAPONS])" in market zone "The Holler" (pos=<5632.000000, 32.000000, 5392.000000>).
19:22:40.109 [Market] Player "tylerdurden096" (id=oftIe_HaFxYr8gtWi0QsZPf5jM7-6vgL_HjGWn2gjIU=) has sold winchester70 x1 at the trader "Weapons (Oliver [WEAPONS])" in market zone "The Holler" (pos=<5632.000000, 32.000000, 5392.000000>) and got 1987.
19:22:51.085 [Market] Player "tylerdurden096" (id=oftIe_HaFxYr8gtWi0QsZPf5jM7-6vgL_HjGWn2gjIU=) has send a requested to purchase winchester70 x1 from the trader "Weapons (Oliver [WEAPONS])" in market zone "The Holler" (pos=<5632.000000, 32.000000, 5392.000000>).
19:22:51.156 [Market] Player "tylerdurden096" (id=oftIe_HaFxYr8gtWi0QsZPf5jM7-6vgL_HjGWn2gjIU=) has bought winchester70 x1 from the trader "Weapons (Oliver [WEAPONS])" in market zone "The Holler" (pos=<5632.000000, 32.000000, 5392.000000>) for a price of 2650.
19:23:23.093 [Market] Player "tylerdurden096" (id=oftIe_HaFxYr8gtWi0QsZPf5jM7-6vgL_HjGWn2gjIU=) has send a requested to purchase expansion_pmii25optic x1 from the trader "WeaponAccessories (Rolf [WEAPON ACCESSORIES])" in market zone "The Holler" (pos=<5632.000000, 32.000000, 5392.000000>).
19:23:23.203 [Market] Player "tylerdurden096" (id=oftIe_HaFxYr8gtWi0QsZPf5jM7-6vgL_HjGWn2gjIU=) has bought expansion_pmii25optic x1 from the trader "WeaponAccessories (Rolf [WEAPON ACCESSORIES])" in market zone "The Holler" (pos=<5632.000000, 32.000000, 5392.000000>) for a price of 8100.
19:23:42.859 [Market] Player "tylerdurden096" (id=oftIe_HaFxYr8gtWi0QsZPf5jM7-6vgL_HjGWn2gjIU=) has send a requested to sell expansion_pmii25optic x1 at the trader "WeaponAccessories (Rolf [WEAPON ACCESSORIES])" in market zone "The Holler" (pos=<5632.000000, 32.000000, 5392.000000>).
19:23:42.945 [Market] Player "tylerdurden096" (id=oftIe_HaFxYr8gtWi0QsZPf5jM7-6vgL_HjGWn2gjIU=) has sold expansion_pmii25optic x1 at the trader "WeaponAccessories (Rolf [WEAPON ACCESSORIES])" in market zone "The Holler" (pos=<5632.000000, 32.000000, 5392.000000>) and got 6075.
19:23:51.523 [Market] Player "tylerdurden096" (id=oftIe_HaFxYr8gtWi0QsZPf5jM7-6vgL_HjGWn2gjIU=) has send a requested to purchase huntingoptic x1 from the trader "WeaponAccessories (Rolf [WEAPON ACCESSORIES])" in market zone "The Holler" (pos=<5632.000000, 32.000000, 5392.000000>).
19:23:51.585 [Market] Player "tylerdurden096" (id=oftIe_HaFxYr8gtWi0QsZPf5jM7-6vgL_HjGWn2gjIU=) has bought huntingoptic x1 from the trader "WeaponAccessories (Rolf [WEAPON ACCESSORIES])" in market zone "The Holler" (pos=<5632.000000, 32.000000, 5392.000000>) for a price of 7000.
19:24:02.203 [VehicleEnter] Player FARRIS [uid=Wzy9-i_cgozd3AtiPGeDiPs6j9tHWluwI6ggAhe7Q-Q=] entered vehicle BMW X5 Red (id=A5C94227F74B9F7B356FC1A7494F47C8 pos=<6353.517578, 15.090632, 6204.497070>) as driver
19:24:23.429 [VehicleEngine] Player FARRIS [uid=Wzy9-i_cgozd3AtiPGeDiPs6j9tHWluwI6ggAhe7Q-Q=] started vehicle BMW X5 Red (id=A5C94227F74B9F7B356FC1A7494F47C8 pos=<6353.517578, 15.090631, 6204.497070>)
19:24:34.609 [VehicleEnter] Player tylerdurden096 [uid=oftIe_HaFxYr8gtWi0QsZPf5jM7-6vgL_HjGWn2gjIU=] entered vehicle ToyotaHilux rust (id=433FAB918D43143AF328BABE4F036C96 pos=<5594.030273, 28.714754, 5380.395020>) as driver
19:24:36.695 [VehicleLeave] Player FARRIS [uid=Wzy9-i_cgozd3AtiPGeDiPs6j9tHWluwI6ggAhe7Q-Q=] left vehicle BMW X5 Red (id=A5C94227F74B9F7B356FC1A7494F47C8 pos=<6458.368164, 15.090632, 6244.820313>)
19:26:18.031 [VehicleEnter] Player FARRIS [uid=Wzy9-i_cgozd3AtiPGeDiPs6j9tHWluwI6ggAhe7Q-Q=] entered vehicle BMW X5 Red (id=A5C94227F74B9F7B356FC1A7494F47C8 pos=<6458.368652, 15.090632, 6244.820313>) as driver
19:26:19.218 [VehicleEngine] Player FARRIS [uid=Wzy9-i_cgozd3AtiPGeDiPs6j9tHWluwI6ggAhe7Q-Q=] started vehicle BMW X5 Red (id=A5C94227F74B9F7B356FC1A7494F47C8 pos=<6458.368652, 15.090633, 6244.820313>)
19:26:41.601 [VehicleLeave] Player FARRIS [uid=Wzy9-i_cgozd3AtiPGeDiPs6j9tHWluwI6ggAhe7Q-Q=] left vehicle BMW X5 Red (id=A5C94227F74B9F7B356FC1A7494F47C8 pos=<6650.657715, 15.090631, 6319.753906>)
19:26:55.640 [VehicleEnter] Player FARRIS [uid=Wzy9-i_cgozd3AtiPGeDiPs6j9tHWluwI6ggAhe7Q-Q=] entered vehicle BMW X5 Red (id=A5C94227F74B9F7B356FC1A7494F47C8 pos=<6650.657715, 15.090631, 6319.753906>) as driver
19:26:57.070 [VehicleEngine] Player FARRIS [uid=Wzy9-i_cgozd3AtiPGeDiPs6j9tHWluwI6ggAhe7Q-Q=] started vehicle BMW X5 Red (id=A5C94227F74B9F7B356FC1A7494F47C8 pos=<6650.657715, 15.090631, 6319.753906>)
19:27:51.914 [VehicleLeave] Player FARRIS [uid=Wzy9-i_cgozd3AtiPGeDiPs6j9tHWluwI6ggAhe7Q-Q=] left vehicle BMW X5 Red (id=A5C94227F74B9F7B356FC1A7494F47C8 pos=<6924.216309, 33.121616, 5880.284668>)
19:28:02.031 [VehicleCarKey] Player "FARRIS" (id=Wzy9-i_cgozd3AtiPGeDiPs6j9tHWluwI6ggAhe7Q-Q= pos=<6924.150879, 33.102509, 5877.896484>) used the  ExpansionCarKey to lock BMW_X5_red (id=A5C94227F74B9F7B356FC1A7494F47C8 pos=<6924.216309, 33.121620, 5880.284668>)
19:28:13.046 [VehicleDeleted] BMW_X5_red (id=A5C94227F74B9F7B356FC1A7494F47C8 pos=<6924.216309, 33.121620, 5880.284668>)
19:28:13.046 [VehicleCover] Player "FARRIS" (id=Wzy9-i_cgozd3AtiPGeDiPs6j9tHWluwI6ggAhe7Q-Q= pos=<6923.898926, 33.105949, 5877.664063>) covered vehicle "BMW_X5_red" (GlobalID=8000000080000000800000008000A2BE pos=<6924.216309, 33.121620, 5880.284668>)!
19:31:42.195 [VehicleLeave] Player tylerdurden096 [uid=oftIe_HaFxYr8gtWi0QsZPf5jM7-6vgL_HjGWn2gjIU=] left vehicle ToyotaHilux rust (id=433FAB918D43143AF328BABE4F036C96 pos=<5594.027832, 28.714743, 5380.395508>)
19:34:44.445 [Market] Player "tylerdurden096" (id=oftIe_HaFxYr8gtWi0QsZPf5jM7-6vgL_HjGWn2gjIU=) has send a requested to purchase eyepatch_improvised x1 from the trader "Clothing_Accessories (Elias [CLOTHING & ACCESSORIES])" in market zone "The Holler" (pos=<5632.000000, 32.000000, 5392.000000>).
19:34:44.531 [Market] Player "tylerdurden096" (id=oftIe_HaFxYr8gtWi0QsZPf5jM7-6vgL_HjGWn2gjIU=) has bought eyepatch_improvised x1 from the trader "Clothing_Accessories (Elias [CLOTHING & ACCESSORIES])" in market zone "The Holler" (pos=<5632.000000, 32.000000, 5392.000000>) for a price of 10.
19:35:06.890 [Market] Player "tylerdurden096" (id=oftIe_HaFxYr8gtWi0QsZPf5jM7-6vgL_HjGWn2gjIU=) has send a requested to purchase tacticalgoggles x1 from the trader "Clothing_Accessories (Elias [CLOTHING & ACCESSORIES])" in market zone "The Holler" (pos=<5632.000000, 32.000000, 5392.000000>).
19:35:06.984 [Market] Player "tylerdurden096" (id=oftIe_HaFxYr8gtWi0QsZPf5jM7-6vgL_HjGWn2gjIU=) has bought tacticalgoggles x1 from the trader "Clothing_Accessories (Elias [CLOTHING & ACCESSORIES])" in market zone "The Holler" (pos=<5632.000000, 32.000000, 5392.000000>) for a price of 60.
19:35:17.820 [Market] Player "tylerdurden096" (id=oftIe_HaFxYr8gtWi0QsZPf5jM7-6vgL_HjGWn2gjIU=) has send a requested to sell eyepatch_improvised x1 at the trader "Clothing_Accessories (Elias [CLOTHING & ACCESSORIES])" in market zone "The Holler" (pos=<5632.000000, 32.000000, 5392.000000>).
19:35:18.070 [Market] Player "tylerdurden096" (id=oftIe_HaFxYr8gtWi0QsZPf5jM7-6vgL_HjGWn2gjIU=) has sold eyepatch_improvised x1 at the trader "Clothing_Accessories (Elias [CLOTHING & ACCESSORIES])" in market zone "The Holler" (pos=<5632.000000, 32.000000, 5392.000000>) and got 7.
19:35:19.078 [Market] Player "tylerdurden096" (id=oftIe_HaFxYr8gtWi0QsZPf5jM7-6vgL_HjGWn2gjIU=) has send a requested to sell tacticalgoggles x1 at the trader "Clothing_Accessories (Elias [CLOTHING & ACCESSORIES])" in market zone "The Holler" (pos=<5632.000000, 32.000000, 5392.000000>).
19:35:19.148 [Market] Player "tylerdurden096" (id=oftIe_HaFxYr8gtWi0QsZPf5jM7-6vgL_HjGWn2gjIU=) has sold tacticalgoggles x1 at the trader "Clothing_Accessories (Elias [CLOTHING & ACCESSORIES])" in market zone "The Holler" (pos=<5632.000000, 32.000000, 5392.000000>) and got 45.
19:35:54.828 [Market] Player "tylerdurden096" (id=oftIe_HaFxYr8gtWi0QsZPf5jM7-6vgL_HjGWn2gjIU=) has send a requested to purchase ghillieatt_mossy x1 from the trader "WeaponAccessories (Rolf [WEAPON ACCESSORIES])" in market zone "The Holler" (pos=<5632.000000, 32.000000, 5392.000000>).
19:35:54.890 [Market] Player "tylerdurden096" (id=oftIe_HaFxYr8gtWi0QsZPf5jM7-6vgL_HjGWn2gjIU=) has bought ghillieatt_mossy x1 from the trader "WeaponAccessories (Rolf [WEAPON ACCESSORIES])" in market zone "The Holler" (pos=<5632.000000, 32.000000, 5392.000000>) for a price of 3220.
19:37:05.992 [VehicleEnter] Player tylerdurden096 [uid=oftIe_HaFxYr8gtWi0QsZPf5jM7-6vgL_HjGWn2gjIU=] entered vehicle ToyotaHilux rust (id=433FAB918D43143AF328BABE4F036C96 pos=<5594.026367, 28.714758, 5380.395020>) as driver
19:48:11.992 [Safezone] Player "tylerdurden096" (id=oftIe_HaFxYr8gtWi0QsZPf5jM7-6vgL_HjGWn2gjIU= pos=<5594.245117, 29.753786, 5379.818848>) Entered the safezone
19:54:43.414 [VehicleEnter] Player tylerdurden096 [uid=oftIe_HaFxYr8gtWi0QsZPf5jM7-6vgL_HjGWn2gjIU=] entered vehicle ToyotaHilux rust (id=433FAB918D43143AF328BABE4F036C96 pos=<5594.032227, 28.714754, 5380.395020>) as driver
19:54:45.585 [VehicleEngine] Player tylerdurden096 [uid=oftIe_HaFxYr8gtWi0QsZPf5jM7-6vgL_HjGWn2gjIU=] started vehicle ToyotaHilux rust (id=433FAB918D43143AF328BABE4F036C96 pos=<5594.030762, 28.714746, 5380.395508>)
19:55:18.656 [VehicleLeave] Player tylerdurden096 [uid=oftIe_HaFxYr8gtWi0QsZPf5jM7-6vgL_HjGWn2gjIU=] left vehicle ToyotaHilux rust (id=433FAB918D43143AF328BABE4F036C96 pos=<5623.689453, 28.714760, 5411.062012>)
19:56:27.351 [Market] Player "tylerdurden096" (id=oftIe_HaFxYr8gtWi0QsZPf5jM7-6vgL_HjGWn2gjIU=) has send a requested to purchase ammo_556x45 x500 from the trader "WeaponAccessories (Rolf [WEAPON ACCESSORIES])" in market zone "The Holler" (pos=<5632.000000, 32.000000, 5392.000000>).
19:56:27.484 [Market] Player "tylerdurden096" (id=oftIe_HaFxYr8gtWi0QsZPf5jM7-6vgL_HjGWn2gjIU=) has bought ammo_556x45 x500 from the trader "WeaponAccessories (Rolf [WEAPON ACCESSORIES])" in market zone "The Holler" (pos=<5632.000000, 32.000000, 5392.000000>) for a price of 1000.
19:59:38.789 [Market] Player "tylerdurden096" (id=oftIe_HaFxYr8gtWi0QsZPf5jM7-6vgL_HjGWn2gjIU=) has send a requested to purchase personalradio x1 from the trader "Special (Eva [SPECIALTY ITEMS])" in market zone "The Holler" (pos=<5632.000000, 32.000000, 5392.000000>).
19:59:38.859 [Market] Player "tylerdurden096" (id=oftIe_HaFxYr8gtWi0QsZPf5jM7-6vgL_HjGWn2gjIU=) has bought personalradio x1 from the trader "Special (Eva [SPECIALTY ITEMS])" in market zone "The Holler" (pos=<5632.000000, 32.000000, 5392.000000>) for a price of 100.
20:01:18.085 [Market] Player "tylerdurden096" (id=oftIe_HaFxYr8gtWi0QsZPf5jM7-6vgL_HjGWn2gjIU=) has send a requested to purchase chemlight_white x1 from the trader "BuildingSupplies (Indar [BUILDINGS])" in market zone "The Holler" (pos=<5632.000000, 32.000000, 5392.000000>).
20:01:18.164 [Market] Player "tylerdurden096" (id=oftIe_HaFxYr8gtWi0QsZPf5jM7-6vgL_HjGWn2gjIU=) has bought chemlight_white x1 from the trader "BuildingSupplies (Indar [BUILDINGS])" in market zone "The Holler" (pos=<5632.000000, 32.000000, 5392.000000>) for a price of 2.
20:01:19.445 [Market] Player "tylerdurden096" (id=oftIe_HaFxYr8gtWi0QsZPf5jM7-6vgL_HjGWn2gjIU=) has send a requested to purchase chemlight_white x1 from the trader "BuildingSupplies (Indar [BUILDINGS])" in market zone "The Holler" (pos=<5632.000000, 32.000000, 5392.000000>).
20:01:19.578 [Market] Player "tylerdurden096" (id=oftIe_HaFxYr8gtWi0QsZPf5jM7-6vgL_HjGWn2gjIU=) has bought chemlight_white x1 from the trader "BuildingSupplies (Indar [BUILDINGS])" in market zone "The Holler" (pos=<5632.000000, 32.000000, 5392.000000>) for a price of 2.
20:01:36.257 [Market] Player "tylerdurden096" (id=oftIe_HaFxYr8gtWi0QsZPf5jM7-6vgL_HjGWn2gjIU=) has send a requested to purchase chemlight_yellow x1 from the trader "BuildingSupplies (Indar [BUILDINGS])" in market zone "The Holler" (pos=<5632.000000, 32.000000, 5392.000000>).
20:01:36.343 [Market] Player "tylerdurden096" (id=oftIe_HaFxYr8gtWi0QsZPf5jM7-6vgL_HjGWn2gjIU=) has bought chemlight_yellow x1 from the trader "BuildingSupplies (Indar [BUILDINGS])" in market zone "The Holler" (pos=<5632.000000, 32.000000, 5392.000000>) for a price of 2.
20:03:12.289 [VehicleEnter] Player tylerdurden096 [uid=oftIe_HaFxYr8gtWi0QsZPf5jM7-6vgL_HjGWn2gjIU=] entered vehicle ToyotaHilux rust (id=433FAB918D43143AF328BABE4F036C96 pos=<5623.690430, 28.714746, 5411.060547>) as driver
20:03:16.468 [VehicleLeave] Player tylerdurden096 [uid=oftIe_HaFxYr8gtWi0QsZPf5jM7-6vgL_HjGWn2gjIU=] left vehicle ToyotaHilux rust (id=433FAB918D43143AF328BABE4F036C96 pos=<5623.689453, 28.714754, 5411.061523>)
20:03:22.593 [VehicleEnter] Player tylerdurden096 [uid=oftIe_HaFxYr8gtWi0QsZPf5jM7-6vgL_HjGWn2gjIU=] entered vehicle ToyotaHilux rust (id=433FAB918D43143AF328BABE4F036C96 pos=<5623.688477, 28.714756, 5411.062012>) as driver
20:03:24.421 [VehicleEngine] Player tylerdurden096 [uid=oftIe_HaFxYr8gtWi0QsZPf5jM7-6vgL_HjGWn2gjIU=] started vehicle ToyotaHilux rust (id=433FAB918D43143AF328BABE4F036C96 pos=<5623.689453, 28.714743, 5411.061035>)
20:03:42.187 [VehicleLeave] Player tylerdurden096 [uid=oftIe_HaFxYr8gtWi0QsZPf5jM7-6vgL_HjGWn2gjIU=] left vehicle ToyotaHilux rust (id=433FAB918D43143AF328BABE4F036C96 pos=<5647.262207, 28.205509, 5549.451172>)
20:03:46.750 [Safezone] Player "tylerdurden096" (id=oftIe_HaFxYr8gtWi0QsZPf5jM7-6vgL_HjGWn2gjIU= pos=<5644.434570, 28.164597, 5549.462891>) Left the safezone
20:03:47.078 [VehicleDeleted] ToyotaHilux_rust (id=AC96E46D004014BC29E2E6BD371AA644 pos=<0.005853, 0.726550, -0.051477>)
20:03:55.593 [VehicleEnter] Player tylerdurden096 [uid=oftIe_HaFxYr8gtWi0QsZPf5jM7-6vgL_HjGWn2gjIU=] entered vehicle ToyotaHilux rust (id=433FAB918D43143AF328BABE4F036C96 pos=<5647.261719, 28.205515, 5549.450684>) as driver
20:03:59.632 [VehicleEngine] Player tylerdurden096 [uid=oftIe_HaFxYr8gtWi0QsZPf5jM7-6vgL_HjGWn2gjIU=] started vehicle ToyotaHilux rust (id=433FAB918D43143AF328BABE4F036C96 pos=<5647.263672, 28.205488, 5549.452637>)
20:04:08.070 [Safezone] Player "tylerdurden096" (id=oftIe_HaFxYr8gtWi0QsZPf5jM7-6vgL_HjGWn2gjIU= pos=<5665.813965, 30.032022, 5524.418457>) Entered the safezone
20:04:36.843 [VehicleLeave] Player tylerdurden096 [uid=oftIe_HaFxYr8gtWi0QsZPf5jM7-6vgL_HjGWn2gjIU=] left vehicle ToyotaHilux rust (id=433FAB918D43143AF328BABE4F036C96 pos=<5614.010254, 28.749638, 5359.593750>)
20:20:27.742 [Party] Player "brailsford40" (id=HQAtXFe6fZZL90M2CD_a22otF9NJ2s4t7n-ol5BAu6o=) joinded the party "DIEHARD" (id=32 ownerUID=JmVdSu0kzNbOpwjpFV-MDcMB-Equ3yPY-l-COMb6HgY= ownerName=Nick Leadbeatter)
21:42:41.492 [Safezone] Player "tylerdurden096" (id=oftIe_HaFxYr8gtWi0QsZPf5jM7-6vgL_HjGWn2gjIU= pos=<5614.454590, 28.848877, 5357.064453>) Entered the safezone
21:44:27.187 [VehicleCarKey] Player "tylerdurden096" (id=oftIe_HaFxYr8gtWi0QsZPf5jM7-6vgL_HjGWn2gjIU= pos=<5616.219727, 28.854076, 5358.269531>) used the  ExpansionCarKey to lock ToyotaHilux_rust (id=433FAB918D43143AF328BABE4F036C96 pos=<5614.006348, 28.747671, 5359.598633>)
21:44:52.390 [ATM] Player "tylerdurden096" (id=oftIe_HaFxYr8gtWi0QsZPf5jM7-6vgL_HjGWn2gjIU=) has withdrawn 100000 from his ATM account.
21:45:51.960 [Market] Player "tylerdurden096" (id=oftIe_HaFxYr8gtWi0QsZPf5jM7-6vgL_HjGWn2gjIU=) has send a requested to purchase vss x1 from the trader "Weapons (Oliver [WEAPONS])" in market zone "The Holler" (pos=<5632.000000, 32.000000, 5392.000000>).
21:45:52.031 [Market] Player "tylerdurden096" (id=oftIe_HaFxYr8gtWi0QsZPf5jM7-6vgL_HjGWn2gjIU=) has bought vss x1 from the trader "Weapons (Oliver [WEAPONS])" in market zone "The Holler" (pos=<5632.000000, 32.000000, 5392.000000>) for a price of 11600.
21:46:06.718 [Market] Player "tylerdurden096" (id=oftIe_HaFxYr8gtWi0QsZPf5jM7-6vgL_HjGWn2gjIU=) has send a requested to sell vss x1 at the trader "Weapons (Oliver [WEAPONS])" in market zone "The Holler" (pos=<5632.000000, 32.000000, 5392.000000>).
21:46:06.843 [Market] Player "tylerdurden096" (id=oftIe_HaFxYr8gtWi0QsZPf5jM7-6vgL_HjGWn2gjIU=) has sold vss x1 at the trader "Weapons (Oliver [WEAPONS])" in market zone "The Holler" (pos=<5632.000000, 32.000000, 5392.000000>) and got 8700.
21:46:26.250 [MissionAirdrop] An airdrop is heading towards "Oldfield" (pos=<6117.000000, 0.000000, 7004.000000> type=Random_Oldfield) with a ExpansionAirdropContainer_Medical
21:46:36.210 [Market] Player "tylerdurden096" (id=oftIe_HaFxYr8gtWi0QsZPf5jM7-6vgL_HjGWn2gjIU=) has send a requested to purchase svd x1 from the trader "Weapons (Oliver [WEAPONS])" in market zone "The Holler" (pos=<5632.000000, 32.000000, 5392.000000>).
21:46:36.328 [Market] Player "tylerdurden096" (id=oftIe_HaFxYr8gtWi0QsZPf5jM7-6vgL_HjGWn2gjIU=) has bought svd x1 from the trader "Weapons (Oliver [WEAPONS])" in market zone "The Holler" (pos=<5632.000000, 32.000000, 5392.000000>) for a price of 12000.
21:49:59.062 [Market] Player "tylerdurden096" (id=oftIe_HaFxYr8gtWi0QsZPf5jM7-6vgL_HjGWn2gjIU=) has send a requested to sell svd x1 at the trader "Weapons (Oliver [WEAPONS])" in market zone "The Holler" (pos=<5632.000000, 32.000000, 5392.000000>).
21:49:59.132 [Market] Player "tylerdurden096" (id=oftIe_HaFxYr8gtWi0QsZPf5jM7-6vgL_HjGWn2gjIU=) has sold svd x1 at the trader "Weapons (Oliver [WEAPONS])" in market zone "The Holler" (pos=<5632.000000, 32.000000, 5392.000000>) and got 9000.
21:58:37.898 [Market] Player "tylerdurden096" (id=oftIe_HaFxYr8gtWi0QsZPf5jM7-6vgL_HjGWn2gjIU=) has send a requested to purchase ghilliehood_tan x1 from the trader "Clothing_Accessories (Elias [CLOTHING & ACCESSORIES])" in market zone "The Holler" (pos=<5632.000000, 32.000000, 5392.000000>).
21:58:37.976 [Market] Player "tylerdurden096" (id=oftIe_HaFxYr8gtWi0QsZPf5jM7-6vgL_HjGWn2gjIU=) has bought ghilliehood_tan x1 from the trader "Clothing_Accessories (Elias [CLOTHING & ACCESSORIES])" in market zone "The Holler" (pos=<5632.000000, 32.000000, 5392.000000>) for a price of 2200.
21:58:39.867 [Market] Player "tylerdurden096" (id=oftIe_HaFxYr8gtWi0QsZPf5jM7-6vgL_HjGWn2gjIU=) has send a requested to purchase ghillietop_tan x1 from the trader "Clothing_Accessories (Elias [CLOTHING & ACCESSORIES])" in market zone "The Holler" (pos=<5632.000000, 32.000000, 5392.000000>).
21:58:39.945 [Market] Player "tylerdurden096" (id=oftIe_HaFxYr8gtWi0QsZPf5jM7-6vgL_HjGWn2gjIU=) has bought ghillietop_tan x1 from the trader "Clothing_Accessories (Elias [CLOTHING & ACCESSORIES])" in market zone "The Holler" (pos=<5632.000000, 32.000000, 5392.000000>) for a price of 6000.
21:58:42.046 [Market] Player "tylerdurden096" (id=oftIe_HaFxYr8gtWi0QsZPf5jM7-6vgL_HjGWn2gjIU=) has send a requested to purchase ghilliesuit_tan x1 from the trader "Clothing_Accessories (Elias [CLOTHING & ACCESSORIES])" in market zone "The Holler" (pos=<5632.000000, 32.000000, 5392.000000>).
21:58:42.132 [Market] Player "tylerdurden096" (id=oftIe_HaFxYr8gtWi0QsZPf5jM7-6vgL_HjGWn2gjIU=) has bought ghilliesuit_tan x1 from the trader "Clothing_Accessories (Elias [CLOTHING & ACCESSORIES])" in market zone "The Holler" (pos=<5632.000000, 32.000000, 5392.000000>) for a price of 10000.
21:58:44.859 [Market] Player "tylerdurden096" (id=oftIe_HaFxYr8gtWi0QsZPf5jM7-6vgL_HjGWn2gjIU=) has send a requested to sell ghilliesuit_tan x1 at the trader "Clothing_Accessories (Elias [CLOTHING & ACCESSORIES])" in market zone "The Holler" (pos=<5632.000000, 32.000000, 5392.000000>).
21:58:44.960 [Market] Player "tylerdurden096" (id=oftIe_HaFxYr8gtWi0QsZPf5jM7-6vgL_HjGWn2gjIU=) has sold ghilliesuit_tan x1 at the trader "Clothing_Accessories (Elias [CLOTHING & ACCESSORIES])" in market zone "The Holler" (pos=<5632.000000, 32.000000, 5392.000000>) and got 7500.
21:58:46.609 [Market] Player "tylerdurden096" (id=oftIe_HaFxYr8gtWi0QsZPf5jM7-6vgL_HjGWn2gjIU=) has send a requested to sell ghilliehood_tan x1 at the trader "Clothing_Accessories (Elias [CLOTHING & ACCESSORIES])" in market zone "The Holler" (pos=<5632.000000, 32.000000, 5392.000000>).
21:58:46.679 [Market] Player "tylerdurden096" (id=oftIe_HaFxYr8gtWi0QsZPf5jM7-6vgL_HjGWn2gjIU=) has sold ghilliehood_tan x1 at the trader "Clothing_Accessories (Elias [CLOTHING & ACCESSORIES])" in market zone "The Holler" (pos=<5632.000000, 32.000000, 5392.000000>) and got 1650.
21:58:49.632 [Market] Player "tylerdurden096" (id=oftIe_HaFxYr8gtWi0QsZPf5jM7-6vgL_HjGWn2gjIU=) has send a requested to sell ghillietop_tan x1 at the trader "Clothing_Accessories (Elias [CLOTHING & ACCESSORIES])" in market zone "The Holler" (pos=<5632.000000, 32.000000, 5392.000000>).
21:58:49.726 [Market] Player "tylerdurden096" (id=oftIe_HaFxYr8gtWi0QsZPf5jM7-6vgL_HjGWn2gjIU=) has sold ghillietop_tan x1 at the trader "Clothing_Accessories (Elias [CLOTHING & ACCESSORIES])" in market zone "The Holler" (pos=<5632.000000, 32.000000, 5392.000000>) and got 4500.
21:59:10.234 [Market] Player "tylerdurden096" (id=oftIe_HaFxYr8gtWi0QsZPf5jM7-6vgL_HjGWn2gjIU=) has send a requested to purchase ghilliesuit_woodland x1 from the trader "Clothing_Accessories (Elias [CLOTHING & ACCESSORIES])" in market zone "The Holler" (pos=<5632.000000, 32.000000, 5392.000000>).
21:59:10.312 [Market] Player "tylerdurden096" (id=oftIe_HaFxYr8gtWi0QsZPf5jM7-6vgL_HjGWn2gjIU=) has bought ghilliesuit_woodland x1 from the trader "Clothing_Accessories (Elias [CLOTHING & ACCESSORIES])" in market zone "The Holler" (pos=<5632.000000, 32.000000, 5392.000000>) for a price of 10000.
21:59:16.562 [Market] Player "tylerdurden096" (id=oftIe_HaFxYr8gtWi0QsZPf5jM7-6vgL_HjGWn2gjIU=) has send a requested to purchase ghilliebushrag_woodland x1 from the trader "Clothing_Accessories (Elias [CLOTHING & ACCESSORIES])" in market zone "The Holler" (pos=<5632.000000, 32.000000, 5392.000000>).
21:59:16.632 [Market] Player "tylerdurden096" (id=oftIe_HaFxYr8gtWi0QsZPf5jM7-6vgL_HjGWn2gjIU=) has bought ghilliebushrag_woodland x1 from the trader "Clothing_Accessories (Elias [CLOTHING & ACCESSORIES])" in market zone "The Holler" (pos=<5632.000000, 32.000000, 5392.000000>) for a price of 4000.
21:59:17.046 [Market] Player "tylerdurden096" (id=oftIe_HaFxYr8gtWi0QsZPf5jM7-6vgL_HjGWn2gjIU=) has send a requested to purchase ghilliehood_woodland x1 from the trader "Clothing_Accessories (Elias [CLOTHING & ACCESSORIES])" in market zone "The Holler" (pos=<5632.000000, 32.000000, 5392.000000>).
21:59:17.125 [Market] Player "tylerdurden096" (id=oftIe_HaFxYr8gtWi0QsZPf5jM7-6vgL_HjGWn2gjIU=) has bought ghilliehood_woodland x1 from the trader "Clothing_Accessories (Elias [CLOTHING & ACCESSORIES])" in market zone "The Holler" (pos=<5632.000000, 32.000000, 5392.000000>) for a price of 2200.
21:59:17.609 [Market] Player "tylerdurden096" (id=oftIe_HaFxYr8gtWi0QsZPf5jM7-6vgL_HjGWn2gjIU=) has send a requested to purchase ghillietop_woodland x1 from the trader "Clothing_Accessories (Elias [CLOTHING & ACCESSORIES])" in market zone "The Holler" (pos=<5632.000000, 32.000000, 5392.000000>).
21:59:17.679 [Market] Player "tylerdurden096" (id=oftIe_HaFxYr8gtWi0QsZPf5jM7-6vgL_HjGWn2gjIU=) has bought ghillietop_woodland x1 from the trader "Clothing_Accessories (Elias [CLOTHING & ACCESSORIES])" in market zone "The Holler" (pos=<5632.000000, 32.000000, 5392.000000>) for a price of 6000.
22:01:52.812 [VehicleCarKey] Player "tylerdurden096" (id=oftIe_HaFxYr8gtWi0QsZPf5jM7-6vgL_HjGWn2gjIU= pos=<5617.760254, 28.722498, 5361.181641>) used the  ExpansionCarKey to unlock ToyotaHilux_rust (id=433FAB918D43143AF328BABE4F036C96 pos=<5614.006348, 28.747671, 5359.598633>)
22:04:36.726 [Market] Player "tylerdurden096" (id=oftIe_HaFxYr8gtWi0QsZPf5jM7-6vgL_HjGWn2gjIU=) has send a requested to purchase blowtorch x1 from the trader "BuildingSupplies (Indar [BUILDINGS])" in market zone "The Holler" (pos=<5632.000000, 32.000000, 5392.000000>).
22:04:36.820 [Market] Player "tylerdurden096" (id=oftIe_HaFxYr8gtWi0QsZPf5jM7-6vgL_HjGWn2gjIU=) has bought blowtorch x1 from the trader "BuildingSupplies (Indar [BUILDINGS])" in market zone "The Holler" (pos=<5632.000000, 32.000000, 5392.000000>) for a price of 330.
22:04:38.164 [Market] Player "tylerdurden096" (id=oftIe_HaFxYr8gtWi0QsZPf5jM7-6vgL_HjGWn2gjIU=) has send a requested to purchase expansionpropanetorch x1 from the trader "BuildingSupplies (Indar [BUILDINGS])" in market zone "The Holler" (pos=<5632.000000, 32.000000, 5392.000000>).
22:04:38.257 [Market] Player "tylerdurden096" (id=oftIe_HaFxYr8gtWi0QsZPf5jM7-6vgL_HjGWn2gjIU=) has bought expansionpropanetorch x1 from the trader "BuildingSupplies (Indar [BUILDINGS])" in market zone "The Holler" (pos=<5632.000000, 32.000000, 5392.000000>) for a price of 250.
22:04:41.250 [Market] Player "tylerdurden096" (id=oftIe_HaFxYr8gtWi0QsZPf5jM7-6vgL_HjGWn2gjIU=) has send a requested to purchase sledgehammer x1 from the trader "BuildingSupplies (Indar [BUILDINGS])" in market zone "The Holler" (pos=<5632.000000, 32.000000, 5392.000000>).
22:04:41.328 [Market] Player "tylerdurden096" (id=oftIe_HaFxYr8gtWi0QsZPf5jM7-6vgL_HjGWn2gjIU=) has bought sledgehammer x1 from the trader "BuildingSupplies (Indar [BUILDINGS])" in market zone "The Holler" (pos=<5632.000000, 32.000000, 5392.000000>) for a price of 12.
22:04:44.898 [Market] Player "tylerdurden096" (id=oftIe_HaFxYr8gtWi0QsZPf5jM7-6vgL_HjGWn2gjIU=) has send a requested to purchase largegascanister x1 from the trader "BuildingSupplies (Indar [BUILDINGS])" in market zone "The Holler" (pos=<5632.000000, 32.000000, 5392.000000>).
22:04:44.960 [Market] Player "tylerdurden096" (id=oftIe_HaFxYr8gtWi0QsZPf5jM7-6vgL_HjGWn2gjIU=) has bought largegascanister x1 from the trader "BuildingSupplies (Indar [BUILDINGS])" in market zone "The Holler" (pos=<5632.000000, 32.000000, 5392.000000>) for a price of 200.
22:04:45.820 [Market] Player "tylerdurden096" (id=oftIe_HaFxYr8gtWi0QsZPf5jM7-6vgL_HjGWn2gjIU=) has send a requested to purchase largegascanister x1 from the trader "BuildingSupplies (Indar [BUILDINGS])" in market zone "The Holler" (pos=<5632.000000, 32.000000, 5392.000000>).
22:04:45.914 [Market] Player "tylerdurden096" (id=oftIe_HaFxYr8gtWi0QsZPf5jM7-6vgL_HjGWn2gjIU=) has bought largegascanister x1 from the trader "BuildingSupplies (Indar [BUILDINGS])" in market zone "The Holler" (pos=<5632.000000, 32.000000, 5392.000000>) for a price of 200.
22:04:50.226 [Market] Player "tylerdurden096" (id=oftIe_HaFxYr8gtWi0QsZPf5jM7-6vgL_HjGWn2gjIU=) has send a requested to purchase smallgascanister x1 from the trader "BuildingSupplies (Indar [BUILDINGS])" in market zone "The Holler" (pos=<5632.000000, 32.000000, 5392.000000>).
22:04:50.304 [Market] Player "tylerdurden096" (id=oftIe_HaFxYr8gtWi0QsZPf5jM7-6vgL_HjGWn2gjIU=) has bought smallgascanister x1 from the trader "BuildingSupplies (Indar [BUILDINGS])" in market zone "The Holler" (pos=<5632.000000, 32.000000, 5392.000000>) for a price of 80.
22:04:50.507 [Market] Player "tylerdurden096" (id=oftIe_HaFxYr8gtWi0QsZPf5jM7-6vgL_HjGWn2gjIU=) has send a requested to purchase smallgascanister x1 from the trader "BuildingSupplies (Indar [BUILDINGS])" in market zone "The Holler" (pos=<5632.000000, 32.000000, 5392.000000>).
22:04:50.601 [Market] Player "tylerdurden096" (id=oftIe_HaFxYr8gtWi0QsZPf5jM7-6vgL_HjGWn2gjIU=) has bought smallgascanister x1 from the trader "BuildingSupplies (Indar [BUILDINGS])" in market zone "The Holler" (pos=<5632.000000, 32.000000, 5392.000000>) for a price of 80.
22:05:58.046 [VehicleEnter] Player tylerdurden096 [uid=oftIe_HaFxYr8gtWi0QsZPf5jM7-6vgL_HjGWn2gjIU=] entered vehicle ToyotaHilux rust (id=433FAB918D43143AF328BABE4F036C96 pos=<5613.997559, 28.748899, 5359.608398>) as driver
22:06:00.789 [VehicleEngine] Player tylerdurden096 [uid=oftIe_HaFxYr8gtWi0QsZPf5jM7-6vgL_HjGWn2gjIU=] started vehicle ToyotaHilux rust (id=433FAB918D43143AF328BABE4F036C96 pos=<5613.979492, 28.745579, 5359.630371>)
22:06:48.414 [VehicleLeave] Player tylerdurden096 [uid=oftIe_HaFxYr8gtWi0QsZPf5jM7-6vgL_HjGWn2gjIU=] left vehicle ToyotaHilux rust (id=433FAB918D43143AF328BABE4F036C96 pos=<5602.037598, 28.749992, 5349.743652>)
22:07:47.257 [ATM] Player "tylerdurden096" (id=oftIe_HaFxYr8gtWi0QsZPf5jM7-6vgL_HjGWn2gjIU=) has withdrawn 40000 from his ATM account.
22:08:05.804 [Market] Player "tylerdurden096" (id=oftIe_HaFxYr8gtWi0QsZPf5jM7-6vgL_HjGWn2gjIU=) has send a requested to purchase zil130_rust x1 from the trader "Vehicles (Lewis [VEHICLES])" in market zone "The Holler" (pos=<5632.000000, 32.000000, 5392.000000>).
22:08:05.882 [VehicleDeleted] ZIL130_rust (id=97315FE11346F457F5352581C254FD92 pos=<-0.004228, 0.966361, 0.226036>)
22:08:05.890 [Market] Player "tylerdurden096" (id=oftIe_HaFxYr8gtWi0QsZPf5jM7-6vgL_HjGWn2gjIU=) has bought zil130_rust x1 from the trader "Vehicles (Lewis [VEHICLES])" in market zone "The Holler" (pos=<5632.000000, 32.000000, 5392.000000>) for a price of 99050.
22:08:51.468 [VehicleCarKey] Player "tylerdurden096" (id=oftIe_HaFxYr8gtWi0QsZPf5jM7-6vgL_HjGWn2gjIU= pos=<5603.541992, 28.722498, 5359.309082>) used the  ExpansionCarKey to unlock ZIL130_rust (id=7F89EF27C54E134421C00196AE4B3B0C pos=<5601.283691, 28.433222, 5358.128418>)
22:09:18.960 [VehicleAttachments] Player tylerdurden096 (uid=oftIe_HaFxYr8gtWi0QsZPf5jM7-6vgL_HjGWn2gjIU=) detached Front wheel Zil 130 (type=ZIL130_Wheel) from vehicle ZIL 130 Rust(id=7F89EF27C54E134421C00196AE4B3B0C pos=<5601.283691, 28.433222, 5358.128418>)
22:10:02.289 [VehicleCarKey] Player "tylerdurden096" (id=oftIe_HaFxYr8gtWi0QsZPf5jM7-6vgL_HjGWn2gjIU= pos=<5602.837402, 28.722496, 5360.048828>) used the  ExpansionCarKey to lock ZIL130_rust (id=7F89EF27C54E134421C00196AE4B3B0C pos=<5601.276855, 28.433226, 5358.131836>)
22:10:13.789 [VehicleCarKey] Player "tylerdurden096" (id=oftIe_HaFxYr8gtWi0QsZPf5jM7-6vgL_HjGWn2gjIU= pos=<5602.864258, 28.830143, 5348.011230>) used the  ExpansionCarKey to lock ToyotaHilux_rust (id=433FAB918D43143AF328BABE4F036C96 pos=<5602.039551, 28.750122, 5349.740723>)
22:41:10.179 [Party] Player "brailsford40" (id=HQAtXFe6fZZL90M2CD_a22otF9NJ2s4t7n-ol5BAu6o=) left the party "DIEHARD" (id=32 ownerUID=JmVdSu0kzNbOpwjpFV-MDcMB-Equ3yPY-l-COMb6HgY= ownerName=Nick Leadbeatter)
23:25:41.406 [AI Patrol] Spawning 3 Camp Bear Patrol bots at <8723.372070, 12.696855, 6040.630371>
23:27:04.734 [SpawnSelection] Player "Mansbridge" (id=QM7LViVt5sZd0hja19cF2rW2mCNEG7w2k3AFdalcF50=) spawned at <7680.490234, 10.688700, 3935.590088>
