06:01:29.689 [Safezone] Player "Mansbridge" (id=QM7LViVt5sZd0hja19cF2rW2mCNEG7w2k3AFdalcF50= pos=<5635.105469, 29.753832, 5376.375488>) Entered the safezone
06:01:29.699 [Expansion Quests] - InitQuestSystemClient - Loaded existing player quest data for player with UID: QM7LViVt5sZd0hja19cF2rW2mCNEG7w2k3AFdalcF50=
06:01:29.699 [Expansion Quests] - LoadGroupQuestData - Created new persistent group quest data for group with ID: -1
06:02:54.462 [Party] Player "TomInTheNorth" (id=qD1dO4Xthw_yK-reAyR_a51VmE_30ATNiMf9gwL8oGM=) joinded the party "DIEHARD" (id=32 ownerUID=JmVdSu0kzNbOpwjpFV-MDcMB-Equ3yPY-l-COMb6HgY= ownerName=Nick Leadbeatter)
06:02:54.470 [Expansion Quests] - InitQuestSystemClient - Loaded existing player quest data for player with UID: qD1dO4Xthw_yK-reAyR_a51VmE_30ATNiMf9gwL8oGM=
06:02:54.470 [Expansion Quests] - LoadGroupQuestData - Loaded existing group quest data for group with ID: 32
06:02:54.470 [Expansion Quests] - Create new quest instance for quest: 16 - Player UID: qD1dO4Xthw_yK-reAyR_a51VmE_30ATNiMf9gwL8oGM=
06:02:55.433 [Expansion Quests] - LoadGroupQuestData - Got cached group quest data for group with ID: 32
06:03:31.423 [Party] Player "Nick Leadbeatter" (id=JmVdSu0kzNbOpwjpFV-MDcMB-Equ3yPY-l-COMb6HgY=) joinded the party "DIEHARD" (id=32 ownerUID=JmVdSu0kzNbOpwjpFV-MDcMB-Equ3yPY-l-COMb6HgY= ownerName=Nick Leadbeatter)
06:03:31.429 [Expansion Quests] - InitQuestSystemClient - Loaded existing player quest data for player with UID: JmVdSu0kzNbOpwjpFV-MDcMB-Equ3yPY-l-COMb6HgY=
06:03:31.429 [Expansion Quests] - LoadGroupQuestData - Got cached group quest data for group with ID: 32
06:03:32.390 [Expansion Quests] - LoadGroupQuestData - Got cached group quest data for group with ID: 32
06:04:09.324 [AI Patrol] Spawning 3 Temple Patrol bots at <431.527710, 47.070000, 826.292236>
06:04:09.419 [AI Patrol] Spawning 3 Temple Patrol bots at <316.951599, 47.070000, 760.250244>
06:04:09.429 [AI Patrol] Spawning 3 Temple Patrol bots at <337.827240, 47.070000, 799.219604>
06:04:11.031 [VehicleEnter] Player Mansbridge [uid=QM7LViVt5sZd0hja19cF2rW2mCNEG7w2k3AFdalcF50=] entered vehicle ToyotaHilux rust (id=EE126C3D5244B7991B116CA54AA405A2 pos=<5601.255371, 28.714754, 5357.909180>) as driver
06:04:15.429 [VehicleEngine] Player Mansbridge [uid=QM7LViVt5sZd0hja19cF2rW2mCNEG7w2k3AFdalcF50=] started vehicle ToyotaHilux rust (id=EE126C3D5244B7991B116CA54AA405A2 pos=<5601.255371, 28.714752, 5357.908691>)
06:04:34.054 [VehicleEngine] Player Mansbridge [uid=QM7LViVt5sZd0hja19cF2rW2mCNEG7w2k3AFdalcF50=] stopped vehicle ToyotaHilux rust (id=EE126C3D5244B7991B116CA54AA405A2 pos=<5638.805664, 28.712181, 5375.295410>)
06:04:37.589 [VehicleLeave] Player Mansbridge [uid=QM7LViVt5sZd0hja19cF2rW2mCNEG7w2k3AFdalcF50=] left vehicle ToyotaHilux rust (id=EE126C3D5244B7991B116CA54AA405A2 pos=<5638.804199, 28.712210, 5375.296875>)
06:05:03.699 [Market] Player "Mansbridge" (id=QM7LViVt5sZd0hja19cF2rW2mCNEG7w2k3AFdalcF50=) has send a requested to sell weaponcleaningkit x1 at the trader "BuildingSupplies (Indar [BUILDINGS])" in market zone "The Holler" (pos=<5632.000000, 32.000000, 5392.000000>).
06:05:03.796 [Market] Player "Mansbridge" (id=QM7LViVt5sZd0hja19cF2rW2mCNEG7w2k3AFdalcF50=) has sold weaponcleaningkit x1 at the trader "BuildingSupplies (Indar [BUILDINGS])" in market zone "The Holler" (pos=<5632.000000, 32.000000, 5392.000000>) and got 31.
06:05:20.847 [ATM] Player "Mansbridge" (id=QM7LViVt5sZd0hja19cF2rW2mCNEG7w2k3AFdalcF50=) has withdrawn 2000 from his ATM account.
06:05:41.566 [Market] Player "Mansbridge" (id=QM7LViVt5sZd0hja19cF2rW2mCNEG7w2k3AFdalcF50=) has send a requested to purchase camonet x1 from the trader "BuildingSupplies (Indar [BUILDINGS])" in market zone "The Holler" (pos=<5632.000000, 32.000000, 5392.000000>).
06:05:41.699 [Market] Player "Mansbridge" (id=QM7LViVt5sZd0hja19cF2rW2mCNEG7w2k3AFdalcF50=) has bought camonet x1 from the trader "BuildingSupplies (Indar [BUILDINGS])" in market zone "The Holler" (pos=<5632.000000, 32.000000, 5392.000000>) for a price of 600.
06:05:45.150 [Market] Player "Mansbridge" (id=QM7LViVt5sZd0hja19cF2rW2mCNEG7w2k3AFdalcF50=) has send a requested to purchase weaponcleaningkit x1 from the trader "BuildingSupplies (Indar [BUILDINGS])" in market zone "The Holler" (pos=<5632.000000, 32.000000, 5392.000000>).
06:05:45.238 [Market] Player "Mansbridge" (id=QM7LViVt5sZd0hja19cF2rW2mCNEG7w2k3AFdalcF50=) has bought weaponcleaningkit x1 from the trader "BuildingSupplies (Indar [BUILDINGS])" in market zone "The Holler" (pos=<5632.000000, 32.000000, 5392.000000>) for a price of 280.
06:06:29.730 [ATM] Player "Mansbridge" (id=QM7LViVt5sZd0hja19cF2rW2mCNEG7w2k3AFdalcF50=) has withdrawn 5000 from his ATM account.
06:06:39.941 [Market] Player "Mansbridge" (id=QM7LViVt5sZd0hja19cF2rW2mCNEG7w2k3AFdalcF50=) has send a requested to purchase expansiongunrack x1 from the trader "BuildingSupplies (Indar [BUILDINGS])" in market zone "The Holler" (pos=<5632.000000, 32.000000, 5392.000000>).
06:06:40.058 [Market] Player "Mansbridge" (id=QM7LViVt5sZd0hja19cF2rW2mCNEG7w2k3AFdalcF50=) has bought expansiongunrack x1 from the trader "BuildingSupplies (Indar [BUILDINGS])" in market zone "The Holler" (pos=<5632.000000, 32.000000, 5392.000000>) for a price of 3500.
06:07:05.089 [VehicleEnter] Player Mansbridge [uid=QM7LViVt5sZd0hja19cF2rW2mCNEG7w2k3AFdalcF50=] entered vehicle ToyotaHilux rust (id=EE126C3D5244B7991B116CA54AA405A2 pos=<5638.803223, 28.712223, 5375.297363>) as driver
06:07:08.343 [VehicleEngine] Player Mansbridge [uid=QM7LViVt5sZd0hja19cF2rW2mCNEG7w2k3AFdalcF50=] started vehicle ToyotaHilux rust (id=EE126C3D5244B7991B116CA54AA405A2 pos=<5638.803223, 28.712236, 5375.297363>)
06:07:52.839 [VehicleEngine] Player Mansbridge [uid=QM7LViVt5sZd0hja19cF2rW2mCNEG7w2k3AFdalcF50=] stopped vehicle ToyotaHilux rust (id=EE126C3D5244B7991B116CA54AA405A2 pos=<5635.105469, 28.470121, 5340.805176>)
06:07:55.976 [VehicleLeave] Player Mansbridge [uid=QM7LViVt5sZd0hja19cF2rW2mCNEG7w2k3AFdalcF50=] left vehicle ToyotaHilux rust (id=EE126C3D5244B7991B116CA54AA405A2 pos=<5635.102051, 28.470085, 5340.804688>)
06:08:24.173 [VehicleAttachments] Player Mansbridge (uid=QM7LViVt5sZd0hja19cF2rW2mCNEG7w2k3AFdalcF50=) detached Barrel (type=Barrel_Yellow) from vehicle ToyotaHilux rust(id=EE126C3D5244B7991B116CA54AA405A2 pos=<5635.105957, 28.470135, 5340.805176>)
06:08:42.972 [VehicleEnter] Player Mansbridge [uid=QM7LViVt5sZd0hja19cF2rW2mCNEG7w2k3AFdalcF50=] entered vehicle ToyotaHilux rust (id=EE126C3D5244B7991B116CA54AA405A2 pos=<5635.104492, 28.470093, 5340.804688>) as driver
06:08:50.330 [VehicleEngine] Player Mansbridge [uid=QM7LViVt5sZd0hja19cF2rW2mCNEG7w2k3AFdalcF50=] started vehicle ToyotaHilux rust (id=EE126C3D5244B7991B116CA54AA405A2 pos=<5635.107422, 28.470123, 5340.805176>)
06:09:16.880 [Safezone] Player "Mansbridge" (id=QM7LViVt5sZd0hja19cF2rW2mCNEG7w2k3AFdalcF50= pos=<5711.599121, 29.445499, 5226.968750>) Left the safezone
06:09:59.832 [VehicleCarKey] Player "TomInTheNorth" (id=qD1dO4Xthw_yK-reAyR_a51VmE_30ATNiMf9gwL8oGM= pos=<10862.962891, 5.543685, 10479.205078>) used the  ExpansionCarKey to unlock HAMMER_H1_rust (id=24EF1FDCEA455CE3C5A4B8B8475EE88F pos=<10864.959961, 5.583704, 10479.855469>)
06:10:12.472 [VehicleEnter] Player TomInTheNorth [uid=qD1dO4Xthw_yK-reAyR_a51VmE_30ATNiMf9gwL8oGM=] entered vehicle HAMMER_H1 rust (id=24EF1FDCEA455CE3C5A4B8B8475EE88F pos=<10864.959961, 5.583704, 10479.855469>) as passenger
06:10:15.232 [VehicleEnter] Player Nick Leadbeatter [uid=JmVdSu0kzNbOpwjpFV-MDcMB-Equ3yPY-l-COMb6HgY=] entered vehicle HAMMER_H1 rust (id=24EF1FDCEA455CE3C5A4B8B8475EE88F pos=<10864.958984, 5.584095, 10479.855469>) as driver
06:10:19.884 [VehicleEngine] Player Mansbridge [uid=QM7LViVt5sZd0hja19cF2rW2mCNEG7w2k3AFdalcF50=] stopped vehicle ToyotaHilux rust (id=EE126C3D5244B7991B116CA54AA405A2 pos=<6027.407715, 12.976557, 4993.975098>)
06:10:22.197 [VehicleEngine] Player Nick Leadbeatter [uid=JmVdSu0kzNbOpwjpFV-MDcMB-Equ3yPY-l-COMb6HgY=] started vehicle HAMMER_H1 rust (id=24EF1FDCEA455CE3C5A4B8B8475EE88F pos=<10864.958984, 5.584094, 10479.855469>)
06:10:23.646 [VehicleLeave] Player Mansbridge [uid=QM7LViVt5sZd0hja19cF2rW2mCNEG7w2k3AFdalcF50=] left vehicle ToyotaHilux rust (id=EE126C3D5244B7991B116CA54AA405A2 pos=<6027.407715, 12.976572, 4993.976074>)
06:10:42.990 [VehicleCarKey] Player "Mansbridge" (id=QM7LViVt5sZd0hja19cF2rW2mCNEG7w2k3AFdalcF50= pos=<6016.311523, 13.025309, 5004.189453>) used the  ExpansionCarKey to unlock HAMMER_H1_black_rust (id=E1A9E95E29460418508849B7D1605D85 pos=<6015.905273, 12.998385, 5007.312500>)
06:13:53.595 [VehicleCarKey] Player "Mansbridge" (id=QM7LViVt5sZd0hja19cF2rW2mCNEG7w2k3AFdalcF50= pos=<6016.811523, 13.023069, 5003.956055>) used the  ExpansionCarKey to lock HAMMER_H1_black_rust (id=E1A9E95E29460418508849B7D1605D85 pos=<6015.905273, 12.998385, 5007.312500>)
06:15:36.240 [VehicleCarKey] Player "Mansbridge" (id=QM7LViVt5sZd0hja19cF2rW2mCNEG7w2k3AFdalcF50= pos=<6026.682617, 13.016419, 4995.606934>) used the  ExpansionCarKey to lock ToyotaHilux_rust (id=EE126C3D5244B7991B116CA54AA405A2 pos=<6027.407227, 12.976579, 4993.976563>)
06:16:31.160 [MissionAirdrop] An airdrop is heading towards "Stonington" (pos=<6973.000000, 0.000000, 1701.000000> type=Random_Stonington) with a ExpansionAirdropContainer_Military
06:17:42.277 [AI Patrol] Spawning 3 Power Plant Patrol bots at <4770.452148, 20.430000, 7039.644531>
06:22:09.390 [Safezone] Player "Nick Leadbeatter" (id=JmVdSu0kzNbOpwjpFV-MDcMB-Equ3yPY-l-COMb6HgY= pos=<5662.508789, 29.812450, 5524.082031>) Entered the safezone
06:22:09.390 [Safezone] Player "TomInTheNorth" (id=qD1dO4Xthw_yK-reAyR_a51VmE_30ATNiMf9gwL8oGM= pos=<5662.273926, 29.805265, 5524.958008>) Entered the safezone
06:22:26.578 [VehicleLeave] Player TomInTheNorth [uid=qD1dO4Xthw_yK-reAyR_a51VmE_30ATNiMf9gwL8oGM=] left vehicle HAMMER_H1 rust (id=24EF1FDCEA455CE3C5A4B8B8475EE88F pos=<5663.587891, 28.402761, 5505.211914>)
06:22:49.691 [VehicleCover] Player "TomInTheNorth" (id=qD1dO4Xthw_yK-reAyR_a51VmE_30ATNiMf9gwL8oGM= pos=<5659.803223, 28.365149, 5504.159668>) uncovered vehicle "ExpansionGyrocopter" (GlobalID=80000000800000008000000080028FFA pos=<5659.172363, 28.366354, 5502.904297>)!
06:23:20.177 [VehicleDeleted] ExpansionGyrocopter (id=B34A3396EF4BCCD27269E98CE48B7AFC pos=<5659.171875, 28.367685, 5502.903320>)
06:23:20.177 [VehicleCover] Player "TomInTheNorth" (id=qD1dO4Xthw_yK-reAyR_a51VmE_30ATNiMf9gwL8oGM= pos=<5659.803223, 28.365149, 5504.159668>) covered vehicle "ExpansionGyrocopter" (GlobalID=80000000800000008000000080028FFA pos=<5659.171875, 28.367685, 5502.903320>)!
06:23:36.906 [VehicleLeave] Player Nick Leadbeatter [uid=JmVdSu0kzNbOpwjpFV-MDcMB-Equ3yPY-l-COMb6HgY=] left vehicle HAMMER_H1 rust (id=24EF1FDCEA455CE3C5A4B8B8475EE88F pos=<5672.073730, 28.980129, 5487.939941>)
06:23:51.740 [VehicleCarKey] Player "TomInTheNorth" (id=qD1dO4Xthw_yK-reAyR_a51VmE_30ATNiMf9gwL8oGM= pos=<5671.626953, 28.897839, 5486.541016>) used the  ExpansionCarKey to lock HAMMER_H1_rust (id=24EF1FDCEA455CE3C5A4B8B8475EE88F pos=<5672.073730, 28.980139, 5487.939941>)
06:24:02.417 [VehicleDeleted] HAMMER_H1_rust (id=24EF1FDCEA455CE3C5A4B8B8475EE88F pos=<5672.073730, 28.980139, 5487.939941>)
06:24:02.417 [VehicleCover] Player "TomInTheNorth" (id=qD1dO4Xthw_yK-reAyR_a51VmE_30ATNiMf9gwL8oGM= pos=<5671.593262, 28.891157, 5486.013184>) covered vehicle "HAMMER_H1_rust" (GlobalID=8000000080000000800000008002D036 pos=<5672.073730, 28.980139, 5487.939941>)!
06:24:20.199 [Party] Player "TomInTheNorth" (id=qD1dO4Xthw_yK-reAyR_a51VmE_30ATNiMf9gwL8oGM=) left the party "DIEHARD" (id=32 ownerUID=JmVdSu0kzNbOpwjpFV-MDcMB-Equ3yPY-l-COMb6HgY= ownerName=Nick Leadbeatter)
06:25:22.658 [ATM] Player "Nick Leadbeatter" (id=JmVdSu0kzNbOpwjpFV-MDcMB-Equ3yPY-l-COMb6HgY=) has deposited 12820 on his ATM account.
06:25:52.466 [Party] Player "Nick Leadbeatter" (id=JmVdSu0kzNbOpwjpFV-MDcMB-Equ3yPY-l-COMb6HgY=) left the party "DIEHARD" (id=32 ownerUID=JmVdSu0kzNbOpwjpFV-MDcMB-Equ3yPY-l-COMb6HgY= ownerName=Nick Leadbeatter)
06:51:18.121 [Expansion Quests] - InitQuestSystemClient - Loaded existing player quest data for player with UID: QM7LViVt5sZd0hja19cF2rW2mCNEG7w2k3AFdalcF50=
06:51:18.121 [Expansion Quests] - LoadGroupQuestData - Got cached group quest data for group with ID: -1
06:51:51.048 [VehicleCarKey] Player "Mansbridge" (id=QM7LViVt5sZd0hja19cF2rW2mCNEG7w2k3AFdalcF50= pos=<6026.230469, 13.012940, 4994.923340>) used the  ExpansionCarKey to unlock ToyotaHilux_rust (id=EE126C3D5244B7991B116CA54AA405A2 pos=<6027.407227, 12.976579, 4993.976563>)
06:52:51.789 [VehicleEnter] Player Mansbridge [uid=QM7LViVt5sZd0hja19cF2rW2mCNEG7w2k3AFdalcF50=] entered vehicle ToyotaHilux rust (id=EE126C3D5244B7991B116CA54AA405A2 pos=<6027.407227, 12.976619, 4993.979492>) as driver
06:52:54.890 [VehicleEngine] Player Mansbridge [uid=QM7LViVt5sZd0hja19cF2rW2mCNEG7w2k3AFdalcF50=] started vehicle ToyotaHilux rust (id=EE126C3D5244B7991B116CA54AA405A2 pos=<6027.407227, 12.976619, 4993.979492>)
06:56:52.214 [VehicleEngine] Player Mansbridge [uid=QM7LViVt5sZd0hja19cF2rW2mCNEG7w2k3AFdalcF50=] stopped vehicle ToyotaHilux rust (id=EE126C3D5244B7991B116CA54AA405A2 pos=<7096.214355, 8.366671, 5451.070313>)
06:56:55.867 [VehicleLeave] Player Mansbridge [uid=QM7LViVt5sZd0hja19cF2rW2mCNEG7w2k3AFdalcF50=] left vehicle ToyotaHilux rust (id=EE126C3D5244B7991B116CA54AA405A2 pos=<7096.213867, 8.366695, 5451.070313>)
06:59:15.773 [VehicleEnter] Player Mansbridge [uid=QM7LViVt5sZd0hja19cF2rW2mCNEG7w2k3AFdalcF50=] entered vehicle ToyotaHilux rust (id=EE126C3D5244B7991B116CA54AA405A2 pos=<7096.214844, 8.366671, 5451.070313>) as driver
06:59:19.250 [VehicleEngine] Player Mansbridge [uid=QM7LViVt5sZd0hja19cF2rW2mCNEG7w2k3AFdalcF50=] started vehicle ToyotaHilux rust (id=EE126C3D5244B7991B116CA54AA405A2 pos=<7096.216309, 8.366650, 5451.070313>)
07:09:21.371 [VehicleEngine] Player Mansbridge [uid=QM7LViVt5sZd0hja19cF2rW2mCNEG7w2k3AFdalcF50=] stopped vehicle ToyotaHilux rust (id=EE126C3D5244B7991B116CA54AA405A2 pos=<6501.979004, 31.554766, 2095.299561>)
07:09:26.759 [VehicleLeave] Player Mansbridge [uid=QM7LViVt5sZd0hja19cF2rW2mCNEG7w2k3AFdalcF50=] left vehicle ToyotaHilux rust (id=EE126C3D5244B7991B116CA54AA405A2 pos=<6501.978516, 31.554760, 2095.299072>)
07:10:18.591 [VehicleEnter] Player Mansbridge [uid=QM7LViVt5sZd0hja19cF2rW2mCNEG7w2k3AFdalcF50=] entered vehicle ToyotaHilux rust (id=EE126C3D5244B7991B116CA54AA405A2 pos=<6501.975586, 31.554741, 2095.296631>) as driver
07:10:21.919 [VehicleEngine] Player Mansbridge [uid=QM7LViVt5sZd0hja19cF2rW2mCNEG7w2k3AFdalcF50=] started vehicle ToyotaHilux rust (id=EE126C3D5244B7991B116CA54AA405A2 pos=<6501.978027, 31.554762, 2095.299072>)
07:11:29.406 [VehicleLeave] Player Mansbridge [uid=QM7LViVt5sZd0hja19cF2rW2mCNEG7w2k3AFdalcF50=] left vehicle ToyotaHilux rust (id=EE126C3D5244B7991B116CA54AA405A2 pos=<6521.170410, 31.552351, 1833.817017>)
07:14:16.675 [VehicleEnter] Player Mansbridge [uid=QM7LViVt5sZd0hja19cF2rW2mCNEG7w2k3AFdalcF50=] entered vehicle ToyotaHilux rust (id=EE126C3D5244B7991B116CA54AA405A2 pos=<6521.169922, 31.552347, 1833.816772>) as driver
07:14:19.777 [VehicleEngine] Player Mansbridge [uid=QM7LViVt5sZd0hja19cF2rW2mCNEG7w2k3AFdalcF50=] started vehicle ToyotaHilux rust (id=EE126C3D5244B7991B116CA54AA405A2 pos=<6521.169922, 31.552347, 1833.816772>)
07:15:47.242 [AI Patrol] Spawning 3 Prison Island Patrol bots at <5410.038086, 34.840000, 724.415283>
07:22:28.687 [VehicleEngine] Player Mansbridge [uid=QM7LViVt5sZd0hja19cF2rW2mCNEG7w2k3AFdalcF50=] stopped vehicle ToyotaHilux rust (id=EE126C3D5244B7991B116CA54AA405A2 pos=<7455.440430, 24.982582, 2980.176270>)
07:22:33.417 [VehicleLeave] Player Mansbridge [uid=QM7LViVt5sZd0hja19cF2rW2mCNEG7w2k3AFdalcF50=] left vehicle ToyotaHilux rust (id=EE126C3D5244B7991B116CA54AA405A2 pos=<7455.437500, 24.982622, 2980.176270>)
07:22:53.455 [VehicleEnter] Player Mansbridge [uid=QM7LViVt5sZd0hja19cF2rW2mCNEG7w2k3AFdalcF50=] entered vehicle ToyotaHilux rust (id=EE126C3D5244B7991B116CA54AA405A2 pos=<7455.441406, 24.982573, 2980.176270>) as driver
07:22:59.935 [VehicleEngine] Player Mansbridge [uid=QM7LViVt5sZd0hja19cF2rW2mCNEG7w2k3AFdalcF50=] started vehicle ToyotaHilux rust (id=EE126C3D5244B7991B116CA54AA405A2 pos=<7455.438965, 24.982599, 2980.176270>)
07:27:38.843 [Safezone] Player "Mansbridge" (id=QM7LViVt5sZd0hja19cF2rW2mCNEG7w2k3AFdalcF50= pos=<5674.920898, 33.428284, 5262.261230>) Entered the safezone
07:28:02.693 [VehicleEngine] Player Mansbridge [uid=QM7LViVt5sZd0hja19cF2rW2mCNEG7w2k3AFdalcF50=] stopped vehicle ToyotaHilux rust (id=EE126C3D5244B7991B116CA54AA405A2 pos=<5602.544922, 28.716593, 5358.827148>)
07:28:09.199 [VehicleLeave] Player Mansbridge [uid=QM7LViVt5sZd0hja19cF2rW2mCNEG7w2k3AFdalcF50=] left vehicle ToyotaHilux rust (id=EE126C3D5244B7991B116CA54AA405A2 pos=<5602.546387, 28.716585, 5358.828613>)
07:28:27.501 [Market] Player "Mansbridge" (id=QM7LViVt5sZd0hja19cF2rW2mCNEG7w2k3AFdalcF50=) has send a requested to purchase headlighth7_box x2 from the trader "Vehicles (Lewis [VEHICLES])" in market zone "The Holler" (pos=<5632.000000, 32.000000, 5392.000000>).
07:28:27.587 [Market] Player "Mansbridge" (id=QM7LViVt5sZd0hja19cF2rW2mCNEG7w2k3AFdalcF50=) has bought headlighth7_box x2 from the trader "Vehicles (Lewis [VEHICLES])" in market zone "The Holler" (pos=<5632.000000, 32.000000, 5392.000000>) for a price of 60.
07:29:11.648 [VehicleEnter] Player Mansbridge [uid=QM7LViVt5sZd0hja19cF2rW2mCNEG7w2k3AFdalcF50=] entered vehicle ToyotaHilux rust (id=EE126C3D5244B7991B116CA54AA405A2 pos=<5602.548340, 28.716589, 5358.830078>) as driver
07:29:17.509 [VehicleEngine] Player Mansbridge [uid=QM7LViVt5sZd0hja19cF2rW2mCNEG7w2k3AFdalcF50=] started vehicle ToyotaHilux rust (id=EE126C3D5244B7991B116CA54AA405A2 pos=<5602.545898, 28.716597, 5358.828125>)
07:29:53.687 [VehicleEngine] Player Mansbridge [uid=QM7LViVt5sZd0hja19cF2rW2mCNEG7w2k3AFdalcF50=] stopped vehicle ToyotaHilux rust (id=EE126C3D5244B7991B116CA54AA405A2 pos=<5634.518066, 28.714741, 5373.157227>)
07:29:57.320 [VehicleLeave] Player Mansbridge [uid=QM7LViVt5sZd0hja19cF2rW2mCNEG7w2k3AFdalcF50=] left vehicle ToyotaHilux rust (id=EE126C3D5244B7991B116CA54AA405A2 pos=<5634.516113, 28.714760, 5373.159668>)
07:30:48.927 [VehicleEnter] Player Mansbridge [uid=QM7LViVt5sZd0hja19cF2rW2mCNEG7w2k3AFdalcF50=] entered vehicle ToyotaHilux rust (id=EE126C3D5244B7991B116CA54AA405A2 pos=<5634.517090, 28.714754, 5373.157715>) as driver
07:30:54.130 [VehicleLeave] Player Mansbridge [uid=QM7LViVt5sZd0hja19cF2rW2mCNEG7w2k3AFdalcF50=] left vehicle ToyotaHilux rust (id=EE126C3D5244B7991B116CA54AA405A2 pos=<5634.517090, 28.714756, 5373.158203>)
07:36:07.246 [VehicleEnter] Player Mansbridge [uid=QM7LViVt5sZd0hja19cF2rW2mCNEG7w2k3AFdalcF50=] entered vehicle ToyotaHilux rust (id=EE126C3D5244B7991B116CA54AA405A2 pos=<5634.519531, 28.714739, 5373.155273>) as driver
07:36:09.085 [VehicleEngine] Player Mansbridge [uid=QM7LViVt5sZd0hja19cF2rW2mCNEG7w2k3AFdalcF50=] started vehicle ToyotaHilux rust (id=EE126C3D5244B7991B116CA54AA405A2 pos=<5634.519043, 28.714743, 5373.155273>)
07:36:45.238 [VehicleEngine] Player Mansbridge [uid=QM7LViVt5sZd0hja19cF2rW2mCNEG7w2k3AFdalcF50=] stopped vehicle ToyotaHilux rust (id=EE126C3D5244B7991B116CA54AA405A2 pos=<5675.209473, 29.598217, 5515.533203>)
07:36:50.195 [VehicleLeave] Player Mansbridge [uid=QM7LViVt5sZd0hja19cF2rW2mCNEG7w2k3AFdalcF50=] left vehicle ToyotaHilux rust (id=EE126C3D5244B7991B116CA54AA405A2 pos=<5675.209473, 29.598167, 5515.532715>)
07:36:55.734 [VehicleCarKey] Player "Mansbridge" (id=QM7LViVt5sZd0hja19cF2rW2mCNEG7w2k3AFdalcF50= pos=<5675.482910, 29.659498, 5517.389160>) used the  ExpansionCarKey to lock ToyotaHilux_rust (id=EE126C3D5244B7991B116CA54AA405A2 pos=<5675.209473, 29.598219, 5515.536621>)
07:51:40.791 [Party] Player "Stahlhelm Sturm" (id=Dj-6_aSgGuPVYaq-POeeqvRPr_91gVAi6qp9fgRrqHk=) joinded the party "DIEHARD" (id=32 ownerUID=JmVdSu0kzNbOpwjpFV-MDcMB-Equ3yPY-l-COMb6HgY= ownerName=Nick Leadbeatter)
07:51:40.802 [Expansion Quests] - InitQuestSystemClient - Loaded existing player quest data for player with UID: Dj-6_aSgGuPVYaq-POeeqvRPr_91gVAi6qp9fgRrqHk=
07:51:40.802 [Expansion Quests] - LoadGroupQuestData - Got cached group quest data for group with ID: 32
07:51:41.755 [Expansion Quests] - LoadGroupQuestData - Got cached group quest data for group with ID: 32
08:30:26.097 [Party] Player "Stahlhelm Sturm" (id=Dj-6_aSgGuPVYaq-POeeqvRPr_91gVAi6qp9fgRrqHk=) left the party "DIEHARD" (id=32 ownerUID=JmVdSu0kzNbOpwjpFV-MDcMB-Equ3yPY-l-COMb6HgY= ownerName=Nick Leadbeatter)
10:23:24.460 [Safezone] Player "Lou Sassole" (id=ebo0O4yOjYkK486s9SoqLuFc3tRe1vP1S2eE1IJxhV4= pos=<5653.838379, 28.860308, 5527.045898>) Entered the safezone
10:23:24.460 [Party] Player "Lou Sassole" (id=ebo0O4yOjYkK486s9SoqLuFc3tRe1vP1S2eE1IJxhV4=) joinded the party "Loosey Goosey" (id=28 ownerUID=ebo0O4yOjYkK486s9SoqLuFc3tRe1vP1S2eE1IJxhV4= ownerName=Lou Sassole)
10:23:24.472 [Expansion Quests] - InitQuestSystemClient - Loaded existing player quest data for player with UID: ebo0O4yOjYkK486s9SoqLuFc3tRe1vP1S2eE1IJxhV4=
10:23:24.472 [Expansion Quests] - LoadGroupQuestData - Loaded existing group quest data for group with ID: 28
10:23:25.421 [Expansion Quests] - LoadGroupQuestData - Got cached group quest data for group with ID: 28
10:23:28.316 [MissionAirdrop] An airdrop is heading towards "Georgstown" (pos=<4522.000000, 0.000000, 4370.000000> type=Random_Georgstown) with a ExpansionAirdropContainer_Military
10:25:05.484 [Safezone] Player "Lou Sassole" (id=ebo0O4yOjYkK486s9SoqLuFc3tRe1vP1S2eE1IJxhV4= pos=<5633.696777, 27.935820, 5553.845215>) Left the safezone
10:25:09.078 [VehicleCover] Player "Lou Sassole" (id=ebo0O4yOjYkK486s9SoqLuFc3tRe1vP1S2eE1IJxhV4= pos=<5633.696777, 27.935820, 5553.845215>) uncovered vehicle "HAMMER_H1_black_rust" (GlobalID=8000000080000000800000008001831F pos=<5630.503418, 27.899208, 5555.333984>)!
10:25:20.085 [VehicleCarKey] Player "Lou Sassole" (id=ebo0O4yOjYkK486s9SoqLuFc3tRe1vP1S2eE1IJxhV4= pos=<5633.804688, 28.146458, 5553.758301>) used the  ExpansionCarKey to unlock HAMMER_H1_black_rust (id=0465CED7124A1AB439FC138E1E0BCE87 pos=<5630.502930, 27.899155, 5555.332031>)
10:25:53.691 [VehicleEnter] Player Lou Sassole [uid=ebo0O4yOjYkK486s9SoqLuFc3tRe1vP1S2eE1IJxhV4=] entered vehicle HAMMER_H1 black_rust (id=0465CED7124A1AB439FC138E1E0BCE87 pos=<5630.502930, 27.899065, 5555.332031>) as driver
10:25:55.437 [VehicleEngine] Player Lou Sassole [uid=ebo0O4yOjYkK486s9SoqLuFc3tRe1vP1S2eE1IJxhV4=] started vehicle HAMMER_H1 black_rust (id=0465CED7124A1AB439FC138E1E0BCE87 pos=<5630.502930, 27.899065, 5555.332031>)
10:26:11.757 [Safezone] Player "Lou Sassole" (id=ebo0O4yOjYkK486s9SoqLuFc3tRe1vP1S2eE1IJxhV4= pos=<5658.559570, 29.680723, 5531.434570>) Entered the safezone
10:26:53.261 [Safezone] Player "Lou Sassole" (id=ebo0O4yOjYkK486s9SoqLuFc3tRe1vP1S2eE1IJxhV4= pos=<5741.282227, 21.259840, 5174.495117>) Left the safezone
10:27:23.625 [AI Patrol] Spawning 2 Shamans bots at <4922.151367, 81.101700, 4061.067139>
10:30:12.601 [VehicleLeave] Player Lou Sassole [uid=ebo0O4yOjYkK486s9SoqLuFc3tRe1vP1S2eE1IJxhV4=] left vehicle HAMMER_H1 black_rust (id=0465CED7124A1AB439FC138E1E0BCE87 pos=<4284.733398, 4.683112, 4269.828125>)
10:30:17.585 [VehicleCarKey] Player "Lou Sassole" (id=ebo0O4yOjYkK486s9SoqLuFc3tRe1vP1S2eE1IJxhV4= pos=<4286.941406, 4.775517, 4272.678223>) used the  ExpansionCarKey to lock HAMMER_H1_black_rust (id=0465CED7124A1AB439FC138E1E0BCE87 pos=<4284.733398, 4.683102, 4269.828125>)
10:30:40.890 [VehicleCarKey] Player "Lou Sassole" (id=ebo0O4yOjYkK486s9SoqLuFc3tRe1vP1S2eE1IJxhV4= pos=<4285.396973, 4.714129, 4272.729980>) used the  ExpansionCarKey to unlock HAMMER_H1_black_rust (id=0465CED7124A1AB439FC138E1E0BCE87 pos=<4284.733398, 4.683102, 4269.828125>)
10:30:42.523 [VehicleCarKey] Player "Lou Sassole" (id=ebo0O4yOjYkK486s9SoqLuFc3tRe1vP1S2eE1IJxhV4= pos=<4284.177734, 4.663375, 4272.465332>) used the  ExpansionCarKey to lock HAMMER_H1_black_rust (id=0465CED7124A1AB439FC138E1E0BCE87 pos=<4284.733398, 4.683102, 4269.828125>)
10:30:44.664 [VehicleCarKey] Player "Lou Sassole" (id=ebo0O4yOjYkK486s9SoqLuFc3tRe1vP1S2eE1IJxhV4= pos=<4284.177734, 4.663375, 4272.465332>) used the  ExpansionCarKey to unlock HAMMER_H1_black_rust (id=0465CED7124A1AB439FC138E1E0BCE87 pos=<4284.733398, 4.683102, 4269.828125>)
10:30:56.324 [VehicleCarKey] Player "Lou Sassole" (id=ebo0O4yOjYkK486s9SoqLuFc3tRe1vP1S2eE1IJxhV4= pos=<4285.165039, 4.709144, 4273.302246>) used the  ExpansionCarKey to lock HAMMER_H1_black_rust (id=0465CED7124A1AB439FC138E1E0BCE87 pos=<4284.733398, 4.683102, 4269.828125>)
10:35:19.261 [VehicleCarKey] Player "Lou Sassole" (id=ebo0O4yOjYkK486s9SoqLuFc3tRe1vP1S2eE1IJxhV4= pos=<4286.404785, 4.726700, 4270.217285>) used the  ExpansionCarKey to unlock HAMMER_H1_black_rust (id=0465CED7124A1AB439FC138E1E0BCE87 pos=<4284.733398, 4.683102, 4269.828125>)
10:35:27.195 [VehicleEnter] Player Lou Sassole [uid=ebo0O4yOjYkK486s9SoqLuFc3tRe1vP1S2eE1IJxhV4=] entered vehicle HAMMER_H1 black_rust (id=0465CED7124A1AB439FC138E1E0BCE87 pos=<4284.733398, 4.683103, 4269.828125>) as driver
10:35:31.492 [VehicleEngine] Player Lou Sassole [uid=ebo0O4yOjYkK486s9SoqLuFc3tRe1vP1S2eE1IJxhV4=] started vehicle HAMMER_H1 black_rust (id=0465CED7124A1AB439FC138E1E0BCE87 pos=<4284.733398, 4.683104, 4269.828125>)
10:36:07.296 [VehicleLeave] Player Lou Sassole [uid=ebo0O4yOjYkK486s9SoqLuFc3tRe1vP1S2eE1IJxhV4=] left vehicle HAMMER_H1 black_rust (id=0465CED7124A1AB439FC138E1E0BCE87 pos=<4614.129883, 17.274035, 4430.316406>)
10:36:14.992 [VehicleCarKey] Player "Lou Sassole" (id=ebo0O4yOjYkK486s9SoqLuFc3tRe1vP1S2eE1IJxhV4= pos=<4610.752441, 17.196030, 4428.911621>) used the  ExpansionCarKey to lock HAMMER_H1_black_rust (id=0465CED7124A1AB439FC138E1E0BCE87 pos=<4614.129883, 17.274027, 4430.316406>)
10:43:22.632 [VehicleCarKey] Player "Lou Sassole" (id=ebo0O4yOjYkK486s9SoqLuFc3tRe1vP1S2eE1IJxhV4= pos=<4611.480469, 17.186068, 4427.937500>) used the  ExpansionCarKey to unlock HAMMER_H1_black_rust (id=0465CED7124A1AB439FC138E1E0BCE87 pos=<4614.129883, 17.274027, 4430.316406>)
10:43:26.265 [VehicleCarKey] Player "Lou Sassole" (id=ebo0O4yOjYkK486s9SoqLuFc3tRe1vP1S2eE1IJxhV4= pos=<4612.013184, 17.201799, 4428.368164>) used the  ExpansionCarKey to lock HAMMER_H1_black_rust (id=0465CED7124A1AB439FC138E1E0BCE87 pos=<4614.129883, 17.274027, 4430.316406>)
10:43:27.398 [VehicleCarKey] Player "Lou Sassole" (id=ebo0O4yOjYkK486s9SoqLuFc3tRe1vP1S2eE1IJxhV4= pos=<4612.013184, 17.201799, 4428.368164>) used the  ExpansionCarKey to unlock HAMMER_H1_black_rust (id=0465CED7124A1AB439FC138E1E0BCE87 pos=<4614.129883, 17.274027, 4430.316406>)
10:43:43.964 [VehicleCarKey] Player "Lou Sassole" (id=ebo0O4yOjYkK486s9SoqLuFc3tRe1vP1S2eE1IJxhV4= pos=<4611.249512, 17.177477, 4427.622559>) used the  ExpansionCarKey to lock HAMMER_H1_black_rust (id=0465CED7124A1AB439FC138E1E0BCE87 pos=<4614.129883, 17.274027, 4430.316406>)
10:46:36.046 [VehicleCarKey] Player "Lou Sassole" (id=ebo0O4yOjYkK486s9SoqLuFc3tRe1vP1S2eE1IJxhV4= pos=<4613.443359, 17.284063, 4431.783691>) used the  ExpansionCarKey to unlock HAMMER_H1_black_rust (id=0465CED7124A1AB439FC138E1E0BCE87 pos=<4614.129883, 17.274027, 4430.316406>)
10:46:40.414 [VehicleEnter] Player Lou Sassole [uid=ebo0O4yOjYkK486s9SoqLuFc3tRe1vP1S2eE1IJxhV4=] entered vehicle HAMMER_H1 black_rust (id=0465CED7124A1AB439FC138E1E0BCE87 pos=<4614.129883, 17.274029, 4430.316406>) as driver
10:46:41.734 [VehicleEngine] Player Lou Sassole [uid=ebo0O4yOjYkK486s9SoqLuFc3tRe1vP1S2eE1IJxhV4=] started vehicle HAMMER_H1 black_rust (id=0465CED7124A1AB439FC138E1E0BCE87 pos=<4614.129883, 17.274033, 4430.316406>)
10:47:21.468 [VehicleLeave] Player Lou Sassole [uid=ebo0O4yOjYkK486s9SoqLuFc3tRe1vP1S2eE1IJxhV4=] left vehicle HAMMER_H1 black_rust (id=0465CED7124A1AB439FC138E1E0BCE87 pos=<4542.495605, 13.474102, 4519.560059>)
10:48:59.800 [VehicleEnter] Player Lou Sassole [uid=ebo0O4yOjYkK486s9SoqLuFc3tRe1vP1S2eE1IJxhV4=] entered vehicle HAMMER_H1 black_rust (id=0465CED7124A1AB439FC138E1E0BCE87 pos=<4542.495605, 13.473994, 4519.560059>) as driver
10:49:02.437 [VehicleEngine] Player Lou Sassole [uid=ebo0O4yOjYkK486s9SoqLuFc3tRe1vP1S2eE1IJxhV4=] started vehicle HAMMER_H1 black_rust (id=0465CED7124A1AB439FC138E1E0BCE87 pos=<4542.495605, 13.474001, 4519.560059>)
10:52:00.546 [Safezone] Player "Lou Sassole" (id=ebo0O4yOjYkK486s9SoqLuFc3tRe1vP1S2eE1IJxhV4= pos=<5673.432129, 33.266422, 5260.756348>) Entered the safezone
10:52:24.562 [VehicleLeave] Player Lou Sassole [uid=ebo0O4yOjYkK486s9SoqLuFc3tRe1vP1S2eE1IJxhV4=] left vehicle HAMMER_H1 black_rust (id=0465CED7124A1AB439FC138E1E0BCE87 pos=<5626.427734, 28.750349, 5416.089355>)
10:53:44.777 [Market] Player "Lou Sassole" (id=ebo0O4yOjYkK486s9SoqLuFc3tRe1vP1S2eE1IJxhV4=) has send a requested to sell expansion_kedr x1 at the trader "Weapons (Oliver [WEAPONS])" in market zone "The Holler" (pos=<5632.000000, 32.000000, 5392.000000>).
10:53:44.875 [Market] Player "Lou Sassole" (id=ebo0O4yOjYkK486s9SoqLuFc3tRe1vP1S2eE1IJxhV4=) has sold expansion_kedr x1 at the trader "Weapons (Oliver [WEAPONS])" in market zone "The Holler" (pos=<5632.000000, 32.000000, 5392.000000>) and got 750.
10:53:48.546 [Market] Player "Lou Sassole" (id=ebo0O4yOjYkK486s9SoqLuFc3tRe1vP1S2eE1IJxhV4=) has send a requested to sell scout x1 at the trader "Weapons (Oliver [WEAPONS])" in market zone "The Holler" (pos=<5632.000000, 32.000000, 5392.000000>).
10:53:48.656 [Market] Player "Lou Sassole" (id=ebo0O4yOjYkK486s9SoqLuFc3tRe1vP1S2eE1IJxhV4=) has sold scout x1 at the trader "Weapons (Oliver [WEAPONS])" in market zone "The Holler" (pos=<5632.000000, 32.000000, 5392.000000>) and got 3825.
10:53:57.761 [Market] Player "Lou Sassole" (id=ebo0O4yOjYkK486s9SoqLuFc3tRe1vP1S2eE1IJxhV4=) has send a requested to sell mp133shotgun x1 at the trader "Weapons (Oliver [WEAPONS])" in market zone "The Holler" (pos=<5632.000000, 32.000000, 5392.000000>).
10:53:57.882 [Market] Player "Lou Sassole" (id=ebo0O4yOjYkK486s9SoqLuFc3tRe1vP1S2eE1IJxhV4=) has sold mp133shotgun x1 at the trader "Weapons (Oliver [WEAPONS])" in market zone "The Holler" (pos=<5632.000000, 32.000000, 5392.000000>) and got 1125.
10:53:58.843 [Market] Player "Lou Sassole" (id=ebo0O4yOjYkK486s9SoqLuFc3tRe1vP1S2eE1IJxhV4=) has send a requested to sell saiga x1 at the trader "Weapons (Oliver [WEAPONS])" in market zone "The Holler" (pos=<5632.000000, 32.000000, 5392.000000>).
10:53:58.988 [Market] Player "Lou Sassole" (id=ebo0O4yOjYkK486s9SoqLuFc3tRe1vP1S2eE1IJxhV4=) has sold saiga x1 at the trader "Weapons (Oliver [WEAPONS])" in market zone "The Holler" (pos=<5632.000000, 32.000000, 5392.000000>) and got 5737.
10:54:04.296 [Market] Player "Lou Sassole" (id=ebo0O4yOjYkK486s9SoqLuFc3tRe1vP1S2eE1IJxhV4=) has send a requested to sell cz75 x1 at the trader "Weapons (Oliver [WEAPONS])" in market zone "The Holler" (pos=<5632.000000, 32.000000, 5392.000000>).
10:54:04.429 [Market] Player "Lou Sassole" (id=ebo0O4yOjYkK486s9SoqLuFc3tRe1vP1S2eE1IJxhV4=) has sold cz75 x1 at the trader "Weapons (Oliver [WEAPONS])" in market zone "The Holler" (pos=<5632.000000, 32.000000, 5392.000000>) and got 101.
10:54:05.210 [Market] Player "Lou Sassole" (id=ebo0O4yOjYkK486s9SoqLuFc3tRe1vP1S2eE1IJxhV4=) has send a requested to sell cz75 x1 at the trader "Weapons (Oliver [WEAPONS])" in market zone "The Holler" (pos=<5632.000000, 32.000000, 5392.000000>).
10:54:05.308 [Market] Player "Lou Sassole" (id=ebo0O4yOjYkK486s9SoqLuFc3tRe1vP1S2eE1IJxhV4=) has sold cz75 x1 at the trader "Weapons (Oliver [WEAPONS])" in market zone "The Holler" (pos=<5632.000000, 32.000000, 5392.000000>) and got 101.
10:54:06.234 [Market] Player "Lou Sassole" (id=ebo0O4yOjYkK486s9SoqLuFc3tRe1vP1S2eE1IJxhV4=) has send a requested to sell deagle x1 at the trader "Weapons (Oliver [WEAPONS])" in market zone "The Holler" (pos=<5632.000000, 32.000000, 5392.000000>).
10:54:06.335 [Market] Player "Lou Sassole" (id=ebo0O4yOjYkK486s9SoqLuFc3tRe1vP1S2eE1IJxhV4=) has sold deagle x1 at the trader "Weapons (Oliver [WEAPONS])" in market zone "The Holler" (pos=<5632.000000, 32.000000, 5392.000000>) and got 1050.
10:54:07.093 [Market] Player "Lou Sassole" (id=ebo0O4yOjYkK486s9SoqLuFc3tRe1vP1S2eE1IJxhV4=) has send a requested to sell deagle x1 at the trader "Weapons (Oliver [WEAPONS])" in market zone "The Holler" (pos=<5632.000000, 32.000000, 5392.000000>).
10:54:07.218 [Market] Player "Lou Sassole" (id=ebo0O4yOjYkK486s9SoqLuFc3tRe1vP1S2eE1IJxhV4=) has sold deagle x1 at the trader "Weapons (Oliver [WEAPONS])" in market zone "The Holler" (pos=<5632.000000, 32.000000, 5392.000000>) and got 1050.
10:54:07.898 [Market] Player "Lou Sassole" (id=ebo0O4yOjYkK486s9SoqLuFc3tRe1vP1S2eE1IJxhV4=) has send a requested to sell fnx45 x1 at the trader "Weapons (Oliver [WEAPONS])" in market zone "The Holler" (pos=<5632.000000, 32.000000, 5392.000000>).
10:54:08.023 [Market] Player "Lou Sassole" (id=ebo0O4yOjYkK486s9SoqLuFc3tRe1vP1S2eE1IJxhV4=) has sold fnx45 x1 at the trader "Weapons (Oliver [WEAPONS])" in market zone "The Holler" (pos=<5632.000000, 32.000000, 5392.000000>) and got 131.
10:54:08.718 [Market] Player "Lou Sassole" (id=ebo0O4yOjYkK486s9SoqLuFc3tRe1vP1S2eE1IJxhV4=) has send a requested to sell fnx45 x1 at the trader "Weapons (Oliver [WEAPONS])" in market zone "The Holler" (pos=<5632.000000, 32.000000, 5392.000000>).
10:54:08.843 [Market] Player "Lou Sassole" (id=ebo0O4yOjYkK486s9SoqLuFc3tRe1vP1S2eE1IJxhV4=) has sold fnx45 x1 at the trader "Weapons (Oliver [WEAPONS])" in market zone "The Holler" (pos=<5632.000000, 32.000000, 5392.000000>) and got 131.
10:54:09.429 [Market] Player "Lou Sassole" (id=ebo0O4yOjYkK486s9SoqLuFc3tRe1vP1S2eE1IJxhV4=) has send a requested to sell expansion_m9 x1 at the trader "Weapons (Oliver [WEAPONS])" in market zone "The Holler" (pos=<5632.000000, 32.000000, 5392.000000>).
10:54:09.554 [Market] Player "Lou Sassole" (id=ebo0O4yOjYkK486s9SoqLuFc3tRe1vP1S2eE1IJxhV4=) has sold expansion_m9 x1 at the trader "Weapons (Oliver [WEAPONS])" in market zone "The Holler" (pos=<5632.000000, 32.000000, 5392.000000>) and got 131.
10:54:13.742 [Market] Player "Lou Sassole" (id=ebo0O4yOjYkK486s9SoqLuFc3tRe1vP1S2eE1IJxhV4=) has send a requested to sell aug x1 at the trader "Weapons (Oliver [WEAPONS])" in market zone "The Holler" (pos=<5632.000000, 32.000000, 5392.000000>).
10:54:13.824 [Market] Player "Lou Sassole" (id=ebo0O4yOjYkK486s9SoqLuFc3tRe1vP1S2eE1IJxhV4=) has sold aug x1 at the trader "Weapons (Oliver [WEAPONS])" in market zone "The Holler" (pos=<5632.000000, 32.000000, 5392.000000>) and got 1200.
10:54:18.015 [Market] Player "Lou Sassole" (id=ebo0O4yOjYkK486s9SoqLuFc3tRe1vP1S2eE1IJxhV4=) has send a requested to sell ak74 x1 at the trader "Weapons (Oliver [WEAPONS])" in market zone "The Holler" (pos=<5632.000000, 32.000000, 5392.000000>).
10:54:18.140 [Market] Player "Lou Sassole" (id=ebo0O4yOjYkK486s9SoqLuFc3tRe1vP1S2eE1IJxhV4=) has sold ak74 x1 at the trader "Weapons (Oliver [WEAPONS])" in market zone "The Holler" (pos=<5632.000000, 32.000000, 5392.000000>) and got 1200.
10:54:19.531 [Market] Player "Lou Sassole" (id=ebo0O4yOjYkK486s9SoqLuFc3tRe1vP1S2eE1IJxhV4=) has send a requested to sell akm x1 at the trader "Weapons (Oliver [WEAPONS])" in market zone "The Holler" (pos=<5632.000000, 32.000000, 5392.000000>).
10:54:19.644 [Market] Player "Lou Sassole" (id=ebo0O4yOjYkK486s9SoqLuFc3tRe1vP1S2eE1IJxhV4=) has sold akm x1 at the trader "Weapons (Oliver [WEAPONS])" in market zone "The Holler" (pos=<5632.000000, 32.000000, 5392.000000>) and got 1125.
10:54:20.394 [Market] Player "Lou Sassole" (id=ebo0O4yOjYkK486s9SoqLuFc3tRe1vP1S2eE1IJxhV4=) has send a requested to sell akm x1 at the trader "Weapons (Oliver [WEAPONS])" in market zone "The Holler" (pos=<5632.000000, 32.000000, 5392.000000>).
10:54:20.523 [Market] Player "Lou Sassole" (id=ebo0O4yOjYkK486s9SoqLuFc3tRe1vP1S2eE1IJxhV4=) has sold akm x1 at the trader "Weapons (Oliver [WEAPONS])" in market zone "The Holler" (pos=<5632.000000, 32.000000, 5392.000000>) and got 1387.
10:54:21.718 [Market] Player "Lou Sassole" (id=ebo0O4yOjYkK486s9SoqLuFc3tRe1vP1S2eE1IJxhV4=) has send a requested to sell famas x1 at the trader "Weapons (Oliver [WEAPONS])" in market zone "The Holler" (pos=<5632.000000, 32.000000, 5392.000000>).
10:54:21.796 [Market] Player "Lou Sassole" (id=ebo0O4yOjYkK486s9SoqLuFc3tRe1vP1S2eE1IJxhV4=) has sold famas x1 at the trader "Weapons (Oliver [WEAPONS])" in market zone "The Holler" (pos=<5632.000000, 32.000000, 5392.000000>) and got 1125.
10:54:22.867 [Market] Player "Lou Sassole" (id=ebo0O4yOjYkK486s9SoqLuFc3tRe1vP1S2eE1IJxhV4=) has send a requested to sell expansion_m16 x1 at the trader "Weapons (Oliver [WEAPONS])" in market zone "The Holler" (pos=<5632.000000, 32.000000, 5392.000000>).
10:54:22.988 [Market] Player "Lou Sassole" (id=ebo0O4yOjYkK486s9SoqLuFc3tRe1vP1S2eE1IJxhV4=) has sold expansion_m16 x1 at the trader "Weapons (Oliver [WEAPONS])" in market zone "The Holler" (pos=<5632.000000, 32.000000, 5392.000000>) and got 1125.
10:54:23.847 [Market] Player "Lou Sassole" (id=ebo0O4yOjYkK486s9SoqLuFc3tRe1vP1S2eE1IJxhV4=) has send a requested to sell m4a1 x1 at the trader "Weapons (Oliver [WEAPONS])" in market zone "The Holler" (pos=<5632.000000, 32.000000, 5392.000000>).
10:54:23.972 [Market] Player "Lou Sassole" (id=ebo0O4yOjYkK486s9SoqLuFc3tRe1vP1S2eE1IJxhV4=) has sold m4a1 x1 at the trader "Weapons (Oliver [WEAPONS])" in market zone "The Holler" (pos=<5632.000000, 32.000000, 5392.000000>) and got 1200.
10:54:27.593 [Market] Player "Lou Sassole" (id=ebo0O4yOjYkK486s9SoqLuFc3tRe1vP1S2eE1IJxhV4=) has send a requested to sell mag_stanag_30rnd x1 at the trader "Weapons (Oliver [WEAPONS])" in market zone "The Holler" (pos=<5632.000000, 32.000000, 5392.000000>).
10:54:27.687 [Market] Player "Lou Sassole" (id=ebo0O4yOjYkK486s9SoqLuFc3tRe1vP1S2eE1IJxhV4=) has sold mag_stanag_30rnd x1 at the trader "Weapons (Oliver [WEAPONS])" in market zone "The Holler" (pos=<5632.000000, 32.000000, 5392.000000>) and got 195.
10:54:28.914 [Market] Player "Lou Sassole" (id=ebo0O4yOjYkK486s9SoqLuFc3tRe1vP1S2eE1IJxhV4=) has send a requested to sell mag_stanag_30rnd x1 at the trader "Weapons (Oliver [WEAPONS])" in market zone "The Holler" (pos=<5632.000000, 32.000000, 5392.000000>).
10:54:29.007 [Market] Player "Lou Sassole" (id=ebo0O4yOjYkK486s9SoqLuFc3tRe1vP1S2eE1IJxhV4=) has sold mag_stanag_30rnd x1 at the trader "Weapons (Oliver [WEAPONS])" in market zone "The Holler" (pos=<5632.000000, 32.000000, 5392.000000>) and got 195.
10:54:32.742 [Market] Player "Lou Sassole" (id=ebo0O4yOjYkK486s9SoqLuFc3tRe1vP1S2eE1IJxhV4=) has send a requested to sell twp_scarl_mag_30rnd x1 at the trader "Weapons (Oliver [WEAPONS])" in market zone "The Holler" (pos=<5632.000000, 32.000000, 5392.000000>).
10:54:32.875 [Market] Player "Lou Sassole" (id=ebo0O4yOjYkK486s9SoqLuFc3tRe1vP1S2eE1IJxhV4=) has sold twp_scarl_mag_30rnd x1 at the trader "Weapons (Oliver [WEAPONS])" in market zone "The Holler" (pos=<5632.000000, 32.000000, 5392.000000>) and got 175.
10:54:35.343 [Market] Player "Lou Sassole" (id=ebo0O4yOjYkK486s9SoqLuFc3tRe1vP1S2eE1IJxhV4=) has send a requested to sell twp_ar15cannabis_mag_30rnd x1 at the trader "Weapons (Oliver [WEAPONS])" in market zone "The Holler" (pos=<5632.000000, 32.000000, 5392.000000>).
10:54:35.437 [Market] Player "Lou Sassole" (id=ebo0O4yOjYkK486s9SoqLuFc3tRe1vP1S2eE1IJxhV4=) has sold twp_ar15cannabis_mag_30rnd x1 at the trader "Weapons (Oliver [WEAPONS])" in market zone "The Holler" (pos=<5632.000000, 32.000000, 5392.000000>) and got 513.
10:54:36.890 [Market] Player "Lou Sassole" (id=ebo0O4yOjYkK486s9SoqLuFc3tRe1vP1S2eE1IJxhV4=) has send a requested to sell twp_xm8_mag_30rnd x1 at the trader "Weapons (Oliver [WEAPONS])" in market zone "The Holler" (pos=<5632.000000, 32.000000, 5392.000000>).
10:54:37.046 [Market] Player "Lou Sassole" (id=ebo0O4yOjYkK486s9SoqLuFc3tRe1vP1S2eE1IJxhV4=) has sold twp_xm8_mag_30rnd x1 at the trader "Weapons (Oliver [WEAPONS])" in market zone "The Holler" (pos=<5632.000000, 32.000000, 5392.000000>) and got 520.
10:54:45.304 [VehicleCarKey] Player "Lou Sassole" (id=ebo0O4yOjYkK486s9SoqLuFc3tRe1vP1S2eE1IJxhV4= pos=<5623.612305, 28.722498, 5413.804199>) used the  ExpansionCarKey to lock HAMMER_H1_black_rust (id=0465CED7124A1AB439FC138E1E0BCE87 pos=<5626.427734, 28.750351, 5416.089355>)
10:54:46.816 [VehicleCarKey] Player "Lou Sassole" (id=ebo0O4yOjYkK486s9SoqLuFc3tRe1vP1S2eE1IJxhV4= pos=<5623.612305, 28.722498, 5413.804199>) used the  ExpansionCarKey to unlock HAMMER_H1_black_rust (id=0465CED7124A1AB439FC138E1E0BCE87 pos=<5626.427734, 28.750351, 5416.089355>)
10:55:29.273 [VehicleCarKey] Player "Lou Sassole" (id=ebo0O4yOjYkK486s9SoqLuFc3tRe1vP1S2eE1IJxhV4= pos=<5623.274414, 28.722479, 5413.595215>) used the  ExpansionCarKey to lock HAMMER_H1_black_rust (id=0465CED7124A1AB439FC138E1E0BCE87 pos=<5626.427734, 28.750351, 5416.089355>)
10:55:41.574 [Market] Player "Lou Sassole" (id=ebo0O4yOjYkK486s9SoqLuFc3tRe1vP1S2eE1IJxhV4=) has send a requested to sell augshort x1 at the trader "Weapons (Oliver [WEAPONS])" in market zone "The Holler" (pos=<5632.000000, 32.000000, 5392.000000>).
10:55:41.691 [Market] Player "Lou Sassole" (id=ebo0O4yOjYkK486s9SoqLuFc3tRe1vP1S2eE1IJxhV4=) has sold augshort x1 at the trader "Weapons (Oliver [WEAPONS])" in market zone "The Holler" (pos=<5632.000000, 32.000000, 5392.000000>) and got 1125.
10:55:42.628 [Market] Player "Lou Sassole" (id=ebo0O4yOjYkK486s9SoqLuFc3tRe1vP1S2eE1IJxhV4=) has send a requested to sell augshort x1 at the trader "Weapons (Oliver [WEAPONS])" in market zone "The Holler" (pos=<5632.000000, 32.000000, 5392.000000>).
10:55:42.773 [Market] Player "Lou Sassole" (id=ebo0O4yOjYkK486s9SoqLuFc3tRe1vP1S2eE1IJxhV4=) has sold augshort x1 at the trader "Weapons (Oliver [WEAPONS])" in market zone "The Holler" (pos=<5632.000000, 32.000000, 5392.000000>) and got 1125.
10:55:46.160 [Market] Player "Lou Sassole" (id=ebo0O4yOjYkK486s9SoqLuFc3tRe1vP1S2eE1IJxhV4=) has send a requested to sell akm x1 at the trader "Weapons (Oliver [WEAPONS])" in market zone "The Holler" (pos=<5632.000000, 32.000000, 5392.000000>).
10:55:46.242 [Market] Player "Lou Sassole" (id=ebo0O4yOjYkK486s9SoqLuFc3tRe1vP1S2eE1IJxhV4=) has sold akm x1 at the trader "Weapons (Oliver [WEAPONS])" in market zone "The Holler" (pos=<5632.000000, 32.000000, 5392.000000>) and got 1387.
10:55:47.421 [Market] Player "Lou Sassole" (id=ebo0O4yOjYkK486s9SoqLuFc3tRe1vP1S2eE1IJxhV4=) has send a requested to sell fal x1 at the trader "Weapons (Oliver [WEAPONS])" in market zone "The Holler" (pos=<5632.000000, 32.000000, 5392.000000>).
10:55:47.496 [Market] Player "Lou Sassole" (id=ebo0O4yOjYkK486s9SoqLuFc3tRe1vP1S2eE1IJxhV4=) has sold fal x1 at the trader "Weapons (Oliver [WEAPONS])" in market zone "The Holler" (pos=<5632.000000, 32.000000, 5392.000000>) and got 1275.
10:55:48.441 [Market] Player "Lou Sassole" (id=ebo0O4yOjYkK486s9SoqLuFc3tRe1vP1S2eE1IJxhV4=) has send a requested to sell famas x1 at the trader "Weapons (Oliver [WEAPONS])" in market zone "The Holler" (pos=<5632.000000, 32.000000, 5392.000000>).
10:55:48.523 [Market] Player "Lou Sassole" (id=ebo0O4yOjYkK486s9SoqLuFc3tRe1vP1S2eE1IJxhV4=) has sold famas x1 at the trader "Weapons (Oliver [WEAPONS])" in market zone "The Holler" (pos=<5632.000000, 32.000000, 5392.000000>) and got 1125.
10:55:49.242 [Market] Player "Lou Sassole" (id=ebo0O4yOjYkK486s9SoqLuFc3tRe1vP1S2eE1IJxhV4=) has send a requested to sell m16a2 x1 at the trader "Weapons (Oliver [WEAPONS])" in market zone "The Holler" (pos=<5632.000000, 32.000000, 5392.000000>).
10:55:49.343 [Market] Player "Lou Sassole" (id=ebo0O4yOjYkK486s9SoqLuFc3tRe1vP1S2eE1IJxhV4=) has sold m16a2 x1 at the trader "Weapons (Oliver [WEAPONS])" in market zone "The Holler" (pos=<5632.000000, 32.000000, 5392.000000>) and got 1125.
10:55:51.613 [Market] Player "Lou Sassole" (id=ebo0O4yOjYkK486s9SoqLuFc3tRe1vP1S2eE1IJxhV4=) has send a requested to sell mp133shotgun x1 at the trader "Weapons (Oliver [WEAPONS])" in market zone "The Holler" (pos=<5632.000000, 32.000000, 5392.000000>).
10:55:51.757 [Market] Player "Lou Sassole" (id=ebo0O4yOjYkK486s9SoqLuFc3tRe1vP1S2eE1IJxhV4=) has sold mp133shotgun x1 at the trader "Weapons (Oliver [WEAPONS])" in market zone "The Holler" (pos=<5632.000000, 32.000000, 5392.000000>) and got 1125.
10:55:52.476 [Market] Player "Lou Sassole" (id=ebo0O4yOjYkK486s9SoqLuFc3tRe1vP1S2eE1IJxhV4=) has send a requested to sell mp133shotgun x1 at the trader "Weapons (Oliver [WEAPONS])" in market zone "The Holler" (pos=<5632.000000, 32.000000, 5392.000000>).
10:55:52.578 [Market] Player "Lou Sassole" (id=ebo0O4yOjYkK486s9SoqLuFc3tRe1vP1S2eE1IJxhV4=) has sold mp133shotgun x1 at the trader "Weapons (Oliver [WEAPONS])" in market zone "The Holler" (pos=<5632.000000, 32.000000, 5392.000000>) and got 1125.
10:55:57.726 [Market] Player "Lou Sassole" (id=ebo0O4yOjYkK486s9SoqLuFc3tRe1vP1S2eE1IJxhV4=) has send a requested to sell svd x1 at the trader "Weapons (Oliver [WEAPONS])" in market zone "The Holler" (pos=<5632.000000, 32.000000, 5392.000000>).
10:55:57.808 [Market] Player "Lou Sassole" (id=ebo0O4yOjYkK486s9SoqLuFc3tRe1vP1S2eE1IJxhV4=) has sold svd x1 at the trader "Weapons (Oliver [WEAPONS])" in market zone "The Holler" (pos=<5632.000000, 32.000000, 5392.000000>) and got 9000.
10:55:58.523 [Market] Player "Lou Sassole" (id=ebo0O4yOjYkK486s9SoqLuFc3tRe1vP1S2eE1IJxhV4=) has send a requested to sell vss x1 at the trader "Weapons (Oliver [WEAPONS])" in market zone "The Holler" (pos=<5632.000000, 32.000000, 5392.000000>).
10:55:58.640 [Market] Player "Lou Sassole" (id=ebo0O4yOjYkK486s9SoqLuFc3tRe1vP1S2eE1IJxhV4=) has sold vss x1 at the trader "Weapons (Oliver [WEAPONS])" in market zone "The Holler" (pos=<5632.000000, 32.000000, 5392.000000>) and got 8700.
10:56:12.632 [Market] Player "Lou Sassole" (id=ebo0O4yOjYkK486s9SoqLuFc3tRe1vP1S2eE1IJxhV4=) has send a requested to sell acogoptic x1 at the trader "WeaponAccessories (Rolf [WEAPON ACCESSORIES])" in market zone "The Holler" (pos=<5632.000000, 32.000000, 5392.000000>).
10:56:12.773 [Market] Player "Lou Sassole" (id=ebo0O4yOjYkK486s9SoqLuFc3tRe1vP1S2eE1IJxhV4=) has sold acogoptic x1 at the trader "WeaponAccessories (Rolf [WEAPON ACCESSORIES])" in market zone "The Holler" (pos=<5632.000000, 32.000000, 5392.000000>) and got 975.
10:57:18.093 [Market] Player "Lou Sassole" (id=ebo0O4yOjYkK486s9SoqLuFc3tRe1vP1S2eE1IJxhV4=) has send a requested to sell ammobox_556x45_20rnd x1 at the trader "WeaponAccessories (Rolf [WEAPON ACCESSORIES])" in market zone "The Holler" (pos=<5632.000000, 32.000000, 5392.000000>).
10:57:18.203 [Market] Player "Lou Sassole" (id=ebo0O4yOjYkK486s9SoqLuFc3tRe1vP1S2eE1IJxhV4=) has sold ammobox_556x45_20rnd x1 at the trader "WeaponAccessories (Rolf [WEAPON ACCESSORIES])" in market zone "The Holler" (pos=<5632.000000, 32.000000, 5392.000000>) and got 24.
11:00:04.375 [Safezone] Player "TomInTheNorth" (id=qD1dO4Xthw_yK-reAyR_a51VmE_30ATNiMf9gwL8oGM= pos=<5671.472656, 28.867058, 5485.751953>) Entered the safezone
11:00:04.378 [Party] Player "TomInTheNorth" (id=qD1dO4Xthw_yK-reAyR_a51VmE_30ATNiMf9gwL8oGM=) joinded the party "DIEHARD" (id=32 ownerUID=JmVdSu0kzNbOpwjpFV-MDcMB-Equ3yPY-l-COMb6HgY= ownerName=Nick Leadbeatter)
11:00:04.382 [Expansion Quests] - InitQuestSystemClient - Loaded existing player quest data for player with UID: qD1dO4Xthw_yK-reAyR_a51VmE_30ATNiMf9gwL8oGM=
11:00:04.382 [Expansion Quests] - LoadGroupQuestData - Got cached group quest data for group with ID: 32
11:00:04.382 [Expansion Quests] - Create new quest instance for quest: 16 - Player UID: qD1dO4Xthw_yK-reAyR_a51VmE_30ATNiMf9gwL8oGM=
11:00:05.335 [Expansion Quests] - LoadGroupQuestData - Got cached group quest data for group with ID: 32
11:00:21.070 [Market] Player "Lou Sassole" (id=ebo0O4yOjYkK486s9SoqLuFc3tRe1vP1S2eE1IJxhV4=) has send a requested to purchase canopener x1 from the trader "BuildingSupplies (Indar [BUILDINGS])" in market zone "The Holler" (pos=<5632.000000, 32.000000, 5392.000000>).
11:00:21.187 [Market] Player "Lou Sassole" (id=ebo0O4yOjYkK486s9SoqLuFc3tRe1vP1S2eE1IJxhV4=) has bought canopener x1 from the trader "BuildingSupplies (Indar [BUILDINGS])" in market zone "The Holler" (pos=<5632.000000, 32.000000, 5392.000000>) for a price of 10.
11:00:25.472 [VehicleCover] Player "TomInTheNorth" (id=qD1dO4Xthw_yK-reAyR_a51VmE_30ATNiMf9gwL8oGM= pos=<5671.472656, 28.867058, 5485.751953>) uncovered vehicle "HAMMER_H1_rust" (GlobalID=8000000080000000800000008002D036 pos=<5672.073730, 28.980139, 5487.939941>)!
11:00:41.292 [VehicleCarKey] Player "TomInTheNorth" (id=qD1dO4Xthw_yK-reAyR_a51VmE_30ATNiMf9gwL8oGM= pos=<5671.472656, 28.867058, 5485.751953>) used the  ExpansionCarKey to unlock HAMMER_H1_rust (id=37C14F11904EE9BB85F53CAF6F95DF2F pos=<5672.066895, 28.978859, 5487.939941>)
11:01:40.523 [VehicleEnter] Player TomInTheNorth [uid=qD1dO4Xthw_yK-reAyR_a51VmE_30ATNiMf9gwL8oGM=] entered vehicle HAMMER_H1 rust (id=37C14F11904EE9BB85F53CAF6F95DF2F pos=<5672.066895, 28.978857, 5487.939941>) as driver
11:01:43.597 [VehicleEngine] Player TomInTheNorth [uid=qD1dO4Xthw_yK-reAyR_a51VmE_30ATNiMf9gwL8oGM=] started vehicle HAMMER_H1 rust (id=37C14F11904EE9BB85F53CAF6F95DF2F pos=<5672.066895, 28.978848, 5487.939941>)
11:02:21.906 [VehicleEngine] Player TomInTheNorth [uid=qD1dO4Xthw_yK-reAyR_a51VmE_30ATNiMf9gwL8oGM=] stopped vehicle HAMMER_H1 rust (id=37C14F11904EE9BB85F53CAF6F95DF2F pos=<5602.303223, 28.750938, 5358.174805>)
11:02:26.976 [VehicleCarKey] Player "Lou Sassole" (id=ebo0O4yOjYkK486s9SoqLuFc3tRe1vP1S2eE1IJxhV4= pos=<5624.051758, 28.722498, 5413.575195>) used the  ExpansionCarKey to unlock HAMMER_H1_black_rust (id=0465CED7124A1AB439FC138E1E0BCE87 pos=<5626.427734, 28.750351, 5416.089355>)
11:02:27.156 [VehicleLeave] Player TomInTheNorth [uid=qD1dO4Xthw_yK-reAyR_a51VmE_30ATNiMf9gwL8oGM=] left vehicle HAMMER_H1 rust (id=37C14F11904EE9BB85F53CAF6F95DF2F pos=<5602.303223, 28.750938, 5358.174805>)
11:02:35.847 [Market] Player "TomInTheNorth" (id=qD1dO4Xthw_yK-reAyR_a51VmE_30ATNiMf9gwL8oGM=) has send a requested to sell hammer_h1_rust x1 at the trader "Vehicles (Lewis [VEHICLES])" in market zone "The Holler" (pos=<5632.000000, 32.000000, 5392.000000>).
11:02:36.000 [VehicleDeleted] HAMMER_H1_rust (id=37C14F11904EE9BB85F53CAF6F95DF2F pos=<5602.303711, 28.750937, 5358.174805>)
11:02:36.000 [Market] Player "TomInTheNorth" (id=qD1dO4Xthw_yK-reAyR_a51VmE_30ATNiMf9gwL8oGM=) has sold hammer_h1_rust x1 at the trader "Vehicles (Lewis [VEHICLES])" in market zone "The Holler" (pos=<5632.000000, 32.000000, 5392.000000>) and got 43727.
11:03:09.062 [Expansion Quests] - CompleteQuest - Player with UID qD1dO4Xthw_yK-reAyR_a51VmE_30ATNiMf9gwL8oGM= has completed quest 16
11:05:20.746 [VehicleCarKey] Player "Lou Sassole" (id=ebo0O4yOjYkK486s9SoqLuFc3tRe1vP1S2eE1IJxhV4= pos=<5623.880859, 28.722498, 5413.933594>) used the  ExpansionCarKey to lock HAMMER_H1_black_rust (id=0465CED7124A1AB439FC138E1E0BCE87 pos=<5626.427734, 28.750351, 5416.089355>)
11:05:38.031 [Market] Player "TomInTheNorth" (id=qD1dO4Xthw_yK-reAyR_a51VmE_30ATNiMf9gwL8oGM=) has send a requested to purchase twp_ammo_500sw_mag x1 from the trader "WeaponAccessories (Rolf [WEAPON ACCESSORIES])" in market zone "The Holler" (pos=<5632.000000, 32.000000, 5392.000000>).
11:05:38.171 [Market] Player "TomInTheNorth" (id=qD1dO4Xthw_yK-reAyR_a51VmE_30ATNiMf9gwL8oGM=) has bought twp_ammo_500sw_mag x1 from the trader "WeaponAccessories (Rolf [WEAPON ACCESSORIES])" in market zone "The Holler" (pos=<5632.000000, 32.000000, 5392.000000>) for a price of 7.
11:06:02.261 [Market] Player "TomInTheNorth" (id=qD1dO4Xthw_yK-reAyR_a51VmE_30ATNiMf9gwL8oGM=) has send a requested to purchase twp_ammo_500sw_mag x30 from the trader "WeaponAccessories (Rolf [WEAPON ACCESSORIES])" in market zone "The Holler" (pos=<5632.000000, 32.000000, 5392.000000>).
11:06:02.441 [Market] Player "TomInTheNorth" (id=qD1dO4Xthw_yK-reAyR_a51VmE_30ATNiMf9gwL8oGM=) has bought twp_ammo_500sw_mag x30 from the trader "WeaponAccessories (Rolf [WEAPON ACCESSORIES])" in market zone "The Holler" (pos=<5632.000000, 32.000000, 5392.000000>) for a price of 210.
11:06:37.523 [Market] Player "Lou Sassole" (id=ebo0O4yOjYkK486s9SoqLuFc3tRe1vP1S2eE1IJxhV4=) has send a requested to purchase ammo_556x45 x150 from the trader "WeaponAccessories (Rolf [WEAPON ACCESSORIES])" in market zone "The Holler" (pos=<5632.000000, 32.000000, 5392.000000>).
11:06:37.640 [Market] Player "Lou Sassole" (id=ebo0O4yOjYkK486s9SoqLuFc3tRe1vP1S2eE1IJxhV4=) has bought ammo_556x45 x150 from the trader "WeaponAccessories (Rolf [WEAPON ACCESSORIES])" in market zone "The Holler" (pos=<5632.000000, 32.000000, 5392.000000>) for a price of 300.
11:08:45.437 [Market] Player "Lou Sassole" (id=ebo0O4yOjYkK486s9SoqLuFc3tRe1vP1S2eE1IJxhV4=) has send a requested to sell pso1optic x1 at the trader "WeaponAccessories (Rolf [WEAPON ACCESSORIES])" in market zone "The Holler" (pos=<5632.000000, 32.000000, 5392.000000>).
11:08:45.531 [Market] Player "Lou Sassole" (id=ebo0O4yOjYkK486s9SoqLuFc3tRe1vP1S2eE1IJxhV4=) has sold pso1optic x1 at the trader "WeaponAccessories (Rolf [WEAPON ACCESSORIES])" in market zone "The Holler" (pos=<5632.000000, 32.000000, 5392.000000>) and got 825.
11:09:46.007 [Market] Player "TomInTheNorth" (id=qD1dO4Xthw_yK-reAyR_a51VmE_30ATNiMf9gwL8oGM=) has send a requested to purchase interceptor x1 from the trader "Vehicles (Lewis [VEHICLES])" in market zone "The Holler" (pos=<5632.000000, 32.000000, 5392.000000>).
11:09:46.203 [VehicleDeleted] Interceptor (id=30B3297FD345A6CF909E4AB04D8F82B8 pos=<0.005533, 0.635597, -0.120973>)
11:09:46.210 [Market] Player "TomInTheNorth" (id=qD1dO4Xthw_yK-reAyR_a51VmE_30ATNiMf9gwL8oGM=) has bought interceptor x1 from the trader "Vehicles (Lewis [VEHICLES])" in market zone "The Holler" (pos=<5632.000000, 32.000000, 5392.000000>) for a price of 67800.
11:10:02.156 [VehicleCarKey] Player "TomInTheNorth" (id=qD1dO4Xthw_yK-reAyR_a51VmE_30ATNiMf9gwL8oGM= pos=<5599.512695, 28.722498, 5356.901855>) used the  ExpansionCarKey to unlock Interceptor (id=CD29E7FFCB41CF162E2755A5F22D1794 pos=<5601.260742, 28.600769, 5357.838867>)
11:10:33.093 [VehicleCarKey] Player "TomInTheNorth" (id=qD1dO4Xthw_yK-reAyR_a51VmE_30ATNiMf9gwL8oGM= pos=<5601.604980, 28.722473, 5359.428223>) used the  ExpansionCarKey to lock Interceptor (id=CD29E7FFCB41CF162E2755A5F22D1794 pos=<5601.260742, 28.600769, 5357.838867>)
11:10:33.257 [Market] Player "Lou Sassole" (id=ebo0O4yOjYkK486s9SoqLuFc3tRe1vP1S2eE1IJxhV4=) has send a requested to purchase mvs_combat_vest_erdl x1 from the trader "Clothing_Accessories (Elias [CLOTHING & ACCESSORIES])" in market zone "The Holler" (pos=<5632.000000, 32.000000, 5392.000000>).
11:10:33.359 [Market] Player "Lou Sassole" (id=ebo0O4yOjYkK486s9SoqLuFc3tRe1vP1S2eE1IJxhV4=) has bought mvs_combat_vest_erdl x1 from the trader "Clothing_Accessories (Elias [CLOTHING & ACCESSORIES])" in market zone "The Holler" (pos=<5632.000000, 32.000000, 5392.000000>) for a price of 22000.
11:11:37.953 [Market] Player "TomInTheNorth" (id=qD1dO4Xthw_yK-reAyR_a51VmE_30ATNiMf9gwL8oGM=) has send a requested to purchase mvs_combat_vest_heavy_black_camo x1 from the trader "Clothing_Accessories (Elias [CLOTHING & ACCESSORIES])" in market zone "The Holler" (pos=<5632.000000, 32.000000, 5392.000000>).
11:11:38.093 [Market] Player "TomInTheNorth" (id=qD1dO4Xthw_yK-reAyR_a51VmE_30ATNiMf9gwL8oGM=) has bought mvs_combat_vest_heavy_black_camo x1 from the trader "Clothing_Accessories (Elias [CLOTHING & ACCESSORIES])" in market zone "The Holler" (pos=<5632.000000, 32.000000, 5392.000000>) for a price of 35000.
11:12:22.992 [Market] Player "Lou Sassole" (id=ebo0O4yOjYkK486s9SoqLuFc3tRe1vP1S2eE1IJxhV4=) has send a requested to sell mvs_combat_vest_erdl x1 at the trader "Clothing_Accessories (Elias [CLOTHING & ACCESSORIES])" in market zone "The Holler" (pos=<5632.000000, 32.000000, 5392.000000>).
11:12:23.097 [Market] Player "Lou Sassole" (id=ebo0O4yOjYkK486s9SoqLuFc3tRe1vP1S2eE1IJxhV4=) has sold mvs_combat_vest_erdl x1 at the trader "Clothing_Accessories (Elias [CLOTHING & ACCESSORIES])" in market zone "The Holler" (pos=<5632.000000, 32.000000, 5392.000000>) and got 16500.
11:12:37.132 [VehicleCarKey] Player "TomInTheNorth" (id=qD1dO4Xthw_yK-reAyR_a51VmE_30ATNiMf9gwL8oGM= pos=<5601.555664, 28.722498, 5359.801758>) used the  ExpansionCarKey to unlock Interceptor (id=CD29E7FFCB41CF162E2755A5F22D1794 pos=<5601.260742, 28.600769, 5357.838867>)
11:12:43.472 [VehicleEnter] Player TomInTheNorth [uid=qD1dO4Xthw_yK-reAyR_a51VmE_30ATNiMf9gwL8oGM=] entered vehicle Interceptor (id=CD29E7FFCB41CF162E2755A5F22D1794 pos=<5601.260742, 28.600664, 5357.838867>) as driver
11:12:48.367 [VehicleEngine] Player TomInTheNorth [uid=qD1dO4Xthw_yK-reAyR_a51VmE_30ATNiMf9gwL8oGM=] started vehicle Interceptor (id=CD29E7FFCB41CF162E2755A5F22D1794 pos=<5601.260742, 28.600662, 5357.838867>)
11:13:16.781 [Safezone] Player "TomInTheNorth" (id=qD1dO4Xthw_yK-reAyR_a51VmE_30ATNiMf9gwL8oGM= pos=<5843.579590, 31.610525, 5190.493164>) Left the safezone
11:14:15.832 [Market] Player "Lou Sassole" (id=ebo0O4yOjYkK486s9SoqLuFc3tRe1vP1S2eE1IJxhV4=) has send a requested to purchase mvs_chestrig_erdl x1 from the trader "Clothing_Accessories (Elias [CLOTHING & ACCESSORIES])" in market zone "The Holler" (pos=<5632.000000, 32.000000, 5392.000000>).
11:14:15.945 [Market] Player "Lou Sassole" (id=ebo0O4yOjYkK486s9SoqLuFc3tRe1vP1S2eE1IJxhV4=) has bought mvs_chestrig_erdl x1 from the trader "Clothing_Accessories (Elias [CLOTHING & ACCESSORIES])" in market zone "The Holler" (pos=<5632.000000, 32.000000, 5392.000000>) for a price of 22400.
11:15:40.515 [Safezone] Player "TomInTheNorth" (id=qD1dO4Xthw_yK-reAyR_a51VmE_30ATNiMf9gwL8oGM= pos=<5671.063477, 32.917255, 5262.903320>) Entered the safezone
11:16:07.972 [Expansion Quests] - InitQuestSystemClient - Loaded existing player quest data for player with UID: mBNlxASsPlOcry0dpDl8K-WgHNR5WMCMmoJ9NhpU4FY=
11:16:07.972 [Expansion Quests] - LoadGroupQuestData - Got cached group quest data for group with ID: -1
11:16:29.593 [VehicleCarKey] Player "Lou Sassole" (id=ebo0O4yOjYkK486s9SoqLuFc3tRe1vP1S2eE1IJxhV4= pos=<5623.742676, 28.722498, 5414.362793>) used the  ExpansionCarKey to unlock HAMMER_H1_black_rust (id=0465CED7124A1AB439FC138E1E0BCE87 pos=<5626.427734, 28.750351, 5416.089355>)
11:16:30.218 [VehicleEngine] Player TomInTheNorth [uid=qD1dO4Xthw_yK-reAyR_a51VmE_30ATNiMf9gwL8oGM=] stopped vehicle Interceptor (id=CD29E7FFCB41CF162E2755A5F22D1794 pos=<5670.096191, 28.460911, 5490.269043>)
11:16:44.343 [Safezone] Player "[Admin] Bunker" (id=mBNlxASsPlOcry0dpDl8K-WgHNR5WMCMmoJ9NhpU4FY= pos=<5647.638184, 28.709999, 5380.833008>) Entered the safezone
11:17:23.015 [VehicleCarKey] Player "Lou Sassole" (id=ebo0O4yOjYkK486s9SoqLuFc3tRe1vP1S2eE1IJxhV4= pos=<5623.609375, 28.722498, 5413.934570>) used the  ExpansionCarKey to lock HAMMER_H1_black_rust (id=0465CED7124A1AB439FC138E1E0BCE87 pos=<5626.427734, 28.750351, 5416.089355>)
11:18:43.230 [VehicleLeave] Player TomInTheNorth [uid=qD1dO4Xthw_yK-reAyR_a51VmE_30ATNiMf9gwL8oGM=] left vehicle Interceptor (id=CD29E7FFCB41CF162E2755A5F22D1794 pos=<5670.096191, 28.460867, 5490.268555>)
11:21:39.785 [VehicleCarKey] Player "TomInTheNorth" (id=qD1dO4Xthw_yK-reAyR_a51VmE_30ATNiMf9gwL8oGM= pos=<5669.955566, 28.576109, 5488.904297>) used the  ExpansionCarKey to lock Interceptor (id=CD29E7FFCB41CF162E2755A5F22D1794 pos=<5670.096191, 28.460871, 5490.268555>)
11:21:50.835 [VehicleDeleted] Interceptor (id=CD29E7FFCB41CF162E2755A5F22D1794 pos=<5670.096191, 28.460871, 5490.268555>)
11:21:50.835 [VehicleCover] Player "TomInTheNorth" (id=qD1dO4Xthw_yK-reAyR_a51VmE_30ATNiMf9gwL8oGM= pos=<5669.885254, 28.557224, 5488.561035>) covered vehicle "Interceptor" (GlobalID=8000000080000000800000008002D367 pos=<5670.096191, 28.460871, 5490.268555>)!
11:22:08.343 [VehicleCover] Player "TomInTheNorth" (id=qD1dO4Xthw_yK-reAyR_a51VmE_30ATNiMf9gwL8oGM= pos=<5669.795410, 28.534578, 5488.231445>) uncovered vehicle "Interceptor" (GlobalID=8000000080000000800000008002D367 pos=<5670.096191, 28.460871, 5490.268555>)!
11:22:13.390 [VehicleCarKey] Player "TomInTheNorth" (id=qD1dO4Xthw_yK-reAyR_a51VmE_30ATNiMf9gwL8oGM= pos=<5669.795410, 28.534578, 5488.231445>) used the  ExpansionCarKey to unlock Interceptor (id=0E2A22A7684D292E17D9D5A25AED3547 pos=<5670.093750, 28.460394, 5490.270508>)
11:22:35.597 [VehicleEnter] Player TomInTheNorth [uid=qD1dO4Xthw_yK-reAyR_a51VmE_30ATNiMf9gwL8oGM=] entered vehicle Interceptor (id=0E2A22A7684D292E17D9D5A25AED3547 pos=<5670.093750, 28.460424, 5490.270508>) as driver
11:22:39.441 [VehicleEngine] Player TomInTheNorth [uid=qD1dO4Xthw_yK-reAyR_a51VmE_30ATNiMf9gwL8oGM=] started vehicle Interceptor (id=0E2A22A7684D292E17D9D5A25AED3547 pos=<5670.093750, 28.460440, 5490.270508>)
11:23:14.375 [VehicleLeave] Player TomInTheNorth [uid=qD1dO4Xthw_yK-reAyR_a51VmE_30ATNiMf9gwL8oGM=] left vehicle Interceptor (id=0E2A22A7684D292E17D9D5A25AED3547 pos=<5633.483398, 28.600662, 5371.895996>)
11:23:56.585 [Market] Player "TomInTheNorth" (id=qD1dO4Xthw_yK-reAyR_a51VmE_30ATNiMf9gwL8oGM=) has send a requested to purchase weaponcleaningkit x1 from the trader "BuildingSupplies (Indar [BUILDINGS])" in market zone "The Holler" (pos=<5632.000000, 32.000000, 5392.000000>).
11:23:56.765 [Market] Player "TomInTheNorth" (id=qD1dO4Xthw_yK-reAyR_a51VmE_30ATNiMf9gwL8oGM=) has bought weaponcleaningkit x1 from the trader "BuildingSupplies (Indar [BUILDINGS])" in market zone "The Holler" (pos=<5632.000000, 32.000000, 5392.000000>) for a price of 280.
11:23:57.214 [Market] Player "TomInTheNorth" (id=qD1dO4Xthw_yK-reAyR_a51VmE_30ATNiMf9gwL8oGM=) has send a requested to purchase weaponcleaningkit x1 from the trader "BuildingSupplies (Indar [BUILDINGS])" in market zone "The Holler" (pos=<5632.000000, 32.000000, 5392.000000>).
11:23:57.398 [Market] Player "TomInTheNorth" (id=qD1dO4Xthw_yK-reAyR_a51VmE_30ATNiMf9gwL8oGM=) has bought weaponcleaningkit x1 from the trader "BuildingSupplies (Indar [BUILDINGS])" in market zone "The Holler" (pos=<5632.000000, 32.000000, 5392.000000>) for a price of 280.
11:23:57.925 [Market] Player "TomInTheNorth" (id=qD1dO4Xthw_yK-reAyR_a51VmE_30ATNiMf9gwL8oGM=) has send a requested to purchase leathersewingkit x1 from the trader "BuildingSupplies (Indar [BUILDINGS])" in market zone "The Holler" (pos=<5632.000000, 32.000000, 5392.000000>).
11:23:58.097 [Market] Player "TomInTheNorth" (id=qD1dO4Xthw_yK-reAyR_a51VmE_30ATNiMf9gwL8oGM=) has bought leathersewingkit x1 from the trader "BuildingSupplies (Indar [BUILDINGS])" in market zone "The Holler" (pos=<5632.000000, 32.000000, 5392.000000>) for a price of 110.
11:23:59.429 [Market] Player "TomInTheNorth" (id=qD1dO4Xthw_yK-reAyR_a51VmE_30ATNiMf9gwL8oGM=) has send a requested to purchase leathersewingkit x1 from the trader "BuildingSupplies (Indar [BUILDINGS])" in market zone "The Holler" (pos=<5632.000000, 32.000000, 5392.000000>).
11:23:59.609 [Market] Player "TomInTheNorth" (id=qD1dO4Xthw_yK-reAyR_a51VmE_30ATNiMf9gwL8oGM=) has bought leathersewingkit x1 from the trader "BuildingSupplies (Indar [BUILDINGS])" in market zone "The Holler" (pos=<5632.000000, 32.000000, 5392.000000>) for a price of 110.
11:24:00.964 [Market] Player "TomInTheNorth" (id=qD1dO4Xthw_yK-reAyR_a51VmE_30ATNiMf9gwL8oGM=) has send a requested to purchase sewingkit x1 from the trader "BuildingSupplies (Indar [BUILDINGS])" in market zone "The Holler" (pos=<5632.000000, 32.000000, 5392.000000>).
11:24:01.140 [Market] Player "TomInTheNorth" (id=qD1dO4Xthw_yK-reAyR_a51VmE_30ATNiMf9gwL8oGM=) has bought sewingkit x1 from the trader "BuildingSupplies (Indar [BUILDINGS])" in market zone "The Holler" (pos=<5632.000000, 32.000000, 5392.000000>) for a price of 95.
11:24:01.750 [Market] Player "TomInTheNorth" (id=qD1dO4Xthw_yK-reAyR_a51VmE_30ATNiMf9gwL8oGM=) has send a requested to purchase sewingkit x1 from the trader "BuildingSupplies (Indar [BUILDINGS])" in market zone "The Holler" (pos=<5632.000000, 32.000000, 5392.000000>).
11:24:01.917 [Market] Player "TomInTheNorth" (id=qD1dO4Xthw_yK-reAyR_a51VmE_30ATNiMf9gwL8oGM=) has bought sewingkit x1 from the trader "BuildingSupplies (Indar [BUILDINGS])" in market zone "The Holler" (pos=<5632.000000, 32.000000, 5392.000000>) for a price of 95.
11:24:19.335 [Market] Player "TomInTheNorth" (id=qD1dO4Xthw_yK-reAyR_a51VmE_30ATNiMf9gwL8oGM=) has send a requested to purchase ammobox x1 from the trader "BuildingSupplies (Indar [BUILDINGS])" in market zone "The Holler" (pos=<5632.000000, 32.000000, 5392.000000>).
11:24:19.523 [Market] Player "TomInTheNorth" (id=qD1dO4Xthw_yK-reAyR_a51VmE_30ATNiMf9gwL8oGM=) has bought ammobox x1 from the trader "BuildingSupplies (Indar [BUILDINGS])" in market zone "The Holler" (pos=<5632.000000, 32.000000, 5392.000000>) for a price of 800.
11:24:29.304 [VehicleEnter] Player TomInTheNorth [uid=qD1dO4Xthw_yK-reAyR_a51VmE_30ATNiMf9gwL8oGM=] entered vehicle Interceptor (id=0E2A22A7684D292E17D9D5A25AED3547 pos=<5633.483398, 28.600662, 5371.895996>) as driver
11:24:56.515 [Safezone] Player "TomInTheNorth" (id=qD1dO4Xthw_yK-reAyR_a51VmE_30ATNiMf9gwL8oGM= pos=<5827.812012, 29.840374, 5193.886230>) Left the safezone
11:25:37.691 [VehicleCarKey] Player "Lou Sassole" (id=ebo0O4yOjYkK486s9SoqLuFc3tRe1vP1S2eE1IJxhV4= pos=<5624.274414, 28.722446, 5414.525879>) used the  ExpansionCarKey to unlock HAMMER_H1_black_rust (id=0465CED7124A1AB439FC138E1E0BCE87 pos=<5626.427734, 28.750351, 5416.089355>)
11:26:17.093 [VehicleCarKey] Player "Lou Sassole" (id=ebo0O4yOjYkK486s9SoqLuFc3tRe1vP1S2eE1IJxhV4= pos=<5624.473633, 28.722498, 5413.513672>) used the  ExpansionCarKey to lock HAMMER_H1_black_rust (id=0465CED7124A1AB439FC138E1E0BCE87 pos=<5626.427734, 28.750351, 5416.089355>)
11:26:24.132 [ATM] Player "Lou Sassole" (id=ebo0O4yOjYkK486s9SoqLuFc3tRe1vP1S2eE1IJxhV4=) has deposited 32590 on his ATM account.
11:26:35.390 [VehicleCarKey] Player "Lou Sassole" (id=ebo0O4yOjYkK486s9SoqLuFc3tRe1vP1S2eE1IJxhV4= pos=<5625.046387, 28.929316, 5417.558594>) used the  ExpansionCarKey to unlock HAMMER_H1_black_rust (id=0465CED7124A1AB439FC138E1E0BCE87 pos=<5626.427734, 28.750351, 5416.089355>)
11:26:41.828 [VehicleEnter] Player Lou Sassole [uid=ebo0O4yOjYkK486s9SoqLuFc3tRe1vP1S2eE1IJxhV4=] entered vehicle HAMMER_H1 black_rust (id=0465CED7124A1AB439FC138E1E0BCE87 pos=<5626.427734, 28.750351, 5416.089355>) as driver
11:26:44.425 [VehicleEngine] Player Lou Sassole [uid=ebo0O4yOjYkK486s9SoqLuFc3tRe1vP1S2eE1IJxhV4=] started vehicle HAMMER_H1 black_rust (id=0465CED7124A1AB439FC138E1E0BCE87 pos=<5626.427734, 28.750349, 5416.089355>)
11:27:17.933 [Safezone] Player "Lou Sassole" (id=ebo0O4yOjYkK486s9SoqLuFc3tRe1vP1S2eE1IJxhV4= pos=<5729.645996, 20.774195, 5160.057129>) Left the safezone
11:28:01.421 [VehicleLeave] Player TomInTheNorth [uid=qD1dO4Xthw_yK-reAyR_a51VmE_30ATNiMf9gwL8oGM=] left vehicle Interceptor (id=0E2A22A7684D292E17D9D5A25AED3547 pos=<5589.171875, 2.500665, 7863.482422>)
11:28:31.687 [VehicleEnter] Player TomInTheNorth [uid=qD1dO4Xthw_yK-reAyR_a51VmE_30ATNiMf9gwL8oGM=] entered vehicle Interceptor (id=0E2A22A7684D292E17D9D5A25AED3547 pos=<5589.171875, 2.500665, 7863.482422>) as driver
11:31:36.210 [VehicleEngine] Player TomInTheNorth [uid=qD1dO4Xthw_yK-reAyR_a51VmE_30ATNiMf9gwL8oGM=] stopped vehicle Interceptor (id=0E2A22A7684D292E17D9D5A25AED3547 pos=<7445.754883, 6.540666, 8466.967773>)
11:31:43.898 [VehicleLeave] Player TomInTheNorth [uid=qD1dO4Xthw_yK-reAyR_a51VmE_30ATNiMf9gwL8oGM=] left vehicle Interceptor (id=0E2A22A7684D292E17D9D5A25AED3547 pos=<7445.754883, 6.540666, 8466.967773>)
11:33:54.687 [VehicleLeave] Player Lou Sassole [uid=ebo0O4yOjYkK486s9SoqLuFc3tRe1vP1S2eE1IJxhV4=] left vehicle HAMMER_H1 black_rust (id=0465CED7124A1AB439FC138E1E0BCE87 pos=<6489.172363, 21.736631, 1742.116699>)
11:33:58.507 [VehicleCarKey] Player "TomInTheNorth" (id=qD1dO4Xthw_yK-reAyR_a51VmE_30ATNiMf9gwL8oGM= pos=<7443.953613, 6.662500, 8465.755859>) used the  ExpansionCarKey to lock Interceptor (id=0E2A22A7684D292E17D9D5A25AED3547 pos=<7445.754883, 6.540667, 8466.967773>)
11:34:02.078 [VehicleCarKey] Player "TomInTheNorth" (id=qD1dO4Xthw_yK-reAyR_a51VmE_30ATNiMf9gwL8oGM= pos=<7443.953613, 6.662500, 8465.755859>) used the  ExpansionCarKey to unlock Interceptor (id=0E2A22A7684D292E17D9D5A25AED3547 pos=<7445.754883, 6.540667, 8466.967773>)
11:34:12.441 [VehicleCarKey] Player "TomInTheNorth" (id=qD1dO4Xthw_yK-reAyR_a51VmE_30ATNiMf9gwL8oGM= pos=<7444.265137, 6.662500, 8466.218750>) used the  ExpansionCarKey to lock Interceptor (id=0E2A22A7684D292E17D9D5A25AED3547 pos=<7445.754883, 6.540667, 8466.967773>)
11:34:22.750 [VehicleDeleted] Interceptor (id=0E2A22A7684D292E17D9D5A25AED3547 pos=<7445.754883, 6.540667, 8466.967773>)
11:34:22.750 [VehicleCover] Player "TomInTheNorth" (id=qD1dO4Xthw_yK-reAyR_a51VmE_30ATNiMf9gwL8oGM= pos=<7444.265137, 6.662500, 8466.218750>) covered vehicle "Interceptor" (GlobalID=8000000080000000800000008002D367 pos=<7445.754883, 6.540667, 8466.967773>)!
11:34:48.277 [Party] Player "TomInTheNorth" (id=qD1dO4Xthw_yK-reAyR_a51VmE_30ATNiMf9gwL8oGM=) left the party "DIEHARD" (id=32 ownerUID=JmVdSu0kzNbOpwjpFV-MDcMB-Equ3yPY-l-COMb6HgY= ownerName=Nick Leadbeatter)
11:35:40.187 [VehicleCarKey] Player "Lou Sassole" (id=ebo0O4yOjYkK486s9SoqLuFc3tRe1vP1S2eE1IJxhV4= pos=<6487.370605, 21.694458, 1740.149658>) used the  ExpansionCarKey to lock HAMMER_H1_black_rust (id=0465CED7124A1AB439FC138E1E0BCE87 pos=<6489.172363, 21.736629, 1742.116699>)
11:39:49.023 [VehicleCarKey] Player "Lou Sassole" (id=ebo0O4yOjYkK486s9SoqLuFc3tRe1vP1S2eE1IJxhV4= pos=<6490.405762, 21.697195, 1739.702759>) used the  ExpansionCarKey to unlock HAMMER_H1_black_rust (id=0465CED7124A1AB439FC138E1E0BCE87 pos=<6489.172363, 21.736629, 1742.116699>)
11:40:28.359 [VehicleCarKey] Player "Lou Sassole" (id=ebo0O4yOjYkK486s9SoqLuFc3tRe1vP1S2eE1IJxhV4= pos=<6490.918457, 21.696989, 1738.621460>) used the  ExpansionCarKey to lock HAMMER_H1_black_rust (id=0465CED7124A1AB439FC138E1E0BCE87 pos=<6489.172363, 21.736629, 1742.116699>)
11:57:24.980 [Party] Player "Lou Sassole" (id=ebo0O4yOjYkK486s9SoqLuFc3tRe1vP1S2eE1IJxhV4=) left the party "Loosey Goosey" (id=28 ownerUID=ebo0O4yOjYkK486s9SoqLuFc3tRe1vP1S2eE1IJxhV4= ownerName=Lou Sassole)
