00:14:33.894 [VehicleCover] Player "MaxCaliber" (id=s7vJf2NuCNme1MUM_sgLr2G3yzcxYg10pO0s-GAKExM= pos=<6235.050781, 4.942500, 9587.073242>) uncovered vehicle "OffroadHatchback" (GlobalID=800000008000000080000000800039A6 pos=<6236.822754, 4.970704, 9586.507813>)!
00:14:42.918 [VehicleCarKey] Player "MaxCaliber" (id=s7vJf2NuCNme1MUM_sgLr2G3yzcxYg10pO0s-GAKExM= pos=<6236.408691, 5.184848, 9583.412109>) used the  ExpansionCarKey to unlock OffroadHatchback (id=301570302E4D1E0BEB56538496C9F9D4 pos=<6236.822266, 4.970704, 9586.507813>)
00:21:46.458 [VehicleEnter] Player MaxCaliber [uid=s7vJf2NuCNme1MUM_sgLr2G3yzcxYg10pO0s-GAKExM=] entered vehicle Ada 4x4 (id=301570302E4D1E0BEB56538496C9F9D4 pos=<6236.822266, 4.970705, 9586.507813>) as driver
00:21:50.605 [VehicleEngine] Player MaxCaliber [uid=s7vJf2NuCNme1MUM_sgLr2G3yzcxYg10pO0s-GAKExM=] started vehicle Ada 4x4 (id=301570302E4D1E0BEB56538496C9F9D4 pos=<6236.822266, 4.970704, 9586.507813>)
00:24:16.141 [VehicleEngine] Player MaxCaliber [uid=s7vJf2NuCNme1MUM_sgLr2G3yzcxYg10pO0s-GAKExM=] stopped vehicle Ada 4x4 (id=301570302E4D1E0BEB56538496C9F9D4 pos=<5229.668457, 4.950703, 9100.446289>)
00:24:24.442 [VehicleLeave] Player MaxCaliber [uid=s7vJf2NuCNme1MUM_sgLr2G3yzcxYg10pO0s-GAKExM=] left vehicle Ada 4x4 (id=301570302E4D1E0BEB56538496C9F9D4 pos=<5229.668457, 4.950703, 9100.446289>)
00:25:45.663 [VehicleCarKey] Player "Captain Chaos" (id=KWl3ojgjStHOe3-iLRChpUG8crsNiNfei3BT6NCIfaw= pos=<9620.702148, 3.013926, 3098.579834>) used the  ExpansionCarKey to unlock Expansion_Landrover_Blue (id=215FE253B2499FAEF5FB248C7EA3CAE5 pos=<9619.276367, 2.982421, 3096.728516>)
00:25:58.284 [VehicleCarKey] Player "Captain Chaos" (id=KWl3ojgjStHOe3-iLRChpUG8crsNiNfei3BT6NCIfaw= pos=<9620.702148, 3.013926, 3098.579834>) used the  ExpansionCarKey to lock Expansion_Landrover_Blue (id=215FE253B2499FAEF5FB248C7EA3CAE5 pos=<9619.276367, 2.982421, 3096.728516>)
00:50:57.817 [VehicleEnter] Player MaxCaliber [uid=s7vJf2NuCNme1MUM_sgLr2G3yzcxYg10pO0s-GAKExM=] entered vehicle Ada 4x4 (id=301570302E4D1E0BEB56538496C9F9D4 pos=<5229.668457, 4.950703, 9100.446289>) as driver
00:51:00.513 [VehicleEngine] Player MaxCaliber [uid=s7vJf2NuCNme1MUM_sgLr2G3yzcxYg10pO0s-GAKExM=] started vehicle Ada 4x4 (id=301570302E4D1E0BEB56538496C9F9D4 pos=<5229.668457, 4.950702, 9100.446289>)
00:52:49.738 [AI Patrol] Spawning 3 Power Plant Patrol bots at <4735.229004, 20.430000, 7264.303223>
00:53:04.702 [VehicleEngine] Player MaxCaliber [uid=s7vJf2NuCNme1MUM_sgLr2G3yzcxYg10pO0s-GAKExM=] stopped vehicle Ada 4x4 (id=301570302E4D1E0BEB56538496C9F9D4 pos=<5133.876465, 59.500698, 8041.567383>)
00:53:09.149 [VehicleLeave] Player MaxCaliber [uid=s7vJf2NuCNme1MUM_sgLr2G3yzcxYg10pO0s-GAKExM=] left vehicle Ada 4x4 (id=301570302E4D1E0BEB56538496C9F9D4 pos=<5133.876953, 59.500702, 8041.567383>)
00:53:15.080 [VehicleCarKey] Player "MaxCaliber" (id=s7vJf2NuCNme1MUM_sgLr2G3yzcxYg10pO0s-GAKExM= pos=<5135.517578, 59.472488, 8041.153809>) used the  ExpansionCarKey to lock OffroadHatchback (id=301570302E4D1E0BEB56538496C9F9D4 pos=<5133.876465, 59.500698, 8041.567383>)
00:58:12.439 [VehicleCarKey] Player "MaxCaliber" (id=s7vJf2NuCNme1MUM_sgLr2G3yzcxYg10pO0s-GAKExM= pos=<5136.048828, 59.472618, 8040.855469>) used the  ExpansionCarKey to unlock OffroadHatchback (id=301570302E4D1E0BEB56538496C9F9D4 pos=<5133.876465, 59.500698, 8041.567383>)
00:58:19.770 [VehicleEnter] Player MaxCaliber [uid=s7vJf2NuCNme1MUM_sgLr2G3yzcxYg10pO0s-GAKExM=] entered vehicle Ada 4x4 (id=301570302E4D1E0BEB56538496C9F9D4 pos=<5133.876465, 59.500702, 8041.567383>) as driver
00:58:22.885 [VehicleEngine] Player MaxCaliber [uid=s7vJf2NuCNme1MUM_sgLr2G3yzcxYg10pO0s-GAKExM=] started vehicle Ada 4x4 (id=301570302E4D1E0BEB56538496C9F9D4 pos=<5133.876953, 59.500702, 8041.567383>)
01:03:14.156 [VehicleEngine] Player MaxCaliber [uid=s7vJf2NuCNme1MUM_sgLr2G3yzcxYg10pO0s-GAKExM=] stopped vehicle Ada 4x4 (id=301570302E4D1E0BEB56538496C9F9D4 pos=<6505.447266, 15.130703, 6480.953125>)
01:03:16.458 [VehicleLeave] Player MaxCaliber [uid=s7vJf2NuCNme1MUM_sgLr2G3yzcxYg10pO0s-GAKExM=] left vehicle Ada 4x4 (id=301570302E4D1E0BEB56538496C9F9D4 pos=<6505.447266, 15.130702, 6480.953125>)
01:04:09.761 [BaseRaiding] ExpansionWall6x3 (<6491.201172, 15.479415, 6462.609375>) player "MaxCaliber" (ID = "s7vJf2NuCNme1MUM_sgLr2G3yzcxYg10pO0s-GAKExM=" at <6492.543945, 15.102494, 6459.922363>) failed to enter the correct code.
01:04:09.761 [BaseRaiding] ExpansionWall6x3 (<6491.201172, 15.479415, 6462.609375>) The correct code was 1989 and the player tried 1776
01:04:24.628 [BaseRaiding] ExpansionWall6x3 (<6491.201172, 15.479415, 6462.609375>) player "MaxCaliber" (ID = "s7vJf2NuCNme1MUM_sgLr2G3yzcxYg10pO0s-GAKExM=" at <6492.543945, 15.102494, 6459.922363>) failed to enter the correct code.
01:04:24.629 [BaseRaiding] ExpansionWall6x3 (<6491.201172, 15.479415, 6462.609375>) The correct code was 1989 and the player tried 5856
01:05:54.562 [VehicleEnter] Player MaxCaliber [uid=s7vJf2NuCNme1MUM_sgLr2G3yzcxYg10pO0s-GAKExM=] entered vehicle Ada 4x4 (id=301570302E4D1E0BEB56538496C9F9D4 pos=<6505.447266, 15.130703, 6480.953125>) as driver
01:05:57.710 [VehicleEngine] Player MaxCaliber [uid=s7vJf2NuCNme1MUM_sgLr2G3yzcxYg10pO0s-GAKExM=] started vehicle Ada 4x4 (id=301570302E4D1E0BEB56538496C9F9D4 pos=<6505.447266, 15.130702, 6480.953125>)
01:06:37.995 [VehicleLeave] Player MaxCaliber [uid=s7vJf2NuCNme1MUM_sgLr2G3yzcxYg10pO0s-GAKExM=] left vehicle Ada 4x4 (id=301570302E4D1E0BEB56538496C9F9D4 pos=<6626.402832, 15.130704, 6449.381836>)
01:19:46.589 [VehicleEnter] Player MaxCaliber [uid=s7vJf2NuCNme1MUM_sgLr2G3yzcxYg10pO0s-GAKExM=] entered vehicle Ada 4x4 (id=301570302E4D1E0BEB56538496C9F9D4 pos=<6626.402832, 15.130703, 6449.381836>) as driver
01:19:49.189 [VehicleEngine] Player MaxCaliber [uid=s7vJf2NuCNme1MUM_sgLr2G3yzcxYg10pO0s-GAKExM=] started vehicle Ada 4x4 (id=301570302E4D1E0BEB56538496C9F9D4 pos=<6626.402832, 15.130704, 6449.381836>)
01:22:58.101 [Safezone] Player "MaxCaliber" (id=s7vJf2NuCNme1MUM_sgLr2G3yzcxYg10pO0s-GAKExM= pos=<5659.367188, 29.679832, 5530.101074>) Entered the safezone
01:23:22.610 [VehicleEngine] Player MaxCaliber [uid=s7vJf2NuCNme1MUM_sgLr2G3yzcxYg10pO0s-GAKExM=] stopped vehicle Ada 4x4 (id=301570302E4D1E0BEB56538496C9F9D4 pos=<5631.754395, 28.695585, 5422.290039>)
01:23:26.058 [VehicleLeave] Player MaxCaliber [uid=s7vJf2NuCNme1MUM_sgLr2G3yzcxYg10pO0s-GAKExM=] left vehicle Ada 4x4 (id=301570302E4D1E0BEB56538496C9F9D4 pos=<5631.754395, 28.695585, 5422.290039>)
01:24:12.592 [VehicleCarKey] Player "MaxCaliber" (id=s7vJf2NuCNme1MUM_sgLr2G3yzcxYg10pO0s-GAKExM= pos=<5633.488281, 28.693306, 5421.207031>) used the  ExpansionCarKey to lock OffroadHatchback (id=301570302E4D1E0BEB56538496C9F9D4 pos=<5631.754395, 28.695595, 5422.290039>)
01:24:33.314 [Market] Player "MaxCaliber" (id=s7vJf2NuCNme1MUM_sgLr2G3yzcxYg10pO0s-GAKExM=) has send a requested to sell ammo_545x39 x1 at the trader "Weapons (Oliver [#STR_EXPANSION_MARKET_TRADER_WEAPONS])" in market zone "The Holler" (pos=<5632.000000, 32.000000, 5392.000000>).
01:24:33.461 [Market] Player "MaxCaliber" (id=s7vJf2NuCNme1MUM_sgLr2G3yzcxYg10pO0s-GAKExM=) has sold ammo_545x39 x1 at the trader "Weapons (Oliver [#STR_EXPANSION_MARKET_TRADER_WEAPONS])" in market zone "The Holler" (pos=<5632.000000, 32.000000, 5392.000000>) and got 0.
01:24:34.167 [Market] Player "MaxCaliber" (id=s7vJf2NuCNme1MUM_sgLr2G3yzcxYg10pO0s-GAKExM=) has send a requested to sell ammo_545x39 x1 at the trader "Weapons (Oliver [#STR_EXPANSION_MARKET_TRADER_WEAPONS])" in market zone "The Holler" (pos=<5632.000000, 32.000000, 5392.000000>).
01:24:34.330 [Market] Player "MaxCaliber" (id=s7vJf2NuCNme1MUM_sgLr2G3yzcxYg10pO0s-GAKExM=) has sold ammo_545x39 x1 at the trader "Weapons (Oliver [#STR_EXPANSION_MARKET_TRADER_WEAPONS])" in market zone "The Holler" (pos=<5632.000000, 32.000000, 5392.000000>) and got 0.
01:24:34.942 [Market] Player "MaxCaliber" (id=s7vJf2NuCNme1MUM_sgLr2G3yzcxYg10pO0s-GAKExM=) has send a requested to sell ammo_545x39 x1 at the trader "Weapons (Oliver [#STR_EXPANSION_MARKET_TRADER_WEAPONS])" in market zone "The Holler" (pos=<5632.000000, 32.000000, 5392.000000>).
01:24:35.044 [Market] Player "MaxCaliber" (id=s7vJf2NuCNme1MUM_sgLr2G3yzcxYg10pO0s-GAKExM=) has sold ammo_545x39 x1 at the trader "Weapons (Oliver [#STR_EXPANSION_MARKET_TRADER_WEAPONS])" in market zone "The Holler" (pos=<5632.000000, 32.000000, 5392.000000>) and got 0.
01:24:35.664 [Market] Player "MaxCaliber" (id=s7vJf2NuCNme1MUM_sgLr2G3yzcxYg10pO0s-GAKExM=) has send a requested to sell ammo_545x39 x1 at the trader "Weapons (Oliver [#STR_EXPANSION_MARKET_TRADER_WEAPONS])" in market zone "The Holler" (pos=<5632.000000, 32.000000, 5392.000000>).
01:24:35.798 [Market] Player "MaxCaliber" (id=s7vJf2NuCNme1MUM_sgLr2G3yzcxYg10pO0s-GAKExM=) has sold ammo_545x39 x1 at the trader "Weapons (Oliver [#STR_EXPANSION_MARKET_TRADER_WEAPONS])" in market zone "The Holler" (pos=<5632.000000, 32.000000, 5392.000000>) and got 0.
01:24:36.385 [Market] Player "MaxCaliber" (id=s7vJf2NuCNme1MUM_sgLr2G3yzcxYg10pO0s-GAKExM=) has send a requested to sell ammo_545x39 x1 at the trader "Weapons (Oliver [#STR_EXPANSION_MARKET_TRADER_WEAPONS])" in market zone "The Holler" (pos=<5632.000000, 32.000000, 5392.000000>).
01:24:36.512 [Market] Player "MaxCaliber" (id=s7vJf2NuCNme1MUM_sgLr2G3yzcxYg10pO0s-GAKExM=) has sold ammo_545x39 x1 at the trader "Weapons (Oliver [#STR_EXPANSION_MARKET_TRADER_WEAPONS])" in market zone "The Holler" (pos=<5632.000000, 32.000000, 5392.000000>) and got 0.
01:24:37.143 [Market] Player "MaxCaliber" (id=s7vJf2NuCNme1MUM_sgLr2G3yzcxYg10pO0s-GAKExM=) has send a requested to sell ammo_545x39 x1 at the trader "Weapons (Oliver [#STR_EXPANSION_MARKET_TRADER_WEAPONS])" in market zone "The Holler" (pos=<5632.000000, 32.000000, 5392.000000>).
01:24:37.243 [Market] Player "MaxCaliber" (id=s7vJf2NuCNme1MUM_sgLr2G3yzcxYg10pO0s-GAKExM=) has sold ammo_545x39 x1 at the trader "Weapons (Oliver [#STR_EXPANSION_MARKET_TRADER_WEAPONS])" in market zone "The Holler" (pos=<5632.000000, 32.000000, 5392.000000>) and got 0.
01:24:37.866 [Market] Player "MaxCaliber" (id=s7vJf2NuCNme1MUM_sgLr2G3yzcxYg10pO0s-GAKExM=) has send a requested to sell ammo_545x39 x1 at the trader "Weapons (Oliver [#STR_EXPANSION_MARKET_TRADER_WEAPONS])" in market zone "The Holler" (pos=<5632.000000, 32.000000, 5392.000000>).
01:24:38.013 [Market] Player "MaxCaliber" (id=s7vJf2NuCNme1MUM_sgLr2G3yzcxYg10pO0s-GAKExM=) has sold ammo_545x39 x1 at the trader "Weapons (Oliver [#STR_EXPANSION_MARKET_TRADER_WEAPONS])" in market zone "The Holler" (pos=<5632.000000, 32.000000, 5392.000000>) and got 0.
01:24:38.577 [Market] Player "MaxCaliber" (id=s7vJf2NuCNme1MUM_sgLr2G3yzcxYg10pO0s-GAKExM=) has send a requested to sell ammo_545x39 x1 at the trader "Weapons (Oliver [#STR_EXPANSION_MARKET_TRADER_WEAPONS])" in market zone "The Holler" (pos=<5632.000000, 32.000000, 5392.000000>).
01:24:38.710 [Market] Player "MaxCaliber" (id=s7vJf2NuCNme1MUM_sgLr2G3yzcxYg10pO0s-GAKExM=) has sold ammo_545x39 x1 at the trader "Weapons (Oliver [#STR_EXPANSION_MARKET_TRADER_WEAPONS])" in market zone "The Holler" (pos=<5632.000000, 32.000000, 5392.000000>) and got 0.
01:24:39.294 [Market] Player "MaxCaliber" (id=s7vJf2NuCNme1MUM_sgLr2G3yzcxYg10pO0s-GAKExM=) has send a requested to sell ammo_545x39 x1 at the trader "Weapons (Oliver [#STR_EXPANSION_MARKET_TRADER_WEAPONS])" in market zone "The Holler" (pos=<5632.000000, 32.000000, 5392.000000>).
01:24:39.444 [Market] Player "MaxCaliber" (id=s7vJf2NuCNme1MUM_sgLr2G3yzcxYg10pO0s-GAKExM=) has sold ammo_545x39 x1 at the trader "Weapons (Oliver [#STR_EXPANSION_MARKET_TRADER_WEAPONS])" in market zone "The Holler" (pos=<5632.000000, 32.000000, 5392.000000>) and got 0.
01:24:40.013 [Market] Player "MaxCaliber" (id=s7vJf2NuCNme1MUM_sgLr2G3yzcxYg10pO0s-GAKExM=) has send a requested to sell ammo_545x39 x1 at the trader "Weapons (Oliver [#STR_EXPANSION_MARKET_TRADER_WEAPONS])" in market zone "The Holler" (pos=<5632.000000, 32.000000, 5392.000000>).
01:24:40.143 [Market] Player "MaxCaliber" (id=s7vJf2NuCNme1MUM_sgLr2G3yzcxYg10pO0s-GAKExM=) has sold ammo_545x39 x1 at the trader "Weapons (Oliver [#STR_EXPANSION_MARKET_TRADER_WEAPONS])" in market zone "The Holler" (pos=<5632.000000, 32.000000, 5392.000000>) and got 0.
01:24:40.745 [Market] Player "MaxCaliber" (id=s7vJf2NuCNme1MUM_sgLr2G3yzcxYg10pO0s-GAKExM=) has send a requested to sell ammo_545x39 x1 at the trader "Weapons (Oliver [#STR_EXPANSION_MARKET_TRADER_WEAPONS])" in market zone "The Holler" (pos=<5632.000000, 32.000000, 5392.000000>).
01:24:40.895 [Market] Player "MaxCaliber" (id=s7vJf2NuCNme1MUM_sgLr2G3yzcxYg10pO0s-GAKExM=) has sold ammo_545x39 x1 at the trader "Weapons (Oliver [#STR_EXPANSION_MARKET_TRADER_WEAPONS])" in market zone "The Holler" (pos=<5632.000000, 32.000000, 5392.000000>) and got 0.
01:24:41.549 [Market] Player "MaxCaliber" (id=s7vJf2NuCNme1MUM_sgLr2G3yzcxYg10pO0s-GAKExM=) has send a requested to sell ammo_545x39 x1 at the trader "Weapons (Oliver [#STR_EXPANSION_MARKET_TRADER_WEAPONS])" in market zone "The Holler" (pos=<5632.000000, 32.000000, 5392.000000>).
01:24:41.679 [Market] Player "MaxCaliber" (id=s7vJf2NuCNme1MUM_sgLr2G3yzcxYg10pO0s-GAKExM=) has sold ammo_545x39 x1 at the trader "Weapons (Oliver [#STR_EXPANSION_MARKET_TRADER_WEAPONS])" in market zone "The Holler" (pos=<5632.000000, 32.000000, 5392.000000>) and got 0.
01:24:42.347 [Market] Player "MaxCaliber" (id=s7vJf2NuCNme1MUM_sgLr2G3yzcxYg10pO0s-GAKExM=) has send a requested to sell ammo_545x39 x1 at the trader "Weapons (Oliver [#STR_EXPANSION_MARKET_TRADER_WEAPONS])" in market zone "The Holler" (pos=<5632.000000, 32.000000, 5392.000000>).
01:24:42.494 [Market] Player "MaxCaliber" (id=s7vJf2NuCNme1MUM_sgLr2G3yzcxYg10pO0s-GAKExM=) has sold ammo_545x39 x1 at the trader "Weapons (Oliver [#STR_EXPANSION_MARKET_TRADER_WEAPONS])" in market zone "The Holler" (pos=<5632.000000, 32.000000, 5392.000000>) and got 0.
01:24:43.146 [Market] Player "MaxCaliber" (id=s7vJf2NuCNme1MUM_sgLr2G3yzcxYg10pO0s-GAKExM=) has send a requested to sell ammo_545x39 x1 at the trader "Weapons (Oliver [#STR_EXPANSION_MARKET_TRADER_WEAPONS])" in market zone "The Holler" (pos=<5632.000000, 32.000000, 5392.000000>).
01:24:43.278 [Market] Player "MaxCaliber" (id=s7vJf2NuCNme1MUM_sgLr2G3yzcxYg10pO0s-GAKExM=) has sold ammo_545x39 x1 at the trader "Weapons (Oliver [#STR_EXPANSION_MARKET_TRADER_WEAPONS])" in market zone "The Holler" (pos=<5632.000000, 32.000000, 5392.000000>) and got 0.
01:24:45.303 [Market] Player "MaxCaliber" (id=s7vJf2NuCNme1MUM_sgLr2G3yzcxYg10pO0s-GAKExM=) has send a requested to sell ammo_flare x1 at the trader "Weapons (Oliver [#STR_EXPANSION_MARKET_TRADER_WEAPONS])" in market zone "The Holler" (pos=<5632.000000, 32.000000, 5392.000000>).
01:24:45.456 [Market] Player "MaxCaliber" (id=s7vJf2NuCNme1MUM_sgLr2G3yzcxYg10pO0s-GAKExM=) has sold ammo_flare x1 at the trader "Weapons (Oliver [#STR_EXPANSION_MARKET_TRADER_WEAPONS])" in market zone "The Holler" (pos=<5632.000000, 32.000000, 5392.000000>) and got 1.
01:24:45.975 [Market] Player "MaxCaliber" (id=s7vJf2NuCNme1MUM_sgLr2G3yzcxYg10pO0s-GAKExM=) has send a requested to sell ammo_flare x1 at the trader "Weapons (Oliver [#STR_EXPANSION_MARKET_TRADER_WEAPONS])" in market zone "The Holler" (pos=<5632.000000, 32.000000, 5392.000000>).
01:24:46.095 [Market] Player "MaxCaliber" (id=s7vJf2NuCNme1MUM_sgLr2G3yzcxYg10pO0s-GAKExM=) has sold ammo_flare x1 at the trader "Weapons (Oliver [#STR_EXPANSION_MARKET_TRADER_WEAPONS])" in market zone "The Holler" (pos=<5632.000000, 32.000000, 5392.000000>) and got 1.
01:24:46.718 [Market] Player "MaxCaliber" (id=s7vJf2NuCNme1MUM_sgLr2G3yzcxYg10pO0s-GAKExM=) has send a requested to sell ammo_flare x1 at the trader "Weapons (Oliver [#STR_EXPANSION_MARKET_TRADER_WEAPONS])" in market zone "The Holler" (pos=<5632.000000, 32.000000, 5392.000000>).
01:24:46.846 [Market] Player "MaxCaliber" (id=s7vJf2NuCNme1MUM_sgLr2G3yzcxYg10pO0s-GAKExM=) has sold ammo_flare x1 at the trader "Weapons (Oliver [#STR_EXPANSION_MARKET_TRADER_WEAPONS])" in market zone "The Holler" (pos=<5632.000000, 32.000000, 5392.000000>) and got 1.
01:24:47.496 [Market] Player "MaxCaliber" (id=s7vJf2NuCNme1MUM_sgLr2G3yzcxYg10pO0s-GAKExM=) has send a requested to sell ammo_flare x1 at the trader "Weapons (Oliver [#STR_EXPANSION_MARKET_TRADER_WEAPONS])" in market zone "The Holler" (pos=<5632.000000, 32.000000, 5392.000000>).
01:24:47.646 [Market] Player "MaxCaliber" (id=s7vJf2NuCNme1MUM_sgLr2G3yzcxYg10pO0s-GAKExM=) has sold ammo_flare x1 at the trader "Weapons (Oliver [#STR_EXPANSION_MARKET_TRADER_WEAPONS])" in market zone "The Holler" (pos=<5632.000000, 32.000000, 5392.000000>) and got 1.
01:24:48.246 [Market] Player "MaxCaliber" (id=s7vJf2NuCNme1MUM_sgLr2G3yzcxYg10pO0s-GAKExM=) has send a requested to sell ammo_flare x1 at the trader "Weapons (Oliver [#STR_EXPANSION_MARKET_TRADER_WEAPONS])" in market zone "The Holler" (pos=<5632.000000, 32.000000, 5392.000000>).
01:24:48.380 [Market] Player "MaxCaliber" (id=s7vJf2NuCNme1MUM_sgLr2G3yzcxYg10pO0s-GAKExM=) has sold ammo_flare x1 at the trader "Weapons (Oliver [#STR_EXPANSION_MARKET_TRADER_WEAPONS])" in market zone "The Holler" (pos=<5632.000000, 32.000000, 5392.000000>) and got 1.
01:25:01.930 [Market] Player "MaxCaliber" (id=s7vJf2NuCNme1MUM_sgLr2G3yzcxYg10pO0s-GAKExM=) has send a requested to sell ammo_12gaslug x1 at the trader "Weapons (Oliver [#STR_EXPANSION_MARKET_TRADER_WEAPONS])" in market zone "The Holler" (pos=<5632.000000, 32.000000, 5392.000000>).
01:25:02.076 [Market] Player "MaxCaliber" (id=s7vJf2NuCNme1MUM_sgLr2G3yzcxYg10pO0s-GAKExM=) has sold ammo_12gaslug x1 at the trader "Weapons (Oliver [#STR_EXPANSION_MARKET_TRADER_WEAPONS])" in market zone "The Holler" (pos=<5632.000000, 32.000000, 5392.000000>) and got 0.
01:25:02.773 [Market] Player "MaxCaliber" (id=s7vJf2NuCNme1MUM_sgLr2G3yzcxYg10pO0s-GAKExM=) has send a requested to sell ammo_12gaslug x1 at the trader "Weapons (Oliver [#STR_EXPANSION_MARKET_TRADER_WEAPONS])" in market zone "The Holler" (pos=<5632.000000, 32.000000, 5392.000000>).
01:25:02.897 [Market] Player "MaxCaliber" (id=s7vJf2NuCNme1MUM_sgLr2G3yzcxYg10pO0s-GAKExM=) has sold ammo_12gaslug x1 at the trader "Weapons (Oliver [#STR_EXPANSION_MARKET_TRADER_WEAPONS])" in market zone "The Holler" (pos=<5632.000000, 32.000000, 5392.000000>) and got 0.
01:25:04.681 [Market] Player "MaxCaliber" (id=s7vJf2NuCNme1MUM_sgLr2G3yzcxYg10pO0s-GAKExM=) has send a requested to sell ammo_40mm_smoke_white x1 at the trader "Weapons (Oliver [#STR_EXPANSION_MARKET_TRADER_WEAPONS])" in market zone "The Holler" (pos=<5632.000000, 32.000000, 5392.000000>).
01:25:04.827 [Market] Player "MaxCaliber" (id=s7vJf2NuCNme1MUM_sgLr2G3yzcxYg10pO0s-GAKExM=) has sold ammo_40mm_smoke_white x1 at the trader "Weapons (Oliver [#STR_EXPANSION_MARKET_TRADER_WEAPONS])" in market zone "The Holler" (pos=<5632.000000, 32.000000, 5392.000000>) and got 375.
01:25:07.290 [Market] Player "MaxCaliber" (id=s7vJf2NuCNme1MUM_sgLr2G3yzcxYg10pO0s-GAKExM=) has send a requested to sell ammo_762x39 x1 at the trader "Weapons (Oliver [#STR_EXPANSION_MARKET_TRADER_WEAPONS])" in market zone "The Holler" (pos=<5632.000000, 32.000000, 5392.000000>).
01:25:07.398 [Market] Player "MaxCaliber" (id=s7vJf2NuCNme1MUM_sgLr2G3yzcxYg10pO0s-GAKExM=) has sold ammo_762x39 x1 at the trader "Weapons (Oliver [#STR_EXPANSION_MARKET_TRADER_WEAPONS])" in market zone "The Holler" (pos=<5632.000000, 32.000000, 5392.000000>) and got 1.
01:25:07.947 [Market] Player "MaxCaliber" (id=s7vJf2NuCNme1MUM_sgLr2G3yzcxYg10pO0s-GAKExM=) has send a requested to sell ammo_762x39 x1 at the trader "Weapons (Oliver [#STR_EXPANSION_MARKET_TRADER_WEAPONS])" in market zone "The Holler" (pos=<5632.000000, 32.000000, 5392.000000>).
01:25:08.129 [Market] Player "MaxCaliber" (id=s7vJf2NuCNme1MUM_sgLr2G3yzcxYg10pO0s-GAKExM=) has sold ammo_762x39 x1 at the trader "Weapons (Oliver [#STR_EXPANSION_MARKET_TRADER_WEAPONS])" in market zone "The Holler" (pos=<5632.000000, 32.000000, 5392.000000>) and got 1.
01:25:08.698 [Market] Player "MaxCaliber" (id=s7vJf2NuCNme1MUM_sgLr2G3yzcxYg10pO0s-GAKExM=) has send a requested to sell ammo_762x39 x1 at the trader "Weapons (Oliver [#STR_EXPANSION_MARKET_TRADER_WEAPONS])" in market zone "The Holler" (pos=<5632.000000, 32.000000, 5392.000000>).
01:25:08.844 [Market] Player "MaxCaliber" (id=s7vJf2NuCNme1MUM_sgLr2G3yzcxYg10pO0s-GAKExM=) has sold ammo_762x39 x1 at the trader "Weapons (Oliver [#STR_EXPANSION_MARKET_TRADER_WEAPONS])" in market zone "The Holler" (pos=<5632.000000, 32.000000, 5392.000000>) and got 1.
01:25:09.398 [Market] Player "MaxCaliber" (id=s7vJf2NuCNme1MUM_sgLr2G3yzcxYg10pO0s-GAKExM=) has send a requested to sell ammo_762x39 x1 at the trader "Weapons (Oliver [#STR_EXPANSION_MARKET_TRADER_WEAPONS])" in market zone "The Holler" (pos=<5632.000000, 32.000000, 5392.000000>).
01:25:09.531 [Market] Player "MaxCaliber" (id=s7vJf2NuCNme1MUM_sgLr2G3yzcxYg10pO0s-GAKExM=) has sold ammo_762x39 x1 at the trader "Weapons (Oliver [#STR_EXPANSION_MARKET_TRADER_WEAPONS])" in market zone "The Holler" (pos=<5632.000000, 32.000000, 5392.000000>) and got 1.
01:25:11.362 [Market] Player "MaxCaliber" (id=s7vJf2NuCNme1MUM_sgLr2G3yzcxYg10pO0s-GAKExM=) has send a requested to sell ammo_762x39 x1 at the trader "Weapons (Oliver [#STR_EXPANSION_MARKET_TRADER_WEAPONS])" in market zone "The Holler" (pos=<5632.000000, 32.000000, 5392.000000>).
01:25:11.528 [Market] Player "MaxCaliber" (id=s7vJf2NuCNme1MUM_sgLr2G3yzcxYg10pO0s-GAKExM=) has sold ammo_762x39 x1 at the trader "Weapons (Oliver [#STR_EXPANSION_MARKET_TRADER_WEAPONS])" in market zone "The Holler" (pos=<5632.000000, 32.000000, 5392.000000>) and got 1.
01:25:12.080 [Market] Player "MaxCaliber" (id=s7vJf2NuCNme1MUM_sgLr2G3yzcxYg10pO0s-GAKExM=) has send a requested to sell ammo_762x39 x1 at the trader "Weapons (Oliver [#STR_EXPANSION_MARKET_TRADER_WEAPONS])" in market zone "The Holler" (pos=<5632.000000, 32.000000, 5392.000000>).
01:25:12.231 [Market] Player "MaxCaliber" (id=s7vJf2NuCNme1MUM_sgLr2G3yzcxYg10pO0s-GAKExM=) has sold ammo_762x39 x1 at the trader "Weapons (Oliver [#STR_EXPANSION_MARKET_TRADER_WEAPONS])" in market zone "The Holler" (pos=<5632.000000, 32.000000, 5392.000000>) and got 1.
01:25:16.881 [Market] Player "MaxCaliber" (id=s7vJf2NuCNme1MUM_sgLr2G3yzcxYg10pO0s-GAKExM=) has send a requested to sell twp_ammobox_44mag_30rnd x1 at the trader "Weapons (Oliver [#STR_EXPANSION_MARKET_TRADER_WEAPONS])" in market zone "The Holler" (pos=<5632.000000, 32.000000, 5392.000000>).
01:25:16.998 [Market] Player "MaxCaliber" (id=s7vJf2NuCNme1MUM_sgLr2G3yzcxYg10pO0s-GAKExM=) has sold twp_ammobox_44mag_30rnd x1 at the trader "Weapons (Oliver [#STR_EXPANSION_MARKET_TRADER_WEAPONS])" in market zone "The Holler" (pos=<5632.000000, 32.000000, 5392.000000>) and got 13.
01:25:19.511 [Market] Player "MaxCaliber" (id=s7vJf2NuCNme1MUM_sgLr2G3yzcxYg10pO0s-GAKExM=) has send a requested to sell twp_ammobox_50bmg_10rnd x1 at the trader "Weapons (Oliver [#STR_EXPANSION_MARKET_TRADER_WEAPONS])" in market zone "The Holler" (pos=<5632.000000, 32.000000, 5392.000000>).
01:25:19.660 [Market] Player "MaxCaliber" (id=s7vJf2NuCNme1MUM_sgLr2G3yzcxYg10pO0s-GAKExM=) has sold twp_ammobox_50bmg_10rnd x1 at the trader "Weapons (Oliver [#STR_EXPANSION_MARKET_TRADER_WEAPONS])" in market zone "The Holler" (pos=<5632.000000, 32.000000, 5392.000000>) and got 4.
01:25:21.497 [Market] Player "MaxCaliber" (id=s7vJf2NuCNme1MUM_sgLr2G3yzcxYg10pO0s-GAKExM=) has send a requested to sell twp_ammobox_50bmg_10rnd x1 at the trader "Weapons (Oliver [#STR_EXPANSION_MARKET_TRADER_WEAPONS])" in market zone "The Holler" (pos=<5632.000000, 32.000000, 5392.000000>).
01:25:21.629 [Market] Player "MaxCaliber" (id=s7vJf2NuCNme1MUM_sgLr2G3yzcxYg10pO0s-GAKExM=) has sold twp_ammobox_50bmg_10rnd x1 at the trader "Weapons (Oliver [#STR_EXPANSION_MARKET_TRADER_WEAPONS])" in market zone "The Holler" (pos=<5632.000000, 32.000000, 5392.000000>) and got 18.
01:25:23.745 [Market] Player "MaxCaliber" (id=s7vJf2NuCNme1MUM_sgLr2G3yzcxYg10pO0s-GAKExM=) has send a requested to sell ammobox_308win_20rnd x1 at the trader "Weapons (Oliver [#STR_EXPANSION_MARKET_TRADER_WEAPONS])" in market zone "The Holler" (pos=<5632.000000, 32.000000, 5392.000000>).
01:25:23.862 [Market] Player "MaxCaliber" (id=s7vJf2NuCNme1MUM_sgLr2G3yzcxYg10pO0s-GAKExM=) has sold ammobox_308win_20rnd x1 at the trader "Weapons (Oliver [#STR_EXPANSION_MARKET_TRADER_WEAPONS])" in market zone "The Holler" (pos=<5632.000000, 32.000000, 5392.000000>) and got 18.
01:25:25.132 [Market] Player "MaxCaliber" (id=s7vJf2NuCNme1MUM_sgLr2G3yzcxYg10pO0s-GAKExM=) has send a requested to sell ammobox_45acp_25rnd x1 at the trader "Weapons (Oliver [#STR_EXPANSION_MARKET_TRADER_WEAPONS])" in market zone "The Holler" (pos=<5632.000000, 32.000000, 5392.000000>).
01:25:25.276 [Market] Player "MaxCaliber" (id=s7vJf2NuCNme1MUM_sgLr2G3yzcxYg10pO0s-GAKExM=) has sold ammobox_45acp_25rnd x1 at the trader "Weapons (Oliver [#STR_EXPANSION_MARKET_TRADER_WEAPONS])" in market zone "The Holler" (pos=<5632.000000, 32.000000, 5392.000000>) and got 7.
01:25:26.147 [Market] Player "MaxCaliber" (id=s7vJf2NuCNme1MUM_sgLr2G3yzcxYg10pO0s-GAKExM=) has send a requested to sell ammobox_556x45_20rnd x1 at the trader "Weapons (Oliver [#STR_EXPANSION_MARKET_TRADER_WEAPONS])" in market zone "The Holler" (pos=<5632.000000, 32.000000, 5392.000000>).
01:25:26.279 [Market] Player "MaxCaliber" (id=s7vJf2NuCNme1MUM_sgLr2G3yzcxYg10pO0s-GAKExM=) has sold ammobox_556x45_20rnd x1 at the trader "Weapons (Oliver [#STR_EXPANSION_MARKET_TRADER_WEAPONS])" in market zone "The Holler" (pos=<5632.000000, 32.000000, 5392.000000>) and got 6.
01:25:26.996 [Market] Player "MaxCaliber" (id=s7vJf2NuCNme1MUM_sgLr2G3yzcxYg10pO0s-GAKExM=) has send a requested to sell ammobox_762x39_20rnd x1 at the trader "Weapons (Oliver [#STR_EXPANSION_MARKET_TRADER_WEAPONS])" in market zone "The Holler" (pos=<5632.000000, 32.000000, 5392.000000>).
01:25:27.162 [Market] Player "MaxCaliber" (id=s7vJf2NuCNme1MUM_sgLr2G3yzcxYg10pO0s-GAKExM=) has sold ammobox_762x39_20rnd x1 at the trader "Weapons (Oliver [#STR_EXPANSION_MARKET_TRADER_WEAPONS])" in market zone "The Holler" (pos=<5632.000000, 32.000000, 5392.000000>) and got 6.
01:25:30.568 [Market] Player "MaxCaliber" (id=s7vJf2NuCNme1MUM_sgLr2G3yzcxYg10pO0s-GAKExM=) has send a requested to sell huntingknife x1 at the trader "Weapons (Oliver [#STR_EXPANSION_MARKET_TRADER_WEAPONS])" in market zone "The Holler" (pos=<5632.000000, 32.000000, 5392.000000>).
01:25:30.711 [Market] Player "MaxCaliber" (id=s7vJf2NuCNme1MUM_sgLr2G3yzcxYg10pO0s-GAKExM=) has sold huntingknife x1 at the trader "Weapons (Oliver [#STR_EXPANSION_MARKET_TRADER_WEAPONS])" in market zone "The Holler" (pos=<5632.000000, 32.000000, 5392.000000>) and got 6.
01:25:31.365 [Market] Player "MaxCaliber" (id=s7vJf2NuCNme1MUM_sgLr2G3yzcxYg10pO0s-GAKExM=) has send a requested to sell huntingknife x1 at the trader "Weapons (Oliver [#STR_EXPANSION_MARKET_TRADER_WEAPONS])" in market zone "The Holler" (pos=<5632.000000, 32.000000, 5392.000000>).
01:25:31.511 [Market] Player "MaxCaliber" (id=s7vJf2NuCNme1MUM_sgLr2G3yzcxYg10pO0s-GAKExM=) has sold huntingknife x1 at the trader "Weapons (Oliver [#STR_EXPANSION_MARKET_TRADER_WEAPONS])" in market zone "The Holler" (pos=<5632.000000, 32.000000, 5392.000000>) and got 6.
01:25:32.266 [Market] Player "MaxCaliber" (id=s7vJf2NuCNme1MUM_sgLr2G3yzcxYg10pO0s-GAKExM=) has send a requested to sell huntingknife x1 at the trader "Weapons (Oliver [#STR_EXPANSION_MARKET_TRADER_WEAPONS])" in market zone "The Holler" (pos=<5632.000000, 32.000000, 5392.000000>).
01:25:32.397 [Market] Player "MaxCaliber" (id=s7vJf2NuCNme1MUM_sgLr2G3yzcxYg10pO0s-GAKExM=) has sold huntingknife x1 at the trader "Weapons (Oliver [#STR_EXPANSION_MARKET_TRADER_WEAPONS])" in market zone "The Holler" (pos=<5632.000000, 32.000000, 5392.000000>) and got 6.
01:25:33.111 [Market] Player "MaxCaliber" (id=s7vJf2NuCNme1MUM_sgLr2G3yzcxYg10pO0s-GAKExM=) has send a requested to sell huntingknife x1 at the trader "Weapons (Oliver [#STR_EXPANSION_MARKET_TRADER_WEAPONS])" in market zone "The Holler" (pos=<5632.000000, 32.000000, 5392.000000>).
01:25:33.260 [Market] Player "MaxCaliber" (id=s7vJf2NuCNme1MUM_sgLr2G3yzcxYg10pO0s-GAKExM=) has sold huntingknife x1 at the trader "Weapons (Oliver [#STR_EXPANSION_MARKET_TRADER_WEAPONS])" in market zone "The Holler" (pos=<5632.000000, 32.000000, 5392.000000>) and got 6.
01:25:36.797 [Market] Player "MaxCaliber" (id=s7vJf2NuCNme1MUM_sgLr2G3yzcxYg10pO0s-GAKExM=) has send a requested to sell mag_mkii_10rnd x1 at the trader "Weapons (Oliver [#STR_EXPANSION_MARKET_TRADER_WEAPONS])" in market zone "The Holler" (pos=<5632.000000, 32.000000, 5392.000000>).
01:25:36.928 [Market] Player "MaxCaliber" (id=s7vJf2NuCNme1MUM_sgLr2G3yzcxYg10pO0s-GAKExM=) has sold mag_mkii_10rnd x1 at the trader "Weapons (Oliver [#STR_EXPANSION_MARKET_TRADER_WEAPONS])" in market zone "The Holler" (pos=<5632.000000, 32.000000, 5392.000000>) and got 19.
01:25:38.449 [Market] Player "MaxCaliber" (id=s7vJf2NuCNme1MUM_sgLr2G3yzcxYg10pO0s-GAKExM=) has send a requested to sell mag_saiga_drum20rnd x1 at the trader "Weapons (Oliver [#STR_EXPANSION_MARKET_TRADER_WEAPONS])" in market zone "The Holler" (pos=<5632.000000, 32.000000, 5392.000000>).
01:25:38.545 [Market] Player "MaxCaliber" (id=s7vJf2NuCNme1MUM_sgLr2G3yzcxYg10pO0s-GAKExM=) has sold mag_saiga_drum20rnd x1 at the trader "Weapons (Oliver [#STR_EXPANSION_MARKET_TRADER_WEAPONS])" in market zone "The Holler" (pos=<5632.000000, 32.000000, 5392.000000>) and got 105.
01:25:41.566 [Market] Player "MaxCaliber" (id=s7vJf2NuCNme1MUM_sgLr2G3yzcxYg10pO0s-GAKExM=) has send a requested to sell mag_ssg82_5rnd x1 at the trader "Weapons (Oliver [#STR_EXPANSION_MARKET_TRADER_WEAPONS])" in market zone "The Holler" (pos=<5632.000000, 32.000000, 5392.000000>).
01:25:41.714 [Market] Player "MaxCaliber" (id=s7vJf2NuCNme1MUM_sgLr2G3yzcxYg10pO0s-GAKExM=) has sold mag_ssg82_5rnd x1 at the trader "Weapons (Oliver [#STR_EXPANSION_MARKET_TRADER_WEAPONS])" in market zone "The Holler" (pos=<5632.000000, 32.000000, 5392.000000>) and got 67.
01:25:44.464 [Market] Player "MaxCaliber" (id=s7vJf2NuCNme1MUM_sgLr2G3yzcxYg10pO0s-GAKExM=) has send a requested to sell twp_deserteagle_mag_7rnd x1 at the trader "Weapons (Oliver [#STR_EXPANSION_MARKET_TRADER_WEAPONS])" in market zone "The Holler" (pos=<5632.000000, 32.000000, 5392.000000>).
01:25:44.562 [Market] Player "MaxCaliber" (id=s7vJf2NuCNme1MUM_sgLr2G3yzcxYg10pO0s-GAKExM=) has sold twp_deserteagle_mag_7rnd x1 at the trader "Weapons (Oliver [#STR_EXPANSION_MARKET_TRADER_WEAPONS])" in market zone "The Holler" (pos=<5632.000000, 32.000000, 5392.000000>) and got 93.
01:25:47.330 [Market] Player "MaxCaliber" (id=s7vJf2NuCNme1MUM_sgLr2G3yzcxYg10pO0s-GAKExM=) has send a requested to sell twp_glock42_mag_12rnd x1 at the trader "Weapons (Oliver [#STR_EXPANSION_MARKET_TRADER_WEAPONS])" in market zone "The Holler" (pos=<5632.000000, 32.000000, 5392.000000>).
01:25:47.473 [Market] Player "MaxCaliber" (id=s7vJf2NuCNme1MUM_sgLr2G3yzcxYg10pO0s-GAKExM=) has sold twp_glock42_mag_12rnd x1 at the trader "Weapons (Oliver [#STR_EXPANSION_MARKET_TRADER_WEAPONS])" in market zone "The Holler" (pos=<5632.000000, 32.000000, 5392.000000>) and got 195.
01:25:48.515 [Market] Player "MaxCaliber" (id=s7vJf2NuCNme1MUM_sgLr2G3yzcxYg10pO0s-GAKExM=) has send a requested to sell twp_hk47tan_mag_15rnd x1 at the trader "Weapons (Oliver [#STR_EXPANSION_MARKET_TRADER_WEAPONS])" in market zone "The Holler" (pos=<5632.000000, 32.000000, 5392.000000>).
01:25:48.611 [Market] Player "MaxCaliber" (id=s7vJf2NuCNme1MUM_sgLr2G3yzcxYg10pO0s-GAKExM=) has sold twp_hk47tan_mag_15rnd x1 at the trader "Weapons (Oliver [#STR_EXPANSION_MARKET_TRADER_WEAPONS])" in market zone "The Holler" (pos=<5632.000000, 32.000000, 5392.000000>) and got 386.
01:25:50.252 [Market] Player "MaxCaliber" (id=s7vJf2NuCNme1MUM_sgLr2G3yzcxYg10pO0s-GAKExM=) has send a requested to sell twp_hk47tan_mag_15rnd x1 at the trader "Weapons (Oliver [#STR_EXPANSION_MARKET_TRADER_WEAPONS])" in market zone "The Holler" (pos=<5632.000000, 32.000000, 5392.000000>).
01:25:50.380 [Market] Player "MaxCaliber" (id=s7vJf2NuCNme1MUM_sgLr2G3yzcxYg10pO0s-GAKExM=) has sold twp_hk47tan_mag_15rnd x1 at the trader "Weapons (Oliver [#STR_EXPANSION_MARKET_TRADER_WEAPONS])" in market zone "The Holler" (pos=<5632.000000, 32.000000, 5392.000000>) and got 193.
01:25:51.546 [Market] Player "MaxCaliber" (id=s7vJf2NuCNme1MUM_sgLr2G3yzcxYg10pO0s-GAKExM=) has send a requested to sell mag_expansion_vityaz_30rnd x1 at the trader "Weapons (Oliver [#STR_EXPANSION_MARKET_TRADER_WEAPONS])" in market zone "The Holler" (pos=<5632.000000, 32.000000, 5392.000000>).
01:25:51.699 [Market] Player "MaxCaliber" (id=s7vJf2NuCNme1MUM_sgLr2G3yzcxYg10pO0s-GAKExM=) has sold mag_expansion_vityaz_30rnd x1 at the trader "Weapons (Oliver [#STR_EXPANSION_MARKET_TRADER_WEAPONS])" in market zone "The Holler" (pos=<5632.000000, 32.000000, 5392.000000>) and got 61.
01:25:55.750 [Market] Player "MaxCaliber" (id=s7vJf2NuCNme1MUM_sgLr2G3yzcxYg10pO0s-GAKExM=) has send a requested to sell brassknuckles_shiny x1 at the trader "Weapons (Oliver [#STR_EXPANSION_MARKET_TRADER_WEAPONS])" in market zone "The Holler" (pos=<5632.000000, 32.000000, 5392.000000>).
01:25:55.895 [Market] Player "MaxCaliber" (id=s7vJf2NuCNme1MUM_sgLr2G3yzcxYg10pO0s-GAKExM=) has sold brassknuckles_shiny x1 at the trader "Weapons (Oliver [#STR_EXPANSION_MARKET_TRADER_WEAPONS])" in market zone "The Holler" (pos=<5632.000000, 32.000000, 5392.000000>) and got 11.
01:26:02.113 [Market] Player "MaxCaliber" (id=s7vJf2NuCNme1MUM_sgLr2G3yzcxYg10pO0s-GAKExM=) has send a requested to sell m4_carryhandleoptic x1 at the trader "Weapons (Oliver [#STR_EXPANSION_MARKET_TRADER_WEAPONS])" in market zone "The Holler" (pos=<5632.000000, 32.000000, 5392.000000>).
01:26:02.243 [Market] Player "MaxCaliber" (id=s7vJf2NuCNme1MUM_sgLr2G3yzcxYg10pO0s-GAKExM=) has sold m4_carryhandleoptic x1 at the trader "Weapons (Oliver [#STR_EXPANSION_MARKET_TRADER_WEAPONS])" in market zone "The Holler" (pos=<5632.000000, 32.000000, 5392.000000>) and got 84.
01:26:03.236 [Market] Player "MaxCaliber" (id=s7vJf2NuCNme1MUM_sgLr2G3yzcxYg10pO0s-GAKExM=) has send a requested to sell m4_t3nrdsoptic x1 at the trader "Weapons (Oliver [#STR_EXPANSION_MARKET_TRADER_WEAPONS])" in market zone "The Holler" (pos=<5632.000000, 32.000000, 5392.000000>).
01:26:03.379 [Market] Player "MaxCaliber" (id=s7vJf2NuCNme1MUM_sgLr2G3yzcxYg10pO0s-GAKExM=) has sold m4_t3nrdsoptic x1 at the trader "Weapons (Oliver [#STR_EXPANSION_MARKET_TRADER_WEAPONS])" in market zone "The Holler" (pos=<5632.000000, 32.000000, 5392.000000>) and got 93.
01:26:06.548 [Market] Player "MaxCaliber" (id=s7vJf2NuCNme1MUM_sgLr2G3yzcxYg10pO0s-GAKExM=) has send a requested to sell expansion_m9 x1 at the trader "Weapons (Oliver [#STR_EXPANSION_MARKET_TRADER_WEAPONS])" in market zone "The Holler" (pos=<5632.000000, 32.000000, 5392.000000>).
01:26:06.711 [Market] Player "MaxCaliber" (id=s7vJf2NuCNme1MUM_sgLr2G3yzcxYg10pO0s-GAKExM=) has sold expansion_m9 x1 at the trader "Weapons (Oliver [#STR_EXPANSION_MARKET_TRADER_WEAPONS])" in market zone "The Holler" (pos=<5632.000000, 32.000000, 5392.000000>) and got 32.
01:26:07.363 [Market] Player "MaxCaliber" (id=s7vJf2NuCNme1MUM_sgLr2G3yzcxYg10pO0s-GAKExM=) has send a requested to sell expansion_m9 x1 at the trader "Weapons (Oliver [#STR_EXPANSION_MARKET_TRADER_WEAPONS])" in market zone "The Holler" (pos=<5632.000000, 32.000000, 5392.000000>).
01:26:07.528 [Market] Player "MaxCaliber" (id=s7vJf2NuCNme1MUM_sgLr2G3yzcxYg10pO0s-GAKExM=) has sold expansion_m9 x1 at the trader "Weapons (Oliver [#STR_EXPANSION_MARKET_TRADER_WEAPONS])" in market zone "The Holler" (pos=<5632.000000, 32.000000, 5392.000000>) and got 131.
01:26:08.186 [Market] Player "MaxCaliber" (id=s7vJf2NuCNme1MUM_sgLr2G3yzcxYg10pO0s-GAKExM=) has send a requested to sell expansion_m9 x1 at the trader "Weapons (Oliver [#STR_EXPANSION_MARKET_TRADER_WEAPONS])" in market zone "The Holler" (pos=<5632.000000, 32.000000, 5392.000000>).
01:26:08.347 [Market] Player "MaxCaliber" (id=s7vJf2NuCNme1MUM_sgLr2G3yzcxYg10pO0s-GAKExM=) has sold expansion_m9 x1 at the trader "Weapons (Oliver [#STR_EXPANSION_MARKET_TRADER_WEAPONS])" in market zone "The Holler" (pos=<5632.000000, 32.000000, 5392.000000>) and got 64.
01:26:09.184 [Market] Player "MaxCaliber" (id=s7vJf2NuCNme1MUM_sgLr2G3yzcxYg10pO0s-GAKExM=) has send a requested to sell expansion_m9 x1 at the trader "Weapons (Oliver [#STR_EXPANSION_MARKET_TRADER_WEAPONS])" in market zone "The Holler" (pos=<5632.000000, 32.000000, 5392.000000>).
01:26:09.315 [Market] Player "MaxCaliber" (id=s7vJf2NuCNme1MUM_sgLr2G3yzcxYg10pO0s-GAKExM=) has sold expansion_m9 x1 at the trader "Weapons (Oliver [#STR_EXPANSION_MARKET_TRADER_WEAPONS])" in market zone "The Holler" (pos=<5632.000000, 32.000000, 5392.000000>) and got 67.
01:26:10.452 [Market] Player "MaxCaliber" (id=s7vJf2NuCNme1MUM_sgLr2G3yzcxYg10pO0s-GAKExM=) has send a requested to sell engraved1911 x1 at the trader "Weapons (Oliver [#STR_EXPANSION_MARKET_TRADER_WEAPONS])" in market zone "The Holler" (pos=<5632.000000, 32.000000, 5392.000000>).
01:26:10.578 [Market] Player "MaxCaliber" (id=s7vJf2NuCNme1MUM_sgLr2G3yzcxYg10pO0s-GAKExM=) has sold engraved1911 x1 at the trader "Weapons (Oliver [#STR_EXPANSION_MARKET_TRADER_WEAPONS])" in market zone "The Holler" (pos=<5632.000000, 32.000000, 5392.000000>) and got 73.
01:26:11.481 [Market] Player "MaxCaliber" (id=s7vJf2NuCNme1MUM_sgLr2G3yzcxYg10pO0s-GAKExM=) has send a requested to sell derringer_grey x1 at the trader "Weapons (Oliver [#STR_EXPANSION_MARKET_TRADER_WEAPONS])" in market zone "The Holler" (pos=<5632.000000, 32.000000, 5392.000000>).
01:26:11.628 [Market] Player "MaxCaliber" (id=s7vJf2NuCNme1MUM_sgLr2G3yzcxYg10pO0s-GAKExM=) has sold derringer_grey x1 at the trader "Weapons (Oliver [#STR_EXPANSION_MARKET_TRADER_WEAPONS])" in market zone "The Holler" (pos=<5632.000000, 32.000000, 5392.000000>) and got 37.
01:26:14.298 [Market] Player "MaxCaliber" (id=s7vJf2NuCNme1MUM_sgLr2G3yzcxYg10pO0s-GAKExM=) has send a requested to sell twp_winchester1873 x1 at the trader "Weapons (Oliver [#STR_EXPANSION_MARKET_TRADER_WEAPONS])" in market zone "The Holler" (pos=<5632.000000, 32.000000, 5392.000000>).
01:26:14.448 [Market] Player "MaxCaliber" (id=s7vJf2NuCNme1MUM_sgLr2G3yzcxYg10pO0s-GAKExM=) has sold twp_winchester1873 x1 at the trader "Weapons (Oliver [#STR_EXPANSION_MARKET_TRADER_WEAPONS])" in market zone "The Holler" (pos=<5632.000000, 32.000000, 5392.000000>) and got 93.
01:26:15.236 [Market] Player "MaxCaliber" (id=s7vJf2NuCNme1MUM_sgLr2G3yzcxYg10pO0s-GAKExM=) has send a requested to sell cz527 x1 at the trader "Weapons (Oliver [#STR_EXPANSION_MARKET_TRADER_WEAPONS])" in market zone "The Holler" (pos=<5632.000000, 32.000000, 5392.000000>).
01:26:15.348 [Market] Player "MaxCaliber" (id=s7vJf2NuCNme1MUM_sgLr2G3yzcxYg10pO0s-GAKExM=) has sold cz527 x1 at the trader "Weapons (Oliver [#STR_EXPANSION_MARKET_TRADER_WEAPONS])" in market zone "The Holler" (pos=<5632.000000, 32.000000, 5392.000000>) and got 281.
01:27:54.714 [VehicleCarKey] Player "Captain Chaos" (id=KWl3ojgjStHOe3-iLRChpUG8crsNiNfei3BT6NCIfaw= pos=<9621.179688, 3.013901, 3097.214355>) used the  ExpansionCarKey to unlock Expansion_Landrover_Blue (id=215FE253B2499FAEF5FB248C7EA3CAE5 pos=<9619.276367, 2.982421, 3096.728516>)
01:29:07.547 [VehicleEnter] Player Captain Chaos [uid=KWl3ojgjStHOe3-iLRChpUG8crsNiNfei3BT6NCIfaw=] entered vehicle Land Rover Defender (id=215FE253B2499FAEF5FB248C7EA3CAE5 pos=<9619.276367, 2.982421, 3096.728516>) as driver
01:29:09.216 [VehicleEngine] Player Captain Chaos [uid=KWl3ojgjStHOe3-iLRChpUG8crsNiNfei3BT6NCIfaw=] started vehicle Land Rover Defender (id=215FE253B2499FAEF5FB248C7EA3CAE5 pos=<9619.276367, 2.982424, 3096.728516>)
01:29:22.232 [VehicleLeave] Player Captain Chaos [uid=KWl3ojgjStHOe3-iLRChpUG8crsNiNfei3BT6NCIfaw=] left vehicle Land Rover Defender (id=215FE253B2499FAEF5FB248C7EA3CAE5 pos=<9614.379883, 3.314330, 3111.701904>)
01:29:29.055 [Market] Player "MaxCaliber" (id=s7vJf2NuCNme1MUM_sgLr2G3yzcxYg10pO0s-GAKExM=) has send a requested to sell fishingrod x1 at the trader "Hunting (Helga [Hunting Trader])" in market zone "The Holler" (pos=<5632.000000, 32.000000, 5392.000000>).
01:29:29.216 [Market] Player "MaxCaliber" (id=s7vJf2NuCNme1MUM_sgLr2G3yzcxYg10pO0s-GAKExM=) has sold fishingrod x1 at the trader "Hunting (Helga [Hunting Trader])" in market zone "The Holler" (pos=<5632.000000, 32.000000, 5392.000000>) and got 45.
01:29:41.408 [VehicleEnter] Player Captain Chaos [uid=KWl3ojgjStHOe3-iLRChpUG8crsNiNfei3BT6NCIfaw=] entered vehicle Land Rover Defender (id=215FE253B2499FAEF5FB248C7EA3CAE5 pos=<9614.379883, 3.314324, 3111.701660>) as driver
01:29:44.854 [VehicleEngine] Player Captain Chaos [uid=KWl3ojgjStHOe3-iLRChpUG8crsNiNfei3BT6NCIfaw=] started vehicle Land Rover Defender (id=215FE253B2499FAEF5FB248C7EA3CAE5 pos=<9614.379883, 3.314325, 3111.701660>)
01:29:59.717 [AI Patrol] Spawning 3 Camp Eagle Patrol bots at <8807.822266, 45.419998, 3720.264893>
01:30:14.234 [Market] Player "MaxCaliber" (id=s7vJf2NuCNme1MUM_sgLr2G3yzcxYg10pO0s-GAKExM=) has send a requested to sell roadflare x1 at the trader "BuildingSupplies (Indar [Building Trader])" in market zone "The Holler" (pos=<5632.000000, 32.000000, 5392.000000>).
01:30:14.349 [Market] Player "MaxCaliber" (id=s7vJf2NuCNme1MUM_sgLr2G3yzcxYg10pO0s-GAKExM=) has sold roadflare x1 at the trader "BuildingSupplies (Indar [Building Trader])" in market zone "The Holler" (pos=<5632.000000, 32.000000, 5392.000000>) and got 3.
01:30:16.570 [Market] Player "MaxCaliber" (id=s7vJf2NuCNme1MUM_sgLr2G3yzcxYg10pO0s-GAKExM=) has send a requested to sell matchbox x1 at the trader "BuildingSupplies (Indar [Building Trader])" in market zone "The Holler" (pos=<5632.000000, 32.000000, 5392.000000>).
01:30:16.699 [Market] Player "MaxCaliber" (id=s7vJf2NuCNme1MUM_sgLr2G3yzcxYg10pO0s-GAKExM=) has sold matchbox x1 at the trader "BuildingSupplies (Indar [Building Trader])" in market zone "The Holler" (pos=<5632.000000, 32.000000, 5392.000000>) and got 4.
01:30:17.502 [Market] Player "MaxCaliber" (id=s7vJf2NuCNme1MUM_sgLr2G3yzcxYg10pO0s-GAKExM=) has send a requested to sell matchbox x1 at the trader "BuildingSupplies (Indar [Building Trader])" in market zone "The Holler" (pos=<5632.000000, 32.000000, 5392.000000>).
01:30:17.635 [Market] Player "MaxCaliber" (id=s7vJf2NuCNme1MUM_sgLr2G3yzcxYg10pO0s-GAKExM=) has sold matchbox x1 at the trader "BuildingSupplies (Indar [Building Trader])" in market zone "The Holler" (pos=<5632.000000, 32.000000, 5392.000000>) and got 3.
01:30:21.403 [Market] Player "MaxCaliber" (id=s7vJf2NuCNme1MUM_sgLr2G3yzcxYg10pO0s-GAKExM=) has send a requested to sell matchbox x1 at the trader "BuildingSupplies (Indar [Building Trader])" in market zone "The Holler" (pos=<5632.000000, 32.000000, 5392.000000>).
01:30:21.531 [Market] Player "MaxCaliber" (id=s7vJf2NuCNme1MUM_sgLr2G3yzcxYg10pO0s-GAKExM=) has sold matchbox x1 at the trader "BuildingSupplies (Indar [Building Trader])" in market zone "The Holler" (pos=<5632.000000, 32.000000, 5392.000000>) and got 1.
01:30:22.237 [Market] Player "MaxCaliber" (id=s7vJf2NuCNme1MUM_sgLr2G3yzcxYg10pO0s-GAKExM=) has send a requested to sell matchbox x1 at the trader "BuildingSupplies (Indar [Building Trader])" in market zone "The Holler" (pos=<5632.000000, 32.000000, 5392.000000>).
01:30:22.364 [Market] Player "MaxCaliber" (id=s7vJf2NuCNme1MUM_sgLr2G3yzcxYg10pO0s-GAKExM=) has sold matchbox x1 at the trader "BuildingSupplies (Indar [Building Trader])" in market zone "The Holler" (pos=<5632.000000, 32.000000, 5392.000000>) and got 3.
01:30:23.084 [Market] Player "MaxCaliber" (id=s7vJf2NuCNme1MUM_sgLr2G3yzcxYg10pO0s-GAKExM=) has send a requested to sell matchbox x1 at the trader "BuildingSupplies (Indar [Building Trader])" in market zone "The Holler" (pos=<5632.000000, 32.000000, 5392.000000>).
01:30:23.217 [Market] Player "MaxCaliber" (id=s7vJf2NuCNme1MUM_sgLr2G3yzcxYg10pO0s-GAKExM=) has sold matchbox x1 at the trader "BuildingSupplies (Indar [Building Trader])" in market zone "The Holler" (pos=<5632.000000, 32.000000, 5392.000000>) and got 3.
01:30:26.572 [Market] Player "MaxCaliber" (id=s7vJf2NuCNme1MUM_sgLr2G3yzcxYg10pO0s-GAKExM=) has send a requested to sell nailbox x1 at the trader "BuildingSupplies (Indar [Building Trader])" in market zone "The Holler" (pos=<5632.000000, 32.000000, 5392.000000>).
01:30:26.698 [Market] Player "MaxCaliber" (id=s7vJf2NuCNme1MUM_sgLr2G3yzcxYg10pO0s-GAKExM=) has sold nailbox x1 at the trader "BuildingSupplies (Indar [Building Trader])" in market zone "The Holler" (pos=<5632.000000, 32.000000, 5392.000000>) and got 112.
01:30:29.749 [Market] Player "MaxCaliber" (id=s7vJf2NuCNme1MUM_sgLr2G3yzcxYg10pO0s-GAKExM=) has send a requested to sell rope x1 at the trader "BuildingSupplies (Indar [Building Trader])" in market zone "The Holler" (pos=<5632.000000, 32.000000, 5392.000000>).
01:30:29.900 [Market] Player "MaxCaliber" (id=s7vJf2NuCNme1MUM_sgLr2G3yzcxYg10pO0s-GAKExM=) has sold rope x1 at the trader "BuildingSupplies (Indar [Building Trader])" in market zone "The Holler" (pos=<5632.000000, 32.000000, 5392.000000>) and got 3.
01:30:33.254 [Market] Player "MaxCaliber" (id=s7vJf2NuCNme1MUM_sgLr2G3yzcxYg10pO0s-GAKExM=) has send a requested to sell canopener x1 at the trader "BuildingSupplies (Indar [Building Trader])" in market zone "The Holler" (pos=<5632.000000, 32.000000, 5392.000000>).
01:30:33.384 [Market] Player "MaxCaliber" (id=s7vJf2NuCNme1MUM_sgLr2G3yzcxYg10pO0s-GAKExM=) has sold canopener x1 at the trader "BuildingSupplies (Indar [Building Trader])" in market zone "The Holler" (pos=<5632.000000, 32.000000, 5392.000000>) and got 3.
01:30:34.338 [Market] Player "MaxCaliber" (id=s7vJf2NuCNme1MUM_sgLr2G3yzcxYg10pO0s-GAKExM=) has send a requested to sell hacksaw x1 at the trader "BuildingSupplies (Indar [Building Trader])" in market zone "The Holler" (pos=<5632.000000, 32.000000, 5392.000000>).
01:30:34.468 [Market] Player "MaxCaliber" (id=s7vJf2NuCNme1MUM_sgLr2G3yzcxYg10pO0s-GAKExM=) has sold hacksaw x1 at the trader "BuildingSupplies (Indar [Building Trader])" in market zone "The Holler" (pos=<5632.000000, 32.000000, 5392.000000>) and got 5.
01:30:36.848 [Market] Player "MaxCaliber" (id=s7vJf2NuCNme1MUM_sgLr2G3yzcxYg10pO0s-GAKExM=) has send a requested to sell whetstone x1 at the trader "BuildingSupplies (Indar [Building Trader])" in market zone "The Holler" (pos=<5632.000000, 32.000000, 5392.000000>).
01:30:37.001 [Market] Player "MaxCaliber" (id=s7vJf2NuCNme1MUM_sgLr2G3yzcxYg10pO0s-GAKExM=) has sold whetstone x1 at the trader "BuildingSupplies (Indar [Building Trader])" in market zone "The Holler" (pos=<5632.000000, 32.000000, 5392.000000>) and got 3.
01:30:39.882 [Market] Player "MaxCaliber" (id=s7vJf2NuCNme1MUM_sgLr2G3yzcxYg10pO0s-GAKExM=) has send a requested to sell lockpick x1 at the trader "BuildingSupplies (Indar [Building Trader])" in market zone "The Holler" (pos=<5632.000000, 32.000000, 5392.000000>).
01:30:40.018 [Market] Player "MaxCaliber" (id=s7vJf2NuCNme1MUM_sgLr2G3yzcxYg10pO0s-GAKExM=) has sold lockpick x1 at the trader "BuildingSupplies (Indar [Building Trader])" in market zone "The Holler" (pos=<5632.000000, 32.000000, 5392.000000>) and got 3.
01:31:59.088 [Market] Player "MaxCaliber" (id=s7vJf2NuCNme1MUM_sgLr2G3yzcxYg10pO0s-GAKExM=) has send a requested to sell expansionexps3holooptic x1 at the trader "Weapons (Oliver [#STR_EXPANSION_MARKET_TRADER_WEAPONS])" in market zone "The Holler" (pos=<5632.000000, 32.000000, 5392.000000>).
01:31:59.233 [Market] Player "MaxCaliber" (id=s7vJf2NuCNme1MUM_sgLr2G3yzcxYg10pO0s-GAKExM=) has sold expansionexps3holooptic x1 at the trader "Weapons (Oliver [#STR_EXPANSION_MARKET_TRADER_WEAPONS])" in market zone "The Holler" (pos=<5632.000000, 32.000000, 5392.000000>) and got 75.
01:32:06.634 [Market] Player "MaxCaliber" (id=s7vJf2NuCNme1MUM_sgLr2G3yzcxYg10pO0s-GAKExM=) has send a requested to sell huntingknife x1 at the trader "Weapons (Oliver [#STR_EXPANSION_MARKET_TRADER_WEAPONS])" in market zone "The Holler" (pos=<5632.000000, 32.000000, 5392.000000>).
01:32:06.788 [Market] Player "MaxCaliber" (id=s7vJf2NuCNme1MUM_sgLr2G3yzcxYg10pO0s-GAKExM=) has sold huntingknife x1 at the trader "Weapons (Oliver [#STR_EXPANSION_MARKET_TRADER_WEAPONS])" in market zone "The Holler" (pos=<5632.000000, 32.000000, 5392.000000>) and got 3.
01:32:17.035 [Market] Player "MaxCaliber" (id=s7vJf2NuCNme1MUM_sgLr2G3yzcxYg10pO0s-GAKExM=) has send a requested to sell ammo_380 x29 at the trader "Weapons (Oliver [#STR_EXPANSION_MARKET_TRADER_WEAPONS])" in market zone "The Holler" (pos=<5632.000000, 32.000000, 5392.000000>).
01:32:17.169 [Market] Player "MaxCaliber" (id=s7vJf2NuCNme1MUM_sgLr2G3yzcxYg10pO0s-GAKExM=) has sold ammo_380 x29 at the trader "Weapons (Oliver [#STR_EXPANSION_MARKET_TRADER_WEAPONS])" in market zone "The Holler" (pos=<5632.000000, 32.000000, 5392.000000>) and got 29.
01:32:47.603 [Market] Player "MaxCaliber" (id=s7vJf2NuCNme1MUM_sgLr2G3yzcxYg10pO0s-GAKExM=) has send a requested to purchase reflexoptic x1 from the trader "Weapons (Oliver [#STR_EXPANSION_MARKET_TRADER_WEAPONS])" in market zone "The Holler" (pos=<5632.000000, 32.000000, 5392.000000>).
01:32:47.733 [Market] Player "MaxCaliber" (id=s7vJf2NuCNme1MUM_sgLr2G3yzcxYg10pO0s-GAKExM=) has bought reflexoptic x1 from the trader "Weapons (Oliver [#STR_EXPANSION_MARKET_TRADER_WEAPONS])" in market zone "The Holler" (pos=<5632.000000, 32.000000, 5392.000000>) for a price of 160.
01:33:42.369 [Market] Player "MaxCaliber" (id=s7vJf2NuCNme1MUM_sgLr2G3yzcxYg10pO0s-GAKExM=) has send a requested to sell twp_horsestick x1 at the trader "Weapons (Oliver [#STR_EXPANSION_MARKET_TRADER_WEAPONS])" in market zone "The Holler" (pos=<5632.000000, 32.000000, 5392.000000>).
01:33:42.503 [Market] Player "MaxCaliber" (id=s7vJf2NuCNme1MUM_sgLr2G3yzcxYg10pO0s-GAKExM=) has sold twp_horsestick x1 at the trader "Weapons (Oliver [#STR_EXPANSION_MARKET_TRADER_WEAPONS])" in market zone "The Holler" (pos=<5632.000000, 32.000000, 5392.000000>) and got 18.
01:33:43.669 [Market] Player "MaxCaliber" (id=s7vJf2NuCNme1MUM_sgLr2G3yzcxYg10pO0s-GAKExM=) has send a requested to purchase twp_horsestick x1 from the trader "Weapons (Oliver [#STR_EXPANSION_MARKET_TRADER_WEAPONS])" in market zone "The Holler" (pos=<5632.000000, 32.000000, 5392.000000>).
01:33:43.820 [Market] Player "MaxCaliber" (id=s7vJf2NuCNme1MUM_sgLr2G3yzcxYg10pO0s-GAKExM=) has bought twp_horsestick x1 from the trader "Weapons (Oliver [#STR_EXPANSION_MARKET_TRADER_WEAPONS])" in market zone "The Holler" (pos=<5632.000000, 32.000000, 5392.000000>) for a price of 50.
01:34:12.979 [VehicleLeave] Player Captain Chaos [uid=KWl3ojgjStHOe3-iLRChpUG8crsNiNfei3BT6NCIfaw=] left vehicle Land Rover Defender (id=215FE253B2499FAEF5FB248C7EA3CAE5 pos=<9546.741211, 30.663143, 4108.496582>)
01:34:46.498 [VehicleCarKey] Player "Captain Chaos" (id=KWl3ojgjStHOe3-iLRChpUG8crsNiNfei3BT6NCIfaw= pos=<9547.145508, 30.886581, 4106.563477>) used the  ExpansionCarKey to lock Expansion_Landrover_Blue (id=215FE253B2499FAEF5FB248C7EA3CAE5 pos=<9546.741211, 30.663115, 4108.497070>)
01:34:49.324 [Market] Player "MaxCaliber" (id=s7vJf2NuCNme1MUM_sgLr2G3yzcxYg10pO0s-GAKExM=) has send a requested to purchase expansion_m14 x1 from the trader "Weapons (Oliver [#STR_EXPANSION_MARKET_TRADER_WEAPONS])" in market zone "The Holler" (pos=<5632.000000, 32.000000, 5392.000000>).
01:34:49.468 [Market] Player "MaxCaliber" (id=s7vJf2NuCNme1MUM_sgLr2G3yzcxYg10pO0s-GAKExM=) has bought expansion_m14 x1 from the trader "Weapons (Oliver [#STR_EXPANSION_MARKET_TRADER_WEAPONS])" in market zone "The Holler" (pos=<5632.000000, 32.000000, 5392.000000>) for a price of 720.
01:35:24.254 [Market] Player "MaxCaliber" (id=s7vJf2NuCNme1MUM_sgLr2G3yzcxYg10pO0s-GAKExM=) has send a requested to purchase expansion_m1a_railatt x1 from the trader "Weapons (Oliver [#STR_EXPANSION_MARKET_TRADER_WEAPONS])" in market zone "The Holler" (pos=<5632.000000, 32.000000, 5392.000000>).
01:35:24.405 [Market] Player "MaxCaliber" (id=s7vJf2NuCNme1MUM_sgLr2G3yzcxYg10pO0s-GAKExM=) has bought expansion_m1a_railatt x1 from the trader "Weapons (Oliver [#STR_EXPANSION_MARKET_TRADER_WEAPONS])" in market zone "The Holler" (pos=<5632.000000, 32.000000, 5392.000000>) for a price of 150.
01:35:28.685 [VehicleCarKey] Player "Captain Chaos" (id=KWl3ojgjStHOe3-iLRChpUG8crsNiNfei3BT6NCIfaw= pos=<9547.250000, 30.822395, 4107.207520>) used the  ExpansionCarKey to unlock Expansion_Landrover_Blue (id=215FE253B2499FAEF5FB248C7EA3CAE5 pos=<9546.741211, 30.663115, 4108.497070>)
01:35:40.120 [Market] Player "MaxCaliber" (id=s7vJf2NuCNme1MUM_sgLr2G3yzcxYg10pO0s-GAKExM=) has send a requested to purchase huntingoptic x1 from the trader "Weapons (Oliver [#STR_EXPANSION_MARKET_TRADER_WEAPONS])" in market zone "The Holler" (pos=<5632.000000, 32.000000, 5392.000000>).
01:35:40.251 [Market] Player "MaxCaliber" (id=s7vJf2NuCNme1MUM_sgLr2G3yzcxYg10pO0s-GAKExM=) has bought huntingoptic x1 from the trader "Weapons (Oliver [#STR_EXPANSION_MARKET_TRADER_WEAPONS])" in market zone "The Holler" (pos=<5632.000000, 32.000000, 5392.000000>) for a price of 1000.
01:35:51.824 [Market] Player "MaxCaliber" (id=s7vJf2NuCNme1MUM_sgLr2G3yzcxYg10pO0s-GAKExM=) has send a requested to purchase m4_suppressor x1 from the trader "Weapons (Oliver [#STR_EXPANSION_MARKET_TRADER_WEAPONS])" in market zone "The Holler" (pos=<5632.000000, 32.000000, 5392.000000>).
01:35:51.970 [Market] Player "MaxCaliber" (id=s7vJf2NuCNme1MUM_sgLr2G3yzcxYg10pO0s-GAKExM=) has bought m4_suppressor x1 from the trader "Weapons (Oliver [#STR_EXPANSION_MARKET_TRADER_WEAPONS])" in market zone "The Holler" (pos=<5632.000000, 32.000000, 5392.000000>) for a price of 25.
01:35:54.036 [VehicleEnter] Player Captain Chaos [uid=KWl3ojgjStHOe3-iLRChpUG8crsNiNfei3BT6NCIfaw=] entered vehicle Land Rover Defender (id=215FE253B2499FAEF5FB248C7EA3CAE5 pos=<9546.741211, 30.663122, 4108.497070>) as driver
01:35:57.494 [VehicleEngine] Player Captain Chaos [uid=KWl3ojgjStHOe3-iLRChpUG8crsNiNfei3BT6NCIfaw=] started vehicle Land Rover Defender (id=215FE253B2499FAEF5FB248C7EA3CAE5 pos=<9546.741211, 30.663116, 4108.497070>)
01:36:33.859 [Market] Player "MaxCaliber" (id=s7vJf2NuCNme1MUM_sgLr2G3yzcxYg10pO0s-GAKExM=) has send a requested to sell huntingoptic x1 at the trader "Weapons (Oliver [#STR_EXPANSION_MARKET_TRADER_WEAPONS])" in market zone "The Holler" (pos=<5632.000000, 32.000000, 5392.000000>).
01:36:33.988 [Market] Player "MaxCaliber" (id=s7vJf2NuCNme1MUM_sgLr2G3yzcxYg10pO0s-GAKExM=) has sold huntingoptic x1 at the trader "Weapons (Oliver [#STR_EXPANSION_MARKET_TRADER_WEAPONS])" in market zone "The Holler" (pos=<5632.000000, 32.000000, 5392.000000>) and got 750.
01:37:01.571 [Market] Player "MaxCaliber" (id=s7vJf2NuCNme1MUM_sgLr2G3yzcxYg10pO0s-GAKExM=) has send a requested to purchase expansion_pmii25optic x1 from the trader "Weapons (Oliver [#STR_EXPANSION_MARKET_TRADER_WEAPONS])" in market zone "The Holler" (pos=<5632.000000, 32.000000, 5392.000000>).
01:37:01.704 [Market] Player "MaxCaliber" (id=s7vJf2NuCNme1MUM_sgLr2G3yzcxYg10pO0s-GAKExM=) has bought expansion_pmii25optic x1 from the trader "Weapons (Oliver [#STR_EXPANSION_MARKET_TRADER_WEAPONS])" in market zone "The Holler" (pos=<5632.000000, 32.000000, 5392.000000>) for a price of 1100.
01:37:45.536 [VehicleLeave] Player Captain Chaos [uid=KWl3ojgjStHOe3-iLRChpUG8crsNiNfei3BT6NCIfaw=] left vehicle Land Rover Defender (id=215FE253B2499FAEF5FB248C7EA3CAE5 pos=<7927.333008, 6.017200, 4237.016602>)
01:37:56.359 [Market] Player "MaxCaliber" (id=s7vJf2NuCNme1MUM_sgLr2G3yzcxYg10pO0s-GAKExM=) has send a requested to purchase mag_expansion_m14_20rnd x1 from the trader "Weapons (Oliver [#STR_EXPANSION_MARKET_TRADER_WEAPONS])" in market zone "The Holler" (pos=<5632.000000, 32.000000, 5392.000000>).
01:37:56.490 [Market] Player "MaxCaliber" (id=s7vJf2NuCNme1MUM_sgLr2G3yzcxYg10pO0s-GAKExM=) has bought mag_expansion_m14_20rnd x1 from the trader "Weapons (Oliver [#STR_EXPANSION_MARKET_TRADER_WEAPONS])" in market zone "The Holler" (pos=<5632.000000, 32.000000, 5392.000000>) for a price of 300.
01:38:11.126 [Market] Player "MaxCaliber" (id=s7vJf2NuCNme1MUM_sgLr2G3yzcxYg10pO0s-GAKExM=) has send a requested to purchase ammobox_9x19_25rnd x1 from the trader "Weapons (Oliver [#STR_EXPANSION_MARKET_TRADER_WEAPONS])" in market zone "The Holler" (pos=<5632.000000, 32.000000, 5392.000000>).
01:38:11.255 [Market] Player "MaxCaliber" (id=s7vJf2NuCNme1MUM_sgLr2G3yzcxYg10pO0s-GAKExM=) has bought ammobox_9x19_25rnd x1 from the trader "Weapons (Oliver [#STR_EXPANSION_MARKET_TRADER_WEAPONS])" in market zone "The Holler" (pos=<5632.000000, 32.000000, 5392.000000>) for a price of 40.
01:38:12.172 [Market] Player "MaxCaliber" (id=s7vJf2NuCNme1MUM_sgLr2G3yzcxYg10pO0s-GAKExM=) has send a requested to purchase ammobox_9x19_25rnd x1 from the trader "Weapons (Oliver [#STR_EXPANSION_MARKET_TRADER_WEAPONS])" in market zone "The Holler" (pos=<5632.000000, 32.000000, 5392.000000>).
01:38:12.302 [Market] Player "MaxCaliber" (id=s7vJf2NuCNme1MUM_sgLr2G3yzcxYg10pO0s-GAKExM=) has bought ammobox_9x19_25rnd x1 from the trader "Weapons (Oliver [#STR_EXPANSION_MARKET_TRADER_WEAPONS])" in market zone "The Holler" (pos=<5632.000000, 32.000000, 5392.000000>) for a price of 40.
01:38:13.176 [Market] Player "MaxCaliber" (id=s7vJf2NuCNme1MUM_sgLr2G3yzcxYg10pO0s-GAKExM=) has send a requested to purchase ammobox_9x19_25rnd x1 from the trader "Weapons (Oliver [#STR_EXPANSION_MARKET_TRADER_WEAPONS])" in market zone "The Holler" (pos=<5632.000000, 32.000000, 5392.000000>).
01:38:13.288 [Market] Player "MaxCaliber" (id=s7vJf2NuCNme1MUM_sgLr2G3yzcxYg10pO0s-GAKExM=) has bought ammobox_9x19_25rnd x1 from the trader "Weapons (Oliver [#STR_EXPANSION_MARKET_TRADER_WEAPONS])" in market zone "The Holler" (pos=<5632.000000, 32.000000, 5392.000000>) for a price of 40.
01:38:31.249 [VehicleEnter] Player Captain Chaos [uid=KWl3ojgjStHOe3-iLRChpUG8crsNiNfei3BT6NCIfaw=] entered vehicle Land Rover Defender (id=215FE253B2499FAEF5FB248C7EA3CAE5 pos=<7927.333008, 6.017200, 4237.016113>) as driver
01:38:34.464 [VehicleEngine] Player Captain Chaos [uid=KWl3ojgjStHOe3-iLRChpUG8crsNiNfei3BT6NCIfaw=] started vehicle Land Rover Defender (id=215FE253B2499FAEF5FB248C7EA3CAE5 pos=<7927.333008, 6.017200, 4237.016602>)
01:38:42.154 [Market] Player "MaxCaliber" (id=s7vJf2NuCNme1MUM_sgLr2G3yzcxYg10pO0s-GAKExM=) has send a requested to sell cp_cannabisseedspackskunk x1 at the trader "Weed (Naomi [Weed Trader])" in market zone "The Holler" (pos=<5632.000000, 32.000000, 5392.000000>).
01:38:42.281 [Market] Player "MaxCaliber" (id=s7vJf2NuCNme1MUM_sgLr2G3yzcxYg10pO0s-GAKExM=) has sold cp_cannabisseedspackskunk x1 at the trader "Weed (Naomi [Weed Trader])" in market zone "The Holler" (pos=<5632.000000, 32.000000, 5392.000000>) and got 900.
01:38:42.919 [Market] Player "MaxCaliber" (id=s7vJf2NuCNme1MUM_sgLr2G3yzcxYg10pO0s-GAKExM=) has send a requested to sell cp_cannabisseedspackskunk x1 at the trader "Weed (Naomi [Weed Trader])" in market zone "The Holler" (pos=<5632.000000, 32.000000, 5392.000000>).
01:38:43.063 [Market] Player "MaxCaliber" (id=s7vJf2NuCNme1MUM_sgLr2G3yzcxYg10pO0s-GAKExM=) has sold cp_cannabisseedspackskunk x1 at the trader "Weed (Naomi [Weed Trader])" in market zone "The Holler" (pos=<5632.000000, 32.000000, 5392.000000>) and got 600.
01:38:59.067 [Market] Player "MaxCaliber" (id=s7vJf2NuCNme1MUM_sgLr2G3yzcxYg10pO0s-GAKExM=) has send a requested to sell vitaminbottle x1 at the trader "Medicals (Linda [#STR_EXPANSION_MARKET_TRADER_MEDICALS])" in market zone "The Holler" (pos=<5632.000000, 32.000000, 5392.000000>).
01:38:59.203 [Market] Player "MaxCaliber" (id=s7vJf2NuCNme1MUM_sgLr2G3yzcxYg10pO0s-GAKExM=) has sold vitaminbottle x1 at the trader "Medicals (Linda [#STR_EXPANSION_MARKET_TRADER_MEDICALS])" in market zone "The Holler" (pos=<5632.000000, 32.000000, 5392.000000>) and got 3.
01:39:18.478 [Market] Player "MaxCaliber" (id=s7vJf2NuCNme1MUM_sgLr2G3yzcxYg10pO0s-GAKExM=) has send a requested to sell glowplug x1 at the trader "Vehicles (Lewis [Vehicle Trader])" in market zone "The Holler" (pos=<5632.000000, 32.000000, 5392.000000>).
01:39:18.525 [VehicleLeave] Player Captain Chaos [uid=KWl3ojgjStHOe3-iLRChpUG8crsNiNfei3BT6NCIfaw=] left vehicle Land Rover Defender (id=215FE253B2499FAEF5FB248C7EA3CAE5 pos=<7550.091309, 24.053616, 3903.993896>)
01:39:18.608 [Market] Player "MaxCaliber" (id=s7vJf2NuCNme1MUM_sgLr2G3yzcxYg10pO0s-GAKExM=) has sold glowplug x1 at the trader "Vehicles (Lewis [Vehicle Trader])" in market zone "The Holler" (pos=<5632.000000, 32.000000, 5392.000000>) and got 11.
01:40:08.757 [Market] Player "MaxCaliber" (id=s7vJf2NuCNme1MUM_sgLr2G3yzcxYg10pO0s-GAKExM=) has send a requested to sell hatchet x1 at the trader "BuildingSupplies (Indar [Building Trader])" in market zone "The Holler" (pos=<5632.000000, 32.000000, 5392.000000>).
01:40:08.873 [Market] Player "MaxCaliber" (id=s7vJf2NuCNme1MUM_sgLr2G3yzcxYg10pO0s-GAKExM=) has sold hatchet x1 at the trader "BuildingSupplies (Indar [Building Trader])" in market zone "The Holler" (pos=<5632.000000, 32.000000, 5392.000000>) and got 7.
01:40:13.024 [Market] Player "MaxCaliber" (id=s7vJf2NuCNme1MUM_sgLr2G3yzcxYg10pO0s-GAKExM=) has send a requested to sell portablegaslamp x1 at the trader "BuildingSupplies (Indar [Building Trader])" in market zone "The Holler" (pos=<5632.000000, 32.000000, 5392.000000>).
01:40:13.172 [Market] Player "MaxCaliber" (id=s7vJf2NuCNme1MUM_sgLr2G3yzcxYg10pO0s-GAKExM=) has sold portablegaslamp x1 at the trader "BuildingSupplies (Indar [Building Trader])" in market zone "The Holler" (pos=<5632.000000, 32.000000, 5392.000000>) and got 18.
01:40:30.559 [VehicleEnter] Player Captain Chaos [uid=KWl3ojgjStHOe3-iLRChpUG8crsNiNfei3BT6NCIfaw=] entered vehicle Land Rover Defender (id=215FE253B2499FAEF5FB248C7EA3CAE5 pos=<7550.091309, 24.053608, 3903.993896>) as driver
01:40:33.676 [VehicleEngine] Player Captain Chaos [uid=KWl3ojgjStHOe3-iLRChpUG8crsNiNfei3BT6NCIfaw=] started vehicle Land Rover Defender (id=215FE253B2499FAEF5FB248C7EA3CAE5 pos=<7550.091309, 24.053602, 3903.994141>)
01:40:49.677 [ATM] Player "MaxCaliber" (id=s7vJf2NuCNme1MUM_sgLr2G3yzcxYg10pO0s-GAKExM=) has deposited 1547 on his ATM account.
01:43:40.328 [VehicleCarKey] Player "MaxCaliber" (id=s7vJf2NuCNme1MUM_sgLr2G3yzcxYg10pO0s-GAKExM= pos=<5634.381348, 28.631567, 5423.754883>) used the  ExpansionCarKey to unlock OffroadHatchback (id=301570302E4D1E0BEB56538496C9F9D4 pos=<5631.754395, 28.695595, 5422.290039>)
01:44:04.649 [AI Patrol] Spawning 3 Prison Island Patrol bots at <5376.839844, 34.840000, 719.393616>
01:45:08.323 [VehicleLeave] Player Captain Chaos [uid=KWl3ojgjStHOe3-iLRChpUG8crsNiNfei3BT6NCIfaw=] left vehicle Land Rover Defender (id=215FE253B2499FAEF5FB248C7EA3CAE5 pos=<5693.932617, 14.901029, 1150.798584>)
01:47:41.464 [ATM] Player "MaxCaliber" (id=s7vJf2NuCNme1MUM_sgLr2G3yzcxYg10pO0s-GAKExM=) has withdrawn 4524 from his ATM account.
01:48:04.265 [Market] Player "MaxCaliber" (id=s7vJf2NuCNme1MUM_sgLr2G3yzcxYg10pO0s-GAKExM=) has send a requested to purchase ammobox_9x19_25rnd x1 from the trader "Weapons (Oliver [#STR_EXPANSION_MARKET_TRADER_WEAPONS])" in market zone "The Holler" (pos=<5632.000000, 32.000000, 5392.000000>).
01:48:04.400 [Market] Player "MaxCaliber" (id=s7vJf2NuCNme1MUM_sgLr2G3yzcxYg10pO0s-GAKExM=) has bought ammobox_9x19_25rnd x1 from the trader "Weapons (Oliver [#STR_EXPANSION_MARKET_TRADER_WEAPONS])" in market zone "The Holler" (pos=<5632.000000, 32.000000, 5392.000000>) for a price of 40.
01:48:05.082 [Market] Player "MaxCaliber" (id=s7vJf2NuCNme1MUM_sgLr2G3yzcxYg10pO0s-GAKExM=) has send a requested to purchase ammobox_9x19_25rnd x1 from the trader "Weapons (Oliver [#STR_EXPANSION_MARKET_TRADER_WEAPONS])" in market zone "The Holler" (pos=<5632.000000, 32.000000, 5392.000000>).
01:48:05.233 [Market] Player "MaxCaliber" (id=s7vJf2NuCNme1MUM_sgLr2G3yzcxYg10pO0s-GAKExM=) has bought ammobox_9x19_25rnd x1 from the trader "Weapons (Oliver [#STR_EXPANSION_MARKET_TRADER_WEAPONS])" in market zone "The Holler" (pos=<5632.000000, 32.000000, 5392.000000>) for a price of 40.
01:48:05.983 [Market] Player "MaxCaliber" (id=s7vJf2NuCNme1MUM_sgLr2G3yzcxYg10pO0s-GAKExM=) has send a requested to purchase ammobox_9x19_25rnd x1 from the trader "Weapons (Oliver [#STR_EXPANSION_MARKET_TRADER_WEAPONS])" in market zone "The Holler" (pos=<5632.000000, 32.000000, 5392.000000>).
01:48:06.117 [Market] Player "MaxCaliber" (id=s7vJf2NuCNme1MUM_sgLr2G3yzcxYg10pO0s-GAKExM=) has bought ammobox_9x19_25rnd x1 from the trader "Weapons (Oliver [#STR_EXPANSION_MARKET_TRADER_WEAPONS])" in market zone "The Holler" (pos=<5632.000000, 32.000000, 5392.000000>) for a price of 40.
01:48:06.835 [Market] Player "MaxCaliber" (id=s7vJf2NuCNme1MUM_sgLr2G3yzcxYg10pO0s-GAKExM=) has send a requested to purchase ammobox_9x19_25rnd x1 from the trader "Weapons (Oliver [#STR_EXPANSION_MARKET_TRADER_WEAPONS])" in market zone "The Holler" (pos=<5632.000000, 32.000000, 5392.000000>).
01:48:06.952 [Market] Player "MaxCaliber" (id=s7vJf2NuCNme1MUM_sgLr2G3yzcxYg10pO0s-GAKExM=) has bought ammobox_9x19_25rnd x1 from the trader "Weapons (Oliver [#STR_EXPANSION_MARKET_TRADER_WEAPONS])" in market zone "The Holler" (pos=<5632.000000, 32.000000, 5392.000000>) for a price of 40.
01:48:07.644 [Market] Player "MaxCaliber" (id=s7vJf2NuCNme1MUM_sgLr2G3yzcxYg10pO0s-GAKExM=) has send a requested to purchase ammobox_9x19_25rnd x1 from the trader "Weapons (Oliver [#STR_EXPANSION_MARKET_TRADER_WEAPONS])" in market zone "The Holler" (pos=<5632.000000, 32.000000, 5392.000000>).
01:48:07.796 [Market] Player "MaxCaliber" (id=s7vJf2NuCNme1MUM_sgLr2G3yzcxYg10pO0s-GAKExM=) has bought ammobox_9x19_25rnd x1 from the trader "Weapons (Oliver [#STR_EXPANSION_MARKET_TRADER_WEAPONS])" in market zone "The Holler" (pos=<5632.000000, 32.000000, 5392.000000>) for a price of 40.
01:48:10.598 [Market] Player "MaxCaliber" (id=s7vJf2NuCNme1MUM_sgLr2G3yzcxYg10pO0s-GAKExM=) has send a requested to purchase ammobox_9x19_25rnd x1 from the trader "Weapons (Oliver [#STR_EXPANSION_MARKET_TRADER_WEAPONS])" in market zone "The Holler" (pos=<5632.000000, 32.000000, 5392.000000>).
01:48:10.729 [Market] Player "MaxCaliber" (id=s7vJf2NuCNme1MUM_sgLr2G3yzcxYg10pO0s-GAKExM=) has bought ammobox_9x19_25rnd x1 from the trader "Weapons (Oliver [#STR_EXPANSION_MARKET_TRADER_WEAPONS])" in market zone "The Holler" (pos=<5632.000000, 32.000000, 5392.000000>) for a price of 40.
01:48:12.143 [Market] Player "MaxCaliber" (id=s7vJf2NuCNme1MUM_sgLr2G3yzcxYg10pO0s-GAKExM=) has send a requested to purchase ammobox_9x19_25rnd x1 from the trader "Weapons (Oliver [#STR_EXPANSION_MARKET_TRADER_WEAPONS])" in market zone "The Holler" (pos=<5632.000000, 32.000000, 5392.000000>).
01:48:12.278 [Market] Player "MaxCaliber" (id=s7vJf2NuCNme1MUM_sgLr2G3yzcxYg10pO0s-GAKExM=) has bought ammobox_9x19_25rnd x1 from the trader "Weapons (Oliver [#STR_EXPANSION_MARKET_TRADER_WEAPONS])" in market zone "The Holler" (pos=<5632.000000, 32.000000, 5392.000000>) for a price of 40.
01:48:14.299 [Market] Player "MaxCaliber" (id=s7vJf2NuCNme1MUM_sgLr2G3yzcxYg10pO0s-GAKExM=) has send a requested to purchase ammobox_9x19_25rnd x1 from the trader "Weapons (Oliver [#STR_EXPANSION_MARKET_TRADER_WEAPONS])" in market zone "The Holler" (pos=<5632.000000, 32.000000, 5392.000000>).
01:48:14.429 [Market] Player "MaxCaliber" (id=s7vJf2NuCNme1MUM_sgLr2G3yzcxYg10pO0s-GAKExM=) has bought ammobox_9x19_25rnd x1 from the trader "Weapons (Oliver [#STR_EXPANSION_MARKET_TRADER_WEAPONS])" in market zone "The Holler" (pos=<5632.000000, 32.000000, 5392.000000>) for a price of 40.
01:48:28.948 [Market] Player "MaxCaliber" (id=s7vJf2NuCNme1MUM_sgLr2G3yzcxYg10pO0s-GAKExM=) has send a requested to sell tlrlight x1 at the trader "BuildingSupplies (Indar [Building Trader])" in market zone "The Holler" (pos=<5632.000000, 32.000000, 5392.000000>).
01:48:29.046 [Market] Player "MaxCaliber" (id=s7vJf2NuCNme1MUM_sgLr2G3yzcxYg10pO0s-GAKExM=) has sold tlrlight x1 at the trader "BuildingSupplies (Indar [Building Trader])" in market zone "The Holler" (pos=<5632.000000, 32.000000, 5392.000000>) and got 22.
01:50:26.868 [ATM] Player "MaxCaliber" (id=s7vJf2NuCNme1MUM_sgLr2G3yzcxYg10pO0s-GAKExM=) has deposited 4226 on his ATM account.
01:55:43.032 [VehicleCarKey] Player "MaxCaliber" (id=s7vJf2NuCNme1MUM_sgLr2G3yzcxYg10pO0s-GAKExM= pos=<5632.780273, 28.710459, 5420.500000>) used the  ExpansionCarKey to lock OffroadHatchback (id=301570302E4D1E0BEB56538496C9F9D4 pos=<5631.754395, 28.695595, 5422.290039>)
01:55:57.211 [VehicleDeleted] OffroadHatchback (id=301570302E4D1E0BEB56538496C9F9D4 pos=<5631.754395, 28.695595, 5422.290039>)
01:55:57.212 [VehicleCover] Player "MaxCaliber" (id=s7vJf2NuCNme1MUM_sgLr2G3yzcxYg10pO0s-GAKExM= pos=<5632.780273, 28.710459, 5420.500000>) covered vehicle "OffroadHatchback" (GlobalID=800000008000000080000000800039A6 pos=<5631.754395, 28.695595, 5422.290039>)!
02:09:26.649 [VehicleCarKey] Player "Captain Chaos" (id=KWl3ojgjStHOe3-iLRChpUG8crsNiNfei3BT6NCIfaw= pos=<5695.094238, 14.986237, 1149.725830>) used the  ExpansionCarKey to lock Expansion_Landrover_Blue (id=215FE253B2499FAEF5FB248C7EA3CAE5 pos=<5693.932129, 14.901010, 1150.797607>)
02:11:23.439 [VehicleCarKey] Player "Captain Chaos" (id=KWl3ojgjStHOe3-iLRChpUG8crsNiNfei3BT6NCIfaw= pos=<5695.094238, 14.986237, 1149.725830>) used the  ExpansionCarKey to unlock Expansion_Landrover_Blue (id=215FE253B2499FAEF5FB248C7EA3CAE5 pos=<5693.932129, 14.901010, 1150.797607>)
02:13:07.879 [VehicleEnter] Player Captain Chaos [uid=KWl3ojgjStHOe3-iLRChpUG8crsNiNfei3BT6NCIfaw=] entered vehicle Land Rover Defender (id=215FE253B2499FAEF5FB248C7EA3CAE5 pos=<5693.932617, 14.901046, 1150.796631>) as driver
02:13:14.189 [VehicleEngine] Player Captain Chaos [uid=KWl3ojgjStHOe3-iLRChpUG8crsNiNfei3BT6NCIfaw=] started vehicle Land Rover Defender (id=215FE253B2499FAEF5FB248C7EA3CAE5 pos=<5693.932617, 14.901211, 1150.785156>)
02:14:30.550 [VehicleLeave] Player Captain Chaos [uid=KWl3ojgjStHOe3-iLRChpUG8crsNiNfei3BT6NCIfaw=] left vehicle Land Rover Defender (id=215FE253B2499FAEF5FB248C7EA3CAE5 pos=<6263.190430, 4.466012, 1346.534058>)
02:14:35.552 [VehicleCarKey] Player "Captain Chaos" (id=KWl3ojgjStHOe3-iLRChpUG8crsNiNfei3BT6NCIfaw= pos=<6263.655762, 4.510736, 1345.047607>) used the  ExpansionCarKey to lock Expansion_Landrover_Blue (id=215FE253B2499FAEF5FB248C7EA3CAE5 pos=<6263.190430, 4.466018, 1346.533569>)
02:16:05.652 [VehicleCarKey] Player "Captain Chaos" (id=KWl3ojgjStHOe3-iLRChpUG8crsNiNfei3BT6NCIfaw= pos=<6262.899414, 4.521763, 1344.643066>) used the  ExpansionCarKey to unlock Expansion_Landrover_Blue (id=215FE253B2499FAEF5FB248C7EA3CAE5 pos=<6263.190430, 4.466018, 1346.533569>)
02:16:11.022 [VehicleEnter] Player Captain Chaos [uid=KWl3ojgjStHOe3-iLRChpUG8crsNiNfei3BT6NCIfaw=] entered vehicle Land Rover Defender (id=215FE253B2499FAEF5FB248C7EA3CAE5 pos=<6263.190430, 4.466017, 1346.533447>) as driver
02:16:15.390 [VehicleEngine] Player Captain Chaos [uid=KWl3ojgjStHOe3-iLRChpUG8crsNiNfei3BT6NCIfaw=] started vehicle Land Rover Defender (id=215FE253B2499FAEF5FB248C7EA3CAE5 pos=<6263.190430, 4.466010, 1346.534180>)
02:21:41.998 [VehicleLeave] Player Captain Chaos [uid=KWl3ojgjStHOe3-iLRChpUG8crsNiNfei3BT6NCIfaw=] left vehicle Land Rover Defender (id=215FE253B2499FAEF5FB248C7EA3CAE5 pos=<7257.885254, 37.549812, 4624.559570>)
02:22:53.054 [VehicleEnter] Player Captain Chaos [uid=KWl3ojgjStHOe3-iLRChpUG8crsNiNfei3BT6NCIfaw=] entered vehicle Land Rover Defender (id=215FE253B2499FAEF5FB248C7EA3CAE5 pos=<7257.885254, 37.549812, 4624.559570>) as driver
02:22:59.833 [VehicleEngine] Player Captain Chaos [uid=KWl3ojgjStHOe3-iLRChpUG8crsNiNfei3BT6NCIfaw=] started vehicle Land Rover Defender (id=215FE253B2499FAEF5FB248C7EA3CAE5 pos=<7257.885254, 37.549809, 4624.559570>)
02:26:15.287 [VehicleLeave] Player Captain Chaos [uid=KWl3ojgjStHOe3-iLRChpUG8crsNiNfei3BT6NCIfaw=] left vehicle Land Rover Defender (id=215FE253B2499FAEF5FB248C7EA3CAE5 pos=<6102.851563, 32.941090, 6927.498535>)
02:28:15.620 [VehicleEnter] Player Captain Chaos [uid=KWl3ojgjStHOe3-iLRChpUG8crsNiNfei3BT6NCIfaw=] entered vehicle Land Rover Defender (id=215FE253B2499FAEF5FB248C7EA3CAE5 pos=<6102.851074, 32.941093, 6927.498535>) as driver
02:28:18.903 [VehicleEngine] Player Captain Chaos [uid=KWl3ojgjStHOe3-iLRChpUG8crsNiNfei3BT6NCIfaw=] started vehicle Land Rover Defender (id=215FE253B2499FAEF5FB248C7EA3CAE5 pos=<6102.851563, 32.941097, 6927.498535>)
02:30:16.911 [VehicleLeave] Player Captain Chaos [uid=KWl3ojgjStHOe3-iLRChpUG8crsNiNfei3BT6NCIfaw=] left vehicle Land Rover Defender (id=215FE253B2499FAEF5FB248C7EA3CAE5 pos=<5340.554688, 2.780557, 7448.031738>)
02:30:23.757 [VehicleCarKey] Player "Captain Chaos" (id=KWl3ojgjStHOe3-iLRChpUG8crsNiNfei3BT6NCIfaw= pos=<5340.637695, 2.791060, 7446.677246>) used the  ExpansionCarKey to lock Expansion_Landrover_Blue (id=215FE253B2499FAEF5FB248C7EA3CAE5 pos=<5340.554688, 2.780558, 7448.031738>)
02:43:23.501 [VehicleCarKey] Player "Captain Chaos" (id=KWl3ojgjStHOe3-iLRChpUG8crsNiNfei3BT6NCIfaw= pos=<5342.107910, 2.654689, 7447.147461>) used the  ExpansionCarKey to unlock Expansion_Landrover_Blue (id=215FE253B2499FAEF5FB248C7EA3CAE5 pos=<5340.554688, 2.780558, 7448.031738>)
02:43:30.241 [VehicleEnter] Player Captain Chaos [uid=KWl3ojgjStHOe3-iLRChpUG8crsNiNfei3BT6NCIfaw=] entered vehicle Land Rover Defender (id=215FE253B2499FAEF5FB248C7EA3CAE5 pos=<5340.554688, 2.780555, 7448.032227>) as driver
02:44:08.866 [VehicleEngine] Player Captain Chaos [uid=KWl3ojgjStHOe3-iLRChpUG8crsNiNfei3BT6NCIfaw=] started vehicle Land Rover Defender (id=215FE253B2499FAEF5FB248C7EA3CAE5 pos=<5340.554688, 2.780558, 7448.031738>)
02:47:12.712 [AI Patrol] Spawning 3 Shamans bots at <5908.221680, 127.905609, 5566.168945>
02:47:26.799 [VehicleEngine] Player Captain Chaos [uid=KWl3ojgjStHOe3-iLRChpUG8crsNiNfei3BT6NCIfaw=] started vehicle Land Rover Defender (id=215FE253B2499FAEF5FB248C7EA3CAE5 pos=<6386.070313, 15.058502, 6212.477539>)
02:47:46.065 [VehicleEnter] Player Captain Chaos [uid=KWl3ojgjStHOe3-iLRChpUG8crsNiNfei3BT6NCIfaw=] switched seats in vehicle Land Rover Defender (id=215FE253B2499FAEF5FB248C7EA3CAE5 pos=<6386.021973, 15.058497, 6212.509766>) to passenger
02:47:51.044 [VehicleLeave] Player Captain Chaos [uid=KWl3ojgjStHOe3-iLRChpUG8crsNiNfei3BT6NCIfaw=] left vehicle Land Rover Defender (id=215FE253B2499FAEF5FB248C7EA3CAE5 pos=<6386.005859, 15.058497, 6212.518066>)
02:54:26.898 [VehicleCarKey] Player "Captain Chaos" (id=KWl3ojgjStHOe3-iLRChpUG8crsNiNfei3BT6NCIfaw= pos=<6386.419922, 15.102500, 6210.897949>) used the  ExpansionCarKey to lock Expansion_Landrover_Blue (id=215FE253B2499FAEF5FB248C7EA3CAE5 pos=<6386.126953, 15.058493, 6212.553711>)
03:12:46.076 [Party] Player "GalaxyPanda" (id=Pk9FmI0iGIJV90L0o-uI7ivHc45DZnNcAVX3v1GVD5Y=) joinded the party "STAG" (id=7 ownerUID=Pk9FmI0iGIJV90L0o-uI7ivHc45DZnNcAVX3v1GVD5Y= ownerName=GalaxyPanda)
03:13:12.940 [VehicleCarKey] Player "Captain Chaos" (id=KWl3ojgjStHOe3-iLRChpUG8crsNiNfei3BT6NCIfaw= pos=<6387.994629, 15.102500, 6211.357910>) used the  ExpansionCarKey to unlock Expansion_Landrover_Blue (id=215FE253B2499FAEF5FB248C7EA3CAE5 pos=<6386.126953, 15.058493, 6212.553711>)
03:13:17.156 [VehicleCarKey] Player "Captain Chaos" (id=KWl3ojgjStHOe3-iLRChpUG8crsNiNfei3BT6NCIfaw= pos=<6386.472656, 15.102500, 6211.022461>) used the  ExpansionCarKey to lock Expansion_Landrover_Blue (id=215FE253B2499FAEF5FB248C7EA3CAE5 pos=<6386.126953, 15.058493, 6212.553711>)
03:13:19.295 [VehicleCarKey] Player "Captain Chaos" (id=KWl3ojgjStHOe3-iLRChpUG8crsNiNfei3BT6NCIfaw= pos=<6386.191895, 15.102473, 6210.640625>) used the  ExpansionCarKey to unlock Expansion_Landrover_Blue (id=215FE253B2499FAEF5FB248C7EA3CAE5 pos=<6386.126953, 15.058493, 6212.553711>)
03:14:20.068 [VehicleEnter] Player Captain Chaos [uid=KWl3ojgjStHOe3-iLRChpUG8crsNiNfei3BT6NCIfaw=] entered vehicle Land Rover Defender (id=215FE253B2499FAEF5FB248C7EA3CAE5 pos=<6386.127441, 15.058498, 6212.553711>) as driver
03:14:23.045 [VehicleEngine] Player Captain Chaos [uid=KWl3ojgjStHOe3-iLRChpUG8crsNiNfei3BT6NCIfaw=] started vehicle Land Rover Defender (id=215FE253B2499FAEF5FB248C7EA3CAE5 pos=<6386.126953, 15.058496, 6212.553711>)
03:14:57.423 [VehicleLeave] Player Captain Chaos [uid=KWl3ojgjStHOe3-iLRChpUG8crsNiNfei3BT6NCIfaw=] left vehicle Land Rover Defender (id=215FE253B2499FAEF5FB248C7EA3CAE5 pos=<6294.885742, 15.058502, 6243.007324>)
03:16:18.185 [VehicleCarKey] Player "Captain Chaos" (id=KWl3ojgjStHOe3-iLRChpUG8crsNiNfei3BT6NCIfaw= pos=<6293.942383, 15.344578, 6244.057617>) used the  ExpansionCarKey to lock Expansion_Landrover_Blue (id=215FE253B2499FAEF5FB248C7EA3CAE5 pos=<6294.885742, 15.058504, 6243.007324>)
03:16:35.514 [VehicleDeleted] Expansion_Landrover_Blue (id=215FE253B2499FAEF5FB248C7EA3CAE5 pos=<6294.885742, 15.058504, 6243.007324>)
03:16:35.514 [VehicleCover] Player "Captain Chaos" (id=KWl3ojgjStHOe3-iLRChpUG8crsNiNfei3BT6NCIfaw= pos=<6293.729492, 15.102500, 6244.182617>) covered vehicle "Expansion_Landrover_Blue" (GlobalID=80000000800000008000000080001833 pos=<6294.885742, 15.058504, 6243.007324>)!
03:20:43.319 [Party] Player "GalaxyPanda" (id=Pk9FmI0iGIJV90L0o-uI7ivHc45DZnNcAVX3v1GVD5Y=) left the party "STAG" (id=7 ownerUID=Pk9FmI0iGIJV90L0o-uI7ivHc45DZnNcAVX3v1GVD5Y= ownerName=GalaxyPanda)
