18:01:25.855 [Party] Player "Golden" (id=8Xp2uj5ZxNF55GgpLiN2OARJVn6kKpJE53oZMkC9IiQ=) joinded the party "G's" (id=49 ownerUID=4LNvemhkvMsn3fCjiyhQQrToOar0_hhH9f302w8wMNY= ownerName=MrGreen530)
18:01:25.863 [Expansion Quests] - InitQuestSystemClient - Loaded existing player quest data for player with UID: 8Xp2uj5ZxNF55GgpLiN2OARJVn6kKpJE53oZMkC9IiQ=
18:01:25.863 [Expansion Quests] - LoadGroupQuestData - Loaded existing group quest data for group with ID: 49
18:01:26.835 [Expansion Quests] - LoadGroupQuestData - Got cached group quest data for group with ID: 49
18:01:46.957 [Party] Player "MrGreen530" (id=4LNvemhkvMsn3fCjiyhQQrToOar0_hhH9f302w8wMNY=) joinded the party "G's" (id=49 ownerUID=4LNvemhkvMsn3fCjiyhQQrToOar0_hhH9f302w8wMNY= ownerName=MrGreen530)
18:01:46.960 [Expansion Quests] - InitQuestSystemClient - Loaded existing player quest data for player with UID: 4LNvemhkvMsn3fCjiyhQQrToOar0_hhH9f302w8wMNY=
18:01:46.960 [Expansion Quests] - LoadGroupQuestData - Got cached group quest data for group with ID: 49
18:01:47.937 [Expansion Quests] - LoadGroupQuestData - Got cached group quest data for group with ID: 49
18:02:14.222 [AI Patrol] Spawning 3 Temple Patrol bots at <341.675781, 47.070000, 736.558838>
18:02:14.324 [AI Patrol] Spawning 3 Temple Patrol bots at <460.615234, 55.318100, 751.474915>
18:02:14.335 [AI Patrol] Spawning 3 Temple Patrol bots at <409.144226, 47.070000, 808.654846>
18:02:15.496 [VehicleCarKey] Player "Golden" (id=8Xp2uj5ZxNF55GgpLiN2OARJVn6kKpJE53oZMkC9IiQ= pos=<3788.115723, 6.036867, 2498.699463>) used the  ExpansionCarKey to unlock ExpansionMh6_Elliptical (id=CECC8E61C6460EBBBB9AE89D4DEBF372 pos=<3788.990967, 5.691900, 2500.003418>)
18:02:20.152 [VehicleAttachments] Player MrGreen530 (uid=4LNvemhkvMsn3fCjiyhQQrToOar0_hhH9f302w8wMNY=) detached Mh-6 Front-Right Door (type=Expansion_Mh6_Door_1_2) from vehicle Mh-6 Little Bird(id=CECC8E61C6460EBBBB9AE89D4DEBF372 pos=<3788.993164, 5.694624, 2500.003662>)
18:02:26.289 [VehicleEnter] Player Golden [uid=8Xp2uj5ZxNF55GgpLiN2OARJVn6kKpJE53oZMkC9IiQ=] entered vehicle Mh-6 Little Bird (id=CECC8E61C6460EBBBB9AE89D4DEBF372 pos=<3788.993164, 5.694633, 2500.003662>) as pilot
18:02:30.933 [VehicleEnter] Player MrGreen530 [uid=4LNvemhkvMsn3fCjiyhQQrToOar0_hhH9f302w8wMNY=] entered vehicle Mh-6 Little Bird (id=CECC8E61C6460EBBBB9AE89D4DEBF372 pos=<3788.993164, 5.694632, 2500.003418>) as passenger
18:02:57.070 [VehicleEngine] Player Golden [uid=8Xp2uj5ZxNF55GgpLiN2OARJVn6kKpJE53oZMkC9IiQ=] started vehicle Mh-6 Little Bird (id=CECC8E61C6460EBBBB9AE89D4DEBF372 pos=<3788.993164, 5.694632, 2500.003418>)
18:05:05.781 [VehicleLeave] Player MrGreen530 [uid=4LNvemhkvMsn3fCjiyhQQrToOar0_hhH9f302w8wMNY=] left vehicle Mh-6 Little Bird (id=CECC8E61C6460EBBBB9AE89D4DEBF372 pos=<4179.928223, 340.917816, 2430.030518>)
18:06:54.292 [VehicleEngine] Player Golden [uid=8Xp2uj5ZxNF55GgpLiN2OARJVn6kKpJE53oZMkC9IiQ=] stopped vehicle Mh-6 Little Bird (id=CECC8E61C6460EBBBB9AE89D4DEBF372 pos=<3794.321777, 5.701415, 2498.176025>)
18:07:01.011 [VehicleLeave] Player Golden [uid=8Xp2uj5ZxNF55GgpLiN2OARJVn6kKpJE53oZMkC9IiQ=] left vehicle Mh-6 Little Bird (id=CECC8E61C6460EBBBB9AE89D4DEBF372 pos=<3794.321777, 5.701550, 2498.176025>)
18:08:09.484 [VehicleCarKey] Player "Golden" (id=8Xp2uj5ZxNF55GgpLiN2OARJVn6kKpJE53oZMkC9IiQ= pos=<3793.077637, 5.646395, 2496.122070>) used the  ExpansionCarKey to lock ExpansionMh6_Elliptical (id=CECC8E61C6460EBBBB9AE89D4DEBF372 pos=<3794.322021, 5.701550, 2498.175781>)
18:16:27.648 [MissionAirdrop] An airdrop is heading towards "Oceanville" (pos=<10179.000000, 0.000000, 4722.000000> type=Random_Oceanville) with a ExpansionAirdropContainer
18:25:35.343 [VehicleCarKey] Player "Golden" (id=8Xp2uj5ZxNF55GgpLiN2OARJVn6kKpJE53oZMkC9IiQ= pos=<4395.799805, 6.374639, 4518.553223>) used the  ExpansionCarKey to unlock BMW_black (id=3DF3403A024C327D1D9242B30402B44F pos=<4393.903320, 6.163282, 4518.657227>)
18:25:40.226 [VehicleEnter] Player MrGreen530 [uid=4LNvemhkvMsn3fCjiyhQQrToOar0_hhH9f302w8wMNY=] entered vehicle BMW black (id=3DF3403A024C327D1D9242B30402B44F pos=<4393.903320, 6.163282, 4518.657227>) as passenger
18:25:44.046 [VehicleEnter] Player Golden [uid=8Xp2uj5ZxNF55GgpLiN2OARJVn6kKpJE53oZMkC9IiQ=] entered vehicle BMW black (id=3DF3403A024C327D1D9242B30402B44F pos=<4393.902832, 6.163291, 4518.658203>) as driver
18:25:46.703 [VehicleEngine] Player Golden [uid=8Xp2uj5ZxNF55GgpLiN2OARJVn6kKpJE53oZMkC9IiQ=] started vehicle BMW black (id=3DF3403A024C327D1D9242B30402B44F pos=<4393.903320, 6.163187, 4518.661621>)
18:26:20.093 [AI Patrol] Spawning 3 Paris Island Patrol bots at <3186.506836, 22.340000, 4290.809082>
18:31:32.312 [AI Patrol] Spawning 3 Power Plant Patrol bots at <4508.683105, 20.430000, 7177.547363>
18:34:20.148 [VehicleLeave] Player MrGreen530 [uid=4LNvemhkvMsn3fCjiyhQQrToOar0_hhH9f302w8wMNY=] left vehicle BMW black (id=3DF3403A024C327D1D9242B30402B44F pos=<5141.696289, 59.391075, 8041.169922>)
18:34:22.648 [VehicleEngine] Player Golden [uid=8Xp2uj5ZxNF55GgpLiN2OARJVn6kKpJE53oZMkC9IiQ=] stopped vehicle BMW black (id=3DF3403A024C327D1D9242B30402B44F pos=<5141.695801, 59.391098, 8041.169922>)
18:34:25.046 [VehicleLeave] Player Golden [uid=8Xp2uj5ZxNF55GgpLiN2OARJVn6kKpJE53oZMkC9IiQ=] left vehicle BMW black (id=3DF3403A024C327D1D9242B30402B44F pos=<5141.696289, 59.391098, 8041.169922>)
18:36:57.820 [VehicleEnter] Player Golden [uid=8Xp2uj5ZxNF55GgpLiN2OARJVn6kKpJE53oZMkC9IiQ=] entered vehicle BMW black (id=3DF3403A024C327D1D9242B30402B44F pos=<5141.696289, 59.391094, 8041.169922>) as driver
18:37:00.406 [VehicleEnter] Player MrGreen530 [uid=4LNvemhkvMsn3fCjiyhQQrToOar0_hhH9f302w8wMNY=] entered vehicle BMW black (id=3DF3403A024C327D1D9242B30402B44F pos=<5141.696289, 59.391075, 8041.169922>) as passenger
18:37:12.328 [VehicleEngine] Player Golden [uid=8Xp2uj5ZxNF55GgpLiN2OARJVn6kKpJE53oZMkC9IiQ=] started vehicle BMW black (id=3DF3403A024C327D1D9242B30402B44F pos=<5141.695801, 59.391071, 8041.169922>)
18:40:38.742 [VehicleLeave] Player MrGreen530 [uid=4LNvemhkvMsn3fCjiyhQQrToOar0_hhH9f302w8wMNY=] left vehicle BMW black (id=3DF3403A024C327D1D9242B30402B44F pos=<7441.193359, 6.569722, 8493.143555>)
18:40:49.578 [VehicleLeave] Player Golden [uid=8Xp2uj5ZxNF55GgpLiN2OARJVn6kKpJE53oZMkC9IiQ=] left vehicle BMW black (id=3DF3403A024C327D1D9242B30402B44F pos=<7433.786621, 6.569726, 8491.817383>)
18:41:23.835 [VehicleEnter] Player Golden [uid=8Xp2uj5ZxNF55GgpLiN2OARJVn6kKpJE53oZMkC9IiQ=] entered vehicle BMW black (id=3DF3403A024C327D1D9242B30402B44F pos=<7433.786621, 6.569723, 8491.817383>) as driver
18:41:37.578 [VehicleEngine] Player Golden [uid=8Xp2uj5ZxNF55GgpLiN2OARJVn6kKpJE53oZMkC9IiQ=] started vehicle BMW black (id=3DF3403A024C327D1D9242B30402B44F pos=<7433.786133, 6.569734, 8491.817383>)
18:41:47.671 [VehicleCarKey] Player "MrGreen530" (id=4LNvemhkvMsn3fCjiyhQQrToOar0_hhH9f302w8wMNY= pos=<7408.726563, 6.662476, 8491.435547>) used the  ExpansionCarKey to unlock ToyotaHilux_rust (id=571B5FFEDE46DD4746241386E05869E6 pos=<7408.261230, 6.654740, 8493.598633>)
18:41:54.515 [VehicleEnter] Player MrGreen530 [uid=4LNvemhkvMsn3fCjiyhQQrToOar0_hhH9f302w8wMNY=] entered vehicle ToyotaHilux rust (id=571B5FFEDE46DD4746241386E05869E6 pos=<7408.261230, 6.654741, 8493.599609>) as driver
18:41:56.960 [VehicleEngine] Player MrGreen530 [uid=4LNvemhkvMsn3fCjiyhQQrToOar0_hhH9f302w8wMNY=] started vehicle ToyotaHilux rust (id=571B5FFEDE46DD4746241386E05869E6 pos=<7408.261230, 6.654741, 8493.599609>)
18:45:40.187 [AI Patrol] Spawning 3 Shamans bots at <5916.387207, 132.994034, 5584.726074>
18:48:14.890 [Safezone] Player "MrGreen530" (id=4LNvemhkvMsn3fCjiyhQQrToOar0_hhH9f302w8wMNY= pos=<5658.583008, 29.878479, 5518.340820>) Entered the safezone
18:48:22.750 [Safezone] Player "Golden" (id=8Xp2uj5ZxNF55GgpLiN2OARJVn6kKpJE53oZMkC9IiQ= pos=<5661.538086, 29.247835, 5516.337891>) Entered the safezone
18:48:27.257 [VehicleEngine] Player MrGreen530 [uid=4LNvemhkvMsn3fCjiyhQQrToOar0_hhH9f302w8wMNY=] stopped vehicle ToyotaHilux rust (id=571B5FFEDE46DD4746241386E05869E6 pos=<5644.587891, 28.288364, 5428.898926>)
18:48:31.140 [VehicleLeave] Player MrGreen530 [uid=4LNvemhkvMsn3fCjiyhQQrToOar0_hhH9f302w8wMNY=] left vehicle ToyotaHilux rust (id=571B5FFEDE46DD4746241386E05869E6 pos=<5644.591309, 28.288500, 5428.898438>)
18:48:34.890 [VehicleEngine] Player Golden [uid=8Xp2uj5ZxNF55GgpLiN2OARJVn6kKpJE53oZMkC9IiQ=] stopped vehicle BMW black (id=3DF3403A024C327D1D9242B30402B44F pos=<5645.020020, 27.604490, 5434.961914>)
18:48:38.062 [VehicleLeave] Player Golden [uid=8Xp2uj5ZxNF55GgpLiN2OARJVn6kKpJE53oZMkC9IiQ=] left vehicle BMW black (id=3DF3403A024C327D1D9242B30402B44F pos=<5645.066406, 27.599905, 5435.023926>)
18:48:40.531 [VehicleCarKey] Player "MrGreen530" (id=4LNvemhkvMsn3fCjiyhQQrToOar0_hhH9f302w8wMNY= pos=<5642.561035, 28.415174, 5426.904785>) used the  ExpansionCarKey to lock ToyotaHilux_rust (id=571B5FFEDE46DD4746241386E05869E6 pos=<5644.591797, 28.288509, 5428.898438>)
18:49:04.765 [VehicleCarKey] Player "Golden" (id=8Xp2uj5ZxNF55GgpLiN2OARJVn6kKpJE53oZMkC9IiQ= pos=<5615.979492, 28.722605, 5358.732910>) used the  ExpansionCarKey to unlock BMW_rust (id=094A83D5D448FB67B9B889A8724F8032 pos=<5613.676758, 28.640579, 5359.238281>)
18:49:17.992 [Market] Player "Golden" (id=8Xp2uj5ZxNF55GgpLiN2OARJVn6kKpJE53oZMkC9IiQ=) has send a requested to sell bmw_rust x1 at the trader "Vehicles (Lewis [VEHICLES])" in market zone "The Holler" (pos=<5632.000000, 32.000000, 5392.000000>).
18:49:18.140 [VehicleDeleted] BMW_rust (id=094A83D5D448FB67B9B889A8724F8032 pos=<5613.676758, 28.640579, 5359.238281>)
18:49:18.140 [Market] Player "Golden" (id=8Xp2uj5ZxNF55GgpLiN2OARJVn6kKpJE53oZMkC9IiQ=) has sold bmw_rust x1 at the trader "Vehicles (Lewis [VEHICLES])" in market zone "The Holler" (pos=<5632.000000, 32.000000, 5392.000000>) and got 187455.
18:53:42.875 [ATM] Player "MrGreen530" (id=4LNvemhkvMsn3fCjiyhQQrToOar0_hhH9f302w8wMNY=) has withdrawn 529321 from his ATM account.
18:53:43.265 [ATM] Player "Golden" (id=8Xp2uj5ZxNF55GgpLiN2OARJVn6kKpJE53oZMkC9IiQ=) has withdrawn 150000 from his ATM account.
19:00:23.812 [Market] Player "MrGreen530" (id=4LNvemhkvMsn3fCjiyhQQrToOar0_hhH9f302w8wMNY=) has send a requested to purchase doc_m4_oilfoil x1 from the trader "Weapons (Oliver [WEAPONS])" in market zone "The Holler" (pos=<5632.000000, 32.000000, 5392.000000>).
19:00:23.953 [Market] Player "MrGreen530" (id=4LNvemhkvMsn3fCjiyhQQrToOar0_hhH9f302w8wMNY=) has bought doc_m4_oilfoil x1 from the trader "Weapons (Oliver [WEAPONS])" in market zone "The Holler" (pos=<5632.000000, 32.000000, 5392.000000>) for a price of 113988.
19:00:36.718 [ATM] Player "Golden" (id=8Xp2uj5ZxNF55GgpLiN2OARJVn6kKpJE53oZMkC9IiQ=) has deposited 337455 on his ATM account.
19:00:45.250 [ATM] Player "Golden" (id=8Xp2uj5ZxNF55GgpLiN2OARJVn6kKpJE53oZMkC9IiQ=) has withdrawn 150000 from his ATM account.
19:01:21.296 [ATM] Player "Golden" (id=8Xp2uj5ZxNF55GgpLiN2OARJVn6kKpJE53oZMkC9IiQ=) has withdrawn 50000 from his ATM account.
19:02:03.351 [Market] Player "Golden" (id=8Xp2uj5ZxNF55GgpLiN2OARJVn6kKpJE53oZMkC9IiQ=) has send a requested to purchase doc_stanag69_oilfoil x1 from the trader "Weapons (Oliver [WEAPONS])" in market zone "The Holler" (pos=<5632.000000, 32.000000, 5392.000000>).
19:02:03.492 [Market] Player "Golden" (id=8Xp2uj5ZxNF55GgpLiN2OARJVn6kKpJE53oZMkC9IiQ=) has bought doc_stanag69_oilfoil x1 from the trader "Weapons (Oliver [WEAPONS])" in market zone "The Holler" (pos=<5632.000000, 32.000000, 5392.000000>) for a price of 1988.
19:02:06.765 [Market] Player "Golden" (id=8Xp2uj5ZxNF55GgpLiN2OARJVn6kKpJE53oZMkC9IiQ=) has send a requested to purchase doc_stanag69_oilfoil x1 from the trader "Weapons (Oliver [WEAPONS])" in market zone "The Holler" (pos=<5632.000000, 32.000000, 5392.000000>).
19:02:06.875 [Market] Player "Golden" (id=8Xp2uj5ZxNF55GgpLiN2OARJVn6kKpJE53oZMkC9IiQ=) has bought doc_stanag69_oilfoil x1 from the trader "Weapons (Oliver [WEAPONS])" in market zone "The Holler" (pos=<5632.000000, 32.000000, 5392.000000>) for a price of 1988.
19:02:07.468 [Market] Player "Golden" (id=8Xp2uj5ZxNF55GgpLiN2OARJVn6kKpJE53oZMkC9IiQ=) has send a requested to purchase doc_stanag69_oilfoil x1 from the trader "Weapons (Oliver [WEAPONS])" in market zone "The Holler" (pos=<5632.000000, 32.000000, 5392.000000>).
19:02:07.578 [Market] Player "Golden" (id=8Xp2uj5ZxNF55GgpLiN2OARJVn6kKpJE53oZMkC9IiQ=) has bought doc_stanag69_oilfoil x1 from the trader "Weapons (Oliver [WEAPONS])" in market zone "The Holler" (pos=<5632.000000, 32.000000, 5392.000000>) for a price of 1988.
19:02:08.039 [Market] Player "Golden" (id=8Xp2uj5ZxNF55GgpLiN2OARJVn6kKpJE53oZMkC9IiQ=) has send a requested to purchase doc_stanag69_oilfoil x1 from the trader "Weapons (Oliver [WEAPONS])" in market zone "The Holler" (pos=<5632.000000, 32.000000, 5392.000000>).
19:02:08.187 [Market] Player "Golden" (id=8Xp2uj5ZxNF55GgpLiN2OARJVn6kKpJE53oZMkC9IiQ=) has bought doc_stanag69_oilfoil x1 from the trader "Weapons (Oliver [WEAPONS])" in market zone "The Holler" (pos=<5632.000000, 32.000000, 5392.000000>) for a price of 1988.
19:02:08.625 [Market] Player "Golden" (id=8Xp2uj5ZxNF55GgpLiN2OARJVn6kKpJE53oZMkC9IiQ=) has send a requested to purchase doc_stanag69_oilfoil x1 from the trader "Weapons (Oliver [WEAPONS])" in market zone "The Holler" (pos=<5632.000000, 32.000000, 5392.000000>).
19:02:08.765 [Market] Player "Golden" (id=8Xp2uj5ZxNF55GgpLiN2OARJVn6kKpJE53oZMkC9IiQ=) has bought doc_stanag69_oilfoil x1 from the trader "Weapons (Oliver [WEAPONS])" in market zone "The Holler" (pos=<5632.000000, 32.000000, 5392.000000>) for a price of 1988.
19:02:09.218 [Market] Player "Golden" (id=8Xp2uj5ZxNF55GgpLiN2OARJVn6kKpJE53oZMkC9IiQ=) has send a requested to purchase doc_stanag69_oilfoil x1 from the trader "Weapons (Oliver [WEAPONS])" in market zone "The Holler" (pos=<5632.000000, 32.000000, 5392.000000>).
19:02:09.328 [Market] Player "Golden" (id=8Xp2uj5ZxNF55GgpLiN2OARJVn6kKpJE53oZMkC9IiQ=) has bought doc_stanag69_oilfoil x1 from the trader "Weapons (Oliver [WEAPONS])" in market zone "The Holler" (pos=<5632.000000, 32.000000, 5392.000000>) for a price of 1988.
19:02:10.117 [Market] Player "Golden" (id=8Xp2uj5ZxNF55GgpLiN2OARJVn6kKpJE53oZMkC9IiQ=) has send a requested to purchase doc_stanag69_oilfoil x1 from the trader "Weapons (Oliver [WEAPONS])" in market zone "The Holler" (pos=<5632.000000, 32.000000, 5392.000000>).
19:02:10.250 [Market] Player "Golden" (id=8Xp2uj5ZxNF55GgpLiN2OARJVn6kKpJE53oZMkC9IiQ=) has bought doc_stanag69_oilfoil x1 from the trader "Weapons (Oliver [WEAPONS])" in market zone "The Holler" (pos=<5632.000000, 32.000000, 5392.000000>) for a price of 1988.
19:02:11.132 [Market] Player "Golden" (id=8Xp2uj5ZxNF55GgpLiN2OARJVn6kKpJE53oZMkC9IiQ=) has send a requested to purchase doc_stanag69_oilfoil x1 from the trader "Weapons (Oliver [WEAPONS])" in market zone "The Holler" (pos=<5632.000000, 32.000000, 5392.000000>).
19:02:11.289 [Market] Player "Golden" (id=8Xp2uj5ZxNF55GgpLiN2OARJVn6kKpJE53oZMkC9IiQ=) has bought doc_stanag69_oilfoil x1 from the trader "Weapons (Oliver [WEAPONS])" in market zone "The Holler" (pos=<5632.000000, 32.000000, 5392.000000>) for a price of 1988.
19:02:53.765 [Market] Player "Golden" (id=8Xp2uj5ZxNF55GgpLiN2OARJVn6kKpJE53oZMkC9IiQ=) has send a requested to purchase expansioncarkey x10 from the trader "Vehicles (Lewis [VEHICLES])" in market zone "The Holler" (pos=<5632.000000, 32.000000, 5392.000000>).
19:02:53.859 [Market] Player "Golden" (id=8Xp2uj5ZxNF55GgpLiN2OARJVn6kKpJE53oZMkC9IiQ=) has bought expansioncarkey x10 from the trader "Vehicles (Lewis [VEHICLES])" in market zone "The Holler" (pos=<5632.000000, 32.000000, 5392.000000>) for a price of 5000.
19:02:57.250 [Market] Player "Golden" (id=8Xp2uj5ZxNF55GgpLiN2OARJVn6kKpJE53oZMkC9IiQ=) has send a requested to purchase sparkplug x1 from the trader "Vehicles (Lewis [VEHICLES])" in market zone "The Holler" (pos=<5632.000000, 32.000000, 5392.000000>).
19:02:57.398 [Market] Player "Golden" (id=8Xp2uj5ZxNF55GgpLiN2OARJVn6kKpJE53oZMkC9IiQ=) has bought sparkplug x1 from the trader "Vehicles (Lewis [VEHICLES])" in market zone "The Holler" (pos=<5632.000000, 32.000000, 5392.000000>) for a price of 600.
19:02:58.132 [Market] Player "Golden" (id=8Xp2uj5ZxNF55GgpLiN2OARJVn6kKpJE53oZMkC9IiQ=) has send a requested to purchase sparkplug x1 from the trader "Vehicles (Lewis [VEHICLES])" in market zone "The Holler" (pos=<5632.000000, 32.000000, 5392.000000>).
19:02:58.281 [Market] Player "Golden" (id=8Xp2uj5ZxNF55GgpLiN2OARJVn6kKpJE53oZMkC9IiQ=) has bought sparkplug x1 from the trader "Vehicles (Lewis [VEHICLES])" in market zone "The Holler" (pos=<5632.000000, 32.000000, 5392.000000>) for a price of 600.
19:03:00.296 [Market] Player "Golden" (id=8Xp2uj5ZxNF55GgpLiN2OARJVn6kKpJE53oZMkC9IiQ=) has send a requested to purchase headlighth7_box x1 from the trader "Vehicles (Lewis [VEHICLES])" in market zone "The Holler" (pos=<5632.000000, 32.000000, 5392.000000>).
19:03:00.453 [Market] Player "Golden" (id=8Xp2uj5ZxNF55GgpLiN2OARJVn6kKpJE53oZMkC9IiQ=) has bought headlighth7_box x1 from the trader "Vehicles (Lewis [VEHICLES])" in market zone "The Holler" (pos=<5632.000000, 32.000000, 5392.000000>) for a price of 30.
19:03:00.968 [Market] Player "Golden" (id=8Xp2uj5ZxNF55GgpLiN2OARJVn6kKpJE53oZMkC9IiQ=) has send a requested to purchase headlighth7_box x1 from the trader "Vehicles (Lewis [VEHICLES])" in market zone "The Holler" (pos=<5632.000000, 32.000000, 5392.000000>).
19:03:01.117 [Market] Player "Golden" (id=8Xp2uj5ZxNF55GgpLiN2OARJVn6kKpJE53oZMkC9IiQ=) has bought headlighth7_box x1 from the trader "Vehicles (Lewis [VEHICLES])" in market zone "The Holler" (pos=<5632.000000, 32.000000, 5392.000000>) for a price of 30.
19:03:01.804 [Market] Player "Golden" (id=8Xp2uj5ZxNF55GgpLiN2OARJVn6kKpJE53oZMkC9IiQ=) has send a requested to purchase headlighth7_box x1 from the trader "Vehicles (Lewis [VEHICLES])" in market zone "The Holler" (pos=<5632.000000, 32.000000, 5392.000000>).
19:03:01.914 [Market] Player "Golden" (id=8Xp2uj5ZxNF55GgpLiN2OARJVn6kKpJE53oZMkC9IiQ=) has bought headlighth7_box x1 from the trader "Vehicles (Lewis [VEHICLES])" in market zone "The Holler" (pos=<5632.000000, 32.000000, 5392.000000>) for a price of 30.
19:03:40.812 [VehicleCarKey] Player "MrGreen530" (id=4LNvemhkvMsn3fCjiyhQQrToOar0_hhH9f302w8wMNY= pos=<5642.287109, 28.455900, 5426.208008>) used the  ExpansionCarKey to unlock ToyotaHilux_rust (id=571B5FFEDE46DD4746241386E05869E6 pos=<5644.591797, 28.288509, 5428.898438>)
19:03:50.156 [VehicleAttachments] Player Golden (uid=8Xp2uj5ZxNF55GgpLiN2OARJVn6kKpJE53oZMkC9IiQ=) detached Jerrycan (type=CanisterGasoline) from vehicle ToyotaHilux rust(id=571B5FFEDE46DD4746241386E05869E6 pos=<5644.591797, 28.288509, 5428.898438>)
19:05:40.984 [VehicleEnter] Player Golden [uid=8Xp2uj5ZxNF55GgpLiN2OARJVn6kKpJE53oZMkC9IiQ=] entered vehicle BMW black (id=3DF3403A024C327D1D9242B30402B44F pos=<5645.105957, 27.597221, 5435.065430>) as driver
19:05:43.812 [ATM] Player "MrGreen530" (id=4LNvemhkvMsn3fCjiyhQQrToOar0_hhH9f302w8wMNY=) has deposited 565333 on his ATM account.
19:05:44.062 [VehicleEngine] Player Golden [uid=8Xp2uj5ZxNF55GgpLiN2OARJVn6kKpJE53oZMkC9IiQ=] started vehicle BMW black (id=3DF3403A024C327D1D9242B30402B44F pos=<5645.150391, 27.593073, 5435.125488>)
19:05:57.914 [VehicleEnter] Player MrGreen530 [uid=4LNvemhkvMsn3fCjiyhQQrToOar0_hhH9f302w8wMNY=] entered vehicle ToyotaHilux rust (id=571B5FFEDE46DD4746241386E05869E6 pos=<5644.590820, 28.288361, 5428.900391>) as driver
19:06:01.101 [VehicleEngine] Player MrGreen530 [uid=4LNvemhkvMsn3fCjiyhQQrToOar0_hhH9f302w8wMNY=] started vehicle ToyotaHilux rust (id=571B5FFEDE46DD4746241386E05869E6 pos=<5644.591797, 28.288393, 5428.900391>)
19:06:27.187 [Safezone] Player "Golden" (id=8Xp2uj5ZxNF55GgpLiN2OARJVn6kKpJE53oZMkC9IiQ= pos=<5730.930664, 20.370600, 5166.766602>) Left the safezone
19:06:33.484 [Safezone] Player "MrGreen530" (id=4LNvemhkvMsn3fCjiyhQQrToOar0_hhH9f302w8wMNY= pos=<5722.632813, 21.025373, 5152.212402>) Left the safezone
19:10:50.421 [VehicleLeave] Player Golden [uid=8Xp2uj5ZxNF55GgpLiN2OARJVn6kKpJE53oZMkC9IiQ=] left vehicle BMW black (id=3DF3403A024C327D1D9242B30402B44F pos=<3809.571533, 5.568921, 2501.166992>)
19:11:01.882 [VehicleEnter] Player Golden [uid=8Xp2uj5ZxNF55GgpLiN2OARJVn6kKpJE53oZMkC9IiQ=] entered vehicle BMW black (id=3DF3403A024C327D1D9242B30402B44F pos=<3809.571533, 5.568902, 2501.167969>) as driver
19:11:11.406 [VehicleEngine] Player MrGreen530 [uid=4LNvemhkvMsn3fCjiyhQQrToOar0_hhH9f302w8wMNY=] stopped vehicle ToyotaHilux rust (id=571B5FFEDE46DD4746241386E05869E6 pos=<3813.158691, 5.659719, 2527.159668>)
19:11:11.593 [VehicleEngine] Player Golden [uid=8Xp2uj5ZxNF55GgpLiN2OARJVn6kKpJE53oZMkC9IiQ=] started vehicle BMW black (id=3DF3403A024C327D1D9242B30402B44F pos=<3809.572021, 5.568884, 2501.171875>)
19:11:17.531 [VehicleLeave] Player MrGreen530 [uid=4LNvemhkvMsn3fCjiyhQQrToOar0_hhH9f302w8wMNY=] left vehicle ToyotaHilux rust (id=571B5FFEDE46DD4746241386E05869E6 pos=<3813.156250, 5.659735, 2527.160889>)
19:11:23.554 [VehicleCarKey] Player "MrGreen530" (id=4LNvemhkvMsn3fCjiyhQQrToOar0_hhH9f302w8wMNY= pos=<3811.063721, 5.654973, 2526.937012>) used the  ExpansionCarKey to lock ToyotaHilux_rust (id=571B5FFEDE46DD4746241386E05869E6 pos=<3813.155518, 5.659733, 2527.160889>)
19:11:37.992 [VehicleEngine] Player Golden [uid=8Xp2uj5ZxNF55GgpLiN2OARJVn6kKpJE53oZMkC9IiQ=] stopped vehicle BMW black (id=3DF3403A024C327D1D9242B30402B44F pos=<3815.059570, 5.574717, 2521.379150>)
19:11:42.156 [VehicleLeave] Player Golden [uid=8Xp2uj5ZxNF55GgpLiN2OARJVn6kKpJE53oZMkC9IiQ=] left vehicle BMW black (id=3DF3403A024C327D1D9242B30402B44F pos=<3815.060059, 5.574695, 2521.381104>)
19:11:47.296 [VehicleEnter] Player Golden [uid=8Xp2uj5ZxNF55GgpLiN2OARJVn6kKpJE53oZMkC9IiQ=] entered vehicle BMW black (id=3DF3403A024C327D1D9242B30402B44F pos=<3815.060059, 5.574727, 2521.382080>) as driver
19:11:54.820 [VehicleLeave] Player Golden [uid=8Xp2uj5ZxNF55GgpLiN2OARJVn6kKpJE53oZMkC9IiQ=] left vehicle BMW black (id=3DF3403A024C327D1D9242B30402B44F pos=<3815.060303, 5.574698, 2521.384766>)
19:12:45.937 [VehicleCarKey] Player "MrGreen530" (id=4LNvemhkvMsn3fCjiyhQQrToOar0_hhH9f302w8wMNY= pos=<3753.127441, 5.635050, 2531.867920>) used the  ExpansionCarKey to unlock MUSTANG_rust (id=B8E06F5D11473206C2364B873E819B2B pos=<3752.433838, 5.694792, 2529.507813>)
19:12:53.375 [VehicleEnter] Player MrGreen530 [uid=4LNvemhkvMsn3fCjiyhQQrToOar0_hhH9f302w8wMNY=] entered vehicle MUSTANG Rust  (id=B8E06F5D11473206C2364B873E819B2B pos=<3752.434082, 5.694792, 2529.507813>) as driver
19:12:56.414 [VehicleEngine] Player MrGreen530 [uid=4LNvemhkvMsn3fCjiyhQQrToOar0_hhH9f302w8wMNY=] started vehicle MUSTANG Rust  (id=B8E06F5D11473206C2364B873E819B2B pos=<3752.433838, 5.694792, 2529.507813>)
19:13:08.390 [VehicleEngine] Player MrGreen530 [uid=4LNvemhkvMsn3fCjiyhQQrToOar0_hhH9f302w8wMNY=] stopped vehicle MUSTANG Rust  (id=B8E06F5D11473206C2364B873E819B2B pos=<3772.039795, 5.615681, 2511.863037>)
19:13:12.828 [VehicleLeave] Player MrGreen530 [uid=4LNvemhkvMsn3fCjiyhQQrToOar0_hhH9f302w8wMNY=] left vehicle MUSTANG Rust  (id=B8E06F5D11473206C2364B873E819B2B pos=<3772.039795, 5.615681, 2511.863281>)
19:13:19.703 [VehicleEnter] Player MrGreen530 [uid=4LNvemhkvMsn3fCjiyhQQrToOar0_hhH9f302w8wMNY=] entered vehicle MUSTANG Rust  (id=B8E06F5D11473206C2364B873E819B2B pos=<3772.039795, 5.615681, 2511.863281>) as driver
19:13:21.523 [VehicleEngine] Player MrGreen530 [uid=4LNvemhkvMsn3fCjiyhQQrToOar0_hhH9f302w8wMNY=] started vehicle MUSTANG Rust  (id=B8E06F5D11473206C2364B873E819B2B pos=<3772.039551, 5.615681, 2511.863281>)
19:13:36.968 [VehicleLeave] Player MrGreen530 [uid=4LNvemhkvMsn3fCjiyhQQrToOar0_hhH9f302w8wMNY=] left vehicle MUSTANG Rust  (id=B8E06F5D11473206C2364B873E819B2B pos=<3776.299561, 5.641816, 2521.476807>)
19:14:33.234 [VehicleEnter] Player MrGreen530 [uid=4LNvemhkvMsn3fCjiyhQQrToOar0_hhH9f302w8wMNY=] entered vehicle MUSTANG Rust  (id=B8E06F5D11473206C2364B873E819B2B pos=<3776.299805, 5.641816, 2521.476807>) as driver
19:14:36.390 [VehicleEngine] Player MrGreen530 [uid=4LNvemhkvMsn3fCjiyhQQrToOar0_hhH9f302w8wMNY=] started vehicle MUSTANG Rust  (id=B8E06F5D11473206C2364B873E819B2B pos=<3776.299805, 5.641816, 2521.476807>)
19:15:18.757 [VehicleCarKey] Player "Golden" (id=8Xp2uj5ZxNF55GgpLiN2OARJVn6kKpJE53oZMkC9IiQ= pos=<3793.108398, 5.646386, 2496.139893>) used the  ExpansionCarKey to unlock ExpansionMh6_Elliptical (id=CECC8E61C6460EBBBB9AE89D4DEBF372 pos=<3794.322266, 5.701561, 2498.171143>)
19:15:31.625 [VehicleEnter] Player Golden [uid=8Xp2uj5ZxNF55GgpLiN2OARJVn6kKpJE53oZMkC9IiQ=] entered vehicle Mh-6 Little Bird (id=CECC8E61C6460EBBBB9AE89D4DEBF372 pos=<3794.322266, 5.701561, 2498.171143>) as pilot
19:15:33.703 [VehicleEngine] Player Golden [uid=8Xp2uj5ZxNF55GgpLiN2OARJVn6kKpJE53oZMkC9IiQ=] started vehicle Mh-6 Little Bird (id=CECC8E61C6460EBBBB9AE89D4DEBF372 pos=<3794.322266, 5.701561, 2498.171143>)
19:17:27.359 [Safezone] Player "Golden" (id=8Xp2uj5ZxNF55GgpLiN2OARJVn6kKpJE53oZMkC9IiQ= pos=<5582.534668, 165.268707, 5278.913574>) Entered the safezone
19:18:29.054 [Safezone] Player "MrGreen530" (id=4LNvemhkvMsn3fCjiyhQQrToOar0_hhH9f302w8wMNY= pos=<5669.900391, 33.016098, 5262.814941>) Entered the safezone
19:18:53.734 [VehicleEngine] Player MrGreen530 [uid=4LNvemhkvMsn3fCjiyhQQrToOar0_hhH9f302w8wMNY=] stopped vehicle MUSTANG Rust  (id=B8E06F5D11473206C2364B873E819B2B pos=<5603.724609, 28.782669, 5358.156738>)
19:18:57.703 [VehicleLeave] Player MrGreen530 [uid=4LNvemhkvMsn3fCjiyhQQrToOar0_hhH9f302w8wMNY=] left vehicle MUSTANG Rust  (id=B8E06F5D11473206C2364B873E819B2B pos=<5603.724609, 28.782669, 5358.156738>)
19:19:04.664 [VehicleEngine] Player Golden [uid=8Xp2uj5ZxNF55GgpLiN2OARJVn6kKpJE53oZMkC9IiQ=] stopped vehicle Mh-6 Little Bird (id=CECC8E61C6460EBBBB9AE89D4DEBF372 pos=<5623.998047, 29.001637, 5357.437012>)
19:19:11.335 [VehicleLeave] Player Golden [uid=8Xp2uj5ZxNF55GgpLiN2OARJVn6kKpJE53oZMkC9IiQ=] left vehicle Mh-6 Little Bird (id=CECC8E61C6460EBBBB9AE89D4DEBF372 pos=<5623.952148, 28.768402, 5357.411621>)
19:20:01.781 [ATM] Player "Golden" (id=8Xp2uj5ZxNF55GgpLiN2OARJVn6kKpJE53oZMkC9IiQ=) has deposited 27806 on his ATM account.
19:20:02.234 [Market] Player "MrGreen530" (id=4LNvemhkvMsn3fCjiyhQQrToOar0_hhH9f302w8wMNY=) has send a requested to sell mustang_rust x1 at the trader "Vehicles (Lewis [VEHICLES])" in market zone "The Holler" (pos=<5632.000000, 32.000000, 5392.000000>).
19:20:02.367 [VehicleDeleted] MUSTANG_rust (id=B8E06F5D11473206C2364B873E819B2B pos=<5603.724609, 28.782669, 5358.156738>)
19:20:02.367 [Market] Player "MrGreen530" (id=4LNvemhkvMsn3fCjiyhQQrToOar0_hhH9f302w8wMNY=) has sold mustang_rust x1 at the trader "Vehicles (Lewis [VEHICLES])" in market zone "The Holler" (pos=<5632.000000, 32.000000, 5392.000000>) and got 82380.
19:20:13.960 [Market] Player "MrGreen530" (id=4LNvemhkvMsn3fCjiyhQQrToOar0_hhH9f302w8wMNY=) has send a requested to sell mustang_wheel x1 at the trader "Vehicles (Lewis [VEHICLES])" in market zone "The Holler" (pos=<5632.000000, 32.000000, 5392.000000>).
19:20:14.109 [Market] Player "MrGreen530" (id=4LNvemhkvMsn3fCjiyhQQrToOar0_hhH9f302w8wMNY=) has sold mustang_wheel x1 at the trader "Vehicles (Lewis [VEHICLES])" in market zone "The Holler" (pos=<5632.000000, 32.000000, 5392.000000>) and got 375.
19:21:26.750 [Market] Player "MrGreen530" (id=4LNvemhkvMsn3fCjiyhQQrToOar0_hhH9f302w8wMNY=) has send a requested to sell cp_cannabisbrickblackfrost x1 at the trader "Weed (Naomi [WEED])" in market zone "The Holler" (pos=<5632.000000, 32.000000, 5392.000000>).
19:21:26.890 [Market] Player "MrGreen530" (id=4LNvemhkvMsn3fCjiyhQQrToOar0_hhH9f302w8wMNY=) has sold cp_cannabisbrickblackfrost x1 at the trader "Weed (Naomi [WEED])" in market zone "The Holler" (pos=<5632.000000, 32.000000, 5392.000000>) and got 54000.
19:21:27.687 [Market] Player "MrGreen530" (id=4LNvemhkvMsn3fCjiyhQQrToOar0_hhH9f302w8wMNY=) has send a requested to sell cp_cannabisbrickblackfrost x1 at the trader "Weed (Naomi [WEED])" in market zone "The Holler" (pos=<5632.000000, 32.000000, 5392.000000>).
19:21:27.835 [Market] Player "MrGreen530" (id=4LNvemhkvMsn3fCjiyhQQrToOar0_hhH9f302w8wMNY=) has sold cp_cannabisbrickblackfrost x1 at the trader "Weed (Naomi [WEED])" in market zone "The Holler" (pos=<5632.000000, 32.000000, 5392.000000>) and got 54000.
19:21:46.335 [VehicleEnter] Player Golden [uid=8Xp2uj5ZxNF55GgpLiN2OARJVn6kKpJE53oZMkC9IiQ=] entered vehicle Mh-6 Little Bird (id=CECC8E61C6460EBBBB9AE89D4DEBF372 pos=<5623.951660, 28.768370, 5357.411621>) as pilot
19:21:53.320 [ATM] Player "MrGreen530" (id=4LNvemhkvMsn3fCjiyhQQrToOar0_hhH9f302w8wMNY=) has withdrawn 565333 from his ATM account.
19:21:55.578 [VehicleEngine] Player Golden [uid=8Xp2uj5ZxNF55GgpLiN2OARJVn6kKpJE53oZMkC9IiQ=] started vehicle Mh-6 Little Bird (id=CECC8E61C6460EBBBB9AE89D4DEBF372 pos=<5623.951660, 28.768368, 5357.411621>)
19:23:01.515 [VehicleEngine] Player Golden [uid=8Xp2uj5ZxNF55GgpLiN2OARJVn6kKpJE53oZMkC9IiQ=] stopped vehicle Mh-6 Little Bird (id=CECC8E61C6460EBBBB9AE89D4DEBF372 pos=<5620.878906, 28.785686, 5362.074219>)
19:23:07.234 [VehicleLeave] Player Golden [uid=8Xp2uj5ZxNF55GgpLiN2OARJVn6kKpJE53oZMkC9IiQ=] left vehicle Mh-6 Little Bird (id=CECC8E61C6460EBBBB9AE89D4DEBF372 pos=<5620.874023, 28.767572, 5362.070801>)
19:23:34.375 [ATM] Player "Golden" (id=8Xp2uj5ZxNF55GgpLiN2OARJVn6kKpJE53oZMkC9IiQ=) has withdrawn 12000 from his ATM account.
19:24:03.945 [Market] Player "MrGreen530" (id=4LNvemhkvMsn3fCjiyhQQrToOar0_hhH9f302w8wMNY=) has send a requested to purchase raptor_grey x1 from the trader "Vehicles (Lewis [VEHICLES])" in market zone "The Holler" (pos=<5632.000000, 32.000000, 5392.000000>).
19:24:04.085 [VehicleDeleted] RAPTOR_grey (id=697B3F541B459C18E091639FAC258929 pos=<-0.000713, 0.906267, -0.133626>)
19:24:04.093 [Market] Player "MrGreen530" (id=4LNvemhkvMsn3fCjiyhQQrToOar0_hhH9f302w8wMNY=) has bought raptor_grey x1 from the trader "Vehicles (Lewis [VEHICLES])" in market zone "The Holler" (pos=<5632.000000, 32.000000, 5392.000000>) for a price of 760900.
19:24:32.234 [VehicleCarKey] Player "MrGreen530" (id=4LNvemhkvMsn3fCjiyhQQrToOar0_hhH9f302w8wMNY= pos=<5601.442871, 28.722446, 5359.358398>) used the  ExpansionCarKey to unlock RAPTOR_grey (id=14A09605B5447FC04E953BAAA2D7DEA2 pos=<5602.070313, 28.653378, 5357.354004>)
19:25:35.359 [VehicleEnter] Player Golden [uid=8Xp2uj5ZxNF55GgpLiN2OARJVn6kKpJE53oZMkC9IiQ=] entered vehicle Mh-6 Little Bird (id=CECC8E61C6460EBBBB9AE89D4DEBF372 pos=<5620.874512, 28.767578, 5362.070801>) as pilot
19:25:40.554 [Market] Player "MrGreen530" (id=4LNvemhkvMsn3fCjiyhQQrToOar0_hhH9f302w8wMNY=) has send a requested to purchase expansionkeychain_red x1 from the trader "Vehicles (Lewis [VEHICLES])" in market zone "The Holler" (pos=<5632.000000, 32.000000, 5392.000000>).
19:25:40.679 [Market] Player "MrGreen530" (id=4LNvemhkvMsn3fCjiyhQQrToOar0_hhH9f302w8wMNY=) has bought expansionkeychain_red x1 from the trader "Vehicles (Lewis [VEHICLES])" in market zone "The Holler" (pos=<5632.000000, 32.000000, 5392.000000>) for a price of 100.
19:25:41.257 [VehicleEngine] Player Golden [uid=8Xp2uj5ZxNF55GgpLiN2OARJVn6kKpJE53oZMkC9IiQ=] started vehicle Mh-6 Little Bird (id=CECC8E61C6460EBBBB9AE89D4DEBF372 pos=<5620.874512, 28.767565, 5362.070801>)
19:26:02.015 [VehicleEnter] Player MrGreen530 [uid=4LNvemhkvMsn3fCjiyhQQrToOar0_hhH9f302w8wMNY=] entered vehicle Ford Raptor grey (id=14A09605B5447FC04E953BAAA2D7DEA2 pos=<5602.069824, 28.653374, 5357.350098>) as driver
19:26:05.281 [VehicleEngine] Player MrGreen530 [uid=4LNvemhkvMsn3fCjiyhQQrToOar0_hhH9f302w8wMNY=] started vehicle Ford Raptor grey (id=14A09605B5447FC04E953BAAA2D7DEA2 pos=<5602.071289, 28.653372, 5357.352539>)
19:26:33.640 [Safezone] Player "MrGreen530" (id=4LNvemhkvMsn3fCjiyhQQrToOar0_hhH9f302w8wMNY= pos=<5732.508789, 26.806765, 5218.621094>) Left the safezone
19:26:49.031 [Safezone] Player "Golden" (id=8Xp2uj5ZxNF55GgpLiN2OARJVn6kKpJE53oZMkC9IiQ= pos=<5585.357422, 341.237732, 5182.458984>) Left the safezone
19:26:50.093 [VehicleLeave] Player MrGreen530 [uid=4LNvemhkvMsn3fCjiyhQQrToOar0_hhH9f302w8wMNY=] left vehicle Ford Raptor grey (id=14A09605B5447FC04E953BAAA2D7DEA2 pos=<5732.245605, 25.356113, 5218.816406>)
19:27:04.914 [VehicleCarKey] Player "MrGreen530" (id=4LNvemhkvMsn3fCjiyhQQrToOar0_hhH9f302w8wMNY= pos=<5732.462891, 25.598806, 5215.309082>) used the  ExpansionCarKey to lock RAPTOR_grey (id=14A09605B5447FC04E953BAAA2D7DEA2 pos=<5732.268555, 25.348480, 5218.732910>)
19:28:16.132 [VehicleEngine] Player Golden [uid=8Xp2uj5ZxNF55GgpLiN2OARJVn6kKpJE53oZMkC9IiQ=] stopped vehicle Mh-6 Little Bird (id=CECC8E61C6460EBBBB9AE89D4DEBF372 pos=<5741.810547, 24.625816, 5204.513672>)
19:28:27.781 [VehicleLeave] Player Golden [uid=8Xp2uj5ZxNF55GgpLiN2OARJVn6kKpJE53oZMkC9IiQ=] left vehicle Mh-6 Little Bird (id=CECC8E61C6460EBBBB9AE89D4DEBF372 pos=<5741.810547, 24.625778, 5204.513672>)
19:29:11.953 [VehicleEnter] Player Golden [uid=8Xp2uj5ZxNF55GgpLiN2OARJVn6kKpJE53oZMkC9IiQ=] entered vehicle Mh-6 Little Bird (id=CECC8E61C6460EBBBB9AE89D4DEBF372 pos=<5741.812012, 24.625437, 5204.511719>) as pilot
19:29:12.734 [VehicleCarKey] Player "MrGreen530" (id=4LNvemhkvMsn3fCjiyhQQrToOar0_hhH9f302w8wMNY= pos=<5733.361328, 25.704880, 5218.604980>) used the  ExpansionCarKey to unlock RAPTOR_grey (id=14A09605B5447FC04E953BAAA2D7DEA2 pos=<5732.454102, 25.288689, 5218.021484>)
19:29:19.773 [VehicleEnter] Player MrGreen530 [uid=4LNvemhkvMsn3fCjiyhQQrToOar0_hhH9f302w8wMNY=] entered vehicle Ford Raptor grey (id=14A09605B5447FC04E953BAAA2D7DEA2 pos=<5732.465820, 25.285242, 5217.974609>) as driver
19:29:22.164 [VehicleEngine] Player MrGreen530 [uid=4LNvemhkvMsn3fCjiyhQQrToOar0_hhH9f302w8wMNY=] stopped vehicle Ford Raptor grey (id=14A09605B5447FC04E953BAAA2D7DEA2 pos=<5732.470215, 25.283937, 5217.959473>)
19:29:25.937 [VehicleLeave] Player MrGreen530 [uid=4LNvemhkvMsn3fCjiyhQQrToOar0_hhH9f302w8wMNY=] left vehicle Ford Raptor grey (id=14A09605B5447FC04E953BAAA2D7DEA2 pos=<5732.478027, 25.281902, 5217.935059>)
19:29:38.281 [VehicleLeave] Player Golden [uid=8Xp2uj5ZxNF55GgpLiN2OARJVn6kKpJE53oZMkC9IiQ=] left vehicle Mh-6 Little Bird (id=CECC8E61C6460EBBBB9AE89D4DEBF372 pos=<5741.812012, 24.625473, 5204.512207>)
19:30:17.226 [VehicleAttachments] Player Golden (uid=8Xp2uj5ZxNF55GgpLiN2OARJVn6kKpJE53oZMkC9IiQ=) detached Ford Raptor Wheel (type=RAPTOR_Wheel) from vehicle Ford Raptor grey(id=14A09605B5447FC04E953BAAA2D7DEA2 pos=<5734.063477, 25.209389, 5218.856445>)
19:32:28.234 [Safezone] Player "[ADMIN]DrKilledByDeath" (id=spMEkRl42onhFHdF_u42e0T03x2sj347kUc600NXdGA= pos=<5647.524902, 28.722492, 5400.012695>) Entered the safezone
19:32:28.234 [Party] Player "[ADMIN]DrKilledByDeath" (id=spMEkRl42onhFHdF_u42e0T03x2sj347kUc600NXdGA=) joinded the party "WitheringFlesh" (id=39 ownerUID=-r2araXommLNgd2kLCOg5MUhQUGYZRsIrQF--_XcIVE= ownerName=BtWF_Raziel)
19:32:28.250 [Expansion Quests] - InitQuestSystemClient - Loaded existing player quest data for player with UID: spMEkRl42onhFHdF_u42e0T03x2sj347kUc600NXdGA=
19:32:28.250 [Expansion Quests] - LoadGroupQuestData - Loaded existing group quest data for group with ID: 39
19:32:29.210 [Expansion Quests] - LoadGroupQuestData - Got cached group quest data for group with ID: 39
19:37:42.609 [VehicleEnter] Player Golden [uid=8Xp2uj5ZxNF55GgpLiN2OARJVn6kKpJE53oZMkC9IiQ=] entered vehicle Mh-6 Little Bird (id=CECC8E61C6460EBBBB9AE89D4DEBF372 pos=<5741.814453, 24.626123, 5204.518066>) as pilot
19:37:46.492 [VehicleEngine] Player Golden [uid=8Xp2uj5ZxNF55GgpLiN2OARJVn6kKpJE53oZMkC9IiQ=] started vehicle Mh-6 Little Bird (id=CECC8E61C6460EBBBB9AE89D4DEBF372 pos=<5741.814453, 24.626095, 5204.518066>)
19:40:25.265 [Safezone] Player "[ADMIN]DrKilledByDeath" (id=spMEkRl42onhFHdF_u42e0T03x2sj347kUc600NXdGA= pos=<5729.270996, 26.785591, 5218.994629>) Left the safezone
19:40:26.687 [VehicleEnter] Player [ADMIN]DrKilledByDeath [uid=spMEkRl42onhFHdF_u42e0T03x2sj347kUc600NXdGA=] entered vehicle Ford Raptor grey (id=14A09605B5447FC04E953BAAA2D7DEA2 pos=<5728.470703, 25.668474, 5218.293457>) as driver
19:40:33.500 [VehicleLeave] Player [ADMIN]DrKilledByDeath [uid=spMEkRl42onhFHdF_u42e0T03x2sj347kUc600NXdGA=] left vehicle Ford Raptor grey (id=14A09605B5447FC04E953BAAA2D7DEA2 pos=<5729.457520, 25.941099, 5217.864746>)
19:40:49.804 [VehicleEngine] Player Golden [uid=8Xp2uj5ZxNF55GgpLiN2OARJVn6kKpJE53oZMkC9IiQ=] stopped vehicle Mh-6 Little Bird (id=CECC8E61C6460EBBBB9AE89D4DEBF372 pos=<5748.692383, 24.378960, 5202.753418>)
19:40:57.273 [VehicleLeave] Player Golden [uid=8Xp2uj5ZxNF55GgpLiN2OARJVn6kKpJE53oZMkC9IiQ=] left vehicle Mh-6 Little Bird (id=CECC8E61C6460EBBBB9AE89D4DEBF372 pos=<5748.667480, 24.230827, 5202.793457>)
19:43:33.320 [Safezone] Player "[ADMIN]DrKilledByDeath" (id=spMEkRl42onhFHdF_u42e0T03x2sj347kUc600NXdGA= pos=<5691.216797, 33.230186, 5270.402832>) Entered the safezone
19:44:23.171 [Party] Player "[ADMIN]DrKilledByDeath" (id=spMEkRl42onhFHdF_u42e0T03x2sj347kUc600NXdGA=) left the party "WitheringFlesh" (id=39 ownerUID=-r2araXommLNgd2kLCOg5MUhQUGYZRsIrQF--_XcIVE= ownerName=BtWF_Raziel)
19:45:25.062 [VehicleEnter] Player MrGreen530 [uid=4LNvemhkvMsn3fCjiyhQQrToOar0_hhH9f302w8wMNY=] entered vehicle Ford Raptor grey (id=14A09605B5447FC04E953BAAA2D7DEA2 pos=<5729.457031, 25.941063, 5217.862793>) as driver
19:45:38.078 [VehicleEnter] Player Golden [uid=8Xp2uj5ZxNF55GgpLiN2OARJVn6kKpJE53oZMkC9IiQ=] entered vehicle Mh-6 Little Bird (id=CECC8E61C6460EBBBB9AE89D4DEBF372 pos=<5748.672363, 24.235476, 5202.839844>) as pilot
19:45:46.460 [VehicleEngine] Player Golden [uid=8Xp2uj5ZxNF55GgpLiN2OARJVn6kKpJE53oZMkC9IiQ=] started vehicle Mh-6 Little Bird (id=CECC8E61C6460EBBBB9AE89D4DEBF372 pos=<5748.672363, 24.235670, 5202.841309>)
19:45:46.648 [VehicleEngine] Player MrGreen530 [uid=4LNvemhkvMsn3fCjiyhQQrToOar0_hhH9f302w8wMNY=] started vehicle Ford Raptor grey (id=14A09605B5447FC04E953BAAA2D7DEA2 pos=<5729.457520, 25.941181, 5217.866699>)
19:47:33.890 [VehicleLeave] Player MrGreen530 [uid=4LNvemhkvMsn3fCjiyhQQrToOar0_hhH9f302w8wMNY=] left vehicle Ford Raptor grey (id=14A09605B5447FC04E953BAAA2D7DEA2 pos=<5106.540039, 10.032932, 4511.433105>)
19:48:04.484 [VehicleEnter] Player MrGreen530 [uid=4LNvemhkvMsn3fCjiyhQQrToOar0_hhH9f302w8wMNY=] entered vehicle Ford Raptor grey (id=14A09605B5447FC04E953BAAA2D7DEA2 pos=<5106.540039, 10.032943, 4511.432129>) as driver
19:48:08.062 [VehicleEngine] Player MrGreen530 [uid=4LNvemhkvMsn3fCjiyhQQrToOar0_hhH9f302w8wMNY=] started vehicle Ford Raptor grey (id=14A09605B5447FC04E953BAAA2D7DEA2 pos=<5106.539551, 10.032934, 4511.435547>)
19:48:57.031 [VehicleEngine] Player Golden [uid=8Xp2uj5ZxNF55GgpLiN2OARJVn6kKpJE53oZMkC9IiQ=] stopped vehicle Mh-6 Little Bird (id=CECC8E61C6460EBBBB9AE89D4DEBF372 pos=<3823.182129, 5.716713, 2497.475342>)
19:49:04.789 [VehicleLeave] Player Golden [uid=8Xp2uj5ZxNF55GgpLiN2OARJVn6kKpJE53oZMkC9IiQ=] left vehicle Mh-6 Little Bird (id=CECC8E61C6460EBBBB9AE89D4DEBF372 pos=<3823.182129, 5.716822, 2497.475342>)
19:50:51.609 [VehicleLeave] Player MrGreen530 [uid=4LNvemhkvMsn3fCjiyhQQrToOar0_hhH9f302w8wMNY=] left vehicle Ford Raptor grey (id=14A09605B5447FC04E953BAAA2D7DEA2 pos=<3767.131836, 5.500573, 2506.646240>)
19:51:02.125 [VehicleEnter] Player MrGreen530 [uid=4LNvemhkvMsn3fCjiyhQQrToOar0_hhH9f302w8wMNY=] entered vehicle Ford Raptor grey (id=14A09605B5447FC04E953BAAA2D7DEA2 pos=<3767.134033, 5.500573, 2506.646240>) as driver
19:51:08.312 [VehicleEngine] Player MrGreen530 [uid=4LNvemhkvMsn3fCjiyhQQrToOar0_hhH9f302w8wMNY=] started vehicle Ford Raptor grey (id=14A09605B5447FC04E953BAAA2D7DEA2 pos=<3767.131104, 5.500578, 2506.645996>)
19:51:23.000 [VehicleEngine] Player MrGreen530 [uid=4LNvemhkvMsn3fCjiyhQQrToOar0_hhH9f302w8wMNY=] stopped vehicle Ford Raptor grey (id=14A09605B5447FC04E953BAAA2D7DEA2 pos=<3754.358887, 5.577479, 2530.619629>)
19:51:26.687 [VehicleLeave] Player MrGreen530 [uid=4LNvemhkvMsn3fCjiyhQQrToOar0_hhH9f302w8wMNY=] left vehicle Ford Raptor grey (id=14A09605B5447FC04E953BAAA2D7DEA2 pos=<3754.356689, 5.577485, 2530.618164>)
19:51:45.679 [VehicleCarKey] Player "MrGreen530" (id=4LNvemhkvMsn3fCjiyhQQrToOar0_hhH9f302w8wMNY= pos=<3756.449219, 5.635045, 2530.140137>) used the  ExpansionCarKey to lock RAPTOR_grey (id=14A09605B5447FC04E953BAAA2D7DEA2 pos=<3754.360107, 5.577478, 2530.620605>)
19:53:50.570 [VehicleAttachments] Player Golden (uid=8Xp2uj5ZxNF55GgpLiN2OARJVn6kKpJE53oZMkC9IiQ=) detached BMW Wheel (type=BMW_Wheel) from vehicle BMW black(id=3DF3403A024C327D1D9242B30402B44F pos=<3815.060547, 5.574703, 2521.385010>)
20:02:34.734 [VehicleEnter] Player Golden [uid=8Xp2uj5ZxNF55GgpLiN2OARJVn6kKpJE53oZMkC9IiQ=] entered vehicle Mh-6 Little Bird (id=CECC8E61C6460EBBBB9AE89D4DEBF372 pos=<3823.182129, 5.716820, 2497.475342>) as pilot
20:02:40.476 [VehicleEnter] Player MrGreen530 [uid=4LNvemhkvMsn3fCjiyhQQrToOar0_hhH9f302w8wMNY=] entered vehicle Mh-6 Little Bird (id=CECC8E61C6460EBBBB9AE89D4DEBF372 pos=<3823.182129, 5.716820, 2497.475342>) as passenger
20:02:46.539 [VehicleLeave] Player Golden [uid=8Xp2uj5ZxNF55GgpLiN2OARJVn6kKpJE53oZMkC9IiQ=] left vehicle Mh-6 Little Bird (id=CECC8E61C6460EBBBB9AE89D4DEBF372 pos=<3823.182129, 5.716820, 2497.475342>)
20:03:20.078 [VehicleCarKey] Player "Golden" (id=8Xp2uj5ZxNF55GgpLiN2OARJVn6kKpJE53oZMkC9IiQ= pos=<3812.484619, 5.654967, 2523.629150>) used the  ExpansionCarKey to unlock ToyotaHilux_rust (id=571B5FFEDE46DD4746241386E05869E6 pos=<3813.153564, 5.659739, 2527.161133>)
20:03:36.906 [VehicleAttachments] Player Golden (uid=8Xp2uj5ZxNF55GgpLiN2OARJVn6kKpJE53oZMkC9IiQ=) detached Jerrycan (type=CanisterGasoline) from vehicle ToyotaHilux rust(id=571B5FFEDE46DD4746241386E05869E6 pos=<3813.153564, 5.659739, 2527.161133>)
20:03:37.617 [VehicleEnter] Player MrGreen530 [uid=4LNvemhkvMsn3fCjiyhQQrToOar0_hhH9f302w8wMNY=] switched seats in vehicle Mh-6 Little Bird (id=CECC8E61C6460EBBBB9AE89D4DEBF372 pos=<3823.182129, 5.716820, 2497.475342>) to pilot
20:04:23.562 [VehicleLeave] Player MrGreen530 [uid=4LNvemhkvMsn3fCjiyhQQrToOar0_hhH9f302w8wMNY=] left vehicle Mh-6 Little Bird (id=CECC8E61C6460EBBBB9AE89D4DEBF372 pos=<3823.182129, 5.716817, 2497.475342>)
20:05:08.460 [VehicleEnter] Player MrGreen530 [uid=4LNvemhkvMsn3fCjiyhQQrToOar0_hhH9f302w8wMNY=] entered vehicle Mh-6 Little Bird (id=CECC8E61C6460EBBBB9AE89D4DEBF372 pos=<3823.182129, 5.716817, 2497.475342>) as passenger
20:05:09.351 [VehicleEnter] Player MrGreen530 [uid=4LNvemhkvMsn3fCjiyhQQrToOar0_hhH9f302w8wMNY=] switched seats in vehicle Mh-6 Little Bird (id=CECC8E61C6460EBBBB9AE89D4DEBF372 pos=<3823.182129, 5.716817, 2497.475342>) to pilot
20:05:16.421 [VehicleLeave] Player MrGreen530 [uid=4LNvemhkvMsn3fCjiyhQQrToOar0_hhH9f302w8wMNY=] left vehicle Mh-6 Little Bird (id=CECC8E61C6460EBBBB9AE89D4DEBF372 pos=<3823.182129, 5.716817, 2497.475342>)
20:05:19.984 [VehicleEnter] Player Golden [uid=8Xp2uj5ZxNF55GgpLiN2OARJVn6kKpJE53oZMkC9IiQ=] entered vehicle Mh-6 Little Bird (id=CECC8E61C6460EBBBB9AE89D4DEBF372 pos=<3823.182129, 5.716817, 2497.475342>) as pilot
20:05:22.687 [VehicleEnter] Player MrGreen530 [uid=4LNvemhkvMsn3fCjiyhQQrToOar0_hhH9f302w8wMNY=] entered vehicle Mh-6 Little Bird (id=CECC8E61C6460EBBBB9AE89D4DEBF372 pos=<3823.182129, 5.716817, 2497.475342>) as passenger
20:05:28.054 [VehicleEngine] Player Golden [uid=8Xp2uj5ZxNF55GgpLiN2OARJVn6kKpJE53oZMkC9IiQ=] started vehicle Mh-6 Little Bird (id=CECC8E61C6460EBBBB9AE89D4DEBF372 pos=<3823.182129, 5.716817, 2497.475342>)
20:07:39.390 [VehicleEngine] Player Golden [uid=8Xp2uj5ZxNF55GgpLiN2OARJVn6kKpJE53oZMkC9IiQ=] stopped vehicle Mh-6 Little Bird (id=CECC8E61C6460EBBBB9AE89D4DEBF372 pos=<5231.246582, 11.569074, 4836.192383>)
20:08:31.625 [VehicleLeave] Player MrGreen530 [uid=4LNvemhkvMsn3fCjiyhQQrToOar0_hhH9f302w8wMNY=] left vehicle Mh-6 Little Bird (id=CECC8E61C6460EBBBB9AE89D4DEBF372 pos=<5231.901367, 11.034334, 4835.836914>)
20:08:39.648 [VehicleLeave] Player Golden [uid=8Xp2uj5ZxNF55GgpLiN2OARJVn6kKpJE53oZMkC9IiQ=] left vehicle Mh-6 Little Bird (id=CECC8E61C6460EBBBB9AE89D4DEBF372 pos=<5231.901367, 11.034414, 4835.837402>)
20:13:41.429 [Safezone] Player "MrGreen530" (id=4LNvemhkvMsn3fCjiyhQQrToOar0_hhH9f302w8wMNY= pos=<5525.825684, 57.997368, 5305.232422>) Entered the safezone
20:15:01.835 [Market] Player "MrGreen530" (id=4LNvemhkvMsn3fCjiyhQQrToOar0_hhH9f302w8wMNY=) has send a requested to purchase wrench x1 from the trader "BuildingSupplies (Indar [BUILDINGS])" in market zone "The Holler" (pos=<5632.000000, 32.000000, 5392.000000>).
20:15:02.406 [Market] Player "MrGreen530" (id=4LNvemhkvMsn3fCjiyhQQrToOar0_hhH9f302w8wMNY=) has bought wrench x1 from the trader "BuildingSupplies (Indar [BUILDINGS])" in market zone "The Holler" (pos=<5632.000000, 32.000000, 5392.000000>) for a price of 3.
20:15:59.632 [Market] Player "MrGreen530" (id=4LNvemhkvMsn3fCjiyhQQrToOar0_hhH9f302w8wMNY=) has send a requested to purchase twp_m107_mag_15rnd x1 from the trader "Weapons (Oliver [WEAPONS])" in market zone "The Holler" (pos=<5632.000000, 32.000000, 5392.000000>).
20:15:59.796 [Market] Player "MrGreen530" (id=4LNvemhkvMsn3fCjiyhQQrToOar0_hhH9f302w8wMNY=) has bought twp_m107_mag_15rnd x1 from the trader "Weapons (Oliver [WEAPONS])" in market zone "The Holler" (pos=<5632.000000, 32.000000, 5392.000000>) for a price of 1105.
20:16:00.234 [Market] Player "MrGreen530" (id=4LNvemhkvMsn3fCjiyhQQrToOar0_hhH9f302w8wMNY=) has send a requested to purchase twp_m107_mag_15rnd x1 from the trader "Weapons (Oliver [WEAPONS])" in market zone "The Holler" (pos=<5632.000000, 32.000000, 5392.000000>).
20:16:00.359 [Market] Player "MrGreen530" (id=4LNvemhkvMsn3fCjiyhQQrToOar0_hhH9f302w8wMNY=) has bought twp_m107_mag_15rnd x1 from the trader "Weapons (Oliver [WEAPONS])" in market zone "The Holler" (pos=<5632.000000, 32.000000, 5392.000000>) for a price of 1105.
20:16:36.296 [Market] Player "MrGreen530" (id=4LNvemhkvMsn3fCjiyhQQrToOar0_hhH9f302w8wMNY=) has send a requested to purchase twp_ammo_50bmg x100 from the trader "WeaponAccessories (Rolf [WEAPON ACCESSORIES])" in market zone "The Holler" (pos=<5632.000000, 32.000000, 5392.000000>).
20:16:36.453 [Market] Player "MrGreen530" (id=4LNvemhkvMsn3fCjiyhQQrToOar0_hhH9f302w8wMNY=) has bought twp_ammo_50bmg x100 from the trader "WeaponAccessories (Rolf [WEAPON ACCESSORIES])" in market zone "The Holler" (pos=<5632.000000, 32.000000, 5392.000000>) for a price of 700.
20:16:47.085 [ATM] Player "MrGreen530" (id=4LNvemhkvMsn3fCjiyhQQrToOar0_hhH9f302w8wMNY=) has deposited 4175 on his ATM account.
20:17:47.023 [Safezone] Player "MrGreen530" (id=4LNvemhkvMsn3fCjiyhQQrToOar0_hhH9f302w8wMNY= pos=<5504.832520, 88.939041, 5248.682617>) Left the safezone
20:18:26.851 [Party] Player "Golden" (id=8Xp2uj5ZxNF55GgpLiN2OARJVn6kKpJE53oZMkC9IiQ=) left the party "G's" (id=49 ownerUID=4LNvemhkvMsn3fCjiyhQQrToOar0_hhH9f302w8wMNY= ownerName=MrGreen530)
20:20:24.007 [Party] Player "Golden" (id=8Xp2uj5ZxNF55GgpLiN2OARJVn6kKpJE53oZMkC9IiQ=) joinded the party "G's" (id=49 ownerUID=4LNvemhkvMsn3fCjiyhQQrToOar0_hhH9f302w8wMNY= ownerName=MrGreen530)
20:20:24.015 [Expansion Quests] - InitQuestSystemClient - Loaded existing player quest data for player with UID: 8Xp2uj5ZxNF55GgpLiN2OARJVn6kKpJE53oZMkC9IiQ=
20:20:24.015 [Expansion Quests] - LoadGroupQuestData - Got cached group quest data for group with ID: 49
20:20:24.976 [Expansion Quests] - LoadGroupQuestData - Got cached group quest data for group with ID: 49
20:21:49.875 [VehicleEnter] Player Golden [uid=8Xp2uj5ZxNF55GgpLiN2OARJVn6kKpJE53oZMkC9IiQ=] entered vehicle Mh-6 Little Bird (id=CECC8E61C6460EBBBB9AE89D4DEBF372 pos=<5231.899902, 9.697414, 4835.833496>) as pilot
20:22:02.117 [VehicleEnter] Player MrGreen530 [uid=4LNvemhkvMsn3fCjiyhQQrToOar0_hhH9f302w8wMNY=] entered vehicle Mh-6 Little Bird (id=CECC8E61C6460EBBBB9AE89D4DEBF372 pos=<5231.899902, 9.697405, 4835.833008>) as passenger
20:22:10.812 [VehicleLeave] Player Golden [uid=8Xp2uj5ZxNF55GgpLiN2OARJVn6kKpJE53oZMkC9IiQ=] left vehicle Mh-6 Little Bird (id=CECC8E61C6460EBBBB9AE89D4DEBF372 pos=<5231.899902, 9.697367, 4835.833008>)
20:22:15.148 [VehicleEnter] Player Golden [uid=8Xp2uj5ZxNF55GgpLiN2OARJVn6kKpJE53oZMkC9IiQ=] entered vehicle Mh-6 Little Bird (id=CECC8E61C6460EBBBB9AE89D4DEBF372 pos=<5231.899902, 9.697375, 4835.833008>) as pilot
20:22:31.570 [VehicleEngine] Player Golden [uid=8Xp2uj5ZxNF55GgpLiN2OARJVn6kKpJE53oZMkC9IiQ=] started vehicle Mh-6 Little Bird (id=CECC8E61C6460EBBBB9AE89D4DEBF372 pos=<5231.900391, 9.697312, 4835.832520>)
20:25:54.039 [Expansion Quests] - InitQuestSystemClient - Loaded existing player quest data for player with UID: Wzy9-i_cgozd3AtiPGeDiPs6j9tHWluwI6ggAhe7Q-Q=
20:27:56.125 [VehicleLeave] Player MrGreen530 [uid=4LNvemhkvMsn3fCjiyhQQrToOar0_hhH9f302w8wMNY=] left vehicle Mh-6 Little Bird (id=CECC8E61C6460EBBBB9AE89D4DEBF372 pos=<11250.929688, 15.100399, 9922.270508>)
20:27:57.882 [VehicleEngine] Player Golden [uid=8Xp2uj5ZxNF55GgpLiN2OARJVn6kKpJE53oZMkC9IiQ=] stopped vehicle Mh-6 Little Bird (id=CECC8E61C6460EBBBB9AE89D4DEBF372 pos=<11251.064453, 14.983600, 9922.343750>)
20:28:02.773 [VehicleLeave] Player Golden [uid=8Xp2uj5ZxNF55GgpLiN2OARJVn6kKpJE53oZMkC9IiQ=] left vehicle Mh-6 Little Bird (id=CECC8E61C6460EBBBB9AE89D4DEBF372 pos=<11251.059570, 14.989907, 9922.341797>)
20:28:24.117 [Party] Player "Golden" (id=8Xp2uj5ZxNF55GgpLiN2OARJVn6kKpJE53oZMkC9IiQ=) left the party "G's" (id=49 ownerUID=4LNvemhkvMsn3fCjiyhQQrToOar0_hhH9f302w8wMNY= ownerName=MrGreen530)
20:28:48.046 [Party] Player "MrGreen530" (id=4LNvemhkvMsn3fCjiyhQQrToOar0_hhH9f302w8wMNY=) left the party "G's" (id=49 ownerUID=4LNvemhkvMsn3fCjiyhQQrToOar0_hhH9f302w8wMNY= ownerName=MrGreen530)
20:30:04.398 [Party] Player "MrGreen530" (id=4LNvemhkvMsn3fCjiyhQQrToOar0_hhH9f302w8wMNY=) joinded the party "G's" (id=49 ownerUID=4LNvemhkvMsn3fCjiyhQQrToOar0_hhH9f302w8wMNY= ownerName=MrGreen530)
20:30:04.406 [Expansion Quests] - InitQuestSystemClient - Loaded existing player quest data for player with UID: 4LNvemhkvMsn3fCjiyhQQrToOar0_hhH9f302w8wMNY=
20:30:04.406 [Expansion Quests] - LoadGroupQuestData - Got cached group quest data for group with ID: 49
20:30:05.359 [Expansion Quests] - LoadGroupQuestData - Got cached group quest data for group with ID: 49
20:30:08.031 [Party] Player "Golden" (id=8Xp2uj5ZxNF55GgpLiN2OARJVn6kKpJE53oZMkC9IiQ=) joinded the party "G's" (id=49 ownerUID=4LNvemhkvMsn3fCjiyhQQrToOar0_hhH9f302w8wMNY= ownerName=MrGreen530)
20:30:08.031 [Expansion Quests] - InitQuestSystemClient - Loaded existing player quest data for player with UID: 8Xp2uj5ZxNF55GgpLiN2OARJVn6kKpJE53oZMkC9IiQ=
20:30:08.031 [Expansion Quests] - LoadGroupQuestData - Got cached group quest data for group with ID: 49
20:30:08.992 [Expansion Quests] - LoadGroupQuestData - Got cached group quest data for group with ID: 49
20:34:15.156 [VehicleCover] Player "FARRIS" (id=Wzy9-i_cgozd3AtiPGeDiPs6j9tHWluwI6ggAhe7Q-Q= pos=<4252.888184, 20.532167, 7266.040527>) uncovered vehicle "G65_black" (GlobalID=80000000800000008000000080036E6D pos=<4255.000488, 20.384731, 7267.719727>)!
20:34:33.148 [VehicleCarKey] Player "FARRIS" (id=Wzy9-i_cgozd3AtiPGeDiPs6j9tHWluwI6ggAhe7Q-Q= pos=<4252.880859, 20.462500, 7267.355469>) used the  ExpansionCarKey to unlock G65_black (id=FFFE67C0A24D14DA591E1BAA685B2FE4 pos=<4255.000488, 20.384731, 7267.719727>)
20:34:40.382 [VehicleAttachments] Player FARRIS (uid=Wzy9-i_cgozd3AtiPGeDiPs6j9tHWluwI6ggAhe7Q-Q=) detached Jerrycan (type=CanisterGasoline) from vehicle G65 Black(id=FFFE67C0A24D14DA591E1BAA685B2FE4 pos=<4255.000488, 20.384731, 7267.719727>)
20:49:02.140 [VehicleEnter] Player Golden [uid=8Xp2uj5ZxNF55GgpLiN2OARJVn6kKpJE53oZMkC9IiQ=] entered vehicle Mh-6 Little Bird (id=CECC8E61C6460EBBBB9AE89D4DEBF372 pos=<11251.059570, 14.989920, 9922.341797>) as pilot
20:49:06.351 [VehicleEnter] Player MrGreen530 [uid=4LNvemhkvMsn3fCjiyhQQrToOar0_hhH9f302w8wMNY=] entered vehicle Mh-6 Little Bird (id=CECC8E61C6460EBBBB9AE89D4DEBF372 pos=<11251.059570, 14.989920, 9922.341797>) as passenger
20:49:14.039 [VehicleEngine] Player Golden [uid=8Xp2uj5ZxNF55GgpLiN2OARJVn6kKpJE53oZMkC9IiQ=] started vehicle Mh-6 Little Bird (id=CECC8E61C6460EBBBB9AE89D4DEBF372 pos=<11251.059570, 14.989920, 9922.341797>)
20:52:30.859 [AI Patrol] Spawning 3 Area 42 Patrol bots at <13250.823242, 12.910000, 9867.439453>
20:53:23.585 [VehicleLeave] Player MrGreen530 [uid=4LNvemhkvMsn3fCjiyhQQrToOar0_hhH9f302w8wMNY=] left vehicle Mh-6 Little Bird (id=CECC8E61C6460EBBBB9AE89D4DEBF372 pos=<12581.880859, 7.878579, 9904.516602>)
20:53:28.148 [VehicleEngine] Player Golden [uid=8Xp2uj5ZxNF55GgpLiN2OARJVn6kKpJE53oZMkC9IiQ=] stopped vehicle Mh-6 Little Bird (id=CECC8E61C6460EBBBB9AE89D4DEBF372 pos=<12581.937500, 6.846433, 9904.517578>)
20:53:33.617 [VehicleLeave] Player Golden [uid=8Xp2uj5ZxNF55GgpLiN2OARJVn6kKpJE53oZMkC9IiQ=] left vehicle Mh-6 Little Bird (id=CECC8E61C6460EBBBB9AE89D4DEBF372 pos=<12581.921875, 6.592854, 9904.518555>)
20:54:20.156 [VehicleCarKey] Player "Golden" (id=8Xp2uj5ZxNF55GgpLiN2OARJVn6kKpJE53oZMkC9IiQ= pos=<12582.589844, 6.535086, 9906.220703>) used the  ExpansionCarKey to lock ExpansionMh6_Elliptical (id=CECC8E61C6460EBBBB9AE89D4DEBF372 pos=<12581.921875, 6.592881, 9904.518555>)
21:03:14.375 [Chat - Global]("Golden"(id=8Xp2uj5ZxNF55GgpLiN2OARJVn6kKpJE53oZMkC9IiQ=)): that you shooting ferris?
21:05:58.007 [Chat - Global]("MrGreen530"(id=4LNvemhkvMsn3fCjiyhQQrToOar0_hhH9f302w8wMNY=)): ferris u in millitary shooting if its you then we wont shoot at u
21:34:05.835 [VehicleCarKey] Player "Golden" (id=8Xp2uj5ZxNF55GgpLiN2OARJVn6kKpJE53oZMkC9IiQ= pos=<12582.777344, 6.850011, 9905.724609>) used the  ExpansionCarKey to unlock ExpansionMh6_Elliptical (id=CECC8E61C6460EBBBB9AE89D4DEBF372 pos=<12581.922852, 6.592873, 9904.540039>)
21:34:08.398 [VehicleCarKey] Player "Golden" (id=8Xp2uj5ZxNF55GgpLiN2OARJVn6kKpJE53oZMkC9IiQ= pos=<12582.719727, 6.576963, 9906.030273>) used the  ExpansionCarKey to lock ExpansionMh6_Elliptical (id=CECC8E61C6460EBBBB9AE89D4DEBF372 pos=<12581.922852, 6.592873, 9904.540039>)
21:34:11.085 [VehicleAttachments] Player MrGreen530 (uid=4LNvemhkvMsn3fCjiyhQQrToOar0_hhH9f302w8wMNY=) detached Mh-6 Front-Right Door (type=Expansion_Mh6_Door_1_2) from vehicle Mh-6 Little Bird(id=CECC8E61C6460EBBBB9AE89D4DEBF372 pos=<12581.922852, 6.592873, 9904.540039>)
21:34:19.625 [VehicleEnter] Player MrGreen530 [uid=4LNvemhkvMsn3fCjiyhQQrToOar0_hhH9f302w8wMNY=] entered vehicle Mh-6 Little Bird (id=CECC8E61C6460EBBBB9AE89D4DEBF372 pos=<12581.922852, 6.592887, 9904.540039>) as passenger
21:34:23.664 [VehicleEnter] Player Golden [uid=8Xp2uj5ZxNF55GgpLiN2OARJVn6kKpJE53oZMkC9IiQ=] entered vehicle Mh-6 Little Bird (id=CECC8E61C6460EBBBB9AE89D4DEBF372 pos=<12581.922852, 6.592884, 9904.540039>) as pilot
21:34:37.828 [VehicleEngine] Player Golden [uid=8Xp2uj5ZxNF55GgpLiN2OARJVn6kKpJE53oZMkC9IiQ=] started vehicle Mh-6 Little Bird (Locked) (id=CECC8E61C6460EBBBB9AE89D4DEBF372 pos=<12581.922852, 6.592884, 9904.540039>)
21:37:26.226 [AI Patrol] Spawning 3 Camp Bear Patrol bots at <9056.264648, 8.350066, 5982.802246>
21:43:11.414 [VehicleEnter] Player FARRIS [uid=Wzy9-i_cgozd3AtiPGeDiPs6j9tHWluwI6ggAhe7Q-Q=] entered vehicle G65 Black (id=FFFE67C0A24D14DA591E1BAA685B2FE4 pos=<4255.000488, 20.384735, 7267.719727>) as driver
21:43:14.820 [VehicleEngine] Player Golden [uid=8Xp2uj5ZxNF55GgpLiN2OARJVn6kKpJE53oZMkC9IiQ=] stopped vehicle Mh-6 Little Bird (id=CECC8E61C6460EBBBB9AE89D4DEBF372 pos=<3808.214844, 5.710205, 2494.262207>)
21:43:15.859 [VehicleEngine] Player FARRIS [uid=Wzy9-i_cgozd3AtiPGeDiPs6j9tHWluwI6ggAhe7Q-Q=] started vehicle G65 Black (id=FFFE67C0A24D14DA591E1BAA685B2FE4 pos=<4255.000488, 20.384735, 7267.719727>)
21:43:16.195 [VehicleLeave] Player MrGreen530 [uid=4LNvemhkvMsn3fCjiyhQQrToOar0_hhH9f302w8wMNY=] left vehicle Mh-6 Little Bird (id=CECC8E61C6460EBBBB9AE89D4DEBF372 pos=<3808.215332, 5.710693, 2494.262207>)
21:43:25.960 [VehicleLeave] Player Golden [uid=8Xp2uj5ZxNF55GgpLiN2OARJVn6kKpJE53oZMkC9IiQ=] left vehicle Mh-6 Little Bird (id=CECC8E61C6460EBBBB9AE89D4DEBF372 pos=<3808.215332, 5.710770, 2494.262207>)
21:43:30.367 [VehicleLeave] Player FARRIS [uid=Wzy9-i_cgozd3AtiPGeDiPs6j9tHWluwI6ggAhe7Q-Q=] left vehicle G65 Black (id=FFFE67C0A24D14DA591E1BAA685B2FE4 pos=<4262.058594, 20.362991, 7270.478027>)
21:43:37.765 [VehicleCarKey] Player "FARRIS" (id=Wzy9-i_cgozd3AtiPGeDiPs6j9tHWluwI6ggAhe7Q-Q= pos=<4261.447754, 20.442499, 7272.594238>) used the  ExpansionCarKey to lock G65_black (id=FFFE67C0A24D14DA591E1BAA685B2FE4 pos=<4262.058594, 20.362993, 7270.478027>)
21:43:48.242 [VehicleDeleted] G65_black (id=FFFE67C0A24D14DA591E1BAA685B2FE4 pos=<4262.058594, 20.362993, 7270.478027>)
21:43:48.242 [VehicleCover] Player "FARRIS" (id=Wzy9-i_cgozd3AtiPGeDiPs6j9tHWluwI6ggAhe7Q-Q= pos=<4261.447754, 20.442499, 7272.594238>) covered vehicle "G65_black" (GlobalID=80000000800000008000000080036E6D pos=<4262.058594, 20.362993, 7270.478027>)!
21:44:07.093 [VehicleCarKey] Player "Golden" (id=8Xp2uj5ZxNF55GgpLiN2OARJVn6kKpJE53oZMkC9IiQ= pos=<3807.672607, 5.837644, 2492.820801>) used the  ExpansionCarKey to lock ExpansionMh6_Elliptical (id=CECC8E61C6460EBBBB9AE89D4DEBF372 pos=<3808.215332, 5.710771, 2494.262451>)
21:44:28.546 [Party] Player "MrGreen530" (id=4LNvemhkvMsn3fCjiyhQQrToOar0_hhH9f302w8wMNY=) left the party "G's" (id=49 ownerUID=4LNvemhkvMsn3fCjiyhQQrToOar0_hhH9f302w8wMNY= ownerName=MrGreen530)
21:45:20.632 [VehicleDeleted] MBw140_blue (id=40378EB172489F96B7BD9EBBBC7E79AD pos=<-0.000513, 0.353005, 0.100594>)
21:45:20.671 [VirtualGarage] Player "FARRIS" (id=Wzy9-i_cgozd3AtiPGeDiPs6j9tHWluwI6ggAhe7Q-Q= pos=<4269.038086, 20.465940, 7289.202148>) retrieved a vehicle "MBw140_blue" (GlobalID=80000000800000008000000080001545 pos=<4271.535156, 20.485996, 7290.587402>)
21:45:28.257 [VehicleCarKey] Player "FARRIS" (id=Wzy9-i_cgozd3AtiPGeDiPs6j9tHWluwI6ggAhe7Q-Q= pos=<4270.010254, 20.465942, 7291.108398>) used the  ExpansionCarKey to unlock MBw140_blue (id=3B7B63624741D5659131DCA15F52967F pos=<4271.536133, 20.485502, 7290.588867>)
21:45:34.703 [MissionAirdrop] An airdrop is heading towards "Stonington" (pos=<6973.000000, 0.000000, 1701.000000> type=Random_Stonington) with a ExpansionAirdropContainer_Medical
21:45:43.453 [VehicleEnter] Player FARRIS [uid=Wzy9-i_cgozd3AtiPGeDiPs6j9tHWluwI6ggAhe7Q-Q=] entered vehicle Mercedes-Benz W140 Blue (id=3B7B63624741D5659131DCA15F52967F pos=<4271.537109, 20.485500, 7290.588867>) as driver
21:45:44.875 [VehicleEngine] Player FARRIS [uid=Wzy9-i_cgozd3AtiPGeDiPs6j9tHWluwI6ggAhe7Q-Q=] started vehicle Mercedes-Benz W140 Blue (id=3B7B63624741D5659131DCA15F52967F pos=<4271.536133, 20.485500, 7290.588867>)
21:49:53.578 [Safezone] Player "FARRIS" (id=Wzy9-i_cgozd3AtiPGeDiPs6j9tHWluwI6ggAhe7Q-Q= pos=<5660.105957, 29.369881, 5529.009766>) Entered the safezone
21:50:07.937 [VehicleLeave] Player FARRIS [uid=Wzy9-i_cgozd3AtiPGeDiPs6j9tHWluwI6ggAhe7Q-Q=] left vehicle Mercedes-Benz W140 Blue (id=3B7B63624741D5659131DCA15F52967F pos=<5603.514648, 28.729548, 5395.056152>)
21:50:25.773 [Market] Player "FARRIS" (id=Wzy9-i_cgozd3AtiPGeDiPs6j9tHWluwI6ggAhe7Q-Q=) has send a requested to sell cp_cannabisbrickblackfrost x45 at the trader "Weed (Naomi [WEED])" in market zone "The Holler" (pos=<5632.000000, 32.000000, 5392.000000>).
21:50:25.921 [Market] Player "FARRIS" (id=Wzy9-i_cgozd3AtiPGeDiPs6j9tHWluwI6ggAhe7Q-Q=) has sold cp_cannabisbrickblackfrost x45 at the trader "Weed (Naomi [WEED])" in market zone "The Holler" (pos=<5632.000000, 32.000000, 5392.000000>) and got 2430000.
21:52:27.187 [VehicleEnter] Player FARRIS [uid=Wzy9-i_cgozd3AtiPGeDiPs6j9tHWluwI6ggAhe7Q-Q=] entered vehicle Mercedes-Benz W140 Blue (id=3B7B63624741D5659131DCA15F52967F pos=<5603.531250, 28.729549, 5395.056152>) as driver
21:52:39.531 [VehicleLeave] Player FARRIS [uid=Wzy9-i_cgozd3AtiPGeDiPs6j9tHWluwI6ggAhe7Q-Q=] left vehicle Mercedes-Benz W140 Blue (id=3B7B63624741D5659131DCA15F52967F pos=<5603.546387, 28.742580, 5354.075195>)
21:59:01.554 [VehicleEnter] Player FARRIS [uid=Wzy9-i_cgozd3AtiPGeDiPs6j9tHWluwI6ggAhe7Q-Q=] entered vehicle Mercedes-Benz W140 Blue (id=3B7B63624741D5659131DCA15F52967F pos=<5603.547363, 28.742603, 5354.077148>) as driver
21:59:02.984 [VehicleEngine] Player FARRIS [uid=Wzy9-i_cgozd3AtiPGeDiPs6j9tHWluwI6ggAhe7Q-Q=] started vehicle Mercedes-Benz W140 Blue (id=3B7B63624741D5659131DCA15F52967F pos=<5603.546387, 28.742588, 5354.075684>)
21:59:10.343 [VehicleLeave] Player FARRIS [uid=Wzy9-i_cgozd3AtiPGeDiPs6j9tHWluwI6ggAhe7Q-Q=] left vehicle Mercedes-Benz W140 Blue (id=3B7B63624741D5659131DCA15F52967F pos=<5600.816895, 28.729548, 5356.219238>)
21:59:43.906 [VehicleEnter] Player FARRIS [uid=Wzy9-i_cgozd3AtiPGeDiPs6j9tHWluwI6ggAhe7Q-Q=] entered vehicle Mercedes-Benz W140 Blue (id=3B7B63624741D5659131DCA15F52967F pos=<5600.814941, 28.729549, 5356.217773>) as driver
21:59:46.773 [VehicleEngine] Player FARRIS [uid=Wzy9-i_cgozd3AtiPGeDiPs6j9tHWluwI6ggAhe7Q-Q=] started vehicle Mercedes-Benz W140 Blue (id=3B7B63624741D5659131DCA15F52967F pos=<5600.815430, 28.729551, 5356.218262>)
22:00:07.875 [VehicleLeave] Player FARRIS [uid=Wzy9-i_cgozd3AtiPGeDiPs6j9tHWluwI6ggAhe7Q-Q=] left vehicle Mercedes-Benz W140 Blue (id=3B7B63624741D5659131DCA15F52967F pos=<5682.729004, 32.616386, 5255.786133>)
22:00:11.632 [VehicleCarKey] Player "FARRIS" (id=Wzy9-i_cgozd3AtiPGeDiPs6j9tHWluwI6ggAhe7Q-Q= pos=<5683.330566, 32.613899, 5257.444824>) used the  ExpansionCarKey to lock MBw140_blue (id=3B7B63624741D5659131DCA15F52967F pos=<5682.728516, 32.616383, 5255.785645>)
22:00:13.296 [Safezone] Player "FARRIS" (id=Wzy9-i_cgozd3AtiPGeDiPs6j9tHWluwI6ggAhe7Q-Q= pos=<5687.604980, 32.636295, 5256.555176>) Left the safezone
22:00:15.765 [VehicleDeleted] MBw140_blue (id=3B7B63624741D5659131DCA15F52967F pos=<5682.728516, 32.616383, 5255.785645>)
22:00:15.765 [VirtualGarage] Player "FARRIS" (id=Wzy9-i_cgozd3AtiPGeDiPs6j9tHWluwI6ggAhe7Q-Q= pos=<5687.616211, 32.636642, 5256.559570>) stored a vehicle "MBw140_blue" (GlobalID=80000000800000008000000080001545 pos=<5682.728516, 32.616383, 5255.785645>)
22:00:20.132 [Safezone] Player "FARRIS" (id=Wzy9-i_cgozd3AtiPGeDiPs6j9tHWluwI6ggAhe7Q-Q= pos=<5672.923340, 32.383980, 5264.161133>) Entered the safezone
22:01:45.921 [BaseRaiding] mmg_equipment_locker_black (<3815.440674, 5.614975, 2513.145264>) Code set by player "Golden" (ID = "8Xp2uj5ZxNF55GgpLiN2OARJVn6kKpJE53oZMkC9IiQ=" at <3814.320313, 5.654951, 2513.880859>) and the code is 4593
22:02:53.875 [Market] Player "FARRIS" (id=Wzy9-i_cgozd3AtiPGeDiPs6j9tHWluwI6ggAhe7Q-Q=) has send a requested to purchase fennek_camogreen x1 from the trader "Vehicles (Lewis [VEHICLES])" in market zone "The Holler" (pos=<5632.000000, 32.000000, 5392.000000>).
22:02:53.968 [VehicleDeleted] Fennek_CAMOgreen (id=8D1891E1EA4E50ABC3217A9A0C8C9031 pos=<-0.004209, 0.835681, 0.367563>)
22:02:53.984 [Market] Player "FARRIS" (id=Wzy9-i_cgozd3AtiPGeDiPs6j9tHWluwI6ggAhe7Q-Q=) has bought fennek_camogreen x1 from the trader "Vehicles (Lewis [VEHICLES])" in market zone "The Holler" (pos=<5632.000000, 32.000000, 5392.000000>) for a price of 660700.
22:03:08.703 [Market] Player "FARRIS" (id=Wzy9-i_cgozd3AtiPGeDiPs6j9tHWluwI6ggAhe7Q-Q=) has send a requested to purchase expansioncarkey x1 from the trader "Vehicles (Lewis [VEHICLES])" in market zone "The Holler" (pos=<5632.000000, 32.000000, 5392.000000>).
22:03:08.781 [Market] Player "FARRIS" (id=Wzy9-i_cgozd3AtiPGeDiPs6j9tHWluwI6ggAhe7Q-Q=) has bought expansioncarkey x1 from the trader "Vehicles (Lewis [VEHICLES])" in market zone "The Holler" (pos=<5632.000000, 32.000000, 5392.000000>) for a price of 500.
22:03:09.734 [Market] Player "FARRIS" (id=Wzy9-i_cgozd3AtiPGeDiPs6j9tHWluwI6ggAhe7Q-Q=) has send a requested to purchase expansionkeychain_red x1 from the trader "Vehicles (Lewis [VEHICLES])" in market zone "The Holler" (pos=<5632.000000, 32.000000, 5392.000000>).
22:03:09.773 [Market] Player "FARRIS" (id=Wzy9-i_cgozd3AtiPGeDiPs6j9tHWluwI6ggAhe7Q-Q=) has bought expansionkeychain_red x1 from the trader "Vehicles (Lewis [VEHICLES])" in market zone "The Holler" (pos=<5632.000000, 32.000000, 5392.000000>) for a price of 100.
22:03:23.445 [VehicleCarKey] Player "FARRIS" (id=Wzy9-i_cgozd3AtiPGeDiPs6j9tHWluwI6ggAhe7Q-Q= pos=<5597.504883, 28.722498, 5359.806152>) used the  ExpansionCarKey to unlock Fennek_CAMOgreen (id=B7A09F676E4C651BD5C519BD77F46324 pos=<5601.246094, 28.679277, 5358.362793>)
22:03:37.343 [Market] Player "FARRIS" (id=Wzy9-i_cgozd3AtiPGeDiPs6j9tHWluwI6ggAhe7Q-Q=) has send a requested to sell expansioncarkey x1 at the trader "Vehicles (Lewis [VEHICLES])" in market zone "The Holler" (pos=<5632.000000, 32.000000, 5392.000000>).
22:03:37.445 [Market] Player "FARRIS" (id=Wzy9-i_cgozd3AtiPGeDiPs6j9tHWluwI6ggAhe7Q-Q=) has sold expansioncarkey x1 at the trader "Vehicles (Lewis [VEHICLES])" in market zone "The Holler" (pos=<5632.000000, 32.000000, 5392.000000>) and got 375.
22:03:53.632 [VehicleEnter] Player FARRIS [uid=Wzy9-i_cgozd3AtiPGeDiPs6j9tHWluwI6ggAhe7Q-Q=] entered vehicle Fennek CAMO green (id=B7A09F676E4C651BD5C519BD77F46324 pos=<5601.246094, 28.679277, 5358.362793>) as passenger
22:04:03.203 [VehicleLeave] Player FARRIS [uid=Wzy9-i_cgozd3AtiPGeDiPs6j9tHWluwI6ggAhe7Q-Q=] left vehicle Fennek CAMO green (id=B7A09F676E4C651BD5C519BD77F46324 pos=<5601.246094, 28.679277, 5358.362793>)
22:04:28.437 [VehicleEnter] Player FARRIS [uid=Wzy9-i_cgozd3AtiPGeDiPs6j9tHWluwI6ggAhe7Q-Q=] entered vehicle Fennek CAMO green (id=B7A09F676E4C651BD5C519BD77F46324 pos=<5600.459961, 28.679279, 5358.820801>) as passenger
22:04:37.070 [VehicleLeave] Player FARRIS [uid=Wzy9-i_cgozd3AtiPGeDiPs6j9tHWluwI6ggAhe7Q-Q=] left vehicle Fennek CAMO green (id=B7A09F676E4C651BD5C519BD77F46324 pos=<5600.459961, 28.679279, 5358.820801>)
22:05:25.093 [VehicleEnter] Player FARRIS [uid=Wzy9-i_cgozd3AtiPGeDiPs6j9tHWluwI6ggAhe7Q-Q=] entered vehicle Fennek CAMO green (id=B7A09F676E4C651BD5C519BD77F46324 pos=<5600.459961, 28.679279, 5358.820801>) as passenger
22:05:50.210 [VehicleLeave] Player FARRIS [uid=Wzy9-i_cgozd3AtiPGeDiPs6j9tHWluwI6ggAhe7Q-Q=] left vehicle Fennek CAMO green (id=B7A09F676E4C651BD5C519BD77F46324 pos=<5600.459961, 28.679279, 5358.820801>)
22:09:26.632 [VehicleEnter] Player FARRIS [uid=Wzy9-i_cgozd3AtiPGeDiPs6j9tHWluwI6ggAhe7Q-Q=] entered vehicle Fennek CAMO green (id=B7A09F676E4C651BD5C519BD77F46324 pos=<5600.431641, 28.679289, 5358.810547>) as driver
22:09:31.164 [VehicleLeave] Player FARRIS [uid=Wzy9-i_cgozd3AtiPGeDiPs6j9tHWluwI6ggAhe7Q-Q=] left vehicle Fennek CAMO green (id=B7A09F676E4C651BD5C519BD77F46324 pos=<5600.433105, 28.679283, 5358.812012>)
22:10:38.484 [VehicleEnter] Player FARRIS [uid=Wzy9-i_cgozd3AtiPGeDiPs6j9tHWluwI6ggAhe7Q-Q=] entered vehicle Fennek CAMO green (id=B7A09F676E4C651BD5C519BD77F46324 pos=<5600.431152, 28.679287, 5358.809082>) as driver
22:10:45.781 [VehicleEngine] Player FARRIS [uid=Wzy9-i_cgozd3AtiPGeDiPs6j9tHWluwI6ggAhe7Q-Q=] started vehicle Fennek CAMO green (id=B7A09F676E4C651BD5C519BD77F46324 pos=<5600.431152, 28.679287, 5358.809570>)
22:11:04.648 [VehicleLeave] Player FARRIS [uid=Wzy9-i_cgozd3AtiPGeDiPs6j9tHWluwI6ggAhe7Q-Q=] left vehicle Fennek CAMO green (id=B7A09F676E4C651BD5C519BD77F46324 pos=<5640.206543, 28.674042, 5377.057129>)
22:11:44.070 [Market] Player "FARRIS" (id=Wzy9-i_cgozd3AtiPGeDiPs6j9tHWluwI6ggAhe7Q-Q=) has send a requested to purchase camonet x1 from the trader "BuildingSupplies (Indar [BUILDINGS])" in market zone "The Holler" (pos=<5632.000000, 32.000000, 5392.000000>).
22:11:44.156 [Market] Player "FARRIS" (id=Wzy9-i_cgozd3AtiPGeDiPs6j9tHWluwI6ggAhe7Q-Q=) has bought camonet x1 from the trader "BuildingSupplies (Indar [BUILDINGS])" in market zone "The Holler" (pos=<5632.000000, 32.000000, 5392.000000>) for a price of 600.
22:11:59.820 [ATM] Player "FARRIS" (id=Wzy9-i_cgozd3AtiPGeDiPs6j9tHWluwI6ggAhe7Q-Q=) has deposited 1768475 on his ATM account.
22:12:11.140 [VehicleEnter] Player FARRIS [uid=Wzy9-i_cgozd3AtiPGeDiPs6j9tHWluwI6ggAhe7Q-Q=] entered vehicle Fennek CAMO green (id=B7A09F676E4C651BD5C519BD77F46324 pos=<5640.216309, 28.674063, 5377.063477>) as driver
22:12:21.828 [VehicleEngine] Player FARRIS [uid=Wzy9-i_cgozd3AtiPGeDiPs6j9tHWluwI6ggAhe7Q-Q=] stopped vehicle Fennek CAMO green (id=B7A09F676E4C651BD5C519BD77F46324 pos=<5659.690430, 28.661621, 5404.582520>)
22:12:26.367 [VehicleEngine] Player FARRIS [uid=Wzy9-i_cgozd3AtiPGeDiPs6j9tHWluwI6ggAhe7Q-Q=] started vehicle Fennek CAMO green (id=B7A09F676E4C651BD5C519BD77F46324 pos=<5660.180664, 28.648218, 5405.273926>)
22:13:09.250 [Safezone] Player "FARRIS" (id=Wzy9-i_cgozd3AtiPGeDiPs6j9tHWluwI6ggAhe7Q-Q= pos=<5618.952637, 16.955599, 5685.262207>) Left the safezone
22:17:12.218 [VehicleLeave] Player FARRIS [uid=Wzy9-i_cgozd3AtiPGeDiPs6j9tHWluwI6ggAhe7Q-Q=] left vehicle Fennek CAMO green (id=B7A09F676E4C651BD5C519BD77F46324 pos=<4271.544434, 20.435238, 7293.344238>)
22:17:34.343 [Party] Player "Golden" (id=8Xp2uj5ZxNF55GgpLiN2OARJVn6kKpJE53oZMkC9IiQ=) left the party "G's" (id=49 ownerUID=4LNvemhkvMsn3fCjiyhQQrToOar0_hhH9f302w8wMNY= ownerName=MrGreen530)
22:17:40.445 [VehicleCarKey] Player "FARRIS" (id=Wzy9-i_cgozd3AtiPGeDiPs6j9tHWluwI6ggAhe7Q-Q= pos=<4268.978516, 20.465942, 7293.802734>) used the  ExpansionCarKey to lock Fennek_CAMOgreen (id=B7A09F676E4C651BD5C519BD77F46324 pos=<4271.542480, 20.435236, 7293.344238>)
22:17:46.601 [VehicleDeleted] Fennek_CAMOgreen (id=BEFB85F33E4CF9AB25836C95FEC28E03 pos=<-0.004209, 0.835681, 0.367563>)
22:17:46.609 [VehicleDeleted] Fennek_CAMOgreen (id=B7A09F676E4C651BD5C519BD77F46324 pos=<4271.542480, 20.435236, 7293.344238>)
22:17:46.609 [VirtualGarage] Player "FARRIS" (id=Wzy9-i_cgozd3AtiPGeDiPs6j9tHWluwI6ggAhe7Q-Q= pos=<4269.212402, 20.465942, 7290.013672>) stored a vehicle "Fennek_CAMOgreen" (GlobalID=80000000800000008000000080038AEC pos=<4271.542480, 20.435236, 7293.344238>)
22:50:35.140 [Party] Player "Golden" (id=8Xp2uj5ZxNF55GgpLiN2OARJVn6kKpJE53oZMkC9IiQ=) joinded the party "G's" (id=49 ownerUID=4LNvemhkvMsn3fCjiyhQQrToOar0_hhH9f302w8wMNY= ownerName=MrGreen530)
22:50:35.148 [Expansion Quests] - InitQuestSystemClient - Loaded existing player quest data for player with UID: 8Xp2uj5ZxNF55GgpLiN2OARJVn6kKpJE53oZMkC9IiQ=
22:50:35.148 [Expansion Quests] - LoadGroupQuestData - Got cached group quest data for group with ID: 49
22:50:36.109 [Expansion Quests] - LoadGroupQuestData - Got cached group quest data for group with ID: 49
22:54:14.156 [Safezone] Player "[ADMIN]DrKilledByDeath" (id=spMEkRl42onhFHdF_u42e0T03x2sj347kUc600NXdGA= pos=<5632.198730, 28.844778, 5461.880859>) Entered the safezone
22:54:14.156 [Party] Player "[ADMIN]DrKilledByDeath" (id=spMEkRl42onhFHdF_u42e0T03x2sj347kUc600NXdGA=) joinded the party "WitheringFlesh" (id=39 ownerUID=-r2araXommLNgd2kLCOg5MUhQUGYZRsIrQF--_XcIVE= ownerName=BtWF_Raziel)
22:54:14.171 [Expansion Quests] - InitQuestSystemClient - Loaded existing player quest data for player with UID: spMEkRl42onhFHdF_u42e0T03x2sj347kUc600NXdGA=
22:54:14.171 [Expansion Quests] - LoadGroupQuestData - Got cached group quest data for group with ID: 39
22:54:15.140 [Expansion Quests] - LoadGroupQuestData - Got cached group quest data for group with ID: 39
22:55:22.289 [Safezone] Player "[ADMIN]DrKilledByDeath" (id=spMEkRl42onhFHdF_u42e0T03x2sj347kUc600NXdGA= pos=<3802.112061, 5.654971, 2525.744629>) Left the safezone
23:01:14.406 [Safezone] Player "[ADMIN]DrKilledByDeath" (id=spMEkRl42onhFHdF_u42e0T03x2sj347kUc600NXdGA= pos=<5608.382813, 28.537182, 5390.480957>) Entered the safezone
23:01:37.265 [Party] Player "[ADMIN]DrKilledByDeath" (id=spMEkRl42onhFHdF_u42e0T03x2sj347kUc600NXdGA=) left the party "WitheringFlesh" (id=39 ownerUID=-r2araXommLNgd2kLCOg5MUhQUGYZRsIrQF--_XcIVE= ownerName=BtWF_Raziel)
23:30:00.906 [Party] Player "Golden" (id=8Xp2uj5ZxNF55GgpLiN2OARJVn6kKpJE53oZMkC9IiQ=) left the party "G's" (id=49 ownerUID=4LNvemhkvMsn3fCjiyhQQrToOar0_hhH9f302w8wMNY= ownerName=MrGreen530)
23:42:20.296 [Party] Player "Golden" (id=8Xp2uj5ZxNF55GgpLiN2OARJVn6kKpJE53oZMkC9IiQ=) joinded the party "G's" (id=49 ownerUID=4LNvemhkvMsn3fCjiyhQQrToOar0_hhH9f302w8wMNY= ownerName=MrGreen530)
23:42:20.296 [Expansion Quests] - InitQuestSystemClient - Loaded existing player quest data for player with UID: 8Xp2uj5ZxNF55GgpLiN2OARJVn6kKpJE53oZMkC9IiQ=
23:42:20.296 [Expansion Quests] - LoadGroupQuestData - Got cached group quest data for group with ID: 49
23:42:21.257 [Expansion Quests] - LoadGroupQuestData - Got cached group quest data for group with ID: 49
23:48:24.554 [Party] Player "Golden" (id=8Xp2uj5ZxNF55GgpLiN2OARJVn6kKpJE53oZMkC9IiQ=) left the party "G's" (id=49 ownerUID=4LNvemhkvMsn3fCjiyhQQrToOar0_hhH9f302w8wMNY= ownerName=MrGreen530)
