16:01:10.507 [Safezone] Player "[Admin] Bunker" (id=mBNlxASsPlOcry0dpDl8K-WgHNR5WMCMmoJ9NhpU4FY= pos=<5649.722656, 29.502888, 5404.890625>) Entered the safezone
16:02:44.640 [Party] Player "Dirtydan" (id=eZvdqnhxQZeB4Wvp7ko5cFy79bCUMACrCdUKq6S9F3w=) joinded the party "DDD" (id=2 ownerUID=eZvdqnhxQZeB4Wvp7ko5cFy79bCUMACrCdUKq6S9F3w= ownerName=Bluecollarboys)
16:03:39.539 [AI Patrol] Spawning 3 Camp Bear Patrol bots at <8594.233398, 3.373777, 6017.334961>
16:06:22.003 [Party] Player "2mmDefeater" (id=byz_3YJNSRLRQHzo02MvMn9U3M3DtAdZqM4na6qJVfU=) joinded the party "STAG" (id=7 ownerUID=Pk9FmI0iGIJV90L0o-uI7ivHc45DZnNcAVX3v1GVD5Y= ownerName=GalaxyPanda)
16:06:24.695 [AI Patrol] Spawning 3 Prison Island Patrol bots at <5306.140625, 28.563717, 601.563599>
16:14:45.812 [Party] Player "2mmDefeater" (id=byz_3YJNSRLRQHzo02MvMn9U3M3DtAdZqM4na6qJVfU=) left the party "STAG" (id=7 ownerUID=Pk9FmI0iGIJV90L0o-uI7ivHc45DZnNcAVX3v1GVD5Y= ownerName=GalaxyPanda)
16:34:18.195 [Safezone] Player "Dirtydan" (id=eZvdqnhxQZeB4Wvp7ko5cFy79bCUMACrCdUKq6S9F3w= pos=<5674.699219, 32.397934, 5262.089844>) Entered the safezone
16:37:33.964 [Safezone] Player "[Admin] Bunker" (id=mBNlxASsPlOcry0dpDl8K-WgHNR5WMCMmoJ9NhpU4FY= pos=<3488.991211, 5.950450, 15920.088867>) Left the safezone
16:38:32.007 [Market] Player "Dirtydan" (id=eZvdqnhxQZeB4Wvp7ko5cFy79bCUMACrCdUKq6S9F3w=) has send a requested to sell expansionhydraulichoses x1 at the trader "Vehicles (Lewis [Vehicle Trader])" in market zone "The Holler" (pos=<5632.000000, 32.000000, 5392.000000>).
16:38:32.132 [Market] Player "Dirtydan" (id=eZvdqnhxQZeB4Wvp7ko5cFy79bCUMACrCdUKq6S9F3w=) has sold expansionhydraulichoses x1 at the trader "Vehicles (Lewis [Vehicle Trader])" in market zone "The Holler" (pos=<5632.000000, 32.000000, 5392.000000>) and got 187.
16:38:34.859 [Market] Player "Dirtydan" (id=eZvdqnhxQZeB4Wvp7ko5cFy79bCUMACrCdUKq6S9F3w=) has send a requested to sell carradiator x1 at the trader "Vehicles (Lewis [Vehicle Trader])" in market zone "The Holler" (pos=<5632.000000, 32.000000, 5392.000000>).
16:38:34.984 [Market] Player "Dirtydan" (id=eZvdqnhxQZeB4Wvp7ko5cFy79bCUMACrCdUKq6S9F3w=) has sold carradiator x1 at the trader "Vehicles (Lewis [Vehicle Trader])" in market zone "The Holler" (pos=<5632.000000, 32.000000, 5392.000000>) and got 112.
16:38:39.945 [VehicleDeleted] Velociraptor6x6 (id=A328C467E74B9120CDBA5DB5E39E9306 pos=<5395.041504, 67.057892, 1602.006592>)
16:38:39.945 [VehicleCover] Player "[Admin] Bunker" (id=mBNlxASsPlOcry0dpDl8K-WgHNR5WMCMmoJ9NhpU4FY= pos=<5398.059082, 67.025223, 1603.610352>) covered vehicle "Velociraptor6x6" (GlobalID=80000000800000008000000080002265 pos=<5395.041504, 67.057892, 1602.006592>)!
16:38:53.761 [VehicleDeleted] Jeep_Wrangler_red (id=E8281FA5694DB49887303A96200FFD75 pos=<5395.474609, 67.176888, 1598.358887>)
16:38:53.761 [VehicleCover] Player "[Admin] Bunker" (id=mBNlxASsPlOcry0dpDl8K-WgHNR5WMCMmoJ9NhpU4FY= pos=<5397.086426, 67.025101, 1599.954346>) covered vehicle "Jeep_Wrangler_red" (GlobalID=8000000080000000800000008000231A pos=<5395.474609, 67.176888, 1598.358887>)!
16:39:33.113 [Market] Player "Dirtydan" (id=eZvdqnhxQZeB4Wvp7ko5cFy79bCUMACrCdUKq6S9F3w=) has send a requested to sell expansionsafemini x1 at the trader "BuildingSupplies (Indar [Building Trader])" in market zone "The Holler" (pos=<5632.000000, 32.000000, 5392.000000>).
16:39:33.277 [Market] Player "Dirtydan" (id=eZvdqnhxQZeB4Wvp7ko5cFy79bCUMACrCdUKq6S9F3w=) has sold expansionsafemini x1 at the trader "BuildingSupplies (Indar [Building Trader])" in market zone "The Holler" (pos=<5632.000000, 32.000000, 5392.000000>) and got 2250.
16:39:54.589 [Market] Player "Dirtydan" (id=eZvdqnhxQZeB4Wvp7ko5cFy79bCUMACrCdUKq6S9F3w=) has send a requested to purchase nailbox x4 from the trader "BuildingSupplies (Indar [Building Trader])" in market zone "The Holler" (pos=<5632.000000, 32.000000, 5392.000000>).
16:39:54.730 [Market] Player "Dirtydan" (id=eZvdqnhxQZeB4Wvp7ko5cFy79bCUMACrCdUKq6S9F3w=) has bought nailbox x4 from the trader "BuildingSupplies (Indar [Building Trader])" in market zone "The Holler" (pos=<5632.000000, 32.000000, 5392.000000>) for a price of 1200.
16:40:17.367 [Market] Player "Dirtydan" (id=eZvdqnhxQZeB4Wvp7ko5cFy79bCUMACrCdUKq6S9F3w=) has send a requested to purchase handsaw x2 from the trader "BuildingSupplies (Indar [Building Trader])" in market zone "The Holler" (pos=<5632.000000, 32.000000, 5392.000000>).
16:40:17.507 [Market] Player "Dirtydan" (id=eZvdqnhxQZeB4Wvp7ko5cFy79bCUMACrCdUKq6S9F3w=) has bought handsaw x2 from the trader "BuildingSupplies (Indar [Building Trader])" in market zone "The Holler" (pos=<5632.000000, 32.000000, 5392.000000>) for a price of 14.
16:40:33.855 [Market] Player "Dirtydan" (id=eZvdqnhxQZeB4Wvp7ko5cFy79bCUMACrCdUKq6S9F3w=) has send a requested to purchase hammer x2 from the trader "BuildingSupplies (Indar [Building Trader])" in market zone "The Holler" (pos=<5632.000000, 32.000000, 5392.000000>).
16:40:33.992 [Market] Player "Dirtydan" (id=eZvdqnhxQZeB4Wvp7ko5cFy79bCUMACrCdUKq6S9F3w=) has bought hammer x2 from the trader "BuildingSupplies (Indar [Building Trader])" in market zone "The Holler" (pos=<5632.000000, 32.000000, 5392.000000>) for a price of 14.
16:40:44.710 [Market] Player "Dirtydan" (id=eZvdqnhxQZeB4Wvp7ko5cFy79bCUMACrCdUKq6S9F3w=) has send a requested to purchase whetstone x3 from the trader "BuildingSupplies (Indar [Building Trader])" in market zone "The Holler" (pos=<5632.000000, 32.000000, 5392.000000>).
16:40:44.898 [Market] Player "Dirtydan" (id=eZvdqnhxQZeB4Wvp7ko5cFy79bCUMACrCdUKq6S9F3w=) has bought whetstone x3 from the trader "BuildingSupplies (Indar [Building Trader])" in market zone "The Holler" (pos=<5632.000000, 32.000000, 5392.000000>) for a price of 15.
16:41:10.492 [VehicleDeleted] UAZ_3909_police (id=F0C4C6496D42635F3FAEC5A451A95F26 pos=<5419.258789, 66.545296, 1578.284668>)
16:41:10.492 [VehicleCover] Player "[Admin] Bunker" (id=mBNlxASsPlOcry0dpDl8K-WgHNR5WMCMmoJ9NhpU4FY= pos=<5418.859863, 66.498131, 1580.975952>) covered vehicle "UAZ_3909_police" (GlobalID=800000008000000080000000800022F7 pos=<5419.258789, 66.545296, 1578.284668>)!
16:43:36.980 [Market] Player "Dirtydan" (id=eZvdqnhxQZeB4Wvp7ko5cFy79bCUMACrCdUKq6S9F3w=) has send a requested to sell crossbow_wood x1 at the trader "Weapons (Oliver [#STR_EXPANSION_MARKET_TRADER_WEAPONS])" in market zone "The Holler" (pos=<5632.000000, 32.000000, 5392.000000>).
16:43:37.101 [Market] Player "Dirtydan" (id=eZvdqnhxQZeB4Wvp7ko5cFy79bCUMACrCdUKq6S9F3w=) has sold crossbow_wood x1 at the trader "Weapons (Oliver [#STR_EXPANSION_MARKET_TRADER_WEAPONS])" in market zone "The Holler" (pos=<5632.000000, 32.000000, 5392.000000>) and got 450.
16:44:04.027 [Market] Player "Dirtydan" (id=eZvdqnhxQZeB4Wvp7ko5cFy79bCUMACrCdUKq6S9F3w=) has send a requested to purchase weaponcleaningkit x1 from the trader "BuildingSupplies (Indar [Building Trader])" in market zone "The Holler" (pos=<5632.000000, 32.000000, 5392.000000>).
16:44:04.152 [Market] Player "Dirtydan" (id=eZvdqnhxQZeB4Wvp7ko5cFy79bCUMACrCdUKq6S9F3w=) has bought weaponcleaningkit x1 from the trader "BuildingSupplies (Indar [Building Trader])" in market zone "The Holler" (pos=<5632.000000, 32.000000, 5392.000000>) for a price of 8.
16:45:35.750 [Market] Player "Dirtydan" (id=eZvdqnhxQZeB4Wvp7ko5cFy79bCUMACrCdUKq6S9F3w=) has send a requested to purchase mag_expansion_g36_30rnd x2 from the trader "Weapons (Oliver [#STR_EXPANSION_MARKET_TRADER_WEAPONS])" in market zone "The Holler" (pos=<5632.000000, 32.000000, 5392.000000>).
16:45:35.914 [Market] Player "Dirtydan" (id=eZvdqnhxQZeB4Wvp7ko5cFy79bCUMACrCdUKq6S9F3w=) has bought mag_expansion_g36_30rnd x2 from the trader "Weapons (Oliver [#STR_EXPANSION_MARKET_TRADER_WEAPONS])" in market zone "The Holler" (pos=<5632.000000, 32.000000, 5392.000000>) for a price of 620.
16:47:43.316 [Safezone] Player "[Admin] Bunker" (id=mBNlxASsPlOcry0dpDl8K-WgHNR5WMCMmoJ9NhpU4FY= pos=<5628.498535, 28.709999, 5416.308594>) Entered the safezone
16:49:20.410 [Market] Player "Dirtydan" (id=eZvdqnhxQZeB4Wvp7ko5cFy79bCUMACrCdUKq6S9F3w=) has send a requested to sell bloodbagempty x1 at the trader "Medicals (Linda [#STR_EXPANSION_MARKET_TRADER_MEDICALS])" in market zone "The Holler" (pos=<5632.000000, 32.000000, 5392.000000>).
16:49:20.578 [Market] Player "Dirtydan" (id=eZvdqnhxQZeB4Wvp7ko5cFy79bCUMACrCdUKq6S9F3w=) has sold bloodbagempty x1 at the trader "Medicals (Linda [#STR_EXPANSION_MARKET_TRADER_MEDICALS])" in market zone "The Holler" (pos=<5632.000000, 32.000000, 5392.000000>) and got 3.
16:49:25.265 [Market] Player "Dirtydan" (id=eZvdqnhxQZeB4Wvp7ko5cFy79bCUMACrCdUKq6S9F3w=) has send a requested to sell epinephrine x1 at the trader "Medicals (Linda [#STR_EXPANSION_MARKET_TRADER_MEDICALS])" in market zone "The Holler" (pos=<5632.000000, 32.000000, 5392.000000>).
16:49:25.390 [Market] Player "Dirtydan" (id=eZvdqnhxQZeB4Wvp7ko5cFy79bCUMACrCdUKq6S9F3w=) has sold epinephrine x1 at the trader "Medicals (Linda [#STR_EXPANSION_MARKET_TRADER_MEDICALS])" in market zone "The Holler" (pos=<5632.000000, 32.000000, 5392.000000>) and got 11.
16:50:09.367 [Market] Player "Dirtydan" (id=eZvdqnhxQZeB4Wvp7ko5cFy79bCUMACrCdUKq6S9F3w=) has send a requested to sell makarovij70 x1 at the trader "Weapons (Oliver [#STR_EXPANSION_MARKET_TRADER_WEAPONS])" in market zone "The Holler" (pos=<5632.000000, 32.000000, 5392.000000>).
16:50:09.527 [Market] Player "Dirtydan" (id=eZvdqnhxQZeB4Wvp7ko5cFy79bCUMACrCdUKq6S9F3w=) has sold makarovij70 x1 at the trader "Weapons (Oliver [#STR_EXPANSION_MARKET_TRADER_WEAPONS])" in market zone "The Holler" (pos=<5632.000000, 32.000000, 5392.000000>) and got 80.
16:50:43.046 [Market] Player "Dirtydan" (id=eZvdqnhxQZeB4Wvp7ko5cFy79bCUMACrCdUKq6S9F3w=) has send a requested to purchase ammobox_12gaslug_10rnd x2 from the trader "Weapons (Oliver [#STR_EXPANSION_MARKET_TRADER_WEAPONS])" in market zone "The Holler" (pos=<5632.000000, 32.000000, 5392.000000>).
16:50:43.199 [Market] Player "Dirtydan" (id=eZvdqnhxQZeB4Wvp7ko5cFy79bCUMACrCdUKq6S9F3w=) has bought ammobox_12gaslug_10rnd x2 from the trader "Weapons (Oliver [#STR_EXPANSION_MARKET_TRADER_WEAPONS])" in market zone "The Holler" (pos=<5632.000000, 32.000000, 5392.000000>) for a price of 80.
16:50:48.371 [Market] Player "Dirtydan" (id=eZvdqnhxQZeB4Wvp7ko5cFy79bCUMACrCdUKq6S9F3w=) has send a requested to purchase ammobox_556x45_20rnd x3 from the trader "Weapons (Oliver [#STR_EXPANSION_MARKET_TRADER_WEAPONS])" in market zone "The Holler" (pos=<5632.000000, 32.000000, 5392.000000>).
16:50:48.515 [Market] Player "Dirtydan" (id=eZvdqnhxQZeB4Wvp7ko5cFy79bCUMACrCdUKq6S9F3w=) has bought ammobox_556x45_20rnd x3 from the trader "Weapons (Oliver [#STR_EXPANSION_MARKET_TRADER_WEAPONS])" in market zone "The Holler" (pos=<5632.000000, 32.000000, 5392.000000>) for a price of 96.
16:57:20.937 [ATM] Player "Dirtydan" (id=eZvdqnhxQZeB4Wvp7ko5cFy79bCUMACrCdUKq6S9F3w=) has withdrawn 500 from his ATM account.
16:57:40.867 [Market] Player "Dirtydan" (id=eZvdqnhxQZeB4Wvp7ko5cFy79bCUMACrCdUKq6S9F3w=) has send a requested to purchase expansioncodelock x1 from the trader "BuildingSupplies (Indar [Building Trader])" in market zone "The Holler" (pos=<5632.000000, 32.000000, 5392.000000>).
16:57:41.023 [Market] Player "Dirtydan" (id=eZvdqnhxQZeB4Wvp7ko5cFy79bCUMACrCdUKq6S9F3w=) has bought expansioncodelock x1 from the trader "BuildingSupplies (Indar [Building Trader])" in market zone "The Holler" (pos=<5632.000000, 32.000000, 5392.000000>) for a price of 1500.
16:57:51.277 [ATM] Player "Dirtydan" (id=eZvdqnhxQZeB4Wvp7ko5cFy79bCUMACrCdUKq6S9F3w=) has deposited 46 on his ATM account.
16:58:54.226 [Safezone] Player "Dirtydan" (id=eZvdqnhxQZeB4Wvp7ko5cFy79bCUMACrCdUKq6S9F3w= pos=<5708.843262, 28.876991, 5230.099609>) Left the safezone
17:14:10.734 [AI Patrol] Spawning 3 Camp Eagle Patrol bots at <8845.123047, 45.419998, 3741.472168>
17:14:57.269 [VehicleCarKey] Player "Captain Chaos" (id=KWl3ojgjStHOe3-iLRChpUG8crsNiNfei3BT6NCIfaw= pos=<9621.714844, 2.846642, 3097.891846>) used the  ExpansionCarKey to unlock Expansion_Landrover_Blue (id=215FE253B2499FAEF5FB248C7EA3CAE5 pos=<9618.813477, 2.851248, 3098.137207>)
17:16:03.339 [Chat - Global]("Dirtydan"(id=eZvdqnhxQZeB4Wvp7ko5cFy79bCUMACrCdUKq6S9F3w=)): cap 
17:17:40.855 [VehicleCarKey] Player "Captain Chaos" (id=KWl3ojgjStHOe3-iLRChpUG8crsNiNfei3BT6NCIfaw= pos=<9620.481445, 2.867238, 3097.619873>) used the  ExpansionCarKey to lock Expansion_Landrover_Blue (id=215FE253B2499FAEF5FB248C7EA3CAE5 pos=<9618.813477, 2.851248, 3098.137207>)
17:24:25.046 [VehicleCarKey] Player "Captain Chaos" (id=KWl3ojgjStHOe3-iLRChpUG8crsNiNfei3BT6NCIfaw= pos=<9620.766602, 2.859607, 3097.491211>) used the  ExpansionCarKey to unlock Expansion_Landrover_Blue (id=215FE253B2499FAEF5FB248C7EA3CAE5 pos=<9618.813477, 2.851248, 3098.137207>)
17:27:48.351 [VehicleCarKey] Player "Captain Chaos" (id=KWl3ojgjStHOe3-iLRChpUG8crsNiNfei3BT6NCIfaw= pos=<9620.011719, 2.845171, 3095.425049>) used the  ExpansionCarKey to lock Expansion_Landrover_Blue (id=215FE253B2499FAEF5FB248C7EA3CAE5 pos=<9618.813477, 2.851248, 3098.137207>)
17:27:57.914 [Chat - Global]("Dirtydan"(id=eZvdqnhxQZeB4Wvp7ko5cFy79bCUMACrCdUKq6S9F3w=)): any one have a cr527 mag for trade
17:28:09.960 [SpawnSelection] Player "og" (id=Cc0wZ2VHa5_wA30qgzbiev1UMzKqgpWqAgS0wYga8Rk=) spawned at <5638.890137, 27.349701, 5438.060059>
17:28:10.839 [Safezone] Player "og" (id=Cc0wZ2VHa5_wA30qgzbiev1UMzKqgpWqAgS0wYga8Rk= pos=<5638.890137, 27.349701, 5438.060059>) Entered the safezone
17:29:35.917 [VehicleCarKey] Player "Captain Chaos" (id=KWl3ojgjStHOe3-iLRChpUG8crsNiNfei3BT6NCIfaw= pos=<9620.457031, 2.841726, 3095.671143>) used the  ExpansionCarKey to unlock Expansion_Landrover_Blue (id=215FE253B2499FAEF5FB248C7EA3CAE5 pos=<9618.813477, 2.851248, 3098.137207>)
17:30:11.148 [VehicleEnter] Player Captain Chaos [uid=KWl3ojgjStHOe3-iLRChpUG8crsNiNfei3BT6NCIfaw=] entered vehicle Land Rover Defender (id=215FE253B2499FAEF5FB248C7EA3CAE5 pos=<9618.813477, 2.851250, 3098.137207>) as driver
17:30:16.804 [VehicleEngine] Player Captain Chaos [uid=KWl3ojgjStHOe3-iLRChpUG8crsNiNfei3BT6NCIfaw=] started vehicle Land Rover Defender (id=215FE253B2499FAEF5FB248C7EA3CAE5 pos=<9618.813477, 2.851248, 3098.137207>)
17:32:08.648 [VehicleLeave] Player Captain Chaos [uid=KWl3ojgjStHOe3-iLRChpUG8crsNiNfei3BT6NCIfaw=] left vehicle Land Rover Defender (id=215FE253B2499FAEF5FB248C7EA3CAE5 pos=<9496.597656, 101.246078, 3737.028809>)
17:32:12.863 [VehicleCarKey] Player "Captain Chaos" (id=KWl3ojgjStHOe3-iLRChpUG8crsNiNfei3BT6NCIfaw= pos=<9496.857422, 101.358360, 3739.924072>) used the  ExpansionCarKey to lock Expansion_Landrover_Blue (id=215FE253B2499FAEF5FB248C7EA3CAE5 pos=<9496.596680, 101.246040, 3737.029053>)
17:32:53.308 [ATM] Player "og" (id=Cc0wZ2VHa5_wA30qgzbiev1UMzKqgpWqAgS0wYga8Rk=) has withdrawn 10000 from his ATM account.
17:33:42.027 [VehicleCarKey] Player "Captain Chaos" (id=KWl3ojgjStHOe3-iLRChpUG8crsNiNfei3BT6NCIfaw= pos=<9495.861328, 101.236824, 3738.749268>) used the  ExpansionCarKey to unlock Expansion_Landrover_Blue (id=215FE253B2499FAEF5FB248C7EA3CAE5 pos=<9496.596680, 101.246040, 3737.029053>)
17:33:47.503 [VehicleEnter] Player Captain Chaos [uid=KWl3ojgjStHOe3-iLRChpUG8crsNiNfei3BT6NCIfaw=] entered vehicle Land Rover Defender (id=215FE253B2499FAEF5FB248C7EA3CAE5 pos=<9496.596680, 101.246056, 3737.029053>) as driver
17:33:59.062 [VehicleEngine] Player Captain Chaos [uid=KWl3ojgjStHOe3-iLRChpUG8crsNiNfei3BT6NCIfaw=] started vehicle Land Rover Defender (id=215FE253B2499FAEF5FB248C7EA3CAE5 pos=<9496.596680, 101.246033, 3737.029053>)
17:35:41.566 [VehicleLeave] Player Captain Chaos [uid=KWl3ojgjStHOe3-iLRChpUG8crsNiNfei3BT6NCIfaw=] left vehicle Land Rover Defender (id=215FE253B2499FAEF5FB248C7EA3CAE5 pos=<9742.197266, 6.018497, 4302.047852>)
17:35:46.382 [VehicleCarKey] Player "Captain Chaos" (id=KWl3ojgjStHOe3-iLRChpUG8crsNiNfei3BT6NCIfaw= pos=<9740.078125, 6.062500, 4301.641602>) used the  ExpansionCarKey to lock Expansion_Landrover_Blue (id=215FE253B2499FAEF5FB248C7EA3CAE5 pos=<9742.197266, 6.018497, 4302.047852>)
17:36:35.621 [ATM] Player "og" (id=Cc0wZ2VHa5_wA30qgzbiev1UMzKqgpWqAgS0wYga8Rk=) has deposited 10000 on his ATM account.
17:42:01.886 [VehicleCarKey] Player "Captain Chaos" (id=KWl3ojgjStHOe3-iLRChpUG8crsNiNfei3BT6NCIfaw= pos=<9740.435547, 6.062449, 4302.374512>) used the  ExpansionCarKey to unlock Expansion_Landrover_Blue (id=215FE253B2499FAEF5FB248C7EA3CAE5 pos=<9742.197266, 6.018497, 4302.047852>)
17:42:06.558 [VehicleEnter] Player Captain Chaos [uid=KWl3ojgjStHOe3-iLRChpUG8crsNiNfei3BT6NCIfaw=] entered vehicle Land Rover Defender (id=215FE253B2499FAEF5FB248C7EA3CAE5 pos=<9742.197266, 6.018498, 4302.047852>) as driver
17:42:10.425 [VehicleEngine] Player Captain Chaos [uid=KWl3ojgjStHOe3-iLRChpUG8crsNiNfei3BT6NCIfaw=] started vehicle Land Rover Defender (id=215FE253B2499FAEF5FB248C7EA3CAE5 pos=<9742.197266, 6.018497, 4302.047852>)
17:42:41.496 [VehicleLeave] Player Captain Chaos [uid=KWl3ojgjStHOe3-iLRChpUG8crsNiNfei3BT6NCIfaw=] left vehicle Land Rover Defender (id=215FE253B2499FAEF5FB248C7EA3CAE5 pos=<9759.749023, 6.579212, 4409.876953>)
17:42:43.097 [VehicleCarKey] Player "Captain Chaos" (id=KWl3ojgjStHOe3-iLRChpUG8crsNiNfei3BT6NCIfaw= pos=<9760.015625, 6.597595, 4407.597656>) used the  ExpansionCarKey to lock Expansion_Landrover_Blue (id=215FE253B2499FAEF5FB248C7EA3CAE5 pos=<9759.749023, 6.579212, 4409.876465>)
17:43:14.199 [VehicleCarKey] Player "Captain Chaos" (id=KWl3ojgjStHOe3-iLRChpUG8crsNiNfei3BT6NCIfaw= pos=<9758.447266, 7.004143, 4408.995605>) used the  ExpansionCarKey to unlock Expansion_Landrover_Blue (id=215FE253B2499FAEF5FB248C7EA3CAE5 pos=<9759.749023, 6.579212, 4409.876465>)
17:43:34.691 [VehicleCarKey] Player "Captain Chaos" (id=KWl3ojgjStHOe3-iLRChpUG8crsNiNfei3BT6NCIfaw= pos=<9757.712891, 6.597310, 4408.040039>) used the  ExpansionCarKey to lock Expansion_Landrover_Blue (id=215FE253B2499FAEF5FB248C7EA3CAE5 pos=<9759.749023, 6.579212, 4409.876465>)
17:46:59.375 [BaseRaiding] ExpansionWall6x3 (<10144.611328, 52.988842, 5083.615234>) Code set by player "Dirtydan" (ID = "eZvdqnhxQZeB4Wvp7ko5cFy79bCUMACrCdUKq6S9F3w=" at <10144.208008, 52.708683, 5084.740234>) and the code is 1989
17:47:27.917 [Chat - Global]("Dirtydan"(id=eZvdqnhxQZeB4Wvp7ko5cFy79bCUMACrCdUKq6S9F3w=)): cap where are you at
17:49:29.667 [VehicleCarKey] Player "Captain Chaos" (id=KWl3ojgjStHOe3-iLRChpUG8crsNiNfei3BT6NCIfaw= pos=<9759.106445, 6.603951, 4408.292969>) used the  ExpansionCarKey to unlock Expansion_Landrover_Blue (id=215FE253B2499FAEF5FB248C7EA3CAE5 pos=<9759.749023, 6.579212, 4409.876465>)
17:49:34.406 [VehicleEnter] Player Captain Chaos [uid=KWl3ojgjStHOe3-iLRChpUG8crsNiNfei3BT6NCIfaw=] entered vehicle Land Rover Defender (id=215FE253B2499FAEF5FB248C7EA3CAE5 pos=<9759.749023, 6.579212, 4409.876953>) as driver
17:49:40.101 [VehicleEngine] Player Captain Chaos [uid=KWl3ojgjStHOe3-iLRChpUG8crsNiNfei3BT6NCIfaw=] started vehicle Land Rover Defender (id=215FE253B2499FAEF5FB248C7EA3CAE5 pos=<9759.749023, 6.579212, 4409.876953>)
17:51:13.156 [VehicleLeave] Player Captain Chaos [uid=KWl3ojgjStHOe3-iLRChpUG8crsNiNfei3BT6NCIfaw=] left vehicle Land Rover Defender (id=215FE253B2499FAEF5FB248C7EA3CAE5 pos=<9687.642578, 34.281277, 4609.909668>)
17:51:49.800 [VehicleCarKey] Player "Captain Chaos" (id=KWl3ojgjStHOe3-iLRChpUG8crsNiNfei3BT6NCIfaw= pos=<9687.963867, 34.296696, 4607.683105>) used the  ExpansionCarKey to lock Expansion_Landrover_Blue (id=215FE253B2499FAEF5FB248C7EA3CAE5 pos=<9687.642578, 34.281273, 4609.909668>)
17:53:25.843 [VehicleCarKey] Player "Captain Chaos" (id=KWl3ojgjStHOe3-iLRChpUG8crsNiNfei3BT6NCIfaw= pos=<9689.524414, 34.350525, 4610.852051>) used the  ExpansionCarKey to unlock Expansion_Landrover_Blue (id=215FE253B2499FAEF5FB248C7EA3CAE5 pos=<9687.642578, 34.281273, 4609.909668>)
17:53:41.695 [VehicleCarKey] Player "Captain Chaos" (id=KWl3ojgjStHOe3-iLRChpUG8crsNiNfei3BT6NCIfaw= pos=<9689.524414, 34.350525, 4610.852051>) used the  ExpansionCarKey to lock Expansion_Landrover_Blue (id=215FE253B2499FAEF5FB248C7EA3CAE5 pos=<9687.642578, 34.281273, 4609.909668>)
17:54:13.132 [Chat - Global]("Dirtydan"(id=eZvdqnhxQZeB4Wvp7ko5cFy79bCUMACrCdUKq6S9F3w=)): cap
17:57:19.109 [Party] Player "Dirtydan" (id=eZvdqnhxQZeB4Wvp7ko5cFy79bCUMACrCdUKq6S9F3w=) left the party "DDD" (id=2 ownerUID=eZvdqnhxQZeB4Wvp7ko5cFy79bCUMACrCdUKq6S9F3w= ownerName=Bluecollarboys)
