00:04:22.585 [Safezone] Player "[Admin] Bunker" (id=mBNlxASsPlOcry0dpDl8K-WgHNR5WMCMmoJ9NhpU4FY= pos=<5649.407715, 29.502878, 5404.665039>) Entered the safezone
00:04:22.596 [AI Patrol] Spawning 3 Shamans bots at <5840.146973, 110.622551, 5903.843262>
00:04:32.760 [AI Patrol] Spawning 3 Temple Patrol bots at <364.578094, 47.070000, 847.129395>
00:04:32.771 [AI Patrol] Spawning 3 Temple Patrol bots at <271.558319, 48.908298, 639.884705>
00:04:32.784 [AI Patrol] Spawning 3 Temple Patrol bots at <437.132019, 44.670532, 790.227661>
00:04:34.807 [VehicleEnter] Player Captain Chaos [uid=KWl3ojgjStHOe3-iLRChpUG8crsNiNfei3BT6NCIfaw=] entered vehicle Land Rover Defender (id=533BA848C641738FEB4C3D9AB1FAD73B pos=<3220.368652, 20.693151, 6462.375977>) as driver
00:04:41.631 [VehicleEngine] Player Captain Chaos [uid=KWl3ojgjStHOe3-iLRChpUG8crsNiNfei3BT6NCIfaw=] started vehicle Land Rover Defender (id=533BA848C641738FEB4C3D9AB1FAD73B pos=<3220.369385, 20.693399, 6462.375977>)
00:05:05.914 [VehicleLeave] Player Captain Chaos [uid=KWl3ojgjStHOe3-iLRChpUG8crsNiNfei3BT6NCIfaw=] left vehicle Land Rover Defender (id=533BA848C641738FEB4C3D9AB1FAD73B pos=<3213.505859, 20.599266, 6478.203125>)
00:05:15.375 [VehicleCarKey] Player "Captain Chaos" (id=KWl3ojgjStHOe3-iLRChpUG8crsNiNfei3BT6NCIfaw= pos=<3211.577881, 20.443556, 6478.478516>) used the  ExpansionCarKey to lock Expansion_Landrover_Blue (id=533BA848C641738FEB4C3D9AB1FAD73B pos=<3213.505615, 20.599264, 6478.203125>)
00:06:10.092 [Party] Player "MaxCaliber" (id=s7vJf2NuCNme1MUM_sgLr2G3yzcxYg10pO0s-GAKExM=) joinded the party "Ragamuffins" (id=24 ownerUID=s7vJf2NuCNme1MUM_sgLr2G3yzcxYg10pO0s-GAKExM= ownerName=MaxCaliber)
00:06:46.380 [VehicleCarKey] Player "MaxCaliber" (id=s7vJf2NuCNme1MUM_sgLr2G3yzcxYg10pO0s-GAKExM= pos=<3219.869873, 20.442499, 6478.177246>) used the  ExpansionCarKey to unlock NivaPickup_kamo (id=3CE0A777B548C8549ABFC3AE1D142E99 pos=<3217.033691, 20.483389, 6476.348145>)
00:06:55.623 [VehicleEnter] Player MaxCaliber [uid=s7vJf2NuCNme1MUM_sgLr2G3yzcxYg10pO0s-GAKExM=] entered vehicle NivaPickup Camo (id=3CE0A777B548C8549ABFC3AE1D142E99 pos=<3217.034912, 20.483393, 6476.348145>) as driver
00:06:55.759 [ATM] Player "[Admin] Bunker" (id=mBNlxASsPlOcry0dpDl8K-WgHNR5WMCMmoJ9NhpU4FY=) has deposited 638172 on his ATM account.
00:07:44.197 [VehicleLeave] Player MaxCaliber [uid=s7vJf2NuCNme1MUM_sgLr2G3yzcxYg10pO0s-GAKExM=] left vehicle NivaPickup Camo (id=3CE0A777B548C8549ABFC3AE1D142E99 pos=<3217.032715, 20.483389, 6476.348145>)
00:08:56.033 [VehicleEnter] Player MaxCaliber [uid=s7vJf2NuCNme1MUM_sgLr2G3yzcxYg10pO0s-GAKExM=] entered vehicle NivaPickup Camo (id=3CE0A777B548C8549ABFC3AE1D142E99 pos=<3217.036377, 20.483393, 6476.348145>) as driver
00:08:59.666 [Safezone] Player "[Admin] Bunker" (id=mBNlxASsPlOcry0dpDl8K-WgHNR5WMCMmoJ9NhpU4FY= pos=<3230.479736, 15.088302, 7570.617188>) Left the safezone
00:09:03.971 [VehicleEnter] Player [Admin] Bunker [uid=mBNlxASsPlOcry0dpDl8K-WgHNR5WMCMmoJ9NhpU4FY=] entered vehicle ToyotaHilux Red (id=88B38C25D14C606C3657178971502ECC pos=<3232.293701, 15.111885, 7571.873047>) as driver
00:09:11.699 [VehicleEngine] Player [Admin] Bunker [uid=mBNlxASsPlOcry0dpDl8K-WgHNR5WMCMmoJ9NhpU4FY=] started vehicle ToyotaHilux Red (id=88B38C25D14C606C3657178971502ECC pos=<3232.296143, 15.111959, 7571.873047>)
00:09:12.762 [VehicleEnter] Player Captain Chaos [uid=KWl3ojgjStHOe3-iLRChpUG8crsNiNfei3BT6NCIfaw=] entered vehicle NivaPickup Camo (id=3CE0A777B548C8549ABFC3AE1D142E99 pos=<3217.035400, 20.483391, 6476.348633>) as passenger
00:09:16.410 [VehicleEngine] Player MaxCaliber [uid=s7vJf2NuCNme1MUM_sgLr2G3yzcxYg10pO0s-GAKExM=] started vehicle NivaPickup Camo (id=3CE0A777B548C8549ABFC3AE1D142E99 pos=<3217.033203, 20.483385, 6476.348633>)
00:10:17.497 [AI Patrol] Spawning 3 RCFI Patrol bots at <3724.407715, 11.336743, 8698.450195>
00:11:51.126 [AI Patrol] Spawning 3 Old Town Police Patrol bots at <1893.554932, 9.190000, 8901.263672>
00:12:13.614 [VehicleEngine] Player MaxCaliber [uid=s7vJf2NuCNme1MUM_sgLr2G3yzcxYg10pO0s-GAKExM=] stopped vehicle NivaPickup Camo (id=3CE0A777B548C8549ABFC3AE1D142E99 pos=<2541.804688, 3.248503, 7969.050781>)
00:12:17.770 [VehicleLeave] Player MaxCaliber [uid=s7vJf2NuCNme1MUM_sgLr2G3yzcxYg10pO0s-GAKExM=] left vehicle NivaPickup Camo (id=3CE0A777B548C8549ABFC3AE1D142E99 pos=<2541.804688, 3.248513, 7969.050781>)
00:12:24.394 [VehicleLeave] Player Captain Chaos [uid=KWl3ojgjStHOe3-iLRChpUG8crsNiNfei3BT6NCIfaw=] left vehicle NivaPickup Camo (id=3CE0A777B548C8549ABFC3AE1D142E99 pos=<2541.804688, 3.248593, 7969.047852>)
00:12:42.840 [VehicleCover] Player "MaxCaliber" (id=s7vJf2NuCNme1MUM_sgLr2G3yzcxYg10pO0s-GAKExM= pos=<2522.512451, 3.612499, 7953.869141>) uncovered vehicle "Chevrolet_Camaro_Egor" (GlobalID=8000000080000000800000008000BF50 pos=<2521.085205, 3.594187, 7949.860352>)!
00:12:49.398 [VehicleCarKey] Player "MaxCaliber" (id=s7vJf2NuCNme1MUM_sgLr2G3yzcxYg10pO0s-GAKExM= pos=<2523.295410, 3.614675, 7952.270996>) used the  ExpansionCarKey to unlock Chevrolet_Camaro_Egor (id=EC9EE578DE42CFF7F1AD529B8759D5E4 pos=<2521.087402, 3.594205, 7949.859375>)
00:13:19.301 [VehicleLeave] Player [Admin] Bunker [uid=mBNlxASsPlOcry0dpDl8K-WgHNR5WMCMmoJ9NhpU4FY=] left vehicle ToyotaHilux Red (id=88B38C25D14C606C3657178971502ECC pos=<2082.237305, 9.216902, 9074.973633>)
00:13:25.314 [VehicleDeleted] ToyotaHilux_red (id=88B38C25D14C606C3657178971502ECC pos=<2082.236572, 9.216891, 9074.973633>)
00:13:47.568 [VehicleEnter] Player MaxCaliber [uid=s7vJf2NuCNme1MUM_sgLr2G3yzcxYg10pO0s-GAKExM=] entered vehicle STR_Camaro_Egor_name (id=EC9EE578DE42CFF7F1AD529B8759D5E4 pos=<2521.087646, 3.594177, 7949.859375>) as driver
00:13:47.704 [VehicleEnter] Player Captain Chaos [uid=KWl3ojgjStHOe3-iLRChpUG8crsNiNfei3BT6NCIfaw=] entered vehicle NivaPickup Camo (id=3CE0A777B548C8549ABFC3AE1D142E99 pos=<2541.805420, 3.248606, 7969.046875>) as driver
00:13:50.498 [VehicleEngine] Player MaxCaliber [uid=s7vJf2NuCNme1MUM_sgLr2G3yzcxYg10pO0s-GAKExM=] started vehicle STR_Camaro_Egor_name (id=EC9EE578DE42CFF7F1AD529B8759D5E4 pos=<2521.086426, 3.594180, 7949.859375>)
00:13:51.140 [VehicleEngine] Player Captain Chaos [uid=KWl3ojgjStHOe3-iLRChpUG8crsNiNfei3BT6NCIfaw=] started vehicle NivaPickup Camo (id=3CE0A777B548C8549ABFC3AE1D142E99 pos=<2541.805420, 3.248683, 7969.043945>)
00:15:24.181 [VehicleEnter] Player [Admin] Bunker [uid=mBNlxASsPlOcry0dpDl8K-WgHNR5WMCMmoJ9NhpU4FY=] entered vehicle Jeep Wrangler (id=D84FEBEA164C89A6DC73A1B0E8FE290A pos=<13579.150391, 29.031656, 6372.754883>) as driver
00:15:29.382 [VehicleEngine] Player [Admin] Bunker [uid=mBNlxASsPlOcry0dpDl8K-WgHNR5WMCMmoJ9NhpU4FY=] started vehicle Jeep Wrangler (id=D84FEBEA164C89A6DC73A1B0E8FE290A pos=<13579.150391, 29.031656, 6372.754883>)
00:15:33.220 [AI Patrol] Spawning 1 Shamans bots at <2963.949219, 12.917773, 6564.375977>
00:17:36.918 [VehicleLeave] Player Captain Chaos [uid=KWl3ojgjStHOe3-iLRChpUG8crsNiNfei3BT6NCIfaw=] left vehicle NivaPickup Camo (id=3CE0A777B548C8549ABFC3AE1D142E99 pos=<3214.278564, 20.684090, 6485.387207>)
00:17:43.953 [VehicleEngine] Player MaxCaliber [uid=s7vJf2NuCNme1MUM_sgLr2G3yzcxYg10pO0s-GAKExM=] stopped vehicle STR_Camaro_Egor_name (id=EC9EE578DE42CFF7F1AD529B8759D5E4 pos=<3344.521973, 20.557135, 6456.221191>)
00:17:48.341 [VehicleLeave] Player MaxCaliber [uid=s7vJf2NuCNme1MUM_sgLr2G3yzcxYg10pO0s-GAKExM=] left vehicle STR_Camaro_Egor_name (id=EC9EE578DE42CFF7F1AD529B8759D5E4 pos=<3344.522461, 20.556616, 6456.222168>)
00:18:01.564 [VehicleCarKey] Player "MaxCaliber" (id=s7vJf2NuCNme1MUM_sgLr2G3yzcxYg10pO0s-GAKExM= pos=<3341.266357, 20.442499, 6457.194336>) used the  ExpansionCarKey to lock Chevrolet_Camaro_Egor (id=EC9EE578DE42CFF7F1AD529B8759D5E4 pos=<3344.521729, 20.556767, 6456.220215>)
00:18:16.595 [VehicleDeleted] Chevrolet_Camaro_Egor (id=EC9EE578DE42CFF7F1AD529B8759D5E4 pos=<3344.521729, 20.556767, 6456.220215>)
00:18:16.596 [VehicleCover] Player "MaxCaliber" (id=s7vJf2NuCNme1MUM_sgLr2G3yzcxYg10pO0s-GAKExM= pos=<3340.844727, 20.641670, 6456.195801>) covered vehicle "Chevrolet_Camaro_Egor" (GlobalID=8000000080000000800000008000BF50 pos=<3344.521729, 20.556767, 6456.220215>)!
00:18:17.692 [VehicleCarKey] Player "Captain Chaos" (id=KWl3ojgjStHOe3-iLRChpUG8crsNiNfei3BT6NCIfaw= pos=<3215.169678, 20.628948, 6479.568848>) used the  ExpansionCarKey to unlock Expansion_Landrover_Blue (id=533BA848C641738FEB4C3D9AB1FAD73B pos=<3213.505615, 20.599264, 6478.203125>)
00:18:28.694 [MissionAirdrop] An airdrop is heading towards "Oldfield" (pos=<6117.000000, 0.000000, 7004.000000> type=Random_Oldfield) with a ExpansionAirdropContainer_Basebuilding
00:18:29.052 [VehicleAttachments] Player Captain Chaos (uid=KWl3ojgjStHOe3-iLRChpUG8crsNiNfei3BT6NCIfaw=) detached Car Radiator (type=CarRadiator) from vehicle Land Rover Defender(id=533BA848C641738FEB4C3D9AB1FAD73B pos=<3213.505615, 20.599264, 6478.203125>)
00:19:06.473 [Party] Player "Dirtydan" (id=eZvdqnhxQZeB4Wvp7ko5cFy79bCUMACrCdUKq6S9F3w=) joinded the party "Dirty Crew" (id=23 ownerUID=VsEWQWxzvcTpDLQgc9tVyxq5TiqDS9O3QehdBa_YkH8= ownerName=Condom Breath)
00:19:58.408 [AI Patrol] Spawning 3 Crater Patrol bots at <13145.489258, 21.619085, 4284.366699>
00:20:31.906 [VehicleEnter] Player MaxCaliber [uid=s7vJf2NuCNme1MUM_sgLr2G3yzcxYg10pO0s-GAKExM=] entered vehicle NivaPickup Camo (id=3CE0A777B548C8549ABFC3AE1D142E99 pos=<3214.277100, 20.684090, 6485.387207>) as driver
00:20:44.253 [VehicleEngine] Player MaxCaliber [uid=s7vJf2NuCNme1MUM_sgLr2G3yzcxYg10pO0s-GAKExM=] started vehicle NivaPickup Camo (id=3CE0A777B548C8549ABFC3AE1D142E99 pos=<3214.277344, 20.684090, 6485.387207>)
00:21:07.094 [AI Patrol] Spawning 3 Crater Patrol bots at <12626.345703, 14.239414, 3561.226563>
00:21:15.937 [Party] Player "Dirtydan" (id=eZvdqnhxQZeB4Wvp7ko5cFy79bCUMACrCdUKq6S9F3w=) left the party "Dirty Crew" (id=23 ownerUID=VsEWQWxzvcTpDLQgc9tVyxq5TiqDS9O3QehdBa_YkH8= ownerName=Condom Breath)
00:21:17.291 [VehicleLeave] Player [Admin] Bunker [uid=mBNlxASsPlOcry0dpDl8K-WgHNR5WMCMmoJ9NhpU4FY=] left vehicle Jeep Wrangler (id=D84FEBEA164C89A6DC73A1B0E8FE290A pos=<13135.836914, 21.408203, 4273.673340>)
00:21:42.596 [VehicleCarKey] Player "Captain Chaos" (id=KWl3ojgjStHOe3-iLRChpUG8crsNiNfei3BT6NCIfaw= pos=<3212.351074, 20.630827, 6479.887207>) used the  ExpansionCarKey to lock Expansion_Landrover_Blue (id=533BA848C641738FEB4C3D9AB1FAD73B pos=<3213.505615, 20.599264, 6478.203125>)
00:23:03.312 [AI Patrol] Spawning 3 Paris Island Patrol bots at <3147.844238, 22.450001, 4015.783691>
00:24:55.191 [VehicleEngine] Player MaxCaliber [uid=s7vJf2NuCNme1MUM_sgLr2G3yzcxYg10pO0s-GAKExM=] stopped vehicle NivaPickup Camo (id=3CE0A777B548C8549ABFC3AE1D142E99 pos=<4634.790527, 20.003691, 4506.332031>)
00:24:58.626 [VehicleLeave] Player MaxCaliber [uid=s7vJf2NuCNme1MUM_sgLr2G3yzcxYg10pO0s-GAKExM=] left vehicle NivaPickup Camo (id=3CE0A777B548C8549ABFC3AE1D142E99 pos=<4634.790527, 20.003695, 4506.332031>)
00:26:04.494 [VehicleEnter] Player MaxCaliber [uid=s7vJf2NuCNme1MUM_sgLr2G3yzcxYg10pO0s-GAKExM=] entered vehicle NivaPickup Camo (id=3CE0A777B548C8549ABFC3AE1D142E99 pos=<4634.784668, 20.003698, 4506.332520>) as driver
00:26:06.777 [VehicleEngine] Player MaxCaliber [uid=s7vJf2NuCNme1MUM_sgLr2G3yzcxYg10pO0s-GAKExM=] started vehicle NivaPickup Camo (id=3CE0A777B548C8549ABFC3AE1D142E99 pos=<4634.786621, 20.003698, 4506.332520>)
00:26:51.965 [VehicleEnter] Player (ADMIN)BLUE [uid=OAdpPkJP2Ps_W7h2ttR1bK23ekHCzrxw0mDT3zqLMdU=] entered vehicle UH-1H (id=B6FAB1F55C4824ED115248A9E03B7DF6 pos=<13541.625977, 6.230424, 9548.193359>) as passenger
00:26:57.035 [VehicleLeave] Player (ADMIN)BLUE [uid=OAdpPkJP2Ps_W7h2ttR1bK23ekHCzrxw0mDT3zqLMdU=] left vehicle UH-1H (id=B6FAB1F55C4824ED115248A9E03B7DF6 pos=<13541.625977, 6.230424, 9548.193359>)
00:27:01.198 [VehicleEnter] Player (ADMIN)BLUE [uid=OAdpPkJP2Ps_W7h2ttR1bK23ekHCzrxw0mDT3zqLMdU=] entered vehicle UH-1H (id=B6FAB1F55C4824ED115248A9E03B7DF6 pos=<13541.625977, 6.230424, 9548.193359>) as passenger
00:27:23.503 [VehicleLeave] Player (ADMIN)BLUE [uid=OAdpPkJP2Ps_W7h2ttR1bK23ekHCzrxw0mDT3zqLMdU=] left vehicle UH-1H (id=B6FAB1F55C4824ED115248A9E03B7DF6 pos=<13541.625977, 6.230424, 9548.193359>)
00:27:46.862 [VehicleEnter] Player (ADMIN)BLUE [uid=OAdpPkJP2Ps_W7h2ttR1bK23ekHCzrxw0mDT3zqLMdU=] entered vehicle UH-1H (id=B6FAB1F55C4824ED115248A9E03B7DF6 pos=<13541.625977, 6.230424, 9548.193359>) as passenger
00:28:34.895 [VehicleEngine] Player MaxCaliber [uid=s7vJf2NuCNme1MUM_sgLr2G3yzcxYg10pO0s-GAKExM=] stopped vehicle NivaPickup Camo (id=3CE0A777B548C8549ABFC3AE1D142E99 pos=<5681.274414, 12.965405, 5054.149902>)
00:28:38.726 [VehicleLeave] Player MaxCaliber [uid=s7vJf2NuCNme1MUM_sgLr2G3yzcxYg10pO0s-GAKExM=] left vehicle NivaPickup Camo (id=3CE0A777B548C8549ABFC3AE1D142E99 pos=<5681.273438, 12.965410, 5054.150391>)
00:29:05.458 [VehicleEnter] Player MaxCaliber [uid=s7vJf2NuCNme1MUM_sgLr2G3yzcxYg10pO0s-GAKExM=] entered vehicle NivaPickup Camo (id=3CE0A777B548C8549ABFC3AE1D142E99 pos=<5681.271973, 12.965410, 5054.151367>) as driver
00:29:08.184 [VehicleEngine] Player MaxCaliber [uid=s7vJf2NuCNme1MUM_sgLr2G3yzcxYg10pO0s-GAKExM=] started vehicle NivaPickup Camo (id=3CE0A777B548C8549ABFC3AE1D142E99 pos=<5681.273926, 12.965405, 5054.148926>)
00:29:56.442 [Safezone] Player "MaxCaliber" (id=s7vJf2NuCNme1MUM_sgLr2G3yzcxYg10pO0s-GAKExM= pos=<5672.493164, 33.342159, 5260.829102>) Entered the safezone
00:30:16.701 [VehicleEngine] Player MaxCaliber [uid=s7vJf2NuCNme1MUM_sgLr2G3yzcxYg10pO0s-GAKExM=] stopped vehicle NivaPickup Camo (id=3CE0A777B548C8549ABFC3AE1D142E99 pos=<5603.070801, 28.767677, 5358.906250>)
00:30:20.648 [VehicleLeave] Player MaxCaliber [uid=s7vJf2NuCNme1MUM_sgLr2G3yzcxYg10pO0s-GAKExM=] left vehicle NivaPickup Camo (id=3CE0A777B548C8549ABFC3AE1D142E99 pos=<5603.070801, 28.767677, 5358.906250>)
00:31:02.336 [VehicleEnter] Player MaxCaliber [uid=s7vJf2NuCNme1MUM_sgLr2G3yzcxYg10pO0s-GAKExM=] entered vehicle NivaPickup Camo (id=3CE0A777B548C8549ABFC3AE1D142E99 pos=<5603.072266, 28.767683, 5358.906738>) as driver
00:31:04.007 [Party] Player "Condom Breath" (id=VsEWQWxzvcTpDLQgc9tVyxq5TiqDS9O3QehdBa_YkH8=) joinded the party "Dirty Crew" (id=23 ownerUID=VsEWQWxzvcTpDLQgc9tVyxq5TiqDS9O3QehdBa_YkH8= ownerName=Condom Breath)
00:31:05.240 [VehicleEngine] Player MaxCaliber [uid=s7vJf2NuCNme1MUM_sgLr2G3yzcxYg10pO0s-GAKExM=] started vehicle NivaPickup Camo (id=3CE0A777B548C8549ABFC3AE1D142E99 pos=<5603.072266, 28.767683, 5358.906738>)
00:31:33.113 [VehicleEngine] Player MaxCaliber [uid=s7vJf2NuCNme1MUM_sgLr2G3yzcxYg10pO0s-GAKExM=] stopped vehicle NivaPickup Camo (id=3CE0A777B548C8549ABFC3AE1D142E99 pos=<5644.031738, 27.986341, 5432.361816>)
00:31:36.725 [VehicleLeave] Player MaxCaliber [uid=s7vJf2NuCNme1MUM_sgLr2G3yzcxYg10pO0s-GAKExM=] left vehicle NivaPickup Camo (id=3CE0A777B548C8549ABFC3AE1D142E99 pos=<5644.069336, 27.987852, 5432.361328>)
00:31:45.232 [VehicleCarKey] Player "MaxCaliber" (id=s7vJf2NuCNme1MUM_sgLr2G3yzcxYg10pO0s-GAKExM= pos=<5642.094727, 27.869041, 5432.433594>) used the  ExpansionCarKey to lock NivaPickup_kamo (id=3CE0A777B548C8549ABFC3AE1D142E99 pos=<5644.072754, 27.987894, 5432.361328>)
00:31:51.920 [Party] Player "Dirtydan" (id=eZvdqnhxQZeB4Wvp7ko5cFy79bCUMACrCdUKq6S9F3w=) joinded the party "Dirty Crew" (id=23 ownerUID=VsEWQWxzvcTpDLQgc9tVyxq5TiqDS9O3QehdBa_YkH8= ownerName=Condom Breath)
00:32:06.756 [Market] Player "MaxCaliber" (id=s7vJf2NuCNme1MUM_sgLr2G3yzcxYg10pO0s-GAKExM=) has send a requested to sell expansion_mp5 x1 at the trader "Weapons (Oliver [#STR_EXPANSION_MARKET_TRADER_WEAPONS])" in market zone "The Holler" (pos=<5632.000000, 32.000000, 5392.000000>).
00:32:06.883 [Market] Player "MaxCaliber" (id=s7vJf2NuCNme1MUM_sgLr2G3yzcxYg10pO0s-GAKExM=) has sold expansion_mp5 x1 at the trader "Weapons (Oliver [#STR_EXPANSION_MARKET_TRADER_WEAPONS])" in market zone "The Holler" (pos=<5632.000000, 32.000000, 5392.000000>) and got 2713.
00:32:08.590 [Market] Player "MaxCaliber" (id=s7vJf2NuCNme1MUM_sgLr2G3yzcxYg10pO0s-GAKExM=) has send a requested to sell expansion_mpx x1 at the trader "Weapons (Oliver [#STR_EXPANSION_MARKET_TRADER_WEAPONS])" in market zone "The Holler" (pos=<5632.000000, 32.000000, 5392.000000>).
00:32:08.759 [Market] Player "MaxCaliber" (id=s7vJf2NuCNme1MUM_sgLr2G3yzcxYg10pO0s-GAKExM=) has sold expansion_mpx x1 at the trader "Weapons (Oliver [#STR_EXPANSION_MARKET_TRADER_WEAPONS])" in market zone "The Holler" (pos=<5632.000000, 32.000000, 5392.000000>) and got 2915.
00:32:12.357 [VehicleEnter] Player Dirtydan [uid=eZvdqnhxQZeB4Wvp7ko5cFy79bCUMACrCdUKq6S9F3w=] entered vehicle UH-1H (id=B6FAB1F55C4824ED115248A9E03B7DF6 pos=<13455.748047, 13.012859, 9958.761719>) as pilot
00:32:15.751 [Market] Player "MaxCaliber" (id=s7vJf2NuCNme1MUM_sgLr2G3yzcxYg10pO0s-GAKExM=) has send a requested to sell twp_machete_brazil x1 at the trader "Weapons (Oliver [#STR_EXPANSION_MARKET_TRADER_WEAPONS])" in market zone "The Holler" (pos=<5632.000000, 32.000000, 5392.000000>).
00:32:15.919 [Market] Player "MaxCaliber" (id=s7vJf2NuCNme1MUM_sgLr2G3yzcxYg10pO0s-GAKExM=) has sold twp_machete_brazil x1 at the trader "Weapons (Oliver [#STR_EXPANSION_MARKET_TRADER_WEAPONS])" in market zone "The Holler" (pos=<5632.000000, 32.000000, 5392.000000>) and got 1012.
00:32:20.721 [VehicleLeave] Player Dirtydan [uid=eZvdqnhxQZeB4Wvp7ko5cFy79bCUMACrCdUKq6S9F3w=] left vehicle UH-1H (id=B6FAB1F55C4824ED115248A9E03B7DF6 pos=<13455.753906, 13.026948, 9958.754883>)
00:32:22.353 [Market] Player "MaxCaliber" (id=s7vJf2NuCNme1MUM_sgLr2G3yzcxYg10pO0s-GAKExM=) has send a requested to sell ammobox_762x39_20rnd x1 at the trader "Weapons (Oliver [#STR_EXPANSION_MARKET_TRADER_WEAPONS])" in market zone "The Holler" (pos=<5632.000000, 32.000000, 5392.000000>).
00:32:22.473 [Market] Player "MaxCaliber" (id=s7vJf2NuCNme1MUM_sgLr2G3yzcxYg10pO0s-GAKExM=) has sold ammobox_762x39_20rnd x1 at the trader "Weapons (Oliver [#STR_EXPANSION_MARKET_TRADER_WEAPONS])" in market zone "The Holler" (pos=<5632.000000, 32.000000, 5392.000000>) and got 24.
00:34:28.687 [Safezone] Player "MaxCaliber" (id=s7vJf2NuCNme1MUM_sgLr2G3yzcxYg10pO0s-GAKExM= pos=<5489.743652, 10.019597, 5504.367188>) Left the safezone
00:34:50.655 [Chat - Global]("Dirtydan"(id=eZvdqnhxQZeB4Wvp7ko5cFy79bCUMACrCdUKq6S9F3w=)): cap where are you at
00:42:29.345 [VehicleEnter] Player Dirtydan [uid=eZvdqnhxQZeB4Wvp7ko5cFy79bCUMACrCdUKq6S9F3w=] entered vehicle UH-1H (id=B6FAB1F55C4824ED115248A9E03B7DF6 pos=<13455.753906, 13.027173, 9958.753906>) as pilot
00:42:32.894 [Party] Player "MaxCaliber" (id=s7vJf2NuCNme1MUM_sgLr2G3yzcxYg10pO0s-GAKExM=) left the party "Ragamuffins" (id=24 ownerUID=s7vJf2NuCNme1MUM_sgLr2G3yzcxYg10pO0s-GAKExM= ownerName=MaxCaliber)
00:42:32.912 [VehicleLeave] Player Dirtydan [uid=eZvdqnhxQZeB4Wvp7ko5cFy79bCUMACrCdUKq6S9F3w=] left vehicle UH-1H (id=B6FAB1F55C4824ED115248A9E03B7DF6 pos=<13455.753906, 13.027162, 9958.753906>)
00:43:14.631 [Party] Player "MaxCaliber" (id=s7vJf2NuCNme1MUM_sgLr2G3yzcxYg10pO0s-GAKExM=) joinded the party "Ragamuffins" (id=24 ownerUID=s7vJf2NuCNme1MUM_sgLr2G3yzcxYg10pO0s-GAKExM= ownerName=MaxCaliber)
00:44:32.263 [Party] Player "MaxCaliber" (id=s7vJf2NuCNme1MUM_sgLr2G3yzcxYg10pO0s-GAKExM=) left the party "Ragamuffins" (id=24 ownerUID=s7vJf2NuCNme1MUM_sgLr2G3yzcxYg10pO0s-GAKExM= ownerName=MaxCaliber)
00:44:46.470 [AI Patrol] Spawning 3 Area 42 Patrol bots at <13531.616211, 12.910000, 9931.910156>
00:45:23.696 [Party] Player "MaxCaliber" (id=s7vJf2NuCNme1MUM_sgLr2G3yzcxYg10pO0s-GAKExM=) joinded the party "Ragamuffins" (id=24 ownerUID=s7vJf2NuCNme1MUM_sgLr2G3yzcxYg10pO0s-GAKExM= ownerName=MaxCaliber)
00:47:33.590 [VehicleCarKey] Player "Captain Chaos" (id=KWl3ojgjStHOe3-iLRChpUG8crsNiNfei3BT6NCIfaw= pos=<3212.033691, 20.562134, 6480.020996>) used the  ExpansionCarKey to unlock Expansion_Landrover_Blue (id=533BA848C641738FEB4C3D9AB1FAD73B pos=<3213.505615, 20.599264, 6478.203125>)
00:47:40.754 [VehicleEnter] Player Captain Chaos [uid=KWl3ojgjStHOe3-iLRChpUG8crsNiNfei3BT6NCIfaw=] entered vehicle Land Rover Defender (id=533BA848C641738FEB4C3D9AB1FAD73B pos=<3213.505615, 20.599266, 6478.203125>) as driver
00:47:45.109 [VehicleEngine] Player Captain Chaos [uid=KWl3ojgjStHOe3-iLRChpUG8crsNiNfei3BT6NCIfaw=] started vehicle Land Rover Defender (id=533BA848C641738FEB4C3D9AB1FAD73B pos=<3213.505615, 20.599264, 6478.203125>)
00:48:40.398 [VehicleCarKey] Player "Dirtydan" (id=eZvdqnhxQZeB4Wvp7ko5cFy79bCUMACrCdUKq6S9F3w= pos=<12424.815430, 6.535222, 9935.152344>) used the  ExpansionCarKey to unlock ToyotaHilux_kamo2 (id=3BEB503F9349C7803A79E5A4FE89375E pos=<12424.115234, 6.539953, 9933.534180>)
00:48:52.993 [VehicleEnter] Player Dirtydan [uid=eZvdqnhxQZeB4Wvp7ko5cFy79bCUMACrCdUKq6S9F3w=] entered vehicle ToyotaHilux Camo2 (id=3BEB503F9349C7803A79E5A4FE89375E pos=<12424.115234, 6.539960, 9933.533203>) as driver
00:48:55.344 [VehicleEngine] Player Dirtydan [uid=eZvdqnhxQZeB4Wvp7ko5cFy79bCUMACrCdUKq6S9F3w=] started vehicle ToyotaHilux Camo2 (id=3BEB503F9349C7803A79E5A4FE89375E pos=<12424.115234, 6.539961, 9933.533203>)
00:48:55.360 [VehicleEnter] Player Condom Breath [uid=VsEWQWxzvcTpDLQgc9tVyxq5TiqDS9O3QehdBa_YkH8=] entered vehicle ToyotaHilux Camo2 (id=3BEB503F9349C7803A79E5A4FE89375E pos=<12424.115234, 6.539956, 9933.532227>) as passenger
00:51:36.006 [VehicleLeave] Player Condom Breath [uid=VsEWQWxzvcTpDLQgc9tVyxq5TiqDS9O3QehdBa_YkH8=] left vehicle ToyotaHilux Camo2 (id=3BEB503F9349C7803A79E5A4FE89375E pos=<10885.781250, 5.384760, 10386.336914>)
00:51:44.098 [VehicleEnter] Player Condom Breath [uid=VsEWQWxzvcTpDLQgc9tVyxq5TiqDS9O3QehdBa_YkH8=] entered vehicle ToyotaHilux Camo2 (id=3BEB503F9349C7803A79E5A4FE89375E pos=<10885.091797, 5.385596, 10387.953125>) as passenger
00:54:18.967 [VehicleCover] Player "MaxCaliber" (id=s7vJf2NuCNme1MUM_sgLr2G3yzcxYg10pO0s-GAKExM= pos=<3342.646729, 20.740126, 6453.736816>) uncovered vehicle "Chevrolet_Camaro_Egor" (GlobalID=8000000080000000800000008000BF50 pos=<3344.521729, 20.556767, 6456.220215>)!
00:54:25.103 [VehicleCarKey] Player "MaxCaliber" (id=s7vJf2NuCNme1MUM_sgLr2G3yzcxYg10pO0s-GAKExM= pos=<3341.385742, 20.663528, 6455.655762>) used the  ExpansionCarKey to unlock Chevrolet_Camaro_Egor (id=79453C256B4685C7C0E698BB190A5FF0 pos=<3344.526611, 20.556395, 6456.221680>)
00:55:15.341 [VehicleLeave] Player Captain Chaos [uid=KWl3ojgjStHOe3-iLRChpUG8crsNiNfei3BT6NCIfaw=] left vehicle Land Rover Defender (id=533BA848C641738FEB4C3D9AB1FAD73B pos=<4646.987793, 19.117785, 4484.337402>)
00:55:24.826 [VehicleLeave] Player Condom Breath [uid=VsEWQWxzvcTpDLQgc9tVyxq5TiqDS9O3QehdBa_YkH8=] left vehicle ToyotaHilux Camo2 (id=3BEB503F9349C7803A79E5A4FE89375E pos=<8834.046875, 5.036652, 8628.636719>)
00:55:35.751 [VehicleEnter] Player MaxCaliber [uid=s7vJf2NuCNme1MUM_sgLr2G3yzcxYg10pO0s-GAKExM=] entered vehicle STR_Camaro_Egor_name (id=79453C256B4685C7C0E698BB190A5FF0 pos=<3344.526123, 20.556295, 6456.222168>) as driver
00:55:38.500 [VehicleEngine] Player MaxCaliber [uid=s7vJf2NuCNme1MUM_sgLr2G3yzcxYg10pO0s-GAKExM=] started vehicle STR_Camaro_Egor_name (id=79453C256B4685C7C0E698BB190A5FF0 pos=<3344.526123, 20.556093, 6456.221191>)
00:56:09.668 [VehicleEnter] Player Captain Chaos [uid=KWl3ojgjStHOe3-iLRChpUG8crsNiNfei3BT6NCIfaw=] entered vehicle Land Rover Defender (id=533BA848C641738FEB4C3D9AB1FAD73B pos=<4646.987793, 19.118364, 4484.336914>) as driver
00:56:12.571 [VehicleEngine] Player Captain Chaos [uid=KWl3ojgjStHOe3-iLRChpUG8crsNiNfei3BT6NCIfaw=] started vehicle Land Rover Defender (id=533BA848C641738FEB4C3D9AB1FAD73B pos=<4646.987793, 19.118364, 4484.337402>)
00:56:37.243 [AI Patrol] Spawning 3 Power Plant Patrol bots at <4713.515625, 20.430000, 6974.173828>
00:57:13.446 [VehicleEnter] Player Condom Breath [uid=VsEWQWxzvcTpDLQgc9tVyxq5TiqDS9O3QehdBa_YkH8=] entered vehicle M3S Covered (id=11C9BAA541463FBBA6B2FBB41A2948D7 pos=<8840.686523, 5.104083, 8640.407227>) as driver
00:57:16.116 [VehicleEngine] Player Condom Breath [uid=VsEWQWxzvcTpDLQgc9tVyxq5TiqDS9O3QehdBa_YkH8=] started vehicle M3S Covered (id=11C9BAA541463FBBA6B2FBB41A2948D7 pos=<8840.686523, 5.104074, 8640.407227>)
00:59:13.837 [Safezone] Player "MaxCaliber" (id=s7vJf2NuCNme1MUM_sgLr2G3yzcxYg10pO0s-GAKExM= pos=<5661.158203, 29.413710, 5525.428711>) Entered the safezone
00:59:29.899 [VehicleEngine] Player MaxCaliber [uid=s7vJf2NuCNme1MUM_sgLr2G3yzcxYg10pO0s-GAKExM=] stopped vehicle STR_Camaro_Egor_name (id=79453C256B4685C7C0E698BB190A5FF0 pos=<5629.833984, 28.670120, 5421.026367>)
00:59:33.264 [VehicleLeave] Player MaxCaliber [uid=s7vJf2NuCNme1MUM_sgLr2G3yzcxYg10pO0s-GAKExM=] left vehicle STR_Camaro_Egor_name (id=79453C256B4685C7C0E698BB190A5FF0 pos=<5629.833496, 28.670115, 5421.026855>)
00:59:38.122 [VehicleCarKey] Player "MaxCaliber" (id=s7vJf2NuCNme1MUM_sgLr2G3yzcxYg10pO0s-GAKExM= pos=<5631.503418, 28.716732, 5420.245117>) used the  ExpansionCarKey to lock Chevrolet_Camaro_Egor (id=79453C256B4685C7C0E698BB190A5FF0 pos=<5629.834961, 28.670143, 5421.025391>)
00:59:49.589 [ATM] Player "MaxCaliber" (id=s7vJf2NuCNme1MUM_sgLr2G3yzcxYg10pO0s-GAKExM=) has deposited 6664 on his ATM account.
00:59:50.827 [ATM] Player "MaxCaliber" (id=s7vJf2NuCNme1MUM_sgLr2G3yzcxYg10pO0s-GAKExM=) has withdrawn 63098 from his ATM account.
01:00:40.381 [Market] Player "MaxCaliber" (id=s7vJf2NuCNme1MUM_sgLr2G3yzcxYg10pO0s-GAKExM=) has send a requested to purchase twp_p90shallow_grave x1 from the trader "Weapons (Oliver [#STR_EXPANSION_MARKET_TRADER_WEAPONS])" in market zone "The Holler" (pos=<5632.000000, 32.000000, 5392.000000>).
01:00:40.511 [Market] Player "MaxCaliber" (id=s7vJf2NuCNme1MUM_sgLr2G3yzcxYg10pO0s-GAKExM=) has bought twp_p90shallow_grave x1 from the trader "Weapons (Oliver [#STR_EXPANSION_MARKET_TRADER_WEAPONS])" in market zone "The Holler" (pos=<5632.000000, 32.000000, 5392.000000>) for a price of 20850.
01:00:51.744 [VehicleEnter] Player Captain Chaos [uid=KWl3ojgjStHOe3-iLRChpUG8crsNiNfei3BT6NCIfaw=] entered vehicle Land Rover Defender (id=533BA848C641738FEB4C3D9AB1FAD73B pos=<5296.541016, 8.376048, 4573.436523>) as passenger
01:01:00.301 [VehicleEnter] Player Captain Chaos [uid=KWl3ojgjStHOe3-iLRChpUG8crsNiNfei3BT6NCIfaw=] switched seats in vehicle Land Rover Defender (id=533BA848C641738FEB4C3D9AB1FAD73B pos=<5296.541016, 8.376048, 4573.436523>) to driver
01:01:03.961 [VehicleEngine] Player Captain Chaos [uid=KWl3ojgjStHOe3-iLRChpUG8crsNiNfei3BT6NCIfaw=] started vehicle Land Rover Defender (id=533BA848C641738FEB4C3D9AB1FAD73B pos=<5296.541016, 8.376031, 4573.436523>)
01:01:27.910 [Market] Player "MaxCaliber" (id=s7vJf2NuCNme1MUM_sgLr2G3yzcxYg10pO0s-GAKExM=) has send a requested to sell m18smokegrenade_red x1 at the trader "Weapons (Oliver [#STR_EXPANSION_MARKET_TRADER_WEAPONS])" in market zone "The Holler" (pos=<5632.000000, 32.000000, 5392.000000>).
01:01:28.020 [Market] Player "MaxCaliber" (id=s7vJf2NuCNme1MUM_sgLr2G3yzcxYg10pO0s-GAKExM=) has sold m18smokegrenade_red x1 at the trader "Weapons (Oliver [#STR_EXPANSION_MARKET_TRADER_WEAPONS])" in market zone "The Holler" (pos=<5632.000000, 32.000000, 5392.000000>) and got 195.
01:01:32.266 [Market] Player "MaxCaliber" (id=s7vJf2NuCNme1MUM_sgLr2G3yzcxYg10pO0s-GAKExM=) has send a requested to sell mag_akm_30rnd x1 at the trader "Weapons (Oliver [#STR_EXPANSION_MARKET_TRADER_WEAPONS])" in market zone "The Holler" (pos=<5632.000000, 32.000000, 5392.000000>).
01:01:32.592 [Market] Player "MaxCaliber" (id=s7vJf2NuCNme1MUM_sgLr2G3yzcxYg10pO0s-GAKExM=) has sold mag_akm_30rnd x1 at the trader "Weapons (Oliver [#STR_EXPANSION_MARKET_TRADER_WEAPONS])" in market zone "The Holler" (pos=<5632.000000, 32.000000, 5392.000000>) and got 82.
01:01:35.796 [Market] Player "MaxCaliber" (id=s7vJf2NuCNme1MUM_sgLr2G3yzcxYg10pO0s-GAKExM=) has send a requested to sell avs36 x1 at the trader "Weapons (Oliver [#STR_EXPANSION_MARKET_TRADER_WEAPONS])" in market zone "The Holler" (pos=<5632.000000, 32.000000, 5392.000000>).
01:01:35.927 [Market] Player "MaxCaliber" (id=s7vJf2NuCNme1MUM_sgLr2G3yzcxYg10pO0s-GAKExM=) has sold avs36 x1 at the trader "Weapons (Oliver [#STR_EXPANSION_MARKET_TRADER_WEAPONS])" in market zone "The Holler" (pos=<5632.000000, 32.000000, 5392.000000>) and got 526.
01:01:40.410 [Market] Player "MaxCaliber" (id=s7vJf2NuCNme1MUM_sgLr2G3yzcxYg10pO0s-GAKExM=) has send a requested to sell m4_t3nrdsoptic x1 at the trader "Weapons (Oliver [#STR_EXPANSION_MARKET_TRADER_WEAPONS])" in market zone "The Holler" (pos=<5632.000000, 32.000000, 5392.000000>).
01:01:40.560 [Market] Player "MaxCaliber" (id=s7vJf2NuCNme1MUM_sgLr2G3yzcxYg10pO0s-GAKExM=) has sold m4_t3nrdsoptic x1 at the trader "Weapons (Oliver [#STR_EXPANSION_MARKET_TRADER_WEAPONS])" in market zone "The Holler" (pos=<5632.000000, 32.000000, 5392.000000>) and got 665.
01:03:13.636 [Safezone] Player "Captain Chaos" (id=KWl3ojgjStHOe3-iLRChpUG8crsNiNfei3BT6NCIfaw= pos=<5662.833496, 33.431454, 5263.963867>) Entered the safezone
01:04:18.258 [VehicleLeave] Player Captain Chaos [uid=KWl3ojgjStHOe3-iLRChpUG8crsNiNfei3BT6NCIfaw=] left vehicle Land Rover Defender (id=533BA848C641738FEB4C3D9AB1FAD73B pos=<5615.354492, 28.678499, 5406.461914>)
01:04:30.199 [VehicleCarKey] Player "Captain Chaos" (id=KWl3ojgjStHOe3-iLRChpUG8crsNiNfei3BT6NCIfaw= pos=<5614.544434, 28.722445, 5404.609863>) used the  ExpansionCarKey to lock Expansion_Landrover_Blue (id=533BA848C641738FEB4C3D9AB1FAD73B pos=<5615.354492, 28.678497, 5406.461914>)
01:04:57.565 [Market] Player "Captain Chaos" (id=KWl3ojgjStHOe3-iLRChpUG8crsNiNfei3BT6NCIfaw=) has send a requested to sell cp_tobaccoseedspack x1 at the trader "Weed (Naomi [Weed Trader])" in market zone "The Holler" (pos=<5632.000000, 32.000000, 5392.000000>).
01:04:57.734 [Market] Player "Captain Chaos" (id=KWl3ojgjStHOe3-iLRChpUG8crsNiNfei3BT6NCIfaw=) has sold cp_tobaccoseedspack x1 at the trader "Weed (Naomi [Weed Trader])" in market zone "The Holler" (pos=<5632.000000, 32.000000, 5392.000000>) and got 35.
01:05:38.418 [Market] Player "MaxCaliber" (id=s7vJf2NuCNme1MUM_sgLr2G3yzcxYg10pO0s-GAKExM=) has send a requested to sell twp_p90shallow_grave x1 at the trader "Weapons (Oliver [#STR_EXPANSION_MARKET_TRADER_WEAPONS])" in market zone "The Holler" (pos=<5632.000000, 32.000000, 5392.000000>).
01:05:38.547 [Market] Player "MaxCaliber" (id=s7vJf2NuCNme1MUM_sgLr2G3yzcxYg10pO0s-GAKExM=) has sold twp_p90shallow_grave x1 at the trader "Weapons (Oliver [#STR_EXPANSION_MARKET_TRADER_WEAPONS])" in market zone "The Holler" (pos=<5632.000000, 32.000000, 5392.000000>) and got 7500.
01:06:06.547 [Market] Player "MaxCaliber" (id=s7vJf2NuCNme1MUM_sgLr2G3yzcxYg10pO0s-GAKExM=) has send a requested to purchase sewingkit x1 from the trader "BuildingSupplies (Indar [Building Trader])" in market zone "The Holler" (pos=<5632.000000, 32.000000, 5392.000000>).
01:06:06.667 [Market] Player "MaxCaliber" (id=s7vJf2NuCNme1MUM_sgLr2G3yzcxYg10pO0s-GAKExM=) has bought sewingkit x1 from the trader "BuildingSupplies (Indar [Building Trader])" in market zone "The Holler" (pos=<5632.000000, 32.000000, 5392.000000>) for a price of 120.
01:06:07.358 [Market] Player "MaxCaliber" (id=s7vJf2NuCNme1MUM_sgLr2G3yzcxYg10pO0s-GAKExM=) has send a requested to purchase leathersewingkit x1 from the trader "BuildingSupplies (Indar [Building Trader])" in market zone "The Holler" (pos=<5632.000000, 32.000000, 5392.000000>).
01:06:07.476 [Market] Player "MaxCaliber" (id=s7vJf2NuCNme1MUM_sgLr2G3yzcxYg10pO0s-GAKExM=) has bought leathersewingkit x1 from the trader "BuildingSupplies (Indar [Building Trader])" in market zone "The Holler" (pos=<5632.000000, 32.000000, 5392.000000>) for a price of 110.
01:07:18.641 [VehicleCarKey] Player "MaxCaliber" (id=s7vJf2NuCNme1MUM_sgLr2G3yzcxYg10pO0s-GAKExM= pos=<5633.385742, 28.673002, 5422.044434>) used the  ExpansionCarKey to unlock Chevrolet_Camaro_Egor (id=79453C256B4685C7C0E698BB190A5FF0 pos=<5629.835449, 28.670141, 5421.024902>)
01:08:26.149 [VehicleCarKey] Player "MaxCaliber" (id=s7vJf2NuCNme1MUM_sgLr2G3yzcxYg10pO0s-GAKExM= pos=<5633.418945, 28.687317, 5421.454102>) used the  ExpansionCarKey to lock Chevrolet_Camaro_Egor (id=79453C256B4685C7C0E698BB190A5FF0 pos=<5629.835449, 28.670141, 5421.024902>)
01:08:39.380 [VehicleDeleted] Chevrolet_Camaro_Egor (id=79453C256B4685C7C0E698BB190A5FF0 pos=<5629.835449, 28.670141, 5421.024902>)
01:08:39.380 [VehicleCover] Player "MaxCaliber" (id=s7vJf2NuCNme1MUM_sgLr2G3yzcxYg10pO0s-GAKExM= pos=<5633.079102, 28.689396, 5421.368652>) covered vehicle "Chevrolet_Camaro_Egor" (GlobalID=8000000080000000800000008000BF50 pos=<5629.835449, 28.670141, 5421.024902>)!
01:08:42.342 [VehicleCarKey] Player "Captain Chaos" (id=KWl3ojgjStHOe3-iLRChpUG8crsNiNfei3BT6NCIfaw= pos=<5615.150391, 28.722498, 5405.120117>) used the  ExpansionCarKey to unlock Expansion_Landrover_Blue (id=533BA848C641738FEB4C3D9AB1FAD73B pos=<5615.354492, 28.678497, 5406.461914>)
01:08:52.012 [VehicleCarKey] Player "MaxCaliber" (id=s7vJf2NuCNme1MUM_sgLr2G3yzcxYg10pO0s-GAKExM= pos=<5641.914551, 28.044781, 5430.503418>) used the  ExpansionCarKey to unlock NivaPickup_kamo (id=3CE0A777B548C8549ABFC3AE1D142E99 pos=<5644.071289, 27.987900, 5432.362305>)
01:08:57.713 [VehicleEnter] Player MaxCaliber [uid=s7vJf2NuCNme1MUM_sgLr2G3yzcxYg10pO0s-GAKExM=] entered vehicle NivaPickup Camo (id=3CE0A777B548C8549ABFC3AE1D142E99 pos=<5644.078125, 27.988003, 5432.362305>) as driver
01:09:02.265 [VehicleEngine] Player MaxCaliber [uid=s7vJf2NuCNme1MUM_sgLr2G3yzcxYg10pO0s-GAKExM=] started vehicle NivaPickup Camo (id=3CE0A777B548C8549ABFC3AE1D142E99 pos=<5644.116211, 27.989529, 5432.362305>)
01:09:08.604 [VehicleCarKey] Player "Captain Chaos" (id=KWl3ojgjStHOe3-iLRChpUG8crsNiNfei3BT6NCIfaw= pos=<5615.839355, 28.722473, 5405.136719>) used the  ExpansionCarKey to lock Expansion_Landrover_Blue (id=533BA848C641738FEB4C3D9AB1FAD73B pos=<5615.354492, 28.678497, 5406.461914>)
01:09:33.662 [VehicleCarKey] Player "Captain Chaos" (id=KWl3ojgjStHOe3-iLRChpUG8crsNiNfei3BT6NCIfaw= pos=<5615.353516, 28.722498, 5404.691406>) used the  ExpansionCarKey to unlock Expansion_Landrover_Blue (id=533BA848C641738FEB4C3D9AB1FAD73B pos=<5615.354492, 28.678501, 5406.461426>)
01:09:34.038 [VehicleEngine] Player MaxCaliber [uid=s7vJf2NuCNme1MUM_sgLr2G3yzcxYg10pO0s-GAKExM=] stopped vehicle NivaPickup Camo (id=3CE0A777B548C8549ABFC3AE1D142E99 pos=<5599.207031, 28.763384, 5359.409668>)
01:09:38.221 [VehicleLeave] Player MaxCaliber [uid=s7vJf2NuCNme1MUM_sgLr2G3yzcxYg10pO0s-GAKExM=] left vehicle NivaPickup Camo (id=3CE0A777B548C8549ABFC3AE1D142E99 pos=<5599.207520, 28.763388, 5359.410156>)
01:09:38.399 [VehicleEnter] Player Captain Chaos [uid=KWl3ojgjStHOe3-iLRChpUG8crsNiNfei3BT6NCIfaw=] entered vehicle Land Rover Defender (id=533BA848C641738FEB4C3D9AB1FAD73B pos=<5615.354492, 28.678520, 5406.461914>) as driver
01:10:04.693 [Safezone] Player "Condom Breath" (id=VsEWQWxzvcTpDLQgc9tVyxq5TiqDS9O3QehdBa_YkH8= pos=<5660.670410, 30.271614, 5523.637207>) Entered the safezone
01:10:05.730 [Safezone] Player "Dirtydan" (id=eZvdqnhxQZeB4Wvp7ko5cFy79bCUMACrCdUKq6S9F3w= pos=<5664.097656, 29.987637, 5524.417480>) Entered the safezone
01:10:34.924 [VehicleLeave] Player Condom Breath [uid=VsEWQWxzvcTpDLQgc9tVyxq5TiqDS9O3QehdBa_YkH8=] left vehicle M3S Covered (id=11C9BAA541463FBBA6B2FBB41A2948D7 pos=<5606.437500, 28.748749, 5357.108398>)
01:10:36.431 [VehicleLeave] Player Dirtydan [uid=eZvdqnhxQZeB4Wvp7ko5cFy79bCUMACrCdUKq6S9F3w=] left vehicle ToyotaHilux Camo2 (id=3BEB503F9349C7803A79E5A4FE89375E pos=<5599.914063, 28.714743, 5363.041992>)
01:10:36.438 [VehicleEngine] Player Captain Chaos [uid=KWl3ojgjStHOe3-iLRChpUG8crsNiNfei3BT6NCIfaw=] started vehicle Land Rover Defender (id=533BA848C641738FEB4C3D9AB1FAD73B pos=<5615.354492, 28.678499, 5406.461426>)
01:10:44.570 [Market] Player "Condom Breath" (id=VsEWQWxzvcTpDLQgc9tVyxq5TiqDS9O3QehdBa_YkH8=) has send a requested to sell truck_01_covered x1 at the trader "Vehicles (Lewis [Vehicle Trader])" in market zone "The Holler" (pos=<5632.000000, 32.000000, 5392.000000>).
01:10:44.739 [VehicleDeleted] Truck_01_Covered_Yellow (id=11C9BAA541463FBBA6B2FBB41A2948D7 pos=<5606.437500, 28.748592, 5357.108398>)
01:10:44.741 [Market] Player "Condom Breath" (id=VsEWQWxzvcTpDLQgc9tVyxq5TiqDS9O3QehdBa_YkH8=) has sold truck_01_covered x1 at the trader "Vehicles (Lewis [Vehicle Trader])" in market zone "The Holler" (pos=<5632.000000, 32.000000, 5392.000000>) and got 80948.
01:11:20.937 [Safezone] Player "Captain Chaos" (id=KWl3ojgjStHOe3-iLRChpUG8crsNiNfei3BT6NCIfaw= pos=<5756.646973, 25.101574, 5204.709473>) Left the safezone
01:12:04.709 [Market] Player "Dirtydan" (id=eZvdqnhxQZeB4Wvp7ko5cFy79bCUMACrCdUKq6S9F3w=) has send a requested to sell aks74u x1 at the trader "Weapons (Oliver [#STR_EXPANSION_MARKET_TRADER_WEAPONS])" in market zone "The Holler" (pos=<5632.000000, 32.000000, 5392.000000>).
01:12:04.871 [Market] Player "Dirtydan" (id=eZvdqnhxQZeB4Wvp7ko5cFy79bCUMACrCdUKq6S9F3w=) has sold aks74u x1 at the trader "Weapons (Oliver [#STR_EXPANSION_MARKET_TRADER_WEAPONS])" in market zone "The Holler" (pos=<5632.000000, 32.000000, 5392.000000>) and got 3196.
01:12:07.229 [ATM] Player "Condom Breath" (id=VsEWQWxzvcTpDLQgc9tVyxq5TiqDS9O3QehdBa_YkH8=) has deposited 80948 on his ATM account.
01:12:12.435 [Market] Player "Dirtydan" (id=eZvdqnhxQZeB4Wvp7ko5cFy79bCUMACrCdUKq6S9F3w=) has send a requested to sell expansion_mp5sd x1 at the trader "Weapons (Oliver [#STR_EXPANSION_MARKET_TRADER_WEAPONS])" in market zone "The Holler" (pos=<5632.000000, 32.000000, 5392.000000>).
01:12:12.590 [Market] Player "Dirtydan" (id=eZvdqnhxQZeB4Wvp7ko5cFy79bCUMACrCdUKq6S9F3w=) has sold expansion_mp5sd x1 at the trader "Weapons (Oliver [#STR_EXPANSION_MARKET_TRADER_WEAPONS])" in market zone "The Holler" (pos=<5632.000000, 32.000000, 5392.000000>) and got 3460.
01:12:15.882 [Market] Player "Dirtydan" (id=eZvdqnhxQZeB4Wvp7ko5cFy79bCUMACrCdUKq6S9F3w=) has send a requested to sell expansion_mp7 x1 at the trader "Weapons (Oliver [#STR_EXPANSION_MARKET_TRADER_WEAPONS])" in market zone "The Holler" (pos=<5632.000000, 32.000000, 5392.000000>).
01:12:16.028 [Market] Player "Dirtydan" (id=eZvdqnhxQZeB4Wvp7ko5cFy79bCUMACrCdUKq6S9F3w=) has sold expansion_mp7 x1 at the trader "Weapons (Oliver [#STR_EXPANSION_MARKET_TRADER_WEAPONS])" in market zone "The Holler" (pos=<5632.000000, 32.000000, 5392.000000>) and got 3800.
01:12:19.228 [Market] Player "Dirtydan" (id=eZvdqnhxQZeB4Wvp7ko5cFy79bCUMACrCdUKq6S9F3w=) has send a requested to sell expansion_mp7 x1 at the trader "Weapons (Oliver [#STR_EXPANSION_MARKET_TRADER_WEAPONS])" in market zone "The Holler" (pos=<5632.000000, 32.000000, 5392.000000>).
01:12:19.367 [Market] Player "Dirtydan" (id=eZvdqnhxQZeB4Wvp7ko5cFy79bCUMACrCdUKq6S9F3w=) has sold expansion_mp7 x1 at the trader "Weapons (Oliver [#STR_EXPANSION_MARKET_TRADER_WEAPONS])" in market zone "The Holler" (pos=<5632.000000, 32.000000, 5392.000000>) and got 3611.
01:12:22.382 [Market] Player "Dirtydan" (id=eZvdqnhxQZeB4Wvp7ko5cFy79bCUMACrCdUKq6S9F3w=) has send a requested to sell expansion_kedr x1 at the trader "Weapons (Oliver [#STR_EXPANSION_MARKET_TRADER_WEAPONS])" in market zone "The Holler" (pos=<5632.000000, 32.000000, 5392.000000>).
01:12:22.520 [Market] Player "Dirtydan" (id=eZvdqnhxQZeB4Wvp7ko5cFy79bCUMACrCdUKq6S9F3w=) has sold expansion_kedr x1 at the trader "Weapons (Oliver [#STR_EXPANSION_MARKET_TRADER_WEAPONS])" in market zone "The Holler" (pos=<5632.000000, 32.000000, 5392.000000>) and got 1237.
01:12:45.294 [Market] Player "Dirtydan" (id=eZvdqnhxQZeB4Wvp7ko5cFy79bCUMACrCdUKq6S9F3w=) has send a requested to sell twp_doublebarrelshotgun x1 at the trader "Weapons (Oliver [#STR_EXPANSION_MARKET_TRADER_WEAPONS])" in market zone "The Holler" (pos=<5632.000000, 32.000000, 5392.000000>).
01:12:45.431 [Market] Player "Dirtydan" (id=eZvdqnhxQZeB4Wvp7ko5cFy79bCUMACrCdUKq6S9F3w=) has sold twp_doublebarrelshotgun x1 at the trader "Weapons (Oliver [#STR_EXPANSION_MARKET_TRADER_WEAPONS])" in market zone "The Holler" (pos=<5632.000000, 32.000000, 5392.000000>) and got 3450.
01:13:02.266 [Market] Player "Dirtydan" (id=eZvdqnhxQZeB4Wvp7ko5cFy79bCUMACrCdUKq6S9F3w=) has send a requested to sell mag_ak74_30rnd x2 at the trader "Weapons (Oliver [#STR_EXPANSION_MARKET_TRADER_WEAPONS])" in market zone "The Holler" (pos=<5632.000000, 32.000000, 5392.000000>).
01:13:02.404 [Market] Player "Dirtydan" (id=eZvdqnhxQZeB4Wvp7ko5cFy79bCUMACrCdUKq6S9F3w=) has sold mag_ak74_30rnd x2 at the trader "Weapons (Oliver [#STR_EXPANSION_MARKET_TRADER_WEAPONS])" in market zone "The Holler" (pos=<5632.000000, 32.000000, 5392.000000>) and got 336.
01:13:58.521 [AI Patrol] Spawning 3 Shamans bots at <7064.299316, 22.190176, 4393.422363>
01:14:59.460 [Market] Player "Dirtydan" (id=eZvdqnhxQZeB4Wvp7ko5cFy79bCUMACrCdUKq6S9F3w=) has send a requested to sell twp_komrad12 x1 at the trader "Weapons (Oliver [#STR_EXPANSION_MARKET_TRADER_WEAPONS])" in market zone "The Holler" (pos=<5632.000000, 32.000000, 5392.000000>).
01:14:59.633 [Market] Player "Dirtydan" (id=eZvdqnhxQZeB4Wvp7ko5cFy79bCUMACrCdUKq6S9F3w=) has sold twp_komrad12 x1 at the trader "Weapons (Oliver [#STR_EXPANSION_MARKET_TRADER_WEAPONS])" in market zone "The Holler" (pos=<5632.000000, 32.000000, 5392.000000>) and got 4050.
01:15:07.918 [Market] Player "Dirtydan" (id=eZvdqnhxQZeB4Wvp7ko5cFy79bCUMACrCdUKq6S9F3w=) has send a requested to purchase twp_komrad12 x1 from the trader "Weapons (Oliver [#STR_EXPANSION_MARKET_TRADER_WEAPONS])" in market zone "The Holler" (pos=<5632.000000, 32.000000, 5392.000000>).
01:15:08.032 [Market] Player "Dirtydan" (id=eZvdqnhxQZeB4Wvp7ko5cFy79bCUMACrCdUKq6S9F3w=) has bought twp_komrad12 x1 from the trader "Weapons (Oliver [#STR_EXPANSION_MARKET_TRADER_WEAPONS])" in market zone "The Holler" (pos=<5632.000000, 32.000000, 5392.000000>) for a price of 7970.
01:15:08.505 [ATM] Player "Condom Breath" (id=VsEWQWxzvcTpDLQgc9tVyxq5TiqDS9O3QehdBa_YkH8=) has withdrawn 20000 from his ATM account.
01:16:24.895 [ATM] Player "Dirtydan" (id=eZvdqnhxQZeB4Wvp7ko5cFy79bCUMACrCdUKq6S9F3w=) has deposited 15170 on his ATM account.
01:16:36.535 [VehicleLeave] Player Captain Chaos [uid=KWl3ojgjStHOe3-iLRChpUG8crsNiNfei3BT6NCIfaw=] left vehicle Land Rover Defender (id=533BA848C641738FEB4C3D9AB1FAD73B pos=<7566.594727, 23.639481, 3915.821289>)
01:16:57.268 [VehicleEnter] Player MaxCaliber [uid=s7vJf2NuCNme1MUM_sgLr2G3yzcxYg10pO0s-GAKExM=] entered vehicle NivaPickup Camo (id=3CE0A777B548C8549ABFC3AE1D142E99 pos=<5599.206543, 28.763388, 5359.412109>) as driver
01:17:00.798 [VehicleEngine] Player MaxCaliber [uid=s7vJf2NuCNme1MUM_sgLr2G3yzcxYg10pO0s-GAKExM=] started vehicle NivaPickup Camo (id=3CE0A777B548C8549ABFC3AE1D142E99 pos=<5599.207520, 28.763391, 5359.413086>)
01:17:14.793 [VehicleLeave] Player MaxCaliber [uid=s7vJf2NuCNme1MUM_sgLr2G3yzcxYg10pO0s-GAKExM=] left vehicle NivaPickup Camo (id=3CE0A777B548C8549ABFC3AE1D142E99 pos=<5629.371094, 28.763391, 5363.181152>)
01:17:27.431 [VehicleEnter] Player Dirtydan [uid=eZvdqnhxQZeB4Wvp7ko5cFy79bCUMACrCdUKq6S9F3w=] entered vehicle ToyotaHilux Camo2 (id=3BEB503F9349C7803A79E5A4FE89375E pos=<5599.917480, 28.714758, 5363.046387>) as driver
01:17:35.236 [VehicleEngine] Player Dirtydan [uid=eZvdqnhxQZeB4Wvp7ko5cFy79bCUMACrCdUKq6S9F3w=] started vehicle ToyotaHilux Camo2 (id=3BEB503F9349C7803A79E5A4FE89375E pos=<5599.917480, 28.714762, 5363.046387>)
01:17:51.774 [VehicleCarKey] Player "Captain Chaos" (id=KWl3ojgjStHOe3-iLRChpUG8crsNiNfei3BT6NCIfaw= pos=<7564.567383, 23.750256, 3914.606445>) used the  ExpansionCarKey to lock Expansion_Landrover_Blue (id=533BA848C641738FEB4C3D9AB1FAD73B pos=<7566.594727, 23.639482, 3915.821289>)
01:17:52.853 [VehicleEngine] Player Dirtydan [uid=eZvdqnhxQZeB4Wvp7ko5cFy79bCUMACrCdUKq6S9F3w=] stopped vehicle ToyotaHilux Camo2 (id=3BEB503F9349C7803A79E5A4FE89375E pos=<5621.355957, 28.714758, 5411.163086>)
01:17:55.115 [VehicleLeave] Player Dirtydan [uid=eZvdqnhxQZeB4Wvp7ko5cFy79bCUMACrCdUKq6S9F3w=] left vehicle ToyotaHilux Camo2 (id=3BEB503F9349C7803A79E5A4FE89375E pos=<5621.355957, 28.714764, 5411.163574>)
01:19:42.951 [Market] Player "MaxCaliber" (id=s7vJf2NuCNme1MUM_sgLr2G3yzcxYg10pO0s-GAKExM=) has send a requested to sell geb_minnowbucket x1 at the trader "Hunting (Helga [Hunting Trader])" in market zone "The Holler" (pos=<5632.000000, 32.000000, 5392.000000>).
01:19:43.072 [Market] Player "MaxCaliber" (id=s7vJf2NuCNme1MUM_sgLr2G3yzcxYg10pO0s-GAKExM=) has sold geb_minnowbucket x1 at the trader "Hunting (Helga [Hunting Trader])" in market zone "The Holler" (pos=<5632.000000, 32.000000, 5392.000000>) and got 67.
01:19:48.691 [ATM] Player "Condom Breath" (id=VsEWQWxzvcTpDLQgc9tVyxq5TiqDS9O3QehdBa_YkH8=) has deposited 20000 on his ATM account.
01:19:49.718 [VehicleEnter] Player Dirtydan [uid=eZvdqnhxQZeB4Wvp7ko5cFy79bCUMACrCdUKq6S9F3w=] entered vehicle ToyotaHilux Camo2 (id=3BEB503F9349C7803A79E5A4FE89375E pos=<5621.358398, 28.714746, 5411.161133>) as driver
01:19:51.568 [VehicleEngine] Player Dirtydan [uid=eZvdqnhxQZeB4Wvp7ko5cFy79bCUMACrCdUKq6S9F3w=] started vehicle ToyotaHilux Camo2 (id=3BEB503F9349C7803A79E5A4FE89375E pos=<5621.358398, 28.714746, 5411.161133>)
01:19:55.424 [VehicleEnter] Player Condom Breath [uid=VsEWQWxzvcTpDLQgc9tVyxq5TiqDS9O3QehdBa_YkH8=] entered vehicle ToyotaHilux Camo2 (id=3BEB503F9349C7803A79E5A4FE89375E pos=<5621.358398, 28.714745, 5411.161133>) as passenger
01:20:30.939 [Safezone] Player "Dirtydan" (id=eZvdqnhxQZeB4Wvp7ko5cFy79bCUMACrCdUKq6S9F3w= pos=<5841.341309, 31.905329, 5190.132324>) Left the safezone
01:20:30.939 [Safezone] Player "Condom Breath" (id=VsEWQWxzvcTpDLQgc9tVyxq5TiqDS9O3QehdBa_YkH8= pos=<5841.146973, 31.886652, 5189.280762>) Left the safezone
01:21:32.094 [AI Patrol] Spawning 1 Shamans bots at <6248.892090, 125.634346, 5761.185547>
01:22:13.553 [VehicleCarKey] Player "Captain Chaos" (id=KWl3ojgjStHOe3-iLRChpUG8crsNiNfei3BT6NCIfaw= pos=<7569.210449, 23.622774, 3916.465088>) used the  ExpansionCarKey to unlock Expansion_Landrover_Blue (id=533BA848C641738FEB4C3D9AB1FAD73B pos=<7566.594727, 23.639482, 3915.821289>)
01:22:29.740 [Market] Player "MaxCaliber" (id=s7vJf2NuCNme1MUM_sgLr2G3yzcxYg10pO0s-GAKExM=) has send a requested to purchase ducttape x1 from the trader "BuildingSupplies (Indar [Building Trader])" in market zone "The Holler" (pos=<5632.000000, 32.000000, 5392.000000>).
01:22:29.858 [Market] Player "MaxCaliber" (id=s7vJf2NuCNme1MUM_sgLr2G3yzcxYg10pO0s-GAKExM=) has bought ducttape x1 from the trader "BuildingSupplies (Indar [Building Trader])" in market zone "The Holler" (pos=<5632.000000, 32.000000, 5392.000000>) for a price of 20.
01:22:31.500 [VehicleCarKey] Player "Captain Chaos" (id=KWl3ojgjStHOe3-iLRChpUG8crsNiNfei3BT6NCIfaw= pos=<7568.200684, 23.639214, 3918.316650>) used the  ExpansionCarKey to lock Expansion_Landrover_Blue (id=533BA848C641738FEB4C3D9AB1FAD73B pos=<7566.594727, 23.639482, 3915.821289>)
01:23:51.595 [VehicleEnter] Player MaxCaliber [uid=s7vJf2NuCNme1MUM_sgLr2G3yzcxYg10pO0s-GAKExM=] entered vehicle NivaPickup Camo (id=3CE0A777B548C8549ABFC3AE1D142E99 pos=<5629.375000, 28.763372, 5363.177734>) as driver
01:23:54.142 [VehicleEngine] Player MaxCaliber [uid=s7vJf2NuCNme1MUM_sgLr2G3yzcxYg10pO0s-GAKExM=] started vehicle NivaPickup Camo (id=3CE0A777B548C8549ABFC3AE1D142E99 pos=<5629.373535, 28.763391, 5363.179199>)
01:24:27.200 [Safezone] Player "MaxCaliber" (id=s7vJf2NuCNme1MUM_sgLr2G3yzcxYg10pO0s-GAKExM= pos=<5611.433594, 17.048304, 5685.424316>) Left the safezone
01:24:56.251 [VehicleLeave] Player Condom Breath [uid=VsEWQWxzvcTpDLQgc9tVyxq5TiqDS9O3QehdBa_YkH8=] left vehicle ToyotaHilux Camo2 (id=3BEB503F9349C7803A79E5A4FE89375E pos=<7567.571777, 23.604567, 3929.165527>)
01:25:09.636 [VehicleEngine] Player Dirtydan [uid=eZvdqnhxQZeB4Wvp7ko5cFy79bCUMACrCdUKq6S9F3w=] stopped vehicle ToyotaHilux Camo2 (id=3BEB503F9349C7803A79E5A4FE89375E pos=<7567.571777, 23.604568, 3929.165527>)
01:25:12.313 [VehicleLeave] Player Dirtydan [uid=eZvdqnhxQZeB4Wvp7ko5cFy79bCUMACrCdUKq6S9F3w=] left vehicle ToyotaHilux Camo2 (id=3BEB503F9349C7803A79E5A4FE89375E pos=<7567.575195, 23.604586, 3929.166748>)
01:25:18.608 [VehicleCarKey] Player "Dirtydan" (id=eZvdqnhxQZeB4Wvp7ko5cFy79bCUMACrCdUKq6S9F3w= pos=<7569.339355, 23.612499, 3929.491211>) used the  ExpansionCarKey to lock ToyotaHilux_kamo2 (id=3BEB503F9349C7803A79E5A4FE89375E pos=<7567.571289, 23.604567, 3929.165283>)
01:28:55.264 [VehicleEngine] Player MaxCaliber [uid=s7vJf2NuCNme1MUM_sgLr2G3yzcxYg10pO0s-GAKExM=] stopped vehicle NivaPickup Camo (id=3CE0A777B548C8549ABFC3AE1D142E99 pos=<6513.054199, 45.031788, 5823.833496>)
01:29:00.747 [VehicleLeave] Player MaxCaliber [uid=s7vJf2NuCNme1MUM_sgLr2G3yzcxYg10pO0s-GAKExM=] left vehicle NivaPickup Camo (id=3CE0A777B548C8549ABFC3AE1D142E99 pos=<6513.054199, 45.031780, 5823.833008>)
01:29:19.303 [VehicleCarKey] Player "Captain Chaos" (id=KWl3ojgjStHOe3-iLRChpUG8crsNiNfei3BT6NCIfaw= pos=<7565.754883, 23.735050, 3913.065430>) used the  ExpansionCarKey to unlock Expansion_Landrover_Blue (id=533BA848C641738FEB4C3D9AB1FAD73B pos=<7566.594727, 23.639482, 3915.821289>)
01:30:13.296 [VehicleCarKey] Player "Captain Chaos" (id=KWl3ojgjStHOe3-iLRChpUG8crsNiNfei3BT6NCIfaw= pos=<7564.298340, 23.763151, 3913.691895>) used the  ExpansionCarKey to lock Expansion_Landrover_Blue (id=533BA848C641738FEB4C3D9AB1FAD73B pos=<7566.594727, 23.639482, 3915.821289>)
01:34:09.786 [VehicleCarKey] Player "Dirtydan" (id=eZvdqnhxQZeB4Wvp7ko5cFy79bCUMACrCdUKq6S9F3w= pos=<7568.999023, 23.612499, 3929.787598>) used the  ExpansionCarKey to unlock ToyotaHilux_kamo2 (id=3BEB503F9349C7803A79E5A4FE89375E pos=<7567.571289, 23.604567, 3929.165283>)
01:34:14.856 [VehicleEnter] Player Condom Breath [uid=VsEWQWxzvcTpDLQgc9tVyxq5TiqDS9O3QehdBa_YkH8=] entered vehicle ToyotaHilux Camo2 (id=3BEB503F9349C7803A79E5A4FE89375E pos=<7567.571289, 23.604567, 3929.165283>) as passenger
01:34:42.354 [VehicleEnter] Player Dirtydan [uid=eZvdqnhxQZeB4Wvp7ko5cFy79bCUMACrCdUKq6S9F3w=] entered vehicle ToyotaHilux Camo2 (id=3BEB503F9349C7803A79E5A4FE89375E pos=<7567.569336, 23.604568, 3929.165283>) as driver
01:34:44.427 [VehicleEngine] Player Dirtydan [uid=eZvdqnhxQZeB4Wvp7ko5cFy79bCUMACrCdUKq6S9F3w=] started vehicle ToyotaHilux Camo2 (id=3BEB503F9349C7803A79E5A4FE89375E pos=<7567.572266, 23.604586, 3929.166016>)
01:35:18.184 [VehicleCarKey] Player "Captain Chaos" (id=KWl3ojgjStHOe3-iLRChpUG8crsNiNfei3BT6NCIfaw= pos=<7568.045410, 23.668056, 3915.107178>) used the  ExpansionCarKey to unlock Expansion_Landrover_Blue (id=533BA848C641738FEB4C3D9AB1FAD73B pos=<7566.594727, 23.639482, 3915.821289>)
01:35:23.976 [VehicleEnter] Player Captain Chaos [uid=KWl3ojgjStHOe3-iLRChpUG8crsNiNfei3BT6NCIfaw=] entered vehicle Land Rover Defender (id=533BA848C641738FEB4C3D9AB1FAD73B pos=<7566.594727, 23.639484, 3915.821289>) as driver
01:35:28.974 [AI Patrol] Spawning 3 Camp Eagle Patrol bots at <8873.648438, 45.419998, 3816.092529>
01:35:40.618 [VehicleEngine] Player Captain Chaos [uid=KWl3ojgjStHOe3-iLRChpUG8crsNiNfei3BT6NCIfaw=] started vehicle Land Rover Defender (id=533BA848C641738FEB4C3D9AB1FAD73B pos=<7566.594727, 23.639481, 3915.821289>)
01:37:55.693 [VehicleLeave] Player Condom Breath [uid=VsEWQWxzvcTpDLQgc9tVyxq5TiqDS9O3QehdBa_YkH8=] left vehicle ToyotaHilux Camo2 (id=3BEB503F9349C7803A79E5A4FE89375E pos=<10172.518555, 51.178783, 5118.961914>)
01:38:27.862 [VehicleEngine] Player Dirtydan [uid=eZvdqnhxQZeB4Wvp7ko5cFy79bCUMACrCdUKq6S9F3w=] stopped vehicle ToyotaHilux Camo2 (id=3BEB503F9349C7803A79E5A4FE89375E pos=<10137.440430, 52.897121, 5093.589844>)
01:38:30.715 [VehicleLeave] Player Dirtydan [uid=eZvdqnhxQZeB4Wvp7ko5cFy79bCUMACrCdUKq6S9F3w=] left vehicle ToyotaHilux Camo2 (id=3BEB503F9349C7803A79E5A4FE89375E pos=<10137.440430, 52.897121, 5093.589844>)
01:40:06.589 [VehicleLeave] Player Captain Chaos [uid=KWl3ojgjStHOe3-iLRChpUG8crsNiNfei3BT6NCIfaw=] left vehicle Land Rover Defender (id=533BA848C641738FEB4C3D9AB1FAD73B pos=<9615.190430, 3.192722, 3108.934326>)
01:40:15.150 [VehicleEnter] Player Captain Chaos [uid=KWl3ojgjStHOe3-iLRChpUG8crsNiNfei3BT6NCIfaw=] entered vehicle Land Rover Defender (id=533BA848C641738FEB4C3D9AB1FAD73B pos=<9615.190430, 3.192717, 3108.934326>) as driver
01:40:16.437 [VehicleEngine] Player Captain Chaos [uid=KWl3ojgjStHOe3-iLRChpUG8crsNiNfei3BT6NCIfaw=] started vehicle Land Rover Defender (id=533BA848C641738FEB4C3D9AB1FAD73B pos=<9615.190430, 3.192723, 3108.934326>)
01:40:30.499 [VehicleLeave] Player Captain Chaos [uid=KWl3ojgjStHOe3-iLRChpUG8crsNiNfei3BT6NCIfaw=] left vehicle Land Rover Defender (id=533BA848C641738FEB4C3D9AB1FAD73B pos=<9619.805664, 2.982423, 3096.991455>)
01:41:01.126 [VehicleEnter] Player MaxCaliber [uid=s7vJf2NuCNme1MUM_sgLr2G3yzcxYg10pO0s-GAKExM=] entered vehicle NivaPickup Camo (id=3CE0A777B548C8549ABFC3AE1D142E99 pos=<6513.055664, 45.031036, 5823.831543>) as driver
01:41:03.958 [VehicleEngine] Player MaxCaliber [uid=s7vJf2NuCNme1MUM_sgLr2G3yzcxYg10pO0s-GAKExM=] started vehicle NivaPickup Camo (id=3CE0A777B548C8549ABFC3AE1D142E99 pos=<6513.053711, 45.031746, 5823.833496>)
01:41:52.109 [VehicleEngine] Player MaxCaliber [uid=s7vJf2NuCNme1MUM_sgLr2G3yzcxYg10pO0s-GAKExM=] stopped vehicle NivaPickup Camo (id=3CE0A777B548C8549ABFC3AE1D142E99 pos=<6683.090332, 22.691048, 6059.242676>)
01:41:56.745 [VehicleLeave] Player MaxCaliber [uid=s7vJf2NuCNme1MUM_sgLr2G3yzcxYg10pO0s-GAKExM=] left vehicle NivaPickup Camo (id=3CE0A777B548C8549ABFC3AE1D142E99 pos=<6683.091309, 22.691055, 6059.242188>)
01:43:08.444 [VehicleEnter] Player MaxCaliber [uid=s7vJf2NuCNme1MUM_sgLr2G3yzcxYg10pO0s-GAKExM=] entered vehicle NivaPickup Camo (id=3CE0A777B548C8549ABFC3AE1D142E99 pos=<6683.092285, 22.691071, 6059.240234>) as driver
01:43:10.843 [VehicleEngine] Player MaxCaliber [uid=s7vJf2NuCNme1MUM_sgLr2G3yzcxYg10pO0s-GAKExM=] started vehicle NivaPickup Camo (id=3CE0A777B548C8549ABFC3AE1D142E99 pos=<6683.092285, 22.691071, 6059.240234>)
01:43:53.126 [VehicleLeave] Player MaxCaliber [uid=s7vJf2NuCNme1MUM_sgLr2G3yzcxYg10pO0s-GAKExM=] left vehicle NivaPickup Camo (id=3CE0A777B548C8549ABFC3AE1D142E99 pos=<6914.104492, 39.251148, 5994.591309>)
01:45:54.090 [VehicleDeleted] ToyotaHilux_kamo2 (id=3BEB503F9349C7803A79E5A4FE89375E pos=<10137.440430, 52.897121, 5093.589844>)
01:45:54.090 [VehicleCover] Player "Condom Breath" (id=VsEWQWxzvcTpDLQgc9tVyxq5TiqDS9O3QehdBa_YkH8= pos=<10138.790039, 52.904457, 5096.575684>) covered vehicle "ToyotaHilux_kamo2" (GlobalID=8000000080000000800000008000A78E pos=<10137.440430, 52.897121, 5093.589844>)!
01:46:03.177 [VehicleEnter] Player Condom Breath [uid=VsEWQWxzvcTpDLQgc9tVyxq5TiqDS9O3QehdBa_YkH8=] entered vehicle Gunter 2 (id=2FE2BE752F4AE1CADA4982A7882ABFC3 pos=<10117.207031, 53.426052, 5100.642090>) as driver
01:47:53.531 [VehicleEngine] Player Condom Breath [uid=VsEWQWxzvcTpDLQgc9tVyxq5TiqDS9O3QehdBa_YkH8=] started vehicle Gunter 2 (id=2FE2BE752F4AE1CADA4982A7882ABFC3 pos=<10117.207031, 53.426044, 5100.644043>)
01:48:20.170 [VehicleLeave] Player Condom Breath [uid=VsEWQWxzvcTpDLQgc9tVyxq5TiqDS9O3QehdBa_YkH8=] left vehicle Gunter 2 (id=2FE2BE752F4AE1CADA4982A7882ABFC3 pos=<10170.532227, 51.420776, 5117.790039>)
01:48:43.273 [VehicleEnter] Player MaxCaliber [uid=s7vJf2NuCNme1MUM_sgLr2G3yzcxYg10pO0s-GAKExM=] entered vehicle NivaPickup Camo (id=3CE0A777B548C8549ABFC3AE1D142E99 pos=<6914.104004, 39.251110, 5994.591309>) as driver
01:48:46.062 [VehicleEngine] Player MaxCaliber [uid=s7vJf2NuCNme1MUM_sgLr2G3yzcxYg10pO0s-GAKExM=] started vehicle NivaPickup Camo (id=3CE0A777B548C8549ABFC3AE1D142E99 pos=<6914.105469, 39.251160, 5994.592773>)
01:49:02.296 [VehicleEnter] Player Dirtydan [uid=eZvdqnhxQZeB4Wvp7ko5cFy79bCUMACrCdUKq6S9F3w=] entered vehicle Gunter 2 (id=2FE2BE752F4AE1CADA4982A7882ABFC3 pos=<10170.552734, 51.418903, 5117.790039>) as passenger
01:49:06.103 [VehicleEnter] Player Condom Breath [uid=VsEWQWxzvcTpDLQgc9tVyxq5TiqDS9O3QehdBa_YkH8=] entered vehicle Gunter 2 (id=2FE2BE752F4AE1CADA4982A7882ABFC3 pos=<10170.614258, 51.413303, 5117.790039>) as driver
01:49:07.680 [VehicleEngine] Player Condom Breath [uid=VsEWQWxzvcTpDLQgc9tVyxq5TiqDS9O3QehdBa_YkH8=] started vehicle Gunter 2 (id=2FE2BE752F4AE1CADA4982A7882ABFC3 pos=<10170.676758, 51.407627, 5117.790039>)
01:49:31.727 [VehicleCarKey] Player "Captain Chaos" (id=KWl3ojgjStHOe3-iLRChpUG8crsNiNfei3BT6NCIfaw= pos=<9612.958008, 3.106010, 3105.154053>) used the  ExpansionCarKey to unlock Sedan_02 (id=E6A4FCF64649F21E54FF6093765D8285 pos=<9611.544922, 3.017184, 3103.768799>)
01:50:21.726 [VehicleEngine] Player MaxCaliber [uid=s7vJf2NuCNme1MUM_sgLr2G3yzcxYg10pO0s-GAKExM=] stopped vehicle NivaPickup Camo (id=3CE0A777B548C8549ABFC3AE1D142E99 pos=<5981.260742, 35.906956, 5241.550781>)
01:50:25.485 [VehicleLeave] Player MaxCaliber [uid=s7vJf2NuCNme1MUM_sgLr2G3yzcxYg10pO0s-GAKExM=] left vehicle NivaPickup Camo (id=3CE0A777B548C8549ABFC3AE1D142E99 pos=<5981.260254, 35.906952, 5241.551270>)
01:50:34.016 [AI Patrol] Spawning 3 Camp Bear Patrol bots at <8783.739258, 16.472265, 6000.601563>
01:51:00.398 [VehicleEnter] Player MaxCaliber [uid=s7vJf2NuCNme1MUM_sgLr2G3yzcxYg10pO0s-GAKExM=] entered vehicle NivaPickup Camo (id=3CE0A777B548C8549ABFC3AE1D142E99 pos=<5981.261719, 35.906952, 5241.550781>) as driver
01:51:23.229 [VehicleEngine] Player MaxCaliber [uid=s7vJf2NuCNme1MUM_sgLr2G3yzcxYg10pO0s-GAKExM=] started vehicle NivaPickup Camo (id=3CE0A777B548C8549ABFC3AE1D142E99 pos=<5981.262695, 35.906956, 5241.549316>)
01:51:55.471 [Safezone] Player "MaxCaliber" (id=s7vJf2NuCNme1MUM_sgLr2G3yzcxYg10pO0s-GAKExM= pos=<5668.136230, 33.385616, 5263.989258>) Entered the safezone
01:52:14.065 [VehicleEngine] Player MaxCaliber [uid=s7vJf2NuCNme1MUM_sgLr2G3yzcxYg10pO0s-GAKExM=] stopped vehicle NivaPickup Camo (id=3CE0A777B548C8549ABFC3AE1D142E99 pos=<5622.678711, 28.763388, 5360.966797>)
01:52:18.869 [VehicleLeave] Player MaxCaliber [uid=s7vJf2NuCNme1MUM_sgLr2G3yzcxYg10pO0s-GAKExM=] left vehicle NivaPickup Camo (id=3CE0A777B548C8549ABFC3AE1D142E99 pos=<5622.676758, 28.763391, 5360.965332>)
01:52:36.679 [Market] Player "MaxCaliber" (id=s7vJf2NuCNme1MUM_sgLr2G3yzcxYg10pO0s-GAKExM=) has send a requested to purchase wrench x1 from the trader "BuildingSupplies (Indar [Building Trader])" in market zone "The Holler" (pos=<5632.000000, 32.000000, 5392.000000>).
01:52:36.794 [Market] Player "MaxCaliber" (id=s7vJf2NuCNme1MUM_sgLr2G3yzcxYg10pO0s-GAKExM=) has bought wrench x1 from the trader "BuildingSupplies (Indar [Building Trader])" in market zone "The Holler" (pos=<5632.000000, 32.000000, 5392.000000>) for a price of 6.
01:53:32.128 [Market] Player "MaxCaliber" (id=s7vJf2NuCNme1MUM_sgLr2G3yzcxYg10pO0s-GAKExM=) has send a requested to sell twp_l85a2 x1 at the trader "Weapons (Oliver [#STR_EXPANSION_MARKET_TRADER_WEAPONS])" in market zone "The Holler" (pos=<5632.000000, 32.000000, 5392.000000>).
01:53:32.238 [Market] Player "MaxCaliber" (id=s7vJf2NuCNme1MUM_sgLr2G3yzcxYg10pO0s-GAKExM=) has sold twp_l85a2 x1 at the trader "Weapons (Oliver [#STR_EXPANSION_MARKET_TRADER_WEAPONS])" in market zone "The Holler" (pos=<5632.000000, 32.000000, 5392.000000>) and got 1875.
01:53:36.657 [Market] Player "MaxCaliber" (id=s7vJf2NuCNme1MUM_sgLr2G3yzcxYg10pO0s-GAKExM=) has send a requested to sell ammobox_762x54_20rnd x1 at the trader "Weapons (Oliver [#STR_EXPANSION_MARKET_TRADER_WEAPONS])" in market zone "The Holler" (pos=<5632.000000, 32.000000, 5392.000000>).
01:53:36.791 [Market] Player "MaxCaliber" (id=s7vJf2NuCNme1MUM_sgLr2G3yzcxYg10pO0s-GAKExM=) has sold ammobox_762x54_20rnd x1 at the trader "Weapons (Oliver [#STR_EXPANSION_MARKET_TRADER_WEAPONS])" in market zone "The Holler" (pos=<5632.000000, 32.000000, 5392.000000>) and got 24.
01:54:10.120 [VehicleEnter] Player Captain Chaos [uid=KWl3ojgjStHOe3-iLRChpUG8crsNiNfei3BT6NCIfaw=] entered vehicle Sarka 120 (id=E6A4FCF64649F21E54FF6093765D8285 pos=<9611.544922, 3.017158, 3103.768311>) as driver
01:54:37.086 [VehicleEngine] Player Captain Chaos [uid=KWl3ojgjStHOe3-iLRChpUG8crsNiNfei3BT6NCIfaw=] started vehicle Sarka 120 (id=E6A4FCF64649F21E54FF6093765D8285 pos=<9611.544922, 3.017081, 3103.766357>)
01:55:21.715 [Market] Player "MaxCaliber" (id=s7vJf2NuCNme1MUM_sgLr2G3yzcxYg10pO0s-GAKExM=) has send a requested to purchase camonet x1 from the trader "BuildingSupplies (Indar [Building Trader])" in market zone "The Holler" (pos=<5632.000000, 32.000000, 5392.000000>).
01:55:21.829 [Market] Player "MaxCaliber" (id=s7vJf2NuCNme1MUM_sgLr2G3yzcxYg10pO0s-GAKExM=) has bought camonet x1 from the trader "BuildingSupplies (Indar [Building Trader])" in market zone "The Holler" (pos=<5632.000000, 32.000000, 5392.000000>) for a price of 1200.
01:55:46.272 [Market] Player "MaxCaliber" (id=s7vJf2NuCNme1MUM_sgLr2G3yzcxYg10pO0s-GAKExM=) has send a requested to purchase weaponcleaningkit x1 from the trader "BuildingSupplies (Indar [Building Trader])" in market zone "The Holler" (pos=<5632.000000, 32.000000, 5392.000000>).
01:55:46.420 [Market] Player "MaxCaliber" (id=s7vJf2NuCNme1MUM_sgLr2G3yzcxYg10pO0s-GAKExM=) has bought weaponcleaningkit x1 from the trader "BuildingSupplies (Indar [Building Trader])" in market zone "The Holler" (pos=<5632.000000, 32.000000, 5392.000000>) for a price of 280.
01:55:47.011 [Market] Player "MaxCaliber" (id=s7vJf2NuCNme1MUM_sgLr2G3yzcxYg10pO0s-GAKExM=) has send a requested to purchase weaponcleaningkit x1 from the trader "BuildingSupplies (Indar [Building Trader])" in market zone "The Holler" (pos=<5632.000000, 32.000000, 5392.000000>).
01:55:47.157 [Market] Player "MaxCaliber" (id=s7vJf2NuCNme1MUM_sgLr2G3yzcxYg10pO0s-GAKExM=) has bought weaponcleaningkit x1 from the trader "BuildingSupplies (Indar [Building Trader])" in market zone "The Holler" (pos=<5632.000000, 32.000000, 5392.000000>) for a price of 280.
01:55:47.806 [Market] Player "MaxCaliber" (id=s7vJf2NuCNme1MUM_sgLr2G3yzcxYg10pO0s-GAKExM=) has send a requested to purchase weaponcleaningkit x1 from the trader "BuildingSupplies (Indar [Building Trader])" in market zone "The Holler" (pos=<5632.000000, 32.000000, 5392.000000>).
01:55:47.930 [Market] Player "MaxCaliber" (id=s7vJf2NuCNme1MUM_sgLr2G3yzcxYg10pO0s-GAKExM=) has bought weaponcleaningkit x1 from the trader "BuildingSupplies (Indar [Building Trader])" in market zone "The Holler" (pos=<5632.000000, 32.000000, 5392.000000>) for a price of 280.
01:55:48.925 [Market] Player "MaxCaliber" (id=s7vJf2NuCNme1MUM_sgLr2G3yzcxYg10pO0s-GAKExM=) has send a requested to purchase weaponcleaningkit x1 from the trader "BuildingSupplies (Indar [Building Trader])" in market zone "The Holler" (pos=<5632.000000, 32.000000, 5392.000000>).
01:55:49.075 [Market] Player "MaxCaliber" (id=s7vJf2NuCNme1MUM_sgLr2G3yzcxYg10pO0s-GAKExM=) has bought weaponcleaningkit x1 from the trader "BuildingSupplies (Indar [Building Trader])" in market zone "The Holler" (pos=<5632.000000, 32.000000, 5392.000000>) for a price of 280.
01:56:13.900 [VehicleLeave] Player Dirtydan [uid=eZvdqnhxQZeB4Wvp7ko5cFy79bCUMACrCdUKq6S9F3w=] left vehicle Gunter 2 (id=2FE2BE752F4AE1CADA4982A7882ABFC3 pos=<10169.709961, 51.477238, 5118.913086>)
01:56:28.886 [VehicleCover] Player "Dirtydan" (id=eZvdqnhxQZeB4Wvp7ko5cFy79bCUMACrCdUKq6S9F3w= pos=<10138.786133, 52.900539, 5095.571289>) uncovered vehicle "ToyotaHilux_kamo2" (GlobalID=8000000080000000800000008000A78E pos=<10137.440430, 52.897121, 5093.589844>)!
01:56:30.134 [VehicleLeave] Player Condom Breath [uid=VsEWQWxzvcTpDLQgc9tVyxq5TiqDS9O3QehdBa_YkH8=] left vehicle Gunter 2 (id=2FE2BE752F4AE1CADA4982A7882ABFC3 pos=<10132.702148, 53.047676, 5097.497559>)
01:57:15.157 [VehicleLeave] Player Captain Chaos [uid=KWl3ojgjStHOe3-iLRChpUG8crsNiNfei3BT6NCIfaw=] left vehicle Sarka 120 (id=E6A4FCF64649F21E54FF6093765D8285 pos=<9744.491211, 6.026020, 4310.353516>)
01:57:37.802 [VehicleDeleted] ToyotaHilux_kamo2 (id=2876ED75284C669D3700B0948F633018 pos=<10137.438477, 52.897144, 5093.589355>)
01:57:37.802 [VehicleCover] Player "Dirtydan" (id=eZvdqnhxQZeB4Wvp7ko5cFy79bCUMACrCdUKq6S9F3w= pos=<10139.286133, 52.892967, 5094.043457>) covered vehicle "ToyotaHilux_kamo2" (GlobalID=8000000080000000800000008000A78E pos=<10137.438477, 52.897144, 5093.589355>)!
01:57:51.463 [VehicleCover] Player "Dirtydan" (id=eZvdqnhxQZeB4Wvp7ko5cFy79bCUMACrCdUKq6S9F3w= pos=<10138.824219, 52.897511, 5094.475098>) uncovered vehicle "ToyotaHilux_kamo2" (GlobalID=8000000080000000800000008000A78E pos=<10137.438477, 52.897144, 5093.589355>)!
01:57:55.399 [VehicleAttachments] Player Condom Breath (uid=VsEWQWxzvcTpDLQgc9tVyxq5TiqDS9O3QehdBa_YkH8=) detached Jerrycan (type=CanisterGasoline) from vehicle ToyotaHilux Camo2(id=57EEBFF0C940DCE443BDA9B785574A75 pos=<10137.436523, 52.897148, 5093.588867>)
01:58:09.855 [VehicleEnter] Player Captain Chaos [uid=KWl3ojgjStHOe3-iLRChpUG8crsNiNfei3BT6NCIfaw=] entered vehicle Sarka 120 (id=E6A4FCF64649F21E54FF6093765D8285 pos=<9744.491211, 6.026042, 4310.353027>) as driver
01:58:14.852 [VehicleEngine] Player Captain Chaos [uid=KWl3ojgjStHOe3-iLRChpUG8crsNiNfei3BT6NCIfaw=] started vehicle Sarka 120 (id=E6A4FCF64649F21E54FF6093765D8285 pos=<9744.491211, 6.026044, 4310.352539>)
01:58:15.676 [VehicleDeleted] ToyotaHilux_kamo2 (id=57EEBFF0C940DCE443BDA9B785574A75 pos=<10137.436523, 52.897148, 5093.588867>)
01:58:15.676 [VehicleCover] Player "Dirtydan" (id=eZvdqnhxQZeB4Wvp7ko5cFy79bCUMACrCdUKq6S9F3w= pos=<10139.025391, 52.896225, 5094.563477>) covered vehicle "ToyotaHilux_kamo2" (GlobalID=8000000080000000800000008000A78E pos=<10137.436523, 52.897148, 5093.588867>)!
01:58:31.695 [VehicleEnter] Player Condom Breath [uid=VsEWQWxzvcTpDLQgc9tVyxq5TiqDS9O3QehdBa_YkH8=] entered vehicle Gunter 2 (id=2FE2BE752F4AE1CADA4982A7882ABFC3 pos=<10132.702148, 53.047676, 5097.497070>) as driver
01:58:35.838 [VehicleLeave] Player Condom Breath [uid=VsEWQWxzvcTpDLQgc9tVyxq5TiqDS9O3QehdBa_YkH8=] left vehicle Gunter 2 (id=2FE2BE752F4AE1CADA4982A7882ABFC3 pos=<10132.702148, 53.047668, 5097.495605>)
01:58:57.665 [VehicleEnter] Player Condom Breath [uid=VsEWQWxzvcTpDLQgc9tVyxq5TiqDS9O3QehdBa_YkH8=] entered vehicle Gunter 2 (id=2FE2BE752F4AE1CADA4982A7882ABFC3 pos=<10132.702148, 53.047649, 5097.494629>) as driver
01:58:59.619 [VehicleEngine] Player Condom Breath [uid=VsEWQWxzvcTpDLQgc9tVyxq5TiqDS9O3QehdBa_YkH8=] started vehicle Gunter 2 (id=2FE2BE752F4AE1CADA4982A7882ABFC3 pos=<10132.702148, 53.047562, 5097.494141>)
01:59:07.813 [Market] Player "MaxCaliber" (id=s7vJf2NuCNme1MUM_sgLr2G3yzcxYg10pO0s-GAKExM=) has send a requested to purchase twp_ammobox_20x76_10rnd x1 from the trader "Weapons (Oliver [#STR_EXPANSION_MARKET_TRADER_WEAPONS])" in market zone "The Holler" (pos=<5632.000000, 32.000000, 5392.000000>).
01:59:07.946 [Market] Player "MaxCaliber" (id=s7vJf2NuCNme1MUM_sgLr2G3yzcxYg10pO0s-GAKExM=) has bought twp_ammobox_20x76_10rnd x1 from the trader "Weapons (Oliver [#STR_EXPANSION_MARKET_TRADER_WEAPONS])" in market zone "The Holler" (pos=<5632.000000, 32.000000, 5392.000000>) for a price of 120.
01:59:20.380 [Market] Player "MaxCaliber" (id=s7vJf2NuCNme1MUM_sgLr2G3yzcxYg10pO0s-GAKExM=) has send a requested to sell mosin9130 x1 at the trader "Weapons (Oliver [#STR_EXPANSION_MARKET_TRADER_WEAPONS])" in market zone "The Holler" (pos=<5632.000000, 32.000000, 5392.000000>).
01:59:20.512 [Market] Player "MaxCaliber" (id=s7vJf2NuCNme1MUM_sgLr2G3yzcxYg10pO0s-GAKExM=) has sold mosin9130 x1 at the trader "Weapons (Oliver [#STR_EXPANSION_MARKET_TRADER_WEAPONS])" in market zone "The Holler" (pos=<5632.000000, 32.000000, 5392.000000>) and got 961.
01:59:34.847 [VehicleEnter] Player Dirtydan [uid=eZvdqnhxQZeB4Wvp7ko5cFy79bCUMACrCdUKq6S9F3w=] entered vehicle Gunter 2 (id=2FE2BE752F4AE1CADA4982A7882ABFC3 pos=<10170.834961, 51.374405, 5118.128418>) as passenger
01:59:54.588 [VehicleLeave] Player Captain Chaos [uid=KWl3ojgjStHOe3-iLRChpUG8crsNiNfei3BT6NCIfaw=] left vehicle Sarka 120 (id=E6A4FCF64649F21E54FF6093765D8285 pos=<10229.651367, 42.591629, 5037.624512>)
02:00:18.889 [VehicleEnter] Player MaxCaliber [uid=s7vJf2NuCNme1MUM_sgLr2G3yzcxYg10pO0s-GAKExM=] entered vehicle NivaPickup Camo (id=3CE0A777B548C8549ABFC3AE1D142E99 pos=<5622.676270, 28.763391, 5360.963379>) as driver
02:00:24.729 [VehicleEngine] Player MaxCaliber [uid=s7vJf2NuCNme1MUM_sgLr2G3yzcxYg10pO0s-GAKExM=] started vehicle NivaPickup Camo (id=3CE0A777B548C8549ABFC3AE1D142E99 pos=<5622.676270, 28.763391, 5360.963867>)
02:00:56.343 [Safezone] Player "MaxCaliber" (id=s7vJf2NuCNme1MUM_sgLr2G3yzcxYg10pO0s-GAKExM= pos=<5613.922363, 16.929945, 5685.690918>) Left the safezone
02:01:18.388 [VehicleEnter] Player Captain Chaos [uid=KWl3ojgjStHOe3-iLRChpUG8crsNiNfei3BT6NCIfaw=] entered vehicle Sarka 120 (id=E6A4FCF64649F21E54FF6093765D8285 pos=<10229.648438, 42.589714, 5037.579590>) as driver
02:01:21.228 [VehicleEngine] Player Captain Chaos [uid=KWl3ojgjStHOe3-iLRChpUG8crsNiNfei3BT6NCIfaw=] started vehicle Sarka 120 (id=E6A4FCF64649F21E54FF6093765D8285 pos=<10229.644531, 42.586056, 5037.531250>)
02:03:30.496 [VehicleEngine] Player MaxCaliber [uid=s7vJf2NuCNme1MUM_sgLr2G3yzcxYg10pO0s-GAKExM=] stopped vehicle NivaPickup Camo (id=3CE0A777B548C8549ABFC3AE1D142E99 pos=<6386.482422, 15.153432, 6201.676758>)
02:03:34.429 [VehicleLeave] Player MaxCaliber [uid=s7vJf2NuCNme1MUM_sgLr2G3yzcxYg10pO0s-GAKExM=] left vehicle NivaPickup Camo (id=3CE0A777B548C8549ABFC3AE1D142E99 pos=<6386.484375, 15.153440, 6201.676758>)
02:03:47.761 [VehicleLeave] Player Captain Chaos [uid=KWl3ojgjStHOe3-iLRChpUG8crsNiNfei3BT6NCIfaw=] left vehicle Sarka 120 (id=E6A4FCF64649F21E54FF6093765D8285 pos=<9866.538086, 35.123730, 5598.187500>)
02:05:53.468 [VehicleEnter] Player Captain Chaos [uid=KWl3ojgjStHOe3-iLRChpUG8crsNiNfei3BT6NCIfaw=] entered vehicle Sarka 120 (id=E6A4FCF64649F21E54FF6093765D8285 pos=<9866.538086, 35.123726, 5598.187988>) as driver
02:05:56.032 [VehicleEnter] Player MaxCaliber [uid=s7vJf2NuCNme1MUM_sgLr2G3yzcxYg10pO0s-GAKExM=] entered vehicle NivaPickup Camo (id=3CE0A777B548C8549ABFC3AE1D142E99 pos=<6386.478516, 15.153425, 6201.677246>) as driver
02:05:57.150 [VehicleEngine] Player Captain Chaos [uid=KWl3ojgjStHOe3-iLRChpUG8crsNiNfei3BT6NCIfaw=] started vehicle Sarka 120 (id=E6A4FCF64649F21E54FF6093765D8285 pos=<9866.539063, 35.123768, 5598.188477>)
02:05:58.836 [VehicleEngine] Player MaxCaliber [uid=s7vJf2NuCNme1MUM_sgLr2G3yzcxYg10pO0s-GAKExM=] started vehicle NivaPickup Camo (id=3CE0A777B548C8549ABFC3AE1D142E99 pos=<6386.478516, 15.153423, 6201.677246>)
02:06:45.879 [VehicleLeave] Player Dirtydan [uid=eZvdqnhxQZeB4Wvp7ko5cFy79bCUMACrCdUKq6S9F3w=] left vehicle Gunter 2 (id=2FE2BE752F4AE1CADA4982A7882ABFC3 pos=<6580.033691, 15.672540, 6568.713379>)
02:06:49.341 [VehicleLeave] Player Condom Breath [uid=VsEWQWxzvcTpDLQgc9tVyxq5TiqDS9O3QehdBa_YkH8=] left vehicle Gunter 2 (id=2FE2BE752F4AE1CADA4982A7882ABFC3 pos=<6580.034180, 15.672214, 6568.701172>)
02:07:00.478 [VehicleEnter] Player Dirtydan [uid=eZvdqnhxQZeB4Wvp7ko5cFy79bCUMACrCdUKq6S9F3w=] entered vehicle Gunter 2 (id=2FE2BE752F4AE1CADA4982A7882ABFC3 pos=<6580.034180, 15.672248, 6568.699707>) as passenger
02:07:07.355 [VehicleEnter] Player Condom Breath [uid=VsEWQWxzvcTpDLQgc9tVyxq5TiqDS9O3QehdBa_YkH8=] entered vehicle Gunter 2 (id=2FE2BE752F4AE1CADA4982A7882ABFC3 pos=<6580.034180, 15.672104, 6568.694824>) as driver
02:07:09.268 [VehicleEngine] Player Condom Breath [uid=VsEWQWxzvcTpDLQgc9tVyxq5TiqDS9O3QehdBa_YkH8=] started vehicle Gunter 2 (id=2FE2BE752F4AE1CADA4982A7882ABFC3 pos=<6580.034180, 15.672010, 6568.690430>)
02:07:14.585 [VehicleLeave] Player Captain Chaos [uid=KWl3ojgjStHOe3-iLRChpUG8crsNiNfei3BT6NCIfaw=] left vehicle Sarka 120 (id=E6A4FCF64649F21E54FF6093765D8285 pos=<9398.509766, 26.726021, 5254.524414>)
02:08:01.182 [VehicleEngine] Player MaxCaliber [uid=s7vJf2NuCNme1MUM_sgLr2G3yzcxYg10pO0s-GAKExM=] stopped vehicle NivaPickup Camo (id=3CE0A777B548C8549ABFC3AE1D142E99 pos=<6411.112793, 20.483425, 6575.887695>)
02:08:04.364 [VehicleLeave] Player MaxCaliber [uid=s7vJf2NuCNme1MUM_sgLr2G3yzcxYg10pO0s-GAKExM=] left vehicle NivaPickup Camo (id=3CE0A777B548C8549ABFC3AE1D142E99 pos=<6411.112793, 20.483397, 6575.890625>)
02:08:59.878 [VehicleEnter] Player Captain Chaos [uid=KWl3ojgjStHOe3-iLRChpUG8crsNiNfei3BT6NCIfaw=] entered vehicle Sarka 120 (id=E6A4FCF64649F21E54FF6093765D8285 pos=<9398.509766, 26.726019, 5254.524414>) as driver
02:09:02.729 [VehicleEngine] Player Captain Chaos [uid=KWl3ojgjStHOe3-iLRChpUG8crsNiNfei3BT6NCIfaw=] started vehicle Sarka 120 (id=E6A4FCF64649F21E54FF6093765D8285 pos=<9398.509766, 26.726019, 5254.524414>)
02:09:28.734 [VehicleEnter] Player MaxCaliber [uid=s7vJf2NuCNme1MUM_sgLr2G3yzcxYg10pO0s-GAKExM=] entered vehicle NivaPickup Camo (id=3CE0A777B548C8549ABFC3AE1D142E99 pos=<6411.112305, 20.483389, 6575.884277>) as driver
02:09:32.444 [VehicleEngine] Player MaxCaliber [uid=s7vJf2NuCNme1MUM_sgLr2G3yzcxYg10pO0s-GAKExM=] started vehicle NivaPickup Camo (id=3CE0A777B548C8549ABFC3AE1D142E99 pos=<6411.112305, 20.483391, 6575.886719>)
02:11:26.403 [VehicleLeave] Player Captain Chaos [uid=KWl3ojgjStHOe3-iLRChpUG8crsNiNfei3BT6NCIfaw=] left vehicle Sarka 120 (id=E6A4FCF64649F21E54FF6093765D8285 pos=<8679.339844, 20.332123, 5081.575195>)
02:12:59.741 [VehicleEnter] Player Captain Chaos [uid=KWl3ojgjStHOe3-iLRChpUG8crsNiNfei3BT6NCIfaw=] entered vehicle Sarka 120 (id=E6A4FCF64649F21E54FF6093765D8285 pos=<8679.336914, 20.330599, 5081.623047>) as driver
02:13:03.432 [VehicleEngine] Player Captain Chaos [uid=KWl3ojgjStHOe3-iLRChpUG8crsNiNfei3BT6NCIfaw=] started vehicle Sarka 120 (id=E6A4FCF64649F21E54FF6093765D8285 pos=<8679.332031, 20.328413, 5081.693359>)
02:13:03.987 [VehicleEngine] Player MaxCaliber [uid=s7vJf2NuCNme1MUM_sgLr2G3yzcxYg10pO0s-GAKExM=] stopped vehicle NivaPickup Camo (id=3CE0A777B548C8549ABFC3AE1D142E99 pos=<5397.732422, 2.608238, 7538.554199>)
02:13:08.586 [VehicleLeave] Player MaxCaliber [uid=s7vJf2NuCNme1MUM_sgLr2G3yzcxYg10pO0s-GAKExM=] left vehicle NivaPickup Camo (id=3CE0A777B548C8549ABFC3AE1D142E99 pos=<5397.732422, 2.608235, 7538.554199>)
02:13:13.985 [VehicleCarKey] Player "MaxCaliber" (id=s7vJf2NuCNme1MUM_sgLr2G3yzcxYg10pO0s-GAKExM= pos=<5396.455566, 2.560057, 7539.924805>) used the  ExpansionCarKey to lock NivaPickup_kamo (id=3CE0A777B548C8549ABFC3AE1D142E99 pos=<5397.732910, 2.608234, 7538.554199>)
02:16:38.520 [VehicleCarKey] Player "MaxCaliber" (id=s7vJf2NuCNme1MUM_sgLr2G3yzcxYg10pO0s-GAKExM= pos=<5396.041504, 2.576089, 7538.890137>) used the  ExpansionCarKey to unlock NivaPickup_kamo (id=3CE0A777B548C8549ABFC3AE1D142E99 pos=<5397.732910, 2.608234, 7538.554199>)
02:16:44.147 [VehicleEnter] Player MaxCaliber [uid=s7vJf2NuCNme1MUM_sgLr2G3yzcxYg10pO0s-GAKExM=] entered vehicle NivaPickup Camo (id=3CE0A777B548C8549ABFC3AE1D142E99 pos=<5397.735352, 2.608240, 7538.552246>) as driver
02:16:47.011 [VehicleEngine] Player MaxCaliber [uid=s7vJf2NuCNme1MUM_sgLr2G3yzcxYg10pO0s-GAKExM=] started vehicle NivaPickup Camo (id=3CE0A777B548C8549ABFC3AE1D142E99 pos=<5397.735840, 2.608236, 7538.552246>)
02:17:22.453 [VehicleEngine] Player MaxCaliber [uid=s7vJf2NuCNme1MUM_sgLr2G3yzcxYg10pO0s-GAKExM=] stopped vehicle NivaPickup Camo (id=3CE0A777B548C8549ABFC3AE1D142E99 pos=<5430.611328, 2.800025, 7734.744629>)
02:17:25.833 [VehicleLeave] Player MaxCaliber [uid=s7vJf2NuCNme1MUM_sgLr2G3yzcxYg10pO0s-GAKExM=] left vehicle NivaPickup Camo (id=3CE0A777B548C8549ABFC3AE1D142E99 pos=<5430.609375, 2.800012, 7734.746094>)
02:17:46.082 [VehicleLeave] Player Dirtydan [uid=eZvdqnhxQZeB4Wvp7ko5cFy79bCUMACrCdUKq6S9F3w=] left vehicle Gunter 2 (id=2FE2BE752F4AE1CADA4982A7882ABFC3 pos=<11146.886719, 5.423502, 10223.755859>)
02:18:27.892 [VehicleEnter] Player Dirtydan [uid=eZvdqnhxQZeB4Wvp7ko5cFy79bCUMACrCdUKq6S9F3w=] entered vehicle Gunter 2 (id=2FE2BE752F4AE1CADA4982A7882ABFC3 pos=<11147.345703, 5.423477, 10223.140625>) as passenger
02:20:50.480 [VehicleLeave] Player Condom Breath [uid=VsEWQWxzvcTpDLQgc9tVyxq5TiqDS9O3QehdBa_YkH8=] left vehicle Gunter 2 (id=2FE2BE752F4AE1CADA4982A7882ABFC3 pos=<12453.423828, 6.578471, 9926.553711>)
02:21:00.193 [VehicleLeave] Player Dirtydan [uid=eZvdqnhxQZeB4Wvp7ko5cFy79bCUMACrCdUKq6S9F3w=] left vehicle Gunter 2 (id=2FE2BE752F4AE1CADA4982A7882ABFC3 pos=<12453.423828, 6.578499, 9926.553711>)
02:26:42.125 [VehicleEnter] Player MaxCaliber [uid=s7vJf2NuCNme1MUM_sgLr2G3yzcxYg10pO0s-GAKExM=] entered vehicle NivaPickup Camo (id=3CE0A777B548C8549ABFC3AE1D142E99 pos=<5430.609863, 2.800014, 7734.744629>) as driver
02:26:44.897 [VehicleEngine] Player MaxCaliber [uid=s7vJf2NuCNme1MUM_sgLr2G3yzcxYg10pO0s-GAKExM=] started vehicle NivaPickup Camo (id=3CE0A777B548C8549ABFC3AE1D142E99 pos=<5430.611328, 2.800023, 7734.743652>)
02:27:32.521 [VehicleEngine] Player Captain Chaos [uid=KWl3ojgjStHOe3-iLRChpUG8crsNiNfei3BT6NCIfaw=] started vehicle Sarka 120 (id=E6A4FCF64649F21E54FF6093765D8285 pos=<4540.068359, 3.347109, 2740.923340>)
02:27:41.541 [VehicleEngine] Player MaxCaliber [uid=s7vJf2NuCNme1MUM_sgLr2G3yzcxYg10pO0s-GAKExM=] stopped vehicle NivaPickup Camo (id=3CE0A777B548C8549ABFC3AE1D142E99 pos=<5186.953613, 19.873774, 7723.231445>)
02:27:45.304 [VehicleLeave] Player MaxCaliber [uid=s7vJf2NuCNme1MUM_sgLr2G3yzcxYg10pO0s-GAKExM=] left vehicle NivaPickup Camo (id=3CE0A777B548C8549ABFC3AE1D142E99 pos=<5186.954102, 19.873682, 7723.229004>)
02:29:07.928 [VehicleLeave] Player Captain Chaos [uid=KWl3ojgjStHOe3-iLRChpUG8crsNiNfei3BT6NCIfaw=] left vehicle Sarka 120 (id=E6A4FCF64649F21E54FF6093765D8285 pos=<4487.632813, 13.557148, 2204.589844>)
02:29:29.076 [VehicleEnter] Player MaxCaliber [uid=s7vJf2NuCNme1MUM_sgLr2G3yzcxYg10pO0s-GAKExM=] entered vehicle NivaPickup Camo (id=3CE0A777B548C8549ABFC3AE1D142E99 pos=<5186.956055, 19.873495, 7723.226074>) as driver
02:29:34.449 [VehicleEngine] Player MaxCaliber [uid=s7vJf2NuCNme1MUM_sgLr2G3yzcxYg10pO0s-GAKExM=] started vehicle NivaPickup Camo (id=3CE0A777B548C8549ABFC3AE1D142E99 pos=<5186.955566, 19.873552, 7723.227539>)
02:29:46.912 [VehicleEnter] Player Captain Chaos [uid=KWl3ojgjStHOe3-iLRChpUG8crsNiNfei3BT6NCIfaw=] entered vehicle Sarka 120 (id=E6A4FCF64649F21E54FF6093765D8285 pos=<4487.631348, 13.556219, 2204.606201>) as driver
02:29:53.623 [VehicleEngine] Player Captain Chaos [uid=KWl3ojgjStHOe3-iLRChpUG8crsNiNfei3BT6NCIfaw=] started vehicle Sarka 120 (id=E6A4FCF64649F21E54FF6093765D8285 pos=<4487.635254, 13.554113, 2204.646973>)
02:30:38.506 [VehicleEngine] Player Captain Chaos [uid=KWl3ojgjStHOe3-iLRChpUG8crsNiNfei3BT6NCIfaw=] stopped vehicle Sarka 120 (id=E6A4FCF64649F21E54FF6093765D8285 pos=<4750.292969, 12.448144, 2065.873291>)
02:30:44.438 [VehicleLeave] Player Captain Chaos [uid=KWl3ojgjStHOe3-iLRChpUG8crsNiNfei3BT6NCIfaw=] left vehicle Sarka 120 (id=E6A4FCF64649F21E54FF6093765D8285 pos=<4751.827148, 12.326493, 2064.861572>)
02:30:46.200 [VehicleEngine] Player MaxCaliber [uid=s7vJf2NuCNme1MUM_sgLr2G3yzcxYg10pO0s-GAKExM=] stopped vehicle NivaPickup Camo (id=3CE0A777B548C8549ABFC3AE1D142E99 pos=<4829.529785, 17.903391, 7608.442383>)
02:30:49.527 [VehicleLeave] Player MaxCaliber [uid=s7vJf2NuCNme1MUM_sgLr2G3yzcxYg10pO0s-GAKExM=] left vehicle NivaPickup Camo (id=3CE0A777B548C8549ABFC3AE1D142E99 pos=<4829.532227, 17.903389, 7608.441895>)
02:30:53.791 [VehicleCarKey] Player "Captain Chaos" (id=KWl3ojgjStHOe3-iLRChpUG8crsNiNfei3BT6NCIfaw= pos=<4752.117188, 12.399820, 2066.737061>) used the  ExpansionCarKey to lock Sedan_02 (id=E6A4FCF64649F21E54FF6093765D8285 pos=<4751.835449, 12.326050, 2064.859863>)
02:31:58.619 [VehicleEnter] Player MaxCaliber [uid=s7vJf2NuCNme1MUM_sgLr2G3yzcxYg10pO0s-GAKExM=] entered vehicle NivaPickup Camo (id=3CE0A777B548C8549ABFC3AE1D142E99 pos=<4829.534668, 17.903387, 7608.438965>) as driver
02:32:01.434 [VehicleEngine] Player MaxCaliber [uid=s7vJf2NuCNme1MUM_sgLr2G3yzcxYg10pO0s-GAKExM=] started vehicle NivaPickup Camo (id=3CE0A777B548C8549ABFC3AE1D142E99 pos=<4829.535645, 17.903385, 7608.438965>)
02:35:20.582 [VehicleEnter] Player Dirtydan [uid=eZvdqnhxQZeB4Wvp7ko5cFy79bCUMACrCdUKq6S9F3w=] entered vehicle UH-1H (id=B6FAB1F55C4824ED115248A9E03B7DF6 pos=<13455.754883, 13.027211, 9958.754883>) as pilot
02:35:26.064 [VehicleEnter] Player Condom Breath [uid=VsEWQWxzvcTpDLQgc9tVyxq5TiqDS9O3QehdBa_YkH8=] entered vehicle UH-1H (id=B6FAB1F55C4824ED115248A9E03B7DF6 pos=<13455.754883, 13.027186, 9958.754883>) as passenger
02:36:00.220 [VehicleEngine] Player Dirtydan [uid=eZvdqnhxQZeB4Wvp7ko5cFy79bCUMACrCdUKq6S9F3w=] started vehicle UH-1H (id=B6FAB1F55C4824ED115248A9E03B7DF6 pos=<13455.753906, 13.027275, 9958.753906>)
02:39:00.429 [VehicleLeave] Player MaxCaliber [uid=s7vJf2NuCNme1MUM_sgLr2G3yzcxYg10pO0s-GAKExM=] left vehicle NivaPickup Camo (id=3CE0A777B548C8549ABFC3AE1D142E99 pos=<5525.261719, 14.674645, 8407.601563>)
02:40:57.730 [VehicleEnter] Player MaxCaliber [uid=s7vJf2NuCNme1MUM_sgLr2G3yzcxYg10pO0s-GAKExM=] entered vehicle NivaPickup Camo (id=3CE0A777B548C8549ABFC3AE1D142E99 pos=<5525.268555, 14.674654, 8407.602539>) as driver
02:41:00.257 [VehicleEngine] Player MaxCaliber [uid=s7vJf2NuCNme1MUM_sgLr2G3yzcxYg10pO0s-GAKExM=] started vehicle NivaPickup Camo (id=3CE0A777B548C8549ABFC3AE1D142E99 pos=<5525.266113, 14.674645, 8407.602539>)
02:41:13.227 [Safezone] Player "Dirtydan" (id=eZvdqnhxQZeB4Wvp7ko5cFy79bCUMACrCdUKq6S9F3w= pos=<10317.333008, 737.513367, 5643.336426>) Entered the safezone
02:41:13.227 [Safezone] Player "Condom Breath" (id=VsEWQWxzvcTpDLQgc9tVyxq5TiqDS9O3QehdBa_YkH8= pos=<10318.301758, 737.501770, 5642.858398>) Entered the safezone
02:41:24.423 [Safezone] Player "Dirtydan" (id=eZvdqnhxQZeB4Wvp7ko5cFy79bCUMACrCdUKq6S9F3w= pos=<10487.141602, 762.249268, 5924.713379>) Left the safezone
02:41:24.423 [Safezone] Player "Condom Breath" (id=VsEWQWxzvcTpDLQgc9tVyxq5TiqDS9O3QehdBa_YkH8= pos=<10488.051758, 762.274292, 5924.130859>) Left the safezone
02:42:01.603 [VehicleCarKey] Player "Captain Chaos" (id=KWl3ojgjStHOe3-iLRChpUG8crsNiNfei3BT6NCIfaw= pos=<4751.718262, 12.375014, 2062.798828>) used the  ExpansionCarKey to unlock Sedan_02 (id=E6A4FCF64649F21E54FF6093765D8285 pos=<4751.835449, 12.326050, 2064.859863>)
02:42:19.174 [VehicleCarKey] Player "Captain Chaos" (id=KWl3ojgjStHOe3-iLRChpUG8crsNiNfei3BT6NCIfaw= pos=<4752.104492, 12.596530, 2063.131348>) used the  ExpansionCarKey to lock Sedan_02 (id=E6A4FCF64649F21E54FF6093765D8285 pos=<4751.854004, 12.352397, 2064.839844>)
02:42:44.344 [VehicleLeave] Player MaxCaliber [uid=s7vJf2NuCNme1MUM_sgLr2G3yzcxYg10pO0s-GAKExM=] left vehicle NivaPickup Camo (id=3CE0A777B548C8549ABFC3AE1D142E99 pos=<5405.642090, 14.802347, 8396.023438>)
02:42:45.897 [VehicleCarKey] Player "Captain Chaos" (id=KWl3ojgjStHOe3-iLRChpUG8crsNiNfei3BT6NCIfaw= pos=<4752.384277, 12.387143, 2067.112793>) used the  ExpansionCarKey to unlock Sedan_02 (id=E6A4FCF64649F21E54FF6093765D8285 pos=<4751.854004, 12.352397, 2064.839844>)
02:42:47.106 [VehicleCarKey] Player "Captain Chaos" (id=KWl3ojgjStHOe3-iLRChpUG8crsNiNfei3BT6NCIfaw= pos=<4752.384277, 12.387143, 2067.112793>) used the  ExpansionCarKey to lock Sedan_02 (id=E6A4FCF64649F21E54FF6093765D8285 pos=<4751.854004, 12.352397, 2064.839844>)
02:42:58.912 [VehicleEnter] Player MaxCaliber [uid=s7vJf2NuCNme1MUM_sgLr2G3yzcxYg10pO0s-GAKExM=] entered vehicle NivaPickup Camo (id=3CE0A777B548C8549ABFC3AE1D142E99 pos=<5405.640625, 14.802371, 8396.016602>) as driver
02:43:01.999 [VehicleEngine] Player MaxCaliber [uid=s7vJf2NuCNme1MUM_sgLr2G3yzcxYg10pO0s-GAKExM=] started vehicle NivaPickup Camo (id=3CE0A777B548C8549ABFC3AE1D142E99 pos=<5405.641602, 14.802366, 8396.016602>)
02:46:10.235 [VehicleEngine] Player Dirtydan [uid=eZvdqnhxQZeB4Wvp7ko5cFy79bCUMACrCdUKq6S9F3w=] stopped vehicle UH-1H (id=B6FAB1F55C4824ED115248A9E03B7DF6 pos=<10601.275391, 5.808296, 6595.674316>)
02:46:16.843 [VehicleLeave] Player Condom Breath [uid=VsEWQWxzvcTpDLQgc9tVyxq5TiqDS9O3QehdBa_YkH8=] left vehicle UH-1H (id=B6FAB1F55C4824ED115248A9E03B7DF6 pos=<10601.358398, 5.144899, 6595.833496>)
02:46:21.821 [VehicleLeave] Player Dirtydan [uid=eZvdqnhxQZeB4Wvp7ko5cFy79bCUMACrCdUKq6S9F3w=] left vehicle UH-1H (id=B6FAB1F55C4824ED115248A9E03B7DF6 pos=<10601.350586, 5.134048, 6595.828613>)
02:47:25.432 [VehicleEngine] Player MaxCaliber [uid=s7vJf2NuCNme1MUM_sgLr2G3yzcxYg10pO0s-GAKExM=] stopped vehicle NivaPickup Camo (id=3CE0A777B548C8549ABFC3AE1D142E99 pos=<7866.736328, 21.553379, 9134.575195>)
02:47:30.315 [VehicleLeave] Player MaxCaliber [uid=s7vJf2NuCNme1MUM_sgLr2G3yzcxYg10pO0s-GAKExM=] left vehicle NivaPickup Camo (id=3CE0A777B548C8549ABFC3AE1D142E99 pos=<7866.734375, 21.553392, 9134.576172>)
02:49:57.019 [VehicleEnter] Player MaxCaliber [uid=s7vJf2NuCNme1MUM_sgLr2G3yzcxYg10pO0s-GAKExM=] entered vehicle NivaPickup Camo (id=3CE0A777B548C8549ABFC3AE1D142E99 pos=<7866.736328, 21.553391, 9134.571289>) as driver
02:49:59.667 [VehicleEngine] Player MaxCaliber [uid=s7vJf2NuCNme1MUM_sgLr2G3yzcxYg10pO0s-GAKExM=] started vehicle NivaPickup Camo (id=3CE0A777B548C8549ABFC3AE1D142E99 pos=<7866.734863, 21.553396, 9134.572266>)
02:50:19.019 [VehicleEngine] Player MaxCaliber [uid=s7vJf2NuCNme1MUM_sgLr2G3yzcxYg10pO0s-GAKExM=] stopped vehicle NivaPickup Camo (id=3CE0A777B548C8549ABFC3AE1D142E99 pos=<7987.950684, 21.543510, 9209.280273>)
02:50:23.751 [VehicleLeave] Player MaxCaliber [uid=s7vJf2NuCNme1MUM_sgLr2G3yzcxYg10pO0s-GAKExM=] left vehicle NivaPickup Camo (id=3CE0A777B548C8549ABFC3AE1D142E99 pos=<7987.950684, 21.543510, 9209.281250>)
02:52:18.664 [VehicleEnter] Player MaxCaliber [uid=s7vJf2NuCNme1MUM_sgLr2G3yzcxYg10pO0s-GAKExM=] entered vehicle NivaPickup Camo (id=3CE0A777B548C8549ABFC3AE1D142E99 pos=<7987.950684, 21.543499, 9209.277344>) as driver
02:52:21.185 [VehicleEngine] Player MaxCaliber [uid=s7vJf2NuCNme1MUM_sgLr2G3yzcxYg10pO0s-GAKExM=] started vehicle NivaPickup Camo (id=3CE0A777B548C8549ABFC3AE1D142E99 pos=<7987.950684, 21.543510, 9209.281250>)
02:53:06.868 [VehicleEngine] Player MaxCaliber [uid=s7vJf2NuCNme1MUM_sgLr2G3yzcxYg10pO0s-GAKExM=] stopped vehicle NivaPickup Camo (id=3CE0A777B548C8549ABFC3AE1D142E99 pos=<8089.347168, 12.536548, 9357.640625>)
02:53:11.318 [VehicleLeave] Player MaxCaliber [uid=s7vJf2NuCNme1MUM_sgLr2G3yzcxYg10pO0s-GAKExM=] left vehicle NivaPickup Camo (id=3CE0A777B548C8549ABFC3AE1D142E99 pos=<8089.347168, 12.536543, 9357.640625>)
02:54:31.889 [VehicleEnter] Player MaxCaliber [uid=s7vJf2NuCNme1MUM_sgLr2G3yzcxYg10pO0s-GAKExM=] entered vehicle NivaPickup Camo (id=3CE0A777B548C8549ABFC3AE1D142E99 pos=<8089.349609, 12.536532, 9357.644531>) as driver
02:54:34.709 [VehicleEngine] Player MaxCaliber [uid=s7vJf2NuCNme1MUM_sgLr2G3yzcxYg10pO0s-GAKExM=] started vehicle NivaPickup Camo (id=3CE0A777B548C8549ABFC3AE1D142E99 pos=<8089.348145, 12.536541, 9357.640625>)
02:55:33.441 [VehicleEngine] Player MaxCaliber [uid=s7vJf2NuCNme1MUM_sgLr2G3yzcxYg10pO0s-GAKExM=] stopped vehicle NivaPickup Camo (id=3CE0A777B548C8549ABFC3AE1D142E99 pos=<8294.116211, 5.183387, 9306.373047>)
02:55:37.954 [VehicleLeave] Player MaxCaliber [uid=s7vJf2NuCNme1MUM_sgLr2G3yzcxYg10pO0s-GAKExM=] left vehicle NivaPickup Camo (id=3CE0A777B548C8549ABFC3AE1D142E99 pos=<8294.116211, 5.183387, 9306.370117>)
02:58:10.818 [VehicleEnter] Player Condom Breath [uid=VsEWQWxzvcTpDLQgc9tVyxq5TiqDS9O3QehdBa_YkH8=] entered vehicle UH-1H (id=B6FAB1F55C4824ED115248A9E03B7DF6 pos=<10601.323242, 5.132050, 6595.854004>) as passenger
02:58:12.822 [VehicleEnter] Player Dirtydan [uid=eZvdqnhxQZeB4Wvp7ko5cFy79bCUMACrCdUKq6S9F3w=] entered vehicle UH-1H (id=B6FAB1F55C4824ED115248A9E03B7DF6 pos=<10601.323242, 5.132026, 6595.854004>) as pilot
02:58:19.288 [VehicleEngine] Player Dirtydan [uid=eZvdqnhxQZeB4Wvp7ko5cFy79bCUMACrCdUKq6S9F3w=] started vehicle UH-1H (id=B6FAB1F55C4824ED115248A9E03B7DF6 pos=<10601.325195, 5.132048, 6595.853027>)
03:01:48.551 [VehicleCarKey] Player "Captain Chaos" (id=KWl3ojgjStHOe3-iLRChpUG8crsNiNfei3BT6NCIfaw= pos=<4749.682129, 12.533227, 2066.104004>) used the  ExpansionCarKey to unlock Sedan_02 (id=E6A4FCF64649F21E54FF6093765D8285 pos=<4751.854004, 12.352397, 2064.839844>)
03:02:12.892 [VehicleCarKey] Player "Captain Chaos" (id=KWl3ojgjStHOe3-iLRChpUG8crsNiNfei3BT6NCIfaw= pos=<4752.133789, 12.593673, 2063.055420>) used the  ExpansionCarKey to lock Sedan_02 (id=E6A4FCF64649F21E54FF6093765D8285 pos=<4751.854004, 12.352397, 2064.839844>)
03:02:19.350 [VehicleCarKey] Player "Captain Chaos" (id=KWl3ojgjStHOe3-iLRChpUG8crsNiNfei3BT6NCIfaw= pos=<4754.758301, 12.197845, 2064.314453>) used the  ExpansionCarKey to unlock Sedan_02 (id=E6A4FCF64649F21E54FF6093765D8285 pos=<4751.854004, 12.352397, 2064.839844>)
03:04:33.377 [VehicleEngine] Player Dirtydan [uid=eZvdqnhxQZeB4Wvp7ko5cFy79bCUMACrCdUKq6S9F3w=] stopped vehicle UH-1H (id=B6FAB1F55C4824ED115248A9E03B7DF6 pos=<10122.088867, 53.444561, 5107.370117>)
03:04:38.991 [VehicleLeave] Player Condom Breath [uid=VsEWQWxzvcTpDLQgc9tVyxq5TiqDS9O3QehdBa_YkH8=] left vehicle UH-1H (id=B6FAB1F55C4824ED115248A9E03B7DF6 pos=<10122.098633, 53.459709, 5107.369629>)
03:04:45.516 [VehicleLeave] Player Dirtydan [uid=eZvdqnhxQZeB4Wvp7ko5cFy79bCUMACrCdUKq6S9F3w=] left vehicle UH-1H (id=B6FAB1F55C4824ED115248A9E03B7DF6 pos=<10122.099609, 53.460293, 5107.369629>)
03:05:30.037 [VehicleCover] Player "Dirtydan" (id=eZvdqnhxQZeB4Wvp7ko5cFy79bCUMACrCdUKq6S9F3w= pos=<10139.415039, 52.889702, 5093.124512>) uncovered vehicle "ToyotaHilux_kamo2" (GlobalID=8000000080000000800000008000A78E pos=<10137.436523, 52.897148, 5093.588867>)!
03:05:51.418 [VehicleCarKey] Player "Dirtydan" (id=eZvdqnhxQZeB4Wvp7ko5cFy79bCUMACrCdUKq6S9F3w= pos=<10120.583008, 53.380302, 5104.867188>) paired a  ExpansionCarKey to ExpansionUh1h_Resistance (id=B6FAB1F55C4824ED115248A9E03B7DF6 pos=<10122.099609, 53.460289, 5107.370605>)
03:06:36.427 [Party] Player "Condom Breath" (id=VsEWQWxzvcTpDLQgc9tVyxq5TiqDS9O3QehdBa_YkH8=) left the party "Dirty Crew" (id=23 ownerUID=VsEWQWxzvcTpDLQgc9tVyxq5TiqDS9O3QehdBa_YkH8= ownerName=Condom Breath)
03:07:25.789 [VehicleCarKey] Player "Dirtydan" (id=eZvdqnhxQZeB4Wvp7ko5cFy79bCUMACrCdUKq6S9F3w= pos=<10138.988281, 52.893608, 5093.406250>) used the  ExpansionCarKey to lock ToyotaHilux_kamo2 (id=6C2BDCC9064D3347A68CD083C183DAFD pos=<10137.434570, 52.897152, 5093.588379>)
03:07:50.436 [VehicleDeleted] ToyotaHilux_kamo2 (id=6C2BDCC9064D3347A68CD083C183DAFD pos=<10137.434570, 52.897152, 5093.588379>)
03:07:50.437 [VehicleCover] Player "Dirtydan" (id=eZvdqnhxQZeB4Wvp7ko5cFy79bCUMACrCdUKq6S9F3w= pos=<10138.804688, 52.899517, 5095.219238>) covered vehicle "ToyotaHilux_kamo2" (GlobalID=8000000080000000800000008000A78E pos=<10137.434570, 52.897152, 5093.588379>)!
03:09:36.318 [VehicleEnter] Player MaxCaliber [uid=s7vJf2NuCNme1MUM_sgLr2G3yzcxYg10pO0s-GAKExM=] entered vehicle NivaPickup Camo (id=3CE0A777B548C8549ABFC3AE1D142E99 pos=<8294.115234, 5.183393, 9306.372070>) as driver
03:09:38.721 [VehicleEngine] Player MaxCaliber [uid=s7vJf2NuCNme1MUM_sgLr2G3yzcxYg10pO0s-GAKExM=] started vehicle NivaPickup Camo (id=3CE0A777B548C8549ABFC3AE1D142E99 pos=<8294.115234, 5.183393, 9306.372070>)
03:10:44.223 [VehicleEngine] Player MaxCaliber [uid=s7vJf2NuCNme1MUM_sgLr2G3yzcxYg10pO0s-GAKExM=] stopped vehicle NivaPickup Camo (id=3CE0A777B548C8549ABFC3AE1D142E99 pos=<8798.917969, 6.716913, 9416.480469>)
03:10:49.003 [VehicleLeave] Player MaxCaliber [uid=s7vJf2NuCNme1MUM_sgLr2G3yzcxYg10pO0s-GAKExM=] left vehicle NivaPickup Camo (id=3CE0A777B548C8549ABFC3AE1D142E99 pos=<8798.917969, 6.716918, 9416.481445>)
03:13:18.417 [VehicleEnter] Player MaxCaliber [uid=s7vJf2NuCNme1MUM_sgLr2G3yzcxYg10pO0s-GAKExM=] entered vehicle NivaPickup Camo (id=3CE0A777B548C8549ABFC3AE1D142E99 pos=<8798.917969, 6.716912, 9416.479492>) as driver
03:13:21.154 [VehicleEngine] Player MaxCaliber [uid=s7vJf2NuCNme1MUM_sgLr2G3yzcxYg10pO0s-GAKExM=] started vehicle NivaPickup Camo (id=3CE0A777B548C8549ABFC3AE1D142E99 pos=<8798.917969, 6.716913, 9416.480469>)
03:15:49.048 [VehicleEngine] Player MaxCaliber [uid=s7vJf2NuCNme1MUM_sgLr2G3yzcxYg10pO0s-GAKExM=] stopped vehicle NivaPickup Camo (id=3CE0A777B548C8549ABFC3AE1D142E99 pos=<9009.985352, 5.183388, 8827.521484>)
03:15:52.805 [VehicleLeave] Player MaxCaliber [uid=s7vJf2NuCNme1MUM_sgLr2G3yzcxYg10pO0s-GAKExM=] left vehicle NivaPickup Camo (id=3CE0A777B548C8549ABFC3AE1D142E99 pos=<9009.985352, 5.183387, 8827.521484>)
03:16:16.142 [VehicleEnter] Player Captain Chaos [uid=KWl3ojgjStHOe3-iLRChpUG8crsNiNfei3BT6NCIfaw=] entered vehicle Sarka 120 (id=E6A4FCF64649F21E54FF6093765D8285 pos=<4751.864258, 12.351613, 2064.826172>) as driver
03:16:23.978 [VehicleLeave] Player Captain Chaos [uid=KWl3ojgjStHOe3-iLRChpUG8crsNiNfei3BT6NCIfaw=] left vehicle Sarka 120 (id=E6A4FCF64649F21E54FF6093765D8285 pos=<4751.953613, 12.345290, 2064.755859>)
03:19:55.296 [VehicleEnter] Player MaxCaliber [uid=s7vJf2NuCNme1MUM_sgLr2G3yzcxYg10pO0s-GAKExM=] entered vehicle NivaPickup Camo (id=3CE0A777B548C8549ABFC3AE1D142E99 pos=<9009.986328, 5.183393, 8827.522461>) as driver
03:19:58.719 [VehicleEngine] Player MaxCaliber [uid=s7vJf2NuCNme1MUM_sgLr2G3yzcxYg10pO0s-GAKExM=] started vehicle NivaPickup Camo (id=3CE0A777B548C8549ABFC3AE1D142E99 pos=<9009.984375, 5.183388, 8827.522461>)
03:20:22.858 [VehicleAttachments] Player Captain Chaos (uid=KWl3ojgjStHOe3-iLRChpUG8crsNiNfei3BT6NCIfaw=) detached Car Radiator (type=CarRadiator) from vehicle Sarka 120(id=E6A4FCF64649F21E54FF6093765D8285 pos=<4751.965820, 12.344411, 2064.748779>)
03:21:22.409 [VehicleEnter] Player Captain Chaos [uid=KWl3ojgjStHOe3-iLRChpUG8crsNiNfei3BT6NCIfaw=] entered vehicle Sarka 120 (id=E6A4FCF64649F21E54FF6093765D8285 pos=<4751.990234, 12.342752, 2064.732910>) as driver
03:21:26.523 [VehicleLeave] Player Captain Chaos [uid=KWl3ojgjStHOe3-iLRChpUG8crsNiNfei3BT6NCIfaw=] left vehicle Sarka 120 (id=E6A4FCF64649F21E54FF6093765D8285 pos=<4752.045410, 12.338923, 2064.695557>)
03:24:14.818 [VehicleEnter] Player Captain Chaos [uid=KWl3ojgjStHOe3-iLRChpUG8crsNiNfei3BT6NCIfaw=] entered vehicle Sarka 120 (id=E6A4FCF64649F21E54FF6093765D8285 pos=<4752.072266, 12.336958, 2064.673828>) as driver
03:24:37.704 [VehicleEngine] Player Captain Chaos [uid=KWl3ojgjStHOe3-iLRChpUG8crsNiNfei3BT6NCIfaw=] started vehicle Sarka 120 (id=E6A4FCF64649F21E54FF6093765D8285 pos=<4752.308105, 12.320018, 2064.472168>)
03:25:44.839 [VehicleLeave] Player Captain Chaos [uid=KWl3ojgjStHOe3-iLRChpUG8crsNiNfei3BT6NCIfaw=] left vehicle Sarka 120 (id=E6A4FCF64649F21E54FF6093765D8285 pos=<4447.927246, 4.591439, 2288.593018>)
03:26:26.579 [VehicleEngine] Player MaxCaliber [uid=s7vJf2NuCNme1MUM_sgLr2G3yzcxYg10pO0s-GAKExM=] stopped vehicle NivaPickup Camo (id=3CE0A777B548C8549ABFC3AE1D142E99 pos=<9773.019531, 2.803376, 9601.362305>)
03:26:29.867 [VehicleLeave] Player MaxCaliber [uid=s7vJf2NuCNme1MUM_sgLr2G3yzcxYg10pO0s-GAKExM=] left vehicle NivaPickup Camo (id=3CE0A777B548C8549ABFC3AE1D142E99 pos=<9773.019531, 2.803395, 9601.365234>)
03:27:52.409 [VehicleEnter] Player MaxCaliber [uid=s7vJf2NuCNme1MUM_sgLr2G3yzcxYg10pO0s-GAKExM=] entered vehicle NivaPickup Camo (id=3CE0A777B548C8549ABFC3AE1D142E99 pos=<9773.019531, 2.803395, 9601.366211>) as driver
03:27:54.797 [VehicleEngine] Player MaxCaliber [uid=s7vJf2NuCNme1MUM_sgLr2G3yzcxYg10pO0s-GAKExM=] started vehicle NivaPickup Camo (id=3CE0A777B548C8549ABFC3AE1D142E99 pos=<9773.019531, 2.803388, 9601.363281>)
03:29:40.882 [VehicleEngine] Player MaxCaliber [uid=s7vJf2NuCNme1MUM_sgLr2G3yzcxYg10pO0s-GAKExM=] stopped vehicle NivaPickup Camo (id=3CE0A777B548C8549ABFC3AE1D142E99 pos=<10161.262695, 23.853390, 9941.441406>)
03:29:44.520 [VehicleLeave] Player MaxCaliber [uid=s7vJf2NuCNme1MUM_sgLr2G3yzcxYg10pO0s-GAKExM=] left vehicle NivaPickup Camo (id=3CE0A777B548C8549ABFC3AE1D142E99 pos=<10161.262695, 23.853388, 9941.440430>)
03:30:15.652 [VehicleEnter] Player Captain Chaos [uid=KWl3ojgjStHOe3-iLRChpUG8crsNiNfei3BT6NCIfaw=] entered vehicle Sarka 120 (id=E6A4FCF64649F21E54FF6093765D8285 pos=<4447.924316, 4.591253, 2288.592529>) as driver
03:30:19.333 [VehicleEngine] Player Captain Chaos [uid=KWl3ojgjStHOe3-iLRChpUG8crsNiNfei3BT6NCIfaw=] started vehicle Sarka 120 (id=E6A4FCF64649F21E54FF6093765D8285 pos=<4447.920410, 4.591110, 2288.592285>)
03:32:42.472 [VehicleEnter] Player MaxCaliber [uid=s7vJf2NuCNme1MUM_sgLr2G3yzcxYg10pO0s-GAKExM=] entered vehicle NivaPickup Camo (id=3CE0A777B548C8549ABFC3AE1D142E99 pos=<10161.262695, 23.853392, 9941.439453>) as driver
03:32:44.871 [VehicleEngine] Player MaxCaliber [uid=s7vJf2NuCNme1MUM_sgLr2G3yzcxYg10pO0s-GAKExM=] started vehicle NivaPickup Camo (id=3CE0A777B548C8549ABFC3AE1D142E99 pos=<10161.262695, 23.853392, 9941.439453>)
03:33:50.895 [VehicleLeave] Player Captain Chaos [uid=KWl3ojgjStHOe3-iLRChpUG8crsNiNfei3BT6NCIfaw=] left vehicle Sarka 120 (id=E6A4FCF64649F21E54FF6093765D8285 pos=<5187.337402, 24.426033, 2164.921875>)
03:35:54.632 [VehicleEnter] Player Captain Chaos [uid=KWl3ojgjStHOe3-iLRChpUG8crsNiNfei3BT6NCIfaw=] entered vehicle Sarka 120 (id=E6A4FCF64649F21E54FF6093765D8285 pos=<5187.337402, 24.426073, 2164.922363>) as driver
03:35:57.285 [VehicleEngine] Player Captain Chaos [uid=KWl3ojgjStHOe3-iLRChpUG8crsNiNfei3BT6NCIfaw=] started vehicle Sarka 120 (id=E6A4FCF64649F21E54FF6093765D8285 pos=<5187.337402, 24.426037, 2164.922852>)
03:37:03.659 [VehicleLeave] Player MaxCaliber [uid=s7vJf2NuCNme1MUM_sgLr2G3yzcxYg10pO0s-GAKExM=] left vehicle NivaPickup Camo (id=3CE0A777B548C8549ABFC3AE1D142E99 pos=<9525.141602, 23.238428, 8955.358398>)
03:37:23.875 [VehicleEnter] Player MaxCaliber [uid=s7vJf2NuCNme1MUM_sgLr2G3yzcxYg10pO0s-GAKExM=] entered vehicle NivaPickup Camo (id=3CE0A777B548C8549ABFC3AE1D142E99 pos=<9525.140625, 23.238430, 8955.357422>) as driver
03:37:26.477 [VehicleEngine] Player MaxCaliber [uid=s7vJf2NuCNme1MUM_sgLr2G3yzcxYg10pO0s-GAKExM=] started vehicle NivaPickup Camo (id=3CE0A777B548C8549ABFC3AE1D142E99 pos=<9525.140625, 23.238428, 8955.357422>)
03:38:56.645 [VehicleEngine] Player MaxCaliber [uid=s7vJf2NuCNme1MUM_sgLr2G3yzcxYg10pO0s-GAKExM=] stopped vehicle NivaPickup Camo (id=3CE0A777B548C8549ABFC3AE1D142E99 pos=<9536.712891, 23.194218, 8942.118164>)
03:39:00.998 [VehicleLeave] Player MaxCaliber [uid=s7vJf2NuCNme1MUM_sgLr2G3yzcxYg10pO0s-GAKExM=] left vehicle NivaPickup Camo (id=3CE0A777B548C8549ABFC3AE1D142E99 pos=<9536.712891, 23.194221, 8942.118164>)
03:39:09.815 [VehicleLeave] Player Captain Chaos [uid=KWl3ojgjStHOe3-iLRChpUG8crsNiNfei3BT6NCIfaw=] left vehicle Sarka 120 (id=E6A4FCF64649F21E54FF6093765D8285 pos=<6272.549805, 32.191154, 1949.019409>)
03:39:16.708 [VehicleCarKey] Player "Captain Chaos" (id=KWl3ojgjStHOe3-iLRChpUG8crsNiNfei3BT6NCIfaw= pos=<6271.409668, 32.233974, 1948.442017>) used the  ExpansionCarKey to lock Sedan_02 (id=E6A4FCF64649F21E54FF6093765D8285 pos=<6272.549805, 32.191143, 1949.019165>)
03:39:25.845 [VehicleCarKey] Player "MaxCaliber" (id=s7vJf2NuCNme1MUM_sgLr2G3yzcxYg10pO0s-GAKExM= pos=<9533.827148, 23.192364, 8939.637695>) used the  ExpansionCarKey to lock NivaPickup_kamo (id=3CE0A777B548C8549ABFC3AE1D142E99 pos=<9536.713867, 23.194199, 8942.118164>)
03:39:39.063 [VehicleDeleted] NivaPickup_kamo (id=3CE0A777B548C8549ABFC3AE1D142E99 pos=<9536.713867, 23.194199, 8942.118164>)
03:39:39.064 [VehicleCover] Player "MaxCaliber" (id=s7vJf2NuCNme1MUM_sgLr2G3yzcxYg10pO0s-GAKExM= pos=<9533.827148, 23.192364, 8939.637695>) covered vehicle "NivaPickup_kamo" (GlobalID=80000000800000008000000080004F77 pos=<9536.713867, 23.194199, 8942.118164>)!
03:40:18.442 [Party] Player "MaxCaliber" (id=s7vJf2NuCNme1MUM_sgLr2G3yzcxYg10pO0s-GAKExM=) left the party "Ragamuffins" (id=24 ownerUID=s7vJf2NuCNme1MUM_sgLr2G3yzcxYg10pO0s-GAKExM= ownerName=MaxCaliber)
03:40:48.981 [Party] Player "Dirtydan" (id=eZvdqnhxQZeB4Wvp7ko5cFy79bCUMACrCdUKq6S9F3w=) left the party "Dirty Crew" (id=23 ownerUID=VsEWQWxzvcTpDLQgc9tVyxq5TiqDS9O3QehdBa_YkH8= ownerName=Condom Breath)
03:45:53.407 [VehicleEnter] Player (ADMIN)BLUE [uid=OAdpPkJP2Ps_W7h2ttR1bK23ekHCzrxw0mDT3zqLMdU=] entered vehicle UH-1H (id=B6FAB1F55C4824ED115248A9E03B7DF6 pos=<10122.099609, 53.460297, 5107.371094>) as pilot
03:46:24.712 [MissionAirdrop] An airdrop is heading towards "Stonington" (pos=<6973.000000, 0.000000, 1701.000000> type=Random_Stonington) with a ExpansionAirdropContainer_Military
