20:49:07.289 [Expansion Quests] - InitQuestSystemClient - Loaded existing player quest data for player with UID: 4LNvemhkvMsn3fCjiyhQQrToOar0_hhH9f302w8wMNY=
20:49:07.289 [Expansion Quests] - LoadGroupQuestData - Created new persistent group quest data for group with ID: -1
21:04:11.281 [MissionAirdrop] An airdrop is heading towards "Kushville" (pos=<7630.000000, 0.000000, 3717.000000> type=Random_Kushville) with a ExpansionAirdropContainer
21:15:56.039 [Expansion Quests] - InitQuestSystemClient - Loaded existing player quest data for player with UID: 4LNvemhkvMsn3fCjiyhQQrToOar0_hhH9f302w8wMNY=
21:15:56.039 [Expansion Quests] - LoadGroupQuestData - Got cached group quest data for group with ID: -1
21:22:12.718 [AI Patrol] Spawning 3 Temple Patrol bots at <352.053558, 47.070000, 736.823242>
21:22:12.812 [AI Patrol] Spawning 3 Temple Patrol bots at <349.697174, 47.070000, 756.612549>
21:22:12.820 [AI Patrol] Spawning 3 Temple Patrol bots at <336.713562, 47.070000, 840.094543>
21:22:14.421 [VehicleEnter] Player MrGreen530 [uid=4LNvemhkvMsn3fCjiyhQQrToOar0_hhH9f302w8wMNY=] entered vehicle ToyotaHilux rust (id=3E4DFEC0BB465FDB797A2FB3A8E55287 pos=<3750.910889, 5.639811, 2526.787598>) as driver
21:22:19.789 [VehicleEngine] Player MrGreen530 [uid=4LNvemhkvMsn3fCjiyhQQrToOar0_hhH9f302w8wMNY=] started vehicle ToyotaHilux rust (id=3E4DFEC0BB465FDB797A2FB3A8E55287 pos=<3750.908936, 5.639796, 2526.786133>)
21:22:32.546 [VehicleLeave] Player MrGreen530 [uid=4LNvemhkvMsn3fCjiyhQQrToOar0_hhH9f302w8wMNY=] left vehicle ToyotaHilux rust (id=3E4DFEC0BB465FDB797A2FB3A8E55287 pos=<3771.367676, 5.561230, 2510.186523>)
21:22:45.914 [VehicleEnter] Player MrGreen530 [uid=4LNvemhkvMsn3fCjiyhQQrToOar0_hhH9f302w8wMNY=] entered vehicle ToyotaHilux rust (id=3E4DFEC0BB465FDB797A2FB3A8E55287 pos=<3771.367676, 5.561215, 2510.182129>) as driver
21:22:50.218 [VehicleEngine] Player MrGreen530 [uid=4LNvemhkvMsn3fCjiyhQQrToOar0_hhH9f302w8wMNY=] started vehicle ToyotaHilux rust (id=3E4DFEC0BB465FDB797A2FB3A8E55287 pos=<3771.367676, 5.561215, 2510.182129>)
21:24:55.609 [VehicleEngine] Player MrGreen530 [uid=4LNvemhkvMsn3fCjiyhQQrToOar0_hhH9f302w8wMNY=] stopped vehicle ToyotaHilux rust (id=3E4DFEC0BB465FDB797A2FB3A8E55287 pos=<4508.278809, 15.729952, 1662.685181>)
21:25:15.156 [VehicleLeave] Player MrGreen530 [uid=4LNvemhkvMsn3fCjiyhQQrToOar0_hhH9f302w8wMNY=] left vehicle ToyotaHilux rust (id=3E4DFEC0BB465FDB797A2FB3A8E55287 pos=<4508.276855, 15.729897, 1662.683838>)
21:25:22.796 [VehicleCarKey] Player "MrGreen530" (id=4LNvemhkvMsn3fCjiyhQQrToOar0_hhH9f302w8wMNY= pos=<4509.333008, 15.735283, 1664.393677>) used the  ExpansionCarKey to lock ToyotaHilux_rust (id=3E4DFEC0BB465FDB797A2FB3A8E55287 pos=<4508.279785, 15.729971, 1662.685791>)
21:27:49.281 [Expansion Quests] - InitQuestSystemClient - Created new persistent player quest data for player UID: 8Xp2uj5ZxNF55GgpLiN2OARJVn6kKpJE53oZMkC9IiQ=
21:27:49.281 [Expansion Quests] - LoadGroupQuestData - Got cached group quest data for group with ID: -1
21:27:58.093 [Expansion Quests] - InitQuestSystemClient - Loaded existing player quest data for player with UID: 4LNvemhkvMsn3fCjiyhQQrToOar0_hhH9f302w8wMNY=
21:27:58.093 [Expansion Quests] - LoadGroupQuestData - Got cached group quest data for group with ID: -1
21:28:07.507 [VehicleCarKey] Player "MrGreen530" (id=4LNvemhkvMsn3fCjiyhQQrToOar0_hhH9f302w8wMNY= pos=<4509.216309, 15.723648, 1665.323853>) used the  ExpansionCarKey to unlock ToyotaHilux_rust (id=3E4DFEC0BB465FDB797A2FB3A8E55287 pos=<4508.279785, 15.729971, 1662.685791>)
21:28:13.156 [VehicleEnter] Player MrGreen530 [uid=4LNvemhkvMsn3fCjiyhQQrToOar0_hhH9f302w8wMNY=] entered vehicle ToyotaHilux rust (id=3E4DFEC0BB465FDB797A2FB3A8E55287 pos=<4508.281250, 15.729980, 1662.685059>) as driver
21:28:19.750 [SpawnSelection] Player "Golden" (id=8Xp2uj5ZxNF55GgpLiN2OARJVn6kKpJE53oZMkC9IiQ=) spawned at <4717.020020, 9.865860, 1384.670044>
21:28:19.750 [AI Patrol] Spawning 3 Prison Island Patrol bots at <5273.625488, 17.861799, 563.058716>
21:28:20.226 [VehicleEngine] Player MrGreen530 [uid=4LNvemhkvMsn3fCjiyhQQrToOar0_hhH9f302w8wMNY=] started vehicle ToyotaHilux rust (id=3E4DFEC0BB465FDB797A2FB3A8E55287 pos=<4508.280273, 15.729965, 1662.684570>)
21:29:14.648 [VehicleEnter] Player Golden [uid=8Xp2uj5ZxNF55GgpLiN2OARJVn6kKpJE53oZMkC9IiQ=] entered vehicle ToyotaHilux rust (id=3E4DFEC0BB465FDB797A2FB3A8E55287 pos=<4707.905273, 8.306227, 1447.490601>) as passenger
21:31:52.578 [VehicleLeave] Player Golden [uid=8Xp2uj5ZxNF55GgpLiN2OARJVn6kKpJE53oZMkC9IiQ=] left vehicle ToyotaHilux rust (Locked) (id=3E4DFEC0BB465FDB797A2FB3A8E55287 pos=<3764.551270, 5.561038, 2507.464844>)
21:32:13.835 [VehicleEngine] Player MrGreen530 [uid=4LNvemhkvMsn3fCjiyhQQrToOar0_hhH9f302w8wMNY=] stopped vehicle ToyotaHilux rust (id=3E4DFEC0BB465FDB797A2FB3A8E55287 pos=<3764.551514, 5.561040, 2507.464844>)
21:32:18.601 [VehicleLeave] Player MrGreen530 [uid=4LNvemhkvMsn3fCjiyhQQrToOar0_hhH9f302w8wMNY=] left vehicle ToyotaHilux rust (id=3E4DFEC0BB465FDB797A2FB3A8E55287 pos=<3764.552246, 5.561047, 2507.465088>)
21:32:20.937 [VehicleCarKey] Player "MrGreen530" (id=4LNvemhkvMsn3fCjiyhQQrToOar0_hhH9f302w8wMNY= pos=<3766.911865, 5.558216, 2507.820068>) used the  ExpansionCarKey to lock ToyotaHilux_rust (id=3E4DFEC0BB465FDB797A2FB3A8E55287 pos=<3764.548340, 5.561018, 2507.464844>)
21:33:14.140 [Territory] Player "Golden" (id=8Xp2uj5ZxNF55GgpLiN2OARJVn6kKpJE53oZMkC9IiQ= pos=<3790.631104, 5.551552, 2514.351807>) was invited to join the territory Green Assassin's of America at <3773.701172, 5.517057, 2503.890869> by the player "MrGreen530" (id=4LNvemhkvMsn3fCjiyhQQrToOar0_hhH9f302w8wMNY=)
21:35:01.109 [VehicleCarKey] Player "MrGreen530" (id=4LNvemhkvMsn3fCjiyhQQrToOar0_hhH9f302w8wMNY= pos=<3766.685059, 5.558089, 2508.735840>) used the  ExpansionCarKey to unlock ToyotaHilux_rust (id=3E4DFEC0BB465FDB797A2FB3A8E55287 pos=<3764.548340, 5.561018, 2507.464844>)
21:35:06.273 [VehicleEnter] Player MrGreen530 [uid=4LNvemhkvMsn3fCjiyhQQrToOar0_hhH9f302w8wMNY=] entered vehicle ToyotaHilux rust (id=3E4DFEC0BB465FDB797A2FB3A8E55287 pos=<3764.547119, 5.561019, 2507.464844>) as driver
21:35:13.445 [VehicleEngine] Player MrGreen530 [uid=4LNvemhkvMsn3fCjiyhQQrToOar0_hhH9f302w8wMNY=] started vehicle ToyotaHilux rust (id=3E4DFEC0BB465FDB797A2FB3A8E55287 pos=<3764.550049, 5.561042, 2507.464844>)
21:35:28.046 [VehicleEngine] Player MrGreen530 [uid=4LNvemhkvMsn3fCjiyhQQrToOar0_hhH9f302w8wMNY=] stopped vehicle ToyotaHilux rust (id=3E4DFEC0BB465FDB797A2FB3A8E55287 pos=<3750.753174, 5.639794, 2526.500977>)
21:35:40.070 [VehicleLeave] Player MrGreen530 [uid=4LNvemhkvMsn3fCjiyhQQrToOar0_hhH9f302w8wMNY=] left vehicle ToyotaHilux rust (id=3E4DFEC0BB465FDB797A2FB3A8E55287 pos=<3750.756104, 5.639812, 2526.502686>)
21:39:53.234 [VehicleEnter] Player MrGreen530 [uid=4LNvemhkvMsn3fCjiyhQQrToOar0_hhH9f302w8wMNY=] entered vehicle ToyotaHilux rust (id=3E4DFEC0BB465FDB797A2FB3A8E55287 pos=<3750.752930, 5.639796, 2526.500732>) as driver
21:39:56.914 [VehicleEnter] Player Golden [uid=8Xp2uj5ZxNF55GgpLiN2OARJVn6kKpJE53oZMkC9IiQ=] entered vehicle ToyotaHilux rust (id=3E4DFEC0BB465FDB797A2FB3A8E55287 pos=<3750.755127, 5.639811, 2526.502197>) as passenger
21:39:58.898 [VehicleLeave] Player Golden [uid=8Xp2uj5ZxNF55GgpLiN2OARJVn6kKpJE53oZMkC9IiQ=] left vehicle ToyotaHilux rust (id=3E4DFEC0BB465FDB797A2FB3A8E55287 pos=<3750.752441, 5.639792, 2526.500244>)
21:40:18.765 [VehicleCarKey] Player "Golden" (id=8Xp2uj5ZxNF55GgpLiN2OARJVn6kKpJE53oZMkC9IiQ= pos=<3748.927490, 5.635048, 2525.621338>) used the  ExpansionCarKey to lock ToyotaHilux_rust (id=3E4DFEC0BB465FDB797A2FB3A8E55287 pos=<3750.755371, 5.639812, 2526.502197>)
21:40:23.039 [VehicleCarKey] Player "Golden" (id=8Xp2uj5ZxNF55GgpLiN2OARJVn6kKpJE53oZMkC9IiQ= pos=<3748.627930, 5.635048, 2524.639160>) used the  ExpansionCarKey to unlock ToyotaHilux_rust (id=3E4DFEC0BB465FDB797A2FB3A8E55287 pos=<3750.752930, 5.639795, 2526.500488>)
21:40:24.476 [VehicleCarKey] Player "Golden" (id=8Xp2uj5ZxNF55GgpLiN2OARJVn6kKpJE53oZMkC9IiQ= pos=<3748.627930, 5.635048, 2524.639160>) used the  ExpansionCarKey to lock ToyotaHilux_rust (id=3E4DFEC0BB465FDB797A2FB3A8E55287 pos=<3750.755371, 5.639814, 2526.502441>)
21:40:46.945 [VehicleCarKey] Player "Golden" (id=8Xp2uj5ZxNF55GgpLiN2OARJVn6kKpJE53oZMkC9IiQ= pos=<3752.652344, 5.635048, 2526.782471>) used the  ExpansionCarKey to unlock ToyotaHilux_rust (id=3E4DFEC0BB465FDB797A2FB3A8E55287 pos=<3750.752441, 5.639792, 2526.500244>)
21:40:50.796 [VehicleLeave] Player MrGreen530 [uid=4LNvemhkvMsn3fCjiyhQQrToOar0_hhH9f302w8wMNY=] left vehicle ToyotaHilux rust (id=3E4DFEC0BB465FDB797A2FB3A8E55287 pos=<3750.752441, 5.639792, 2526.500244>)
21:41:49.929 [VehicleCover] Player "MrGreen530" (id=4LNvemhkvMsn3fCjiyhQQrToOar0_hhH9f302w8wMNY= pos=<3755.590088, 5.635046, 2530.509766>) uncovered vehicle "Interceptor" (GlobalID=8000000080000000800000008002A9DB pos=<3754.372070, 5.525692, 2529.390869>)!
21:43:22.906 [VehicleCarKey] Player "MrGreen530" (id=4LNvemhkvMsn3fCjiyhQQrToOar0_hhH9f302w8wMNY= pos=<3760.041016, 5.635035, 2524.380371>) used the  ExpansionCarKey to unlock Interceptor (id=A746055F8049A6161A0BC581870A09CA pos=<3759.043701, 5.525712, 2522.349121>)
21:43:23.710 [VehicleEnter] Player Golden [uid=8Xp2uj5ZxNF55GgpLiN2OARJVn6kKpJE53oZMkC9IiQ=] entered vehicle ToyotaHilux rust (id=3E4DFEC0BB465FDB797A2FB3A8E55287 pos=<3750.756836, 5.639881, 2526.504639>) as driver
21:43:28.093 [VehicleCarKey] Player "MrGreen530" (id=4LNvemhkvMsn3fCjiyhQQrToOar0_hhH9f302w8wMNY= pos=<3760.113281, 5.635034, 2523.372803>) used the  ExpansionCarKey to lock Interceptor (id=A746055F8049A6161A0BC581870A09CA pos=<3759.043701, 5.525712, 2522.349121>)
21:43:29.765 [VehicleEngine] Player Golden [uid=8Xp2uj5ZxNF55GgpLiN2OARJVn6kKpJE53oZMkC9IiQ=] started vehicle ToyotaHilux rust (id=3E4DFEC0BB465FDB797A2FB3A8E55287 pos=<3750.756592, 5.639795, 2526.504150>)
21:43:30.421 [VehicleCarKey] Player "MrGreen530" (id=4LNvemhkvMsn3fCjiyhQQrToOar0_hhH9f302w8wMNY= pos=<3759.797852, 5.635035, 2524.288330>) used the  ExpansionCarKey to unlock Interceptor (id=A746055F8049A6161A0BC581870A09CA pos=<3759.043701, 5.525712, 2522.349121>)
21:43:37.750 [VehicleEnter] Player MrGreen530 [uid=4LNvemhkvMsn3fCjiyhQQrToOar0_hhH9f302w8wMNY=] entered vehicle Interceptor (id=A746055F8049A6161A0BC581870A09CA pos=<3759.043701, 5.525716, 2522.349121>) as driver
21:43:39.593 [VehicleEngine] Player MrGreen530 [uid=4LNvemhkvMsn3fCjiyhQQrToOar0_hhH9f302w8wMNY=] started vehicle Interceptor (id=A746055F8049A6161A0BC581870A09CA pos=<3759.043701, 5.525716, 2522.349121>)
21:43:50.515 [VehicleEngine] Player MrGreen530 [uid=4LNvemhkvMsn3fCjiyhQQrToOar0_hhH9f302w8wMNY=] stopped vehicle Interceptor (id=A746055F8049A6161A0BC581870A09CA pos=<3773.891846, 5.453551, 2513.075684>)
21:43:50.718 [VehicleEngine] Player Golden [uid=8Xp2uj5ZxNF55GgpLiN2OARJVn6kKpJE53oZMkC9IiQ=] stopped vehicle ToyotaHilux rust (id=3E4DFEC0BB465FDB797A2FB3A8E55287 pos=<3777.668945, 5.586819, 2524.138916>)
21:43:53.726 [VehicleLeave] Player MrGreen530 [uid=4LNvemhkvMsn3fCjiyhQQrToOar0_hhH9f302w8wMNY=] left vehicle Interceptor (id=A746055F8049A6161A0BC581870A09CA pos=<3773.892090, 5.453551, 2513.075439>)
21:43:54.445 [VehicleLeave] Player Golden [uid=8Xp2uj5ZxNF55GgpLiN2OARJVn6kKpJE53oZMkC9IiQ=] left vehicle ToyotaHilux rust (id=3E4DFEC0BB465FDB797A2FB3A8E55287 pos=<3777.666016, 5.586837, 2524.138672>)
21:44:05.257 [VehicleCarKey] Player "MrGreen530" (id=4LNvemhkvMsn3fCjiyhQQrToOar0_hhH9f302w8wMNY= pos=<3771.159668, 5.555845, 2513.582520>) used the  ExpansionCarKey to lock Interceptor (id=A746055F8049A6161A0BC581870A09CA pos=<3773.892090, 5.453550, 2513.075439>)
21:44:09.289 [VehicleCarKey] Player "Golden" (id=8Xp2uj5ZxNF55GgpLiN2OARJVn6kKpJE53oZMkC9IiQ= pos=<3775.624512, 5.582076, 2524.227295>) used the  ExpansionCarKey to lock ToyotaHilux_rust (id=3E4DFEC0BB465FDB797A2FB3A8E55287 pos=<3777.669434, 5.586817, 2524.138916>)
21:49:49.562 [VehicleCarKey] Player "Golden" (id=8Xp2uj5ZxNF55GgpLiN2OARJVn6kKpJE53oZMkC9IiQ= pos=<3775.835205, 5.582076, 2523.827393>) used the  ExpansionCarKey to unlock ToyotaHilux_rust (id=3E4DFEC0BB465FDB797A2FB3A8E55287 pos=<3777.669434, 5.586817, 2524.138916>)
21:50:02.687 [VehicleEnter] Player Golden [uid=8Xp2uj5ZxNF55GgpLiN2OARJVn6kKpJE53oZMkC9IiQ=] entered vehicle ToyotaHilux rust (id=3E4DFEC0BB465FDB797A2FB3A8E55287 pos=<3777.667725, 5.586836, 2524.138672>) as driver
21:50:33.453 [VehicleEngine] Player Golden [uid=8Xp2uj5ZxNF55GgpLiN2OARJVn6kKpJE53oZMkC9IiQ=] started vehicle ToyotaHilux rust (id=3E4DFEC0BB465FDB797A2FB3A8E55287 pos=<3777.669922, 5.586823, 2524.138916>)
21:50:45.500 [VehicleCarKey] Player "MrGreen530" (id=4LNvemhkvMsn3fCjiyhQQrToOar0_hhH9f302w8wMNY= pos=<3772.036377, 5.555548, 2513.805176>) used the  ExpansionCarKey to unlock Interceptor (id=A746055F8049A6161A0BC581870A09CA pos=<3773.892090, 5.453550, 2513.075439>)
21:50:52.000 [VehicleEnter] Player MrGreen530 [uid=4LNvemhkvMsn3fCjiyhQQrToOar0_hhH9f302w8wMNY=] entered vehicle Interceptor (id=A746055F8049A6161A0BC581870A09CA pos=<3773.892090, 5.453551, 2513.075439>) as driver
21:50:56.828 [VehicleEngine] Player MrGreen530 [uid=4LNvemhkvMsn3fCjiyhQQrToOar0_hhH9f302w8wMNY=] started vehicle Interceptor (id=A746055F8049A6161A0BC581870A09CA pos=<3773.891846, 5.453551, 2513.075684>)
21:54:07.046 [VehicleEngine] Player Golden [uid=8Xp2uj5ZxNF55GgpLiN2OARJVn6kKpJE53oZMkC9IiQ=] stopped vehicle ToyotaHilux rust (id=3E4DFEC0BB465FDB797A2FB3A8E55287 pos=<4478.955566, 12.446827, 4198.853516>)
21:54:19.195 [VehicleEngine] Player MrGreen530 [uid=4LNvemhkvMsn3fCjiyhQQrToOar0_hhH9f302w8wMNY=] stopped vehicle Interceptor (id=A746055F8049A6161A0BC581870A09CA pos=<4475.318359, 12.348720, 4198.360352>)
21:54:25.921 [VehicleEngine] Player MrGreen530 [uid=4LNvemhkvMsn3fCjiyhQQrToOar0_hhH9f302w8wMNY=] started vehicle Interceptor (id=A746055F8049A6161A0BC581870A09CA pos=<4475.318359, 12.348722, 4198.360352>)
21:54:31.531 [VehicleEngine] Player Golden [uid=8Xp2uj5ZxNF55GgpLiN2OARJVn6kKpJE53oZMkC9IiQ=] started vehicle ToyotaHilux rust (id=3E4DFEC0BB465FDB797A2FB3A8E55287 pos=<4478.955566, 12.446833, 4198.853516>)
21:57:52.226 [Safezone] Player "MrGreen530" (id=4LNvemhkvMsn3fCjiyhQQrToOar0_hhH9f302w8wMNY= pos=<5668.096680, 32.957851, 5263.540039>) Entered the safezone
21:57:54.265 [Safezone] Player "Golden" (id=8Xp2uj5ZxNF55GgpLiN2OARJVn6kKpJE53oZMkC9IiQ= pos=<5665.158691, 33.483288, 5267.597656>) Entered the safezone
21:58:19.718 [VehicleEngine] Player MrGreen530 [uid=4LNvemhkvMsn3fCjiyhQQrToOar0_hhH9f302w8wMNY=] stopped vehicle Interceptor (id=A746055F8049A6161A0BC581870A09CA pos=<5631.461914, 28.571396, 5421.058594>)
21:58:23.335 [VehicleLeave] Player MrGreen530 [uid=4LNvemhkvMsn3fCjiyhQQrToOar0_hhH9f302w8wMNY=] left vehicle Interceptor (id=A746055F8049A6161A0BC581870A09CA pos=<5631.461914, 28.571423, 5421.058105>)
21:58:23.437 [VehicleEngine] Player Golden [uid=8Xp2uj5ZxNF55GgpLiN2OARJVn6kKpJE53oZMkC9IiQ=] stopped vehicle ToyotaHilux rust (id=3E4DFEC0BB465FDB797A2FB3A8E55287 pos=<5626.528320, 28.714743, 5416.619141>)
21:58:26.835 [VehicleLeave] Player Golden [uid=8Xp2uj5ZxNF55GgpLiN2OARJVn6kKpJE53oZMkC9IiQ=] left vehicle ToyotaHilux rust (id=3E4DFEC0BB465FDB797A2FB3A8E55287 pos=<5626.527832, 28.714746, 5416.619629>)
21:58:50.101 [VehicleCarKey] Player "Golden" (id=8Xp2uj5ZxNF55GgpLiN2OARJVn6kKpJE53oZMkC9IiQ= pos=<5627.043457, 28.722498, 5419.376953>) used the  ExpansionCarKey to lock ToyotaHilux_rust (id=3E4DFEC0BB465FDB797A2FB3A8E55287 pos=<5626.528809, 28.714739, 5416.618652>)
21:58:59.867 [VehicleCarKey] Player "MrGreen530" (id=4LNvemhkvMsn3fCjiyhQQrToOar0_hhH9f302w8wMNY= pos=<5630.677246, 28.638018, 5423.523438>) used the  ExpansionCarKey to lock Interceptor (id=A746055F8049A6161A0BC581870A09CA pos=<5631.461914, 28.571424, 5421.058105>)
22:01:19.796 [Market] Player "MrGreen530" (id=4LNvemhkvMsn3fCjiyhQQrToOar0_hhH9f302w8wMNY=) has send a requested to sell mediumtent_green x1 at the trader "BuildingSupplies (Indar [BUILDINGS])" in market zone "The Holler" (pos=<5632.000000, 32.000000, 5392.000000>).
22:01:19.976 [Market] Player "MrGreen530" (id=4LNvemhkvMsn3fCjiyhQQrToOar0_hhH9f302w8wMNY=) has sold mediumtent_green x1 at the trader "BuildingSupplies (Indar [BUILDINGS])" in market zone "The Holler" (pos=<5632.000000, 32.000000, 5392.000000>) and got 1687.
22:01:50.625 [Market] Player "MrGreen530" (id=4LNvemhkvMsn3fCjiyhQQrToOar0_hhH9f302w8wMNY=) has send a requested to sell twp_barrettm82desert x1 at the trader "Weapons (Oliver [WEAPONS])" in market zone "The Holler" (pos=<5632.000000, 32.000000, 5392.000000>).
22:01:50.765 [Market] Player "MrGreen530" (id=4LNvemhkvMsn3fCjiyhQQrToOar0_hhH9f302w8wMNY=) has sold twp_barrettm82desert x1 at the trader "Weapons (Oliver [WEAPONS])" in market zone "The Holler" (pos=<5632.000000, 32.000000, 5392.000000>) and got 112500.
22:02:46.171 [Market] Player "MrGreen530" (id=4LNvemhkvMsn3fCjiyhQQrToOar0_hhH9f302w8wMNY=) has send a requested to sell combatboots_green x1 at the trader "Clothing_Accessories (Elias [CLOTHING & ACCESSORIES])" in market zone "The Holler" (pos=<5632.000000, 32.000000, 5392.000000>).
22:02:46.296 [Market] Player "MrGreen530" (id=4LNvemhkvMsn3fCjiyhQQrToOar0_hhH9f302w8wMNY=) has sold combatboots_green x1 at the trader "Clothing_Accessories (Elias [CLOTHING & ACCESSORIES])" in market zone "The Holler" (pos=<5632.000000, 32.000000, 5392.000000>) and got 60.
22:02:51.429 [Market] Player "MrGreen530" (id=4LNvemhkvMsn3fCjiyhQQrToOar0_hhH9f302w8wMNY=) has send a requested to purchase militaryboots_redpunk x1 from the trader "Clothing_Accessories (Elias [CLOTHING & ACCESSORIES])" in market zone "The Holler" (pos=<5632.000000, 32.000000, 5392.000000>).
22:02:51.562 [Market] Player "MrGreen530" (id=4LNvemhkvMsn3fCjiyhQQrToOar0_hhH9f302w8wMNY=) has bought militaryboots_redpunk x1 from the trader "Clothing_Accessories (Elias [CLOTHING & ACCESSORIES])" in market zone "The Holler" (pos=<5632.000000, 32.000000, 5392.000000>) for a price of 100.
22:02:51.937 [Market] Player "MrGreen530" (id=4LNvemhkvMsn3fCjiyhQQrToOar0_hhH9f302w8wMNY=) has send a requested to purchase militaryboots_redpunk x1 from the trader "Clothing_Accessories (Elias [CLOTHING & ACCESSORIES])" in market zone "The Holler" (pos=<5632.000000, 32.000000, 5392.000000>).
22:02:52.085 [Market] Player "MrGreen530" (id=4LNvemhkvMsn3fCjiyhQQrToOar0_hhH9f302w8wMNY=) has bought militaryboots_redpunk x1 from the trader "Clothing_Accessories (Elias [CLOTHING & ACCESSORIES])" in market zone "The Holler" (pos=<5632.000000, 32.000000, 5392.000000>) for a price of 100.
22:03:05.828 [Market] Player "MrGreen530" (id=4LNvemhkvMsn3fCjiyhQQrToOar0_hhH9f302w8wMNY=) has send a requested to purchase mvs_gorkapants x1 from the trader "Clothing_Accessories (Elias [CLOTHING & ACCESSORIES])" in market zone "The Holler" (pos=<5632.000000, 32.000000, 5392.000000>).
22:03:05.968 [Market] Player "MrGreen530" (id=4LNvemhkvMsn3fCjiyhQQrToOar0_hhH9f302w8wMNY=) has bought mvs_gorkapants x1 from the trader "Clothing_Accessories (Elias [CLOTHING & ACCESSORIES])" in market zone "The Holler" (pos=<5632.000000, 32.000000, 5392.000000>) for a price of 2000.
22:03:08.046 [Market] Player "MrGreen530" (id=4LNvemhkvMsn3fCjiyhQQrToOar0_hhH9f302w8wMNY=) has send a requested to purchase mvs_gorkapants x1 from the trader "Clothing_Accessories (Elias [CLOTHING & ACCESSORIES])" in market zone "The Holler" (pos=<5632.000000, 32.000000, 5392.000000>).
22:03:08.171 [Market] Player "MrGreen530" (id=4LNvemhkvMsn3fCjiyhQQrToOar0_hhH9f302w8wMNY=) has bought mvs_gorkapants x1 from the trader "Clothing_Accessories (Elias [CLOTHING & ACCESSORIES])" in market zone "The Holler" (pos=<5632.000000, 32.000000, 5392.000000>) for a price of 2000.
22:03:41.085 [Market] Player "Golden" (id=8Xp2uj5ZxNF55GgpLiN2OARJVn6kKpJE53oZMkC9IiQ=) has send a requested to sell athleticshoes_grey x1 at the trader "Clothing_Accessories (Elias [CLOTHING & ACCESSORIES])" in market zone "The Holler" (pos=<5632.000000, 32.000000, 5392.000000>).
22:03:41.250 [Market] Player "Golden" (id=8Xp2uj5ZxNF55GgpLiN2OARJVn6kKpJE53oZMkC9IiQ=) has sold athleticshoes_grey x1 at the trader "Clothing_Accessories (Elias [CLOTHING & ACCESSORIES])" in market zone "The Holler" (pos=<5632.000000, 32.000000, 5392.000000>) and got 12.
22:03:48.093 [Market] Player "MrGreen530" (id=4LNvemhkvMsn3fCjiyhQQrToOar0_hhH9f302w8wMNY=) has send a requested to purchase mvs_gorkajacket x1 from the trader "Clothing_Accessories (Elias [CLOTHING & ACCESSORIES])" in market zone "The Holler" (pos=<5632.000000, 32.000000, 5392.000000>).
22:03:48.257 [Market] Player "MrGreen530" (id=4LNvemhkvMsn3fCjiyhQQrToOar0_hhH9f302w8wMNY=) has bought mvs_gorkajacket x1 from the trader "Clothing_Accessories (Elias [CLOTHING & ACCESSORIES])" in market zone "The Holler" (pos=<5632.000000, 32.000000, 5392.000000>) for a price of 800.
22:03:48.656 [Market] Player "MrGreen530" (id=4LNvemhkvMsn3fCjiyhQQrToOar0_hhH9f302w8wMNY=) has send a requested to purchase mvs_gorkajacket x1 from the trader "Clothing_Accessories (Elias [CLOTHING & ACCESSORIES])" in market zone "The Holler" (pos=<5632.000000, 32.000000, 5392.000000>).
22:03:48.765 [Market] Player "MrGreen530" (id=4LNvemhkvMsn3fCjiyhQQrToOar0_hhH9f302w8wMNY=) has bought mvs_gorkajacket x1 from the trader "Clothing_Accessories (Elias [CLOTHING & ACCESSORIES])" in market zone "The Holler" (pos=<5632.000000, 32.000000, 5392.000000>) for a price of 800.
22:06:04.304 [Market] Player "MrGreen530" (id=4LNvemhkvMsn3fCjiyhQQrToOar0_hhH9f302w8wMNY=) has send a requested to purchase mvs_belt_od x1 from the trader "Clothing_Accessories (Elias [CLOTHING & ACCESSORIES])" in market zone "The Holler" (pos=<5632.000000, 32.000000, 5392.000000>).
22:06:04.429 [Market] Player "MrGreen530" (id=4LNvemhkvMsn3fCjiyhQQrToOar0_hhH9f302w8wMNY=) has bought mvs_belt_od x1 from the trader "Clothing_Accessories (Elias [CLOTHING & ACCESSORIES])" in market zone "The Holler" (pos=<5632.000000, 32.000000, 5392.000000>) for a price of 1000.
22:06:05.203 [Market] Player "MrGreen530" (id=4LNvemhkvMsn3fCjiyhQQrToOar0_hhH9f302w8wMNY=) has send a requested to purchase mvs_belt_od x1 from the trader "Clothing_Accessories (Elias [CLOTHING & ACCESSORIES])" in market zone "The Holler" (pos=<5632.000000, 32.000000, 5392.000000>).
22:06:05.351 [Market] Player "MrGreen530" (id=4LNvemhkvMsn3fCjiyhQQrToOar0_hhH9f302w8wMNY=) has bought mvs_belt_od x1 from the trader "Clothing_Accessories (Elias [CLOTHING & ACCESSORIES])" in market zone "The Holler" (pos=<5632.000000, 32.000000, 5392.000000>) for a price of 1000.
22:07:16.906 [Market] Player "MrGreen530" (id=4LNvemhkvMsn3fCjiyhQQrToOar0_hhH9f302w8wMNY=) has send a requested to purchase mvs_warriorhelmet_od x1 from the trader "Clothing_Accessories (Elias [CLOTHING & ACCESSORIES])" in market zone "The Holler" (pos=<5632.000000, 32.000000, 5392.000000>).
22:07:17.054 [Market] Player "MrGreen530" (id=4LNvemhkvMsn3fCjiyhQQrToOar0_hhH9f302w8wMNY=) has bought mvs_warriorhelmet_od x1 from the trader "Clothing_Accessories (Elias [CLOTHING & ACCESSORIES])" in market zone "The Holler" (pos=<5632.000000, 32.000000, 5392.000000>) for a price of 980.
22:07:17.890 [Market] Player "MrGreen530" (id=4LNvemhkvMsn3fCjiyhQQrToOar0_hhH9f302w8wMNY=) has send a requested to purchase mvs_warriorhelmet_od x1 from the trader "Clothing_Accessories (Elias [CLOTHING & ACCESSORIES])" in market zone "The Holler" (pos=<5632.000000, 32.000000, 5392.000000>).
22:07:18.015 [Market] Player "MrGreen530" (id=4LNvemhkvMsn3fCjiyhQQrToOar0_hhH9f302w8wMNY=) has bought mvs_warriorhelmet_od x1 from the trader "Clothing_Accessories (Elias [CLOTHING & ACCESSORIES])" in market zone "The Holler" (pos=<5632.000000, 32.000000, 5392.000000>) for a price of 980.
22:07:35.390 [Market] Player "MrGreen530" (id=4LNvemhkvMsn3fCjiyhQQrToOar0_hhH9f302w8wMNY=) has send a requested to purchase nvgoggles x1 from the trader "Special (Eva [SPECIALTY ITEMS])" in market zone "The Holler" (pos=<5632.000000, 32.000000, 5392.000000>).
22:07:35.546 [Market] Player "MrGreen530" (id=4LNvemhkvMsn3fCjiyhQQrToOar0_hhH9f302w8wMNY=) has bought nvgoggles x1 from the trader "Special (Eva [SPECIALTY ITEMS])" in market zone "The Holler" (pos=<5632.000000, 32.000000, 5392.000000>) for a price of 4000.
22:07:36.468 [Market] Player "MrGreen530" (id=4LNvemhkvMsn3fCjiyhQQrToOar0_hhH9f302w8wMNY=) has send a requested to purchase nvgoggles x1 from the trader "Special (Eva [SPECIALTY ITEMS])" in market zone "The Holler" (pos=<5632.000000, 32.000000, 5392.000000>).
22:07:36.601 [Market] Player "MrGreen530" (id=4LNvemhkvMsn3fCjiyhQQrToOar0_hhH9f302w8wMNY=) has bought nvgoggles x1 from the trader "Special (Eva [SPECIALTY ITEMS])" in market zone "The Holler" (pos=<5632.000000, 32.000000, 5392.000000>) for a price of 4000.
22:08:42.078 [Market] Player "MrGreen530" (id=4LNvemhkvMsn3fCjiyhQQrToOar0_hhH9f302w8wMNY=) has send a requested to purchase twp_mk18 x1 from the trader "Weapons (Oliver [WEAPONS])" in market zone "The Holler" (pos=<5632.000000, 32.000000, 5392.000000>).
22:08:42.257 [Market] Player "MrGreen530" (id=4LNvemhkvMsn3fCjiyhQQrToOar0_hhH9f302w8wMNY=) has bought twp_mk18 x1 from the trader "Weapons (Oliver [WEAPONS])" in market zone "The Holler" (pos=<5632.000000, 32.000000, 5392.000000>) for a price of 6100.
22:08:42.687 [Market] Player "MrGreen530" (id=4LNvemhkvMsn3fCjiyhQQrToOar0_hhH9f302w8wMNY=) has send a requested to purchase twp_mk18 x1 from the trader "Weapons (Oliver [WEAPONS])" in market zone "The Holler" (pos=<5632.000000, 32.000000, 5392.000000>).
22:08:42.835 [Market] Player "MrGreen530" (id=4LNvemhkvMsn3fCjiyhQQrToOar0_hhH9f302w8wMNY=) has bought twp_mk18 x1 from the trader "Weapons (Oliver [WEAPONS])" in market zone "The Holler" (pos=<5632.000000, 32.000000, 5392.000000>) for a price of 6100.
22:08:52.515 [Market] Player "MrGreen530" (id=4LNvemhkvMsn3fCjiyhQQrToOar0_hhH9f302w8wMNY=) has send a requested to purchase m4_suppressor x1 from the trader "WeaponAccessories (Rolf [WEAPON ACCESSORIES])" in market zone "The Holler" (pos=<5632.000000, 32.000000, 5392.000000>).
22:08:52.648 [Market] Player "MrGreen530" (id=4LNvemhkvMsn3fCjiyhQQrToOar0_hhH9f302w8wMNY=) has bought m4_suppressor x1 from the trader "WeaponAccessories (Rolf [WEAPON ACCESSORIES])" in market zone "The Holler" (pos=<5632.000000, 32.000000, 5392.000000>) for a price of 425.
22:08:52.968 [Market] Player "MrGreen530" (id=4LNvemhkvMsn3fCjiyhQQrToOar0_hhH9f302w8wMNY=) has send a requested to purchase m4_suppressor x1 from the trader "WeaponAccessories (Rolf [WEAPON ACCESSORIES])" in market zone "The Holler" (pos=<5632.000000, 32.000000, 5392.000000>).
22:08:53.140 [Market] Player "MrGreen530" (id=4LNvemhkvMsn3fCjiyhQQrToOar0_hhH9f302w8wMNY=) has bought m4_suppressor x1 from the trader "WeaponAccessories (Rolf [WEAPON ACCESSORIES])" in market zone "The Holler" (pos=<5632.000000, 32.000000, 5392.000000>) for a price of 425.
22:09:02.031 [Market] Player "MrGreen530" (id=4LNvemhkvMsn3fCjiyhQQrToOar0_hhH9f302w8wMNY=) has send a requested to purchase expansionhamroptic x1 from the trader "WeaponAccessories (Rolf [WEAPON ACCESSORIES])" in market zone "The Holler" (pos=<5632.000000, 32.000000, 5392.000000>).
22:09:02.156 [Market] Player "MrGreen530" (id=4LNvemhkvMsn3fCjiyhQQrToOar0_hhH9f302w8wMNY=) has bought expansionhamroptic x1 from the trader "WeaponAccessories (Rolf [WEAPON ACCESSORIES])" in market zone "The Holler" (pos=<5632.000000, 32.000000, 5392.000000>) for a price of 550.
22:09:02.500 [Market] Player "MrGreen530" (id=4LNvemhkvMsn3fCjiyhQQrToOar0_hhH9f302w8wMNY=) has send a requested to purchase expansionhamroptic x1 from the trader "WeaponAccessories (Rolf [WEAPON ACCESSORIES])" in market zone "The Holler" (pos=<5632.000000, 32.000000, 5392.000000>).
22:09:02.625 [Market] Player "MrGreen530" (id=4LNvemhkvMsn3fCjiyhQQrToOar0_hhH9f302w8wMNY=) has bought expansionhamroptic x1 from the trader "WeaponAccessories (Rolf [WEAPON ACCESSORIES])" in market zone "The Holler" (pos=<5632.000000, 32.000000, 5392.000000>) for a price of 550.
22:09:23.843 [Market] Player "MrGreen530" (id=4LNvemhkvMsn3fCjiyhQQrToOar0_hhH9f302w8wMNY=) has send a requested to purchase twp_mk18_mag_100rnd x1 from the trader "Weapons (Oliver [WEAPONS])" in market zone "The Holler" (pos=<5632.000000, 32.000000, 5392.000000>).
22:09:23.984 [Market] Player "MrGreen530" (id=4LNvemhkvMsn3fCjiyhQQrToOar0_hhH9f302w8wMNY=) has bought twp_mk18_mag_100rnd x1 from the trader "Weapons (Oliver [WEAPONS])" in market zone "The Holler" (pos=<5632.000000, 32.000000, 5392.000000>) for a price of 1100.
22:09:24.453 [Market] Player "MrGreen530" (id=4LNvemhkvMsn3fCjiyhQQrToOar0_hhH9f302w8wMNY=) has send a requested to purchase twp_mk18_mag_100rnd x1 from the trader "Weapons (Oliver [WEAPONS])" in market zone "The Holler" (pos=<5632.000000, 32.000000, 5392.000000>).
22:09:24.617 [Market] Player "MrGreen530" (id=4LNvemhkvMsn3fCjiyhQQrToOar0_hhH9f302w8wMNY=) has bought twp_mk18_mag_100rnd x1 from the trader "Weapons (Oliver [WEAPONS])" in market zone "The Holler" (pos=<5632.000000, 32.000000, 5392.000000>) for a price of 1100.
22:09:24.875 [Market] Player "MrGreen530" (id=4LNvemhkvMsn3fCjiyhQQrToOar0_hhH9f302w8wMNY=) has send a requested to purchase twp_mk18_mag_100rnd x1 from the trader "Weapons (Oliver [WEAPONS])" in market zone "The Holler" (pos=<5632.000000, 32.000000, 5392.000000>).
22:09:25.015 [Market] Player "MrGreen530" (id=4LNvemhkvMsn3fCjiyhQQrToOar0_hhH9f302w8wMNY=) has bought twp_mk18_mag_100rnd x1 from the trader "Weapons (Oliver [WEAPONS])" in market zone "The Holler" (pos=<5632.000000, 32.000000, 5392.000000>) for a price of 1100.
22:09:25.445 [Market] Player "MrGreen530" (id=4LNvemhkvMsn3fCjiyhQQrToOar0_hhH9f302w8wMNY=) has send a requested to purchase twp_mk18_mag_100rnd x1 from the trader "Weapons (Oliver [WEAPONS])" in market zone "The Holler" (pos=<5632.000000, 32.000000, 5392.000000>).
22:09:25.609 [Market] Player "MrGreen530" (id=4LNvemhkvMsn3fCjiyhQQrToOar0_hhH9f302w8wMNY=) has bought twp_mk18_mag_100rnd x1 from the trader "Weapons (Oliver [WEAPONS])" in market zone "The Holler" (pos=<5632.000000, 32.000000, 5392.000000>) for a price of 1100.
22:09:51.710 [Expansion Quests] - InitQuestSystemClient - Created new persistent player quest data for player UID: 8aHbwb5XZ9Gq0J-7qO1AVn3G8YD6-lBt4iCz53aUxso=
22:09:51.710 [Expansion Quests] - LoadGroupQuestData - Got cached group quest data for group with ID: -1
22:10:34.656 [SpawnSelection] Player "Dragonhunter" (id=8aHbwb5XZ9Gq0J-7qO1AVn3G8YD6-lBt4iCz53aUxso=) spawned at <4717.020020, 9.865860, 1384.670044>
22:11:02.382 [Market] Player "MrGreen530" (id=4LNvemhkvMsn3fCjiyhQQrToOar0_hhH9f302w8wMNY=) has send a requested to purchase mvs_holster_od x1 from the trader "Clothing_Accessories (Elias [CLOTHING & ACCESSORIES])" in market zone "The Holler" (pos=<5632.000000, 32.000000, 5392.000000>).
22:11:02.492 [Market] Player "MrGreen530" (id=4LNvemhkvMsn3fCjiyhQQrToOar0_hhH9f302w8wMNY=) has bought mvs_holster_od x1 from the trader "Clothing_Accessories (Elias [CLOTHING & ACCESSORIES])" in market zone "The Holler" (pos=<5632.000000, 32.000000, 5392.000000>) for a price of 600.
22:11:02.882 [Market] Player "MrGreen530" (id=4LNvemhkvMsn3fCjiyhQQrToOar0_hhH9f302w8wMNY=) has send a requested to purchase mvs_holster_od x1 from the trader "Clothing_Accessories (Elias [CLOTHING & ACCESSORIES])" in market zone "The Holler" (pos=<5632.000000, 32.000000, 5392.000000>).
22:11:03.015 [Market] Player "MrGreen530" (id=4LNvemhkvMsn3fCjiyhQQrToOar0_hhH9f302w8wMNY=) has bought mvs_holster_od x1 from the trader "Clothing_Accessories (Elias [CLOTHING & ACCESSORIES])" in market zone "The Holler" (pos=<5632.000000, 32.000000, 5392.000000>) for a price of 600.
22:11:08.250 [Market] Player "MrGreen530" (id=4LNvemhkvMsn3fCjiyhQQrToOar0_hhH9f302w8wMNY=) has send a requested to purchase mvs_sheath_od x1 from the trader "Clothing_Accessories (Elias [CLOTHING & ACCESSORIES])" in market zone "The Holler" (pos=<5632.000000, 32.000000, 5392.000000>).
22:11:08.406 [Market] Player "MrGreen530" (id=4LNvemhkvMsn3fCjiyhQQrToOar0_hhH9f302w8wMNY=) has bought mvs_sheath_od x1 from the trader "Clothing_Accessories (Elias [CLOTHING & ACCESSORIES])" in market zone "The Holler" (pos=<5632.000000, 32.000000, 5392.000000>) for a price of 600.
22:11:08.648 [Market] Player "MrGreen530" (id=4LNvemhkvMsn3fCjiyhQQrToOar0_hhH9f302w8wMNY=) has send a requested to purchase mvs_sheath_od x1 from the trader "Clothing_Accessories (Elias [CLOTHING & ACCESSORIES])" in market zone "The Holler" (pos=<5632.000000, 32.000000, 5392.000000>).
22:11:08.765 [Market] Player "MrGreen530" (id=4LNvemhkvMsn3fCjiyhQQrToOar0_hhH9f302w8wMNY=) has bought mvs_sheath_od x1 from the trader "Clothing_Accessories (Elias [CLOTHING & ACCESSORIES])" in market zone "The Holler" (pos=<5632.000000, 32.000000, 5392.000000>) for a price of 600.
22:11:23.812 [Market] Player "MrGreen530" (id=4LNvemhkvMsn3fCjiyhQQrToOar0_hhH9f302w8wMNY=) has send a requested to purchase mvs_magazine_pouch_od x1 from the trader "Clothing_Accessories (Elias [CLOTHING & ACCESSORIES])" in market zone "The Holler" (pos=<5632.000000, 32.000000, 5392.000000>).
22:11:23.929 [Market] Player "MrGreen530" (id=4LNvemhkvMsn3fCjiyhQQrToOar0_hhH9f302w8wMNY=) has bought mvs_magazine_pouch_od x1 from the trader "Clothing_Accessories (Elias [CLOTHING & ACCESSORIES])" in market zone "The Holler" (pos=<5632.000000, 32.000000, 5392.000000>) for a price of 600.
22:11:24.234 [Market] Player "MrGreen530" (id=4LNvemhkvMsn3fCjiyhQQrToOar0_hhH9f302w8wMNY=) has send a requested to purchase mvs_magazine_pouch_od x1 from the trader "Clothing_Accessories (Elias [CLOTHING & ACCESSORIES])" in market zone "The Holler" (pos=<5632.000000, 32.000000, 5392.000000>).
22:11:24.375 [Market] Player "MrGreen530" (id=4LNvemhkvMsn3fCjiyhQQrToOar0_hhH9f302w8wMNY=) has bought mvs_magazine_pouch_od x1 from the trader "Clothing_Accessories (Elias [CLOTHING & ACCESSORIES])" in market zone "The Holler" (pos=<5632.000000, 32.000000, 5392.000000>) for a price of 600.
22:13:23.343 [Market] Player "MrGreen530" (id=4LNvemhkvMsn3fCjiyhQQrToOar0_hhH9f302w8wMNY=) has send a requested to purchase ammo_556x45 x600 from the trader "WeaponAccessories (Rolf [WEAPON ACCESSORIES])" in market zone "The Holler" (pos=<5632.000000, 32.000000, 5392.000000>).
22:13:23.476 [Market] Player "MrGreen530" (id=4LNvemhkvMsn3fCjiyhQQrToOar0_hhH9f302w8wMNY=) has bought ammo_556x45 x600 from the trader "WeaponAccessories (Rolf [WEAPON ACCESSORIES])" in market zone "The Holler" (pos=<5632.000000, 32.000000, 5392.000000>) for a price of 1200.
22:15:00.882 [Market] Player "MrGreen530" (id=4LNvemhkvMsn3fCjiyhQQrToOar0_hhH9f302w8wMNY=) has send a requested to purchase bandagedressing x1 from the trader "Medicals (Linda [MEDICAL])" in market zone "The Holler" (pos=<5632.000000, 32.000000, 5392.000000>).
22:15:01.023 [Market] Player "MrGreen530" (id=4LNvemhkvMsn3fCjiyhQQrToOar0_hhH9f302w8wMNY=) has bought bandagedressing x1 from the trader "Medicals (Linda [MEDICAL])" in market zone "The Holler" (pos=<5632.000000, 32.000000, 5392.000000>) for a price of 300.
22:15:01.304 [Market] Player "MrGreen530" (id=4LNvemhkvMsn3fCjiyhQQrToOar0_hhH9f302w8wMNY=) has send a requested to purchase bandagedressing x1 from the trader "Medicals (Linda [MEDICAL])" in market zone "The Holler" (pos=<5632.000000, 32.000000, 5392.000000>).
22:15:01.437 [Market] Player "MrGreen530" (id=4LNvemhkvMsn3fCjiyhQQrToOar0_hhH9f302w8wMNY=) has bought bandagedressing x1 from the trader "Medicals (Linda [MEDICAL])" in market zone "The Holler" (pos=<5632.000000, 32.000000, 5392.000000>) for a price of 300.
22:15:01.796 [Market] Player "MrGreen530" (id=4LNvemhkvMsn3fCjiyhQQrToOar0_hhH9f302w8wMNY=) has send a requested to purchase bandagedressing x1 from the trader "Medicals (Linda [MEDICAL])" in market zone "The Holler" (pos=<5632.000000, 32.000000, 5392.000000>).
22:15:01.945 [Market] Player "MrGreen530" (id=4LNvemhkvMsn3fCjiyhQQrToOar0_hhH9f302w8wMNY=) has bought bandagedressing x1 from the trader "Medicals (Linda [MEDICAL])" in market zone "The Holler" (pos=<5632.000000, 32.000000, 5392.000000>) for a price of 300.
22:15:02.390 [Market] Player "MrGreen530" (id=4LNvemhkvMsn3fCjiyhQQrToOar0_hhH9f302w8wMNY=) has send a requested to purchase bandagedressing x1 from the trader "Medicals (Linda [MEDICAL])" in market zone "The Holler" (pos=<5632.000000, 32.000000, 5392.000000>).
22:15:02.531 [Market] Player "MrGreen530" (id=4LNvemhkvMsn3fCjiyhQQrToOar0_hhH9f302w8wMNY=) has bought bandagedressing x1 from the trader "Medicals (Linda [MEDICAL])" in market zone "The Holler" (pos=<5632.000000, 32.000000, 5392.000000>) for a price of 300.
22:15:14.679 [Expansion Quests] - CreateQuestInstance - Created new quest instance for with instance key 8Xp2uj5ZxNF55GgpLiN2OARJVn6kKpJE53oZMkC9IiQ= for quest 48
22:16:09.734 [ATM] Player "MrGreen530" (id=4LNvemhkvMsn3fCjiyhQQrToOar0_hhH9f302w8wMNY=) has deposited 71937 on his ATM account.
22:16:54.640 [VehicleCarKey] Player "Golden" (id=8Xp2uj5ZxNF55GgpLiN2OARJVn6kKpJE53oZMkC9IiQ= pos=<5624.879883, 28.722475, 5418.229004>) used the  ExpansionCarKey to unlock ToyotaHilux_rust (id=3E4DFEC0BB465FDB797A2FB3A8E55287 pos=<5626.528809, 28.714739, 5416.618652>)
22:16:56.734 [VehicleCarKey] Player "Golden" (id=8Xp2uj5ZxNF55GgpLiN2OARJVn6kKpJE53oZMkC9IiQ= pos=<5624.879883, 28.722475, 5418.229004>) used the  ExpansionCarKey to lock ToyotaHilux_rust (id=3E4DFEC0BB465FDB797A2FB3A8E55287 pos=<5626.528809, 28.714739, 5416.618652>)
22:16:58.539 [VehicleCarKey] Player "Golden" (id=8Xp2uj5ZxNF55GgpLiN2OARJVn6kKpJE53oZMkC9IiQ= pos=<5624.879883, 28.722475, 5418.229004>) used the  ExpansionCarKey to unlock ToyotaHilux_rust (id=3E4DFEC0BB465FDB797A2FB3A8E55287 pos=<5626.528809, 28.714739, 5416.618652>)
22:17:04.632 [VehicleCarKey] Player "Golden" (id=8Xp2uj5ZxNF55GgpLiN2OARJVn6kKpJE53oZMkC9IiQ= pos=<5624.879883, 28.722475, 5418.229004>) used the  ExpansionCarKey to lock ToyotaHilux_rust (id=3E4DFEC0BB465FDB797A2FB3A8E55287 pos=<5626.528809, 28.714739, 5416.618652>)
22:17:14.406 [ATM] Player "MrGreen530" (id=4LNvemhkvMsn3fCjiyhQQrToOar0_hhH9f302w8wMNY=) has withdrawn 1000 from his ATM account.
22:17:29.117 [Market] Player "MrGreen530" (id=4LNvemhkvMsn3fCjiyhQQrToOar0_hhH9f302w8wMNY=) has send a requested to purchase headtorch_black x1 from the trader "BuildingSupplies (Indar [BUILDINGS])" in market zone "The Holler" (pos=<5632.000000, 32.000000, 5392.000000>).
22:17:29.273 [Market] Player "MrGreen530" (id=4LNvemhkvMsn3fCjiyhQQrToOar0_hhH9f302w8wMNY=) has bought headtorch_black x1 from the trader "BuildingSupplies (Indar [BUILDINGS])" in market zone "The Holler" (pos=<5632.000000, 32.000000, 5392.000000>) for a price of 40.
22:17:39.468 [Market] Player "MrGreen530" (id=4LNvemhkvMsn3fCjiyhQQrToOar0_hhH9f302w8wMNY=) has send a requested to sell headtorch_black x1 at the trader "BuildingSupplies (Indar [BUILDINGS])" in market zone "The Holler" (pos=<5632.000000, 32.000000, 5392.000000>).
22:17:39.601 [Market] Player "MrGreen530" (id=4LNvemhkvMsn3fCjiyhQQrToOar0_hhH9f302w8wMNY=) has sold headtorch_black x1 at the trader "BuildingSupplies (Indar [BUILDINGS])" in market zone "The Holler" (pos=<5632.000000, 32.000000, 5392.000000>) and got 30.
22:18:06.125 [ATM] Player "Golden" (id=8Xp2uj5ZxNF55GgpLiN2OARJVn6kKpJE53oZMkC9IiQ=) has deposited 12 on his ATM account.
22:18:21.625 [Market] Player "MrGreen530" (id=4LNvemhkvMsn3fCjiyhQQrToOar0_hhH9f302w8wMNY=) has send a requested to purchase geb_blackbass x1 from the trader "Hunting (Helga [HUNTING & FISHING])" in market zone "The Holler" (pos=<5632.000000, 32.000000, 5392.000000>).
22:18:21.773 [Market] Player "MrGreen530" (id=4LNvemhkvMsn3fCjiyhQQrToOar0_hhH9f302w8wMNY=) has bought geb_blackbass x1 from the trader "Hunting (Helga [HUNTING & FISHING])" in market zone "The Holler" (pos=<5632.000000, 32.000000, 5392.000000>) for a price of 625.
22:18:45.125 [ATM] Player "MrGreen530" (id=4LNvemhkvMsn3fCjiyhQQrToOar0_hhH9f302w8wMNY=) has deposited 365 on his ATM account.
22:19:23.359 [VehicleCarKey] Player "MrGreen530" (id=4LNvemhkvMsn3fCjiyhQQrToOar0_hhH9f302w8wMNY= pos=<5632.699219, 28.722490, 5419.726074>) used the  ExpansionCarKey to unlock Interceptor (id=A746055F8049A6161A0BC581870A09CA pos=<5631.461914, 28.571424, 5421.058105>)
22:19:53.281 [VehicleCarKey] Player "MrGreen530" (id=4LNvemhkvMsn3fCjiyhQQrToOar0_hhH9f302w8wMNY= pos=<5634.046387, 28.692923, 5421.221680>) used the  ExpansionCarKey to lock Interceptor (id=A746055F8049A6161A0BC581870A09CA pos=<5631.461914, 28.571424, 5421.058105>)
22:20:04.046 [VehicleCarKey] Player "Golden" (id=8Xp2uj5ZxNF55GgpLiN2OARJVn6kKpJE53oZMkC9IiQ= pos=<5625.795410, 28.722498, 5417.957520>) used the  ExpansionCarKey to unlock ToyotaHilux_rust (id=3E4DFEC0BB465FDB797A2FB3A8E55287 pos=<5626.533203, 28.714762, 5416.611328>)
22:20:16.843 [ATM] Player "MrGreen530" (id=4LNvemhkvMsn3fCjiyhQQrToOar0_hhH9f302w8wMNY=) has withdrawn 502424 from his ATM account.
22:20:18.539 [ATM] Player "MrGreen530" (id=4LNvemhkvMsn3fCjiyhQQrToOar0_hhH9f302w8wMNY=) has deposited 502424 on his ATM account.
22:20:20.296 [ATM] Player "MrGreen530" (id=4LNvemhkvMsn3fCjiyhQQrToOar0_hhH9f302w8wMNY=) has withdrawn 10000 from his ATM account.
22:21:19.906 [Market] Player "MrGreen530" (id=4LNvemhkvMsn3fCjiyhQQrToOar0_hhH9f302w8wMNY=) has send a requested to purchase combatknife x1 from the trader "WeaponAccessories (Rolf [WEAPON ACCESSORIES])" in market zone "The Holler" (pos=<5632.000000, 32.000000, 5392.000000>).
22:21:20.070 [Market] Player "MrGreen530" (id=4LNvemhkvMsn3fCjiyhQQrToOar0_hhH9f302w8wMNY=) has bought combatknife x1 from the trader "WeaponAccessories (Rolf [WEAPON ACCESSORIES])" in market zone "The Holler" (pos=<5632.000000, 32.000000, 5392.000000>) for a price of 10.
22:23:42.945 [ATM] Player "MrGreen530" (id=4LNvemhkvMsn3fCjiyhQQrToOar0_hhH9f302w8wMNY=) has deposited 9990 on his ATM account.
22:24:01.156 [VehicleEnter] Player Golden [uid=8Xp2uj5ZxNF55GgpLiN2OARJVn6kKpJE53oZMkC9IiQ=] entered vehicle ToyotaHilux rust (id=3E4DFEC0BB465FDB797A2FB3A8E55287 pos=<5626.533203, 28.714754, 5416.610840>) as driver
22:24:05.132 [VehicleEngine] Player Golden [uid=8Xp2uj5ZxNF55GgpLiN2OARJVn6kKpJE53oZMkC9IiQ=] started vehicle ToyotaHilux rust (id=3E4DFEC0BB465FDB797A2FB3A8E55287 pos=<5626.534180, 28.714746, 5416.609863>)
22:24:08.898 [VehicleCarKey] Player "MrGreen530" (id=4LNvemhkvMsn3fCjiyhQQrToOar0_hhH9f302w8wMNY= pos=<5630.833008, 28.629946, 5423.852539>) used the  ExpansionCarKey to unlock Interceptor (id=A746055F8049A6161A0BC581870A09CA pos=<5631.461914, 28.571423, 5421.058105>)
22:24:49.609 [VehicleEngine] Player Golden [uid=8Xp2uj5ZxNF55GgpLiN2OARJVn6kKpJE53oZMkC9IiQ=] stopped vehicle ToyotaHilux rust (id=3E4DFEC0BB465FDB797A2FB3A8E55287 pos=<5625.647461, 28.714754, 5415.931641>)
22:24:55.078 [VehicleLeave] Player Golden [uid=8Xp2uj5ZxNF55GgpLiN2OARJVn6kKpJE53oZMkC9IiQ=] left vehicle ToyotaHilux rust (id=3E4DFEC0BB465FDB797A2FB3A8E55287 pos=<5625.648438, 28.714745, 5415.930176>)
22:25:11.914 [VehicleCarKey] Player "Golden" (id=8Xp2uj5ZxNF55GgpLiN2OARJVn6kKpJE53oZMkC9IiQ= pos=<5623.979492, 28.980909, 5417.494141>) used the  ExpansionCarKey to lock ToyotaHilux_rust (id=3E4DFEC0BB465FDB797A2FB3A8E55287 pos=<5625.648926, 28.714741, 5415.929688>)
22:25:13.718 [VehicleCarKey] Player "Golden" (id=8Xp2uj5ZxNF55GgpLiN2OARJVn6kKpJE53oZMkC9IiQ= pos=<5623.979492, 28.980909, 5417.494141>) used the  ExpansionCarKey to unlock ToyotaHilux_rust (id=3E4DFEC0BB465FDB797A2FB3A8E55287 pos=<5625.648926, 28.714741, 5415.929688>)
22:26:03.601 [ATM] Player "MrGreen530" (id=4LNvemhkvMsn3fCjiyhQQrToOar0_hhH9f302w8wMNY=) has withdrawn 10000 from his ATM account.
22:27:04.476 [Market] Player "MrGreen530" (id=4LNvemhkvMsn3fCjiyhQQrToOar0_hhH9f302w8wMNY=) has send a requested to purchase geb_greatwhiteshark x1 from the trader "Hunting (Helga [HUNTING & FISHING])" in market zone "The Holler" (pos=<5632.000000, 32.000000, 5392.000000>).
22:27:04.593 [Market] Player "MrGreen530" (id=4LNvemhkvMsn3fCjiyhQQrToOar0_hhH9f302w8wMNY=) has bought geb_greatwhiteshark x1 from the trader "Hunting (Helga [HUNTING & FISHING])" in market zone "The Holler" (pos=<5632.000000, 32.000000, 5392.000000>) for a price of 5000.
22:28:26.921 [ATM] Player "Golden" (id=8Xp2uj5ZxNF55GgpLiN2OARJVn6kKpJE53oZMkC9IiQ=) has withdrawn 625 from his ATM account.
22:30:35.726 [Market] Player "MrGreen530" (id=4LNvemhkvMsn3fCjiyhQQrToOar0_hhH9f302w8wMNY=) has send a requested to purchase geb_blackbass x1 from the trader "Hunting (Helga [HUNTING & FISHING])" in market zone "The Holler" (pos=<5632.000000, 32.000000, 5392.000000>).
22:30:35.882 [Market] Player "MrGreen530" (id=4LNvemhkvMsn3fCjiyhQQrToOar0_hhH9f302w8wMNY=) has bought geb_blackbass x1 from the trader "Hunting (Helga [HUNTING & FISHING])" in market zone "The Holler" (pos=<5632.000000, 32.000000, 5392.000000>) for a price of 625.
22:30:59.054 [ATM] Player "MrGreen530" (id=4LNvemhkvMsn3fCjiyhQQrToOar0_hhH9f302w8wMNY=) has deposited 5000 on his ATM account.
22:31:09.671 [VehicleEnter] Player MrGreen530 [uid=4LNvemhkvMsn3fCjiyhQQrToOar0_hhH9f302w8wMNY=] entered vehicle Interceptor (id=A746055F8049A6161A0BC581870A09CA pos=<5631.537109, 28.570215, 5421.121094>) as driver
22:31:13.625 [VehicleEngine] Player MrGreen530 [uid=4LNvemhkvMsn3fCjiyhQQrToOar0_hhH9f302w8wMNY=] started vehicle Interceptor (id=A746055F8049A6161A0BC581870A09CA pos=<5631.537109, 28.570217, 5421.121094>)
22:32:49.289 [VehicleEngine] Player MrGreen530 [uid=4LNvemhkvMsn3fCjiyhQQrToOar0_hhH9f302w8wMNY=] stopped vehicle Interceptor (id=A746055F8049A6161A0BC581870A09CA pos=<5656.396484, 28.600664, 5414.054688>)
22:32:52.929 [VehicleLeave] Player MrGreen530 [uid=4LNvemhkvMsn3fCjiyhQQrToOar0_hhH9f302w8wMNY=] left vehicle Interceptor (id=A746055F8049A6161A0BC581870A09CA pos=<5656.396484, 28.600664, 5414.054688>)
22:33:13.132 [VehicleEnter] Player MrGreen530 [uid=4LNvemhkvMsn3fCjiyhQQrToOar0_hhH9f302w8wMNY=] entered vehicle Interceptor (id=A746055F8049A6161A0BC581870A09CA pos=<5656.396484, 28.600664, 5414.054688>) as driver
22:33:16.218 [VehicleEngine] Player MrGreen530 [uid=4LNvemhkvMsn3fCjiyhQQrToOar0_hhH9f302w8wMNY=] started vehicle Interceptor (id=A746055F8049A6161A0BC581870A09CA pos=<5656.396484, 28.600662, 5414.054688>)
22:33:18.601 [VehicleEnter] Player Golden [uid=8Xp2uj5ZxNF55GgpLiN2OARJVn6kKpJE53oZMkC9IiQ=] entered vehicle ToyotaHilux rust (id=3E4DFEC0BB465FDB797A2FB3A8E55287 pos=<5625.646973, 28.714760, 5415.931152>) as driver
22:33:31.734 [VehicleEngine] Player Golden [uid=8Xp2uj5ZxNF55GgpLiN2OARJVn6kKpJE53oZMkC9IiQ=] started vehicle ToyotaHilux rust (id=3E4DFEC0BB465FDB797A2FB3A8E55287 pos=<5625.647949, 28.714756, 5415.930664>)
22:34:06.609 [Safezone] Player "MrGreen530" (id=4LNvemhkvMsn3fCjiyhQQrToOar0_hhH9f302w8wMNY= pos=<5743.582031, 21.044991, 5174.849121>) Left the safezone
22:34:09.742 [Safezone] Player "Golden" (id=8Xp2uj5ZxNF55GgpLiN2OARJVn6kKpJE53oZMkC9IiQ= pos=<5756.603516, 24.889002, 5197.929199>) Left the safezone
22:38:25.000 [VehicleEngine] Player MrGreen530 [uid=4LNvemhkvMsn3fCjiyhQQrToOar0_hhH9f302w8wMNY=] stopped vehicle Interceptor (id=A746055F8049A6161A0BC581870A09CA pos=<3767.421143, 5.449231, 2505.367920>)
22:38:29.007 [VehicleLeave] Player MrGreen530 [uid=4LNvemhkvMsn3fCjiyhQQrToOar0_hhH9f302w8wMNY=] left vehicle Interceptor (id=A746055F8049A6161A0BC581870A09CA pos=<3767.421143, 5.449231, 2505.367920>)
22:38:41.703 [VehicleEnter] Player MrGreen530 [uid=4LNvemhkvMsn3fCjiyhQQrToOar0_hhH9f302w8wMNY=] entered vehicle Interceptor (id=A746055F8049A6161A0BC581870A09CA pos=<3767.421143, 5.449231, 2505.367920>) as driver
22:38:48.281 [VehicleEngine] Player MrGreen530 [uid=4LNvemhkvMsn3fCjiyhQQrToOar0_hhH9f302w8wMNY=] started vehicle Interceptor (id=A746055F8049A6161A0BC581870A09CA pos=<3767.421143, 5.449232, 2505.367920>)
22:38:59.351 [VehicleEngine] Player MrGreen530 [uid=4LNvemhkvMsn3fCjiyhQQrToOar0_hhH9f302w8wMNY=] stopped vehicle Interceptor (id=A746055F8049A6161A0BC581870A09CA pos=<3753.792236, 5.525733, 2528.488281>)
22:39:04.140 [VehicleLeave] Player MrGreen530 [uid=4LNvemhkvMsn3fCjiyhQQrToOar0_hhH9f302w8wMNY=] left vehicle Interceptor (id=A746055F8049A6161A0BC581870A09CA pos=<3753.792236, 5.525716, 2528.488281>)
22:39:13.460 [VehicleCarKey] Player "MrGreen530" (id=4LNvemhkvMsn3fCjiyhQQrToOar0_hhH9f302w8wMNY= pos=<3754.019287, 5.635049, 2531.030273>) used the  ExpansionCarKey to lock Interceptor (id=A746055F8049A6161A0BC581870A09CA pos=<3753.792236, 5.525716, 2528.488281>)
22:39:16.218 [VehicleEngine] Player Golden [uid=8Xp2uj5ZxNF55GgpLiN2OARJVn6kKpJE53oZMkC9IiQ=] stopped vehicle ToyotaHilux rust (id=3E4DFEC0BB465FDB797A2FB3A8E55287 pos=<3812.228027, 5.659719, 2525.658447>)
22:39:24.054 [VehicleLeave] Player Golden [uid=8Xp2uj5ZxNF55GgpLiN2OARJVn6kKpJE53oZMkC9IiQ=] left vehicle ToyotaHilux rust (id=3E4DFEC0BB465FDB797A2FB3A8E55287 pos=<3812.228760, 5.659722, 2525.658203>)
22:39:34.406 [VehicleCarKey] Player "Golden" (id=8Xp2uj5ZxNF55GgpLiN2OARJVn6kKpJE53oZMkC9IiQ= pos=<3814.222412, 5.654969, 2525.141602>) used the  ExpansionCarKey to lock ToyotaHilux_rust (id=3E4DFEC0BB465FDB797A2FB3A8E55287 pos=<3812.230469, 5.659734, 2525.657471>)
22:45:50.539 [AI Patrol] Spawning 3 Paris Island Patrol bots at <2878.372803, 22.450001, 3504.070313>
23:31:34.062 [Killfeed] Golden got killed.
23:32:25.085 [SpawnSelection] Player "Golden" (id=8Xp2uj5ZxNF55GgpLiN2OARJVn6kKpJE53oZMkC9IiQ=) spawned at <4867.339844, 8.270000, 1577.310059>
23:45:03.265 [VehicleCarKey] Player "MrGreen530" (id=4LNvemhkvMsn3fCjiyhQQrToOar0_hhH9f302w8wMNY= pos=<73.139259, -0.289255, 2224.242188>) used the  ExpansionCarKey to unlock ExpansionZodiacBoat (id=D087AD0D9F4C76CCE8AF4782E65FECB9 pos=<72.670654, 0.237928, 2226.461426>)
23:45:12.843 [VehicleEnter] Player MrGreen530 [uid=4LNvemhkvMsn3fCjiyhQQrToOar0_hhH9f302w8wMNY=] entered vehicle PBX (id=D087AD0D9F4C76CCE8AF4782E65FECB9 pos=<72.657486, 0.591855, 2226.478271>) as driver
23:45:15.390 [VehicleEngine] Player MrGreen530 [uid=4LNvemhkvMsn3fCjiyhQQrToOar0_hhH9f302w8wMNY=] started vehicle PBX (id=D087AD0D9F4C76CCE8AF4782E65FECB9 pos=<72.631706, 0.634953, 2226.505127>)
23:50:58.726 [Expansion Quests] - InitQuestSystemClient - Loaded existing player quest data for player with UID: 8aHbwb5XZ9Gq0J-7qO1AVn3G8YD6-lBt4iCz53aUxso=
23:50:58.726 [Expansion Quests] - LoadGroupQuestData - Got cached group quest data for group with ID: -1
23:52:52.562 [VehicleEngine] Player MrGreen530 [uid=4LNvemhkvMsn3fCjiyhQQrToOar0_hhH9f302w8wMNY=] stopped vehicle PBX (id=D087AD0D9F4C76CCE8AF4782E65FECB9 pos=<3774.540771, 0.251166, 2423.600342>)
23:52:55.351 [VehicleLeave] Player MrGreen530 [uid=4LNvemhkvMsn3fCjiyhQQrToOar0_hhH9f302w8wMNY=] left vehicle PBX (id=D087AD0D9F4C76CCE8AF4782E65FECB9 pos=<3774.786621, 0.572369, 2423.574219>)
23:53:46.843 [VehicleCarKey] Player "MrGreen530" (id=4LNvemhkvMsn3fCjiyhQQrToOar0_hhH9f302w8wMNY= pos=<3775.229248, 0.589186, 2424.705566>) used the  ExpansionCarKey to lock ExpansionZodiacBoat (id=D087AD0D9F4C76CCE8AF4782E65FECB9 pos=<3775.054199, 0.511738, 2423.538086>)
23:57:04.078 [VehicleCarKey] Player "MrGreen530" (id=4LNvemhkvMsn3fCjiyhQQrToOar0_hhH9f302w8wMNY= pos=<3754.751221, 5.635047, 2530.054443>) used the  ExpansionCarKey to unlock Interceptor (id=A746055F8049A6161A0BC581870A09CA pos=<3753.792236, 5.525716, 2528.488281>)
23:57:08.250 [VehicleEnter] Player Golden [uid=8Xp2uj5ZxNF55GgpLiN2OARJVn6kKpJE53oZMkC9IiQ=] entered vehicle Interceptor (id=A746055F8049A6161A0BC581870A09CA pos=<3753.792236, 5.525716, 2528.488281>) as passenger
23:57:10.718 [VehicleEnter] Player MrGreen530 [uid=4LNvemhkvMsn3fCjiyhQQrToOar0_hhH9f302w8wMNY=] entered vehicle Interceptor (id=A746055F8049A6161A0BC581870A09CA pos=<3753.792236, 5.525715, 2528.488281>) as driver
23:57:13.492 [VehicleEngine] Player MrGreen530 [uid=4LNvemhkvMsn3fCjiyhQQrToOar0_hhH9f302w8wMNY=] started vehicle Interceptor (id=A746055F8049A6161A0BC581870A09CA pos=<3753.792236, 5.525715, 2528.488281>)
23:57:15.890 [VehicleLeave] Player Golden [uid=8Xp2uj5ZxNF55GgpLiN2OARJVn6kKpJE53oZMkC9IiQ=] left vehicle Interceptor (id=A746055F8049A6161A0BC581870A09CA pos=<3753.792236, 5.525715, 2528.488281>)
23:57:40.656 [VehicleEnter] Player Golden [uid=8Xp2uj5ZxNF55GgpLiN2OARJVn6kKpJE53oZMkC9IiQ=] entered vehicle Interceptor (id=A746055F8049A6161A0BC581870A09CA pos=<3771.200684, 5.446486, 2513.332031>) as passenger
23:58:29.031 [AI Patrol] Spawning 3 Shamans bots at <5239.057617, 105.080429, 2905.927734>
23:58:44.390 [VehicleLeave] Player MrGreen530 [uid=4LNvemhkvMsn3fCjiyhQQrToOar0_hhH9f302w8wMNY=] left vehicle Interceptor (id=A746055F8049A6161A0BC581870A09CA pos=<4359.970703, 5.127337, 2885.980957>)
23:58:47.023 [VehicleLeave] Player Golden [uid=8Xp2uj5ZxNF55GgpLiN2OARJVn6kKpJE53oZMkC9IiQ=] left vehicle Interceptor (id=A746055F8049A6161A0BC581870A09CA pos=<4359.970703, 5.127337, 2885.980957>)
23:58:49.070 [VehicleCarKey] Player "MrGreen530" (id=4LNvemhkvMsn3fCjiyhQQrToOar0_hhH9f302w8wMNY= pos=<4357.090332, 4.916086, 2884.378418>) used the  ExpansionCarKey to lock Interceptor (id=A746055F8049A6161A0BC581870A09CA pos=<4359.970703, 5.127337, 2885.980957>)
