06:27:56.248 [Party] Player "tearsofdawn1066" (id=Sltx5zKJy7sVbO2kN3XTpRthB0wkULqErUtRpY6M_7o=) joinded the party "DIEHARD" (id=32 ownerUID=JmVdSu0kzNbOpwjpFV-MDcMB-Equ3yPY-l-COMb6HgY= ownerName=Nick Leadbeatter)
06:43:05.683 [MissionAirdrop] An airdrop is heading towards "Oldfield" (pos=<6117.000000, 0.000000, 7004.000000> type=Random_Oldfield) with a ExpansionAirdropContainer_Military
07:09:01.634 [AI Patrol] Spawning 3 Camp Bear Patrol bots at <8898.363281, 20.060143, 5921.683594>
07:52:17.109 [VehicleDeleted] MUSTANG_rust (id=1C9F09D458479AD10C221DA4DEE85CA2 pos=<0.000536, 0.719699, 0.068275>)
07:52:17.138 [VirtualGarage] Player "tearsofdawn1066" (id=Sltx5zKJy7sVbO2kN3XTpRthB0wkULqErUtRpY6M_7o= pos=<7441.803223, 6.662500, 8460.410156>) retrieved a vehicle "MUSTANG_rust" (GlobalID=8000000080000000800000008001343A pos=<7439.641113, 6.709741, 8460.568359>)
07:53:33.759 [VehicleCarKey] Player "tearsofdawn1066" (id=Sltx5zKJy7sVbO2kN3XTpRthB0wkULqErUtRpY6M_7o= pos=<7437.910645, 6.662500, 8459.702148>) used the  ExpansionCarKey to lock MUSTANG_rust (id=8D49CED7D9410A60A6549294C5D31B69 pos=<7439.640625, 6.709741, 8460.568359>)
08:06:17.230 [VehicleCarKey] Player "tearsofdawn1066" (id=Sltx5zKJy7sVbO2kN3XTpRthB0wkULqErUtRpY6M_7o= pos=<7438.029785, 6.662500, 8461.631836>) used the  ExpansionCarKey to unlock MUSTANG_rust (id=8D49CED7D9410A60A6549294C5D31B69 pos=<7439.640625, 6.709741, 8460.568359>)
08:06:18.962 [VehicleCarKey] Player "tearsofdawn1066" (id=Sltx5zKJy7sVbO2kN3XTpRthB0wkULqErUtRpY6M_7o= pos=<7437.914551, 6.662500, 8462.433594>) used the  ExpansionCarKey to lock MUSTANG_rust (id=8D49CED7D9410A60A6549294C5D31B69 pos=<7439.640625, 6.709741, 8460.568359>)
08:06:20.363 [VehicleCarKey] Player "tearsofdawn1066" (id=Sltx5zKJy7sVbO2kN3XTpRthB0wkULqErUtRpY6M_7o= pos=<7437.914551, 6.662500, 8462.433594>) used the  ExpansionCarKey to unlock MUSTANG_rust (id=8D49CED7D9410A60A6549294C5D31B69 pos=<7439.640625, 6.709741, 8460.568359>)
08:06:54.035 [AI Patrol] Spawning 3 Temple Patrol bots at <449.222107, 48.364700, 760.855103>
08:06:54.046 [AI Patrol] Spawning 3 Temple Patrol bots at <271.153534, 47.070000, 770.488831>
08:06:54.056 [AI Patrol] Spawning 3 Temple Patrol bots at <298.733307, 55.318100, 725.359436>
08:06:55.734 [VehicleEnter] Player tearsofdawn1066 [uid=Sltx5zKJy7sVbO2kN3XTpRthB0wkULqErUtRpY6M_7o=] entered vehicle MUSTANG Rust  (id=8D49CED7D9410A60A6549294C5D31B69 pos=<7439.640625, 6.709741, 8460.568359>) as driver
08:07:02.675 [VehicleEngine] Player tearsofdawn1066 [uid=Sltx5zKJy7sVbO2kN3XTpRthB0wkULqErUtRpY6M_7o=] started vehicle MUSTANG Rust  (id=8D49CED7D9410A60A6549294C5D31B69 pos=<7439.641113, 6.709741, 8460.568359>)
08:07:58.312 [VehicleEngine] Player tearsofdawn1066 [uid=Sltx5zKJy7sVbO2kN3XTpRthB0wkULqErUtRpY6M_7o=] stopped vehicle MUSTANG Rust  (id=8D49CED7D9410A60A6549294C5D31B69 pos=<7440.329102, 6.709740, 8453.869141>)
08:08:01.998 [VehicleLeave] Player tearsofdawn1066 [uid=Sltx5zKJy7sVbO2kN3XTpRthB0wkULqErUtRpY6M_7o=] left vehicle MUSTANG Rust  (id=8D49CED7D9410A60A6549294C5D31B69 pos=<7440.329102, 6.709740, 8453.869141>)
08:08:56.117 [VehicleEnter] Player tearsofdawn1066 [uid=Sltx5zKJy7sVbO2kN3XTpRthB0wkULqErUtRpY6M_7o=] entered vehicle MUSTANG Rust  (id=8D49CED7D9410A60A6549294C5D31B69 pos=<7440.299316, 6.709741, 8453.866211>) as driver
08:34:37.281 [Party] Player "Nick Leadbeatter" (id=JmVdSu0kzNbOpwjpFV-MDcMB-Equ3yPY-l-COMb6HgY=) joinded the party "DIEHARD" (id=32 ownerUID=JmVdSu0kzNbOpwjpFV-MDcMB-Equ3yPY-l-COMb6HgY= ownerName=Nick Leadbeatter)
08:35:27.417 [VehicleEnter] Player Nick Leadbeatter [uid=JmVdSu0kzNbOpwjpFV-MDcMB-Equ3yPY-l-COMb6HgY=] entered vehicle MUSTANG Rust  (id=8D49CED7D9410A60A6549294C5D31B69 pos=<7440.299316, 6.709741, 8453.866211>) as passenger
08:35:34.578 [VehicleEngine] Player tearsofdawn1066 [uid=Sltx5zKJy7sVbO2kN3XTpRthB0wkULqErUtRpY6M_7o=] started vehicle MUSTANG Rust  (id=8D49CED7D9410A60A6549294C5D31B69 pos=<7440.298828, 6.709741, 8453.866211>)
08:39:30.955 [AI Patrol] Spawning 3 Power Plant Patrol bots at <4737.371582, 20.430000, 7140.550781>
08:41:10.710 [AI Patrol] Spawning 1 Shamans bots at <6765.716797, 35.735512, 6008.971680>
08:42:09.664 [VehicleEngine] Player tearsofdawn1066 [uid=Sltx5zKJy7sVbO2kN3XTpRthB0wkULqErUtRpY6M_7o=] stopped vehicle MUSTANG Rust  (id=8D49CED7D9410A60A6549294C5D31B69 pos=<6708.548828, 15.102689, 6239.645996>)
08:42:17.828 [VehicleLeave] Player tearsofdawn1066 [uid=Sltx5zKJy7sVbO2kN3XTpRthB0wkULqErUtRpY6M_7o=] left vehicle MUSTANG Rust  (id=8D49CED7D9410A60A6549294C5D31B69 pos=<6708.548828, 15.102688, 6239.645996>)
08:42:19.478 [VehicleLeave] Player Nick Leadbeatter [uid=JmVdSu0kzNbOpwjpFV-MDcMB-Equ3yPY-l-COMb6HgY=] left vehicle MUSTANG Rust  (id=8D49CED7D9410A60A6549294C5D31B69 pos=<6708.548828, 15.102690, 6239.645996>)
08:42:41.199 [VehicleAttachments] Player tearsofdawn1066 (uid=Sltx5zKJy7sVbO2kN3XTpRthB0wkULqErUtRpY6M_7o=) detached Mountain Backpack (type=MountainBag_Blue) from vehicle MUSTANG Rust (id=8D49CED7D9410A60A6549294C5D31B69 pos=<6708.548828, 15.102690, 6239.645996>)
08:42:51.191 [VehicleCarKey] Player "tearsofdawn1066" (id=Sltx5zKJy7sVbO2kN3XTpRthB0wkULqErUtRpY6M_7o= pos=<6709.185547, 15.058843, 6241.350586>) used the  ExpansionCarKey to lock MUSTANG_rust (id=8D49CED7D9410A60A6549294C5D31B69 pos=<6708.548828, 15.102690, 6239.645996>)
08:55:42.666 [Chat - Global]("Nick Leadbeatter"(id=JmVdSu0kzNbOpwjpFV-MDcMB-Equ3yPY-l-COMb6HgY=)): Anyone about to get me some bullets if I give them the money
08:57:44.214 [VehicleCarKey] Player "tearsofdawn1066" (id=Sltx5zKJy7sVbO2kN3XTpRthB0wkULqErUtRpY6M_7o= pos=<6705.975098, 15.057414, 6241.964844>) used the  ExpansionCarKey to unlock MUSTANG_rust (id=8D49CED7D9410A60A6549294C5D31B69 pos=<6708.548828, 15.102690, 6239.645996>)
08:57:53.634 [VehicleEnter] Player Nick Leadbeatter [uid=JmVdSu0kzNbOpwjpFV-MDcMB-Equ3yPY-l-COMb6HgY=] entered vehicle MUSTANG Rust  (id=8D49CED7D9410A60A6549294C5D31B69 pos=<6708.548828, 15.102690, 6239.645996>) as passenger
08:58:34.988 [VehicleEnter] Player tearsofdawn1066 [uid=Sltx5zKJy7sVbO2kN3XTpRthB0wkULqErUtRpY6M_7o=] entered vehicle MUSTANG Rust  (id=8D49CED7D9410A60A6549294C5D31B69 pos=<6708.548828, 15.102689, 6239.645996>) as driver
08:58:42.785 [VehicleEngine] Player tearsofdawn1066 [uid=Sltx5zKJy7sVbO2kN3XTpRthB0wkULqErUtRpY6M_7o=] started vehicle MUSTANG Rust  (id=8D49CED7D9410A60A6549294C5D31B69 pos=<6708.548828, 15.102689, 6239.645996>)
09:01:48.255 [Safezone] Player "Nick Leadbeatter" (id=JmVdSu0kzNbOpwjpFV-MDcMB-Equ3yPY-l-COMb6HgY= pos=<5672.992188, 33.010784, 5261.679688>) Entered the safezone
09:01:48.306 [Safezone] Player "tearsofdawn1066" (id=Sltx5zKJy7sVbO2kN3XTpRthB0wkULqErUtRpY6M_7o= pos=<5672.570801, 33.019558, 5260.858887>) Entered the safezone
09:02:13.019 [VehicleEngine] Player tearsofdawn1066 [uid=Sltx5zKJy7sVbO2kN3XTpRthB0wkULqErUtRpY6M_7o=] stopped vehicle MUSTANG Rust  (id=8D49CED7D9410A60A6549294C5D31B69 pos=<5642.924316, 28.766382, 5380.101563>)
09:02:17.371 [VehicleLeave] Player tearsofdawn1066 [uid=Sltx5zKJy7sVbO2kN3XTpRthB0wkULqErUtRpY6M_7o=] left vehicle MUSTANG Rust  (id=8D49CED7D9410A60A6549294C5D31B69 pos=<5642.924316, 28.766382, 5380.101563>)
09:02:23.246 [VehicleLeave] Player Nick Leadbeatter [uid=JmVdSu0kzNbOpwjpFV-MDcMB-Equ3yPY-l-COMb6HgY=] left vehicle MUSTANG Rust  (id=8D49CED7D9410A60A6549294C5D31B69 pos=<5642.924316, 28.766382, 5380.101563>)
09:03:02.679 [Market] Player "tearsofdawn1066" (id=Sltx5zKJy7sVbO2kN3XTpRthB0wkULqErUtRpY6M_7o=) has send a requested to sell mag_famas_25rnd x1 at the trader "Weapons (Oliver [WEAPONS])" in market zone "The Holler" (pos=<5632.000000, 32.000000, 5392.000000>).
09:03:02.839 [Market] Player "tearsofdawn1066" (id=Sltx5zKJy7sVbO2kN3XTpRthB0wkULqErUtRpY6M_7o=) has sold mag_famas_25rnd x1 at the trader "Weapons (Oliver [WEAPONS])" in market zone "The Holler" (pos=<5632.000000, 32.000000, 5392.000000>) and got 47.
09:05:01.933 [Safezone] Player "[Admin] Bunker" (id=mBNlxASsPlOcry0dpDl8K-WgHNR5WMCMmoJ9NhpU4FY= pos=<5649.690430, 29.502888, 5404.455566>) Entered the safezone
09:05:34.355 [ATM] Player "Nick Leadbeatter" (id=JmVdSu0kzNbOpwjpFV-MDcMB-Equ3yPY-l-COMb6HgY=) has withdrawn 4000 from the party "DIEHARD" (partyid=32 | ownerid=JmVdSu0kzNbOpwjpFV-MDcMB-Equ3yPY-l-COMb6HgY=) ATM account.
09:05:36.576 [ATM] Player "Nick Leadbeatter" (id=JmVdSu0kzNbOpwjpFV-MDcMB-Equ3yPY-l-COMb6HgY=) has withdrawn 4000 from his ATM account.
09:06:36.765 [ATM] Player "Nick Leadbeatter" (id=JmVdSu0kzNbOpwjpFV-MDcMB-Equ3yPY-l-COMb6HgY=) has deposited 4000 on his ATM account.
09:06:40.437 [ATM] Player "Nick Leadbeatter" (id=JmVdSu0kzNbOpwjpFV-MDcMB-Equ3yPY-l-COMb6HgY=) has deposited 4000 on the party "DIEHARD" (partyid=32 | ownerid=JmVdSu0kzNbOpwjpFV-MDcMB-Equ3yPY-l-COMb6HgY=) ATM account.
09:09:08.390 [VehicleEnter] Player Nick Leadbeatter [uid=JmVdSu0kzNbOpwjpFV-MDcMB-Equ3yPY-l-COMb6HgY=] entered vehicle MUSTANG Rust  (id=8D49CED7D9410A60A6549294C5D31B69 pos=<5642.924316, 28.766382, 5380.101563>) as passenger
09:09:24.925 [VehicleEnter] Player tearsofdawn1066 [uid=Sltx5zKJy7sVbO2kN3XTpRthB0wkULqErUtRpY6M_7o=] entered vehicle MUSTANG Rust  (id=8D49CED7D9410A60A6549294C5D31B69 pos=<5642.924316, 28.766380, 5380.101563>) as driver
09:09:27.609 [VehicleEngine] Player tearsofdawn1066 [uid=Sltx5zKJy7sVbO2kN3XTpRthB0wkULqErUtRpY6M_7o=] started vehicle MUSTANG Rust  (id=8D49CED7D9410A60A6549294C5D31B69 pos=<5642.924316, 28.766380, 5380.101563>)
09:10:09.710 [Safezone] Player "Nick Leadbeatter" (id=JmVdSu0kzNbOpwjpFV-MDcMB-Equ3yPY-l-COMb6HgY= pos=<5609.700195, 16.968410, 5682.883301>) Left the safezone
09:10:09.761 [Safezone] Player "tearsofdawn1066" (id=Sltx5zKJy7sVbO2kN3XTpRthB0wkULqErUtRpY6M_7o= pos=<5609.565918, 16.872410, 5684.115234>) Left the safezone
09:14:45.468 [VehicleEngine] Player tearsofdawn1066 [uid=Sltx5zKJy7sVbO2kN3XTpRthB0wkULqErUtRpY6M_7o=] stopped vehicle MUSTANG Rust  (id=8D49CED7D9410A60A6549294C5D31B69 pos=<5410.329102, 2.452896, 7560.420410>)
09:14:50.046 [VehicleLeave] Player tearsofdawn1066 [uid=Sltx5zKJy7sVbO2kN3XTpRthB0wkULqErUtRpY6M_7o=] left vehicle MUSTANG Rust  (id=8D49CED7D9410A60A6549294C5D31B69 pos=<5410.328613, 2.452898, 7560.420410>)
09:14:55.390 [VehicleCarKey] Player "tearsofdawn1066" (id=Sltx5zKJy7sVbO2kN3XTpRthB0wkULqErUtRpY6M_7o= pos=<5408.557617, 2.405892, 7560.451172>) used the  ExpansionCarKey to lock MUSTANG_rust (id=8D49CED7D9410A60A6549294C5D31B69 pos=<5410.328613, 2.452898, 7560.420898>)
09:22:13.242 [VehicleCarKey] Player "tearsofdawn1066" (id=Sltx5zKJy7sVbO2kN3XTpRthB0wkULqErUtRpY6M_7o= pos=<5408.839355, 2.383364, 7557.447754>) used the  ExpansionCarKey to unlock MUSTANG_rust (id=8D49CED7D9410A60A6549294C5D31B69 pos=<5410.328613, 2.452898, 7560.420898>)
09:32:28.281 [VehicleEnter] Player tearsofdawn1066 [uid=Sltx5zKJy7sVbO2kN3XTpRthB0wkULqErUtRpY6M_7o=] entered vehicle MUSTANG Rust  (id=8D49CED7D9410A60A6549294C5D31B69 pos=<5410.329102, 2.452896, 7560.420410>) as driver
09:32:32.933 [VehicleEngine] Player tearsofdawn1066 [uid=Sltx5zKJy7sVbO2kN3XTpRthB0wkULqErUtRpY6M_7o=] started vehicle MUSTANG Rust  (id=8D49CED7D9410A60A6549294C5D31B69 pos=<5410.329102, 2.452896, 7560.420410>)
09:33:36.347 [VehicleEngine] Player tearsofdawn1066 [uid=Sltx5zKJy7sVbO2kN3XTpRthB0wkULqErUtRpY6M_7o=] stopped vehicle MUSTANG Rust  (id=8D49CED7D9410A60A6549294C5D31B69 pos=<5838.216309, 7.717255, 8337.745117>)
09:33:40.320 [VehicleLeave] Player tearsofdawn1066 [uid=Sltx5zKJy7sVbO2kN3XTpRthB0wkULqErUtRpY6M_7o=] left vehicle MUSTANG Rust  (id=8D49CED7D9410A60A6549294C5D31B69 pos=<5838.216309, 7.717269, 8337.745117>)
09:34:48.648 [VehicleEnter] Player tearsofdawn1066 [uid=Sltx5zKJy7sVbO2kN3XTpRthB0wkULqErUtRpY6M_7o=] entered vehicle MUSTANG Rust  (id=8D49CED7D9410A60A6549294C5D31B69 pos=<5838.215820, 7.717270, 8337.745117>) as driver
09:34:51.101 [VehicleEngine] Player tearsofdawn1066 [uid=Sltx5zKJy7sVbO2kN3XTpRthB0wkULqErUtRpY6M_7o=] started vehicle MUSTANG Rust  (id=8D49CED7D9410A60A6549294C5D31B69 pos=<5838.215820, 7.717271, 8337.745117>)
09:38:14.261 [VehicleEngine] Player tearsofdawn1066 [uid=Sltx5zKJy7sVbO2kN3XTpRthB0wkULqErUtRpY6M_7o=] stopped vehicle MUSTANG Rust  (id=8D49CED7D9410A60A6549294C5D31B69 pos=<7436.366211, 6.709740, 8447.036133>)
09:38:18.000 [VehicleLeave] Player tearsofdawn1066 [uid=Sltx5zKJy7sVbO2kN3XTpRthB0wkULqErUtRpY6M_7o=] left vehicle MUSTANG Rust  (id=8D49CED7D9410A60A6549294C5D31B69 pos=<7436.366699, 6.709740, 8447.036133>)
09:38:51.757 [VehicleCarKey] Player "tearsofdawn1066" (id=Sltx5zKJy7sVbO2kN3XTpRthB0wkULqErUtRpY6M_7o= pos=<7437.584961, 6.662500, 8445.332031>) used the  ExpansionCarKey to lock MUSTANG_rust (id=8D49CED7D9410A60A6549294C5D31B69 pos=<7436.366699, 6.709740, 8447.036133>)
09:41:53.765 [VehicleLeave] Player Nick Leadbeatter [uid=JmVdSu0kzNbOpwjpFV-MDcMB-Equ3yPY-l-COMb6HgY=] left vehicle MUSTANG Rust  (id=8D49CED7D9410A60A6549294C5D31B69 pos=<7436.366699, 6.709740, 8447.036133>)
09:41:57.304 [VehicleCarKey] Player "tearsofdawn1066" (id=Sltx5zKJy7sVbO2kN3XTpRthB0wkULqErUtRpY6M_7o= pos=<7437.283203, 6.662500, 8445.242188>) used the  ExpansionCarKey to lock MUSTANG_rust (id=8D49CED7D9410A60A6549294C5D31B69 pos=<7436.366699, 6.709740, 8447.036133>)
09:42:29.070 [Party] Player "tearsofdawn1066" (id=Sltx5zKJy7sVbO2kN3XTpRthB0wkULqErUtRpY6M_7o=) left the party "DIEHARD" (id=32 ownerUID=JmVdSu0kzNbOpwjpFV-MDcMB-Equ3yPY-l-COMb6HgY= ownerName=Nick Leadbeatter)
09:58:22.460 [Party] Player "Nick Leadbeatter" (id=JmVdSu0kzNbOpwjpFV-MDcMB-Equ3yPY-l-COMb6HgY=) left the party "DIEHARD" (id=32 ownerUID=JmVdSu0kzNbOpwjpFV-MDcMB-Equ3yPY-l-COMb6HgY= ownerName=Nick Leadbeatter)
10:11:17.730 [MissionAirdrop] An airdrop is heading towards "Warren-Cove" (pos=<6924.000000, 0.000000, 5473.000000> type=Random_Warren-Cove) with a ExpansionAirdropContainer_Basebuilding
10:34:32.546 [Safezone] Player "Condom Breath" (id=VsEWQWxzvcTpDLQgc9tVyxq5TiqDS9O3QehdBa_YkH8= pos=<5633.922363, 28.722488, 5409.431641>) Entered the safezone
10:34:32.546 [Party] Player "Condom Breath" (id=VsEWQWxzvcTpDLQgc9tVyxq5TiqDS9O3QehdBa_YkH8=) joinded the party "Dirty Crew" (id=23 ownerUID=VsEWQWxzvcTpDLQgc9tVyxq5TiqDS9O3QehdBa_YkH8= ownerName=Condom Breath)
10:36:44.921 [Market] Player "Condom Breath" (id=VsEWQWxzvcTpDLQgc9tVyxq5TiqDS9O3QehdBa_YkH8=) has send a requested to sell twp_marlin x1 at the trader "Weapons (Oliver [WEAPONS])" in market zone "The Holler" (pos=<5632.000000, 32.000000, 5392.000000>).
10:36:45.089 [Market] Player "Condom Breath" (id=VsEWQWxzvcTpDLQgc9tVyxq5TiqDS9O3QehdBa_YkH8=) has sold twp_marlin x1 at the trader "Weapons (Oliver [WEAPONS])" in market zone "The Holler" (pos=<5632.000000, 32.000000, 5392.000000>) and got 9000.
10:36:45.812 [Market] Player "Condom Breath" (id=VsEWQWxzvcTpDLQgc9tVyxq5TiqDS9O3QehdBa_YkH8=) has send a requested to sell twp_winchester1873 x1 at the trader "Weapons (Oliver [WEAPONS])" in market zone "The Holler" (pos=<5632.000000, 32.000000, 5392.000000>).
10:36:45.980 [Market] Player "Condom Breath" (id=VsEWQWxzvcTpDLQgc9tVyxq5TiqDS9O3QehdBa_YkH8=) has sold twp_winchester1873 x1 at the trader "Weapons (Oliver [WEAPONS])" in market zone "The Holler" (pos=<5632.000000, 32.000000, 5392.000000>) and got 4500.
10:36:54.554 [ATM] Player "Condom Breath" (id=VsEWQWxzvcTpDLQgc9tVyxq5TiqDS9O3QehdBa_YkH8=) has deposited 16500 on his ATM account.
10:38:04.695 [ATM] Player "Condom Breath" (id=VsEWQWxzvcTpDLQgc9tVyxq5TiqDS9O3QehdBa_YkH8=) has withdrawn 120000 from his ATM account.
10:38:26.468 [Market] Player "Condom Breath" (id=VsEWQWxzvcTpDLQgc9tVyxq5TiqDS9O3QehdBa_YkH8=) has send a requested to purchase motorhome_rust x1 from the trader "Vehicles (Lewis [VEHICLES])" in market zone "The Holler" (pos=<5632.000000, 32.000000, 5392.000000>).
10:38:26.656 [VehicleDeleted] MotorHome_rust (id=3AC66D83014622CC6A54D88F929606E3 pos=<0.017024, 0.515875, 0.809919>)
10:38:26.664 [Market] Player "Condom Breath" (id=VsEWQWxzvcTpDLQgc9tVyxq5TiqDS9O3QehdBa_YkH8=) has bought motorhome_rust x1 from the trader "Vehicles (Lewis [VEHICLES])" in market zone "The Holler" (pos=<5632.000000, 32.000000, 5392.000000>) for a price of 117200.
10:38:42.136 [VehicleCarKey] Player "Condom Breath" (id=VsEWQWxzvcTpDLQgc9tVyxq5TiqDS9O3QehdBa_YkH8= pos=<5605.029785, 28.753540, 5355.306641>) used the  ExpansionCarKey to unlock MotorHome_rust (id=B18760F20D48640726CFAB9799CBDA0D pos=<5601.266602, 28.889746, 5358.768555>)
10:38:52.644 [VehicleCarKey] Player "Condom Breath" (id=VsEWQWxzvcTpDLQgc9tVyxq5TiqDS9O3QehdBa_YkH8= pos=<5601.232422, 28.722498, 5356.340332>) used the  ExpansionCarKey to lock MotorHome_rust (id=B18760F20D48640726CFAB9799CBDA0D pos=<5601.266602, 28.889746, 5358.768555>)
10:38:54.144 [VehicleCarKey] Player "Condom Breath" (id=VsEWQWxzvcTpDLQgc9tVyxq5TiqDS9O3QehdBa_YkH8= pos=<5601.133301, 28.722498, 5356.364746>) used the  ExpansionCarKey to unlock MotorHome_rust (id=B18760F20D48640726CFAB9799CBDA0D pos=<5601.266602, 28.889746, 5358.768555>)
10:39:10.074 [VehicleCarKey] Player "Condom Breath" (id=VsEWQWxzvcTpDLQgc9tVyxq5TiqDS9O3QehdBa_YkH8= pos=<5601.462402, 29.758263, 5358.419434>) used the  ExpansionCarKey to lock MotorHome_rust (id=B18760F20D48640726CFAB9799CBDA0D pos=<5601.266602, 28.889746, 5358.768555>)
10:39:13.503 [VehicleCarKey] Player "Condom Breath" (id=VsEWQWxzvcTpDLQgc9tVyxq5TiqDS9O3QehdBa_YkH8= pos=<5603.009277, 29.911913, 5357.874512>) used the  ExpansionCarKey to unlock MotorHome_rust (id=B18760F20D48640726CFAB9799CBDA0D pos=<5601.266602, 28.889746, 5358.768555>)
10:40:03.234 [VehicleEnter] Player Condom Breath [uid=VsEWQWxzvcTpDLQgc9tVyxq5TiqDS9O3QehdBa_YkH8=] entered vehicle MotorHome rust (id=B18760F20D48640726CFAB9799CBDA0D pos=<5601.266602, 28.889753, 5358.768555>) as driver
10:40:05.664 [VehicleEngine] Player Condom Breath [uid=VsEWQWxzvcTpDLQgc9tVyxq5TiqDS9O3QehdBa_YkH8=] started vehicle MotorHome rust (id=B18760F20D48640726CFAB9799CBDA0D pos=<5601.266602, 28.889753, 5358.768555>)
10:40:09.640 [VehicleEngine] Player Condom Breath [uid=VsEWQWxzvcTpDLQgc9tVyxq5TiqDS9O3QehdBa_YkH8=] started vehicle MotorHome rust (id=B18760F20D48640726CFAB9799CBDA0D pos=<5601.266602, 28.889753, 5358.768555>)
10:40:27.824 [VehicleLeave] Player Condom Breath [uid=VsEWQWxzvcTpDLQgc9tVyxq5TiqDS9O3QehdBa_YkH8=] left vehicle MotorHome rust (id=B18760F20D48640726CFAB9799CBDA0D pos=<5601.266602, 28.889755, 5358.768555>)
10:45:28.945 [ATM] Player "Condom Breath" (id=VsEWQWxzvcTpDLQgc9tVyxq5TiqDS9O3QehdBa_YkH8=) has withdrawn 20000 from his ATM account.
10:45:51.562 [Market] Player "Condom Breath" (id=VsEWQWxzvcTpDLQgc9tVyxq5TiqDS9O3QehdBa_YkH8=) has send a requested to purchase truckbattery x1 from the trader "Vehicles (Lewis [VEHICLES])" in market zone "The Holler" (pos=<5632.000000, 32.000000, 5392.000000>).
10:45:51.710 [Market] Player "Condom Breath" (id=VsEWQWxzvcTpDLQgc9tVyxq5TiqDS9O3QehdBa_YkH8=) has bought truckbattery x1 from the trader "Vehicles (Lewis [VEHICLES])" in market zone "The Holler" (pos=<5632.000000, 32.000000, 5392.000000>) for a price of 6000.
10:46:12.882 [Market] Player "Condom Breath" (id=VsEWQWxzvcTpDLQgc9tVyxq5TiqDS9O3QehdBa_YkH8=) has send a requested to purchase sparkplug x1 from the trader "Vehicles (Lewis [VEHICLES])" in market zone "The Holler" (pos=<5632.000000, 32.000000, 5392.000000>).
10:46:13.007 [Market] Player "Condom Breath" (id=VsEWQWxzvcTpDLQgc9tVyxq5TiqDS9O3QehdBa_YkH8=) has bought sparkplug x1 from the trader "Vehicles (Lewis [VEHICLES])" in market zone "The Holler" (pos=<5632.000000, 32.000000, 5392.000000>) for a price of 600.
10:46:44.796 [Market] Player "Condom Breath" (id=VsEWQWxzvcTpDLQgc9tVyxq5TiqDS9O3QehdBa_YkH8=) has send a requested to sell carbattery x1 at the trader "Vehicles (Lewis [VEHICLES])" in market zone "The Holler" (pos=<5632.000000, 32.000000, 5392.000000>).
10:46:44.914 [Market] Player "Condom Breath" (id=VsEWQWxzvcTpDLQgc9tVyxq5TiqDS9O3QehdBa_YkH8=) has sold carbattery x1 at the trader "Vehicles (Lewis [VEHICLES])" in market zone "The Holler" (pos=<5632.000000, 32.000000, 5392.000000>) and got 4500.
10:47:02.609 [ATM] Player "Condom Breath" (id=VsEWQWxzvcTpDLQgc9tVyxq5TiqDS9O3QehdBa_YkH8=) has deposited 20700 on his ATM account.
10:48:17.265 [VehicleEnter] Player Condom Breath [uid=VsEWQWxzvcTpDLQgc9tVyxq5TiqDS9O3QehdBa_YkH8=] entered vehicle MotorHome rust (id=B18760F20D48640726CFAB9799CBDA0D pos=<5601.266602, 28.889753, 5358.768555>) as driver
10:48:24.968 [VehicleEngine] Player Condom Breath [uid=VsEWQWxzvcTpDLQgc9tVyxq5TiqDS9O3QehdBa_YkH8=] started vehicle MotorHome rust (id=B18760F20D48640726CFAB9799CBDA0D pos=<5601.266602, 28.889753, 5358.768555>)
10:48:43.132 [VehicleLeave] Player Condom Breath [uid=VsEWQWxzvcTpDLQgc9tVyxq5TiqDS9O3QehdBa_YkH8=] left vehicle MotorHome rust (id=B18760F20D48640726CFAB9799CBDA0D pos=<5607.471680, 28.957952, 5353.751953>)
10:48:53.531 [VehicleEnter] Player Condom Breath [uid=VsEWQWxzvcTpDLQgc9tVyxq5TiqDS9O3QehdBa_YkH8=] entered vehicle MotorHome rust (id=B18760F20D48640726CFAB9799CBDA0D pos=<5607.471680, 28.957952, 5353.751465>) as passenger
10:49:29.242 [VehicleLeave] Player Condom Breath [uid=VsEWQWxzvcTpDLQgc9tVyxq5TiqDS9O3QehdBa_YkH8=] left vehicle MotorHome rust (id=B18760F20D48640726CFAB9799CBDA0D pos=<5607.471680, 28.957947, 5353.751465>)
10:49:37.359 [VehicleEnter] Player Condom Breath [uid=VsEWQWxzvcTpDLQgc9tVyxq5TiqDS9O3QehdBa_YkH8=] entered vehicle MotorHome rust (id=B18760F20D48640726CFAB9799CBDA0D pos=<5607.471680, 28.957949, 5353.751465>) as passenger
10:49:40.062 [VehicleLeave] Player Condom Breath [uid=VsEWQWxzvcTpDLQgc9tVyxq5TiqDS9O3QehdBa_YkH8=] left vehicle MotorHome rust (id=B18760F20D48640726CFAB9799CBDA0D pos=<5607.471680, 28.957945, 5353.751465>)
10:49:45.496 [VehicleEnter] Player Condom Breath [uid=VsEWQWxzvcTpDLQgc9tVyxq5TiqDS9O3QehdBa_YkH8=] entered vehicle MotorHome rust (id=B18760F20D48640726CFAB9799CBDA0D pos=<5607.471680, 28.957945, 5353.751465>) as passenger
10:49:48.464 [VehicleLeave] Player Condom Breath [uid=VsEWQWxzvcTpDLQgc9tVyxq5TiqDS9O3QehdBa_YkH8=] left vehicle MotorHome rust (id=B18760F20D48640726CFAB9799CBDA0D pos=<5607.471680, 28.957943, 5353.751465>)
10:50:51.445 [ATM] Player "Condom Breath" (id=VsEWQWxzvcTpDLQgc9tVyxq5TiqDS9O3QehdBa_YkH8=) has withdrawn 30000 from his ATM account.
10:51:12.078 [Market] Player "Condom Breath" (id=VsEWQWxzvcTpDLQgc9tVyxq5TiqDS9O3QehdBa_YkH8=) has send a requested to purchase expansioncarkey x2 from the trader "Vehicles (Lewis [VEHICLES])" in market zone "The Holler" (pos=<5632.000000, 32.000000, 5392.000000>).
10:51:12.203 [Market] Player "Condom Breath" (id=VsEWQWxzvcTpDLQgc9tVyxq5TiqDS9O3QehdBa_YkH8=) has bought expansioncarkey x2 from the trader "Vehicles (Lewis [VEHICLES])" in market zone "The Holler" (pos=<5632.000000, 32.000000, 5392.000000>) for a price of 1000.
10:51:14.984 [Market] Player "Condom Breath" (id=VsEWQWxzvcTpDLQgc9tVyxq5TiqDS9O3QehdBa_YkH8=) has send a requested to purchase expansionhelicopterbattery x1 from the trader "Vehicles (Lewis [VEHICLES])" in market zone "The Holler" (pos=<5632.000000, 32.000000, 5392.000000>).
10:51:15.128 [Market] Player "Condom Breath" (id=VsEWQWxzvcTpDLQgc9tVyxq5TiqDS9O3QehdBa_YkH8=) has bought expansionhelicopterbattery x1 from the trader "Vehicles (Lewis [VEHICLES])" in market zone "The Holler" (pos=<5632.000000, 32.000000, 5392.000000>) for a price of 12000.
10:51:16.312 [Market] Player "Condom Breath" (id=VsEWQWxzvcTpDLQgc9tVyxq5TiqDS9O3QehdBa_YkH8=) has send a requested to purchase expansionhydraulichoses x1 from the trader "Vehicles (Lewis [VEHICLES])" in market zone "The Holler" (pos=<5632.000000, 32.000000, 5392.000000>).
10:51:16.472 [Market] Player "Condom Breath" (id=VsEWQWxzvcTpDLQgc9tVyxq5TiqDS9O3QehdBa_YkH8=) has bought expansionhydraulichoses x1 from the trader "Vehicles (Lewis [VEHICLES])" in market zone "The Holler" (pos=<5632.000000, 32.000000, 5392.000000>) for a price of 800.
10:51:16.949 [Market] Player "Condom Breath" (id=VsEWQWxzvcTpDLQgc9tVyxq5TiqDS9O3QehdBa_YkH8=) has send a requested to purchase expansionigniterplug x1 from the trader "Vehicles (Lewis [VEHICLES])" in market zone "The Holler" (pos=<5632.000000, 32.000000, 5392.000000>).
10:51:17.062 [Market] Player "Condom Breath" (id=VsEWQWxzvcTpDLQgc9tVyxq5TiqDS9O3QehdBa_YkH8=) has bought expansionigniterplug x1 from the trader "Vehicles (Lewis [VEHICLES])" in market zone "The Holler" (pos=<5632.000000, 32.000000, 5392.000000>) for a price of 1000.
10:52:48.296 [VehicleEnter] Player Condom Breath [uid=VsEWQWxzvcTpDLQgc9tVyxq5TiqDS9O3QehdBa_YkH8=] entered vehicle MotorHome rust (id=B18760F20D48640726CFAB9799CBDA0D pos=<5607.471191, 28.957924, 5353.750000>) as driver
10:53:38.289 [Safezone] Player "Condom Breath" (id=VsEWQWxzvcTpDLQgc9tVyxq5TiqDS9O3QehdBa_YkH8= pos=<5812.792969, 29.268322, 5194.467285>) Left the safezone
10:53:41.218 [AI Patrol] Spawning 2 Shamans bots at <6605.092285, 42.139313, 5853.142578>
10:56:55.785 [VehicleLeave] Player Condom Breath [uid=VsEWQWxzvcTpDLQgc9tVyxq5TiqDS9O3QehdBa_YkH8=] left vehicle MotorHome rust (id=B18760F20D48640726CFAB9799CBDA0D pos=<7076.603027, 8.884273, 5528.249512>)
11:02:35.054 [VehicleEnter] Player Condom Breath [uid=VsEWQWxzvcTpDLQgc9tVyxq5TiqDS9O3QehdBa_YkH8=] entered vehicle MotorHome rust (id=B18760F20D48640726CFAB9799CBDA0D pos=<7076.603027, 8.884265, 5528.249512>) as driver
11:02:37.710 [VehicleEngine] Player Condom Breath [uid=VsEWQWxzvcTpDLQgc9tVyxq5TiqDS9O3QehdBa_YkH8=] started vehicle MotorHome rust (id=B18760F20D48640726CFAB9799CBDA0D pos=<7076.603027, 8.884265, 5528.249512>)
11:03:47.546 [VehicleLeave] Player Condom Breath [uid=VsEWQWxzvcTpDLQgc9tVyxq5TiqDS9O3QehdBa_YkH8=] left vehicle MotorHome rust (id=B18760F20D48640726CFAB9799CBDA0D pos=<7170.133789, 41.992088, 4794.906250>)
11:04:38.367 [VehicleEnter] Player Condom Breath [uid=VsEWQWxzvcTpDLQgc9tVyxq5TiqDS9O3QehdBa_YkH8=] entered vehicle MotorHome rust (id=B18760F20D48640726CFAB9799CBDA0D pos=<7170.148926, 41.992073, 4794.933594>) as driver
11:07:51.968 [VehicleLeave] Player Condom Breath [uid=VsEWQWxzvcTpDLQgc9tVyxq5TiqDS9O3QehdBa_YkH8=] left vehicle MotorHome rust (id=B18760F20D48640726CFAB9799CBDA0D pos=<5442.795898, 74.178329, 3708.932129>)
11:08:16.628 [VehicleCarKey] Player "Condom Breath" (id=VsEWQWxzvcTpDLQgc9tVyxq5TiqDS9O3QehdBa_YkH8= pos=<5451.104492, 74.012505, 3722.467529>) paired a  ExpansionCarKey to ExpansionMh6_Vrana (id=84C6C6DA114F1CEA30915E8C7445B117 pos=<5448.339355, 74.059891, 3721.177002>)
11:08:29.230 [VehicleEnter] Player Condom Breath [uid=VsEWQWxzvcTpDLQgc9tVyxq5TiqDS9O3QehdBa_YkH8=] entered vehicle MotorHome rust (id=B18760F20D48640726CFAB9799CBDA0D pos=<5442.795898, 74.178329, 3708.932129>) as driver
11:08:31.457 [VehicleEngine] Player Condom Breath [uid=VsEWQWxzvcTpDLQgc9tVyxq5TiqDS9O3QehdBa_YkH8=] started vehicle MotorHome rust (id=B18760F20D48640726CFAB9799CBDA0D pos=<5442.795898, 74.178329, 3708.932129>)
11:13:51.695 [Safezone] Player "Condom Breath" (id=VsEWQWxzvcTpDLQgc9tVyxq5TiqDS9O3QehdBa_YkH8= pos=<5670.614258, 33.749836, 5264.159180>) Entered the safezone
11:14:06.906 [Safezone] Player "Condom Breath" (id=VsEWQWxzvcTpDLQgc9tVyxq5TiqDS9O3QehdBa_YkH8= pos=<5673.177246, 34.641209, 5244.201172>) Left the safezone
11:14:07.015 [VehicleEngine] Player Condom Breath [uid=VsEWQWxzvcTpDLQgc9tVyxq5TiqDS9O3QehdBa_YkH8=] stopped vehicle MotorHome rust (id=B18760F20D48640726CFAB9799CBDA0D pos=<5671.830566, 33.455597, 5241.597656>)
11:14:09.273 [VehicleLeave] Player Condom Breath [uid=VsEWQWxzvcTpDLQgc9tVyxq5TiqDS9O3QehdBa_YkH8=] left vehicle MotorHome rust (id=B18760F20D48640726CFAB9799CBDA0D pos=<5671.830566, 33.455601, 5241.597656>)
11:14:21.511 [VehicleDeleted] MotorHome_rust (id=22DCAE5CAD4F29F95D7F96ACC215CBCD pos=<0.017024, 0.515875, 0.809919>)
11:14:21.523 [VehicleDeleted] MotorHome_rust (id=B18760F20D48640726CFAB9799CBDA0D pos=<5671.830566, 33.455601, 5241.597656>)
11:14:21.523 [VirtualGarage] Player "Condom Breath" (id=VsEWQWxzvcTpDLQgc9tVyxq5TiqDS9O3QehdBa_YkH8= pos=<5693.200195, 32.274696, 5249.329590>) stored a vehicle "MotorHome_rust" (GlobalID=80000000800000008000000080013E5C pos=<5671.830566, 33.455601, 5241.597656>)
11:14:29.265 [Safezone] Player "Condom Breath" (id=VsEWQWxzvcTpDLQgc9tVyxq5TiqDS9O3QehdBa_YkH8= pos=<5677.359863, 32.439766, 5262.219727>) Entered the safezone
11:15:59.960 [Safezone] Player "Condom Breath" (id=VsEWQWxzvcTpDLQgc9tVyxq5TiqDS9O3QehdBa_YkH8= pos=<5709.743652, 28.632915, 5226.754883>) Left the safezone
11:20:07.312 [AI Patrol] Spawning 2 Shamans bots at <4736.249512, 20.901388, 4208.222656>
11:42:33.761 [AI Patrol] Spawning 3 Shamans bots at <5969.333008, 50.558140, 2788.715820>
11:42:34.929 [AI Patrol] Spawning 3 Shamans bots at <5479.429199, 77.117180, 2735.989746>
11:45:53.765 [VehicleEnter] Player Condom Breath [uid=VsEWQWxzvcTpDLQgc9tVyxq5TiqDS9O3QehdBa_YkH8=] entered vehicle Mh-6 Little Bird (id=84C6C6DA114F1CEA30915E8C7445B117 pos=<5448.336914, 74.060135, 3721.177979>) as pilot
11:45:56.140 [VehicleEngine] Player Condom Breath [uid=VsEWQWxzvcTpDLQgc9tVyxq5TiqDS9O3QehdBa_YkH8=] started vehicle Mh-6 Little Bird (id=84C6C6DA114F1CEA30915E8C7445B117 pos=<5448.336914, 74.060104, 3721.177979>)
11:48:10.070 [VehicleEngine] Player Condom Breath [uid=VsEWQWxzvcTpDLQgc9tVyxq5TiqDS9O3QehdBa_YkH8=] stopped vehicle Mh-6 Little Bird (id=84C6C6DA114F1CEA30915E8C7445B117 pos=<5459.215332, 15.304346, 4965.685547>)
11:48:13.265 [VehicleLeave] Player Condom Breath [uid=VsEWQWxzvcTpDLQgc9tVyxq5TiqDS9O3QehdBa_YkH8=] left vehicle Mh-6 Little Bird (id=84C6C6DA114F1CEA30915E8C7445B117 pos=<5458.928223, 14.867599, 4965.039063>)
11:48:18.429 [VehicleDeleted] ExpansionMh6_Vrana (id=5AC9ECAC9242F86629F23FA93EB48BCD pos=<0.000861, 1.692845, 0.535123>)
11:48:33.445 [VehicleDeleted] ExpansionMh6_Vrana (id=84C6C6DA114F1CEA30915E8C7445B117 pos=<5458.928223, 14.867572, 4965.041992>)
11:48:33.445 [VirtualGarage] Player "Condom Breath" (id=VsEWQWxzvcTpDLQgc9tVyxq5TiqDS9O3QehdBa_YkH8= pos=<5469.239258, 14.822501, 4974.814453>) stored a vehicle "ExpansionMh6_Vrana" (GlobalID=80000000800000008000000080013A16 pos=<5458.928223, 14.867572, 4965.041992>)
11:50:10.796 [Safezone] Player "Condom Breath" (id=VsEWQWxzvcTpDLQgc9tVyxq5TiqDS9O3QehdBa_YkH8= pos=<5584.160156, 48.067677, 5264.696777>) Entered the safezone
11:52:57.605 [Market] Player "Condom Breath" (id=VsEWQWxzvcTpDLQgc9tVyxq5TiqDS9O3QehdBa_YkH8=) has send a requested to sell expansionhelicopterbattery x1 at the trader "Vehicles (Lewis [VEHICLES])" in market zone "The Holler" (pos=<5632.000000, 32.000000, 5392.000000>).
11:52:57.773 [Market] Player "Condom Breath" (id=VsEWQWxzvcTpDLQgc9tVyxq5TiqDS9O3QehdBa_YkH8=) has sold expansionhelicopterbattery x1 at the trader "Vehicles (Lewis [VEHICLES])" in market zone "The Holler" (pos=<5632.000000, 32.000000, 5392.000000>) and got 9000.
11:52:58.785 [Market] Player "Condom Breath" (id=VsEWQWxzvcTpDLQgc9tVyxq5TiqDS9O3QehdBa_YkH8=) has send a requested to sell expansionhydraulichoses x1 at the trader "Vehicles (Lewis [VEHICLES])" in market zone "The Holler" (pos=<5632.000000, 32.000000, 5392.000000>).
11:52:58.890 [Market] Player "Condom Breath" (id=VsEWQWxzvcTpDLQgc9tVyxq5TiqDS9O3QehdBa_YkH8=) has sold expansionhydraulichoses x1 at the trader "Vehicles (Lewis [VEHICLES])" in market zone "The Holler" (pos=<5632.000000, 32.000000, 5392.000000>) and got 600.
11:54:23.890 [Market] Player "Condom Breath" (id=VsEWQWxzvcTpDLQgc9tVyxq5TiqDS9O3QehdBa_YkH8=) has send a requested to purchase twp_browning1928_mag_20rnd x1 from the trader "Weapons (Oliver [WEAPONS])" in market zone "The Holler" (pos=<5632.000000, 32.000000, 5392.000000>).
11:54:24.039 [Market] Player "Condom Breath" (id=VsEWQWxzvcTpDLQgc9tVyxq5TiqDS9O3QehdBa_YkH8=) has bought twp_browning1928_mag_20rnd x1 from the trader "Weapons (Oliver [WEAPONS])" in market zone "The Holler" (pos=<5632.000000, 32.000000, 5392.000000>) for a price of 1075.
11:54:41.375 [Market] Player "Condom Breath" (id=VsEWQWxzvcTpDLQgc9tVyxq5TiqDS9O3QehdBa_YkH8=) has send a requested to purchase twp_ammobox_792x57_20rnd x10 from the trader "Weapons (Oliver [WEAPONS])" in market zone "The Holler" (pos=<5632.000000, 32.000000, 5392.000000>).
11:54:41.496 [Market] Player "Condom Breath" (id=VsEWQWxzvcTpDLQgc9tVyxq5TiqDS9O3QehdBa_YkH8=) has bought twp_ammobox_792x57_20rnd x10 from the trader "Weapons (Oliver [WEAPONS])" in market zone "The Holler" (pos=<5632.000000, 32.000000, 5392.000000>) for a price of 1200.
11:58:29.078 [Market] Player "Condom Breath" (id=VsEWQWxzvcTpDLQgc9tVyxq5TiqDS9O3QehdBa_YkH8=) has send a requested to purchase twp_ammobox_792x57_20rnd x7 from the trader "Weapons (Oliver [WEAPONS])" in market zone "The Holler" (pos=<5632.000000, 32.000000, 5392.000000>).
11:58:29.250 [Market] Player "Condom Breath" (id=VsEWQWxzvcTpDLQgc9tVyxq5TiqDS9O3QehdBa_YkH8=) has bought twp_ammobox_792x57_20rnd x7 from the trader "Weapons (Oliver [WEAPONS])" in market zone "The Holler" (pos=<5632.000000, 32.000000, 5392.000000>) for a price of 840.
11:59:15.101 [Party] Player "Condom Breath" (id=VsEWQWxzvcTpDLQgc9tVyxq5TiqDS9O3QehdBa_YkH8=) left the party "Dirty Crew" (id=23 ownerUID=VsEWQWxzvcTpDLQgc9tVyxq5TiqDS9O3QehdBa_YkH8= ownerName=Condom Breath)
