06:52:30.984 [Safezone] Player "TomInTheNorth" (id=qD1dO4Xthw_yK-reAyR_a51VmE_30ATNiMf9gwL8oGM= pos=<5616.487305, 29.022385, 5416.809082>) Entered the safezone
06:52:30.986 [Party] Player "TomInTheNorth" (id=qD1dO4Xthw_yK-reAyR_a51VmE_30ATNiMf9gwL8oGM=) joinded the party "DIEHARD" (id=32 ownerUID=JmVdSu0kzNbOpwjpFV-MDcMB-Equ3yPY-l-COMb6HgY= ownerName=Nick Leadbeatter)
06:56:53.535 [Market] Player "TomInTheNorth" (id=qD1dO4Xthw_yK-reAyR_a51VmE_30ATNiMf9gwL8oGM=) has send a requested to sell ak_woodbttstck x1 at the trader "WeaponAccessories (Rolf [WEAPON ACCESSORIES])" in market zone "The Holler" (pos=<5632.000000, 32.000000, 5392.000000>).
06:56:53.699 [Market] Player "TomInTheNorth" (id=qD1dO4Xthw_yK-reAyR_a51VmE_30ATNiMf9gwL8oGM=) has sold ak_woodbttstck x1 at the trader "WeaponAccessories (Rolf [WEAPON ACCESSORIES])" in market zone "The Holler" (pos=<5632.000000, 32.000000, 5392.000000>) and got 112.
06:56:54.371 [Market] Player "TomInTheNorth" (id=qD1dO4Xthw_yK-reAyR_a51VmE_30ATNiMf9gwL8oGM=) has send a requested to sell ak_woodbttstck x1 at the trader "WeaponAccessories (Rolf [WEAPON ACCESSORIES])" in market zone "The Holler" (pos=<5632.000000, 32.000000, 5392.000000>).
06:56:54.531 [Market] Player "TomInTheNorth" (id=qD1dO4Xthw_yK-reAyR_a51VmE_30ATNiMf9gwL8oGM=) has sold ak_woodbttstck x1 at the trader "WeaponAccessories (Rolf [WEAPON ACCESSORIES])" in market zone "The Holler" (pos=<5632.000000, 32.000000, 5392.000000>) and got 112.
06:56:58.558 [Market] Player "TomInTheNorth" (id=qD1dO4Xthw_yK-reAyR_a51VmE_30ATNiMf9gwL8oGM=) has send a requested to sell ak74_hndgrd x1 at the trader "WeaponAccessories (Rolf [WEAPON ACCESSORIES])" in market zone "The Holler" (pos=<5632.000000, 32.000000, 5392.000000>).
06:56:58.734 [Market] Player "TomInTheNorth" (id=qD1dO4Xthw_yK-reAyR_a51VmE_30ATNiMf9gwL8oGM=) has sold ak74_hndgrd x1 at the trader "WeaponAccessories (Rolf [WEAPON ACCESSORIES])" in market zone "The Holler" (pos=<5632.000000, 32.000000, 5392.000000>) and got 112.
06:57:00.035 [Market] Player "TomInTheNorth" (id=qD1dO4Xthw_yK-reAyR_a51VmE_30ATNiMf9gwL8oGM=) has send a requested to sell ak_woodhndgrd x1 at the trader "WeaponAccessories (Rolf [WEAPON ACCESSORIES])" in market zone "The Holler" (pos=<5632.000000, 32.000000, 5392.000000>).
06:57:00.199 [Market] Player "TomInTheNorth" (id=qD1dO4Xthw_yK-reAyR_a51VmE_30ATNiMf9gwL8oGM=) has sold ak_woodhndgrd x1 at the trader "WeaponAccessories (Rolf [WEAPON ACCESSORIES])" in market zone "The Holler" (pos=<5632.000000, 32.000000, 5392.000000>) and got 150.
07:00:24.708 [Market] Player "TomInTheNorth" (id=qD1dO4Xthw_yK-reAyR_a51VmE_30ATNiMf9gwL8oGM=) has send a requested to sell mag_akm_30rnd x1 at the trader "Weapons (Oliver [WEAPONS])" in market zone "The Holler" (pos=<5632.000000, 32.000000, 5392.000000>).
07:00:24.849 [Market] Player "TomInTheNorth" (id=qD1dO4Xthw_yK-reAyR_a51VmE_30ATNiMf9gwL8oGM=) has sold mag_akm_30rnd x1 at the trader "Weapons (Oliver [WEAPONS])" in market zone "The Holler" (pos=<5632.000000, 32.000000, 5392.000000>) and got 165.
07:00:31.712 [Market] Player "TomInTheNorth" (id=qD1dO4Xthw_yK-reAyR_a51VmE_30ATNiMf9gwL8oGM=) has send a requested to sell mag_akm_30rnd x5 at the trader "Weapons (Oliver [WEAPONS])" in market zone "The Holler" (pos=<5632.000000, 32.000000, 5392.000000>).
07:00:31.863 [Market] Player "TomInTheNorth" (id=qD1dO4Xthw_yK-reAyR_a51VmE_30ATNiMf9gwL8oGM=) has sold mag_akm_30rnd x5 at the trader "Weapons (Oliver [WEAPONS])" in market zone "The Holler" (pos=<5632.000000, 32.000000, 5392.000000>) and got 825.
07:01:18.621 [Market] Player "TomInTheNorth" (id=qD1dO4Xthw_yK-reAyR_a51VmE_30ATNiMf9gwL8oGM=) has send a requested to sell mag_cz61_20rnd x1 at the trader "Weapons (Oliver [WEAPONS])" in market zone "The Holler" (pos=<5632.000000, 32.000000, 5392.000000>).
07:01:18.792 [Market] Player "TomInTheNorth" (id=qD1dO4Xthw_yK-reAyR_a51VmE_30ATNiMf9gwL8oGM=) has sold mag_cz61_20rnd x1 at the trader "Weapons (Oliver [WEAPONS])" in market zone "The Holler" (pos=<5632.000000, 32.000000, 5392.000000>) and got 18.
07:01:28.001 [Market] Player "TomInTheNorth" (id=qD1dO4Xthw_yK-reAyR_a51VmE_30ATNiMf9gwL8oGM=) has send a requested to sell aks74u x1 at the trader "Weapons (Oliver [WEAPONS])" in market zone "The Holler" (pos=<5632.000000, 32.000000, 5392.000000>).
07:01:28.140 [Market] Player "TomInTheNorth" (id=qD1dO4Xthw_yK-reAyR_a51VmE_30ATNiMf9gwL8oGM=) has sold aks74u x1 at the trader "Weapons (Oliver [WEAPONS])" in market zone "The Holler" (pos=<5632.000000, 32.000000, 5392.000000>) and got 2058.
07:03:15.634 [ATM] Player "TomInTheNorth" (id=qD1dO4Xthw_yK-reAyR_a51VmE_30ATNiMf9gwL8oGM=) has deposited 5033 on his ATM account.
07:03:38.539 [Market] Player "TomInTheNorth" (id=qD1dO4Xthw_yK-reAyR_a51VmE_30ATNiMf9gwL8oGM=) has send a requested to sell mag_cz75_15rnd x1 at the trader "Weapons (Oliver [WEAPONS])" in market zone "The Holler" (pos=<5632.000000, 32.000000, 5392.000000>).
07:03:38.716 [Market] Player "TomInTheNorth" (id=qD1dO4Xthw_yK-reAyR_a51VmE_30ATNiMf9gwL8oGM=) has sold mag_cz75_15rnd x1 at the trader "Weapons (Oliver [WEAPONS])" in market zone "The Holler" (pos=<5632.000000, 32.000000, 5392.000000>) and got 7.
07:03:50.312 [ATM] Player "TomInTheNorth" (id=qD1dO4Xthw_yK-reAyR_a51VmE_30ATNiMf9gwL8oGM=) has deposited 7 on his ATM account.
07:06:11.318 [Market] Player "TomInTheNorth" (id=qD1dO4Xthw_yK-reAyR_a51VmE_30ATNiMf9gwL8oGM=) has send a requested to sell mag_ak74_30rnd x2 at the trader "Weapons (Oliver [WEAPONS])" in market zone "The Holler" (pos=<5632.000000, 32.000000, 5392.000000>).
07:06:11.474 [Market] Player "TomInTheNorth" (id=qD1dO4Xthw_yK-reAyR_a51VmE_30ATNiMf9gwL8oGM=) has sold mag_ak74_30rnd x2 at the trader "Weapons (Oliver [WEAPONS])" in market zone "The Holler" (pos=<5632.000000, 32.000000, 5392.000000>) and got 82.
07:06:38.605 [ATM] Player "TomInTheNorth" (id=qD1dO4Xthw_yK-reAyR_a51VmE_30ATNiMf9gwL8oGM=) has deposited 82 on his ATM account.
07:07:35.777 [MissionAirdrop] An airdrop is heading towards "Hazelands" (pos=<4539.000000, 0.000000, 2317.000000> type=Random_Hazelands) with a ExpansionAirdropContainer_Military
07:12:44.357 [Safezone] Player "TomInTheNorth" (id=qD1dO4Xthw_yK-reAyR_a51VmE_30ATNiMf9gwL8oGM= pos=<5646.520508, 28.198532, 5549.591309>) Left the safezone
07:13:26.759 [Safezone] Player "TomInTheNorth" (id=qD1dO4Xthw_yK-reAyR_a51VmE_30ATNiMf9gwL8oGM= pos=<5655.835449, 28.811399, 5531.171875>) Entered the safezone
07:14:57.113 [ATM] Player "TomInTheNorth" (id=qD1dO4Xthw_yK-reAyR_a51VmE_30ATNiMf9gwL8oGM=) has withdrawn 5122 from his ATM account.
07:15:52.082 [Market] Player "TomInTheNorth" (id=qD1dO4Xthw_yK-reAyR_a51VmE_30ATNiMf9gwL8oGM=) has send a requested to purchase ammo_556x45 x240 from the trader "WeaponAccessories (Rolf [WEAPON ACCESSORIES])" in market zone "The Holler" (pos=<5632.000000, 32.000000, 5392.000000>).
07:15:52.246 [Market] Player "TomInTheNorth" (id=qD1dO4Xthw_yK-reAyR_a51VmE_30ATNiMf9gwL8oGM=) has bought ammo_556x45 x240 from the trader "WeaponAccessories (Rolf [WEAPON ACCESSORIES])" in market zone "The Holler" (pos=<5632.000000, 32.000000, 5392.000000>) for a price of 480.
07:16:44.287 [ATM] Player "TomInTheNorth" (id=qD1dO4Xthw_yK-reAyR_a51VmE_30ATNiMf9gwL8oGM=) has deposited 4642 on his ATM account.
07:16:47.361 [ATM] Player "TomInTheNorth" (id=qD1dO4Xthw_yK-reAyR_a51VmE_30ATNiMf9gwL8oGM=) has deposited 4642 on the party "DIEHARD" (partyid=32 | ownerid=JmVdSu0kzNbOpwjpFV-MDcMB-Equ3yPY-l-COMb6HgY=) ATM account.
07:18:29.812 [Safezone] Player "TomInTheNorth" (id=qD1dO4Xthw_yK-reAyR_a51VmE_30ATNiMf9gwL8oGM= pos=<5652.608398, 29.093565, 5561.756836>) Left the safezone
07:53:19.896 [Party] Player "Nick Leadbeatter" (id=JmVdSu0kzNbOpwjpFV-MDcMB-Equ3yPY-l-COMb6HgY=) joinded the party "DIEHARD" (id=32 ownerUID=JmVdSu0kzNbOpwjpFV-MDcMB-Equ3yPY-l-COMb6HgY= ownerName=Nick Leadbeatter)
07:55:04.589 [VehicleCover] Player "Nick Leadbeatter" (id=JmVdSu0kzNbOpwjpFV-MDcMB-Equ3yPY-l-COMb6HgY= pos=<7444.441406, 7.309769, 8432.295898>) uncovered vehicle "ToyotaHilux_rust" (GlobalID=80000000800000008000000080013459 pos=<7442.816406, 7.310557, 8432.068359>)!
07:55:13.179 [AI Patrol] Spawning 3 Temple Patrol bots at <399.594727, 55.318100, 866.737915>
07:55:13.275 [AI Patrol] Spawning 3 Temple Patrol bots at <346.150757, 47.070000, 838.998596>
07:55:13.285 [AI Patrol] Spawning 3 Temple Patrol bots at <328.224731, 47.070000, 750.413574>
07:55:14.875 [VehicleEnter] Player Nick Leadbeatter [uid=JmVdSu0kzNbOpwjpFV-MDcMB-Equ3yPY-l-COMb6HgY=] entered vehicle ToyotaHilux rust (id=13BD6972404D48F54834D29E8137969D pos=<7442.814941, 7.307779, 8432.080078>) as driver
07:55:30.371 [VehicleLeave] Player Nick Leadbeatter [uid=JmVdSu0kzNbOpwjpFV-MDcMB-Equ3yPY-l-COMb6HgY=] left vehicle ToyotaHilux rust (id=13BD6972404D48F54834D29E8137969D pos=<7442.814453, 7.307826, 8432.080078>)
07:55:41.953 [VehicleEnter] Player Nick Leadbeatter [uid=JmVdSu0kzNbOpwjpFV-MDcMB-Equ3yPY-l-COMb6HgY=] entered vehicle ToyotaHilux rust (id=13BD6972404D48F54834D29E8137969D pos=<7442.811523, 7.307556, 8432.081055>) as driver
07:55:56.804 [VehicleEngine] Player Nick Leadbeatter [uid=JmVdSu0kzNbOpwjpFV-MDcMB-Equ3yPY-l-COMb6HgY=] started vehicle ToyotaHilux rust (id=13BD6972404D48F54834D29E8137969D pos=<7442.811523, 7.307560, 8432.081055>)
07:56:17.654 [VehicleLeave] Player Nick Leadbeatter [uid=JmVdSu0kzNbOpwjpFV-MDcMB-Equ3yPY-l-COMb6HgY=] left vehicle ToyotaHilux rust (id=13BD6972404D48F54834D29E8137969D pos=<7440.408691, 6.654757, 8448.488281>)
07:56:29.117 [VehicleEnter] Player Nick Leadbeatter [uid=JmVdSu0kzNbOpwjpFV-MDcMB-Equ3yPY-l-COMb6HgY=] entered vehicle ToyotaHilux rust (id=13BD6972404D48F54834D29E8137969D pos=<7440.411621, 6.654761, 8448.489258>) as driver
07:56:37.294 [VehicleEngine] Player Nick Leadbeatter [uid=JmVdSu0kzNbOpwjpFV-MDcMB-Equ3yPY-l-COMb6HgY=] started vehicle ToyotaHilux rust (id=13BD6972404D48F54834D29E8137969D pos=<7440.408691, 6.654741, 8448.488281>)
07:59:55.101 [AI Patrol] Spawning 3 Power Plant Patrol bots at <4699.997559, 20.430000, 7249.724609>
08:01:45.648 [VehicleEnter] Player TomInTheNorth [uid=qD1dO4Xthw_yK-reAyR_a51VmE_30ATNiMf9gwL8oGM=] entered vehicle ToyotaHilux rust (id=13BD6972404D48F54834D29E8137969D pos=<6349.488281, 20.679188, 6792.931152>) as passenger
08:05:30.066 [VehicleLeave] Player TomInTheNorth [uid=qD1dO4Xthw_yK-reAyR_a51VmE_30ATNiMf9gwL8oGM=] left vehicle ToyotaHilux rust (id=13BD6972404D48F54834D29E8137969D pos=<5687.260742, 32.577736, 5254.971191>)
08:05:49.664 [VehicleEnter] Player TomInTheNorth [uid=qD1dO4Xthw_yK-reAyR_a51VmE_30ATNiMf9gwL8oGM=] entered vehicle MOSKVICH 2140 (id=B1C52C9BED44466168625DAA90B1E171 pos=<5683.260254, 32.583012, 5256.005371>) as driver
08:06:16.076 [VehicleLeave] Player TomInTheNorth [uid=qD1dO4Xthw_yK-reAyR_a51VmE_30ATNiMf9gwL8oGM=] left vehicle MOSKVICH 2140 (id=B1C52C9BED44466168625DAA90B1E171 pos=<5683.252930, 32.582993, 5256.002441>)
08:06:20.064 [VehicleEnter] Player TomInTheNorth [uid=qD1dO4Xthw_yK-reAyR_a51VmE_30ATNiMf9gwL8oGM=] entered vehicle MOSKVICH 2140 (id=B1C52C9BED44466168625DAA90B1E171 pos=<5683.250977, 32.582977, 5256.002441>) as driver
08:06:38.234 [VehicleLeave] Player TomInTheNorth [uid=qD1dO4Xthw_yK-reAyR_a51VmE_30ATNiMf9gwL8oGM=] left vehicle MOSKVICH 2140 (id=B1C52C9BED44466168625DAA90B1E171 pos=<5667.961914, 32.531517, 5258.288574>)
08:06:42.144 [Safezone] Player "TomInTheNorth" (id=qD1dO4Xthw_yK-reAyR_a51VmE_30ATNiMf9gwL8oGM= pos=<5671.930664, 32.407230, 5260.207520>) Entered the safezone
08:06:50.361 [Safezone] Player "Nick Leadbeatter" (id=JmVdSu0kzNbOpwjpFV-MDcMB-Equ3yPY-l-COMb6HgY= pos=<5670.484375, 33.452351, 5261.916992>) Entered the safezone
08:07:15.132 [VehicleCarKey] Player "TomInTheNorth" (id=qD1dO4Xthw_yK-reAyR_a51VmE_30ATNiMf9gwL8oGM= pos=<5657.502930, 32.498817, 5273.179688>) used the  ExpansionCarKey to unlock ToyotaHilux_rust (id=5B39DF14B64E8911477D70BA38968A95 pos=<5658.519043, 32.550934, 5274.952148>)
08:08:04.324 [VehicleEngine] Player Nick Leadbeatter [uid=JmVdSu0kzNbOpwjpFV-MDcMB-Equ3yPY-l-COMb6HgY=] stopped vehicle ToyotaHilux rust (id=13BD6972404D48F54834D29E8137969D pos=<5592.658691, 28.714741, 5378.210449>)
08:08:08.955 [VehicleEnter] Player TomInTheNorth [uid=qD1dO4Xthw_yK-reAyR_a51VmE_30ATNiMf9gwL8oGM=] entered vehicle ToyotaHilux rust (id=5B39DF14B64E8911477D70BA38968A95 pos=<5658.519043, 32.550907, 5274.950684>) as driver
08:08:12.156 [VehicleLeave] Player Nick Leadbeatter [uid=JmVdSu0kzNbOpwjpFV-MDcMB-Equ3yPY-l-COMb6HgY=] left vehicle ToyotaHilux rust (id=13BD6972404D48F54834D29E8137969D pos=<5592.659668, 28.714746, 5378.209473>)
08:08:13.759 [VehicleEngine] Player TomInTheNorth [uid=qD1dO4Xthw_yK-reAyR_a51VmE_30ATNiMf9gwL8oGM=] started vehicle ToyotaHilux rust (Locked) (id=5B39DF14B64E8911477D70BA38968A95 pos=<5658.519043, 32.550892, 5274.949707>)
08:08:55.656 [VehicleCarKey] Player "Nick Leadbeatter" (id=JmVdSu0kzNbOpwjpFV-MDcMB-Equ3yPY-l-COMb6HgY= pos=<5593.840820, 28.722498, 5376.679688>) used the  ExpansionCarKey to lock ToyotaHilux_rust (id=13BD6972404D48F54834D29E8137969D pos=<5592.657227, 28.714741, 5378.210938>)
08:09:18.072 [VehicleLeave] Player TomInTheNorth [uid=qD1dO4Xthw_yK-reAyR_a51VmE_30ATNiMf9gwL8oGM=] left vehicle ToyotaHilux rust (id=5B39DF14B64E8911477D70BA38968A95 pos=<5598.445801, 28.714741, 5359.584961>)
08:09:59.583 [ATM] Player "Nick Leadbeatter" (id=JmVdSu0kzNbOpwjpFV-MDcMB-Equ3yPY-l-COMb6HgY=) has withdrawn 72183 from the party "DIEHARD" (partyid=32 | ownerid=JmVdSu0kzNbOpwjpFV-MDcMB-Equ3yPY-l-COMb6HgY=) ATM account.
08:10:01.820 [ATM] Player "Nick Leadbeatter" (id=JmVdSu0kzNbOpwjpFV-MDcMB-Equ3yPY-l-COMb6HgY=) has withdrawn 72183 from his ATM account.
08:10:37.218 [Market] Player "Nick Leadbeatter" (id=JmVdSu0kzNbOpwjpFV-MDcMB-Equ3yPY-l-COMb6HgY=) has send a requested to purchase expansionkeychain_orange x1 from the trader "Vehicles (Lewis [VEHICLES])" in market zone "The Holler" (pos=<5632.000000, 32.000000, 5392.000000>).
08:10:37.380 [Market] Player "Nick Leadbeatter" (id=JmVdSu0kzNbOpwjpFV-MDcMB-Equ3yPY-l-COMb6HgY=) has bought expansionkeychain_orange x1 from the trader "Vehicles (Lewis [VEHICLES])" in market zone "The Holler" (pos=<5632.000000, 32.000000, 5392.000000>) for a price of 100.
08:10:38.203 [Market] Player "Nick Leadbeatter" (id=JmVdSu0kzNbOpwjpFV-MDcMB-Equ3yPY-l-COMb6HgY=) has send a requested to purchase expansionkeychain_orange x1 from the trader "Vehicles (Lewis [VEHICLES])" in market zone "The Holler" (pos=<5632.000000, 32.000000, 5392.000000>).
08:10:38.398 [Market] Player "Nick Leadbeatter" (id=JmVdSu0kzNbOpwjpFV-MDcMB-Equ3yPY-l-COMb6HgY=) has bought expansionkeychain_orange x1 from the trader "Vehicles (Lewis [VEHICLES])" in market zone "The Holler" (pos=<5632.000000, 32.000000, 5392.000000>) for a price of 100.
08:10:40.080 [Market] Player "Nick Leadbeatter" (id=JmVdSu0kzNbOpwjpFV-MDcMB-Equ3yPY-l-COMb6HgY=) has send a requested to purchase expansioncarkey x1 from the trader "Vehicles (Lewis [VEHICLES])" in market zone "The Holler" (pos=<5632.000000, 32.000000, 5392.000000>).
08:10:40.253 [Market] Player "Nick Leadbeatter" (id=JmVdSu0kzNbOpwjpFV-MDcMB-Equ3yPY-l-COMb6HgY=) has bought expansioncarkey x1 from the trader "Vehicles (Lewis [VEHICLES])" in market zone "The Holler" (pos=<5632.000000, 32.000000, 5392.000000>) for a price of 500.
08:10:40.960 [Market] Player "Nick Leadbeatter" (id=JmVdSu0kzNbOpwjpFV-MDcMB-Equ3yPY-l-COMb6HgY=) has send a requested to purchase expansioncarkey x1 from the trader "Vehicles (Lewis [VEHICLES])" in market zone "The Holler" (pos=<5632.000000, 32.000000, 5392.000000>).
08:10:41.115 [Market] Player "Nick Leadbeatter" (id=JmVdSu0kzNbOpwjpFV-MDcMB-Equ3yPY-l-COMb6HgY=) has bought expansioncarkey x1 from the trader "Vehicles (Lewis [VEHICLES])" in market zone "The Holler" (pos=<5632.000000, 32.000000, 5392.000000>) for a price of 500.
08:10:45.863 [Market] Player "Nick Leadbeatter" (id=JmVdSu0kzNbOpwjpFV-MDcMB-Equ3yPY-l-COMb6HgY=) has send a requested to purchase expansionkeychain_blue x1 from the trader "Vehicles (Lewis [VEHICLES])" in market zone "The Holler" (pos=<5632.000000, 32.000000, 5392.000000>).
08:10:46.015 [Market] Player "Nick Leadbeatter" (id=JmVdSu0kzNbOpwjpFV-MDcMB-Equ3yPY-l-COMb6HgY=) has bought expansionkeychain_blue x1 from the trader "Vehicles (Lewis [VEHICLES])" in market zone "The Holler" (pos=<5632.000000, 32.000000, 5392.000000>) for a price of 100.
08:10:46.605 [Market] Player "Nick Leadbeatter" (id=JmVdSu0kzNbOpwjpFV-MDcMB-Equ3yPY-l-COMb6HgY=) has send a requested to purchase expansionkeychain_blue x1 from the trader "Vehicles (Lewis [VEHICLES])" in market zone "The Holler" (pos=<5632.000000, 32.000000, 5392.000000>).
08:10:46.763 [Market] Player "Nick Leadbeatter" (id=JmVdSu0kzNbOpwjpFV-MDcMB-Equ3yPY-l-COMb6HgY=) has bought expansionkeychain_blue x1 from the trader "Vehicles (Lewis [VEHICLES])" in market zone "The Holler" (pos=<5632.000000, 32.000000, 5392.000000>) for a price of 100.
08:10:47.560 [Market] Player "Nick Leadbeatter" (id=JmVdSu0kzNbOpwjpFV-MDcMB-Equ3yPY-l-COMb6HgY=) has send a requested to purchase expansionkeychain_blue x1 from the trader "Vehicles (Lewis [VEHICLES])" in market zone "The Holler" (pos=<5632.000000, 32.000000, 5392.000000>).
08:10:47.714 [Market] Player "Nick Leadbeatter" (id=JmVdSu0kzNbOpwjpFV-MDcMB-Equ3yPY-l-COMb6HgY=) has bought expansionkeychain_blue x1 from the trader "Vehicles (Lewis [VEHICLES])" in market zone "The Holler" (pos=<5632.000000, 32.000000, 5392.000000>) for a price of 100.
08:10:48.728 [Market] Player "Nick Leadbeatter" (id=JmVdSu0kzNbOpwjpFV-MDcMB-Equ3yPY-l-COMb6HgY=) has send a requested to purchase expansioncarkey x1 from the trader "Vehicles (Lewis [VEHICLES])" in market zone "The Holler" (pos=<5632.000000, 32.000000, 5392.000000>).
08:10:48.937 [Market] Player "Nick Leadbeatter" (id=JmVdSu0kzNbOpwjpFV-MDcMB-Equ3yPY-l-COMb6HgY=) has bought expansioncarkey x1 from the trader "Vehicles (Lewis [VEHICLES])" in market zone "The Holler" (pos=<5632.000000, 32.000000, 5392.000000>) for a price of 500.
08:10:49.533 [Market] Player "Nick Leadbeatter" (id=JmVdSu0kzNbOpwjpFV-MDcMB-Equ3yPY-l-COMb6HgY=) has send a requested to purchase expansioncarkey x1 from the trader "Vehicles (Lewis [VEHICLES])" in market zone "The Holler" (pos=<5632.000000, 32.000000, 5392.000000>).
08:10:49.685 [Market] Player "Nick Leadbeatter" (id=JmVdSu0kzNbOpwjpFV-MDcMB-Equ3yPY-l-COMb6HgY=) has bought expansioncarkey x1 from the trader "Vehicles (Lewis [VEHICLES])" in market zone "The Holler" (pos=<5632.000000, 32.000000, 5392.000000>) for a price of 500.
08:10:50.548 [Market] Player "Nick Leadbeatter" (id=JmVdSu0kzNbOpwjpFV-MDcMB-Equ3yPY-l-COMb6HgY=) has send a requested to purchase expansioncarkey x1 from the trader "Vehicles (Lewis [VEHICLES])" in market zone "The Holler" (pos=<5632.000000, 32.000000, 5392.000000>).
08:10:50.707 [Market] Player "Nick Leadbeatter" (id=JmVdSu0kzNbOpwjpFV-MDcMB-Equ3yPY-l-COMb6HgY=) has bought expansioncarkey x1 from the trader "Vehicles (Lewis [VEHICLES])" in market zone "The Holler" (pos=<5632.000000, 32.000000, 5392.000000>) for a price of 500.
08:12:04.281 [VehicleEnter] Player TomInTheNorth [uid=qD1dO4Xthw_yK-reAyR_a51VmE_30ATNiMf9gwL8oGM=] entered vehicle ToyotaHilux rust (id=5B39DF14B64E8911477D70BA38968A95 pos=<5598.427246, 28.714746, 5359.605957>) as driver
08:12:10.238 [VehicleLeave] Player TomInTheNorth [uid=qD1dO4Xthw_yK-reAyR_a51VmE_30ATNiMf9gwL8oGM=] left vehicle ToyotaHilux rust (id=5B39DF14B64E8911477D70BA38968A95 pos=<5598.426758, 28.714743, 5359.605469>)
08:12:24.570 [VehicleEnter] Player TomInTheNorth [uid=qD1dO4Xthw_yK-reAyR_a51VmE_30ATNiMf9gwL8oGM=] entered vehicle ToyotaHilux rust (id=5B39DF14B64E8911477D70BA38968A95 pos=<5598.425781, 28.714741, 5359.607910>) as driver
08:12:28.115 [VehicleEngine] Player TomInTheNorth [uid=qD1dO4Xthw_yK-reAyR_a51VmE_30ATNiMf9gwL8oGM=] stopped vehicle ToyotaHilux rust (id=5B39DF14B64E8911477D70BA38968A95 pos=<5598.425781, 28.714743, 5359.607910>)
08:12:31.207 [VehicleLeave] Player TomInTheNorth [uid=qD1dO4Xthw_yK-reAyR_a51VmE_30ATNiMf9gwL8oGM=] left vehicle ToyotaHilux rust (id=5B39DF14B64E8911477D70BA38968A95 pos=<5598.426270, 28.714746, 5359.608398>)
08:14:29.298 [Market] Player "Nick Leadbeatter" (id=JmVdSu0kzNbOpwjpFV-MDcMB-Equ3yPY-l-COMb6HgY=) has send a requested to purchase expansioncarkey x1 from the trader "Vehicles (Lewis [VEHICLES])" in market zone "The Holler" (pos=<5632.000000, 32.000000, 5392.000000>).
08:14:29.503 [Market] Player "Nick Leadbeatter" (id=JmVdSu0kzNbOpwjpFV-MDcMB-Equ3yPY-l-COMb6HgY=) has bought expansioncarkey x1 from the trader "Vehicles (Lewis [VEHICLES])" in market zone "The Holler" (pos=<5632.000000, 32.000000, 5392.000000>) for a price of 500.
08:15:20.416 [VehicleEnter] Player TomInTheNorth [uid=qD1dO4Xthw_yK-reAyR_a51VmE_30ATNiMf9gwL8oGM=] entered vehicle MOSKVICH 2140 (id=B1C52C9BED44466168625DAA90B1E171 pos=<5667.961914, 32.531460, 5258.289063>) as driver
08:15:24.123 [Safezone] Player "TomInTheNorth" (id=qD1dO4Xthw_yK-reAyR_a51VmE_30ATNiMf9gwL8oGM= pos=<5668.084473, 33.178082, 5257.904297>) Left the safezone
08:15:30.640 [VehicleLeave] Player TomInTheNorth [uid=qD1dO4Xthw_yK-reAyR_a51VmE_30ATNiMf9gwL8oGM=] left vehicle MOSKVICH 2140 (id=B1C52C9BED44466168625DAA90B1E171 pos=<5667.963379, 32.531422, 5258.290039>)
08:15:35.394 [Market] Player "Nick Leadbeatter" (id=JmVdSu0kzNbOpwjpFV-MDcMB-Equ3yPY-l-COMb6HgY=) has send a requested to sell expansionkeychain_blue x1 at the trader "Vehicles (Lewis [VEHICLES])" in market zone "The Holler" (pos=<5632.000000, 32.000000, 5392.000000>).
08:15:35.535 [Market] Player "Nick Leadbeatter" (id=JmVdSu0kzNbOpwjpFV-MDcMB-Equ3yPY-l-COMb6HgY=) has sold expansionkeychain_blue x1 at the trader "Vehicles (Lewis [VEHICLES])" in market zone "The Holler" (pos=<5632.000000, 32.000000, 5392.000000>) and got 75.
08:15:36.810 [Market] Player "Nick Leadbeatter" (id=JmVdSu0kzNbOpwjpFV-MDcMB-Equ3yPY-l-COMb6HgY=) has send a requested to sell expansionkeychain_blue x1 at the trader "Vehicles (Lewis [VEHICLES])" in market zone "The Holler" (pos=<5632.000000, 32.000000, 5392.000000>).
08:15:36.992 [Market] Player "Nick Leadbeatter" (id=JmVdSu0kzNbOpwjpFV-MDcMB-Equ3yPY-l-COMb6HgY=) has sold expansionkeychain_blue x1 at the trader "Vehicles (Lewis [VEHICLES])" in market zone "The Holler" (pos=<5632.000000, 32.000000, 5392.000000>) and got 75.
08:15:38.773 [Market] Player "Nick Leadbeatter" (id=JmVdSu0kzNbOpwjpFV-MDcMB-Equ3yPY-l-COMb6HgY=) has send a requested to purchase expansionkeychain_blue x1 from the trader "Vehicles (Lewis [VEHICLES])" in market zone "The Holler" (pos=<5632.000000, 32.000000, 5392.000000>).
08:15:38.957 [Market] Player "Nick Leadbeatter" (id=JmVdSu0kzNbOpwjpFV-MDcMB-Equ3yPY-l-COMb6HgY=) has bought expansionkeychain_blue x1 from the trader "Vehicles (Lewis [VEHICLES])" in market zone "The Holler" (pos=<5632.000000, 32.000000, 5392.000000>) for a price of 100.
08:15:39.742 [Market] Player "Nick Leadbeatter" (id=JmVdSu0kzNbOpwjpFV-MDcMB-Equ3yPY-l-COMb6HgY=) has send a requested to purchase expansionkeychain_blue x1 from the trader "Vehicles (Lewis [VEHICLES])" in market zone "The Holler" (pos=<5632.000000, 32.000000, 5392.000000>).
08:15:39.888 [Market] Player "Nick Leadbeatter" (id=JmVdSu0kzNbOpwjpFV-MDcMB-Equ3yPY-l-COMb6HgY=) has bought expansionkeychain_blue x1 from the trader "Vehicles (Lewis [VEHICLES])" in market zone "The Holler" (pos=<5632.000000, 32.000000, 5392.000000>) for a price of 100.
08:15:50.255 [Safezone] Player "TomInTheNorth" (id=qD1dO4Xthw_yK-reAyR_a51VmE_30ATNiMf9gwL8oGM= pos=<5665.889160, 32.548817, 5259.316895>) Entered the safezone
08:16:15.544 [Safezone] Player "TomInTheNorth" (id=qD1dO4Xthw_yK-reAyR_a51VmE_30ATNiMf9gwL8oGM= pos=<5669.752930, 33.288113, 5236.368164>) Left the safezone
08:16:35.214 [Safezone] Player "TomInTheNorth" (id=qD1dO4Xthw_yK-reAyR_a51VmE_30ATNiMf9gwL8oGM= pos=<5665.757813, 32.575108, 5258.762207>) Entered the safezone
08:17:00.332 [VehicleEnter] Player TomInTheNorth [uid=qD1dO4Xthw_yK-reAyR_a51VmE_30ATNiMf9gwL8oGM=] entered vehicle MOSKVICH 2140 (id=B1C52C9BED44466168625DAA90B1E171 pos=<5667.963379, 32.531418, 5258.290039>) as driver
08:17:01.189 [Safezone] Player "TomInTheNorth" (id=qD1dO4Xthw_yK-reAyR_a51VmE_30ATNiMf9gwL8oGM= pos=<5668.084961, 33.178005, 5257.904297>) Left the safezone
08:17:01.941 [VehicleEnter] Player Nick Leadbeatter [uid=JmVdSu0kzNbOpwjpFV-MDcMB-Equ3yPY-l-COMb6HgY=] entered vehicle ToyotaHilux rust (id=5B39DF14B64E8911477D70BA38968A95 pos=<5598.424805, 28.714743, 5359.607422>) as driver
08:17:04.195 [VehicleLeave] Player TomInTheNorth [uid=qD1dO4Xthw_yK-reAyR_a51VmE_30ATNiMf9gwL8oGM=] left vehicle MOSKVICH 2140 (id=B1C52C9BED44466168625DAA90B1E171 pos=<5667.963379, 32.531410, 5258.290039>)
08:17:06.421 [VehicleLeave] Player Nick Leadbeatter [uid=JmVdSu0kzNbOpwjpFV-MDcMB-Equ3yPY-l-COMb6HgY=] left vehicle ToyotaHilux rust (id=5B39DF14B64E8911477D70BA38968A95 pos=<5598.427246, 28.714760, 5359.609863>)
08:17:07.054 [Safezone] Player "TomInTheNorth" (id=qD1dO4Xthw_yK-reAyR_a51VmE_30ATNiMf9gwL8oGM= pos=<5663.213379, 32.546364, 5260.393066>) Entered the safezone
08:17:44.761 [VehicleEnter] Player TomInTheNorth [uid=qD1dO4Xthw_yK-reAyR_a51VmE_30ATNiMf9gwL8oGM=] entered vehicle ToyotaHilux rust (id=5B39DF14B64E8911477D70BA38968A95 pos=<5598.423828, 28.714743, 5359.607422>) as driver
08:17:49.429 [VehicleEnter] Player Nick Leadbeatter [uid=JmVdSu0kzNbOpwjpFV-MDcMB-Equ3yPY-l-COMb6HgY=] entered vehicle MOSKVICH 2140 (id=B1C52C9BED44466168625DAA90B1E171 pos=<5667.963379, 32.531410, 5258.290039>) as driver
08:17:54.863 [Safezone] Player "Nick Leadbeatter" (id=JmVdSu0kzNbOpwjpFV-MDcMB-Equ3yPY-l-COMb6HgY= pos=<5668.084473, 33.177807, 5257.904785>) Left the safezone
08:17:56.818 [VehicleLeave] Player TomInTheNorth [uid=qD1dO4Xthw_yK-reAyR_a51VmE_30ATNiMf9gwL8oGM=] left vehicle ToyotaHilux rust (id=5B39DF14B64E8911477D70BA38968A95 pos=<5598.423828, 28.714741, 5359.606934>)
08:18:01.322 [VehicleLeave] Player Nick Leadbeatter [uid=JmVdSu0kzNbOpwjpFV-MDcMB-Equ3yPY-l-COMb6HgY=] left vehicle MOSKVICH 2140 (id=B1C52C9BED44466168625DAA90B1E171 pos=<5667.962891, 32.531448, 5258.290527>)
08:18:03.289 [Safezone] Player "Nick Leadbeatter" (id=JmVdSu0kzNbOpwjpFV-MDcMB-Equ3yPY-l-COMb6HgY= pos=<5665.985840, 32.557400, 5259.091309>) Entered the safezone
08:18:15.960 [Safezone] Player "Nick Leadbeatter" (id=JmVdSu0kzNbOpwjpFV-MDcMB-Equ3yPY-l-COMb6HgY= pos=<5666.348145, 32.605595, 5257.861328>) Left the safezone
08:18:27.779 [Safezone] Player "Nick Leadbeatter" (id=JmVdSu0kzNbOpwjpFV-MDcMB-Equ3yPY-l-COMb6HgY= pos=<5664.752441, 32.601803, 5258.516113>) Entered the safezone
08:19:56.265 [Market] Player "Nick Leadbeatter" (id=JmVdSu0kzNbOpwjpFV-MDcMB-Equ3yPY-l-COMb6HgY=) has send a requested to purchase nvgoggles x1 from the trader "Special (Eva [SPECIALTY ITEMS])" in market zone "The Holler" (pos=<5632.000000, 32.000000, 5392.000000>).
08:19:56.445 [Market] Player "Nick Leadbeatter" (id=JmVdSu0kzNbOpwjpFV-MDcMB-Equ3yPY-l-COMb6HgY=) has bought nvgoggles x1 from the trader "Special (Eva [SPECIALTY ITEMS])" in market zone "The Holler" (pos=<5632.000000, 32.000000, 5392.000000>) for a price of 4000.
08:19:57.500 [Market] Player "Nick Leadbeatter" (id=JmVdSu0kzNbOpwjpFV-MDcMB-Equ3yPY-l-COMb6HgY=) has send a requested to purchase nvgoggles x1 from the trader "Special (Eva [SPECIALTY ITEMS])" in market zone "The Holler" (pos=<5632.000000, 32.000000, 5392.000000>).
08:19:57.675 [Market] Player "Nick Leadbeatter" (id=JmVdSu0kzNbOpwjpFV-MDcMB-Equ3yPY-l-COMb6HgY=) has bought nvgoggles x1 from the trader "Special (Eva [SPECIALTY ITEMS])" in market zone "The Holler" (pos=<5632.000000, 32.000000, 5392.000000>) for a price of 4000.
08:20:08.425 [Market] Player "Nick Leadbeatter" (id=JmVdSu0kzNbOpwjpFV-MDcMB-Equ3yPY-l-COMb6HgY=) has send a requested to sell personalradio x1 at the trader "Special (Eva [SPECIALTY ITEMS])" in market zone "The Holler" (pos=<5632.000000, 32.000000, 5392.000000>).
08:20:08.593 [Market] Player "Nick Leadbeatter" (id=JmVdSu0kzNbOpwjpFV-MDcMB-Equ3yPY-l-COMb6HgY=) has sold personalradio x1 at the trader "Special (Eva [SPECIALTY ITEMS])" in market zone "The Holler" (pos=<5632.000000, 32.000000, 5392.000000>) and got 75.
08:20:10.273 [Market] Player "Nick Leadbeatter" (id=JmVdSu0kzNbOpwjpFV-MDcMB-Equ3yPY-l-COMb6HgY=) has send a requested to sell personalradio x1 at the trader "Special (Eva [SPECIALTY ITEMS])" in market zone "The Holler" (pos=<5632.000000, 32.000000, 5392.000000>).
08:20:10.437 [Market] Player "Nick Leadbeatter" (id=JmVdSu0kzNbOpwjpFV-MDcMB-Equ3yPY-l-COMb6HgY=) has sold personalradio x1 at the trader "Special (Eva [SPECIALTY ITEMS])" in market zone "The Holler" (pos=<5632.000000, 32.000000, 5392.000000>) and got 75.
08:20:15.718 [Market] Player "Nick Leadbeatter" (id=JmVdSu0kzNbOpwjpFV-MDcMB-Equ3yPY-l-COMb6HgY=) has send a requested to sell rangefinder x1 at the trader "Special (Eva [SPECIALTY ITEMS])" in market zone "The Holler" (pos=<5632.000000, 32.000000, 5392.000000>).
08:20:15.890 [Market] Player "Nick Leadbeatter" (id=JmVdSu0kzNbOpwjpFV-MDcMB-Equ3yPY-l-COMb6HgY=) has sold rangefinder x1 at the trader "Special (Eva [SPECIALTY ITEMS])" in market zone "The Holler" (pos=<5632.000000, 32.000000, 5392.000000>) and got 337.
08:21:39.050 [Market] Player "Nick Leadbeatter" (id=JmVdSu0kzNbOpwjpFV-MDcMB-Equ3yPY-l-COMb6HgY=) has send a requested to sell expansioncarkey x1 at the trader "Vehicles (Lewis [VEHICLES])" in market zone "The Holler" (pos=<5632.000000, 32.000000, 5392.000000>).
08:21:39.230 [Market] Player "Nick Leadbeatter" (id=JmVdSu0kzNbOpwjpFV-MDcMB-Equ3yPY-l-COMb6HgY=) has sold expansioncarkey x1 at the trader "Vehicles (Lewis [VEHICLES])" in market zone "The Holler" (pos=<5632.000000, 32.000000, 5392.000000>) and got 375.
08:21:40.064 [Market] Player "Nick Leadbeatter" (id=JmVdSu0kzNbOpwjpFV-MDcMB-Equ3yPY-l-COMb6HgY=) has send a requested to sell expansioncarkey x1 at the trader "Vehicles (Lewis [VEHICLES])" in market zone "The Holler" (pos=<5632.000000, 32.000000, 5392.000000>).
08:21:40.238 [Market] Player "Nick Leadbeatter" (id=JmVdSu0kzNbOpwjpFV-MDcMB-Equ3yPY-l-COMb6HgY=) has sold expansioncarkey x1 at the trader "Vehicles (Lewis [VEHICLES])" in market zone "The Holler" (pos=<5632.000000, 32.000000, 5392.000000>) and got 375.
08:21:51.679 [Market] Player "Nick Leadbeatter" (id=JmVdSu0kzNbOpwjpFV-MDcMB-Equ3yPY-l-COMb6HgY=) has send a requested to purchase expansionkeychain_red x1 from the trader "Vehicles (Lewis [VEHICLES])" in market zone "The Holler" (pos=<5632.000000, 32.000000, 5392.000000>).
08:21:51.851 [Market] Player "Nick Leadbeatter" (id=JmVdSu0kzNbOpwjpFV-MDcMB-Equ3yPY-l-COMb6HgY=) has bought expansionkeychain_red x1 from the trader "Vehicles (Lewis [VEHICLES])" in market zone "The Holler" (pos=<5632.000000, 32.000000, 5392.000000>) for a price of 100.
08:21:52.511 [Market] Player "Nick Leadbeatter" (id=JmVdSu0kzNbOpwjpFV-MDcMB-Equ3yPY-l-COMb6HgY=) has send a requested to purchase expansionkeychain_red x1 from the trader "Vehicles (Lewis [VEHICLES])" in market zone "The Holler" (pos=<5632.000000, 32.000000, 5392.000000>).
08:21:52.652 [Market] Player "Nick Leadbeatter" (id=JmVdSu0kzNbOpwjpFV-MDcMB-Equ3yPY-l-COMb6HgY=) has bought expansionkeychain_red x1 from the trader "Vehicles (Lewis [VEHICLES])" in market zone "The Holler" (pos=<5632.000000, 32.000000, 5392.000000>) for a price of 100.
08:23:28.166 [Market] Player "Nick Leadbeatter" (id=JmVdSu0kzNbOpwjpFV-MDcMB-Equ3yPY-l-COMb6HgY=) has send a requested to purchase expansioncarkey x1 from the trader "Vehicles (Lewis [VEHICLES])" in market zone "The Holler" (pos=<5632.000000, 32.000000, 5392.000000>).
08:23:28.371 [Market] Player "Nick Leadbeatter" (id=JmVdSu0kzNbOpwjpFV-MDcMB-Equ3yPY-l-COMb6HgY=) has bought expansioncarkey x1 from the trader "Vehicles (Lewis [VEHICLES])" in market zone "The Holler" (pos=<5632.000000, 32.000000, 5392.000000>) for a price of 500.
08:23:29.783 [Market] Player "Nick Leadbeatter" (id=JmVdSu0kzNbOpwjpFV-MDcMB-Equ3yPY-l-COMb6HgY=) has send a requested to purchase expansioncarkey x1 from the trader "Vehicles (Lewis [VEHICLES])" in market zone "The Holler" (pos=<5632.000000, 32.000000, 5392.000000>).
08:23:29.970 [Market] Player "Nick Leadbeatter" (id=JmVdSu0kzNbOpwjpFV-MDcMB-Equ3yPY-l-COMb6HgY=) has bought expansioncarkey x1 from the trader "Vehicles (Lewis [VEHICLES])" in market zone "The Holler" (pos=<5632.000000, 32.000000, 5392.000000>) for a price of 500.
08:24:53.927 [VehicleCarKey] Player "Nick Leadbeatter" (id=JmVdSu0kzNbOpwjpFV-MDcMB-Equ3yPY-l-COMb6HgY= pos=<5593.974121, 28.722475, 5377.204590>) used the  ExpansionCarKey to unlock ToyotaHilux_rust (id=13BD6972404D48F54834D29E8137969D pos=<5592.657227, 28.714741, 5378.210938>)
08:25:06.507 [VehicleEnter] Player TomInTheNorth [uid=qD1dO4Xthw_yK-reAyR_a51VmE_30ATNiMf9gwL8oGM=] entered vehicle ToyotaHilux rust (id=5B39DF14B64E8911477D70BA38968A95 pos=<5598.426270, 28.714756, 5359.609863>) as driver
08:25:10.437 [VehicleEngine] Player TomInTheNorth [uid=qD1dO4Xthw_yK-reAyR_a51VmE_30ATNiMf9gwL8oGM=] started vehicle ToyotaHilux rust (id=5B39DF14B64E8911477D70BA38968A95 pos=<5598.424316, 28.714743, 5359.607910>)
08:25:16.160 [VehicleEnter] Player Nick Leadbeatter [uid=JmVdSu0kzNbOpwjpFV-MDcMB-Equ3yPY-l-COMb6HgY=] entered vehicle ToyotaHilux rust (id=13BD6972404D48F54834D29E8137969D pos=<5592.656738, 28.714760, 5378.209961>) as driver
08:25:19.972 [VehicleEngine] Player Nick Leadbeatter [uid=JmVdSu0kzNbOpwjpFV-MDcMB-Equ3yPY-l-COMb6HgY=] started vehicle ToyotaHilux rust (id=13BD6972404D48F54834D29E8137969D pos=<5592.657227, 28.714762, 5378.209473>)
08:25:46.957 [Safezone] Player "TomInTheNorth" (id=qD1dO4Xthw_yK-reAyR_a51VmE_30ATNiMf9gwL8oGM= pos=<5703.287598, 30.864899, 5233.831543>) Left the safezone
08:25:57.558 [Safezone] Player "Nick Leadbeatter" (id=JmVdSu0kzNbOpwjpFV-MDcMB-Equ3yPY-l-COMb6HgY= pos=<5747.152344, 25.358471, 5206.679688>) Left the safezone
08:26:29.462 [Safezone] Player "TomInTheNorth" (id=qD1dO4Xthw_yK-reAyR_a51VmE_30ATNiMf9gwL8oGM= pos=<5674.760742, 33.438072, 5261.221680>) Entered the safezone
08:26:31.980 [Safezone] Player "Nick Leadbeatter" (id=JmVdSu0kzNbOpwjpFV-MDcMB-Equ3yPY-l-COMb6HgY= pos=<5669.139648, 33.451920, 5264.447266>) Entered the safezone
08:27:11.546 [VehicleEngine] Player TomInTheNorth [uid=qD1dO4Xthw_yK-reAyR_a51VmE_30ATNiMf9gwL8oGM=] stopped vehicle ToyotaHilux rust (id=5B39DF14B64E8911477D70BA38968A95 pos=<5648.949219, 28.217716, 5550.279297>)
08:27:16.058 [Safezone] Player "TomInTheNorth" (id=qD1dO4Xthw_yK-reAyR_a51VmE_30ATNiMf9gwL8oGM= pos=<5647.680176, 28.576883, 5549.861816>) Left the safezone
08:27:16.210 [VehicleLeave] Player TomInTheNorth [uid=qD1dO4Xthw_yK-reAyR_a51VmE_30ATNiMf9gwL8oGM=] left vehicle ToyotaHilux rust (id=5B39DF14B64E8911477D70BA38968A95 pos=<5648.947266, 28.217728, 5550.277344>)
08:27:21.925 [VehicleCarKey] Player "TomInTheNorth" (id=qD1dO4Xthw_yK-reAyR_a51VmE_30ATNiMf9gwL8oGM= pos=<5647.529785, 28.219732, 5549.285645>) used the  ExpansionCarKey to lock ToyotaHilux_rust (id=5B39DF14B64E8911477D70BA38968A95 pos=<5648.948730, 28.217712, 5550.278809>)
08:27:22.392 [VehicleLeave] Player Nick Leadbeatter [uid=JmVdSu0kzNbOpwjpFV-MDcMB-Equ3yPY-l-COMb6HgY=] left vehicle ToyotaHilux rust (id=13BD6972404D48F54834D29E8137969D pos=<5648.201172, 28.335598, 5544.860840>)
08:27:24.820 [Safezone] Player "Nick Leadbeatter" (id=JmVdSu0kzNbOpwjpFV-MDcMB-Equ3yPY-l-COMb6HgY= pos=<5645.579102, 28.252241, 5546.473145>) Left the safezone
08:27:30.066 [VehicleDeleted] ToyotaHilux_rust (id=34281D35674A4205482AD0A5DEE996E3 pos=<0.005853, 0.726550, -0.051477>)
08:27:39.093 [VehicleCarKey] Player "TomInTheNorth" (id=qD1dO4Xthw_yK-reAyR_a51VmE_30ATNiMf9gwL8oGM= pos=<5646.816895, 28.196924, 5549.893555>) used the  ExpansionCarKey to unlock ToyotaHilux_rust (id=5B39DF14B64E8911477D70BA38968A95 pos=<5648.945801, 28.217728, 5550.276367>)
08:27:44.421 [VehicleEnter] Player TomInTheNorth [uid=qD1dO4Xthw_yK-reAyR_a51VmE_30ATNiMf9gwL8oGM=] entered vehicle ToyotaHilux rust (id=5B39DF14B64E8911477D70BA38968A95 pos=<5648.945313, 28.217726, 5550.275879>) as driver
08:27:46.261 [VehicleEnter] Player Nick Leadbeatter [uid=JmVdSu0kzNbOpwjpFV-MDcMB-Equ3yPY-l-COMb6HgY=] entered vehicle ToyotaHilux rust (id=13BD6972404D48F54834D29E8137969D pos=<5648.200684, 28.335646, 5544.859375>) as driver
08:27:48.574 [VehicleEngine] Player TomInTheNorth [uid=qD1dO4Xthw_yK-reAyR_a51VmE_30ATNiMf9gwL8oGM=] started vehicle ToyotaHilux rust (Locked) (id=5B39DF14B64E8911477D70BA38968A95 pos=<5648.945313, 28.217726, 5550.275879>)
08:27:51.220 [VehicleEngine] Player Nick Leadbeatter [uid=JmVdSu0kzNbOpwjpFV-MDcMB-Equ3yPY-l-COMb6HgY=] started vehicle ToyotaHilux rust (id=13BD6972404D48F54834D29E8137969D pos=<5648.200684, 28.335649, 5544.858887>)
08:35:11.800 [VehicleLeave] Player TomInTheNorth [uid=qD1dO4Xthw_yK-reAyR_a51VmE_30ATNiMf9gwL8oGM=] left vehicle ToyotaHilux rust (id=5B39DF14B64E8911477D70BA38968A95 pos=<7438.331543, 6.654765, 8464.732422>)
08:36:24.238 [VehicleEngine] Player Nick Leadbeatter [uid=JmVdSu0kzNbOpwjpFV-MDcMB-Equ3yPY-l-COMb6HgY=] stopped vehicle ToyotaHilux rust (id=13BD6972404D48F54834D29E8137969D pos=<7444.483398, 6.781507, 8439.668945>)
08:36:32.910 [VehicleEnter] Player TomInTheNorth [uid=qD1dO4Xthw_yK-reAyR_a51VmE_30ATNiMf9gwL8oGM=] entered vehicle ToyotaHilux rust (id=5B39DF14B64E8911477D70BA38968A95 pos=<7438.318359, 6.654758, 8464.732422>) as driver
08:36:34.859 [VehicleLeave] Player TomInTheNorth [uid=qD1dO4Xthw_yK-reAyR_a51VmE_30ATNiMf9gwL8oGM=] left vehicle ToyotaHilux rust (id=5B39DF14B64E8911477D70BA38968A95 pos=<7438.318359, 6.654758, 8464.732422>)
08:36:35.609 [VehicleLeave] Player Nick Leadbeatter [uid=JmVdSu0kzNbOpwjpFV-MDcMB-Equ3yPY-l-COMb6HgY=] left vehicle ToyotaHilux rust (id=13BD6972404D48F54834D29E8137969D pos=<7444.483398, 6.781506, 8439.668945>)
08:36:57.605 [VehicleEnter] Player TomInTheNorth [uid=qD1dO4Xthw_yK-reAyR_a51VmE_30ATNiMf9gwL8oGM=] entered vehicle ToyotaHilux rust (id=5B39DF14B64E8911477D70BA38968A95 pos=<7438.314453, 6.654746, 8464.732422>) as driver
08:37:01.429 [VehicleEngine] Player TomInTheNorth [uid=qD1dO4Xthw_yK-reAyR_a51VmE_30ATNiMf9gwL8oGM=] started vehicle ToyotaHilux rust (id=5B39DF14B64E8911477D70BA38968A95 pos=<7438.316406, 6.654756, 8464.732422>)
08:37:29.832 [VehicleEngine] Player TomInTheNorth [uid=qD1dO4Xthw_yK-reAyR_a51VmE_30ATNiMf9gwL8oGM=] stopped vehicle ToyotaHilux rust (id=5B39DF14B64E8911477D70BA38968A95 pos=<7442.311523, 7.122475, 8432.989258>)
08:37:32.488 [VehicleLeave] Player TomInTheNorth [uid=qD1dO4Xthw_yK-reAyR_a51VmE_30ATNiMf9gwL8oGM=] left vehicle ToyotaHilux rust (id=5B39DF14B64E8911477D70BA38968A95 pos=<7442.311035, 7.122469, 8432.989258>)
08:38:54.285 [VehicleCarKey] Player "TomInTheNorth" (id=qD1dO4Xthw_yK-reAyR_a51VmE_30ATNiMf9gwL8oGM= pos=<7443.993164, 7.088239, 8433.129883>) used the  ExpansionCarKey to lock ToyotaHilux_rust (id=5B39DF14B64E8911477D70BA38968A95 pos=<7442.314453, 7.122529, 8432.989258>)
08:39:07.546 [VehicleDeleted] ToyotaHilux_rust (id=5B39DF14B64E8911477D70BA38968A95 pos=<7442.314453, 7.122529, 8432.989258>)
08:39:07.546 [VehicleCover] Player "TomInTheNorth" (id=qD1dO4Xthw_yK-reAyR_a51VmE_30ATNiMf9gwL8oGM= pos=<7444.174316, 7.088666, 8433.146484>) covered vehicle "ToyotaHilux_rust" (GlobalID=80000000800000008000000080015D80 pos=<7442.314453, 7.122529, 8432.989258>)!
08:40:22.318 [VehicleCarKey] Player "Nick Leadbeatter" (id=JmVdSu0kzNbOpwjpFV-MDcMB-Equ3yPY-l-COMb6HgY= pos=<7446.173828, 6.775795, 8437.912109>) used the  ExpansionCarKey to lock ToyotaHilux_rust (id=13BD6972404D48F54834D29E8137969D pos=<7444.551270, 6.780684, 8439.579102>)
08:41:02.207 [Party] Player "Nick Leadbeatter" (id=JmVdSu0kzNbOpwjpFV-MDcMB-Equ3yPY-l-COMb6HgY=) left the party "DIEHARD" (id=32 ownerUID=JmVdSu0kzNbOpwjpFV-MDcMB-Equ3yPY-l-COMb6HgY= ownerName=Nick Leadbeatter)
08:42:00.718 [Party] Player "TomInTheNorth" (id=qD1dO4Xthw_yK-reAyR_a51VmE_30ATNiMf9gwL8oGM=) left the party "DIEHARD" (id=32 ownerUID=JmVdSu0kzNbOpwjpFV-MDcMB-Equ3yPY-l-COMb6HgY= ownerName=Nick Leadbeatter)
08:44:44.373 [AI Patrol] Spawning 3 RCFI Patrol bots at <3744.064209, 13.669861, 9012.281250>
09:33:35.703 [Party] Player "tearsofdawn1066" (id=Sltx5zKJy7sVbO2kN3XTpRthB0wkULqErUtRpY6M_7o=) joinded the party "DIEHARD" (id=32 ownerUID=JmVdSu0kzNbOpwjpFV-MDcMB-Equ3yPY-l-COMb6HgY= ownerName=Nick Leadbeatter)
09:45:41.507 [VehicleDeleted] Chevrolet_Camaro_black (id=92816465B141444200920099E61F41AA pos=<5658.899902, 33.362469, 5236.656738>)
09:45:41.507 [VehicleCover] Player "[ADMIN]DrKilledByDeath" (id=spMEkRl42onhFHdF_u42e0T03x2sj347kUc600NXdGA= pos=<5661.662109, 33.344582, 5236.950684>) covered vehicle "Chevrolet_Camaro_black" (GlobalID=80000000800000008000000080017880 pos=<5658.899902, 33.362469, 5236.656738>)!
09:46:01.367 [VehicleCover] Player "tearsofdawn1066" (id=Sltx5zKJy7sVbO2kN3XTpRthB0wkULqErUtRpY6M_7o= pos=<7443.843262, 6.788449, 8434.428711>) uncovered vehicle "ToyotaHilux_rust" (GlobalID=80000000800000008000000080015D80 pos=<7442.314453, 7.122529, 8432.989258>)!
09:46:02.906 [VehicleDeleted] ToyotaHilux_rust (id=BE85D4E6BE4A66BF0F6599A7328FBDE0 pos=<5676.626953, 33.276196, 5235.240234>)
09:46:02.906 [VehicleCover] Player "[ADMIN]DrKilledByDeath" (id=spMEkRl42onhFHdF_u42e0T03x2sj347kUc600NXdGA= pos=<5674.399414, 33.289909, 5236.575684>) covered vehicle "ToyotaHilux_rust" (GlobalID=80000000800000008000000080011C1E pos=<5676.626953, 33.276196, 5235.240234>)!
09:46:13.632 [VehicleCarKey] Player "tearsofdawn1066" (id=Sltx5zKJy7sVbO2kN3XTpRthB0wkULqErUtRpY6M_7o= pos=<7443.773926, 7.016034, 8433.412109>) used the  ExpansionCarKey to unlock ToyotaHilux_rust (id=B6DA885D4041D58353896FA3577AEC28 pos=<7442.316895, 7.121917, 8432.995117>)
09:46:52.933 [VehicleDeleted] ToyotaHilux_rust (id=14335E7B41476C9E88B94BA19B3C6081 pos=<5671.047852, 33.281925, 5243.170898>)
09:46:52.933 [VehicleCover] Player "[ADMIN]DrKilledByDeath" (id=spMEkRl42onhFHdF_u42e0T03x2sj347kUc600NXdGA= pos=<5672.448730, 33.292488, 5239.646484>) covered vehicle "ToyotaHilux_rust" (GlobalID=8000000080000000800000008000E35D pos=<5671.047852, 33.281925, 5243.170898>)!
09:47:23.128 [AdminTools] Player "[ADMIN]DrKilledByDeath" (id=spMEkRl42onhFHdF_u42e0T03x2sj347kUc600NXdGA= pos=<5667.104980, 33.295162, 5240.362793>) used the  ExpansionCarAdminKey to unlock Velociraptor6x6 (id=FE399CA6CB420F9B3959389A15510951 pos=<5664.960449, 33.209839, 5241.611328>)
09:47:47.597 [VehicleEnter] Player [ADMIN]DrKilledByDeath [uid=spMEkRl42onhFHdF_u42e0T03x2sj347kUc600NXdGA=] entered vehicle Velociraptor6x6 (id=FE399CA6CB420F9B3959389A15510951 pos=<5664.941406, 33.321079, 5241.613281>) as driver
09:47:57.613 [VehicleLeave] Player [ADMIN]DrKilledByDeath [uid=spMEkRl42onhFHdF_u42e0T03x2sj347kUc600NXdGA=] left vehicle Velociraptor6x6 (id=FE399CA6CB420F9B3959389A15510951 pos=<5664.943848, 33.321064, 5241.613281>)
09:49:10.109 [AdminTools] Player "[ADMIN]DrKilledByDeath" (id=spMEkRl42onhFHdF_u42e0T03x2sj347kUc600NXdGA= pos=<5666.890625, 33.298046, 5239.332520>) used the  ExpansionCarAdminKey to lock Velociraptor6x6 (id=FE399CA6CB420F9B3959389A15510951 pos=<5664.945313, 33.321060, 5241.613281>)
09:49:20.773 [VehicleDeleted] Velociraptor6x6 (id=FE399CA6CB420F9B3959389A15510951 pos=<5664.945313, 33.321060, 5241.613281>)
09:49:20.773 [VehicleCover] Player "[ADMIN]DrKilledByDeath" (id=spMEkRl42onhFHdF_u42e0T03x2sj347kUc600NXdGA= pos=<5666.890625, 33.298046, 5239.332520>) covered vehicle "Velociraptor6x6" (GlobalID=80000000800000008000000080002265 pos=<5664.945313, 33.321060, 5241.613281>)!
09:49:34.214 [VehicleEnter] Player [ADMIN]DrKilledByDeath [uid=spMEkRl42onhFHdF_u42e0T03x2sj347kUc600NXdGA=] entered vehicle MOSKVICH 2140 (id=B1C52C9BED44466168625DAA90B1E171 pos=<5667.962891, 32.531406, 5258.290527>) as driver
09:49:37.804 [VehicleLeave] Player [ADMIN]DrKilledByDeath [uid=spMEkRl42onhFHdF_u42e0T03x2sj347kUc600NXdGA=] left vehicle MOSKVICH 2140 (id=B1C52C9BED44466168625DAA90B1E171 pos=<5667.962891, 32.531418, 5258.290527>)
09:49:45.792 [Safezone] Player "[ADMIN]DrKilledByDeath" (id=spMEkRl42onhFHdF_u42e0T03x2sj347kUc600NXdGA= pos=<5665.747559, 32.597710, 5258.247070>) Entered the safezone
09:50:00.402 [Safezone] Player "[ADMIN]DrKilledByDeath" (id=spMEkRl42onhFHdF_u42e0T03x2sj347kUc600NXdGA= pos=<5664.617676, 32.689415, 5256.557129>) Left the safezone
09:51:29.218 [VehicleDeleted] AZLK_Yellow (id=B1C52C9BED44466168625DAA90B1E171 pos=<5667.962891, 32.531422, 5258.290527>)
09:51:29.218 [VehicleCover] Player "[ADMIN]DrKilledByDeath" (id=spMEkRl42onhFHdF_u42e0T03x2sj347kUc600NXdGA= pos=<5671.516113, 32.496250, 5258.213379>) covered vehicle "AZLK_Yellow" (GlobalID=80000000800000008000000080017282 pos=<5667.962891, 32.531422, 5258.290527>)!
09:51:32.964 [Safezone] Player "[ADMIN]DrKilledByDeath" (id=spMEkRl42onhFHdF_u42e0T03x2sj347kUc600NXdGA= pos=<5675.732422, 32.391979, 5263.693848>) Entered the safezone
09:51:42.203 [VehicleDeleted] ToyotaHilux_rust (id=0FB87B942B4DD8CB456A4A940ADA3883 pos=<5679.610840, 32.730568, 5269.556152>)
09:51:42.203 [VehicleCover] Player "[ADMIN]DrKilledByDeath" (id=spMEkRl42onhFHdF_u42e0T03x2sj347kUc600NXdGA= pos=<5677.782715, 32.512600, 5266.041992>) covered vehicle "ToyotaHilux_rust" (GlobalID=80000000800000008000000080015B5D pos=<5679.610840, 32.730568, 5269.556152>)!
09:51:56.335 [VehicleDeleted] ZIL130_rust (id=F7BA81ED0B4B63C78D8C018B28183E9F pos=<5674.182617, 32.761173, 5273.837402>)
09:51:56.335 [VehicleCover] Player "[ADMIN]DrKilledByDeath" (id=spMEkRl42onhFHdF_u42e0T03x2sj347kUc600NXdGA= pos=<5674.774902, 32.600010, 5270.330566>) covered vehicle "ZIL130_rust" (GlobalID=80000000800000008000000080016E1D pos=<5674.182617, 32.761173, 5273.837402>)!
09:52:12.328 [Safezone] Player "[ADMIN]DrKilledByDeath" (id=spMEkRl42onhFHdF_u42e0T03x2sj347kUc600NXdGA= pos=<5688.251465, 32.553204, 5253.683105>) Left the safezone
09:54:05.312 [Safezone] Player "[ADMIN]DrKilledByDeath" (id=spMEkRl42onhFHdF_u42e0T03x2sj347kUc600NXdGA= pos=<5671.882813, 32.388927, 5262.784668>) Entered the safezone
09:55:39.996 [AI Patrol] Spawning 3 Area 42 Patrol bots at <12953.340820, 12.940000, 9914.947266>
09:55:50.750 [Safezone] Player "[ADMIN]DrKilledByDeath" (id=spMEkRl42onhFHdF_u42e0T03x2sj347kUc600NXdGA= pos=<13632.720703, 12.952499, 9990.917969>) Left the safezone
09:56:15.074 [VehicleEnter] Player tearsofdawn1066 [uid=Sltx5zKJy7sVbO2kN3XTpRthB0wkULqErUtRpY6M_7o=] entered vehicle ToyotaHilux rust (id=B6DA885D4041D58353896FA3577AEC28 pos=<7442.318359, 7.121932, 8432.996094>) as driver
09:56:22.878 [VehicleEngine] Player tearsofdawn1066 [uid=Sltx5zKJy7sVbO2kN3XTpRthB0wkULqErUtRpY6M_7o=] started vehicle ToyotaHilux rust (id=B6DA885D4041D58353896FA3577AEC28 pos=<7442.318359, 7.121933, 8432.996094>)
09:56:44.257 [VehicleLeave] Player tearsofdawn1066 [uid=Sltx5zKJy7sVbO2kN3XTpRthB0wkULqErUtRpY6M_7o=] left vehicle ToyotaHilux rust (id=B6DA885D4041D58353896FA3577AEC28 pos=<7441.086426, 6.655585, 8450.382813>)
09:56:58.140 [VehicleEnter] Player tearsofdawn1066 [uid=Sltx5zKJy7sVbO2kN3XTpRthB0wkULqErUtRpY6M_7o=] entered vehicle ToyotaHilux rust (id=B6DA885D4041D58353896FA3577AEC28 pos=<7441.084961, 6.654741, 8450.381836>) as driver
09:59:44.542 [VehicleEngine] Player tearsofdawn1066 [uid=Sltx5zKJy7sVbO2kN3XTpRthB0wkULqErUtRpY6M_7o=] stopped vehicle ToyotaHilux rust (id=B6DA885D4041D58353896FA3577AEC28 pos=<7566.302734, 3.822853, 8767.333008>)
09:59:48.839 [VehicleLeave] Player tearsofdawn1066 [uid=Sltx5zKJy7sVbO2kN3XTpRthB0wkULqErUtRpY6M_7o=] left vehicle ToyotaHilux rust (id=B6DA885D4041D58353896FA3577AEC28 pos=<7566.302734, 3.822850, 8767.333008>)
10:01:00.812 [VehicleEnter] Player tearsofdawn1066 [uid=Sltx5zKJy7sVbO2kN3XTpRthB0wkULqErUtRpY6M_7o=] entered vehicle ToyotaHilux rust (id=B6DA885D4041D58353896FA3577AEC28 pos=<7566.299805, 3.822859, 8767.329102>) as driver
10:01:11.687 [VehicleEngine] Player tearsofdawn1066 [uid=Sltx5zKJy7sVbO2kN3XTpRthB0wkULqErUtRpY6M_7o=] started vehicle ToyotaHilux rust (id=B6DA885D4041D58353896FA3577AEC28 pos=<7566.300293, 3.822882, 8767.331055>)
10:02:17.398 [VehicleEngine] Player tearsofdawn1066 [uid=Sltx5zKJy7sVbO2kN3XTpRthB0wkULqErUtRpY6M_7o=] stopped vehicle ToyotaHilux rust (id=B6DA885D4041D58353896FA3577AEC28 pos=<8234.668945, 5.134760, 8758.198242>)
10:02:19.781 [VehicleLeave] Player tearsofdawn1066 [uid=Sltx5zKJy7sVbO2kN3XTpRthB0wkULqErUtRpY6M_7o=] left vehicle ToyotaHilux rust (id=B6DA885D4041D58353896FA3577AEC28 pos=<8234.670898, 5.134742, 8758.197266>)
10:03:17.773 [VehicleEnter] Player tearsofdawn1066 [uid=Sltx5zKJy7sVbO2kN3XTpRthB0wkULqErUtRpY6M_7o=] entered vehicle ToyotaHilux rust (id=B6DA885D4041D58353896FA3577AEC28 pos=<8234.671875, 5.134744, 8758.196289>) as driver
10:03:20.449 [VehicleEngine] Player tearsofdawn1066 [uid=Sltx5zKJy7sVbO2kN3XTpRthB0wkULqErUtRpY6M_7o=] started vehicle ToyotaHilux rust (id=B6DA885D4041D58353896FA3577AEC28 pos=<8234.669922, 5.134758, 8758.197266>)
10:03:44.820 [VehicleEngine] Player tearsofdawn1066 [uid=Sltx5zKJy7sVbO2kN3XTpRthB0wkULqErUtRpY6M_7o=] stopped vehicle ToyotaHilux rust (id=B6DA885D4041D58353896FA3577AEC28 pos=<8308.735352, 5.134758, 8861.758789>)
10:03:48.546 [VehicleLeave] Player tearsofdawn1066 [uid=Sltx5zKJy7sVbO2kN3XTpRthB0wkULqErUtRpY6M_7o=] left vehicle ToyotaHilux rust (id=B6DA885D4041D58353896FA3577AEC28 pos=<8308.737305, 5.134744, 8861.758789>)
10:06:18.882 [AI Patrol] Spawning 1 Shamans bots at <12345.411133, 23.945045, 2057.238281>
10:08:05.230 [VehicleEnter] Player tearsofdawn1066 [uid=Sltx5zKJy7sVbO2kN3XTpRthB0wkULqErUtRpY6M_7o=] entered vehicle ToyotaHilux rust (id=B6DA885D4041D58353896FA3577AEC28 pos=<8308.739258, 5.134742, 8861.757813>) as driver
10:08:07.027 [VehicleEngine] Player tearsofdawn1066 [uid=Sltx5zKJy7sVbO2kN3XTpRthB0wkULqErUtRpY6M_7o=] started vehicle ToyotaHilux rust (id=B6DA885D4041D58353896FA3577AEC28 pos=<8308.738281, 5.134744, 8861.757813>)
10:08:36.750 [VehicleEngine] Player tearsofdawn1066 [uid=Sltx5zKJy7sVbO2kN3XTpRthB0wkULqErUtRpY6M_7o=] stopped vehicle ToyotaHilux rust (id=B6DA885D4041D58353896FA3577AEC28 pos=<8323.857422, 5.134759, 9071.364258>)
10:08:40.863 [VehicleLeave] Player tearsofdawn1066 [uid=Sltx5zKJy7sVbO2kN3XTpRthB0wkULqErUtRpY6M_7o=] left vehicle ToyotaHilux rust (id=B6DA885D4041D58353896FA3577AEC28 pos=<8323.859375, 5.134748, 9071.363281>)
10:09:49.726 [Territory] Player "[ADMIN]DrKilledByDeath" (id=spMEkRl42onhFHdF_u42e0T03x2sj347kUc600NXdGA=) created territory EVENT RAID BASE at <13049.845703, 49.252396, 1467.216187>
10:09:53.550 [VehicleEnter] Player tearsofdawn1066 [uid=Sltx5zKJy7sVbO2kN3XTpRthB0wkULqErUtRpY6M_7o=] entered vehicle ToyotaHilux rust (id=B6DA885D4041D58353896FA3577AEC28 pos=<8323.860352, 5.134745, 9071.363281>) as driver
10:09:55.574 [VehicleEngine] Player tearsofdawn1066 [uid=Sltx5zKJy7sVbO2kN3XTpRthB0wkULqErUtRpY6M_7o=] started vehicle ToyotaHilux rust (id=B6DA885D4041D58353896FA3577AEC28 pos=<8323.858398, 5.134759, 9071.364258>)
10:10:31.738 [VehicleEngine] Player tearsofdawn1066 [uid=Sltx5zKJy7sVbO2kN3XTpRthB0wkULqErUtRpY6M_7o=] stopped vehicle ToyotaHilux rust (id=B6DA885D4041D58353896FA3577AEC28 pos=<8334.385742, 5.134747, 9264.094727>)
10:10:35.175 [VehicleLeave] Player tearsofdawn1066 [uid=Sltx5zKJy7sVbO2kN3XTpRthB0wkULqErUtRpY6M_7o=] left vehicle ToyotaHilux rust (id=B6DA885D4041D58353896FA3577AEC28 pos=<8334.383789, 5.134759, 9264.094727>)
10:15:55.187 [AdminTools] Player "[ADMIN]DrKilledByDeath" (id=spMEkRl42onhFHdF_u42e0T03x2sj347kUc600NXdGA= pos=<13059.126953, 21.112499, 1504.884399>) used the Admin Hammer to build wood_base
10:16:03.085 [AdminTools] Player "[ADMIN]DrKilledByDeath" (id=spMEkRl42onhFHdF_u42e0T03x2sj347kUc600NXdGA= pos=<13059.126953, 21.112499, 1504.884399>) used the Admin Hammer to build wood_doorframe
10:16:06.488 [AdminTools] Player "[ADMIN]DrKilledByDeath" (id=spMEkRl42onhFHdF_u42e0T03x2sj347kUc600NXdGA= pos=<13059.126953, 21.112499, 1504.884399>) used the Admin Hammer to build wood_doorfinished
10:17:57.312 [BaseBuildingRaiding] ------------------------- Expansion Base Raiding Damage Report -------------------------
10:17:57.312 [BaseBuildingRaiding] Player "[ADMIN]DrKilledByDeath" (ID spMEkRl42onhFHdF_u42e0T03x2sj347kUc600NXdGA=) at <13060.1, 21.11, 1523.11> damaged ExpansionWall6x3 at <13060.8, 21.11, 1506.63>
10:17:57.312 [BaseBuildingRaiding] They dealt 5 * 1 = 5 damage with ExpansionRocketRPG from ExpansionRPG7
10:17:57.312 [BaseBuildingRaiding] GlobalHealth hitpoints decreased from 30000 to 29995
10:17:57.312 [BaseBuildingRaiding] ----------------------------------------------------------------------------------------
10:17:57.410 [ExplosionDamageSystem] About to explode ExpansionRocket_Ammo from Expansion_RPG_Explosion<a9820840> at <13061, 21.95, 1506.75> EXPLOSION range 12 dropoff 3
10:17:57.410 [ExplosionDamageSystem] Queued Expansion_RPG_Explosion<a9820840> ExpansionRocket_Ammo for ExpansionWallBase<8fdfae70> - count: 1
10:17:57.414 [BaseBuildingRaiding] BaseRaiding: ExpansionWallBase<8fdfae70> at <13060.755859, 21.114162, 1506.631104> has been hit by whitelisted explosive Expansion_RPG_Explosion<a9820840>
10:17:57.414 [ExplosionDamageSystem] Dequeued Expansion_RPG_Explosion<a9820840> ExpansionRocket_Ammo for ExpansionWallBase<8fdfae70> - count: 0
10:17:57.414 [ExplosionDamageSystem] Overriding Expansion_RPG_Explosion<a9820840> damage dealt to ExpansionWallBase<8fdfae70> at <13060.755859, 21.114162, 1506.631104> 298.15 -> 300
10:17:57.414 [BaseBuildingRaiding] ------------------------- Expansion Base Raiding Damage Report -------------------------
10:17:57.414 [BaseBuildingRaiding] A player damaged ExpansionWall6x3 at <13060.8, 21.11, 1506.63>
10:17:57.414 [BaseBuildingRaiding] They dealt 300 * 50 = 15000 damage with ExpansionRocket_Ammo from Expansion_RPG_Explosion
10:17:57.414 [BaseBuildingRaiding] GlobalHealth hitpoints decreased from 29995 to 14995
10:17:57.414 [BaseBuildingRaiding] ----------------------------------------------------------------------------------------
10:18:06.863 [BaseBuildingRaiding] ------------------------- Expansion Base Raiding Damage Report -------------------------
10:18:06.863 [BaseBuildingRaiding] Player "[ADMIN]DrKilledByDeath" (ID spMEkRl42onhFHdF_u42e0T03x2sj347kUc600NXdGA=) at <13060.1, 21.11, 1523.11> damaged ExpansionWall6x3 at <13060.8, 21.11, 1506.63>
10:18:06.863 [BaseBuildingRaiding] They dealt 5 * 1 = 5 damage with ExpansionRocketRPG from ExpansionRPG7
10:18:06.863 [BaseBuildingRaiding] GlobalHealth hitpoints decreased from 14995 to 14990
10:18:06.863 [BaseBuildingRaiding] ----------------------------------------------------------------------------------------
10:18:06.960 [ExplosionDamageSystem] About to explode ExpansionRocket_Ammo from Expansion_RPG_Explosion<a981a490> at <13059.8, 22.69, 1506.78> EXPLOSION range 12 dropoff 3
10:18:06.960 [ExplosionDamageSystem] Queued Expansion_RPG_Explosion<a981a490> ExpansionRocket_Ammo for ExpansionWallBase<8fdfae70> - count: 1
10:18:06.964 [BaseBuildingRaiding] BaseRaiding: ExpansionWallBase<8fdfae70> at <13060.755859, 21.114162, 1506.631104> has been hit by whitelisted explosive Expansion_RPG_Explosion<a981a490>
10:18:06.964 [ExplosionDamageSystem] Dequeued Expansion_RPG_Explosion<a981a490> ExpansionRocket_Ammo for ExpansionWallBase<8fdfae70> - count: 0
10:18:06.964 [ExplosionDamageSystem] Overriding Expansion_RPG_Explosion<a981a490> damage dealt to ExpansionWallBase<8fdfae70> at <13060.755859, 21.114162, 1506.631104> 281.399 -> 300
10:18:06.964 [BaseBuildingRaiding] ------------------------- Expansion Base Raiding Damage Report -------------------------
10:18:06.964 [BaseBuildingRaiding] A player damaged ExpansionWall6x3 at <13060.8, 21.11, 1506.63>
10:18:06.964 [BaseBuildingRaiding] They dealt 300 * 50 = 15000 damage with ExpansionRocket_Ammo from Expansion_RPG_Explosion
10:18:06.964 [BaseBuildingRaiding] GlobalHealth hitpoints decreased from 14990 to 0
10:18:06.964 [BaseBuildingRaiding] ----------------------------------------------------------------------------------------
10:19:43.125 [AdminTools] Player "[ADMIN]DrKilledByDeath" (id=spMEkRl42onhFHdF_u42e0T03x2sj347kUc600NXdGA= pos=<13056.467773, 21.112486, 1499.554688>) used the Admin Hammer to build wood_base
10:19:47.128 [AdminTools] Player "[ADMIN]DrKilledByDeath" (id=spMEkRl42onhFHdF_u42e0T03x2sj347kUc600NXdGA= pos=<13056.467773, 21.112486, 1499.554688>) used the Admin Hammer to build wood_wallframe
10:19:50.515 [AdminTools] Player "[ADMIN]DrKilledByDeath" (id=spMEkRl42onhFHdF_u42e0T03x2sj347kUc600NXdGA= pos=<13056.467773, 21.112486, 1499.554688>) used the Admin Hammer to build wood_wallfinished
10:20:01.105 [ExplosionDamageSystem] About to explode ExpansionRocket_Ammo from Expansion_RPG_Explosion<a98262e0> at <13056, 22.76, 1498.47> EXPLOSION range 12 dropoff 3
10:20:08.921 [ExplosionDamageSystem] About to explode ExpansionRocket_Ammo from Expansion_RPG_Explosion<a9827e10> at <13056.4, 22.53, 1498.41> EXPLOSION range 12 dropoff 3
10:20:16.234 [ExplosionDamageSystem] About to explode ExpansionRocket_Ammo from Expansion_RPG_Explosion<a98247b0> at <13056, 22.78, 1498.48> EXPLOSION range 12 dropoff 3
10:21:20.953 [ExplosionDamageSystem] About to explode ExpansionRocket_Ammo from Expansion_RPG_Explosion<a982ab60> at <13056.7, 21.1, 1498.12> EXPLOSION range 12 dropoff 3
10:21:21.632 [VehicleEnter] Player tearsofdawn1066 [uid=Sltx5zKJy7sVbO2kN3XTpRthB0wkULqErUtRpY6M_7o=] entered vehicle ToyotaHilux rust (id=B6DA885D4041D58353896FA3577AEC28 pos=<8334.388672, 5.134741, 9264.094727>) as driver
10:21:29.851 [VehicleEngine] Player tearsofdawn1066 [uid=Sltx5zKJy7sVbO2kN3XTpRthB0wkULqErUtRpY6M_7o=] started vehicle ToyotaHilux rust (id=B6DA885D4041D58353896FA3577AEC28 pos=<8334.384766, 5.134759, 9264.094727>)
10:21:33.093 [ExplosionDamageSystem] About to explode ExpansionRocket_Ammo from Expansion_RPG_Explosion<a1f24360> at <13056, 21.57, 1498.18> EXPLOSION range 12 dropoff 3
10:21:40.679 [ExplosionDamageSystem] About to explode ExpansionRocket_Ammo from Expansion_RPG_Explosion<a1f1dfb0> at <13054.9, 21.1, 1495.85> EXPLOSION range 12 dropoff 3
10:21:48.304 [ExplosionDamageSystem] About to explode ExpansionRocket_Ammo from Expansion_RPG_Explosion<a1efc900> at <13055, 21.1, 1497.1> EXPLOSION range 12 dropoff 3
10:21:56.117 [VehicleEngine] Player tearsofdawn1066 [uid=Sltx5zKJy7sVbO2kN3XTpRthB0wkULqErUtRpY6M_7o=] stopped vehicle ToyotaHilux rust (id=B6DA885D4041D58353896FA3577AEC28 pos=<8449.446289, 5.134757, 9364.701172>)
10:21:59.531 [VehicleLeave] Player tearsofdawn1066 [uid=Sltx5zKJy7sVbO2kN3XTpRthB0wkULqErUtRpY6M_7o=] left vehicle ToyotaHilux rust (id=B6DA885D4041D58353896FA3577AEC28 pos=<8449.446289, 5.134762, 9364.702148>)
10:22:27.902 [VehicleEnter] Player tearsofdawn1066 [uid=Sltx5zKJy7sVbO2kN3XTpRthB0wkULqErUtRpY6M_7o=] entered vehicle ToyotaHilux rust (id=B6DA885D4041D58353896FA3577AEC28 pos=<8449.447266, 5.134742, 9364.698242>) as driver
10:22:34.562 [ExplosionDamageSystem] About to explode ExpansionC4_Ammo from Expansion_C4_Explosion<a1f035c0> at <13055.9, 22.26, 1498.19> EXPLOSION range 5 dropoff 2.5
10:22:34.792 [VehicleEngine] Player tearsofdawn1066 [uid=Sltx5zKJy7sVbO2kN3XTpRthB0wkULqErUtRpY6M_7o=] started vehicle ToyotaHilux rust (id=B6DA885D4041D58353896FA3577AEC28 pos=<8449.447266, 5.134747, 9364.698242>)
10:22:35.515 [ExplosionDamageSystem] About to explode ExpansionC4_Ammo from Expansion_C4_Explosion<a1f06310> at <13055.8, 22.25, 1498.2> EXPLOSION range 5 dropoff 2.5
10:22:36.511 [ExplosionDamageSystem] About to explode ExpansionC4_Ammo from Expansion_C4_Explosion<a1f07530> at <13055.9, 22.23, 1498.19> EXPLOSION range 5 dropoff 2.5
10:22:37.359 [ExplosionDamageSystem] About to explode ExpansionC4_Ammo from Expansion_C4_Explosion<a1f08750> at <13055.8, 22.26, 1498.2> EXPLOSION range 5 dropoff 2.5
10:22:37.980 [ExplosionDamageSystem] About to explode ExpansionC4_Ammo from Expansion_C4_Explosion<a1f050f0> at <13055.8, 22.26, 1498.2> EXPLOSION range 5 dropoff 2.5
10:22:38.148 [ExplosionDamageSystem] About to explode ExpansionC4_Ammo from Expansion_C4_Explosion<a1f0a280> at <13055.8, 22.25, 1498.2> EXPLOSION range 5 dropoff 2.5
10:22:38.328 [ExplosionDamageSystem] About to explode ExpansionC4_Ammo from Expansion_C4_Explosion<a1f169e0> at <13054.5, 21.71, 1498.44> EXPLOSION range 5 dropoff 2.5
10:22:38.468 [ExplosionDamageSystem] About to explode ExpansionC4_Ammo from Expansion_C4_Explosion<a1f18510> at <13054.7, 21.32, 1498.39> EXPLOSION range 5 dropoff 2.5
10:23:00.851 [VehicleEngine] Player tearsofdawn1066 [uid=Sltx5zKJy7sVbO2kN3XTpRthB0wkULqErUtRpY6M_7o=] stopped vehicle ToyotaHilux rust (id=B6DA885D4041D58353896FA3577AEC28 pos=<8604.124023, 5.143579, 9411.637695>)
10:23:04.300 [VehicleLeave] Player tearsofdawn1066 [uid=Sltx5zKJy7sVbO2kN3XTpRthB0wkULqErUtRpY6M_7o=] left vehicle ToyotaHilux rust (id=B6DA885D4041D58353896FA3577AEC28 pos=<8604.124023, 5.143579, 9411.637695>)
10:23:10.429 [AdminTools] Player "[ADMIN]DrKilledByDeath" (id=spMEkRl42onhFHdF_u42e0T03x2sj347kUc600NXdGA= pos=<13051.224609, 21.112499, 1497.092163>) used the Admin Hammer to build wood_base
10:23:18.390 [AdminTools] Player "[ADMIN]DrKilledByDeath" (id=spMEkRl42onhFHdF_u42e0T03x2sj347kUc600NXdGA= pos=<13051.224609, 21.112499, 1497.092163>) used the Admin Hammer to build wood_doorframe
10:23:22.058 [AdminTools] Player "[ADMIN]DrKilledByDeath" (id=spMEkRl42onhFHdF_u42e0T03x2sj347kUc600NXdGA= pos=<13051.224609, 21.112499, 1497.092163>) used the Admin Hammer to build wood_doorfinished
10:23:35.484 [ExplosionDamageSystem] About to explode ExpansionRocket_Ammo from Expansion_RPG_Explosion<d40fcc10> at <13056.1, 22.32, 1498.15> EXPLOSION range 12 dropoff 3
10:23:35.484 [ExplosionDamageSystem] Queued Expansion_RPG_Explosion<d40fcc10> ExpansionRocket_Ammo for ExpansionWallBase<8fe184e0> - count: 1
10:23:35.484 [BaseBuildingRaiding] BaseRaiding: ExpansionWallBase<8fe184e0> at <13052.477539, 21.100468, 1495.905518> has been hit by whitelisted explosive Expansion_RPG_Explosion<d40fcc10>
10:23:35.484 [ExplosionDamageSystem] Dequeued Expansion_RPG_Explosion<d40fcc10> ExpansionRocket_Ammo for ExpansionWallBase<8fe184e0> - count: 0
10:23:35.484 [ExplosionDamageSystem] Overriding Expansion_RPG_Explosion<d40fcc10> damage dealt to ExpansionWallBase<8fe184e0> at <13052.477539, 21.100468, 1495.905518> 150.698 -> 251.564
10:23:35.484 [BaseBuildingRaiding] ------------------------- Expansion Base Raiding Damage Report -------------------------
10:23:35.484 [BaseBuildingRaiding] A player damaged ExpansionWall6x3 at <13052.5, 21.1, 1495.91>
10:23:35.484 [BaseBuildingRaiding] They dealt 251.564 * 50 = 12578.2 damage with ExpansionRocket_Ammo from Expansion_RPG_Explosion
10:23:35.484 [BaseBuildingRaiding] GlobalHealth hitpoints decreased from 30000 to 17421.8
10:23:35.484 [BaseBuildingRaiding] ----------------------------------------------------------------------------------------
10:23:45.976 [ExplosionDamageSystem] About to explode ExpansionRocket_Ammo from Expansion_RPG_Explosion<d40fb0e0> at <13053.1, 21.84, 1506.81> EXPLOSION range 12 dropoff 3
10:23:45.976 [ExplosionDamageSystem] Queued Expansion_RPG_Explosion<d40fb0e0> ExpansionRocket_Ammo for ExpansionWallBase<8fe184e0> - count: 1
10:23:45.976 [BaseBuildingRaiding] BaseRaiding: ExpansionWallBase<8fe184e0> at <13052.477539, 21.100468, 1495.905518> has been hit by whitelisted explosive Expansion_RPG_Explosion<d40fb0e0>
10:23:45.976 [ExplosionDamageSystem] Dequeued Expansion_RPG_Explosion<d40fb0e0> ExpansionRocket_Ammo for ExpansionWallBase<8fe184e0> - count: 0
10:23:45.976 [ExplosionDamageSystem] Overriding Expansion_RPG_Explosion<d40fb0e0> damage dealt to ExpansionWallBase<8fe184e0> at <13052.477539, 21.100468, 1495.905518> 17.9223 -> 35.0415
10:23:45.976 [BaseBuildingRaiding] ------------------------- Expansion Base Raiding Damage Report -------------------------
10:23:45.976 [BaseBuildingRaiding] A player damaged ExpansionWall6x3 at <13052.5, 21.1, 1495.91>
10:23:45.976 [BaseBuildingRaiding] They dealt 35.0415 * 50 = 1752.08 damage with ExpansionRocket_Ammo from Expansion_RPG_Explosion
10:23:45.976 [BaseBuildingRaiding] GlobalHealth hitpoints decreased from 17421.8 to 15669.7
10:23:45.976 [BaseBuildingRaiding] ----------------------------------------------------------------------------------------
10:23:54.769 [ExplosionDamageSystem] About to explode ExpansionRocket_Ammo from Expansion_RPG_Explosion<d4122230> at <13055.8, 21.49, 1498.2> EXPLOSION range 12 dropoff 3
10:23:54.769 [ExplosionDamageSystem] Queued Expansion_RPG_Explosion<d4122230> ExpansionRocket_Ammo for ExpansionWallBase<8fe184e0> - count: 1
10:23:54.769 [BaseBuildingRaiding] BaseRaiding: ExpansionWallBase<8fe184e0> at <13052.477539, 21.100468, 1495.905518> has been hit by whitelisted explosive Expansion_RPG_Explosion<d4122230>
10:23:54.769 [ExplosionDamageSystem] Dequeued Expansion_RPG_Explosion<d4122230> ExpansionRocket_Ammo for ExpansionWallBase<8fe184e0> - count: 0
10:23:54.769 [ExplosionDamageSystem] Overriding Expansion_RPG_Explosion<d4122230> damage dealt to ExpansionWallBase<8fe184e0> at <13052.477539, 21.100468, 1495.905518> 144.077 -> 264.351
10:23:54.769 [BaseBuildingRaiding] ------------------------- Expansion Base Raiding Damage Report -------------------------
10:23:54.769 [BaseBuildingRaiding] A player damaged ExpansionWall6x3 at <13052.5, 21.1, 1495.91>
10:23:54.769 [BaseBuildingRaiding] They dealt 264.351 * 50 = 13217.5 damage with ExpansionRocket_Ammo from Expansion_RPG_Explosion
10:23:54.769 [BaseBuildingRaiding] GlobalHealth hitpoints decreased from 15669.7 to 2452.17
10:23:54.769 [BaseBuildingRaiding] ----------------------------------------------------------------------------------------
10:24:05.453 [ExplosionDamageSystem] About to explode ExpansionRocket_Ammo from Expansion_RPG_Explosion<d4124f80> at <13055.4, 21.86, 1498.28> EXPLOSION range 12 dropoff 3
10:24:05.453 [ExplosionDamageSystem] Queued Expansion_RPG_Explosion<d4124f80> ExpansionRocket_Ammo for ExpansionWallBase<8fe184e0> - count: 1
10:24:05.457 [BaseBuildingRaiding] BaseRaiding: ExpansionWallBase<8fe184e0> at <13052.477539, 21.100468, 1495.905518> has been hit by whitelisted explosive Expansion_RPG_Explosion<d4124f80>
10:24:05.457 [ExplosionDamageSystem] Dequeued Expansion_RPG_Explosion<d4124f80> ExpansionRocket_Ammo for ExpansionWallBase<8fe184e0> - count: 0
10:24:05.457 [ExplosionDamageSystem] Overriding Expansion_RPG_Explosion<d4124f80> damage dealt to ExpansionWallBase<8fe184e0> at <13052.477539, 21.100468, 1495.905518> 158.209 -> 272.398
10:24:05.457 [BaseBuildingRaiding] ------------------------- Expansion Base Raiding Damage Report -------------------------
10:24:05.457 [BaseBuildingRaiding] A player damaged ExpansionWall6x3 at <13052.5, 21.1, 1495.91>
10:24:05.457 [BaseBuildingRaiding] They dealt 272.398 * 50 = 13619.9 damage with ExpansionRocket_Ammo from Expansion_RPG_Explosion
10:24:05.457 [BaseBuildingRaiding] GlobalHealth hitpoints decreased from 2452.17 to 0
10:24:05.457 [BaseBuildingRaiding] ----------------------------------------------------------------------------------------
10:26:57.382 [VehicleEnter] Player tearsofdawn1066 [uid=Sltx5zKJy7sVbO2kN3XTpRthB0wkULqErUtRpY6M_7o=] entered vehicle ToyotaHilux rust (id=B6DA885D4041D58353896FA3577AEC28 pos=<8604.124023, 5.143583, 9411.639648>) as driver
10:27:00.136 [VehicleEngine] Player tearsofdawn1066 [uid=Sltx5zKJy7sVbO2kN3XTpRthB0wkULqErUtRpY6M_7o=] started vehicle ToyotaHilux rust (id=B6DA885D4041D58353896FA3577AEC28 pos=<8604.124023, 5.143584, 9411.639648>)
10:28:35.117 [VehicleLeave] Player tearsofdawn1066 [uid=Sltx5zKJy7sVbO2kN3XTpRthB0wkULqErUtRpY6M_7o=] left vehicle ToyotaHilux rust (id=B6DA885D4041D58353896FA3577AEC28 pos=<9099.317383, 16.617098, 9665.047852>)
10:28:38.855 [VehicleAttachments] Player tearsofdawn1066 (uid=Sltx5zKJy7sVbO2kN3XTpRthB0wkULqErUtRpY6M_7o=) detached ToyotaHilux rust Left Door (type=ToyotaHilux_Doors_Driver_rust) from vehicle ToyotaHilux rust(id=B6DA885D4041D58353896FA3577AEC28 pos=<9099.314453, 16.617081, 9665.047852>)
10:28:45.683 [VehicleEnter] Player tearsofdawn1066 [uid=Sltx5zKJy7sVbO2kN3XTpRthB0wkULqErUtRpY6M_7o=] entered vehicle ToyotaHilux rust (id=B6DA885D4041D58353896FA3577AEC28 pos=<9099.315430, 16.617085, 9665.047852>) as driver
10:32:20.687 [VehicleEngine] Player tearsofdawn1066 [uid=Sltx5zKJy7sVbO2kN3XTpRthB0wkULqErUtRpY6M_7o=] stopped vehicle ToyotaHilux rust (id=B6DA885D4041D58353896FA3577AEC28 pos=<10812.649414, 5.385507, 10591.085938>)
10:32:24.257 [VehicleLeave] Player tearsofdawn1066 [uid=Sltx5zKJy7sVbO2kN3XTpRthB0wkULqErUtRpY6M_7o=] left vehicle ToyotaHilux rust (id=B6DA885D4041D58353896FA3577AEC28 pos=<10812.645508, 5.385488, 10591.084961>)
10:34:36.035 [VehicleEnter] Player tearsofdawn1066 [uid=Sltx5zKJy7sVbO2kN3XTpRthB0wkULqErUtRpY6M_7o=] entered vehicle ToyotaHilux rust (id=B6DA885D4041D58353896FA3577AEC28 pos=<10812.650391, 5.385513, 10591.086914>) as driver
10:34:37.875 [VehicleEngine] Player tearsofdawn1066 [uid=Sltx5zKJy7sVbO2kN3XTpRthB0wkULqErUtRpY6M_7o=] started vehicle ToyotaHilux rust (id=B6DA885D4041D58353896FA3577AEC28 pos=<10812.649414, 5.385508, 10591.086914>)
10:35:13.656 [VehicleEngine] Player tearsofdawn1066 [uid=Sltx5zKJy7sVbO2kN3XTpRthB0wkULqErUtRpY6M_7o=] stopped vehicle ToyotaHilux rust (id=B6DA885D4041D58353896FA3577AEC28 pos=<10886.352539, 5.376067, 10421.617188>)
10:35:17.523 [VehicleLeave] Player tearsofdawn1066 [uid=Sltx5zKJy7sVbO2kN3XTpRthB0wkULqErUtRpY6M_7o=] left vehicle ToyotaHilux rust (id=B6DA885D4041D58353896FA3577AEC28 pos=<10886.353516, 5.375090, 10421.618164>)
10:35:27.355 [VehicleCarKey] Player "tearsofdawn1066" (id=Sltx5zKJy7sVbO2kN3XTpRthB0wkULqErUtRpY6M_7o= pos=<10888.117188, 5.369123, 10421.590820>) used the  ExpansionCarKey to lock ToyotaHilux_rust (id=B6DA885D4041D58353896FA3577AEC28 pos=<10886.350586, 5.375096, 10421.618164>)
10:36:15.109 [Safezone] Player "[ADMIN]DrKilledByDeath" (id=spMEkRl42onhFHdF_u42e0T03x2sj347kUc600NXdGA= pos=<5631.942871, 28.709999, 5401.864258>) Entered the safezone
10:38:04.113 [ATM] Player "[ADMIN]DrKilledByDeath" (id=spMEkRl42onhFHdF_u42e0T03x2sj347kUc600NXdGA=) has deposited 3249877 on his ATM account.
10:39:03.941 [MissionAirdrop] An airdrop is heading towards "Hazelands" (pos=<4539.000000, 0.000000, 2317.000000> type=Random_Hazelands) with a ExpansionAirdropContainer_Military
10:39:14.351 [ATM] Player "[ADMIN]DrKilledByDeath" (id=spMEkRl42onhFHdF_u42e0T03x2sj347kUc600NXdGA=) has deposited 6900000 on his ATM account.
10:41:53.789 [VehicleCarKey] Player "tearsofdawn1066" (id=Sltx5zKJy7sVbO2kN3XTpRthB0wkULqErUtRpY6M_7o= pos=<10888.269531, 5.365390, 10421.834961>) used the  ExpansionCarKey to unlock ToyotaHilux_rust (id=B6DA885D4041D58353896FA3577AEC28 pos=<10886.350586, 5.375096, 10421.618164>)
10:42:01.687 [VehicleCarKey] Player "tearsofdawn1066" (id=Sltx5zKJy7sVbO2kN3XTpRthB0wkULqErUtRpY6M_7o= pos=<10888.269531, 5.365390, 10421.834961>) used the  ExpansionCarKey to lock ToyotaHilux_rust (id=B6DA885D4041D58353896FA3577AEC28 pos=<10886.350586, 5.375096, 10421.618164>)
10:42:13.929 [VehicleDeleted] ToyotaHilux_rust (id=B6DA885D4041D58353896FA3577AEC28 pos=<10886.350586, 5.375096, 10421.618164>)
10:42:13.929 [VehicleCover] Player "tearsofdawn1066" (id=Sltx5zKJy7sVbO2kN3XTpRthB0wkULqErUtRpY6M_7o= pos=<10888.326172, 5.364499, 10421.859375>) covered vehicle "ToyotaHilux_rust" (GlobalID=80000000800000008000000080015D80 pos=<10886.350586, 5.375096, 10421.618164>)!
10:42:38.023 [Party] Player "tearsofdawn1066" (id=Sltx5zKJy7sVbO2kN3XTpRthB0wkULqErUtRpY6M_7o=) left the party "DIEHARD" (id=32 ownerUID=JmVdSu0kzNbOpwjpFV-MDcMB-Equ3yPY-l-COMb6HgY= ownerName=Nick Leadbeatter)
10:52:24.070 [Safezone] Player "[ADMIN]DrKilledByDeath" (id=spMEkRl42onhFHdF_u42e0T03x2sj347kUc600NXdGA= pos=<5608.534180, 28.722498, 5401.116211>) Entered the safezone
10:57:04.226 [Safezone] Player "[ADMIN]DrKilledByDeath" (id=spMEkRl42onhFHdF_u42e0T03x2sj347kUc600NXdGA= pos=<1990.848145, 9.190000, 8985.455078>) Left the safezone
11:08:14.980 [ExplosionDamageSystem] About to explode ExpansionRocket_Ammo from Expansion_RPG_Explosion<bf04cea0> at <10465.5, 24.86, 7977.95> EXPLOSION range 12 dropoff 3
11:13:10.890 [ExplosionDamageSystem] About to explode Explosion_NonLethal from ExplosionTest<bf052030> at <5635.22, 78.29, 3599.88> EXPLOSION range 4 dropoff 1
11:13:13.285 [ExplosionDamageSystem] About to explode Explosion_NonLethal from ExplosionTest<bf053250> at <5635.22, 78.29, 3599.88> EXPLOSION range 4 dropoff 1
11:14:16.906 [AI Patrol] Spawning 2 Shamans bots at <4345.060059, 12.207500, 4027.602295>
11:14:28.210 [Safezone] Player "[ADMIN]DrKilledByDeath" (id=spMEkRl42onhFHdF_u42e0T03x2sj347kUc600NXdGA= pos=<5618.316406, 28.910759, 5388.697266>) Entered the safezone
