20:37:43.179 [AI Patrol] Spawning 3 Power Plant Patrol bots at <4656.608398, 20.430000, 6945.786621>
20:39:54.039 [BaseBuildingRaiding] ------------------------- Expansion Base Raiding Damage Report -------------------------
20:39:54.039 [BaseBuildingRaiding] Player "" (ID ) at <4354, 24.58, 7216.08> damaged ExpansionWall6x3 at <4249.2, 20.57, 7271.79>
20:39:54.039 [BaseBuildingRaiding] They dealt 92.6988 * 1 = 92.6988 damage with Bullet_556x45 from M16A2
20:39:54.039 [BaseBuildingRaiding] GlobalHealth hitpoints decreased from 30000 to 29907.3
20:39:54.039 [BaseBuildingRaiding] ----------------------------------------------------------------------------------------
20:45:55.226 [VehicleCover] Player "FARRIS" (id=Wzy9-i_cgozd3AtiPGeDiPs6j9tHWluwI6ggAhe7Q-Q= pos=<4257.992188, 20.452517, 7268.871582>) uncovered vehicle "BMW_X5_red" (GlobalID=8000000080000000800000008000A2BE pos=<4256.027344, 20.476221, 7268.081543>)!
20:46:36.492 [VehicleCarKey] Player "FARRIS" (id=Wzy9-i_cgozd3AtiPGeDiPs6j9tHWluwI6ggAhe7Q-Q= pos=<4253.914551, 20.561935, 7266.744141>) used the  ExpansionCarKey to unlock BMW_X5_red (id=3E22ACF4364CF4733474DCBA6987BAF2 pos=<4256.027344, 20.476147, 7268.078613>)
20:52:04.328 [AI Patrol] Spawning 3 Temple Patrol bots at <478.903931, 47.070000, 814.943115>
20:52:04.343 [AI Patrol] Spawning 3 Temple Patrol bots at <319.809967, 47.069523, 848.962830>
20:52:04.351 [AI Patrol] Spawning 3 Temple Patrol bots at <348.319794, 48.364700, 633.313538>
20:52:06.015 [VehicleEnter] Player FARRIS [uid=Wzy9-i_cgozd3AtiPGeDiPs6j9tHWluwI6ggAhe7Q-Q=] entered vehicle BMW X5 Red (id=3E22ACF4364CF4733474DCBA6987BAF2 pos=<4256.027344, 20.476147, 7268.078613>) as driver
20:52:07.546 [VehicleEngine] Player FARRIS [uid=Wzy9-i_cgozd3AtiPGeDiPs6j9tHWluwI6ggAhe7Q-Q=] started vehicle BMW X5 Red (id=3E22ACF4364CF4733474DCBA6987BAF2 pos=<4256.027344, 20.476147, 7268.078613>)
20:52:24.039 [VehicleLeave] Player FARRIS [uid=Wzy9-i_cgozd3AtiPGeDiPs6j9tHWluwI6ggAhe7Q-Q=] left vehicle BMW X5 Red (id=3E22ACF4364CF4733474DCBA6987BAF2 pos=<4210.115723, 20.430632, 7222.656738>)
20:52:35.820 [VehicleEnter] Player FARRIS [uid=Wzy9-i_cgozd3AtiPGeDiPs6j9tHWluwI6ggAhe7Q-Q=] entered vehicle BMW X5 Red (id=3E22ACF4364CF4733474DCBA6987BAF2 pos=<4210.115723, 20.430630, 7222.656738>) as driver
20:52:52.398 [MissionAirdrop] An airdrop is heading towards "Westbrook" (pos=<3614.000000, 0.000000, 6360.000000> type=Random_Westbrook) with a ExpansionAirdropContainer_Basebuilding
20:53:17.156 [VehicleLeave] Player FARRIS [uid=Wzy9-i_cgozd3AtiPGeDiPs6j9tHWluwI6ggAhe7Q-Q=] left vehicle BMW X5 Red (id=3E22ACF4364CF4733474DCBA6987BAF2 pos=<4033.873291, 38.579998, 6974.604980>)
20:55:10.515 [VehicleEnter] Player FARRIS [uid=Wzy9-i_cgozd3AtiPGeDiPs6j9tHWluwI6ggAhe7Q-Q=] entered vehicle BMW X5 Red (id=3E22ACF4364CF4733474DCBA6987BAF2 pos=<4033.873291, 38.580013, 6974.604980>) as driver
20:55:46.289 [AI Patrol] Spawning 2 Shamans bots at <2976.213379, 13.733093, 6560.598633>
20:56:29.109 [VehicleLeave] Player FARRIS [uid=Wzy9-i_cgozd3AtiPGeDiPs6j9tHWluwI6ggAhe7Q-Q=] left vehicle BMW X5 Red (id=3E22ACF4364CF4733474DCBA6987BAF2 pos=<3918.273682, 37.556438, 6687.072266>)
20:56:46.640 [VehicleEnter] Player FARRIS [uid=Wzy9-i_cgozd3AtiPGeDiPs6j9tHWluwI6ggAhe7Q-Q=] entered vehicle BMW X5 Red (id=3E22ACF4364CF4733474DCBA6987BAF2 pos=<3918.273682, 37.556438, 6687.072266>) as driver
20:58:29.828 [VehicleLeave] Player FARRIS [uid=Wzy9-i_cgozd3AtiPGeDiPs6j9tHWluwI6ggAhe7Q-Q=] left vehicle BMW X5 Red (id=3E22ACF4364CF4733474DCBA6987BAF2 pos=<3861.518555, 31.595978, 6788.936523>)
20:59:06.390 [VehicleEnter] Player FARRIS [uid=Wzy9-i_cgozd3AtiPGeDiPs6j9tHWluwI6ggAhe7Q-Q=] entered vehicle BMW X5 Red (id=3E22ACF4364CF4733474DCBA6987BAF2 pos=<3861.518555, 31.595970, 6788.936523>) as driver
21:02:21.554 [Safezone] Player "FARRIS" (id=Wzy9-i_cgozd3AtiPGeDiPs6j9tHWluwI6ggAhe7Q-Q= pos=<5660.704102, 29.747349, 5523.487305>) Entered the safezone
21:02:34.546 [VehicleLeave] Player FARRIS [uid=Wzy9-i_cgozd3AtiPGeDiPs6j9tHWluwI6ggAhe7Q-Q=] left vehicle BMW X5 Red (id=3E22ACF4364CF4733474DCBA6987BAF2 pos=<5618.068848, 28.710632, 5408.500488>)
21:03:10.843 [Market] Player "FARRIS" (id=Wzy9-i_cgozd3AtiPGeDiPs6j9tHWluwI6ggAhe7Q-Q=) has send a requested to sell famas x1 at the trader "Weapons (Oliver [WEAPONS])" in market zone "The Holler" (pos=<5632.000000, 32.000000, 5392.000000>).
21:03:10.921 [Market] Player "FARRIS" (id=Wzy9-i_cgozd3AtiPGeDiPs6j9tHWluwI6ggAhe7Q-Q=) has sold famas x1 at the trader "Weapons (Oliver [WEAPONS])" in market zone "The Holler" (pos=<5632.000000, 32.000000, 5392.000000>) and got 1306.
21:03:12.625 [Market] Player "FARRIS" (id=Wzy9-i_cgozd3AtiPGeDiPs6j9tHWluwI6ggAhe7Q-Q=) has send a requested to sell aug x1 at the trader "Weapons (Oliver [WEAPONS])" in market zone "The Holler" (pos=<5632.000000, 32.000000, 5392.000000>).
21:03:12.687 [Market] Player "FARRIS" (id=Wzy9-i_cgozd3AtiPGeDiPs6j9tHWluwI6ggAhe7Q-Q=) has sold aug x1 at the trader "Weapons (Oliver [WEAPONS])" in market zone "The Holler" (pos=<5632.000000, 32.000000, 5392.000000>) and got 1200.
21:03:16.406 [Market] Player "FARRIS" (id=Wzy9-i_cgozd3AtiPGeDiPs6j9tHWluwI6ggAhe7Q-Q=) has send a requested to sell mag_famas_25rnd x1 at the trader "Weapons (Oliver [WEAPONS])" in market zone "The Holler" (pos=<5632.000000, 32.000000, 5392.000000>).
21:03:16.468 [Market] Player "FARRIS" (id=Wzy9-i_cgozd3AtiPGeDiPs6j9tHWluwI6ggAhe7Q-Q=) has sold mag_famas_25rnd x1 at the trader "Weapons (Oliver [WEAPONS])" in market zone "The Holler" (pos=<5632.000000, 32.000000, 5392.000000>) and got 190.
21:03:21.585 [Market] Player "FARRIS" (id=Wzy9-i_cgozd3AtiPGeDiPs6j9tHWluwI6ggAhe7Q-Q=) has send a requested to sell mag_stanag_30rnd x1 at the trader "Weapons (Oliver [WEAPONS])" in market zone "The Holler" (pos=<5632.000000, 32.000000, 5392.000000>).
21:03:21.656 [Market] Player "FARRIS" (id=Wzy9-i_cgozd3AtiPGeDiPs6j9tHWluwI6ggAhe7Q-Q=) has sold mag_stanag_30rnd x1 at the trader "Weapons (Oliver [WEAPONS])" in market zone "The Holler" (pos=<5632.000000, 32.000000, 5392.000000>) and got 71.
21:03:22.578 [Market] Player "FARRIS" (id=Wzy9-i_cgozd3AtiPGeDiPs6j9tHWluwI6ggAhe7Q-Q=) has send a requested to sell mag_aug_30rnd x1 at the trader "Weapons (Oliver [WEAPONS])" in market zone "The Holler" (pos=<5632.000000, 32.000000, 5392.000000>).
21:03:22.656 [Market] Player "FARRIS" (id=Wzy9-i_cgozd3AtiPGeDiPs6j9tHWluwI6ggAhe7Q-Q=) has sold mag_aug_30rnd x1 at the trader "Weapons (Oliver [WEAPONS])" in market zone "The Holler" (pos=<5632.000000, 32.000000, 5392.000000>) and got 30.
21:03:32.921 [Market] Player "FARRIS" (id=Wzy9-i_cgozd3AtiPGeDiPs6j9tHWluwI6ggAhe7Q-Q=) has send a requested to sell scout x1 at the trader "Weapons (Oliver [WEAPONS])" in market zone "The Holler" (pos=<5632.000000, 32.000000, 5392.000000>).
21:03:33.000 [Market] Player "FARRIS" (id=Wzy9-i_cgozd3AtiPGeDiPs6j9tHWluwI6ggAhe7Q-Q=) has sold scout x1 at the trader "Weapons (Oliver [WEAPONS])" in market zone "The Holler" (pos=<5632.000000, 32.000000, 5392.000000>) and got 4012.
21:03:48.156 [Market] Player "FARRIS" (id=Wzy9-i_cgozd3AtiPGeDiPs6j9tHWluwI6ggAhe7Q-Q=) has send a requested to sell megaphone x1 at the trader "Special (Eva [SPECIALTY ITEMS])" in market zone "The Holler" (pos=<5632.000000, 32.000000, 5392.000000>).
21:03:48.242 [Market] Player "FARRIS" (id=Wzy9-i_cgozd3AtiPGeDiPs6j9tHWluwI6ggAhe7Q-Q=) has sold megaphone x1 at the trader "Special (Eva [SPECIALTY ITEMS])" in market zone "The Holler" (pos=<5632.000000, 32.000000, 5392.000000>) and got 225.
21:04:57.367 [Market] Player "FARRIS" (id=Wzy9-i_cgozd3AtiPGeDiPs6j9tHWluwI6ggAhe7Q-Q=) has send a requested to purchase twp_ammobox_20x76_10rnd x10 from the trader "WeaponAccessories (Rolf [WEAPON ACCESSORIES])" in market zone "The Holler" (pos=<5632.000000, 32.000000, 5392.000000>).
21:04:57.492 [Market] Player "FARRIS" (id=Wzy9-i_cgozd3AtiPGeDiPs6j9tHWluwI6ggAhe7Q-Q=) has bought twp_ammobox_20x76_10rnd x10 from the trader "WeaponAccessories (Rolf [WEAPON ACCESSORIES])" in market zone "The Holler" (pos=<5632.000000, 32.000000, 5392.000000>) for a price of 1200.
21:06:25.226 [Market] Player "FARRIS" (id=Wzy9-i_cgozd3AtiPGeDiPs6j9tHWluwI6ggAhe7Q-Q=) has send a requested to sell carbattery x1 at the trader "Vehicles (Lewis [VEHICLES])" in market zone "The Holler" (pos=<5632.000000, 32.000000, 5392.000000>).
21:06:25.304 [Market] Player "FARRIS" (id=Wzy9-i_cgozd3AtiPGeDiPs6j9tHWluwI6ggAhe7Q-Q=) has sold carbattery x1 at the trader "Vehicles (Lewis [VEHICLES])" in market zone "The Holler" (pos=<5632.000000, 32.000000, 5392.000000>) and got 2835.
21:06:26.070 [Market] Player "FARRIS" (id=Wzy9-i_cgozd3AtiPGeDiPs6j9tHWluwI6ggAhe7Q-Q=) has send a requested to sell carbattery x1 at the trader "Vehicles (Lewis [VEHICLES])" in market zone "The Holler" (pos=<5632.000000, 32.000000, 5392.000000>).
21:06:26.164 [Market] Player "FARRIS" (id=Wzy9-i_cgozd3AtiPGeDiPs6j9tHWluwI6ggAhe7Q-Q=) has sold carbattery x1 at the trader "Vehicles (Lewis [VEHICLES])" in market zone "The Holler" (pos=<5632.000000, 32.000000, 5392.000000>) and got 4049.
21:06:28.187 [Market] Player "FARRIS" (id=Wzy9-i_cgozd3AtiPGeDiPs6j9tHWluwI6ggAhe7Q-Q=) has send a requested to sell carbattery x1 at the trader "Vehicles (Lewis [VEHICLES])" in market zone "The Holler" (pos=<5632.000000, 32.000000, 5392.000000>).
21:06:28.265 [Market] Player "FARRIS" (id=Wzy9-i_cgozd3AtiPGeDiPs6j9tHWluwI6ggAhe7Q-Q=) has sold carbattery x1 at the trader "Vehicles (Lewis [VEHICLES])" in market zone "The Holler" (pos=<5632.000000, 32.000000, 5392.000000>) and got 4320.
21:07:06.140 [ATM] Player "FARRIS" (id=Wzy9-i_cgozd3AtiPGeDiPs6j9tHWluwI6ggAhe7Q-Q=) has deposited 17038 on his ATM account.
21:08:22.429 [VehicleEnter] Player FARRIS [uid=Wzy9-i_cgozd3AtiPGeDiPs6j9tHWluwI6ggAhe7Q-Q=] entered vehicle BMW X5 Red (id=3E22ACF4364CF4733474DCBA6987BAF2 pos=<5618.068848, 28.710632, 5408.500488>) as driver
21:08:25.398 [VehicleEngine] Player FARRIS [uid=Wzy9-i_cgozd3AtiPGeDiPs6j9tHWluwI6ggAhe7Q-Q=] started vehicle BMW X5 Red (id=3E22ACF4364CF4733474DCBA6987BAF2 pos=<5618.068848, 28.710630, 5408.500488>)
21:08:46.843 [VehicleLeave] Player FARRIS [uid=Wzy9-i_cgozd3AtiPGeDiPs6j9tHWluwI6ggAhe7Q-Q=] left vehicle BMW X5 Red (id=3E22ACF4364CF4733474DCBA6987BAF2 pos=<5673.421387, 32.976444, 5250.235840>)
21:08:52.203 [Safezone] Player "FARRIS" (id=Wzy9-i_cgozd3AtiPGeDiPs6j9tHWluwI6ggAhe7Q-Q= pos=<5671.891602, 32.841740, 5252.673340>) Left the safezone
21:09:07.484 [VehicleCarKey] Player "FARRIS" (id=Wzy9-i_cgozd3AtiPGeDiPs6j9tHWluwI6ggAhe7Q-Q= pos=<5671.659180, 32.803539, 5253.229492>) used the  ExpansionCarKey to lock BMW_X5_red (id=3E22ACF4364CF4733474DCBA6987BAF2 pos=<5673.421387, 32.976467, 5250.235840>)
21:09:18.601 [VehicleDeleted] BMW_X5_red (id=3E22ACF4364CF4733474DCBA6987BAF2 pos=<5673.421387, 32.976467, 5250.235840>)
21:09:18.601 [VehicleCover] Player "FARRIS" (id=Wzy9-i_cgozd3AtiPGeDiPs6j9tHWluwI6ggAhe7Q-Q= pos=<5672.498047, 32.799786, 5253.031250>) covered vehicle "BMW_X5_red" (GlobalID=8000000080000000800000008000A2BE pos=<5673.421387, 32.976467, 5250.235840>)!
21:17:30.882 [SpawnSelection] Player "AbyssStryder" (id=KQ9gJ4FxR1CNCGBT69L6SaLGYl8aJAwOMmzAAmOZsSk=) spawned at <10027.609375, 46.279781, 5010.659668>
21:32:24.625 [Party] Player "Lou Sassole" (id=ebo0O4yOjYkK486s9SoqLuFc3tRe1vP1S2eE1IJxhV4=) joinded the party "Loosey Goosey" (id=28 ownerUID=ebo0O4yOjYkK486s9SoqLuFc3tRe1vP1S2eE1IJxhV4= ownerName=Lou Sassole)
21:32:24.640 [AI Patrol] Spawning 2 Shamans bots at <5359.016602, 74.000000, 3645.126221>
21:34:33.453 [Chat - Global]("Lou Sassole"(id=ebo0O4yOjYkK486s9SoqLuFc3tRe1vP1S2eE1IJxhV4=)): hello
21:38:19.921 [AI Patrol] Spawning 3 Camp Bear Patrol bots at <8881.828125, 15.301987, 6081.986328>
22:13:54.531 [AI Patrol] Spawning 3 Camp Eagle Patrol bots at <8835.173828, 45.639999, 3842.460693>
22:17:30.843 [Chat - Global]("Lou Sassole"(id=ebo0O4yOjYkK486s9SoqLuFc3tRe1vP1S2eE1IJxhV4=)): hello
22:24:05.968 [Party] Player "Lou Sassole" (id=ebo0O4yOjYkK486s9SoqLuFc3tRe1vP1S2eE1IJxhV4=) left the party "Loosey Goosey" (id=28 ownerUID=ebo0O4yOjYkK486s9SoqLuFc3tRe1vP1S2eE1IJxhV4= ownerName=Lou Sassole)
22:29:17.773 [SpawnSelection] Player "[NIPS] Tomb Raver" (id=Owlxt_2uAhQbA15RLpYnlEx9enRmifalwfLNdwcmbKI=) spawned at <8956.400391, 5.130000, 8931.730469>
22:44:46.156 [AI Patrol] Spawning 1 Shamans bots at <6856.140625, 59.534393, 3842.339844>
22:45:04.976 [VehicleCover] Player "Josh" (id=HAFduBzmpDN4tgqni6CFo0kwJ2aFYdhg5CPf66P8Zps= pos=<4712.719727, 18.083599, 7615.403809>) uncovered vehicle "ExpansionUh1h" (GlobalID=8000000080000000800000008001D47B pos=<4718.599609, 18.600433, 7619.854980>)!
22:54:32.289 [VehicleEnter] Player Josh [uid=HAFduBzmpDN4tgqni6CFo0kwJ2aFYdhg5CPf66P8Zps=] entered vehicle UH-1H (id=296350751246250249902386BCCFDEE3 pos=<4718.599121, 18.600615, 7619.855469>) as pilot
22:54:45.992 [VehicleEngine] Player Josh [uid=HAFduBzmpDN4tgqni6CFo0kwJ2aFYdhg5CPf66P8Zps=] started vehicle UH-1H (id=296350751246250249902386BCCFDEE3 pos=<4718.597168, 18.600845, 7619.860352>)
22:56:00.859 [AI Patrol] Spawning 2 Shamans bots at <5696.541504, 11.822906, 9098.273438>
22:58:53.898 [VehicleEngine] Player Josh [uid=HAFduBzmpDN4tgqni6CFo0kwJ2aFYdhg5CPf66P8Zps=] stopped vehicle UH-1H (id=296350751246250249902386BCCFDEE3 pos=<8837.130859, 45.891525, 9971.835938>)
22:58:58.726 [VehicleLeave] Player Josh [uid=HAFduBzmpDN4tgqni6CFo0kwJ2aFYdhg5CPf66P8Zps=] left vehicle UH-1H (id=296350751246250249902386BCCFDEE3 pos=<8837.054688, 44.897404, 9972.101563>)
23:04:44.312 [Safezone] Player "AbyssStryder" (id=KQ9gJ4FxR1CNCGBT69L6SaLGYl8aJAwOMmzAAmOZsSk= pos=<5769.282715, 54.129181, 5405.879883>) Entered the safezone
23:08:10.101 [Market] Player "AbyssStryder" (id=KQ9gJ4FxR1CNCGBT69L6SaLGYl8aJAwOMmzAAmOZsSk=) has send a requested to sell ump45 x1 at the trader "Weapons (Oliver [WEAPONS])" in market zone "The Holler" (pos=<5632.000000, 32.000000, 5392.000000>).
23:08:10.187 [Market] Player "AbyssStryder" (id=KQ9gJ4FxR1CNCGBT69L6SaLGYl8aJAwOMmzAAmOZsSk=) has sold ump45 x1 at the trader "Weapons (Oliver [WEAPONS])" in market zone "The Holler" (pos=<5632.000000, 32.000000, 5392.000000>) and got 2137.
23:08:30.523 [Market] Player "AbyssStryder" (id=KQ9gJ4FxR1CNCGBT69L6SaLGYl8aJAwOMmzAAmOZsSk=) has send a requested to sell glock19 x1 at the trader "Weapons (Oliver [WEAPONS])" in market zone "The Holler" (pos=<5632.000000, 32.000000, 5392.000000>).
23:08:30.640 [Market] Player "AbyssStryder" (id=KQ9gJ4FxR1CNCGBT69L6SaLGYl8aJAwOMmzAAmOZsSk=) has sold glock19 x1 at the trader "Weapons (Oliver [WEAPONS])" in market zone "The Holler" (pos=<5632.000000, 32.000000, 5392.000000>) and got 168.
23:13:00.671 [Market] Player "AbyssStryder" (id=KQ9gJ4FxR1CNCGBT69L6SaLGYl8aJAwOMmzAAmOZsSk=) has send a requested to sell longhorn x1 at the trader "Weapons (Oliver [WEAPONS])" in market zone "The Holler" (pos=<5632.000000, 32.000000, 5392.000000>).
23:13:00.757 [Market] Player "AbyssStryder" (id=KQ9gJ4FxR1CNCGBT69L6SaLGYl8aJAwOMmzAAmOZsSk=) has sold longhorn x1 at the trader "Weapons (Oliver [WEAPONS])" in market zone "The Holler" (pos=<5632.000000, 32.000000, 5392.000000>) and got 37.
23:13:47.468 [Market] Player "AbyssStryder" (id=KQ9gJ4FxR1CNCGBT69L6SaLGYl8aJAwOMmzAAmOZsSk=) has send a requested to sell mkii x1 at the trader "Weapons (Oliver [WEAPONS])" in market zone "The Holler" (pos=<5632.000000, 32.000000, 5392.000000>).
23:13:47.554 [Market] Player "AbyssStryder" (id=KQ9gJ4FxR1CNCGBT69L6SaLGYl8aJAwOMmzAAmOZsSk=) has sold mkii x1 at the trader "Weapons (Oliver [WEAPONS])" in market zone "The Holler" (pos=<5632.000000, 32.000000, 5392.000000>) and got 180.
23:13:50.226 [Market] Player "AbyssStryder" (id=KQ9gJ4FxR1CNCGBT69L6SaLGYl8aJAwOMmzAAmOZsSk=) has send a requested to sell mag_mkii_10rnd x1 at the trader "Weapons (Oliver [WEAPONS])" in market zone "The Holler" (pos=<5632.000000, 32.000000, 5392.000000>).
23:13:50.312 [Market] Player "AbyssStryder" (id=KQ9gJ4FxR1CNCGBT69L6SaLGYl8aJAwOMmzAAmOZsSk=) has sold mag_mkii_10rnd x1 at the trader "Weapons (Oliver [WEAPONS])" in market zone "The Holler" (pos=<5632.000000, 32.000000, 5392.000000>) and got 15.
23:13:50.968 [Market] Player "AbyssStryder" (id=KQ9gJ4FxR1CNCGBT69L6SaLGYl8aJAwOMmzAAmOZsSk=) has send a requested to sell mag_mkii_10rnd x1 at the trader "Weapons (Oliver [WEAPONS])" in market zone "The Holler" (pos=<5632.000000, 32.000000, 5392.000000>).
23:13:51.046 [Market] Player "AbyssStryder" (id=KQ9gJ4FxR1CNCGBT69L6SaLGYl8aJAwOMmzAAmOZsSk=) has sold mag_mkii_10rnd x1 at the trader "Weapons (Oliver [WEAPONS])" in market zone "The Holler" (pos=<5632.000000, 32.000000, 5392.000000>) and got 15.
23:14:07.960 [Market] Player "AbyssStryder" (id=KQ9gJ4FxR1CNCGBT69L6SaLGYl8aJAwOMmzAAmOZsSk=) has send a requested to sell ammobox_556x45_20rnd x1 at the trader "WeaponAccessories (Rolf [WEAPON ACCESSORIES])" in market zone "The Holler" (pos=<5632.000000, 32.000000, 5392.000000>).
23:14:08.070 [Market] Player "AbyssStryder" (id=KQ9gJ4FxR1CNCGBT69L6SaLGYl8aJAwOMmzAAmOZsSk=) has sold ammobox_556x45_20rnd x1 at the trader "WeaponAccessories (Rolf [WEAPON ACCESSORIES])" in market zone "The Holler" (pos=<5632.000000, 32.000000, 5392.000000>) and got 12.
23:14:08.906 [Market] Player "AbyssStryder" (id=KQ9gJ4FxR1CNCGBT69L6SaLGYl8aJAwOMmzAAmOZsSk=) has send a requested to sell ammobox_545x39_20rnd x1 at the trader "WeaponAccessories (Rolf [WEAPON ACCESSORIES])" in market zone "The Holler" (pos=<5632.000000, 32.000000, 5392.000000>).
23:14:09.023 [Market] Player "AbyssStryder" (id=KQ9gJ4FxR1CNCGBT69L6SaLGYl8aJAwOMmzAAmOZsSk=) has sold ammobox_545x39_20rnd x1 at the trader "WeaponAccessories (Rolf [WEAPON ACCESSORIES])" in market zone "The Holler" (pos=<5632.000000, 32.000000, 5392.000000>) and got 24.
23:14:21.250 [Market] Player "AbyssStryder" (id=KQ9gJ4FxR1CNCGBT69L6SaLGYl8aJAwOMmzAAmOZsSk=) has send a requested to sell ammo_22 x59 at the trader "WeaponAccessories (Rolf [WEAPON ACCESSORIES])" in market zone "The Holler" (pos=<5632.000000, 32.000000, 5392.000000>).
23:14:21.359 [Market] Player "AbyssStryder" (id=KQ9gJ4FxR1CNCGBT69L6SaLGYl8aJAwOMmzAAmOZsSk=) has sold ammo_22 x59 at the trader "WeaponAccessories (Rolf [WEAPON ACCESSORIES])" in market zone "The Holler" (pos=<5632.000000, 32.000000, 5392.000000>) and got 56.
23:14:24.320 [Market] Player "AbyssStryder" (id=KQ9gJ4FxR1CNCGBT69L6SaLGYl8aJAwOMmzAAmOZsSk=) has send a requested to sell ammo_545x39 x1 at the trader "WeaponAccessories (Rolf [WEAPON ACCESSORIES])" in market zone "The Holler" (pos=<5632.000000, 32.000000, 5392.000000>).
23:14:24.421 [Market] Player "AbyssStryder" (id=KQ9gJ4FxR1CNCGBT69L6SaLGYl8aJAwOMmzAAmOZsSk=) has sold ammo_545x39 x1 at the trader "WeaponAccessories (Rolf [WEAPON ACCESSORIES])" in market zone "The Holler" (pos=<5632.000000, 32.000000, 5392.000000>) and got 1.
23:14:24.945 [Market] Player "AbyssStryder" (id=KQ9gJ4FxR1CNCGBT69L6SaLGYl8aJAwOMmzAAmOZsSk=) has send a requested to sell ammo_545x39 x1 at the trader "WeaponAccessories (Rolf [WEAPON ACCESSORIES])" in market zone "The Holler" (pos=<5632.000000, 32.000000, 5392.000000>).
23:14:25.031 [Market] Player "AbyssStryder" (id=KQ9gJ4FxR1CNCGBT69L6SaLGYl8aJAwOMmzAAmOZsSk=) has sold ammo_545x39 x1 at the trader "WeaponAccessories (Rolf [WEAPON ACCESSORIES])" in market zone "The Holler" (pos=<5632.000000, 32.000000, 5392.000000>) and got 1.
23:14:25.585 [Market] Player "AbyssStryder" (id=KQ9gJ4FxR1CNCGBT69L6SaLGYl8aJAwOMmzAAmOZsSk=) has send a requested to sell ammo_545x39 x1 at the trader "WeaponAccessories (Rolf [WEAPON ACCESSORIES])" in market zone "The Holler" (pos=<5632.000000, 32.000000, 5392.000000>).
23:14:25.671 [Market] Player "AbyssStryder" (id=KQ9gJ4FxR1CNCGBT69L6SaLGYl8aJAwOMmzAAmOZsSk=) has sold ammo_545x39 x1 at the trader "WeaponAccessories (Rolf [WEAPON ACCESSORIES])" in market zone "The Holler" (pos=<5632.000000, 32.000000, 5392.000000>) and got 1.
23:14:27.421 [Market] Player "AbyssStryder" (id=KQ9gJ4FxR1CNCGBT69L6SaLGYl8aJAwOMmzAAmOZsSk=) has send a requested to sell ammo_762x54 x1 at the trader "WeaponAccessories (Rolf [WEAPON ACCESSORIES])" in market zone "The Holler" (pos=<5632.000000, 32.000000, 5392.000000>).
23:14:27.515 [Market] Player "AbyssStryder" (id=KQ9gJ4FxR1CNCGBT69L6SaLGYl8aJAwOMmzAAmOZsSk=) has sold ammo_762x54 x1 at the trader "WeaponAccessories (Rolf [WEAPON ACCESSORIES])" in market zone "The Holler" (pos=<5632.000000, 32.000000, 5392.000000>) and got 1.
23:14:27.851 [Market] Player "AbyssStryder" (id=KQ9gJ4FxR1CNCGBT69L6SaLGYl8aJAwOMmzAAmOZsSk=) has send a requested to sell ammo_762x54 x1 at the trader "WeaponAccessories (Rolf [WEAPON ACCESSORIES])" in market zone "The Holler" (pos=<5632.000000, 32.000000, 5392.000000>).
23:14:27.960 [Market] Player "AbyssStryder" (id=KQ9gJ4FxR1CNCGBT69L6SaLGYl8aJAwOMmzAAmOZsSk=) has sold ammo_762x54 x1 at the trader "WeaponAccessories (Rolf [WEAPON ACCESSORIES])" in market zone "The Holler" (pos=<5632.000000, 32.000000, 5392.000000>) and got 1.
23:14:28.281 [Market] Player "AbyssStryder" (id=KQ9gJ4FxR1CNCGBT69L6SaLGYl8aJAwOMmzAAmOZsSk=) has send a requested to sell ammo_762x54 x1 at the trader "WeaponAccessories (Rolf [WEAPON ACCESSORIES])" in market zone "The Holler" (pos=<5632.000000, 32.000000, 5392.000000>).
23:14:28.382 [Market] Player "AbyssStryder" (id=KQ9gJ4FxR1CNCGBT69L6SaLGYl8aJAwOMmzAAmOZsSk=) has sold ammo_762x54 x1 at the trader "WeaponAccessories (Rolf [WEAPON ACCESSORIES])" in market zone "The Holler" (pos=<5632.000000, 32.000000, 5392.000000>) and got 1.
23:14:28.726 [Market] Player "AbyssStryder" (id=KQ9gJ4FxR1CNCGBT69L6SaLGYl8aJAwOMmzAAmOZsSk=) has send a requested to sell ammo_762x54 x1 at the trader "WeaponAccessories (Rolf [WEAPON ACCESSORIES])" in market zone "The Holler" (pos=<5632.000000, 32.000000, 5392.000000>).
23:14:28.843 [Market] Player "AbyssStryder" (id=KQ9gJ4FxR1CNCGBT69L6SaLGYl8aJAwOMmzAAmOZsSk=) has sold ammo_762x54 x1 at the trader "WeaponAccessories (Rolf [WEAPON ACCESSORIES])" in market zone "The Holler" (pos=<5632.000000, 32.000000, 5392.000000>) and got 1.
23:14:29.054 [Market] Player "AbyssStryder" (id=KQ9gJ4FxR1CNCGBT69L6SaLGYl8aJAwOMmzAAmOZsSk=) has send a requested to sell ammo_762x54 x1 at the trader "WeaponAccessories (Rolf [WEAPON ACCESSORIES])" in market zone "The Holler" (pos=<5632.000000, 32.000000, 5392.000000>).
23:14:29.179 [Market] Player "AbyssStryder" (id=KQ9gJ4FxR1CNCGBT69L6SaLGYl8aJAwOMmzAAmOZsSk=) has sold ammo_762x54 x1 at the trader "WeaponAccessories (Rolf [WEAPON ACCESSORIES])" in market zone "The Holler" (pos=<5632.000000, 32.000000, 5392.000000>) and got 1.
23:14:29.500 [Market] Player "AbyssStryder" (id=KQ9gJ4FxR1CNCGBT69L6SaLGYl8aJAwOMmzAAmOZsSk=) has send a requested to sell ammo_762x54 x1 at the trader "WeaponAccessories (Rolf [WEAPON ACCESSORIES])" in market zone "The Holler" (pos=<5632.000000, 32.000000, 5392.000000>).
23:14:29.601 [Market] Player "AbyssStryder" (id=KQ9gJ4FxR1CNCGBT69L6SaLGYl8aJAwOMmzAAmOZsSk=) has sold ammo_762x54 x1 at the trader "WeaponAccessories (Rolf [WEAPON ACCESSORIES])" in market zone "The Holler" (pos=<5632.000000, 32.000000, 5392.000000>) and got 1.
23:14:29.906 [Market] Player "AbyssStryder" (id=KQ9gJ4FxR1CNCGBT69L6SaLGYl8aJAwOMmzAAmOZsSk=) has send a requested to sell ammo_762x54 x1 at the trader "WeaponAccessories (Rolf [WEAPON ACCESSORIES])" in market zone "The Holler" (pos=<5632.000000, 32.000000, 5392.000000>).
23:14:30.007 [Market] Player "AbyssStryder" (id=KQ9gJ4FxR1CNCGBT69L6SaLGYl8aJAwOMmzAAmOZsSk=) has sold ammo_762x54 x1 at the trader "WeaponAccessories (Rolf [WEAPON ACCESSORIES])" in market zone "The Holler" (pos=<5632.000000, 32.000000, 5392.000000>) and got 1.
23:14:30.359 [Market] Player "AbyssStryder" (id=KQ9gJ4FxR1CNCGBT69L6SaLGYl8aJAwOMmzAAmOZsSk=) has send a requested to sell ammo_762x54 x1 at the trader "WeaponAccessories (Rolf [WEAPON ACCESSORIES])" in market zone "The Holler" (pos=<5632.000000, 32.000000, 5392.000000>).
23:14:30.492 [Market] Player "AbyssStryder" (id=KQ9gJ4FxR1CNCGBT69L6SaLGYl8aJAwOMmzAAmOZsSk=) has sold ammo_762x54 x1 at the trader "WeaponAccessories (Rolf [WEAPON ACCESSORIES])" in market zone "The Holler" (pos=<5632.000000, 32.000000, 5392.000000>) and got 1.
23:14:30.546 [Market] Player "AbyssStryder" (id=KQ9gJ4FxR1CNCGBT69L6SaLGYl8aJAwOMmzAAmOZsSk=) has send a requested to sell ammo_762x54 x1 at the trader "WeaponAccessories (Rolf [WEAPON ACCESSORIES])" in market zone "The Holler" (pos=<5632.000000, 32.000000, 5392.000000>).
23:14:30.664 [Market] Player "AbyssStryder" (id=KQ9gJ4FxR1CNCGBT69L6SaLGYl8aJAwOMmzAAmOZsSk=) has sold ammo_762x54 x1 at the trader "WeaponAccessories (Rolf [WEAPON ACCESSORIES])" in market zone "The Holler" (pos=<5632.000000, 32.000000, 5392.000000>) and got 1.
23:14:30.742 [Market] Player "AbyssStryder" (id=KQ9gJ4FxR1CNCGBT69L6SaLGYl8aJAwOMmzAAmOZsSk=) has send a requested to sell ammo_762x54 x1 at the trader "WeaponAccessories (Rolf [WEAPON ACCESSORIES])" in market zone "The Holler" (pos=<5632.000000, 32.000000, 5392.000000>).
23:14:30.898 [Market] Player "AbyssStryder" (id=KQ9gJ4FxR1CNCGBT69L6SaLGYl8aJAwOMmzAAmOZsSk=) has sold ammo_762x54 x1 at the trader "WeaponAccessories (Rolf [WEAPON ACCESSORIES])" in market zone "The Holler" (pos=<5632.000000, 32.000000, 5392.000000>) and got 1.
23:14:30.898 [Market] Player "AbyssStryder" (id=KQ9gJ4FxR1CNCGBT69L6SaLGYl8aJAwOMmzAAmOZsSk=) has send a requested to sell ammo_762x54 x1 at the trader "WeaponAccessories (Rolf [WEAPON ACCESSORIES])" in market zone "The Holler" (pos=<5632.000000, 32.000000, 5392.000000>).
23:14:31.000 [Market] Player "AbyssStryder" (id=KQ9gJ4FxR1CNCGBT69L6SaLGYl8aJAwOMmzAAmOZsSk=) has sold ammo_762x54 x1 at the trader "WeaponAccessories (Rolf [WEAPON ACCESSORIES])" in market zone "The Holler" (pos=<5632.000000, 32.000000, 5392.000000>) and got 1.
23:14:31.062 [Market] Player "AbyssStryder" (id=KQ9gJ4FxR1CNCGBT69L6SaLGYl8aJAwOMmzAAmOZsSk=) has send a requested to sell ammo_762x54 x1 at the trader "WeaponAccessories (Rolf [WEAPON ACCESSORIES])" in market zone "The Holler" (pos=<5632.000000, 32.000000, 5392.000000>).
23:14:31.171 [Market] Player "AbyssStryder" (id=KQ9gJ4FxR1CNCGBT69L6SaLGYl8aJAwOMmzAAmOZsSk=) has sold ammo_762x54 x1 at the trader "WeaponAccessories (Rolf [WEAPON ACCESSORIES])" in market zone "The Holler" (pos=<5632.000000, 32.000000, 5392.000000>) and got 1.
23:14:31.257 [Market] Player "AbyssStryder" (id=KQ9gJ4FxR1CNCGBT69L6SaLGYl8aJAwOMmzAAmOZsSk=) has send a requested to sell ammo_762x54 x1 at the trader "WeaponAccessories (Rolf [WEAPON ACCESSORIES])" in market zone "The Holler" (pos=<5632.000000, 32.000000, 5392.000000>).
23:14:31.390 [Market] Player "AbyssStryder" (id=KQ9gJ4FxR1CNCGBT69L6SaLGYl8aJAwOMmzAAmOZsSk=) has sold ammo_762x54 x1 at the trader "WeaponAccessories (Rolf [WEAPON ACCESSORIES])" in market zone "The Holler" (pos=<5632.000000, 32.000000, 5392.000000>) and got 1.
23:14:31.390 [Market] Player "AbyssStryder" (id=KQ9gJ4FxR1CNCGBT69L6SaLGYl8aJAwOMmzAAmOZsSk=) has send a requested to sell ammo_762x54 x1 at the trader "WeaponAccessories (Rolf [WEAPON ACCESSORIES])" in market zone "The Holler" (pos=<5632.000000, 32.000000, 5392.000000>).
23:14:31.492 [Market] Player "AbyssStryder" (id=KQ9gJ4FxR1CNCGBT69L6SaLGYl8aJAwOMmzAAmOZsSk=) has sold ammo_762x54 x1 at the trader "WeaponAccessories (Rolf [WEAPON ACCESSORIES])" in market zone "The Holler" (pos=<5632.000000, 32.000000, 5392.000000>) and got 1.
23:14:31.601 [Market] Player "AbyssStryder" (id=KQ9gJ4FxR1CNCGBT69L6SaLGYl8aJAwOMmzAAmOZsSk=) has send a requested to sell ammo_762x54 x1 at the trader "WeaponAccessories (Rolf [WEAPON ACCESSORIES])" in market zone "The Holler" (pos=<5632.000000, 32.000000, 5392.000000>).
23:14:31.757 [Market] Player "AbyssStryder" (id=KQ9gJ4FxR1CNCGBT69L6SaLGYl8aJAwOMmzAAmOZsSk=) has sold ammo_762x54 x1 at the trader "WeaponAccessories (Rolf [WEAPON ACCESSORIES])" in market zone "The Holler" (pos=<5632.000000, 32.000000, 5392.000000>) and got 1.
23:14:31.820 [Market] Player "AbyssStryder" (id=KQ9gJ4FxR1CNCGBT69L6SaLGYl8aJAwOMmzAAmOZsSk=) has send a requested to sell ammo_762x54 x1 at the trader "WeaponAccessories (Rolf [WEAPON ACCESSORIES])" in market zone "The Holler" (pos=<5632.000000, 32.000000, 5392.000000>).
23:14:31.914 [Market] Player "AbyssStryder" (id=KQ9gJ4FxR1CNCGBT69L6SaLGYl8aJAwOMmzAAmOZsSk=) has sold ammo_762x54 x1 at the trader "WeaponAccessories (Rolf [WEAPON ACCESSORIES])" in market zone "The Holler" (pos=<5632.000000, 32.000000, 5392.000000>) and got 1.
23:14:31.968 [Market] Player "AbyssStryder" (id=KQ9gJ4FxR1CNCGBT69L6SaLGYl8aJAwOMmzAAmOZsSk=) has send a requested to sell ammo_762x54 x1 at the trader "WeaponAccessories (Rolf [WEAPON ACCESSORIES])" in market zone "The Holler" (pos=<5632.000000, 32.000000, 5392.000000>).
23:14:32.085 [Market] Player "AbyssStryder" (id=KQ9gJ4FxR1CNCGBT69L6SaLGYl8aJAwOMmzAAmOZsSk=) has sold ammo_762x54 x1 at the trader "WeaponAccessories (Rolf [WEAPON ACCESSORIES])" in market zone "The Holler" (pos=<5632.000000, 32.000000, 5392.000000>) and got 1.
23:14:32.156 [Market] Player "AbyssStryder" (id=KQ9gJ4FxR1CNCGBT69L6SaLGYl8aJAwOMmzAAmOZsSk=) has send a requested to sell ammo_762x54 x1 at the trader "WeaponAccessories (Rolf [WEAPON ACCESSORIES])" in market zone "The Holler" (pos=<5632.000000, 32.000000, 5392.000000>).
23:14:32.250 [Market] Player "AbyssStryder" (id=KQ9gJ4FxR1CNCGBT69L6SaLGYl8aJAwOMmzAAmOZsSk=) has sold ammo_762x54 x1 at the trader "WeaponAccessories (Rolf [WEAPON ACCESSORIES])" in market zone "The Holler" (pos=<5632.000000, 32.000000, 5392.000000>) and got 1.
23:14:32.328 [Market] Player "AbyssStryder" (id=KQ9gJ4FxR1CNCGBT69L6SaLGYl8aJAwOMmzAAmOZsSk=) has send a requested to sell ammo_762x54 x1 at the trader "WeaponAccessories (Rolf [WEAPON ACCESSORIES])" in market zone "The Holler" (pos=<5632.000000, 32.000000, 5392.000000>).
23:14:32.437 [Market] Player "AbyssStryder" (id=KQ9gJ4FxR1CNCGBT69L6SaLGYl8aJAwOMmzAAmOZsSk=) has sold ammo_762x54 x1 at the trader "WeaponAccessories (Rolf [WEAPON ACCESSORIES])" in market zone "The Holler" (pos=<5632.000000, 32.000000, 5392.000000>) and got 1.
23:14:32.539 [Market] Player "AbyssStryder" (id=KQ9gJ4FxR1CNCGBT69L6SaLGYl8aJAwOMmzAAmOZsSk=) has send a requested to sell ammo_762x54 x1 at the trader "WeaponAccessories (Rolf [WEAPON ACCESSORIES])" in market zone "The Holler" (pos=<5632.000000, 32.000000, 5392.000000>).
23:14:32.640 [Market] Player "AbyssStryder" (id=KQ9gJ4FxR1CNCGBT69L6SaLGYl8aJAwOMmzAAmOZsSk=) has sold ammo_762x54 x1 at the trader "WeaponAccessories (Rolf [WEAPON ACCESSORIES])" in market zone "The Holler" (pos=<5632.000000, 32.000000, 5392.000000>) and got 1.
23:14:32.640 [Market] Player "AbyssStryder" (id=KQ9gJ4FxR1CNCGBT69L6SaLGYl8aJAwOMmzAAmOZsSk=) has send a requested to sell ammo_762x54 x1 at the trader "WeaponAccessories (Rolf [WEAPON ACCESSORIES])" in market zone "The Holler" (pos=<5632.000000, 32.000000, 5392.000000>).
23:14:32.734 [Market] Player "AbyssStryder" (id=KQ9gJ4FxR1CNCGBT69L6SaLGYl8aJAwOMmzAAmOZsSk=) has sold ammo_762x54 x1 at the trader "WeaponAccessories (Rolf [WEAPON ACCESSORIES])" in market zone "The Holler" (pos=<5632.000000, 32.000000, 5392.000000>) and got 1.
23:14:32.804 [Market] Player "AbyssStryder" (id=KQ9gJ4FxR1CNCGBT69L6SaLGYl8aJAwOMmzAAmOZsSk=) has send a requested to sell ammo_762x54 x1 at the trader "WeaponAccessories (Rolf [WEAPON ACCESSORIES])" in market zone "The Holler" (pos=<5632.000000, 32.000000, 5392.000000>).
23:14:32.875 [Market] Player "AbyssStryder" (id=KQ9gJ4FxR1CNCGBT69L6SaLGYl8aJAwOMmzAAmOZsSk=) has send a requested to sell ammo_762x54 x1 at the trader "WeaponAccessories (Rolf [WEAPON ACCESSORIES])" in market zone "The Holler" (pos=<5632.000000, 32.000000, 5392.000000>).
23:14:32.906 [Market] Player "AbyssStryder" (id=KQ9gJ4FxR1CNCGBT69L6SaLGYl8aJAwOMmzAAmOZsSk=) has sold ammo_762x54 x1 at the trader "WeaponAccessories (Rolf [WEAPON ACCESSORIES])" in market zone "The Holler" (pos=<5632.000000, 32.000000, 5392.000000>) and got 1.
23:14:33.023 [Market] Player "AbyssStryder" (id=KQ9gJ4FxR1CNCGBT69L6SaLGYl8aJAwOMmzAAmOZsSk=) has send a requested to sell ammo_762x54 x1 at the trader "WeaponAccessories (Rolf [WEAPON ACCESSORIES])" in market zone "The Holler" (pos=<5632.000000, 32.000000, 5392.000000>).
23:14:33.156 [Market] Player "AbyssStryder" (id=KQ9gJ4FxR1CNCGBT69L6SaLGYl8aJAwOMmzAAmOZsSk=) has sold ammo_762x54 x1 at the trader "WeaponAccessories (Rolf [WEAPON ACCESSORIES])" in market zone "The Holler" (pos=<5632.000000, 32.000000, 5392.000000>) and got 1.
23:14:33.156 [Market] Player "AbyssStryder" (id=KQ9gJ4FxR1CNCGBT69L6SaLGYl8aJAwOMmzAAmOZsSk=) has send a requested to sell ammo_762x54 x1 at the trader "WeaponAccessories (Rolf [WEAPON ACCESSORIES])" in market zone "The Holler" (pos=<5632.000000, 32.000000, 5392.000000>).
23:14:33.304 [Market] Player "AbyssStryder" (id=KQ9gJ4FxR1CNCGBT69L6SaLGYl8aJAwOMmzAAmOZsSk=) has sold ammo_762x54 x1 at the trader "WeaponAccessories (Rolf [WEAPON ACCESSORIES])" in market zone "The Holler" (pos=<5632.000000, 32.000000, 5392.000000>) and got 1.
23:14:33.304 [Market] Player "AbyssStryder" (id=KQ9gJ4FxR1CNCGBT69L6SaLGYl8aJAwOMmzAAmOZsSk=) has send a requested to sell ammo_762x54 x1 at the trader "WeaponAccessories (Rolf [WEAPON ACCESSORIES])" in market zone "The Holler" (pos=<5632.000000, 32.000000, 5392.000000>).
23:14:33.351 [Market] Player "AbyssStryder" (id=KQ9gJ4FxR1CNCGBT69L6SaLGYl8aJAwOMmzAAmOZsSk=) has send a requested to sell ammo_762x54 x1 at the trader "WeaponAccessories (Rolf [WEAPON ACCESSORIES])" in market zone "The Holler" (pos=<5632.000000, 32.000000, 5392.000000>).
23:14:33.406 [Market] Player "AbyssStryder" (id=KQ9gJ4FxR1CNCGBT69L6SaLGYl8aJAwOMmzAAmOZsSk=) has sold ammo_762x54 x1 at the trader "WeaponAccessories (Rolf [WEAPON ACCESSORIES])" in market zone "The Holler" (pos=<5632.000000, 32.000000, 5392.000000>) and got 1.
23:14:33.531 [Market] Player "AbyssStryder" (id=KQ9gJ4FxR1CNCGBT69L6SaLGYl8aJAwOMmzAAmOZsSk=) has send a requested to sell ammo_762x54 x1 at the trader "WeaponAccessories (Rolf [WEAPON ACCESSORIES])" in market zone "The Holler" (pos=<5632.000000, 32.000000, 5392.000000>).
23:14:33.593 [Market] Player "AbyssStryder" (id=KQ9gJ4FxR1CNCGBT69L6SaLGYl8aJAwOMmzAAmOZsSk=) has send a requested to sell ammo_762x54 x1 at the trader "WeaponAccessories (Rolf [WEAPON ACCESSORIES])" in market zone "The Holler" (pos=<5632.000000, 32.000000, 5392.000000>).
23:14:33.656 [Market] Player "AbyssStryder" (id=KQ9gJ4FxR1CNCGBT69L6SaLGYl8aJAwOMmzAAmOZsSk=) has sold ammo_762x54 x1 at the trader "WeaponAccessories (Rolf [WEAPON ACCESSORIES])" in market zone "The Holler" (pos=<5632.000000, 32.000000, 5392.000000>) and got 1.
23:14:33.750 [Market] Player "AbyssStryder" (id=KQ9gJ4FxR1CNCGBT69L6SaLGYl8aJAwOMmzAAmOZsSk=) has send a requested to sell ammo_762x54 x1 at the trader "WeaponAccessories (Rolf [WEAPON ACCESSORIES])" in market zone "The Holler" (pos=<5632.000000, 32.000000, 5392.000000>).
23:14:33.851 [Market] Player "AbyssStryder" (id=KQ9gJ4FxR1CNCGBT69L6SaLGYl8aJAwOMmzAAmOZsSk=) has send a requested to sell ammo_762x54 x1 at the trader "WeaponAccessories (Rolf [WEAPON ACCESSORIES])" in market zone "The Holler" (pos=<5632.000000, 32.000000, 5392.000000>).
23:14:33.851 [Market] Player "AbyssStryder" (id=KQ9gJ4FxR1CNCGBT69L6SaLGYl8aJAwOMmzAAmOZsSk=) has sold ammo_762x54 x1 at the trader "WeaponAccessories (Rolf [WEAPON ACCESSORIES])" in market zone "The Holler" (pos=<5632.000000, 32.000000, 5392.000000>) and got 1.
23:14:34.015 [Market] Player "AbyssStryder" (id=KQ9gJ4FxR1CNCGBT69L6SaLGYl8aJAwOMmzAAmOZsSk=) has send a requested to sell ammo_762x54 x1 at the trader "WeaponAccessories (Rolf [WEAPON ACCESSORIES])" in market zone "The Holler" (pos=<5632.000000, 32.000000, 5392.000000>).
23:14:34.132 [Market] Player "AbyssStryder" (id=KQ9gJ4FxR1CNCGBT69L6SaLGYl8aJAwOMmzAAmOZsSk=) has sold ammo_762x54 x1 at the trader "WeaponAccessories (Rolf [WEAPON ACCESSORIES])" in market zone "The Holler" (pos=<5632.000000, 32.000000, 5392.000000>) and got 1.
23:14:34.640 [Market] Player "AbyssStryder" (id=KQ9gJ4FxR1CNCGBT69L6SaLGYl8aJAwOMmzAAmOZsSk=) has send a requested to sell ammo_762x54 x1 at the trader "WeaponAccessories (Rolf [WEAPON ACCESSORIES])" in market zone "The Holler" (pos=<5632.000000, 32.000000, 5392.000000>).
23:14:34.773 [Market] Player "AbyssStryder" (id=KQ9gJ4FxR1CNCGBT69L6SaLGYl8aJAwOMmzAAmOZsSk=) has sold ammo_762x54 x1 at the trader "WeaponAccessories (Rolf [WEAPON ACCESSORIES])" in market zone "The Holler" (pos=<5632.000000, 32.000000, 5392.000000>) and got 1.
23:14:34.898 [Market] Player "AbyssStryder" (id=KQ9gJ4FxR1CNCGBT69L6SaLGYl8aJAwOMmzAAmOZsSk=) has send a requested to sell ammo_762x54 x1 at the trader "WeaponAccessories (Rolf [WEAPON ACCESSORIES])" in market zone "The Holler" (pos=<5632.000000, 32.000000, 5392.000000>).
23:14:34.992 [Market] Player "AbyssStryder" (id=KQ9gJ4FxR1CNCGBT69L6SaLGYl8aJAwOMmzAAmOZsSk=) has sold ammo_762x54 x1 at the trader "WeaponAccessories (Rolf [WEAPON ACCESSORIES])" in market zone "The Holler" (pos=<5632.000000, 32.000000, 5392.000000>) and got 1.
23:14:35.257 [Market] Player "AbyssStryder" (id=KQ9gJ4FxR1CNCGBT69L6SaLGYl8aJAwOMmzAAmOZsSk=) has send a requested to sell ammo_762x54 x1 at the trader "WeaponAccessories (Rolf [WEAPON ACCESSORIES])" in market zone "The Holler" (pos=<5632.000000, 32.000000, 5392.000000>).
23:14:35.375 [Market] Player "AbyssStryder" (id=KQ9gJ4FxR1CNCGBT69L6SaLGYl8aJAwOMmzAAmOZsSk=) has sold ammo_762x54 x1 at the trader "WeaponAccessories (Rolf [WEAPON ACCESSORIES])" in market zone "The Holler" (pos=<5632.000000, 32.000000, 5392.000000>) and got 1.
23:14:35.429 [Market] Player "AbyssStryder" (id=KQ9gJ4FxR1CNCGBT69L6SaLGYl8aJAwOMmzAAmOZsSk=) has send a requested to sell ammo_762x54 x1 at the trader "WeaponAccessories (Rolf [WEAPON ACCESSORIES])" in market zone "The Holler" (pos=<5632.000000, 32.000000, 5392.000000>).
23:14:35.531 [Market] Player "AbyssStryder" (id=KQ9gJ4FxR1CNCGBT69L6SaLGYl8aJAwOMmzAAmOZsSk=) has sold ammo_762x54 x1 at the trader "WeaponAccessories (Rolf [WEAPON ACCESSORIES])" in market zone "The Holler" (pos=<5632.000000, 32.000000, 5392.000000>) and got 1.
23:14:35.695 [Market] Player "AbyssStryder" (id=KQ9gJ4FxR1CNCGBT69L6SaLGYl8aJAwOMmzAAmOZsSk=) has send a requested to sell ammo_762x54 x1 at the trader "WeaponAccessories (Rolf [WEAPON ACCESSORIES])" in market zone "The Holler" (pos=<5632.000000, 32.000000, 5392.000000>).
23:14:35.835 [Market] Player "AbyssStryder" (id=KQ9gJ4FxR1CNCGBT69L6SaLGYl8aJAwOMmzAAmOZsSk=) has sold ammo_762x54 x1 at the trader "WeaponAccessories (Rolf [WEAPON ACCESSORIES])" in market zone "The Holler" (pos=<5632.000000, 32.000000, 5392.000000>) and got 1.
23:14:36.265 [Market] Player "AbyssStryder" (id=KQ9gJ4FxR1CNCGBT69L6SaLGYl8aJAwOMmzAAmOZsSk=) has send a requested to sell ammo_762x54 x1 at the trader "WeaponAccessories (Rolf [WEAPON ACCESSORIES])" in market zone "The Holler" (pos=<5632.000000, 32.000000, 5392.000000>).
23:14:36.359 [Market] Player "AbyssStryder" (id=KQ9gJ4FxR1CNCGBT69L6SaLGYl8aJAwOMmzAAmOZsSk=) has sold ammo_762x54 x1 at the trader "WeaponAccessories (Rolf [WEAPON ACCESSORIES])" in market zone "The Holler" (pos=<5632.000000, 32.000000, 5392.000000>) and got 1.
23:18:57.632 [AI Patrol] Spawning 3 Shamans bots at <4251.164551, 28.098051, 7789.083496>
23:21:42.195 [AI Patrol] Spawning 3 RCFI Patrol bots at <3672.478516, 9.229561, 8783.113281>
23:25:38.570 [Market] Player "AbyssStryder" (id=KQ9gJ4FxR1CNCGBT69L6SaLGYl8aJAwOMmzAAmOZsSk=) has send a requested to sell ammo_12gapellets x1 at the trader "WeaponAccessories (Rolf [WEAPON ACCESSORIES])" in market zone "The Holler" (pos=<5632.000000, 32.000000, 5392.000000>).
23:25:38.671 [Market] Player "AbyssStryder" (id=KQ9gJ4FxR1CNCGBT69L6SaLGYl8aJAwOMmzAAmOZsSk=) has sold ammo_12gapellets x1 at the trader "WeaponAccessories (Rolf [WEAPON ACCESSORIES])" in market zone "The Holler" (pos=<5632.000000, 32.000000, 5392.000000>) and got 3.
23:25:39.234 [Market] Player "AbyssStryder" (id=KQ9gJ4FxR1CNCGBT69L6SaLGYl8aJAwOMmzAAmOZsSk=) has send a requested to sell ammo_12gapellets x1 at the trader "WeaponAccessories (Rolf [WEAPON ACCESSORIES])" in market zone "The Holler" (pos=<5632.000000, 32.000000, 5392.000000>).
23:25:39.351 [Market] Player "AbyssStryder" (id=KQ9gJ4FxR1CNCGBT69L6SaLGYl8aJAwOMmzAAmOZsSk=) has sold ammo_12gapellets x1 at the trader "WeaponAccessories (Rolf [WEAPON ACCESSORIES])" in market zone "The Holler" (pos=<5632.000000, 32.000000, 5392.000000>) and got 3.
23:25:39.851 [Market] Player "AbyssStryder" (id=KQ9gJ4FxR1CNCGBT69L6SaLGYl8aJAwOMmzAAmOZsSk=) has send a requested to sell ammo_12gapellets x1 at the trader "WeaponAccessories (Rolf [WEAPON ACCESSORIES])" in market zone "The Holler" (pos=<5632.000000, 32.000000, 5392.000000>).
23:25:39.976 [Market] Player "AbyssStryder" (id=KQ9gJ4FxR1CNCGBT69L6SaLGYl8aJAwOMmzAAmOZsSk=) has sold ammo_12gapellets x1 at the trader "WeaponAccessories (Rolf [WEAPON ACCESSORIES])" in market zone "The Holler" (pos=<5632.000000, 32.000000, 5392.000000>) and got 3.
23:25:40.437 [Market] Player "AbyssStryder" (id=KQ9gJ4FxR1CNCGBT69L6SaLGYl8aJAwOMmzAAmOZsSk=) has send a requested to sell ammo_12gapellets x1 at the trader "WeaponAccessories (Rolf [WEAPON ACCESSORIES])" in market zone "The Holler" (pos=<5632.000000, 32.000000, 5392.000000>).
23:25:40.546 [Market] Player "AbyssStryder" (id=KQ9gJ4FxR1CNCGBT69L6SaLGYl8aJAwOMmzAAmOZsSk=) has sold ammo_12gapellets x1 at the trader "WeaponAccessories (Rolf [WEAPON ACCESSORIES])" in market zone "The Holler" (pos=<5632.000000, 32.000000, 5392.000000>) and got 3.
23:25:41.070 [Market] Player "AbyssStryder" (id=KQ9gJ4FxR1CNCGBT69L6SaLGYl8aJAwOMmzAAmOZsSk=) has send a requested to sell ammo_12gapellets x1 at the trader "WeaponAccessories (Rolf [WEAPON ACCESSORIES])" in market zone "The Holler" (pos=<5632.000000, 32.000000, 5392.000000>).
23:25:41.234 [Market] Player "AbyssStryder" (id=KQ9gJ4FxR1CNCGBT69L6SaLGYl8aJAwOMmzAAmOZsSk=) has sold ammo_12gapellets x1 at the trader "WeaponAccessories (Rolf [WEAPON ACCESSORIES])" in market zone "The Holler" (pos=<5632.000000, 32.000000, 5392.000000>) and got 3.
23:25:41.648 [Market] Player "AbyssStryder" (id=KQ9gJ4FxR1CNCGBT69L6SaLGYl8aJAwOMmzAAmOZsSk=) has send a requested to sell ammo_12gapellets x1 at the trader "WeaponAccessories (Rolf [WEAPON ACCESSORIES])" in market zone "The Holler" (pos=<5632.000000, 32.000000, 5392.000000>).
23:25:41.781 [Market] Player "AbyssStryder" (id=KQ9gJ4FxR1CNCGBT69L6SaLGYl8aJAwOMmzAAmOZsSk=) has sold ammo_12gapellets x1 at the trader "WeaponAccessories (Rolf [WEAPON ACCESSORIES])" in market zone "The Holler" (pos=<5632.000000, 32.000000, 5392.000000>) and got 3.
23:25:42.421 [Market] Player "AbyssStryder" (id=KQ9gJ4FxR1CNCGBT69L6SaLGYl8aJAwOMmzAAmOZsSk=) has send a requested to sell ammo_12gapellets x1 at the trader "WeaponAccessories (Rolf [WEAPON ACCESSORIES])" in market zone "The Holler" (pos=<5632.000000, 32.000000, 5392.000000>).
23:25:42.507 [Market] Player "AbyssStryder" (id=KQ9gJ4FxR1CNCGBT69L6SaLGYl8aJAwOMmzAAmOZsSk=) has sold ammo_12gapellets x1 at the trader "WeaponAccessories (Rolf [WEAPON ACCESSORIES])" in market zone "The Holler" (pos=<5632.000000, 32.000000, 5392.000000>) and got 3.
