02:29:45.605 [Party] Player "Golden" (id=8Xp2uj5ZxNF55GgpLiN2OARJVn6kKpJE53oZMkC9IiQ=) joinded the party "G's" (id=49 ownerUID=4LNvemhkvMsn3fCjiyhQQrToOar0_hhH9f302w8wMNY= ownerName=MrGreen530)
02:29:45.613 [Expansion Quests] - InitQuestSystemClient - Loaded existing player quest data for player with UID: 8Xp2uj5ZxNF55GgpLiN2OARJVn6kKpJE53oZMkC9IiQ=
02:29:45.613 [Expansion Quests] - LoadGroupQuestData - Loaded existing group quest data for group with ID: 49
02:29:46.588 [Expansion Quests] - LoadGroupQuestData - Got cached group quest data for group with ID: 49
02:44:51.479 [MissionAirdrop] An airdrop is heading towards "Greenville" (pos=<4658.000000, 0.000000, 1414.000000> type=Random_Greenville) with a ExpansionAirdropContainer_Medical
03:38:01.663 [AI Patrol] Spawning 3 Temple Patrol bots at <422.702454, 47.070000, 879.824463>
03:38:01.760 [AI Patrol] Spawning 3 Temple Patrol bots at <359.001495, 48.364700, 683.247864>
03:38:01.772 [AI Patrol] Spawning 3 Temple Patrol bots at <416.001404, 47.070000, 822.112610>
03:38:03.357 [VehicleEnter] Player Golden [uid=8Xp2uj5ZxNF55GgpLiN2OARJVn6kKpJE53oZMkC9IiQ=] entered vehicle ToyotaHilux rust (id=571B5FFEDE46DD4746241386E05869E6 pos=<3813.163086, 5.659734, 2524.173340>) as driver
03:38:05.999 [VehicleEngine] Player Golden [uid=8Xp2uj5ZxNF55GgpLiN2OARJVn6kKpJE53oZMkC9IiQ=] started vehicle ToyotaHilux rust (id=571B5FFEDE46DD4746241386E05869E6 pos=<3813.162842, 5.659731, 2524.173584>)
03:38:24.672 [VehicleLeave] Player Golden [uid=8Xp2uj5ZxNF55GgpLiN2OARJVn6kKpJE53oZMkC9IiQ=] left vehicle ToyotaHilux rust (id=571B5FFEDE46DD4746241386E05869E6 pos=<3803.440674, 5.586238, 2506.212646>)
03:38:33.192 [VehicleEnter] Player Golden [uid=8Xp2uj5ZxNF55GgpLiN2OARJVn6kKpJE53oZMkC9IiQ=] entered vehicle ToyotaHilux rust (id=571B5FFEDE46DD4746241386E05869E6 pos=<3803.441162, 5.586267, 2506.210693>) as driver
03:38:36.879 [VehicleEngine] Player Golden [uid=8Xp2uj5ZxNF55GgpLiN2OARJVn6kKpJE53oZMkC9IiQ=] started vehicle ToyotaHilux rust (id=571B5FFEDE46DD4746241386E05869E6 pos=<3803.440918, 5.586248, 2506.211670>)
03:42:06.958 [VehicleEngine] Player Golden [uid=8Xp2uj5ZxNF55GgpLiN2OARJVn6kKpJE53oZMkC9IiQ=] stopped vehicle ToyotaHilux rust (id=571B5FFEDE46DD4746241386E05869E6 pos=<5110.710449, 10.001822, 4511.426758>)
03:42:10.117 [VehicleLeave] Player Golden [uid=8Xp2uj5ZxNF55GgpLiN2OARJVn6kKpJE53oZMkC9IiQ=] left vehicle ToyotaHilux rust (id=571B5FFEDE46DD4746241386E05869E6 pos=<5110.709961, 10.001826, 4511.427246>)
03:42:46.179 [VehicleEnter] Player Golden [uid=8Xp2uj5ZxNF55GgpLiN2OARJVn6kKpJE53oZMkC9IiQ=] entered vehicle ToyotaHilux rust (id=571B5FFEDE46DD4746241386E05869E6 pos=<5110.711914, 10.001850, 4511.420410>) as driver
03:42:48.050 [VehicleEngine] Player Golden [uid=8Xp2uj5ZxNF55GgpLiN2OARJVn6kKpJE53oZMkC9IiQ=] started vehicle ToyotaHilux rust (id=571B5FFEDE46DD4746241386E05869E6 pos=<5110.711426, 10.001860, 4511.422363>)
03:44:26.349 [Safezone] Player "Golden" (id=8Xp2uj5ZxNF55GgpLiN2OARJVn6kKpJE53oZMkC9IiQ= pos=<5662.708496, 33.469269, 5266.934082>) Entered the safezone
03:44:59.965 [VehicleEngine] Player Golden [uid=8Xp2uj5ZxNF55GgpLiN2OARJVn6kKpJE53oZMkC9IiQ=] stopped vehicle ToyotaHilux rust (id=571B5FFEDE46DD4746241386E05869E6 pos=<5600.051270, 28.714760, 5392.434570>)
03:45:03.172 [VehicleLeave] Player Golden [uid=8Xp2uj5ZxNF55GgpLiN2OARJVn6kKpJE53oZMkC9IiQ=] left vehicle ToyotaHilux rust (id=571B5FFEDE46DD4746241386E05869E6 pos=<5600.049805, 28.714746, 5392.436523>)
03:45:37.155 [Market] Player "Golden" (id=8Xp2uj5ZxNF55GgpLiN2OARJVn6kKpJE53oZMkC9IiQ=) has send a requested to sell cp_cannabisbrickblackfrost x20 at the trader "Weed (Naomi [WEED])" in market zone "The Holler" (pos=<5632.000000, 32.000000, 5392.000000>).
03:45:37.314 [Market] Player "Golden" (id=8Xp2uj5ZxNF55GgpLiN2OARJVn6kKpJE53oZMkC9IiQ=) has sold cp_cannabisbrickblackfrost x20 at the trader "Weed (Naomi [WEED])" in market zone "The Holler" (pos=<5632.000000, 32.000000, 5392.000000>) and got 1080000.
03:46:29.721 [Market] Player "Golden" (id=8Xp2uj5ZxNF55GgpLiN2OARJVn6kKpJE53oZMkC9IiQ=) has send a requested to sell collectable_pokemoncard_shinymewtwo x1 at the trader "Collectibles (Quinn [COLLECTIBLE TRADER])" in market zone "The Holler" (pos=<5632.000000, 32.000000, 5392.000000>).
03:46:29.849 [Market] Player "Golden" (id=8Xp2uj5ZxNF55GgpLiN2OARJVn6kKpJE53oZMkC9IiQ=) has sold collectable_pokemoncard_shinymewtwo x1 at the trader "Collectibles (Quinn [COLLECTIBLE TRADER])" in market zone "The Holler" (pos=<5632.000000, 32.000000, 5392.000000>) and got 1500.
03:46:30.727 [Market] Player "Golden" (id=8Xp2uj5ZxNF55GgpLiN2OARJVn6kKpJE53oZMkC9IiQ=) has send a requested to sell collectable_pokemoncard_trader x1 at the trader "Collectibles (Quinn [COLLECTIBLE TRADER])" in market zone "The Holler" (pos=<5632.000000, 32.000000, 5392.000000>).
03:46:30.876 [Market] Player "Golden" (id=8Xp2uj5ZxNF55GgpLiN2OARJVn6kKpJE53oZMkC9IiQ=) has sold collectable_pokemoncard_trader x1 at the trader "Collectibles (Quinn [COLLECTIBLE TRADER])" in market zone "The Holler" (pos=<5632.000000, 32.000000, 5392.000000>) and got 375.
03:46:40.241 [ATM] Player "Golden" (id=8Xp2uj5ZxNF55GgpLiN2OARJVn6kKpJE53oZMkC9IiQ=) has deposited 1081875 on his ATM account.
03:54:07.092 [ATM] Player "Golden" (id=8Xp2uj5ZxNF55GgpLiN2OARJVn6kKpJE53oZMkC9IiQ=) has withdrawn 300000 from his ATM account.
03:54:31.309 [Market] Player "Golden" (id=8Xp2uj5ZxNF55GgpLiN2OARJVn6kKpJE53oZMkC9IiQ=) has send a requested to purchase bmw_rust x1 from the trader "Vehicles (Lewis [VEHICLES])" in market zone "The Holler" (pos=<5632.000000, 32.000000, 5392.000000>).
03:54:31.444 [VehicleDeleted] BMW_rust (id=B8B20DE34348861BE298D3AA65750E46 pos=<0.001587, 0.449702, 0.046779>)
03:54:31.450 [Market] Player "Golden" (id=8Xp2uj5ZxNF55GgpLiN2OARJVn6kKpJE53oZMkC9IiQ=) has bought bmw_rust x1 from the trader "Vehicles (Lewis [VEHICLES])" in market zone "The Holler" (pos=<5632.000000, 32.000000, 5392.000000>) for a price of 250300.
03:54:58.253 [VehicleCarKey] Player "Golden" (id=8Xp2uj5ZxNF55GgpLiN2OARJVn6kKpJE53oZMkC9IiQ= pos=<5599.837402, 28.722498, 5356.551758>) used the  ExpansionCarKey to unlock BMW_rust (id=094A83D5D448FB67B9B889A8724F8032 pos=<5601.258301, 28.629681, 5358.000000>)
03:56:02.719 [VehicleEnter] Player Golden [uid=8Xp2uj5ZxNF55GgpLiN2OARJVn6kKpJE53oZMkC9IiQ=] entered vehicle BMW (rust) (id=094A83D5D448FB67B9B889A8724F8032 pos=<5601.258301, 28.629747, 5358.000000>) as driver
03:56:05.124 [VehicleEngine] Player Golden [uid=8Xp2uj5ZxNF55GgpLiN2OARJVn6kKpJE53oZMkC9IiQ=] started vehicle BMW (rust) (id=094A83D5D448FB67B9B889A8724F8032 pos=<5601.258301, 28.629730, 5358.000000>)
03:56:54.871 [VehicleEngine] Player Golden [uid=8Xp2uj5ZxNF55GgpLiN2OARJVn6kKpJE53oZMkC9IiQ=] stopped vehicle BMW (rust) (id=094A83D5D448FB67B9B889A8724F8032 pos=<5604.876465, 28.660194, 5355.569824>)
03:56:58.213 [VehicleLeave] Player Golden [uid=8Xp2uj5ZxNF55GgpLiN2OARJVn6kKpJE53oZMkC9IiQ=] left vehicle BMW (rust) (id=094A83D5D448FB67B9B889A8724F8032 pos=<5604.873535, 28.660164, 5355.569824>)
03:57:25.968 [Market] Player "Golden" (id=8Xp2uj5ZxNF55GgpLiN2OARJVn6kKpJE53oZMkC9IiQ=) has send a requested to purchase bmw_x5_wheel_black x1 from the trader "Vehicles (Lewis [VEHICLES])" in market zone "The Holler" (pos=<5632.000000, 32.000000, 5392.000000>).
03:57:26.069 [Market] Player "Golden" (id=8Xp2uj5ZxNF55GgpLiN2OARJVn6kKpJE53oZMkC9IiQ=) has bought bmw_x5_wheel_black x1 from the trader "Vehicles (Lewis [VEHICLES])" in market zone "The Holler" (pos=<5632.000000, 32.000000, 5392.000000>) for a price of 500.
03:57:26.624 [Market] Player "Golden" (id=8Xp2uj5ZxNF55GgpLiN2OARJVn6kKpJE53oZMkC9IiQ=) has send a requested to purchase bmw_x5_wheel_black x1 from the trader "Vehicles (Lewis [VEHICLES])" in market zone "The Holler" (pos=<5632.000000, 32.000000, 5392.000000>).
03:57:26.778 [Market] Player "Golden" (id=8Xp2uj5ZxNF55GgpLiN2OARJVn6kKpJE53oZMkC9IiQ=) has bought bmw_x5_wheel_black x1 from the trader "Vehicles (Lewis [VEHICLES])" in market zone "The Holler" (pos=<5632.000000, 32.000000, 5392.000000>) for a price of 500.
03:57:27.454 [Market] Player "Golden" (id=8Xp2uj5ZxNF55GgpLiN2OARJVn6kKpJE53oZMkC9IiQ=) has send a requested to purchase bmw_x5_wheel_black x1 from the trader "Vehicles (Lewis [VEHICLES])" in market zone "The Holler" (pos=<5632.000000, 32.000000, 5392.000000>).
03:57:27.608 [Market] Player "Golden" (id=8Xp2uj5ZxNF55GgpLiN2OARJVn6kKpJE53oZMkC9IiQ=) has bought bmw_x5_wheel_black x1 from the trader "Vehicles (Lewis [VEHICLES])" in market zone "The Holler" (pos=<5632.000000, 32.000000, 5392.000000>) for a price of 500.
03:57:28.310 [Market] Player "Golden" (id=8Xp2uj5ZxNF55GgpLiN2OARJVn6kKpJE53oZMkC9IiQ=) has send a requested to purchase bmw_x5_wheel_black x1 from the trader "Vehicles (Lewis [VEHICLES])" in market zone "The Holler" (pos=<5632.000000, 32.000000, 5392.000000>).
03:57:28.458 [Market] Player "Golden" (id=8Xp2uj5ZxNF55GgpLiN2OARJVn6kKpJE53oZMkC9IiQ=) has bought bmw_x5_wheel_black x1 from the trader "Vehicles (Lewis [VEHICLES])" in market zone "The Holler" (pos=<5632.000000, 32.000000, 5392.000000>) for a price of 500.
03:57:55.518 [VehicleAttachments] Player Golden (uid=8Xp2uj5ZxNF55GgpLiN2OARJVn6kKpJE53oZMkC9IiQ=) detached BMW Wheel (type=BMW_Wheel) from vehicle BMW (rust)(id=094A83D5D448FB67B9B889A8724F8032 pos=<5604.873047, 28.660128, 5355.569824>)
03:58:03.141 [VehicleAttachments] Player Golden (uid=8Xp2uj5ZxNF55GgpLiN2OARJVn6kKpJE53oZMkC9IiQ=) detached BMW Wheel (type=BMW_Wheel) from vehicle BMW (rust)(id=094A83D5D448FB67B9B889A8724F8032 pos=<5604.876465, 28.597050, 5355.557617>)
03:58:09.798 [VehicleAttachments] Player Golden (uid=8Xp2uj5ZxNF55GgpLiN2OARJVn6kKpJE53oZMkC9IiQ=) detached BMW Wheel (type=BMW_Wheel) from vehicle BMW (rust)(id=094A83D5D448FB67B9B889A8724F8032 pos=<5604.863281, 28.580349, 5355.558594>)
03:58:17.221 [VehicleAttachments] Player Golden (uid=8Xp2uj5ZxNF55GgpLiN2OARJVn6kKpJE53oZMkC9IiQ=) detached BMW Wheel (type=BMW_Wheel) from vehicle BMW (rust)(id=094A83D5D448FB67B9B889A8724F8032 pos=<5604.873535, 28.502583, 5355.583984>)
03:59:04.805 [Market] Player "Golden" (id=8Xp2uj5ZxNF55GgpLiN2OARJVn6kKpJE53oZMkC9IiQ=) has send a requested to sell bmw_x5_wheel_black x1 at the trader "Vehicles (Lewis [VEHICLES])" in market zone "The Holler" (pos=<5632.000000, 32.000000, 5392.000000>).
03:59:04.926 [Market] Player "Golden" (id=8Xp2uj5ZxNF55GgpLiN2OARJVn6kKpJE53oZMkC9IiQ=) has sold bmw_x5_wheel_black x1 at the trader "Vehicles (Lewis [VEHICLES])" in market zone "The Holler" (pos=<5632.000000, 32.000000, 5392.000000>) and got 375.
03:59:08.128 [Market] Player "Golden" (id=8Xp2uj5ZxNF55GgpLiN2OARJVn6kKpJE53oZMkC9IiQ=) has send a requested to sell bmw_x5_wheel_black x1 at the trader "Vehicles (Lewis [VEHICLES])" in market zone "The Holler" (pos=<5632.000000, 32.000000, 5392.000000>).
03:59:08.228 [Market] Player "Golden" (id=8Xp2uj5ZxNF55GgpLiN2OARJVn6kKpJE53oZMkC9IiQ=) has sold bmw_x5_wheel_black x1 at the trader "Vehicles (Lewis [VEHICLES])" in market zone "The Holler" (pos=<5632.000000, 32.000000, 5392.000000>) and got 375.
04:00:58.754 [Market] Player "Golden" (id=8Xp2uj5ZxNF55GgpLiN2OARJVn6kKpJE53oZMkC9IiQ=) has send a requested to sell bmw_x5_wheel_black x1 at the trader "Vehicles (Lewis [VEHICLES])" in market zone "The Holler" (pos=<5632.000000, 32.000000, 5392.000000>).
04:00:58.905 [Market] Player "Golden" (id=8Xp2uj5ZxNF55GgpLiN2OARJVn6kKpJE53oZMkC9IiQ=) has sold bmw_x5_wheel_black x1 at the trader "Vehicles (Lewis [VEHICLES])" in market zone "The Holler" (pos=<5632.000000, 32.000000, 5392.000000>) and got 375.
04:00:59.473 [Market] Player "Golden" (id=8Xp2uj5ZxNF55GgpLiN2OARJVn6kKpJE53oZMkC9IiQ=) has send a requested to sell bmw_x5_wheel_black x1 at the trader "Vehicles (Lewis [VEHICLES])" in market zone "The Holler" (pos=<5632.000000, 32.000000, 5392.000000>).
04:00:59.603 [Market] Player "Golden" (id=8Xp2uj5ZxNF55GgpLiN2OARJVn6kKpJE53oZMkC9IiQ=) has sold bmw_x5_wheel_black x1 at the trader "Vehicles (Lewis [VEHICLES])" in market zone "The Holler" (pos=<5632.000000, 32.000000, 5392.000000>) and got 375.
04:02:35.205 [Market] Player "Golden" (id=8Xp2uj5ZxNF55GgpLiN2OARJVn6kKpJE53oZMkC9IiQ=) has send a requested to purchase portablegaslamp x1 from the trader "BuildingSupplies (Indar [BUILDINGS])" in market zone "The Holler" (pos=<5632.000000, 32.000000, 5392.000000>).
04:02:35.354 [Market] Player "Golden" (id=8Xp2uj5ZxNF55GgpLiN2OARJVn6kKpJE53oZMkC9IiQ=) has bought portablegaslamp x1 from the trader "BuildingSupplies (Indar [BUILDINGS])" in market zone "The Holler" (pos=<5632.000000, 32.000000, 5392.000000>) for a price of 125.
04:02:36.205 [Market] Player "Golden" (id=8Xp2uj5ZxNF55GgpLiN2OARJVn6kKpJE53oZMkC9IiQ=) has send a requested to purchase portablegaslamp x1 from the trader "BuildingSupplies (Indar [BUILDINGS])" in market zone "The Holler" (pos=<5632.000000, 32.000000, 5392.000000>).
04:02:36.354 [Market] Player "Golden" (id=8Xp2uj5ZxNF55GgpLiN2OARJVn6kKpJE53oZMkC9IiQ=) has bought portablegaslamp x1 from the trader "BuildingSupplies (Indar [BUILDINGS])" in market zone "The Holler" (pos=<5632.000000, 32.000000, 5392.000000>) for a price of 125.
04:02:49.251 [Market] Player "Golden" (id=8Xp2uj5ZxNF55GgpLiN2OARJVn6kKpJE53oZMkC9IiQ=) has send a requested to purchase largegascanister x1 from the trader "BuildingSupplies (Indar [BUILDINGS])" in market zone "The Holler" (pos=<5632.000000, 32.000000, 5392.000000>).
04:02:49.400 [Market] Player "Golden" (id=8Xp2uj5ZxNF55GgpLiN2OARJVn6kKpJE53oZMkC9IiQ=) has bought largegascanister x1 from the trader "BuildingSupplies (Indar [BUILDINGS])" in market zone "The Holler" (pos=<5632.000000, 32.000000, 5392.000000>) for a price of 200.
04:02:50.051 [Market] Player "Golden" (id=8Xp2uj5ZxNF55GgpLiN2OARJVn6kKpJE53oZMkC9IiQ=) has send a requested to purchase largegascanister x1 from the trader "BuildingSupplies (Indar [BUILDINGS])" in market zone "The Holler" (pos=<5632.000000, 32.000000, 5392.000000>).
04:02:50.204 [Market] Player "Golden" (id=8Xp2uj5ZxNF55GgpLiN2OARJVn6kKpJE53oZMkC9IiQ=) has bought largegascanister x1 from the trader "BuildingSupplies (Indar [BUILDINGS])" in market zone "The Holler" (pos=<5632.000000, 32.000000, 5392.000000>) for a price of 200.
04:02:50.887 [Market] Player "Golden" (id=8Xp2uj5ZxNF55GgpLiN2OARJVn6kKpJE53oZMkC9IiQ=) has send a requested to purchase largegascanister x1 from the trader "BuildingSupplies (Indar [BUILDINGS])" in market zone "The Holler" (pos=<5632.000000, 32.000000, 5392.000000>).
04:02:51.020 [Market] Player "Golden" (id=8Xp2uj5ZxNF55GgpLiN2OARJVn6kKpJE53oZMkC9IiQ=) has bought largegascanister x1 from the trader "BuildingSupplies (Indar [BUILDINGS])" in market zone "The Holler" (pos=<5632.000000, 32.000000, 5392.000000>) for a price of 200.
04:02:51.734 [Market] Player "Golden" (id=8Xp2uj5ZxNF55GgpLiN2OARJVn6kKpJE53oZMkC9IiQ=) has send a requested to purchase largegascanister x1 from the trader "BuildingSupplies (Indar [BUILDINGS])" in market zone "The Holler" (pos=<5632.000000, 32.000000, 5392.000000>).
04:02:51.889 [Market] Player "Golden" (id=8Xp2uj5ZxNF55GgpLiN2OARJVn6kKpJE53oZMkC9IiQ=) has bought largegascanister x1 from the trader "BuildingSupplies (Indar [BUILDINGS])" in market zone "The Holler" (pos=<5632.000000, 32.000000, 5392.000000>) for a price of 200.
04:03:23.398 [ATM] Player "Golden" (id=8Xp2uj5ZxNF55GgpLiN2OARJVn6kKpJE53oZMkC9IiQ=) has deposited 48150 on his ATM account.
04:03:44.836 [ATM] Player "Golden" (id=8Xp2uj5ZxNF55GgpLiN2OARJVn6kKpJE53oZMkC9IiQ=) has withdrawn 50000 from his ATM account.
04:05:32.031 [Party] Player "Golden" (id=8Xp2uj5ZxNF55GgpLiN2OARJVn6kKpJE53oZMkC9IiQ=) left the party "G's" (id=49 ownerUID=4LNvemhkvMsn3fCjiyhQQrToOar0_hhH9f302w8wMNY= ownerName=MrGreen530)
04:09:24.786 [Safezone] Player "Golden" (id=8Xp2uj5ZxNF55GgpLiN2OARJVn6kKpJE53oZMkC9IiQ= pos=<5599.896973, 28.722498, 5357.736816>) Entered the safezone
04:09:24.788 [Party] Player "Golden" (id=8Xp2uj5ZxNF55GgpLiN2OARJVn6kKpJE53oZMkC9IiQ=) joinded the party "G's" (id=49 ownerUID=4LNvemhkvMsn3fCjiyhQQrToOar0_hhH9f302w8wMNY= ownerName=MrGreen530)
04:09:24.791 [Expansion Quests] - InitQuestSystemClient - Loaded existing player quest data for player with UID: 8Xp2uj5ZxNF55GgpLiN2OARJVn6kKpJE53oZMkC9IiQ=
04:09:24.791 [Expansion Quests] - LoadGroupQuestData - Got cached group quest data for group with ID: 49
04:09:25.765 [Expansion Quests] - LoadGroupQuestData - Got cached group quest data for group with ID: 49
04:10:06.285 [VehicleEnter] Player Golden [uid=8Xp2uj5ZxNF55GgpLiN2OARJVn6kKpJE53oZMkC9IiQ=] entered vehicle BMW (rust) (id=094A83D5D448FB67B9B889A8724F8032 pos=<5604.835938, 28.659658, 5355.592285>) as driver
04:10:08.652 [VehicleEngine] Player Golden [uid=8Xp2uj5ZxNF55GgpLiN2OARJVn6kKpJE53oZMkC9IiQ=] started vehicle BMW (rust) (id=094A83D5D448FB67B9B889A8724F8032 pos=<5604.832520, 28.659594, 5355.592285>)
04:10:52.732 [VehicleEngine] Player Golden [uid=8Xp2uj5ZxNF55GgpLiN2OARJVn6kKpJE53oZMkC9IiQ=] stopped vehicle BMW (rust) (id=094A83D5D448FB67B9B889A8724F8032 pos=<5613.676758, 28.640591, 5359.237793>)
04:10:57.222 [VehicleLeave] Player Golden [uid=8Xp2uj5ZxNF55GgpLiN2OARJVn6kKpJE53oZMkC9IiQ=] left vehicle BMW (rust) (id=094A83D5D448FB67B9B889A8724F8032 pos=<5613.676758, 28.640587, 5359.237793>)
04:11:02.626 [VehicleCarKey] Player "Golden" (id=8Xp2uj5ZxNF55GgpLiN2OARJVn6kKpJE53oZMkC9IiQ= pos=<5612.589844, 28.738398, 5360.448730>) used the  ExpansionCarKey to lock BMW_rust (id=094A83D5D448FB67B9B889A8724F8032 pos=<5613.676758, 28.640593, 5359.237793>)
04:12:43.862 [VehicleCarKey] Player "Golden" (id=8Xp2uj5ZxNF55GgpLiN2OARJVn6kKpJE53oZMkC9IiQ= pos=<5601.510742, 28.722479, 5391.540527>) used the  ExpansionCarKey to lock ToyotaHilux_rust (id=571B5FFEDE46DD4746241386E05869E6 pos=<5600.048340, 28.714741, 5392.438477>)
04:13:21.019 [Market] Player "Golden" (id=8Xp2uj5ZxNF55GgpLiN2OARJVn6kKpJE53oZMkC9IiQ=) has send a requested to purchase expansioncarkey x1 from the trader "Vehicles (Lewis [VEHICLES])" in market zone "The Holler" (pos=<5632.000000, 32.000000, 5392.000000>).
04:13:21.149 [Market] Player "Golden" (id=8Xp2uj5ZxNF55GgpLiN2OARJVn6kKpJE53oZMkC9IiQ=) has bought expansioncarkey x1 from the trader "Vehicles (Lewis [VEHICLES])" in market zone "The Holler" (pos=<5632.000000, 32.000000, 5392.000000>) for a price of 500.
04:13:21.835 [Market] Player "Golden" (id=8Xp2uj5ZxNF55GgpLiN2OARJVn6kKpJE53oZMkC9IiQ=) has send a requested to purchase expansioncarkey x1 from the trader "Vehicles (Lewis [VEHICLES])" in market zone "The Holler" (pos=<5632.000000, 32.000000, 5392.000000>).
04:13:21.970 [Market] Player "Golden" (id=8Xp2uj5ZxNF55GgpLiN2OARJVn6kKpJE53oZMkC9IiQ=) has bought expansioncarkey x1 from the trader "Vehicles (Lewis [VEHICLES])" in market zone "The Holler" (pos=<5632.000000, 32.000000, 5392.000000>) for a price of 500.
04:13:23.753 [Market] Player "Golden" (id=8Xp2uj5ZxNF55GgpLiN2OARJVn6kKpJE53oZMkC9IiQ=) has send a requested to purchase expansioncarkey x1 from the trader "Vehicles (Lewis [VEHICLES])" in market zone "The Holler" (pos=<5632.000000, 32.000000, 5392.000000>).
04:13:23.853 [Market] Player "Golden" (id=8Xp2uj5ZxNF55GgpLiN2OARJVn6kKpJE53oZMkC9IiQ=) has bought expansioncarkey x1 from the trader "Vehicles (Lewis [VEHICLES])" in market zone "The Holler" (pos=<5632.000000, 32.000000, 5392.000000>) for a price of 500.
04:17:44.085 [ATM] Player "Golden" (id=8Xp2uj5ZxNF55GgpLiN2OARJVn6kKpJE53oZMkC9IiQ=) has deposited 48500 on his ATM account.
04:17:59.154 [VehicleCarKey] Player "Golden" (id=8Xp2uj5ZxNF55GgpLiN2OARJVn6kKpJE53oZMkC9IiQ= pos=<5601.005371, 28.722498, 5390.702148>) used the  ExpansionCarKey to unlock ToyotaHilux_rust (id=571B5FFEDE46DD4746241386E05869E6 pos=<5600.048340, 28.714741, 5392.438477>)
04:18:03.801 [VehicleEnter] Player Golden [uid=8Xp2uj5ZxNF55GgpLiN2OARJVn6kKpJE53oZMkC9IiQ=] entered vehicle ToyotaHilux rust (id=571B5FFEDE46DD4746241386E05869E6 pos=<5600.049316, 28.714756, 5392.438477>) as driver
04:18:07.341 [VehicleEngine] Player Golden [uid=8Xp2uj5ZxNF55GgpLiN2OARJVn6kKpJE53oZMkC9IiQ=] started vehicle ToyotaHilux rust (Locked) (id=571B5FFEDE46DD4746241386E05869E6 pos=<5600.047363, 28.714739, 5392.440430>)
04:18:47.236 [VehicleEngine] Player Golden [uid=8Xp2uj5ZxNF55GgpLiN2OARJVn6kKpJE53oZMkC9IiQ=] stopped vehicle ToyotaHilux rust (Locked) (id=571B5FFEDE46DD4746241386E05869E6 pos=<5643.515137, 28.718935, 5347.110352>)
04:19:01.645 [VehicleLeave] Player Golden [uid=8Xp2uj5ZxNF55GgpLiN2OARJVn6kKpJE53oZMkC9IiQ=] left vehicle ToyotaHilux rust (id=571B5FFEDE46DD4746241386E05869E6 pos=<5643.515137, 28.718969, 5347.108398>)
04:19:12.504 [VehicleCarKey] Player "Golden" (id=8Xp2uj5ZxNF55GgpLiN2OARJVn6kKpJE53oZMkC9IiQ= pos=<5643.596680, 28.734409, 5345.416504>) used the  ExpansionCarKey to lock ToyotaHilux_rust (id=571B5FFEDE46DD4746241386E05869E6 pos=<5643.515137, 28.718971, 5347.107422>)
04:20:14.671 [Party] Player "Golden" (id=8Xp2uj5ZxNF55GgpLiN2OARJVn6kKpJE53oZMkC9IiQ=) left the party "G's" (id=49 ownerUID=4LNvemhkvMsn3fCjiyhQQrToOar0_hhH9f302w8wMNY= ownerName=MrGreen530)
