06:47:49.294 [Party] Player "TomInTheNorth" (id=qD1dO4Xthw_yK-reAyR_a51VmE_30ATNiMf9gwL8oGM=) joinded the party "DIEHARD" (id=32 ownerUID=JmVdSu0kzNbOpwjpFV-MDcMB-Equ3yPY-l-COMb6HgY= ownerName=Nick Leadbeatter)
07:02:55.751 [MissionAirdrop] An airdrop is heading towards "Greenville" (pos=<4658.000000, 0.000000, 1414.000000> type=Random_Greenville) with a ExpansionAirdropContainer_Military
07:23:03.478 [Party] Player "TomInTheNorth" (id=qD1dO4Xthw_yK-reAyR_a51VmE_30ATNiMf9gwL8oGM=) left the party "DIEHARD" (id=32 ownerUID=JmVdSu0kzNbOpwjpFV-MDcMB-Equ3yPY-l-COMb6HgY= ownerName=Nick Leadbeatter)
07:42:52.212 [Party] Player "TomInTheNorth" (id=qD1dO4Xthw_yK-reAyR_a51VmE_30ATNiMf9gwL8oGM=) joinded the party "DIEHARD" (id=32 ownerUID=JmVdSu0kzNbOpwjpFV-MDcMB-Equ3yPY-l-COMb6HgY= ownerName=Nick Leadbeatter)
08:13:37.121 [Party] Player "TomInTheNorth" (id=qD1dO4Xthw_yK-reAyR_a51VmE_30ATNiMf9gwL8oGM=) left the party "DIEHARD" (id=32 ownerUID=JmVdSu0kzNbOpwjpFV-MDcMB-Equ3yPY-l-COMb6HgY= ownerName=Nick Leadbeatter)
08:35:38.015 [AI Patrol] Spawning 3 Power Plant Patrol bots at <4582.500488, 20.430000, 7020.879395>
09:05:49.203 [Safezone] Player "[NBY2] grenfell" (id=vnjWBbRwLkW1bumrD-dNL7nkbY0k6-v-jypFGiunjXE= pos=<5495.337402, 33.904579, 5367.732422>) Entered the safezone
09:07:21.855 [Market] Player "[NBY2] grenfell" (id=vnjWBbRwLkW1bumrD-dNL7nkbY0k6-v-jypFGiunjXE=) has send a requested to sell twp_sigsauerp250wingshot x1 at the trader "Weapons (Oliver [WEAPONS])" in market zone "The Holler" (pos=<5632.000000, 32.000000, 5392.000000>).
09:07:22.039 [Market] Player "[NBY2] grenfell" (id=vnjWBbRwLkW1bumrD-dNL7nkbY0k6-v-jypFGiunjXE=) has sold twp_sigsauerp250wingshot x1 at the trader "Weapons (Oliver [WEAPONS])" in market zone "The Holler" (pos=<5632.000000, 32.000000, 5392.000000>) and got 131.
09:07:33.023 [Market] Player "[NBY2] grenfell" (id=vnjWBbRwLkW1bumrD-dNL7nkbY0k6-v-jypFGiunjXE=) has send a requested to sell mp133shotgun x1 at the trader "Weapons (Oliver [WEAPONS])" in market zone "The Holler" (pos=<5632.000000, 32.000000, 5392.000000>).
09:07:33.218 [Market] Player "[NBY2] grenfell" (id=vnjWBbRwLkW1bumrD-dNL7nkbY0k6-v-jypFGiunjXE=) has sold mp133shotgun x1 at the trader "Weapons (Oliver [WEAPONS])" in market zone "The Holler" (pos=<5632.000000, 32.000000, 5392.000000>) and got 843.
09:08:22.726 [Market] Player "[NBY2] grenfell" (id=vnjWBbRwLkW1bumrD-dNL7nkbY0k6-v-jypFGiunjXE=) has send a requested to sell twp_sst30silenced x1 at the trader "Weapons (Oliver [WEAPONS])" in market zone "The Holler" (pos=<5632.000000, 32.000000, 5392.000000>).
09:08:22.910 [Market] Player "[NBY2] grenfell" (id=vnjWBbRwLkW1bumrD-dNL7nkbY0k6-v-jypFGiunjXE=) has sold twp_sst30silenced x1 at the trader "Weapons (Oliver [WEAPONS])" in market zone "The Holler" (pos=<5632.000000, 32.000000, 5392.000000>) and got 1425.
09:09:21.562 [Market] Player "[NBY2] grenfell" (id=vnjWBbRwLkW1bumrD-dNL7nkbY0k6-v-jypFGiunjXE=) has send a requested to sell expansion_mp5 x1 at the trader "Weapons (Oliver [WEAPONS])" in market zone "The Holler" (pos=<5632.000000, 32.000000, 5392.000000>).
09:09:21.753 [Market] Player "[NBY2] grenfell" (id=vnjWBbRwLkW1bumrD-dNL7nkbY0k6-v-jypFGiunjXE=) has sold expansion_mp5 x1 at the trader "Weapons (Oliver [WEAPONS])" in market zone "The Holler" (pos=<5632.000000, 32.000000, 5392.000000>) and got 393.
09:09:23.441 [Market] Player "[NBY2] grenfell" (id=vnjWBbRwLkW1bumrD-dNL7nkbY0k6-v-jypFGiunjXE=) has send a requested to sell expansion_mp5 x1 at the trader "Weapons (Oliver [WEAPONS])" in market zone "The Holler" (pos=<5632.000000, 32.000000, 5392.000000>).
09:09:23.593 [Market] Player "[NBY2] grenfell" (id=vnjWBbRwLkW1bumrD-dNL7nkbY0k6-v-jypFGiunjXE=) has sold expansion_mp5 x1 at the trader "Weapons (Oliver [WEAPONS])" in market zone "The Holler" (pos=<5632.000000, 32.000000, 5392.000000>) and got 393.
09:09:25.410 [Market] Player "[NBY2] grenfell" (id=vnjWBbRwLkW1bumrD-dNL7nkbY0k6-v-jypFGiunjXE=) has send a requested to sell expansion_mp7 x1 at the trader "Weapons (Oliver [WEAPONS])" in market zone "The Holler" (pos=<5632.000000, 32.000000, 5392.000000>).
09:09:25.601 [Market] Player "[NBY2] grenfell" (id=vnjWBbRwLkW1bumrD-dNL7nkbY0k6-v-jypFGiunjXE=) has sold expansion_mp7 x1 at the trader "Weapons (Oliver [WEAPONS])" in market zone "The Holler" (pos=<5632.000000, 32.000000, 5392.000000>) and got 3150.
09:09:29.949 [Market] Player "[NBY2] grenfell" (id=vnjWBbRwLkW1bumrD-dNL7nkbY0k6-v-jypFGiunjXE=) has send a requested to sell expansion_mp7 x1 at the trader "Weapons (Oliver [WEAPONS])" in market zone "The Holler" (pos=<5632.000000, 32.000000, 5392.000000>).
09:09:30.144 [Market] Player "[NBY2] grenfell" (id=vnjWBbRwLkW1bumrD-dNL7nkbY0k6-v-jypFGiunjXE=) has sold expansion_mp7 x1 at the trader "Weapons (Oliver [WEAPONS])" in market zone "The Holler" (pos=<5632.000000, 32.000000, 5392.000000>) and got 787.
09:09:33.699 [Market] Player "[NBY2] grenfell" (id=vnjWBbRwLkW1bumrD-dNL7nkbY0k6-v-jypFGiunjXE=) has send a requested to sell expansion_mpx x1 at the trader "Weapons (Oliver [WEAPONS])" in market zone "The Holler" (pos=<5632.000000, 32.000000, 5392.000000>).
09:09:33.890 [Market] Player "[NBY2] grenfell" (id=vnjWBbRwLkW1bumrD-dNL7nkbY0k6-v-jypFGiunjXE=) has sold expansion_mpx x1 at the trader "Weapons (Oliver [WEAPONS])" in market zone "The Holler" (pos=<5632.000000, 32.000000, 5392.000000>) and got 1425.
09:09:35.000 [Market] Player "[NBY2] grenfell" (id=vnjWBbRwLkW1bumrD-dNL7nkbY0k6-v-jypFGiunjXE=) has send a requested to sell expansion_vityazsn x1 at the trader "Weapons (Oliver [WEAPONS])" in market zone "The Holler" (pos=<5632.000000, 32.000000, 5392.000000>).
09:09:35.195 [Market] Player "[NBY2] grenfell" (id=vnjWBbRwLkW1bumrD-dNL7nkbY0k6-v-jypFGiunjXE=) has sold expansion_vityazsn x1 at the trader "Weapons (Oliver [WEAPONS])" in market zone "The Holler" (pos=<5632.000000, 32.000000, 5392.000000>) and got 478.
09:09:38.750 [Market] Player "[NBY2] grenfell" (id=vnjWBbRwLkW1bumrD-dNL7nkbY0k6-v-jypFGiunjXE=) has send a requested to sell expansion_vityazsn x1 at the trader "Weapons (Oliver [WEAPONS])" in market zone "The Holler" (pos=<5632.000000, 32.000000, 5392.000000>).
09:09:38.945 [Market] Player "[NBY2] grenfell" (id=vnjWBbRwLkW1bumrD-dNL7nkbY0k6-v-jypFGiunjXE=) has sold expansion_vityazsn x1 at the trader "Weapons (Oliver [WEAPONS])" in market zone "The Holler" (pos=<5632.000000, 32.000000, 5392.000000>) and got 1434.
09:09:49.398 [Market] Player "[NBY2] grenfell" (id=vnjWBbRwLkW1bumrD-dNL7nkbY0k6-v-jypFGiunjXE=) has send a requested to sell mag_expansion_awm_5rnd x1 at the trader "Weapons (Oliver [WEAPONS])" in market zone "The Holler" (pos=<5632.000000, 32.000000, 5392.000000>).
09:09:49.554 [Market] Player "[NBY2] grenfell" (id=vnjWBbRwLkW1bumrD-dNL7nkbY0k6-v-jypFGiunjXE=) has sold mag_expansion_awm_5rnd x1 at the trader "Weapons (Oliver [WEAPONS])" in market zone "The Holler" (pos=<5632.000000, 32.000000, 5392.000000>) and got 378.
09:09:54.464 [Market] Player "[NBY2] grenfell" (id=vnjWBbRwLkW1bumrD-dNL7nkbY0k6-v-jypFGiunjXE=) has send a requested to sell mag_mp5_30rnd x1 at the trader "Weapons (Oliver [WEAPONS])" in market zone "The Holler" (pos=<5632.000000, 32.000000, 5392.000000>).
09:09:54.617 [Market] Player "[NBY2] grenfell" (id=vnjWBbRwLkW1bumrD-dNL7nkbY0k6-v-jypFGiunjXE=) has sold mag_mp5_30rnd x1 at the trader "Weapons (Oliver [WEAPONS])" in market zone "The Holler" (pos=<5632.000000, 32.000000, 5392.000000>) and got 89.
09:09:55.644 [Market] Player "[NBY2] grenfell" (id=vnjWBbRwLkW1bumrD-dNL7nkbY0k6-v-jypFGiunjXE=) has send a requested to sell mag_expansion_mp7_40rnd x1 at the trader "Weapons (Oliver [WEAPONS])" in market zone "The Holler" (pos=<5632.000000, 32.000000, 5392.000000>).
09:09:55.835 [Market] Player "[NBY2] grenfell" (id=vnjWBbRwLkW1bumrD-dNL7nkbY0k6-v-jypFGiunjXE=) has sold mag_expansion_mp7_40rnd x1 at the trader "Weapons (Oliver [WEAPONS])" in market zone "The Holler" (pos=<5632.000000, 32.000000, 5392.000000>) and got 100.
09:09:56.941 [Market] Player "[NBY2] grenfell" (id=vnjWBbRwLkW1bumrD-dNL7nkbY0k6-v-jypFGiunjXE=) has send a requested to sell twp_p90colored_mag_50rnd x1 at the trader "Weapons (Oliver [WEAPONS])" in market zone "The Holler" (pos=<5632.000000, 32.000000, 5392.000000>).
09:09:57.132 [Market] Player "[NBY2] grenfell" (id=vnjWBbRwLkW1bumrD-dNL7nkbY0k6-v-jypFGiunjXE=) has sold twp_p90colored_mag_50rnd x1 at the trader "Weapons (Oliver [WEAPONS])" in market zone "The Holler" (pos=<5632.000000, 32.000000, 5392.000000>) and got 415.
09:15:41.117 [Safezone] Player "[Admin] Bunker" (id=mBNlxASsPlOcry0dpDl8K-WgHNR5WMCMmoJ9NhpU4FY= pos=<5616.467773, 29.020840, 5415.200684>) Entered the safezone
09:17:26.585 [ATM] Player "[NBY2] grenfell" (id=vnjWBbRwLkW1bumrD-dNL7nkbY0k6-v-jypFGiunjXE=) has deposited 11441 on his ATM account.
