00:01:35.568 [Party] Player "MrGreen530" (id=4LNvemhkvMsn3fCjiyhQQrToOar0_hhH9f302w8wMNY=) joinded the party "G's" (id=49 ownerUID=4LNvemhkvMsn3fCjiyhQQrToOar0_hhH9f302w8wMNY= ownerName=MrGreen530)
00:01:35.573 [Expansion Quests] - InitQuestSystemClient - Loaded existing player quest data for player with UID: 4LNvemhkvMsn3fCjiyhQQrToOar0_hhH9f302w8wMNY=
00:01:35.573 [Expansion Quests] - LoadGroupQuestData - Loaded existing group quest data for group with ID: 49
00:01:36.545 [Expansion Quests] - LoadGroupQuestData - Got cached group quest data for group with ID: 49
00:09:07.350 [Expansion Quests] - InitQuestSystemClient - Loaded existing player quest data for player with UID: 8aHbwb5XZ9Gq0J-7qO1AVn3G8YD6-lBt4iCz53aUxso=
00:09:07.351 [Expansion Quests] - LoadGroupQuestData - Created new persistent group quest data for group with ID: -1
00:09:07.353 [AI Patrol] Spawning 3 RCFI Patrol bots at <3727.013916, 13.199500, 8738.302734>
00:16:42.058 [MissionAirdrop] An airdrop is heading towards "Hazelands" (pos=<4539.000000, 0.000000, 2317.000000> type=Random_Hazelands) with a ExpansionAirdropContainer_Military
00:22:50.862 [Party] Player "MrGreen530" (id=4LNvemhkvMsn3fCjiyhQQrToOar0_hhH9f302w8wMNY=) left the party "G's" (id=49 ownerUID=4LNvemhkvMsn3fCjiyhQQrToOar0_hhH9f302w8wMNY= ownerName=MrGreen530)
01:04:32.332 [Killfeed] Dragonhunter got killed by RCFI Patrol with KA-101 from a distance of 6 m.
01:06:17.599 [SpawnSelection] Player "Dragonhunter" (id=8aHbwb5XZ9Gq0J-7qO1AVn3G8YD6-lBt4iCz53aUxso=) spawned at <3469.290039, 22.379999, 6083.919922>
01:07:40.797 [VehicleCover] Player "Dragonhunter" (id=8aHbwb5XZ9Gq0J-7qO1AVn3G8YD6-lBt4iCz53aUxso= pos=<3373.693848, 21.977110, 6106.955078>) uncovered vehicle "ExpansionUh1h_Uber" (GlobalID=80000000800000008000000080022808 pos=<3369.537109, 22.251219, 6108.274902>)!
01:08:14.517 [BaseRaiding] ExpansionWall6x3 (<3343.424805, 22.538116, 6114.229980>) player "Dragonhunter" (ID = "8aHbwb5XZ9Gq0J-7qO1AVn3G8YD6-lBt4iCz53aUxso=" at <3343.793213, 22.573492, 6114.714355>) failed to enter the correct code.
01:08:14.517 [BaseRaiding] ExpansionWall6x3 (<3343.424805, 22.538116, 6114.229980>) The correct code was 696969 and the player tried 0420
01:18:33.102 [Killfeed] Dragonhunter got killed.
01:19:06.937 [SpawnSelection] Player "Dragonhunter" (id=8aHbwb5XZ9Gq0J-7qO1AVn3G8YD6-lBt4iCz53aUxso=) spawned at <3060.449951, 11.511600, 6255.330078>
01:32:36.403 [Safezone] Player "(ADMIN)BLUE" (id=OAdpPkJP2Ps_W7h2ttR1bK23ekHCzrxw0mDT3zqLMdU= pos=<5619.316406, 29.020803, 5421.041992>) Entered the safezone
01:32:36.417 [Expansion Quests] - InitQuestSystemClient - Loaded existing player quest data for player with UID: OAdpPkJP2Ps_W7h2ttR1bK23ekHCzrxw0mDT3zqLMdU=
01:32:36.417 [Expansion Quests] - LoadGroupQuestData - Got cached group quest data for group with ID: -1
01:32:36.419 [AI Patrol] Spawning 1 Shamans bots at <5834.837891, 112.535530, 5911.627930>
01:33:59.557 [Safezone] Player "(ADMIN)BLUE" (id=OAdpPkJP2Ps_W7h2ttR1bK23ekHCzrxw0mDT3zqLMdU= pos=<3318.115234, 27.890102, 6245.907227>) Left the safezone
01:46:52.336 [AI Patrol] Spawning 1 Shamans bots at <3879.560059, 27.006990, 6508.518555>
02:18:53.502 [AI Patrol] Spawning 3 Power Plant Patrol bots at <4703.275879, 20.430000, 6965.511230>
03:49:52.444 [Expansion Quests] - InitQuestSystemClient - Loaded existing player quest data for player with UID: 8aHbwb5XZ9Gq0J-7qO1AVn3G8YD6-lBt4iCz53aUxso=
03:49:52.444 [Expansion Quests] - LoadGroupQuestData - Got cached group quest data for group with ID: -1
03:49:56.130 [MissionAirdrop] An airdrop is heading towards "Warren-Cove" (pos=<6924.000000, 0.000000, 5473.000000> type=Random_Warren-Cove) with a ExpansionAirdropContainer
05:17:38.574 [Safezone] Player "Dragonhunter" (id=8aHbwb5XZ9Gq0J-7qO1AVn3G8YD6-lBt4iCz53aUxso= pos=<5617.689453, 26.638838, 5531.535645>) Entered the safezone
05:19:29.322 [Market] Player "Dragonhunter" (id=8aHbwb5XZ9Gq0J-7qO1AVn3G8YD6-lBt4iCz53aUxso=) has send a requested to sell cp_cannabisseedspackskunk x1 at the trader "Weed (Naomi [WEED])" in market zone "The Holler" (pos=<5632.000000, 32.000000, 5392.000000>).
05:19:29.455 [Market] Player "Dragonhunter" (id=8aHbwb5XZ9Gq0J-7qO1AVn3G8YD6-lBt4iCz53aUxso=) has sold cp_cannabisseedspackskunk x1 at the trader "Weed (Naomi [WEED])" in market zone "The Holler" (pos=<5632.000000, 32.000000, 5392.000000>) and got 900.
05:19:29.937 [Market] Player "Dragonhunter" (id=8aHbwb5XZ9Gq0J-7qO1AVn3G8YD6-lBt4iCz53aUxso=) has send a requested to sell cp_cannabisseedspackskunk x1 at the trader "Weed (Naomi [WEED])" in market zone "The Holler" (pos=<5632.000000, 32.000000, 5392.000000>).
05:19:30.060 [Market] Player "Dragonhunter" (id=8aHbwb5XZ9Gq0J-7qO1AVn3G8YD6-lBt4iCz53aUxso=) has sold cp_cannabisseedspackskunk x1 at the trader "Weed (Naomi [WEED])" in market zone "The Holler" (pos=<5632.000000, 32.000000, 5392.000000>) and got 1200.
05:19:30.404 [Market] Player "Dragonhunter" (id=8aHbwb5XZ9Gq0J-7qO1AVn3G8YD6-lBt4iCz53aUxso=) has send a requested to sell cp_cannabisseedspackskunk x1 at the trader "Weed (Naomi [WEED])" in market zone "The Holler" (pos=<5632.000000, 32.000000, 5392.000000>).
05:19:30.570 [Market] Player "Dragonhunter" (id=8aHbwb5XZ9Gq0J-7qO1AVn3G8YD6-lBt4iCz53aUxso=) has sold cp_cannabisseedspackskunk x1 at the trader "Weed (Naomi [WEED])" in market zone "The Holler" (pos=<5632.000000, 32.000000, 5392.000000>) and got 300.
05:19:31.111 [Market] Player "Dragonhunter" (id=8aHbwb5XZ9Gq0J-7qO1AVn3G8YD6-lBt4iCz53aUxso=) has send a requested to sell cp_cannabisseedspackskunk x1 at the trader "Weed (Naomi [WEED])" in market zone "The Holler" (pos=<5632.000000, 32.000000, 5392.000000>).
05:19:31.201 [Market] Player "Dragonhunter" (id=8aHbwb5XZ9Gq0J-7qO1AVn3G8YD6-lBt4iCz53aUxso=) has sold cp_cannabisseedspackskunk x1 at the trader "Weed (Naomi [WEED])" in market zone "The Holler" (pos=<5632.000000, 32.000000, 5392.000000>) and got 600.
05:19:35.492 [Market] Player "Dragonhunter" (id=8aHbwb5XZ9Gq0J-7qO1AVn3G8YD6-lBt4iCz53aUxso=) has send a requested to sell cp_jointfuture x1 at the trader "Weed (Naomi [WEED])" in market zone "The Holler" (pos=<5632.000000, 32.000000, 5392.000000>).
05:19:35.648 [Market] Player "Dragonhunter" (id=8aHbwb5XZ9Gq0J-7qO1AVn3G8YD6-lBt4iCz53aUxso=) has sold cp_jointfuture x1 at the trader "Weed (Naomi [WEED])" in market zone "The Holler" (pos=<5632.000000, 32.000000, 5392.000000>) and got 300.
05:19:36.021 [Market] Player "Dragonhunter" (id=8aHbwb5XZ9Gq0J-7qO1AVn3G8YD6-lBt4iCz53aUxso=) has send a requested to sell cp_jointfuture x1 at the trader "Weed (Naomi [WEED])" in market zone "The Holler" (pos=<5632.000000, 32.000000, 5392.000000>).
05:19:36.195 [Market] Player "Dragonhunter" (id=8aHbwb5XZ9Gq0J-7qO1AVn3G8YD6-lBt4iCz53aUxso=) has sold cp_jointfuture x1 at the trader "Weed (Naomi [WEED])" in market zone "The Holler" (pos=<5632.000000, 32.000000, 5392.000000>) and got 300.
05:19:36.832 [Market] Player "Dragonhunter" (id=8aHbwb5XZ9Gq0J-7qO1AVn3G8YD6-lBt4iCz53aUxso=) has send a requested to sell cp_jointnomad x1 at the trader "Weed (Naomi [WEED])" in market zone "The Holler" (pos=<5632.000000, 32.000000, 5392.000000>).
05:19:36.935 [Market] Player "Dragonhunter" (id=8aHbwb5XZ9Gq0J-7qO1AVn3G8YD6-lBt4iCz53aUxso=) has sold cp_jointnomad x1 at the trader "Weed (Naomi [WEED])" in market zone "The Holler" (pos=<5632.000000, 32.000000, 5392.000000>) and got 150.
05:20:43.201 [Market] Player "Dragonhunter" (id=8aHbwb5XZ9Gq0J-7qO1AVn3G8YD6-lBt4iCz53aUxso=) has send a requested to sell mag_ij70_8rnd x1 at the trader "Weapons (Oliver [WEAPONS])" in market zone "The Holler" (pos=<5632.000000, 32.000000, 5392.000000>).
05:20:43.306 [Market] Player "Dragonhunter" (id=8aHbwb5XZ9Gq0J-7qO1AVn3G8YD6-lBt4iCz53aUxso=) has sold mag_ij70_8rnd x1 at the trader "Weapons (Oliver [WEAPONS])" in market zone "The Holler" (pos=<5632.000000, 32.000000, 5392.000000>) and got 9.
05:20:46.167 [Market] Player "Dragonhunter" (id=8aHbwb5XZ9Gq0J-7qO1AVn3G8YD6-lBt4iCz53aUxso=) has send a requested to sell mag_ij70_8rnd x1 at the trader "Weapons (Oliver [WEAPONS])" in market zone "The Holler" (pos=<5632.000000, 32.000000, 5392.000000>).
05:20:46.308 [Market] Player "Dragonhunter" (id=8aHbwb5XZ9Gq0J-7qO1AVn3G8YD6-lBt4iCz53aUxso=) has sold mag_ij70_8rnd x1 at the trader "Weapons (Oliver [WEAPONS])" in market zone "The Holler" (pos=<5632.000000, 32.000000, 5392.000000>) and got 24.
05:20:47.376 [Market] Player "Dragonhunter" (id=8aHbwb5XZ9Gq0J-7qO1AVn3G8YD6-lBt4iCz53aUxso=) has send a requested to sell mag_ij70_8rnd x1 at the trader "Weapons (Oliver [WEAPONS])" in market zone "The Holler" (pos=<5632.000000, 32.000000, 5392.000000>).
05:20:47.484 [Market] Player "Dragonhunter" (id=8aHbwb5XZ9Gq0J-7qO1AVn3G8YD6-lBt4iCz53aUxso=) has sold mag_ij70_8rnd x1 at the trader "Weapons (Oliver [WEAPONS])" in market zone "The Holler" (pos=<5632.000000, 32.000000, 5392.000000>) and got 17.
05:20:48.904 [Market] Player "Dragonhunter" (id=8aHbwb5XZ9Gq0J-7qO1AVn3G8YD6-lBt4iCz53aUxso=) has send a requested to sell mag_cz75_15rnd x1 at the trader "Weapons (Oliver [WEAPONS])" in market zone "The Holler" (pos=<5632.000000, 32.000000, 5392.000000>).
05:20:49.009 [Market] Player "Dragonhunter" (id=8aHbwb5XZ9Gq0J-7qO1AVn3G8YD6-lBt4iCz53aUxso=) has sold mag_cz75_15rnd x1 at the trader "Weapons (Oliver [WEAPONS])" in market zone "The Holler" (pos=<5632.000000, 32.000000, 5392.000000>) and got 37.
05:21:09.431 [Market] Player "Dragonhunter" (id=8aHbwb5XZ9Gq0J-7qO1AVn3G8YD6-lBt4iCz53aUxso=) has send a requested to sell twp_svddragunovtan x1 at the trader "Weapons (Oliver [WEAPONS])" in market zone "The Holler" (pos=<5632.000000, 32.000000, 5392.000000>).
05:21:09.570 [Market] Player "Dragonhunter" (id=8aHbwb5XZ9Gq0J-7qO1AVn3G8YD6-lBt4iCz53aUxso=) has sold twp_svddragunovtan x1 at the trader "Weapons (Oliver [WEAPONS])" in market zone "The Holler" (pos=<5632.000000, 32.000000, 5392.000000>) and got 9562.
05:21:13.544 [Market] Player "Dragonhunter" (id=8aHbwb5XZ9Gq0J-7qO1AVn3G8YD6-lBt4iCz53aUxso=) has send a requested to sell saiga x1 at the trader "Weapons (Oliver [WEAPONS])" in market zone "The Holler" (pos=<5632.000000, 32.000000, 5392.000000>).
05:21:13.656 [Market] Player "Dragonhunter" (id=8aHbwb5XZ9Gq0J-7qO1AVn3G8YD6-lBt4iCz53aUxso=) has sold saiga x1 at the trader "Weapons (Oliver [WEAPONS])" in market zone "The Holler" (pos=<5632.000000, 32.000000, 5392.000000>) and got 2812.
05:21:17.064 [Market] Player "Dragonhunter" (id=8aHbwb5XZ9Gq0J-7qO1AVn3G8YD6-lBt4iCz53aUxso=) has send a requested to sell mosin9130 x1 at the trader "Weapons (Oliver [WEAPONS])" in market zone "The Holler" (pos=<5632.000000, 32.000000, 5392.000000>).
05:21:17.177 [Market] Player "Dragonhunter" (id=8aHbwb5XZ9Gq0J-7qO1AVn3G8YD6-lBt4iCz53aUxso=) has sold mosin9130 x1 at the trader "Weapons (Oliver [WEAPONS])" in market zone "The Holler" (pos=<5632.000000, 32.000000, 5392.000000>) and got 262.
05:21:18.355 [Market] Player "Dragonhunter" (id=8aHbwb5XZ9Gq0J-7qO1AVn3G8YD6-lBt4iCz53aUxso=) has send a requested to sell ssg82 x1 at the trader "Weapons (Oliver [WEAPONS])" in market zone "The Holler" (pos=<5632.000000, 32.000000, 5392.000000>).
05:21:18.457 [Market] Player "Dragonhunter" (id=8aHbwb5XZ9Gq0J-7qO1AVn3G8YD6-lBt4iCz53aUxso=) has sold ssg82 x1 at the trader "Weapons (Oliver [WEAPONS])" in market zone "The Holler" (pos=<5632.000000, 32.000000, 5392.000000>) and got 1875.
05:21:22.257 [Market] Player "Dragonhunter" (id=8aHbwb5XZ9Gq0J-7qO1AVn3G8YD6-lBt4iCz53aUxso=) has send a requested to sell glock19 x1 at the trader "Weapons (Oliver [WEAPONS])" in market zone "The Holler" (pos=<5632.000000, 32.000000, 5392.000000>).
05:21:22.400 [Market] Player "Dragonhunter" (id=8aHbwb5XZ9Gq0J-7qO1AVn3G8YD6-lBt4iCz53aUxso=) has sold glock19 x1 at the trader "Weapons (Oliver [WEAPONS])" in market zone "The Holler" (pos=<5632.000000, 32.000000, 5392.000000>) and got 225.
05:21:23.289 [Market] Player "Dragonhunter" (id=8aHbwb5XZ9Gq0J-7qO1AVn3G8YD6-lBt4iCz53aUxso=) has send a requested to sell p1 x1 at the trader "Weapons (Oliver [WEAPONS])" in market zone "The Holler" (pos=<5632.000000, 32.000000, 5392.000000>).
05:21:23.425 [Market] Player "Dragonhunter" (id=8aHbwb5XZ9Gq0J-7qO1AVn3G8YD6-lBt4iCz53aUxso=) has sold p1 x1 at the trader "Weapons (Oliver [WEAPONS])" in market zone "The Holler" (pos=<5632.000000, 32.000000, 5392.000000>) and got 187.
05:21:24.705 [Market] Player "Dragonhunter" (id=8aHbwb5XZ9Gq0J-7qO1AVn3G8YD6-lBt4iCz53aUxso=) has send a requested to sell p1 x1 at the trader "Weapons (Oliver [WEAPONS])" in market zone "The Holler" (pos=<5632.000000, 32.000000, 5392.000000>).
05:21:24.804 [Market] Player "Dragonhunter" (id=8aHbwb5XZ9Gq0J-7qO1AVn3G8YD6-lBt4iCz53aUxso=) has sold p1 x1 at the trader "Weapons (Oliver [WEAPONS])" in market zone "The Holler" (pos=<5632.000000, 32.000000, 5392.000000>) and got 187.
05:21:26.728 [Market] Player "Dragonhunter" (id=8aHbwb5XZ9Gq0J-7qO1AVn3G8YD6-lBt4iCz53aUxso=) has send a requested to sell magnum x1 at the trader "Weapons (Oliver [WEAPONS])" in market zone "The Holler" (pos=<5632.000000, 32.000000, 5392.000000>).
05:21:26.832 [Market] Player "Dragonhunter" (id=8aHbwb5XZ9Gq0J-7qO1AVn3G8YD6-lBt4iCz53aUxso=) has sold magnum x1 at the trader "Weapons (Oliver [WEAPONS])" in market zone "The Holler" (pos=<5632.000000, 32.000000, 5392.000000>) and got 525.
05:21:32.724 [Market] Player "Dragonhunter" (id=8aHbwb5XZ9Gq0J-7qO1AVn3G8YD6-lBt4iCz53aUxso=) has send a requested to sell mag_expansion_m14_10rnd x1 at the trader "Weapons (Oliver [WEAPONS])" in market zone "The Holler" (pos=<5632.000000, 32.000000, 5392.000000>).
05:21:32.869 [Market] Player "Dragonhunter" (id=8aHbwb5XZ9Gq0J-7qO1AVn3G8YD6-lBt4iCz53aUxso=) has sold mag_expansion_m14_10rnd x1 at the trader "Weapons (Oliver [WEAPONS])" in market zone "The Holler" (pos=<5632.000000, 32.000000, 5392.000000>) and got 77.
05:23:36.013 [Market] Player "Dragonhunter" (id=8aHbwb5XZ9Gq0J-7qO1AVn3G8YD6-lBt4iCz53aUxso=) has send a requested to sell twp_ammo_792x57 x1 at the trader "WeaponAccessories (Rolf [WEAPON ACCESSORIES])" in market zone "The Holler" (pos=<5632.000000, 32.000000, 5392.000000>).
05:23:36.128 [Market] Player "Dragonhunter" (id=8aHbwb5XZ9Gq0J-7qO1AVn3G8YD6-lBt4iCz53aUxso=) has sold twp_ammo_792x57 x1 at the trader "WeaponAccessories (Rolf [WEAPON ACCESSORIES])" in market zone "The Holler" (pos=<5632.000000, 32.000000, 5392.000000>) and got 3.
05:23:37.945 [Market] Player "Dragonhunter" (id=8aHbwb5XZ9Gq0J-7qO1AVn3G8YD6-lBt4iCz53aUxso=) has send a requested to sell twp_ammo_792x57 x1 at the trader "WeaponAccessories (Rolf [WEAPON ACCESSORIES])" in market zone "The Holler" (pos=<5632.000000, 32.000000, 5392.000000>).
05:23:38.103 [Market] Player "Dragonhunter" (id=8aHbwb5XZ9Gq0J-7qO1AVn3G8YD6-lBt4iCz53aUxso=) has sold twp_ammo_792x57 x1 at the trader "WeaponAccessories (Rolf [WEAPON ACCESSORIES])" in market zone "The Holler" (pos=<5632.000000, 32.000000, 5392.000000>) and got 3.
05:23:44.396 [Market] Player "Dragonhunter" (id=8aHbwb5XZ9Gq0J-7qO1AVn3G8YD6-lBt4iCz53aUxso=) has send a requested to sell twp_ammo_792x57 x1 at the trader "WeaponAccessories (Rolf [WEAPON ACCESSORIES])" in market zone "The Holler" (pos=<5632.000000, 32.000000, 5392.000000>).
05:23:44.517 [Market] Player "Dragonhunter" (id=8aHbwb5XZ9Gq0J-7qO1AVn3G8YD6-lBt4iCz53aUxso=) has sold twp_ammo_792x57 x1 at the trader "WeaponAccessories (Rolf [WEAPON ACCESSORIES])" in market zone "The Holler" (pos=<5632.000000, 32.000000, 5392.000000>) and got 3.
05:23:45.398 [Market] Player "Dragonhunter" (id=8aHbwb5XZ9Gq0J-7qO1AVn3G8YD6-lBt4iCz53aUxso=) has send a requested to sell twp_ammo_792x57 x1 at the trader "WeaponAccessories (Rolf [WEAPON ACCESSORIES])" in market zone "The Holler" (pos=<5632.000000, 32.000000, 5392.000000>).
05:23:45.517 [Market] Player "Dragonhunter" (id=8aHbwb5XZ9Gq0J-7qO1AVn3G8YD6-lBt4iCz53aUxso=) has sold twp_ammo_792x57 x1 at the trader "WeaponAccessories (Rolf [WEAPON ACCESSORIES])" in market zone "The Holler" (pos=<5632.000000, 32.000000, 5392.000000>) and got 3.
05:23:45.642 [Market] Player "Dragonhunter" (id=8aHbwb5XZ9Gq0J-7qO1AVn3G8YD6-lBt4iCz53aUxso=) has send a requested to sell twp_ammo_792x57 x1 at the trader "WeaponAccessories (Rolf [WEAPON ACCESSORIES])" in market zone "The Holler" (pos=<5632.000000, 32.000000, 5392.000000>).
05:23:45.773 [Market] Player "Dragonhunter" (id=8aHbwb5XZ9Gq0J-7qO1AVn3G8YD6-lBt4iCz53aUxso=) has sold twp_ammo_792x57 x1 at the trader "WeaponAccessories (Rolf [WEAPON ACCESSORIES])" in market zone "The Holler" (pos=<5632.000000, 32.000000, 5392.000000>) and got 3.
05:23:46.039 [Market] Player "Dragonhunter" (id=8aHbwb5XZ9Gq0J-7qO1AVn3G8YD6-lBt4iCz53aUxso=) has send a requested to sell twp_ammo_792x57 x1 at the trader "WeaponAccessories (Rolf [WEAPON ACCESSORIES])" in market zone "The Holler" (pos=<5632.000000, 32.000000, 5392.000000>).
05:23:46.154 [Market] Player "Dragonhunter" (id=8aHbwb5XZ9Gq0J-7qO1AVn3G8YD6-lBt4iCz53aUxso=) has sold twp_ammo_792x57 x1 at the trader "WeaponAccessories (Rolf [WEAPON ACCESSORIES])" in market zone "The Holler" (pos=<5632.000000, 32.000000, 5392.000000>) and got 3.
05:23:46.488 [Market] Player "Dragonhunter" (id=8aHbwb5XZ9Gq0J-7qO1AVn3G8YD6-lBt4iCz53aUxso=) has send a requested to sell twp_ammo_792x57 x1 at the trader "WeaponAccessories (Rolf [WEAPON ACCESSORIES])" in market zone "The Holler" (pos=<5632.000000, 32.000000, 5392.000000>).
05:23:46.595 [Market] Player "Dragonhunter" (id=8aHbwb5XZ9Gq0J-7qO1AVn3G8YD6-lBt4iCz53aUxso=) has sold twp_ammo_792x57 x1 at the trader "WeaponAccessories (Rolf [WEAPON ACCESSORIES])" in market zone "The Holler" (pos=<5632.000000, 32.000000, 5392.000000>) and got 3.
05:23:46.720 [Market] Player "Dragonhunter" (id=8aHbwb5XZ9Gq0J-7qO1AVn3G8YD6-lBt4iCz53aUxso=) has send a requested to sell twp_ammo_792x57 x1 at the trader "WeaponAccessories (Rolf [WEAPON ACCESSORIES])" in market zone "The Holler" (pos=<5632.000000, 32.000000, 5392.000000>).
05:23:46.853 [Market] Player "Dragonhunter" (id=8aHbwb5XZ9Gq0J-7qO1AVn3G8YD6-lBt4iCz53aUxso=) has sold twp_ammo_792x57 x1 at the trader "WeaponAccessories (Rolf [WEAPON ACCESSORIES])" in market zone "The Holler" (pos=<5632.000000, 32.000000, 5392.000000>) and got 3.
05:23:47.312 [Market] Player "Dragonhunter" (id=8aHbwb5XZ9Gq0J-7qO1AVn3G8YD6-lBt4iCz53aUxso=) has send a requested to sell twp_ammo_792x57 x1 at the trader "WeaponAccessories (Rolf [WEAPON ACCESSORIES])" in market zone "The Holler" (pos=<5632.000000, 32.000000, 5392.000000>).
05:23:47.425 [Market] Player "Dragonhunter" (id=8aHbwb5XZ9Gq0J-7qO1AVn3G8YD6-lBt4iCz53aUxso=) has sold twp_ammo_792x57 x1 at the trader "WeaponAccessories (Rolf [WEAPON ACCESSORIES])" in market zone "The Holler" (pos=<5632.000000, 32.000000, 5392.000000>) and got 3.
05:23:47.587 [Market] Player "Dragonhunter" (id=8aHbwb5XZ9Gq0J-7qO1AVn3G8YD6-lBt4iCz53aUxso=) has send a requested to sell twp_ammo_792x57 x1 at the trader "WeaponAccessories (Rolf [WEAPON ACCESSORIES])" in market zone "The Holler" (pos=<5632.000000, 32.000000, 5392.000000>).
05:23:47.681 [Market] Player "Dragonhunter" (id=8aHbwb5XZ9Gq0J-7qO1AVn3G8YD6-lBt4iCz53aUxso=) has sold twp_ammo_792x57 x1 at the trader "WeaponAccessories (Rolf [WEAPON ACCESSORIES])" in market zone "The Holler" (pos=<5632.000000, 32.000000, 5392.000000>) and got 3.
05:23:47.957 [Market] Player "Dragonhunter" (id=8aHbwb5XZ9Gq0J-7qO1AVn3G8YD6-lBt4iCz53aUxso=) has send a requested to sell twp_ammo_792x57 x1 at the trader "WeaponAccessories (Rolf [WEAPON ACCESSORIES])" in market zone "The Holler" (pos=<5632.000000, 32.000000, 5392.000000>).
05:23:48.638 [Market] Player "Dragonhunter" (id=8aHbwb5XZ9Gq0J-7qO1AVn3G8YD6-lBt4iCz53aUxso=) has sold twp_ammo_792x57 x1 at the trader "WeaponAccessories (Rolf [WEAPON ACCESSORIES])" in market zone "The Holler" (pos=<5632.000000, 32.000000, 5392.000000>) and got 3.
05:23:48.685 [Market] Player "Dragonhunter" (id=8aHbwb5XZ9Gq0J-7qO1AVn3G8YD6-lBt4iCz53aUxso=) has send a requested to sell twp_ammo_792x57 x1 at the trader "WeaponAccessories (Rolf [WEAPON ACCESSORIES])" in market zone "The Holler" (pos=<5632.000000, 32.000000, 5392.000000>).
05:23:48.843 [Market] Player "Dragonhunter" (id=8aHbwb5XZ9Gq0J-7qO1AVn3G8YD6-lBt4iCz53aUxso=) has sold twp_ammo_792x57 x1 at the trader "WeaponAccessories (Rolf [WEAPON ACCESSORIES])" in market zone "The Holler" (pos=<5632.000000, 32.000000, 5392.000000>) and got 3.
05:23:50.824 [Market] Player "Dragonhunter" (id=8aHbwb5XZ9Gq0J-7qO1AVn3G8YD6-lBt4iCz53aUxso=) has send a requested to sell ammo_flare x1 at the trader "WeaponAccessories (Rolf [WEAPON ACCESSORIES])" in market zone "The Holler" (pos=<5632.000000, 32.000000, 5392.000000>).
05:23:50.912 [Market] Player "Dragonhunter" (id=8aHbwb5XZ9Gq0J-7qO1AVn3G8YD6-lBt4iCz53aUxso=) has sold ammo_flare x1 at the trader "WeaponAccessories (Rolf [WEAPON ACCESSORIES])" in market zone "The Holler" (pos=<5632.000000, 32.000000, 5392.000000>) and got 1.
05:23:51.041 [Market] Player "Dragonhunter" (id=8aHbwb5XZ9Gq0J-7qO1AVn3G8YD6-lBt4iCz53aUxso=) has send a requested to sell ammo_flare x1 at the trader "WeaponAccessories (Rolf [WEAPON ACCESSORIES])" in market zone "The Holler" (pos=<5632.000000, 32.000000, 5392.000000>).
05:23:51.173 [Market] Player "Dragonhunter" (id=8aHbwb5XZ9Gq0J-7qO1AVn3G8YD6-lBt4iCz53aUxso=) has sold ammo_flare x1 at the trader "WeaponAccessories (Rolf [WEAPON ACCESSORIES])" in market zone "The Holler" (pos=<5632.000000, 32.000000, 5392.000000>) and got 1.
05:23:51.324 [Market] Player "Dragonhunter" (id=8aHbwb5XZ9Gq0J-7qO1AVn3G8YD6-lBt4iCz53aUxso=) has send a requested to sell ammo_flare x1 at the trader "WeaponAccessories (Rolf [WEAPON ACCESSORIES])" in market zone "The Holler" (pos=<5632.000000, 32.000000, 5392.000000>).
05:23:51.447 [Market] Player "Dragonhunter" (id=8aHbwb5XZ9Gq0J-7qO1AVn3G8YD6-lBt4iCz53aUxso=) has sold ammo_flare x1 at the trader "WeaponAccessories (Rolf [WEAPON ACCESSORIES])" in market zone "The Holler" (pos=<5632.000000, 32.000000, 5392.000000>) and got 1.
05:23:51.873 [Market] Player "Dragonhunter" (id=8aHbwb5XZ9Gq0J-7qO1AVn3G8YD6-lBt4iCz53aUxso=) has send a requested to sell ammo_flare x1 at the trader "WeaponAccessories (Rolf [WEAPON ACCESSORIES])" in market zone "The Holler" (pos=<5632.000000, 32.000000, 5392.000000>).
05:23:51.986 [Market] Player "Dragonhunter" (id=8aHbwb5XZ9Gq0J-7qO1AVn3G8YD6-lBt4iCz53aUxso=) has sold ammo_flare x1 at the trader "WeaponAccessories (Rolf [WEAPON ACCESSORIES])" in market zone "The Holler" (pos=<5632.000000, 32.000000, 5392.000000>) and got 1.
05:23:52.070 [Market] Player "Dragonhunter" (id=8aHbwb5XZ9Gq0J-7qO1AVn3G8YD6-lBt4iCz53aUxso=) has send a requested to sell ammo_flare x1 at the trader "WeaponAccessories (Rolf [WEAPON ACCESSORIES])" in market zone "The Holler" (pos=<5632.000000, 32.000000, 5392.000000>).
05:23:52.349 [Market] Player "Dragonhunter" (id=8aHbwb5XZ9Gq0J-7qO1AVn3G8YD6-lBt4iCz53aUxso=) has send a requested to sell ammo_flare x1 at the trader "WeaponAccessories (Rolf [WEAPON ACCESSORIES])" in market zone "The Holler" (pos=<5632.000000, 32.000000, 5392.000000>).
05:23:52.724 [Market] Player "Dragonhunter" (id=8aHbwb5XZ9Gq0J-7qO1AVn3G8YD6-lBt4iCz53aUxso=) has sold ammo_flare x1 at the trader "WeaponAccessories (Rolf [WEAPON ACCESSORIES])" in market zone "The Holler" (pos=<5632.000000, 32.000000, 5392.000000>) and got 1.
05:23:54.740 [Market] Player "Dragonhunter" (id=8aHbwb5XZ9Gq0J-7qO1AVn3G8YD6-lBt4iCz53aUxso=) has send a requested to sell ammo_flare x1 at the trader "WeaponAccessories (Rolf [WEAPON ACCESSORIES])" in market zone "The Holler" (pos=<5632.000000, 32.000000, 5392.000000>).
05:23:54.863 [Market] Player "Dragonhunter" (id=8aHbwb5XZ9Gq0J-7qO1AVn3G8YD6-lBt4iCz53aUxso=) has sold ammo_flare x1 at the trader "WeaponAccessories (Rolf [WEAPON ACCESSORIES])" in market zone "The Holler" (pos=<5632.000000, 32.000000, 5392.000000>) and got 1.
05:23:54.947 [Market] Player "Dragonhunter" (id=8aHbwb5XZ9Gq0J-7qO1AVn3G8YD6-lBt4iCz53aUxso=) has send a requested to sell ammo_flare x1 at the trader "WeaponAccessories (Rolf [WEAPON ACCESSORIES])" in market zone "The Holler" (pos=<5632.000000, 32.000000, 5392.000000>).
05:23:55.060 [Market] Player "Dragonhunter" (id=8aHbwb5XZ9Gq0J-7qO1AVn3G8YD6-lBt4iCz53aUxso=) has sold ammo_flare x1 at the trader "WeaponAccessories (Rolf [WEAPON ACCESSORIES])" in market zone "The Holler" (pos=<5632.000000, 32.000000, 5392.000000>) and got 1.
05:23:55.193 [Market] Player "Dragonhunter" (id=8aHbwb5XZ9Gq0J-7qO1AVn3G8YD6-lBt4iCz53aUxso=) has send a requested to sell ammo_flare x1 at the trader "WeaponAccessories (Rolf [WEAPON ACCESSORIES])" in market zone "The Holler" (pos=<5632.000000, 32.000000, 5392.000000>).
05:23:55.320 [Market] Player "Dragonhunter" (id=8aHbwb5XZ9Gq0J-7qO1AVn3G8YD6-lBt4iCz53aUxso=) has sold ammo_flare x1 at the trader "WeaponAccessories (Rolf [WEAPON ACCESSORIES])" in market zone "The Holler" (pos=<5632.000000, 32.000000, 5392.000000>) and got 1.
05:23:56.060 [Market] Player "Dragonhunter" (id=8aHbwb5XZ9Gq0J-7qO1AVn3G8YD6-lBt4iCz53aUxso=) has send a requested to sell ammo_flare x1 at the trader "WeaponAccessories (Rolf [WEAPON ACCESSORIES])" in market zone "The Holler" (pos=<5632.000000, 32.000000, 5392.000000>).
05:23:56.175 [Market] Player "Dragonhunter" (id=8aHbwb5XZ9Gq0J-7qO1AVn3G8YD6-lBt4iCz53aUxso=) has sold ammo_flare x1 at the trader "WeaponAccessories (Rolf [WEAPON ACCESSORIES])" in market zone "The Holler" (pos=<5632.000000, 32.000000, 5392.000000>) and got 5.
05:23:56.541 [Market] Player "Dragonhunter" (id=8aHbwb5XZ9Gq0J-7qO1AVn3G8YD6-lBt4iCz53aUxso=) has send a requested to sell ammo_flare x1 at the trader "WeaponAccessories (Rolf [WEAPON ACCESSORIES])" in market zone "The Holler" (pos=<5632.000000, 32.000000, 5392.000000>).
05:23:56.697 [Market] Player "Dragonhunter" (id=8aHbwb5XZ9Gq0J-7qO1AVn3G8YD6-lBt4iCz53aUxso=) has sold ammo_flare x1 at the trader "WeaponAccessories (Rolf [WEAPON ACCESSORIES])" in market zone "The Holler" (pos=<5632.000000, 32.000000, 5392.000000>) and got 5.
05:23:57.722 [Market] Player "Dragonhunter" (id=8aHbwb5XZ9Gq0J-7qO1AVn3G8YD6-lBt4iCz53aUxso=) has send a requested to sell ammo_flare x1 at the trader "WeaponAccessories (Rolf [WEAPON ACCESSORIES])" in market zone "The Holler" (pos=<5632.000000, 32.000000, 5392.000000>).
05:23:57.837 [Market] Player "Dragonhunter" (id=8aHbwb5XZ9Gq0J-7qO1AVn3G8YD6-lBt4iCz53aUxso=) has sold ammo_flare x1 at the trader "WeaponAccessories (Rolf [WEAPON ACCESSORIES])" in market zone "The Holler" (pos=<5632.000000, 32.000000, 5392.000000>) and got 5.
05:24:08.068 [Market] Player "Dragonhunter" (id=8aHbwb5XZ9Gq0J-7qO1AVn3G8YD6-lBt4iCz53aUxso=) has send a requested to sell rdg2smokegrenade_white x1 at the trader "WeaponAccessories (Rolf [WEAPON ACCESSORIES])" in market zone "The Holler" (pos=<5632.000000, 32.000000, 5392.000000>).
05:24:08.189 [Market] Player "Dragonhunter" (id=8aHbwb5XZ9Gq0J-7qO1AVn3G8YD6-lBt4iCz53aUxso=) has sold rdg2smokegrenade_white x1 at the trader "WeaponAccessories (Rolf [WEAPON ACCESSORIES])" in market zone "The Holler" (pos=<5632.000000, 32.000000, 5392.000000>) and got 150.
05:24:08.925 [Market] Player "Dragonhunter" (id=8aHbwb5XZ9Gq0J-7qO1AVn3G8YD6-lBt4iCz53aUxso=) has send a requested to sell rdg2smokegrenade_white x1 at the trader "WeaponAccessories (Rolf [WEAPON ACCESSORIES])" in market zone "The Holler" (pos=<5632.000000, 32.000000, 5392.000000>).
05:24:09.044 [Market] Player "Dragonhunter" (id=8aHbwb5XZ9Gq0J-7qO1AVn3G8YD6-lBt4iCz53aUxso=) has sold rdg2smokegrenade_white x1 at the trader "WeaponAccessories (Rolf [WEAPON ACCESSORIES])" in market zone "The Holler" (pos=<5632.000000, 32.000000, 5392.000000>) and got 112.
05:24:13.640 [Market] Player "Dragonhunter" (id=8aHbwb5XZ9Gq0J-7qO1AVn3G8YD6-lBt4iCz53aUxso=) has send a requested to sell steakknife x1 at the trader "WeaponAccessories (Rolf [WEAPON ACCESSORIES])" in market zone "The Holler" (pos=<5632.000000, 32.000000, 5392.000000>).
05:24:13.761 [Market] Player "Dragonhunter" (id=8aHbwb5XZ9Gq0J-7qO1AVn3G8YD6-lBt4iCz53aUxso=) has sold steakknife x1 at the trader "WeaponAccessories (Rolf [WEAPON ACCESSORIES])" in market zone "The Holler" (pos=<5632.000000, 32.000000, 5392.000000>) and got 5.
05:25:08.708 [Market] Player "Dragonhunter" (id=8aHbwb5XZ9Gq0J-7qO1AVn3G8YD6-lBt4iCz53aUxso=) has send a requested to sell gorkaejacket_pautrev x1 at the trader "Clothing_Accessories (Elias [CLOTHING & ACCESSORIES])" in market zone "The Holler" (pos=<5632.000000, 32.000000, 5392.000000>).
05:25:08.828 [Market] Player "Dragonhunter" (id=8aHbwb5XZ9Gq0J-7qO1AVn3G8YD6-lBt4iCz53aUxso=) has sold gorkaejacket_pautrev x1 at the trader "Clothing_Accessories (Elias [CLOTHING & ACCESSORIES])" in market zone "The Holler" (pos=<5632.000000, 32.000000, 5392.000000>) and got 78.
05:25:12.628 [Market] Player "Dragonhunter" (id=8aHbwb5XZ9Gq0J-7qO1AVn3G8YD6-lBt4iCz53aUxso=) has send a requested to sell aviatorglasses x1 at the trader "Clothing_Accessories (Elias [CLOTHING & ACCESSORIES])" in market zone "The Holler" (pos=<5632.000000, 32.000000, 5392.000000>).
05:25:12.785 [Market] Player "Dragonhunter" (id=8aHbwb5XZ9Gq0J-7qO1AVn3G8YD6-lBt4iCz53aUxso=) has sold aviatorglasses x1 at the trader "Clothing_Accessories (Elias [CLOTHING & ACCESSORIES])" in market zone "The Holler" (pos=<5632.000000, 32.000000, 5392.000000>) and got 30.
05:25:56.609 [ATM] Player "Dragonhunter" (id=8aHbwb5XZ9Gq0J-7qO1AVn3G8YD6-lBt4iCz53aUxso=) has deposited 80090 on his ATM account.
05:25:58.794 [ATM] Player "Dragonhunter" (id=8aHbwb5XZ9Gq0J-7qO1AVn3G8YD6-lBt4iCz53aUxso=) has withdrawn 183268 from his ATM account.
05:26:26.220 [Market] Player "Dragonhunter" (id=8aHbwb5XZ9Gq0J-7qO1AVn3G8YD6-lBt4iCz53aUxso=) has send a requested to purchase fishingrod x1 from the trader "Hunting (Helga [HUNTING & FISHING])" in market zone "The Holler" (pos=<5632.000000, 32.000000, 5392.000000>).
05:26:26.361 [Market] Player "Dragonhunter" (id=8aHbwb5XZ9Gq0J-7qO1AVn3G8YD6-lBt4iCz53aUxso=) has bought fishingrod x1 from the trader "Hunting (Helga [HUNTING & FISHING])" in market zone "The Holler" (pos=<5632.000000, 32.000000, 5392.000000>) for a price of 600.
05:27:00.460 [Market] Player "Dragonhunter" (id=8aHbwb5XZ9Gq0J-7qO1AVn3G8YD6-lBt4iCz53aUxso=) has send a requested to purchase geb_bluemarlin x1 from the trader "Hunting (Helga [HUNTING & FISHING])" in market zone "The Holler" (pos=<5632.000000, 32.000000, 5392.000000>).
05:27:00.597 [Market] Player "Dragonhunter" (id=8aHbwb5XZ9Gq0J-7qO1AVn3G8YD6-lBt4iCz53aUxso=) has bought geb_bluemarlin x1 from the trader "Hunting (Helga [HUNTING & FISHING])" in market zone "The Holler" (pos=<5632.000000, 32.000000, 5392.000000>) for a price of 2500.
05:28:30.462 [Market] Player "Dragonhunter" (id=8aHbwb5XZ9Gq0J-7qO1AVn3G8YD6-lBt4iCz53aUxso=) has send a requested to sell expansioncodelock x1 at the trader "BuildingSupplies (Indar [BUILDINGS])" in market zone "The Holler" (pos=<5632.000000, 32.000000, 5392.000000>).
05:28:30.576 [Market] Player "Dragonhunter" (id=8aHbwb5XZ9Gq0J-7qO1AVn3G8YD6-lBt4iCz53aUxso=) has sold expansioncodelock x1 at the trader "BuildingSupplies (Indar [BUILDINGS])" in market zone "The Holler" (pos=<5632.000000, 32.000000, 5392.000000>) and got 1575.
05:28:31.201 [Market] Player "Dragonhunter" (id=8aHbwb5XZ9Gq0J-7qO1AVn3G8YD6-lBt4iCz53aUxso=) has send a requested to sell expansioncodelock x1 at the trader "BuildingSupplies (Indar [BUILDINGS])" in market zone "The Holler" (pos=<5632.000000, 32.000000, 5392.000000>).
05:28:31.320 [Market] Player "Dragonhunter" (id=8aHbwb5XZ9Gq0J-7qO1AVn3G8YD6-lBt4iCz53aUxso=) has sold expansioncodelock x1 at the trader "BuildingSupplies (Indar [BUILDINGS])" in market zone "The Holler" (pos=<5632.000000, 32.000000, 5392.000000>) and got 1575.
05:28:45.572 [Market] Player "Dragonhunter" (id=8aHbwb5XZ9Gq0J-7qO1AVn3G8YD6-lBt4iCz53aUxso=) has send a requested to purchase pipewrench x1 from the trader "BuildingSupplies (Indar [BUILDINGS])" in market zone "The Holler" (pos=<5632.000000, 32.000000, 5392.000000>).
05:28:45.691 [Market] Player "Dragonhunter" (id=8aHbwb5XZ9Gq0J-7qO1AVn3G8YD6-lBt4iCz53aUxso=) has bought pipewrench x1 from the trader "BuildingSupplies (Indar [BUILDINGS])" in market zone "The Holler" (pos=<5632.000000, 32.000000, 5392.000000>) for a price of 5.
05:29:44.128 [Market] Player "Dragonhunter" (id=8aHbwb5XZ9Gq0J-7qO1AVn3G8YD6-lBt4iCz53aUxso=) has send a requested to purchase sledgehammer x1 from the trader "BuildingSupplies (Indar [BUILDINGS])" in market zone "The Holler" (pos=<5632.000000, 32.000000, 5392.000000>).
05:29:44.238 [Market] Player "Dragonhunter" (id=8aHbwb5XZ9Gq0J-7qO1AVn3G8YD6-lBt4iCz53aUxso=) has bought sledgehammer x1 from the trader "BuildingSupplies (Indar [BUILDINGS])" in market zone "The Holler" (pos=<5632.000000, 32.000000, 5392.000000>) for a price of 12.
05:30:02.744 [Market] Player "Dragonhunter" (id=8aHbwb5XZ9Gq0J-7qO1AVn3G8YD6-lBt4iCz53aUxso=) has send a requested to purchase hatchet x1 from the trader "BuildingSupplies (Indar [BUILDINGS])" in market zone "The Holler" (pos=<5632.000000, 32.000000, 5392.000000>).
05:30:02.890 [Market] Player "Dragonhunter" (id=8aHbwb5XZ9Gq0J-7qO1AVn3G8YD6-lBt4iCz53aUxso=) has bought hatchet x1 from the trader "BuildingSupplies (Indar [BUILDINGS])" in market zone "The Holler" (pos=<5632.000000, 32.000000, 5392.000000>) for a price of 10.
05:30:05.566 [Market] Player "Dragonhunter" (id=8aHbwb5XZ9Gq0J-7qO1AVn3G8YD6-lBt4iCz53aUxso=) has send a requested to purchase handsaw x1 from the trader "BuildingSupplies (Indar [BUILDINGS])" in market zone "The Holler" (pos=<5632.000000, 32.000000, 5392.000000>).
05:30:05.705 [Market] Player "Dragonhunter" (id=8aHbwb5XZ9Gq0J-7qO1AVn3G8YD6-lBt4iCz53aUxso=) has bought handsaw x1 from the trader "BuildingSupplies (Indar [BUILDINGS])" in market zone "The Holler" (pos=<5632.000000, 32.000000, 5392.000000>) for a price of 7.
05:30:22.396 [Market] Player "Dragonhunter" (id=8aHbwb5XZ9Gq0J-7qO1AVn3G8YD6-lBt4iCz53aUxso=) has send a requested to purchase expansioncamoboxkit x1 from the trader "BuildingSupplies (Indar [BUILDINGS])" in market zone "The Holler" (pos=<5632.000000, 32.000000, 5392.000000>).
05:30:22.505 [Market] Player "Dragonhunter" (id=8aHbwb5XZ9Gq0J-7qO1AVn3G8YD6-lBt4iCz53aUxso=) has bought expansioncamoboxkit x1 from the trader "BuildingSupplies (Indar [BUILDINGS])" in market zone "The Holler" (pos=<5632.000000, 32.000000, 5392.000000>) for a price of 2600.
05:30:33.880 [Market] Player "Dragonhunter" (id=8aHbwb5XZ9Gq0J-7qO1AVn3G8YD6-lBt4iCz53aUxso=) has send a requested to purchase largetent x1 from the trader "BuildingSupplies (Indar [BUILDINGS])" in market zone "The Holler" (pos=<5632.000000, 32.000000, 5392.000000>).
05:30:33.990 [Market] Player "Dragonhunter" (id=8aHbwb5XZ9Gq0J-7qO1AVn3G8YD6-lBt4iCz53aUxso=) has bought largetent x1 from the trader "BuildingSupplies (Indar [BUILDINGS])" in market zone "The Holler" (pos=<5632.000000, 32.000000, 5392.000000>) for a price of 6000.
05:30:59.460 [Market] Player "Dragonhunter" (id=8aHbwb5XZ9Gq0J-7qO1AVn3G8YD6-lBt4iCz53aUxso=) has send a requested to purchase expansionstove x1 from the trader "BuildingSupplies (Indar [BUILDINGS])" in market zone "The Holler" (pos=<5632.000000, 32.000000, 5392.000000>).
05:30:59.605 [Market] Player "Dragonhunter" (id=8aHbwb5XZ9Gq0J-7qO1AVn3G8YD6-lBt4iCz53aUxso=) has bought expansionstove x1 from the trader "BuildingSupplies (Indar [BUILDINGS])" in market zone "The Holler" (pos=<5632.000000, 32.000000, 5392.000000>) for a price of 1500.
05:31:06.425 [Market] Player "Dragonhunter" (id=8aHbwb5XZ9Gq0J-7qO1AVn3G8YD6-lBt4iCz53aUxso=) has send a requested to purchase expansiongunrack x1 from the trader "BuildingSupplies (Indar [BUILDINGS])" in market zone "The Holler" (pos=<5632.000000, 32.000000, 5392.000000>).
05:31:06.533 [Market] Player "Dragonhunter" (id=8aHbwb5XZ9Gq0J-7qO1AVn3G8YD6-lBt4iCz53aUxso=) has bought expansiongunrack x1 from the trader "BuildingSupplies (Indar [BUILDINGS])" in market zone "The Holler" (pos=<5632.000000, 32.000000, 5392.000000>) for a price of 3500.
05:54:20.880 [Market] Player "Dragonhunter" (id=8aHbwb5XZ9Gq0J-7qO1AVn3G8YD6-lBt4iCz53aUxso=) has send a requested to sell collectable_pokemoncard_dragonair x1 at the trader "Collectibles (Quinn [COLLECTIBLE TRADER])" in market zone "The Holler" (pos=<5632.000000, 32.000000, 5392.000000>).
05:54:21.052 [Market] Player "Dragonhunter" (id=8aHbwb5XZ9Gq0J-7qO1AVn3G8YD6-lBt4iCz53aUxso=) has sold collectable_pokemoncard_dragonair x1 at the trader "Collectibles (Quinn [COLLECTIBLE TRADER])" in market zone "The Holler" (pos=<5632.000000, 32.000000, 5392.000000>) and got 375.
05:54:21.552 [Market] Player "Dragonhunter" (id=8aHbwb5XZ9Gq0J-7qO1AVn3G8YD6-lBt4iCz53aUxso=) has send a requested to sell collectable_pokemoncard_dugtrio x1 at the trader "Collectibles (Quinn [COLLECTIBLE TRADER])" in market zone "The Holler" (pos=<5632.000000, 32.000000, 5392.000000>).
05:54:21.669 [Market] Player "Dragonhunter" (id=8aHbwb5XZ9Gq0J-7qO1AVn3G8YD6-lBt4iCz53aUxso=) has sold collectable_pokemoncard_dugtrio x1 at the trader "Collectibles (Quinn [COLLECTIBLE TRADER])" in market zone "The Holler" (pos=<5632.000000, 32.000000, 5392.000000>) and got 1500.
05:54:22.142 [Market] Player "Dragonhunter" (id=8aHbwb5XZ9Gq0J-7qO1AVn3G8YD6-lBt4iCz53aUxso=) has send a requested to sell collectable_pokemoncard_energyretrieval x1 at the trader "Collectibles (Quinn [COLLECTIBLE TRADER])" in market zone "The Holler" (pos=<5632.000000, 32.000000, 5392.000000>).
05:54:22.259 [Market] Player "Dragonhunter" (id=8aHbwb5XZ9Gq0J-7qO1AVn3G8YD6-lBt4iCz53aUxso=) has sold collectable_pokemoncard_energyretrieval x1 at the trader "Collectibles (Quinn [COLLECTIBLE TRADER])" in market zone "The Holler" (pos=<5632.000000, 32.000000, 5392.000000>) and got 1125.
05:54:22.724 [Market] Player "Dragonhunter" (id=8aHbwb5XZ9Gq0J-7qO1AVn3G8YD6-lBt4iCz53aUxso=) has send a requested to sell collectable_pokemoncard_flute x1 at the trader "Collectibles (Quinn [COLLECTIBLE TRADER])" in market zone "The Holler" (pos=<5632.000000, 32.000000, 5392.000000>).
05:54:22.849 [Market] Player "Dragonhunter" (id=8aHbwb5XZ9Gq0J-7qO1AVn3G8YD6-lBt4iCz53aUxso=) has sold collectable_pokemoncard_flute x1 at the trader "Collectibles (Quinn [COLLECTIBLE TRADER])" in market zone "The Holler" (pos=<5632.000000, 32.000000, 5392.000000>) and got 1125.
05:54:23.380 [Market] Player "Dragonhunter" (id=8aHbwb5XZ9Gq0J-7qO1AVn3G8YD6-lBt4iCz53aUxso=) has send a requested to sell collectable_pokemoncard_haunter x1 at the trader "Collectibles (Quinn [COLLECTIBLE TRADER])" in market zone "The Holler" (pos=<5632.000000, 32.000000, 5392.000000>).
05:54:23.496 [Market] Player "Dragonhunter" (id=8aHbwb5XZ9Gq0J-7qO1AVn3G8YD6-lBt4iCz53aUxso=) has sold collectable_pokemoncard_haunter x1 at the trader "Collectibles (Quinn [COLLECTIBLE TRADER])" in market zone "The Holler" (pos=<5632.000000, 32.000000, 5392.000000>) and got 1500.
05:54:24.021 [Market] Player "Dragonhunter" (id=8aHbwb5XZ9Gq0J-7qO1AVn3G8YD6-lBt4iCz53aUxso=) has send a requested to sell collectable_pokemoncard_ivysaur x1 at the trader "Collectibles (Quinn [COLLECTIBLE TRADER])" in market zone "The Holler" (pos=<5632.000000, 32.000000, 5392.000000>).
05:54:24.140 [Market] Player "Dragonhunter" (id=8aHbwb5XZ9Gq0J-7qO1AVn3G8YD6-lBt4iCz53aUxso=) has sold collectable_pokemoncard_ivysaur x1 at the trader "Collectibles (Quinn [COLLECTIBLE TRADER])" in market zone "The Holler" (pos=<5632.000000, 32.000000, 5392.000000>) and got 1500.
05:54:24.673 [Market] Player "Dragonhunter" (id=8aHbwb5XZ9Gq0J-7qO1AVn3G8YD6-lBt4iCz53aUxso=) has send a requested to sell collectable_pokemoncard_machamp x1 at the trader "Collectibles (Quinn [COLLECTIBLE TRADER])" in market zone "The Holler" (pos=<5632.000000, 32.000000, 5392.000000>).
05:54:24.814 [Market] Player "Dragonhunter" (id=8aHbwb5XZ9Gq0J-7qO1AVn3G8YD6-lBt4iCz53aUxso=) has sold collectable_pokemoncard_machamp x1 at the trader "Collectibles (Quinn [COLLECTIBLE TRADER])" in market zone "The Holler" (pos=<5632.000000, 32.000000, 5392.000000>) and got 1500.
05:54:25.460 [Market] Player "Dragonhunter" (id=8aHbwb5XZ9Gq0J-7qO1AVn3G8YD6-lBt4iCz53aUxso=) has send a requested to sell collectable_pokemoncard_shinymewtwo x1 at the trader "Collectibles (Quinn [COLLECTIBLE TRADER])" in market zone "The Holler" (pos=<5632.000000, 32.000000, 5392.000000>).
05:54:25.576 [Market] Player "Dragonhunter" (id=8aHbwb5XZ9Gq0J-7qO1AVn3G8YD6-lBt4iCz53aUxso=) has sold collectable_pokemoncard_shinymewtwo x1 at the trader "Collectibles (Quinn [COLLECTIBLE TRADER])" in market zone "The Holler" (pos=<5632.000000, 32.000000, 5392.000000>) and got 1500.
05:57:26.804 [Expansion Quests] - CreateQuestInstance - Created new quest instance for with instance key 8aHbwb5XZ9Gq0J-7qO1AVn3G8YD6-lBt4iCz53aUxso= for quest 14
05:57:55.701 [Expansion Quests] - CreateQuestInstance - Created new quest instance for with instance key 8aHbwb5XZ9Gq0J-7qO1AVn3G8YD6-lBt4iCz53aUxso= for quest 18
05:58:19.025 [ATM] Player "Dragonhunter" (id=8aHbwb5XZ9Gq0J-7qO1AVn3G8YD6-lBt4iCz53aUxso=) has deposited 179809 on his ATM account.
