16:24:57.265 [Party] Player "Stahlhelm Sturm" (id=Dj-6_aSgGuPVYaq-POeeqvRPr_91gVAi6qp9fgRrqHk=) joinded the party "DIEHARD" (id=32 ownerUID=JmVdSu0kzNbOpwjpFV-MDcMB-Equ3yPY-l-COMb6HgY= ownerName=Nick Leadbeatter)
16:24:57.273 [Expansion Quests] - InitQuestSystemClient - Loaded existing player quest data for player with UID: Dj-6_aSgGuPVYaq-POeeqvRPr_91gVAi6qp9fgRrqHk=
16:24:57.273 [Expansion Quests] - LoadGroupQuestData - Loaded existing group quest data for group with ID: 32
16:24:57.273 [Expansion Quests] - Create new quest instance for quest: 12 - Player UID: Dj-6_aSgGuPVYaq-POeeqvRPr_91gVAi6qp9fgRrqHk=
16:24:58.234 [Expansion Quests] - LoadGroupQuestData - Got cached group quest data for group with ID: 32
16:27:31.101 [Expansion Quests] - InitQuestSystemClient - Loaded existing player quest data for player with UID: Wzy9-i_cgozd3AtiPGeDiPs6j9tHWluwI6ggAhe7Q-Q=
16:27:31.105 [AI Patrol] Spawning 3 Power Plant Patrol bots at <4776.658203, 20.430000, 7021.631836>
16:29:55.390 [Safezone] Player "[Admin] Bunker" (id=mBNlxASsPlOcry0dpDl8K-WgHNR5WMCMmoJ9NhpU4FY= pos=<5596.780762, 28.827520, 5354.663086>) Entered the safezone
16:29:55.394 [Expansion Quests] - InitQuestSystemClient - Loaded existing player quest data for player with UID: mBNlxASsPlOcry0dpDl8K-WgHNR5WMCMmoJ9NhpU4FY=
16:30:14.113 [Market] Player "[Admin] Bunker" (id=mBNlxASsPlOcry0dpDl8K-WgHNR5WMCMmoJ9NhpU4FY=) has send a requested to purchase mbw140_black x1 from the trader "Vehicles (Lewis [VEHICLES])" in market zone "The Holler" (pos=<5632.000000, 32.000000, 5392.000000>).
16:30:14.230 [VehicleDeleted] MBw140_black (id=2C03203BD04340185D3360871B693F47 pos=<-0.000513, 0.353005, 0.100594>)
16:30:14.238 [Market] Player "[Admin] Bunker" (id=mBNlxASsPlOcry0dpDl8K-WgHNR5WMCMmoJ9NhpU4FY=) has bought mbw140_black x1 from the trader "Vehicles (Lewis [VEHICLES])" in market zone "The Holler" (pos=<5632.000000, 32.000000, 5392.000000>) for a price of 171550.
16:30:34.632 [AdminTools] Player "[Admin] Bunker" (id=mBNlxASsPlOcry0dpDl8K-WgHNR5WMCMmoJ9NhpU4FY= pos=<5598.651367, 28.722498, 5359.453125>) used the  ExpansionCarAdminKey to unlock MBw140_black (id=E2FEC9A0564C6616078646991D1B3F04 pos=<5601.249023, 28.729548, 5358.059082>)
16:31:11.363 [Market] Player "[Admin] Bunker" (id=mBNlxASsPlOcry0dpDl8K-WgHNR5WMCMmoJ9NhpU4FY=) has send a requested to sell mbw140_black x1 at the trader "Vehicles (Lewis [VEHICLES])" in market zone "The Holler" (pos=<5632.000000, 32.000000, 5392.000000>).
16:31:11.449 [VehicleDeleted] MBw140_black (id=E2FEC9A0564C6616078646991D1B3F04 pos=<5601.249023, 28.729548, 5358.059082>)
16:31:11.449 [Market] Player "[Admin] Bunker" (id=mBNlxASsPlOcry0dpDl8K-WgHNR5WMCMmoJ9NhpU4FY=) has sold mbw140_black x1 at the trader "Vehicles (Lewis [VEHICLES])" in market zone "The Holler" (pos=<5632.000000, 32.000000, 5392.000000>) and got 127720.
16:31:16.089 [Market] Player "[Admin] Bunker" (id=mBNlxASsPlOcry0dpDl8K-WgHNR5WMCMmoJ9NhpU4FY=) has send a requested to purchase landcruiser_kamo x1 from the trader "Vehicles (Lewis [VEHICLES])" in market zone "The Holler" (pos=<5632.000000, 32.000000, 5392.000000>).
16:31:16.222 [VehicleDeleted] LandCruiser_kamo (id=F69F11ACAC4E096DB5AA4290A29987D9 pos=<-0.004557, 0.824597, -0.423460>)
16:31:16.230 [Market] Player "[Admin] Bunker" (id=mBNlxASsPlOcry0dpDl8K-WgHNR5WMCMmoJ9NhpU4FY=) has bought landcruiser_kamo x1 from the trader "Vehicles (Lewis [VEHICLES])" in market zone "The Holler" (pos=<5632.000000, 32.000000, 5392.000000>) for a price of 289050.
16:31:29.421 [Market] Player "[Admin] Bunker" (id=mBNlxASsPlOcry0dpDl8K-WgHNR5WMCMmoJ9NhpU4FY=) has send a requested to sell landcruiser_kamo x1 at the trader "Vehicles (Lewis [VEHICLES])" in market zone "The Holler" (pos=<5632.000000, 32.000000, 5392.000000>).
16:31:29.460 [VehicleDeleted] LandCruiser_kamo (id=5A4088DD0940401725BFDF93E6C4CD58 pos=<5601.245117, 28.722378, 5357.538574>)
16:31:29.460 [Market] Player "[Admin] Bunker" (id=mBNlxASsPlOcry0dpDl8K-WgHNR5WMCMmoJ9NhpU4FY=) has sold landcruiser_kamo x1 at the trader "Vehicles (Lewis [VEHICLES])" in market zone "The Holler" (pos=<5632.000000, 32.000000, 5392.000000>) and got 216781.
16:31:32.542 [Market] Player "[Admin] Bunker" (id=mBNlxASsPlOcry0dpDl8K-WgHNR5WMCMmoJ9NhpU4FY=) has send a requested to purchase nivapickup_kamo2 x1 from the trader "Vehicles (Lewis [VEHICLES])" in market zone "The Holler" (pos=<5632.000000, 32.000000, 5392.000000>).
16:31:32.648 [VehicleDeleted] NivaPickup_kamo2 (id=1FB45904B645E27A27CB8DA06D87A1AE pos=<0.002744, 0.641527, -0.244915>)
16:31:32.656 [Market] Player "[Admin] Bunker" (id=mBNlxASsPlOcry0dpDl8K-WgHNR5WMCMmoJ9NhpU4FY=) has bought nivapickup_kamo2 x1 from the trader "Vehicles (Lewis [VEHICLES])" in market zone "The Holler" (pos=<5632.000000, 32.000000, 5392.000000>) for a price of 169050.
16:31:46.554 [Market] Player "[Admin] Bunker" (id=mBNlxASsPlOcry0dpDl8K-WgHNR5WMCMmoJ9NhpU4FY=) has send a requested to sell nivapickup_kamo2 x1 at the trader "Vehicles (Lewis [VEHICLES])" in market zone "The Holler" (pos=<5632.000000, 32.000000, 5392.000000>).
16:31:46.601 [VehicleDeleted] NivaPickup_kamo2 (id=1BD39791F440E17E5BD2A298B58C2DCA pos=<5601.259277, 28.763384, 5357.712402>)
16:31:46.601 [Market] Player "[Admin] Bunker" (id=mBNlxASsPlOcry0dpDl8K-WgHNR5WMCMmoJ9NhpU4FY=) has sold nivapickup_kamo2 x1 at the trader "Vehicles (Lewis [VEHICLES])" in market zone "The Holler" (pos=<5632.000000, 32.000000, 5392.000000>) and got 126783.
16:31:50.593 [Market] Player "[Admin] Bunker" (id=mBNlxASsPlOcry0dpDl8K-WgHNR5WMCMmoJ9NhpU4FY=) has send a requested to purchase offroadrangerover_kamo x1 from the trader "Vehicles (Lewis [VEHICLES])" in market zone "The Holler" (pos=<5632.000000, 32.000000, 5392.000000>).
16:31:50.675 [VehicleDeleted] OffroadRangeRover_kamo (id=1B5793637948BB105520CD894914188B pos=<0.000100, 0.479013, 0.132593>)
16:31:50.687 [Market] Player "[Admin] Bunker" (id=mBNlxASsPlOcry0dpDl8K-WgHNR5WMCMmoJ9NhpU4FY=) has bought offroadrangerover_kamo x1 from the trader "Vehicles (Lewis [VEHICLES])" in market zone "The Holler" (pos=<5632.000000, 32.000000, 5392.000000>) for a price of 166550.
16:32:04.636 [AdminTools] Player "[Admin] Bunker" (id=mBNlxASsPlOcry0dpDl8K-WgHNR5WMCMmoJ9NhpU4FY= pos=<5598.431641, 28.722498, 5359.358887>) used the  ExpansionCarAdminKey to unlock OffroadRangeRover_kamo (id=946FA855E645DC90E3A640AD49169736 pos=<5601.251465, 28.719034, 5358.093262>)
16:32:16.726 [Market] Player "[Admin] Bunker" (id=mBNlxASsPlOcry0dpDl8K-WgHNR5WMCMmoJ9NhpU4FY=) has send a requested to sell offroadrangerover_kamo x1 at the trader "Vehicles (Lewis [VEHICLES])" in market zone "The Holler" (pos=<5632.000000, 32.000000, 5392.000000>).
16:32:16.773 [VehicleDeleted] OffroadRangeRover_kamo (id=946FA855E645DC90E3A640AD49169736 pos=<5601.251465, 28.719034, 5358.093262>)
16:32:16.773 [Market] Player "[Admin] Bunker" (id=mBNlxASsPlOcry0dpDl8K-WgHNR5WMCMmoJ9NhpU4FY=) has sold offroadrangerover_kamo x1 at the trader "Vehicles (Lewis [VEHICLES])" in market zone "The Holler" (pos=<5632.000000, 32.000000, 5392.000000>) and got 124907.
16:32:26.128 [Market] Player "[Admin] Bunker" (id=mBNlxASsPlOcry0dpDl8K-WgHNR5WMCMmoJ9NhpU4FY=) has send a requested to purchase cougar_rust x1 from the trader "Vehicles (Lewis [VEHICLES])" in market zone "The Holler" (pos=<5632.000000, 32.000000, 5392.000000>).
16:32:26.199 [VehicleDeleted] Cougar_rust (id=07FF987F4E4E4E0DE5B7508BE8DC71D0 pos=<-0.007566, 0.904693, 0.281023>)
16:32:26.207 [Market] Player "[Admin] Bunker" (id=mBNlxASsPlOcry0dpDl8K-WgHNR5WMCMmoJ9NhpU4FY=) has bought cougar_rust x1 from the trader "Vehicles (Lewis [VEHICLES])" in market zone "The Holler" (pos=<5632.000000, 32.000000, 5392.000000>) for a price of 272800.
16:32:40.007 [Market] Player "[Admin] Bunker" (id=mBNlxASsPlOcry0dpDl8K-WgHNR5WMCMmoJ9NhpU4FY=) has send a requested to sell cougar_rust x1 at the trader "Vehicles (Lewis [VEHICLES])" in market zone "The Holler" (pos=<5632.000000, 32.000000, 5392.000000>).
16:32:40.054 [VehicleDeleted] Cougar_rust (id=B758A52C544CF257357ADFA5FB36B96E pos=<5601.237305, 28.647669, 5358.241699>)
16:32:40.058 [Market] Player "[Admin] Bunker" (id=mBNlxASsPlOcry0dpDl8K-WgHNR5WMCMmoJ9NhpU4FY=) has sold cougar_rust x1 at the trader "Vehicles (Lewis [VEHICLES])" in market zone "The Holler" (pos=<5632.000000, 32.000000, 5392.000000>) and got 204594.
16:32:43.824 [Market] Player "[Admin] Bunker" (id=mBNlxASsPlOcry0dpDl8K-WgHNR5WMCMmoJ9NhpU4FY=) has send a requested to purchase hammer_h1_black_rust x1 from the trader "Vehicles (Lewis [VEHICLES])" in market zone "The Holler" (pos=<5632.000000, 32.000000, 5392.000000>).
16:32:43.898 [VehicleDeleted] HAMMER_H1_black_rust (id=50169DDCCD4365D6912D47971526DB45 pos=<-0.000072, 0.694623, 0.141772>)
16:32:43.906 [Market] Player "[Admin] Bunker" (id=mBNlxASsPlOcry0dpDl8K-WgHNR5WMCMmoJ9NhpU4FY=) has bought hammer_h1_black_rust x1 from the trader "Vehicles (Lewis [VEHICLES])" in market zone "The Holler" (pos=<5632.000000, 32.000000, 5392.000000>) for a price of 70800.
16:32:53.031 [Market] Player "[Admin] Bunker" (id=mBNlxASsPlOcry0dpDl8K-WgHNR5WMCMmoJ9NhpU4FY=) has send a requested to sell hammer_h1_black_rust x1 at the trader "Vehicles (Lewis [VEHICLES])" in market zone "The Holler" (pos=<5632.000000, 32.000000, 5392.000000>).
16:32:53.085 [VehicleDeleted] HAMMER_H1_black_rust (id=58E92E106041E04897A34AA94D427231 pos=<5601.258301, 28.750349, 5358.092285>)
16:32:53.085 [Market] Player "[Admin] Bunker" (id=mBNlxASsPlOcry0dpDl8K-WgHNR5WMCMmoJ9NhpU4FY=) has sold hammer_h1_black_rust x1 at the trader "Vehicles (Lewis [VEHICLES])" in market zone "The Holler" (pos=<5632.000000, 32.000000, 5392.000000>) and got 53094.
16:32:57.761 [Market] Player "[Admin] Bunker" (id=mBNlxASsPlOcry0dpDl8K-WgHNR5WMCMmoJ9NhpU4FY=) has send a requested to purchase bmw_rust x1 from the trader "Vehicles (Lewis [VEHICLES])" in market zone "The Holler" (pos=<5632.000000, 32.000000, 5392.000000>).
16:32:57.800 [VehicleDeleted] BMW_rust (id=2E48B0E03244D37CCD7E7FA3115C7CF5 pos=<0.001587, 0.449702, 0.046779>)
16:32:57.808 [Market] Player "[Admin] Bunker" (id=mBNlxASsPlOcry0dpDl8K-WgHNR5WMCMmoJ9NhpU4FY=) has bought bmw_rust x1 from the trader "Vehicles (Lewis [VEHICLES])" in market zone "The Holler" (pos=<5632.000000, 32.000000, 5392.000000>) for a price of 254050.
16:33:34.250 [VehicleAttachments] Player FARRIS (uid=Wzy9-i_cgozd3AtiPGeDiPs6j9tHWluwI6ggAhe7Q-Q=) detached Car Battery (type=CarBattery) from vehicle BMW X5 Red(id=102242DEB94D38B68BDCEA8ABFB75F19 pos=<4256.405273, 20.457853, 7272.839355>)
16:33:45.175 [VehicleAttachments] Player FARRIS (uid=Wzy9-i_cgozd3AtiPGeDiPs6j9tHWluwI6ggAhe7Q-Q=) detached Jerrycan (type=CanisterGasoline) from vehicle BMW X5 Red(id=102242DEB94D38B68BDCEA8ABFB75F19 pos=<4256.405273, 20.457853, 7272.839355>)
16:34:26.375 [AdminTools] Player "[Admin] Bunker" (id=mBNlxASsPlOcry0dpDl8K-WgHNR5WMCMmoJ9NhpU4FY= pos=<5599.693359, 28.722450, 5357.507813>) used the  ExpansionCarAdminKey to unlock BMW_rust (id=8DCC1D44284C1EA03A0C6A82BDCD1736 pos=<5601.258301, 28.629681, 5358.000000>)
16:34:38.468 [Market] Player "[Admin] Bunker" (id=mBNlxASsPlOcry0dpDl8K-WgHNR5WMCMmoJ9NhpU4FY=) has send a requested to sell bmw_rust x1 at the trader "Vehicles (Lewis [VEHICLES])" in market zone "The Holler" (pos=<5632.000000, 32.000000, 5392.000000>).
16:34:38.515 [VehicleDeleted] BMW_rust (id=8DCC1D44284C1EA03A0C6A82BDCD1736 pos=<5601.258301, 28.629681, 5358.000000>)
16:34:38.519 [Market] Player "[Admin] Bunker" (id=mBNlxASsPlOcry0dpDl8K-WgHNR5WMCMmoJ9NhpU4FY=) has sold bmw_rust x1 at the trader "Vehicles (Lewis [VEHICLES])" in market zone "The Holler" (pos=<5632.000000, 32.000000, 5392.000000>) and got 190535.
16:34:59.722 [Market] Player "[Admin] Bunker" (id=mBNlxASsPlOcry0dpDl8K-WgHNR5WMCMmoJ9NhpU4FY=) has send a requested to purchase gelenvagen_flecktarn x1 from the trader "Vehicles (Lewis [VEHICLES])" in market zone "The Holler" (pos=<5632.000000, 32.000000, 5392.000000>).
16:34:59.808 [VehicleDeleted] Gelenvagen_flecktarn (id=68F7D348F54E360D5B9CB69A494A4507 pos=<-0.002503, 0.932723, -0.369441>)
16:34:59.816 [Market] Player "[Admin] Bunker" (id=mBNlxASsPlOcry0dpDl8K-WgHNR5WMCMmoJ9NhpU4FY=) has bought gelenvagen_flecktarn x1 from the trader "Vehicles (Lewis [VEHICLES])" in market zone "The Holler" (pos=<5632.000000, 32.000000, 5392.000000>) for a price of 444050.
16:35:18.878 [AdminTools] Player "[Admin] Bunker" (id=mBNlxASsPlOcry0dpDl8K-WgHNR5WMCMmoJ9NhpU4FY= pos=<5598.500977, 28.722498, 5359.101074>) used the  ExpansionCarAdminKey to unlock Gelenvagen_flecktarn (id=5925BB5EE344552F2C1502975E1435CB pos=<5601.248535, 28.794147, 5357.589844>)
16:35:33.812 [Market] Player "[Admin] Bunker" (id=mBNlxASsPlOcry0dpDl8K-WgHNR5WMCMmoJ9NhpU4FY=) has send a requested to sell gelenvagen_flecktarn x1 at the trader "Vehicles (Lewis [VEHICLES])" in market zone "The Holler" (pos=<5632.000000, 32.000000, 5392.000000>).
16:35:33.847 [VehicleDeleted] Gelenvagen_flecktarn (id=5925BB5EE344552F2C1502975E1435CB pos=<5601.248535, 28.794147, 5357.589844>)
16:35:33.851 [Market] Player "[Admin] Bunker" (id=mBNlxASsPlOcry0dpDl8K-WgHNR5WMCMmoJ9NhpU4FY=) has sold gelenvagen_flecktarn x1 at the trader "Vehicles (Lewis [VEHICLES])" in market zone "The Holler" (pos=<5632.000000, 32.000000, 5392.000000>) and got 333031.
16:35:43.644 [Market] Player "[Admin] Bunker" (id=mBNlxASsPlOcry0dpDl8K-WgHNR5WMCMmoJ9NhpU4FY=) has send a requested to purchase conqueror x1 from the trader "Vehicles (Lewis [VEHICLES])" in market zone "The Holler" (pos=<5632.000000, 32.000000, 5392.000000>).
16:35:43.710 [VehicleDeleted] Conqueror (id=AC3D7A3693489E13A517CB9F3F33DD67 pos=<0.000692, 0.747942, -0.025834>)
16:35:43.722 [Market] Player "[Admin] Bunker" (id=mBNlxASsPlOcry0dpDl8K-WgHNR5WMCMmoJ9NhpU4FY=) has bought conqueror x1 from the trader "Vehicles (Lewis [VEHICLES])" in market zone "The Holler" (pos=<5632.000000, 32.000000, 5392.000000>) for a price of 195300.
16:35:48.203 [AdminTools] Player "[Admin] Bunker" (id=mBNlxASsPlOcry0dpDl8K-WgHNR5WMCMmoJ9NhpU4FY= pos=<5598.520020, 28.722498, 5359.482910>) used the  ExpansionCarAdminKey to unlock Conqueror (id=1EF897FE654B9E697BBB7EAA9B159847 pos=<5601.280762, 28.746859, 5357.915039>)
16:35:58.699 [Market] Player "[Admin] Bunker" (id=mBNlxASsPlOcry0dpDl8K-WgHNR5WMCMmoJ9NhpU4FY=) has send a requested to sell conqueror x1 at the trader "Vehicles (Lewis [VEHICLES])" in market zone "The Holler" (pos=<5632.000000, 32.000000, 5392.000000>).
16:35:58.789 [VehicleDeleted] Conqueror (id=1EF897FE654B9E697BBB7EAA9B159847 pos=<5601.280762, 28.746859, 5357.915039>)
16:35:58.792 [Market] Player "[Admin] Bunker" (id=mBNlxASsPlOcry0dpDl8K-WgHNR5WMCMmoJ9NhpU4FY=) has sold conqueror x1 at the trader "Vehicles (Lewis [VEHICLES])" in market zone "The Holler" (pos=<5632.000000, 32.000000, 5392.000000>) and got 146470.
16:37:59.511 [VehicleCover] Player "Stahlhelm Sturm" (id=Dj-6_aSgGuPVYaq-POeeqvRPr_91gVAi6qp9fgRrqHk= pos=<8888.452148, 5.211761, 8677.844727>) uncovered vehicle "OffroadRangeRover_green" (GlobalID=80000000800000008000000080016FB4 pos=<8885.859375, 5.213120, 8676.028320>)!
16:38:25.156 [VehicleCarKey] Player "Stahlhelm Sturm" (id=Dj-6_aSgGuPVYaq-POeeqvRPr_91gVAi6qp9fgRrqHk= pos=<8888.715820, 5.211761, 8677.873047>) used the  ExpansionCarKey to unlock OffroadRangeRover_green (id=3FDEAFF61E452D2B2BBDDAA9C360FA18 pos=<8885.859375, 5.213120, 8676.028320>)
16:40:01.859 [AI Patrol] Spawning 3 Temple Patrol bots at <409.051514, 48.908298, 671.230835>
16:40:01.875 [AI Patrol] Spawning 3 Temple Patrol bots at <379.540192, 55.318100, 767.708130>
16:40:01.886 [AI Patrol] Spawning 3 Temple Patrol bots at <354.730164, 47.070000, 725.575500>
16:40:03.656 [VehicleEnter] Player Stahlhelm Sturm [uid=Dj-6_aSgGuPVYaq-POeeqvRPr_91gVAi6qp9fgRrqHk=] entered vehicle Offroad Range Rover green  (id=3FDEAFF61E452D2B2BBDDAA9C360FA18 pos=<8885.859375, 5.213120, 8676.029297>) as driver
16:40:04.976 [MissionAirdrop] An airdrop is heading towards "Stonington" (pos=<6973.000000, 0.000000, 1701.000000> type=Random_Stonington) with a ExpansionAirdropContainer_Basebuilding
16:40:10.203 [VehicleEngine] Player Stahlhelm Sturm [uid=Dj-6_aSgGuPVYaq-POeeqvRPr_91gVAi6qp9fgRrqHk=] started vehicle Offroad Range Rover green  (id=3FDEAFF61E452D2B2BBDDAA9C360FA18 pos=<8885.859375, 5.213120, 8676.029297>)
16:43:16.558 [VehicleLeave] Player Stahlhelm Sturm [uid=Dj-6_aSgGuPVYaq-POeeqvRPr_91gVAi6qp9fgRrqHk=] left vehicle Offroad Range Rover green  (id=3FDEAFF61E452D2B2BBDDAA9C360FA18 pos=<8884.965820, 5.139035, 8689.631836>)
16:44:16.429 [VehicleEnter] Player Stahlhelm Sturm [uid=Dj-6_aSgGuPVYaq-POeeqvRPr_91gVAi6qp9fgRrqHk=] entered vehicle Offroad Range Rover green  (id=3FDEAFF61E452D2B2BBDDAA9C360FA18 pos=<8884.965820, 5.139035, 8689.631836>) as driver
16:44:20.457 [VehicleEngine] Player Stahlhelm Sturm [uid=Dj-6_aSgGuPVYaq-POeeqvRPr_91gVAi6qp9fgRrqHk=] started vehicle Offroad Range Rover green  (id=3FDEAFF61E452D2B2BBDDAA9C360FA18 pos=<8884.965820, 5.139035, 8689.631836>)
16:56:27.316 [Safezone] Player "Stahlhelm Sturm" (id=Dj-6_aSgGuPVYaq-POeeqvRPr_91gVAi6qp9fgRrqHk= pos=<5661.546875, 29.799557, 5523.581543>) Entered the safezone
16:57:54.113 [VehicleEngine] Player Stahlhelm Sturm [uid=Dj-6_aSgGuPVYaq-POeeqvRPr_91gVAi6qp9fgRrqHk=] stopped vehicle Offroad Range Rover green  (id=3FDEAFF61E452D2B2BBDDAA9C360FA18 pos=<5611.262695, 28.719034, 5403.543945>)
16:58:15.601 [VehicleLeave] Player Stahlhelm Sturm [uid=Dj-6_aSgGuPVYaq-POeeqvRPr_91gVAi6qp9fgRrqHk=] left vehicle Offroad Range Rover green  (id=3FDEAFF61E452D2B2BBDDAA9C360FA18 pos=<5611.262695, 28.719034, 5403.543945>)
16:58:24.714 [VehicleCarKey] Player "Stahlhelm Sturm" (id=Dj-6_aSgGuPVYaq-POeeqvRPr_91gVAi6qp9fgRrqHk= pos=<5612.575195, 28.722494, 5402.815918>) used the  ExpansionCarKey to lock OffroadRangeRover_green (id=3FDEAFF61E452D2B2BBDDAA9C360FA18 pos=<5611.262695, 28.719034, 5403.543945>)
16:59:06.593 [Expansion Quests] - CompleteQuest - Player with UID Dj-6_aSgGuPVYaq-POeeqvRPr_91gVAi6qp9fgRrqHk= has completed quest 12
17:00:34.199 [Expansion Quests] - CreateQuestInstance - Created new quest instance for with instance key Dj-6_aSgGuPVYaq-POeeqvRPr_91gVAi6qp9fgRrqHk= for quest 11
17:01:27.875 [ATM] Player "Stahlhelm Sturm" (id=Dj-6_aSgGuPVYaq-POeeqvRPr_91gVAi6qp9fgRrqHk=) has withdrawn 25000 from his ATM account.
17:02:57.929 [Market] Player "Stahlhelm Sturm" (id=Dj-6_aSgGuPVYaq-POeeqvRPr_91gVAi6qp9fgRrqHk=) has send a requested to purchase ammobox_308win_20rnd x20 from the trader "WeaponAccessories (Rolf [WEAPON ACCESSORIES])" in market zone "The Holler" (pos=<5632.000000, 32.000000, 5392.000000>).
17:02:58.117 [Market] Player "Stahlhelm Sturm" (id=Dj-6_aSgGuPVYaq-POeeqvRPr_91gVAi6qp9fgRrqHk=) has bought ammobox_308win_20rnd x20 from the trader "WeaponAccessories (Rolf [WEAPON ACCESSORIES])" in market zone "The Holler" (pos=<5632.000000, 32.000000, 5392.000000>) for a price of 640.
17:07:44.593 [Market] Player "Stahlhelm Sturm" (id=Dj-6_aSgGuPVYaq-POeeqvRPr_91gVAi6qp9fgRrqHk=) has send a requested to purchase weaponcleaningkit x1 from the trader "BuildingSupplies (Indar [BUILDINGS])" in market zone "The Holler" (pos=<5632.000000, 32.000000, 5392.000000>).
17:07:44.730 [Market] Player "Stahlhelm Sturm" (id=Dj-6_aSgGuPVYaq-POeeqvRPr_91gVAi6qp9fgRrqHk=) has bought weaponcleaningkit x1 from the trader "BuildingSupplies (Indar [BUILDINGS])" in market zone "The Holler" (pos=<5632.000000, 32.000000, 5392.000000>) for a price of 280.
17:07:47.808 [Market] Player "Stahlhelm Sturm" (id=Dj-6_aSgGuPVYaq-POeeqvRPr_91gVAi6qp9fgRrqHk=) has send a requested to purchase sewingkit x1 from the trader "BuildingSupplies (Indar [BUILDINGS])" in market zone "The Holler" (pos=<5632.000000, 32.000000, 5392.000000>).
17:07:47.960 [Market] Player "Stahlhelm Sturm" (id=Dj-6_aSgGuPVYaq-POeeqvRPr_91gVAi6qp9fgRrqHk=) has bought sewingkit x1 from the trader "BuildingSupplies (Indar [BUILDINGS])" in market zone "The Holler" (pos=<5632.000000, 32.000000, 5392.000000>) for a price of 95.
17:07:53.058 [Market] Player "Stahlhelm Sturm" (id=Dj-6_aSgGuPVYaq-POeeqvRPr_91gVAi6qp9fgRrqHk=) has send a requested to purchase sewingkit x1 from the trader "BuildingSupplies (Indar [BUILDINGS])" in market zone "The Holler" (pos=<5632.000000, 32.000000, 5392.000000>).
17:07:53.218 [Market] Player "Stahlhelm Sturm" (id=Dj-6_aSgGuPVYaq-POeeqvRPr_91gVAi6qp9fgRrqHk=) has bought sewingkit x1 from the trader "BuildingSupplies (Indar [BUILDINGS])" in market zone "The Holler" (pos=<5632.000000, 32.000000, 5392.000000>) for a price of 95.
17:08:09.210 [Market] Player "Stahlhelm Sturm" (id=Dj-6_aSgGuPVYaq-POeeqvRPr_91gVAi6qp9fgRrqHk=) has send a requested to purchase ducttape x3 from the trader "BuildingSupplies (Indar [BUILDINGS])" in market zone "The Holler" (pos=<5632.000000, 32.000000, 5392.000000>).
17:08:09.359 [Market] Player "Stahlhelm Sturm" (id=Dj-6_aSgGuPVYaq-POeeqvRPr_91gVAi6qp9fgRrqHk=) has bought ducttape x3 from the trader "BuildingSupplies (Indar [BUILDINGS])" in market zone "The Holler" (pos=<5632.000000, 32.000000, 5392.000000>) for a price of 60.
17:09:13.609 [Market] Player "Stahlhelm Sturm" (id=Dj-6_aSgGuPVYaq-POeeqvRPr_91gVAi6qp9fgRrqHk=) has send a requested to purchase expansionigniterplug x1 from the trader "Vehicles (Lewis [VEHICLES])" in market zone "The Holler" (pos=<5632.000000, 32.000000, 5392.000000>).
17:09:13.800 [Market] Player "Stahlhelm Sturm" (id=Dj-6_aSgGuPVYaq-POeeqvRPr_91gVAi6qp9fgRrqHk=) has bought expansionigniterplug x1 from the trader "Vehicles (Lewis [VEHICLES])" in market zone "The Holler" (pos=<5632.000000, 32.000000, 5392.000000>) for a price of 1000.
17:09:15.332 [Market] Player "Stahlhelm Sturm" (id=Dj-6_aSgGuPVYaq-POeeqvRPr_91gVAi6qp9fgRrqHk=) has send a requested to purchase expansionhydraulichoses x1 from the trader "Vehicles (Lewis [VEHICLES])" in market zone "The Holler" (pos=<5632.000000, 32.000000, 5392.000000>).
17:09:15.492 [Market] Player "Stahlhelm Sturm" (id=Dj-6_aSgGuPVYaq-POeeqvRPr_91gVAi6qp9fgRrqHk=) has bought expansionhydraulichoses x1 from the trader "Vehicles (Lewis [VEHICLES])" in market zone "The Holler" (pos=<5632.000000, 32.000000, 5392.000000>) for a price of 800.
17:10:04.164 [VehicleCarKey] Player "Stahlhelm Sturm" (id=Dj-6_aSgGuPVYaq-POeeqvRPr_91gVAi6qp9fgRrqHk= pos=<5613.407715, 28.722483, 5405.811035>) used the  ExpansionCarKey to unlock OffroadRangeRover_green (id=3FDEAFF61E452D2B2BBDDAA9C360FA18 pos=<5611.262695, 28.719034, 5403.543945>)
17:12:49.468 [VehicleCarKey] Player "Stahlhelm Sturm" (id=Dj-6_aSgGuPVYaq-POeeqvRPr_91gVAi6qp9fgRrqHk= pos=<5614.001465, 28.722498, 5404.783203>) used the  ExpansionCarKey to lock OffroadRangeRover_green (id=3FDEAFF61E452D2B2BBDDAA9C360FA18 pos=<5611.262695, 28.719034, 5403.543945>)
17:13:07.289 [ATM] Player "Stahlhelm Sturm" (id=Dj-6_aSgGuPVYaq-POeeqvRPr_91gVAi6qp9fgRrqHk=) has deposited 22030 on his ATM account.
17:13:32.601 [VehicleCarKey] Player "Stahlhelm Sturm" (id=Dj-6_aSgGuPVYaq-POeeqvRPr_91gVAi6qp9fgRrqHk= pos=<5612.719727, 28.722494, 5402.681641>) used the  ExpansionCarKey to unlock OffroadRangeRover_green (id=3FDEAFF61E452D2B2BBDDAA9C360FA18 pos=<5611.262695, 28.719034, 5403.543945>)
17:13:38.371 [VehicleCarKey] Player "Stahlhelm Sturm" (id=Dj-6_aSgGuPVYaq-POeeqvRPr_91gVAi6qp9fgRrqHk= pos=<5612.450195, 28.722473, 5402.605957>) used the  ExpansionCarKey to lock OffroadRangeRover_green (id=3FDEAFF61E452D2B2BBDDAA9C360FA18 pos=<5611.262695, 28.719034, 5403.543945>)
17:13:39.496 [VehicleCarKey] Player "Stahlhelm Sturm" (id=Dj-6_aSgGuPVYaq-POeeqvRPr_91gVAi6qp9fgRrqHk= pos=<5612.450195, 28.722473, 5402.605957>) used the  ExpansionCarKey to unlock OffroadRangeRover_green (id=3FDEAFF61E452D2B2BBDDAA9C360FA18 pos=<5611.262695, 28.719034, 5403.543945>)
17:13:45.425 [VehicleEnter] Player Stahlhelm Sturm [uid=Dj-6_aSgGuPVYaq-POeeqvRPr_91gVAi6qp9fgRrqHk=] entered vehicle Offroad Range Rover green  (id=3FDEAFF61E452D2B2BBDDAA9C360FA18 pos=<5611.262695, 28.719034, 5403.543945>) as driver
17:13:49.160 [VehicleEngine] Player Stahlhelm Sturm [uid=Dj-6_aSgGuPVYaq-POeeqvRPr_91gVAi6qp9fgRrqHk=] started vehicle Offroad Range Rover green  (id=3FDEAFF61E452D2B2BBDDAA9C360FA18 pos=<5611.262695, 28.719034, 5403.543945>)
17:15:11.878 [Safezone] Player "Stahlhelm Sturm" (id=Dj-6_aSgGuPVYaq-POeeqvRPr_91gVAi6qp9fgRrqHk= pos=<5604.120605, 18.838760, 5668.780762>) Left the safezone
17:19:55.945 [VehicleCarKey] Player "FARRIS" (id=Wzy9-i_cgozd3AtiPGeDiPs6j9tHWluwI6ggAhe7Q-Q= pos=<4254.126953, 20.462500, 7271.546875>) used the  ExpansionCarKey to lock BMW_X5_red (id=102242DEB94D38B68BDCEA8ABFB75F19 pos=<4256.405273, 20.457853, 7272.839355>)
17:20:06.703 [VehicleDeleted] BMW_X5_red (id=102242DEB94D38B68BDCEA8ABFB75F19 pos=<4256.405273, 20.457853, 7272.839355>)
17:20:06.703 [VehicleCover] Player "FARRIS" (id=Wzy9-i_cgozd3AtiPGeDiPs6j9tHWluwI6ggAhe7Q-Q= pos=<4254.126953, 20.462500, 7271.546875>) covered vehicle "BMW_X5_red" (GlobalID=8000000080000000800000008000A2BE pos=<4256.405273, 20.457853, 7272.839355>)!
17:20:25.046 [AI Patrol] Spawning 3 Shamans bots at <4997.146484, 46.555782, 8102.122070>
17:21:41.316 [VehicleEngine] Player Stahlhelm Sturm [uid=Dj-6_aSgGuPVYaq-POeeqvRPr_91gVAi6qp9fgRrqHk=] stopped vehicle Offroad Range Rover green  (id=3FDEAFF61E452D2B2BBDDAA9C360FA18 pos=<5408.827148, 2.719324, 7538.477051>)
17:21:52.558 [VehicleLeave] Player Stahlhelm Sturm [uid=Dj-6_aSgGuPVYaq-POeeqvRPr_91gVAi6qp9fgRrqHk=] left vehicle Offroad Range Rover green  (id=3FDEAFF61E452D2B2BBDDAA9C360FA18 pos=<5408.828613, 2.719390, 7538.477539>)
17:22:18.296 [VehicleEnter] Player Stahlhelm Sturm [uid=Dj-6_aSgGuPVYaq-POeeqvRPr_91gVAi6qp9fgRrqHk=] entered vehicle Offroad Range Rover green  (id=3FDEAFF61E452D2B2BBDDAA9C360FA18 pos=<5407.586914, 2.534981, 7542.015625>) as driver
17:22:23.410 [VehicleEngine] Player Stahlhelm Sturm [uid=Dj-6_aSgGuPVYaq-POeeqvRPr_91gVAi6qp9fgRrqHk=] started vehicle Offroad Range Rover green  (id=3FDEAFF61E452D2B2BBDDAA9C360FA18 pos=<5407.586914, 2.534983, 7542.015625>)
17:29:11.621 [VehicleLeave] Player Stahlhelm Sturm [uid=Dj-6_aSgGuPVYaq-POeeqvRPr_91gVAi6qp9fgRrqHk=] left vehicle Offroad Range Rover green  (id=3FDEAFF61E452D2B2BBDDAA9C360FA18 pos=<5241.691895, 4.779036, 12405.539063>)
17:29:55.750 [VehicleEnter] Player Stahlhelm Sturm [uid=Dj-6_aSgGuPVYaq-POeeqvRPr_91gVAi6qp9fgRrqHk=] entered vehicle Offroad Range Rover green  (id=3FDEAFF61E452D2B2BBDDAA9C360FA18 pos=<5241.691895, 4.779035, 12405.539063>) as driver
17:29:58.519 [VehicleEngine] Player Stahlhelm Sturm [uid=Dj-6_aSgGuPVYaq-POeeqvRPr_91gVAi6qp9fgRrqHk=] started vehicle Offroad Range Rover green  (id=3FDEAFF61E452D2B2BBDDAA9C360FA18 pos=<5241.691895, 4.779035, 12405.539063>)
17:32:18.070 [Party] Player "Stahlhelm Sturm" (id=Dj-6_aSgGuPVYaq-POeeqvRPr_91gVAi6qp9fgRrqHk=) left the party "DIEHARD" (id=32 ownerUID=JmVdSu0kzNbOpwjpFV-MDcMB-Equ3yPY-l-COMb6HgY= ownerName=Nick Leadbeatter)
17:34:57.601 [Party] Player "Stahlhelm Sturm" (id=Dj-6_aSgGuPVYaq-POeeqvRPr_91gVAi6qp9fgRrqHk=) joinded the party "DIEHARD" (id=32 ownerUID=JmVdSu0kzNbOpwjpFV-MDcMB-Equ3yPY-l-COMb6HgY= ownerName=Nick Leadbeatter)
17:34:57.605 [Expansion Quests] - InitQuestSystemClient - Loaded existing player quest data for player with UID: Dj-6_aSgGuPVYaq-POeeqvRPr_91gVAi6qp9fgRrqHk=
17:34:57.605 [Expansion Quests] - LoadGroupQuestData - Got cached group quest data for group with ID: 32
17:34:57.605 [Expansion Quests] - Create new quest instance for quest: 11 - Player UID: Dj-6_aSgGuPVYaq-POeeqvRPr_91gVAi6qp9fgRrqHk=
17:34:58.562 [Expansion Quests] - LoadGroupQuestData - Got cached group quest data for group with ID: 32
17:35:32.429 [VehicleEnter] Player Stahlhelm Sturm [uid=Dj-6_aSgGuPVYaq-POeeqvRPr_91gVAi6qp9fgRrqHk=] entered vehicle Offroad Range Rover green  (id=3FDEAFF61E452D2B2BBDDAA9C360FA18 pos=<5438.483398, 5.932169, 13451.650391>) as driver
17:35:37.871 [VehicleEngine] Player Stahlhelm Sturm [uid=Dj-6_aSgGuPVYaq-POeeqvRPr_91gVAi6qp9fgRrqHk=] started vehicle Offroad Range Rover green  (id=3FDEAFF61E452D2B2BBDDAA9C360FA18 pos=<5438.483398, 5.932133, 13451.650391>)
17:37:24.507 [VehicleEngine] Player Stahlhelm Sturm [uid=Dj-6_aSgGuPVYaq-POeeqvRPr_91gVAi6qp9fgRrqHk=] stopped vehicle Offroad Range Rover green  (id=3FDEAFF61E452D2B2BBDDAA9C360FA18 pos=<5442.318359, 6.178375, 13449.495117>)
17:37:28.644 [VehicleLeave] Player Stahlhelm Sturm [uid=Dj-6_aSgGuPVYaq-POeeqvRPr_91gVAi6qp9fgRrqHk=] left vehicle Offroad Range Rover green  (id=3FDEAFF61E452D2B2BBDDAA9C360FA18 pos=<5442.318359, 6.178363, 13449.495117>)
17:38:13.949 [VehicleEnter] Player Stahlhelm Sturm [uid=Dj-6_aSgGuPVYaq-POeeqvRPr_91gVAi6qp9fgRrqHk=] entered vehicle Offroad Range Rover green  (id=3FDEAFF61E452D2B2BBDDAA9C360FA18 pos=<5442.079590, 6.151834, 13449.617188>) as driver
17:38:18.078 [VehicleEngine] Player Stahlhelm Sturm [uid=Dj-6_aSgGuPVYaq-POeeqvRPr_91gVAi6qp9fgRrqHk=] started vehicle Offroad Range Rover green  (id=3FDEAFF61E452D2B2BBDDAA9C360FA18 pos=<5442.079590, 6.151829, 13449.617188>)
17:49:01.078 [Party] Player "Stahlhelm Sturm" (id=Dj-6_aSgGuPVYaq-POeeqvRPr_91gVAi6qp9fgRrqHk=) left the party "DIEHARD" (id=32 ownerUID=JmVdSu0kzNbOpwjpFV-MDcMB-Equ3yPY-l-COMb6HgY= ownerName=Nick Leadbeatter)
17:51:49.695 [Party] Player "Stahlhelm Sturm" (id=Dj-6_aSgGuPVYaq-POeeqvRPr_91gVAi6qp9fgRrqHk=) joinded the party "DIEHARD" (id=32 ownerUID=JmVdSu0kzNbOpwjpFV-MDcMB-Equ3yPY-l-COMb6HgY= ownerName=Nick Leadbeatter)
17:51:49.699 [Expansion Quests] - InitQuestSystemClient - Loaded existing player quest data for player with UID: Dj-6_aSgGuPVYaq-POeeqvRPr_91gVAi6qp9fgRrqHk=
17:51:49.699 [Expansion Quests] - LoadGroupQuestData - Got cached group quest data for group with ID: 32
17:51:49.699 [Expansion Quests] - Create new quest instance for quest: 11 - Player UID: Dj-6_aSgGuPVYaq-POeeqvRPr_91gVAi6qp9fgRrqHk=
17:51:50.656 [Expansion Quests] - LoadGroupQuestData - Got cached group quest data for group with ID: 32
17:52:19.878 [VehicleEnter] Player Stahlhelm Sturm [uid=Dj-6_aSgGuPVYaq-POeeqvRPr_91gVAi6qp9fgRrqHk=] entered vehicle Offroad Range Rover green  (id=3FDEAFF61E452D2B2BBDDAA9C360FA18 pos=<5953.441895, 5.998581, 14718.431641>) as driver
17:52:27.621 [VehicleEngine] Player Stahlhelm Sturm [uid=Dj-6_aSgGuPVYaq-POeeqvRPr_91gVAi6qp9fgRrqHk=] started vehicle Offroad Range Rover green  (id=3FDEAFF61E452D2B2BBDDAA9C360FA18 pos=<5953.441406, 5.998750, 14718.431641>)
17:56:58.343 [VehicleEngine] Player Stahlhelm Sturm [uid=Dj-6_aSgGuPVYaq-POeeqvRPr_91gVAi6qp9fgRrqHk=] stopped vehicle Offroad Range Rover green  (id=3FDEAFF61E452D2B2BBDDAA9C360FA18 pos=<6035.426270, 5.889035, 15190.407227>)
17:57:08.691 [VehicleLeave] Player Stahlhelm Sturm [uid=Dj-6_aSgGuPVYaq-POeeqvRPr_91gVAi6qp9fgRrqHk=] left vehicle Offroad Range Rover green  (id=3FDEAFF61E452D2B2BBDDAA9C360FA18 pos=<6035.426270, 5.889035, 15190.407227>)
17:57:26.421 [VehicleAttachments] Player Stahlhelm Sturm (uid=Dj-6_aSgGuPVYaq-POeeqvRPr_91gVAi6qp9fgRrqHk=) detached  (type=OffroadRangeRover_bamper) from vehicle Offroad Range Rover green (id=3FDEAFF61E452D2B2BBDDAA9C360FA18 pos=<6035.426270, 5.889035, 15190.407227>)
17:58:01.761 [VehicleCarKey] Player "Stahlhelm Sturm" (id=Dj-6_aSgGuPVYaq-POeeqvRPr_91gVAi6qp9fgRrqHk= pos=<6034.120117, 5.892497, 15189.372070>) used the  ExpansionCarKey to lock OffroadRangeRover_green (id=3FDEAFF61E452D2B2BBDDAA9C360FA18 pos=<6035.426270, 5.889035, 15190.407227>)
17:58:29.980 [VehicleDeleted] OffroadRangeRover_green (id=3FDEAFF61E452D2B2BBDDAA9C360FA18 pos=<6035.426270, 5.889035, 15190.407227>)
17:58:29.980 [VehicleCover] Player "Stahlhelm Sturm" (id=Dj-6_aSgGuPVYaq-POeeqvRPr_91gVAi6qp9fgRrqHk= pos=<6036.383789, 5.892500, 15187.324219>) covered vehicle "OffroadRangeRover_green" (GlobalID=80000000800000008000000080016FB4 pos=<6035.426270, 5.889035, 15190.407227>)!
17:59:11.546 [Party] Player "Stahlhelm Sturm" (id=Dj-6_aSgGuPVYaq-POeeqvRPr_91gVAi6qp9fgRrqHk=) left the party "DIEHARD" (id=32 ownerUID=JmVdSu0kzNbOpwjpFV-MDcMB-Equ3yPY-l-COMb6HgY= ownerName=Nick Leadbeatter)
