06:16:18.296 [MissionAirdrop] An airdrop is heading towards "Georgstown" (pos=<4522.000000, 0.000000, 4370.000000> type=Random_Georgstown) with a ExpansionAirdropContainer_Basebuilding
06:37:19.712 [SpawnSelection] Player "RussH" (id=UgoHah5kltLtPUAbUXEEo93U92le0KgdQFUXcjqIEhQ=) spawned at <5665.169922, 28.708799, 5392.490234>
06:37:20.552 [Safezone] Player "RussH" (id=UgoHah5kltLtPUAbUXEEo93U92le0KgdQFUXcjqIEhQ= pos=<5665.169922, 28.708799, 5392.490234>) Entered the safezone
06:42:00.962 [ATM] Player "RussH" (id=UgoHah5kltLtPUAbUXEEo93U92le0KgdQFUXcjqIEhQ=) has withdrawn 10000 from his ATM account.
06:43:38.185 [ATM] Player "RussH" (id=UgoHah5kltLtPUAbUXEEo93U92le0KgdQFUXcjqIEhQ=) has deposited 10000 on his ATM account.
06:44:39.318 [Party] Player "RussH" (id=UgoHah5kltLtPUAbUXEEo93U92le0KgdQFUXcjqIEhQ=) joinded the party "RsH" (id=40 ownerUID= ownerName=)
06:44:39.318 [Party] Player "RussH" (id=UgoHah5kltLtPUAbUXEEo93U92le0KgdQFUXcjqIEhQ=) created a party named RsH (RusssH)
06:44:53.035 [Safezone] Player "RussH" (id=UgoHah5kltLtPUAbUXEEo93U92le0KgdQFUXcjqIEhQ= pos=<5479.662598, 65.586746, 5302.323730>) Left the safezone
06:55:18.406 [Killfeed] RussH got killed.
06:55:34.312 [Party] Player "RussH" (id=UgoHah5kltLtPUAbUXEEo93U92le0KgdQFUXcjqIEhQ=) joinded the party "RsH" (id=40 ownerUID=UgoHah5kltLtPUAbUXEEo93U92le0KgdQFUXcjqIEhQ= ownerName=RussH)
06:55:41.921 [SpawnSelection] Player "RussH" (id=UgoHah5kltLtPUAbUXEEo93U92le0KgdQFUXcjqIEhQ=) spawned at <6936.180176, 42.099998, 2250.149902>
07:05:49.382 [Party] Player "RussH" (id=UgoHah5kltLtPUAbUXEEo93U92le0KgdQFUXcjqIEhQ=) left the party "RsH" (id=40 ownerUID=UgoHah5kltLtPUAbUXEEo93U92le0KgdQFUXcjqIEhQ= ownerName=RussH)
08:49:47.812 [Safezone] Player "Nick Leadbeatter" (id=JmVdSu0kzNbOpwjpFV-MDcMB-Equ3yPY-l-COMb6HgY= pos=<5615.704102, 29.020832, 5419.950684>) Entered the safezone
08:49:47.814 [Party] Player "Nick Leadbeatter" (id=JmVdSu0kzNbOpwjpFV-MDcMB-Equ3yPY-l-COMb6HgY=) joinded the party "DIEHARD" (id=32 ownerUID=JmVdSu0kzNbOpwjpFV-MDcMB-Equ3yPY-l-COMb6HgY= ownerName=Nick Leadbeatter)
08:53:30.578 [Market] Player "Nick Leadbeatter" (id=JmVdSu0kzNbOpwjpFV-MDcMB-Equ3yPY-l-COMb6HgY=) has send a requested to sell ammo_380 x1 at the trader "WeaponAccessories (Rolf [WEAPON ACCESSORIES])" in market zone "The Holler" (pos=<5632.000000, 32.000000, 5392.000000>).
08:53:30.718 [Market] Player "Nick Leadbeatter" (id=JmVdSu0kzNbOpwjpFV-MDcMB-Equ3yPY-l-COMb6HgY=) has sold ammo_380 x1 at the trader "WeaponAccessories (Rolf [WEAPON ACCESSORIES])" in market zone "The Holler" (pos=<5632.000000, 32.000000, 5392.000000>) and got 1.
08:53:40.812 [Market] Player "Nick Leadbeatter" (id=JmVdSu0kzNbOpwjpFV-MDcMB-Equ3yPY-l-COMb6HgY=) has send a requested to sell ammo_357 x1 at the trader "WeaponAccessories (Rolf [WEAPON ACCESSORIES])" in market zone "The Holler" (pos=<5632.000000, 32.000000, 5392.000000>).
08:53:40.984 [Market] Player "Nick Leadbeatter" (id=JmVdSu0kzNbOpwjpFV-MDcMB-Equ3yPY-l-COMb6HgY=) has sold ammo_357 x1 at the trader "WeaponAccessories (Rolf [WEAPON ACCESSORIES])" in market zone "The Holler" (pos=<5632.000000, 32.000000, 5392.000000>) and got 0.
08:53:55.003 [Market] Player "Nick Leadbeatter" (id=JmVdSu0kzNbOpwjpFV-MDcMB-Equ3yPY-l-COMb6HgY=) has send a requested to sell ammo_357 x16 at the trader "WeaponAccessories (Rolf [WEAPON ACCESSORIES])" in market zone "The Holler" (pos=<5632.000000, 32.000000, 5392.000000>).
08:53:55.193 [Market] Player "Nick Leadbeatter" (id=JmVdSu0kzNbOpwjpFV-MDcMB-Equ3yPY-l-COMb6HgY=) has sold ammo_357 x16 at the trader "WeaponAccessories (Rolf [WEAPON ACCESSORIES])" in market zone "The Holler" (pos=<5632.000000, 32.000000, 5392.000000>) and got 0.
08:56:38.660 [AI Patrol] Spawning 3 Shamans bots at <6502.469727, 20.662756, 8524.427734>
08:59:25.402 [ATM] Player "Nick Leadbeatter" (id=JmVdSu0kzNbOpwjpFV-MDcMB-Equ3yPY-l-COMb6HgY=) has withdrawn 10000 from his ATM account.
09:00:07.857 [Market] Player "Nick Leadbeatter" (id=JmVdSu0kzNbOpwjpFV-MDcMB-Equ3yPY-l-COMb6HgY=) has send a requested to purchase m16a2 x1 from the trader "Weapons (Oliver [WEAPONS])" in market zone "The Holler" (pos=<5632.000000, 32.000000, 5392.000000>).
09:00:08.009 [Market] Player "Nick Leadbeatter" (id=JmVdSu0kzNbOpwjpFV-MDcMB-Equ3yPY-l-COMb6HgY=) has bought m16a2 x1 from the trader "Weapons (Oliver [WEAPONS])" in market zone "The Holler" (pos=<5632.000000, 32.000000, 5392.000000>) for a price of 1780.
09:00:29.236 [Market] Player "Nick Leadbeatter" (id=JmVdSu0kzNbOpwjpFV-MDcMB-Equ3yPY-l-COMb6HgY=) has send a requested to sell m16a2 x1 at the trader "Weapons (Oliver [WEAPONS])" in market zone "The Holler" (pos=<5632.000000, 32.000000, 5392.000000>).
09:00:29.394 [Market] Player "Nick Leadbeatter" (id=JmVdSu0kzNbOpwjpFV-MDcMB-Equ3yPY-l-COMb6HgY=) has sold m16a2 x1 at the trader "Weapons (Oliver [WEAPONS])" in market zone "The Holler" (pos=<5632.000000, 32.000000, 5392.000000>) and got 1320.
09:03:24.460 [Safezone] Player "Nick Leadbeatter" (id=JmVdSu0kzNbOpwjpFV-MDcMB-Equ3yPY-l-COMb6HgY= pos=<5659.084961, 28.806253, 5531.348633>) Entered the safezone
09:05:10.310 [Safezone] Player "Nick Leadbeatter" (id=JmVdSu0kzNbOpwjpFV-MDcMB-Equ3yPY-l-COMb6HgY= pos=<5668.144531, 33.292496, 5244.168945>) Left the safezone
09:05:15.675 [Safezone] Player "Nick Leadbeatter" (id=JmVdSu0kzNbOpwjpFV-MDcMB-Equ3yPY-l-COMb6HgY= pos=<5679.137695, 32.500423, 5263.596680>) Entered the safezone
09:05:34.011 [Safezone] Player "Nick Leadbeatter" (id=JmVdSu0kzNbOpwjpFV-MDcMB-Equ3yPY-l-COMb6HgY= pos=<5696.448730, 30.846664, 5231.965332>) Left the safezone
09:05:41.427 [Safezone] Player "Nick Leadbeatter" (id=JmVdSu0kzNbOpwjpFV-MDcMB-Equ3yPY-l-COMb6HgY= pos=<5672.216309, 32.396820, 5261.498535>) Entered the safezone
09:07:07.507 [VehicleCover] Player "Nick Leadbeatter" (id=JmVdSu0kzNbOpwjpFV-MDcMB-Equ3yPY-l-COMb6HgY= pos=<5643.991211, 28.488997, 5372.822754>) uncovered vehicle "PONTIAC_Dark_Red" (GlobalID=80000000800000008000000080016FC8 pos=<5642.168945, 28.453022, 5372.681152>)!
09:07:45.625 [VehicleDeleted] PONTIAC_Dark_Red (id=7BA7187A0B466A062085B9B6E7F04EE4 pos=<5642.172363, 28.452660, 5372.679688>)
09:07:45.625 [VehicleCover] Player "Nick Leadbeatter" (id=JmVdSu0kzNbOpwjpFV-MDcMB-Equ3yPY-l-COMb6HgY= pos=<5643.981445, 28.439060, 5373.243164>) covered vehicle "PONTIAC_Dark_Red" (GlobalID=80000000800000008000000080016FC8 pos=<5642.172363, 28.452660, 5372.679688>)!
09:08:30.949 [Market] Player "Nick Leadbeatter" (id=JmVdSu0kzNbOpwjpFV-MDcMB-Equ3yPY-l-COMb6HgY=) has send a requested to purchase mvs_assault_pack_black_camo x1 from the trader "Clothing_Accessories (Elias [CLOTHING & ACCESSORIES])" in market zone "The Holler" (pos=<5632.000000, 32.000000, 5392.000000>).
09:08:31.109 [Market] Player "Nick Leadbeatter" (id=JmVdSu0kzNbOpwjpFV-MDcMB-Equ3yPY-l-COMb6HgY=) has bought mvs_assault_pack_black_camo x1 from the trader "Clothing_Accessories (Elias [CLOTHING & ACCESSORIES])" in market zone "The Holler" (pos=<5632.000000, 32.000000, 5392.000000>) for a price of 3220.
09:08:54.273 [ATM] Player "Nick Leadbeatter" (id=JmVdSu0kzNbOpwjpFV-MDcMB-Equ3yPY-l-COMb6HgY=) has deposited 6321 on his ATM account.
09:10:03.796 [Safezone] Player "Nick Leadbeatter" (id=JmVdSu0kzNbOpwjpFV-MDcMB-Equ3yPY-l-COMb6HgY= pos=<5639.375000, 35.725567, 5215.419434>) Left the safezone
09:14:31.136 [Chat - Global]("Nick Leadbeatter"(id=JmVdSu0kzNbOpwjpFV-MDcMB-Equ3yPY-l-COMb6HgY=)): hi
09:25:31.082 [Safezone] Player "Nick Leadbeatter" (id=JmVdSu0kzNbOpwjpFV-MDcMB-Equ3yPY-l-COMb6HgY= pos=<5722.051758, 33.982456, 5501.463379>) Entered the safezone
09:25:34.500 [Safezone] Player "Nick Leadbeatter" (id=JmVdSu0kzNbOpwjpFV-MDcMB-Equ3yPY-l-COMb6HgY= pos=<5716.253418, 32.997013, 5504.214844>) Entered the safezone
09:27:47.281 [Safezone] Player "Nick Leadbeatter" (id=JmVdSu0kzNbOpwjpFV-MDcMB-Equ3yPY-l-COMb6HgY= pos=<5686.361816, 32.631123, 5256.300293>) Left the safezone
09:27:59.070 [Safezone] Player "Nick Leadbeatter" (id=JmVdSu0kzNbOpwjpFV-MDcMB-Equ3yPY-l-COMb6HgY= pos=<5698.230469, 34.097393, 5270.569824>) Entered the safezone
09:28:30.042 [Safezone] Player "Nick Leadbeatter" (id=JmVdSu0kzNbOpwjpFV-MDcMB-Equ3yPY-l-COMb6HgY= pos=<5787.123535, 62.678429, 5352.274414>) Left the safezone
09:39:10.121 [Chat - Global]("Nick Leadbeatter"(id=JmVdSu0kzNbOpwjpFV-MDcMB-Equ3yPY-l-COMb6HgY=)): Anyone on to help with a bear 
09:44:30.507 [Safezone] Player "Nick Leadbeatter" (id=JmVdSu0kzNbOpwjpFV-MDcMB-Equ3yPY-l-COMb6HgY= pos=<5709.576172, 33.054974, 5510.340820>) Entered the safezone
09:46:14.777 [ATM] Player "Nick Leadbeatter" (id=JmVdSu0kzNbOpwjpFV-MDcMB-Equ3yPY-l-COMb6HgY=) has withdrawn 6968 from his ATM account.
09:47:06.820 [Market] Player "Nick Leadbeatter" (id=JmVdSu0kzNbOpwjpFV-MDcMB-Equ3yPY-l-COMb6HgY=) has send a requested to purchase startkitiv x1 from the trader "Medicals (Linda [MEDICAL])" in market zone "The Holler" (pos=<5632.000000, 32.000000, 5392.000000>).
09:47:07.007 [Market] Player "Nick Leadbeatter" (id=JmVdSu0kzNbOpwjpFV-MDcMB-Equ3yPY-l-COMb6HgY=) has bought startkitiv x1 from the trader "Medicals (Linda [MEDICAL])" in market zone "The Holler" (pos=<5632.000000, 32.000000, 5392.000000>) for a price of 100.
09:47:07.859 [Market] Player "Nick Leadbeatter" (id=JmVdSu0kzNbOpwjpFV-MDcMB-Equ3yPY-l-COMb6HgY=) has send a requested to purchase salinebag x1 from the trader "Medicals (Linda [MEDICAL])" in market zone "The Holler" (pos=<5632.000000, 32.000000, 5392.000000>).
09:47:08.042 [Market] Player "Nick Leadbeatter" (id=JmVdSu0kzNbOpwjpFV-MDcMB-Equ3yPY-l-COMb6HgY=) has bought salinebag x1 from the trader "Medicals (Linda [MEDICAL])" in market zone "The Holler" (pos=<5632.000000, 32.000000, 5392.000000>) for a price of 150.
09:51:38.199 [Market] Player "Nick Leadbeatter" (id=JmVdSu0kzNbOpwjpFV-MDcMB-Equ3yPY-l-COMb6HgY=) has send a requested to purchase salinebag x1 from the trader "Medicals (Linda [MEDICAL])" in market zone "The Holler" (pos=<5632.000000, 32.000000, 5392.000000>).
09:51:38.382 [Market] Player "Nick Leadbeatter" (id=JmVdSu0kzNbOpwjpFV-MDcMB-Equ3yPY-l-COMb6HgY=) has bought salinebag x1 from the trader "Medicals (Linda [MEDICAL])" in market zone "The Holler" (pos=<5632.000000, 32.000000, 5392.000000>) for a price of 150.
09:51:38.628 [Market] Player "Nick Leadbeatter" (id=JmVdSu0kzNbOpwjpFV-MDcMB-Equ3yPY-l-COMb6HgY=) has send a requested to purchase salinebag x1 from the trader "Medicals (Linda [MEDICAL])" in market zone "The Holler" (pos=<5632.000000, 32.000000, 5392.000000>).
09:51:38.812 [Market] Player "Nick Leadbeatter" (id=JmVdSu0kzNbOpwjpFV-MDcMB-Equ3yPY-l-COMb6HgY=) has bought salinebag x1 from the trader "Medicals (Linda [MEDICAL])" in market zone "The Holler" (pos=<5632.000000, 32.000000, 5392.000000>) for a price of 150.
09:51:39.195 [Market] Player "Nick Leadbeatter" (id=JmVdSu0kzNbOpwjpFV-MDcMB-Equ3yPY-l-COMb6HgY=) has send a requested to purchase salinebag x1 from the trader "Medicals (Linda [MEDICAL])" in market zone "The Holler" (pos=<5632.000000, 32.000000, 5392.000000>).
09:51:39.367 [Market] Player "Nick Leadbeatter" (id=JmVdSu0kzNbOpwjpFV-MDcMB-Equ3yPY-l-COMb6HgY=) has bought salinebag x1 from the trader "Medicals (Linda [MEDICAL])" in market zone "The Holler" (pos=<5632.000000, 32.000000, 5392.000000>) for a price of 150.
09:51:40.023 [Market] Player "Nick Leadbeatter" (id=JmVdSu0kzNbOpwjpFV-MDcMB-Equ3yPY-l-COMb6HgY=) has send a requested to purchase salinebag x1 from the trader "Medicals (Linda [MEDICAL])" in market zone "The Holler" (pos=<5632.000000, 32.000000, 5392.000000>).
09:51:40.199 [Market] Player "Nick Leadbeatter" (id=JmVdSu0kzNbOpwjpFV-MDcMB-Equ3yPY-l-COMb6HgY=) has bought salinebag x1 from the trader "Medicals (Linda [MEDICAL])" in market zone "The Holler" (pos=<5632.000000, 32.000000, 5392.000000>) for a price of 150.
09:51:40.636 [Market] Player "Nick Leadbeatter" (id=JmVdSu0kzNbOpwjpFV-MDcMB-Equ3yPY-l-COMb6HgY=) has send a requested to purchase salinebag x1 from the trader "Medicals (Linda [MEDICAL])" in market zone "The Holler" (pos=<5632.000000, 32.000000, 5392.000000>).
09:51:40.828 [Market] Player "Nick Leadbeatter" (id=JmVdSu0kzNbOpwjpFV-MDcMB-Equ3yPY-l-COMb6HgY=) has bought salinebag x1 from the trader "Medicals (Linda [MEDICAL])" in market zone "The Holler" (pos=<5632.000000, 32.000000, 5392.000000>) for a price of 150.
09:51:41.722 [Market] Player "Nick Leadbeatter" (id=JmVdSu0kzNbOpwjpFV-MDcMB-Equ3yPY-l-COMb6HgY=) has send a requested to purchase startkitiv x1 from the trader "Medicals (Linda [MEDICAL])" in market zone "The Holler" (pos=<5632.000000, 32.000000, 5392.000000>).
09:51:41.902 [Market] Player "Nick Leadbeatter" (id=JmVdSu0kzNbOpwjpFV-MDcMB-Equ3yPY-l-COMb6HgY=) has bought startkitiv x1 from the trader "Medicals (Linda [MEDICAL])" in market zone "The Holler" (pos=<5632.000000, 32.000000, 5392.000000>) for a price of 100.
09:51:41.972 [Market] Player "Nick Leadbeatter" (id=JmVdSu0kzNbOpwjpFV-MDcMB-Equ3yPY-l-COMb6HgY=) has send a requested to purchase startkitiv x1 from the trader "Medicals (Linda [MEDICAL])" in market zone "The Holler" (pos=<5632.000000, 32.000000, 5392.000000>).
09:51:42.152 [Market] Player "Nick Leadbeatter" (id=JmVdSu0kzNbOpwjpFV-MDcMB-Equ3yPY-l-COMb6HgY=) has bought startkitiv x1 from the trader "Medicals (Linda [MEDICAL])" in market zone "The Holler" (pos=<5632.000000, 32.000000, 5392.000000>) for a price of 100.
09:51:42.152 [Market] Player "Nick Leadbeatter" (id=JmVdSu0kzNbOpwjpFV-MDcMB-Equ3yPY-l-COMb6HgY=) has send a requested to purchase startkitiv x1 from the trader "Medicals (Linda [MEDICAL])" in market zone "The Holler" (pos=<5632.000000, 32.000000, 5392.000000>).
09:51:42.339 [Market] Player "Nick Leadbeatter" (id=JmVdSu0kzNbOpwjpFV-MDcMB-Equ3yPY-l-COMb6HgY=) has bought startkitiv x1 from the trader "Medicals (Linda [MEDICAL])" in market zone "The Holler" (pos=<5632.000000, 32.000000, 5392.000000>) for a price of 100.
09:51:42.339 [Market] Player "Nick Leadbeatter" (id=JmVdSu0kzNbOpwjpFV-MDcMB-Equ3yPY-l-COMb6HgY=) has send a requested to purchase startkitiv x1 from the trader "Medicals (Linda [MEDICAL])" in market zone "The Holler" (pos=<5632.000000, 32.000000, 5392.000000>).
09:51:42.519 [Market] Player "Nick Leadbeatter" (id=JmVdSu0kzNbOpwjpFV-MDcMB-Equ3yPY-l-COMb6HgY=) has bought startkitiv x1 from the trader "Medicals (Linda [MEDICAL])" in market zone "The Holler" (pos=<5632.000000, 32.000000, 5392.000000>) for a price of 100.
09:51:42.582 [Market] Player "Nick Leadbeatter" (id=JmVdSu0kzNbOpwjpFV-MDcMB-Equ3yPY-l-COMb6HgY=) has send a requested to purchase startkitiv x1 from the trader "Medicals (Linda [MEDICAL])" in market zone "The Holler" (pos=<5632.000000, 32.000000, 5392.000000>).
09:51:42.765 [Market] Player "Nick Leadbeatter" (id=JmVdSu0kzNbOpwjpFV-MDcMB-Equ3yPY-l-COMb6HgY=) has bought startkitiv x1 from the trader "Medicals (Linda [MEDICAL])" in market zone "The Holler" (pos=<5632.000000, 32.000000, 5392.000000>) for a price of 100.
09:51:42.765 [Market] Player "Nick Leadbeatter" (id=JmVdSu0kzNbOpwjpFV-MDcMB-Equ3yPY-l-COMb6HgY=) has send a requested to purchase startkitiv x1 from the trader "Medicals (Linda [MEDICAL])" in market zone "The Holler" (pos=<5632.000000, 32.000000, 5392.000000>).
09:51:42.949 [Market] Player "Nick Leadbeatter" (id=JmVdSu0kzNbOpwjpFV-MDcMB-Equ3yPY-l-COMb6HgY=) has bought startkitiv x1 from the trader "Medicals (Linda [MEDICAL])" in market zone "The Holler" (pos=<5632.000000, 32.000000, 5392.000000>) for a price of 100.
09:51:42.953 [Market] Player "Nick Leadbeatter" (id=JmVdSu0kzNbOpwjpFV-MDcMB-Equ3yPY-l-COMb6HgY=) has send a requested to purchase startkitiv x1 from the trader "Medicals (Linda [MEDICAL])" in market zone "The Holler" (pos=<5632.000000, 32.000000, 5392.000000>).
09:51:43.136 [Market] Player "Nick Leadbeatter" (id=JmVdSu0kzNbOpwjpFV-MDcMB-Equ3yPY-l-COMb6HgY=) has bought startkitiv x1 from the trader "Medicals (Linda [MEDICAL])" in market zone "The Holler" (pos=<5632.000000, 32.000000, 5392.000000>) for a price of 100.
09:51:45.207 [Market] Player "Nick Leadbeatter" (id=JmVdSu0kzNbOpwjpFV-MDcMB-Equ3yPY-l-COMb6HgY=) has send a requested to sell startkitiv x1 at the trader "Medicals (Linda [MEDICAL])" in market zone "The Holler" (pos=<5632.000000, 32.000000, 5392.000000>).
09:51:45.390 [Market] Player "Nick Leadbeatter" (id=JmVdSu0kzNbOpwjpFV-MDcMB-Equ3yPY-l-COMb6HgY=) has sold startkitiv x1 at the trader "Medicals (Linda [MEDICAL])" in market zone "The Holler" (pos=<5632.000000, 32.000000, 5392.000000>) and got 75.
09:51:45.921 [Market] Player "Nick Leadbeatter" (id=JmVdSu0kzNbOpwjpFV-MDcMB-Equ3yPY-l-COMb6HgY=) has send a requested to sell startkitiv x1 at the trader "Medicals (Linda [MEDICAL])" in market zone "The Holler" (pos=<5632.000000, 32.000000, 5392.000000>).
09:51:46.101 [Market] Player "Nick Leadbeatter" (id=JmVdSu0kzNbOpwjpFV-MDcMB-Equ3yPY-l-COMb6HgY=) has sold startkitiv x1 at the trader "Medicals (Linda [MEDICAL])" in market zone "The Holler" (pos=<5632.000000, 32.000000, 5392.000000>) and got 75.
09:52:36.562 [MissionAirdrop] An airdrop is heading towards "Hazelands" (pos=<4539.000000, 0.000000, 2317.000000> type=Random_Hazelands) with a ExpansionAirdropContainer_Medical
09:58:14.921 [ATM] Player "Nick Leadbeatter" (id=JmVdSu0kzNbOpwjpFV-MDcMB-Equ3yPY-l-COMb6HgY=) has deposited 5418 on his ATM account.
10:05:04.492 [Party] Player "brailsford40" (id=HQAtXFe6fZZL90M2CD_a22otF9NJ2s4t7n-ol5BAu6o=) joinded the party "DIEHARD" (id=32 ownerUID=JmVdSu0kzNbOpwjpFV-MDcMB-Equ3yPY-l-COMb6HgY= ownerName=Nick Leadbeatter)
10:05:22.843 [Chat - Global]("Nick Leadbeatter"(id=JmVdSu0kzNbOpwjpFV-MDcMB-Equ3yPY-l-COMb6HgY=)): hi mark
10:05:51.746 [Chat - Global]("brailsford40"(id=HQAtXFe6fZZL90M2CD_a22otF9NJ2s4t7n-ol5BAu6o=)): hello
10:06:08.691 [Chat - Global]("Nick Leadbeatter"(id=JmVdSu0kzNbOpwjpFV-MDcMB-Equ3yPY-l-COMb6HgY=)): you ok
10:06:39.664 [Chat - Global]("brailsford40"(id=HQAtXFe6fZZL90M2CD_a22otF9NJ2s4t7n-ol5BAu6o=)): flued up but yae ok
10:07:15.941 [ATM] Player "Nick Leadbeatter" (id=JmVdSu0kzNbOpwjpFV-MDcMB-Equ3yPY-l-COMb6HgY=) has withdrawn 15000 from the party "DIEHARD" (partyid=32 | ownerid=JmVdSu0kzNbOpwjpFV-MDcMB-Equ3yPY-l-COMb6HgY=) ATM account.
10:07:19.312 [ATM] Player "Nick Leadbeatter" (id=JmVdSu0kzNbOpwjpFV-MDcMB-Equ3yPY-l-COMb6HgY=) has withdrawn 15000 from his ATM account.
10:09:50.640 [ATM] Player "Nick Leadbeatter" (id=JmVdSu0kzNbOpwjpFV-MDcMB-Equ3yPY-l-COMb6HgY=) has withdrawn 5418 from his ATM account.
10:10:06.703 [ATM] Player "Nick Leadbeatter" (id=JmVdSu0kzNbOpwjpFV-MDcMB-Equ3yPY-l-COMb6HgY=) has withdrawn 10000 from the party "DIEHARD" (partyid=32 | ownerid=JmVdSu0kzNbOpwjpFV-MDcMB-Equ3yPY-l-COMb6HgY=) ATM account.
10:10:07.867 [ATM] Player "Nick Leadbeatter" (id=JmVdSu0kzNbOpwjpFV-MDcMB-Equ3yPY-l-COMb6HgY=) has withdrawn 10000 from his ATM account.
10:11:02.738 [Safezone] Player "tearsofdawn1066" (id=Sltx5zKJy7sVbO2kN3XTpRthB0wkULqErUtRpY6M_7o= pos=<5615.750488, 29.021755, 5417.226074>) Entered the safezone
10:11:02.742 [Party] Player "tearsofdawn1066" (id=Sltx5zKJy7sVbO2kN3XTpRthB0wkULqErUtRpY6M_7o=) joinded the party "DIEHARD" (id=32 ownerUID=JmVdSu0kzNbOpwjpFV-MDcMB-Equ3yPY-l-COMb6HgY= ownerName=Nick Leadbeatter)
10:11:38.250 [Market] Player "Nick Leadbeatter" (id=JmVdSu0kzNbOpwjpFV-MDcMB-Equ3yPY-l-COMb6HgY=) has send a requested to purchase mvs_combat_vest_black x1 from the trader "Clothing_Accessories (Elias [CLOTHING & ACCESSORIES])" in market zone "The Holler" (pos=<5632.000000, 32.000000, 5392.000000>).
10:11:38.464 [Market] Player "Nick Leadbeatter" (id=JmVdSu0kzNbOpwjpFV-MDcMB-Equ3yPY-l-COMb6HgY=) has bought mvs_combat_vest_black x1 from the trader "Clothing_Accessories (Elias [CLOTHING & ACCESSORIES])" in market zone "The Holler" (pos=<5632.000000, 32.000000, 5392.000000>) for a price of 22000.
10:13:09.085 [VehicleCover] Player "brailsford40" (id=HQAtXFe6fZZL90M2CD_a22otF9NJ2s4t7n-ol5BAu6o= pos=<7446.556152, 6.662482, 8468.439453>) uncovered vehicle "ToyotaHilux_rust" (GlobalID=80000000800000008000000080013459 pos=<7446.383301, 6.654765, 8465.192383>)!
10:13:28.695 [VehicleCarKey] Player "brailsford40" (id=HQAtXFe6fZZL90M2CD_a22otF9NJ2s4t7n-ol5BAu6o= pos=<7446.553711, 6.662482, 8468.458008>) used the  ExpansionCarKey to unlock ToyotaHilux_rust (id=7C34C3282345C8742025ED8CD9DAA1AA pos=<7446.386230, 6.654764, 8465.193359>)
10:14:23.253 [VehicleCarKey] Player "brailsford40" (id=HQAtXFe6fZZL90M2CD_a22otF9NJ2s4t7n-ol5BAu6o= pos=<7446.553711, 6.662482, 8468.458008>) used the  ExpansionCarKey to lock ToyotaHilux_rust (id=7C34C3282345C8742025ED8CD9DAA1AA pos=<7446.386230, 6.654764, 8465.193359>)
10:14:38.042 [Market] Player "tearsofdawn1066" (id=Sltx5zKJy7sVbO2kN3XTpRthB0wkULqErUtRpY6M_7o=) has send a requested to sell athleticshoes_black x1 at the trader "Clothing_Accessories (Elias [CLOTHING & ACCESSORIES])" in market zone "The Holler" (pos=<5632.000000, 32.000000, 5392.000000>).
10:14:38.507 [Market] Player "tearsofdawn1066" (id=Sltx5zKJy7sVbO2kN3XTpRthB0wkULqErUtRpY6M_7o=) has sold athleticshoes_black x1 at the trader "Clothing_Accessories (Elias [CLOTHING & ACCESSORIES])" in market zone "The Holler" (pos=<5632.000000, 32.000000, 5392.000000>) and got 17.
10:14:41.234 [Market] Player "tearsofdawn1066" (id=Sltx5zKJy7sVbO2kN3XTpRthB0wkULqErUtRpY6M_7o=) has send a requested to sell mvs_6b47_helmet_od x1 at the trader "Clothing_Accessories (Elias [CLOTHING & ACCESSORIES])" in market zone "The Holler" (pos=<5632.000000, 32.000000, 5392.000000>).
10:14:41.398 [Market] Player "tearsofdawn1066" (id=Sltx5zKJy7sVbO2kN3XTpRthB0wkULqErUtRpY6M_7o=) has sold mvs_6b47_helmet_od x1 at the trader "Clothing_Accessories (Elias [CLOTHING & ACCESSORIES])" in market zone "The Holler" (pos=<5632.000000, 32.000000, 5392.000000>) and got 225.
10:15:09.359 [ATM] Player "Nick Leadbeatter" (id=JmVdSu0kzNbOpwjpFV-MDcMB-Equ3yPY-l-COMb6HgY=) has deposited 8418 on his ATM account.
10:15:18.789 [ATM] Player "Nick Leadbeatter" (id=JmVdSu0kzNbOpwjpFV-MDcMB-Equ3yPY-l-COMb6HgY=) has deposited 8418 on the party "DIEHARD" (partyid=32 | ownerid=JmVdSu0kzNbOpwjpFV-MDcMB-Equ3yPY-l-COMb6HgY=) ATM account.
10:16:02.343 [VehicleCover] Player "Nick Leadbeatter" (id=JmVdSu0kzNbOpwjpFV-MDcMB-Equ3yPY-l-COMb6HgY= pos=<5644.250000, 28.372816, 5372.472168>) uncovered vehicle "PONTIAC_Dark_Red" (GlobalID=80000000800000008000000080016FC8 pos=<5642.172363, 28.452660, 5372.679688>)!
10:16:04.832 [VehicleCarKey] Player "tearsofdawn1066" (id=Sltx5zKJy7sVbO2kN3XTpRthB0wkULqErUtRpY6M_7o= pos=<5644.081055, 28.495916, 5373.923828>) used the  ExpansionCarKey to unlock PONTIAC_Dark_Red (id=60B3F3B31241C7BA006D5DB10F55BB30 pos=<5642.176270, 28.452311, 5372.678711>)
10:17:21.066 [AI Patrol] Spawning 3 Temple Patrol bots at <347.019348, 47.070000, 841.691833>
10:17:21.078 [AI Patrol] Spawning 3 Temple Patrol bots at <332.923889, 47.070000, 740.977356>
10:17:21.089 [AI Patrol] Spawning 3 Temple Patrol bots at <329.535858, 47.070000, 763.088013>
10:17:22.742 [VehicleEnter] Player Nick Leadbeatter [uid=JmVdSu0kzNbOpwjpFV-MDcMB-Equ3yPY-l-COMb6HgY=] entered vehicle PONTIAC (Dark Red) (id=60B3F3B31241C7BA006D5DB10F55BB30 pos=<5642.176270, 28.452311, 5372.678711>) as passenger
10:17:41.382 [Market] Player "tearsofdawn1066" (id=Sltx5zKJy7sVbO2kN3XTpRthB0wkULqErUtRpY6M_7o=) has send a requested to sell nvgheadstrap x1 at the trader "Clothing_Accessories (Elias [CLOTHING & ACCESSORIES])" in market zone "The Holler" (pos=<5632.000000, 32.000000, 5392.000000>).
10:17:41.539 [Market] Player "tearsofdawn1066" (id=Sltx5zKJy7sVbO2kN3XTpRthB0wkULqErUtRpY6M_7o=) has sold nvgheadstrap x1 at the trader "Clothing_Accessories (Elias [CLOTHING & ACCESSORIES])" in market zone "The Holler" (pos=<5632.000000, 32.000000, 5392.000000>) and got 150.
10:19:03.351 [Market] Player "tearsofdawn1066" (id=Sltx5zKJy7sVbO2kN3XTpRthB0wkULqErUtRpY6M_7o=) has send a requested to sell mvs_taco_pouch_forest_bunker x1 at the trader "Clothing_Accessories (Elias [CLOTHING & ACCESSORIES])" in market zone "The Holler" (pos=<5632.000000, 32.000000, 5392.000000>).
10:19:03.550 [Market] Player "tearsofdawn1066" (id=Sltx5zKJy7sVbO2kN3XTpRthB0wkULqErUtRpY6M_7o=) has sold mvs_taco_pouch_forest_bunker x1 at the trader "Clothing_Accessories (Elias [CLOTHING & ACCESSORIES])" in market zone "The Holler" (pos=<5632.000000, 32.000000, 5392.000000>) and got 450.
10:19:25.621 [Market] Player "tearsofdawn1066" (id=Sltx5zKJy7sVbO2kN3XTpRthB0wkULqErUtRpY6M_7o=) has send a requested to sell mvs_admin_pouch_orange_camo_bunker x1 at the trader "Clothing_Accessories (Elias [CLOTHING & ACCESSORIES])" in market zone "The Holler" (pos=<5632.000000, 32.000000, 5392.000000>).
10:19:25.777 [Market] Player "tearsofdawn1066" (id=Sltx5zKJy7sVbO2kN3XTpRthB0wkULqErUtRpY6M_7o=) has sold mvs_admin_pouch_orange_camo_bunker x1 at the trader "Clothing_Accessories (Elias [CLOTHING & ACCESSORIES])" in market zone "The Holler" (pos=<5632.000000, 32.000000, 5392.000000>) and got 450.
10:19:26.500 [Market] Player "tearsofdawn1066" (id=Sltx5zKJy7sVbO2kN3XTpRthB0wkULqErUtRpY6M_7o=) has send a requested to sell mvs_admin_pouch_orange_camo_bunker x1 at the trader "Clothing_Accessories (Elias [CLOTHING & ACCESSORIES])" in market zone "The Holler" (pos=<5632.000000, 32.000000, 5392.000000>).
10:19:26.695 [Market] Player "tearsofdawn1066" (id=Sltx5zKJy7sVbO2kN3XTpRthB0wkULqErUtRpY6M_7o=) has sold mvs_admin_pouch_orange_camo_bunker x1 at the trader "Clothing_Accessories (Elias [CLOTHING & ACCESSORIES])" in market zone "The Holler" (pos=<5632.000000, 32.000000, 5392.000000>) and got 450.
10:19:27.429 [Market] Player "tearsofdawn1066" (id=Sltx5zKJy7sVbO2kN3XTpRthB0wkULqErUtRpY6M_7o=) has send a requested to sell mvs_medical_pouch_orange_camo_bunker x1 at the trader "Clothing_Accessories (Elias [CLOTHING & ACCESSORIES])" in market zone "The Holler" (pos=<5632.000000, 32.000000, 5392.000000>).
10:19:27.609 [Market] Player "tearsofdawn1066" (id=Sltx5zKJy7sVbO2kN3XTpRthB0wkULqErUtRpY6M_7o=) has sold mvs_medical_pouch_orange_camo_bunker x1 at the trader "Clothing_Accessories (Elias [CLOTHING & ACCESSORIES])" in market zone "The Holler" (pos=<5632.000000, 32.000000, 5392.000000>) and got 450.
10:19:28.347 [Market] Player "tearsofdawn1066" (id=Sltx5zKJy7sVbO2kN3XTpRthB0wkULqErUtRpY6M_7o=) has send a requested to sell mvs_utility_pouch_orange_camo_bunker x1 at the trader "Clothing_Accessories (Elias [CLOTHING & ACCESSORIES])" in market zone "The Holler" (pos=<5632.000000, 32.000000, 5392.000000>).
10:19:28.531 [Market] Player "tearsofdawn1066" (id=Sltx5zKJy7sVbO2kN3XTpRthB0wkULqErUtRpY6M_7o=) has sold mvs_utility_pouch_orange_camo_bunker x1 at the trader "Clothing_Accessories (Elias [CLOTHING & ACCESSORIES])" in market zone "The Holler" (pos=<5632.000000, 32.000000, 5392.000000>) and got 450.
10:19:33.445 [Market] Player "tearsofdawn1066" (id=Sltx5zKJy7sVbO2kN3XTpRthB0wkULqErUtRpY6M_7o=) has send a requested to sell mvs_combat_vest_orange_camo_bunker x1 at the trader "Clothing_Accessories (Elias [CLOTHING & ACCESSORIES])" in market zone "The Holler" (pos=<5632.000000, 32.000000, 5392.000000>).
10:19:33.632 [Market] Player "tearsofdawn1066" (id=Sltx5zKJy7sVbO2kN3XTpRthB0wkULqErUtRpY6M_7o=) has sold mvs_combat_vest_orange_camo_bunker x1 at the trader "Clothing_Accessories (Elias [CLOTHING & ACCESSORIES])" in market zone "The Holler" (pos=<5632.000000, 32.000000, 5392.000000>) and got 8250.
10:20:23.988 [Market] Player "tearsofdawn1066" (id=Sltx5zKJy7sVbO2kN3XTpRthB0wkULqErUtRpY6M_7o=) has send a requested to purchase mvs_combat_vest_multicam x1 from the trader "Clothing_Accessories (Elias [CLOTHING & ACCESSORIES])" in market zone "The Holler" (pos=<5632.000000, 32.000000, 5392.000000>).
10:20:24.156 [Market] Player "tearsofdawn1066" (id=Sltx5zKJy7sVbO2kN3XTpRthB0wkULqErUtRpY6M_7o=) has bought mvs_combat_vest_multicam x1 from the trader "Clothing_Accessories (Elias [CLOTHING & ACCESSORIES])" in market zone "The Holler" (pos=<5632.000000, 32.000000, 5392.000000>) for a price of 22000.
10:20:44.394 [Market] Player "tearsofdawn1066" (id=Sltx5zKJy7sVbO2kN3XTpRthB0wkULqErUtRpY6M_7o=) has send a requested to purchase mvs_admin_pouch_od x1 from the trader "Clothing_Accessories (Elias [CLOTHING & ACCESSORIES])" in market zone "The Holler" (pos=<5632.000000, 32.000000, 5392.000000>).
10:20:44.570 [Market] Player "tearsofdawn1066" (id=Sltx5zKJy7sVbO2kN3XTpRthB0wkULqErUtRpY6M_7o=) has bought mvs_admin_pouch_od x1 from the trader "Clothing_Accessories (Elias [CLOTHING & ACCESSORIES])" in market zone "The Holler" (pos=<5632.000000, 32.000000, 5392.000000>) for a price of 600.
10:20:56.585 [Market] Player "tearsofdawn1066" (id=Sltx5zKJy7sVbO2kN3XTpRthB0wkULqErUtRpY6M_7o=) has send a requested to purchase mvs_medical_pouch_multicam_tropic x1 from the trader "Clothing_Accessories (Elias [CLOTHING & ACCESSORIES])" in market zone "The Holler" (pos=<5632.000000, 32.000000, 5392.000000>).
10:20:56.777 [Market] Player "tearsofdawn1066" (id=Sltx5zKJy7sVbO2kN3XTpRthB0wkULqErUtRpY6M_7o=) has bought mvs_medical_pouch_multicam_tropic x1 from the trader "Clothing_Accessories (Elias [CLOTHING & ACCESSORIES])" in market zone "The Holler" (pos=<5632.000000, 32.000000, 5392.000000>) for a price of 600.
10:21:28.554 [VehicleCarKey] Player "brailsford40" (id=HQAtXFe6fZZL90M2CD_a22otF9NJ2s4t7n-ol5BAu6o= pos=<7445.836426, 6.662500, 8468.514648>) used the  ExpansionCarKey to unlock ToyotaHilux_rust (id=7C34C3282345C8742025ED8CD9DAA1AA pos=<7446.386230, 6.654764, 8465.193359>)
10:21:53.570 [Market] Player "tearsofdawn1066" (id=Sltx5zKJy7sVbO2kN3XTpRthB0wkULqErUtRpY6M_7o=) has send a requested to purchase mvs_utility_pouch_od x1 from the trader "Clothing_Accessories (Elias [CLOTHING & ACCESSORIES])" in market zone "The Holler" (pos=<5632.000000, 32.000000, 5392.000000>).
10:21:53.718 [Market] Player "tearsofdawn1066" (id=Sltx5zKJy7sVbO2kN3XTpRthB0wkULqErUtRpY6M_7o=) has bought mvs_utility_pouch_od x1 from the trader "Clothing_Accessories (Elias [CLOTHING & ACCESSORIES])" in market zone "The Holler" (pos=<5632.000000, 32.000000, 5392.000000>) for a price of 600.
10:21:59.070 [Market] Player "tearsofdawn1066" (id=Sltx5zKJy7sVbO2kN3XTpRthB0wkULqErUtRpY6M_7o=) has send a requested to purchase mvs_taco_pouch_od x1 from the trader "Clothing_Accessories (Elias [CLOTHING & ACCESSORIES])" in market zone "The Holler" (pos=<5632.000000, 32.000000, 5392.000000>).
10:21:59.269 [Market] Player "tearsofdawn1066" (id=Sltx5zKJy7sVbO2kN3XTpRthB0wkULqErUtRpY6M_7o=) has bought mvs_taco_pouch_od x1 from the trader "Clothing_Accessories (Elias [CLOTHING & ACCESSORIES])" in market zone "The Holler" (pos=<5632.000000, 32.000000, 5392.000000>) for a price of 600.
10:22:50.578 [Market] Player "tearsofdawn1066" (id=Sltx5zKJy7sVbO2kN3XTpRthB0wkULqErUtRpY6M_7o=) has send a requested to purchase mvs_belt_od x1 from the trader "Clothing_Accessories (Elias [CLOTHING & ACCESSORIES])" in market zone "The Holler" (pos=<5632.000000, 32.000000, 5392.000000>).
10:22:50.746 [Market] Player "tearsofdawn1066" (id=Sltx5zKJy7sVbO2kN3XTpRthB0wkULqErUtRpY6M_7o=) has bought mvs_belt_od x1 from the trader "Clothing_Accessories (Elias [CLOTHING & ACCESSORIES])" in market zone "The Holler" (pos=<5632.000000, 32.000000, 5392.000000>) for a price of 1000.
10:23:22.156 [Market] Player "tearsofdawn1066" (id=Sltx5zKJy7sVbO2kN3XTpRthB0wkULqErUtRpY6M_7o=) has send a requested to purchase mvs_magazine_pouch_od x1 from the trader "Clothing_Accessories (Elias [CLOTHING & ACCESSORIES])" in market zone "The Holler" (pos=<5632.000000, 32.000000, 5392.000000>).
10:23:22.335 [Market] Player "tearsofdawn1066" (id=Sltx5zKJy7sVbO2kN3XTpRthB0wkULqErUtRpY6M_7o=) has bought mvs_magazine_pouch_od x1 from the trader "Clothing_Accessories (Elias [CLOTHING & ACCESSORIES])" in market zone "The Holler" (pos=<5632.000000, 32.000000, 5392.000000>) for a price of 600.
10:24:07.945 [Market] Player "tearsofdawn1066" (id=Sltx5zKJy7sVbO2kN3XTpRthB0wkULqErUtRpY6M_7o=) has send a requested to purchase mvs_sheath_od x1 from the trader "Clothing_Accessories (Elias [CLOTHING & ACCESSORIES])" in market zone "The Holler" (pos=<5632.000000, 32.000000, 5392.000000>).
10:24:08.132 [Market] Player "tearsofdawn1066" (id=Sltx5zKJy7sVbO2kN3XTpRthB0wkULqErUtRpY6M_7o=) has bought mvs_sheath_od x1 from the trader "Clothing_Accessories (Elias [CLOTHING & ACCESSORIES])" in market zone "The Holler" (pos=<5632.000000, 32.000000, 5392.000000>) for a price of 600.
10:24:10.039 [Market] Player "tearsofdawn1066" (id=Sltx5zKJy7sVbO2kN3XTpRthB0wkULqErUtRpY6M_7o=) has send a requested to purchase mvs_holster_od x1 from the trader "Clothing_Accessories (Elias [CLOTHING & ACCESSORIES])" in market zone "The Holler" (pos=<5632.000000, 32.000000, 5392.000000>).
10:24:10.214 [Market] Player "tearsofdawn1066" (id=Sltx5zKJy7sVbO2kN3XTpRthB0wkULqErUtRpY6M_7o=) has bought mvs_holster_od x1 from the trader "Clothing_Accessories (Elias [CLOTHING & ACCESSORIES])" in market zone "The Holler" (pos=<5632.000000, 32.000000, 5392.000000>) for a price of 600.
10:26:04.234 [VehicleLeave] Player Nick Leadbeatter [uid=JmVdSu0kzNbOpwjpFV-MDcMB-Equ3yPY-l-COMb6HgY=] left vehicle PONTIAC (Dark Red) (id=60B3F3B31241C7BA006D5DB10F55BB30 pos=<5642.176270, 28.452311, 5372.678711>)
10:26:27.898 [VehicleEnter] Player brailsford40 [uid=HQAtXFe6fZZL90M2CD_a22otF9NJ2s4t7n-ol5BAu6o=] entered vehicle ToyotaHilux rust (id=7C34C3282345C8742025ED8CD9DAA1AA pos=<7446.386719, 6.654759, 8465.193359>) as driver
10:26:33.937 [VehicleEngine] Player brailsford40 [uid=HQAtXFe6fZZL90M2CD_a22otF9NJ2s4t7n-ol5BAu6o=] started vehicle ToyotaHilux rust (Locked) (id=7C34C3282345C8742025ED8CD9DAA1AA pos=<7446.382813, 6.654741, 8465.193359>)
10:26:42.226 [Market] Player "tearsofdawn1066" (id=Sltx5zKJy7sVbO2kN3XTpRthB0wkULqErUtRpY6M_7o=) has send a requested to sell aks74u_bttstck x1 at the trader "WeaponAccessories (Rolf [WEAPON ACCESSORIES])" in market zone "The Holler" (pos=<5632.000000, 32.000000, 5392.000000>).
10:26:42.414 [Market] Player "tearsofdawn1066" (id=Sltx5zKJy7sVbO2kN3XTpRthB0wkULqErUtRpY6M_7o=) has sold aks74u_bttstck x1 at the trader "WeaponAccessories (Rolf [WEAPON ACCESSORIES])" in market zone "The Holler" (pos=<5632.000000, 32.000000, 5392.000000>) and got 112.
10:26:51.316 [Market] Player "tearsofdawn1066" (id=Sltx5zKJy7sVbO2kN3XTpRthB0wkULqErUtRpY6M_7o=) has send a requested to sell aks74u x1 at the trader "Weapons (Oliver [WEAPONS])" in market zone "The Holler" (pos=<5632.000000, 32.000000, 5392.000000>).
10:26:51.480 [Market] Player "tearsofdawn1066" (id=Sltx5zKJy7sVbO2kN3XTpRthB0wkULqErUtRpY6M_7o=) has sold aks74u x1 at the trader "Weapons (Oliver [WEAPONS])" in market zone "The Holler" (pos=<5632.000000, 32.000000, 5392.000000>) and got 2049.
10:27:29.718 [Market] Player "tearsofdawn1066" (id=Sltx5zKJy7sVbO2kN3XTpRthB0wkULqErUtRpY6M_7o=) has send a requested to purchase mvs_molle_panel_od x1 from the trader "Clothing_Accessories (Elias [CLOTHING & ACCESSORIES])" in market zone "The Holler" (pos=<5632.000000, 32.000000, 5392.000000>).
10:27:29.957 [Market] Player "tearsofdawn1066" (id=Sltx5zKJy7sVbO2kN3XTpRthB0wkULqErUtRpY6M_7o=) has bought mvs_molle_panel_od x1 from the trader "Clothing_Accessories (Elias [CLOTHING & ACCESSORIES])" in market zone "The Holler" (pos=<5632.000000, 32.000000, 5392.000000>) for a price of 600.
10:28:14.335 [Safezone] Player "Nick Leadbeatter" (id=JmVdSu0kzNbOpwjpFV-MDcMB-Equ3yPY-l-COMb6HgY= pos=<5634.816406, 27.963964, 5562.684082>) Left the safezone
10:28:57.222 [Market] Player "tearsofdawn1066" (id=Sltx5zKJy7sVbO2kN3XTpRthB0wkULqErUtRpY6M_7o=) has send a requested to sell mag_ak74_30rnd x1 at the trader "Weapons (Oliver [WEAPONS])" in market zone "The Holler" (pos=<5632.000000, 32.000000, 5392.000000>).
10:28:57.417 [Market] Player "tearsofdawn1066" (id=Sltx5zKJy7sVbO2kN3XTpRthB0wkULqErUtRpY6M_7o=) has sold mag_ak74_30rnd x1 at the trader "Weapons (Oliver [WEAPONS])" in market zone "The Holler" (pos=<5632.000000, 32.000000, 5392.000000>) and got 153.
10:30:07.816 [AI Patrol] Spawning 2 Shamans bots at <5345.525391, 25.335592, 7978.199219>
10:30:52.574 [Market] Player "tearsofdawn1066" (id=Sltx5zKJy7sVbO2kN3XTpRthB0wkULqErUtRpY6M_7o=) has send a requested to purchase militaryboots_bluerock x1 from the trader "Clothing_Accessories (Elias [CLOTHING & ACCESSORIES])" in market zone "The Holler" (pos=<5632.000000, 32.000000, 5392.000000>).
10:30:52.753 [Market] Player "tearsofdawn1066" (id=Sltx5zKJy7sVbO2kN3XTpRthB0wkULqErUtRpY6M_7o=) has bought militaryboots_bluerock x1 from the trader "Clothing_Accessories (Elias [CLOTHING & ACCESSORIES])" in market zone "The Holler" (pos=<5632.000000, 32.000000, 5392.000000>) for a price of 105.
10:31:21.601 [AI Patrol] Spawning 3 Power Plant Patrol bots at <4739.091309, 20.430000, 7107.164063>
10:31:55.011 [ATM] Player "tearsofdawn1066" (id=Sltx5zKJy7sVbO2kN3XTpRthB0wkULqErUtRpY6M_7o=) has deposited 2019 on his ATM account.
10:31:58.312 [ATM] Player "tearsofdawn1066" (id=Sltx5zKJy7sVbO2kN3XTpRthB0wkULqErUtRpY6M_7o=) has deposited 2019 on the party "DIEHARD" (partyid=32 | ownerid=JmVdSu0kzNbOpwjpFV-MDcMB-Equ3yPY-l-COMb6HgY=) ATM account.
10:32:15.980 [VehicleEnter] Player tearsofdawn1066 [uid=Sltx5zKJy7sVbO2kN3XTpRthB0wkULqErUtRpY6M_7o=] entered vehicle PONTIAC (Dark Red) (id=60B3F3B31241C7BA006D5DB10F55BB30 pos=<5642.175781, 28.452333, 5372.678223>) as driver
10:32:18.343 [VehicleLeave] Player tearsofdawn1066 [uid=Sltx5zKJy7sVbO2kN3XTpRthB0wkULqErUtRpY6M_7o=] left vehicle PONTIAC (Dark Red) (id=60B3F3B31241C7BA006D5DB10F55BB30 pos=<5642.176270, 28.452322, 5372.678711>)
10:32:30.281 [VehicleEnter] Player tearsofdawn1066 [uid=Sltx5zKJy7sVbO2kN3XTpRthB0wkULqErUtRpY6M_7o=] entered vehicle PONTIAC (Dark Red) (id=60B3F3B31241C7BA006D5DB10F55BB30 pos=<5642.176270, 28.452312, 5372.678711>) as driver
10:32:37.765 [VehicleEngine] Player tearsofdawn1066 [uid=Sltx5zKJy7sVbO2kN3XTpRthB0wkULqErUtRpY6M_7o=] started vehicle PONTIAC (Dark Red) (id=60B3F3B31241C7BA006D5DB10F55BB30 pos=<5642.176270, 28.452322, 5372.678711>)
10:32:41.695 [VehicleEngine] Player tearsofdawn1066 [uid=Sltx5zKJy7sVbO2kN3XTpRthB0wkULqErUtRpY6M_7o=] stopped vehicle PONTIAC (Dark Red) (id=60B3F3B31241C7BA006D5DB10F55BB30 pos=<5642.175781, 28.452332, 5372.678223>)
10:32:43.593 [VehicleEngine] Player tearsofdawn1066 [uid=Sltx5zKJy7sVbO2kN3XTpRthB0wkULqErUtRpY6M_7o=] started vehicle PONTIAC (Dark Red) (id=60B3F3B31241C7BA006D5DB10F55BB30 pos=<5642.175781, 28.452309, 5372.678223>)
10:33:18.187 [Safezone] Player "tearsofdawn1066" (id=Sltx5zKJy7sVbO2kN3XTpRthB0wkULqErUtRpY6M_7o= pos=<5626.830078, 15.827863, 5695.956055>) Left the safezone
10:34:49.421 [VehicleEnter] Player Nick Leadbeatter [uid=JmVdSu0kzNbOpwjpFV-MDcMB-Equ3yPY-l-COMb6HgY=] entered vehicle ToyotaHilux rust (id=7C34C3282345C8742025ED8CD9DAA1AA pos=<5655.962891, 6.353693, 6415.573730>) as passenger
10:41:20.343 [VehicleEngine] Player brailsford40 [uid=HQAtXFe6fZZL90M2CD_a22otF9NJ2s4t7n-ol5BAu6o=] stopped vehicle ToyotaHilux rust (id=7C34C3282345C8742025ED8CD9DAA1AA pos=<7450.207520, 6.654747, 8473.557617>)
10:41:38.929 [VehicleLeave] Player Nick Leadbeatter [uid=JmVdSu0kzNbOpwjpFV-MDcMB-Equ3yPY-l-COMb6HgY=] left vehicle ToyotaHilux rust (id=7C34C3282345C8742025ED8CD9DAA1AA pos=<7450.209961, 6.654761, 8473.557617>)
10:41:43.660 [VehicleLeave] Player brailsford40 [uid=HQAtXFe6fZZL90M2CD_a22otF9NJ2s4t7n-ol5BAu6o=] left vehicle ToyotaHilux rust (id=7C34C3282345C8742025ED8CD9DAA1AA pos=<7450.206543, 6.654741, 8473.557617>)
10:42:08.156 [VehicleLeave] Player tearsofdawn1066 [uid=Sltx5zKJy7sVbO2kN3XTpRthB0wkULqErUtRpY6M_7o=] left vehicle PONTIAC (Dark Red) (id=60B3F3B31241C7BA006D5DB10F55BB30 pos=<7431.263672, 6.621431, 8429.454102>)
10:42:13.289 [VehicleCarKey] Player "brailsford40" (id=HQAtXFe6fZZL90M2CD_a22otF9NJ2s4t7n-ol5BAu6o= pos=<7447.977539, 6.662481, 8476.933594>) used the  ExpansionCarKey to lock ToyotaHilux_rust (id=7C34C3282345C8742025ED8CD9DAA1AA pos=<7450.210449, 6.654764, 8473.557617>)
10:42:16.539 [VehicleCarKey] Player "tearsofdawn1066" (id=Sltx5zKJy7sVbO2kN3XTpRthB0wkULqErUtRpY6M_7o= pos=<7431.107910, 6.662500, 8430.808594>) used the  ExpansionCarKey to lock PONTIAC_Dark_Red (id=60B3F3B31241C7BA006D5DB10F55BB30 pos=<7431.263672, 6.621431, 8429.454102>)
10:42:20.128 [VehicleCarKey] Player "brailsford40" (id=HQAtXFe6fZZL90M2CD_a22otF9NJ2s4t7n-ol5BAu6o= pos=<7448.055176, 6.662500, 8476.983398>) used the  ExpansionCarKey to unlock ToyotaHilux_rust (id=7C34C3282345C8742025ED8CD9DAA1AA pos=<7450.210449, 6.654764, 8473.557617>)
10:42:50.777 [Party] Player "Nick Leadbeatter" (id=JmVdSu0kzNbOpwjpFV-MDcMB-Equ3yPY-l-COMb6HgY=) left the party "DIEHARD" (id=32 ownerUID=JmVdSu0kzNbOpwjpFV-MDcMB-Equ3yPY-l-COMb6HgY= ownerName=Nick Leadbeatter)
10:49:21.128 [VehicleCarKey] Player "tearsofdawn1066" (id=Sltx5zKJy7sVbO2kN3XTpRthB0wkULqErUtRpY6M_7o= pos=<7427.836914, 6.662500, 8429.704102>) used the  ExpansionCarKey to unlock PONTIAC_Dark_Red (id=60B3F3B31241C7BA006D5DB10F55BB30 pos=<7431.263672, 6.621431, 8429.454102>)
10:50:54.343 [VehicleCarKey] Player "tearsofdawn1066" (id=Sltx5zKJy7sVbO2kN3XTpRthB0wkULqErUtRpY6M_7o= pos=<7427.494141, 6.662457, 8429.629883>) used the  ExpansionCarKey to lock PONTIAC_Dark_Red (id=60B3F3B31241C7BA006D5DB10F55BB30 pos=<7431.263672, 6.621431, 8429.454102>)
10:50:56.054 [VehicleCarKey] Player "tearsofdawn1066" (id=Sltx5zKJy7sVbO2kN3XTpRthB0wkULqErUtRpY6M_7o= pos=<7427.494141, 6.662457, 8429.629883>) used the  ExpansionCarKey to unlock PONTIAC_Dark_Red (id=60B3F3B31241C7BA006D5DB10F55BB30 pos=<7431.263672, 6.621431, 8429.454102>)
10:51:00.820 [VehicleCarKey] Player "tearsofdawn1066" (id=Sltx5zKJy7sVbO2kN3XTpRthB0wkULqErUtRpY6M_7o= pos=<7428.048828, 6.662500, 8429.550781>) used the  ExpansionCarKey to lock PONTIAC_Dark_Red (id=60B3F3B31241C7BA006D5DB10F55BB30 pos=<7431.263672, 6.621431, 8429.454102>)
11:01:59.812 [Party] Player "BDH Crazy22" (id=xBwUe6F0ELy8UX4ZzLIEUefw3PJSjX0OdDxaAAGlFcY=) joinded the party "noobs" (id=27 ownerUID=xBwUe6F0ELy8UX4ZzLIEUefw3PJSjX0OdDxaAAGlFcY= ownerName=BDH Crazy22)
11:01:59.828 [AI Patrol] Spawning 3 Paris Island Patrol bots at <3210.713867, 22.444191, 4195.610352>
11:03:03.820 [Party] Player "Bog_Monster" (id=sAzfWixzA1-TNIKhVLRIVZHZX45UaBpWlaWuOFEUMag=) joinded the party "noobs" (id=27 ownerUID=xBwUe6F0ELy8UX4ZzLIEUefw3PJSjX0OdDxaAAGlFcY= ownerName=BDH Crazy22)
11:03:18.210 [AI Patrol] Spawning 3 Paris Island Patrol bots at <2804.883789, 22.188908, 3524.984375>
11:10:04.425 [VehicleCarKey] Player "tearsofdawn1066" (id=Sltx5zKJy7sVbO2kN3XTpRthB0wkULqErUtRpY6M_7o= pos=<7444.301270, 6.848814, 8434.170898>) used the  ExpansionCarKey to unlock ToyotaHilux_rust (id=15D5CEC07446AC707F3B08B18CC48136 pos=<7442.567383, 6.924149, 8434.825195>)
11:12:00.953 [Safezone] Player "tylerdurden096" (id=oftIe_HaFxYr8gtWi0QsZPf5jM7-6vgL_HjGWn2gjIU= pos=<5656.013672, 28.767141, 5512.138184>) Entered the safezone
11:14:15.652 [ATM] Player "tylerdurden096" (id=oftIe_HaFxYr8gtWi0QsZPf5jM7-6vgL_HjGWn2gjIU=) has withdrawn 50000 from his ATM account.
11:15:05.703 [Market] Player "tylerdurden096" (id=oftIe_HaFxYr8gtWi0QsZPf5jM7-6vgL_HjGWn2gjIU=) has send a requested to purchase azlk_rust x1 from the trader "Vehicles (Lewis [VEHICLES])" in market zone "The Holler" (pos=<5632.000000, 32.000000, 5392.000000>).
11:15:05.781 [VehicleDeleted] AZLK_rust (id=975FED43C943CD1EA22916B5B9833B52 pos=<0.002641, 0.486728, -0.310961>)
11:15:05.789 [Market] Player "tylerdurden096" (id=oftIe_HaFxYr8gtWi0QsZPf5jM7-6vgL_HjGWn2gjIU=) has bought azlk_rust x1 from the trader "Vehicles (Lewis [VEHICLES])" in market zone "The Holler" (pos=<5632.000000, 32.000000, 5392.000000>) for a price of 39300.
11:15:22.902 [VehicleCarKey] Player "tearsofdawn1066" (id=Sltx5zKJy7sVbO2kN3XTpRthB0wkULqErUtRpY6M_7o= pos=<7444.101563, 6.817829, 8434.281250>) used the  ExpansionCarKey to lock ToyotaHilux_rust (id=15D5CEC07446AC707F3B08B18CC48136 pos=<7442.567383, 6.924149, 8434.825195>)
11:15:23.468 [VehicleCarKey] Player "tylerdurden096" (id=oftIe_HaFxYr8gtWi0QsZPf5jM7-6vgL_HjGWn2gjIU= pos=<5599.548828, 28.722494, 5360.030273>) used the  ExpansionCarKey to unlock AZLK_rust (id=D9CFDEC13C41D5AA075A0690B8E901F5 pos=<5601.250488, 28.587709, 5357.652832>)
11:15:25.445 [VehicleCarKey] Player "tylerdurden096" (id=oftIe_HaFxYr8gtWi0QsZPf5jM7-6vgL_HjGWn2gjIU= pos=<5598.440918, 28.722498, 5359.594238>) used the  ExpansionCarKey to lock AZLK_rust (id=D9CFDEC13C41D5AA075A0690B8E901F5 pos=<5601.250488, 28.587709, 5357.652832>)
11:15:27.242 [VehicleCarKey] Player "tylerdurden096" (id=oftIe_HaFxYr8gtWi0QsZPf5jM7-6vgL_HjGWn2gjIU= pos=<5598.767090, 28.722498, 5359.287598>) used the  ExpansionCarKey to unlock AZLK_rust (id=D9CFDEC13C41D5AA075A0690B8E901F5 pos=<5601.250488, 28.587709, 5357.652832>)
11:16:54.328 [ATM] Player "tylerdurden096" (id=oftIe_HaFxYr8gtWi0QsZPf5jM7-6vgL_HjGWn2gjIU=) has withdrawn 20000 from his ATM account.
11:27:25.867 [Party] Player "tearsofdawn1066" (id=Sltx5zKJy7sVbO2kN3XTpRthB0wkULqErUtRpY6M_7o=) left the party "DIEHARD" (id=32 ownerUID=JmVdSu0kzNbOpwjpFV-MDcMB-Equ3yPY-l-COMb6HgY= ownerName=Nick Leadbeatter)
11:28:12.789 [Party] Player "BDH Crazy22" (id=xBwUe6F0ELy8UX4ZzLIEUefw3PJSjX0OdDxaAAGlFcY=) left the party "noobs" (id=27 ownerUID=xBwUe6F0ELy8UX4ZzLIEUefw3PJSjX0OdDxaAAGlFcY= ownerName=BDH Crazy22)
11:28:30.386 [Party] Player "BDH Crazy22" (id=xBwUe6F0ELy8UX4ZzLIEUefw3PJSjX0OdDxaAAGlFcY=) joinded the party "noobs" (id=27 ownerUID=xBwUe6F0ELy8UX4ZzLIEUefw3PJSjX0OdDxaAAGlFcY= ownerName=BDH Crazy22)
11:28:35.140 [Party] Player "Bog_Monster" (id=sAzfWixzA1-TNIKhVLRIVZHZX45UaBpWlaWuOFEUMag=) left the party "noobs" (id=27 ownerUID=xBwUe6F0ELy8UX4ZzLIEUefw3PJSjX0OdDxaAAGlFcY= ownerName=BDH Crazy22)
11:28:52.250 [Party] Player "Bog_Monster" (id=sAzfWixzA1-TNIKhVLRIVZHZX45UaBpWlaWuOFEUMag=) joinded the party "noobs" (id=27 ownerUID=xBwUe6F0ELy8UX4ZzLIEUefw3PJSjX0OdDxaAAGlFcY= ownerName=BDH Crazy22)
11:29:06.851 [Party] Player "BDH Crazy22" (id=xBwUe6F0ELy8UX4ZzLIEUefw3PJSjX0OdDxaAAGlFcY=) left the party "noobs" (id=27 ownerUID=xBwUe6F0ELy8UX4ZzLIEUefw3PJSjX0OdDxaAAGlFcY= ownerName=BDH Crazy22)
11:29:56.726 [Party] Player "BDH Crazy22" (id=xBwUe6F0ELy8UX4ZzLIEUefw3PJSjX0OdDxaAAGlFcY=) joinded the party "noobs" (id=27 ownerUID=xBwUe6F0ELy8UX4ZzLIEUefw3PJSjX0OdDxaAAGlFcY= ownerName=BDH Crazy22)
11:31:01.156 [Party] Player "BDH Crazy22" (id=xBwUe6F0ELy8UX4ZzLIEUefw3PJSjX0OdDxaAAGlFcY=) left the party "noobs" (id=27 ownerUID=xBwUe6F0ELy8UX4ZzLIEUefw3PJSjX0OdDxaAAGlFcY= ownerName=BDH Crazy22)
11:31:04.531 [Party] Player "Bog_Monster" (id=sAzfWixzA1-TNIKhVLRIVZHZX45UaBpWlaWuOFEUMag=) left the party "noobs" (id=27 ownerUID=xBwUe6F0ELy8UX4ZzLIEUefw3PJSjX0OdDxaAAGlFcY= ownerName=BDH Crazy22)
11:40:56.828 [Safezone] Player "tylerdurden096" (id=oftIe_HaFxYr8gtWi0QsZPf5jM7-6vgL_HjGWn2gjIU= pos=<5637.917480, 29.284964, 5395.331055>) Entered the safezone
11:43:19.890 [Market] Player "tylerdurden096" (id=oftIe_HaFxYr8gtWi0QsZPf5jM7-6vgL_HjGWn2gjIU=) has send a requested to sell m4a1 x1 at the trader "Weapons (Oliver [WEAPONS])" in market zone "The Holler" (pos=<5632.000000, 32.000000, 5392.000000>).
11:43:19.968 [Market] Player "tylerdurden096" (id=oftIe_HaFxYr8gtWi0QsZPf5jM7-6vgL_HjGWn2gjIU=) has sold m4a1 x1 at the trader "Weapons (Oliver [WEAPONS])" in market zone "The Holler" (pos=<5632.000000, 32.000000, 5392.000000>) and got 1619.
11:44:24.125 [Market] Player "tylerdurden096" (id=oftIe_HaFxYr8gtWi0QsZPf5jM7-6vgL_HjGWn2gjIU=) has send a requested to purchase akm x1 from the trader "Weapons (Oliver [WEAPONS])" in market zone "The Holler" (pos=<5632.000000, 32.000000, 5392.000000>).
11:44:24.210 [Market] Player "tylerdurden096" (id=oftIe_HaFxYr8gtWi0QsZPf5jM7-6vgL_HjGWn2gjIU=) has bought akm x1 from the trader "Weapons (Oliver [WEAPONS])" in market zone "The Holler" (pos=<5632.000000, 32.000000, 5392.000000>) for a price of 2480.
11:44:56.566 [Market] Player "tylerdurden096" (id=oftIe_HaFxYr8gtWi0QsZPf5jM7-6vgL_HjGWn2gjIU=) has send a requested to purchase mag_akm_30rnd x1 from the trader "Weapons (Oliver [WEAPONS])" in market zone "The Holler" (pos=<5632.000000, 32.000000, 5392.000000>).
11:44:56.656 [Market] Player "tylerdurden096" (id=oftIe_HaFxYr8gtWi0QsZPf5jM7-6vgL_HjGWn2gjIU=) has bought mag_akm_30rnd x1 from the trader "Weapons (Oliver [WEAPONS])" in market zone "The Holler" (pos=<5632.000000, 32.000000, 5392.000000>) for a price of 280.
11:44:57.195 [Market] Player "tylerdurden096" (id=oftIe_HaFxYr8gtWi0QsZPf5jM7-6vgL_HjGWn2gjIU=) has send a requested to purchase mag_akm_30rnd x1 from the trader "Weapons (Oliver [WEAPONS])" in market zone "The Holler" (pos=<5632.000000, 32.000000, 5392.000000>).
11:44:57.289 [Market] Player "tylerdurden096" (id=oftIe_HaFxYr8gtWi0QsZPf5jM7-6vgL_HjGWn2gjIU=) has bought mag_akm_30rnd x1 from the trader "Weapons (Oliver [WEAPONS])" in market zone "The Holler" (pos=<5632.000000, 32.000000, 5392.000000>) for a price of 280.
11:44:57.617 [Market] Player "tylerdurden096" (id=oftIe_HaFxYr8gtWi0QsZPf5jM7-6vgL_HjGWn2gjIU=) has send a requested to purchase mag_akm_30rnd x1 from the trader "Weapons (Oliver [WEAPONS])" in market zone "The Holler" (pos=<5632.000000, 32.000000, 5392.000000>).
11:44:57.703 [Market] Player "tylerdurden096" (id=oftIe_HaFxYr8gtWi0QsZPf5jM7-6vgL_HjGWn2gjIU=) has bought mag_akm_30rnd x1 from the trader "Weapons (Oliver [WEAPONS])" in market zone "The Holler" (pos=<5632.000000, 32.000000, 5392.000000>) for a price of 280.
11:44:58.328 [Market] Player "tylerdurden096" (id=oftIe_HaFxYr8gtWi0QsZPf5jM7-6vgL_HjGWn2gjIU=) has send a requested to purchase mag_akm_30rnd x1 from the trader "Weapons (Oliver [WEAPONS])" in market zone "The Holler" (pos=<5632.000000, 32.000000, 5392.000000>).
11:44:58.414 [Market] Player "tylerdurden096" (id=oftIe_HaFxYr8gtWi0QsZPf5jM7-6vgL_HjGWn2gjIU=) has bought mag_akm_30rnd x1 from the trader "Weapons (Oliver [WEAPONS])" in market zone "The Holler" (pos=<5632.000000, 32.000000, 5392.000000>) for a price of 280.
11:45:14.742 [Market] Player "tylerdurden096" (id=oftIe_HaFxYr8gtWi0QsZPf5jM7-6vgL_HjGWn2gjIU=) has send a requested to sell ammo_556x45 x300 at the trader "WeaponAccessories (Rolf [WEAPON ACCESSORIES])" in market zone "The Holler" (pos=<5632.000000, 32.000000, 5392.000000>).
11:45:14.824 [Market] Player "tylerdurden096" (id=oftIe_HaFxYr8gtWi0QsZPf5jM7-6vgL_HjGWn2gjIU=) has sold ammo_556x45 x300 at the trader "WeaponAccessories (Rolf [WEAPON ACCESSORIES])" in market zone "The Holler" (pos=<5632.000000, 32.000000, 5392.000000>) and got 300.
11:45:35.082 [Market] Player "tylerdurden096" (id=oftIe_HaFxYr8gtWi0QsZPf5jM7-6vgL_HjGWn2gjIU=) has send a requested to purchase ammo_762x39 x200 from the trader "WeaponAccessories (Rolf [WEAPON ACCESSORIES])" in market zone "The Holler" (pos=<5632.000000, 32.000000, 5392.000000>).
11:45:35.171 [Market] Player "tylerdurden096" (id=oftIe_HaFxYr8gtWi0QsZPf5jM7-6vgL_HjGWn2gjIU=) has bought ammo_762x39 x200 from the trader "WeaponAccessories (Rolf [WEAPON ACCESSORIES])" in market zone "The Holler" (pos=<5632.000000, 32.000000, 5392.000000>) for a price of 400.
11:45:54.375 [Market] Player "tylerdurden096" (id=oftIe_HaFxYr8gtWi0QsZPf5jM7-6vgL_HjGWn2gjIU=) has send a requested to sell akm x1 at the trader "Weapons (Oliver [WEAPONS])" in market zone "The Holler" (pos=<5632.000000, 32.000000, 5392.000000>).
11:45:54.460 [Market] Player "tylerdurden096" (id=oftIe_HaFxYr8gtWi0QsZPf5jM7-6vgL_HjGWn2gjIU=) has sold akm x1 at the trader "Weapons (Oliver [WEAPONS])" in market zone "The Holler" (pos=<5632.000000, 32.000000, 5392.000000>) and got 1582.
11:45:56.609 [Market] Player "tylerdurden096" (id=oftIe_HaFxYr8gtWi0QsZPf5jM7-6vgL_HjGWn2gjIU=) has send a requested to sell mag_akm_30rnd x1 at the trader "Weapons (Oliver [WEAPONS])" in market zone "The Holler" (pos=<5632.000000, 32.000000, 5392.000000>).
11:45:56.722 [Market] Player "tylerdurden096" (id=oftIe_HaFxYr8gtWi0QsZPf5jM7-6vgL_HjGWn2gjIU=) has sold mag_akm_30rnd x1 at the trader "Weapons (Oliver [WEAPONS])" in market zone "The Holler" (pos=<5632.000000, 32.000000, 5392.000000>) and got 195.
11:45:56.792 [Market] Player "tylerdurden096" (id=oftIe_HaFxYr8gtWi0QsZPf5jM7-6vgL_HjGWn2gjIU=) has send a requested to sell mag_akm_30rnd x1 at the trader "Weapons (Oliver [WEAPONS])" in market zone "The Holler" (pos=<5632.000000, 32.000000, 5392.000000>).
11:45:56.882 [Market] Player "tylerdurden096" (id=oftIe_HaFxYr8gtWi0QsZPf5jM7-6vgL_HjGWn2gjIU=) has sold mag_akm_30rnd x1 at the trader "Weapons (Oliver [WEAPONS])" in market zone "The Holler" (pos=<5632.000000, 32.000000, 5392.000000>) and got 195.
11:45:56.925 [Market] Player "tylerdurden096" (id=oftIe_HaFxYr8gtWi0QsZPf5jM7-6vgL_HjGWn2gjIU=) has send a requested to sell mag_akm_30rnd x1 at the trader "Weapons (Oliver [WEAPONS])" in market zone "The Holler" (pos=<5632.000000, 32.000000, 5392.000000>).
11:45:57.003 [Market] Player "tylerdurden096" (id=oftIe_HaFxYr8gtWi0QsZPf5jM7-6vgL_HjGWn2gjIU=) has sold mag_akm_30rnd x1 at the trader "Weapons (Oliver [WEAPONS])" in market zone "The Holler" (pos=<5632.000000, 32.000000, 5392.000000>) and got 195.
11:45:57.914 [Market] Player "tylerdurden096" (id=oftIe_HaFxYr8gtWi0QsZPf5jM7-6vgL_HjGWn2gjIU=) has send a requested to sell mag_cmag_30rnd x1 at the trader "Weapons (Oliver [WEAPONS])" in market zone "The Holler" (pos=<5632.000000, 32.000000, 5392.000000>).
11:45:57.988 [Market] Player "tylerdurden096" (id=oftIe_HaFxYr8gtWi0QsZPf5jM7-6vgL_HjGWn2gjIU=) has sold mag_cmag_30rnd x1 at the trader "Weapons (Oliver [WEAPONS])" in market zone "The Holler" (pos=<5632.000000, 32.000000, 5392.000000>) and got 195.
11:45:58.101 [Market] Player "tylerdurden096" (id=oftIe_HaFxYr8gtWi0QsZPf5jM7-6vgL_HjGWn2gjIU=) has send a requested to sell mag_cmag_30rnd x1 at the trader "Weapons (Oliver [WEAPONS])" in market zone "The Holler" (pos=<5632.000000, 32.000000, 5392.000000>).
11:45:58.195 [Market] Player "tylerdurden096" (id=oftIe_HaFxYr8gtWi0QsZPf5jM7-6vgL_HjGWn2gjIU=) has sold mag_cmag_30rnd x1 at the trader "Weapons (Oliver [WEAPONS])" in market zone "The Holler" (pos=<5632.000000, 32.000000, 5392.000000>) and got 195.
11:45:58.269 [Market] Player "tylerdurden096" (id=oftIe_HaFxYr8gtWi0QsZPf5jM7-6vgL_HjGWn2gjIU=) has send a requested to sell mag_cmag_30rnd x1 at the trader "Weapons (Oliver [WEAPONS])" in market zone "The Holler" (pos=<5632.000000, 32.000000, 5392.000000>).
11:45:58.351 [Market] Player "tylerdurden096" (id=oftIe_HaFxYr8gtWi0QsZPf5jM7-6vgL_HjGWn2gjIU=) has sold mag_cmag_30rnd x1 at the trader "Weapons (Oliver [WEAPONS])" in market zone "The Holler" (pos=<5632.000000, 32.000000, 5392.000000>) and got 195.
11:45:58.664 [Market] Player "tylerdurden096" (id=oftIe_HaFxYr8gtWi0QsZPf5jM7-6vgL_HjGWn2gjIU=) has send a requested to sell mag_stanag_30rnd x1 at the trader "Weapons (Oliver [WEAPONS])" in market zone "The Holler" (pos=<5632.000000, 32.000000, 5392.000000>).
11:45:58.757 [Market] Player "tylerdurden096" (id=oftIe_HaFxYr8gtWi0QsZPf5jM7-6vgL_HjGWn2gjIU=) has sold mag_stanag_30rnd x1 at the trader "Weapons (Oliver [WEAPONS])" in market zone "The Holler" (pos=<5632.000000, 32.000000, 5392.000000>) and got 195.
11:45:59.062 [Market] Player "tylerdurden096" (id=oftIe_HaFxYr8gtWi0QsZPf5jM7-6vgL_HjGWn2gjIU=) has send a requested to sell mag_akm_drum75rnd x1 at the trader "Weapons (Oliver [WEAPONS])" in market zone "The Holler" (pos=<5632.000000, 32.000000, 5392.000000>).
11:45:59.144 [Market] Player "tylerdurden096" (id=oftIe_HaFxYr8gtWi0QsZPf5jM7-6vgL_HjGWn2gjIU=) has sold mag_akm_drum75rnd x1 at the trader "Weapons (Oliver [WEAPONS])" in market zone "The Holler" (pos=<5632.000000, 32.000000, 5392.000000>) and got 435.
11:46:11.949 [Market] Player "tylerdurden096" (id=oftIe_HaFxYr8gtWi0QsZPf5jM7-6vgL_HjGWn2gjIU=) has send a requested to sell ammo_762x39 x200 at the trader "WeaponAccessories (Rolf [WEAPON ACCESSORIES])" in market zone "The Holler" (pos=<5632.000000, 32.000000, 5392.000000>).
11:46:12.031 [Market] Player "tylerdurden096" (id=oftIe_HaFxYr8gtWi0QsZPf5jM7-6vgL_HjGWn2gjIU=) has sold ammo_762x39 x200 at the trader "WeaponAccessories (Rolf [WEAPON ACCESSORIES])" in market zone "The Holler" (pos=<5632.000000, 32.000000, 5392.000000>) and got 200.
11:47:52.882 [Market] Player "tylerdurden096" (id=oftIe_HaFxYr8gtWi0QsZPf5jM7-6vgL_HjGWn2gjIU=) has send a requested to purchase radarcap_black x1 from the trader "Clothing_Accessories (Elias [CLOTHING & ACCESSORIES])" in market zone "The Holler" (pos=<5632.000000, 32.000000, 5392.000000>).
11:47:52.960 [Market] Player "tylerdurden096" (id=oftIe_HaFxYr8gtWi0QsZPf5jM7-6vgL_HjGWn2gjIU=) has bought radarcap_black x1 from the trader "Clothing_Accessories (Elias [CLOTHING & ACCESSORIES])" in market zone "The Holler" (pos=<5632.000000, 32.000000, 5392.000000>) for a price of 42.
11:50:11.742 [Market] Player "tylerdurden096" (id=oftIe_HaFxYr8gtWi0QsZPf5jM7-6vgL_HjGWn2gjIU=) has send a requested to purchase akm x1 from the trader "Weapons (Oliver [WEAPONS])" in market zone "The Holler" (pos=<5632.000000, 32.000000, 5392.000000>).
11:50:11.828 [Market] Player "tylerdurden096" (id=oftIe_HaFxYr8gtWi0QsZPf5jM7-6vgL_HjGWn2gjIU=) has bought akm x1 from the trader "Weapons (Oliver [WEAPONS])" in market zone "The Holler" (pos=<5632.000000, 32.000000, 5392.000000>) for a price of 2080.
11:50:37.406 [Market] Player "tylerdurden096" (id=oftIe_HaFxYr8gtWi0QsZPf5jM7-6vgL_HjGWn2gjIU=) has send a requested to purchase ammo_762x39 x200 from the trader "WeaponAccessories (Rolf [WEAPON ACCESSORIES])" in market zone "The Holler" (pos=<5632.000000, 32.000000, 5392.000000>).
11:50:37.507 [Market] Player "tylerdurden096" (id=oftIe_HaFxYr8gtWi0QsZPf5jM7-6vgL_HjGWn2gjIU=) has bought ammo_762x39 x200 from the trader "WeaponAccessories (Rolf [WEAPON ACCESSORIES])" in market zone "The Holler" (pos=<5632.000000, 32.000000, 5392.000000>) for a price of 400.
11:50:54.609 [Market] Player "tylerdurden096" (id=oftIe_HaFxYr8gtWi0QsZPf5jM7-6vgL_HjGWn2gjIU=) has send a requested to purchase mag_akm_palm30rnd x1 from the trader "Weapons (Oliver [WEAPONS])" in market zone "The Holler" (pos=<5632.000000, 32.000000, 5392.000000>).
11:50:54.699 [Market] Player "tylerdurden096" (id=oftIe_HaFxYr8gtWi0QsZPf5jM7-6vgL_HjGWn2gjIU=) has bought mag_akm_palm30rnd x1 from the trader "Weapons (Oliver [WEAPONS])" in market zone "The Holler" (pos=<5632.000000, 32.000000, 5392.000000>) for a price of 280.
11:50:55.398 [Market] Player "tylerdurden096" (id=oftIe_HaFxYr8gtWi0QsZPf5jM7-6vgL_HjGWn2gjIU=) has send a requested to purchase mag_akm_palm30rnd x1 from the trader "Weapons (Oliver [WEAPONS])" in market zone "The Holler" (pos=<5632.000000, 32.000000, 5392.000000>).
11:50:55.472 [Market] Player "tylerdurden096" (id=oftIe_HaFxYr8gtWi0QsZPf5jM7-6vgL_HjGWn2gjIU=) has bought mag_akm_palm30rnd x1 from the trader "Weapons (Oliver [WEAPONS])" in market zone "The Holler" (pos=<5632.000000, 32.000000, 5392.000000>) for a price of 280.
11:50:55.953 [Market] Player "tylerdurden096" (id=oftIe_HaFxYr8gtWi0QsZPf5jM7-6vgL_HjGWn2gjIU=) has send a requested to purchase mag_akm_palm30rnd x1 from the trader "Weapons (Oliver [WEAPONS])" in market zone "The Holler" (pos=<5632.000000, 32.000000, 5392.000000>).
11:50:56.031 [Market] Player "tylerdurden096" (id=oftIe_HaFxYr8gtWi0QsZPf5jM7-6vgL_HjGWn2gjIU=) has bought mag_akm_palm30rnd x1 from the trader "Weapons (Oliver [WEAPONS])" in market zone "The Holler" (pos=<5632.000000, 32.000000, 5392.000000>) for a price of 280.
11:52:00.292 [Market] Player "tylerdurden096" (id=oftIe_HaFxYr8gtWi0QsZPf5jM7-6vgL_HjGWn2gjIU=) has send a requested to purchase kashtanoptic x1 from the trader "WeaponAccessories (Rolf [WEAPON ACCESSORIES])" in market zone "The Holler" (pos=<5632.000000, 32.000000, 5392.000000>).
11:52:00.390 [Market] Player "tylerdurden096" (id=oftIe_HaFxYr8gtWi0QsZPf5jM7-6vgL_HjGWn2gjIU=) has bought kashtanoptic x1 from the trader "WeaponAccessories (Rolf [WEAPON ACCESSORIES])" in market zone "The Holler" (pos=<5632.000000, 32.000000, 5392.000000>) for a price of 700.
11:52:55.035 [Market] Player "tylerdurden096" (id=oftIe_HaFxYr8gtWi0QsZPf5jM7-6vgL_HjGWn2gjIU=) has send a requested to purchase ak_suppressor x1 from the trader "WeaponAccessories (Rolf [WEAPON ACCESSORIES])" in market zone "The Holler" (pos=<5632.000000, 32.000000, 5392.000000>).
11:52:55.109 [Market] Player "tylerdurden096" (id=oftIe_HaFxYr8gtWi0QsZPf5jM7-6vgL_HjGWn2gjIU=) has bought ak_suppressor x1 from the trader "WeaponAccessories (Rolf [WEAPON ACCESSORIES])" in market zone "The Holler" (pos=<5632.000000, 32.000000, 5392.000000>) for a price of 425.
11:53:20.632 [Party] Player "tearsofdawn1066" (id=Sltx5zKJy7sVbO2kN3XTpRthB0wkULqErUtRpY6M_7o=) joinded the party "DIEHARD" (id=32 ownerUID=JmVdSu0kzNbOpwjpFV-MDcMB-Equ3yPY-l-COMb6HgY= ownerName=Nick Leadbeatter)
11:53:25.109 [Market] Player "tylerdurden096" (id=oftIe_HaFxYr8gtWi0QsZPf5jM7-6vgL_HjGWn2gjIU=) has send a requested to sell azlk_rust x1 at the trader "Vehicles (Lewis [VEHICLES])" in market zone "The Holler" (pos=<5632.000000, 32.000000, 5392.000000>).
11:53:25.203 [VehicleDeleted] AZLK_rust (id=D9CFDEC13C41D5AA075A0690B8E901F5 pos=<5601.250488, 28.587709, 5357.652832>)
11:53:25.203 [Market] Player "tylerdurden096" (id=oftIe_HaFxYr8gtWi0QsZPf5jM7-6vgL_HjGWn2gjIU=) has sold azlk_rust x1 at the trader "Vehicles (Lewis [VEHICLES])" in market zone "The Holler" (pos=<5632.000000, 32.000000, 5392.000000>) and got 29472.
11:53:27.500 [Market] Player "tylerdurden096" (id=oftIe_HaFxYr8gtWi0QsZPf5jM7-6vgL_HjGWn2gjIU=) has send a requested to purchase toyotahilux_rust x1 from the trader "Vehicles (Lewis [VEHICLES])" in market zone "The Holler" (pos=<5632.000000, 32.000000, 5392.000000>).
11:53:27.585 [VehicleDeleted] ToyotaHilux_rust (id=97B0CDBD9F4E1A468E68F79F3166A0A8 pos=<0.005853, 0.726550, -0.051477>)
11:53:27.593 [Market] Player "tylerdurden096" (id=oftIe_HaFxYr8gtWi0QsZPf5jM7-6vgL_HjGWn2gjIU=) has bought toyotahilux_rust x1 from the trader "Vehicles (Lewis [VEHICLES])" in market zone "The Holler" (pos=<5632.000000, 32.000000, 5392.000000>) for a price of 29050.
11:53:40.257 [VehicleCarKey] Player "tylerdurden096" (id=oftIe_HaFxYr8gtWi0QsZPf5jM7-6vgL_HjGWn2gjIU= pos=<5602.329102, 28.722498, 5359.441406>) used the  ExpansionCarKey to unlock ToyotaHilux_rust (id=D1F9D675E44BA6B479227F89A5EFB8E1 pos=<5601.254883, 28.714737, 5357.910645>)
11:53:48.179 [VehicleEnter] Player tylerdurden096 [uid=oftIe_HaFxYr8gtWi0QsZPf5jM7-6vgL_HjGWn2gjIU=] entered vehicle ToyotaHilux rust (id=D1F9D675E44BA6B479227F89A5EFB8E1 pos=<5601.254395, 28.714743, 5357.907715>) as driver
11:53:52.257 [VehicleEngine] Player tylerdurden096 [uid=oftIe_HaFxYr8gtWi0QsZPf5jM7-6vgL_HjGWn2gjIU=] started vehicle ToyotaHilux rust (id=D1F9D675E44BA6B479227F89A5EFB8E1 pos=<5601.256348, 28.714760, 5357.910156>)
11:54:28.929 [Safezone] Player "tylerdurden096" (id=oftIe_HaFxYr8gtWi0QsZPf5jM7-6vgL_HjGWn2gjIU= pos=<5755.918945, 25.148981, 5203.363770>) Left the safezone
11:54:32.335 [Party] Player "tearsofdawn1066" (id=Sltx5zKJy7sVbO2kN3XTpRthB0wkULqErUtRpY6M_7o=) left the party "DIEHARD" (id=32 ownerUID=JmVdSu0kzNbOpwjpFV-MDcMB-Equ3yPY-l-COMb6HgY= ownerName=Nick Leadbeatter)
11:56:46.277 [VehicleLeave] Player tylerdurden096 [uid=oftIe_HaFxYr8gtWi0QsZPf5jM7-6vgL_HjGWn2gjIU=] left vehicle ToyotaHilux rust (id=D1F9D675E44BA6B479227F89A5EFB8E1 pos=<5306.487793, 63.083652, 4114.348633>)
11:58:55.078 [Party] Player "brailsford40" (id=HQAtXFe6fZZL90M2CD_a22otF9NJ2s4t7n-ol5BAu6o=) left the party "DIEHARD" (id=32 ownerUID=JmVdSu0kzNbOpwjpFV-MDcMB-Equ3yPY-l-COMb6HgY= ownerName=Nick Leadbeatter)
