07:00:21.382 [Party] Player "TomInTheNorth" (id=qD1dO4Xthw_yK-reAyR_a51VmE_30ATNiMf9gwL8oGM=) joinded the party "DIEHARD" (id=32 ownerUID=JmVdSu0kzNbOpwjpFV-MDcMB-Equ3yPY-l-COMb6HgY= ownerName=Nick Leadbeatter)
07:00:21.398 [Expansion Quests] - InitQuestSystemClient - Loaded existing player quest data for player with UID: qD1dO4Xthw_yK-reAyR_a51VmE_30ATNiMf9gwL8oGM=
07:00:21.400 [Expansion Quests] - LoadGroupQuestData - Loaded existing group quest data for group with ID: 32
07:00:22.353 [Expansion Quests] - LoadGroupQuestData - Got cached group quest data for group with ID: 32
07:03:25.736 [VehicleCover] Player "TomInTheNorth" (id=qD1dO4Xthw_yK-reAyR_a51VmE_30ATNiMf9gwL8oGM= pos=<7443.224609, 6.662500, 8471.682617>) uncovered vehicle "Interceptor" (GlobalID=8000000080000000800000008002D367 pos=<7444.781250, 6.540661, 8471.300781>)!
07:03:33.582 [VehicleCarKey] Player "TomInTheNorth" (id=qD1dO4Xthw_yK-reAyR_a51VmE_30ATNiMf9gwL8oGM= pos=<7446.898926, 6.662500, 8470.839844>) used the  ExpansionCarKey to unlock Interceptor (id=D873AE1762443241228F05843D1E9EFB pos=<7444.781250, 6.540637, 8471.299805>)
07:03:36.652 [AI Patrol] Spawning 3 Temple Patrol bots at <453.263916, 47.070000, 868.718689>
07:03:36.750 [AI Patrol] Spawning 3 Temple Patrol bots at <414.851776, 47.070000, 780.229431>
07:03:36.761 [AI Patrol] Spawning 3 Temple Patrol bots at <364.627319, 55.318298, 665.566772>
07:03:38.355 [VehicleEnter] Player TomInTheNorth [uid=qD1dO4Xthw_yK-reAyR_a51VmE_30ATNiMf9gwL8oGM=] entered vehicle Interceptor (id=D873AE1762443241228F05843D1E9EFB pos=<7444.781250, 6.540661, 8471.299805>) as driver
07:03:45.771 [VehicleEngine] Player TomInTheNorth [uid=qD1dO4Xthw_yK-reAyR_a51VmE_30ATNiMf9gwL8oGM=] started vehicle Interceptor (id=D873AE1762443241228F05843D1E9EFB pos=<7444.781250, 6.540661, 8471.299805>)
07:06:52.089 [AI Patrol] Spawning 3 Power Plant Patrol bots at <4620.483398, 20.430000, 7142.468262>
07:10:06.441 [Safezone] Player "TomInTheNorth" (id=qD1dO4Xthw_yK-reAyR_a51VmE_30ATNiMf9gwL8oGM= pos=<5666.016602, 32.984760, 5266.402832>) Entered the safezone
07:10:33.054 [VehicleEngine] Player TomInTheNorth [uid=qD1dO4Xthw_yK-reAyR_a51VmE_30ATNiMf9gwL8oGM=] stopped vehicle Interceptor (id=D873AE1762443241228F05843D1E9EFB pos=<5626.233398, 28.600662, 5411.583008>)
07:10:38.451 [VehicleLeave] Player TomInTheNorth [uid=qD1dO4Xthw_yK-reAyR_a51VmE_30ATNiMf9gwL8oGM=] left vehicle Interceptor (id=D873AE1762443241228F05843D1E9EFB pos=<5626.233398, 28.600664, 5411.583008>)
07:10:41.826 [VehicleCarKey] Player "TomInTheNorth" (id=qD1dO4Xthw_yK-reAyR_a51VmE_30ATNiMf9gwL8oGM= pos=<5623.974609, 28.722498, 5411.824707>) used the  ExpansionCarKey to lock Interceptor (id=D873AE1762443241228F05843D1E9EFB pos=<5626.233398, 28.600662, 5411.583008>)
07:12:12.267 [Market] Player "TomInTheNorth" (id=qD1dO4Xthw_yK-reAyR_a51VmE_30ATNiMf9gwL8oGM=) has send a requested to purchase shovel x1 from the trader "BuildingSupplies (Indar [BUILDINGS])" in market zone "The Holler" (pos=<5632.000000, 32.000000, 5392.000000>).
07:12:12.431 [Market] Player "TomInTheNorth" (id=qD1dO4Xthw_yK-reAyR_a51VmE_30ATNiMf9gwL8oGM=) has bought shovel x1 from the trader "BuildingSupplies (Indar [BUILDINGS])" in market zone "The Holler" (pos=<5632.000000, 32.000000, 5392.000000>) for a price of 6.
07:12:54.787 [ATM] Player "TomInTheNorth" (id=qD1dO4Xthw_yK-reAyR_a51VmE_30ATNiMf9gwL8oGM=) has withdrawn 676 from his ATM account.
07:13:07.162 [Market] Player "TomInTheNorth" (id=qD1dO4Xthw_yK-reAyR_a51VmE_30ATNiMf9gwL8oGM=) has send a requested to purchase smallprotectorcase x1 from the trader "BuildingSupplies (Indar [BUILDINGS])" in market zone "The Holler" (pos=<5632.000000, 32.000000, 5392.000000>).
07:13:07.312 [Market] Player "TomInTheNorth" (id=qD1dO4Xthw_yK-reAyR_a51VmE_30ATNiMf9gwL8oGM=) has bought smallprotectorcase x1 from the trader "BuildingSupplies (Indar [BUILDINGS])" in market zone "The Holler" (pos=<5632.000000, 32.000000, 5392.000000>) for a price of 700.
07:15:23.947 [MissionAirdrop] An airdrop is heading towards "Warren-Cove" (pos=<6924.000000, 0.000000, 5473.000000> type=Random_Warren-Cove) with a ExpansionAirdropContainer_Basebuilding
07:15:29.603 [ATM] Player "TomInTheNorth" (id=qD1dO4Xthw_yK-reAyR_a51VmE_30ATNiMf9gwL8oGM=) has withdrawn 10000 from his ATM account.
07:17:19.523 [ATM] Player "TomInTheNorth" (id=qD1dO4Xthw_yK-reAyR_a51VmE_30ATNiMf9gwL8oGM=) has withdrawn 85000 from his ATM account.
07:17:35.527 [Market] Player "TomInTheNorth" (id=qD1dO4Xthw_yK-reAyR_a51VmE_30ATNiMf9gwL8oGM=) has send a requested to purchase doc_ichigo x1 from the trader "WeaponAccessories (Rolf [WEAPON ACCESSORIES])" in market zone "The Holler" (pos=<5632.000000, 32.000000, 5392.000000>).
07:17:35.681 [Market] Player "TomInTheNorth" (id=qD1dO4Xthw_yK-reAyR_a51VmE_30ATNiMf9gwL8oGM=) has bought doc_ichigo x1 from the trader "WeaponAccessories (Rolf [WEAPON ACCESSORIES])" in market zone "The Holler" (pos=<5632.000000, 32.000000, 5392.000000>) for a price of 95000.
07:18:57.148 [VehicleCarKey] Player "TomInTheNorth" (id=qD1dO4Xthw_yK-reAyR_a51VmE_30ATNiMf9gwL8oGM= pos=<5624.871094, 28.722498, 5412.288574>) used the  ExpansionCarKey to unlock Interceptor (id=D873AE1762443241228F05843D1E9EFB pos=<5626.233398, 28.600662, 5411.583008>)
07:19:02.517 [VehicleEnter] Player TomInTheNorth [uid=qD1dO4Xthw_yK-reAyR_a51VmE_30ATNiMf9gwL8oGM=] entered vehicle Interceptor (id=D873AE1762443241228F05843D1E9EFB pos=<5626.233398, 28.600664, 5411.583008>) as driver
07:19:06.859 [VehicleEngine] Player TomInTheNorth [uid=qD1dO4Xthw_yK-reAyR_a51VmE_30ATNiMf9gwL8oGM=] started vehicle Interceptor (id=D873AE1762443241228F05843D1E9EFB pos=<5626.233398, 28.600662, 5411.583008>)
07:19:50.117 [Safezone] Player "TomInTheNorth" (id=qD1dO4Xthw_yK-reAyR_a51VmE_30ATNiMf9gwL8oGM= pos=<5814.602539, 28.611073, 5195.643066>) Left the safezone
07:20:36.208 [Party] Player "Stahlhelm Sturm" (id=Dj-6_aSgGuPVYaq-POeeqvRPr_91gVAi6qp9fgRrqHk=) joinded the party "DIEHARD" (id=32 ownerUID=JmVdSu0kzNbOpwjpFV-MDcMB-Equ3yPY-l-COMb6HgY= ownerName=Nick Leadbeatter)
07:20:36.220 [Expansion Quests] - InitQuestSystemClient - Loaded existing player quest data for player with UID: Dj-6_aSgGuPVYaq-POeeqvRPr_91gVAi6qp9fgRrqHk=
07:20:36.222 [Expansion Quests] - LoadGroupQuestData - Got cached group quest data for group with ID: 32
07:20:37.173 [Expansion Quests] - LoadGroupQuestData - Got cached group quest data for group with ID: 32
07:23:12.976 [VehicleEngine] Player TomInTheNorth [uid=qD1dO4Xthw_yK-reAyR_a51VmE_30ATNiMf9gwL8oGM=] stopped vehicle Interceptor (id=D873AE1762443241228F05843D1E9EFB pos=<6959.925781, 13.807608, 5700.287598>)
07:23:17.382 [VehicleLeave] Player TomInTheNorth [uid=qD1dO4Xthw_yK-reAyR_a51VmE_30ATNiMf9gwL8oGM=] left vehicle Interceptor (id=D873AE1762443241228F05843D1E9EFB pos=<6959.925781, 13.807609, 5700.287598>)
07:23:24.607 [VehicleCarKey] Player "TomInTheNorth" (id=qD1dO4Xthw_yK-reAyR_a51VmE_30ATNiMf9gwL8oGM= pos=<6958.854004, 13.996982, 5701.919434>) used the  ExpansionCarKey to lock Interceptor (id=D873AE1762443241228F05843D1E9EFB pos=<6959.925781, 13.807634, 5700.287598>)
07:23:36.832 [VehicleDeleted] Interceptor (id=D873AE1762443241228F05843D1E9EFB pos=<6959.925781, 13.807634, 5700.287598>)
07:23:36.832 [VehicleCover] Player "TomInTheNorth" (id=qD1dO4Xthw_yK-reAyR_a51VmE_30ATNiMf9gwL8oGM= pos=<6958.854004, 13.996982, 5701.919434>) covered vehicle "Interceptor" (GlobalID=8000000080000000800000008002D367 pos=<6959.925781, 13.807634, 5700.287598>)!
07:34:02.792 [VehicleCover] Player "TomInTheNorth" (id=qD1dO4Xthw_yK-reAyR_a51VmE_30ATNiMf9gwL8oGM= pos=<6959.458984, 14.004779, 5701.796387>) uncovered vehicle "Interceptor" (GlobalID=8000000080000000800000008002D367 pos=<6959.925781, 13.807634, 5700.287598>)!
07:34:09.775 [VehicleCarKey] Player "TomInTheNorth" (id=qD1dO4Xthw_yK-reAyR_a51VmE_30ATNiMf9gwL8oGM= pos=<6959.437988, 14.233527, 5701.872070>) used the  ExpansionCarKey to unlock Interceptor (id=05EAEE70004D1D852A7B9EB189BCB95C pos=<6959.925293, 13.807565, 5700.287598>)
07:35:39.912 [VehicleCarKey] Player "TomInTheNorth" (id=qD1dO4Xthw_yK-reAyR_a51VmE_30ATNiMf9gwL8oGM= pos=<6960.268555, 14.039335, 5702.240723>) used the  ExpansionCarKey to lock Interceptor (id=05EAEE70004D1D852A7B9EB189BCB95C pos=<6959.925293, 13.807565, 5700.287598>)
07:35:54.894 [VehicleDeleted] Interceptor (id=05EAEE70004D1D852A7B9EB189BCB95C pos=<6959.925293, 13.807565, 5700.287598>)
07:35:54.894 [VehicleCover] Player "TomInTheNorth" (id=qD1dO4Xthw_yK-reAyR_a51VmE_30ATNiMf9gwL8oGM= pos=<6960.268555, 14.039335, 5702.240723>) covered vehicle "Interceptor" (GlobalID=8000000080000000800000008002D367 pos=<6959.925293, 13.807565, 5700.287598>)!
07:36:30.158 [VehicleCover] Player "TomInTheNorth" (id=qD1dO4Xthw_yK-reAyR_a51VmE_30ATNiMf9gwL8oGM= pos=<6959.209961, 14.000987, 5701.829590>) uncovered vehicle "Interceptor" (GlobalID=8000000080000000800000008002D367 pos=<6959.925293, 13.807565, 5700.287598>)!
07:36:35.121 [VehicleCarKey] Player "TomInTheNorth" (id=qD1dO4Xthw_yK-reAyR_a51VmE_30ATNiMf9gwL8oGM= pos=<6959.209961, 14.000987, 5701.829590>) used the  ExpansionCarKey to unlock Interceptor (id=1F25DDC20E464F9AF7CDC48EE3F174CF pos=<6959.924805, 13.807519, 5700.287109>)
07:38:10.785 [VehicleCarKey] Player "TomInTheNorth" (id=qD1dO4Xthw_yK-reAyR_a51VmE_30ATNiMf9gwL8oGM= pos=<6959.521484, 14.062229, 5701.319824>) used the  ExpansionCarKey to lock Interceptor (id=1F25DDC20E464F9AF7CDC48EE3F174CF pos=<6959.924805, 13.807519, 5700.287109>)
07:38:18.048 [VehicleCarKey] Player "TomInTheNorth" (id=qD1dO4Xthw_yK-reAyR_a51VmE_30ATNiMf9gwL8oGM= pos=<6959.521484, 14.062229, 5701.319824>) used the  ExpansionCarKey to unlock Interceptor (id=1F25DDC20E464F9AF7CDC48EE3F174CF pos=<6959.924805, 13.807519, 5700.287109>)
07:38:20.154 [VehicleCarKey] Player "TomInTheNorth" (id=qD1dO4Xthw_yK-reAyR_a51VmE_30ATNiMf9gwL8oGM= pos=<6959.521484, 14.062229, 5701.319824>) used the  ExpansionCarKey to lock Interceptor (id=1F25DDC20E464F9AF7CDC48EE3F174CF pos=<6959.924805, 13.807519, 5700.287109>)
07:38:30.804 [VehicleDeleted] Interceptor (id=1F25DDC20E464F9AF7CDC48EE3F174CF pos=<6959.924805, 13.807519, 5700.287109>)
07:38:30.804 [VehicleCover] Player "TomInTheNorth" (id=qD1dO4Xthw_yK-reAyR_a51VmE_30ATNiMf9gwL8oGM= pos=<6959.259766, 13.999389, 5701.755371>) covered vehicle "Interceptor" (GlobalID=8000000080000000800000008002D367 pos=<6959.924805, 13.807519, 5700.287109>)!
07:39:08.765 [VehicleCover] Player "TomInTheNorth" (id=qD1dO4Xthw_yK-reAyR_a51VmE_30ATNiMf9gwL8oGM= pos=<6959.470703, 14.005104, 5701.797852>) uncovered vehicle "Interceptor" (GlobalID=8000000080000000800000008002D367 pos=<6959.924805, 13.807519, 5700.287109>)!
07:39:14.183 [VehicleCarKey] Player "TomInTheNorth" (id=qD1dO4Xthw_yK-reAyR_a51VmE_30ATNiMf9gwL8oGM= pos=<6960.133301, 14.018478, 5701.760742>) used the  ExpansionCarKey to unlock Interceptor (id=50F7F0FA53419CA59804B890D7D1A38A pos=<6959.924316, 13.807452, 5700.287109>)
07:39:54.492 [VehicleEnter] Player TomInTheNorth [uid=qD1dO4Xthw_yK-reAyR_a51VmE_30ATNiMf9gwL8oGM=] entered vehicle Interceptor (id=50F7F0FA53419CA59804B890D7D1A38A pos=<6959.924316, 13.807470, 5700.287109>) as driver
07:40:21.193 [VehicleEngine] Player TomInTheNorth [uid=qD1dO4Xthw_yK-reAyR_a51VmE_30ATNiMf9gwL8oGM=] started vehicle Interceptor (id=50F7F0FA53419CA59804B890D7D1A38A pos=<6959.924316, 13.807473, 5700.286621>)
07:47:05.917 [VehicleEngine] Player TomInTheNorth [uid=qD1dO4Xthw_yK-reAyR_a51VmE_30ATNiMf9gwL8oGM=] stopped vehicle Interceptor (id=50F7F0FA53419CA59804B890D7D1A38A pos=<7480.420410, 6.540665, 8483.331055>)
07:47:09.845 [VehicleLeave] Player TomInTheNorth [uid=qD1dO4Xthw_yK-reAyR_a51VmE_30ATNiMf9gwL8oGM=] left vehicle Interceptor (id=50F7F0FA53419CA59804B890D7D1A38A pos=<7480.423340, 6.540669, 8483.333984>)
07:47:38.453 [VehicleEnter] Player TomInTheNorth [uid=qD1dO4Xthw_yK-reAyR_a51VmE_30ATNiMf9gwL8oGM=] entered vehicle Interceptor (id=50F7F0FA53419CA59804B890D7D1A38A pos=<7480.423340, 6.540666, 8483.333984>) as driver
07:47:53.085 [VehicleLeave] Player TomInTheNorth [uid=qD1dO4Xthw_yK-reAyR_a51VmE_30ATNiMf9gwL8oGM=] left vehicle Interceptor (id=50F7F0FA53419CA59804B890D7D1A38A pos=<7480.423340, 6.540667, 8483.333984>)
07:48:10.210 [VehicleCarKey] Player "TomInTheNorth" (id=qD1dO4Xthw_yK-reAyR_a51VmE_30ATNiMf9gwL8oGM= pos=<7479.686523, 6.662479, 8481.238281>) used the  ExpansionCarKey to lock Interceptor (id=50F7F0FA53419CA59804B890D7D1A38A pos=<7480.423340, 6.540667, 8483.333984>)
07:48:22.500 [VehicleDeleted] Interceptor (id=50F7F0FA53419CA59804B890D7D1A38A pos=<7480.423340, 6.540667, 8483.333984>)
07:48:22.500 [VehicleCover] Player "TomInTheNorth" (id=qD1dO4Xthw_yK-reAyR_a51VmE_30ATNiMf9gwL8oGM= pos=<7479.877441, 6.662500, 8481.583008>) covered vehicle "Interceptor" (GlobalID=8000000080000000800000008002D367 pos=<7480.423340, 6.540667, 8483.333984>)!
07:50:58.949 [AI Patrol] Spawning 3 Shamans bots at <8987.172852, 25.159311, 8003.866211>
07:53:58.437 [VehicleCover] Player "TomInTheNorth" (id=qD1dO4Xthw_yK-reAyR_a51VmE_30ATNiMf9gwL8oGM= pos=<7479.133789, 6.662500, 8482.192383>) uncovered vehicle "Interceptor" (GlobalID=8000000080000000800000008002D367 pos=<7480.423340, 6.540667, 8483.333984>)!
07:54:02.462 [VehicleCarKey] Player "TomInTheNorth" (id=qD1dO4Xthw_yK-reAyR_a51VmE_30ATNiMf9gwL8oGM= pos=<7479.676270, 6.662500, 8481.576172>) used the  ExpansionCarKey to unlock Interceptor (id=49334403914CA545DA3C3282047024E8 pos=<7480.421875, 6.540642, 8483.333984>)
07:56:44.535 [VehicleCarKey] Player "TomInTheNorth" (id=qD1dO4Xthw_yK-reAyR_a51VmE_30ATNiMf9gwL8oGM= pos=<7480.224121, 7.164739, 8481.718750>) used the  ExpansionCarKey to lock Interceptor (id=49334403914CA545DA3C3282047024E8 pos=<7480.421875, 6.540642, 8483.333984>)
07:56:46.300 [VehicleCarKey] Player "TomInTheNorth" (id=qD1dO4Xthw_yK-reAyR_a51VmE_30ATNiMf9gwL8oGM= pos=<7480.224121, 7.164739, 8481.718750>) used the  ExpansionCarKey to unlock Interceptor (id=49334403914CA545DA3C3282047024E8 pos=<7480.421875, 6.540642, 8483.333984>)
07:56:56.501 [VehicleCarKey] Player "TomInTheNorth" (id=qD1dO4Xthw_yK-reAyR_a51VmE_30ATNiMf9gwL8oGM= pos=<7479.845215, 6.662500, 8481.748047>) used the  ExpansionCarKey to lock Interceptor (id=49334403914CA545DA3C3282047024E8 pos=<7480.421875, 6.540642, 8483.333984>)
07:57:07.888 [VehicleDeleted] Interceptor (id=49334403914CA545DA3C3282047024E8 pos=<7480.421875, 6.540642, 8483.333984>)
07:57:07.888 [VehicleCover] Player "TomInTheNorth" (id=qD1dO4Xthw_yK-reAyR_a51VmE_30ATNiMf9gwL8oGM= pos=<7479.845703, 6.662500, 8481.701172>) covered vehicle "Interceptor" (GlobalID=8000000080000000800000008002D367 pos=<7480.421875, 6.540642, 8483.333984>)!
08:00:50.070 [Chat - Global]("TomInTheNorth"(id=qD1dO4Xthw_yK-reAyR_a51VmE_30ATNiMf9gwL8oGM=)): Will you keep that racket down? Noisy neighbours! :D
08:02:50.007 [Safezone] Player "Nick Leadbeatter" (id=JmVdSu0kzNbOpwjpFV-MDcMB-Equ3yPY-l-COMb6HgY= pos=<5615.232910, 29.020840, 5415.744141>) Entered the safezone
08:02:50.009 [Party] Player "Nick Leadbeatter" (id=JmVdSu0kzNbOpwjpFV-MDcMB-Equ3yPY-l-COMb6HgY=) joinded the party "DIEHARD" (id=32 ownerUID=JmVdSu0kzNbOpwjpFV-MDcMB-Equ3yPY-l-COMb6HgY= ownerName=Nick Leadbeatter)
08:02:50.023 [Expansion Quests] - InitQuestSystemClient - Loaded existing player quest data for player with UID: JmVdSu0kzNbOpwjpFV-MDcMB-Equ3yPY-l-COMb6HgY=
08:02:50.023 [Expansion Quests] - LoadGroupQuestData - Got cached group quest data for group with ID: 32
08:02:50.976 [Expansion Quests] - LoadGroupQuestData - Got cached group quest data for group with ID: 32
08:04:13.679 [Party] Player "TomInTheNorth" (id=qD1dO4Xthw_yK-reAyR_a51VmE_30ATNiMf9gwL8oGM=) left the party "DIEHARD" (id=32 ownerUID=JmVdSu0kzNbOpwjpFV-MDcMB-Equ3yPY-l-COMb6HgY= ownerName=Nick Leadbeatter)
08:04:54.265 [Party] Player "TomInTheNorth" (id=qD1dO4Xthw_yK-reAyR_a51VmE_30ATNiMf9gwL8oGM=) joinded the party "DIEHARD" (id=32 ownerUID=JmVdSu0kzNbOpwjpFV-MDcMB-Equ3yPY-l-COMb6HgY= ownerName=Nick Leadbeatter)
08:04:54.269 [Expansion Quests] - InitQuestSystemClient - Loaded existing player quest data for player with UID: qD1dO4Xthw_yK-reAyR_a51VmE_30ATNiMf9gwL8oGM=
08:04:54.269 [Expansion Quests] - LoadGroupQuestData - Got cached group quest data for group with ID: 32
08:04:55.238 [Expansion Quests] - LoadGroupQuestData - Got cached group quest data for group with ID: 32
08:05:01.156 [ATM] Player "Nick Leadbeatter" (id=JmVdSu0kzNbOpwjpFV-MDcMB-Equ3yPY-l-COMb6HgY=) has withdrawn 150000 from his ATM account.
08:05:12.021 [Chat - Global]("Nick Leadbeatter"(id=JmVdSu0kzNbOpwjpFV-MDcMB-Equ3yPY-l-COMb6HgY=)): hi Harry
08:05:35.384 [Market] Player "Nick Leadbeatter" (id=JmVdSu0kzNbOpwjpFV-MDcMB-Equ3yPY-l-COMb6HgY=) has send a requested to purchase carbattery x1 from the trader "Vehicles (Lewis [VEHICLES])" in market zone "The Holler" (pos=<5632.000000, 32.000000, 5392.000000>).
08:05:35.523 [Market] Player "Nick Leadbeatter" (id=JmVdSu0kzNbOpwjpFV-MDcMB-Equ3yPY-l-COMb6HgY=) has bought carbattery x1 from the trader "Vehicles (Lewis [VEHICLES])" in market zone "The Holler" (pos=<5632.000000, 32.000000, 5392.000000>) for a price of 6000.
08:05:36.666 [Market] Player "Nick Leadbeatter" (id=JmVdSu0kzNbOpwjpFV-MDcMB-Equ3yPY-l-COMb6HgY=) has send a requested to purchase expansionhelicopterbattery x1 from the trader "Vehicles (Lewis [VEHICLES])" in market zone "The Holler" (pos=<5632.000000, 32.000000, 5392.000000>).
08:05:36.855 [Market] Player "Nick Leadbeatter" (id=JmVdSu0kzNbOpwjpFV-MDcMB-Equ3yPY-l-COMb6HgY=) has bought expansionhelicopterbattery x1 from the trader "Vehicles (Lewis [VEHICLES])" in market zone "The Holler" (pos=<5632.000000, 32.000000, 5392.000000>) for a price of 12000.
08:05:42.748 [Market] Player "Nick Leadbeatter" (id=JmVdSu0kzNbOpwjpFV-MDcMB-Equ3yPY-l-COMb6HgY=) has send a requested to purchase expansionhydraulichoses x1 from the trader "Vehicles (Lewis [VEHICLES])" in market zone "The Holler" (pos=<5632.000000, 32.000000, 5392.000000>).
08:05:42.921 [Market] Player "Nick Leadbeatter" (id=JmVdSu0kzNbOpwjpFV-MDcMB-Equ3yPY-l-COMb6HgY=) has bought expansionhydraulichoses x1 from the trader "Vehicles (Lewis [VEHICLES])" in market zone "The Holler" (pos=<5632.000000, 32.000000, 5392.000000>) for a price of 800.
08:05:44.003 [Market] Player "Nick Leadbeatter" (id=JmVdSu0kzNbOpwjpFV-MDcMB-Equ3yPY-l-COMb6HgY=) has send a requested to purchase expansionigniterplug x1 from the trader "Vehicles (Lewis [VEHICLES])" in market zone "The Holler" (pos=<5632.000000, 32.000000, 5392.000000>).
08:05:44.152 [Market] Player "Nick Leadbeatter" (id=JmVdSu0kzNbOpwjpFV-MDcMB-Equ3yPY-l-COMb6HgY=) has bought expansionigniterplug x1 from the trader "Vehicles (Lewis [VEHICLES])" in market zone "The Holler" (pos=<5632.000000, 32.000000, 5392.000000>) for a price of 1000.
08:05:45.556 [Market] Player "Nick Leadbeatter" (id=JmVdSu0kzNbOpwjpFV-MDcMB-Equ3yPY-l-COMb6HgY=) has send a requested to purchase expansioncarkey x1 from the trader "Vehicles (Lewis [VEHICLES])" in market zone "The Holler" (pos=<5632.000000, 32.000000, 5392.000000>).
08:05:45.730 [Market] Player "Nick Leadbeatter" (id=JmVdSu0kzNbOpwjpFV-MDcMB-Equ3yPY-l-COMb6HgY=) has bought expansioncarkey x1 from the trader "Vehicles (Lewis [VEHICLES])" in market zone "The Holler" (pos=<5632.000000, 32.000000, 5392.000000>) for a price of 500.
08:05:48.259 [Market] Player "Nick Leadbeatter" (id=JmVdSu0kzNbOpwjpFV-MDcMB-Equ3yPY-l-COMb6HgY=) has send a requested to purchase sparkplug x1 from the trader "Vehicles (Lewis [VEHICLES])" in market zone "The Holler" (pos=<5632.000000, 32.000000, 5392.000000>).
08:05:48.462 [Market] Player "Nick Leadbeatter" (id=JmVdSu0kzNbOpwjpFV-MDcMB-Equ3yPY-l-COMb6HgY=) has bought sparkplug x1 from the trader "Vehicles (Lewis [VEHICLES])" in market zone "The Holler" (pos=<5632.000000, 32.000000, 5392.000000>) for a price of 600.
08:05:53.453 [Market] Player "Nick Leadbeatter" (id=JmVdSu0kzNbOpwjpFV-MDcMB-Equ3yPY-l-COMb6HgY=) has send a requested to purchase headlighth7_box x1 from the trader "Vehicles (Lewis [VEHICLES])" in market zone "The Holler" (pos=<5632.000000, 32.000000, 5392.000000>).
08:05:53.632 [Market] Player "Nick Leadbeatter" (id=JmVdSu0kzNbOpwjpFV-MDcMB-Equ3yPY-l-COMb6HgY=) has bought headlighth7_box x1 from the trader "Vehicles (Lewis [VEHICLES])" in market zone "The Holler" (pos=<5632.000000, 32.000000, 5392.000000>) for a price of 30.
08:05:53.687 [Market] Player "Nick Leadbeatter" (id=JmVdSu0kzNbOpwjpFV-MDcMB-Equ3yPY-l-COMb6HgY=) has send a requested to purchase headlighth7_box x1 from the trader "Vehicles (Lewis [VEHICLES])" in market zone "The Holler" (pos=<5632.000000, 32.000000, 5392.000000>).
08:05:53.890 [Market] Player "Nick Leadbeatter" (id=JmVdSu0kzNbOpwjpFV-MDcMB-Equ3yPY-l-COMb6HgY=) has bought headlighth7_box x1 from the trader "Vehicles (Lewis [VEHICLES])" in market zone "The Holler" (pos=<5632.000000, 32.000000, 5392.000000>) for a price of 30.
08:06:14.769 [VehicleCarKey] Player "Nick Leadbeatter" (id=JmVdSu0kzNbOpwjpFV-MDcMB-Equ3yPY-l-COMb6HgY= pos=<5614.726074, 28.718388, 5348.649414>) used the  ExpansionCarKey to unlock BMW_rust (id=663AF7626B4D5A20D6BA41BA5F00C6E8 pos=<5618.505859, 28.623569, 5348.373047>)
08:07:28.917 [Market] Player "Nick Leadbeatter" (id=JmVdSu0kzNbOpwjpFV-MDcMB-Equ3yPY-l-COMb6HgY=) has send a requested to purchase carradiator x1 from the trader "Vehicles (Lewis [VEHICLES])" in market zone "The Holler" (pos=<5632.000000, 32.000000, 5392.000000>).
08:07:29.093 [Market] Player "Nick Leadbeatter" (id=JmVdSu0kzNbOpwjpFV-MDcMB-Equ3yPY-l-COMb6HgY=) has bought carradiator x1 from the trader "Vehicles (Lewis [VEHICLES])" in market zone "The Holler" (pos=<5632.000000, 32.000000, 5392.000000>) for a price of 1200.
08:08:00.748 [ATM] Player "Nick Leadbeatter" (id=JmVdSu0kzNbOpwjpFV-MDcMB-Equ3yPY-l-COMb6HgY=) has deposited 128790 on his ATM account.
08:08:31.394 [VehicleEnter] Player Nick Leadbeatter [uid=JmVdSu0kzNbOpwjpFV-MDcMB-Equ3yPY-l-COMb6HgY=] entered vehicle BMW (rust) (id=663AF7626B4D5A20D6BA41BA5F00C6E8 pos=<5618.505859, 28.623552, 5348.373047>) as driver
08:08:39.669 [VehicleEngine] Player Nick Leadbeatter [uid=JmVdSu0kzNbOpwjpFV-MDcMB-Equ3yPY-l-COMb6HgY=] started vehicle BMW (rust) (id=663AF7626B4D5A20D6BA41BA5F00C6E8 pos=<5618.505371, 28.623560, 5348.373047>)
08:09:18.753 [Safezone] Player "Nick Leadbeatter" (id=JmVdSu0kzNbOpwjpFV-MDcMB-Equ3yPY-l-COMb6HgY= pos=<5799.062988, 27.107756, 5198.447754>) Left the safezone
08:14:10.888 [VehicleCover] Player "Stahlhelm Sturm" (id=Dj-6_aSgGuPVYaq-POeeqvRPr_91gVAi6qp9fgRrqHk= pos=<8888.112305, 5.211758, 8677.652344>) uncovered vehicle "OffroadRangeRover_green" (GlobalID=80000000800000008000000080016FB4 pos=<8885.440430, 5.218230, 8676.121094>)!
08:14:27.761 [VehicleCarKey] Player "Stahlhelm Sturm" (id=Dj-6_aSgGuPVYaq-POeeqvRPr_91gVAi6qp9fgRrqHk= pos=<8887.747070, 5.211726, 8677.652344>) used the  ExpansionCarKey to unlock OffroadRangeRover_green (id=C5A47C92E5461A6D1BD839BA7A30F6D4 pos=<8885.439453, 5.216437, 8676.119141>)
08:15:00.558 [VehicleEnter] Player Stahlhelm Sturm [uid=Dj-6_aSgGuPVYaq-POeeqvRPr_91gVAi6qp9fgRrqHk=] entered vehicle Offroad Range Rover green  (id=C5A47C92E5461A6D1BD839BA7A30F6D4 pos=<8885.331055, 5.205263, 8676.108398>) as driver
08:15:09.101 [VehicleEngine] Player Stahlhelm Sturm [uid=Dj-6_aSgGuPVYaq-POeeqvRPr_91gVAi6qp9fgRrqHk=] started vehicle Offroad Range Rover green  (id=C5A47C92E5461A6D1BD839BA7A30F6D4 pos=<8885.331055, 5.205547, 8676.108398>)
08:17:09.304 [VehicleEnter] Player TomInTheNorth [uid=qD1dO4Xthw_yK-reAyR_a51VmE_30ATNiMf9gwL8oGM=] entered vehicle BMW (rust) (id=663AF7626B4D5A20D6BA41BA5F00C6E8 pos=<7185.793945, 6.652856, 8456.953125>) as passenger
08:19:09.324 [VehicleEngine] Player Stahlhelm Sturm [uid=Dj-6_aSgGuPVYaq-POeeqvRPr_91gVAi6qp9fgRrqHk=] stopped vehicle Offroad Range Rover green  (id=C5A47C92E5461A6D1BD839BA7A30F6D4 pos=<7014.494629, 7.104458, 8734.729492>)
08:19:26.044 [VehicleLeave] Player Stahlhelm Sturm [uid=Dj-6_aSgGuPVYaq-POeeqvRPr_91gVAi6qp9fgRrqHk=] left vehicle Offroad Range Rover green  (id=C5A47C92E5461A6D1BD839BA7A30F6D4 pos=<7014.494629, 7.104459, 8734.729492>)
08:19:43.878 [VehicleLeave] Player TomInTheNorth [uid=qD1dO4Xthw_yK-reAyR_a51VmE_30ATNiMf9gwL8oGM=] left vehicle BMW (rust) (id=663AF7626B4D5A20D6BA41BA5F00C6E8 pos=<7006.312012, 7.340508, 8738.605469>)
08:20:50.382 [VehicleEnter] Player TomInTheNorth [uid=qD1dO4Xthw_yK-reAyR_a51VmE_30ATNiMf9gwL8oGM=] entered vehicle BMW (rust) (id=663AF7626B4D5A20D6BA41BA5F00C6E8 pos=<7006.312012, 7.340505, 8738.605469>) as passenger
08:22:58.324 [VehicleEnter] Player Stahlhelm Sturm [uid=Dj-6_aSgGuPVYaq-POeeqvRPr_91gVAi6qp9fgRrqHk=] entered vehicle Offroad Range Rover green  (id=C5A47C92E5461A6D1BD839BA7A30F6D4 pos=<7014.494629, 7.104459, 8734.729492>) as driver
08:23:03.027 [VehicleEngine] Player Stahlhelm Sturm [uid=Dj-6_aSgGuPVYaq-POeeqvRPr_91gVAi6qp9fgRrqHk=] started vehicle Offroad Range Rover green  (id=C5A47C92E5461A6D1BD839BA7A30F6D4 pos=<7014.494629, 7.104459, 8734.729492>)
08:27:28.429 [VehicleEngine] Player Stahlhelm Sturm [uid=Dj-6_aSgGuPVYaq-POeeqvRPr_91gVAi6qp9fgRrqHk=] stopped vehicle Offroad Range Rover green  (id=C5A47C92E5461A6D1BD839BA7A30F6D4 pos=<8886.585938, 5.220796, 8675.416992>)
08:27:34.033 [VehicleEngine] Player Stahlhelm Sturm [uid=Dj-6_aSgGuPVYaq-POeeqvRPr_91gVAi6qp9fgRrqHk=] started vehicle Offroad Range Rover green  (id=C5A47C92E5461A6D1BD839BA7A30F6D4 pos=<8886.585938, 5.220796, 8675.416992>)
08:27:41.765 [VehicleLeave] Player Stahlhelm Sturm [uid=Dj-6_aSgGuPVYaq-POeeqvRPr_91gVAi6qp9fgRrqHk=] left vehicle Offroad Range Rover green  (id=C5A47C92E5461A6D1BD839BA7A30F6D4 pos=<8886.585938, 5.220796, 8675.416992>)
08:27:50.050 [VehicleCarKey] Player "Stahlhelm Sturm" (id=Dj-6_aSgGuPVYaq-POeeqvRPr_91gVAi6qp9fgRrqHk= pos=<8888.315430, 5.211762, 8675.203125>) used the  ExpansionCarKey to lock OffroadRangeRover_green (id=C5A47C92E5461A6D1BD839BA7A30F6D4 pos=<8886.585938, 5.220796, 8675.416992>)
08:28:03.515 [VehicleCarKey] Player "Stahlhelm Sturm" (id=Dj-6_aSgGuPVYaq-POeeqvRPr_91gVAi6qp9fgRrqHk= pos=<8888.315430, 5.211762, 8675.203125>) used the  ExpansionCarKey to unlock OffroadRangeRover_green (id=C5A47C92E5461A6D1BD839BA7A30F6D4 pos=<8886.585938, 5.220796, 8675.416992>)
08:28:23.351 [VehicleCarKey] Player "Stahlhelm Sturm" (id=Dj-6_aSgGuPVYaq-POeeqvRPr_91gVAi6qp9fgRrqHk= pos=<8888.744141, 5.439053, 8675.616211>) used the  ExpansionCarKey to lock OffroadRangeRover_green (id=C5A47C92E5461A6D1BD839BA7A30F6D4 pos=<8886.585938, 5.220796, 8675.416992>)
08:28:24.822 [VehicleCarKey] Player "Stahlhelm Sturm" (id=Dj-6_aSgGuPVYaq-POeeqvRPr_91gVAi6qp9fgRrqHk= pos=<8888.744141, 5.439053, 8675.616211>) used the  ExpansionCarKey to unlock OffroadRangeRover_green (id=C5A47C92E5461A6D1BD839BA7A30F6D4 pos=<8886.585938, 5.220796, 8675.416992>)
08:28:26.500 [VehicleEngine] Player Nick Leadbeatter [uid=JmVdSu0kzNbOpwjpFV-MDcMB-Equ3yPY-l-COMb6HgY=] stopped vehicle BMW (rust) (id=663AF7626B4D5A20D6BA41BA5F00C6E8 pos=<8313.621094, 206.534515, 10409.049805>)
08:28:31.906 [VehicleLeave] Player TomInTheNorth [uid=qD1dO4Xthw_yK-reAyR_a51VmE_30ATNiMf9gwL8oGM=] left vehicle BMW (rust) (Locked) (id=663AF7626B4D5A20D6BA41BA5F00C6E8 pos=<8313.658203, 206.532776, 10408.850586>)
08:28:35.119 [VehicleCarKey] Player "Stahlhelm Sturm" (id=Dj-6_aSgGuPVYaq-POeeqvRPr_91gVAi6qp9fgRrqHk= pos=<8888.744141, 5.439053, 8675.616211>) used the  ExpansionCarKey to lock OffroadRangeRover_green (id=C5A47C92E5461A6D1BD839BA7A30F6D4 pos=<8886.585938, 5.220796, 8675.416992>)
08:28:53.273 [VehicleLeave] Player Nick Leadbeatter [uid=JmVdSu0kzNbOpwjpFV-MDcMB-Equ3yPY-l-COMb6HgY=] left vehicle BMW (rust) (id=663AF7626B4D5A20D6BA41BA5F00C6E8 pos=<8313.672852, 206.538239, 10408.664063>)
08:28:58.703 [VehicleCarKey] Player "Nick Leadbeatter" (id=JmVdSu0kzNbOpwjpFV-MDcMB-Equ3yPY-l-COMb6HgY= pos=<8316.998047, 205.588593, 10410.524414>) used the  ExpansionCarKey to lock BMW_rust (id=663AF7626B4D5A20D6BA41BA5F00C6E8 pos=<8313.672852, 206.538269, 10408.664063>)
08:29:00.482 [VehicleCarKey] Player "Nick Leadbeatter" (id=JmVdSu0kzNbOpwjpFV-MDcMB-Equ3yPY-l-COMb6HgY= pos=<8316.434570, 205.734146, 10410.161133>) used the  ExpansionCarKey to unlock BMW_rust (id=663AF7626B4D5A20D6BA41BA5F00C6E8 pos=<8313.672852, 206.538269, 10408.664063>)
08:29:09.615 [VehicleDeleted] OffroadRangeRover_green (id=C5A47C92E5461A6D1BD839BA7A30F6D4 pos=<8886.585938, 5.220796, 8675.416992>)
08:29:09.617 [VehicleCover] Player "Stahlhelm Sturm" (id=Dj-6_aSgGuPVYaq-POeeqvRPr_91gVAi6qp9fgRrqHk= pos=<8888.910156, 5.211761, 8676.228516>) covered vehicle "OffroadRangeRover_green" (GlobalID=80000000800000008000000080016FB4 pos=<8886.585938, 5.220796, 8675.416992>)!
08:29:34.515 [VehicleCarKey] Player "Nick Leadbeatter" (id=JmVdSu0kzNbOpwjpFV-MDcMB-Equ3yPY-l-COMb6HgY= pos=<8315.009766, 206.203110, 10409.968750>) used the  ExpansionCarKey to lock BMW_rust (id=663AF7626B4D5A20D6BA41BA5F00C6E8 pos=<8313.672852, 206.538269, 10408.664063>)
08:29:57.175 [Party] Player "Nick Leadbeatter" (id=JmVdSu0kzNbOpwjpFV-MDcMB-Equ3yPY-l-COMb6HgY=) left the party "DIEHARD" (id=32 ownerUID=JmVdSu0kzNbOpwjpFV-MDcMB-Equ3yPY-l-COMb6HgY= ownerName=Nick Leadbeatter)
08:31:09.355 [Party] Player "TomInTheNorth" (id=qD1dO4Xthw_yK-reAyR_a51VmE_30ATNiMf9gwL8oGM=) left the party "DIEHARD" (id=32 ownerUID=JmVdSu0kzNbOpwjpFV-MDcMB-Equ3yPY-l-COMb6HgY= ownerName=Nick Leadbeatter)
08:31:38.152 [Party] Player "Stahlhelm Sturm" (id=Dj-6_aSgGuPVYaq-POeeqvRPr_91gVAi6qp9fgRrqHk=) left the party "DIEHARD" (id=32 ownerUID=JmVdSu0kzNbOpwjpFV-MDcMB-Equ3yPY-l-COMb6HgY= ownerName=Nick Leadbeatter)
