06:05:49.529 [Expansion Quests] - InitQuestSystemClient - Loaded existing player quest data for player with UID: 8aHbwb5XZ9Gq0J-7qO1AVn3G8YD6-lBt4iCz53aUxso=
06:05:49.529 [Expansion Quests] - Create new quest instance for quest: 17 - Player UID: 8aHbwb5XZ9Gq0J-7qO1AVn3G8YD6-lBt4iCz53aUxso=
06:06:13.603 [SpawnSelection] Player "Dragonhunter" (id=8aHbwb5XZ9Gq0J-7qO1AVn3G8YD6-lBt4iCz53aUxso=) spawned at <7680.490234, 10.688700, 3935.590088>
06:07:23.212 [AI Patrol] Spawning 3 Camp Eagle Patrol bots at <8901.550781, 45.604740, 3750.358887>
06:17:29.828 [Killfeed] Dragonhunter got killed.
06:18:14.992 [SpawnSelection] Player "Dragonhunter" (id=8aHbwb5XZ9Gq0J-7qO1AVn3G8YD6-lBt4iCz53aUxso=) spawned at <7483.589844, 22.736700, 4065.649902>
06:20:51.785 [MissionAirdrop] An airdrop is heading towards "Hazelands" (pos=<4539.000000, 0.000000, 2317.000000> type=Random_Hazelands) with a ExpansionAirdropContainer
06:31:50.945 [Party] Player "Stahlhelm Sturm" (id=Dj-6_aSgGuPVYaq-POeeqvRPr_91gVAi6qp9fgRrqHk=) joinded the party "DIEHARD" (id=32 ownerUID=JmVdSu0kzNbOpwjpFV-MDcMB-Equ3yPY-l-COMb6HgY= ownerName=Nick Leadbeatter)
06:31:50.960 [Expansion Quests] - InitQuestSystemClient - Loaded existing player quest data for player with UID: Dj-6_aSgGuPVYaq-POeeqvRPr_91gVAi6qp9fgRrqHk=
06:31:50.960 [Expansion Quests] - LoadGroupQuestData - Loaded existing group quest data for group with ID: 32
06:31:50.960 [Expansion Quests] - Create new quest instance for quest: 11 - Player UID: Dj-6_aSgGuPVYaq-POeeqvRPr_91gVAi6qp9fgRrqHk=
06:31:51.912 [Expansion Quests] - LoadGroupQuestData - Got cached group quest data for group with ID: 32
06:40:24.515 [VehicleCover] Player "Stahlhelm Sturm" (id=Dj-6_aSgGuPVYaq-POeeqvRPr_91gVAi6qp9fgRrqHk= pos=<8888.235352, 5.211762, 8675.728516>) uncovered vehicle "OffroadRangeRover_green" (GlobalID=80000000800000008000000080016FB4 pos=<8885.590820, 5.220796, 8675.374023>)!
06:40:41.246 [VehicleCarKey] Player "Stahlhelm Sturm" (id=Dj-6_aSgGuPVYaq-POeeqvRPr_91gVAi6qp9fgRrqHk= pos=<8887.492188, 5.211756, 8675.201172>) used the  ExpansionCarKey to unlock OffroadRangeRover_green (id=91A32E49CF46AFD1AB82E8B736949BC1 pos=<8885.590820, 5.220796, 8675.374023>)
06:41:58.421 [Killfeed] Dragonhunter got killed by Camp Eagle Patrol with KA-74 from a distance of 8 m.
06:42:03.218 [AI Patrol] Spawning 3 Temple Patrol bots at <309.652405, 47.052395, 775.904785>
06:42:03.230 [AI Patrol] Spawning 3 Temple Patrol bots at <325.950836, 47.070000, 748.917114>
06:42:03.242 [AI Patrol] Spawning 3 Temple Patrol bots at <383.814880, 47.070000, 837.702942>
06:42:05.001 [VehicleEnter] Player Stahlhelm Sturm [uid=Dj-6_aSgGuPVYaq-POeeqvRPr_91gVAi6qp9fgRrqHk=] entered vehicle Offroad Range Rover green  (id=91A32E49CF46AFD1AB82E8B736949BC1 pos=<8885.590820, 5.220796, 8675.374023>) as driver
06:42:20.197 [VehicleEngine] Player Stahlhelm Sturm [uid=Dj-6_aSgGuPVYaq-POeeqvRPr_91gVAi6qp9fgRrqHk=] started vehicle Offroad Range Rover green  (id=91A32E49CF46AFD1AB82E8B736949BC1 pos=<8885.590820, 5.220796, 8675.374023>)
06:48:01.134 [AI Patrol] Spawning 2 Shamans bots at <10790.500000, 4.590857, 11817.250000>
07:05:41.769 [VehicleEngine] Player Stahlhelm Sturm [uid=Dj-6_aSgGuPVYaq-POeeqvRPr_91gVAi6qp9fgRrqHk=] stopped vehicle Offroad Range Rover green  (id=91A32E49CF46AFD1AB82E8B736949BC1 pos=<6495.069336, 37.189270, 14781.422852>)
07:05:47.839 [VehicleLeave] Player Stahlhelm Sturm [uid=Dj-6_aSgGuPVYaq-POeeqvRPr_91gVAi6qp9fgRrqHk=] left vehicle Offroad Range Rover green  (id=91A32E49CF46AFD1AB82E8B736949BC1 pos=<6495.092773, 37.186493, 14781.417969>)
07:17:23.267 [VehicleEnter] Player Stahlhelm Sturm [uid=Dj-6_aSgGuPVYaq-POeeqvRPr_91gVAi6qp9fgRrqHk=] entered vehicle Offroad Range Rover green  (id=91A32E49CF46AFD1AB82E8B736949BC1 pos=<6495.149902, 37.189190, 14781.398438>) as driver
07:17:38.683 [VehicleLeave] Player Stahlhelm Sturm [uid=Dj-6_aSgGuPVYaq-POeeqvRPr_91gVAi6qp9fgRrqHk=] left vehicle Offroad Range Rover green  (id=91A32E49CF46AFD1AB82E8B736949BC1 pos=<6495.149902, 37.189194, 14781.398438>)
07:18:02.812 [VehicleAttachments] Player Stahlhelm Sturm (uid=Dj-6_aSgGuPVYaq-POeeqvRPr_91gVAi6qp9fgRrqHk=) detached Car Radiator (type=CarRadiator) from vehicle Offroad Range Rover green (id=91A32E49CF46AFD1AB82E8B736949BC1 pos=<6495.149902, 37.189190, 14781.398438>)
07:19:38.949 [VehicleEnter] Player Stahlhelm Sturm [uid=Dj-6_aSgGuPVYaq-POeeqvRPr_91gVAi6qp9fgRrqHk=] entered vehicle Offroad Range Rover green  (id=91A32E49CF46AFD1AB82E8B736949BC1 pos=<6495.149902, 37.189190, 14781.398438>) as driver
07:19:54.515 [VehicleLeave] Player Stahlhelm Sturm [uid=Dj-6_aSgGuPVYaq-POeeqvRPr_91gVAi6qp9fgRrqHk=] left vehicle Offroad Range Rover green  (id=91A32E49CF46AFD1AB82E8B736949BC1 pos=<6495.149902, 37.189194, 14781.398438>)
07:20:03.818 [VehicleCarKey] Player "Stahlhelm Sturm" (id=Dj-6_aSgGuPVYaq-POeeqvRPr_91gVAi6qp9fgRrqHk= pos=<6493.493164, 37.202812, 14782.092773>) used the  ExpansionCarKey to lock OffroadRangeRover_green (id=91A32E49CF46AFD1AB82E8B736949BC1 pos=<6495.149902, 37.189194, 14781.398438>)
07:22:04.023 [VehicleEnter] Player Stahlhelm Sturm [uid=Dj-6_aSgGuPVYaq-POeeqvRPr_91gVAi6qp9fgRrqHk=] entered vehicle ToyotaHilux rust (id=596AD25BA04E72E2D30A1F86F38074E2 pos=<6376.241211, 37.115604, 14795.683594>) as driver
07:22:16.767 [VehicleLeave] Player Stahlhelm Sturm [uid=Dj-6_aSgGuPVYaq-POeeqvRPr_91gVAi6qp9fgRrqHk=] left vehicle ToyotaHilux rust (id=596AD25BA04E72E2D30A1F86F38074E2 pos=<6376.241211, 37.115578, 14795.683594>)
07:23:09.037 [VehicleEnter] Player Stahlhelm Sturm [uid=Dj-6_aSgGuPVYaq-POeeqvRPr_91gVAi6qp9fgRrqHk=] entered vehicle Merlin (id=131B9917294983C0C5A393870EAEB184 pos=<6320.800781, 37.337547, 14813.208008>) as passenger
07:23:18.171 [VehicleLeave] Player Stahlhelm Sturm [uid=Dj-6_aSgGuPVYaq-POeeqvRPr_91gVAi6qp9fgRrqHk=] left vehicle Merlin (id=131B9917294983C0C5A393870EAEB184 pos=<6320.800781, 37.337555, 14813.208008>)
07:28:04.058 [VehicleCarKey] Player "Stahlhelm Sturm" (id=Dj-6_aSgGuPVYaq-POeeqvRPr_91gVAi6qp9fgRrqHk= pos=<6493.369629, 37.209743, 14781.839844>) used the  ExpansionCarKey to unlock OffroadRangeRover_green (id=91A32E49CF46AFD1AB82E8B736949BC1 pos=<6495.149902, 37.189194, 14781.398438>)
07:28:12.255 [VehicleEnter] Player Stahlhelm Sturm [uid=Dj-6_aSgGuPVYaq-POeeqvRPr_91gVAi6qp9fgRrqHk=] entered vehicle Offroad Range Rover green  (id=91A32E49CF46AFD1AB82E8B736949BC1 pos=<6495.149902, 37.189194, 14781.398438>) as driver
07:28:27.707 [VehicleEngine] Player Stahlhelm Sturm [uid=Dj-6_aSgGuPVYaq-POeeqvRPr_91gVAi6qp9fgRrqHk=] started vehicle Offroad Range Rover green  (id=91A32E49CF46AFD1AB82E8B736949BC1 pos=<6495.149902, 37.189194, 14781.398438>)
07:28:47.410 [VehicleEngine] Player Stahlhelm Sturm [uid=Dj-6_aSgGuPVYaq-POeeqvRPr_91gVAi6qp9fgRrqHk=] stopped vehicle Offroad Range Rover green  (id=91A32E49CF46AFD1AB82E8B736949BC1 pos=<6495.149902, 37.189190, 14781.398438>)
07:28:56.927 [VehicleLeave] Player Stahlhelm Sturm [uid=Dj-6_aSgGuPVYaq-POeeqvRPr_91gVAi6qp9fgRrqHk=] left vehicle Offroad Range Rover green  (id=91A32E49CF46AFD1AB82E8B736949BC1 pos=<6495.149902, 37.189186, 14781.398438>)
07:30:01.396 [VehicleEnter] Player Stahlhelm Sturm [uid=Dj-6_aSgGuPVYaq-POeeqvRPr_91gVAi6qp9fgRrqHk=] entered vehicle Offroad Range Rover green  (id=91A32E49CF46AFD1AB82E8B736949BC1 pos=<6495.166992, 37.188786, 14781.408203>) as driver
07:30:11.859 [VehicleEngine] Player Stahlhelm Sturm [uid=Dj-6_aSgGuPVYaq-POeeqvRPr_91gVAi6qp9fgRrqHk=] started vehicle Offroad Range Rover green  (id=91A32E49CF46AFD1AB82E8B736949BC1 pos=<6495.166992, 37.188786, 14781.408203>)
07:35:41.312 [VehicleEngine] Player Stahlhelm Sturm [uid=Dj-6_aSgGuPVYaq-POeeqvRPr_91gVAi6qp9fgRrqHk=] stopped vehicle Offroad Range Rover green  (id=91A32E49CF46AFD1AB82E8B736949BC1 pos=<6009.312500, 5.889035, 14834.118164>)
07:35:46.365 [VehicleLeave] Player Stahlhelm Sturm [uid=Dj-6_aSgGuPVYaq-POeeqvRPr_91gVAi6qp9fgRrqHk=] left vehicle Offroad Range Rover green  (id=91A32E49CF46AFD1AB82E8B736949BC1 pos=<6009.312500, 5.889035, 14834.118164>)
07:36:17.130 [VehicleCarKey] Player "Stahlhelm Sturm" (id=Dj-6_aSgGuPVYaq-POeeqvRPr_91gVAi6qp9fgRrqHk= pos=<6008.787598, 5.892488, 14835.749023>) used the  ExpansionCarKey to lock OffroadRangeRover_green (id=91A32E49CF46AFD1AB82E8B736949BC1 pos=<6009.312500, 5.889035, 14834.118164>)
07:39:29.904 [VehicleCarKey] Player "Stahlhelm Sturm" (id=Dj-6_aSgGuPVYaq-POeeqvRPr_91gVAi6qp9fgRrqHk= pos=<6006.392578, 5.892500, 14834.745117>) used the  ExpansionCarKey to unlock OffroadRangeRover_green (id=91A32E49CF46AFD1AB82E8B736949BC1 pos=<6009.312500, 5.889035, 14834.118164>)
07:40:10.867 [VehicleCarKey] Player "Stahlhelm Sturm" (id=Dj-6_aSgGuPVYaq-POeeqvRPr_91gVAi6qp9fgRrqHk= pos=<6006.147949, 5.892485, 14834.598633>) used the  ExpansionCarKey to lock OffroadRangeRover_green (id=91A32E49CF46AFD1AB82E8B736949BC1 pos=<6009.312500, 5.889035, 14834.118164>)
07:45:53.242 [VehicleCarKey] Player "Stahlhelm Sturm" (id=Dj-6_aSgGuPVYaq-POeeqvRPr_91gVAi6qp9fgRrqHk= pos=<6008.979492, 5.892458, 14835.915039>) used the  ExpansionCarKey to unlock OffroadRangeRover_green (id=91A32E49CF46AFD1AB82E8B736949BC1 pos=<6009.312500, 5.889035, 14834.118164>)
07:46:01.660 [VehicleEnter] Player Stahlhelm Sturm [uid=Dj-6_aSgGuPVYaq-POeeqvRPr_91gVAi6qp9fgRrqHk=] entered vehicle Offroad Range Rover green  (id=91A32E49CF46AFD1AB82E8B736949BC1 pos=<6009.312500, 5.889035, 14834.118164>) as driver
07:46:47.328 [VehicleEngine] Player Stahlhelm Sturm [uid=Dj-6_aSgGuPVYaq-POeeqvRPr_91gVAi6qp9fgRrqHk=] started vehicle Offroad Range Rover green  (id=91A32E49CF46AFD1AB82E8B736949BC1 pos=<6009.312500, 5.889035, 14834.118164>)
07:55:52.980 [AI Patrol] Spawning 1 Shamans bots at <4761.287109, 22.486759, 12157.297852>
07:58:15.255 [VehicleLeave] Player Stahlhelm Sturm [uid=Dj-6_aSgGuPVYaq-POeeqvRPr_91gVAi6qp9fgRrqHk=] left vehicle Offroad Range Rover green  (id=91A32E49CF46AFD1AB82E8B736949BC1 pos=<5346.478027, 4.779036, 12366.577148>)
08:10:32.181 [VehicleEnter] Player Stahlhelm Sturm [uid=Dj-6_aSgGuPVYaq-POeeqvRPr_91gVAi6qp9fgRrqHk=] entered vehicle Offroad Range Rover green  (id=91A32E49CF46AFD1AB82E8B736949BC1 pos=<5346.465332, 4.779036, 12366.589844>) as driver
08:11:00.167 [VehicleEngine] Player Stahlhelm Sturm [uid=Dj-6_aSgGuPVYaq-POeeqvRPr_91gVAi6qp9fgRrqHk=] started vehicle Offroad Range Rover green  (id=91A32E49CF46AFD1AB82E8B736949BC1 pos=<5346.465332, 4.779036, 12366.589844>)
08:18:25.863 [AI Patrol] Spawning 3 Power Plant Patrol bots at <4572.517578, 20.430000, 7006.628418>
08:24:00.187 [Safezone] Player "Stahlhelm Sturm" (id=Dj-6_aSgGuPVYaq-POeeqvRPr_91gVAi6qp9fgRrqHk= pos=<5659.313965, 29.781656, 5523.645020>) Entered the safezone
08:25:07.410 [VehicleEngine] Player Stahlhelm Sturm [uid=Dj-6_aSgGuPVYaq-POeeqvRPr_91gVAi6qp9fgRrqHk=] stopped vehicle Offroad Range Rover green  (id=91A32E49CF46AFD1AB82E8B736949BC1 pos=<5611.418945, 28.719034, 5403.451660>)
08:25:20.792 [VehicleLeave] Player Stahlhelm Sturm [uid=Dj-6_aSgGuPVYaq-POeeqvRPr_91gVAi6qp9fgRrqHk=] left vehicle Offroad Range Rover green  (id=91A32E49CF46AFD1AB82E8B736949BC1 pos=<5611.418945, 28.719034, 5403.451660>)
08:25:44.164 [VehicleCarKey] Player "Stahlhelm Sturm" (id=Dj-6_aSgGuPVYaq-POeeqvRPr_91gVAi6qp9fgRrqHk= pos=<5613.034180, 28.722498, 5403.185547>) used the  ExpansionCarKey to lock OffroadRangeRover_green (id=91A32E49CF46AFD1AB82E8B736949BC1 pos=<5611.418945, 28.719032, 5403.451660>)
08:26:27.949 [Expansion Quests] - CancelQuestServer - Player with UID Dj-6_aSgGuPVYaq-POeeqvRPr_91gVAi6qp9fgRrqHk= has cancelled quest 11
08:26:40.890 [Expansion Quests] - CreateQuestInstance - Created new quest instance for with instance key Dj-6_aSgGuPVYaq-POeeqvRPr_91gVAi6qp9fgRrqHk= for quest 11
08:28:53.298 [Market] Player "Stahlhelm Sturm" (id=Dj-6_aSgGuPVYaq-POeeqvRPr_91gVAi6qp9fgRrqHk=) has send a requested to sell collectable_floppydisks_mtv x1 at the trader "Special (Eva [SPECIALTY ITEMS])" in market zone "The Holler" (pos=<5632.000000, 32.000000, 5392.000000>).
08:28:53.478 [Market] Player "Stahlhelm Sturm" (id=Dj-6_aSgGuPVYaq-POeeqvRPr_91gVAi6qp9fgRrqHk=) has sold collectable_floppydisks_mtv x1 at the trader "Special (Eva [SPECIALTY ITEMS])" in market zone "The Holler" (pos=<5632.000000, 32.000000, 5392.000000>) and got 13500.
08:30:06.207 [Market] Player "Stahlhelm Sturm" (id=Dj-6_aSgGuPVYaq-POeeqvRPr_91gVAi6qp9fgRrqHk=) has send a requested to sell collectable_pokemoncard_scoopup x1 at the trader "Collectibles (Quinn [COLLECTIBLE TRADER])" in market zone "The Holler" (pos=<5632.000000, 32.000000, 5392.000000>).
08:30:06.394 [Market] Player "Stahlhelm Sturm" (id=Dj-6_aSgGuPVYaq-POeeqvRPr_91gVAi6qp9fgRrqHk=) has sold collectable_pokemoncard_scoopup x1 at the trader "Collectibles (Quinn [COLLECTIBLE TRADER])" in market zone "The Holler" (pos=<5632.000000, 32.000000, 5392.000000>) and got 750.
08:32:52.945 [Market] Player "Stahlhelm Sturm" (id=Dj-6_aSgGuPVYaq-POeeqvRPr_91gVAi6qp9fgRrqHk=) has send a requested to purchase carradiator x1 from the trader "Vehicles (Lewis [VEHICLES])" in market zone "The Holler" (pos=<5632.000000, 32.000000, 5392.000000>).
08:32:53.101 [Market] Player "Stahlhelm Sturm" (id=Dj-6_aSgGuPVYaq-POeeqvRPr_91gVAi6qp9fgRrqHk=) has bought carradiator x1 from the trader "Vehicles (Lewis [VEHICLES])" in market zone "The Holler" (pos=<5632.000000, 32.000000, 5392.000000>) for a price of 1200.
08:33:00.408 [Market] Player "Stahlhelm Sturm" (id=Dj-6_aSgGuPVYaq-POeeqvRPr_91gVAi6qp9fgRrqHk=) has send a requested to purchase expansionhydraulichoses x1 from the trader "Vehicles (Lewis [VEHICLES])" in market zone "The Holler" (pos=<5632.000000, 32.000000, 5392.000000>).
08:33:00.566 [Market] Player "Stahlhelm Sturm" (id=Dj-6_aSgGuPVYaq-POeeqvRPr_91gVAi6qp9fgRrqHk=) has bought expansionhydraulichoses x1 from the trader "Vehicles (Lewis [VEHICLES])" in market zone "The Holler" (pos=<5632.000000, 32.000000, 5392.000000>) for a price of 800.
08:33:35.320 [VehicleCarKey] Player "Stahlhelm Sturm" (id=Dj-6_aSgGuPVYaq-POeeqvRPr_91gVAi6qp9fgRrqHk= pos=<5612.353027, 28.722498, 5402.359863>) used the  ExpansionCarKey to unlock OffroadRangeRover_green (id=91A32E49CF46AFD1AB82E8B736949BC1 pos=<5611.418945, 28.719032, 5403.451660>)
08:36:41.564 [Market] Player "Stahlhelm Sturm" (id=Dj-6_aSgGuPVYaq-POeeqvRPr_91gVAi6qp9fgRrqHk=) has send a requested to purchase sewingkit x3 from the trader "BuildingSupplies (Indar [BUILDINGS])" in market zone "The Holler" (pos=<5632.000000, 32.000000, 5392.000000>).
08:36:41.726 [Market] Player "Stahlhelm Sturm" (id=Dj-6_aSgGuPVYaq-POeeqvRPr_91gVAi6qp9fgRrqHk=) has bought sewingkit x3 from the trader "BuildingSupplies (Indar [BUILDINGS])" in market zone "The Holler" (pos=<5632.000000, 32.000000, 5392.000000>) for a price of 285.
08:37:26.521 [ATM] Player "Stahlhelm Sturm" (id=Dj-6_aSgGuPVYaq-POeeqvRPr_91gVAi6qp9fgRrqHk=) has withdrawn 30000 from his ATM account.
08:38:04.273 [Market] Player "Stahlhelm Sturm" (id=Dj-6_aSgGuPVYaq-POeeqvRPr_91gVAi6qp9fgRrqHk=) has send a requested to purchase expansionhelicopterbattery x1 from the trader "Vehicles (Lewis [VEHICLES])" in market zone "The Holler" (pos=<5632.000000, 32.000000, 5392.000000>).
08:38:04.435 [Market] Player "Stahlhelm Sturm" (id=Dj-6_aSgGuPVYaq-POeeqvRPr_91gVAi6qp9fgRrqHk=) has bought expansionhelicopterbattery x1 from the trader "Vehicles (Lewis [VEHICLES])" in market zone "The Holler" (pos=<5632.000000, 32.000000, 5392.000000>) for a price of 12000.
08:38:17.847 [Market] Player "Stahlhelm Sturm" (id=Dj-6_aSgGuPVYaq-POeeqvRPr_91gVAi6qp9fgRrqHk=) has send a requested to purchase expansionigniterplug x1 from the trader "Vehicles (Lewis [VEHICLES])" in market zone "The Holler" (pos=<5632.000000, 32.000000, 5392.000000>).
08:38:17.998 [Market] Player "Stahlhelm Sturm" (id=Dj-6_aSgGuPVYaq-POeeqvRPr_91gVAi6qp9fgRrqHk=) has bought expansionigniterplug x1 from the trader "Vehicles (Lewis [VEHICLES])" in market zone "The Holler" (pos=<5632.000000, 32.000000, 5392.000000>) for a price of 1000.
08:38:28.541 [Market] Player "Stahlhelm Sturm" (id=Dj-6_aSgGuPVYaq-POeeqvRPr_91gVAi6qp9fgRrqHk=) has send a requested to purchase expansioncarkey x2 from the trader "Vehicles (Lewis [VEHICLES])" in market zone "The Holler" (pos=<5632.000000, 32.000000, 5392.000000>).
08:38:28.689 [Market] Player "Stahlhelm Sturm" (id=Dj-6_aSgGuPVYaq-POeeqvRPr_91gVAi6qp9fgRrqHk=) has bought expansioncarkey x2 from the trader "Vehicles (Lewis [VEHICLES])" in market zone "The Holler" (pos=<5632.000000, 32.000000, 5392.000000>) for a price of 1000.
08:40:59.632 [Party] Player "Stahlhelm Sturm" (id=Dj-6_aSgGuPVYaq-POeeqvRPr_91gVAi6qp9fgRrqHk=) left the party "DIEHARD" (id=32 ownerUID=JmVdSu0kzNbOpwjpFV-MDcMB-Equ3yPY-l-COMb6HgY= ownerName=Nick Leadbeatter)
08:42:32.927 [Safezone] Player "Stahlhelm Sturm" (id=Dj-6_aSgGuPVYaq-POeeqvRPr_91gVAi6qp9fgRrqHk= pos=<5613.872559, 28.722498, 5404.007324>) Entered the safezone
08:42:32.929 [Party] Player "Stahlhelm Sturm" (id=Dj-6_aSgGuPVYaq-POeeqvRPr_91gVAi6qp9fgRrqHk=) joinded the party "DIEHARD" (id=32 ownerUID=JmVdSu0kzNbOpwjpFV-MDcMB-Equ3yPY-l-COMb6HgY= ownerName=Nick Leadbeatter)
08:42:32.933 [Expansion Quests] - InitQuestSystemClient - Loaded existing player quest data for player with UID: Dj-6_aSgGuPVYaq-POeeqvRPr_91gVAi6qp9fgRrqHk=
08:42:32.933 [Expansion Quests] - LoadGroupQuestData - Got cached group quest data for group with ID: 32
08:42:32.933 [Expansion Quests] - Create new quest instance for quest: 11 - Player UID: Dj-6_aSgGuPVYaq-POeeqvRPr_91gVAi6qp9fgRrqHk=
08:42:33.890 [Expansion Quests] - LoadGroupQuestData - Got cached group quest data for group with ID: 32
08:43:41.460 [VehicleCarKey] Player "Stahlhelm Sturm" (id=Dj-6_aSgGuPVYaq-POeeqvRPr_91gVAi6qp9fgRrqHk= pos=<5612.399902, 28.722450, 5402.429199>) used the  ExpansionCarKey to lock OffroadRangeRover_green (id=91A32E49CF46AFD1AB82E8B736949BC1 pos=<5611.418945, 28.719032, 5403.451660>)
08:44:40.326 [Party] Player "Stahlhelm Sturm" (id=Dj-6_aSgGuPVYaq-POeeqvRPr_91gVAi6qp9fgRrqHk=) left the party "DIEHARD" (id=32 ownerUID=JmVdSu0kzNbOpwjpFV-MDcMB-Equ3yPY-l-COMb6HgY= ownerName=Nick Leadbeatter)
11:07:38.277 [Safezone] Player "Stahlhelm Sturm" (id=Dj-6_aSgGuPVYaq-POeeqvRPr_91gVAi6qp9fgRrqHk= pos=<5613.097168, 28.722498, 5405.646484>) Entered the safezone
11:07:38.281 [Party] Player "Stahlhelm Sturm" (id=Dj-6_aSgGuPVYaq-POeeqvRPr_91gVAi6qp9fgRrqHk=) joinded the party "DIEHARD" (id=32 ownerUID=JmVdSu0kzNbOpwjpFV-MDcMB-Equ3yPY-l-COMb6HgY= ownerName=Nick Leadbeatter)
11:07:38.289 [Expansion Quests] - InitQuestSystemClient - Loaded existing player quest data for player with UID: Dj-6_aSgGuPVYaq-POeeqvRPr_91gVAi6qp9fgRrqHk=
11:07:38.289 [Expansion Quests] - LoadGroupQuestData - Got cached group quest data for group with ID: 32
11:07:38.289 [Expansion Quests] - Create new quest instance for quest: 11 - Player UID: Dj-6_aSgGuPVYaq-POeeqvRPr_91gVAi6qp9fgRrqHk=
11:07:39.234 [Expansion Quests] - LoadGroupQuestData - Got cached group quest data for group with ID: 32
11:07:41.964 [MissionAirdrop] An airdrop is heading towards "Stonington" (pos=<6973.000000, 0.000000, 1701.000000> type=Random_Stonington) with a ExpansionAirdropContainer_Medical
11:15:04.710 [Market] Player "Stahlhelm Sturm" (id=Dj-6_aSgGuPVYaq-POeeqvRPr_91gVAi6qp9fgRrqHk=) has send a requested to purchase expansionmerlinfrontwheel x1 from the trader "Vehicles (Lewis [VEHICLES])" in market zone "The Holler" (pos=<5632.000000, 32.000000, 5392.000000>).
11:15:04.875 [Market] Player "Stahlhelm Sturm" (id=Dj-6_aSgGuPVYaq-POeeqvRPr_91gVAi6qp9fgRrqHk=) has bought expansionmerlinfrontwheel x1 from the trader "Vehicles (Lewis [VEHICLES])" in market zone "The Holler" (pos=<5632.000000, 32.000000, 5392.000000>) for a price of 1250.
11:16:01.812 [Market] Player "Stahlhelm Sturm" (id=Dj-6_aSgGuPVYaq-POeeqvRPr_91gVAi6qp9fgRrqHk=) has send a requested to purchase ammobox_308win_20rnd x5 from the trader "WeaponAccessories (Rolf [WEAPON ACCESSORIES])" in market zone "The Holler" (pos=<5632.000000, 32.000000, 5392.000000>).
11:16:01.945 [Market] Player "Stahlhelm Sturm" (id=Dj-6_aSgGuPVYaq-POeeqvRPr_91gVAi6qp9fgRrqHk=) has bought ammobox_308win_20rnd x5 from the trader "WeaponAccessories (Rolf [WEAPON ACCESSORIES])" in market zone "The Holler" (pos=<5632.000000, 32.000000, 5392.000000>) for a price of 160.
11:16:27.554 [ATM] Player "Stahlhelm Sturm" (id=Dj-6_aSgGuPVYaq-POeeqvRPr_91gVAi6qp9fgRrqHk=) has deposited 26555 on his ATM account.
11:16:49.652 [VehicleCarKey] Player "Stahlhelm Sturm" (id=Dj-6_aSgGuPVYaq-POeeqvRPr_91gVAi6qp9fgRrqHk= pos=<5613.735840, 28.722496, 5405.799316>) used the  ExpansionCarKey to unlock OffroadRangeRover_green (id=91A32E49CF46AFD1AB82E8B736949BC1 pos=<5611.418945, 28.719032, 5403.451660>)
11:18:11.156 [VehicleEnter] Player Stahlhelm Sturm [uid=Dj-6_aSgGuPVYaq-POeeqvRPr_91gVAi6qp9fgRrqHk=] entered vehicle Offroad Range Rover green  (id=91A32E49CF46AFD1AB82E8B736949BC1 pos=<5611.418945, 28.719034, 5403.451660>) as driver
11:18:16.703 [VehicleEngine] Player Stahlhelm Sturm [uid=Dj-6_aSgGuPVYaq-POeeqvRPr_91gVAi6qp9fgRrqHk=] started vehicle Offroad Range Rover green  (id=91A32E49CF46AFD1AB82E8B736949BC1 pos=<5611.418945, 28.719034, 5403.451660>)
11:19:19.867 [Safezone] Player "Stahlhelm Sturm" (id=Dj-6_aSgGuPVYaq-POeeqvRPr_91gVAi6qp9fgRrqHk= pos=<5600.285645, 19.002312, 5668.321777>) Left the safezone
11:25:35.585 [Party] Player "Golden" (id=8Xp2uj5ZxNF55GgpLiN2OARJVn6kKpJE53oZMkC9IiQ=) joinded the party "G's" (id=49 ownerUID=4LNvemhkvMsn3fCjiyhQQrToOar0_hhH9f302w8wMNY= ownerName=MrGreen530)
11:25:35.601 [Expansion Quests] - InitQuestSystemClient - Loaded existing player quest data for player with UID: 8Xp2uj5ZxNF55GgpLiN2OARJVn6kKpJE53oZMkC9IiQ=
11:25:35.601 [Expansion Quests] - LoadGroupQuestData - Loaded existing group quest data for group with ID: 49
11:25:35.601 [AI Patrol] Spawning 3 Paris Island Patrol bots at <3138.184082, 22.450001, 4176.450684>
11:25:36.550 [Expansion Quests] - LoadGroupQuestData - Got cached group quest data for group with ID: 49
11:26:32.875 [VehicleCarKey] Player "Golden" (id=8Xp2uj5ZxNF55GgpLiN2OARJVn6kKpJE53oZMkC9IiQ= pos=<3675.946045, 25.851091, 4673.014160>) used the  ExpansionCarKey to unlock ToyotaHilux_rust (id=571B5FFEDE46DD4746241386E05869E6 pos=<3674.140381, 25.869375, 4672.849121>)
11:26:43.207 [VehicleEnter] Player Golden [uid=8Xp2uj5ZxNF55GgpLiN2OARJVn6kKpJE53oZMkC9IiQ=] entered vehicle ToyotaHilux rust (id=571B5FFEDE46DD4746241386E05869E6 pos=<3674.138672, 25.869265, 4672.848633>) as driver
11:26:50.093 [VehicleEngine] Player Golden [uid=8Xp2uj5ZxNF55GgpLiN2OARJVn6kKpJE53oZMkC9IiQ=] started vehicle ToyotaHilux rust (id=571B5FFEDE46DD4746241386E05869E6 pos=<3674.139160, 25.869278, 4672.849121>)
11:27:24.835 [AI Patrol] Spawning 2 Shamans bots at <4727.337891, 25.176933, 4182.583984>
11:31:23.804 [VehicleLeave] Player Golden [uid=8Xp2uj5ZxNF55GgpLiN2OARJVn6kKpJE53oZMkC9IiQ=] left vehicle ToyotaHilux rust (id=571B5FFEDE46DD4746241386E05869E6 pos=<3806.064453, 5.604176, 2505.899902>)
11:31:34.597 [VehicleEnter] Player Golden [uid=8Xp2uj5ZxNF55GgpLiN2OARJVn6kKpJE53oZMkC9IiQ=] entered vehicle ToyotaHilux rust (id=571B5FFEDE46DD4746241386E05869E6 pos=<3806.065674, 5.604179, 2505.899170>) as driver
11:31:36.800 [VehicleEngine] Player Golden [uid=8Xp2uj5ZxNF55GgpLiN2OARJVn6kKpJE53oZMkC9IiQ=] started vehicle ToyotaHilux rust (id=571B5FFEDE46DD4746241386E05869E6 pos=<3806.065430, 5.604177, 2505.899414>)
11:31:55.128 [VehicleLeave] Player Golden [uid=8Xp2uj5ZxNF55GgpLiN2OARJVn6kKpJE53oZMkC9IiQ=] left vehicle ToyotaHilux rust (id=571B5FFEDE46DD4746241386E05869E6 pos=<3814.697266, 5.659718, 2528.599854>)
11:39:22.320 [Party] Player "Golden" (id=8Xp2uj5ZxNF55GgpLiN2OARJVn6kKpJE53oZMkC9IiQ=) left the party "G's" (id=49 ownerUID=4LNvemhkvMsn3fCjiyhQQrToOar0_hhH9f302w8wMNY= ownerName=MrGreen530)
11:41:24.046 [VehicleEngine] Player Stahlhelm Sturm [uid=Dj-6_aSgGuPVYaq-POeeqvRPr_91gVAi6qp9fgRrqHk=] stopped vehicle Offroad Range Rover green  (id=91A32E49CF46AFD1AB82E8B736949BC1 pos=<6509.508789, 37.259033, 14746.869141>)
11:42:16.593 [VehicleLeave] Player Stahlhelm Sturm [uid=Dj-6_aSgGuPVYaq-POeeqvRPr_91gVAi6qp9fgRrqHk=] left vehicle Offroad Range Rover green  (id=91A32E49CF46AFD1AB82E8B736949BC1 pos=<6509.508789, 37.259033, 14746.869141>)
11:42:25.625 [VehicleCarKey] Player "Stahlhelm Sturm" (id=Dj-6_aSgGuPVYaq-POeeqvRPr_91gVAi6qp9fgRrqHk= pos=<6508.218262, 37.262497, 14746.165039>) used the  ExpansionCarKey to lock OffroadRangeRover_green (id=91A32E49CF46AFD1AB82E8B736949BC1 pos=<6509.508789, 37.259037, 14746.869141>)
11:49:16.656 [VehicleCarKey] Player "Stahlhelm Sturm" (id=Dj-6_aSgGuPVYaq-POeeqvRPr_91gVAi6qp9fgRrqHk= pos=<6326.949707, 38.717411, 14812.044922>) paired a  ExpansionCarKey to ExpansionMerlin_Ion (id=131B9917294983C0C5A393870EAEB184 pos=<6320.809082, 37.339222, 14813.148438>)
11:49:19.718 [VehicleCarKey] Player "Stahlhelm Sturm" (id=Dj-6_aSgGuPVYaq-POeeqvRPr_91gVAi6qp9fgRrqHk= pos=<6326.950684, 38.717365, 14812.057617>) used the  ExpansionCarKey to lock ExpansionMerlin_Ion (id=131B9917294983C0C5A393870EAEB184 pos=<6320.809082, 37.339218, 14813.148438>)
11:50:26.550 [VehicleCarKey] Player "Stahlhelm Sturm" (id=Dj-6_aSgGuPVYaq-POeeqvRPr_91gVAi6qp9fgRrqHk= pos=<6321.856445, 38.774632, 14812.563477>) used the  ExpansionCarKey to unlock ExpansionMerlin_Ion (id=131B9917294983C0C5A393870EAEB184 pos=<6320.809082, 37.339218, 14813.148438>)
11:50:34.421 [VehicleCarKey] Player "Stahlhelm Sturm" (id=Dj-6_aSgGuPVYaq-POeeqvRPr_91gVAi6qp9fgRrqHk= pos=<6321.821777, 38.774654, 14812.570313>) used the  ExpansionCarKey to lock ExpansionMerlin_Ion (id=131B9917294983C0C5A393870EAEB184 pos=<6320.809082, 37.339222, 14813.148438>)
11:51:07.429 [VehicleCarKey] Player "Stahlhelm Sturm" (id=Dj-6_aSgGuPVYaq-POeeqvRPr_91gVAi6qp9fgRrqHk= pos=<6327.169922, 38.688759, 14811.585938>) used the  ExpansionCarKey to unlock ExpansionMerlin_Ion (id=131B9917294983C0C5A393870EAEB184 pos=<6320.809082, 37.339218, 14813.148438>)
11:51:25.890 [VehicleEnter] Player Stahlhelm Sturm [uid=Dj-6_aSgGuPVYaq-POeeqvRPr_91gVAi6qp9fgRrqHk=] entered vehicle Merlin (id=131B9917294983C0C5A393870EAEB184 pos=<6320.809082, 37.339138, 14813.148438>) as pilot
11:51:34.785 [VehicleEngine] Player Stahlhelm Sturm [uid=Dj-6_aSgGuPVYaq-POeeqvRPr_91gVAi6qp9fgRrqHk=] started vehicle Merlin (id=131B9917294983C0C5A393870EAEB184 pos=<6320.809082, 37.338966, 14813.148438>)
11:51:40.070 [VehicleEngine] Player Stahlhelm Sturm [uid=Dj-6_aSgGuPVYaq-POeeqvRPr_91gVAi6qp9fgRrqHk=] stopped vehicle Merlin (id=131B9917294983C0C5A393870EAEB184 pos=<6320.808594, 37.339161, 14813.148438>)
11:52:21.562 [VehicleLeave] Player Stahlhelm Sturm [uid=Dj-6_aSgGuPVYaq-POeeqvRPr_91gVAi6qp9fgRrqHk=] left vehicle Merlin (id=131B9917294983C0C5A393870EAEB184 pos=<6320.809082, 37.338905, 14813.148438>)
11:52:38.554 [VehicleCarKey] Player "Stahlhelm Sturm" (id=Dj-6_aSgGuPVYaq-POeeqvRPr_91gVAi6qp9fgRrqHk= pos=<6322.702148, 37.388897, 14810.893555>) used the  ExpansionCarKey to lock ExpansionMerlin_Ion (id=131B9917294983C0C5A393870EAEB184 pos=<6320.808594, 37.338974, 14813.148438>)
11:55:08.789 [VehicleCarKey] Player "Stahlhelm Sturm" (id=Dj-6_aSgGuPVYaq-POeeqvRPr_91gVAi6qp9fgRrqHk= pos=<6510.003906, 37.262497, 14743.955078>) used the  ExpansionCarKey to unlock OffroadRangeRover_green (id=91A32E49CF46AFD1AB82E8B736949BC1 pos=<6509.508789, 37.259037, 14746.869141>)
11:55:30.187 [VehicleCarKey] Player "Stahlhelm Sturm" (id=Dj-6_aSgGuPVYaq-POeeqvRPr_91gVAi6qp9fgRrqHk= pos=<6509.402832, 37.262493, 14743.793945>) used the  ExpansionCarKey to lock OffroadRangeRover_green (id=91A32E49CF46AFD1AB82E8B736949BC1 pos=<6509.508789, 37.259037, 14746.869141>)
11:55:31.625 [VehicleCarKey] Player "Stahlhelm Sturm" (id=Dj-6_aSgGuPVYaq-POeeqvRPr_91gVAi6qp9fgRrqHk= pos=<6509.402832, 37.262493, 14743.793945>) used the  ExpansionCarKey to unlock OffroadRangeRover_green (id=91A32E49CF46AFD1AB82E8B736949BC1 pos=<6509.508789, 37.259037, 14746.869141>)
11:55:41.726 [VehicleAttachments] Player Stahlhelm Sturm (uid=Dj-6_aSgGuPVYaq-POeeqvRPr_91gVAi6qp9fgRrqHk=) detached Jerrycan (type=CanisterGasoline) from vehicle Offroad Range Rover green (id=91A32E49CF46AFD1AB82E8B736949BC1 pos=<6509.508789, 37.259037, 14746.869141>)
11:55:53.593 [VehicleCarKey] Player "Stahlhelm Sturm" (id=Dj-6_aSgGuPVYaq-POeeqvRPr_91gVAi6qp9fgRrqHk= pos=<6509.781738, 37.262497, 14743.833984>) used the  ExpansionCarKey to lock OffroadRangeRover_green (id=91A32E49CF46AFD1AB82E8B736949BC1 pos=<6509.508789, 37.259037, 14746.869141>)
11:59:16.312 [Party] Player "Stahlhelm Sturm" (id=Dj-6_aSgGuPVYaq-POeeqvRPr_91gVAi6qp9fgRrqHk=) left the party "DIEHARD" (id=32 ownerUID=JmVdSu0kzNbOpwjpFV-MDcMB-Equ3yPY-l-COMb6HgY= ownerName=Nick Leadbeatter)
