12:05:20.132 [Party] Player "brailsford40" (id=HQAtXFe6fZZL90M2CD_a22otF9NJ2s4t7n-ol5BAu6o=) joinded the party "DIEHARD" (id=32 ownerUID=JmVdSu0kzNbOpwjpFV-MDcMB-Equ3yPY-l-COMb6HgY= ownerName=Nick Leadbeatter)
12:12:37.035 [AI Patrol] Spawning 3 Temple Patrol bots at <308.449982, 47.070000, 794.663635>
12:12:37.136 [AI Patrol] Spawning 3 Temple Patrol bots at <378.383118, 46.966747, 714.378479>
12:12:37.148 [AI Patrol] Spawning 3 Temple Patrol bots at <391.368835, 55.318100, 673.958191>
12:12:38.738 [VehicleEnter] Player brailsford40 [uid=HQAtXFe6fZZL90M2CD_a22otF9NJ2s4t7n-ol5BAu6o=] entered vehicle ToyotaHilux rust (id=7C34C3282345C8742025ED8CD9DAA1AA pos=<7450.210938, 6.654740, 8473.557617>) as driver
12:12:43.132 [VehicleEngine] Player brailsford40 [uid=HQAtXFe6fZZL90M2CD_a22otF9NJ2s4t7n-ol5BAu6o=] started vehicle ToyotaHilux rust (id=7C34C3282345C8742025ED8CD9DAA1AA pos=<7450.210938, 6.654742, 8473.557617>)
12:16:51.800 [VehicleEngine] Player brailsford40 [uid=HQAtXFe6fZZL90M2CD_a22otF9NJ2s4t7n-ol5BAu6o=] stopped vehicle ToyotaHilux rust (id=7C34C3282345C8742025ED8CD9DAA1AA pos=<8201.501953, 3.170322, 8299.378906>)
12:16:56.511 [VehicleLeave] Player brailsford40 [uid=HQAtXFe6fZZL90M2CD_a22otF9NJ2s4t7n-ol5BAu6o=] left vehicle ToyotaHilux rust (id=7C34C3282345C8742025ED8CD9DAA1AA pos=<8201.500977, 3.170257, 8299.378906>)
12:17:04.191 [MissionAirdrop] An airdrop is heading towards "Kushville" (pos=<7630.000000, 0.000000, 3717.000000> type=Random_Kushville) with a ExpansionAirdropContainer_Basebuilding
12:17:25.878 [VehicleEnter] Player brailsford40 [uid=HQAtXFe6fZZL90M2CD_a22otF9NJ2s4t7n-ol5BAu6o=] entered vehicle ToyotaHilux rust (id=7C34C3282345C8742025ED8CD9DAA1AA pos=<8201.504883, 3.170613, 8299.385742>) as driver
12:17:29.937 [VehicleEngine] Player brailsford40 [uid=HQAtXFe6fZZL90M2CD_a22otF9NJ2s4t7n-ol5BAu6o=] started vehicle ToyotaHilux rust (id=7C34C3282345C8742025ED8CD9DAA1AA pos=<8201.505859, 3.170662, 8299.385742>)
12:20:29.750 [VehicleLeave] Player brailsford40 [uid=HQAtXFe6fZZL90M2CD_a22otF9NJ2s4t7n-ol5BAu6o=] left vehicle ToyotaHilux rust (id=7C34C3282345C8742025ED8CD9DAA1AA pos=<8595.574219, 5.153870, 8192.407227>)
12:20:57.449 [VehicleEnter] Player brailsford40 [uid=HQAtXFe6fZZL90M2CD_a22otF9NJ2s4t7n-ol5BAu6o=] entered vehicle ToyotaHilux rust (id=7C34C3282345C8742025ED8CD9DAA1AA pos=<8595.574219, 5.153892, 8192.404297>) as driver
12:21:01.722 [VehicleEngine] Player brailsford40 [uid=HQAtXFe6fZZL90M2CD_a22otF9NJ2s4t7n-ol5BAu6o=] started vehicle ToyotaHilux rust (id=7C34C3282345C8742025ED8CD9DAA1AA pos=<8595.574219, 5.153872, 8192.406250>)
12:22:27.917 [VehicleEnter] Player tylerdurden096 [uid=oftIe_HaFxYr8gtWi0QsZPf5jM7-6vgL_HjGWn2gjIU=] entered vehicle Mh-6 Little Bird (id=2E55F507DA410AA57807C2A007127AB2 pos=<5448.378418, 74.059425, 3721.050537>) as pilot
12:22:33.519 [VehicleEngine] Player tylerdurden096 [uid=oftIe_HaFxYr8gtWi0QsZPf5jM7-6vgL_HjGWn2gjIU=] started vehicle Mh-6 Little Bird (id=2E55F507DA410AA57807C2A007127AB2 pos=<5448.378418, 74.059486, 3721.050537>)
12:22:37.414 [VehicleEngine] Player tylerdurden096 [uid=oftIe_HaFxYr8gtWi0QsZPf5jM7-6vgL_HjGWn2gjIU=] started vehicle Mh-6 Little Bird (id=2E55F507DA410AA57807C2A007127AB2 pos=<5448.378418, 74.059479, 3721.050537>)
12:22:41.296 [VehicleEngine] Player brailsford40 [uid=HQAtXFe6fZZL90M2CD_a22otF9NJ2s4t7n-ol5BAu6o=] stopped vehicle ToyotaHilux rust (id=7C34C3282345C8742025ED8CD9DAA1AA pos=<8438.091797, 63.095982, 8048.092285>)
12:22:43.949 [VehicleEngine] Player tylerdurden096 [uid=oftIe_HaFxYr8gtWi0QsZPf5jM7-6vgL_HjGWn2gjIU=] started vehicle Mh-6 Little Bird (id=2E55F507DA410AA57807C2A007127AB2 pos=<5448.378418, 74.059486, 3721.050537>)
12:22:49.195 [VehicleLeave] Player brailsford40 [uid=HQAtXFe6fZZL90M2CD_a22otF9NJ2s4t7n-ol5BAu6o=] left vehicle ToyotaHilux rust (id=7C34C3282345C8742025ED8CD9DAA1AA pos=<8438.091797, 63.095974, 8048.092285>)
12:22:50.113 [VehicleLeave] Player tylerdurden096 [uid=oftIe_HaFxYr8gtWi0QsZPf5jM7-6vgL_HjGWn2gjIU=] left vehicle Mh-6 Little Bird (id=2E55F507DA410AA57807C2A007127AB2 pos=<5448.378418, 74.059502, 3721.050537>)
12:28:57.843 [VehicleCarKey] Player "brailsford40" (id=HQAtXFe6fZZL90M2CD_a22otF9NJ2s4t7n-ol5BAu6o= pos=<8435.648438, 63.265667, 8045.631836>) used the  ExpansionCarKey to lock ToyotaHilux_rust (id=7C34C3282345C8742025ED8CD9DAA1AA pos=<8438.092773, 63.096016, 8048.091309>)
12:29:15.445 [VehicleDeleted] ToyotaHilux_rust (id=7C34C3282345C8742025ED8CD9DAA1AA pos=<8438.092773, 63.096016, 8048.091309>)
12:29:15.445 [VehicleCover] Player "brailsford40" (id=HQAtXFe6fZZL90M2CD_a22otF9NJ2s4t7n-ol5BAu6o= pos=<8438.831055, 63.339298, 8044.943848>) covered vehicle "ToyotaHilux_rust" (GlobalID=80000000800000008000000080013459 pos=<8438.092773, 63.096016, 8048.091309>)!
12:30:28.914 [Party] Player "brailsford40" (id=HQAtXFe6fZZL90M2CD_a22otF9NJ2s4t7n-ol5BAu6o=) left the party "DIEHARD" (id=32 ownerUID=JmVdSu0kzNbOpwjpFV-MDcMB-Equ3yPY-l-COMb6HgY= ownerName=Nick Leadbeatter)
13:04:25.722 [ExplosionDamageSystem] About to explode FlashGrenade_Ammo from FlashGrenade<f1eb8d00> at <9855.72, 17.26, 10821.7> EXPLOSION range 20 dropoff 5
14:48:23.664 [AI Patrol] Spawning 3 Power Plant Patrol bots at <4716.121582, 20.430000, 7155.594238>
14:51:32.359 [VehicleCover] Player "FARRIS" (id=Wzy9-i_cgozd3AtiPGeDiPs6j9tHWluwI6ggAhe7Q-Q= pos=<4253.394043, 20.462494, 7267.148926>) uncovered vehicle "BMW_X5_red" (GlobalID=8000000080000000800000008000A2BE pos=<4255.129883, 20.449482, 7265.716309>)!
14:51:37.707 [VehicleCarKey] Player "FARRIS" (id=Wzy9-i_cgozd3AtiPGeDiPs6j9tHWluwI6ggAhe7Q-Q= pos=<4253.394043, 20.462494, 7267.148926>) used the  ExpansionCarKey to unlock BMW_X5_red (id=722766585448D5174F5383A8276E9D9A pos=<4255.131836, 20.449480, 7265.718262>)
14:58:22.046 [VehicleEnter] Player FARRIS [uid=Wzy9-i_cgozd3AtiPGeDiPs6j9tHWluwI6ggAhe7Q-Q=] entered vehicle BMW X5 Red (id=722766585448D5174F5383A8276E9D9A pos=<4255.131836, 20.449482, 7265.718262>) as driver
14:58:23.492 [VehicleEngine] Player FARRIS [uid=Wzy9-i_cgozd3AtiPGeDiPs6j9tHWluwI6ggAhe7Q-Q=] started vehicle BMW X5 Red (id=722766585448D5174F5383A8276E9D9A pos=<4255.131836, 20.449480, 7265.718262>)
14:58:38.011 [VehicleLeave] Player FARRIS [uid=Wzy9-i_cgozd3AtiPGeDiPs6j9tHWluwI6ggAhe7Q-Q=] left vehicle BMW X5 Red (id=722766585448D5174F5383A8276E9D9A pos=<4217.970215, 20.430632, 7229.865234>)
14:59:00.367 [VehicleEnter] Player FARRIS [uid=Wzy9-i_cgozd3AtiPGeDiPs6j9tHWluwI6ggAhe7Q-Q=] entered vehicle BMW X5 Red (id=722766585448D5174F5383A8276E9D9A pos=<4217.970215, 20.430634, 7229.865234>) as driver
14:59:25.875 [VehicleLeave] Player FARRIS [uid=Wzy9-i_cgozd3AtiPGeDiPs6j9tHWluwI6ggAhe7Q-Q=] left vehicle BMW X5 Red (id=722766585448D5174F5383A8276E9D9A pos=<4045.878906, 21.147749, 7069.160645>)
14:59:38.539 [VehicleEnter] Player FARRIS [uid=Wzy9-i_cgozd3AtiPGeDiPs6j9tHWluwI6ggAhe7Q-Q=] entered vehicle BMW X5 Red (id=722766585448D5174F5383A8276E9D9A pos=<4045.878906, 21.147730, 7069.160645>) as driver
14:59:40.175 [VehicleEngine] Player FARRIS [uid=Wzy9-i_cgozd3AtiPGeDiPs6j9tHWluwI6ggAhe7Q-Q=] started vehicle BMW X5 Red (id=722766585448D5174F5383A8276E9D9A pos=<4045.878906, 21.147749, 7069.160645>)
15:04:16.675 [Safezone] Player "FARRIS" (id=Wzy9-i_cgozd3AtiPGeDiPs6j9tHWluwI6ggAhe7Q-Q= pos=<5662.084473, 29.759941, 5521.514160>) Entered the safezone
15:04:28.921 [VehicleLeave] Player FARRIS [uid=Wzy9-i_cgozd3AtiPGeDiPs6j9tHWluwI6ggAhe7Q-Q=] left vehicle BMW X5 Red (id=722766585448D5174F5383A8276E9D9A pos=<5618.002441, 28.710632, 5408.326660>)
15:05:21.781 [Market] Player "FARRIS" (id=Wzy9-i_cgozd3AtiPGeDiPs6j9tHWluwI6ggAhe7Q-Q=) has send a requested to sell mosin9130 x1 at the trader "Weapons (Oliver [WEAPONS])" in market zone "The Holler" (pos=<5632.000000, 32.000000, 5392.000000>).
15:05:21.828 [Market] Player "FARRIS" (id=Wzy9-i_cgozd3AtiPGeDiPs6j9tHWluwI6ggAhe7Q-Q=) has sold mosin9130 x1 at the trader "Weapons (Oliver [WEAPONS])" in market zone "The Holler" (pos=<5632.000000, 32.000000, 5392.000000>) and got 1050.
15:05:22.781 [Market] Player "FARRIS" (id=Wzy9-i_cgozd3AtiPGeDiPs6j9tHWluwI6ggAhe7Q-Q=) has send a requested to sell mosin9130 x1 at the trader "Weapons (Oliver [WEAPONS])" in market zone "The Holler" (pos=<5632.000000, 32.000000, 5392.000000>).
15:05:22.882 [Market] Player "FARRIS" (id=Wzy9-i_cgozd3AtiPGeDiPs6j9tHWluwI6ggAhe7Q-Q=) has sold mosin9130 x1 at the trader "Weapons (Oliver [WEAPONS])" in market zone "The Holler" (pos=<5632.000000, 32.000000, 5392.000000>) and got 525.
15:06:48.726 [Market] Player "FARRIS" (id=Wzy9-i_cgozd3AtiPGeDiPs6j9tHWluwI6ggAhe7Q-Q=) has send a requested to sell cp_jointskunk x1 at the trader "Weed (Naomi [WEED])" in market zone "The Holler" (pos=<5632.000000, 32.000000, 5392.000000>).
15:06:48.796 [Market] Player "FARRIS" (id=Wzy9-i_cgozd3AtiPGeDiPs6j9tHWluwI6ggAhe7Q-Q=) has sold cp_jointskunk x1 at the trader "Weed (Naomi [WEED])" in market zone "The Holler" (pos=<5632.000000, 32.000000, 5392.000000>) and got 75.
15:06:49.378 [Market] Player "FARRIS" (id=Wzy9-i_cgozd3AtiPGeDiPs6j9tHWluwI6ggAhe7Q-Q=) has send a requested to sell cp_jointskunk x1 at the trader "Weed (Naomi [WEED])" in market zone "The Holler" (pos=<5632.000000, 32.000000, 5392.000000>).
15:06:49.453 [Market] Player "FARRIS" (id=Wzy9-i_cgozd3AtiPGeDiPs6j9tHWluwI6ggAhe7Q-Q=) has sold cp_jointskunk x1 at the trader "Weed (Naomi [WEED])" in market zone "The Holler" (pos=<5632.000000, 32.000000, 5392.000000>) and got 150.
15:07:25.113 [Market] Player "FARRIS" (id=Wzy9-i_cgozd3AtiPGeDiPs6j9tHWluwI6ggAhe7Q-Q=) has send a requested to sell truckbattery x1 at the trader "Vehicles (Lewis [VEHICLES])" in market zone "The Holler" (pos=<5632.000000, 32.000000, 5392.000000>).
15:07:25.160 [Market] Player "FARRIS" (id=Wzy9-i_cgozd3AtiPGeDiPs6j9tHWluwI6ggAhe7Q-Q=) has sold truckbattery x1 at the trader "Vehicles (Lewis [VEHICLES])" in market zone "The Holler" (pos=<5632.000000, 32.000000, 5392.000000>) and got 877.
15:07:25.960 [Market] Player "FARRIS" (id=Wzy9-i_cgozd3AtiPGeDiPs6j9tHWluwI6ggAhe7Q-Q=) has send a requested to sell truckbattery x1 at the trader "Vehicles (Lewis [VEHICLES])" in market zone "The Holler" (pos=<5632.000000, 32.000000, 5392.000000>).
15:07:26.046 [Market] Player "FARRIS" (id=Wzy9-i_cgozd3AtiPGeDiPs6j9tHWluwI6ggAhe7Q-Q=) has sold truckbattery x1 at the trader "Vehicles (Lewis [VEHICLES])" in market zone "The Holler" (pos=<5632.000000, 32.000000, 5392.000000>) and got 1620.
15:08:08.761 [Market] Player "FARRIS" (id=Wzy9-i_cgozd3AtiPGeDiPs6j9tHWluwI6ggAhe7Q-Q=) has send a requested to sell hammer x1 at the trader "BuildingSupplies (Indar [BUILDINGS])" in market zone "The Holler" (pos=<5632.000000, 32.000000, 5392.000000>).
15:08:08.851 [Market] Player "FARRIS" (id=Wzy9-i_cgozd3AtiPGeDiPs6j9tHWluwI6ggAhe7Q-Q=) has sold hammer x1 at the trader "BuildingSupplies (Indar [BUILDINGS])" in market zone "The Holler" (pos=<5632.000000, 32.000000, 5392.000000>) and got 5.
15:08:09.648 [Market] Player "FARRIS" (id=Wzy9-i_cgozd3AtiPGeDiPs6j9tHWluwI6ggAhe7Q-Q=) has send a requested to sell screwdriver x1 at the trader "BuildingSupplies (Indar [BUILDINGS])" in market zone "The Holler" (pos=<5632.000000, 32.000000, 5392.000000>).
15:08:09.746 [Market] Player "FARRIS" (id=Wzy9-i_cgozd3AtiPGeDiPs6j9tHWluwI6ggAhe7Q-Q=) has sold screwdriver x1 at the trader "BuildingSupplies (Indar [BUILDINGS])" in market zone "The Holler" (pos=<5632.000000, 32.000000, 5392.000000>) and got 2.
15:08:16.750 [Market] Player "FARRIS" (id=Wzy9-i_cgozd3AtiPGeDiPs6j9tHWluwI6ggAhe7Q-Q=) has send a requested to sell metalplate x5 at the trader "BuildingSupplies (Indar [BUILDINGS])" in market zone "The Holler" (pos=<5632.000000, 32.000000, 5392.000000>).
15:08:16.843 [Market] Player "FARRIS" (id=Wzy9-i_cgozd3AtiPGeDiPs6j9tHWluwI6ggAhe7Q-Q=) has sold metalplate x5 at the trader "BuildingSupplies (Indar [BUILDINGS])" in market zone "The Holler" (pos=<5632.000000, 32.000000, 5392.000000>) and got 1875.
15:08:18.179 [Market] Player "FARRIS" (id=Wzy9-i_cgozd3AtiPGeDiPs6j9tHWluwI6ggAhe7Q-Q=) has send a requested to sell rope x1 at the trader "BuildingSupplies (Indar [BUILDINGS])" in market zone "The Holler" (pos=<5632.000000, 32.000000, 5392.000000>).
15:08:18.273 [Market] Player "FARRIS" (id=Wzy9-i_cgozd3AtiPGeDiPs6j9tHWluwI6ggAhe7Q-Q=) has sold rope x1 at the trader "BuildingSupplies (Indar [BUILDINGS])" in market zone "The Holler" (pos=<5632.000000, 32.000000, 5392.000000>) and got 2.
15:09:36.929 [Market] Player "FARRIS" (id=Wzy9-i_cgozd3AtiPGeDiPs6j9tHWluwI6ggAhe7Q-Q=) has send a requested to purchase mag_expansion_awm_5rnd x1 from the trader "Weapons (Oliver [WEAPONS])" in market zone "The Holler" (pos=<5632.000000, 32.000000, 5392.000000>).
15:09:37.011 [Market] Player "FARRIS" (id=Wzy9-i_cgozd3AtiPGeDiPs6j9tHWluwI6ggAhe7Q-Q=) has bought mag_expansion_awm_5rnd x1 from the trader "Weapons (Oliver [WEAPONS])" in market zone "The Holler" (pos=<5632.000000, 32.000000, 5392.000000>) for a price of 510.
15:09:55.062 [Market] Player "FARRIS" (id=Wzy9-i_cgozd3AtiPGeDiPs6j9tHWluwI6ggAhe7Q-Q=) has send a requested to purchase mag_expansion_awm_5rnd x1 from the trader "Weapons (Oliver [WEAPONS])" in market zone "The Holler" (pos=<5632.000000, 32.000000, 5392.000000>).
15:09:55.109 [Market] Player "FARRIS" (id=Wzy9-i_cgozd3AtiPGeDiPs6j9tHWluwI6ggAhe7Q-Q=) has bought mag_expansion_awm_5rnd x1 from the trader "Weapons (Oliver [WEAPONS])" in market zone "The Holler" (pos=<5632.000000, 32.000000, 5392.000000>) for a price of 510.
15:14:09.972 [Market] Player "FARRIS" (id=Wzy9-i_cgozd3AtiPGeDiPs6j9tHWluwI6ggAhe7Q-Q=) has send a requested to purchase twp_ammobox_20x76_10rnd x10 from the trader "WeaponAccessories (Rolf [WEAPON ACCESSORIES])" in market zone "The Holler" (pos=<5632.000000, 32.000000, 5392.000000>).
15:14:10.046 [Market] Player "FARRIS" (id=Wzy9-i_cgozd3AtiPGeDiPs6j9tHWluwI6ggAhe7Q-Q=) has bought twp_ammobox_20x76_10rnd x10 from the trader "WeaponAccessories (Rolf [WEAPON ACCESSORIES])" in market zone "The Holler" (pos=<5632.000000, 32.000000, 5392.000000>) for a price of 1200.
15:14:40.835 [ATM] Player "FARRIS" (id=Wzy9-i_cgozd3AtiPGeDiPs6j9tHWluwI6ggAhe7Q-Q=) has deposited 3961 on his ATM account.
15:15:44.378 [Market] Player "FARRIS" (id=Wzy9-i_cgozd3AtiPGeDiPs6j9tHWluwI6ggAhe7Q-Q=) has send a requested to sell hoodie_black x1 at the trader "Clothing_Accessories (Elias [CLOTHING & ACCESSORIES])" in market zone "The Holler" (pos=<5632.000000, 32.000000, 5392.000000>).
15:15:44.453 [Market] Player "FARRIS" (id=Wzy9-i_cgozd3AtiPGeDiPs6j9tHWluwI6ggAhe7Q-Q=) has sold hoodie_black x1 at the trader "Clothing_Accessories (Elias [CLOTHING & ACCESSORIES])" in market zone "The Holler" (pos=<5632.000000, 32.000000, 5392.000000>) and got 22.
15:16:41.695 [VehicleEnter] Player FARRIS [uid=Wzy9-i_cgozd3AtiPGeDiPs6j9tHWluwI6ggAhe7Q-Q=] entered vehicle BMW X5 Red (id=722766585448D5174F5383A8276E9D9A pos=<5618.002441, 28.710629, 5408.326660>) as driver
15:16:45.035 [VehicleEngine] Player FARRIS [uid=Wzy9-i_cgozd3AtiPGeDiPs6j9tHWluwI6ggAhe7Q-Q=] started vehicle BMW X5 Red (id=722766585448D5174F5383A8276E9D9A pos=<5618.002441, 28.710630, 5408.326660>)
15:17:22.781 [Safezone] Player "FARRIS" (id=Wzy9-i_cgozd3AtiPGeDiPs6j9tHWluwI6ggAhe7Q-Q= pos=<5843.166504, 31.875355, 5190.192383>) Left the safezone
15:18:39.015 [VehicleLeave] Player FARRIS [uid=Wzy9-i_cgozd3AtiPGeDiPs6j9tHWluwI6ggAhe7Q-Q=] left vehicle BMW X5 Red (id=722766585448D5174F5383A8276E9D9A pos=<6834.749023, 36.067951, 5807.318359>)
15:18:58.218 [VehicleEnter] Player FARRIS [uid=Wzy9-i_cgozd3AtiPGeDiPs6j9tHWluwI6ggAhe7Q-Q=] entered vehicle BMW X5 Red (id=722766585448D5174F5383A8276E9D9A pos=<6834.749023, 36.067963, 5807.318359>) as driver
15:19:12.671 [VehicleLeave] Player FARRIS [uid=Wzy9-i_cgozd3AtiPGeDiPs6j9tHWluwI6ggAhe7Q-Q=] left vehicle BMW X5 Red (id=722766585448D5174F5383A8276E9D9A pos=<6898.350098, 32.789070, 5832.176758>)
15:20:53.535 [VehicleEnter] Player FARRIS [uid=Wzy9-i_cgozd3AtiPGeDiPs6j9tHWluwI6ggAhe7Q-Q=] entered vehicle BMW X5 Red (id=722766585448D5174F5383A8276E9D9A pos=<6898.350098, 32.789070, 5832.176758>) as driver
15:21:00.804 [VehicleLeave] Player FARRIS [uid=Wzy9-i_cgozd3AtiPGeDiPs6j9tHWluwI6ggAhe7Q-Q=] left vehicle BMW X5 Red (id=722766585448D5174F5383A8276E9D9A pos=<6919.599609, 32.394493, 5842.437012>)
15:24:24.835 [VehicleEnter] Player FARRIS [uid=Wzy9-i_cgozd3AtiPGeDiPs6j9tHWluwI6ggAhe7Q-Q=] entered vehicle BMW X5 Red (id=722766585448D5174F5383A8276E9D9A pos=<6919.599609, 32.394497, 5842.437012>) as driver
15:24:26.277 [VehicleEngine] Player FARRIS [uid=Wzy9-i_cgozd3AtiPGeDiPs6j9tHWluwI6ggAhe7Q-Q=] started vehicle BMW X5 Red (id=722766585448D5174F5383A8276E9D9A pos=<6919.599609, 32.394497, 5842.437012>)
15:24:44.839 [VehicleLeave] Player FARRIS [uid=Wzy9-i_cgozd3AtiPGeDiPs6j9tHWluwI6ggAhe7Q-Q=] left vehicle BMW X5 Red (id=722766585448D5174F5383A8276E9D9A pos=<6931.439453, 39.622547, 5971.935059>)
15:33:10.710 [VehicleEnter] Player FARRIS [uid=Wzy9-i_cgozd3AtiPGeDiPs6j9tHWluwI6ggAhe7Q-Q=] entered vehicle BMW X5 Red (id=722766585448D5174F5383A8276E9D9A pos=<6931.439453, 39.622547, 5971.935059>) as driver
15:33:12.199 [VehicleEngine] Player FARRIS [uid=Wzy9-i_cgozd3AtiPGeDiPs6j9tHWluwI6ggAhe7Q-Q=] started vehicle BMW X5 Red (id=722766585448D5174F5383A8276E9D9A pos=<6931.439453, 39.622547, 5971.935059>)
15:33:25.218 [VehicleLeave] Player FARRIS [uid=Wzy9-i_cgozd3AtiPGeDiPs6j9tHWluwI6ggAhe7Q-Q=] left vehicle BMW X5 Red (id=722766585448D5174F5383A8276E9D9A pos=<6900.801758, 38.000320, 6025.495117>)
15:35:32.984 [VehicleEnter] Player FARRIS [uid=Wzy9-i_cgozd3AtiPGeDiPs6j9tHWluwI6ggAhe7Q-Q=] entered vehicle BMW X5 Red (id=722766585448D5174F5383A8276E9D9A pos=<6900.802246, 38.000324, 6025.495117>) as driver
15:35:34.324 [VehicleEngine] Player FARRIS [uid=Wzy9-i_cgozd3AtiPGeDiPs6j9tHWluwI6ggAhe7Q-Q=] started vehicle BMW X5 Red (id=722766585448D5174F5383A8276E9D9A pos=<6900.801758, 38.000317, 6025.495117>)
15:36:13.980 [VehicleLeave] Player FARRIS [uid=Wzy9-i_cgozd3AtiPGeDiPs6j9tHWluwI6ggAhe7Q-Q=] left vehicle BMW X5 Red (id=722766585448D5174F5383A8276E9D9A pos=<6687.276367, 22.428736, 6061.223633>)
15:37:22.984 [VehicleAttachments] Player FARRIS (uid=Wzy9-i_cgozd3AtiPGeDiPs6j9tHWluwI6ggAhe7Q-Q=) detached Mosin 91/30 (type=Mosin9130) from vehicle BMW X5 Red(id=722766585448D5174F5383A8276E9D9A pos=<6687.276367, 22.428736, 6061.223633>)
15:37:42.261 [VehicleEnter] Player FARRIS [uid=Wzy9-i_cgozd3AtiPGeDiPs6j9tHWluwI6ggAhe7Q-Q=] entered vehicle BMW X5 Red (id=722766585448D5174F5383A8276E9D9A pos=<6687.276367, 22.428736, 6061.223633>) as driver
15:38:08.253 [VehicleLeave] Player FARRIS [uid=Wzy9-i_cgozd3AtiPGeDiPs6j9tHWluwI6ggAhe7Q-Q=] left vehicle BMW X5 Red (id=722766585448D5174F5383A8276E9D9A pos=<6685.951660, 15.090632, 6264.946289>)
15:39:30.660 [VehicleEnter] Player FARRIS [uid=Wzy9-i_cgozd3AtiPGeDiPs6j9tHWluwI6ggAhe7Q-Q=] entered vehicle BMW X5 Red (id=722766585448D5174F5383A8276E9D9A pos=<6685.951660, 15.090632, 6264.946289>) as driver
15:39:43.976 [VehicleLeave] Player FARRIS [uid=Wzy9-i_cgozd3AtiPGeDiPs6j9tHWluwI6ggAhe7Q-Q=] left vehicle BMW X5 Red (id=722766585448D5174F5383A8276E9D9A pos=<6638.990234, 15.090633, 6312.187012>)
15:40:14.195 [VehicleEnter] Player FARRIS [uid=Wzy9-i_cgozd3AtiPGeDiPs6j9tHWluwI6ggAhe7Q-Q=] entered vehicle BMW X5 Red (id=722766585448D5174F5383A8276E9D9A pos=<6638.990234, 15.090632, 6312.187012>) as driver
15:40:29.957 [VehicleLeave] Player FARRIS [uid=Wzy9-i_cgozd3AtiPGeDiPs6j9tHWluwI6ggAhe7Q-Q=] left vehicle BMW X5 Red (id=722766585448D5174F5383A8276E9D9A pos=<6721.384766, 15.090633, 6372.240234>)
15:41:38.613 [VehicleEnter] Player FARRIS [uid=Wzy9-i_cgozd3AtiPGeDiPs6j9tHWluwI6ggAhe7Q-Q=] entered vehicle BMW X5 Red (id=722766585448D5174F5383A8276E9D9A pos=<6721.384766, 15.090633, 6372.240723>) as driver
15:41:40.148 [VehicleEngine] Player FARRIS [uid=Wzy9-i_cgozd3AtiPGeDiPs6j9tHWluwI6ggAhe7Q-Q=] started vehicle BMW X5 Red (id=722766585448D5174F5383A8276E9D9A pos=<6721.384766, 15.090632, 6372.240234>)
15:41:54.507 [VehicleLeave] Player FARRIS [uid=Wzy9-i_cgozd3AtiPGeDiPs6j9tHWluwI6ggAhe7Q-Q=] left vehicle BMW X5 Red (id=722766585448D5174F5383A8276E9D9A pos=<6778.243164, 15.090631, 6408.081055>)
15:42:07.734 [VehicleEnter] Player FARRIS [uid=Wzy9-i_cgozd3AtiPGeDiPs6j9tHWluwI6ggAhe7Q-Q=] entered vehicle BMW X5 Red (id=722766585448D5174F5383A8276E9D9A pos=<6778.243164, 15.090632, 6408.081055>) as driver
15:42:31.617 [VehicleLeave] Player FARRIS [uid=Wzy9-i_cgozd3AtiPGeDiPs6j9tHWluwI6ggAhe7Q-Q=] left vehicle BMW X5 Red (id=722766585448D5174F5383A8276E9D9A pos=<6677.109863, 15.090631, 6470.113281>)
15:42:52.324 [VehicleEnter] Player FARRIS [uid=Wzy9-i_cgozd3AtiPGeDiPs6j9tHWluwI6ggAhe7Q-Q=] entered vehicle BMW X5 Red (id=722766585448D5174F5383A8276E9D9A pos=<6677.109863, 15.090632, 6470.113281>) as driver
15:43:06.671 [VehicleLeave] Player FARRIS [uid=Wzy9-i_cgozd3AtiPGeDiPs6j9tHWluwI6ggAhe7Q-Q=] left vehicle BMW X5 Red (id=722766585448D5174F5383A8276E9D9A pos=<6603.638184, 15.090631, 6509.306641>)
15:45:39.410 [VehicleEnter] Player FARRIS [uid=Wzy9-i_cgozd3AtiPGeDiPs6j9tHWluwI6ggAhe7Q-Q=] entered vehicle BMW X5 Red (id=722766585448D5174F5383A8276E9D9A pos=<6603.638184, 15.090632, 6509.306641>) as driver
15:45:41.855 [VehicleEngine] Player FARRIS [uid=Wzy9-i_cgozd3AtiPGeDiPs6j9tHWluwI6ggAhe7Q-Q=] started vehicle BMW X5 Red (id=722766585448D5174F5383A8276E9D9A pos=<6603.638184, 15.090632, 6509.306641>)
15:46:03.312 [VehicleLeave] Player FARRIS [uid=Wzy9-i_cgozd3AtiPGeDiPs6j9tHWluwI6ggAhe7Q-Q=] left vehicle BMW X5 Red (id=722766585448D5174F5383A8276E9D9A pos=<6555.235352, 15.090631, 6483.416504>)
15:46:27.515 [VehicleEnter] Player FARRIS [uid=Wzy9-i_cgozd3AtiPGeDiPs6j9tHWluwI6ggAhe7Q-Q=] entered vehicle BMW X5 Red (id=722766585448D5174F5383A8276E9D9A pos=<6555.235352, 15.090631, 6483.416504>) as driver
15:46:35.281 [MissionAirdrop] An airdrop is heading towards "Oceanville" (pos=<10179.000000, 0.000000, 4722.000000> type=Random_Oceanville) with a ExpansionAirdropContainer_Medical
15:47:56.082 [VehicleLeave] Player FARRIS [uid=Wzy9-i_cgozd3AtiPGeDiPs6j9tHWluwI6ggAhe7Q-Q=] left vehicle BMW X5 Red (id=722766585448D5174F5383A8276E9D9A pos=<6598.135254, 17.302301, 6818.523926>)
15:49:45.242 [VehicleEnter] Player FARRIS [uid=Wzy9-i_cgozd3AtiPGeDiPs6j9tHWluwI6ggAhe7Q-Q=] entered vehicle BMW X5 Red (id=722766585448D5174F5383A8276E9D9A pos=<6598.135254, 17.302303, 6818.523926>) as driver
15:49:47.156 [VehicleEngine] Player FARRIS [uid=Wzy9-i_cgozd3AtiPGeDiPs6j9tHWluwI6ggAhe7Q-Q=] started vehicle BMW X5 Red (id=722766585448D5174F5383A8276E9D9A pos=<6598.135254, 17.302298, 6818.524414>)
15:52:50.707 [AI Patrol] Spawning 3 Camp Eagle Patrol bots at <8834.875000, 47.114445, 3868.883545>
15:54:36.226 [VehicleLeave] Player FARRIS [uid=Wzy9-i_cgozd3AtiPGeDiPs6j9tHWluwI6ggAhe7Q-Q=] left vehicle BMW X5 Red (id=722766585448D5174F5383A8276E9D9A pos=<9749.961914, 6.391475, 4344.178223>)
15:58:03.148 [VehicleEnter] Player FARRIS [uid=Wzy9-i_cgozd3AtiPGeDiPs6j9tHWluwI6ggAhe7Q-Q=] entered vehicle BMW X5 Red (id=722766585448D5174F5383A8276E9D9A pos=<9749.961914, 6.391472, 4344.178223>) as driver
15:58:08.867 [VehicleLeave] Player FARRIS [uid=Wzy9-i_cgozd3AtiPGeDiPs6j9tHWluwI6ggAhe7Q-Q=] left vehicle BMW X5 Red (id=722766585448D5174F5383A8276E9D9A pos=<9749.961914, 6.391476, 4344.178223>)
15:58:21.500 [VehicleEnter] Player FARRIS [uid=Wzy9-i_cgozd3AtiPGeDiPs6j9tHWluwI6ggAhe7Q-Q=] entered vehicle BMW X5 Red (id=722766585448D5174F5383A8276E9D9A pos=<9749.961914, 6.391472, 4344.178223>) as driver
15:58:23.000 [VehicleEngine] Player FARRIS [uid=Wzy9-i_cgozd3AtiPGeDiPs6j9tHWluwI6ggAhe7Q-Q=] started vehicle BMW X5 Red (id=722766585448D5174F5383A8276E9D9A pos=<9749.961914, 6.391472, 4344.178223>)
15:59:29.082 [VehicleLeave] Player FARRIS [uid=Wzy9-i_cgozd3AtiPGeDiPs6j9tHWluwI6ggAhe7Q-Q=] left vehicle BMW X5 Red (id=722766585448D5174F5383A8276E9D9A pos=<10210.986328, 9.610950, 4473.944336>)
16:08:18.277 [VehicleEnter] Player FARRIS [uid=Wzy9-i_cgozd3AtiPGeDiPs6j9tHWluwI6ggAhe7Q-Q=] entered vehicle BMW X5 Red (id=722766585448D5174F5383A8276E9D9A pos=<10210.986328, 9.610950, 4473.944336>) as driver
16:08:19.824 [VehicleEngine] Player FARRIS [uid=Wzy9-i_cgozd3AtiPGeDiPs6j9tHWluwI6ggAhe7Q-Q=] started vehicle BMW X5 Red (id=722766585448D5174F5383A8276E9D9A pos=<10210.986328, 9.610959, 4473.944336>)
16:10:24.988 [VehicleLeave] Player FARRIS [uid=Wzy9-i_cgozd3AtiPGeDiPs6j9tHWluwI6ggAhe7Q-Q=] left vehicle BMW X5 Red (id=722766585448D5174F5383A8276E9D9A pos=<7956.754395, 6.875562, 4258.162598>)
16:11:33.753 [VehicleEnter] Player FARRIS [uid=Wzy9-i_cgozd3AtiPGeDiPs6j9tHWluwI6ggAhe7Q-Q=] entered vehicle BMW X5 Red (id=722766585448D5174F5383A8276E9D9A pos=<7956.754395, 6.875560, 4258.162598>) as driver
16:11:44.351 [VehicleLeave] Player FARRIS [uid=Wzy9-i_cgozd3AtiPGeDiPs6j9tHWluwI6ggAhe7Q-Q=] left vehicle BMW X5 Red (id=722766585448D5174F5383A8276E9D9A pos=<7918.426270, 6.063111, 4226.800781>)
16:11:55.562 [VehicleEnter] Player FARRIS [uid=Wzy9-i_cgozd3AtiPGeDiPs6j9tHWluwI6ggAhe7Q-Q=] entered vehicle BMW X5 Red (id=722766585448D5174F5383A8276E9D9A pos=<7918.426270, 6.063112, 4226.800781>) as driver
16:12:39.996 [VehicleLeave] Player FARRIS [uid=Wzy9-i_cgozd3AtiPGeDiPs6j9tHWluwI6ggAhe7Q-Q=] left vehicle BMW X5 Red (id=722766585448D5174F5383A8276E9D9A pos=<7539.787598, 23.816761, 3932.477539>)
16:13:24.664 [VehicleEnter] Player FARRIS [uid=Wzy9-i_cgozd3AtiPGeDiPs6j9tHWluwI6ggAhe7Q-Q=] entered vehicle BMW X5 Red (id=722766585448D5174F5383A8276E9D9A pos=<7539.787598, 23.816759, 3932.477539>) as driver
16:13:27.250 [VehicleEngine] Player FARRIS [uid=Wzy9-i_cgozd3AtiPGeDiPs6j9tHWluwI6ggAhe7Q-Q=] started vehicle BMW X5 Red (id=722766585448D5174F5383A8276E9D9A pos=<7539.787598, 23.816753, 3932.477539>)
16:13:46.460 [VehicleLeave] Player FARRIS [uid=Wzy9-i_cgozd3AtiPGeDiPs6j9tHWluwI6ggAhe7Q-Q=] left vehicle BMW X5 Red (id=722766585448D5174F5383A8276E9D9A pos=<7533.768066, 24.000982, 3915.539551>)
16:14:02.593 [VehicleEnter] Player FARRIS [uid=Wzy9-i_cgozd3AtiPGeDiPs6j9tHWluwI6ggAhe7Q-Q=] entered vehicle BMW X5 Red (id=722766585448D5174F5383A8276E9D9A pos=<7533.768066, 24.000984, 3915.539551>) as driver
16:17:15.464 [VehicleLeave] Player FARRIS [uid=Wzy9-i_cgozd3AtiPGeDiPs6j9tHWluwI6ggAhe7Q-Q=] left vehicle BMW X5 Red (id=722766585448D5174F5383A8276E9D9A pos=<8350.874023, 2.774992, 3410.902100>)
16:20:53.523 [VehicleEnter] Player FARRIS [uid=Wzy9-i_cgozd3AtiPGeDiPs6j9tHWluwI6ggAhe7Q-Q=] entered vehicle BMW X5 Red (id=722766585448D5174F5383A8276E9D9A pos=<8350.874023, 2.774980, 3410.902100>) as driver
16:20:55.453 [VehicleEngine] Player FARRIS [uid=Wzy9-i_cgozd3AtiPGeDiPs6j9tHWluwI6ggAhe7Q-Q=] started vehicle BMW X5 Red (id=722766585448D5174F5383A8276E9D9A pos=<8350.874023, 2.774984, 3410.902100>)
16:21:04.941 [VehicleLeave] Player FARRIS [uid=Wzy9-i_cgozd3AtiPGeDiPs6j9tHWluwI6ggAhe7Q-Q=] left vehicle BMW X5 Red (id=722766585448D5174F5383A8276E9D9A pos=<8350.874023, 2.774991, 3410.902100>)
16:21:58.707 [VehicleEnter] Player FARRIS [uid=Wzy9-i_cgozd3AtiPGeDiPs6j9tHWluwI6ggAhe7Q-Q=] entered vehicle BMW X5 Red (id=722766585448D5174F5383A8276E9D9A pos=<8350.874023, 2.774984, 3410.902100>) as driver
16:22:17.000 [VehicleLeave] Player FARRIS [uid=Wzy9-i_cgozd3AtiPGeDiPs6j9tHWluwI6ggAhe7Q-Q=] left vehicle BMW X5 Red (id=722766585448D5174F5383A8276E9D9A pos=<8246.769531, 4.359978, 3394.109619>)
16:22:36.671 [VehicleEnter] Player FARRIS [uid=Wzy9-i_cgozd3AtiPGeDiPs6j9tHWluwI6ggAhe7Q-Q=] entered vehicle BMW X5 Red (id=722766585448D5174F5383A8276E9D9A pos=<8246.769531, 4.359977, 3394.109619>) as driver
16:23:12.468 [VehicleLeave] Player FARRIS [uid=Wzy9-i_cgozd3AtiPGeDiPs6j9tHWluwI6ggAhe7Q-Q=] left vehicle BMW X5 Red (id=722766585448D5174F5383A8276E9D9A pos=<8019.829102, 2.769696, 3131.281738>)
16:24:09.109 [VehicleEnter] Player FARRIS [uid=Wzy9-i_cgozd3AtiPGeDiPs6j9tHWluwI6ggAhe7Q-Q=] entered vehicle BMW X5 Red (id=722766585448D5174F5383A8276E9D9A pos=<8019.829102, 2.769696, 3131.281738>) as driver
16:24:11.449 [VehicleEngine] Player FARRIS [uid=Wzy9-i_cgozd3AtiPGeDiPs6j9tHWluwI6ggAhe7Q-Q=] started vehicle BMW X5 Red (id=722766585448D5174F5383A8276E9D9A pos=<8019.829102, 2.769695, 3131.281738>)
16:25:35.292 [VehicleLeave] Player FARRIS [uid=Wzy9-i_cgozd3AtiPGeDiPs6j9tHWluwI6ggAhe7Q-Q=] left vehicle BMW X5 Red (id=722766585448D5174F5383A8276E9D9A pos=<8177.211426, 2.022464, 2845.605469>)
16:25:46.648 [VehicleEnter] Player FARRIS [uid=Wzy9-i_cgozd3AtiPGeDiPs6j9tHWluwI6ggAhe7Q-Q=] entered vehicle BMW X5 Red (id=722766585448D5174F5383A8276E9D9A pos=<8177.211426, 2.022464, 2845.605469>) as driver
16:26:47.281 [VehicleLeave] Player FARRIS [uid=Wzy9-i_cgozd3AtiPGeDiPs6j9tHWluwI6ggAhe7Q-Q=] left vehicle BMW X5 Red (id=722766585448D5174F5383A8276E9D9A pos=<7794.958984, 26.464943, 2737.380615>)
16:30:38.671 [VehicleEnter] Player FARRIS [uid=Wzy9-i_cgozd3AtiPGeDiPs6j9tHWluwI6ggAhe7Q-Q=] entered vehicle BMW X5 Red (id=722766585448D5174F5383A8276E9D9A pos=<7794.958984, 26.464943, 2737.380615>) as driver
16:30:41.277 [VehicleEngine] Player FARRIS [uid=Wzy9-i_cgozd3AtiPGeDiPs6j9tHWluwI6ggAhe7Q-Q=] started vehicle BMW X5 Red (id=722766585448D5174F5383A8276E9D9A pos=<7794.958984, 26.464937, 2737.380615>)
16:31:38.832 [VehicleLeave] Player FARRIS [uid=Wzy9-i_cgozd3AtiPGeDiPs6j9tHWluwI6ggAhe7Q-Q=] left vehicle BMW X5 Red (id=722766585448D5174F5383A8276E9D9A pos=<7789.688477, 40.619694, 2628.521973>)
16:31:56.523 [VehicleEnter] Player FARRIS [uid=Wzy9-i_cgozd3AtiPGeDiPs6j9tHWluwI6ggAhe7Q-Q=] entered vehicle BMW X5 Red (id=722766585448D5174F5383A8276E9D9A pos=<7789.688477, 40.619694, 2628.521973>) as driver
16:31:58.015 [VehicleEngine] Player FARRIS [uid=Wzy9-i_cgozd3AtiPGeDiPs6j9tHWluwI6ggAhe7Q-Q=] started vehicle BMW X5 Red (id=722766585448D5174F5383A8276E9D9A pos=<7789.688477, 40.619690, 2628.521973>)
16:33:21.718 [VehicleLeave] Player FARRIS [uid=Wzy9-i_cgozd3AtiPGeDiPs6j9tHWluwI6ggAhe7Q-Q=] left vehicle BMW X5 Red (id=722766585448D5174F5383A8276E9D9A pos=<7869.499023, 33.873074, 2517.260986>)
16:33:29.679 [VehicleEnter] Player FARRIS [uid=Wzy9-i_cgozd3AtiPGeDiPs6j9tHWluwI6ggAhe7Q-Q=] entered vehicle BMW X5 Red (id=722766585448D5174F5383A8276E9D9A pos=<7869.498535, 33.873077, 2517.260986>) as driver
16:38:56.367 [Safezone] Player "FARRIS" (id=Wzy9-i_cgozd3AtiPGeDiPs6j9tHWluwI6ggAhe7Q-Q= pos=<5671.543945, 33.242424, 5261.510254>) Entered the safezone
16:39:12.679 [Safezone] Player "FARRIS" (id=Wzy9-i_cgozd3AtiPGeDiPs6j9tHWluwI6ggAhe7Q-Q= pos=<5680.972656, 33.502583, 5252.604492>) Left the safezone
16:39:25.019 [VehicleLeave] Player FARRIS [uid=Wzy9-i_cgozd3AtiPGeDiPs6j9tHWluwI6ggAhe7Q-Q=] left vehicle BMW X5 Red (id=722766585448D5174F5383A8276E9D9A pos=<5657.743652, 33.274357, 5248.679199>)
16:41:56.207 [VehicleCarKey] Player "FARRIS" (id=Wzy9-i_cgozd3AtiPGeDiPs6j9tHWluwI6ggAhe7Q-Q= pos=<5655.619629, 33.560226, 5246.368652>) used the  ExpansionCarKey to lock BMW_X5_red (id=722766585448D5174F5383A8276E9D9A pos=<5657.743652, 33.274357, 5248.679199>)
16:42:07.332 [VehicleDeleted] BMW_X5_red (id=722766585448D5174F5383A8276E9D9A pos=<5657.743652, 33.274357, 5248.679199>)
16:42:07.332 [VehicleCover] Player "FARRIS" (id=Wzy9-i_cgozd3AtiPGeDiPs6j9tHWluwI6ggAhe7Q-Q= pos=<5655.331543, 33.325420, 5246.043457>) covered vehicle "BMW_X5_red" (GlobalID=8000000080000000800000008000A2BE pos=<5657.743652, 33.274357, 5248.679199>)!
17:14:09.367 [BaseRaiding] ExpansionWall6x3 (<8901.057617, 6.132015, 8687.631836>) Code set by player "Stahlhelm Sturm" (ID = "Dj-6_aSgGuPVYaq-POeeqvRPr_91gVAi6qp9fgRrqHk=" at <8900.000000, 6.170867, 8688.156250>) and the code is 6158
