06:23:06.992 [Party] Player "Alaric" (id=sZJ432ovDQIgWd8wMve4ae1CuexC2jM_6lmUd51b4VQ=) joinded the party "Duskarians" (id=9 ownerUID=sZJ432ovDQIgWd8wMve4ae1CuexC2jM_6lmUd51b4VQ= ownerName=Alaric)
06:30:52.636 [VehicleCarKey] Player "Alaric" (id=sZJ432ovDQIgWd8wMve4ae1CuexC2jM_6lmUd51b4VQ= pos=<7926.330078, 54.162498, 8152.110352>) used the  ExpansionCarKey to unlock Truck_01_Covered_Yellow (id=B84C7B8D7947A670B4E53FB881365B2D pos=<7928.378418, 54.141567, 8150.007813>)
06:31:56.876 [VehicleCarKey] Player "Alaric" (id=sZJ432ovDQIgWd8wMve4ae1CuexC2jM_6lmUd51b4VQ= pos=<7926.330078, 54.162498, 8152.110352>) used the  ExpansionCarKey to lock Truck_01_Covered_Yellow (id=B84C7B8D7947A670B4E53FB881365B2D pos=<7928.378418, 54.141567, 8150.007813>)
06:44:05.792 [VehicleCarKey] Player "Alaric" (id=sZJ432ovDQIgWd8wMve4ae1CuexC2jM_6lmUd51b4VQ= pos=<7928.018555, 54.162498, 8152.045898>) used the  ExpansionCarKey to unlock Truck_01_Covered_Yellow (id=B84C7B8D7947A670B4E53FB881365B2D pos=<7928.378418, 54.141567, 8150.007813>)
06:44:14.250 [VehicleEnter] Player Alaric [uid=sZJ432ovDQIgWd8wMve4ae1CuexC2jM_6lmUd51b4VQ=] entered vehicle M3S Covered (id=B84C7B8D7947A670B4E53FB881365B2D pos=<7928.378418, 54.141571, 8150.007813>) as driver
06:44:16.746 [VehicleEngine] Player Alaric [uid=sZJ432ovDQIgWd8wMve4ae1CuexC2jM_6lmUd51b4VQ=] started vehicle M3S Covered (id=B84C7B8D7947A670B4E53FB881365B2D pos=<7928.378418, 54.141567, 8150.007813>)
06:51:16.041 [AI Patrol] Spawning 3 Power Plant Patrol bots at <4715.152832, 20.430000, 6948.619629>
06:54:11.244 [Safezone] Player "Alaric" (id=sZJ432ovDQIgWd8wMve4ae1CuexC2jM_6lmUd51b4VQ= pos=<5662.195801, 30.193365, 5528.100586>) Entered the safezone
06:54:57.011 [VehicleEngine] Player Alaric [uid=sZJ432ovDQIgWd8wMve4ae1CuexC2jM_6lmUd51b4VQ=] stopped vehicle M3S Covered (id=B84C7B8D7947A670B4E53FB881365B2D pos=<5633.378418, 28.701588, 5381.273926>)
06:55:00.689 [VehicleLeave] Player Alaric [uid=sZJ432ovDQIgWd8wMve4ae1CuexC2jM_6lmUd51b4VQ=] left vehicle M3S Covered (id=B84C7B8D7947A670B4E53FB881365B2D pos=<5633.378418, 28.701550, 5381.273926>)
06:55:43.701 [VehicleCarKey] Player "Alaric" (id=sZJ432ovDQIgWd8wMve4ae1CuexC2jM_6lmUd51b4VQ= pos=<5633.900879, 28.722498, 5379.298340>) used the  ExpansionCarKey to lock Truck_01_Covered_Yellow (id=B84C7B8D7947A670B4E53FB881365B2D pos=<5633.378418, 28.701569, 5381.273926>)
06:56:57.121 [Market] Player "Alaric" (id=sZJ432ovDQIgWd8wMve4ae1CuexC2jM_6lmUd51b4VQ=) has send a requested to purchase nail x48 from the trader "BuildingSupplies (Indar [Building Trader])" in market zone "The Holler" (pos=<5632.000000, 32.000000, 5392.000000>).
06:56:57.224 [Market] Player "Alaric" (id=sZJ432ovDQIgWd8wMve4ae1CuexC2jM_6lmUd51b4VQ=) has bought nail x48 from the trader "BuildingSupplies (Indar [Building Trader])" in market zone "The Holler" (pos=<5632.000000, 32.000000, 5392.000000>) for a price of 144.
06:57:04.513 [Market] Player "Alaric" (id=sZJ432ovDQIgWd8wMve4ae1CuexC2jM_6lmUd51b4VQ=) has send a requested to purchase woodenplank x24 from the trader "BuildingSupplies (Indar [Building Trader])" in market zone "The Holler" (pos=<5632.000000, 32.000000, 5392.000000>).
06:57:04.583 [Market] Player "Alaric" (id=sZJ432ovDQIgWd8wMve4ae1CuexC2jM_6lmUd51b4VQ=) has bought woodenplank x24 from the trader "BuildingSupplies (Indar [Building Trader])" in market zone "The Holler" (pos=<5632.000000, 32.000000, 5392.000000>) for a price of 1200.
06:58:01.462 [Market] Player "Alaric" (id=sZJ432ovDQIgWd8wMve4ae1CuexC2jM_6lmUd51b4VQ=) has send a requested to sell woodencrate x1 at the trader "BuildingSupplies (Indar [Building Trader])" in market zone "The Holler" (pos=<5632.000000, 32.000000, 5392.000000>).
06:58:01.525 [Market] Player "Alaric" (id=sZJ432ovDQIgWd8wMve4ae1CuexC2jM_6lmUd51b4VQ=) has sold woodencrate x1 at the trader "BuildingSupplies (Indar [Building Trader])" in market zone "The Holler" (pos=<5632.000000, 32.000000, 5392.000000>) and got 1500.
06:58:16.048 [Market] Player "Alaric" (id=sZJ432ovDQIgWd8wMve4ae1CuexC2jM_6lmUd51b4VQ=) has send a requested to sell woodencrate x1 at the trader "BuildingSupplies (Indar [Building Trader])" in market zone "The Holler" (pos=<5632.000000, 32.000000, 5392.000000>).
06:58:16.119 [Market] Player "Alaric" (id=sZJ432ovDQIgWd8wMve4ae1CuexC2jM_6lmUd51b4VQ=) has sold woodencrate x1 at the trader "BuildingSupplies (Indar [Building Trader])" in market zone "The Holler" (pos=<5632.000000, 32.000000, 5392.000000>) and got 1500.
06:58:22.818 [Market] Player "Alaric" (id=sZJ432ovDQIgWd8wMve4ae1CuexC2jM_6lmUd51b4VQ=) has send a requested to sell woodencrate x1 at the trader "BuildingSupplies (Indar [Building Trader])" in market zone "The Holler" (pos=<5632.000000, 32.000000, 5392.000000>).
06:58:22.931 [Market] Player "Alaric" (id=sZJ432ovDQIgWd8wMve4ae1CuexC2jM_6lmUd51b4VQ=) has sold woodencrate x1 at the trader "BuildingSupplies (Indar [Building Trader])" in market zone "The Holler" (pos=<5632.000000, 32.000000, 5392.000000>) and got 1500.
06:58:40.246 [Market] Player "Alaric" (id=sZJ432ovDQIgWd8wMve4ae1CuexC2jM_6lmUd51b4VQ=) has send a requested to purchase nail x48 from the trader "BuildingSupplies (Indar [Building Trader])" in market zone "The Holler" (pos=<5632.000000, 32.000000, 5392.000000>).
06:58:40.335 [Market] Player "Alaric" (id=sZJ432ovDQIgWd8wMve4ae1CuexC2jM_6lmUd51b4VQ=) has bought nail x48 from the trader "BuildingSupplies (Indar [Building Trader])" in market zone "The Holler" (pos=<5632.000000, 32.000000, 5392.000000>) for a price of 144.
06:58:47.757 [Market] Player "Alaric" (id=sZJ432ovDQIgWd8wMve4ae1CuexC2jM_6lmUd51b4VQ=) has send a requested to purchase woodenplank x24 from the trader "BuildingSupplies (Indar [Building Trader])" in market zone "The Holler" (pos=<5632.000000, 32.000000, 5392.000000>).
06:58:47.867 [Market] Player "Alaric" (id=sZJ432ovDQIgWd8wMve4ae1CuexC2jM_6lmUd51b4VQ=) has bought woodenplank x24 from the trader "BuildingSupplies (Indar [Building Trader])" in market zone "The Holler" (pos=<5632.000000, 32.000000, 5392.000000>) for a price of 1200.
06:59:42.136 [Market] Player "Alaric" (id=sZJ432ovDQIgWd8wMve4ae1CuexC2jM_6lmUd51b4VQ=) has send a requested to sell woodencrate x1 at the trader "BuildingSupplies (Indar [Building Trader])" in market zone "The Holler" (pos=<5632.000000, 32.000000, 5392.000000>).
06:59:42.218 [Market] Player "Alaric" (id=sZJ432ovDQIgWd8wMve4ae1CuexC2jM_6lmUd51b4VQ=) has sold woodencrate x1 at the trader "BuildingSupplies (Indar [Building Trader])" in market zone "The Holler" (pos=<5632.000000, 32.000000, 5392.000000>) and got 1500.
06:59:49.621 [VehicleCarKey] Player "Alaric" (id=sZJ432ovDQIgWd8wMve4ae1CuexC2jM_6lmUd51b4VQ= pos=<5634.346191, 28.722494, 5385.174805>) used the  ExpansionCarKey to unlock Truck_01_Covered_Yellow (id=B84C7B8D7947A670B4E53FB881365B2D pos=<5633.378418, 28.701569, 5381.273926>)
07:00:13.589 [VehicleCarKey] Player "Alaric" (id=sZJ432ovDQIgWd8wMve4ae1CuexC2jM_6lmUd51b4VQ= pos=<5634.346191, 28.722494, 5385.174805>) used the  ExpansionCarKey to lock Truck_01_Covered_Yellow (id=B84C7B8D7947A670B4E53FB881365B2D pos=<5633.378418, 28.701569, 5381.273926>)
07:00:22.328 [Market] Player "Alaric" (id=sZJ432ovDQIgWd8wMve4ae1CuexC2jM_6lmUd51b4VQ=) has send a requested to sell woodencrate x1 at the trader "BuildingSupplies (Indar [Building Trader])" in market zone "The Holler" (pos=<5632.000000, 32.000000, 5392.000000>).
07:00:22.443 [Market] Player "Alaric" (id=sZJ432ovDQIgWd8wMve4ae1CuexC2jM_6lmUd51b4VQ=) has sold woodencrate x1 at the trader "BuildingSupplies (Indar [Building Trader])" in market zone "The Holler" (pos=<5632.000000, 32.000000, 5392.000000>) and got 1500.
07:00:22.802 [Market] Player "Alaric" (id=sZJ432ovDQIgWd8wMve4ae1CuexC2jM_6lmUd51b4VQ=) has send a requested to sell woodencrate x1 at the trader "BuildingSupplies (Indar [Building Trader])" in market zone "The Holler" (pos=<5632.000000, 32.000000, 5392.000000>).
07:00:22.884 [Market] Player "Alaric" (id=sZJ432ovDQIgWd8wMve4ae1CuexC2jM_6lmUd51b4VQ=) has sold woodencrate x1 at the trader "BuildingSupplies (Indar [Building Trader])" in market zone "The Holler" (pos=<5632.000000, 32.000000, 5392.000000>) and got 1500.
07:00:33.121 [Market] Player "Alaric" (id=sZJ432ovDQIgWd8wMve4ae1CuexC2jM_6lmUd51b4VQ=) has send a requested to purchase nail x38 from the trader "BuildingSupplies (Indar [Building Trader])" in market zone "The Holler" (pos=<5632.000000, 32.000000, 5392.000000>).
07:00:33.214 [Market] Player "Alaric" (id=sZJ432ovDQIgWd8wMve4ae1CuexC2jM_6lmUd51b4VQ=) has bought nail x38 from the trader "BuildingSupplies (Indar [Building Trader])" in market zone "The Holler" (pos=<5632.000000, 32.000000, 5392.000000>) for a price of 114.
07:00:41.173 [Market] Player "Alaric" (id=sZJ432ovDQIgWd8wMve4ae1CuexC2jM_6lmUd51b4VQ=) has send a requested to purchase woodenplank x24 from the trader "BuildingSupplies (Indar [Building Trader])" in market zone "The Holler" (pos=<5632.000000, 32.000000, 5392.000000>).
07:00:41.257 [Market] Player "Alaric" (id=sZJ432ovDQIgWd8wMve4ae1CuexC2jM_6lmUd51b4VQ=) has bought woodenplank x24 from the trader "BuildingSupplies (Indar [Building Trader])" in market zone "The Holler" (pos=<5632.000000, 32.000000, 5392.000000>) for a price of 1200.
07:00:58.302 [Market] Player "Alaric" (id=sZJ432ovDQIgWd8wMve4ae1CuexC2jM_6lmUd51b4VQ=) has send a requested to purchase nail x10 from the trader "BuildingSupplies (Indar [Building Trader])" in market zone "The Holler" (pos=<5632.000000, 32.000000, 5392.000000>).
07:00:58.384 [Market] Player "Alaric" (id=sZJ432ovDQIgWd8wMve4ae1CuexC2jM_6lmUd51b4VQ=) has bought nail x10 from the trader "BuildingSupplies (Indar [Building Trader])" in market zone "The Holler" (pos=<5632.000000, 32.000000, 5392.000000>) for a price of 30.
07:01:47.007 [Market] Player "Alaric" (id=sZJ432ovDQIgWd8wMve4ae1CuexC2jM_6lmUd51b4VQ=) has send a requested to sell woodencrate x1 at the trader "BuildingSupplies (Indar [Building Trader])" in market zone "The Holler" (pos=<5632.000000, 32.000000, 5392.000000>).
07:01:47.119 [Market] Player "Alaric" (id=sZJ432ovDQIgWd8wMve4ae1CuexC2jM_6lmUd51b4VQ=) has sold woodencrate x1 at the trader "BuildingSupplies (Indar [Building Trader])" in market zone "The Holler" (pos=<5632.000000, 32.000000, 5392.000000>) and got 1500.
07:01:47.453 [Market] Player "Alaric" (id=sZJ432ovDQIgWd8wMve4ae1CuexC2jM_6lmUd51b4VQ=) has send a requested to sell woodencrate x1 at the trader "BuildingSupplies (Indar [Building Trader])" in market zone "The Holler" (pos=<5632.000000, 32.000000, 5392.000000>).
07:01:47.562 [Market] Player "Alaric" (id=sZJ432ovDQIgWd8wMve4ae1CuexC2jM_6lmUd51b4VQ=) has sold woodencrate x1 at the trader "BuildingSupplies (Indar [Building Trader])" in market zone "The Holler" (pos=<5632.000000, 32.000000, 5392.000000>) and got 1500.
07:01:48.056 [Market] Player "Alaric" (id=sZJ432ovDQIgWd8wMve4ae1CuexC2jM_6lmUd51b4VQ=) has send a requested to sell woodencrate x1 at the trader "BuildingSupplies (Indar [Building Trader])" in market zone "The Holler" (pos=<5632.000000, 32.000000, 5392.000000>).
07:01:48.171 [Market] Player "Alaric" (id=sZJ432ovDQIgWd8wMve4ae1CuexC2jM_6lmUd51b4VQ=) has sold woodencrate x1 at the trader "BuildingSupplies (Indar [Building Trader])" in market zone "The Holler" (pos=<5632.000000, 32.000000, 5392.000000>) and got 1500.
07:01:59.113 [Market] Player "Alaric" (id=sZJ432ovDQIgWd8wMve4ae1CuexC2jM_6lmUd51b4VQ=) has send a requested to purchase nail x48 from the trader "BuildingSupplies (Indar [Building Trader])" in market zone "The Holler" (pos=<5632.000000, 32.000000, 5392.000000>).
07:01:59.199 [Market] Player "Alaric" (id=sZJ432ovDQIgWd8wMve4ae1CuexC2jM_6lmUd51b4VQ=) has bought nail x48 from the trader "BuildingSupplies (Indar [Building Trader])" in market zone "The Holler" (pos=<5632.000000, 32.000000, 5392.000000>) for a price of 144.
07:02:05.054 [Market] Player "Alaric" (id=sZJ432ovDQIgWd8wMve4ae1CuexC2jM_6lmUd51b4VQ=) has send a requested to purchase woodenplank x24 from the trader "BuildingSupplies (Indar [Building Trader])" in market zone "The Holler" (pos=<5632.000000, 32.000000, 5392.000000>).
07:02:05.134 [Market] Player "Alaric" (id=sZJ432ovDQIgWd8wMve4ae1CuexC2jM_6lmUd51b4VQ=) has bought woodenplank x24 from the trader "BuildingSupplies (Indar [Building Trader])" in market zone "The Holler" (pos=<5632.000000, 32.000000, 5392.000000>) for a price of 1200.
07:02:59.328 [Market] Player "Alaric" (id=sZJ432ovDQIgWd8wMve4ae1CuexC2jM_6lmUd51b4VQ=) has send a requested to sell woodencrate x1 at the trader "BuildingSupplies (Indar [Building Trader])" in market zone "The Holler" (pos=<5632.000000, 32.000000, 5392.000000>).
07:02:59.417 [Market] Player "Alaric" (id=sZJ432ovDQIgWd8wMve4ae1CuexC2jM_6lmUd51b4VQ=) has sold woodencrate x1 at the trader "BuildingSupplies (Indar [Building Trader])" in market zone "The Holler" (pos=<5632.000000, 32.000000, 5392.000000>) and got 1500.
07:02:59.744 [Market] Player "Alaric" (id=sZJ432ovDQIgWd8wMve4ae1CuexC2jM_6lmUd51b4VQ=) has send a requested to sell woodencrate x1 at the trader "BuildingSupplies (Indar [Building Trader])" in market zone "The Holler" (pos=<5632.000000, 32.000000, 5392.000000>).
07:02:59.828 [Market] Player "Alaric" (id=sZJ432ovDQIgWd8wMve4ae1CuexC2jM_6lmUd51b4VQ=) has sold woodencrate x1 at the trader "BuildingSupplies (Indar [Building Trader])" in market zone "The Holler" (pos=<5632.000000, 32.000000, 5392.000000>) and got 1500.
07:03:00.291 [Market] Player "Alaric" (id=sZJ432ovDQIgWd8wMve4ae1CuexC2jM_6lmUd51b4VQ=) has send a requested to sell woodencrate x1 at the trader "BuildingSupplies (Indar [Building Trader])" in market zone "The Holler" (pos=<5632.000000, 32.000000, 5392.000000>).
07:03:00.367 [Market] Player "Alaric" (id=sZJ432ovDQIgWd8wMve4ae1CuexC2jM_6lmUd51b4VQ=) has sold woodencrate x1 at the trader "BuildingSupplies (Indar [Building Trader])" in market zone "The Holler" (pos=<5632.000000, 32.000000, 5392.000000>) and got 1500.
07:03:10.376 [Market] Player "Alaric" (id=sZJ432ovDQIgWd8wMve4ae1CuexC2jM_6lmUd51b4VQ=) has send a requested to purchase nail x48 from the trader "BuildingSupplies (Indar [Building Trader])" in market zone "The Holler" (pos=<5632.000000, 32.000000, 5392.000000>).
07:03:10.472 [Market] Player "Alaric" (id=sZJ432ovDQIgWd8wMve4ae1CuexC2jM_6lmUd51b4VQ=) has bought nail x48 from the trader "BuildingSupplies (Indar [Building Trader])" in market zone "The Holler" (pos=<5632.000000, 32.000000, 5392.000000>) for a price of 144.
07:03:16.058 [Market] Player "Alaric" (id=sZJ432ovDQIgWd8wMve4ae1CuexC2jM_6lmUd51b4VQ=) has send a requested to purchase woodenplank x24 from the trader "BuildingSupplies (Indar [Building Trader])" in market zone "The Holler" (pos=<5632.000000, 32.000000, 5392.000000>).
07:03:16.140 [Market] Player "Alaric" (id=sZJ432ovDQIgWd8wMve4ae1CuexC2jM_6lmUd51b4VQ=) has bought woodenplank x24 from the trader "BuildingSupplies (Indar [Building Trader])" in market zone "The Holler" (pos=<5632.000000, 32.000000, 5392.000000>) for a price of 1200.
07:04:05.605 [Market] Player "Alaric" (id=sZJ432ovDQIgWd8wMve4ae1CuexC2jM_6lmUd51b4VQ=) has send a requested to sell woodencrate x1 at the trader "BuildingSupplies (Indar [Building Trader])" in market zone "The Holler" (pos=<5632.000000, 32.000000, 5392.000000>).
07:04:05.693 [Market] Player "Alaric" (id=sZJ432ovDQIgWd8wMve4ae1CuexC2jM_6lmUd51b4VQ=) has sold woodencrate x1 at the trader "BuildingSupplies (Indar [Building Trader])" in market zone "The Holler" (pos=<5632.000000, 32.000000, 5392.000000>) and got 1500.
07:04:06.009 [Market] Player "Alaric" (id=sZJ432ovDQIgWd8wMve4ae1CuexC2jM_6lmUd51b4VQ=) has send a requested to sell woodencrate x1 at the trader "BuildingSupplies (Indar [Building Trader])" in market zone "The Holler" (pos=<5632.000000, 32.000000, 5392.000000>).
07:04:06.093 [Market] Player "Alaric" (id=sZJ432ovDQIgWd8wMve4ae1CuexC2jM_6lmUd51b4VQ=) has sold woodencrate x1 at the trader "BuildingSupplies (Indar [Building Trader])" in market zone "The Holler" (pos=<5632.000000, 32.000000, 5392.000000>) and got 1500.
07:04:06.578 [Market] Player "Alaric" (id=sZJ432ovDQIgWd8wMve4ae1CuexC2jM_6lmUd51b4VQ=) has send a requested to sell woodencrate x1 at the trader "BuildingSupplies (Indar [Building Trader])" in market zone "The Holler" (pos=<5632.000000, 32.000000, 5392.000000>).
07:04:06.703 [Market] Player "Alaric" (id=sZJ432ovDQIgWd8wMve4ae1CuexC2jM_6lmUd51b4VQ=) has sold woodencrate x1 at the trader "BuildingSupplies (Indar [Building Trader])" in market zone "The Holler" (pos=<5632.000000, 32.000000, 5392.000000>) and got 1500.
07:04:18.539 [Market] Player "Alaric" (id=sZJ432ovDQIgWd8wMve4ae1CuexC2jM_6lmUd51b4VQ=) has send a requested to purchase nail x48 from the trader "BuildingSupplies (Indar [Building Trader])" in market zone "The Holler" (pos=<5632.000000, 32.000000, 5392.000000>).
07:04:18.621 [Market] Player "Alaric" (id=sZJ432ovDQIgWd8wMve4ae1CuexC2jM_6lmUd51b4VQ=) has bought nail x48 from the trader "BuildingSupplies (Indar [Building Trader])" in market zone "The Holler" (pos=<5632.000000, 32.000000, 5392.000000>) for a price of 144.
07:04:29.283 [Market] Player "Alaric" (id=sZJ432ovDQIgWd8wMve4ae1CuexC2jM_6lmUd51b4VQ=) has send a requested to purchase woodenplank x24 from the trader "BuildingSupplies (Indar [Building Trader])" in market zone "The Holler" (pos=<5632.000000, 32.000000, 5392.000000>).
07:04:29.398 [Market] Player "Alaric" (id=sZJ432ovDQIgWd8wMve4ae1CuexC2jM_6lmUd51b4VQ=) has bought woodenplank x24 from the trader "BuildingSupplies (Indar [Building Trader])" in market zone "The Holler" (pos=<5632.000000, 32.000000, 5392.000000>) for a price of 1200.
07:05:21.714 [Market] Player "Alaric" (id=sZJ432ovDQIgWd8wMve4ae1CuexC2jM_6lmUd51b4VQ=) has send a requested to sell woodencrate x1 at the trader "BuildingSupplies (Indar [Building Trader])" in market zone "The Holler" (pos=<5632.000000, 32.000000, 5392.000000>).
07:05:21.820 [Market] Player "Alaric" (id=sZJ432ovDQIgWd8wMve4ae1CuexC2jM_6lmUd51b4VQ=) has sold woodencrate x1 at the trader "BuildingSupplies (Indar [Building Trader])" in market zone "The Holler" (pos=<5632.000000, 32.000000, 5392.000000>) and got 1500.
07:05:22.259 [Market] Player "Alaric" (id=sZJ432ovDQIgWd8wMve4ae1CuexC2jM_6lmUd51b4VQ=) has send a requested to sell woodencrate x1 at the trader "BuildingSupplies (Indar [Building Trader])" in market zone "The Holler" (pos=<5632.000000, 32.000000, 5392.000000>).
07:05:22.390 [Market] Player "Alaric" (id=sZJ432ovDQIgWd8wMve4ae1CuexC2jM_6lmUd51b4VQ=) has sold woodencrate x1 at the trader "BuildingSupplies (Indar [Building Trader])" in market zone "The Holler" (pos=<5632.000000, 32.000000, 5392.000000>) and got 1500.
07:05:22.853 [Market] Player "Alaric" (id=sZJ432ovDQIgWd8wMve4ae1CuexC2jM_6lmUd51b4VQ=) has send a requested to sell woodencrate x1 at the trader "BuildingSupplies (Indar [Building Trader])" in market zone "The Holler" (pos=<5632.000000, 32.000000, 5392.000000>).
07:05:22.943 [Market] Player "Alaric" (id=sZJ432ovDQIgWd8wMve4ae1CuexC2jM_6lmUd51b4VQ=) has sold woodencrate x1 at the trader "BuildingSupplies (Indar [Building Trader])" in market zone "The Holler" (pos=<5632.000000, 32.000000, 5392.000000>) and got 1500.
07:05:53.078 [Market] Player "Alaric" (id=sZJ432ovDQIgWd8wMve4ae1CuexC2jM_6lmUd51b4VQ=) has send a requested to purchase nail x48 from the trader "BuildingSupplies (Indar [Building Trader])" in market zone "The Holler" (pos=<5632.000000, 32.000000, 5392.000000>).
07:05:53.152 [Market] Player "Alaric" (id=sZJ432ovDQIgWd8wMve4ae1CuexC2jM_6lmUd51b4VQ=) has bought nail x48 from the trader "BuildingSupplies (Indar [Building Trader])" in market zone "The Holler" (pos=<5632.000000, 32.000000, 5392.000000>) for a price of 144.
07:06:25.255 [Market] Player "Alaric" (id=sZJ432ovDQIgWd8wMve4ae1CuexC2jM_6lmUd51b4VQ=) has send a requested to purchase woodenplank x24 from the trader "BuildingSupplies (Indar [Building Trader])" in market zone "The Holler" (pos=<5632.000000, 32.000000, 5392.000000>).
07:06:25.343 [Market] Player "Alaric" (id=sZJ432ovDQIgWd8wMve4ae1CuexC2jM_6lmUd51b4VQ=) has bought woodenplank x24 from the trader "BuildingSupplies (Indar [Building Trader])" in market zone "The Holler" (pos=<5632.000000, 32.000000, 5392.000000>) for a price of 1200.
07:07:22.238 [Market] Player "Alaric" (id=sZJ432ovDQIgWd8wMve4ae1CuexC2jM_6lmUd51b4VQ=) has send a requested to sell woodencrate x1 at the trader "BuildingSupplies (Indar [Building Trader])" in market zone "The Holler" (pos=<5632.000000, 32.000000, 5392.000000>).
07:07:22.320 [Market] Player "Alaric" (id=sZJ432ovDQIgWd8wMve4ae1CuexC2jM_6lmUd51b4VQ=) has sold woodencrate x1 at the trader "BuildingSupplies (Indar [Building Trader])" in market zone "The Holler" (pos=<5632.000000, 32.000000, 5392.000000>) and got 1500.
07:07:22.830 [Market] Player "Alaric" (id=sZJ432ovDQIgWd8wMve4ae1CuexC2jM_6lmUd51b4VQ=) has send a requested to sell woodencrate x1 at the trader "BuildingSupplies (Indar [Building Trader])" in market zone "The Holler" (pos=<5632.000000, 32.000000, 5392.000000>).
07:07:22.912 [Market] Player "Alaric" (id=sZJ432ovDQIgWd8wMve4ae1CuexC2jM_6lmUd51b4VQ=) has sold woodencrate x1 at the trader "BuildingSupplies (Indar [Building Trader])" in market zone "The Holler" (pos=<5632.000000, 32.000000, 5392.000000>) and got 1500.
07:07:23.257 [Market] Player "Alaric" (id=sZJ432ovDQIgWd8wMve4ae1CuexC2jM_6lmUd51b4VQ=) has send a requested to sell woodencrate x1 at the trader "BuildingSupplies (Indar [Building Trader])" in market zone "The Holler" (pos=<5632.000000, 32.000000, 5392.000000>).
07:07:23.371 [Market] Player "Alaric" (id=sZJ432ovDQIgWd8wMve4ae1CuexC2jM_6lmUd51b4VQ=) has sold woodencrate x1 at the trader "BuildingSupplies (Indar [Building Trader])" in market zone "The Holler" (pos=<5632.000000, 32.000000, 5392.000000>) and got 1500.
07:08:22.671 [Market] Player "Alaric" (id=sZJ432ovDQIgWd8wMve4ae1CuexC2jM_6lmUd51b4VQ=) has send a requested to purchase nail x48 from the trader "BuildingSupplies (Indar [Building Trader])" in market zone "The Holler" (pos=<5632.000000, 32.000000, 5392.000000>).
07:08:22.781 [Market] Player "Alaric" (id=sZJ432ovDQIgWd8wMve4ae1CuexC2jM_6lmUd51b4VQ=) has bought nail x48 from the trader "BuildingSupplies (Indar [Building Trader])" in market zone "The Holler" (pos=<5632.000000, 32.000000, 5392.000000>) for a price of 144.
07:08:29.875 [Market] Player "Alaric" (id=sZJ432ovDQIgWd8wMve4ae1CuexC2jM_6lmUd51b4VQ=) has send a requested to purchase woodenplank x24 from the trader "BuildingSupplies (Indar [Building Trader])" in market zone "The Holler" (pos=<5632.000000, 32.000000, 5392.000000>).
07:08:29.941 [Market] Player "Alaric" (id=sZJ432ovDQIgWd8wMve4ae1CuexC2jM_6lmUd51b4VQ=) has bought woodenplank x24 from the trader "BuildingSupplies (Indar [Building Trader])" in market zone "The Holler" (pos=<5632.000000, 32.000000, 5392.000000>) for a price of 1200.
07:09:18.164 [Market] Player "Alaric" (id=sZJ432ovDQIgWd8wMve4ae1CuexC2jM_6lmUd51b4VQ=) has send a requested to sell woodencrate x1 at the trader "BuildingSupplies (Indar [Building Trader])" in market zone "The Holler" (pos=<5632.000000, 32.000000, 5392.000000>).
07:09:18.246 [Market] Player "Alaric" (id=sZJ432ovDQIgWd8wMve4ae1CuexC2jM_6lmUd51b4VQ=) has sold woodencrate x1 at the trader "BuildingSupplies (Indar [Building Trader])" in market zone "The Holler" (pos=<5632.000000, 32.000000, 5392.000000>) and got 1500.
07:09:18.726 [Market] Player "Alaric" (id=sZJ432ovDQIgWd8wMve4ae1CuexC2jM_6lmUd51b4VQ=) has send a requested to sell woodencrate x1 at the trader "BuildingSupplies (Indar [Building Trader])" in market zone "The Holler" (pos=<5632.000000, 32.000000, 5392.000000>).
07:09:18.806 [Market] Player "Alaric" (id=sZJ432ovDQIgWd8wMve4ae1CuexC2jM_6lmUd51b4VQ=) has sold woodencrate x1 at the trader "BuildingSupplies (Indar [Building Trader])" in market zone "The Holler" (pos=<5632.000000, 32.000000, 5392.000000>) and got 1500.
07:09:19.322 [Market] Player "Alaric" (id=sZJ432ovDQIgWd8wMve4ae1CuexC2jM_6lmUd51b4VQ=) has send a requested to sell woodencrate x1 at the trader "BuildingSupplies (Indar [Building Trader])" in market zone "The Holler" (pos=<5632.000000, 32.000000, 5392.000000>).
07:09:19.431 [Market] Player "Alaric" (id=sZJ432ovDQIgWd8wMve4ae1CuexC2jM_6lmUd51b4VQ=) has sold woodencrate x1 at the trader "BuildingSupplies (Indar [Building Trader])" in market zone "The Holler" (pos=<5632.000000, 32.000000, 5392.000000>) and got 1500.
07:09:30.685 [Market] Player "Alaric" (id=sZJ432ovDQIgWd8wMve4ae1CuexC2jM_6lmUd51b4VQ=) has send a requested to purchase nail x48 from the trader "BuildingSupplies (Indar [Building Trader])" in market zone "The Holler" (pos=<5632.000000, 32.000000, 5392.000000>).
07:09:30.765 [Market] Player "Alaric" (id=sZJ432ovDQIgWd8wMve4ae1CuexC2jM_6lmUd51b4VQ=) has bought nail x48 from the trader "BuildingSupplies (Indar [Building Trader])" in market zone "The Holler" (pos=<5632.000000, 32.000000, 5392.000000>) for a price of 144.
07:09:36.994 [Market] Player "Alaric" (id=sZJ432ovDQIgWd8wMve4ae1CuexC2jM_6lmUd51b4VQ=) has send a requested to purchase woodenplank x24 from the trader "BuildingSupplies (Indar [Building Trader])" in market zone "The Holler" (pos=<5632.000000, 32.000000, 5392.000000>).
07:09:37.074 [Market] Player "Alaric" (id=sZJ432ovDQIgWd8wMve4ae1CuexC2jM_6lmUd51b4VQ=) has bought woodenplank x24 from the trader "BuildingSupplies (Indar [Building Trader])" in market zone "The Holler" (pos=<5632.000000, 32.000000, 5392.000000>) for a price of 1200.
07:10:28.964 [Market] Player "Alaric" (id=sZJ432ovDQIgWd8wMve4ae1CuexC2jM_6lmUd51b4VQ=) has send a requested to sell woodencrate x1 at the trader "BuildingSupplies (Indar [Building Trader])" in market zone "The Holler" (pos=<5632.000000, 32.000000, 5392.000000>).
07:10:29.052 [Market] Player "Alaric" (id=sZJ432ovDQIgWd8wMve4ae1CuexC2jM_6lmUd51b4VQ=) has sold woodencrate x1 at the trader "BuildingSupplies (Indar [Building Trader])" in market zone "The Holler" (pos=<5632.000000, 32.000000, 5392.000000>) and got 1500.
07:10:29.496 [Market] Player "Alaric" (id=sZJ432ovDQIgWd8wMve4ae1CuexC2jM_6lmUd51b4VQ=) has send a requested to sell woodencrate x1 at the trader "BuildingSupplies (Indar [Building Trader])" in market zone "The Holler" (pos=<5632.000000, 32.000000, 5392.000000>).
07:10:29.609 [Market] Player "Alaric" (id=sZJ432ovDQIgWd8wMve4ae1CuexC2jM_6lmUd51b4VQ=) has sold woodencrate x1 at the trader "BuildingSupplies (Indar [Building Trader])" in market zone "The Holler" (pos=<5632.000000, 32.000000, 5392.000000>) and got 1500.
07:10:30.087 [Market] Player "Alaric" (id=sZJ432ovDQIgWd8wMve4ae1CuexC2jM_6lmUd51b4VQ=) has send a requested to sell woodencrate x1 at the trader "BuildingSupplies (Indar [Building Trader])" in market zone "The Holler" (pos=<5632.000000, 32.000000, 5392.000000>).
07:10:30.169 [Market] Player "Alaric" (id=sZJ432ovDQIgWd8wMve4ae1CuexC2jM_6lmUd51b4VQ=) has sold woodencrate x1 at the trader "BuildingSupplies (Indar [Building Trader])" in market zone "The Holler" (pos=<5632.000000, 32.000000, 5392.000000>) and got 1500.
07:10:40.539 [Market] Player "Alaric" (id=sZJ432ovDQIgWd8wMve4ae1CuexC2jM_6lmUd51b4VQ=) has send a requested to purchase nail x1 from the trader "BuildingSupplies (Indar [Building Trader])" in market zone "The Holler" (pos=<5632.000000, 32.000000, 5392.000000>).
07:10:40.623 [Market] Player "Alaric" (id=sZJ432ovDQIgWd8wMve4ae1CuexC2jM_6lmUd51b4VQ=) has bought nail x1 from the trader "BuildingSupplies (Indar [Building Trader])" in market zone "The Holler" (pos=<5632.000000, 32.000000, 5392.000000>) for a price of 3.
07:10:50.371 [Market] Player "Alaric" (id=sZJ432ovDQIgWd8wMve4ae1CuexC2jM_6lmUd51b4VQ=) has send a requested to purchase nail x47 from the trader "BuildingSupplies (Indar [Building Trader])" in market zone "The Holler" (pos=<5632.000000, 32.000000, 5392.000000>).
07:10:50.488 [Market] Player "Alaric" (id=sZJ432ovDQIgWd8wMve4ae1CuexC2jM_6lmUd51b4VQ=) has bought nail x47 from the trader "BuildingSupplies (Indar [Building Trader])" in market zone "The Holler" (pos=<5632.000000, 32.000000, 5392.000000>) for a price of 141.
07:10:56.515 [Market] Player "Alaric" (id=sZJ432ovDQIgWd8wMve4ae1CuexC2jM_6lmUd51b4VQ=) has send a requested to purchase woodenplank x24 from the trader "BuildingSupplies (Indar [Building Trader])" in market zone "The Holler" (pos=<5632.000000, 32.000000, 5392.000000>).
07:10:56.634 [Market] Player "Alaric" (id=sZJ432ovDQIgWd8wMve4ae1CuexC2jM_6lmUd51b4VQ=) has bought woodenplank x24 from the trader "BuildingSupplies (Indar [Building Trader])" in market zone "The Holler" (pos=<5632.000000, 32.000000, 5392.000000>) for a price of 1200.
07:11:46.599 [Market] Player "Alaric" (id=sZJ432ovDQIgWd8wMve4ae1CuexC2jM_6lmUd51b4VQ=) has send a requested to sell woodencrate x1 at the trader "BuildingSupplies (Indar [Building Trader])" in market zone "The Holler" (pos=<5632.000000, 32.000000, 5392.000000>).
07:11:46.673 [Market] Player "Alaric" (id=sZJ432ovDQIgWd8wMve4ae1CuexC2jM_6lmUd51b4VQ=) has sold woodencrate x1 at the trader "BuildingSupplies (Indar [Building Trader])" in market zone "The Holler" (pos=<5632.000000, 32.000000, 5392.000000>) and got 1500.
07:11:47.113 [Market] Player "Alaric" (id=sZJ432ovDQIgWd8wMve4ae1CuexC2jM_6lmUd51b4VQ=) has send a requested to sell woodencrate x1 at the trader "BuildingSupplies (Indar [Building Trader])" in market zone "The Holler" (pos=<5632.000000, 32.000000, 5392.000000>).
07:11:47.197 [Market] Player "Alaric" (id=sZJ432ovDQIgWd8wMve4ae1CuexC2jM_6lmUd51b4VQ=) has sold woodencrate x1 at the trader "BuildingSupplies (Indar [Building Trader])" in market zone "The Holler" (pos=<5632.000000, 32.000000, 5392.000000>) and got 1500.
07:11:47.716 [Market] Player "Alaric" (id=sZJ432ovDQIgWd8wMve4ae1CuexC2jM_6lmUd51b4VQ=) has send a requested to sell woodencrate x1 at the trader "BuildingSupplies (Indar [Building Trader])" in market zone "The Holler" (pos=<5632.000000, 32.000000, 5392.000000>).
07:11:47.798 [Market] Player "Alaric" (id=sZJ432ovDQIgWd8wMve4ae1CuexC2jM_6lmUd51b4VQ=) has sold woodencrate x1 at the trader "BuildingSupplies (Indar [Building Trader])" in market zone "The Holler" (pos=<5632.000000, 32.000000, 5392.000000>) and got 1500.
07:12:01.355 [Market] Player "Alaric" (id=sZJ432ovDQIgWd8wMve4ae1CuexC2jM_6lmUd51b4VQ=) has send a requested to purchase nail x48 from the trader "BuildingSupplies (Indar [Building Trader])" in market zone "The Holler" (pos=<5632.000000, 32.000000, 5392.000000>).
07:12:01.429 [Market] Player "Alaric" (id=sZJ432ovDQIgWd8wMve4ae1CuexC2jM_6lmUd51b4VQ=) has bought nail x48 from the trader "BuildingSupplies (Indar [Building Trader])" in market zone "The Holler" (pos=<5632.000000, 32.000000, 5392.000000>) for a price of 144.
07:12:08.783 [Market] Player "Alaric" (id=sZJ432ovDQIgWd8wMve4ae1CuexC2jM_6lmUd51b4VQ=) has send a requested to purchase woodenplank x24 from the trader "BuildingSupplies (Indar [Building Trader])" in market zone "The Holler" (pos=<5632.000000, 32.000000, 5392.000000>).
07:12:08.867 [Market] Player "Alaric" (id=sZJ432ovDQIgWd8wMve4ae1CuexC2jM_6lmUd51b4VQ=) has bought woodenplank x24 from the trader "BuildingSupplies (Indar [Building Trader])" in market zone "The Holler" (pos=<5632.000000, 32.000000, 5392.000000>) for a price of 1200.
07:13:04.234 [Market] Player "Alaric" (id=sZJ432ovDQIgWd8wMve4ae1CuexC2jM_6lmUd51b4VQ=) has send a requested to sell woodencrate x1 at the trader "BuildingSupplies (Indar [Building Trader])" in market zone "The Holler" (pos=<5632.000000, 32.000000, 5392.000000>).
07:13:04.320 [Market] Player "Alaric" (id=sZJ432ovDQIgWd8wMve4ae1CuexC2jM_6lmUd51b4VQ=) has sold woodencrate x1 at the trader "BuildingSupplies (Indar [Building Trader])" in market zone "The Holler" (pos=<5632.000000, 32.000000, 5392.000000>) and got 1500.
07:13:04.826 [Market] Player "Alaric" (id=sZJ432ovDQIgWd8wMve4ae1CuexC2jM_6lmUd51b4VQ=) has send a requested to sell woodencrate x1 at the trader "BuildingSupplies (Indar [Building Trader])" in market zone "The Holler" (pos=<5632.000000, 32.000000, 5392.000000>).
07:13:04.902 [Market] Player "Alaric" (id=sZJ432ovDQIgWd8wMve4ae1CuexC2jM_6lmUd51b4VQ=) has sold woodencrate x1 at the trader "BuildingSupplies (Indar [Building Trader])" in market zone "The Holler" (pos=<5632.000000, 32.000000, 5392.000000>) and got 1500.
07:13:05.406 [Market] Player "Alaric" (id=sZJ432ovDQIgWd8wMve4ae1CuexC2jM_6lmUd51b4VQ=) has send a requested to sell woodencrate x1 at the trader "BuildingSupplies (Indar [Building Trader])" in market zone "The Holler" (pos=<5632.000000, 32.000000, 5392.000000>).
07:13:05.527 [Market] Player "Alaric" (id=sZJ432ovDQIgWd8wMve4ae1CuexC2jM_6lmUd51b4VQ=) has sold woodencrate x1 at the trader "BuildingSupplies (Indar [Building Trader])" in market zone "The Holler" (pos=<5632.000000, 32.000000, 5392.000000>) and got 1500.
07:13:16.876 [Market] Player "Alaric" (id=sZJ432ovDQIgWd8wMve4ae1CuexC2jM_6lmUd51b4VQ=) has send a requested to purchase nail x48 from the trader "BuildingSupplies (Indar [Building Trader])" in market zone "The Holler" (pos=<5632.000000, 32.000000, 5392.000000>).
07:13:16.992 [Market] Player "Alaric" (id=sZJ432ovDQIgWd8wMve4ae1CuexC2jM_6lmUd51b4VQ=) has bought nail x48 from the trader "BuildingSupplies (Indar [Building Trader])" in market zone "The Holler" (pos=<5632.000000, 32.000000, 5392.000000>) for a price of 144.
07:13:22.429 [Market] Player "Alaric" (id=sZJ432ovDQIgWd8wMve4ae1CuexC2jM_6lmUd51b4VQ=) has send a requested to purchase woodenplank x24 from the trader "BuildingSupplies (Indar [Building Trader])" in market zone "The Holler" (pos=<5632.000000, 32.000000, 5392.000000>).
07:13:22.517 [Market] Player "Alaric" (id=sZJ432ovDQIgWd8wMve4ae1CuexC2jM_6lmUd51b4VQ=) has bought woodenplank x24 from the trader "BuildingSupplies (Indar [Building Trader])" in market zone "The Holler" (pos=<5632.000000, 32.000000, 5392.000000>) for a price of 1200.
07:14:14.156 [Market] Player "Alaric" (id=sZJ432ovDQIgWd8wMve4ae1CuexC2jM_6lmUd51b4VQ=) has send a requested to sell woodencrate x1 at the trader "BuildingSupplies (Indar [Building Trader])" in market zone "The Holler" (pos=<5632.000000, 32.000000, 5392.000000>).
07:14:14.238 [Market] Player "Alaric" (id=sZJ432ovDQIgWd8wMve4ae1CuexC2jM_6lmUd51b4VQ=) has sold woodencrate x1 at the trader "BuildingSupplies (Indar [Building Trader])" in market zone "The Holler" (pos=<5632.000000, 32.000000, 5392.000000>) and got 1500.
07:14:14.802 [Market] Player "Alaric" (id=sZJ432ovDQIgWd8wMve4ae1CuexC2jM_6lmUd51b4VQ=) has send a requested to sell woodencrate x1 at the trader "BuildingSupplies (Indar [Building Trader])" in market zone "The Holler" (pos=<5632.000000, 32.000000, 5392.000000>).
07:14:14.882 [Market] Player "Alaric" (id=sZJ432ovDQIgWd8wMve4ae1CuexC2jM_6lmUd51b4VQ=) has sold woodencrate x1 at the trader "BuildingSupplies (Indar [Building Trader])" in market zone "The Holler" (pos=<5632.000000, 32.000000, 5392.000000>) and got 1500.
07:14:15.373 [Market] Player "Alaric" (id=sZJ432ovDQIgWd8wMve4ae1CuexC2jM_6lmUd51b4VQ=) has send a requested to sell woodencrate x1 at the trader "BuildingSupplies (Indar [Building Trader])" in market zone "The Holler" (pos=<5632.000000, 32.000000, 5392.000000>).
07:14:15.449 [Market] Player "Alaric" (id=sZJ432ovDQIgWd8wMve4ae1CuexC2jM_6lmUd51b4VQ=) has sold woodencrate x1 at the trader "BuildingSupplies (Indar [Building Trader])" in market zone "The Holler" (pos=<5632.000000, 32.000000, 5392.000000>) and got 1500.
07:20:15.113 [Party] Player "Alaric" (id=sZJ432ovDQIgWd8wMve4ae1CuexC2jM_6lmUd51b4VQ=) left the party "Duskarians" (id=9 ownerUID=sZJ432ovDQIgWd8wMve4ae1CuexC2jM_6lmUd51b4VQ= ownerName=Alaric)
09:22:02.605 [Party] Player "zXGoovis_AndachairXz" (id=-r2araXommLNgd2kLCOg5MUhQUGYZRsIrQF--_XcIVE=) joinded the party "zXNoRagRetSXz" (id=4 ownerUID=-r2araXommLNgd2kLCOg5MUhQUGYZRsIrQF--_XcIVE= ownerName=zXGoovis_AndachairXz)
09:29:12.117 [VehicleCarKey] Player "zXGoovis_AndachairXz" (id=-r2araXommLNgd2kLCOg5MUhQUGYZRsIrQF--_XcIVE= pos=<2844.182373, 6.454412, 6195.088379>) used the  ExpansionCarKey to unlock Hatchback_02_BanditKitty (id=4E75E6DA574F1FBAD8F6F0A34B48B3F8 pos=<2842.112549, 6.497905, 6194.523926>)
09:32:00.875 [Party] Player "zXGoovis_AndachairXz" (id=-r2araXommLNgd2kLCOg5MUhQUGYZRsIrQF--_XcIVE=) left the party "zXNoRagRetSXz" (id=4 ownerUID=-r2araXommLNgd2kLCOg5MUhQUGYZRsIrQF--_XcIVE= ownerName=zXGoovis_AndachairXz)
09:54:36.664 [VehicleDeleted] ExpansionZodiacBoat (id=938CAEEC2543FA6D153E50B48426D130 pos=<2096.253418, 0.047083, 6320.695801>)
09:54:41.019 [VehicleDeleted] ExpansionUtilityBoat (id=382ACC009746DDAED0CA429C90C8E2FD pos=<2110.480713, -0.394444, 6347.280762>)
09:55:02.187 [VehicleDeleted] Hatchback_02_BanditKitty (id=DC32B982084E97F1816244B0090D2148 pos=<2950.284180, 10.408387, 5814.064941>)
09:55:12.207 [AI Patrol] Spawning 2 Shamans bots at <3838.228271, 31.198574, 6803.255859>
09:55:30.726 [VehicleEnter] Player [ADMIN]DrKilledByDeath [uid=spMEkRl42onhFHdF_u42e0T03x2sj347kUc600NXdGA=] entered vehicle M3S Covered (id=9D89DDFE6C47B912CE537D9F37DF135C pos=<3580.286133, 22.344025, 6221.044434>) as driver
09:55:32.636 [VehicleEngine] Player [ADMIN]DrKilledByDeath [uid=spMEkRl42onhFHdF_u42e0T03x2sj347kUc600NXdGA=] started vehicle M3S Covered (id=9D89DDFE6C47B912CE537D9F37DF135C pos=<3580.286621, 22.344034, 6221.044434>)
09:55:35.898 [VehicleLeave] Player [ADMIN]DrKilledByDeath [uid=spMEkRl42onhFHdF_u42e0T03x2sj347kUc600NXdGA=] left vehicle M3S Covered (id=9D89DDFE6C47B912CE537D9F37DF135C pos=<3580.287354, 22.344067, 6221.044434>)
09:56:03.046 [VehicleDeleted] Hatchback_02_Blue (id=73C237127F46986006BD05AB02B8761A pos=<3522.057129, 20.325130, 6663.422852>)
09:57:39.304 [VehicleDeleted] Hatchback_02_Black (id=6772E8C80245B35CF02EE69DB0695DA4 pos=<7180.964844, 4.772848, 1450.962036>)
09:58:16.472 [VehicleDeleted] Hatchback_02 (id=4EC4C580DA4E4706610D6C9493385B0C pos=<7132.729004, 35.634228, 2254.253418>)
09:58:44.531 [VehicleEnter] Player [ADMIN]DrKilledByDeath [uid=spMEkRl42onhFHdF_u42e0T03x2sj347kUc600NXdGA=] entered vehicle Olga 24 (id=AE5A5129BA41DA32256DCE9F5953C8D3 pos=<6715.047363, 38.807766, 2017.375977>) as driver
09:58:49.062 [VehicleLeave] Player [ADMIN]DrKilledByDeath [uid=spMEkRl42onhFHdF_u42e0T03x2sj347kUc600NXdGA=] left vehicle Olga 24 (id=AE5A5129BA41DA32256DCE9F5953C8D3 pos=<6715.047363, 38.807766, 2017.375977>)
10:01:30.460 [VehicleEnter] Player [ADMIN]DrKilledByDeath [uid=spMEkRl42onhFHdF_u42e0T03x2sj347kUc600NXdGA=] entered vehicle Transit Bus (id=D7564CD801479DAD79520DA365462FBE pos=<10168.197266, 21.776953, 10906.995117>) as driver
10:01:31.671 [VehicleEngine] Player [ADMIN]DrKilledByDeath [uid=spMEkRl42onhFHdF_u42e0T03x2sj347kUc600NXdGA=] started vehicle Transit Bus (id=D7564CD801479DAD79520DA365462FBE pos=<10168.197266, 21.776964, 10906.995117>)
10:05:27.812 [VehicleLeave] Player [ADMIN]DrKilledByDeath [uid=spMEkRl42onhFHdF_u42e0T03x2sj347kUc600NXdGA=] left vehicle Transit Bus (id=D7564CD801479DAD79520DA365462FBE pos=<7894.489258, 21.506880, 9183.716797>)
10:05:46.757 [VehicleDeleted] ExpansionBus_Weeb (id=D7564CD801479DAD79520DA365462FBE pos=<7829.183105, 21.507118, 9163.136719>)
10:06:15.277 [VehicleEnter] Player [ADMIN]DrKilledByDeath [uid=spMEkRl42onhFHdF_u42e0T03x2sj347kUc600NXdGA=] entered vehicle BMW X5 (id=B648A53632433434B742529CA444C91A pos=<7835.819824, 21.548204, 9169.772461>) as driver
10:06:16.953 [VehicleEngine] Player [ADMIN]DrKilledByDeath [uid=spMEkRl42onhFHdF_u42e0T03x2sj347kUc600NXdGA=] started vehicle BMW X5 (id=B648A53632433434B742529CA444C91A pos=<7835.819824, 21.548197, 9169.772461>)
10:06:32.039 [VehicleLeave] Player [ADMIN]DrKilledByDeath [uid=spMEkRl42onhFHdF_u42e0T03x2sj347kUc600NXdGA=] left vehicle BMW X5 (id=B648A53632433434B742529CA444C91A pos=<7825.399902, 21.669981, 9155.744141>)
10:10:39.152 [VehicleEnter] Player [ADMIN]DrKilledByDeath [uid=spMEkRl42onhFHdF_u42e0T03x2sj347kUc600NXdGA=] entered vehicle BMW lightgreen (id=6B095694DE410925C4B10E842B4010AF pos=<4648.234863, 17.669722, 4595.461914>) as driver
10:10:40.921 [VehicleEngine] Player [ADMIN]DrKilledByDeath [uid=spMEkRl42onhFHdF_u42e0T03x2sj347kUc600NXdGA=] started vehicle BMW lightgreen (id=6B095694DE410925C4B10E842B4010AF pos=<4648.234863, 17.669725, 4595.461914>)
10:10:54.898 [VehicleLeave] Player [ADMIN]DrKilledByDeath [uid=spMEkRl42onhFHdF_u42e0T03x2sj347kUc600NXdGA=] left vehicle BMW lightgreen (id=6B095694DE410925C4B10E842B4010AF pos=<4654.093750, 18.037909, 4611.182617>)
10:14:43.277 [VehicleEnter] Player [ADMIN]DrKilledByDeath [uid=spMEkRl42onhFHdF_u42e0T03x2sj347kUc600NXdGA=] entered vehicle NivaPickup Camo (id=3CE0A777B548C8549ABFC3AE1D142E99 pos=<1974.865479, 9.243386, 8955.440430>) as driver
10:14:44.851 [VehicleEngine] Player [ADMIN]DrKilledByDeath [uid=spMEkRl42onhFHdF_u42e0T03x2sj347kUc600NXdGA=] started vehicle NivaPickup Camo (id=3CE0A777B548C8549ABFC3AE1D142E99 pos=<1974.862671, 9.243394, 8955.440430>)
10:14:50.453 [VehicleEngine] Player [ADMIN]DrKilledByDeath [uid=spMEkRl42onhFHdF_u42e0T03x2sj347kUc600NXdGA=] started vehicle NivaPickup Camo (id=3CE0A777B548C8549ABFC3AE1D142E99 pos=<1974.862549, 9.243395, 8955.440430>)
10:14:56.839 [VehicleLeave] Player [ADMIN]DrKilledByDeath [uid=spMEkRl42onhFHdF_u42e0T03x2sj347kUc600NXdGA=] left vehicle NivaPickup Camo (id=3CE0A777B548C8549ABFC3AE1D142E99 pos=<1974.863159, 9.243393, 8955.440430>)
10:15:35.402 [VehicleEnter] Player [ADMIN]DrKilledByDeath [uid=spMEkRl42onhFHdF_u42e0T03x2sj347kUc600NXdGA=] entered vehicle NivaPickup Camo (id=3CE0A777B548C8549ABFC3AE1D142E99 pos=<1974.861328, 9.243394, 8955.439453>) as driver
10:15:36.847 [VehicleEngine] Player [ADMIN]DrKilledByDeath [uid=spMEkRl42onhFHdF_u42e0T03x2sj347kUc600NXdGA=] started vehicle NivaPickup Camo (id=3CE0A777B548C8549ABFC3AE1D142E99 pos=<1974.861572, 9.243392, 8955.439453>)
10:15:44.656 [VehicleLeave] Player [ADMIN]DrKilledByDeath [uid=spMEkRl42onhFHdF_u42e0T03x2sj347kUc600NXdGA=] left vehicle NivaPickup Camo (id=3CE0A777B548C8549ABFC3AE1D142E99 pos=<1974.811157, 9.243394, 8944.745117>)
10:15:53.992 [VehicleAttachments] Player [ADMIN]DrKilledByDeath (uid=spMEkRl42onhFHdF_u42e0T03x2sj347kUc600NXdGA=) detached Car Radiator (type=CarRadiator) from vehicle NivaPickup Camo(id=3CE0A777B548C8549ABFC3AE1D142E99 pos=<1974.814453, 9.243385, 8944.745117>)
10:21:16.523 [Safezone] Player "[Admin] Bunker" (id=mBNlxASsPlOcry0dpDl8K-WgHNR5WMCMmoJ9NhpU4FY= pos=<5643.117188, 28.693623, 5377.816406>) Entered the safezone
10:21:17.878 [AI Patrol] Spawning 2 Shamans bots at <5839.669922, 114.813499, 5920.018555>
10:24:38.675 [VehicleEnter] Player [ADMIN]DrKilledByDeath [uid=spMEkRl42onhFHdF_u42e0T03x2sj347kUc600NXdGA=] entered vehicle Gunter 2 (id=4E75E6DA574F1FBAD8F6F0A34B48B3F8 pos=<2842.112793, 6.497908, 6194.523926>) as driver
10:24:43.398 [VehicleLeave] Player [ADMIN]DrKilledByDeath [uid=spMEkRl42onhFHdF_u42e0T03x2sj347kUc600NXdGA=] left vehicle Gunter 2 (id=4E75E6DA574F1FBAD8F6F0A34B48B3F8 pos=<2842.110840, 6.497935, 6194.524414>)
10:26:41.226 [VehicleCarKey] Player "[ADMIN]DrKilledByDeath" (id=spMEkRl42onhFHdF_u42e0T03x2sj347kUc600NXdGA= pos=<2843.053955, 6.454303, 6195.441895>) used the  ExpansionCarKey to lock Hatchback_02_BanditKitty (id=4E75E6DA574F1FBAD8F6F0A34B48B3F8 pos=<2842.111084, 6.497912, 6194.524414>)
10:26:46.894 [VehicleEnter] Player [ADMIN]DrKilledByDeath [uid=spMEkRl42onhFHdF_u42e0T03x2sj347kUc600NXdGA=] entered vehicle Gunter 2 (id=4E75E6DA574F1FBAD8F6F0A34B48B3F8 pos=<2842.111328, 6.497925, 6194.524414>) as driver
10:26:49.640 [VehicleEngine] Player [ADMIN]DrKilledByDeath [uid=spMEkRl42onhFHdF_u42e0T03x2sj347kUc600NXdGA=] started vehicle Gunter 2 (id=4E75E6DA574F1FBAD8F6F0A34B48B3F8 pos=<2842.111328, 6.497905, 6194.524414>)
10:27:08.757 [VehicleLeave] Player [ADMIN]DrKilledByDeath [uid=spMEkRl42onhFHdF_u42e0T03x2sj347kUc600NXdGA=] left vehicle Gunter 2 (id=4E75E6DA574F1FBAD8F6F0A34B48B3F8 pos=<2853.946289, 5.469474, 6194.364258>)
10:27:25.539 [VehicleEnter] Player [ADMIN]DrKilledByDeath [uid=spMEkRl42onhFHdF_u42e0T03x2sj347kUc600NXdGA=] entered vehicle Gunter 2 (id=4E75E6DA574F1FBAD8F6F0A34B48B3F8 pos=<2853.943848, 5.469440, 6194.364258>) as driver
10:27:27.035 [VehicleEngine] Player [ADMIN]DrKilledByDeath [uid=spMEkRl42onhFHdF_u42e0T03x2sj347kUc600NXdGA=] started vehicle Gunter 2 (id=4E75E6DA574F1FBAD8F6F0A34B48B3F8 pos=<2853.941406, 5.469477, 6194.364258>)
10:27:42.218 [VehicleLeave] Player [ADMIN]DrKilledByDeath [uid=spMEkRl42onhFHdF_u42e0T03x2sj347kUc600NXdGA=] left vehicle Gunter 2 (id=4E75E6DA574F1FBAD8F6F0A34B48B3F8 pos=<2872.369873, 5.770979, 6201.488281>)
10:27:45.582 [VehicleCarKey] Player "[ADMIN]DrKilledByDeath" (id=spMEkRl42onhFHdF_u42e0T03x2sj347kUc600NXdGA= pos=<2870.037354, 5.737470, 6201.566406>) used the  ExpansionCarKey to unlock Hatchback_02_BanditKitty (id=4E75E6DA574F1FBAD8F6F0A34B48B3F8 pos=<2872.369629, 5.770981, 6201.488281>)
10:27:55.308 [VehicleCarKey] Player "[ADMIN]DrKilledByDeath" (id=spMEkRl42onhFHdF_u42e0T03x2sj347kUc600NXdGA= pos=<2870.174316, 5.761058, 6202.076660>) used the  ExpansionCarKey to lock Hatchback_02_BanditKitty (id=4E75E6DA574F1FBAD8F6F0A34B48B3F8 pos=<2872.369629, 5.770981, 6201.488281>)
10:28:21.484 [VehicleDeleted] MBw140_black (id=1946A0A89D47E3F38A32D49E763DE373 pos=<2862.607910, 5.316809, 6197.349609>)
10:28:31.320 [VehicleEnter] Player [ADMIN]DrKilledByDeath [uid=spMEkRl42onhFHdF_u42e0T03x2sj347kUc600NXdGA=] entered vehicle Mercedes-Benz W140 Black (id=2B230608ED4A6DAA613CE5B93BB5AEE0 pos=<2863.325439, 5.435814, 6197.067871>) as driver
10:28:33.800 [VehicleEngine] Player [ADMIN]DrKilledByDeath [uid=spMEkRl42onhFHdF_u42e0T03x2sj347kUc600NXdGA=] started vehicle Mercedes-Benz W140 Black (id=2B230608ED4A6DAA613CE5B93BB5AEE0 pos=<2863.323730, 5.435756, 6197.067871>)
10:28:49.929 [VehicleLeave] Player [ADMIN]DrKilledByDeath [uid=spMEkRl42onhFHdF_u42e0T03x2sj347kUc600NXdGA=] left vehicle Mercedes-Benz W140 Black (id=2B230608ED4A6DAA613CE5B93BB5AEE0 pos=<2853.677979, 5.445502, 6193.322754>)
10:29:26.226 [VehicleCarKey] Player "[ADMIN]DrKilledByDeath" (id=spMEkRl42onhFHdF_u42e0T03x2sj347kUc600NXdGA= pos=<2850.831055, 5.425837, 6192.795898>) paired a  ExpansionCarKey to MBw140_black (id=2B230608ED4A6DAA613CE5B93BB5AEE0 pos=<2853.678711, 5.445503, 6193.320801>)
10:29:27.867 [VehicleCarKey] Player "[ADMIN]DrKilledByDeath" (id=spMEkRl42onhFHdF_u42e0T03x2sj347kUc600NXdGA= pos=<2850.831055, 5.425837, 6192.795898>) used the  ExpansionCarKey to lock MBw140_black (id=2B230608ED4A6DAA613CE5B93BB5AEE0 pos=<2853.678711, 5.445503, 6193.320801>)
10:30:24.785 [VehicleDeleted] MBw140_black (id=2B230608ED4A6DAA613CE5B93BB5AEE0 pos=<2853.678711, 5.445503, 6193.320801>)
10:30:24.785 [VehicleCover] Player "[ADMIN]DrKilledByDeath" (id=spMEkRl42onhFHdF_u42e0T03x2sj347kUc600NXdGA= pos=<2850.957764, 5.425824, 6191.003418>) covered vehicle "MBw140_black" (GlobalID=80000000800000008000000080004FCC pos=<2853.678711, 5.445503, 6193.320801>)!
10:30:41.910 [Safezone] Player "[ADMIN]DrKilledByDeath" (id=spMEkRl42onhFHdF_u42e0T03x2sj347kUc600NXdGA= pos=<5639.098145, 28.709999, 5410.478516>) Entered the safezone
10:43:55.718 [Safezone] Player "[Admin] Bunker" (id=mBNlxASsPlOcry0dpDl8K-WgHNR5WMCMmoJ9NhpU4FY= pos=<5649.583496, 29.502888, 5404.786133>) Entered the safezone
11:01:36.746 [VehicleDeleted] Gelenvagen_carbon (id=E1CA114E1540C0261722939A83502E91 pos=<5672.537109, 28.719004, 5392.901855>)
11:01:36.750 [VehicleCover] Player "[ADMIN]DrKilledByDeath" (id=spMEkRl42onhFHdF_u42e0T03x2sj347kUc600NXdGA= pos=<5672.738281, 28.444790, 5395.100586>) covered vehicle "Gelenvagen_carbon" (GlobalID=80000000800000008000000080000C09 pos=<5672.537109, 28.719004, 5392.901855>)!
11:04:21.945 [VehicleCarKey] Player "Lou Sassole" (id=ebo0O4yOjYkK486s9SoqLuFc3tRe1vP1S2eE1IJxhV4= pos=<6660.003418, 151.229507, 3421.972656>) used the  ExpansionCarKey to unlock SUV_white (id=34512EBB6044EBDAF3BCE5860C89B268 pos=<6661.673340, 151.612000, 3424.050537>)
11:04:28.710 [VehicleEnter] Player Lou Sassole [uid=ebo0O4yOjYkK486s9SoqLuFc3tRe1vP1S2eE1IJxhV4=] entered vehicle SUV White  (id=34512EBB6044EBDAF3BCE5860C89B268 pos=<6661.673340, 151.611816, 3424.049805>) as driver
11:04:31.609 [VehicleEngine] Player Lou Sassole [uid=ebo0O4yOjYkK486s9SoqLuFc3tRe1vP1S2eE1IJxhV4=] started vehicle SUV White  (id=34512EBB6044EBDAF3BCE5860C89B268 pos=<6661.674316, 151.612061, 3424.050781>)
11:06:51.765 [Safezone] Player "[ADMIN]DrKilledByDeath" (id=spMEkRl42onhFHdF_u42e0T03x2sj347kUc600NXdGA= pos=<5808.419434, 5.262246, 4520.215332>) Left the safezone
11:07:41.648 [AdminTools] Player "[ADMIN]DrKilledByDeath" (id=spMEkRl42onhFHdF_u42e0T03x2sj347kUc600NXdGA= pos=<5805.741699, 5.326599, 4523.870117>) used the  ExpansionCarAdminKey to unlock ExpansionMh6_Wasp (id=629AD1CFA54BC61756156891CAE10EFE pos=<5808.508301, 6.567955, 4523.434570>)
11:08:06.140 [VehicleEnter] Player [ADMIN]DrKilledByDeath [uid=spMEkRl42onhFHdF_u42e0T03x2sj347kUc600NXdGA=] entered vehicle Mh-6 Little Bird (id=629AD1CFA54BC61756156891CAE10EFE pos=<5808.508301, 6.567800, 4523.435059>) as pilot
11:08:43.578 [VehicleLeave] Player [ADMIN]DrKilledByDeath [uid=spMEkRl42onhFHdF_u42e0T03x2sj347kUc600NXdGA=] left vehicle Mh-6 Little Bird (id=629AD1CFA54BC61756156891CAE10EFE pos=<5808.567383, 5.288317, 4523.473633>)
11:09:05.476 [VehicleEnter] Player [ADMIN]DrKilledByDeath [uid=spMEkRl42onhFHdF_u42e0T03x2sj347kUc600NXdGA=] entered vehicle Mh-6 Little Bird (id=629AD1CFA54BC61756156891CAE10EFE pos=<5808.954590, 5.285839, 4523.009766>) as pilot
11:09:10.644 [VehicleLeave] Player [ADMIN]DrKilledByDeath [uid=spMEkRl42onhFHdF_u42e0T03x2sj347kUc600NXdGA=] left vehicle Mh-6 Little Bird (id=629AD1CFA54BC61756156891CAE10EFE pos=<5808.954590, 5.285794, 4523.008789>)
11:09:20.835 [VehicleDeleted] ExpansionMh6_Wasp (id=629AD1CFA54BC61756156891CAE10EFE pos=<5808.954102, 5.285878, 4523.007324>)
11:09:42.289 [Safezone] Player "[ADMIN]DrKilledByDeath" (id=spMEkRl42onhFHdF_u42e0T03x2sj347kUc600NXdGA= pos=<5615.397949, 28.910000, 5383.838867>) Entered the safezone
11:10:18.906 [AdminTools] Player "[ADMIN]DrKilledByDeath" (id=spMEkRl42onhFHdF_u42e0T03x2sj347kUc600NXdGA= pos=<5606.406738, 28.817314, 5349.317383>) used the  ExpansionCarAdminKey to unlock CivilianSedan_Black (id=083DCBF7AB4264C14788C19BFA093B45 pos=<5603.564453, 28.800589, 5348.185547>)
11:10:54.515 [AdminTools] Player "[ADMIN]DrKilledByDeath" (id=spMEkRl42onhFHdF_u42e0T03x2sj347kUc600NXdGA= pos=<5606.406738, 28.817314, 5349.317383>) used the  ExpansionCarAdminKey to lock CivilianSedan_Black (id=083DCBF7AB4264C14788C19BFA093B45 pos=<5603.564453, 28.800589, 5348.185547>)
11:12:02.261 [Safezone] Player "[ADMIN]DrKilledByDeath" (id=spMEkRl42onhFHdF_u42e0T03x2sj347kUc600NXdGA= pos=<6665.659180, 144.462570, 3406.577881>) Left the safezone
11:12:09.195 [VehicleDeleted] Jeep_Wrangler_red (id=C3B5330041453CB447DD5387F4E636BA pos=<6667.277344, 145.242661, 3408.990967>)
11:12:09.199 [VehicleCover] Player "[ADMIN]DrKilledByDeath" (id=spMEkRl42onhFHdF_u42e0T03x2sj347kUc600NXdGA= pos=<6665.615723, 144.377701, 3406.339111>) covered vehicle "Jeep_Wrangler_red" (GlobalID=8000000080000000800000008000231A pos=<6667.277344, 145.242661, 3408.990967>)!
11:13:00.015 [VehicleDeleted] ROVER (id=058961BB85401161BCF5B79DF98879CB pos=<10142.390625, 52.601444, 5085.783203>)
11:13:00.015 [VehicleCover] Player "[ADMIN]DrKilledByDeath" (id=spMEkRl42onhFHdF_u42e0T03x2sj347kUc600NXdGA= pos=<10144.369141, 52.720276, 5085.862305>) covered vehicle "ROVER" (GlobalID=80000000800000008000000080002E34 pos=<10142.390625, 52.601444, 5085.783203>)!
11:13:42.289 [VehicleDeleted] MUSTANG_red (id=869D3508D044A31DA70479B718A2CDAF pos=<7193.096191, 60.862675, 5889.782715>)
11:13:42.289 [VehicleCover] Player "[ADMIN]DrKilledByDeath" (id=spMEkRl42onhFHdF_u42e0T03x2sj347kUc600NXdGA= pos=<7191.447754, 60.806736, 5892.850586>) covered vehicle "MUSTANG_red" (GlobalID=80000000800000008000000080000A74 pos=<7193.096191, 60.862675, 5889.782715>)!
11:14:02.230 [VehicleDeleted] Velociraptor6x6_blue (id=D5023968BD407389E41712965E6EF333 pos=<7188.682129, 60.908783, 5888.812988>)
11:14:02.230 [VehicleCover] Player "[ADMIN]DrKilledByDeath" (id=spMEkRl42onhFHdF_u42e0T03x2sj347kUc600NXdGA= pos=<7190.286133, 60.837872, 5891.178711>) covered vehicle "Velociraptor6x6_blue" (GlobalID=80000000800000008000000080000BAD pos=<7188.682129, 60.908783, 5888.812988>)!
11:14:42.265 [VehicleDeleted] MBw140_blue (id=E7099D63924DB7BE8158E4BD5FE7384B pos=<4246.903809, 20.627172, 7282.467773>)
11:14:42.265 [VehicleCover] Player "[ADMIN]DrKilledByDeath" (id=spMEkRl42onhFHdF_u42e0T03x2sj347kUc600NXdGA= pos=<4243.170898, 20.607613, 7282.845703>) covered vehicle "MBw140_blue" (GlobalID=80000000800000008000000080001545 pos=<4246.903809, 20.627172, 7282.467773>)!
11:14:55.226 [VehicleDeleted] PAZ (id=AE769E39BA4C4D358D60778141292060 pos=<4254.076172, 20.452150, 7294.267578>)
11:14:55.226 [VehicleCover] Player "[ADMIN]DrKilledByDeath" (id=spMEkRl42onhFHdF_u42e0T03x2sj347kUc600NXdGA= pos=<4253.377930, 20.607615, 7292.073242>) covered vehicle "PAZ" (GlobalID=80000000800000008000000080001548 pos=<4254.076172, 20.452150, 7294.267578>)!
11:24:40.765 [Safezone] Player "[Admin] Bunker" (id=mBNlxASsPlOcry0dpDl8K-WgHNR5WMCMmoJ9NhpU4FY= pos=<5649.786133, 29.502888, 5404.726074>) Entered the safezone
11:25:31.695 [AI Patrol] Spawning 3 Paris Island Patrol bots at <3148.789063, 22.450001, 4234.950684>
11:27:54.906 [AI Patrol] Spawning 1 Shamans bots at <4287.446777, 10.764338, 2177.104736>
11:29:11.882 [VehicleLeave] Player Lou Sassole [uid=ebo0O4yOjYkK486s9SoqLuFc3tRe1vP1S2eE1IJxhV4=] left vehicle SUV White  (id=34512EBB6044EBDAF3BCE5860C89B268 pos=<4515.026367, 12.510525, 2215.328857>)
11:29:48.695 [VehicleEnter] Player Lou Sassole [uid=ebo0O4yOjYkK486s9SoqLuFc3tRe1vP1S2eE1IJxhV4=] entered vehicle SUV White  (id=34512EBB6044EBDAF3BCE5860C89B268 pos=<4515.029297, 12.510431, 2215.331055>) as driver
11:31:29.679 [VehicleLeave] Player Lou Sassole [uid=ebo0O4yOjYkK486s9SoqLuFc3tRe1vP1S2eE1IJxhV4=] left vehicle SUV White  (id=34512EBB6044EBDAF3BCE5860C89B268 pos=<4354.223633, 10.766628, 2180.368896>)
11:31:59.726 [Safezone] Player "[ADMIN]DrKilledByDeath" (id=spMEkRl42onhFHdF_u42e0T03x2sj347kUc600NXdGA= pos=<5631.299316, 28.709999, 5403.421875>) Entered the safezone
11:34:45.750 [VehicleEnter] Player Lou Sassole [uid=ebo0O4yOjYkK486s9SoqLuFc3tRe1vP1S2eE1IJxhV4=] entered vehicle SUV White  (id=34512EBB6044EBDAF3BCE5860C89B268 pos=<4354.250977, 10.670570, 2181.201904>) as driver
11:34:48.195 [VehicleEngine] Player Lou Sassole [uid=ebo0O4yOjYkK486s9SoqLuFc3tRe1vP1S2eE1IJxhV4=] started vehicle SUV White  (id=34512EBB6044EBDAF3BCE5860C89B268 pos=<4354.251465, 10.671947, 2181.189941>)
11:42:21.976 [VehicleLeave] Player Lou Sassole [uid=ebo0O4yOjYkK486s9SoqLuFc3tRe1vP1S2eE1IJxhV4=] left vehicle SUV White  (id=34512EBB6044EBDAF3BCE5860C89B268 pos=<6674.780273, 148.737076, 3422.027588>)
11:43:29.867 [VehicleCarKey] Player "Lou Sassole" (id=ebo0O4yOjYkK486s9SoqLuFc3tRe1vP1S2eE1IJxhV4= pos=<6675.338379, 149.057724, 3423.088135>) used the  ExpansionCarKey to lock SUV_white (id=34512EBB6044EBDAF3BCE5860C89B268 pos=<6674.802734, 148.733276, 3422.032471>)
