12:00:36.601 [VehicleDeleted] ChevroletCorvette (id=4E35D4ECAC4044CE172E11B1EFB89C2C pos=<0.001472, 0.502685, -0.010375>)
12:00:36.628 [VehicleDeleted] BMW_lightgreen (id=CCEE9FE024481FA6618294A837661551 pos=<0.001587, 0.449702, 0.046779>)
12:00:36.636 [VehicleDeleted] UAZ_3909_beige (id=6CC218F3F8471EE6F4B5AA82964357B3 pos=<-0.008621, 0.698558, -0.207773>)
12:02:27.886 [Party] Player "zXGoovis_AndachairXz" (id=-r2araXommLNgd2kLCOg5MUhQUGYZRsIrQF--_XcIVE=) joinded the party "zXNoRagRetSXz" (id=4 ownerUID=-r2araXommLNgd2kLCOg5MUhQUGYZRsIrQF--_XcIVE= ownerName=zXGoovis_AndachairXz)
12:02:29.628 [Safezone] Player "GalaxyPanda" (id=Pk9FmI0iGIJV90L0o-uI7ivHc45DZnNcAVX3v1GVD5Y= pos=<5545.043457, 37.134773, 5336.539551>) Entered the safezone
12:02:29.632 [Party] Player "GalaxyPanda" (id=Pk9FmI0iGIJV90L0o-uI7ivHc45DZnNcAVX3v1GVD5Y=) joinded the party "STAG" (id=7 ownerUID=Pk9FmI0iGIJV90L0o-uI7ivHc45DZnNcAVX3v1GVD5Y= ownerName=GalaxyPanda)
12:02:39.796 [VehicleCarKey] Player "zXGoovis_AndachairXz" (id=-r2araXommLNgd2kLCOg5MUhQUGYZRsIrQF--_XcIVE= pos=<5643.900879, 15.012824, 5718.278320>) used the  ExpansionCarKey to unlock MBw140_black (id=F34636F13E42781275A7ADB20363499B pos=<5645.954102, 15.022324, 5716.584473>)
12:02:42.062 [AI Patrol] Spawning 3 Temple Patrol bots at <412.783081, 48.908298, 700.910706>
12:02:42.156 [AI Patrol] Spawning 3 Temple Patrol bots at <332.319214, 47.070000, 813.333496>
12:02:42.171 [AI Patrol] Spawning 3 Temple Patrol bots at <334.217224, 47.070000, 805.314026>
12:02:43.761 [VehicleEnter] Player zXGoovis_AndachairXz [uid=-r2araXommLNgd2kLCOg5MUhQUGYZRsIrQF--_XcIVE=] entered vehicle Mercedes-Benz W140 Black (id=F34636F13E42781275A7ADB20363499B pos=<5645.955078, 15.022323, 5716.583984>) as driver
12:02:44.175 [Safezone] Player "[Admin] Bunker" (id=mBNlxASsPlOcry0dpDl8K-WgHNR5WMCMmoJ9NhpU4FY= pos=<5648.303711, 28.722498, 5403.469727>) Entered the safezone
12:02:47.187 [VehicleEngine] Player zXGoovis_AndachairXz [uid=-r2araXommLNgd2kLCOg5MUhQUGYZRsIrQF--_XcIVE=] started vehicle Mercedes-Benz W140 Black (id=F34636F13E42781275A7ADB20363499B pos=<5645.954590, 15.022328, 5716.584961>)
12:03:28.609 [VehicleCarKey] Player "Alaric" (id=sZJ432ovDQIgWd8wMve4ae1CuexC2jM_6lmUd51b4VQ= pos=<5727.310059, 1.653782, 7701.112305>) used the  ExpansionCarKey to unlock Truck_01_Covered_Yellow (id=B84C7B8D7947A670B4E53FB881365B2D pos=<5726.579590, 1.666607, 7699.232422>)
12:03:34.070 [VehicleEnter] Player Alaric [uid=sZJ432ovDQIgWd8wMve4ae1CuexC2jM_6lmUd51b4VQ=] entered vehicle M3S Covered (id=B84C7B8D7947A670B4E53FB881365B2D pos=<5726.579590, 1.666608, 7699.232422>) as driver
12:03:36.937 [VehicleEngine] Player Alaric [uid=sZJ432ovDQIgWd8wMve4ae1CuexC2jM_6lmUd51b4VQ=] started vehicle M3S Covered (id=B84C7B8D7947A670B4E53FB881365B2D pos=<5726.579590, 1.666581, 7699.232422>)
12:03:49.585 [Market] Player "GalaxyPanda" (id=Pk9FmI0iGIJV90L0o-uI7ivHc45DZnNcAVX3v1GVD5Y=) has send a requested to sell twp_glock18wolf x1 at the trader "Weapons (Oliver [#STR_EXPANSION_MARKET_TRADER_WEAPONS])" in market zone "The Holler" (pos=<5632.000000, 32.000000, 5392.000000>).
12:03:49.671 [Market] Player "GalaxyPanda" (id=Pk9FmI0iGIJV90L0o-uI7ivHc45DZnNcAVX3v1GVD5Y=) has sold twp_glock18wolf x1 at the trader "Weapons (Oliver [#STR_EXPANSION_MARKET_TRADER_WEAPONS])" in market zone "The Holler" (pos=<5632.000000, 32.000000, 5392.000000>) and got 131.
12:03:50.769 [AI Patrol] Spawning 3 Power Plant Patrol bots at <4843.573242, 12.387211, 7159.406738>
12:03:53.382 [Market] Player "GalaxyPanda" (id=Pk9FmI0iGIJV90L0o-uI7ivHc45DZnNcAVX3v1GVD5Y=) has send a requested to sell ammo_12gaslug x1 at the trader "Weapons (Oliver [#STR_EXPANSION_MARKET_TRADER_WEAPONS])" in market zone "The Holler" (pos=<5632.000000, 32.000000, 5392.000000>).
12:03:53.464 [Market] Player "GalaxyPanda" (id=Pk9FmI0iGIJV90L0o-uI7ivHc45DZnNcAVX3v1GVD5Y=) has sold ammo_12gaslug x1 at the trader "Weapons (Oliver [#STR_EXPANSION_MARKET_TRADER_WEAPONS])" in market zone "The Holler" (pos=<5632.000000, 32.000000, 5392.000000>) and got 3.
12:03:53.730 [Market] Player "GalaxyPanda" (id=Pk9FmI0iGIJV90L0o-uI7ivHc45DZnNcAVX3v1GVD5Y=) has send a requested to sell ammo_12gaslug x1 at the trader "Weapons (Oliver [#STR_EXPANSION_MARKET_TRADER_WEAPONS])" in market zone "The Holler" (pos=<5632.000000, 32.000000, 5392.000000>).
12:03:53.832 [Market] Player "GalaxyPanda" (id=Pk9FmI0iGIJV90L0o-uI7ivHc45DZnNcAVX3v1GVD5Y=) has sold ammo_12gaslug x1 at the trader "Weapons (Oliver [#STR_EXPANSION_MARKET_TRADER_WEAPONS])" in market zone "The Holler" (pos=<5632.000000, 32.000000, 5392.000000>) and got 3.
12:03:54.039 [Market] Player "GalaxyPanda" (id=Pk9FmI0iGIJV90L0o-uI7ivHc45DZnNcAVX3v1GVD5Y=) has send a requested to sell ammo_12gaslug x1 at the trader "Weapons (Oliver [#STR_EXPANSION_MARKET_TRADER_WEAPONS])" in market zone "The Holler" (pos=<5632.000000, 32.000000, 5392.000000>).
12:03:54.121 [Market] Player "GalaxyPanda" (id=Pk9FmI0iGIJV90L0o-uI7ivHc45DZnNcAVX3v1GVD5Y=) has sold ammo_12gaslug x1 at the trader "Weapons (Oliver [#STR_EXPANSION_MARKET_TRADER_WEAPONS])" in market zone "The Holler" (pos=<5632.000000, 32.000000, 5392.000000>) and got 3.
12:03:54.292 [Market] Player "GalaxyPanda" (id=Pk9FmI0iGIJV90L0o-uI7ivHc45DZnNcAVX3v1GVD5Y=) has send a requested to sell ammo_12gaslug x1 at the trader "Weapons (Oliver [#STR_EXPANSION_MARKET_TRADER_WEAPONS])" in market zone "The Holler" (pos=<5632.000000, 32.000000, 5392.000000>).
12:03:54.371 [Market] Player "GalaxyPanda" (id=Pk9FmI0iGIJV90L0o-uI7ivHc45DZnNcAVX3v1GVD5Y=) has sold ammo_12gaslug x1 at the trader "Weapons (Oliver [#STR_EXPANSION_MARKET_TRADER_WEAPONS])" in market zone "The Holler" (pos=<5632.000000, 32.000000, 5392.000000>) and got 3.
12:03:54.507 [Market] Player "GalaxyPanda" (id=Pk9FmI0iGIJV90L0o-uI7ivHc45DZnNcAVX3v1GVD5Y=) has send a requested to sell ammo_12gaslug x1 at the trader "Weapons (Oliver [#STR_EXPANSION_MARKET_TRADER_WEAPONS])" in market zone "The Holler" (pos=<5632.000000, 32.000000, 5392.000000>).
12:03:54.617 [Market] Player "GalaxyPanda" (id=Pk9FmI0iGIJV90L0o-uI7ivHc45DZnNcAVX3v1GVD5Y=) has sold ammo_12gaslug x1 at the trader "Weapons (Oliver [#STR_EXPANSION_MARKET_TRADER_WEAPONS])" in market zone "The Holler" (pos=<5632.000000, 32.000000, 5392.000000>) and got 3.
12:03:54.742 [Market] Player "GalaxyPanda" (id=Pk9FmI0iGIJV90L0o-uI7ivHc45DZnNcAVX3v1GVD5Y=) has send a requested to sell ammo_12gaslug x1 at the trader "Weapons (Oliver [#STR_EXPANSION_MARKET_TRADER_WEAPONS])" in market zone "The Holler" (pos=<5632.000000, 32.000000, 5392.000000>).
12:03:54.828 [Market] Player "GalaxyPanda" (id=Pk9FmI0iGIJV90L0o-uI7ivHc45DZnNcAVX3v1GVD5Y=) has sold ammo_12gaslug x1 at the trader "Weapons (Oliver [#STR_EXPANSION_MARKET_TRADER_WEAPONS])" in market zone "The Holler" (pos=<5632.000000, 32.000000, 5392.000000>) and got 3.
12:03:54.984 [Market] Player "GalaxyPanda" (id=Pk9FmI0iGIJV90L0o-uI7ivHc45DZnNcAVX3v1GVD5Y=) has send a requested to sell ammo_12gaslug x1 at the trader "Weapons (Oliver [#STR_EXPANSION_MARKET_TRADER_WEAPONS])" in market zone "The Holler" (pos=<5632.000000, 32.000000, 5392.000000>).
12:03:55.066 [Market] Player "GalaxyPanda" (id=Pk9FmI0iGIJV90L0o-uI7ivHc45DZnNcAVX3v1GVD5Y=) has sold ammo_12gaslug x1 at the trader "Weapons (Oliver [#STR_EXPANSION_MARKET_TRADER_WEAPONS])" in market zone "The Holler" (pos=<5632.000000, 32.000000, 5392.000000>) and got 3.
12:03:55.484 [Market] Player "GalaxyPanda" (id=Pk9FmI0iGIJV90L0o-uI7ivHc45DZnNcAVX3v1GVD5Y=) has send a requested to sell ammo_556x45 x1 at the trader "Weapons (Oliver [#STR_EXPANSION_MARKET_TRADER_WEAPONS])" in market zone "The Holler" (pos=<5632.000000, 32.000000, 5392.000000>).
12:03:55.550 [Market] Player "GalaxyPanda" (id=Pk9FmI0iGIJV90L0o-uI7ivHc45DZnNcAVX3v1GVD5Y=) has sold ammo_556x45 x1 at the trader "Weapons (Oliver [#STR_EXPANSION_MARKET_TRADER_WEAPONS])" in market zone "The Holler" (pos=<5632.000000, 32.000000, 5392.000000>) and got 1.
12:05:23.449 [Market] Player "GalaxyPanda" (id=Pk9FmI0iGIJV90L0o-uI7ivHc45DZnNcAVX3v1GVD5Y=) has send a requested to sell hammer x1 at the trader "BuildingSupplies (Indar [Building Trader])" in market zone "The Holler" (pos=<5632.000000, 32.000000, 5392.000000>).
12:05:23.535 [Market] Player "GalaxyPanda" (id=Pk9FmI0iGIJV90L0o-uI7ivHc45DZnNcAVX3v1GVD5Y=) has sold hammer x1 at the trader "BuildingSupplies (Indar [Building Trader])" in market zone "The Holler" (pos=<5632.000000, 32.000000, 5392.000000>) and got 5.
12:05:24.167 [Market] Player "GalaxyPanda" (id=Pk9FmI0iGIJV90L0o-uI7ivHc45DZnNcAVX3v1GVD5Y=) has send a requested to sell hammer x1 at the trader "BuildingSupplies (Indar [Building Trader])" in market zone "The Holler" (pos=<5632.000000, 32.000000, 5392.000000>).
12:05:24.253 [Market] Player "GalaxyPanda" (id=Pk9FmI0iGIJV90L0o-uI7ivHc45DZnNcAVX3v1GVD5Y=) has sold hammer x1 at the trader "BuildingSupplies (Indar [Building Trader])" in market zone "The Holler" (pos=<5632.000000, 32.000000, 5392.000000>) and got 5.
12:05:33.316 [ATM] Player "GalaxyPanda" (id=Pk9FmI0iGIJV90L0o-uI7ivHc45DZnNcAVX3v1GVD5Y=) has deposited 169 on his ATM account.
12:06:04.996 [VehicleEngine] Player Alaric [uid=sZJ432ovDQIgWd8wMve4ae1CuexC2jM_6lmUd51b4VQ=] stopped vehicle M3S Covered (id=B84C7B8D7947A670B4E53FB881365B2D pos=<5918.040039, 5.442041, 8411.308594>)
12:06:08.878 [VehicleLeave] Player Alaric [uid=sZJ432ovDQIgWd8wMve4ae1CuexC2jM_6lmUd51b4VQ=] left vehicle M3S Covered (id=B84C7B8D7947A670B4E53FB881365B2D pos=<5918.040039, 5.442062, 8411.308594>)
12:06:22.765 [VehicleLeave] Player zXGoovis_AndachairXz [uid=-r2araXommLNgd2kLCOg5MUhQUGYZRsIrQF--_XcIVE=] left vehicle Mercedes-Benz W140 Black (id=F34636F13E42781275A7ADB20363499B pos=<2866.316895, 5.494913, 6196.893555>)
12:06:27.046 [Party] Player "GalaxyPanda" (id=Pk9FmI0iGIJV90L0o-uI7ivHc45DZnNcAVX3v1GVD5Y=) left the party "STAG" (id=7 ownerUID=Pk9FmI0iGIJV90L0o-uI7ivHc45DZnNcAVX3v1GVD5Y= ownerName=GalaxyPanda)
12:06:34.675 [VehicleCarKey] Player "zXGoovis_AndachairXz" (id=-r2araXommLNgd2kLCOg5MUhQUGYZRsIrQF--_XcIVE= pos=<2867.962158, 5.595969, 6198.748047>) used the  ExpansionCarKey to lock MBw140_black (id=F34636F13E42781275A7ADB20363499B pos=<2866.317383, 5.494831, 6196.892090>)
12:06:39.039 [VehicleDeleted] MBw140_black (id=A126C9CBDE4F02ADBC1E1C8092F726D2 pos=<-0.000513, 0.353005, 0.100594>)
12:06:39.046 [VehicleDeleted] MBw140_black (id=F34636F13E42781275A7ADB20363499B pos=<2866.317383, 5.494831, 6196.892090>)
12:06:39.046 [VirtualGarage] Player "zXGoovis_AndachairXz" (id=-r2araXommLNgd2kLCOg5MUhQUGYZRsIrQF--_XcIVE= pos=<2866.061523, 5.564779, 6198.688477>) stored a vehicle "MBw140_black" (GlobalID=80000000800000008000000080004FCC pos=<2866.317383, 5.494831, 6196.892090>)
12:12:20.636 [AI Patrol] Spawning 1 Shamans bots at <4413.118164, 12.047050, 4136.562988>
12:14:05.804 [Party] Player "zXGoovis_AndachairXz" (id=-r2araXommLNgd2kLCOg5MUhQUGYZRsIrQF--_XcIVE=) left the party "zXNoRagRetSXz" (id=4 ownerUID=-r2araXommLNgd2kLCOg5MUhQUGYZRsIrQF--_XcIVE= ownerName=zXGoovis_AndachairXz)
12:17:33.132 [MissionAirdrop] An airdrop is heading towards "Stonington" (pos=<6973.000000, 0.000000, 1701.000000> type=Random_Stonington) with a ExpansionAirdropContainer
12:25:01.117 [Safezone] Player "GalaxyPanda" (id=Pk9FmI0iGIJV90L0o-uI7ivHc45DZnNcAVX3v1GVD5Y= pos=<5645.442383, 28.722486, 5403.734863>) Entered the safezone
12:25:01.117 [Party] Player "GalaxyPanda" (id=Pk9FmI0iGIJV90L0o-uI7ivHc45DZnNcAVX3v1GVD5Y=) joinded the party "STAG" (id=7 ownerUID=Pk9FmI0iGIJV90L0o-uI7ivHc45DZnNcAVX3v1GVD5Y= ownerName=GalaxyPanda)
12:27:51.851 [VehicleCover] Player "GalaxyPanda" (id=Pk9FmI0iGIJV90L0o-uI7ivHc45DZnNcAVX3v1GVD5Y= pos=<5622.380859, 28.722498, 5381.623047>) uncovered vehicle "Jeep_Wrangler_red" (GlobalID=8000000080000000800000008000231A pos=<5619.911133, 28.862059, 5381.948730>)!
12:27:59.945 [VehicleCarKey] Player "GalaxyPanda" (id=Pk9FmI0iGIJV90L0o-uI7ivHc45DZnNcAVX3v1GVD5Y= pos=<5619.094727, 28.722475, 5380.200195>) used the  ExpansionCarKey to unlock Jeep_Wrangler_red (id=CBDAD2BFCA471DAA19684DAFBFA0B6FF pos=<5619.913086, 28.862061, 5381.946777>)
12:28:04.781 [VehicleEnter] Player GalaxyPanda [uid=Pk9FmI0iGIJV90L0o-uI7ivHc45DZnNcAVX3v1GVD5Y=] entered vehicle Jeep Wrangler Red (id=CBDAD2BFCA471DAA19684DAFBFA0B6FF pos=<5619.913086, 28.862061, 5381.946777>) as driver
12:28:07.359 [VehicleEngine] Player GalaxyPanda [uid=Pk9FmI0iGIJV90L0o-uI7ivHc45DZnNcAVX3v1GVD5Y=] started vehicle Jeep Wrangler Red (id=CBDAD2BFCA471DAA19684DAFBFA0B6FF pos=<5619.913086, 28.862061, 5381.946777>)
12:28:36.078 [Safezone] Player "GalaxyPanda" (id=Pk9FmI0iGIJV90L0o-uI7ivHc45DZnNcAVX3v1GVD5Y= pos=<5712.917969, 20.816254, 5135.856934>) Left the safezone
12:33:20.589 [AI Patrol] Spawning 3 Prison Island Patrol bots at <5312.434570, 34.518536, 680.218018>
12:33:35.500 [VehicleLeave] Player GalaxyPanda [uid=Pk9FmI0iGIJV90L0o-uI7ivHc45DZnNcAVX3v1GVD5Y=] left vehicle Jeep Wrangler Red (id=CBDAD2BFCA471DAA19684DAFBFA0B6FF pos=<5365.176270, 67.436707, 1575.120850>)
12:33:41.375 [VehicleEnter] Player GalaxyPanda [uid=Pk9FmI0iGIJV90L0o-uI7ivHc45DZnNcAVX3v1GVD5Y=] entered vehicle Jeep Wrangler Red (id=CBDAD2BFCA471DAA19684DAFBFA0B6FF pos=<5365.176270, 67.436707, 1575.120972>) as driver
12:33:55.613 [VehicleLeave] Player GalaxyPanda [uid=Pk9FmI0iGIJV90L0o-uI7ivHc45DZnNcAVX3v1GVD5Y=] left vehicle Jeep Wrangler Red (id=CBDAD2BFCA471DAA19684DAFBFA0B6FF pos=<5399.455566, 66.637505, 1578.438477>)
12:38:05.605 [VehicleEnter] Player GalaxyPanda [uid=Pk9FmI0iGIJV90L0o-uI7ivHc45DZnNcAVX3v1GVD5Y=] entered vehicle Jeep Wrangler Red (id=CBDAD2BFCA471DAA19684DAFBFA0B6FF pos=<5399.455566, 66.637505, 1578.438599>) as driver
12:38:07.031 [VehicleEngine] Player GalaxyPanda [uid=Pk9FmI0iGIJV90L0o-uI7ivHc45DZnNcAVX3v1GVD5Y=] started vehicle Jeep Wrangler Red (id=CBDAD2BFCA471DAA19684DAFBFA0B6FF pos=<5399.455566, 66.637497, 1578.438477>)
12:46:41.507 [VehicleLeave] Player GalaxyPanda [uid=Pk9FmI0iGIJV90L0o-uI7ivHc45DZnNcAVX3v1GVD5Y=] left vehicle Jeep Wrangler Red (id=CBDAD2BFCA471DAA19684DAFBFA0B6FF pos=<7183.275391, 8.421978, 1578.739990>)
12:46:55.679 [VehicleEnter] Player GalaxyPanda [uid=Pk9FmI0iGIJV90L0o-uI7ivHc45DZnNcAVX3v1GVD5Y=] entered vehicle Jeep Wrangler Red (id=CBDAD2BFCA471DAA19684DAFBFA0B6FF pos=<7183.275391, 8.421981, 1578.740234>) as driver
12:47:22.996 [VehicleEngine] Player GalaxyPanda [uid=Pk9FmI0iGIJV90L0o-uI7ivHc45DZnNcAVX3v1GVD5Y=] started vehicle Jeep Wrangler Red (id=CBDAD2BFCA471DAA19684DAFBFA0B6FF pos=<7183.275391, 8.421979, 1578.739868>)
12:50:34.800 [AI Patrol] Spawning 3 Camp Eagle Patrol bots at <8789.502930, 46.531555, 3691.780029>
12:57:01.281 [VehicleEnter] Player Alaric [uid=sZJ432ovDQIgWd8wMve4ae1CuexC2jM_6lmUd51b4VQ=] entered vehicle M3S Covered (id=B84C7B8D7947A670B4E53FB881365B2D pos=<5918.040039, 5.442052, 8411.308594>) as driver
12:57:08.828 [VehicleEngine] Player Alaric [uid=sZJ432ovDQIgWd8wMve4ae1CuexC2jM_6lmUd51b4VQ=] started vehicle M3S Covered (id=B84C7B8D7947A670B4E53FB881365B2D pos=<5918.040039, 5.442083, 8411.308594>)
12:58:00.484 [VehicleEngine] Player Alaric [uid=sZJ432ovDQIgWd8wMve4ae1CuexC2jM_6lmUd51b4VQ=] stopped vehicle M3S Covered (id=B84C7B8D7947A670B4E53FB881365B2D pos=<5896.855469, 5.231643, 8372.524414>)
12:58:02.242 [VehicleCarKey] Player "Lou Sassole" (id=ebo0O4yOjYkK486s9SoqLuFc3tRe1vP1S2eE1IJxhV4= pos=<6670.371582, 146.546402, 3413.997559>) used the  ExpansionCarKey to unlock SUV_white (id=5C402AB07846235972D213B8F7ABFA4F pos=<6666.776855, 145.882431, 3410.755127>)
12:58:03.984 [VehicleLeave] Player Alaric [uid=sZJ432ovDQIgWd8wMve4ae1CuexC2jM_6lmUd51b4VQ=] left vehicle M3S Covered (id=B84C7B8D7947A670B4E53FB881365B2D pos=<5896.855469, 5.231606, 8372.524414>)
12:58:09.175 [VehicleCarKey] Player "Alaric" (id=sZJ432ovDQIgWd8wMve4ae1CuexC2jM_6lmUd51b4VQ= pos=<5898.663574, 5.231040, 8373.932617>) used the  ExpansionCarKey to lock Truck_01_Covered_Yellow (id=B84C7B8D7947A670B4E53FB881365B2D pos=<5896.855469, 5.231607, 8372.524414>)
12:58:55.203 [VehicleCarKey] Player "Lou Sassole" (id=ebo0O4yOjYkK486s9SoqLuFc3tRe1vP1S2eE1IJxhV4= pos=<6670.341309, 146.548431, 3413.988037>) used the  ExpansionCarKey to lock SUV_white (id=5C402AB07846235972D213B8F7ABFA4F pos=<6666.776855, 145.882431, 3410.755127>)
12:58:56.437 [VehicleCarKey] Player "Lou Sassole" (id=ebo0O4yOjYkK486s9SoqLuFc3tRe1vP1S2eE1IJxhV4= pos=<6670.341309, 146.548431, 3413.988037>) used the  ExpansionCarKey to unlock SUV_white (id=5C402AB07846235972D213B8F7ABFA4F pos=<6666.776855, 145.882431, 3410.755127>)
12:58:59.742 [VehicleCarKey] Player "Lou Sassole" (id=ebo0O4yOjYkK486s9SoqLuFc3tRe1vP1S2eE1IJxhV4= pos=<6671.095703, 146.239349, 3413.590576>) used the  ExpansionCarKey to lock SUV_white (id=5C402AB07846235972D213B8F7ABFA4F pos=<6666.776855, 145.882431, 3410.755127>)
12:59:20.738 [VehicleCarKey] Player "Lou Sassole" (id=ebo0O4yOjYkK486s9SoqLuFc3tRe1vP1S2eE1IJxhV4= pos=<6668.383789, 145.056412, 3409.372559>) used the  ExpansionCarKey to unlock SUV_white (id=5C402AB07846235972D213B8F7ABFA4F pos=<6666.776855, 145.882431, 3410.755127>)
12:59:25.515 [VehicleLeave] Player GalaxyPanda [uid=Pk9FmI0iGIJV90L0o-uI7ivHc45DZnNcAVX3v1GVD5Y=] left vehicle Jeep Wrangler Red (id=CBDAD2BFCA471DAA19684DAFBFA0B6FF pos=<7547.178711, 23.752060, 3934.694824>)
12:59:29.753 [VehicleAttachments] Player GalaxyPanda (uid=Pk9FmI0iGIJV90L0o-uI7ivHc45DZnNcAVX3v1GVD5Y=) detached Jerrycan (type=CanisterGasoline) from vehicle Jeep Wrangler Red(id=CBDAD2BFCA471DAA19684DAFBFA0B6FF pos=<7547.178711, 23.752060, 3934.694580>)
12:59:55.804 [VehicleEnter] Player Lou Sassole [uid=ebo0O4yOjYkK486s9SoqLuFc3tRe1vP1S2eE1IJxhV4=] entered vehicle SUV White  (id=5C402AB07846235972D213B8F7ABFA4F pos=<6666.777832, 145.882416, 3410.755371>) as driver
12:59:58.734 [VehicleEngine] Player Lou Sassole [uid=ebo0O4yOjYkK486s9SoqLuFc3tRe1vP1S2eE1IJxhV4=] started vehicle SUV White  (id=5C402AB07846235972D213B8F7ABFA4F pos=<6666.777344, 145.882690, 3410.755615>)
13:00:30.316 [VehicleEnter] Player GalaxyPanda [uid=Pk9FmI0iGIJV90L0o-uI7ivHc45DZnNcAVX3v1GVD5Y=] entered vehicle Jeep Wrangler Red (id=CBDAD2BFCA471DAA19684DAFBFA0B6FF pos=<7547.178711, 23.752060, 3934.694824>) as driver
13:00:31.851 [VehicleEngine] Player GalaxyPanda [uid=Pk9FmI0iGIJV90L0o-uI7ivHc45DZnNcAVX3v1GVD5Y=] started vehicle Jeep Wrangler Red (id=CBDAD2BFCA471DAA19684DAFBFA0B6FF pos=<7547.178711, 23.752060, 3934.694824>)
13:03:38.695 [VehicleEngine] Player GalaxyPanda [uid=Pk9FmI0iGIJV90L0o-uI7ivHc45DZnNcAVX3v1GVD5Y=] stopped vehicle Jeep Wrangler Red (id=CBDAD2BFCA471DAA19684DAFBFA0B6FF pos=<10307.390625, 2.139919, 5585.408203>)
13:03:42.089 [VehicleLeave] Player GalaxyPanda [uid=Pk9FmI0iGIJV90L0o-uI7ivHc45DZnNcAVX3v1GVD5Y=] left vehicle Jeep Wrangler Red (id=CBDAD2BFCA471DAA19684DAFBFA0B6FF pos=<10307.390625, 2.139915, 5585.408203>)
13:05:21.484 [VehicleCarKey] Player "GalaxyPanda" (id=Pk9FmI0iGIJV90L0o-uI7ivHc45DZnNcAVX3v1GVD5Y= pos=<10308.399414, 2.180849, 5583.103027>) used the  ExpansionCarKey to lock Jeep_Wrangler_red (id=CBDAD2BFCA471DAA19684DAFBFA0B6FF pos=<10307.390625, 2.139917, 5585.408203>)
13:05:33.488 [VehicleDeleted] Jeep_Wrangler_red (id=CBDAD2BFCA471DAA19684DAFBFA0B6FF pos=<10307.390625, 2.139917, 5585.408203>)
13:05:33.488 [VehicleCover] Player "GalaxyPanda" (id=Pk9FmI0iGIJV90L0o-uI7ivHc45DZnNcAVX3v1GVD5Y= pos=<10308.399414, 2.180849, 5583.103027>) covered vehicle "Jeep_Wrangler_red" (GlobalID=8000000080000000800000008000231A pos=<10307.390625, 2.139917, 5585.408203>)!
13:05:55.222 [VehicleLeave] Player Lou Sassole [uid=ebo0O4yOjYkK486s9SoqLuFc3tRe1vP1S2eE1IJxhV4=] left vehicle SUV White  (id=5C402AB07846235972D213B8F7ABFA4F pos=<5951.636719, 37.266541, 5217.713379>)
13:06:02.402 [Safezone] Player "GalaxyPanda" (id=Pk9FmI0iGIJV90L0o-uI7ivHc45DZnNcAVX3v1GVD5Y= pos=<10313.091797, 1.464062, 5629.360840>) Entered the safezone
13:06:21.890 [VehicleEnter] Player Lou Sassole [uid=ebo0O4yOjYkK486s9SoqLuFc3tRe1vP1S2eE1IJxhV4=] entered vehicle SUV White  (id=5C402AB07846235972D213B8F7ABFA4F pos=<5951.638672, 37.266399, 5217.711426>) as driver
13:06:23.683 [VehicleEngine] Player Lou Sassole [uid=ebo0O4yOjYkK486s9SoqLuFc3tRe1vP1S2eE1IJxhV4=] started vehicle SUV White  (id=5C402AB07846235972D213B8F7ABFA4F pos=<5951.638672, 37.266415, 5217.711426>)
13:06:30.488 [ATM] Player "GalaxyPanda" (id=Pk9FmI0iGIJV90L0o-uI7ivHc45DZnNcAVX3v1GVD5Y=) has withdrawn 22240 from his ATM account.
13:06:35.988 [Market] Player "GalaxyPanda" (id=Pk9FmI0iGIJV90L0o-uI7ivHc45DZnNcAVX3v1GVD5Y=) has send a requested to purchase expansionutilityboat x1 from the trader "Boats (Rolf [Boat Trader])" in market zone "Fisher Camp Marina" (pos=<10319.200195, 1.455190, 5636.520996>).
13:06:36.066 [VehicleDeleted] ExpansionUtilityBoat (id=DBBFF6A2744A3FCEE90EB598EDE67E31 pos=<0.008784, -0.028863, 0.325953>)
13:06:36.070 [Market] Player "GalaxyPanda" (id=Pk9FmI0iGIJV90L0o-uI7ivHc45DZnNcAVX3v1GVD5Y=) has bought expansionutilityboat x1 from the trader "Boats (Rolf [Boat Trader])" in market zone "Fisher Camp Marina" (pos=<10319.200195, 1.455190, 5636.520996>) for a price of 22240.
13:06:53.394 [Safezone] Player "Lou Sassole" (id=ebo0O4yOjYkK486s9SoqLuFc3tRe1vP1S2eE1IJxhV4= pos=<5661.615234, 33.610626, 5266.673340>) Entered the safezone
13:07:22.710 [VehicleEngine] Player Lou Sassole [uid=ebo0O4yOjYkK486s9SoqLuFc3tRe1vP1S2eE1IJxhV4=] stopped vehicle SUV White  (id=5C402AB07846235972D213B8F7ABFA4F pos=<5632.628418, 28.713482, 5380.019043>)
13:07:26.968 [VehicleLeave] Player Lou Sassole [uid=ebo0O4yOjYkK486s9SoqLuFc3tRe1vP1S2eE1IJxhV4=] left vehicle SUV White  (id=5C402AB07846235972D213B8F7ABFA4F pos=<5632.628906, 28.713484, 5380.018555>)
13:07:34.539 [VehicleCarKey] Player "Lou Sassole" (id=ebo0O4yOjYkK486s9SoqLuFc3tRe1vP1S2eE1IJxhV4= pos=<5634.817871, 28.722498, 5378.674805>) used the  ExpansionCarKey to lock SUV_white (id=5C402AB07846235972D213B8F7ABFA4F pos=<5632.626953, 28.713465, 5380.020508>)
13:08:09.656 [VehicleCarKey] Player "GalaxyPanda" (id=Pk9FmI0iGIJV90L0o-uI7ivHc45DZnNcAVX3v1GVD5Y= pos=<10324.058594, 0.648078, 5639.052246>) used the  ExpansionCarKey to unlock ExpansionUtilityBoat (id=41B28DCEE644A247F54CFAB54803385C pos=<10324.347656, -0.205941, 5639.341797>)
13:08:15.355 [VehicleEnter] Player GalaxyPanda [uid=Pk9FmI0iGIJV90L0o-uI7ivHc45DZnNcAVX3v1GVD5Y=] entered vehicle RHIB (id=41B28DCEE644A247F54CFAB54803385C pos=<10326.568359, 1.426405, 5640.539063>) as driver
13:08:16.281 [Market] Player "Lou Sassole" (id=ebo0O4yOjYkK486s9SoqLuFc3tRe1vP1S2eE1IJxhV4=) has send a requested to sell sks x1 at the trader "Weapons (Oliver [#STR_EXPANSION_MARKET_TRADER_WEAPONS])" in market zone "The Holler" (pos=<5632.000000, 32.000000, 5392.000000>).
13:08:16.386 [Market] Player "Lou Sassole" (id=ebo0O4yOjYkK486s9SoqLuFc3tRe1vP1S2eE1IJxhV4=) has sold sks x1 at the trader "Weapons (Oliver [#STR_EXPANSION_MARKET_TRADER_WEAPONS])" in market zone "The Holler" (pos=<5632.000000, 32.000000, 5392.000000>) and got 1012.
13:08:20.113 [Market] Player "Lou Sassole" (id=ebo0O4yOjYkK486s9SoqLuFc3tRe1vP1S2eE1IJxhV4=) has send a requested to sell winchester70 x1 at the trader "Weapons (Oliver [#STR_EXPANSION_MARKET_TRADER_WEAPONS])" in market zone "The Holler" (pos=<5632.000000, 32.000000, 5392.000000>).
13:08:20.203 [VehicleEngine] Player GalaxyPanda [uid=Pk9FmI0iGIJV90L0o-uI7ivHc45DZnNcAVX3v1GVD5Y=] started vehicle RHIB (id=41B28DCEE644A247F54CFAB54803385C pos=<10324.972656, 0.311387, 5639.152832>)
13:08:20.218 [Market] Player "Lou Sassole" (id=ebo0O4yOjYkK486s9SoqLuFc3tRe1vP1S2eE1IJxhV4=) has sold winchester70 x1 at the trader "Weapons (Oliver [#STR_EXPANSION_MARKET_TRADER_WEAPONS])" in market zone "The Holler" (pos=<5632.000000, 32.000000, 5392.000000>) and got 1125.
13:08:25.691 [Market] Player "Lou Sassole" (id=ebo0O4yOjYkK486s9SoqLuFc3tRe1vP1S2eE1IJxhV4=) has send a requested to sell winchester70 x1 at the trader "Weapons (Oliver [#STR_EXPANSION_MARKET_TRADER_WEAPONS])" in market zone "The Holler" (pos=<5632.000000, 32.000000, 5392.000000>).
13:08:25.820 [Market] Player "Lou Sassole" (id=ebo0O4yOjYkK486s9SoqLuFc3tRe1vP1S2eE1IJxhV4=) has sold winchester70 x1 at the trader "Weapons (Oliver [#STR_EXPANSION_MARKET_TRADER_WEAPONS])" in market zone "The Holler" (pos=<5632.000000, 32.000000, 5392.000000>) and got 1125.
13:08:36.617 [Market] Player "Lou Sassole" (id=ebo0O4yOjYkK486s9SoqLuFc3tRe1vP1S2eE1IJxhV4=) has send a requested to sell ak101 x1 at the trader "Weapons (Oliver [#STR_EXPANSION_MARKET_TRADER_WEAPONS])" in market zone "The Holler" (pos=<5632.000000, 32.000000, 5392.000000>).
13:08:36.714 [Market] Player "Lou Sassole" (id=ebo0O4yOjYkK486s9SoqLuFc3tRe1vP1S2eE1IJxhV4=) has sold ak101 x1 at the trader "Weapons (Oliver [#STR_EXPANSION_MARKET_TRADER_WEAPONS])" in market zone "The Holler" (pos=<5632.000000, 32.000000, 5392.000000>) and got 1350.
13:08:37.734 [VehicleEngine] Player GalaxyPanda [uid=Pk9FmI0iGIJV90L0o-uI7ivHc45DZnNcAVX3v1GVD5Y=] stopped vehicle RHIB (id=41B28DCEE644A247F54CFAB54803385C pos=<10324.973633, 0.331255, 5639.190430>)
13:08:40.718 [VehicleLeave] Player GalaxyPanda [uid=Pk9FmI0iGIJV90L0o-uI7ivHc45DZnNcAVX3v1GVD5Y=] left vehicle RHIB (id=41B28DCEE644A247F54CFAB54803385C pos=<10324.975586, 0.309569, 5639.194824>)
13:08:42.378 [Market] Player "Lou Sassole" (id=ebo0O4yOjYkK486s9SoqLuFc3tRe1vP1S2eE1IJxhV4=) has send a requested to sell mag_fal_20rnd x1 at the trader "Weapons (Oliver [#STR_EXPANSION_MARKET_TRADER_WEAPONS])" in market zone "The Holler" (pos=<5632.000000, 32.000000, 5392.000000>).
13:08:42.460 [Market] Player "Lou Sassole" (id=ebo0O4yOjYkK486s9SoqLuFc3tRe1vP1S2eE1IJxhV4=) has sold mag_fal_20rnd x1 at the trader "Weapons (Oliver [#STR_EXPANSION_MARKET_TRADER_WEAPONS])" in market zone "The Holler" (pos=<5632.000000, 32.000000, 5392.000000>) and got 45.
13:08:47.464 [Market] Player "Lou Sassole" (id=ebo0O4yOjYkK486s9SoqLuFc3tRe1vP1S2eE1IJxhV4=) has send a requested to sell ammobox_308win_20rnd x2 at the trader "Weapons (Oliver [#STR_EXPANSION_MARKET_TRADER_WEAPONS])" in market zone "The Holler" (pos=<5632.000000, 32.000000, 5392.000000>).
13:08:47.554 [Market] Player "Lou Sassole" (id=ebo0O4yOjYkK486s9SoqLuFc3tRe1vP1S2eE1IJxhV4=) has sold ammobox_308win_20rnd x2 at the trader "Weapons (Oliver [#STR_EXPANSION_MARKET_TRADER_WEAPONS])" in market zone "The Holler" (pos=<5632.000000, 32.000000, 5392.000000>) and got 48.
13:08:53.761 [Market] Player "Lou Sassole" (id=ebo0O4yOjYkK486s9SoqLuFc3tRe1vP1S2eE1IJxhV4=) has send a requested to sell ammobox_45acp_25rnd x3 at the trader "Weapons (Oliver [#STR_EXPANSION_MARKET_TRADER_WEAPONS])" in market zone "The Holler" (pos=<5632.000000, 32.000000, 5392.000000>).
13:08:53.863 [Market] Player "Lou Sassole" (id=ebo0O4yOjYkK486s9SoqLuFc3tRe1vP1S2eE1IJxhV4=) has sold ammobox_45acp_25rnd x3 at the trader "Weapons (Oliver [#STR_EXPANSION_MARKET_TRADER_WEAPONS])" in market zone "The Holler" (pos=<5632.000000, 32.000000, 5392.000000>) and got 75.
13:08:55.492 [Safezone] Player "GalaxyPanda" (id=Pk9FmI0iGIJV90L0o-uI7ivHc45DZnNcAVX3v1GVD5Y= pos=<10308.737305, 1.952825, 5587.511230>) Left the safezone
13:08:57.765 [Market] Player "Lou Sassole" (id=ebo0O4yOjYkK486s9SoqLuFc3tRe1vP1S2eE1IJxhV4=) has send a requested to sell ammobox_12gaslug_10rnd x1 at the trader "Weapons (Oliver [#STR_EXPANSION_MARKET_TRADER_WEAPONS])" in market zone "The Holler" (pos=<5632.000000, 32.000000, 5392.000000>).
13:08:57.882 [Market] Player "Lou Sassole" (id=ebo0O4yOjYkK486s9SoqLuFc3tRe1vP1S2eE1IJxhV4=) has sold ammobox_12gaslug_10rnd x1 at the trader "Weapons (Oliver [#STR_EXPANSION_MARKET_TRADER_WEAPONS])" in market zone "The Holler" (pos=<5632.000000, 32.000000, 5392.000000>) and got 30.
13:09:01.039 [Market] Player "Lou Sassole" (id=ebo0O4yOjYkK486s9SoqLuFc3tRe1vP1S2eE1IJxhV4=) has send a requested to sell ammobox_762x39_20rnd x1 at the trader "Weapons (Oliver [#STR_EXPANSION_MARKET_TRADER_WEAPONS])" in market zone "The Holler" (pos=<5632.000000, 32.000000, 5392.000000>).
13:09:01.117 [Market] Player "Lou Sassole" (id=ebo0O4yOjYkK486s9SoqLuFc3tRe1vP1S2eE1IJxhV4=) has sold ammobox_762x39_20rnd x1 at the trader "Weapons (Oliver [#STR_EXPANSION_MARKET_TRADER_WEAPONS])" in market zone "The Holler" (pos=<5632.000000, 32.000000, 5392.000000>) and got 24.
13:09:04.355 [Safezone] Player "GalaxyPanda" (id=Pk9FmI0iGIJV90L0o-uI7ivHc45DZnNcAVX3v1GVD5Y= pos=<10323.150391, -0.097341, 5626.831055>) Entered the safezone
13:09:41.195 [Market] Player "Lou Sassole" (id=ebo0O4yOjYkK486s9SoqLuFc3tRe1vP1S2eE1IJxhV4=) has send a requested to sell landminetrap x1 at the trader "Weapons (Oliver [#STR_EXPANSION_MARKET_TRADER_WEAPONS])" in market zone "The Holler" (pos=<5632.000000, 32.000000, 5392.000000>).
13:09:41.285 [Market] Player "Lou Sassole" (id=ebo0O4yOjYkK486s9SoqLuFc3tRe1vP1S2eE1IJxhV4=) has sold landminetrap x1 at the trader "Weapons (Oliver [#STR_EXPANSION_MARKET_TRADER_WEAPONS])" in market zone "The Holler" (pos=<5632.000000, 32.000000, 5392.000000>) and got 375.
13:09:47.703 [Market] Player "Lou Sassole" (id=ebo0O4yOjYkK486s9SoqLuFc3tRe1vP1S2eE1IJxhV4=) has send a requested to sell ammo_45acp x114 at the trader "Weapons (Oliver [#STR_EXPANSION_MARKET_TRADER_WEAPONS])" in market zone "The Holler" (pos=<5632.000000, 32.000000, 5392.000000>).
13:09:47.839 [Market] Player "Lou Sassole" (id=ebo0O4yOjYkK486s9SoqLuFc3tRe1vP1S2eE1IJxhV4=) has sold ammo_45acp x114 at the trader "Weapons (Oliver [#STR_EXPANSION_MARKET_TRADER_WEAPONS])" in market zone "The Holler" (pos=<5632.000000, 32.000000, 5392.000000>) and got 114.
13:09:51.460 [Market] Player "Lou Sassole" (id=ebo0O4yOjYkK486s9SoqLuFc3tRe1vP1S2eE1IJxhV4=) has send a requested to sell ammo_12gapellets x80 at the trader "Weapons (Oliver [#STR_EXPANSION_MARKET_TRADER_WEAPONS])" in market zone "The Holler" (pos=<5632.000000, 32.000000, 5392.000000>).
13:09:51.550 [Market] Player "Lou Sassole" (id=ebo0O4yOjYkK486s9SoqLuFc3tRe1vP1S2eE1IJxhV4=) has sold ammo_12gapellets x80 at the trader "Weapons (Oliver [#STR_EXPANSION_MARKET_TRADER_WEAPONS])" in market zone "The Holler" (pos=<5632.000000, 32.000000, 5392.000000>) and got 240.
13:09:54.730 [Market] Player "Lou Sassole" (id=ebo0O4yOjYkK486s9SoqLuFc3tRe1vP1S2eE1IJxhV4=) has send a requested to sell ammo_12gaslug x40 at the trader "Weapons (Oliver [#STR_EXPANSION_MARKET_TRADER_WEAPONS])" in market zone "The Holler" (pos=<5632.000000, 32.000000, 5392.000000>).
13:09:54.832 [Market] Player "Lou Sassole" (id=ebo0O4yOjYkK486s9SoqLuFc3tRe1vP1S2eE1IJxhV4=) has sold ammo_12gaslug x40 at the trader "Weapons (Oliver [#STR_EXPANSION_MARKET_TRADER_WEAPONS])" in market zone "The Holler" (pos=<5632.000000, 32.000000, 5392.000000>) and got 120.
13:09:58.574 [Market] Player "Lou Sassole" (id=ebo0O4yOjYkK486s9SoqLuFc3tRe1vP1S2eE1IJxhV4=) has send a requested to sell ammo_12garubberslug x10 at the trader "Weapons (Oliver [#STR_EXPANSION_MARKET_TRADER_WEAPONS])" in market zone "The Holler" (pos=<5632.000000, 32.000000, 5392.000000>).
13:09:58.660 [Market] Player "Lou Sassole" (id=ebo0O4yOjYkK486s9SoqLuFc3tRe1vP1S2eE1IJxhV4=) has sold ammo_12garubberslug x10 at the trader "Weapons (Oliver [#STR_EXPANSION_MARKET_TRADER_WEAPONS])" in market zone "The Holler" (pos=<5632.000000, 32.000000, 5392.000000>) and got 30.
13:10:02.675 [Market] Player "Lou Sassole" (id=ebo0O4yOjYkK486s9SoqLuFc3tRe1vP1S2eE1IJxhV4=) has send a requested to sell ammo_762x39 x2 at the trader "Weapons (Oliver [#STR_EXPANSION_MARKET_TRADER_WEAPONS])" in market zone "The Holler" (pos=<5632.000000, 32.000000, 5392.000000>).
13:10:02.769 [Market] Player "Lou Sassole" (id=ebo0O4yOjYkK486s9SoqLuFc3tRe1vP1S2eE1IJxhV4=) has sold ammo_762x39 x2 at the trader "Weapons (Oliver [#STR_EXPANSION_MARKET_TRADER_WEAPONS])" in market zone "The Holler" (pos=<5632.000000, 32.000000, 5392.000000>) and got 2.
13:10:07.296 [Market] Player "Lou Sassole" (id=ebo0O4yOjYkK486s9SoqLuFc3tRe1vP1S2eE1IJxhV4=) has send a requested to sell ammo_762x39 x226 at the trader "Weapons (Oliver [#STR_EXPANSION_MARKET_TRADER_WEAPONS])" in market zone "The Holler" (pos=<5632.000000, 32.000000, 5392.000000>).
13:10:07.382 [Market] Player "Lou Sassole" (id=ebo0O4yOjYkK486s9SoqLuFc3tRe1vP1S2eE1IJxhV4=) has sold ammo_762x39 x226 at the trader "Weapons (Oliver [#STR_EXPANSION_MARKET_TRADER_WEAPONS])" in market zone "The Holler" (pos=<5632.000000, 32.000000, 5392.000000>) and got 226.
13:10:14.515 [Market] Player "Lou Sassole" (id=ebo0O4yOjYkK486s9SoqLuFc3tRe1vP1S2eE1IJxhV4=) has send a requested to sell ammo_expansion_m203_sticky_smoke_teargas x5 at the trader "Weapons (Oliver [#STR_EXPANSION_MARKET_TRADER_WEAPONS])" in market zone "The Holler" (pos=<5632.000000, 32.000000, 5392.000000>).
13:10:14.613 [Market] Player "Lou Sassole" (id=ebo0O4yOjYkK486s9SoqLuFc3tRe1vP1S2eE1IJxhV4=) has sold ammo_expansion_m203_sticky_smoke_teargas x5 at the trader "Weapons (Oliver [#STR_EXPANSION_MARKET_TRADER_WEAPONS])" in market zone "The Holler" (pos=<5632.000000, 32.000000, 5392.000000>) and got 1009.
13:10:36.656 [Chat - Global]("GalaxyPanda"(id=Pk9FmI0iGIJV90L0o-uI7ivHc45DZnNcAVX3v1GVD5Y=)): bunkerrrrr
13:11:10.410 [VehicleCarKey] Player "Lou Sassole" (id=ebo0O4yOjYkK486s9SoqLuFc3tRe1vP1S2eE1IJxhV4= pos=<5636.433594, 28.722490, 5383.621582>) used the  ExpansionCarKey to unlock SUV_white (id=5C402AB07846235972D213B8F7ABFA4F pos=<5632.626953, 28.713465, 5380.020508>)
13:11:37.914 [VehicleCarKey] Player "Lou Sassole" (id=ebo0O4yOjYkK486s9SoqLuFc3tRe1vP1S2eE1IJxhV4= pos=<5635.784180, 28.722498, 5383.125488>) used the  ExpansionCarKey to lock SUV_white (id=5C402AB07846235972D213B8F7ABFA4F pos=<5632.626953, 28.713465, 5380.020508>)
13:11:41.335 [Safezone] Player "GalaxyPanda" (id=Pk9FmI0iGIJV90L0o-uI7ivHc45DZnNcAVX3v1GVD5Y= pos=<10309.394531, 1.988165, 5587.329102>) Left the safezone
13:11:44.742 [VehicleCover] Player "GalaxyPanda" (id=Pk9FmI0iGIJV90L0o-uI7ivHc45DZnNcAVX3v1GVD5Y= pos=<10309.394531, 1.988165, 5587.329102>) uncovered vehicle "Jeep_Wrangler_red" (GlobalID=8000000080000000800000008000231A pos=<10307.390625, 2.139917, 5585.408203>)!
13:11:52.445 [VehicleCarKey] Player "GalaxyPanda" (id=Pk9FmI0iGIJV90L0o-uI7ivHc45DZnNcAVX3v1GVD5Y= pos=<10307.872070, 2.105407, 5583.853027>) used the  ExpansionCarKey to unlock Jeep_Wrangler_red (id=32A85B9F334230973631F680B20F795C pos=<10307.388672, 2.139705, 5585.411133>)
13:11:59.578 [VehicleEnter] Player GalaxyPanda [uid=Pk9FmI0iGIJV90L0o-uI7ivHc45DZnNcAVX3v1GVD5Y=] entered vehicle Jeep Wrangler Red (id=32A85B9F334230973631F680B20F795C pos=<10307.388672, 2.139704, 5585.411133>) as driver
13:12:01.433 [VehicleEngine] Player GalaxyPanda [uid=Pk9FmI0iGIJV90L0o-uI7ivHc45DZnNcAVX3v1GVD5Y=] started vehicle Jeep Wrangler Red (id=32A85B9F334230973631F680B20F795C pos=<10307.388672, 2.139699, 5585.411133>)
13:12:14.761 [Safezone] Player "GalaxyPanda" (id=Pk9FmI0iGIJV90L0o-uI7ivHc45DZnNcAVX3v1GVD5Y= pos=<10326.435547, 1.087467, 5627.632813>) Entered the safezone
13:12:19.167 [VehicleCarKey] Player "Lou Sassole" (id=ebo0O4yOjYkK486s9SoqLuFc3tRe1vP1S2eE1IJxhV4= pos=<5635.588379, 28.722498, 5383.314453>) used the  ExpansionCarKey to unlock SUV_white (id=5C402AB07846235972D213B8F7ABFA4F pos=<5632.626953, 28.713465, 5380.020508>)
13:12:34.101 [Safezone] Player "GalaxyPanda" (id=Pk9FmI0iGIJV90L0o-uI7ivHc45DZnNcAVX3v1GVD5Y= pos=<10330.206055, 0.907090, 5639.782715>) Entered the safezone
13:12:36.250 [Safezone] Player "GalaxyPanda" (id=Pk9FmI0iGIJV90L0o-uI7ivHc45DZnNcAVX3v1GVD5Y= pos=<10330.822266, 1.064945, 5638.103027>) Entered the safezone
13:12:42.687 [Safezone] Player "GalaxyPanda" (id=Pk9FmI0iGIJV90L0o-uI7ivHc45DZnNcAVX3v1GVD5Y= pos=<10329.193359, 0.826546, 5640.054688>) Entered the safezone
13:12:56.253 [VehicleEngine] Player GalaxyPanda [uid=Pk9FmI0iGIJV90L0o-uI7ivHc45DZnNcAVX3v1GVD5Y=] stopped vehicle Jeep Wrangler Red (id=32A85B9F334230973631F680B20F795C pos=<10336.462891, 1.030055, 5631.145996>)
13:12:58.066 [Safezone] Player "GalaxyPanda" (id=Pk9FmI0iGIJV90L0o-uI7ivHc45DZnNcAVX3v1GVD5Y= pos=<10336.374023, 1.890775, 5630.736816>) Left the safezone
13:12:59.984 [VehicleLeave] Player GalaxyPanda [uid=Pk9FmI0iGIJV90L0o-uI7ivHc45DZnNcAVX3v1GVD5Y=] left vehicle Jeep Wrangler Red (id=32A85B9F334230973631F680B20F795C pos=<10336.462891, 1.030033, 5631.145996>)
13:13:02.062 [Safezone] Player "GalaxyPanda" (id=Pk9FmI0iGIJV90L0o-uI7ivHc45DZnNcAVX3v1GVD5Y= pos=<10330.646484, 0.221502, 5634.767090>) Entered the safezone
13:13:07.417 [Safezone] Player "GalaxyPanda" (id=Pk9FmI0iGIJV90L0o-uI7ivHc45DZnNcAVX3v1GVD5Y= pos=<10324.914063, 0.796110, 5644.126953>) Entered the safezone
13:13:09.843 [VehicleEnter] Player GalaxyPanda [uid=Pk9FmI0iGIJV90L0o-uI7ivHc45DZnNcAVX3v1GVD5Y=] entered vehicle RHIB (id=41B28DCEE644A247F54CFAB54803385C pos=<10324.633789, 0.133435, 5642.528809>) as driver
13:13:10.664 [VehicleCarKey] Player "Lou Sassole" (id=ebo0O4yOjYkK486s9SoqLuFc3tRe1vP1S2eE1IJxhV4= pos=<5635.521484, 28.722498, 5383.108398>) used the  ExpansionCarKey to lock SUV_white (id=5C402AB07846235972D213B8F7ABFA4F pos=<5632.626953, 28.713465, 5380.020508>)
13:13:11.839 [VehicleEngine] Player GalaxyPanda [uid=Pk9FmI0iGIJV90L0o-uI7ivHc45DZnNcAVX3v1GVD5Y=] started vehicle RHIB (id=41B28DCEE644A247F54CFAB54803385C pos=<10324.634766, 0.142256, 5642.521973>)
13:14:32.902 [VehicleLeave] Player GalaxyPanda [uid=Pk9FmI0iGIJV90L0o-uI7ivHc45DZnNcAVX3v1GVD5Y=] left vehicle RHIB (id=41B28DCEE644A247F54CFAB54803385C pos=<10325.122070, 0.100589, 5642.588867>)
13:14:42.453 [Safezone] Player "GalaxyPanda" (id=Pk9FmI0iGIJV90L0o-uI7ivHc45DZnNcAVX3v1GVD5Y= pos=<10330.419922, 0.166404, 5635.719727>) Entered the safezone
13:14:53.394 [VehicleEnter] Player GalaxyPanda [uid=Pk9FmI0iGIJV90L0o-uI7ivHc45DZnNcAVX3v1GVD5Y=] entered vehicle Jeep Wrangler Red (id=32A85B9F334230973631F680B20F795C pos=<10336.462891, 1.030033, 5631.145996>) as driver
13:14:54.546 [Safezone] Player "GalaxyPanda" (id=Pk9FmI0iGIJV90L0o-uI7ivHc45DZnNcAVX3v1GVD5Y= pos=<10336.374023, 1.890802, 5630.736328>) Left the safezone
13:14:57.984 [VehicleEngine] Player GalaxyPanda [uid=Pk9FmI0iGIJV90L0o-uI7ivHc45DZnNcAVX3v1GVD5Y=] started vehicle Jeep Wrangler Red (id=32A85B9F334230973631F680B20F795C pos=<10336.462891, 1.030033, 5631.145996>)
13:15:03.292 [Safezone] Player "GalaxyPanda" (id=Pk9FmI0iGIJV90L0o-uI7ivHc45DZnNcAVX3v1GVD5Y= pos=<10328.647461, 0.772889, 5640.308105>) Entered the safezone
13:15:14.835 [Safezone] Player "GalaxyPanda" (id=Pk9FmI0iGIJV90L0o-uI7ivHc45DZnNcAVX3v1GVD5Y= pos=<10328.927734, 1.214736, 5630.266602>) Entered the safezone
13:15:35.035 [VehicleLeave] Player GalaxyPanda [uid=Pk9FmI0iGIJV90L0o-uI7ivHc45DZnNcAVX3v1GVD5Y=] left vehicle Jeep Wrangler Red (id=32A85B9F334230973631F680B20F795C pos=<10331.511719, 0.566635, 5630.879395>)
13:15:42.964 [Safezone] Player "GalaxyPanda" (id=Pk9FmI0iGIJV90L0o-uI7ivHc45DZnNcAVX3v1GVD5Y= pos=<10335.696289, 0.847711, 5629.637207>) Left the safezone
13:15:48.972 [Safezone] Player "GalaxyPanda" (id=Pk9FmI0iGIJV90L0o-uI7ivHc45DZnNcAVX3v1GVD5Y= pos=<10326.952148, 0.060680, 5631.208984>) Entered the safezone
13:16:02.207 [VehicleEnter] Player GalaxyPanda [uid=Pk9FmI0iGIJV90L0o-uI7ivHc45DZnNcAVX3v1GVD5Y=] entered vehicle RHIB (id=41B28DCEE644A247F54CFAB54803385C pos=<10320.924805, -0.066328, 5643.961426>) as driver
13:16:12.062 [Safezone] Player "GalaxyPanda" (id=Pk9FmI0iGIJV90L0o-uI7ivHc45DZnNcAVX3v1GVD5Y= pos=<10317.635742, -0.028610, 5648.337402>) Entered the safezone
13:16:26.046 [VehicleLeave] Player GalaxyPanda [uid=Pk9FmI0iGIJV90L0o-uI7ivHc45DZnNcAVX3v1GVD5Y=] left vehicle RHIB (id=41B28DCEE644A247F54CFAB54803385C pos=<10320.336914, -0.104197, 5644.356445>)
13:16:46.582 [VehicleEnter] Player GalaxyPanda [uid=Pk9FmI0iGIJV90L0o-uI7ivHc45DZnNcAVX3v1GVD5Y=] entered vehicle Jeep Wrangler Red (id=32A85B9F334230973631F680B20F795C pos=<10331.511719, 0.566647, 5630.879883>) as driver
13:16:48.042 [VehicleEngine] Player GalaxyPanda [uid=Pk9FmI0iGIJV90L0o-uI7ivHc45DZnNcAVX3v1GVD5Y=] started vehicle Jeep Wrangler Red (id=32A85B9F334230973631F680B20F795C pos=<10331.511719, 0.566649, 5630.879883>)
13:16:52.519 [Safezone] Player "GalaxyPanda" (id=Pk9FmI0iGIJV90L0o-uI7ivHc45DZnNcAVX3v1GVD5Y= pos=<10336.451172, 1.851624, 5632.545410>) Left the safezone
13:16:56.511 [VehicleLeave] Player GalaxyPanda [uid=Pk9FmI0iGIJV90L0o-uI7ivHc45DZnNcAVX3v1GVD5Y=] left vehicle Jeep Wrangler Red (id=32A85B9F334230973631F680B20F795C pos=<10338.940430, 1.253965, 5632.302734>)
13:17:02.847 [VehicleCarKey] Player "GalaxyPanda" (id=Pk9FmI0iGIJV90L0o-uI7ivHc45DZnNcAVX3v1GVD5Y= pos=<10337.816406, 1.047343, 5630.388672>) used the  ExpansionCarKey to lock Jeep_Wrangler_red (id=32A85B9F334230973631F680B20F795C pos=<10338.940430, 1.253950, 5632.302734>)
13:17:21.144 [VehicleDeleted] Jeep_Wrangler_red (id=32A85B9F334230973631F680B20F795C pos=<10338.940430, 1.253950, 5632.302734>)
13:17:21.144 [VehicleCover] Player "GalaxyPanda" (id=Pk9FmI0iGIJV90L0o-uI7ivHc45DZnNcAVX3v1GVD5Y= pos=<10337.816406, 1.047343, 5630.388672>) covered vehicle "Jeep_Wrangler_red" (GlobalID=8000000080000000800000008000231A pos=<10338.940430, 1.253950, 5632.302734>)!
13:17:23.718 [Safezone] Player "GalaxyPanda" (id=Pk9FmI0iGIJV90L0o-uI7ivHc45DZnNcAVX3v1GVD5Y= pos=<10329.498047, 0.154094, 5634.255371>) Entered the safezone
13:17:32.007 [VehicleEnter] Player GalaxyPanda [uid=Pk9FmI0iGIJV90L0o-uI7ivHc45DZnNcAVX3v1GVD5Y=] entered vehicle RHIB (id=41B28DCEE644A247F54CFAB54803385C pos=<10320.336914, -0.104059, 5644.356445>) as driver
13:17:47.421 [Safezone] Player "GalaxyPanda" (id=Pk9FmI0iGIJV90L0o-uI7ivHc45DZnNcAVX3v1GVD5Y= pos=<10292.456055, 0.189266, 5663.303223>) Left the safezone
13:21:46.582 [VehicleCarKey] Player "Lou Sassole" (id=ebo0O4yOjYkK486s9SoqLuFc3tRe1vP1S2eE1IJxhV4= pos=<5636.172363, 28.722496, 5383.307129>) used the  ExpansionCarKey to unlock SUV_white (id=5C402AB07846235972D213B8F7ABFA4F pos=<5632.626953, 28.713465, 5380.020508>)
13:23:00.503 [VehicleCarKey] Player "Lou Sassole" (id=ebo0O4yOjYkK486s9SoqLuFc3tRe1vP1S2eE1IJxhV4= pos=<5636.557617, 28.722492, 5383.704102>) used the  ExpansionCarKey to lock SUV_white (id=5C402AB07846235972D213B8F7ABFA4F pos=<5632.626953, 28.713465, 5380.020508>)
13:24:04.359 [Market] Player "Lou Sassole" (id=ebo0O4yOjYkK486s9SoqLuFc3tRe1vP1S2eE1IJxhV4=) has send a requested to sell purificationtablets x1 at the trader "Medicals (Linda [#STR_EXPANSION_MARKET_TRADER_MEDICALS])" in market zone "The Holler" (pos=<5632.000000, 32.000000, 5392.000000>).
13:24:04.472 [Market] Player "Lou Sassole" (id=ebo0O4yOjYkK486s9SoqLuFc3tRe1vP1S2eE1IJxhV4=) has sold purificationtablets x1 at the trader "Medicals (Linda [#STR_EXPANSION_MARKET_TRADER_MEDICALS])" in market zone "The Holler" (pos=<5632.000000, 32.000000, 5392.000000>) and got 37.
13:24:09.140 [Market] Player "Lou Sassole" (id=ebo0O4yOjYkK486s9SoqLuFc3tRe1vP1S2eE1IJxhV4=) has send a requested to sell painkillertablets x2 at the trader "Medicals (Linda [#STR_EXPANSION_MARKET_TRADER_MEDICALS])" in market zone "The Holler" (pos=<5632.000000, 32.000000, 5392.000000>).
13:24:09.250 [Market] Player "Lou Sassole" (id=ebo0O4yOjYkK486s9SoqLuFc3tRe1vP1S2eE1IJxhV4=) has sold painkillertablets x2 at the trader "Medicals (Linda [#STR_EXPANSION_MARKET_TRADER_MEDICALS])" in market zone "The Holler" (pos=<5632.000000, 32.000000, 5392.000000>) and got 150.
13:24:14.246 [Market] Player "Lou Sassole" (id=ebo0O4yOjYkK486s9SoqLuFc3tRe1vP1S2eE1IJxhV4=) has send a requested to purchase bandagedressing x1 from the trader "Medicals (Linda [#STR_EXPANSION_MARKET_TRADER_MEDICALS])" in market zone "The Holler" (pos=<5632.000000, 32.000000, 5392.000000>).
13:24:14.378 [Market] Player "Lou Sassole" (id=ebo0O4yOjYkK486s9SoqLuFc3tRe1vP1S2eE1IJxhV4=) has bought bandagedressing x1 from the trader "Medicals (Linda [#STR_EXPANSION_MARKET_TRADER_MEDICALS])" in market zone "The Holler" (pos=<5632.000000, 32.000000, 5392.000000>) for a price of 300.
13:24:25.808 [Market] Player "Lou Sassole" (id=ebo0O4yOjYkK486s9SoqLuFc3tRe1vP1S2eE1IJxhV4=) has send a requested to purchase anticheminjector x1 from the trader "Medicals (Linda [#STR_EXPANSION_MARKET_TRADER_MEDICALS])" in market zone "The Holler" (pos=<5632.000000, 32.000000, 5392.000000>).
13:24:25.957 [Market] Player "Lou Sassole" (id=ebo0O4yOjYkK486s9SoqLuFc3tRe1vP1S2eE1IJxhV4=) has bought anticheminjector x1 from the trader "Medicals (Linda [#STR_EXPANSION_MARKET_TRADER_MEDICALS])" in market zone "The Holler" (pos=<5632.000000, 32.000000, 5392.000000>) for a price of 100.
13:27:27.054 [AI Patrol] Spawning 3 Area 42 Patrol bots at <13704.674805, 12.940000, 9947.001953>
13:29:57.851 [VehicleCarKey] Player "Lou Sassole" (id=ebo0O4yOjYkK486s9SoqLuFc3tRe1vP1S2eE1IJxhV4= pos=<5635.707031, 28.722498, 5383.803223>) used the  ExpansionCarKey to unlock SUV_white (id=5C402AB07846235972D213B8F7ABFA4F pos=<5632.626953, 28.713465, 5380.020508>)
13:30:16.796 [VehicleCarKey] Player "Lou Sassole" (id=ebo0O4yOjYkK486s9SoqLuFc3tRe1vP1S2eE1IJxhV4= pos=<5636.320313, 28.722479, 5382.778320>) used the  ExpansionCarKey to lock SUV_white (id=5C402AB07846235972D213B8F7ABFA4F pos=<5632.626953, 28.713465, 5380.020508>)
13:30:33.113 [VehicleCarKey] Player "[Admin] Bunker" (id=mBNlxASsPlOcry0dpDl8K-WgHNR5WMCMmoJ9NhpU4FY= pos=<5624.482422, 28.722446, 5362.323242>) paired a  ExpansionCarKey to PONTIAC_Wine_Red (id=C365E1EEC642485494C8689595CCEBBB pos=<5626.225098, 28.681431, 5362.815430>)
13:30:40.359 [VehicleCarKey] Player "[Admin] Bunker" (id=mBNlxASsPlOcry0dpDl8K-WgHNR5WMCMmoJ9NhpU4FY= pos=<5626.044922, 28.722498, 5359.542969>) used the  ExpansionCarKey to lock PONTIAC_Wine_Red (id=C365E1EEC642485494C8689595CCEBBB pos=<5626.225098, 28.681431, 5362.815430>)
13:31:27.265 [SpawnSelection] Player "StevieG12" (id=erK2WRQhs58wobrE8w7Gbp6ArioNSrtzH1a2z6lVlH0=) spawned at <5665.169922, 28.708799, 5392.490234>
13:31:27.597 [Safezone] Player "StevieG12" (id=erK2WRQhs58wobrE8w7Gbp6ArioNSrtzH1a2z6lVlH0= pos=<5665.169922, 28.708799, 5392.490234>) Entered the safezone
13:31:46.000 [VehicleCarKey] Player "[Admin] Bunker" (id=mBNlxASsPlOcry0dpDl8K-WgHNR5WMCMmoJ9NhpU4FY= pos=<5624.893066, 28.722498, 5362.816406>) used the  ExpansionCarKey to unlock PONTIAC_Wine_Red (id=C365E1EEC642485494C8689595CCEBBB pos=<5626.225098, 28.681431, 5362.815430>)
13:33:47.445 [VehicleLeave] Player GalaxyPanda [uid=Pk9FmI0iGIJV90L0o-uI7ivHc45DZnNcAVX3v1GVD5Y=] left vehicle RHIB (id=41B28DCEE644A247F54CFAB54803385C pos=<10137.757813, -0.334652, 13026.165039>)
13:33:58.574 [VehicleCarKey] Player "Lou Sassole" (id=ebo0O4yOjYkK486s9SoqLuFc3tRe1vP1S2eE1IJxhV4= pos=<5632.793457, 28.722498, 5384.036133>) used the  ExpansionCarKey to unlock SUV_white (id=5C402AB07846235972D213B8F7ABFA4F pos=<5632.626953, 28.713465, 5380.020508>)
13:34:18.507 [VehicleAttachments] Player Lou Sassole (uid=ebo0O4yOjYkK486s9SoqLuFc3tRe1vP1S2eE1IJxhV4=) detached SUV Wheel (type=SUV_Wheel) from vehicle SUV White (id=5C402AB07846235972D213B8F7ABFA4F pos=<5632.626953, 28.713465, 5380.020508>)
13:34:36.851 [VehicleAttachments] Player Lou Sassole (uid=ebo0O4yOjYkK486s9SoqLuFc3tRe1vP1S2eE1IJxhV4=) detached SUV Wheel (type=SUV_Wheel) from vehicle SUV White (id=5C402AB07846235972D213B8F7ABFA4F pos=<5632.645508, 28.713463, 5379.962402>)
13:34:57.582 [VehicleAttachments] Player Lou Sassole (uid=ebo0O4yOjYkK486s9SoqLuFc3tRe1vP1S2eE1IJxhV4=) detached SUV Wheel (type=SUV_Wheel) from vehicle SUV White (id=5C402AB07846235972D213B8F7ABFA4F pos=<5632.652344, 28.713490, 5379.961426>)
13:35:07.917 [VehicleAttachments] Player Lou Sassole (uid=ebo0O4yOjYkK486s9SoqLuFc3tRe1vP1S2eE1IJxhV4=) detached SUV Wheel (type=SUV_Wheel) from vehicle SUV White (id=5C402AB07846235972D213B8F7ABFA4F pos=<5632.653320, 28.713488, 5379.969727>)
13:35:09.750 [VehicleEnter] Player GalaxyPanda [uid=Pk9FmI0iGIJV90L0o-uI7ivHc45DZnNcAVX3v1GVD5Y=] entered vehicle RHIB (id=41B28DCEE644A247F54CFAB54803385C pos=<10137.757813, -0.218720, 13026.165039>) as driver
13:36:29.347 [VehicleCarKey] Player "Lou Sassole" (id=ebo0O4yOjYkK486s9SoqLuFc3tRe1vP1S2eE1IJxhV4= pos=<5635.983398, 28.722498, 5383.270020>) used the  ExpansionCarKey to lock SUV_white (id=5C402AB07846235972D213B8F7ABFA4F pos=<5632.622070, 28.713465, 5379.992188>)
13:36:31.367 [VehicleEngine] Player GalaxyPanda [uid=Pk9FmI0iGIJV90L0o-uI7ivHc45DZnNcAVX3v1GVD5Y=] stopped vehicle RHIB (id=41B28DCEE644A247F54CFAB54803385C pos=<10136.500000, 0.345843, 13016.958008>)
13:36:34.378 [VehicleLeave] Player GalaxyPanda [uid=Pk9FmI0iGIJV90L0o-uI7ivHc45DZnNcAVX3v1GVD5Y=] left vehicle RHIB (id=41B28DCEE644A247F54CFAB54803385C pos=<10136.499023, 0.393850, 13016.956055>)
13:39:15.253 [Market] Player "[Admin] Bunker" (id=mBNlxASsPlOcry0dpDl8K-WgHNR5WMCMmoJ9NhpU4FY=) has send a requested to purchase svd x1 from the trader "Weapons (Oliver [#STR_EXPANSION_MARKET_TRADER_WEAPONS])" in market zone "The Holler" (pos=<5632.000000, 32.000000, 5392.000000>).
13:39:15.296 [Market] Player "[Admin] Bunker" (id=mBNlxASsPlOcry0dpDl8K-WgHNR5WMCMmoJ9NhpU4FY=) has bought svd x1 from the trader "Weapons (Oliver [#STR_EXPANSION_MARKET_TRADER_WEAPONS])" in market zone "The Holler" (pos=<5632.000000, 32.000000, 5392.000000>) for a price of 2270.
13:39:16.609 [Market] Player "Lou Sassole" (id=ebo0O4yOjYkK486s9SoqLuFc3tRe1vP1S2eE1IJxhV4=) has send a requested to purchase svd x1 from the trader "Weapons (Oliver [#STR_EXPANSION_MARKET_TRADER_WEAPONS])" in market zone "The Holler" (pos=<5632.000000, 32.000000, 5392.000000>).
13:39:16.691 [Market] Player "Lou Sassole" (id=ebo0O4yOjYkK486s9SoqLuFc3tRe1vP1S2eE1IJxhV4=) has bought svd x1 from the trader "Weapons (Oliver [#STR_EXPANSION_MARKET_TRADER_WEAPONS])" in market zone "The Holler" (pos=<5632.000000, 32.000000, 5392.000000>) for a price of 3915.
13:40:43.429 [Market] Player "[Admin] Bunker" (id=mBNlxASsPlOcry0dpDl8K-WgHNR5WMCMmoJ9NhpU4FY=) has send a requested to sell svd x1 at the trader "Weapons (Oliver [#STR_EXPANSION_MARKET_TRADER_WEAPONS])" in market zone "The Holler" (pos=<5632.000000, 32.000000, 5392.000000>).
13:40:43.500 [Market] Player "[Admin] Bunker" (id=mBNlxASsPlOcry0dpDl8K-WgHNR5WMCMmoJ9NhpU4FY=) has sold svd x1 at the trader "Weapons (Oliver [#STR_EXPANSION_MARKET_TRADER_WEAPONS])" in market zone "The Holler" (pos=<5632.000000, 32.000000, 5392.000000>) and got 1500.
13:40:44.769 [Market] Player "Lou Sassole" (id=ebo0O4yOjYkK486s9SoqLuFc3tRe1vP1S2eE1IJxhV4=) has send a requested to sell mosin9130 x1 at the trader "Weapons (Oliver [#STR_EXPANSION_MARKET_TRADER_WEAPONS])" in market zone "The Holler" (pos=<5632.000000, 32.000000, 5392.000000>).
13:40:44.886 [Market] Player "Lou Sassole" (id=ebo0O4yOjYkK486s9SoqLuFc3tRe1vP1S2eE1IJxhV4=) has sold mosin9130 x1 at the trader "Weapons (Oliver [#STR_EXPANSION_MARKET_TRADER_WEAPONS])" in market zone "The Holler" (pos=<5632.000000, 32.000000, 5392.000000>) and got 1252.
13:43:00.269 [SpawnSelection] Player "wadekeys101" (id=LE_dvzyhQtBty3t5Umm5_mCSWF_rFCUtH-DBCNt1dCk=) spawned at <5630.990234, 28.701900, 5347.680176>
13:43:00.902 [Safezone] Player "wadekeys101" (id=LE_dvzyhQtBty3t5Umm5_mCSWF_rFCUtH-DBCNt1dCk= pos=<5630.990234, 28.701900, 5347.680176>) Entered the safezone
13:43:15.675 [ATM] Player "Lou Sassole" (id=ebo0O4yOjYkK486s9SoqLuFc3tRe1vP1S2eE1IJxhV4=) has deposited 23829 on his ATM account.
13:44:09.187 [VehicleCarKey] Player "Lou Sassole" (id=ebo0O4yOjYkK486s9SoqLuFc3tRe1vP1S2eE1IJxhV4= pos=<5635.507813, 28.722498, 5383.212891>) used the  ExpansionCarKey to unlock SUV_white (id=5C402AB07846235972D213B8F7ABFA4F pos=<5632.622070, 28.713465, 5379.992188>)
13:44:26.773 [VehicleCarKey] Player "Lou Sassole" (id=ebo0O4yOjYkK486s9SoqLuFc3tRe1vP1S2eE1IJxhV4= pos=<5635.770020, 28.722498, 5383.425781>) used the  ExpansionCarKey to lock SUV_white (id=5C402AB07846235972D213B8F7ABFA4F pos=<5632.622070, 28.713465, 5379.992188>)
13:44:29.718 [VehicleCarKey] Player "Lou Sassole" (id=ebo0O4yOjYkK486s9SoqLuFc3tRe1vP1S2eE1IJxhV4= pos=<5636.544922, 28.722498, 5383.143555>) used the  ExpansionCarKey to unlock SUV_white (id=5C402AB07846235972D213B8F7ABFA4F pos=<5632.622070, 28.713465, 5379.992188>)
13:44:31.660 [VehicleCarKey] Player "Lou Sassole" (id=ebo0O4yOjYkK486s9SoqLuFc3tRe1vP1S2eE1IJxhV4= pos=<5635.923828, 28.722498, 5383.386719>) used the  ExpansionCarKey to lock SUV_white (id=5C402AB07846235972D213B8F7ABFA4F pos=<5632.622070, 28.713465, 5379.992188>)
13:44:33.476 [VehicleCarKey] Player "Lou Sassole" (id=ebo0O4yOjYkK486s9SoqLuFc3tRe1vP1S2eE1IJxhV4= pos=<5635.551758, 28.722498, 5383.062500>) used the  ExpansionCarKey to unlock SUV_white (id=5C402AB07846235972D213B8F7ABFA4F pos=<5632.622070, 28.713465, 5379.992188>)
13:44:53.945 [VehicleCarKey] Player "Lou Sassole" (id=ebo0O4yOjYkK486s9SoqLuFc3tRe1vP1S2eE1IJxhV4= pos=<5635.580566, 28.722498, 5383.094238>) used the  ExpansionCarKey to lock SUV_white (id=5C402AB07846235972D213B8F7ABFA4F pos=<5632.622070, 28.713465, 5379.992188>)
13:46:00.578 [ATM] Player "Lou Sassole" (id=ebo0O4yOjYkK486s9SoqLuFc3tRe1vP1S2eE1IJxhV4=) has withdrawn 23829 from his ATM account.
13:46:33.988 [Market] Player "Lou Sassole" (id=ebo0O4yOjYkK486s9SoqLuFc3tRe1vP1S2eE1IJxhV4=) has send a requested to purchase geb_greenfishknife x1 from the trader "Hunting (Helga [Hunting Trader])" in market zone "The Holler" (pos=<5632.000000, 32.000000, 5392.000000>).
13:46:34.109 [Market] Player "Lou Sassole" (id=ebo0O4yOjYkK486s9SoqLuFc3tRe1vP1S2eE1IJxhV4=) has bought geb_greenfishknife x1 from the trader "Hunting (Helga [Hunting Trader])" in market zone "The Holler" (pos=<5632.000000, 32.000000, 5392.000000>) for a price of 360.
13:46:47.667 [Market] Player "Lou Sassole" (id=ebo0O4yOjYkK486s9SoqLuFc3tRe1vP1S2eE1IJxhV4=) has send a requested to purchase geb_greenfishingrod x1 from the trader "Hunting (Helga [Hunting Trader])" in market zone "The Holler" (pos=<5632.000000, 32.000000, 5392.000000>).
13:46:47.753 [Market] Player "Lou Sassole" (id=ebo0O4yOjYkK486s9SoqLuFc3tRe1vP1S2eE1IJxhV4=) has bought geb_greenfishingrod x1 from the trader "Hunting (Helga [Hunting Trader])" in market zone "The Holler" (pos=<5632.000000, 32.000000, 5392.000000>) for a price of 160.
13:46:54.320 [Market] Player "Lou Sassole" (id=ebo0O4yOjYkK486s9SoqLuFc3tRe1vP1S2eE1IJxhV4=) has send a requested to purchase geb_lure1 x2 from the trader "Hunting (Helga [Hunting Trader])" in market zone "The Holler" (pos=<5632.000000, 32.000000, 5392.000000>).
13:46:54.398 [Market] Player "Lou Sassole" (id=ebo0O4yOjYkK486s9SoqLuFc3tRe1vP1S2eE1IJxhV4=) has bought geb_lure1 x2 from the trader "Hunting (Helga [Hunting Trader])" in market zone "The Holler" (pos=<5632.000000, 32.000000, 5392.000000>) for a price of 920.
13:46:54.941 [VehicleEnter] Player GalaxyPanda [uid=Pk9FmI0iGIJV90L0o-uI7ivHc45DZnNcAVX3v1GVD5Y=] entered vehicle RHIB (id=41B28DCEE644A247F54CFAB54803385C pos=<10136.520508, 0.093893, 13016.966797>) as driver
13:46:57.234 [Market] Player "Lou Sassole" (id=ebo0O4yOjYkK486s9SoqLuFc3tRe1vP1S2eE1IJxhV4=) has send a requested to purchase geb_lure2 x2 from the trader "Hunting (Helga [Hunting Trader])" in market zone "The Holler" (pos=<5632.000000, 32.000000, 5392.000000>).
13:46:57.316 [Market] Player "Lou Sassole" (id=ebo0O4yOjYkK486s9SoqLuFc3tRe1vP1S2eE1IJxhV4=) has bought geb_lure2 x2 from the trader "Hunting (Helga [Hunting Trader])" in market zone "The Holler" (pos=<5632.000000, 32.000000, 5392.000000>) for a price of 920.
13:46:57.593 [VehicleEngine] Player GalaxyPanda [uid=Pk9FmI0iGIJV90L0o-uI7ivHc45DZnNcAVX3v1GVD5Y=] started vehicle RHIB (id=41B28DCEE644A247F54CFAB54803385C pos=<10136.508789, 0.279609, 13016.936523>)
13:47:00.398 [Market] Player "Lou Sassole" (id=ebo0O4yOjYkK486s9SoqLuFc3tRe1vP1S2eE1IJxhV4=) has send a requested to purchase geb_lure3 x2 from the trader "Hunting (Helga [Hunting Trader])" in market zone "The Holler" (pos=<5632.000000, 32.000000, 5392.000000>).
13:47:00.476 [Market] Player "Lou Sassole" (id=ebo0O4yOjYkK486s9SoqLuFc3tRe1vP1S2eE1IJxhV4=) has bought geb_lure3 x2 from the trader "Hunting (Helga [Hunting Trader])" in market zone "The Holler" (pos=<5632.000000, 32.000000, 5392.000000>) for a price of 920.
13:47:05.953 [Market] Player "Lou Sassole" (id=ebo0O4yOjYkK486s9SoqLuFc3tRe1vP1S2eE1IJxhV4=) has send a requested to purchase geb_fungreentackle x1 from the trader "Hunting (Helga [Hunting Trader])" in market zone "The Holler" (pos=<5632.000000, 32.000000, 5392.000000>).
13:47:06.070 [Market] Player "Lou Sassole" (id=ebo0O4yOjYkK486s9SoqLuFc3tRe1vP1S2eE1IJxhV4=) has bought geb_fungreentackle x1 from the trader "Hunting (Helga [Hunting Trader])" in market zone "The Holler" (pos=<5632.000000, 32.000000, 5392.000000>) for a price of 60.
13:48:56.339 [Market] Player "Lou Sassole" (id=ebo0O4yOjYkK486s9SoqLuFc3tRe1vP1S2eE1IJxhV4=) has send a requested to purchase geb_bamboofishingnet x1 from the trader "Hunting (Helga [Hunting Trader])" in market zone "The Holler" (pos=<5632.000000, 32.000000, 5392.000000>).
13:48:56.449 [Market] Player "Lou Sassole" (id=ebo0O4yOjYkK486s9SoqLuFc3tRe1vP1S2eE1IJxhV4=) has bought geb_bamboofishingnet x1 from the trader "Hunting (Helga [Hunting Trader])" in market zone "The Holler" (pos=<5632.000000, 32.000000, 5392.000000>) for a price of 80.
13:49:12.453 [Market] Player "Lou Sassole" (id=ebo0O4yOjYkK486s9SoqLuFc3tRe1vP1S2eE1IJxhV4=) has send a requested to purchase geb_minnowbucket x1 from the trader "Hunting (Helga [Hunting Trader])" in market zone "The Holler" (pos=<5632.000000, 32.000000, 5392.000000>).
13:49:12.542 [Market] Player "Lou Sassole" (id=ebo0O4yOjYkK486s9SoqLuFc3tRe1vP1S2eE1IJxhV4=) has bought geb_minnowbucket x1 from the trader "Hunting (Helga [Hunting Trader])" in market zone "The Holler" (pos=<5632.000000, 32.000000, 5392.000000>) for a price of 60.
13:49:38.671 [VehicleLeave] Player GalaxyPanda [uid=Pk9FmI0iGIJV90L0o-uI7ivHc45DZnNcAVX3v1GVD5Y=] left vehicle RHIB (id=41B28DCEE644A247F54CFAB54803385C pos=<10136.375000, 0.275273, 13015.501953>)
13:49:43.250 [VehicleEnter] Player GalaxyPanda [uid=Pk9FmI0iGIJV90L0o-uI7ivHc45DZnNcAVX3v1GVD5Y=] entered vehicle RHIB (id=41B28DCEE644A247F54CFAB54803385C pos=<10136.361328, 0.285871, 13015.437500>) as driver
13:49:57.222 [VehicleEngine] Player GalaxyPanda [uid=Pk9FmI0iGIJV90L0o-uI7ivHc45DZnNcAVX3v1GVD5Y=] stopped vehicle RHIB (id=41B28DCEE644A247F54CFAB54803385C pos=<10136.404297, 0.278662, 13015.390625>)
13:49:59.828 [VehicleLeave] Player GalaxyPanda [uid=Pk9FmI0iGIJV90L0o-uI7ivHc45DZnNcAVX3v1GVD5Y=] left vehicle RHIB (id=41B28DCEE644A247F54CFAB54803385C pos=<10136.404297, 0.280887, 13015.399414>)
13:50:03.597 [VehicleCarKey] Player "Lou Sassole" (id=ebo0O4yOjYkK486s9SoqLuFc3tRe1vP1S2eE1IJxhV4= pos=<5634.347168, 28.722498, 5379.199707>) used the  ExpansionCarKey to unlock SUV_white (id=5C402AB07846235972D213B8F7ABFA4F pos=<5632.622070, 28.713465, 5379.992188>)
13:50:08.648 [VehicleEnter] Player Lou Sassole [uid=ebo0O4yOjYkK486s9SoqLuFc3tRe1vP1S2eE1IJxhV4=] entered vehicle SUV White  (id=5C402AB07846235972D213B8F7ABFA4F pos=<5632.621582, 28.713467, 5379.992676>) as driver
13:50:12.867 [Party] Player "wadekeys101" (id=LE_dvzyhQtBty3t5Umm5_mCSWF_rFCUtH-DBCNt1dCk=) joinded the party "BANO" (id=13 ownerUID= ownerName=)
13:50:12.867 [Party] Player "wadekeys101" (id=LE_dvzyhQtBty3t5Umm5_mCSWF_rFCUtH-DBCNt1dCk=) created a party named BANO (BANO)
13:50:13.320 [VehicleCarKey] Player "GalaxyPanda" (id=Pk9FmI0iGIJV90L0o-uI7ivHc45DZnNcAVX3v1GVD5Y= pos=<10134.711914, 0.272567, 13012.824219>) used the  ExpansionCarKey to lock ExpansionUtilityBoat (id=41B28DCEE644A247F54CFAB54803385C pos=<10136.404297, 0.280887, 13015.399414>)
13:50:15.156 [VehicleEngine] Player Lou Sassole [uid=ebo0O4yOjYkK486s9SoqLuFc3tRe1vP1S2eE1IJxhV4=] started vehicle SUV White  (id=5C402AB07846235972D213B8F7ABFA4F pos=<5632.621582, 28.713465, 5379.992676>)
13:50:30.476 [Party] Player "wadekeys101" (id=LE_dvzyhQtBty3t5Umm5_mCSWF_rFCUtH-DBCNt1dCk=) invited the player "StevieG12" (id=erK2WRQhs58wobrE8w7Gbp6ArioNSrtzH1a2z6lVlH0=)to the party named BANO
13:50:45.875 [Party] Player "GalaxyPanda" (id=Pk9FmI0iGIJV90L0o-uI7ivHc45DZnNcAVX3v1GVD5Y=) left the party "STAG" (id=7 ownerUID=Pk9FmI0iGIJV90L0o-uI7ivHc45DZnNcAVX3v1GVD5Y= ownerName=GalaxyPanda)
13:51:31.753 [Safezone] Player "Lou Sassole" (id=ebo0O4yOjYkK486s9SoqLuFc3tRe1vP1S2eE1IJxhV4= pos=<5835.438477, 31.416161, 5191.785645>) Left the safezone
13:52:34.890 [Party] Player "StevieG12" (id=erK2WRQhs58wobrE8w7Gbp6ArioNSrtzH1a2z6lVlH0=) joinded the party "BANO" (id=13 ownerUID=LE_dvzyhQtBty3t5Umm5_mCSWF_rFCUtH-DBCNt1dCk= ownerName=wadekeys101)
13:54:03.554 [VehicleEngine] Player Lou Sassole [uid=ebo0O4yOjYkK486s9SoqLuFc3tRe1vP1S2eE1IJxhV4=] stopped vehicle SUV White  (id=5C402AB07846235972D213B8F7ABFA4F pos=<7208.761719, 2.305092, 5185.676270>)
13:54:08.289 [VehicleLeave] Player Lou Sassole [uid=ebo0O4yOjYkK486s9SoqLuFc3tRe1vP1S2eE1IJxhV4=] left vehicle SUV White  (id=5C402AB07846235972D213B8F7ABFA4F pos=<7208.762207, 2.304977, 5185.677246>)
13:54:16.351 [VehicleCarKey] Player "Lou Sassole" (id=ebo0O4yOjYkK486s9SoqLuFc3tRe1vP1S2eE1IJxhV4= pos=<7210.561523, 1.830631, 5188.230957>) used the  ExpansionCarKey to lock SUV_white (id=5C402AB07846235972D213B8F7ABFA4F pos=<7208.763672, 2.304602, 5185.678711>)
13:56:23.203 [Party] Player "wadekeys101" (id=LE_dvzyhQtBty3t5Umm5_mCSWF_rFCUtH-DBCNt1dCk=) left the party "BANO" (id=13 ownerUID=LE_dvzyhQtBty3t5Umm5_mCSWF_rFCUtH-DBCNt1dCk= ownerName=wadekeys101)
13:56:23.207 [Party] Player "StevieG12" (id=erK2WRQhs58wobrE8w7Gbp6ArioNSrtzH1a2z6lVlH0=) left the party "BANO" (id=13 ownerUID=LE_dvzyhQtBty3t5Umm5_mCSWF_rFCUtH-DBCNt1dCk= ownerName=wadekeys101)
