12:34:56.789 [Party] Player "OrdepRoinuj" (id=jho7WUBGAZrvFnn8RJJsJvDzNHi4rQTd5HHL__KErjY=) joinded the party "OldDog" (id=42 ownerUID=jho7WUBGAZrvFnn8RJJsJvDzNHi4rQTd5HHL__KErjY= ownerName=Old Dog)
12:34:56.800 [Expansion Quests] - InitQuestSystemClient - Loaded existing player quest data for player with UID: jho7WUBGAZrvFnn8RJJsJvDzNHi4rQTd5HHL__KErjY=
12:34:56.800 [Expansion Quests] - LoadGroupQuestData - Loaded existing group quest data for group with ID: 42
12:34:57.753 [Expansion Quests] - LoadGroupQuestData - Got cached group quest data for group with ID: 42
12:38:56.089 [Party] Player "OrdepRoinuj" (id=jho7WUBGAZrvFnn8RJJsJvDzNHi4rQTd5HHL__KErjY=) left the party "OldDog" (id=42 ownerUID=jho7WUBGAZrvFnn8RJJsJvDzNHi4rQTd5HHL__KErjY= ownerName=Old Dog)
12:49:57.054 [MissionAirdrop] An airdrop is heading towards "Oceanville" (pos=<10179.000000, 0.000000, 4722.000000> type=Random_Oceanville) with a ExpansionAirdropContainer_Military
15:43:58.296 [Party] Player "Stahlhelm Sturm" (id=Dj-6_aSgGuPVYaq-POeeqvRPr_91gVAi6qp9fgRrqHk=) joinded the party "DIEHARD" (id=32 ownerUID=JmVdSu0kzNbOpwjpFV-MDcMB-Equ3yPY-l-COMb6HgY= ownerName=Nick Leadbeatter)
15:43:58.308 [Expansion Quests] - InitQuestSystemClient - Loaded existing player quest data for player with UID: Dj-6_aSgGuPVYaq-POeeqvRPr_91gVAi6qp9fgRrqHk=
15:43:58.308 [Expansion Quests] - LoadGroupQuestData - Loaded existing group quest data for group with ID: 32
15:43:58.308 [Expansion Quests] - Create new quest instance for quest: 44 - Player UID: Dj-6_aSgGuPVYaq-POeeqvRPr_91gVAi6qp9fgRrqHk=
15:43:59.257 [Expansion Quests] - LoadGroupQuestData - Got cached group quest data for group with ID: 32
15:53:54.937 [VehicleCover] Player "Stahlhelm Sturm" (id=Dj-6_aSgGuPVYaq-POeeqvRPr_91gVAi6qp9fgRrqHk= pos=<8911.878906, 5.142495, 8716.789063>) uncovered vehicle "OffroadRangeRover_green" (GlobalID=80000000800000008000000080016FB4 pos=<8912.149414, 5.139036, 8719.642578>)!
15:54:04.843 [VehicleCarKey] Player "Stahlhelm Sturm" (id=Dj-6_aSgGuPVYaq-POeeqvRPr_91gVAi6qp9fgRrqHk= pos=<8912.050781, 5.142500, 8717.373047>) used the  ExpansionCarKey to unlock OffroadRangeRover_green (id=B45AF23EB64640B17AD9CF9F8E504752 pos=<8912.149414, 5.139036, 8719.642578>)
15:56:32.699 [AI Patrol] Spawning 3 Temple Patrol bots at <385.517059, 47.070000, 805.213074>
15:56:32.800 [AI Patrol] Spawning 3 Temple Patrol bots at <402.959717, 47.070000, 825.654053>
15:56:32.812 [AI Patrol] Spawning 3 Temple Patrol bots at <340.536011, 55.318298, 705.404846>
15:56:34.734 [VehicleEnter] Player Stahlhelm Sturm [uid=Dj-6_aSgGuPVYaq-POeeqvRPr_91gVAi6qp9fgRrqHk=] entered vehicle Offroad Range Rover green  (id=B45AF23EB64640B17AD9CF9F8E504752 pos=<8912.149414, 5.139036, 8719.642578>) as driver
15:56:39.734 [VehicleEngine] Player Stahlhelm Sturm [uid=Dj-6_aSgGuPVYaq-POeeqvRPr_91gVAi6qp9fgRrqHk=] started vehicle Offroad Range Rover green  (id=B45AF23EB64640B17AD9CF9F8E504752 pos=<8912.149414, 5.139036, 8719.642578>)
15:57:07.785 [VehicleEngine] Player Stahlhelm Sturm [uid=Dj-6_aSgGuPVYaq-POeeqvRPr_91gVAi6qp9fgRrqHk=] stopped vehicle Offroad Range Rover green  (id=B45AF23EB64640B17AD9CF9F8E504752 pos=<8894.569336, 5.139040, 8730.550781>)
15:57:12.902 [VehicleLeave] Player Stahlhelm Sturm [uid=Dj-6_aSgGuPVYaq-POeeqvRPr_91gVAi6qp9fgRrqHk=] left vehicle Offroad Range Rover green  (id=B45AF23EB64640B17AD9CF9F8E504752 pos=<8894.569336, 5.139034, 8730.550781>)
15:57:32.367 [VehicleEnter] Player Stahlhelm Sturm [uid=Dj-6_aSgGuPVYaq-POeeqvRPr_91gVAi6qp9fgRrqHk=] entered vehicle Offroad Range Rover green  (id=B45AF23EB64640B17AD9CF9F8E504752 pos=<8894.569336, 5.139034, 8730.550781>) as driver
15:57:38.390 [VehicleEngine] Player Stahlhelm Sturm [uid=Dj-6_aSgGuPVYaq-POeeqvRPr_91gVAi6qp9fgRrqHk=] started vehicle Offroad Range Rover green  (id=B45AF23EB64640B17AD9CF9F8E504752 pos=<8894.569336, 5.139035, 8730.550781>)
16:04:11.207 [VehicleEngine] Player Stahlhelm Sturm [uid=Dj-6_aSgGuPVYaq-POeeqvRPr_91gVAi6qp9fgRrqHk=] stopped vehicle Offroad Range Rover green  (id=B45AF23EB64640B17AD9CF9F8E504752 pos=<5765.532227, 6.423316, 8182.000488>)
16:04:14.839 [VehicleLeave] Player Stahlhelm Sturm [uid=Dj-6_aSgGuPVYaq-POeeqvRPr_91gVAi6qp9fgRrqHk=] left vehicle Offroad Range Rover green  (id=B45AF23EB64640B17AD9CF9F8E504752 pos=<5765.532227, 6.423312, 8182.000488>)
16:08:57.097 [VehicleEnter] Player Stahlhelm Sturm [uid=Dj-6_aSgGuPVYaq-POeeqvRPr_91gVAi6qp9fgRrqHk=] entered vehicle Offroad Range Rover green  (id=B45AF23EB64640B17AD9CF9F8E504752 pos=<5765.570801, 6.421656, 8181.967773>) as driver
16:09:01.289 [VehicleEngine] Player Stahlhelm Sturm [uid=Dj-6_aSgGuPVYaq-POeeqvRPr_91gVAi6qp9fgRrqHk=] started vehicle Offroad Range Rover green  (id=B45AF23EB64640B17AD9CF9F8E504752 pos=<5765.570801, 6.421655, 8181.967773>)
16:09:45.292 [VehicleEngine] Player Stahlhelm Sturm [uid=Dj-6_aSgGuPVYaq-POeeqvRPr_91gVAi6qp9fgRrqHk=] stopped vehicle Offroad Range Rover green  (id=B45AF23EB64640B17AD9CF9F8E504752 pos=<5593.458984, 2.619035, 7870.001953>)
16:09:52.710 [VehicleLeave] Player Stahlhelm Sturm [uid=Dj-6_aSgGuPVYaq-POeeqvRPr_91gVAi6qp9fgRrqHk=] left vehicle Offroad Range Rover green  (id=B45AF23EB64640B17AD9CF9F8E504752 pos=<5593.458984, 2.619035, 7870.001953>)
16:11:16.515 [VehicleEnter] Player Stahlhelm Sturm [uid=Dj-6_aSgGuPVYaq-POeeqvRPr_91gVAi6qp9fgRrqHk=] entered vehicle Offroad Range Rover green  (id=B45AF23EB64640B17AD9CF9F8E504752 pos=<5593.458984, 2.619035, 7870.001953>) as driver
16:11:19.351 [VehicleEngine] Player Stahlhelm Sturm [uid=Dj-6_aSgGuPVYaq-POeeqvRPr_91gVAi6qp9fgRrqHk=] started vehicle Offroad Range Rover green  (id=B45AF23EB64640B17AD9CF9F8E504752 pos=<5593.458984, 2.619035, 7870.001953>)
16:11:41.101 [AI Patrol] Spawning 3 Power Plant Patrol bots at <4744.733398, 20.430000, 7162.130859>
16:19:53.546 [Safezone] Player "Stahlhelm Sturm" (id=Dj-6_aSgGuPVYaq-POeeqvRPr_91gVAi6qp9fgRrqHk= pos=<5659.389648, 29.709122, 5527.229004>) Entered the safezone
16:20:01.054 [MissionAirdrop] An airdrop is heading towards "Oceanville" (pos=<10179.000000, 0.000000, 4722.000000> type=Random_Oceanville) with a ExpansionAirdropContainer_Military
16:21:10.140 [VehicleEngine] Player Stahlhelm Sturm [uid=Dj-6_aSgGuPVYaq-POeeqvRPr_91gVAi6qp9fgRrqHk=] stopped vehicle Offroad Range Rover green  (id=B45AF23EB64640B17AD9CF9F8E504752 pos=<5611.253906, 28.719034, 5403.101563>)
16:21:21.062 [VehicleLeave] Player Stahlhelm Sturm [uid=Dj-6_aSgGuPVYaq-POeeqvRPr_91gVAi6qp9fgRrqHk=] left vehicle Offroad Range Rover green  (id=B45AF23EB64640B17AD9CF9F8E504752 pos=<5611.254395, 28.719034, 5403.101563>)
16:21:34.589 [VehicleCarKey] Player "Stahlhelm Sturm" (id=Dj-6_aSgGuPVYaq-POeeqvRPr_91gVAi6qp9fgRrqHk= pos=<5612.167480, 28.722498, 5402.083496>) used the  ExpansionCarKey to lock OffroadRangeRover_green (id=B45AF23EB64640B17AD9CF9F8E504752 pos=<5611.254395, 28.719034, 5403.101563>)
16:22:01.558 [Market] Player "Stahlhelm Sturm" (id=Dj-6_aSgGuPVYaq-POeeqvRPr_91gVAi6qp9fgRrqHk=) has send a requested to sell winchester70 x1 at the trader "Weapons (Oliver [WEAPONS])" in market zone "The Holler" (pos=<5632.000000, 32.000000, 5392.000000>).
16:22:01.734 [Market] Player "Stahlhelm Sturm" (id=Dj-6_aSgGuPVYaq-POeeqvRPr_91gVAi6qp9fgRrqHk=) has sold winchester70 x1 at the trader "Weapons (Oliver [WEAPONS])" in market zone "The Holler" (pos=<5632.000000, 32.000000, 5392.000000>) and got 496.
16:22:29.695 [Market] Player "Stahlhelm Sturm" (id=Dj-6_aSgGuPVYaq-POeeqvRPr_91gVAi6qp9fgRrqHk=) has send a requested to sell collectable_smartphone_blue x1 at the trader "Special (Eva [SPECIALTY ITEMS])" in market zone "The Holler" (pos=<5632.000000, 32.000000, 5392.000000>).
16:22:29.851 [Market] Player "Stahlhelm Sturm" (id=Dj-6_aSgGuPVYaq-POeeqvRPr_91gVAi6qp9fgRrqHk=) has sold collectable_smartphone_blue x1 at the trader "Special (Eva [SPECIALTY ITEMS])" in market zone "The Holler" (pos=<5632.000000, 32.000000, 5392.000000>) and got 60000.
16:22:34.992 [Market] Player "Stahlhelm Sturm" (id=Dj-6_aSgGuPVYaq-POeeqvRPr_91gVAi6qp9fgRrqHk=) has send a requested to sell collectable_gpu x1 at the trader "Special (Eva [SPECIALTY ITEMS])" in market zone "The Holler" (pos=<5632.000000, 32.000000, 5392.000000>).
16:22:35.164 [Market] Player "Stahlhelm Sturm" (id=Dj-6_aSgGuPVYaq-POeeqvRPr_91gVAi6qp9fgRrqHk=) has sold collectable_gpu x1 at the trader "Special (Eva [SPECIALTY ITEMS])" in market zone "The Holler" (pos=<5632.000000, 32.000000, 5392.000000>) and got 2250.
16:22:39.070 [Market] Player "Stahlhelm Sturm" (id=Dj-6_aSgGuPVYaq-POeeqvRPr_91gVAi6qp9fgRrqHk=) has send a requested to sell collectable_gpu x1 at the trader "Special (Eva [SPECIALTY ITEMS])" in market zone "The Holler" (pos=<5632.000000, 32.000000, 5392.000000>).
16:22:39.257 [Market] Player "Stahlhelm Sturm" (id=Dj-6_aSgGuPVYaq-POeeqvRPr_91gVAi6qp9fgRrqHk=) has sold collectable_gpu x1 at the trader "Special (Eva [SPECIALTY ITEMS])" in market zone "The Holler" (pos=<5632.000000, 32.000000, 5392.000000>) and got 6750.
16:22:41.812 [Market] Player "Stahlhelm Sturm" (id=Dj-6_aSgGuPVYaq-POeeqvRPr_91gVAi6qp9fgRrqHk=) has send a requested to sell collectable_gpu x1 at the trader "Special (Eva [SPECIALTY ITEMS])" in market zone "The Holler" (pos=<5632.000000, 32.000000, 5392.000000>).
16:22:41.972 [Market] Player "Stahlhelm Sturm" (id=Dj-6_aSgGuPVYaq-POeeqvRPr_91gVAi6qp9fgRrqHk=) has sold collectable_gpu x1 at the trader "Special (Eva [SPECIALTY ITEMS])" in market zone "The Holler" (pos=<5632.000000, 32.000000, 5392.000000>) and got 9000.
16:22:47.089 [Market] Player "Stahlhelm Sturm" (id=Dj-6_aSgGuPVYaq-POeeqvRPr_91gVAi6qp9fgRrqHk=) has send a requested to sell collectable_gameboy_mario x1 at the trader "Special (Eva [SPECIALTY ITEMS])" in market zone "The Holler" (pos=<5632.000000, 32.000000, 5392.000000>).
16:22:47.226 [Market] Player "Stahlhelm Sturm" (id=Dj-6_aSgGuPVYaq-POeeqvRPr_91gVAi6qp9fgRrqHk=) has sold collectable_gameboy_mario x1 at the trader "Special (Eva [SPECIALTY ITEMS])" in market zone "The Holler" (pos=<5632.000000, 32.000000, 5392.000000>) and got 27000.
16:22:49.300 [Market] Player "Stahlhelm Sturm" (id=Dj-6_aSgGuPVYaq-POeeqvRPr_91gVAi6qp9fgRrqHk=) has send a requested to sell collectable_gameboy_mario x1 at the trader "Special (Eva [SPECIALTY ITEMS])" in market zone "The Holler" (pos=<5632.000000, 32.000000, 5392.000000>).
16:22:49.433 [Market] Player "Stahlhelm Sturm" (id=Dj-6_aSgGuPVYaq-POeeqvRPr_91gVAi6qp9fgRrqHk=) has sold collectable_gameboy_mario x1 at the trader "Special (Eva [SPECIALTY ITEMS])" in market zone "The Holler" (pos=<5632.000000, 32.000000, 5392.000000>) and got 6750.
16:22:51.953 [Market] Player "Stahlhelm Sturm" (id=Dj-6_aSgGuPVYaq-POeeqvRPr_91gVAi6qp9fgRrqHk=) has send a requested to sell collectable_gameboy_mario x1 at the trader "Special (Eva [SPECIALTY ITEMS])" in market zone "The Holler" (pos=<5632.000000, 32.000000, 5392.000000>).
16:22:52.109 [Market] Player "Stahlhelm Sturm" (id=Dj-6_aSgGuPVYaq-POeeqvRPr_91gVAi6qp9fgRrqHk=) has sold collectable_gameboy_mario x1 at the trader "Special (Eva [SPECIALTY ITEMS])" in market zone "The Holler" (pos=<5632.000000, 32.000000, 5392.000000>) and got 20250.
16:23:40.171 [Market] Player "Stahlhelm Sturm" (id=Dj-6_aSgGuPVYaq-POeeqvRPr_91gVAi6qp9fgRrqHk=) has send a requested to sell collectable_pokemoncard_onix x1 at the trader "Collectibles (Quinn [COLLECTIBLE TRADER])" in market zone "The Holler" (pos=<5632.000000, 32.000000, 5392.000000>).
16:23:40.312 [Market] Player "Stahlhelm Sturm" (id=Dj-6_aSgGuPVYaq-POeeqvRPr_91gVAi6qp9fgRrqHk=) has sold collectable_pokemoncard_onix x1 at the trader "Collectibles (Quinn [COLLECTIBLE TRADER])" in market zone "The Holler" (pos=<5632.000000, 32.000000, 5392.000000>) and got 375.
16:25:26.746 [Market] Player "Stahlhelm Sturm" (id=Dj-6_aSgGuPVYaq-POeeqvRPr_91gVAi6qp9fgRrqHk=) has send a requested to purchase ammobox_308win_20rnd x20 from the trader "WeaponAccessories (Rolf [WEAPON ACCESSORIES])" in market zone "The Holler" (pos=<5632.000000, 32.000000, 5392.000000>).
16:25:26.933 [Market] Player "Stahlhelm Sturm" (id=Dj-6_aSgGuPVYaq-POeeqvRPr_91gVAi6qp9fgRrqHk=) has bought ammobox_308win_20rnd x20 from the trader "WeaponAccessories (Rolf [WEAPON ACCESSORIES])" in market zone "The Holler" (pos=<5632.000000, 32.000000, 5392.000000>) for a price of 640.
16:27:30.859 [VehicleCarKey] Player "Stahlhelm Sturm" (id=Dj-6_aSgGuPVYaq-POeeqvRPr_91gVAi6qp9fgRrqHk= pos=<5614.121094, 28.722498, 5403.841309>) used the  ExpansionCarKey to unlock OffroadRangeRover_green (id=B45AF23EB64640B17AD9CF9F8E504752 pos=<5611.254395, 28.719034, 5403.101563>)
16:28:34.839 [Market] Player "Stahlhelm Sturm" (id=Dj-6_aSgGuPVYaq-POeeqvRPr_91gVAi6qp9fgRrqHk=) has send a requested to sell mosin9130 x1 at the trader "Weapons (Oliver [WEAPONS])" in market zone "The Holler" (pos=<5632.000000, 32.000000, 5392.000000>).
16:28:35.015 [Market] Player "Stahlhelm Sturm" (id=Dj-6_aSgGuPVYaq-POeeqvRPr_91gVAi6qp9fgRrqHk=) has sold mosin9130 x1 at the trader "Weapons (Oliver [WEAPONS])" in market zone "The Holler" (pos=<5632.000000, 32.000000, 5392.000000>) and got 525.
16:28:48.265 [VehicleCarKey] Player "Stahlhelm Sturm" (id=Dj-6_aSgGuPVYaq-POeeqvRPr_91gVAi6qp9fgRrqHk= pos=<5613.313965, 28.722498, 5404.906250>) used the  ExpansionCarKey to lock OffroadRangeRover_green (id=B45AF23EB64640B17AD9CF9F8E504752 pos=<5611.254395, 28.719034, 5403.101563>)
16:29:20.023 [Market] Player "Stahlhelm Sturm" (id=Dj-6_aSgGuPVYaq-POeeqvRPr_91gVAi6qp9fgRrqHk=) has send a requested to purchase sewingkit x5 from the trader "BuildingSupplies (Indar [BUILDINGS])" in market zone "The Holler" (pos=<5632.000000, 32.000000, 5392.000000>).
16:29:20.199 [Market] Player "Stahlhelm Sturm" (id=Dj-6_aSgGuPVYaq-POeeqvRPr_91gVAi6qp9fgRrqHk=) has bought sewingkit x5 from the trader "BuildingSupplies (Indar [BUILDINGS])" in market zone "The Holler" (pos=<5632.000000, 32.000000, 5392.000000>) for a price of 475.
16:29:26.550 [Market] Player "Stahlhelm Sturm" (id=Dj-6_aSgGuPVYaq-POeeqvRPr_91gVAi6qp9fgRrqHk=) has send a requested to purchase leathersewingkit x2 from the trader "BuildingSupplies (Indar [BUILDINGS])" in market zone "The Holler" (pos=<5632.000000, 32.000000, 5392.000000>).
16:29:26.710 [Market] Player "Stahlhelm Sturm" (id=Dj-6_aSgGuPVYaq-POeeqvRPr_91gVAi6qp9fgRrqHk=) has bought leathersewingkit x2 from the trader "BuildingSupplies (Indar [BUILDINGS])" in market zone "The Holler" (pos=<5632.000000, 32.000000, 5392.000000>) for a price of 220.
16:29:32.683 [Market] Player "Stahlhelm Sturm" (id=Dj-6_aSgGuPVYaq-POeeqvRPr_91gVAi6qp9fgRrqHk=) has send a requested to purchase weaponcleaningkit x3 from the trader "BuildingSupplies (Indar [BUILDINGS])" in market zone "The Holler" (pos=<5632.000000, 32.000000, 5392.000000>).
16:29:32.839 [Market] Player "Stahlhelm Sturm" (id=Dj-6_aSgGuPVYaq-POeeqvRPr_91gVAi6qp9fgRrqHk=) has bought weaponcleaningkit x3 from the trader "BuildingSupplies (Indar [BUILDINGS])" in market zone "The Holler" (pos=<5632.000000, 32.000000, 5392.000000>) for a price of 840.
16:29:47.472 [Market] Player "Stahlhelm Sturm" (id=Dj-6_aSgGuPVYaq-POeeqvRPr_91gVAi6qp9fgRrqHk=) has send a requested to purchase ducttape x1 from the trader "BuildingSupplies (Indar [BUILDINGS])" in market zone "The Holler" (pos=<5632.000000, 32.000000, 5392.000000>).
16:29:47.621 [Market] Player "Stahlhelm Sturm" (id=Dj-6_aSgGuPVYaq-POeeqvRPr_91gVAi6qp9fgRrqHk=) has bought ducttape x1 from the trader "BuildingSupplies (Indar [BUILDINGS])" in market zone "The Holler" (pos=<5632.000000, 32.000000, 5392.000000>) for a price of 20.
16:29:50.328 [Market] Player "Stahlhelm Sturm" (id=Dj-6_aSgGuPVYaq-POeeqvRPr_91gVAi6qp9fgRrqHk=) has send a requested to purchase ducttape x1 from the trader "BuildingSupplies (Indar [BUILDINGS])" in market zone "The Holler" (pos=<5632.000000, 32.000000, 5392.000000>).
16:29:50.484 [Market] Player "Stahlhelm Sturm" (id=Dj-6_aSgGuPVYaq-POeeqvRPr_91gVAi6qp9fgRrqHk=) has bought ducttape x1 from the trader "BuildingSupplies (Indar [BUILDINGS])" in market zone "The Holler" (pos=<5632.000000, 32.000000, 5392.000000>) for a price of 20.
16:29:51.472 [Market] Player "Stahlhelm Sturm" (id=Dj-6_aSgGuPVYaq-POeeqvRPr_91gVAi6qp9fgRrqHk=) has send a requested to purchase ducttape x1 from the trader "BuildingSupplies (Indar [BUILDINGS])" in market zone "The Holler" (pos=<5632.000000, 32.000000, 5392.000000>).
16:29:51.613 [Market] Player "Stahlhelm Sturm" (id=Dj-6_aSgGuPVYaq-POeeqvRPr_91gVAi6qp9fgRrqHk=) has bought ducttape x1 from the trader "BuildingSupplies (Indar [BUILDINGS])" in market zone "The Holler" (pos=<5632.000000, 32.000000, 5392.000000>) for a price of 20.
16:31:07.054 [ATM] Player "Stahlhelm Sturm" (id=Dj-6_aSgGuPVYaq-POeeqvRPr_91gVAi6qp9fgRrqHk=) has deposited 190957 on his ATM account.
16:32:02.601 [VehicleCarKey] Player "Stahlhelm Sturm" (id=Dj-6_aSgGuPVYaq-POeeqvRPr_91gVAi6qp9fgRrqHk= pos=<5612.721680, 28.722471, 5402.318359>) used the  ExpansionCarKey to unlock OffroadRangeRover_green (id=B45AF23EB64640B17AD9CF9F8E504752 pos=<5611.254395, 28.719034, 5403.101563>)
16:32:12.468 [VehicleEnter] Player Stahlhelm Sturm [uid=Dj-6_aSgGuPVYaq-POeeqvRPr_91gVAi6qp9fgRrqHk=] entered vehicle Offroad Range Rover green  (id=B45AF23EB64640B17AD9CF9F8E504752 pos=<5611.254395, 28.719034, 5403.101563>) as driver
16:32:19.613 [VehicleEngine] Player Stahlhelm Sturm [uid=Dj-6_aSgGuPVYaq-POeeqvRPr_91gVAi6qp9fgRrqHk=] started vehicle Offroad Range Rover green  (id=B45AF23EB64640B17AD9CF9F8E504752 pos=<5611.254395, 28.719034, 5403.101563>)
16:33:10.625 [Safezone] Player "Stahlhelm Sturm" (id=Dj-6_aSgGuPVYaq-POeeqvRPr_91gVAi6qp9fgRrqHk= pos=<5734.863770, 26.094862, 5209.703613>) Left the safezone
16:40:48.710 [AI Patrol] Spawning 3 Camp Eagle Patrol bots at <8874.819336, 45.486370, 3772.496826>
16:43:36.406 [VehicleEngine] Player Stahlhelm Sturm [uid=Dj-6_aSgGuPVYaq-POeeqvRPr_91gVAi6qp9fgRrqHk=] stopped vehicle Offroad Range Rover green  (id=B45AF23EB64640B17AD9CF9F8E504752 pos=<9548.806641, 30.630207, 4109.762207>)
16:43:40.128 [VehicleLeave] Player Stahlhelm Sturm [uid=Dj-6_aSgGuPVYaq-POeeqvRPr_91gVAi6qp9fgRrqHk=] left vehicle Offroad Range Rover green  (id=B45AF23EB64640B17AD9CF9F8E504752 pos=<9548.806641, 30.630215, 4109.762207>)
16:44:52.062 [VehicleEnter] Player Stahlhelm Sturm [uid=Dj-6_aSgGuPVYaq-POeeqvRPr_91gVAi6qp9fgRrqHk=] entered vehicle Offroad Range Rover green  (id=B45AF23EB64640B17AD9CF9F8E504752 pos=<9548.806641, 30.630213, 4109.762207>) as driver
16:44:57.015 [VehicleEngine] Player Stahlhelm Sturm [uid=Dj-6_aSgGuPVYaq-POeeqvRPr_91gVAi6qp9fgRrqHk=] started vehicle Offroad Range Rover green  (id=B45AF23EB64640B17AD9CF9F8E504752 pos=<9548.806641, 30.630209, 4109.762207>)
16:53:41.375 [VehicleEngine] Player Stahlhelm Sturm [uid=Dj-6_aSgGuPVYaq-POeeqvRPr_91gVAi6qp9fgRrqHk=] stopped vehicle Offroad Range Rover green  (id=B45AF23EB64640B17AD9CF9F8E504752 pos=<10247.316406, 40.077690, 4809.067383>)
16:53:47.289 [VehicleLeave] Player Stahlhelm Sturm [uid=Dj-6_aSgGuPVYaq-POeeqvRPr_91gVAi6qp9fgRrqHk=] left vehicle Offroad Range Rover green  (id=B45AF23EB64640B17AD9CF9F8E504752 pos=<10247.316406, 40.077682, 4809.067383>)
16:59:59.757 [VehicleEnter] Player Stahlhelm Sturm [uid=Dj-6_aSgGuPVYaq-POeeqvRPr_91gVAi6qp9fgRrqHk=] entered vehicle Offroad Range Rover green  (id=B45AF23EB64640B17AD9CF9F8E504752 pos=<10247.156250, 40.073872, 4809.087402>) as driver
17:00:06.359 [VehicleEngine] Player Stahlhelm Sturm [uid=Dj-6_aSgGuPVYaq-POeeqvRPr_91gVAi6qp9fgRrqHk=] started vehicle Offroad Range Rover green  (id=B45AF23EB64640B17AD9CF9F8E504752 pos=<10247.156250, 40.073872, 4809.087402>)
17:00:37.062 [VehicleEngine] Player Stahlhelm Sturm [uid=Dj-6_aSgGuPVYaq-POeeqvRPr_91gVAi6qp9fgRrqHk=] stopped vehicle Offroad Range Rover green  (id=B45AF23EB64640B17AD9CF9F8E504752 pos=<10221.127930, 41.758823, 4908.177246>)
17:00:41.929 [VehicleLeave] Player Stahlhelm Sturm [uid=Dj-6_aSgGuPVYaq-POeeqvRPr_91gVAi6qp9fgRrqHk=] left vehicle Offroad Range Rover green  (id=B45AF23EB64640B17AD9CF9F8E504752 pos=<10221.127930, 41.758823, 4908.177246>)
17:00:57.625 [VehicleCarKey] Player "Stahlhelm Sturm" (id=Dj-6_aSgGuPVYaq-POeeqvRPr_91gVAi6qp9fgRrqHk= pos=<10219.564453, 41.800945, 4908.093262>) used the  ExpansionCarKey to lock OffroadRangeRover_green (id=B45AF23EB64640B17AD9CF9F8E504752 pos=<10221.127930, 41.758820, 4908.177246>)
17:07:20.148 [VehicleCarKey] Player "Stahlhelm Sturm" (id=Dj-6_aSgGuPVYaq-POeeqvRPr_91gVAi6qp9fgRrqHk= pos=<10219.661133, 41.800095, 4907.715332>) used the  ExpansionCarKey to unlock OffroadRangeRover_green (id=B45AF23EB64640B17AD9CF9F8E504752 pos=<10221.127930, 41.758820, 4908.177246>)
17:07:27.648 [VehicleEnter] Player Stahlhelm Sturm [uid=Dj-6_aSgGuPVYaq-POeeqvRPr_91gVAi6qp9fgRrqHk=] entered vehicle Offroad Range Rover green  (id=B45AF23EB64640B17AD9CF9F8E504752 pos=<10221.127930, 41.758816, 4908.177246>) as driver
17:07:33.851 [VehicleEngine] Player Stahlhelm Sturm [uid=Dj-6_aSgGuPVYaq-POeeqvRPr_91gVAi6qp9fgRrqHk=] started vehicle Offroad Range Rover green  (id=B45AF23EB64640B17AD9CF9F8E504752 pos=<10221.127930, 41.758820, 4908.177246>)
17:20:22.195 [Safezone] Player "Stahlhelm Sturm" (id=Dj-6_aSgGuPVYaq-POeeqvRPr_91gVAi6qp9fgRrqHk= pos=<5674.495117, 33.265747, 5264.028320>) Entered the safezone
17:22:02.269 [VehicleEngine] Player Stahlhelm Sturm [uid=Dj-6_aSgGuPVYaq-POeeqvRPr_91gVAi6qp9fgRrqHk=] stopped vehicle Offroad Range Rover green  (id=B45AF23EB64640B17AD9CF9F8E504752 pos=<5611.823242, 28.719032, 5404.030273>)
17:22:12.457 [VehicleLeave] Player Stahlhelm Sturm [uid=Dj-6_aSgGuPVYaq-POeeqvRPr_91gVAi6qp9fgRrqHk=] left vehicle Offroad Range Rover green  (id=B45AF23EB64640B17AD9CF9F8E504752 pos=<5611.823242, 28.719034, 5404.030273>)
17:22:25.039 [VehicleCarKey] Player "Stahlhelm Sturm" (id=Dj-6_aSgGuPVYaq-POeeqvRPr_91gVAi6qp9fgRrqHk= pos=<5613.326172, 28.722450, 5403.519043>) used the  ExpansionCarKey to lock OffroadRangeRover_green (id=B45AF23EB64640B17AD9CF9F8E504752 pos=<5611.823242, 28.719034, 5404.030273>)
17:23:19.449 [Market] Player "Stahlhelm Sturm" (id=Dj-6_aSgGuPVYaq-POeeqvRPr_91gVAi6qp9fgRrqHk=) has send a requested to sell collectable_intel x1 at the trader "Special (Eva [SPECIALTY ITEMS])" in market zone "The Holler" (pos=<5632.000000, 32.000000, 5392.000000>).
17:23:19.621 [Market] Player "Stahlhelm Sturm" (id=Dj-6_aSgGuPVYaq-POeeqvRPr_91gVAi6qp9fgRrqHk=) has sold collectable_intel x1 at the trader "Special (Eva [SPECIALTY ITEMS])" in market zone "The Holler" (pos=<5632.000000, 32.000000, 5392.000000>) and got 22500.
17:24:07.359 [Market] Player "Stahlhelm Sturm" (id=Dj-6_aSgGuPVYaq-POeeqvRPr_91gVAi6qp9fgRrqHk=) has send a requested to sell collectable_pokemoncard_defender x1 at the trader "Collectibles (Quinn [COLLECTIBLE TRADER])" in market zone "The Holler" (pos=<5632.000000, 32.000000, 5392.000000>).
17:24:07.523 [Market] Player "Stahlhelm Sturm" (id=Dj-6_aSgGuPVYaq-POeeqvRPr_91gVAi6qp9fgRrqHk=) has sold collectable_pokemoncard_defender x1 at the trader "Collectibles (Quinn [COLLECTIBLE TRADER])" in market zone "The Holler" (pos=<5632.000000, 32.000000, 5392.000000>) and got 1500.
17:24:14.992 [Market] Player "Stahlhelm Sturm" (id=Dj-6_aSgGuPVYaq-POeeqvRPr_91gVAi6qp9fgRrqHk=) has send a requested to sell collectable_pokemoncard_superpotion x1 at the trader "Collectibles (Quinn [COLLECTIBLE TRADER])" in market zone "The Holler" (pos=<5632.000000, 32.000000, 5392.000000>).
17:24:15.167 [Market] Player "Stahlhelm Sturm" (id=Dj-6_aSgGuPVYaq-POeeqvRPr_91gVAi6qp9fgRrqHk=) has sold collectable_pokemoncard_superpotion x1 at the trader "Collectibles (Quinn [COLLECTIBLE TRADER])" in market zone "The Holler" (pos=<5632.000000, 32.000000, 5392.000000>) and got 1125.
17:24:53.835 [Market] Player "Stahlhelm Sturm" (id=Dj-6_aSgGuPVYaq-POeeqvRPr_91gVAi6qp9fgRrqHk=) has send a requested to purchase mvs_combatshirt_od x1 from the trader "Clothing_Accessories (Elias [CLOTHING & ACCESSORIES])" in market zone "The Holler" (pos=<5632.000000, 32.000000, 5392.000000>).
17:24:53.984 [Market] Player "Stahlhelm Sturm" (id=Dj-6_aSgGuPVYaq-POeeqvRPr_91gVAi6qp9fgRrqHk=) has bought mvs_combatshirt_od x1 from the trader "Clothing_Accessories (Elias [CLOTHING & ACCESSORIES])" in market zone "The Holler" (pos=<5632.000000, 32.000000, 5392.000000>) for a price of 800.
17:29:27.937 [ATM] Player "Stahlhelm Sturm" (id=Dj-6_aSgGuPVYaq-POeeqvRPr_91gVAi6qp9fgRrqHk=) has deposited 24325 on his ATM account.
17:30:35.292 [Party] Player "Stahlhelm Sturm" (id=Dj-6_aSgGuPVYaq-POeeqvRPr_91gVAi6qp9fgRrqHk=) left the party "DIEHARD" (id=32 ownerUID=JmVdSu0kzNbOpwjpFV-MDcMB-Equ3yPY-l-COMb6HgY= ownerName=Nick Leadbeatter)
