12:03:02.964 [SpawnSelection] Player "dpawlowicz1976" (id=T8fVMjjBfRSRV30zfLfhy-UbXCk_DnekYXMcPKOvVdA=) spawned at <6173.950195, 26.860001, 13886.299805>
12:03:13.324 [Party] Player "Jasper" (id=yoR_hPQejevy38pVI7cJSHyugdmrvDeHBcX9TupJ1QI=) joinded the party "Carrots" (id=43 ownerUID=pod5B72JHSqsn_XNMr587skUFpcgUl5U4e6KmhqavEU= ownerName=Sarco)
12:04:24.410 [Party] Player "Sarco" (id=pod5B72JHSqsn_XNMr587skUFpcgUl5U4e6KmhqavEU=) joinded the party "Carrots" (id=43 ownerUID=pod5B72JHSqsn_XNMr587skUFpcgUl5U4e6KmhqavEU= ownerName=Sarco)
12:07:15.640 [Party] Player "Lou Sassole" (id=ebo0O4yOjYkK486s9SoqLuFc3tRe1vP1S2eE1IJxhV4=) joinded the party "Loosey Goosey" (id=28 ownerUID=ebo0O4yOjYkK486s9SoqLuFc3tRe1vP1S2eE1IJxhV4= ownerName=Lou Sassole)
12:08:05.542 [VehicleDeleted] ExpansionZodiacBoat (id=D7E4442456400E9C985F1ABC5C941E2F pos=<-0.004868, 0.602199, -1.424386>)
12:08:05.546 [VirtualGarage] Player "Lou Sassole" (id=ebo0O4yOjYkK486s9SoqLuFc3tRe1vP1S2eE1IJxhV4= pos=<10289.360352, 1.473624, 5626.427246>) retrieved a vehicle "ExpansionZodiacBoat" (GlobalID=8000000080000000800000008001E9A0 pos=<10324.318359, 0.070818, 5637.488770>)
12:08:13.910 [Safezone] Player "Lou Sassole" (id=ebo0O4yOjYkK486s9SoqLuFc3tRe1vP1S2eE1IJxhV4= pos=<10312.069336, 1.462441, 5632.467285>) Entered the safezone
12:08:23.734 [VehicleCarKey] Player "Lou Sassole" (id=ebo0O4yOjYkK486s9SoqLuFc3tRe1vP1S2eE1IJxhV4= pos=<10323.606445, 0.936289, 5637.628906>) used the  ExpansionCarKey to unlock ExpansionZodiacBoat (id=40954D8D4746FB8E32BC409709734CB6 pos=<10324.319336, 0.410000, 5637.488770>)
12:08:36.703 [VehicleCarKey] Player "Lou Sassole" (id=ebo0O4yOjYkK486s9SoqLuFc3tRe1vP1S2eE1IJxhV4= pos=<10323.606445, 0.936289, 5637.628906>) used the  ExpansionCarKey to lock ExpansionZodiacBoat (id=40954D8D4746FB8E32BC409709734CB6 pos=<10324.319336, 0.410000, 5637.488770>)
12:08:52.390 [VehicleDeleted] ExpansionZodiacBoat (id=40954D8D4746FB8E32BC409709734CB6 pos=<10324.319336, 0.410000, 5637.488770>)
12:08:52.390 [VirtualGarage] Player "Lou Sassole" (id=ebo0O4yOjYkK486s9SoqLuFc3tRe1vP1S2eE1IJxhV4= pos=<10289.558594, 1.473631, 5626.611328>) stored a vehicle "ExpansionZodiacBoat" (GlobalID=8000000080000000800000008001E9A0 pos=<10324.319336, -0.020000, 5637.488770>)
12:08:54.332 [Safezone] Player "Lou Sassole" (id=ebo0O4yOjYkK486s9SoqLuFc3tRe1vP1S2eE1IJxhV4= pos=<10293.018555, 1.473616, 5627.895996>) Left the safezone
12:09:03.437 [VehicleCarKey] Player "Lou Sassole" (id=ebo0O4yOjYkK486s9SoqLuFc3tRe1vP1S2eE1IJxhV4= pos=<10321.106445, 1.411992, 5599.654785>) used the  ExpansionCarKey to unlock ToyotaHilux_rust (id=11193A1B5747BCA9EE0B33BB13F3284B pos=<10322.959961, 1.496624, 5599.294922>)
12:09:07.277 [AI Patrol] Spawning 3 Temple Patrol bots at <383.962067, 46.924995, 862.350281>
12:09:07.378 [AI Patrol] Spawning 3 Temple Patrol bots at <416.604706, 47.070000, 829.692871>
12:09:07.390 [AI Patrol] Spawning 3 Temple Patrol bots at <397.165344, 43.971764, 869.417786>
12:09:08.968 [VehicleEnter] Player Lou Sassole [uid=ebo0O4yOjYkK486s9SoqLuFc3tRe1vP1S2eE1IJxhV4=] entered vehicle ToyotaHilux rust (id=11193A1B5747BCA9EE0B33BB13F3284B pos=<10322.962891, 1.496740, 5599.293945>) as driver
12:09:11.601 [VehicleEngine] Player Lou Sassole [uid=ebo0O4yOjYkK486s9SoqLuFc3tRe1vP1S2eE1IJxhV4=] started vehicle ToyotaHilux rust (id=11193A1B5747BCA9EE0B33BB13F3284B pos=<10322.960938, 1.496703, 5599.294434>)
12:11:27.765 [AI Patrol] Spawning 3 Camp Eagle Patrol bots at <8819.392578, 46.676880, 3881.623047>
12:16:49.406 [Safezone] Player "Lou Sassole" (id=ebo0O4yOjYkK486s9SoqLuFc3tRe1vP1S2eE1IJxhV4= pos=<5660.977539, 33.454849, 5267.759277>) Entered the safezone
12:17:10.984 [VehicleLeave] Player Lou Sassole [uid=ebo0O4yOjYkK486s9SoqLuFc3tRe1vP1S2eE1IJxhV4=] left vehicle ToyotaHilux rust (id=11193A1B5747BCA9EE0B33BB13F3284B pos=<5625.297363, 28.714741, 5415.119629>)
12:17:15.464 [VehicleCarKey] Player "Lou Sassole" (id=ebo0O4yOjYkK486s9SoqLuFc3tRe1vP1S2eE1IJxhV4= pos=<5623.927734, 28.812746, 5416.124023>) used the  ExpansionCarKey to lock ToyotaHilux_rust (id=11193A1B5747BCA9EE0B33BB13F3284B pos=<5625.294922, 28.714762, 5415.122070>)
12:17:29.363 [ATM] Player "Lou Sassole" (id=ebo0O4yOjYkK486s9SoqLuFc3tRe1vP1S2eE1IJxhV4=) has withdrawn 10000 from his ATM account.
12:17:46.773 [MissionAirdrop] An airdrop is heading towards "Greenville" (pos=<4658.000000, 0.000000, 1414.000000> type=Random_Greenville) with a ExpansionAirdropContainer
12:18:40.441 [ATM] Player "Lou Sassole" (id=ebo0O4yOjYkK486s9SoqLuFc3tRe1vP1S2eE1IJxhV4=) has withdrawn 10000 from his ATM account.
12:19:27.828 [Market] Player "Lou Sassole" (id=ebo0O4yOjYkK486s9SoqLuFc3tRe1vP1S2eE1IJxhV4=) has send a requested to purchase expansionhelicopterbattery x1 from the trader "Vehicles (Lewis [VEHICLES])" in market zone "The Holler" (pos=<5632.000000, 32.000000, 5392.000000>).
12:19:27.910 [Market] Player "Lou Sassole" (id=ebo0O4yOjYkK486s9SoqLuFc3tRe1vP1S2eE1IJxhV4=) has bought expansionhelicopterbattery x1 from the trader "Vehicles (Lewis [VEHICLES])" in market zone "The Holler" (pos=<5632.000000, 32.000000, 5392.000000>) for a price of 12000.
12:19:29.871 [Market] Player "Lou Sassole" (id=ebo0O4yOjYkK486s9SoqLuFc3tRe1vP1S2eE1IJxhV4=) has send a requested to purchase expansionigniterplug x1 from the trader "Vehicles (Lewis [VEHICLES])" in market zone "The Holler" (pos=<5632.000000, 32.000000, 5392.000000>).
12:19:29.984 [Market] Player "Lou Sassole" (id=ebo0O4yOjYkK486s9SoqLuFc3tRe1vP1S2eE1IJxhV4=) has bought expansionigniterplug x1 from the trader "Vehicles (Lewis [VEHICLES])" in market zone "The Holler" (pos=<5632.000000, 32.000000, 5392.000000>) for a price of 1000.
12:19:30.699 [Market] Player "Lou Sassole" (id=ebo0O4yOjYkK486s9SoqLuFc3tRe1vP1S2eE1IJxhV4=) has send a requested to purchase expansionigniterplug x1 from the trader "Vehicles (Lewis [VEHICLES])" in market zone "The Holler" (pos=<5632.000000, 32.000000, 5392.000000>).
12:19:30.828 [Market] Player "Lou Sassole" (id=ebo0O4yOjYkK486s9SoqLuFc3tRe1vP1S2eE1IJxhV4=) has bought expansionigniterplug x1 from the trader "Vehicles (Lewis [VEHICLES])" in market zone "The Holler" (pos=<5632.000000, 32.000000, 5392.000000>) for a price of 1000.
12:19:36.164 [Market] Player "Lou Sassole" (id=ebo0O4yOjYkK486s9SoqLuFc3tRe1vP1S2eE1IJxhV4=) has send a requested to purchase sparkplug x1 from the trader "Vehicles (Lewis [VEHICLES])" in market zone "The Holler" (pos=<5632.000000, 32.000000, 5392.000000>).
12:19:36.253 [Market] Player "Lou Sassole" (id=ebo0O4yOjYkK486s9SoqLuFc3tRe1vP1S2eE1IJxhV4=) has bought sparkplug x1 from the trader "Vehicles (Lewis [VEHICLES])" in market zone "The Holler" (pos=<5632.000000, 32.000000, 5392.000000>) for a price of 600.
12:19:36.796 [Market] Player "Lou Sassole" (id=ebo0O4yOjYkK486s9SoqLuFc3tRe1vP1S2eE1IJxhV4=) has send a requested to purchase sparkplug x1 from the trader "Vehicles (Lewis [VEHICLES])" in market zone "The Holler" (pos=<5632.000000, 32.000000, 5392.000000>).
12:19:36.867 [Market] Player "Lou Sassole" (id=ebo0O4yOjYkK486s9SoqLuFc3tRe1vP1S2eE1IJxhV4=) has bought sparkplug x1 from the trader "Vehicles (Lewis [VEHICLES])" in market zone "The Holler" (pos=<5632.000000, 32.000000, 5392.000000>) for a price of 600.
12:19:43.613 [Market] Player "Lou Sassole" (id=ebo0O4yOjYkK486s9SoqLuFc3tRe1vP1S2eE1IJxhV4=) has send a requested to purchase expansioncarkey x1 from the trader "Vehicles (Lewis [VEHICLES])" in market zone "The Holler" (pos=<5632.000000, 32.000000, 5392.000000>).
12:19:43.695 [Market] Player "Lou Sassole" (id=ebo0O4yOjYkK486s9SoqLuFc3tRe1vP1S2eE1IJxhV4=) has bought expansioncarkey x1 from the trader "Vehicles (Lewis [VEHICLES])" in market zone "The Holler" (pos=<5632.000000, 32.000000, 5392.000000>) for a price of 500.
12:19:44.335 [Market] Player "Lou Sassole" (id=ebo0O4yOjYkK486s9SoqLuFc3tRe1vP1S2eE1IJxhV4=) has send a requested to purchase expansioncarkey x1 from the trader "Vehicles (Lewis [VEHICLES])" in market zone "The Holler" (pos=<5632.000000, 32.000000, 5392.000000>).
12:19:44.445 [Market] Player "Lou Sassole" (id=ebo0O4yOjYkK486s9SoqLuFc3tRe1vP1S2eE1IJxhV4=) has bought expansioncarkey x1 from the trader "Vehicles (Lewis [VEHICLES])" in market zone "The Holler" (pos=<5632.000000, 32.000000, 5392.000000>) for a price of 500.
12:20:01.070 [VehicleCarKey] Player "Lou Sassole" (id=ebo0O4yOjYkK486s9SoqLuFc3tRe1vP1S2eE1IJxhV4= pos=<5622.581055, 28.722485, 5412.334961>) used the  ExpansionCarKey to unlock ToyotaHilux_rust (id=11193A1B5747BCA9EE0B33BB13F3284B pos=<5625.294922, 28.714762, 5415.122070>)
12:20:50.777 [VehicleCarKey] Player "Lou Sassole" (id=ebo0O4yOjYkK486s9SoqLuFc3tRe1vP1S2eE1IJxhV4= pos=<5622.581055, 28.722485, 5412.334961>) used the  ExpansionCarKey to lock ToyotaHilux_rust (id=11193A1B5747BCA9EE0B33BB13F3284B pos=<5625.294922, 28.714762, 5415.122070>)
12:20:52.707 [VehicleCarKey] Player "Lou Sassole" (id=ebo0O4yOjYkK486s9SoqLuFc3tRe1vP1S2eE1IJxhV4= pos=<5622.581055, 28.722485, 5412.334961>) used the  ExpansionCarKey to unlock ToyotaHilux_rust (id=11193A1B5747BCA9EE0B33BB13F3284B pos=<5625.294922, 28.714762, 5415.122070>)
12:20:55.796 [VehicleCarKey] Player "Lou Sassole" (id=ebo0O4yOjYkK486s9SoqLuFc3tRe1vP1S2eE1IJxhV4= pos=<5621.954102, 28.722498, 5411.690430>) used the  ExpansionCarKey to lock ToyotaHilux_rust (id=11193A1B5747BCA9EE0B33BB13F3284B pos=<5625.294922, 28.714762, 5415.122070>)
12:21:43.714 [ATM] Player "Lou Sassole" (id=ebo0O4yOjYkK486s9SoqLuFc3tRe1vP1S2eE1IJxhV4=) has deposited 3800 on his ATM account.
12:21:50.410 [VehicleCarKey] Player "Lou Sassole" (id=ebo0O4yOjYkK486s9SoqLuFc3tRe1vP1S2eE1IJxhV4= pos=<5621.188477, 28.722498, 5412.727539>) used the  ExpansionCarKey to unlock ToyotaHilux_rust (id=11193A1B5747BCA9EE0B33BB13F3284B pos=<5625.294922, 28.714762, 5415.122070>)
12:21:57.476 [VehicleEnter] Player Lou Sassole [uid=ebo0O4yOjYkK486s9SoqLuFc3tRe1vP1S2eE1IJxhV4=] entered vehicle ToyotaHilux rust (id=11193A1B5747BCA9EE0B33BB13F3284B pos=<5625.295410, 28.714754, 5415.121582>) as driver
12:22:05.132 [Chat - Global]("Lou Sassole"(id=ebo0O4yOjYkK486s9SoqLuFc3tRe1vP1S2eE1IJxhV4=)): hello
12:22:26.250 [VehicleEngine] Player Lou Sassole [uid=ebo0O4yOjYkK486s9SoqLuFc3tRe1vP1S2eE1IJxhV4=] started vehicle ToyotaHilux rust (id=11193A1B5747BCA9EE0B33BB13F3284B pos=<5625.296387, 28.714746, 5415.120605>)
12:22:33.761 [Party] Player "OrdepRoinuj" (id=jho7WUBGAZrvFnn8RJJsJvDzNHi4rQTd5HHL__KErjY=) joinded the party "OldDog" (id=42 ownerUID=jho7WUBGAZrvFnn8RJJsJvDzNHi4rQTd5HHL__KErjY= ownerName=Old Dog)
12:23:44.968 [Safezone] Player "Lou Sassole" (id=ebo0O4yOjYkK486s9SoqLuFc3tRe1vP1S2eE1IJxhV4= pos=<5732.831055, 20.930880, 5165.348145>) Left the safezone
12:27:37.429 [AI Patrol] Spawning 1 Shamans bots at <5609.768555, 54.181946, 1436.178955>
12:27:43.890 [AI Patrol] Spawning 3 Prison Island Patrol bots at <5234.172363, 17.081131, 653.335266>
12:28:28.062 [VehicleEngine] Player Lou Sassole [uid=ebo0O4yOjYkK486s9SoqLuFc3tRe1vP1S2eE1IJxhV4=] stopped vehicle ToyotaHilux rust (id=11193A1B5747BCA9EE0B33BB13F3284B pos=<4984.837891, 32.135578, 1460.472534>)
12:29:18.761 [VehicleEngine] Player Lou Sassole [uid=ebo0O4yOjYkK486s9SoqLuFc3tRe1vP1S2eE1IJxhV4=] started vehicle ToyotaHilux rust (id=11193A1B5747BCA9EE0B33BB13F3284B pos=<4984.837891, 32.135590, 1460.472534>)
12:29:39.824 [VehicleLeave] Player Lou Sassole [uid=ebo0O4yOjYkK486s9SoqLuFc3tRe1vP1S2eE1IJxhV4=] left vehicle ToyotaHilux rust (id=11193A1B5747BCA9EE0B33BB13F3284B pos=<5090.774414, 45.584454, 1482.958984>)
12:29:45.648 [VehicleCarKey] Player "Lou Sassole" (id=ebo0O4yOjYkK486s9SoqLuFc3tRe1vP1S2eE1IJxhV4= pos=<5093.672363, 45.944225, 1483.375244>) used the  ExpansionCarKey to lock ToyotaHilux_rust (id=11193A1B5747BCA9EE0B33BB13F3284B pos=<5090.774414, 45.584469, 1482.958984>)
12:42:20.050 [ExplosionDamageSystem] About to explode GunShotGrenade_Ammo from Decoygrenade_mung<d90d1330> at <4891.96, 8.36, 1578.75> EXPLOSION range 0 dropoff 0
12:47:21.277 [VehicleCarKey] Player "OrdepRoinuj" (id=jho7WUBGAZrvFnn8RJJsJvDzNHi4rQTd5HHL__KErjY= pos=<6096.045898, 6.077587, 14527.147461>) used the  ExpansionCarKey to unlock MUSTANG_red (id=9EC2B5147E446A0EC7A00FAD8BACFC01 pos=<6097.797363, 6.137359, 14527.274414>)
12:47:41.652 [VehicleEnter] Player OrdepRoinuj [uid=jho7WUBGAZrvFnn8RJJsJvDzNHi4rQTd5HHL__KErjY=] entered vehicle MUSTANG Red (id=9EC2B5147E446A0EC7A00FAD8BACFC01 pos=<6097.797363, 6.137359, 14527.274414>) as driver
12:47:44.480 [VehicleEngine] Player OrdepRoinuj [uid=jho7WUBGAZrvFnn8RJJsJvDzNHi4rQTd5HHL__KErjY=] started vehicle MUSTANG Red (id=9EC2B5147E446A0EC7A00FAD8BACFC01 pos=<6097.797363, 6.137359, 14527.274414>)
12:50:01.703 [VehicleEngine] Player OrdepRoinuj [uid=jho7WUBGAZrvFnn8RJJsJvDzNHi4rQTd5HHL__KErjY=] stopped vehicle MUSTANG Red (id=9EC2B5147E446A0EC7A00FAD8BACFC01 pos=<6151.031738, 5.939740, 14676.410156>)
12:50:05.234 [VehicleLeave] Player OrdepRoinuj [uid=jho7WUBGAZrvFnn8RJJsJvDzNHi4rQTd5HHL__KErjY=] left vehicle MUSTANG Red (id=9EC2B5147E446A0EC7A00FAD8BACFC01 pos=<6151.032227, 5.939740, 14676.410156>)
12:50:11.847 [Party] Player "Jasper" (id=yoR_hPQejevy38pVI7cJSHyugdmrvDeHBcX9TupJ1QI=) left the party "Carrots" (id=43 ownerUID=pod5B72JHSqsn_XNMr587skUFpcgUl5U4e6KmhqavEU= ownerName=Sarco)
12:50:18.089 [VehicleEnter] Player OrdepRoinuj [uid=jho7WUBGAZrvFnn8RJJsJvDzNHi4rQTd5HHL__KErjY=] entered vehicle MUSTANG Red (id=9EC2B5147E446A0EC7A00FAD8BACFC01 pos=<6151.032227, 5.939740, 14676.410156>) as driver
12:50:22.015 [VehicleLeave] Player OrdepRoinuj [uid=jho7WUBGAZrvFnn8RJJsJvDzNHi4rQTd5HHL__KErjY=] left vehicle MUSTANG Red (id=9EC2B5147E446A0EC7A00FAD8BACFC01 pos=<6151.031738, 5.939740, 14676.410156>)
12:51:34.535 [VehicleEnter] Player OrdepRoinuj [uid=jho7WUBGAZrvFnn8RJJsJvDzNHi4rQTd5HHL__KErjY=] entered vehicle MUSTANG Red (id=9EC2B5147E446A0EC7A00FAD8BACFC01 pos=<6151.032227, 5.939740, 14676.410156>) as driver
12:51:41.730 [VehicleLeave] Player OrdepRoinuj [uid=jho7WUBGAZrvFnn8RJJsJvDzNHi4rQTd5HHL__KErjY=] left vehicle MUSTANG Red (id=9EC2B5147E446A0EC7A00FAD8BACFC01 pos=<6151.032227, 5.939740, 14676.410156>)
12:51:48.738 [VehicleCarKey] Player "OrdepRoinuj" (id=jho7WUBGAZrvFnn8RJJsJvDzNHi4rQTd5HHL__KErjY= pos=<6152.803223, 5.892500, 14676.889648>) used the  ExpansionCarKey to lock MUSTANG_red (id=9EC2B5147E446A0EC7A00FAD8BACFC01 pos=<6151.032227, 5.939740, 14676.410156>)
12:52:46.519 [Chat - Global]("Lou Sassole"(id=ebo0O4yOjYkK486s9SoqLuFc3tRe1vP1S2eE1IJxhV4=)): who was shooting at me at the airdrop? lol
12:53:46.773 [SpawnSelection] Player "j420" (id=bBw_D3S9A1Q9QDB8rzokX6lqvwo5tNiEzsI52YAjy_0=) spawned at <3469.290039, 22.379999, 6083.919922>
12:54:09.410 [VehicleCarKey] Player "OrdepRoinuj" (id=jho7WUBGAZrvFnn8RJJsJvDzNHi4rQTd5HHL__KErjY= pos=<6152.709473, 5.892500, 14676.676758>) used the  ExpansionCarKey to unlock MUSTANG_red (id=9EC2B5147E446A0EC7A00FAD8BACFC01 pos=<6151.032227, 5.939740, 14676.410156>)
12:54:31.753 [VehicleEnter] Player OrdepRoinuj [uid=jho7WUBGAZrvFnn8RJJsJvDzNHi4rQTd5HHL__KErjY=] entered vehicle MUSTANG Red (id=9EC2B5147E446A0EC7A00FAD8BACFC01 pos=<6151.032227, 5.939740, 14676.410156>) as driver
12:54:33.328 [VehicleEngine] Player OrdepRoinuj [uid=jho7WUBGAZrvFnn8RJJsJvDzNHi4rQTd5HHL__KErjY=] started vehicle MUSTANG Red (id=9EC2B5147E446A0EC7A00FAD8BACFC01 pos=<6151.031738, 5.939740, 14676.410156>)
12:55:23.339 [VehicleCarKey] Player "Lou Sassole" (id=ebo0O4yOjYkK486s9SoqLuFc3tRe1vP1S2eE1IJxhV4= pos=<5092.156250, 45.762665, 1482.287109>) used the  ExpansionCarKey to unlock ToyotaHilux_rust (id=11193A1B5747BCA9EE0B33BB13F3284B pos=<5090.774414, 45.584469, 1482.958984>)
12:55:30.277 [VehicleEnter] Player Lou Sassole [uid=ebo0O4yOjYkK486s9SoqLuFc3tRe1vP1S2eE1IJxhV4=] entered vehicle ToyotaHilux rust (id=11193A1B5747BCA9EE0B33BB13F3284B pos=<5090.781250, 45.584476, 1482.959839>) as driver
12:55:32.847 [VehicleEngine] Player Lou Sassole [uid=ebo0O4yOjYkK486s9SoqLuFc3tRe1vP1S2eE1IJxhV4=] started vehicle ToyotaHilux rust (id=11193A1B5747BCA9EE0B33BB13F3284B pos=<5090.796387, 45.586388, 1482.958618>)
12:55:37.105 [VehicleLeave] Player OrdepRoinuj [uid=jho7WUBGAZrvFnn8RJJsJvDzNHi4rQTd5HHL__KErjY=] left vehicle MUSTANG Red (id=9EC2B5147E446A0EC7A00FAD8BACFC01 pos=<6028.179688, 5.939740, 15131.170898>)
12:56:36.531 [VehicleEnter] Player OrdepRoinuj [uid=jho7WUBGAZrvFnn8RJJsJvDzNHi4rQTd5HHL__KErjY=] entered vehicle MUSTANG Red (id=9EC2B5147E446A0EC7A00FAD8BACFC01 pos=<6028.179688, 5.939741, 15131.170898>) as driver
12:59:12.609 [VehicleLeave] Player Lou Sassole [uid=ebo0O4yOjYkK486s9SoqLuFc3tRe1vP1S2eE1IJxhV4=] left vehicle ToyotaHilux rust (id=11193A1B5747BCA9EE0B33BB13F3284B pos=<4754.372559, 75.305756, 3184.723389>)
12:59:17.777 [VehicleCarKey] Player "Lou Sassole" (id=ebo0O4yOjYkK486s9SoqLuFc3tRe1vP1S2eE1IJxhV4= pos=<4756.007813, 75.367630, 3183.707764>) used the  ExpansionCarKey to lock ToyotaHilux_rust (id=11193A1B5747BCA9EE0B33BB13F3284B pos=<4754.372559, 75.305748, 3184.723877>)
13:00:15.933 [VehicleEngine] Player OrdepRoinuj [uid=jho7WUBGAZrvFnn8RJJsJvDzNHi4rQTd5HHL__KErjY=] stopped vehicle MUSTANG Red (id=9EC2B5147E446A0EC7A00FAD8BACFC01 pos=<6290.702637, 41.919739, 14148.348633>)
13:00:19.769 [VehicleLeave] Player OrdepRoinuj [uid=jho7WUBGAZrvFnn8RJJsJvDzNHi4rQTd5HHL__KErjY=] left vehicle MUSTANG Red (id=9EC2B5147E446A0EC7A00FAD8BACFC01 pos=<6290.702637, 41.919739, 14148.348633>)
13:02:37.718 [BaseRaiding] ExpansionSafeLarge (<6307.017578, 54.042286, 14167.214844>) Code set by player "OrdepRoinuj" (ID = "jho7WUBGAZrvFnn8RJJsJvDzNHi4rQTd5HHL__KErjY=" at <6308.316406, 54.076927, 14167.458984>) and the code is 252304
13:03:36.207 [VehicleCarKey] Player "OrdepRoinuj" (id=jho7WUBGAZrvFnn8RJJsJvDzNHi4rQTd5HHL__KErjY= pos=<6291.751465, 41.872448, 14149.444336>) used the  ExpansionCarKey to lock MUSTANG_red (id=9EC2B5147E446A0EC7A00FAD8BACFC01 pos=<6290.702637, 41.919743, 14148.348633>)
13:05:29.980 [Party] Player "Lou Sassole" (id=ebo0O4yOjYkK486s9SoqLuFc3tRe1vP1S2eE1IJxhV4=) left the party "Loosey Goosey" (id=28 ownerUID=ebo0O4yOjYkK486s9SoqLuFc3tRe1vP1S2eE1IJxhV4= ownerName=Lou Sassole)
13:07:06.320 [AI Patrol] Spawning 3 Paris Island Patrol bots at <3161.976807, 22.450001, 4155.270020>
13:08:48.550 [AI Patrol] Spawning 3 Paris Island Patrol bots at <2951.324463, 22.450001, 3699.916260>
13:09:10.496 [Party] Player "Jasper" (id=yoR_hPQejevy38pVI7cJSHyugdmrvDeHBcX9TupJ1QI=) joinded the party "Carrots" (id=43 ownerUID=pod5B72JHSqsn_XNMr587skUFpcgUl5U4e6KmhqavEU= ownerName=Sarco)
13:21:25.507 [Party] Player "OrdepRoinuj" (id=jho7WUBGAZrvFnn8RJJsJvDzNHi4rQTd5HHL__KErjY=) left the party "OldDog" (id=42 ownerUID=jho7WUBGAZrvFnn8RJJsJvDzNHi4rQTd5HHL__KErjY= ownerName=Old Dog)
13:25:22.820 [Party] Player "brailsford40" (id=HQAtXFe6fZZL90M2CD_a22otF9NJ2s4t7n-ol5BAu6o=) joinded the party "DIEHARD" (id=32 ownerUID=JmVdSu0kzNbOpwjpFV-MDcMB-Equ3yPY-l-COMb6HgY= ownerName=Nick Leadbeatter)
13:27:58.042 [VehicleCover] Player "brailsford40" (id=HQAtXFe6fZZL90M2CD_a22otF9NJ2s4t7n-ol5BAu6o= pos=<7446.670410, 6.662500, 8465.121094>) uncovered vehicle "ToyotaHilux_rust" (GlobalID=80000000800000008000000080013459 pos=<7446.932129, 6.654740, 8461.629883>)!
13:28:16.835 [VehicleCarKey] Player "brailsford40" (id=HQAtXFe6fZZL90M2CD_a22otF9NJ2s4t7n-ol5BAu6o= pos=<7446.670410, 6.662500, 8465.121094>) used the  ExpansionCarKey to unlock ToyotaHilux_rust (id=B27C1B14C94F85520645C6B5771A564C pos=<7446.929199, 6.654740, 8461.630859>)
13:28:34.839 [VehicleCarKey] Player "brailsford40" (id=HQAtXFe6fZZL90M2CD_a22otF9NJ2s4t7n-ol5BAu6o= pos=<7446.670410, 6.662500, 8465.121094>) used the  ExpansionCarKey to lock ToyotaHilux_rust (id=B27C1B14C94F85520645C6B5771A564C pos=<7446.929199, 6.654740, 8461.630859>)
13:28:48.937 [VehicleDeleted] ToyotaHilux_rust (id=B27C1B14C94F85520645C6B5771A564C pos=<7446.929199, 6.654740, 8461.630859>)
13:28:48.937 [VehicleCover] Player "brailsford40" (id=HQAtXFe6fZZL90M2CD_a22otF9NJ2s4t7n-ol5BAu6o= pos=<7446.655273, 6.662500, 8465.387695>) covered vehicle "ToyotaHilux_rust" (GlobalID=80000000800000008000000080013459 pos=<7446.929199, 6.654740, 8461.630859>)!
13:30:43.332 [VehicleEnter] Player brailsford40 [uid=HQAtXFe6fZZL90M2CD_a22otF9NJ2s4t7n-ol5BAu6o=] entered vehicle Mh-6 Little Bird (id=2E55F507DA410AA57807C2A007127AB2 pos=<7449.718750, 17.266726, 8429.053711>) as pilot
13:31:03.972 [VehicleEngine] Player brailsford40 [uid=HQAtXFe6fZZL90M2CD_a22otF9NJ2s4t7n-ol5BAu6o=] started vehicle Mh-6 Little Bird (id=2E55F507DA410AA57807C2A007127AB2 pos=<7449.718750, 17.266672, 8429.053711>)
13:31:59.234 [Party] Player "Jasper" (id=yoR_hPQejevy38pVI7cJSHyugdmrvDeHBcX9TupJ1QI=) joinded the party "Carrots" (id=43 ownerUID=pod5B72JHSqsn_XNMr587skUFpcgUl5U4e6KmhqavEU= ownerName=Sarco)
13:32:06.656 [SpawnSelection] Player "Jasper" (id=yoR_hPQejevy38pVI7cJSHyugdmrvDeHBcX9TupJ1QI=) spawned at <6496.990234, 31.562500, 1900.010010>
13:34:47.878 [VehicleEngine] Player brailsford40 [uid=HQAtXFe6fZZL90M2CD_a22otF9NJ2s4t7n-ol5BAu6o=] stopped vehicle Mh-6 Little Bird (id=2E55F507DA410AA57807C2A007127AB2 pos=<7022.309570, 2.215002, 7620.439941>)
13:34:55.781 [VehicleLeave] Player brailsford40 [uid=HQAtXFe6fZZL90M2CD_a22otF9NJ2s4t7n-ol5BAu6o=] left vehicle Mh-6 Little Bird (id=2E55F507DA410AA57807C2A007127AB2 pos=<7022.350586, 2.015464, 7620.428223>)
13:36:13.664 [VehicleEnter] Player brailsford40 [uid=HQAtXFe6fZZL90M2CD_a22otF9NJ2s4t7n-ol5BAu6o=] entered vehicle Mh-6 Little Bird (id=2E55F507DA410AA57807C2A007127AB2 pos=<7022.360352, 2.015986, 7620.425781>) as pilot
13:36:15.902 [VehicleEngine] Player brailsford40 [uid=HQAtXFe6fZZL90M2CD_a22otF9NJ2s4t7n-ol5BAu6o=] started vehicle Mh-6 Little Bird (id=2E55F507DA410AA57807C2A007127AB2 pos=<7022.361328, 2.015960, 7620.425293>)
13:38:29.812 [VehicleEngine] Player brailsford40 [uid=HQAtXFe6fZZL90M2CD_a22otF9NJ2s4t7n-ol5BAu6o=] stopped vehicle Mh-6 Little Bird (id=2E55F507DA410AA57807C2A007127AB2 pos=<6108.400879, 34.293404, 6177.910645>)
13:38:49.898 [VehicleLeave] Player brailsford40 [uid=HQAtXFe6fZZL90M2CD_a22otF9NJ2s4t7n-ol5BAu6o=] left vehicle Mh-6 Little Bird (id=2E55F507DA410AA57807C2A007127AB2 pos=<6108.191406, 34.370796, 6178.432617>)
13:39:28.304 [Killfeed] brailsford40 got killed by Mh-6 Little Bird.
13:41:18.234 [Party] Player "brailsford40" (id=HQAtXFe6fZZL90M2CD_a22otF9NJ2s4t7n-ol5BAu6o=) joinded the party "DIEHARD" (id=32 ownerUID=JmVdSu0kzNbOpwjpFV-MDcMB-Equ3yPY-l-COMb6HgY= ownerName=Nick Leadbeatter)
13:41:25.996 [SpawnSelection] Player "brailsford40" (id=HQAtXFe6fZZL90M2CD_a22otF9NJ2s4t7n-ol5BAu6o=) spawned at <5665.169922, 28.708799, 5392.490234>
13:41:27.398 [Safezone] Player "brailsford40" (id=HQAtXFe6fZZL90M2CD_a22otF9NJ2s4t7n-ol5BAu6o= pos=<5665.169922, 28.708799, 5392.490234>) Entered the safezone
13:42:03.554 [Safezone] Player "brailsford40" (id=HQAtXFe6fZZL90M2CD_a22otF9NJ2s4t7n-ol5BAu6o= pos=<5742.578613, 50.571930, 5553.893555>) Left the safezone
13:46:23.261 [Party] Player "OrdepRoinuj" (id=jho7WUBGAZrvFnn8RJJsJvDzNHi4rQTd5HHL__KErjY=) joinded the party "OldDog" (id=42 ownerUID=jho7WUBGAZrvFnn8RJJsJvDzNHi4rQTd5HHL__KErjY= ownerName=Old Dog)
13:47:27.167 [VehicleEnter] Player brailsford40 [uid=HQAtXFe6fZZL90M2CD_a22otF9NJ2s4t7n-ol5BAu6o=] entered vehicle Mh-6 Little Bird (id=2E55F507DA410AA57807C2A007127AB2 pos=<6114.730469, 28.958473, 6181.612793>) as pilot
13:47:36.453 [VehicleEngine] Player brailsford40 [uid=HQAtXFe6fZZL90M2CD_a22otF9NJ2s4t7n-ol5BAu6o=] started vehicle Mh-6 Little Bird (id=2E55F507DA410AA57807C2A007127AB2 pos=<6114.890625, 28.899675, 6181.618652>)
13:50:19.152 [Safezone] Player "brailsford40" (id=HQAtXFe6fZZL90M2CD_a22otF9NJ2s4t7n-ol5BAu6o= pos=<5609.740723, 218.818039, 5503.523438>) Entered the safezone
13:51:00.886 [Safezone] Player "brailsford40" (id=HQAtXFe6fZZL90M2CD_a22otF9NJ2s4t7n-ol5BAu6o= pos=<5690.148926, 204.304016, 5270.920410>) Entered the safezone
13:54:19.867 [VehicleEngine] Player brailsford40 [uid=HQAtXFe6fZZL90M2CD_a22otF9NJ2s4t7n-ol5BAu6o=] stopped vehicle Mh-6 Little Bird (id=2E55F507DA410AA57807C2A007127AB2 pos=<5624.276855, 28.782169, 5379.514160>)
13:54:44.382 [VehicleLeave] Player brailsford40 [uid=HQAtXFe6fZZL90M2CD_a22otF9NJ2s4t7n-ol5BAu6o=] left vehicle Mh-6 Little Bird (id=2E55F507DA410AA57807C2A007127AB2 pos=<5624.280273, 28.767565, 5379.511230>)
14:00:03.789 [ATM] Player "brailsford40" (id=HQAtXFe6fZZL90M2CD_a22otF9NJ2s4t7n-ol5BAu6o=) has withdrawn 195741 from his ATM account.
14:02:54.898 [Party] Player "OrdepRoinuj" (id=jho7WUBGAZrvFnn8RJJsJvDzNHi4rQTd5HHL__KErjY=) left the party "OldDog" (id=42 ownerUID=jho7WUBGAZrvFnn8RJJsJvDzNHi4rQTd5HHL__KErjY= ownerName=Old Dog)
14:07:09.152 [Market] Player "brailsford40" (id=HQAtXFe6fZZL90M2CD_a22otF9NJ2s4t7n-ol5BAu6o=) has send a requested to purchase expansioncarkey x1 from the trader "Vehicles (Lewis [VEHICLES])" in market zone "The Holler" (pos=<5632.000000, 32.000000, 5392.000000>).
14:07:09.292 [Market] Player "brailsford40" (id=HQAtXFe6fZZL90M2CD_a22otF9NJ2s4t7n-ol5BAu6o=) has bought expansioncarkey x1 from the trader "Vehicles (Lewis [VEHICLES])" in market zone "The Holler" (pos=<5632.000000, 32.000000, 5392.000000>) for a price of 500.
14:07:14.531 [Market] Player "brailsford40" (id=HQAtXFe6fZZL90M2CD_a22otF9NJ2s4t7n-ol5BAu6o=) has send a requested to purchase expansionkeychain_red x1 from the trader "Vehicles (Lewis [VEHICLES])" in market zone "The Holler" (pos=<5632.000000, 32.000000, 5392.000000>).
14:07:14.703 [Market] Player "brailsford40" (id=HQAtXFe6fZZL90M2CD_a22otF9NJ2s4t7n-ol5BAu6o=) has bought expansionkeychain_red x1 from the trader "Vehicles (Lewis [VEHICLES])" in market zone "The Holler" (pos=<5632.000000, 32.000000, 5392.000000>) for a price of 100.
14:07:17.234 [Market] Player "brailsford40" (id=HQAtXFe6fZZL90M2CD_a22otF9NJ2s4t7n-ol5BAu6o=) has send a requested to purchase expansionkeychain_red x1 from the trader "Vehicles (Lewis [VEHICLES])" in market zone "The Holler" (pos=<5632.000000, 32.000000, 5392.000000>).
14:07:17.410 [Market] Player "brailsford40" (id=HQAtXFe6fZZL90M2CD_a22otF9NJ2s4t7n-ol5BAu6o=) has bought expansionkeychain_red x1 from the trader "Vehicles (Lewis [VEHICLES])" in market zone "The Holler" (pos=<5632.000000, 32.000000, 5392.000000>) for a price of 100.
14:08:02.906 [Market] Player "brailsford40" (id=HQAtXFe6fZZL90M2CD_a22otF9NJ2s4t7n-ol5BAu6o=) has send a requested to purchase expansionkeychain_red x1 from the trader "Vehicles (Lewis [VEHICLES])" in market zone "The Holler" (pos=<5632.000000, 32.000000, 5392.000000>).
14:08:03.066 [Market] Player "brailsford40" (id=HQAtXFe6fZZL90M2CD_a22otF9NJ2s4t7n-ol5BAu6o=) has bought expansionkeychain_red x1 from the trader "Vehicles (Lewis [VEHICLES])" in market zone "The Holler" (pos=<5632.000000, 32.000000, 5392.000000>) for a price of 100.
14:11:04.757 [Market] Player "brailsford40" (id=HQAtXFe6fZZL90M2CD_a22otF9NJ2s4t7n-ol5BAu6o=) has send a requested to purchase expansioncarkey x1 from the trader "Vehicles (Lewis [VEHICLES])" in market zone "The Holler" (pos=<5632.000000, 32.000000, 5392.000000>).
14:11:04.910 [Market] Player "brailsford40" (id=HQAtXFe6fZZL90M2CD_a22otF9NJ2s4t7n-ol5BAu6o=) has bought expansioncarkey x1 from the trader "Vehicles (Lewis [VEHICLES])" in market zone "The Holler" (pos=<5632.000000, 32.000000, 5392.000000>) for a price of 500.
14:11:08.507 [Market] Player "brailsford40" (id=HQAtXFe6fZZL90M2CD_a22otF9NJ2s4t7n-ol5BAu6o=) has send a requested to purchase expansionkeychain_red x1 from the trader "Vehicles (Lewis [VEHICLES])" in market zone "The Holler" (pos=<5632.000000, 32.000000, 5392.000000>).
14:11:08.671 [Market] Player "brailsford40" (id=HQAtXFe6fZZL90M2CD_a22otF9NJ2s4t7n-ol5BAu6o=) has bought expansionkeychain_red x1 from the trader "Vehicles (Lewis [VEHICLES])" in market zone "The Holler" (pos=<5632.000000, 32.000000, 5392.000000>) for a price of 100.
14:11:52.062 [Safezone] Player "Nick Leadbeatter" (id=JmVdSu0kzNbOpwjpFV-MDcMB-Equ3yPY-l-COMb6HgY= pos=<5637.039063, 29.284998, 5391.660156>) Entered the safezone
14:11:52.066 [Party] Player "Nick Leadbeatter" (id=JmVdSu0kzNbOpwjpFV-MDcMB-Equ3yPY-l-COMb6HgY=) joinded the party "DIEHARD" (id=32 ownerUID=JmVdSu0kzNbOpwjpFV-MDcMB-Equ3yPY-l-COMb6HgY= ownerName=Nick Leadbeatter)
14:14:42.765 [VehicleCover] Player "Nick Leadbeatter" (id=JmVdSu0kzNbOpwjpFV-MDcMB-Equ3yPY-l-COMb6HgY= pos=<5640.854004, 33.123356, 5265.890625>) uncovered vehicle "Expansion_Landrover_Red" (GlobalID=800000008000000080000000800127B1 pos=<5641.284180, 32.955158, 5267.987793>)!
14:15:01.554 [VehicleCarKey] Player "Nick Leadbeatter" (id=JmVdSu0kzNbOpwjpFV-MDcMB-Equ3yPY-l-COMb6HgY= pos=<5643.820313, 32.864819, 5268.527832>) used the  ExpansionCarKey to unlock Expansion_Landrover_Red (id=3CF70D62DE4C5EB94A1E179996FFE39B pos=<5641.293457, 32.954224, 5267.997070>)
14:16:53.523 [VehicleCarKey] Player "Nick Leadbeatter" (id=JmVdSu0kzNbOpwjpFV-MDcMB-Equ3yPY-l-COMb6HgY= pos=<5644.063477, 32.851097, 5268.597656>) used the  ExpansionCarKey to lock Expansion_Landrover_Red (id=3CF70D62DE4C5EB94A1E179996FFE39B pos=<5641.293457, 32.954224, 5267.997070>)
14:17:09.675 [VehicleDeleted] Expansion_Landrover_Red (id=3CF70D62DE4C5EB94A1E179996FFE39B pos=<5641.293457, 32.954224, 5267.997070>)
14:17:09.675 [VehicleCover] Player "Nick Leadbeatter" (id=JmVdSu0kzNbOpwjpFV-MDcMB-Equ3yPY-l-COMb6HgY= pos=<5644.222168, 32.844704, 5268.667969>) covered vehicle "Expansion_Landrover_Red" (GlobalID=800000008000000080000000800127B1 pos=<5641.293457, 32.954224, 5267.997070>)!
14:22:51.078 [VehicleEnter] Player brailsford40 [uid=HQAtXFe6fZZL90M2CD_a22otF9NJ2s4t7n-ol5BAu6o=] entered vehicle Mh-6 Little Bird (id=2E55F507DA410AA57807C2A007127AB2 pos=<5624.279785, 28.767574, 5379.510742>) as pilot
14:23:05.589 [VehicleLeave] Player brailsford40 [uid=HQAtXFe6fZZL90M2CD_a22otF9NJ2s4t7n-ol5BAu6o=] left vehicle Mh-6 Little Bird (id=2E55F507DA410AA57807C2A007127AB2 pos=<5624.279785, 28.767574, 5379.510742>)
14:25:23.191 [VehicleEnter] Player Nick Leadbeatter [uid=JmVdSu0kzNbOpwjpFV-MDcMB-Equ3yPY-l-COMb6HgY=] entered vehicle Mh-6 Little Bird (id=2E55F507DA410AA57807C2A007127AB2 pos=<5624.279785, 28.767572, 5379.510742>) as pilot
14:27:54.406 [Party] Player "OrdepRoinuj" (id=jho7WUBGAZrvFnn8RJJsJvDzNHi4rQTd5HHL__KErjY=) joinded the party "OldDog" (id=42 ownerUID=jho7WUBGAZrvFnn8RJJsJvDzNHi4rQTd5HHL__KErjY= ownerName=Old Dog)
14:29:45.121 [Chat - Global]("Nick Leadbeatter"(id=JmVdSu0kzNbOpwjpFV-MDcMB-Equ3yPY-l-COMb6HgY=)): hello guys
14:30:21.988 [VehicleCarKey] Player "OrdepRoinuj" (id=jho7WUBGAZrvFnn8RJJsJvDzNHi4rQTd5HHL__KErjY= pos=<6292.208496, 41.872498, 14149.934570>) used the  ExpansionCarKey to unlock MUSTANG_red (id=9EC2B5147E446A0EC7A00FAD8BACFC01 pos=<6290.702637, 41.919743, 14148.348633>)
14:30:27.957 [VehicleEnter] Player OrdepRoinuj [uid=jho7WUBGAZrvFnn8RJJsJvDzNHi4rQTd5HHL__KErjY=] entered vehicle MUSTANG Red (id=9EC2B5147E446A0EC7A00FAD8BACFC01 pos=<6290.702637, 41.919739, 14148.348633>) as driver
14:30:29.582 [VehicleEngine] Player OrdepRoinuj [uid=jho7WUBGAZrvFnn8RJJsJvDzNHi4rQTd5HHL__KErjY=] started vehicle MUSTANG Red (id=9EC2B5147E446A0EC7A00FAD8BACFC01 pos=<6290.702637, 41.919743, 14148.348633>)
14:31:09.773 [VehicleLeave] Player Nick Leadbeatter [uid=JmVdSu0kzNbOpwjpFV-MDcMB-Equ3yPY-l-COMb6HgY=] left vehicle Mh-6 Little Bird (id=2E55F507DA410AA57807C2A007127AB2 pos=<5624.279785, 28.767567, 5379.510742>)
14:31:21.570 [VehicleEnter] Player Nick Leadbeatter [uid=JmVdSu0kzNbOpwjpFV-MDcMB-Equ3yPY-l-COMb6HgY=] entered vehicle Mh-6 Little Bird (id=2E55F507DA410AA57807C2A007127AB2 pos=<5624.279785, 28.767570, 5379.510742>) as passenger
14:31:38.042 [VehicleEnter] Player brailsford40 [uid=HQAtXFe6fZZL90M2CD_a22otF9NJ2s4t7n-ol5BAu6o=] entered vehicle Mh-6 Little Bird (id=2E55F507DA410AA57807C2A007127AB2 pos=<5624.279785, 28.767609, 5379.510742>) as pilot
14:32:25.074 [VehicleEngine] Player brailsford40 [uid=HQAtXFe6fZZL90M2CD_a22otF9NJ2s4t7n-ol5BAu6o=] started vehicle Mh-6 Little Bird (id=2E55F507DA410AA57807C2A007127AB2 pos=<5624.279785, 28.767748, 5379.510742>)
14:33:18.535 [Safezone] Player "Nick Leadbeatter" (id=JmVdSu0kzNbOpwjpFV-MDcMB-Equ3yPY-l-COMb6HgY= pos=<5923.244141, 81.669487, 5288.959961>) Left the safezone
14:33:18.558 [Safezone] Player "brailsford40" (id=HQAtXFe6fZZL90M2CD_a22otF9NJ2s4t7n-ol5BAu6o= pos=<5923.545410, 80.853020, 5289.686523>) Left the safezone
14:34:31.058 [VehicleEngine] Player OrdepRoinuj [uid=jho7WUBGAZrvFnn8RJJsJvDzNHi4rQTd5HHL__KErjY=] stopped vehicle MUSTANG Red (Locked) (id=9EC2B5147E446A0EC7A00FAD8BACFC01 pos=<5349.157227, 4.429430, 12806.378906>)
14:34:32.285 [VehicleEngine] Player brailsford40 [uid=HQAtXFe6fZZL90M2CD_a22otF9NJ2s4t7n-ol5BAu6o=] stopped vehicle Mh-6 Little Bird (id=2E55F507DA410AA57807C2A007127AB2 pos=<5934.908203, 48.568428, 5277.720703>)
14:34:36.406 [VehicleLeave] Player OrdepRoinuj [uid=jho7WUBGAZrvFnn8RJJsJvDzNHi4rQTd5HHL__KErjY=] left vehicle MUSTANG Red (id=9EC2B5147E446A0EC7A00FAD8BACFC01 pos=<5349.157227, 4.429430, 12806.378906>)
14:34:50.570 [VehicleCarKey] Player "OrdepRoinuj" (id=jho7WUBGAZrvFnn8RJJsJvDzNHi4rQTd5HHL__KErjY= pos=<5351.286133, 4.343254, 12806.379883>) used the  ExpansionCarKey to lock MUSTANG_red (id=9EC2B5147E446A0EC7A00FAD8BACFC01 pos=<5349.157227, 4.429430, 12806.378906>)
14:35:05.035 [VehicleLeave] Player brailsford40 [uid=HQAtXFe6fZZL90M2CD_a22otF9NJ2s4t7n-ol5BAu6o=] left vehicle Mh-6 Little Bird (id=2E55F507DA410AA57807C2A007127AB2 pos=<5935.708496, 47.555054, 5277.791992>)
14:35:09.039 [Party] Player "OrdepRoinuj" (id=jho7WUBGAZrvFnn8RJJsJvDzNHi4rQTd5HHL__KErjY=) left the party "OldDog" (id=42 ownerUID=jho7WUBGAZrvFnn8RJJsJvDzNHi4rQTd5HHL__KErjY= ownerName=Old Dog)
14:35:20.335 [VehicleEnter] Player Nick Leadbeatter [uid=JmVdSu0kzNbOpwjpFV-MDcMB-Equ3yPY-l-COMb6HgY=] switched seats in vehicle Mh-6 Little Bird (id=2E55F507DA410AA57807C2A007127AB2 pos=<5935.708496, 47.555305, 5277.791992>) to pilot
14:35:25.230 [VehicleLeave] Player Nick Leadbeatter [uid=JmVdSu0kzNbOpwjpFV-MDcMB-Equ3yPY-l-COMb6HgY=] left vehicle Mh-6 Little Bird (id=2E55F507DA410AA57807C2A007127AB2 pos=<5935.708496, 47.555340, 5277.791992>)
14:35:37.929 [VehicleEnter] Player Nick Leadbeatter [uid=JmVdSu0kzNbOpwjpFV-MDcMB-Equ3yPY-l-COMb6HgY=] entered vehicle Mh-6 Little Bird (id=2E55F507DA410AA57807C2A007127AB2 pos=<5935.942871, 45.664928, 5277.101563>) as passenger
14:35:50.035 [VehicleEnter] Player brailsford40 [uid=HQAtXFe6fZZL90M2CD_a22otF9NJ2s4t7n-ol5BAu6o=] entered vehicle Mh-6 Little Bird (id=2E55F507DA410AA57807C2A007127AB2 pos=<5936.507813, 45.160339, 5276.097656>) as pilot
14:35:52.484 [VehicleEngine] Player brailsford40 [uid=HQAtXFe6fZZL90M2CD_a22otF9NJ2s4t7n-ol5BAu6o=] started vehicle Mh-6 Little Bird (id=2E55F507DA410AA57807C2A007127AB2 pos=<5936.607910, 45.045296, 5275.857910>)
14:36:22.800 [Party] Player "OrdepRoinuj" (id=jho7WUBGAZrvFnn8RJJsJvDzNHi4rQTd5HHL__KErjY=) joinded the party "OldDog" (id=42 ownerUID=jho7WUBGAZrvFnn8RJJsJvDzNHi4rQTd5HHL__KErjY= ownerName=Old Dog)
14:36:28.140 [Party] Player "Jasper" (id=yoR_hPQejevy38pVI7cJSHyugdmrvDeHBcX9TupJ1QI=) left the party "Carrots" (id=43 ownerUID=pod5B72JHSqsn_XNMr587skUFpcgUl5U4e6KmhqavEU= ownerName=Sarco)
14:37:27.164 [VehicleCarKey] Player "OrdepRoinuj" (id=jho7WUBGAZrvFnn8RJJsJvDzNHi4rQTd5HHL__KErjY= pos=<5350.475586, 4.369128, 12806.101563>) used the  ExpansionCarKey to unlock MUSTANG_red (id=9EC2B5147E446A0EC7A00FAD8BACFC01 pos=<5349.157227, 4.429430, 12806.378906>)
14:37:33.378 [VehicleEnter] Player OrdepRoinuj [uid=jho7WUBGAZrvFnn8RJJsJvDzNHi4rQTd5HHL__KErjY=] entered vehicle MUSTANG Red (id=9EC2B5147E446A0EC7A00FAD8BACFC01 pos=<5349.157227, 4.429430, 12806.378906>) as driver
14:37:34.742 [VehicleEngine] Player OrdepRoinuj [uid=jho7WUBGAZrvFnn8RJJsJvDzNHi4rQTd5HHL__KErjY=] started vehicle MUSTANG Red (id=9EC2B5147E446A0EC7A00FAD8BACFC01 pos=<5349.157715, 4.429429, 12806.378906>)
14:37:50.257 [Safezone] Player "Sarco" (id=pod5B72JHSqsn_XNMr587skUFpcgUl5U4e6KmhqavEU= pos=<5731.502441, 44.142422, 5298.429199>) Entered the safezone
14:38:05.812 [Party] Player "Jasper" (id=yoR_hPQejevy38pVI7cJSHyugdmrvDeHBcX9TupJ1QI=) joinded the party "Carrots" (id=43 ownerUID=pod5B72JHSqsn_XNMr587skUFpcgUl5U4e6KmhqavEU= ownerName=Sarco)
14:38:16.914 [VehicleEngine] Player brailsford40 [uid=HQAtXFe6fZZL90M2CD_a22otF9NJ2s4t7n-ol5BAu6o=] stopped vehicle Mh-6 Little Bird (id=2E55F507DA410AA57807C2A007127AB2 pos=<5929.808594, 43.568771, 5237.378418>)
14:38:17.496 [VehicleLeave] Player OrdepRoinuj [uid=jho7WUBGAZrvFnn8RJJsJvDzNHi4rQTd5HHL__KErjY=] left vehicle MUSTANG Red (id=9EC2B5147E446A0EC7A00FAD8BACFC01 pos=<5242.004395, 4.829740, 12485.976563>)
14:38:31.828 [VehicleEnter] Player OrdepRoinuj [uid=jho7WUBGAZrvFnn8RJJsJvDzNHi4rQTd5HHL__KErjY=] entered vehicle MUSTANG Red (id=9EC2B5147E446A0EC7A00FAD8BACFC01 pos=<5242.004883, 4.829741, 12485.976563>) as driver
14:38:45.160 [VehicleLeave] Player brailsford40 [uid=HQAtXFe6fZZL90M2CD_a22otF9NJ2s4t7n-ol5BAu6o=] left vehicle Mh-6 Little Bird (id=2E55F507DA410AA57807C2A007127AB2 pos=<5929.411621, 38.404190, 5237.857910>)
14:38:53.062 [VehicleLeave] Player Nick Leadbeatter [uid=JmVdSu0kzNbOpwjpFV-MDcMB-Equ3yPY-l-COMb6HgY=] left vehicle Mh-6 Little Bird (id=2E55F507DA410AA57807C2A007127AB2 pos=<5929.413086, 38.404491, 5237.857910>)
14:39:08.488 [VehicleEnter] Player Nick Leadbeatter [uid=JmVdSu0kzNbOpwjpFV-MDcMB-Equ3yPY-l-COMb6HgY=] entered vehicle Mh-6 Little Bird (id=2E55F507DA410AA57807C2A007127AB2 pos=<5929.414063, 38.404560, 5237.857422>) as passenger
14:39:11.605 [VehicleEnter] Player Nick Leadbeatter [uid=JmVdSu0kzNbOpwjpFV-MDcMB-Equ3yPY-l-COMb6HgY=] switched seats in vehicle Mh-6 Little Bird (id=2E55F507DA410AA57807C2A007127AB2 pos=<5929.414063, 38.404518, 5237.857422>) to pilot
14:39:25.171 [VehicleLeave] Player Nick Leadbeatter [uid=JmVdSu0kzNbOpwjpFV-MDcMB-Equ3yPY-l-COMb6HgY=] left vehicle Mh-6 Little Bird (id=2E55F507DA410AA57807C2A007127AB2 pos=<5929.413574, 38.404514, 5237.856934>)
14:40:12.671 [Safezone] Player "Jasper" (id=yoR_hPQejevy38pVI7cJSHyugdmrvDeHBcX9TupJ1QI= pos=<5720.858887, 41.987392, 5288.807617>) Entered the safezone
14:40:26.210 [VehicleEnter] Player Nick Leadbeatter [uid=JmVdSu0kzNbOpwjpFV-MDcMB-Equ3yPY-l-COMb6HgY=] entered vehicle Mh-6 Little Bird (id=2E55F507DA410AA57807C2A007127AB2 pos=<5929.074219, 38.370377, 5237.872070>) as pilot
14:40:38.078 [VehicleEnter] Player brailsford40 [uid=HQAtXFe6fZZL90M2CD_a22otF9NJ2s4t7n-ol5BAu6o=] entered vehicle Mh-6 Little Bird (id=2E55F507DA410AA57807C2A007127AB2 pos=<5929.075195, 38.370632, 5237.872559>) as passenger
14:41:15.167 [ATM] Player "Sarco" (id=pod5B72JHSqsn_XNMr587skUFpcgUl5U4e6KmhqavEU=) has withdrawn 10000 from his ATM account.
14:41:17.777 [VehicleEngine] Player Nick Leadbeatter [uid=JmVdSu0kzNbOpwjpFV-MDcMB-Equ3yPY-l-COMb6HgY=] started vehicle Mh-6 Little Bird (id=2E55F507DA410AA57807C2A007127AB2 pos=<5929.075195, 38.370758, 5237.873047>)
14:42:04.882 [VehicleEngine] Player Nick Leadbeatter [uid=JmVdSu0kzNbOpwjpFV-MDcMB-Equ3yPY-l-COMb6HgY=] stopped vehicle Mh-6 Little Bird (id=2E55F507DA410AA57807C2A007127AB2 pos=<5926.694824, 46.620510, 5236.887207>)
14:42:19.636 [VehicleLeave] Player OrdepRoinuj [uid=jho7WUBGAZrvFnn8RJJsJvDzNHi4rQTd5HHL__KErjY=] left vehicle MUSTANG Red (id=9EC2B5147E446A0EC7A00FAD8BACFC01 pos=<5364.162598, 5.090549, 9182.248047>)
14:42:24.906 [VehicleEngine] Player Nick Leadbeatter [uid=JmVdSu0kzNbOpwjpFV-MDcMB-Equ3yPY-l-COMb6HgY=] started vehicle Mh-6 Little Bird (id=2E55F507DA410AA57807C2A007127AB2 pos=<5928.270508, 38.443401, 5236.045898>)
14:42:42.042 [VehicleEngine] Player Nick Leadbeatter [uid=JmVdSu0kzNbOpwjpFV-MDcMB-Equ3yPY-l-COMb6HgY=] stopped vehicle Mh-6 Little Bird (id=2E55F507DA410AA57807C2A007127AB2 pos=<5926.201172, 46.152817, 5236.968262>)
14:42:43.328 [VehicleEnter] Player OrdepRoinuj [uid=jho7WUBGAZrvFnn8RJJsJvDzNHi4rQTd5HHL__KErjY=] entered vehicle MUSTANG Red (id=9EC2B5147E446A0EC7A00FAD8BACFC01 pos=<5364.162598, 5.090549, 9182.248047>) as driver
14:43:00.851 [VehicleLeave] Player brailsford40 [uid=HQAtXFe6fZZL90M2CD_a22otF9NJ2s4t7n-ol5BAu6o=] left vehicle Mh-6 Little Bird (id=2E55F507DA410AA57807C2A007127AB2 pos=<5927.880859, 39.816563, 5234.405762>)
14:43:15.691 [VehicleEnter] Player Nick Leadbeatter [uid=JmVdSu0kzNbOpwjpFV-MDcMB-Equ3yPY-l-COMb6HgY=] switched seats in vehicle Mh-6 Little Bird (id=2E55F507DA410AA57807C2A007127AB2 pos=<5927.880859, 39.816551, 5234.405762>) to passenger
14:43:20.343 [VehicleEnter] Player brailsford40 [uid=HQAtXFe6fZZL90M2CD_a22otF9NJ2s4t7n-ol5BAu6o=] entered vehicle Mh-6 Little Bird (id=2E55F507DA410AA57807C2A007127AB2 pos=<5927.880859, 39.816563, 5234.405762>) as passenger
14:43:21.347 [VehicleLeave] Player Nick Leadbeatter [uid=JmVdSu0kzNbOpwjpFV-MDcMB-Equ3yPY-l-COMb6HgY=] left vehicle Mh-6 Little Bird (id=2E55F507DA410AA57807C2A007127AB2 pos=<5927.880859, 39.816563, 5234.405762>)
14:43:30.281 [VehicleLeave] Player brailsford40 [uid=HQAtXFe6fZZL90M2CD_a22otF9NJ2s4t7n-ol5BAu6o=] left vehicle Mh-6 Little Bird (id=2E55F507DA410AA57807C2A007127AB2 pos=<5927.753418, 39.810699, 5234.337891>)
14:44:39.890 [AI Patrol] Spawning 1 Shamans bots at <6572.671387, 13.599180, 8255.030273>
14:44:41.011 [VehicleEnter] Player Nick Leadbeatter [uid=JmVdSu0kzNbOpwjpFV-MDcMB-Equ3yPY-l-COMb6HgY=] entered vehicle Mh-6 Little Bird (id=2E55F507DA410AA57807C2A007127AB2 pos=<5927.759277, 38.521946, 5234.095215>) as passenger
14:45:17.613 [Party] Player "Sarco" (id=pod5B72JHSqsn_XNMr587skUFpcgUl5U4e6KmhqavEU=) left the party "Carrots" (id=43 ownerUID=pod5B72JHSqsn_XNMr587skUFpcgUl5U4e6KmhqavEU= ownerName=Sarco)
14:45:41.656 [VehicleLeave] Player Nick Leadbeatter [uid=JmVdSu0kzNbOpwjpFV-MDcMB-Equ3yPY-l-COMb6HgY=] left vehicle Mh-6 Little Bird (id=2E55F507DA410AA57807C2A007127AB2 pos=<5926.918945, 38.440170, 5234.159180>)
14:45:50.917 [VehicleEnter] Player Nick Leadbeatter [uid=JmVdSu0kzNbOpwjpFV-MDcMB-Equ3yPY-l-COMb6HgY=] entered vehicle Mh-6 Little Bird (id=2E55F507DA410AA57807C2A007127AB2 pos=<5926.903809, 38.438782, 5234.154785>) as passenger
14:45:52.707 [AI Patrol] Spawning 3 Power Plant Patrol bots at <4477.328125, 20.430000, 7268.874023>
14:46:05.097 [Safezone] Player "Sarco" (id=pod5B72JHSqsn_XNMr587skUFpcgUl5U4e6KmhqavEU= pos=<5632.335449, 28.722609, 5388.004883>) Entered the safezone
14:46:05.101 [Party] Player "Sarco" (id=pod5B72JHSqsn_XNMr587skUFpcgUl5U4e6KmhqavEU=) joinded the party "Carrots" (id=43 ownerUID=pod5B72JHSqsn_XNMr587skUFpcgUl5U4e6KmhqavEU= ownerName=Sarco)
14:46:12.125 [VehicleLeave] Player Nick Leadbeatter [uid=JmVdSu0kzNbOpwjpFV-MDcMB-Equ3yPY-l-COMb6HgY=] left vehicle Mh-6 Little Bird (id=2E55F507DA410AA57807C2A007127AB2 pos=<5926.694824, 38.419506, 5234.136230>)
14:46:30.691 [VehicleEnter] Player Nick Leadbeatter [uid=JmVdSu0kzNbOpwjpFV-MDcMB-Equ3yPY-l-COMb6HgY=] entered vehicle Mh-6 Little Bird (id=2E55F507DA410AA57807C2A007127AB2 pos=<5926.419434, 38.393097, 5234.097656>) as passenger
14:46:37.109 [VehicleLeave] Player Nick Leadbeatter [uid=JmVdSu0kzNbOpwjpFV-MDcMB-Equ3yPY-l-COMb6HgY=] left vehicle Mh-6 Little Bird (id=2E55F507DA410AA57807C2A007127AB2 pos=<5926.325195, 38.383003, 5234.078125>)
14:46:45.898 [Party] Player "brailsford40" (id=HQAtXFe6fZZL90M2CD_a22otF9NJ2s4t7n-ol5BAu6o=) left the party "DIEHARD" (id=32 ownerUID=JmVdSu0kzNbOpwjpFV-MDcMB-Equ3yPY-l-COMb6HgY= ownerName=Nick Leadbeatter)
14:46:46.574 [VehicleEnter] Player Nick Leadbeatter [uid=JmVdSu0kzNbOpwjpFV-MDcMB-Equ3yPY-l-COMb6HgY=] entered vehicle Mh-6 Little Bird (id=2E55F507DA410AA57807C2A007127AB2 pos=<5926.188965, 38.368084, 5234.048828>) as pilot
14:46:59.316 [Market] Player "Sarco" (id=pod5B72JHSqsn_XNMr587skUFpcgUl5U4e6KmhqavEU=) has send a requested to sell personalradio x1 at the trader "Special (Eva [SPECIALTY ITEMS])" in market zone "The Holler" (pos=<5632.000000, 32.000000, 5392.000000>).
14:47:00.683 [Market] Player "Sarco" (id=pod5B72JHSqsn_XNMr587skUFpcgUl5U4e6KmhqavEU=) has sold personalradio x1 at the trader "Special (Eva [SPECIALTY ITEMS])" in market zone "The Holler" (pos=<5632.000000, 32.000000, 5392.000000>) and got 75.
14:47:40.101 [Market] Player "Sarco" (id=pod5B72JHSqsn_XNMr587skUFpcgUl5U4e6KmhqavEU=) has send a requested to sell izh43shotgun x1 at the trader "Weapons (Oliver [WEAPONS])" in market zone "The Holler" (pos=<5632.000000, 32.000000, 5392.000000>).
14:47:40.144 [VehicleEngine] Player Nick Leadbeatter [uid=JmVdSu0kzNbOpwjpFV-MDcMB-Equ3yPY-l-COMb6HgY=] started vehicle Mh-6 Little Bird (id=2E55F507DA410AA57807C2A007127AB2 pos=<5926.041504, 38.351498, 5234.042480>)
14:47:40.578 [Market] Player "Sarco" (id=pod5B72JHSqsn_XNMr587skUFpcgUl5U4e6KmhqavEU=) has sold izh43shotgun x1 at the trader "Weapons (Oliver [WEAPONS])" in market zone "The Holler" (pos=<5632.000000, 32.000000, 5392.000000>) and got 356.
14:49:11.890 [VehicleEngine] Player Nick Leadbeatter [uid=JmVdSu0kzNbOpwjpFV-MDcMB-Equ3yPY-l-COMb6HgY=] stopped vehicle Mh-6 Little Bird (id=2E55F507DA410AA57807C2A007127AB2 pos=<5921.251465, 40.178200, 5234.524902>)
14:49:51.027 [VehicleLeave] Player Nick Leadbeatter [uid=JmVdSu0kzNbOpwjpFV-MDcMB-Equ3yPY-l-COMb6HgY=] left vehicle Mh-6 Little Bird (id=2E55F507DA410AA57807C2A007127AB2 pos=<5921.240234, 39.167721, 5235.575684>)
14:50:44.542 [Party] Player "brailsford40" (id=HQAtXFe6fZZL90M2CD_a22otF9NJ2s4t7n-ol5BAu6o=) joinded the party "DIEHARD" (id=32 ownerUID=JmVdSu0kzNbOpwjpFV-MDcMB-Equ3yPY-l-COMb6HgY= ownerName=Nick Leadbeatter)
14:50:56.394 [VehicleEngine] Player OrdepRoinuj [uid=jho7WUBGAZrvFnn8RJJsJvDzNHi4rQTd5HHL__KErjY=] stopped vehicle MUSTANG Red (id=9EC2B5147E446A0EC7A00FAD8BACFC01 pos=<5686.346191, 32.629135, 5254.024902>)
14:51:00.742 [VehicleLeave] Player OrdepRoinuj [uid=jho7WUBGAZrvFnn8RJJsJvDzNHi4rQTd5HHL__KErjY=] left vehicle MUSTANG Red (id=9EC2B5147E446A0EC7A00FAD8BACFC01 pos=<5686.346191, 32.629135, 5254.024902>)
14:51:12.937 [VehicleDeleted] MUSTANG_red (id=72338647874E7583CB2B429FC858FE96 pos=<0.000536, 0.719699, 0.068275>)
14:51:25.390 [VehicleEnter] Player Nick Leadbeatter [uid=JmVdSu0kzNbOpwjpFV-MDcMB-Equ3yPY-l-COMb6HgY=] entered vehicle Mh-6 Little Bird (id=2E55F507DA410AA57807C2A007127AB2 pos=<5921.213867, 37.729465, 5235.561523>) as passenger
14:51:33.886 [VehicleDeleted] MUSTANG_red (id=9EC2B5147E446A0EC7A00FAD8BACFC01 pos=<5686.346191, 32.629139, 5254.024902>)
14:51:33.886 [VirtualGarage] Player "OrdepRoinuj" (id=jho7WUBGAZrvFnn8RJJsJvDzNHi4rQTd5HHL__KErjY= pos=<5687.136719, 32.640682, 5257.164063>) stored a vehicle "MUSTANG_red" (GlobalID=80000000800000008000000080013104 pos=<5686.346191, 32.629139, 5254.024902>)
14:51:42.628 [Safezone] Player "OrdepRoinuj" (id=jho7WUBGAZrvFnn8RJJsJvDzNHi4rQTd5HHL__KErjY= pos=<5672.740723, 32.381996, 5263.716309>) Entered the safezone
14:51:50.437 [VehicleEnter] Player Nick Leadbeatter [uid=JmVdSu0kzNbOpwjpFV-MDcMB-Equ3yPY-l-COMb6HgY=] switched seats in vehicle Mh-6 Little Bird (id=2E55F507DA410AA57807C2A007127AB2 pos=<5921.208496, 37.734291, 5235.505859>) to pilot
14:51:55.851 [ATM] Player "Jasper" (id=yoR_hPQejevy38pVI7cJSHyugdmrvDeHBcX9TupJ1QI=) has withdrawn 10000 from his ATM account.
14:52:27.593 [VirtualGarage] Player "OrdepRoinuj" (id=jho7WUBGAZrvFnn8RJJsJvDzNHi4rQTd5HHL__KErjY= pos=<5687.262207, 32.631626, 5256.248047>) retrieved a vehicle "MUSTANG_red" (GlobalID=80000000800000008000000080013104 pos=<5686.346191, 32.629139, 5254.024902>)
14:52:29.492 [Safezone] Player "OrdepRoinuj" (id=jho7WUBGAZrvFnn8RJJsJvDzNHi4rQTd5HHL__KErjY= pos=<5685.491211, 32.632206, 5256.873535>) Left the safezone
14:52:34.511 [VehicleEnter] Player brailsford40 [uid=HQAtXFe6fZZL90M2CD_a22otF9NJ2s4t7n-ol5BAu6o=] entered vehicle Mh-6 Little Bird (id=2E55F507DA410AA57807C2A007127AB2 pos=<5921.206055, 37.737949, 5235.447754>) as passenger
14:52:34.902 [VehicleEnter] Player OrdepRoinuj [uid=jho7WUBGAZrvFnn8RJJsJvDzNHi4rQTd5HHL__KErjY=] entered vehicle MUSTANG Red (id=99F32A6A324FC6ABE3501EB5CE1347EB pos=<5686.348145, 32.629089, 5254.023438>) as driver
14:52:36.671 [VehicleEngine] Player OrdepRoinuj [uid=jho7WUBGAZrvFnn8RJJsJvDzNHi4rQTd5HHL__KErjY=] started vehicle MUSTANG Red (id=99F32A6A324FC6ABE3501EB5CE1347EB pos=<5686.348145, 32.629089, 5254.022949>)
14:52:44.136 [Safezone] Player "OrdepRoinuj" (id=jho7WUBGAZrvFnn8RJJsJvDzNHi4rQTd5HHL__KErjY= pos=<5669.886719, 33.024334, 5263.895020>) Entered the safezone
14:52:45.281 [VehicleLeave] Player Nick Leadbeatter [uid=JmVdSu0kzNbOpwjpFV-MDcMB-Equ3yPY-l-COMb6HgY=] left vehicle Mh-6 Little Bird (id=2E55F507DA410AA57807C2A007127AB2 pos=<5921.159180, 37.734791, 5235.428711>)
14:53:01.437 [VehicleEngine] Player OrdepRoinuj [uid=jho7WUBGAZrvFnn8RJJsJvDzNHi4rQTd5HHL__KErjY=] stopped vehicle MUSTANG Red (id=99F32A6A324FC6ABE3501EB5CE1347EB pos=<5636.763184, 28.549974, 5341.306152>)
14:53:03.929 [VehicleEnter] Player Nick Leadbeatter [uid=JmVdSu0kzNbOpwjpFV-MDcMB-Equ3yPY-l-COMb6HgY=] entered vehicle Mh-6 Little Bird (id=2E55F507DA410AA57807C2A007127AB2 pos=<5921.134277, 37.729118, 5235.454590>) as pilot
14:53:04.949 [VehicleLeave] Player OrdepRoinuj [uid=jho7WUBGAZrvFnn8RJJsJvDzNHi4rQTd5HHL__KErjY=] left vehicle MUSTANG Red (id=99F32A6A324FC6ABE3501EB5CE1347EB pos=<5636.763184, 28.549973, 5341.306152>)
14:53:16.726 [VehicleEngine] Player Nick Leadbeatter [uid=JmVdSu0kzNbOpwjpFV-MDcMB-Equ3yPY-l-COMb6HgY=] started vehicle Mh-6 Little Bird (id=2E55F507DA410AA57807C2A007127AB2 pos=<5921.105957, 37.727333, 5235.439941>)
14:53:17.988 [VehicleCarKey] Player "OrdepRoinuj" (id=jho7WUBGAZrvFnn8RJJsJvDzNHi4rQTd5HHL__KErjY= pos=<5635.319336, 28.484587, 5341.019531>) used the  ExpansionCarKey to lock MUSTANG_red (id=99F32A6A324FC6ABE3501EB5CE1347EB pos=<5636.763184, 28.549973, 5341.306152>)
14:53:49.093 [VehicleEngine] Player Nick Leadbeatter [uid=JmVdSu0kzNbOpwjpFV-MDcMB-Equ3yPY-l-COMb6HgY=] stopped vehicle Mh-6 Little Bird (id=2E55F507DA410AA57807C2A007127AB2 pos=<5918.459961, 44.278919, 5227.452637>)
14:54:04.847 [VehicleLeave] Player brailsford40 [uid=HQAtXFe6fZZL90M2CD_a22otF9NJ2s4t7n-ol5BAu6o=] left vehicle Mh-6 Little Bird (id=2E55F507DA410AA57807C2A007127AB2 pos=<5919.160645, 38.256073, 5227.700684>)
14:54:05.781 [Market] Player "Sarco" (id=pod5B72JHSqsn_XNMr587skUFpcgUl5U4e6KmhqavEU=) has send a requested to sell epinephrine x1 at the trader "Medicals (Linda [MEDICAL])" in market zone "The Holler" (pos=<5632.000000, 32.000000, 5392.000000>).
14:54:06.421 [Market] Player "Sarco" (id=pod5B72JHSqsn_XNMr587skUFpcgUl5U4e6KmhqavEU=) has sold epinephrine x1 at the trader "Medicals (Linda [MEDICAL])" in market zone "The Holler" (pos=<5632.000000, 32.000000, 5392.000000>) and got 281.
14:54:12.164 [Market] Player "Sarco" (id=pod5B72JHSqsn_XNMr587skUFpcgUl5U4e6KmhqavEU=) has send a requested to sell morphine x1 at the trader "Medicals (Linda [MEDICAL])" in market zone "The Holler" (pos=<5632.000000, 32.000000, 5392.000000>).
14:54:13.093 [Market] Player "Sarco" (id=pod5B72JHSqsn_XNMr587skUFpcgUl5U4e6KmhqavEU=) has sold morphine x1 at the trader "Medicals (Linda [MEDICAL])" in market zone "The Holler" (pos=<5632.000000, 32.000000, 5392.000000>) and got 103.
14:54:13.156 [VehicleLeave] Player Nick Leadbeatter [uid=JmVdSu0kzNbOpwjpFV-MDcMB-Equ3yPY-l-COMb6HgY=] left vehicle Mh-6 Little Bird (id=2E55F507DA410AA57807C2A007127AB2 pos=<5919.160156, 38.256126, 5227.700684>)
14:54:19.941 [VehicleEnter] Player brailsford40 [uid=HQAtXFe6fZZL90M2CD_a22otF9NJ2s4t7n-ol5BAu6o=] entered vehicle Mh-6 Little Bird (id=2E55F507DA410AA57807C2A007127AB2 pos=<5919.159668, 38.256237, 5227.700684>) as pilot
14:54:22.136 [VehicleEnter] Player Nick Leadbeatter [uid=JmVdSu0kzNbOpwjpFV-MDcMB-Equ3yPY-l-COMb6HgY=] entered vehicle Mh-6 Little Bird (id=2E55F507DA410AA57807C2A007127AB2 pos=<5919.160156, 38.256096, 5227.700684>) as passenger
14:54:55.296 [VehicleEngine] Player brailsford40 [uid=HQAtXFe6fZZL90M2CD_a22otF9NJ2s4t7n-ol5BAu6o=] started vehicle Mh-6 Little Bird (id=2E55F507DA410AA57807C2A007127AB2 pos=<5919.158691, 38.256226, 5227.700684>)
14:55:09.500 [ATM] Player "Jasper" (id=yoR_hPQejevy38pVI7cJSHyugdmrvDeHBcX9TupJ1QI=) has deposited 10000 on his ATM account.
14:55:45.777 [VehicleEngine] Player brailsford40 [uid=HQAtXFe6fZZL90M2CD_a22otF9NJ2s4t7n-ol5BAu6o=] stopped vehicle Mh-6 Little Bird (id=2E55F507DA410AA57807C2A007127AB2 pos=<5916.736816, 39.275677, 5241.142578>)
14:55:53.238 [Market] Player "OrdepRoinuj" (id=jho7WUBGAZrvFnn8RJJsJvDzNHi4rQTd5HHL__KErjY=) has send a requested to sell combinationlock x1 at the trader "BuildingSupplies (Indar [BUILDINGS])" in market zone "The Holler" (pos=<5632.000000, 32.000000, 5392.000000>).
14:55:53.464 [Market] Player "OrdepRoinuj" (id=jho7WUBGAZrvFnn8RJJsJvDzNHi4rQTd5HHL__KErjY=) has sold combinationlock x1 at the trader "BuildingSupplies (Indar [BUILDINGS])" in market zone "The Holler" (pos=<5632.000000, 32.000000, 5392.000000>) and got 131.
14:56:05.164 [VehicleLeave] Player Nick Leadbeatter [uid=JmVdSu0kzNbOpwjpFV-MDcMB-Equ3yPY-l-COMb6HgY=] left vehicle Mh-6 Little Bird (id=2E55F507DA410AA57807C2A007127AB2 pos=<5913.776855, 38.139420, 5239.926758>)
14:56:24.285 [VehicleLeave] Player brailsford40 [uid=HQAtXFe6fZZL90M2CD_a22otF9NJ2s4t7n-ol5BAu6o=] left vehicle Mh-6 Little Bird (id=2E55F507DA410AA57807C2A007127AB2 pos=<5913.775391, 38.139355, 5239.924805>)
14:56:30.457 [VehicleEnter] Player Nick Leadbeatter [uid=JmVdSu0kzNbOpwjpFV-MDcMB-Equ3yPY-l-COMb6HgY=] entered vehicle Mh-6 Little Bird (id=2E55F507DA410AA57807C2A007127AB2 pos=<5913.775391, 38.139385, 5239.924805>) as passenger
14:56:35.464 [VehicleLeave] Player Nick Leadbeatter [uid=JmVdSu0kzNbOpwjpFV-MDcMB-Equ3yPY-l-COMb6HgY=] left vehicle Mh-6 Little Bird (id=2E55F507DA410AA57807C2A007127AB2 pos=<5913.775391, 38.139385, 5239.924805>)
14:57:14.812 [Safezone] Player "Nick Leadbeatter" (id=JmVdSu0kzNbOpwjpFV-MDcMB-Equ3yPY-l-COMb6HgY= pos=<5740.541504, 45.725163, 5308.054199>) Entered the safezone
14:58:05.835 [Market] Player "Nick Leadbeatter" (id=JmVdSu0kzNbOpwjpFV-MDcMB-Equ3yPY-l-COMb6HgY=) has send a requested to purchase hatchet x1 from the trader "BuildingSupplies (Indar [BUILDINGS])" in market zone "The Holler" (pos=<5632.000000, 32.000000, 5392.000000>).
14:58:06.023 [Market] Player "Nick Leadbeatter" (id=JmVdSu0kzNbOpwjpFV-MDcMB-Equ3yPY-l-COMb6HgY=) has bought hatchet x1 from the trader "BuildingSupplies (Indar [BUILDINGS])" in market zone "The Holler" (pos=<5632.000000, 32.000000, 5392.000000>) for a price of 10.
14:58:07.964 [Market] Player "Nick Leadbeatter" (id=JmVdSu0kzNbOpwjpFV-MDcMB-Equ3yPY-l-COMb6HgY=) has send a requested to purchase hatchet x1 from the trader "BuildingSupplies (Indar [BUILDINGS])" in market zone "The Holler" (pos=<5632.000000, 32.000000, 5392.000000>).
14:58:08.105 [Market] Player "Nick Leadbeatter" (id=JmVdSu0kzNbOpwjpFV-MDcMB-Equ3yPY-l-COMb6HgY=) has bought hatchet x1 from the trader "BuildingSupplies (Indar [BUILDINGS])" in market zone "The Holler" (pos=<5632.000000, 32.000000, 5392.000000>) for a price of 10.
14:58:12.578 [Safezone] Player "Jasper" (id=yoR_hPQejevy38pVI7cJSHyugdmrvDeHBcX9TupJ1QI= pos=<5776.900391, 62.224163, 5477.960449>) Left the safezone
14:58:24.531 [ATM] Player "Nick Leadbeatter" (id=JmVdSu0kzNbOpwjpFV-MDcMB-Equ3yPY-l-COMb6HgY=) has deposited 199980 on his ATM account.
14:59:22.976 [Safezone] Player "Nick Leadbeatter" (id=JmVdSu0kzNbOpwjpFV-MDcMB-Equ3yPY-l-COMb6HgY= pos=<5781.975586, 49.844654, 5283.187500>) Left the safezone
15:01:00.117 [VehicleEnter] Player Nick Leadbeatter [uid=JmVdSu0kzNbOpwjpFV-MDcMB-Equ3yPY-l-COMb6HgY=] entered vehicle Mh-6 Little Bird (id=2E55F507DA410AA57807C2A007127AB2 pos=<5913.762695, 36.713078, 5239.925293>) as passenger
15:01:03.351 [VehicleEnter] Player brailsford40 [uid=HQAtXFe6fZZL90M2CD_a22otF9NJ2s4t7n-ol5BAu6o=] entered vehicle Mh-6 Little Bird (id=2E55F507DA410AA57807C2A007127AB2 pos=<5913.762695, 36.713005, 5239.925781>) as pilot
15:01:05.203 [VehicleEngine] Player brailsford40 [uid=HQAtXFe6fZZL90M2CD_a22otF9NJ2s4t7n-ol5BAu6o=] started vehicle Mh-6 Little Bird (id=2E55F507DA410AA57807C2A007127AB2 pos=<5913.762695, 36.713001, 5239.925781>)
15:01:14.542 [Chat - Global]("Nick Leadbeatter"(id=JmVdSu0kzNbOpwjpFV-MDcMB-Equ3yPY-l-COMb6HgY=)): nice gun 
15:02:41.445 [Safezone] Player "Jasper" (id=yoR_hPQejevy38pVI7cJSHyugdmrvDeHBcX9TupJ1QI= pos=<5767.774414, 54.131752, 5366.935547>) Entered the safezone
15:03:03.574 [ATM] Player "OrdepRoinuj" (id=jho7WUBGAZrvFnn8RJJsJvDzNHi4rQTd5HHL__KErjY=) has deposited 131 on his ATM account.
15:03:11.656 [ATM] Player "OrdepRoinuj" (id=jho7WUBGAZrvFnn8RJJsJvDzNHi4rQTd5HHL__KErjY=) has withdrawn 1000 from his ATM account.
15:03:46.046 [ATM] Player "OrdepRoinuj" (id=jho7WUBGAZrvFnn8RJJsJvDzNHi4rQTd5HHL__KErjY=) has deposited 1000 on his ATM account.
15:08:40.527 [ATM] Player "OrdepRoinuj" (id=jho7WUBGAZrvFnn8RJJsJvDzNHi4rQTd5HHL__KErjY=) has withdrawn 1000 from his ATM account.
15:09:23.273 [VehicleEngine] Player brailsford40 [uid=HQAtXFe6fZZL90M2CD_a22otF9NJ2s4t7n-ol5BAu6o=] stopped vehicle Mh-6 Little Bird (id=2E55F507DA410AA57807C2A007127AB2 pos=<9926.007813, 59.856812, 14746.037109>)
15:09:32.800 [ATM] Player "Sarco" (id=pod5B72JHSqsn_XNMr587skUFpcgUl5U4e6KmhqavEU=) has deposited 10815 on his ATM account.
15:09:35.140 [ATM] Player "OrdepRoinuj" (id=jho7WUBGAZrvFnn8RJJsJvDzNHi4rQTd5HHL__KErjY=) has deposited 1000 on his ATM account.
15:09:36.890 [VehicleLeave] Player Nick Leadbeatter [uid=JmVdSu0kzNbOpwjpFV-MDcMB-Equ3yPY-l-COMb6HgY=] left vehicle Mh-6 Little Bird (id=2E55F507DA410AA57807C2A007127AB2 pos=<9925.993164, 59.795002, 14746.008789>)
15:09:50.515 [VehicleLeave] Player brailsford40 [uid=HQAtXFe6fZZL90M2CD_a22otF9NJ2s4t7n-ol5BAu6o=] left vehicle Mh-6 Little Bird (id=2E55F507DA410AA57807C2A007127AB2 pos=<9925.993164, 59.794991, 14746.008789>)
15:10:04.890 [Market] Player "Sarco" (id=pod5B72JHSqsn_XNMr587skUFpcgUl5U4e6KmhqavEU=) has send a requested to sell twp_glock42_mag_50rnd x1 at the trader "Weapons (Oliver [WEAPONS])" in market zone "The Holler" (pos=<5632.000000, 32.000000, 5392.000000>).
15:10:05.500 [Market] Player "Sarco" (id=pod5B72JHSqsn_XNMr587skUFpcgUl5U4e6KmhqavEU=) has sold twp_glock42_mag_50rnd x1 at the trader "Weapons (Oliver [WEAPONS])" in market zone "The Holler" (pos=<5632.000000, 32.000000, 5392.000000>) and got 201.
15:10:08.285 [Market] Player "Sarco" (id=pod5B72JHSqsn_XNMr587skUFpcgUl5U4e6KmhqavEU=) has send a requested to sell twp_mk23socom_mag_12rnd x1 at the trader "Weapons (Oliver [WEAPONS])" in market zone "The Holler" (pos=<5632.000000, 32.000000, 5392.000000>).
15:10:08.976 [Market] Player "Sarco" (id=pod5B72JHSqsn_XNMr587skUFpcgUl5U4e6KmhqavEU=) has sold twp_mk23socom_mag_12rnd x1 at the trader "Weapons (Oliver [WEAPONS])" in market zone "The Holler" (pos=<5632.000000, 32.000000, 5392.000000>) and got 193.
15:10:26.644 [Market] Player "Sarco" (id=pod5B72JHSqsn_XNMr587skUFpcgUl5U4e6KmhqavEU=) has send a requested to sell mag_expansion_mp7_40rnd x1 at the trader "Weapons (Oliver [WEAPONS])" in market zone "The Holler" (pos=<5632.000000, 32.000000, 5392.000000>).
15:10:28.070 [Market] Player "Sarco" (id=pod5B72JHSqsn_XNMr587skUFpcgUl5U4e6KmhqavEU=) has sold mag_expansion_mp7_40rnd x1 at the trader "Weapons (Oliver [WEAPONS])" in market zone "The Holler" (pos=<5632.000000, 32.000000, 5392.000000>) and got 84.
15:11:00.250 [Market] Player "Sarco" (id=pod5B72JHSqsn_XNMr587skUFpcgUl5U4e6KmhqavEU=) has send a requested to sell ump45 x1 at the trader "Weapons (Oliver [WEAPONS])" in market zone "The Holler" (pos=<5632.000000, 32.000000, 5392.000000>).
15:11:00.859 [Market] Player "Sarco" (id=pod5B72JHSqsn_XNMr587skUFpcgUl5U4e6KmhqavEU=) has sold ump45 x1 at the trader "Weapons (Oliver [WEAPONS])" in market zone "The Holler" (pos=<5632.000000, 32.000000, 5392.000000>) and got 2137.
15:11:09.035 [Market] Player "Jasper" (id=yoR_hPQejevy38pVI7cJSHyugdmrvDeHBcX9TupJ1QI=) has send a requested to sell ump45 x1 at the trader "Weapons (Oliver [WEAPONS])" in market zone "The Holler" (pos=<5632.000000, 32.000000, 5392.000000>).
15:11:09.234 [Market] Player "Jasper" (id=yoR_hPQejevy38pVI7cJSHyugdmrvDeHBcX9TupJ1QI=) has sold ump45 x1 at the trader "Weapons (Oliver [WEAPONS])" in market zone "The Holler" (pos=<5632.000000, 32.000000, 5392.000000>) and got 2137.
15:11:20.937 [Market] Player "Jasper" (id=yoR_hPQejevy38pVI7cJSHyugdmrvDeHBcX9TupJ1QI=) has send a requested to sell twp_glock18rebel x1 at the trader "Weapons (Oliver [WEAPONS])" in market zone "The Holler" (pos=<5632.000000, 32.000000, 5392.000000>).
15:11:21.066 [Market] Player "Jasper" (id=yoR_hPQejevy38pVI7cJSHyugdmrvDeHBcX9TupJ1QI=) has sold twp_glock18rebel x1 at the trader "Weapons (Oliver [WEAPONS])" in market zone "The Holler" (pos=<5632.000000, 32.000000, 5392.000000>) and got 65.
15:11:40.023 [Market] Player "Sarco" (id=pod5B72JHSqsn_XNMr587skUFpcgUl5U4e6KmhqavEU=) has send a requested to sell ammobox_expansion_338_15rnd x1 at the trader "WeaponAccessories (Rolf [WEAPON ACCESSORIES])" in market zone "The Holler" (pos=<5632.000000, 32.000000, 5392.000000>).
15:11:40.250 [Market] Player "Sarco" (id=pod5B72JHSqsn_XNMr587skUFpcgUl5U4e6KmhqavEU=) has sold ammobox_expansion_338_15rnd x1 at the trader "WeaponAccessories (Rolf [WEAPON ACCESSORIES])" in market zone "The Holler" (pos=<5632.000000, 32.000000, 5392.000000>) and got 18.
15:11:43.585 [Market] Player "Sarco" (id=pod5B72JHSqsn_XNMr587skUFpcgUl5U4e6KmhqavEU=) has send a requested to sell ammobox_357_20rnd x1 at the trader "WeaponAccessories (Rolf [WEAPON ACCESSORIES])" in market zone "The Holler" (pos=<5632.000000, 32.000000, 5392.000000>).
15:11:44.156 [Market] Player "Sarco" (id=pod5B72JHSqsn_XNMr587skUFpcgUl5U4e6KmhqavEU=) has sold ammobox_357_20rnd x1 at the trader "WeaponAccessories (Rolf [WEAPON ACCESSORIES])" in market zone "The Holler" (pos=<5632.000000, 32.000000, 5392.000000>) and got 18.
15:11:46.250 [Market] Player "Sarco" (id=pod5B72JHSqsn_XNMr587skUFpcgUl5U4e6KmhqavEU=) has send a requested to sell expansion_ammobox_8mm_15rnd x1 at the trader "WeaponAccessories (Rolf [WEAPON ACCESSORIES])" in market zone "The Holler" (pos=<5632.000000, 32.000000, 5392.000000>).
15:11:46.800 [Market] Player "Sarco" (id=pod5B72JHSqsn_XNMr587skUFpcgUl5U4e6KmhqavEU=) has sold expansion_ammobox_8mm_15rnd x1 at the trader "WeaponAccessories (Rolf [WEAPON ACCESSORIES])" in market zone "The Holler" (pos=<5632.000000, 32.000000, 5392.000000>) and got 4.
15:11:54.335 [Market] Player "Sarco" (id=pod5B72JHSqsn_XNMr587skUFpcgUl5U4e6KmhqavEU=) has send a requested to sell ammo_9x39ap x1 at the trader "WeaponAccessories (Rolf [WEAPON ACCESSORIES])" in market zone "The Holler" (pos=<5632.000000, 32.000000, 5392.000000>).
15:11:55.003 [Market] Player "Sarco" (id=pod5B72JHSqsn_XNMr587skUFpcgUl5U4e6KmhqavEU=) has sold ammo_9x39ap x1 at the trader "WeaponAccessories (Rolf [WEAPON ACCESSORIES])" in market zone "The Holler" (pos=<5632.000000, 32.000000, 5392.000000>) and got 3.
15:12:05.898 [Market] Player "Sarco" (id=pod5B72JHSqsn_XNMr587skUFpcgUl5U4e6KmhqavEU=) has send a requested to sell ammo_9x39ap x3 at the trader "WeaponAccessories (Rolf [WEAPON ACCESSORIES])" in market zone "The Holler" (pos=<5632.000000, 32.000000, 5392.000000>).
15:12:06.453 [Market] Player "Sarco" (id=pod5B72JHSqsn_XNMr587skUFpcgUl5U4e6KmhqavEU=) has sold ammo_9x39ap x3 at the trader "WeaponAccessories (Rolf [WEAPON ACCESSORIES])" in market zone "The Holler" (pos=<5632.000000, 32.000000, 5392.000000>) and got 9.
15:12:13.246 [ATM] Player "Jasper" (id=yoR_hPQejevy38pVI7cJSHyugdmrvDeHBcX9TupJ1QI=) has deposited 2202 on his ATM account.
15:12:24.832 [VehicleCarKey] Player "OrdepRoinuj" (id=jho7WUBGAZrvFnn8RJJsJvDzNHi4rQTd5HHL__KErjY= pos=<5634.937012, 28.489046, 5341.076172>) used the  ExpansionCarKey to unlock MUSTANG_red (id=99F32A6A324FC6ABE3501EB5CE1347EB pos=<5636.763184, 28.549973, 5341.306152>)
15:12:48.152 [VehicleCarKey] Player "OrdepRoinuj" (id=jho7WUBGAZrvFnn8RJJsJvDzNHi4rQTd5HHL__KErjY= pos=<5635.504883, 28.460709, 5340.449219>) used the  ExpansionCarKey to lock MUSTANG_red (id=99F32A6A324FC6ABE3501EB5CE1347EB pos=<5636.763184, 28.549973, 5341.306152>)
15:13:42.320 [VehicleCarKey] Player "OrdepRoinuj" (id=jho7WUBGAZrvFnn8RJJsJvDzNHi4rQTd5HHL__KErjY= pos=<5635.250488, 28.459436, 5340.384766>) used the  ExpansionCarKey to unlock MUSTANG_red (id=99F32A6A324FC6ABE3501EB5CE1347EB pos=<5636.763184, 28.549973, 5341.306152>)
15:13:51.285 [VehicleEnter] Player OrdepRoinuj [uid=jho7WUBGAZrvFnn8RJJsJvDzNHi4rQTd5HHL__KErjY=] entered vehicle MUSTANG Red (id=99F32A6A324FC6ABE3501EB5CE1347EB pos=<5636.775391, 28.550480, 5341.316406>) as driver
15:13:54.195 [VehicleEngine] Player OrdepRoinuj [uid=jho7WUBGAZrvFnn8RJJsJvDzNHi4rQTd5HHL__KErjY=] started vehicle MUSTANG Red (id=99F32A6A324FC6ABE3501EB5CE1347EB pos=<5636.775391, 28.550482, 5341.316406>)
15:14:27.648 [Safezone] Player "OrdepRoinuj" (id=jho7WUBGAZrvFnn8RJJsJvDzNHi4rQTd5HHL__KErjY= pos=<5825.417969, 29.698816, 5194.820801>) Left the safezone
15:15:33.906 [Party] Player "brailsford40" (id=HQAtXFe6fZZL90M2CD_a22otF9NJ2s4t7n-ol5BAu6o=) left the party "DIEHARD" (id=32 ownerUID=JmVdSu0kzNbOpwjpFV-MDcMB-Equ3yPY-l-COMb6HgY= ownerName=Nick Leadbeatter)
15:16:15.218 [Party] Player "brailsford40" (id=HQAtXFe6fZZL90M2CD_a22otF9NJ2s4t7n-ol5BAu6o=) joinded the party "DIEHARD" (id=32 ownerUID=JmVdSu0kzNbOpwjpFV-MDcMB-Equ3yPY-l-COMb6HgY= ownerName=Nick Leadbeatter)
15:19:43.132 [Safezone] Player "Sarco" (id=pod5B72JHSqsn_XNMr587skUFpcgUl5U4e6KmhqavEU= pos=<5748.227051, 50.558151, 5545.256836>) Left the safezone
15:19:43.132 [Safezone] Player "Jasper" (id=yoR_hPQejevy38pVI7cJSHyugdmrvDeHBcX9TupJ1QI= pos=<5763.605957, 54.642139, 5515.619629>) Left the safezone
15:20:37.402 [Party] Player "Nick Leadbeatter" (id=JmVdSu0kzNbOpwjpFV-MDcMB-Equ3yPY-l-COMb6HgY=) left the party "DIEHARD" (id=32 ownerUID=JmVdSu0kzNbOpwjpFV-MDcMB-Equ3yPY-l-COMb6HgY= ownerName=Nick Leadbeatter)
15:20:44.796 [Party] Player "brailsford40" (id=HQAtXFe6fZZL90M2CD_a22otF9NJ2s4t7n-ol5BAu6o=) left the party "DIEHARD" (id=32 ownerUID=JmVdSu0kzNbOpwjpFV-MDcMB-Equ3yPY-l-COMb6HgY= ownerName=Nick Leadbeatter)
15:22:52.148 [Party] Player "Nick Leadbeatter" (id=JmVdSu0kzNbOpwjpFV-MDcMB-Equ3yPY-l-COMb6HgY=) joinded the party "DIEHARD" (id=32 ownerUID=JmVdSu0kzNbOpwjpFV-MDcMB-Equ3yPY-l-COMb6HgY= ownerName=Nick Leadbeatter)
15:24:17.261 [VehicleLeave] Player OrdepRoinuj [uid=jho7WUBGAZrvFnn8RJJsJvDzNHi4rQTd5HHL__KErjY=] left vehicle MUSTANG Red (id=99F32A6A324FC6ABE3501EB5CE1347EB pos=<5242.701660, 4.829741, 12391.664063>)
15:24:43.851 [Party] Player "Sarco" (id=pod5B72JHSqsn_XNMr587skUFpcgUl5U4e6KmhqavEU=) left the party "Carrots" (id=43 ownerUID=pod5B72JHSqsn_XNMr587skUFpcgUl5U4e6KmhqavEU= ownerName=Sarco)
15:24:48.589 [VehicleEnter] Player OrdepRoinuj [uid=jho7WUBGAZrvFnn8RJJsJvDzNHi4rQTd5HHL__KErjY=] entered vehicle MUSTANG Red (id=99F32A6A324FC6ABE3501EB5CE1347EB pos=<5242.701660, 4.829774, 12391.664063>) as driver
15:25:12.726 [Party] Player "brailsford40" (id=HQAtXFe6fZZL90M2CD_a22otF9NJ2s4t7n-ol5BAu6o=) joinded the party "DIEHARD" (id=32 ownerUID=JmVdSu0kzNbOpwjpFV-MDcMB-Equ3yPY-l-COMb6HgY= ownerName=Nick Leadbeatter)
15:26:12.496 [VehicleEnter] Player Nick Leadbeatter [uid=JmVdSu0kzNbOpwjpFV-MDcMB-Equ3yPY-l-COMb6HgY=] entered vehicle Mh-6 Little Bird (id=2E55F507DA410AA57807C2A007127AB2 pos=<9925.977539, 59.795700, 14746.015625>) as passenger
15:26:32.441 [VehicleLeave] Player Nick Leadbeatter [uid=JmVdSu0kzNbOpwjpFV-MDcMB-Equ3yPY-l-COMb6HgY=] left vehicle Mh-6 Little Bird (id=2E55F507DA410AA57807C2A007127AB2 pos=<9925.974609, 59.795807, 14746.016602>)
15:26:43.675 [Party] Player "Sarco" (id=pod5B72JHSqsn_XNMr587skUFpcgUl5U4e6KmhqavEU=) joinded the party "Carrots" (id=43 ownerUID=pod5B72JHSqsn_XNMr587skUFpcgUl5U4e6KmhqavEU= ownerName=Sarco)
15:27:26.695 [VehicleLeave] Player OrdepRoinuj [uid=jho7WUBGAZrvFnn8RJJsJvDzNHi4rQTd5HHL__KErjY=] left vehicle MUSTANG Red (id=99F32A6A324FC6ABE3501EB5CE1347EB pos=<6194.963379, 25.971184, 13966.338867>)
15:28:05.070 [VehicleEnter] Player OrdepRoinuj [uid=jho7WUBGAZrvFnn8RJJsJvDzNHi4rQTd5HHL__KErjY=] entered vehicle MUSTANG Red (id=99F32A6A324FC6ABE3501EB5CE1347EB pos=<6194.963379, 25.971180, 13966.338867>) as driver
15:28:19.656 [Party] Player "brailsford40" (id=HQAtXFe6fZZL90M2CD_a22otF9NJ2s4t7n-ol5BAu6o=) left the party "DIEHARD" (id=32 ownerUID=JmVdSu0kzNbOpwjpFV-MDcMB-Equ3yPY-l-COMb6HgY= ownerName=Nick Leadbeatter)
15:28:44.855 [Party] Player "brailsford40" (id=HQAtXFe6fZZL90M2CD_a22otF9NJ2s4t7n-ol5BAu6o=) joinded the party "DIEHARD" (id=32 ownerUID=JmVdSu0kzNbOpwjpFV-MDcMB-Equ3yPY-l-COMb6HgY= ownerName=Nick Leadbeatter)
15:30:32.851 [VehicleEngine] Player OrdepRoinuj [uid=jho7WUBGAZrvFnn8RJJsJvDzNHi4rQTd5HHL__KErjY=] stopped vehicle MUSTANG Red (id=99F32A6A324FC6ABE3501EB5CE1347EB pos=<6298.109375, 42.048698, 14161.579102>)
15:30:35.851 [VehicleLeave] Player OrdepRoinuj [uid=jho7WUBGAZrvFnn8RJJsJvDzNHi4rQTd5HHL__KErjY=] left vehicle MUSTANG Red (id=99F32A6A324FC6ABE3501EB5CE1347EB pos=<6298.109375, 42.048698, 14161.579102>)
15:30:44.574 [VehicleCarKey] Player "OrdepRoinuj" (id=jho7WUBGAZrvFnn8RJJsJvDzNHi4rQTd5HHL__KErjY= pos=<6296.243164, 41.988956, 14161.924805>) used the  ExpansionCarKey to lock MUSTANG_red (id=99F32A6A324FC6ABE3501EB5CE1347EB pos=<6298.109375, 42.048698, 14161.579102>)
15:31:33.390 [Party] Player "Nick Leadbeatter" (id=JmVdSu0kzNbOpwjpFV-MDcMB-Equ3yPY-l-COMb6HgY=) left the party "DIEHARD" (id=32 ownerUID=JmVdSu0kzNbOpwjpFV-MDcMB-Equ3yPY-l-COMb6HgY= ownerName=Nick Leadbeatter)
15:31:55.375 [Party] Player "brailsford40" (id=HQAtXFe6fZZL90M2CD_a22otF9NJ2s4t7n-ol5BAu6o=) left the party "DIEHARD" (id=32 ownerUID=JmVdSu0kzNbOpwjpFV-MDcMB-Equ3yPY-l-COMb6HgY= ownerName=Nick Leadbeatter)
15:39:36.863 [Party] Player "Sarco" (id=pod5B72JHSqsn_XNMr587skUFpcgUl5U4e6KmhqavEU=) left the party "Carrots" (id=43 ownerUID=pod5B72JHSqsn_XNMr587skUFpcgUl5U4e6KmhqavEU= ownerName=Sarco)
15:45:50.703 [Party] Player "Jasper" (id=yoR_hPQejevy38pVI7cJSHyugdmrvDeHBcX9TupJ1QI=) left the party "Carrots" (id=43 ownerUID=pod5B72JHSqsn_XNMr587skUFpcgUl5U4e6KmhqavEU= ownerName=Sarco)
15:56:12.800 [MissionAirdrop] An airdrop is heading towards "Kushville" (pos=<7630.000000, 0.000000, 3717.000000> type=Random_Kushville) with a ExpansionAirdropContainer_Military
16:24:56.351 [Party] Player "OrdepRoinuj" (id=jho7WUBGAZrvFnn8RJJsJvDzNHi4rQTd5HHL__KErjY=) left the party "OldDog" (id=42 ownerUID=jho7WUBGAZrvFnn8RJJsJvDzNHi4rQTd5HHL__KErjY= ownerName=Old Dog)
17:25:10.039 [Party] Player "Captain Sodomy" (id=VsEWQWxzvcTpDLQgc9tVyxq5TiqDS9O3QehdBa_YkH8=) joinded the party "Dirty Crew" (id=23 ownerUID=VsEWQWxzvcTpDLQgc9tVyxq5TiqDS9O3QehdBa_YkH8= ownerName=Condom Breath)
17:37:43.695 [VehicleEnter] Player Josh [uid=HAFduBzmpDN4tgqni6CFo0kwJ2aFYdhg5CPf66P8Zps=] entered vehicle ToyotaHilux Camo (id=E3AD3A476D4BBE813CB63D95A5B605B4 pos=<8859.620117, 38.612045, 9955.218750>) as driver
17:37:47.156 [VehicleEngine] Player Josh [uid=HAFduBzmpDN4tgqni6CFo0kwJ2aFYdhg5CPf66P8Zps=] started vehicle ToyotaHilux Camo (id=E3AD3A476D4BBE813CB63D95A5B605B4 pos=<8859.622070, 38.612038, 9955.218750>)
17:37:55.109 [VehicleLeave] Player Josh [uid=HAFduBzmpDN4tgqni6CFo0kwJ2aFYdhg5CPf66P8Zps=] left vehicle ToyotaHilux Camo (id=E3AD3A476D4BBE813CB63D95A5B605B4 pos=<8864.937500, 38.076191, 9939.994141>)
17:39:12.726 [VehicleCarKey] Player "Josh" (id=HAFduBzmpDN4tgqni6CFo0kwJ2aFYdhg5CPf66P8Zps= pos=<8863.694336, 38.271667, 9936.729492>) used the  ExpansionCarKey to lock ToyotaHilux_kamo (id=E3AD3A476D4BBE813CB63D95A5B605B4 pos=<8864.937500, 38.076050, 9939.994141>)
17:39:15.773 [Party] Player "OrdepRoinuj" (id=jho7WUBGAZrvFnn8RJJsJvDzNHi4rQTd5HHL__KErjY=) joinded the party "OldDog" (id=42 ownerUID=jho7WUBGAZrvFnn8RJJsJvDzNHi4rQTd5HHL__KErjY= ownerName=Old Dog)
17:39:23.753 [VehicleDeleted] ToyotaHilux_kamo (id=E3AD3A476D4BBE813CB63D95A5B605B4 pos=<8864.937500, 38.076050, 9939.994141>)
17:39:23.753 [VehicleCover] Player "Josh" (id=HAFduBzmpDN4tgqni6CFo0kwJ2aFYdhg5CPf66P8Zps= pos=<8863.833984, 38.045216, 9936.973633>) covered vehicle "ToyotaHilux_kamo" (GlobalID=80000000800000008000000080012A42 pos=<8864.937500, 38.076050, 9939.994141>)!
17:42:28.796 [VehicleCarKey] Player "OrdepRoinuj" (id=jho7WUBGAZrvFnn8RJJsJvDzNHi4rQTd5HHL__KErjY= pos=<6296.229492, 41.988956, 14162.028320>) used the  ExpansionCarKey to unlock MUSTANG_red (id=99F32A6A324FC6ABE3501EB5CE1347EB pos=<6298.109375, 42.048698, 14161.579102>)
17:42:34.140 [VehicleEnter] Player OrdepRoinuj [uid=jho7WUBGAZrvFnn8RJJsJvDzNHi4rQTd5HHL__KErjY=] entered vehicle MUSTANG Red (id=99F32A6A324FC6ABE3501EB5CE1347EB pos=<6298.109375, 42.048698, 14161.579102>) as driver
17:42:40.171 [VehicleEngine] Player OrdepRoinuj [uid=jho7WUBGAZrvFnn8RJJsJvDzNHi4rQTd5HHL__KErjY=] started vehicle MUSTANG Red (id=99F32A6A324FC6ABE3501EB5CE1347EB pos=<6298.109375, 42.048698, 14161.579102>)
17:43:26.050 [VehicleCover] Player "Josh" (id=HAFduBzmpDN4tgqni6CFo0kwJ2aFYdhg5CPf66P8Zps= pos=<8862.764648, 38.295341, 9939.590820>) uncovered vehicle "ToyotaHilux_kamo" (GlobalID=80000000800000008000000080012A42 pos=<8864.937500, 38.076050, 9939.994141>)!
17:43:33.785 [VehicleCarKey] Player "Josh" (id=HAFduBzmpDN4tgqni6CFo0kwJ2aFYdhg5CPf66P8Zps= pos=<8863.323242, 38.120472, 9937.746094>) used the  ExpansionCarKey to unlock ToyotaHilux_kamo (id=710FD12740417084CED10083FB2FF04F pos=<8864.945313, 38.075291, 9939.993164>)
17:44:12.015 [VehicleLeave] Player OrdepRoinuj [uid=jho7WUBGAZrvFnn8RJJsJvDzNHi4rQTd5HHL__KErjY=] left vehicle MUSTANG Red (id=99F32A6A324FC6ABE3501EB5CE1347EB pos=<7007.852539, 20.835173, 13851.905273>)
17:44:57.281 [VehicleEnter] Player OrdepRoinuj [uid=jho7WUBGAZrvFnn8RJJsJvDzNHi4rQTd5HHL__KErjY=] entered vehicle MUSTANG Red (id=99F32A6A324FC6ABE3501EB5CE1347EB pos=<7007.852539, 20.835173, 13851.905273>) as driver
17:45:33.203 [VehicleLeave] Player OrdepRoinuj [uid=jho7WUBGAZrvFnn8RJJsJvDzNHi4rQTd5HHL__KErjY=] left vehicle MUSTANG Red (id=99F32A6A324FC6ABE3501EB5CE1347EB pos=<6592.385742, 19.538754, 13653.459961>)
17:46:04.507 [VehicleEnter] Player OrdepRoinuj [uid=jho7WUBGAZrvFnn8RJJsJvDzNHi4rQTd5HHL__KErjY=] entered vehicle MUSTANG Red (id=99F32A6A324FC6ABE3501EB5CE1347EB pos=<6592.385742, 19.538752, 13653.459961>) as driver
17:46:33.039 [VehicleLeave] Player OrdepRoinuj [uid=jho7WUBGAZrvFnn8RJJsJvDzNHi4rQTd5HHL__KErjY=] left vehicle MUSTANG Red (id=99F32A6A324FC6ABE3501EB5CE1347EB pos=<6213.276367, 20.160475, 13637.442383>)
17:46:58.468 [VehicleEnter] Player OrdepRoinuj [uid=jho7WUBGAZrvFnn8RJJsJvDzNHi4rQTd5HHL__KErjY=] entered vehicle MUSTANG Red (id=99F32A6A324FC6ABE3501EB5CE1347EB pos=<6213.276367, 20.160477, 13637.442383>) as driver
17:47:18.503 [VehicleLeave] Player OrdepRoinuj [uid=jho7WUBGAZrvFnn8RJJsJvDzNHi4rQTd5HHL__KErjY=] left vehicle MUSTANG Red (id=99F32A6A324FC6ABE3501EB5CE1347EB pos=<6203.577148, 26.919741, 13772.121094>)
17:47:23.570 [VehicleEnter] Player OrdepRoinuj [uid=jho7WUBGAZrvFnn8RJJsJvDzNHi4rQTd5HHL__KErjY=] entered vehicle MUSTANG Red (id=99F32A6A324FC6ABE3501EB5CE1347EB pos=<6203.577148, 26.919741, 13772.121094>) as driver
17:47:28.703 [VehicleEngine] Player OrdepRoinuj [uid=jho7WUBGAZrvFnn8RJJsJvDzNHi4rQTd5HHL__KErjY=] stopped vehicle MUSTANG Red (id=99F32A6A324FC6ABE3501EB5CE1347EB pos=<6203.577637, 26.919741, 13772.121094>)
17:47:31.429 [VehicleLeave] Player OrdepRoinuj [uid=jho7WUBGAZrvFnn8RJJsJvDzNHi4rQTd5HHL__KErjY=] left vehicle MUSTANG Red (id=99F32A6A324FC6ABE3501EB5CE1347EB pos=<6203.577148, 26.919741, 13772.121094>)
17:47:44.789 [VehicleEnter] Player OrdepRoinuj [uid=jho7WUBGAZrvFnn8RJJsJvDzNHi4rQTd5HHL__KErjY=] entered vehicle MUSTANG Red (id=99F32A6A324FC6ABE3501EB5CE1347EB pos=<6203.577148, 26.919741, 13772.121094>) as driver
17:47:46.691 [VehicleEngine] Player OrdepRoinuj [uid=jho7WUBGAZrvFnn8RJJsJvDzNHi4rQTd5HHL__KErjY=] started vehicle MUSTANG Red (id=99F32A6A324FC6ABE3501EB5CE1347EB pos=<6203.577148, 26.919741, 13772.121094>)
17:49:15.539 [VehicleEngine] Player OrdepRoinuj [uid=jho7WUBGAZrvFnn8RJJsJvDzNHi4rQTd5HHL__KErjY=] stopped vehicle MUSTANG Red (id=99F32A6A324FC6ABE3501EB5CE1347EB pos=<6561.957520, 28.103264, 13712.750977>)
17:49:20.152 [VehicleLeave] Player OrdepRoinuj [uid=jho7WUBGAZrvFnn8RJJsJvDzNHi4rQTd5HHL__KErjY=] left vehicle MUSTANG Red (id=99F32A6A324FC6ABE3501EB5CE1347EB pos=<6561.957520, 28.103258, 13712.750977>)
17:49:26.589 [VehicleCarKey] Player "OrdepRoinuj" (id=jho7WUBGAZrvFnn8RJJsJvDzNHi4rQTd5HHL__KErjY= pos=<6563.814453, 28.155262, 13713.673828>) used the  ExpansionCarKey to lock MUSTANG_red (id=99F32A6A324FC6ABE3501EB5CE1347EB pos=<6561.958008, 28.103281, 13712.750977>)
17:49:37.273 [VehicleCarKey] Player "Josh" (id=HAFduBzmpDN4tgqni6CFo0kwJ2aFYdhg5CPf66P8Zps= pos=<8863.207031, 38.151920, 9938.076172>) used the  ExpansionCarKey to lock ToyotaHilux_kamo (id=710FD12740417084CED10083FB2FF04F pos=<8864.945313, 38.075291, 9939.993164>)
17:49:42.953 [VehicleCarKey] Player "OrdepRoinuj" (id=jho7WUBGAZrvFnn8RJJsJvDzNHi4rQTd5HHL__KErjY= pos=<6563.212891, 28.199478, 13713.784180>) used the  ExpansionCarKey to unlock MUSTANG_red (id=99F32A6A324FC6ABE3501EB5CE1347EB pos=<6561.958008, 28.103281, 13712.750977>)
17:49:47.617 [VehicleEnter] Player OrdepRoinuj [uid=jho7WUBGAZrvFnn8RJJsJvDzNHi4rQTd5HHL__KErjY=] entered vehicle MUSTANG Red (id=99F32A6A324FC6ABE3501EB5CE1347EB pos=<6561.957520, 28.103273, 13712.750977>) as driver
17:49:48.988 [VehicleEngine] Player OrdepRoinuj [uid=jho7WUBGAZrvFnn8RJJsJvDzNHi4rQTd5HHL__KErjY=] started vehicle MUSTANG Red (id=99F32A6A324FC6ABE3501EB5CE1347EB pos=<6561.957520, 28.103264, 13712.750977>)
17:50:37.617 [VehicleEngine] Player OrdepRoinuj [uid=jho7WUBGAZrvFnn8RJJsJvDzNHi4rQTd5HHL__KErjY=] stopped vehicle MUSTANG Red (Locked) (id=99F32A6A324FC6ABE3501EB5CE1347EB pos=<6202.194824, 26.919441, 13745.500000>)
17:50:52.304 [VehicleLeave] Player OrdepRoinuj [uid=jho7WUBGAZrvFnn8RJJsJvDzNHi4rQTd5HHL__KErjY=] left vehicle MUSTANG Red (id=99F32A6A324FC6ABE3501EB5CE1347EB pos=<6202.194824, 26.919439, 13745.500000>)
17:50:56.093 [VehicleCarKey] Player "OrdepRoinuj" (id=jho7WUBGAZrvFnn8RJJsJvDzNHi4rQTd5HHL__KErjY= pos=<6200.115723, 26.871826, 13745.068359>) used the  ExpansionCarKey to lock MUSTANG_red (id=99F32A6A324FC6ABE3501EB5CE1347EB pos=<6202.194336, 26.919441, 13745.500000>)
17:52:39.195 [VehicleCarKey] Player "OrdepRoinuj" (id=jho7WUBGAZrvFnn8RJJsJvDzNHi4rQTd5HHL__KErjY= pos=<6200.774414, 26.871956, 13745.398438>) used the  ExpansionCarKey to unlock MUSTANG_red (id=99F32A6A324FC6ABE3501EB5CE1347EB pos=<6202.194336, 26.919441, 13745.500000>)
17:53:18.527 [VehicleEnter] Player OrdepRoinuj [uid=jho7WUBGAZrvFnn8RJJsJvDzNHi4rQTd5HHL__KErjY=] entered vehicle MUSTANG Red (id=99F32A6A324FC6ABE3501EB5CE1347EB pos=<6202.194824, 26.919439, 13745.500000>) as driver
17:53:20.488 [VehicleLeave] Player OrdepRoinuj [uid=jho7WUBGAZrvFnn8RJJsJvDzNHi4rQTd5HHL__KErjY=] left vehicle MUSTANG Red (id=99F32A6A324FC6ABE3501EB5CE1347EB pos=<6202.194824, 26.919441, 13745.500000>)
17:53:29.851 [VehicleEnter] Player OrdepRoinuj [uid=jho7WUBGAZrvFnn8RJJsJvDzNHi4rQTd5HHL__KErjY=] entered vehicle MUSTANG Red (id=99F32A6A324FC6ABE3501EB5CE1347EB pos=<6202.194824, 26.919441, 13745.500000>) as driver
17:53:32.101 [VehicleEngine] Player OrdepRoinuj [uid=jho7WUBGAZrvFnn8RJJsJvDzNHi4rQTd5HHL__KErjY=] started vehicle MUSTANG Red (id=99F32A6A324FC6ABE3501EB5CE1347EB pos=<6202.194824, 26.919441, 13745.500000>)
17:53:57.468 [VehicleEngine] Player OrdepRoinuj [uid=jho7WUBGAZrvFnn8RJJsJvDzNHi4rQTd5HHL__KErjY=] stopped vehicle MUSTANG Red (id=99F32A6A324FC6ABE3501EB5CE1347EB pos=<6217.725586, 20.523830, 13641.203125>)
17:54:06.257 [VehicleLeave] Player OrdepRoinuj [uid=jho7WUBGAZrvFnn8RJJsJvDzNHi4rQTd5HHL__KErjY=] left vehicle MUSTANG Red (id=99F32A6A324FC6ABE3501EB5CE1347EB pos=<6217.725586, 20.523897, 13641.203125>)
17:54:12.929 [VehicleCarKey] Player "OrdepRoinuj" (id=jho7WUBGAZrvFnn8RJJsJvDzNHi4rQTd5HHL__KErjY= pos=<6217.838867, 20.728834, 13643.016602>) used the  ExpansionCarKey to lock MUSTANG_red (id=99F32A6A324FC6ABE3501EB5CE1347EB pos=<6217.725586, 20.523809, 13641.202148>)
17:57:31.218 [Party] Player "OrdepRoinuj" (id=jho7WUBGAZrvFnn8RJJsJvDzNHi4rQTd5HHL__KErjY=) left the party "OldDog" (id=42 ownerUID=jho7WUBGAZrvFnn8RJJsJvDzNHi4rQTd5HHL__KErjY= ownerName=Old Dog)
17:59:15.875 [Party] Player "Captain Sodomy" (id=VsEWQWxzvcTpDLQgc9tVyxq5TiqDS9O3QehdBa_YkH8=) left the party "Dirty Crew" (id=23 ownerUID=VsEWQWxzvcTpDLQgc9tVyxq5TiqDS9O3QehdBa_YkH8= ownerName=Condom Breath)
