12:01:26.894 [Party] Player "Golden" (id=8Xp2uj5ZxNF55GgpLiN2OARJVn6kKpJE53oZMkC9IiQ=) joinded the party "G's" (id=49 ownerUID=4LNvemhkvMsn3fCjiyhQQrToOar0_hhH9f302w8wMNY= ownerName=MrGreen530)
12:01:26.902 [Expansion Quests] - InitQuestSystemClient - Loaded existing player quest data for player with UID: 8Xp2uj5ZxNF55GgpLiN2OARJVn6kKpJE53oZMkC9IiQ=
12:01:26.902 [Expansion Quests] - LoadGroupQuestData - Loaded existing group quest data for group with ID: 49
12:01:27.875 [Expansion Quests] - LoadGroupQuestData - Got cached group quest data for group with ID: 49
12:03:40.714 [Safezone] Player "Stahlhelm Sturm" (id=Dj-6_aSgGuPVYaq-POeeqvRPr_91gVAi6qp9fgRrqHk= pos=<5614.850098, 28.722498, 5406.775391>) Entered the safezone
12:03:40.718 [Party] Player "Stahlhelm Sturm" (id=Dj-6_aSgGuPVYaq-POeeqvRPr_91gVAi6qp9fgRrqHk=) joinded the party "DIEHARD" (id=32 ownerUID=JmVdSu0kzNbOpwjpFV-MDcMB-Equ3yPY-l-COMb6HgY= ownerName=Nick Leadbeatter)
12:03:40.726 [Expansion Quests] - InitQuestSystemClient - Loaded existing player quest data for player with UID: Dj-6_aSgGuPVYaq-POeeqvRPr_91gVAi6qp9fgRrqHk=
12:03:40.726 [Expansion Quests] - LoadGroupQuestData - Loaded existing group quest data for group with ID: 32
12:03:41.679 [Expansion Quests] - LoadGroupQuestData - Got cached group quest data for group with ID: 32
12:04:47.542 [VehicleCarKey] Player "Stahlhelm Sturm" (id=Dj-6_aSgGuPVYaq-POeeqvRPr_91gVAi6qp9fgRrqHk= pos=<5614.400391, 28.722475, 5406.442871>) used the  ExpansionCarKey to unlock OffroadRangeRover_green (id=5C9A69482F4690899725A8B3DBA4A956 pos=<5612.174316, 28.719034, 5404.472656>)
12:08:07.585 [AI Patrol] Spawning 3 Temple Patrol bots at <396.414063, 47.068966, 730.870117>
12:08:07.679 [AI Patrol] Spawning 3 Temple Patrol bots at <433.770111, 47.016895, 825.607422>
12:08:07.687 [AI Patrol] Spawning 3 Temple Patrol bots at <321.004181, 47.070000, 777.060608>
12:08:09.292 [VehicleEnter] Player Golden [uid=8Xp2uj5ZxNF55GgpLiN2OARJVn6kKpJE53oZMkC9IiQ=] entered vehicle BMW black (id=8A6FF4B0A8466307523FC7AE5AE17E90 pos=<3815.904053, 5.574701, 2522.727295>) as driver
12:08:12.160 [VehicleEngine] Player Golden [uid=8Xp2uj5ZxNF55GgpLiN2OARJVn6kKpJE53oZMkC9IiQ=] started vehicle BMW black (id=8A6FF4B0A8466307523FC7AE5AE17E90 pos=<3815.904053, 5.574710, 2522.729492>)
12:08:25.285 [VehicleLeave] Player Golden [uid=8Xp2uj5ZxNF55GgpLiN2OARJVn6kKpJE53oZMkC9IiQ=] left vehicle BMW black (id=8A6FF4B0A8466307523FC7AE5AE17E90 pos=<3799.998291, 5.479775, 2509.241699>)
12:08:33.199 [VehicleEnter] Player Golden [uid=8Xp2uj5ZxNF55GgpLiN2OARJVn6kKpJE53oZMkC9IiQ=] entered vehicle BMW black (id=8A6FF4B0A8466307523FC7AE5AE17E90 pos=<3799.998779, 5.479745, 2509.241699>) as driver
12:08:36.648 [VehicleEngine] Player Golden [uid=8Xp2uj5ZxNF55GgpLiN2OARJVn6kKpJE53oZMkC9IiQ=] started vehicle BMW black (id=8A6FF4B0A8466307523FC7AE5AE17E90 pos=<3800.000000, 5.479765, 2509.241943>)
12:10:58.148 [ATM] Player "Stahlhelm Sturm" (id=Dj-6_aSgGuPVYaq-POeeqvRPr_91gVAi6qp9fgRrqHk=) has deposited 20545 on his ATM account.
12:11:15.007 [VehicleEnter] Player Stahlhelm Sturm [uid=Dj-6_aSgGuPVYaq-POeeqvRPr_91gVAi6qp9fgRrqHk=] entered vehicle Offroad Range Rover green  (id=5C9A69482F4690899725A8B3DBA4A956 pos=<5612.174316, 28.719034, 5404.472656>) as driver
12:11:25.378 [VehicleLeave] Player Golden [uid=8Xp2uj5ZxNF55GgpLiN2OARJVn6kKpJE53oZMkC9IiQ=] left vehicle BMW black (id=8A6FF4B0A8466307523FC7AE5AE17E90 pos=<5101.954102, 10.089684, 4514.122070>)
12:11:51.699 [VehicleEnter] Player Golden [uid=8Xp2uj5ZxNF55GgpLiN2OARJVn6kKpJE53oZMkC9IiQ=] entered vehicle BMW black (id=8A6FF4B0A8466307523FC7AE5AE17E90 pos=<5101.954102, 10.089713, 4514.122070>) as driver
12:11:58.171 [VehicleEngine] Player Golden [uid=8Xp2uj5ZxNF55GgpLiN2OARJVn6kKpJE53oZMkC9IiQ=] started vehicle BMW black (id=8A6FF4B0A8466307523FC7AE5AE17E90 pos=<5101.955566, 10.089663, 4514.121582>)
12:11:58.886 [VehicleEngine] Player Stahlhelm Sturm [uid=Dj-6_aSgGuPVYaq-POeeqvRPr_91gVAi6qp9fgRrqHk=] started vehicle Offroad Range Rover green  (id=5C9A69482F4690899725A8B3DBA4A956 pos=<5612.174316, 28.719034, 5404.472656>)
12:12:44.253 [Safezone] Player "Stahlhelm Sturm" (id=Dj-6_aSgGuPVYaq-POeeqvRPr_91gVAi6qp9fgRrqHk= pos=<5756.850586, 24.970083, 5202.922852>) Left the safezone
12:13:43.660 [Safezone] Player "Golden" (id=8Xp2uj5ZxNF55GgpLiN2OARJVn6kKpJE53oZMkC9IiQ= pos=<5661.996582, 32.927601, 5267.341797>) Entered the safezone
12:14:12.691 [VehicleEngine] Player Golden [uid=8Xp2uj5ZxNF55GgpLiN2OARJVn6kKpJE53oZMkC9IiQ=] stopped vehicle BMW black (id=8A6FF4B0A8466307523FC7AE5AE17E90 pos=<5598.487305, 28.629726, 5391.083008>)
12:14:23.214 [VehicleLeave] Player Golden [uid=8Xp2uj5ZxNF55GgpLiN2OARJVn6kKpJE53oZMkC9IiQ=] left vehicle BMW black (id=8A6FF4B0A8466307523FC7AE5AE17E90 pos=<5598.487305, 28.629744, 5391.083008>)
12:15:11.078 [ATM] Player "Golden" (id=8Xp2uj5ZxNF55GgpLiN2OARJVn6kKpJE53oZMkC9IiQ=) has withdrawn 100000 from his ATM account.
12:15:42.332 [Market] Player "Golden" (id=8Xp2uj5ZxNF55GgpLiN2OARJVn6kKpJE53oZMkC9IiQ=) has send a requested to purchase powergenerator x1 from the trader "BuildingSupplies (Indar [BUILDINGS])" in market zone "The Holler" (pos=<5632.000000, 32.000000, 5392.000000>).
12:15:42.460 [Market] Player "Golden" (id=8Xp2uj5ZxNF55GgpLiN2OARJVn6kKpJE53oZMkC9IiQ=) has bought powergenerator x1 from the trader "BuildingSupplies (Indar [BUILDINGS])" in market zone "The Holler" (pos=<5632.000000, 32.000000, 5392.000000>) for a price of 3000.
12:15:49.097 [Market] Player "Golden" (id=8Xp2uj5ZxNF55GgpLiN2OARJVn6kKpJE53oZMkC9IiQ=) has send a requested to purchase camonet x1 from the trader "BuildingSupplies (Indar [BUILDINGS])" in market zone "The Holler" (pos=<5632.000000, 32.000000, 5392.000000>).
12:15:49.238 [Market] Player "Golden" (id=8Xp2uj5ZxNF55GgpLiN2OARJVn6kKpJE53oZMkC9IiQ=) has bought camonet x1 from the trader "BuildingSupplies (Indar [BUILDINGS])" in market zone "The Holler" (pos=<5632.000000, 32.000000, 5392.000000>) for a price of 600.
12:15:50.136 [Market] Player "Golden" (id=8Xp2uj5ZxNF55GgpLiN2OARJVn6kKpJE53oZMkC9IiQ=) has send a requested to purchase camonet x1 from the trader "BuildingSupplies (Indar [BUILDINGS])" in market zone "The Holler" (pos=<5632.000000, 32.000000, 5392.000000>).
12:15:50.289 [Market] Player "Golden" (id=8Xp2uj5ZxNF55GgpLiN2OARJVn6kKpJE53oZMkC9IiQ=) has bought camonet x1 from the trader "BuildingSupplies (Indar [BUILDINGS])" in market zone "The Holler" (pos=<5632.000000, 32.000000, 5392.000000>) for a price of 600.
12:16:01.964 [Market] Player "Golden" (id=8Xp2uj5ZxNF55GgpLiN2OARJVn6kKpJE53oZMkC9IiQ=) has send a requested to purchase blowtorch x1 from the trader "BuildingSupplies (Indar [BUILDINGS])" in market zone "The Holler" (pos=<5632.000000, 32.000000, 5392.000000>).
12:16:02.117 [Market] Player "Golden" (id=8Xp2uj5ZxNF55GgpLiN2OARJVn6kKpJE53oZMkC9IiQ=) has bought blowtorch x1 from the trader "BuildingSupplies (Indar [BUILDINGS])" in market zone "The Holler" (pos=<5632.000000, 32.000000, 5392.000000>) for a price of 330.
12:16:32.421 [MissionAirdrop] An airdrop is heading towards "Hazelands" (pos=<4539.000000, 0.000000, 2317.000000> type=Random_Hazelands) with a ExpansionAirdropContainer_Basebuilding
12:18:04.789 [Market] Player "Golden" (id=8Xp2uj5ZxNF55GgpLiN2OARJVn6kKpJE53oZMkC9IiQ=) has send a requested to purchase gardenlime x15 from the trader "BuildingSupplies (Indar [BUILDINGS])" in market zone "The Holler" (pos=<5632.000000, 32.000000, 5392.000000>).
12:18:04.910 [Market] Player "Golden" (id=8Xp2uj5ZxNF55GgpLiN2OARJVn6kKpJE53oZMkC9IiQ=) has bought gardenlime x15 from the trader "BuildingSupplies (Indar [BUILDINGS])" in market zone "The Holler" (pos=<5632.000000, 32.000000, 5392.000000>) for a price of 60.
12:19:59.207 [Market] Player "Golden" (id=8Xp2uj5ZxNF55GgpLiN2OARJVn6kKpJE53oZMkC9IiQ=) has send a requested to purchase cp_cannabisseedspackblackfrost x10 from the trader "Weed (Naomi [WEED])" in market zone "The Holler" (pos=<5632.000000, 32.000000, 5392.000000>).
12:19:59.324 [Market] Player "Golden" (id=8Xp2uj5ZxNF55GgpLiN2OARJVn6kKpJE53oZMkC9IiQ=) has bought cp_cannabisseedspackblackfrost x10 from the trader "Weed (Naomi [WEED])" in market zone "The Holler" (pos=<5632.000000, 32.000000, 5392.000000>) for a price of 72000.
12:20:01.472 [Market] Player "Golden" (id=8Xp2uj5ZxNF55GgpLiN2OARJVn6kKpJE53oZMkC9IiQ=) has send a requested to purchase cp_cannabisseedspackblackfrost x1 from the trader "Weed (Naomi [WEED])" in market zone "The Holler" (pos=<5632.000000, 32.000000, 5392.000000>).
12:20:01.578 [Market] Player "Golden" (id=8Xp2uj5ZxNF55GgpLiN2OARJVn6kKpJE53oZMkC9IiQ=) has bought cp_cannabisseedspackblackfrost x1 from the trader "Weed (Naomi [WEED])" in market zone "The Holler" (pos=<5632.000000, 32.000000, 5392.000000>) for a price of 7200.
12:20:02.527 [Market] Player "Golden" (id=8Xp2uj5ZxNF55GgpLiN2OARJVn6kKpJE53oZMkC9IiQ=) has send a requested to purchase cp_cannabisseedspackblackfrost x1 from the trader "Weed (Naomi [WEED])" in market zone "The Holler" (pos=<5632.000000, 32.000000, 5392.000000>).
12:20:02.644 [Market] Player "Golden" (id=8Xp2uj5ZxNF55GgpLiN2OARJVn6kKpJE53oZMkC9IiQ=) has bought cp_cannabisseedspackblackfrost x1 from the trader "Weed (Naomi [WEED])" in market zone "The Holler" (pos=<5632.000000, 32.000000, 5392.000000>) for a price of 7200.
12:20:03.160 [Market] Player "Golden" (id=8Xp2uj5ZxNF55GgpLiN2OARJVn6kKpJE53oZMkC9IiQ=) has send a requested to purchase cp_cannabisseedspackblackfrost x1 from the trader "Weed (Naomi [WEED])" in market zone "The Holler" (pos=<5632.000000, 32.000000, 5392.000000>).
12:20:03.308 [Market] Player "Golden" (id=8Xp2uj5ZxNF55GgpLiN2OARJVn6kKpJE53oZMkC9IiQ=) has bought cp_cannabisseedspackblackfrost x1 from the trader "Weed (Naomi [WEED])" in market zone "The Holler" (pos=<5632.000000, 32.000000, 5392.000000>) for a price of 7200.
12:20:28.738 [ATM] Player "Golden" (id=8Xp2uj5ZxNF55GgpLiN2OARJVn6kKpJE53oZMkC9IiQ=) has withdrawn 115000 from his ATM account.
12:20:58.683 [Market] Player "Golden" (id=8Xp2uj5ZxNF55GgpLiN2OARJVn6kKpJE53oZMkC9IiQ=) has send a requested to purchase cp_cannabisseedspackblackfrost x15 from the trader "Weed (Naomi [WEED])" in market zone "The Holler" (pos=<5632.000000, 32.000000, 5392.000000>).
12:20:58.843 [Market] Player "Golden" (id=8Xp2uj5ZxNF55GgpLiN2OARJVn6kKpJE53oZMkC9IiQ=) has bought cp_cannabisseedspackblackfrost x15 from the trader "Weed (Naomi [WEED])" in market zone "The Holler" (pos=<5632.000000, 32.000000, 5392.000000>) for a price of 108000.
12:21:00.023 [Market] Player "Golden" (id=8Xp2uj5ZxNF55GgpLiN2OARJVn6kKpJE53oZMkC9IiQ=) has send a requested to purchase cp_cannabisseedspackblackfrost x1 from the trader "Weed (Naomi [WEED])" in market zone "The Holler" (pos=<5632.000000, 32.000000, 5392.000000>).
12:21:00.164 [Market] Player "Golden" (id=8Xp2uj5ZxNF55GgpLiN2OARJVn6kKpJE53oZMkC9IiQ=) has bought cp_cannabisseedspackblackfrost x1 from the trader "Weed (Naomi [WEED])" in market zone "The Holler" (pos=<5632.000000, 32.000000, 5392.000000>) for a price of 7200.
12:21:20.890 [ATM] Player "Golden" (id=8Xp2uj5ZxNF55GgpLiN2OARJVn6kKpJE53oZMkC9IiQ=) has deposited 1610 on his ATM account.
12:22:40.160 [VehicleEngine] Player Stahlhelm Sturm [uid=Dj-6_aSgGuPVYaq-POeeqvRPr_91gVAi6qp9fgRrqHk=] stopped vehicle Offroad Range Rover green  (id=5C9A69482F4690899725A8B3DBA4A956 pos=<4355.541016, 5.052857, 2888.549561>)
12:22:46.441 [ATM] Player "Golden" (id=8Xp2uj5ZxNF55GgpLiN2OARJVn6kKpJE53oZMkC9IiQ=) has withdrawn 100000 from his ATM account.
12:22:47.531 [VehicleLeave] Player Stahlhelm Sturm [uid=Dj-6_aSgGuPVYaq-POeeqvRPr_91gVAi6qp9fgRrqHk=] left vehicle Offroad Range Rover green  (id=5C9A69482F4690899725A8B3DBA4A956 pos=<4355.541016, 5.052875, 2888.549561>)
12:22:56.726 [VehicleCarKey] Player "Stahlhelm Sturm" (id=Dj-6_aSgGuPVYaq-POeeqvRPr_91gVAi6qp9fgRrqHk= pos=<4356.943359, 5.102848, 2887.432617>) used the  ExpansionCarKey to lock OffroadRangeRover_green (id=5C9A69482F4690899725A8B3DBA4A956 pos=<4355.541016, 5.052876, 2888.549561>)
12:23:38.394 [Market] Player "Golden" (id=8Xp2uj5ZxNF55GgpLiN2OARJVn6kKpJE53oZMkC9IiQ=) has send a requested to purchase twp_aa12helldragon x1 from the trader "Weapons (Oliver [WEAPONS])" in market zone "The Holler" (pos=<5632.000000, 32.000000, 5392.000000>).
12:23:38.539 [Market] Player "Golden" (id=8Xp2uj5ZxNF55GgpLiN2OARJVn6kKpJE53oZMkC9IiQ=) has bought twp_aa12helldragon x1 from the trader "Weapons (Oliver [WEAPONS])" in market zone "The Holler" (pos=<5632.000000, 32.000000, 5392.000000>) for a price of 14160.
12:24:05.375 [Market] Player "Golden" (id=8Xp2uj5ZxNF55GgpLiN2OARJVn6kKpJE53oZMkC9IiQ=) has send a requested to purchase twp_aa12helldragon_mag_32rnd x1 from the trader "Weapons (Oliver [WEAPONS])" in market zone "The Holler" (pos=<5632.000000, 32.000000, 5392.000000>).
12:24:05.503 [Market] Player "Golden" (id=8Xp2uj5ZxNF55GgpLiN2OARJVn6kKpJE53oZMkC9IiQ=) has bought twp_aa12helldragon_mag_32rnd x1 from the trader "Weapons (Oliver [WEAPONS])" in market zone "The Holler" (pos=<5632.000000, 32.000000, 5392.000000>) for a price of 1360.
12:24:06.269 [Market] Player "Golden" (id=8Xp2uj5ZxNF55GgpLiN2OARJVn6kKpJE53oZMkC9IiQ=) has send a requested to purchase twp_aa12helldragon_mag_32rnd x1 from the trader "Weapons (Oliver [WEAPONS])" in market zone "The Holler" (pos=<5632.000000, 32.000000, 5392.000000>).
12:24:06.429 [Market] Player "Golden" (id=8Xp2uj5ZxNF55GgpLiN2OARJVn6kKpJE53oZMkC9IiQ=) has bought twp_aa12helldragon_mag_32rnd x1 from the trader "Weapons (Oliver [WEAPONS])" in market zone "The Holler" (pos=<5632.000000, 32.000000, 5392.000000>) for a price of 1360.
12:24:11.183 [Market] Player "Golden" (id=8Xp2uj5ZxNF55GgpLiN2OARJVn6kKpJE53oZMkC9IiQ=) has send a requested to purchase twp_aa12helldragon_mag_32rnd x1 from the trader "Weapons (Oliver [WEAPONS])" in market zone "The Holler" (pos=<5632.000000, 32.000000, 5392.000000>).
12:24:11.316 [Market] Player "Golden" (id=8Xp2uj5ZxNF55GgpLiN2OARJVn6kKpJE53oZMkC9IiQ=) has bought twp_aa12helldragon_mag_32rnd x1 from the trader "Weapons (Oliver [WEAPONS])" in market zone "The Holler" (pos=<5632.000000, 32.000000, 5392.000000>) for a price of 1360.
12:24:57.289 [Market] Player "Golden" (id=8Xp2uj5ZxNF55GgpLiN2OARJVn6kKpJE53oZMkC9IiQ=) has send a requested to purchase twp_p90shallow_grave x1 from the trader "Weapons (Oliver [WEAPONS])" in market zone "The Holler" (pos=<5632.000000, 32.000000, 5392.000000>).
12:24:57.445 [Market] Player "Golden" (id=8Xp2uj5ZxNF55GgpLiN2OARJVn6kKpJE53oZMkC9IiQ=) has bought twp_p90shallow_grave x1 from the trader "Weapons (Oliver [WEAPONS])" in market zone "The Holler" (pos=<5632.000000, 32.000000, 5392.000000>) for a price of 18850.
12:25:33.664 [Market] Player "Golden" (id=8Xp2uj5ZxNF55GgpLiN2OARJVn6kKpJE53oZMkC9IiQ=) has send a requested to purchase twp_p90shallow_grave_mag_50rnd x4 from the trader "Weapons (Oliver [WEAPONS])" in market zone "The Holler" (pos=<5632.000000, 32.000000, 5392.000000>).
12:25:33.816 [Market] Player "Golden" (id=8Xp2uj5ZxNF55GgpLiN2OARJVn6kKpJE53oZMkC9IiQ=) has bought twp_p90shallow_grave_mag_50rnd x4 from the trader "Weapons (Oliver [WEAPONS])" in market zone "The Holler" (pos=<5632.000000, 32.000000, 5392.000000>) for a price of 3400.
12:27:31.531 [Market] Player "Golden" (id=8Xp2uj5ZxNF55GgpLiN2OARJVn6kKpJE53oZMkC9IiQ=) has send a requested to purchase ammo_12gaslug x1 from the trader "WeaponAccessories (Rolf [WEAPON ACCESSORIES])" in market zone "The Holler" (pos=<5632.000000, 32.000000, 5392.000000>).
12:27:31.679 [Market] Player "Golden" (id=8Xp2uj5ZxNF55GgpLiN2OARJVn6kKpJE53oZMkC9IiQ=) has bought ammo_12gaslug x1 from the trader "WeaponAccessories (Rolf [WEAPON ACCESSORIES])" in market zone "The Holler" (pos=<5632.000000, 32.000000, 5392.000000>) for a price of 5.
12:27:40.726 [Market] Player "Golden" (id=8Xp2uj5ZxNF55GgpLiN2OARJVn6kKpJE53oZMkC9IiQ=) has send a requested to purchase ammo_12gaslug x500 from the trader "WeaponAccessories (Rolf [WEAPON ACCESSORIES])" in market zone "The Holler" (pos=<5632.000000, 32.000000, 5392.000000>).
12:27:40.867 [Market] Player "Golden" (id=8Xp2uj5ZxNF55GgpLiN2OARJVn6kKpJE53oZMkC9IiQ=) has bought ammo_12gaslug x500 from the trader "WeaponAccessories (Rolf [WEAPON ACCESSORIES])" in market zone "The Holler" (pos=<5632.000000, 32.000000, 5392.000000>) for a price of 2500.
12:27:49.062 [Market] Player "Golden" (id=8Xp2uj5ZxNF55GgpLiN2OARJVn6kKpJE53oZMkC9IiQ=) has send a requested to purchase ammo_12gapellets x500 from the trader "WeaponAccessories (Rolf [WEAPON ACCESSORIES])" in market zone "The Holler" (pos=<5632.000000, 32.000000, 5392.000000>).
12:27:49.218 [Market] Player "Golden" (id=8Xp2uj5ZxNF55GgpLiN2OARJVn6kKpJE53oZMkC9IiQ=) has bought ammo_12gapellets x500 from the trader "WeaponAccessories (Rolf [WEAPON ACCESSORIES])" in market zone "The Holler" (pos=<5632.000000, 32.000000, 5392.000000>) for a price of 2500.
12:28:08.554 [ATM] Player "Golden" (id=8Xp2uj5ZxNF55GgpLiN2OARJVn6kKpJE53oZMkC9IiQ=) has deposited 54505 on his ATM account.
12:28:56.445 [VehicleEnter] Player Golden [uid=8Xp2uj5ZxNF55GgpLiN2OARJVn6kKpJE53oZMkC9IiQ=] entered vehicle BMW black (id=8A6FF4B0A8466307523FC7AE5AE17E90 pos=<5598.487305, 28.629745, 5391.083008>) as driver
12:28:59.101 [VehicleEngine] Player Golden [uid=8Xp2uj5ZxNF55GgpLiN2OARJVn6kKpJE53oZMkC9IiQ=] started vehicle BMW black (id=8A6FF4B0A8466307523FC7AE5AE17E90 pos=<5598.487305, 28.629730, 5391.083008>)
12:29:34.632 [Safezone] Player "Golden" (id=8Xp2uj5ZxNF55GgpLiN2OARJVn6kKpJE53oZMkC9IiQ= pos=<5728.444824, 20.354210, 5161.291992>) Left the safezone
12:30:05.964 [VehicleCarKey] Player "Stahlhelm Sturm" (id=Dj-6_aSgGuPVYaq-POeeqvRPr_91gVAi6qp9fgRrqHk= pos=<4356.609375, 5.085367, 2887.574707>) used the  ExpansionCarKey to unlock OffroadRangeRover_green (id=5C9A69482F4690899725A8B3DBA4A956 pos=<4355.541016, 5.052876, 2888.549561>)
12:30:17.734 [VehicleEnter] Player Stahlhelm Sturm [uid=Dj-6_aSgGuPVYaq-POeeqvRPr_91gVAi6qp9fgRrqHk=] entered vehicle Offroad Range Rover green  (id=5C9A69482F4690899725A8B3DBA4A956 pos=<4355.426270, 5.046254, 2888.603271>) as driver
12:30:21.765 [VehicleEngine] Player Stahlhelm Sturm [uid=Dj-6_aSgGuPVYaq-POeeqvRPr_91gVAi6qp9fgRrqHk=] started vehicle Offroad Range Rover green  (id=5C9A69482F4690899725A8B3DBA4A956 pos=<4355.426270, 5.046257, 2888.603271>)
12:31:59.015 [VehicleEngine] Player Stahlhelm Sturm [uid=Dj-6_aSgGuPVYaq-POeeqvRPr_91gVAi6qp9fgRrqHk=] stopped vehicle Offroad Range Rover green  (id=5C9A69482F4690899725A8B3DBA4A956 pos=<4609.870605, 2.748093, 2572.404541>)
12:32:06.484 [VehicleLeave] Player Stahlhelm Sturm [uid=Dj-6_aSgGuPVYaq-POeeqvRPr_91gVAi6qp9fgRrqHk=] left vehicle Offroad Range Rover green  (id=5C9A69482F4690899725A8B3DBA4A956 pos=<4609.868652, 2.747753, 2572.404785>)
12:32:12.820 [VehicleCarKey] Player "Stahlhelm Sturm" (id=Dj-6_aSgGuPVYaq-POeeqvRPr_91gVAi6qp9fgRrqHk= pos=<4611.249023, 2.810801, 2573.153564>) used the  ExpansionCarKey to lock OffroadRangeRover_green (id=5C9A69482F4690899725A8B3DBA4A956 pos=<4609.868652, 2.747745, 2572.404785>)
12:33:29.957 [VehicleLeave] Player Golden [uid=8Xp2uj5ZxNF55GgpLiN2OARJVn6kKpJE53oZMkC9IiQ=] left vehicle BMW black (id=8A6FF4B0A8466307523FC7AE5AE17E90 pos=<3807.005127, 5.565165, 2502.364990>)
12:33:40.933 [VehicleEnter] Player Golden [uid=8Xp2uj5ZxNF55GgpLiN2OARJVn6kKpJE53oZMkC9IiQ=] entered vehicle BMW black (id=8A6FF4B0A8466307523FC7AE5AE17E90 pos=<3807.005371, 5.565137, 2502.365723>) as driver
12:33:47.027 [VehicleEngine] Player Golden [uid=8Xp2uj5ZxNF55GgpLiN2OARJVn6kKpJE53oZMkC9IiQ=] started vehicle BMW black (id=8A6FF4B0A8466307523FC7AE5AE17E90 pos=<3807.006104, 5.565157, 2502.369873>)
12:34:18.773 [VehicleEngine] Player Golden [uid=8Xp2uj5ZxNF55GgpLiN2OARJVn6kKpJE53oZMkC9IiQ=] stopped vehicle BMW black (id=8A6FF4B0A8466307523FC7AE5AE17E90 pos=<3815.263916, 5.574695, 2521.552246>)
12:34:23.066 [VehicleLeave] Player Golden [uid=8Xp2uj5ZxNF55GgpLiN2OARJVn6kKpJE53oZMkC9IiQ=] left vehicle BMW black (id=8A6FF4B0A8466307523FC7AE5AE17E90 pos=<3815.264404, 5.574706, 2521.554932>)
12:37:55.187 [VehicleCarKey] Player "Stahlhelm Sturm" (id=Dj-6_aSgGuPVYaq-POeeqvRPr_91gVAi6qp9fgRrqHk= pos=<4611.005371, 2.810803, 2573.174316>) used the  ExpansionCarKey to unlock OffroadRangeRover_green (id=5C9A69482F4690899725A8B3DBA4A956 pos=<4609.868652, 2.747745, 2572.404785>)
12:38:11.957 [VehicleEnter] Player Stahlhelm Sturm [uid=Dj-6_aSgGuPVYaq-POeeqvRPr_91gVAi6qp9fgRrqHk=] entered vehicle Offroad Range Rover green  (id=5C9A69482F4690899725A8B3DBA4A956 pos=<4609.868652, 2.747732, 2572.404785>) as driver
12:38:15.402 [VehicleEngine] Player Stahlhelm Sturm [uid=Dj-6_aSgGuPVYaq-POeeqvRPr_91gVAi6qp9fgRrqHk=] started vehicle Offroad Range Rover green  (id=5C9A69482F4690899725A8B3DBA4A956 pos=<4609.867676, 2.747609, 2572.405029>)
12:39:20.511 [VehicleEngine] Player Stahlhelm Sturm [uid=Dj-6_aSgGuPVYaq-POeeqvRPr_91gVAi6qp9fgRrqHk=] stopped vehicle Offroad Range Rover green  (id=5C9A69482F4690899725A8B3DBA4A956 pos=<4612.984375, 4.211179, 2377.003418>)
12:39:26.976 [VehicleLeave] Player Stahlhelm Sturm [uid=Dj-6_aSgGuPVYaq-POeeqvRPr_91gVAi6qp9fgRrqHk=] left vehicle Offroad Range Rover green  (id=5C9A69482F4690899725A8B3DBA4A956 pos=<4612.984375, 4.211182, 2377.003418>)
12:42:24.261 [VehicleEnter] Player Stahlhelm Sturm [uid=Dj-6_aSgGuPVYaq-POeeqvRPr_91gVAi6qp9fgRrqHk=] entered vehicle Offroad Range Rover green  (id=5C9A69482F4690899725A8B3DBA4A956 pos=<4612.984375, 4.211183, 2377.003418>) as driver
12:42:29.664 [VehicleEngine] Player Stahlhelm Sturm [uid=Dj-6_aSgGuPVYaq-POeeqvRPr_91gVAi6qp9fgRrqHk=] started vehicle Offroad Range Rover green  (id=5C9A69482F4690899725A8B3DBA4A956 pos=<4612.984375, 4.211183, 2377.003418>)
12:48:05.367 [VehicleEngine] Player Stahlhelm Sturm [uid=Dj-6_aSgGuPVYaq-POeeqvRPr_91gVAi6qp9fgRrqHk=] stopped vehicle Offroad Range Rover green  (id=5C9A69482F4690899725A8B3DBA4A956 pos=<6504.353027, 31.559113, 1888.401245>)
12:48:14.753 [VehicleLeave] Player Stahlhelm Sturm [uid=Dj-6_aSgGuPVYaq-POeeqvRPr_91gVAi6qp9fgRrqHk=] left vehicle Offroad Range Rover green  (id=5C9A69482F4690899725A8B3DBA4A956 pos=<6506.509766, 31.559034, 1882.354126>)
12:49:29.339 [VehicleEnter] Player Stahlhelm Sturm [uid=Dj-6_aSgGuPVYaq-POeeqvRPr_91gVAi6qp9fgRrqHk=] entered vehicle Offroad Range Rover green  (id=5C9A69482F4690899725A8B3DBA4A956 pos=<6506.509766, 31.559034, 1882.354126>) as driver
12:49:34.335 [VehicleEngine] Player Stahlhelm Sturm [uid=Dj-6_aSgGuPVYaq-POeeqvRPr_91gVAi6qp9fgRrqHk=] started vehicle Offroad Range Rover green  (id=5C9A69482F4690899725A8B3DBA4A956 pos=<6506.509766, 31.559034, 1882.354126>)
13:02:05.164 [VehicleEngine] Player Stahlhelm Sturm [uid=Dj-6_aSgGuPVYaq-POeeqvRPr_91gVAi6qp9fgRrqHk=] stopped vehicle Offroad Range Rover green  (id=5C9A69482F4690899725A8B3DBA4A956 pos=<6915.136719, 39.073978, 6003.054199>)
13:02:08.894 [VehicleLeave] Player Stahlhelm Sturm [uid=Dj-6_aSgGuPVYaq-POeeqvRPr_91gVAi6qp9fgRrqHk=] left vehicle Offroad Range Rover green  (id=5C9A69482F4690899725A8B3DBA4A956 pos=<6915.136719, 39.073975, 6003.054199>)
13:02:53.949 [VehicleEnter] Player Stahlhelm Sturm [uid=Dj-6_aSgGuPVYaq-POeeqvRPr_91gVAi6qp9fgRrqHk=] entered vehicle Offroad Range Rover green  (id=5C9A69482F4690899725A8B3DBA4A956 pos=<6915.136719, 39.073978, 6003.054199>) as driver
13:02:57.078 [VehicleEngine] Player Stahlhelm Sturm [uid=Dj-6_aSgGuPVYaq-POeeqvRPr_91gVAi6qp9fgRrqHk=] started vehicle Offroad Range Rover green  (id=5C9A69482F4690899725A8B3DBA4A956 pos=<6915.136719, 39.073978, 6003.054199>)
13:05:09.500 [AI Patrol] Spawning 3 Power Plant Patrol bots at <4717.617188, 20.430000, 7171.790039>
13:11:33.187 [VehicleEngine] Player Stahlhelm Sturm [uid=Dj-6_aSgGuPVYaq-POeeqvRPr_91gVAi6qp9fgRrqHk=] stopped vehicle Offroad Range Rover green  (id=5C9A69482F4690899725A8B3DBA4A956 pos=<8886.091797, 5.220797, 8675.963867>)
13:11:39.101 [VehicleLeave] Player Stahlhelm Sturm [uid=Dj-6_aSgGuPVYaq-POeeqvRPr_91gVAi6qp9fgRrqHk=] left vehicle Offroad Range Rover green  (id=5C9A69482F4690899725A8B3DBA4A956 pos=<8886.091797, 5.220797, 8675.963867>)
13:16:27.742 [VehicleCarKey] Player "Stahlhelm Sturm" (id=Dj-6_aSgGuPVYaq-POeeqvRPr_91gVAi6qp9fgRrqHk= pos=<8887.821289, 5.211762, 8675.772461>) used the  ExpansionCarKey to lock OffroadRangeRover_green (id=5C9A69482F4690899725A8B3DBA4A956 pos=<8886.091797, 5.220797, 8675.963867>)
13:16:55.269 [VehicleDeleted] OffroadRangeRover_green (id=5C9A69482F4690899725A8B3DBA4A956 pos=<8886.091797, 5.220797, 8675.963867>)
13:16:55.269 [VehicleCover] Player "Stahlhelm Sturm" (id=Dj-6_aSgGuPVYaq-POeeqvRPr_91gVAi6qp9fgRrqHk= pos=<8887.524414, 5.211761, 8678.908203>) covered vehicle "OffroadRangeRover_green" (GlobalID=80000000800000008000000080016FB4 pos=<8886.091797, 5.220797, 8675.963867>)!
13:33:44.714 [Party] Player "Stahlhelm Sturm" (id=Dj-6_aSgGuPVYaq-POeeqvRPr_91gVAi6qp9fgRrqHk=) left the party "DIEHARD" (id=32 ownerUID=JmVdSu0kzNbOpwjpFV-MDcMB-Equ3yPY-l-COMb6HgY= ownerName=Nick Leadbeatter)
13:58:41.847 [VehicleDeleted] BMW_black (id=8A6FF4B0A8466307523FC7AE5AE17E90 pos=<3815.264404, 5.574699, 2521.555176>)
13:58:41.847 [VehicleCover] Player "Golden" (id=8Xp2uj5ZxNF55GgpLiN2OARJVn6kKpJE53oZMkC9IiQ= pos=<3813.036377, 5.654959, 2518.874268>) covered vehicle "BMW_black" (GlobalID=800000008000000080000000800381B4 pos=<3815.264404, 5.574699, 2521.555176>)!
14:25:27.535 [AI Patrol] Spawning 3 Shamans bots at <4273.167969, 9.424056, 2189.486084>
14:57:33.582 [Party] Player "Nick Leadbeatter" (id=JmVdSu0kzNbOpwjpFV-MDcMB-Equ3yPY-l-COMb6HgY=) joinded the party "DIEHARD" (id=32 ownerUID=JmVdSu0kzNbOpwjpFV-MDcMB-Equ3yPY-l-COMb6HgY= ownerName=Nick Leadbeatter)
14:57:33.593 [Expansion Quests] - InitQuestSystemClient - Loaded existing player quest data for player with UID: JmVdSu0kzNbOpwjpFV-MDcMB-Equ3yPY-l-COMb6HgY=
14:57:33.593 [Expansion Quests] - LoadGroupQuestData - Got cached group quest data for group with ID: 32
14:57:34.542 [Expansion Quests] - LoadGroupQuestData - Got cached group quest data for group with ID: 32
14:58:46.570 [VehicleCover] Player "Golden" (id=8Xp2uj5ZxNF55GgpLiN2OARJVn6kKpJE53oZMkC9IiQ= pos=<3813.751221, 5.654965, 2522.545654>) uncovered vehicle "BMW_black" (GlobalID=800000008000000080000000800381B4 pos=<3815.264404, 5.574699, 2521.555176>)!
14:59:18.421 [VehicleEnter] Player Golden [uid=8Xp2uj5ZxNF55GgpLiN2OARJVn6kKpJE53oZMkC9IiQ=] entered vehicle BMW black (id=3DF3403A024C327D1D9242B30402B44F pos=<3815.264893, 5.574706, 2521.556641>) as driver
14:59:21.011 [VehicleEngine] Player Golden [uid=8Xp2uj5ZxNF55GgpLiN2OARJVn6kKpJE53oZMkC9IiQ=] started vehicle BMW black (id=3DF3403A024C327D1D9242B30402B44F pos=<3815.265137, 5.574691, 2521.557617>)
14:59:32.890 [VehicleLeave] Player Golden [uid=8Xp2uj5ZxNF55GgpLiN2OARJVn6kKpJE53oZMkC9IiQ=] left vehicle BMW black (id=3DF3403A024C327D1D9242B30402B44F pos=<3803.736328, 5.500491, 2506.564941>)
14:59:49.339 [VehicleEnter] Player Golden [uid=8Xp2uj5ZxNF55GgpLiN2OARJVn6kKpJE53oZMkC9IiQ=] entered vehicle BMW black (id=3DF3403A024C327D1D9242B30402B44F pos=<3803.737305, 5.500486, 2506.564941>) as driver
14:59:52.925 [VehicleEngine] Player Golden [uid=8Xp2uj5ZxNF55GgpLiN2OARJVn6kKpJE53oZMkC9IiQ=] started vehicle BMW black (id=3DF3403A024C327D1D9242B30402B44F pos=<3803.738281, 5.500485, 2506.564941>)
15:01:13.773 [Chat - Global]("Nick Leadbeatter"(id=JmVdSu0kzNbOpwjpFV-MDcMB-Equ3yPY-l-COMb6HgY=)): HI
15:05:12.015 [VehicleEngine] Player Golden [uid=8Xp2uj5ZxNF55GgpLiN2OARJVn6kKpJE53oZMkC9IiQ=] stopped vehicle BMW black (id=3DF3403A024C327D1D9242B30402B44F pos=<4393.902832, 6.163368, 4518.654785>)
15:05:15.316 [VehicleLeave] Player Golden [uid=8Xp2uj5ZxNF55GgpLiN2OARJVn6kKpJE53oZMkC9IiQ=] left vehicle BMW black (id=3DF3403A024C327D1D9242B30402B44F pos=<4393.903320, 6.163331, 4518.656738>)
15:05:24.160 [VehicleCarKey] Player "Golden" (id=8Xp2uj5ZxNF55GgpLiN2OARJVn6kKpJE53oZMkC9IiQ= pos=<4395.706055, 6.354366, 4519.041504>) used the  ExpansionCarKey to lock BMW_black (id=3DF3403A024C327D1D9242B30402B44F pos=<4393.903320, 6.163282, 4518.657227>)
15:05:40.441 [VehicleCover] Player "Nick Leadbeatter" (id=JmVdSu0kzNbOpwjpFV-MDcMB-Equ3yPY-l-COMb6HgY= pos=<7451.809082, 17.208925, 8419.018555>) uncovered vehicle "ExpansionGyrocopter" (GlobalID=80000000800000008000000080028FFA pos=<7453.982422, 17.251312, 8418.102539>)!
15:05:49.964 [VehicleDeleted] ExpansionGyrocopter (id=77353436834B531E53DBB2877FD7B12F pos=<7453.984863, 17.269793, 8418.102539>)
15:05:49.968 [VehicleCover] Player "Nick Leadbeatter" (id=JmVdSu0kzNbOpwjpFV-MDcMB-Equ3yPY-l-COMb6HgY= pos=<7452.386719, 17.208927, 8418.760742>) covered vehicle "ExpansionGyrocopter" (GlobalID=80000000800000008000000080028FFA pos=<7453.984863, 17.269793, 8418.102539>)!
15:06:25.355 [VehicleEnter] Player Nick Leadbeatter [uid=JmVdSu0kzNbOpwjpFV-MDcMB-Equ3yPY-l-COMb6HgY=] entered vehicle Mh-6 Little Bird (id=B5AC685592470266127B35BFC7CE229D pos=<7440.019043, 17.266682, 8424.073242>) as pilot
15:07:04.191 [VehicleEngine] Player Nick Leadbeatter [uid=JmVdSu0kzNbOpwjpFV-MDcMB-Equ3yPY-l-COMb6HgY=] started vehicle Mh-6 Little Bird (id=B5AC685592470266127B35BFC7CE229D pos=<7440.019043, 17.266657, 8424.073242>)
15:11:41.972 [VehicleEnter] Player Golden [uid=8Xp2uj5ZxNF55GgpLiN2OARJVn6kKpJE53oZMkC9IiQ=] entered vehicle Mh-6 Little Bird (id=B5AC685592470266127B35BFC7CE229D pos=<4783.892578, 16.763536, 4615.523438>) as passenger
15:14:00.039 [AI Patrol] Spawning 2 Shamans bots at <4225.558105, 27.536240, 7784.339355>
15:15:05.500 [AI Patrol] Spawning 3 Shamans bots at <4635.881836, 32.830402, 11559.358398>
15:18:05.570 [Killfeed] Nick Leadbeatter and passengers Golden didn't survive flying in their Mh-6 Little Bird.
15:18:11.242 [Party] Player "Golden" (id=8Xp2uj5ZxNF55GgpLiN2OARJVn6kKpJE53oZMkC9IiQ=) left the party "G's" (id=49 ownerUID=4LNvemhkvMsn3fCjiyhQQrToOar0_hhH9f302w8wMNY= ownerName=MrGreen530)
15:18:14.242 [Party] Player "Nick Leadbeatter" (id=JmVdSu0kzNbOpwjpFV-MDcMB-Equ3yPY-l-COMb6HgY=) left the party "DIEHARD" (id=32 ownerUID=JmVdSu0kzNbOpwjpFV-MDcMB-Equ3yPY-l-COMb6HgY= ownerName=Nick Leadbeatter)
15:19:32.714 [Party] Player "Golden" (id=8Xp2uj5ZxNF55GgpLiN2OARJVn6kKpJE53oZMkC9IiQ=) joinded the party "G's" (id=49 ownerUID=4LNvemhkvMsn3fCjiyhQQrToOar0_hhH9f302w8wMNY= ownerName=MrGreen530)
15:19:32.718 [Expansion Quests] - InitQuestSystemClient - Loaded existing player quest data for player with UID: 8Xp2uj5ZxNF55GgpLiN2OARJVn6kKpJE53oZMkC9IiQ=
15:19:32.718 [Expansion Quests] - LoadGroupQuestData - Got cached group quest data for group with ID: 49
15:19:33.703 [Expansion Quests] - LoadGroupQuestData - Got cached group quest data for group with ID: 49
15:19:53.664 [SpawnSelection] Player "Golden" (id=8Xp2uj5ZxNF55GgpLiN2OARJVn6kKpJE53oZMkC9IiQ=) spawned at <6439.279785, 30.267099, 14425.599609>
15:20:01.687 [Party] Player "Nick Leadbeatter" (id=JmVdSu0kzNbOpwjpFV-MDcMB-Equ3yPY-l-COMb6HgY=) joinded the party "DIEHARD" (id=32 ownerUID=JmVdSu0kzNbOpwjpFV-MDcMB-Equ3yPY-l-COMb6HgY= ownerName=Nick Leadbeatter)
15:20:01.691 [Expansion Quests] - InitQuestSystemClient - Loaded existing player quest data for player with UID: JmVdSu0kzNbOpwjpFV-MDcMB-Equ3yPY-l-COMb6HgY=
15:20:01.691 [Expansion Quests] - LoadGroupQuestData - Got cached group quest data for group with ID: 32
15:20:02.679 [Expansion Quests] - LoadGroupQuestData - Got cached group quest data for group with ID: 32
15:20:21.339 [Party] Player "Golden" (id=8Xp2uj5ZxNF55GgpLiN2OARJVn6kKpJE53oZMkC9IiQ=) left the party "G's" (id=49 ownerUID=4LNvemhkvMsn3fCjiyhQQrToOar0_hhH9f302w8wMNY= ownerName=MrGreen530)
15:21:10.085 [Party] Player "Golden" (id=8Xp2uj5ZxNF55GgpLiN2OARJVn6kKpJE53oZMkC9IiQ=) joinded the party "G's" (id=49 ownerUID=4LNvemhkvMsn3fCjiyhQQrToOar0_hhH9f302w8wMNY= ownerName=MrGreen530)
15:21:10.093 [Expansion Quests] - InitQuestSystemClient - Loaded existing player quest data for player with UID: 8Xp2uj5ZxNF55GgpLiN2OARJVn6kKpJE53oZMkC9IiQ=
15:21:10.093 [Expansion Quests] - LoadGroupQuestData - Got cached group quest data for group with ID: 49
15:21:11.078 [Expansion Quests] - LoadGroupQuestData - Got cached group quest data for group with ID: 49
15:21:26.035 [SpawnSelection] Player "Nick Leadbeatter" (id=JmVdSu0kzNbOpwjpFV-MDcMB-Equ3yPY-l-COMb6HgY=) spawned at <6439.279785, 30.267099, 14425.599609>
15:21:58.347 [Party] Player "Nick Leadbeatter" (id=JmVdSu0kzNbOpwjpFV-MDcMB-Equ3yPY-l-COMb6HgY=) left the party "DIEHARD" (id=32 ownerUID=JmVdSu0kzNbOpwjpFV-MDcMB-Equ3yPY-l-COMb6HgY= ownerName=Nick Leadbeatter)
15:23:29.933 [Party] Player "Nick Leadbeatter" (id=JmVdSu0kzNbOpwjpFV-MDcMB-Equ3yPY-l-COMb6HgY=) joinded the party "DIEHARD" (id=32 ownerUID=JmVdSu0kzNbOpwjpFV-MDcMB-Equ3yPY-l-COMb6HgY= ownerName=Nick Leadbeatter)
15:23:29.937 [Expansion Quests] - InitQuestSystemClient - Loaded existing player quest data for player with UID: JmVdSu0kzNbOpwjpFV-MDcMB-Equ3yPY-l-COMb6HgY=
15:23:29.937 [Expansion Quests] - LoadGroupQuestData - Got cached group quest data for group with ID: 32
15:23:30.925 [Expansion Quests] - LoadGroupQuestData - Got cached group quest data for group with ID: 32
15:25:04.312 [Safezone] Player "[ADMIN]DrKilledByDeath" (id=spMEkRl42onhFHdF_u42e0T03x2sj347kUc600NXdGA= pos=<5625.331543, 28.722446, 5383.550781>) Entered the safezone
15:25:04.316 [Party] Player "[ADMIN]DrKilledByDeath" (id=spMEkRl42onhFHdF_u42e0T03x2sj347kUc600NXdGA=) joinded the party "WitheringFlesh" (id=39 ownerUID=-r2araXommLNgd2kLCOg5MUhQUGYZRsIrQF--_XcIVE= ownerName=BtWF_Raziel)
15:25:04.324 [Expansion Quests] - InitQuestSystemClient - Loaded existing player quest data for player with UID: spMEkRl42onhFHdF_u42e0T03x2sj347kUc600NXdGA=
15:25:04.328 [Expansion Quests] - LoadGroupQuestData - Loaded existing group quest data for group with ID: 39
15:25:05.289 [Expansion Quests] - LoadGroupQuestData - Got cached group quest data for group with ID: 39
15:25:24.078 [Safezone] Player "[ADMIN]DrKilledByDeath" (id=spMEkRl42onhFHdF_u42e0T03x2sj347kUc600NXdGA= pos=<6156.142090, 6.557957, 13441.871094>) Left the safezone
15:25:41.355 [Party] Player "[ADMIN]DrKilledByDeath" (id=spMEkRl42onhFHdF_u42e0T03x2sj347kUc600NXdGA=) left the party "WitheringFlesh" (id=39 ownerUID=-r2araXommLNgd2kLCOg5MUhQUGYZRsIrQF--_XcIVE= ownerName=BtWF_Raziel)
15:26:16.312 [Party] Player "[ADMIN]DrKilledByDeath" (id=spMEkRl42onhFHdF_u42e0T03x2sj347kUc600NXdGA=) joinded the party "WitheringFlesh" (id=39 ownerUID=-r2araXommLNgd2kLCOg5MUhQUGYZRsIrQF--_XcIVE= ownerName=BtWF_Raziel)
15:26:16.316 [Expansion Quests] - InitQuestSystemClient - Loaded existing player quest data for player with UID: spMEkRl42onhFHdF_u42e0T03x2sj347kUc600NXdGA=
15:26:16.316 [Expansion Quests] - LoadGroupQuestData - Got cached group quest data for group with ID: 39
15:26:17.296 [Expansion Quests] - LoadGroupQuestData - Got cached group quest data for group with ID: 39
15:33:58.257 [ExplosionDamageSystem] About to explode M67Grenade_Ammo from M67Grenade<ada07a20> at <5239.7, 4.8, 12386.6> EXPLOSION range 20 dropoff 5
15:33:58.257 [Killfeed] [ADMIN]DrKilledByDeath was killed by an explosion caused by 6-M7 Frag Grenade.
15:34:20.812 [Party] Player "[ADMIN]DrKilledByDeath" (id=spMEkRl42onhFHdF_u42e0T03x2sj347kUc600NXdGA=) joinded the party "WitheringFlesh" (id=39 ownerUID=-r2araXommLNgd2kLCOg5MUhQUGYZRsIrQF--_XcIVE= ownerName=BtWF_Raziel)
15:34:21.804 [Expansion Quests] - LoadGroupQuestData - Got cached group quest data for group with ID: 39
15:34:24.968 [SpawnSelection] Player "[ADMIN]DrKilledByDeath" (id=spMEkRl42onhFHdF_u42e0T03x2sj347kUc600NXdGA=) spawned at <6496.990234, 31.562500, 1900.010010>
15:36:41.992 [ExplosionDamageSystem] About to explode LandFuelFeed_Ammo from Land_FuelStation_Feed<9b8cba20> at <5283.78, 5.77, 12434.1> EXPLOSION range 20 dropoff 5
15:43:37.550 [VehicleEnter] Player Nick Leadbeatter [uid=JmVdSu0kzNbOpwjpFV-MDcMB-Equ3yPY-l-COMb6HgY=] entered vehicle Mh-6 Little Bird (id=3263CB59604B1145352B819AC9F3F54E pos=<5246.372559, 5.014409, 12418.752930>) as pilot
15:43:44.679 [VehicleLeave] Player Nick Leadbeatter [uid=JmVdSu0kzNbOpwjpFV-MDcMB-Equ3yPY-l-COMb6HgY=] left vehicle Mh-6 Little Bird (id=3263CB59604B1145352B819AC9F3F54E pos=<5246.375000, 5.014689, 12418.752930>)
15:43:47.164 [VehicleCarKey] Player "Nick Leadbeatter" (id=JmVdSu0kzNbOpwjpFV-MDcMB-Equ3yPY-l-COMb6HgY= pos=<5244.019531, 4.782496, 12419.353516>) paired a  ExpansionCarKey to ExpansionMh6_Wasp (id=3263CB59604B1145352B819AC9F3F54E pos=<5246.375488, 5.014698, 12418.752930>)
15:43:49.863 [VehicleCarKey] Player "Nick Leadbeatter" (id=JmVdSu0kzNbOpwjpFV-MDcMB-Equ3yPY-l-COMb6HgY= pos=<5244.019531, 4.782496, 12419.353516>) used the  ExpansionCarKey to lock ExpansionMh6_Wasp (id=3263CB59604B1145352B819AC9F3F54E pos=<5246.376465, 5.014709, 12418.752930>)
15:43:56.324 [AI Patrol] Spawning 2 Shamans bots at <4922.657715, 30.482010, 6080.097656>
15:43:56.488 [Safezone] Player "[ADMIN]DrKilledByDeath" (id=spMEkRl42onhFHdF_u42e0T03x2sj347kUc600NXdGA= pos=<5623.466797, 28.709999, 5378.373047>) Entered the safezone
15:43:59.929 [VehicleEnter] Player Golden [uid=8Xp2uj5ZxNF55GgpLiN2OARJVn6kKpJE53oZMkC9IiQ=] entered vehicle Mh-6 Little Bird (id=CECC8E61C6460EBBBB9AE89D4DEBF372 pos=<5238.037109, 4.827638, 12425.352539>) as pilot
15:44:02.085 [VehicleLeave] Player Golden [uid=8Xp2uj5ZxNF55GgpLiN2OARJVn6kKpJE53oZMkC9IiQ=] left vehicle Mh-6 Little Bird (id=CECC8E61C6460EBBBB9AE89D4DEBF372 pos=<5238.037109, 4.827638, 12425.352539>)
15:44:04.625 [VehicleCarKey] Player "Golden" (id=8Xp2uj5ZxNF55GgpLiN2OARJVn6kKpJE53oZMkC9IiQ= pos=<5236.846191, 5.153806, 12426.394531>) paired a  ExpansionCarKey to ExpansionMh6_Elliptical (id=CECC8E61C6460EBBBB9AE89D4DEBF372 pos=<5238.037109, 4.827686, 12425.352539>)
15:44:23.328 [VehicleEnter] Player Nick Leadbeatter [uid=JmVdSu0kzNbOpwjpFV-MDcMB-Equ3yPY-l-COMb6HgY=] entered vehicle Mh-6 Little Bird (id=CECC8E61C6460EBBBB9AE89D4DEBF372 pos=<5238.037109, 4.827634, 12425.352539>) as passenger
15:44:28.132 [VehicleEnter] Player Golden [uid=8Xp2uj5ZxNF55GgpLiN2OARJVn6kKpJE53oZMkC9IiQ=] entered vehicle Mh-6 Little Bird (id=CECC8E61C6460EBBBB9AE89D4DEBF372 pos=<5238.037109, 4.827641, 12425.352539>) as pilot
15:44:31.464 [VehicleEngine] Player Golden [uid=8Xp2uj5ZxNF55GgpLiN2OARJVn6kKpJE53oZMkC9IiQ=] started vehicle Mh-6 Little Bird (id=CECC8E61C6460EBBBB9AE89D4DEBF372 pos=<5238.037109, 4.827628, 12425.352539>)
15:44:35.160 [VehicleEngine] Player Golden [uid=8Xp2uj5ZxNF55GgpLiN2OARJVn6kKpJE53oZMkC9IiQ=] stopped vehicle Mh-6 Little Bird (id=CECC8E61C6460EBBBB9AE89D4DEBF372 pos=<5238.037109, 4.827631, 12425.352539>)
15:45:04.957 [VehicleEngine] Player Golden [uid=8Xp2uj5ZxNF55GgpLiN2OARJVn6kKpJE53oZMkC9IiQ=] started vehicle Mh-6 Little Bird (id=CECC8E61C6460EBBBB9AE89D4DEBF372 pos=<5238.037109, 4.827631, 12425.352539>)
15:50:13.898 [Party] Player "[ADMIN]DrKilledByDeath" (id=spMEkRl42onhFHdF_u42e0T03x2sj347kUc600NXdGA=) left the party "WitheringFlesh" (id=39 ownerUID=-r2araXommLNgd2kLCOg5MUhQUGYZRsIrQF--_XcIVE= ownerName=BtWF_Raziel)
15:51:30.078 [VehicleLeave] Player Nick Leadbeatter [uid=JmVdSu0kzNbOpwjpFV-MDcMB-Equ3yPY-l-COMb6HgY=] left vehicle Mh-6 Little Bird (id=CECC8E61C6460EBBBB9AE89D4DEBF372 pos=<5240.939453, 4.827574, 12480.378906>)
15:51:32.691 [VehicleEngine] Player Golden [uid=8Xp2uj5ZxNF55GgpLiN2OARJVn6kKpJE53oZMkC9IiQ=] stopped vehicle Mh-6 Little Bird (id=CECC8E61C6460EBBBB9AE89D4DEBF372 pos=<5240.939453, 4.827591, 12480.378906>)
15:51:37.148 [VehicleLeave] Player Golden [uid=8Xp2uj5ZxNF55GgpLiN2OARJVn6kKpJE53oZMkC9IiQ=] left vehicle Mh-6 Little Bird (id=CECC8E61C6460EBBBB9AE89D4DEBF372 pos=<5240.939453, 4.827581, 12480.378906>)
15:53:39.500 [MissionAirdrop] An airdrop is heading towards "Oceanville" (pos=<10179.000000, 0.000000, 4722.000000> type=Random_Oceanville) with a ExpansionAirdropContainer_Medical
15:55:39.085 [ExplosionDamageSystem] About to explode LandFuelFeed_Ammo from Land_FuelStation_Feed<9b8ca800> at <5284.7, 5.77, 12446.5> EXPLOSION range 20 dropoff 5
16:00:08.125 [Expansion Quests] - InitQuestSystemClient - Created new persistent player quest data for player UID: qOowzXYHFyJFCnpfpXlMeaeg1Yaz6p4vnVRhOWvjkp0=
16:00:34.050 [VehicleCarKey] Player "Nick Leadbeatter" (id=JmVdSu0kzNbOpwjpFV-MDcMB-Equ3yPY-l-COMb6HgY= pos=<5244.581543, 4.782499, 12419.383789>) used the  ExpansionCarKey to unlock ExpansionMh6_Wasp (id=3263CB59604B1145352B819AC9F3F54E pos=<5246.392090, 5.016688, 12418.748047>)
16:00:39.156 [VehicleCarKey] Player "Nick Leadbeatter" (id=JmVdSu0kzNbOpwjpFV-MDcMB-Equ3yPY-l-COMb6HgY= pos=<5244.981445, 5.165147, 12419.458984>) used the  ExpansionCarKey to lock ExpansionMh6_Wasp (id=3263CB59604B1145352B819AC9F3F54E pos=<5246.392578, 5.016538, 12418.748047>)
16:00:43.093 [VehicleEnter] Player Nick Leadbeatter [uid=JmVdSu0kzNbOpwjpFV-MDcMB-Equ3yPY-l-COMb6HgY=] entered vehicle Mh-6 Little Bird (id=3263CB59604B1145352B819AC9F3F54E pos=<5246.390625, 5.016438, 12418.748047>) as pilot
16:00:50.808 [VehicleEnter] Player Golden [uid=8Xp2uj5ZxNF55GgpLiN2OARJVn6kKpJE53oZMkC9IiQ=] entered vehicle Mh-6 Little Bird (id=CECC8E61C6460EBBBB9AE89D4DEBF372 pos=<5240.939453, 4.827570, 12480.378906>) as pilot
16:00:53.187 [VehicleEngine] Player Nick Leadbeatter [uid=JmVdSu0kzNbOpwjpFV-MDcMB-Equ3yPY-l-COMb6HgY=] started vehicle Mh-6 Little Bird (Locked) (id=3263CB59604B1145352B819AC9F3F54E pos=<5246.391602, 5.016395, 12418.749023>)
16:01:04.152 [VehicleEngine] Player Golden [uid=8Xp2uj5ZxNF55GgpLiN2OARJVn6kKpJE53oZMkC9IiQ=] started vehicle Mh-6 Little Bird (id=CECC8E61C6460EBBBB9AE89D4DEBF372 pos=<5240.939453, 4.827571, 12480.378906>)
16:08:50.433 [SpawnSelection] Player "Hillbilly" (id=qOowzXYHFyJFCnpfpXlMeaeg1Yaz6p4vnVRhOWvjkp0=) spawned at <5630.990234, 28.701900, 5347.680176>
16:08:51.105 [Safezone] Player "Hillbilly" (id=qOowzXYHFyJFCnpfpXlMeaeg1Yaz6p4vnVRhOWvjkp0= pos=<5630.990234, 28.701900, 5347.680176>) Entered the safezone
16:09:44.468 [VehicleEngine] Player Nick Leadbeatter [uid=JmVdSu0kzNbOpwjpFV-MDcMB-Equ3yPY-l-COMb6HgY=] stopped vehicle Mh-6 Little Bird (Locked) (id=3263CB59604B1145352B819AC9F3F54E pos=<11353.198242, 23.721844, 9924.587891>)
16:09:54.070 [VehicleLeave] Player Nick Leadbeatter [uid=JmVdSu0kzNbOpwjpFV-MDcMB-Equ3yPY-l-COMb6HgY=] left vehicle Mh-6 Little Bird (id=3263CB59604B1145352B819AC9F3F54E pos=<11353.197266, 23.723866, 9924.585938>)
16:13:33.062 [VehicleEngine] Player Golden [uid=8Xp2uj5ZxNF55GgpLiN2OARJVn6kKpJE53oZMkC9IiQ=] stopped vehicle Mh-6 Little Bird (id=CECC8E61C6460EBBBB9AE89D4DEBF372 pos=<10731.401367, 8.608746, 10622.758789>)
16:13:43.617 [VehicleLeave] Player Golden [uid=8Xp2uj5ZxNF55GgpLiN2OARJVn6kKpJE53oZMkC9IiQ=] left vehicle Mh-6 Little Bird (id=CECC8E61C6460EBBBB9AE89D4DEBF372 pos=<10731.401367, 8.608756, 10622.758789>)
16:14:09.070 [VehicleCarKey] Player "Golden" (id=8Xp2uj5ZxNF55GgpLiN2OARJVn6kKpJE53oZMkC9IiQ= pos=<10733.128906, 8.424567, 10623.700195>) used the  ExpansionCarKey to lock ExpansionMh6_Elliptical (id=CECC8E61C6460EBBBB9AE89D4DEBF372 pos=<10731.401367, 8.608774, 10622.758789>)
16:15:11.964 [VehicleEnter] Player Nick Leadbeatter [uid=JmVdSu0kzNbOpwjpFV-MDcMB-Equ3yPY-l-COMb6HgY=] entered vehicle Mh-6 Little Bird (id=3263CB59604B1145352B819AC9F3F54E pos=<11353.212891, 23.721292, 9924.573242>) as pilot
16:15:28.640 [VehicleEngine] Player Nick Leadbeatter [uid=JmVdSu0kzNbOpwjpFV-MDcMB-Equ3yPY-l-COMb6HgY=] started vehicle Mh-6 Little Bird (id=3263CB59604B1145352B819AC9F3F54E pos=<11353.211914, 23.721405, 9924.574219>)
16:16:35.628 [VehicleCarKey] Player "Golden" (id=8Xp2uj5ZxNF55GgpLiN2OARJVn6kKpJE53oZMkC9IiQ= pos=<10733.611328, 8.382093, 10623.778320>) used the  ExpansionCarKey to unlock ExpansionMh6_Elliptical (id=CECC8E61C6460EBBBB9AE89D4DEBF372 pos=<10731.400391, 8.608846, 10622.756836>)
16:16:43.339 [VehicleEnter] Player Golden [uid=8Xp2uj5ZxNF55GgpLiN2OARJVn6kKpJE53oZMkC9IiQ=] entered vehicle Mh-6 Little Bird (id=CECC8E61C6460EBBBB9AE89D4DEBF372 pos=<10731.400391, 8.608875, 10622.756836>) as pilot
16:17:40.007 [VehicleEngine] Player Golden [uid=8Xp2uj5ZxNF55GgpLiN2OARJVn6kKpJE53oZMkC9IiQ=] started vehicle Mh-6 Little Bird (id=CECC8E61C6460EBBBB9AE89D4DEBF372 pos=<10731.400391, 8.608838, 10622.756836>)
16:20:30.300 [VehicleEngine] Player Nick Leadbeatter [uid=JmVdSu0kzNbOpwjpFV-MDcMB-Equ3yPY-l-COMb6HgY=] stopped vehicle Mh-6 Little Bird (id=3263CB59604B1145352B819AC9F3F54E pos=<7453.123047, 17.266605, 8405.073242>)
16:20:43.914 [VehicleLeave] Player Nick Leadbeatter [uid=JmVdSu0kzNbOpwjpFV-MDcMB-Equ3yPY-l-COMb6HgY=] left vehicle Mh-6 Little Bird (id=3263CB59604B1145352B819AC9F3F54E pos=<7453.123047, 17.266668, 8405.073242>)
16:21:19.437 [Safezone] Player "Hillbilly" (id=qOowzXYHFyJFCnpfpXlMeaeg1Yaz6p4vnVRhOWvjkp0= pos=<5694.947266, 31.915430, 5245.449707>) Left the safezone
16:21:45.433 [Party] Player "Nick Leadbeatter" (id=JmVdSu0kzNbOpwjpFV-MDcMB-Equ3yPY-l-COMb6HgY=) left the party "DIEHARD" (id=32 ownerUID=JmVdSu0kzNbOpwjpFV-MDcMB-Equ3yPY-l-COMb6HgY= ownerName=Nick Leadbeatter)
16:22:04.085 [AI Patrol] Spawning 1 Shamans bots at <5887.535156, 64.211250, 3054.947021>
16:26:20.019 [VehicleEngine] Player Golden [uid=8Xp2uj5ZxNF55GgpLiN2OARJVn6kKpJE53oZMkC9IiQ=] stopped vehicle Mh-6 Little Bird (id=CECC8E61C6460EBBBB9AE89D4DEBF372 pos=<3788.644287, 5.689447, 2498.943115>)
16:26:31.085 [VehicleEngine] Player Golden [uid=8Xp2uj5ZxNF55GgpLiN2OARJVn6kKpJE53oZMkC9IiQ=] started vehicle Mh-6 Little Bird (id=CECC8E61C6460EBBBB9AE89D4DEBF372 pos=<3788.638184, 5.696114, 2498.946289>)
16:26:47.492 [VehicleEngine] Player Golden [uid=8Xp2uj5ZxNF55GgpLiN2OARJVn6kKpJE53oZMkC9IiQ=] stopped vehicle Mh-6 Little Bird (id=CECC8E61C6460EBBBB9AE89D4DEBF372 pos=<3788.638916, 5.696111, 2498.946289>)
16:28:16.957 [VehicleEngine] Player Golden [uid=8Xp2uj5ZxNF55GgpLiN2OARJVn6kKpJE53oZMkC9IiQ=] started vehicle Mh-6 Little Bird (id=CECC8E61C6460EBBBB9AE89D4DEBF372 pos=<3788.638916, 5.696111, 2498.946289>)
16:28:38.125 [VehicleEngine] Player Golden [uid=8Xp2uj5ZxNF55GgpLiN2OARJVn6kKpJE53oZMkC9IiQ=] stopped vehicle Mh-6 Little Bird (id=CECC8E61C6460EBBBB9AE89D4DEBF372 pos=<3788.639648, 5.696110, 2498.946289>)
16:30:15.207 [VehicleEngine] Player Golden [uid=8Xp2uj5ZxNF55GgpLiN2OARJVn6kKpJE53oZMkC9IiQ=] started vehicle Mh-6 Little Bird (id=CECC8E61C6460EBBBB9AE89D4DEBF372 pos=<3788.639648, 5.696111, 2498.946289>)
16:30:53.035 [VehicleEngine] Player Golden [uid=8Xp2uj5ZxNF55GgpLiN2OARJVn6kKpJE53oZMkC9IiQ=] stopped vehicle Mh-6 Little Bird (id=CECC8E61C6460EBBBB9AE89D4DEBF372 pos=<3788.640137, 5.696113, 2498.946289>)
16:31:07.144 [VehicleLeave] Player Golden [uid=8Xp2uj5ZxNF55GgpLiN2OARJVn6kKpJE53oZMkC9IiQ=] left vehicle Mh-6 Little Bird (id=CECC8E61C6460EBBBB9AE89D4DEBF372 pos=<3788.640137, 5.696115, 2498.946533>)
16:31:17.324 [VehicleCarKey] Player "Golden" (id=8Xp2uj5ZxNF55GgpLiN2OARJVn6kKpJE53oZMkC9IiQ= pos=<3789.431641, 5.635909, 2500.697754>) used the  ExpansionCarKey to lock ExpansionMh6_Elliptical (id=CECC8E61C6460EBBBB9AE89D4DEBF372 pos=<3788.640137, 5.696114, 2498.946533>)
16:44:07.515 [BaseRaiding] mmg_solo_locker_yellow (<3791.261719, 5.614975, 2533.155762>) Code set by player "Golden" (ID = "8Xp2uj5ZxNF55GgpLiN2OARJVn6kKpJE53oZMkC9IiQ=" at <3792.316895, 5.654954, 2532.612061>) and the code is 4593
16:45:45.398 [Party] Player "Golden" (id=8Xp2uj5ZxNF55GgpLiN2OARJVn6kKpJE53oZMkC9IiQ=) left the party "G's" (id=49 ownerUID=4LNvemhkvMsn3fCjiyhQQrToOar0_hhH9f302w8wMNY= ownerName=MrGreen530)
17:48:34.597 [Party] Player "Golden" (id=8Xp2uj5ZxNF55GgpLiN2OARJVn6kKpJE53oZMkC9IiQ=) joinded the party "G's" (id=49 ownerUID=4LNvemhkvMsn3fCjiyhQQrToOar0_hhH9f302w8wMNY= ownerName=MrGreen530)
17:48:34.601 [Expansion Quests] - InitQuestSystemClient - Loaded existing player quest data for player with UID: 8Xp2uj5ZxNF55GgpLiN2OARJVn6kKpJE53oZMkC9IiQ=
17:48:34.601 [Expansion Quests] - LoadGroupQuestData - Got cached group quest data for group with ID: 49
17:48:35.570 [Expansion Quests] - LoadGroupQuestData - Got cached group quest data for group with ID: 49
17:53:10.335 [VehicleCarKey] Player "Golden" (id=8Xp2uj5ZxNF55GgpLiN2OARJVn6kKpJE53oZMkC9IiQ= pos=<3789.848633, 5.636273, 2500.656738>) used the  ExpansionCarKey to unlock ExpansionMh6_Elliptical (id=CECC8E61C6460EBBBB9AE89D4DEBF372 pos=<3788.639893, 5.696123, 2498.941895>)
17:53:17.046 [VehicleEnter] Player Golden [uid=8Xp2uj5ZxNF55GgpLiN2OARJVn6kKpJE53oZMkC9IiQ=] entered vehicle Mh-6 Little Bird (id=CECC8E61C6460EBBBB9AE89D4DEBF372 pos=<3788.639893, 5.696121, 2498.941895>) as pilot
17:53:21.816 [VehicleEngine] Player Golden [uid=8Xp2uj5ZxNF55GgpLiN2OARJVn6kKpJE53oZMkC9IiQ=] started vehicle Mh-6 Little Bird (id=CECC8E61C6460EBBBB9AE89D4DEBF372 pos=<3788.639893, 5.696122, 2498.941895>)
17:56:38.765 [VehicleEngine] Player Golden [uid=8Xp2uj5ZxNF55GgpLiN2OARJVn6kKpJE53oZMkC9IiQ=] stopped vehicle Mh-6 Little Bird (id=CECC8E61C6460EBBBB9AE89D4DEBF372 pos=<3788.954102, 5.693625, 2500.094727>)
17:56:45.605 [VehicleLeave] Player Golden [uid=8Xp2uj5ZxNF55GgpLiN2OARJVn6kKpJE53oZMkC9IiQ=] left vehicle Mh-6 Little Bird (id=CECC8E61C6460EBBBB9AE89D4DEBF372 pos=<3788.954834, 5.694448, 2500.094727>)
17:56:53.781 [VehicleCarKey] Player "Golden" (id=8Xp2uj5ZxNF55GgpLiN2OARJVn6kKpJE53oZMkC9IiQ= pos=<3787.931641, 5.674051, 2498.369385>) used the  ExpansionCarKey to lock ExpansionMh6_Elliptical (id=CECC8E61C6460EBBBB9AE89D4DEBF372 pos=<3788.954834, 5.694447, 2500.094727>)
17:57:53.015 [Party] Player "MrGreen530" (id=4LNvemhkvMsn3fCjiyhQQrToOar0_hhH9f302w8wMNY=) joinded the party "G's" (id=49 ownerUID=4LNvemhkvMsn3fCjiyhQQrToOar0_hhH9f302w8wMNY= ownerName=MrGreen530)
17:57:53.031 [Expansion Quests] - InitQuestSystemClient - Loaded existing player quest data for player with UID: 4LNvemhkvMsn3fCjiyhQQrToOar0_hhH9f302w8wMNY=
17:57:53.031 [Expansion Quests] - LoadGroupQuestData - Got cached group quest data for group with ID: 49
17:57:53.992 [Expansion Quests] - LoadGroupQuestData - Got cached group quest data for group with ID: 49
17:59:16.515 [Party] Player "Golden" (id=8Xp2uj5ZxNF55GgpLiN2OARJVn6kKpJE53oZMkC9IiQ=) left the party "G's" (id=49 ownerUID=4LNvemhkvMsn3fCjiyhQQrToOar0_hhH9f302w8wMNY= ownerName=MrGreen530)
17:59:16.519 [Party] Player "MrGreen530" (id=4LNvemhkvMsn3fCjiyhQQrToOar0_hhH9f302w8wMNY=) left the party "G's" (id=49 ownerUID=4LNvemhkvMsn3fCjiyhQQrToOar0_hhH9f302w8wMNY= ownerName=MrGreen530)
