00:11:36.476 [Safezone] Player "[Admin] Bunker" (id=mBNlxASsPlOcry0dpDl8K-WgHNR5WMCMmoJ9NhpU4FY= pos=<5644.965332, 28.722498, 5407.259766>) Entered the safezone
00:13:20.934 [Party] Player "Dirtydan" (id=eZvdqnhxQZeB4Wvp7ko5cFy79bCUMACrCdUKq6S9F3w=) joinded the party "DDD" (id=2 ownerUID=eZvdqnhxQZeB4Wvp7ko5cFy79bCUMACrCdUKq6S9F3w= ownerName=Bluecollarboys)
00:17:01.875 [VehicleCarKey] Player "Captain Chaos" (id=KWl3ojgjStHOe3-iLRChpUG8crsNiNfei3BT6NCIfaw= pos=<7275.292480, 21.462484, 1780.438721>) used the  ExpansionCarKey to unlock Expansion_Landrover_Blue (id=215FE253B2499FAEF5FB248C7EA3CAE5 pos=<7273.447754, 21.418139, 1780.186279>)
00:17:09.640 [VehicleEnter] Player Captain Chaos [uid=KWl3ojgjStHOe3-iLRChpUG8crsNiNfei3BT6NCIfaw=] entered vehicle Land Rover Defender (id=215FE253B2499FAEF5FB248C7EA3CAE5 pos=<7273.447754, 21.418137, 1780.186279>) as driver
00:17:12.299 [VehicleLeave] Player Captain Chaos [uid=KWl3ojgjStHOe3-iLRChpUG8crsNiNfei3BT6NCIfaw=] left vehicle Land Rover Defender (id=215FE253B2499FAEF5FB248C7EA3CAE5 pos=<7273.447754, 21.418137, 1780.186279>)
00:17:18.546 [VehicleEnter] Player Captain Chaos [uid=KWl3ojgjStHOe3-iLRChpUG8crsNiNfei3BT6NCIfaw=] entered vehicle Land Rover Defender (id=215FE253B2499FAEF5FB248C7EA3CAE5 pos=<7273.447754, 21.418137, 1780.186279>) as driver
00:17:21.340 [VehicleEngine] Player Captain Chaos [uid=KWl3ojgjStHOe3-iLRChpUG8crsNiNfei3BT6NCIfaw=] started vehicle Land Rover Defender (id=215FE253B2499FAEF5FB248C7EA3CAE5 pos=<7273.447754, 21.418137, 1780.186279>)
00:18:01.910 [VehicleLeave] Player Captain Chaos [uid=KWl3ojgjStHOe3-iLRChpUG8crsNiNfei3BT6NCIfaw=] left vehicle Land Rover Defender (id=215FE253B2499FAEF5FB248C7EA3CAE5 pos=<7181.474121, 15.372841, 1655.719360>)
00:18:09.704 [VehicleCarKey] Player "Captain Chaos" (id=KWl3ojgjStHOe3-iLRChpUG8crsNiNfei3BT6NCIfaw= pos=<7182.645996, 15.380947, 1654.997192>) used the  ExpansionCarKey to lock Expansion_Landrover_Blue (id=215FE253B2499FAEF5FB248C7EA3CAE5 pos=<7181.474609, 15.372844, 1655.719360>)
00:39:42.687 [BaseRaiding] ExpansionWall6x3 (<10141.666992, 52.989788, 5088.843262>) Code set by player "Dirtydan" (ID = "eZvdqnhxQZeB4Wvp7ko5cFy79bCUMACrCdUKq6S9F3w=" at <10142.778320, 52.779556, 5087.958984>) and the code is 1989
00:40:00.411 [BaseRaiding] ExpansionWall6x3 (<10135.606445, 52.929363, 5090.139648>) Code set by player "Dirtydan" (ID = "eZvdqnhxQZeB4Wvp7ko5cFy79bCUMACrCdUKq6S9F3w=" at <10134.816406, 52.908470, 5090.013184>) and the code is 1989
00:47:38.518 [VehicleCarKey] Player "Captain Chaos" (id=KWl3ojgjStHOe3-iLRChpUG8crsNiNfei3BT6NCIfaw= pos=<7183.517090, 15.438591, 1655.304321>) used the  ExpansionCarKey to unlock Expansion_Landrover_Blue (id=215FE253B2499FAEF5FB248C7EA3CAE5 pos=<7181.474609, 15.372844, 1655.719360>)
00:47:43.718 [VehicleEnter] Player Captain Chaos [uid=KWl3ojgjStHOe3-iLRChpUG8crsNiNfei3BT6NCIfaw=] entered vehicle Land Rover Defender (id=215FE253B2499FAEF5FB248C7EA3CAE5 pos=<7181.474121, 15.372843, 1655.719360>) as driver
00:47:50.992 [VehicleEngine] Player Captain Chaos [uid=KWl3ojgjStHOe3-iLRChpUG8crsNiNfei3BT6NCIfaw=] started vehicle Land Rover Defender (Locked) (id=215FE253B2499FAEF5FB248C7EA3CAE5 pos=<7181.474609, 15.372844, 1655.719360>)
00:49:18.009 [VehicleEngine] Player Captain Chaos [uid=KWl3ojgjStHOe3-iLRChpUG8crsNiNfei3BT6NCIfaw=] started vehicle Land Rover Defender (Locked) (id=215FE253B2499FAEF5FB248C7EA3CAE5 pos=<7310.759766, 45.791695, 2576.656006>)
00:49:36.390 [VehicleLeave] Player Captain Chaos [uid=KWl3ojgjStHOe3-iLRChpUG8crsNiNfei3BT6NCIfaw=] left vehicle Land Rover Defender (id=215FE253B2499FAEF5FB248C7EA3CAE5 pos=<7310.759766, 45.791698, 2576.655762>)
00:50:12.722 [VehicleEnter] Player Dirtydan [uid=eZvdqnhxQZeB4Wvp7ko5cFy79bCUMACrCdUKq6S9F3w=] entered vehicle ROVER (id=058961BB85401161BCF5B79DF98879CB pos=<10142.390625, 52.601620, 5085.797363>) as driver
00:50:14.858 [VehicleLeave] Player Dirtydan [uid=eZvdqnhxQZeB4Wvp7ko5cFy79bCUMACrCdUKq6S9F3w=] left vehicle ROVER (id=058961BB85401161BCF5B79DF98879CB pos=<10142.390625, 52.601570, 5085.793457>)
00:52:07.477 [Safezone] Player "Dirtydan" (id=eZvdqnhxQZeB4Wvp7ko5cFy79bCUMACrCdUKq6S9F3w= pos=<5634.907227, 28.910000, 5387.650879>) Entered the safezone
00:52:26.935 [VehicleCarKey] Player "Captain Chaos" (id=KWl3ojgjStHOe3-iLRChpUG8crsNiNfei3BT6NCIfaw= pos=<7310.741211, 45.855545, 2573.390869>) used the  ExpansionCarKey to lock Expansion_Landrover_Blue (id=215FE253B2499FAEF5FB248C7EA3CAE5 pos=<7310.759766, 45.791695, 2576.656006>)
00:52:48.851 [ATM] Player "Dirtydan" (id=eZvdqnhxQZeB4Wvp7ko5cFy79bCUMACrCdUKq6S9F3w=) has withdrawn 150 from his ATM account.
00:53:00.206 [VehicleCarKey] Player "Captain Chaos" (id=KWl3ojgjStHOe3-iLRChpUG8crsNiNfei3BT6NCIfaw= pos=<7310.268066, 45.847260, 2575.048096>) used the  ExpansionCarKey to unlock Expansion_Landrover_Blue (id=215FE253B2499FAEF5FB248C7EA3CAE5 pos=<7310.759766, 45.791695, 2576.656006>)
00:54:02.494 [Safezone] Player "Dirtydan" (id=eZvdqnhxQZeB4Wvp7ko5cFy79bCUMACrCdUKq6S9F3w= pos=<10140.099609, 52.861115, 5090.080078>) Left the safezone
00:54:42.776 [Safezone] Player "Dirtydan" (id=eZvdqnhxQZeB4Wvp7ko5cFy79bCUMACrCdUKq6S9F3w= pos=<5605.469238, 28.910000, 5385.051758>) Entered the safezone
00:55:07.302 [VehicleCarKey] Player "Captain Chaos" (id=KWl3ojgjStHOe3-iLRChpUG8crsNiNfei3BT6NCIfaw= pos=<7310.268066, 45.847260, 2575.048096>) used the  ExpansionCarKey to lock Expansion_Landrover_Blue (id=215FE253B2499FAEF5FB248C7EA3CAE5 pos=<7310.759766, 45.791695, 2576.656006>)
00:55:53.189 [Safezone] Player "Dirtydan" (id=eZvdqnhxQZeB4Wvp7ko5cFy79bCUMACrCdUKq6S9F3w= pos=<10141.008789, 52.791767, 5085.751953>) Left the safezone
00:57:52.435 [Safezone] Player "[Admin] Bunker" (id=mBNlxASsPlOcry0dpDl8K-WgHNR5WMCMmoJ9NhpU4FY= pos=<5645.232910, 28.722496, 5407.115723>) Entered the safezone
00:58:28.393 [Safezone] Player "[Admin] Bunker" (id=mBNlxASsPlOcry0dpDl8K-WgHNR5WMCMmoJ9NhpU4FY= pos=<4443.848633, 21.942919, 8153.285645>) Left the safezone
00:58:57.437 [AI Patrol] Spawning 3 RCFI Patrol bots at <3642.962158, 13.980000, 8848.590820>
00:59:39.031 [VehicleEnter] Player Dirtydan [uid=eZvdqnhxQZeB4Wvp7ko5cFy79bCUMACrCdUKq6S9F3w=] entered vehicle ROVER (id=058961BB85401161BCF5B79DF98879CB pos=<10142.390625, 52.601536, 5085.790527>) as driver
00:59:43.970 [VehicleLeave] Player Dirtydan [uid=eZvdqnhxQZeB4Wvp7ko5cFy79bCUMACrCdUKq6S9F3w=] left vehicle ROVER (id=058961BB85401161BCF5B79DF98879CB pos=<10142.390625, 52.601482, 5085.785156>)
01:01:20.785 [VehicleCarKey] Player "Captain Chaos" (id=KWl3ojgjStHOe3-iLRChpUG8crsNiNfei3BT6NCIfaw= pos=<7309.991211, 45.846802, 2575.130615>) used the  ExpansionCarKey to unlock Expansion_Landrover_Blue (id=215FE253B2499FAEF5FB248C7EA3CAE5 pos=<7310.759766, 45.791695, 2576.656006>)
01:01:31.084 [VehicleCarKey] Player "Captain Chaos" (id=KWl3ojgjStHOe3-iLRChpUG8crsNiNfei3BT6NCIfaw= pos=<7308.963379, 45.834717, 2576.779541>) used the  ExpansionCarKey to lock Expansion_Landrover_Blue (id=215FE253B2499FAEF5FB248C7EA3CAE5 pos=<7310.759766, 45.791695, 2576.656006>)
01:02:23.398 [VehicleCarKey] Player "Captain Chaos" (id=KWl3ojgjStHOe3-iLRChpUG8crsNiNfei3BT6NCIfaw= pos=<7308.602539, 45.840611, 2576.190430>) used the  ExpansionCarKey to unlock Expansion_Landrover_Blue (id=215FE253B2499FAEF5FB248C7EA3CAE5 pos=<7310.759766, 45.791695, 2576.656006>)
01:02:30.575 [VehicleCarKey] Player "Captain Chaos" (id=KWl3ojgjStHOe3-iLRChpUG8crsNiNfei3BT6NCIfaw= pos=<7308.602539, 45.840611, 2576.190430>) used the  ExpansionCarKey to lock Expansion_Landrover_Blue (id=215FE253B2499FAEF5FB248C7EA3CAE5 pos=<7310.759766, 45.791695, 2576.656006>)
01:02:42.301 [Party] Player "Dirtydan" (id=eZvdqnhxQZeB4Wvp7ko5cFy79bCUMACrCdUKq6S9F3w=) left the party "DDD" (id=2 ownerUID=eZvdqnhxQZeB4Wvp7ko5cFy79bCUMACrCdUKq6S9F3w= ownerName=Bluecollarboys)
01:04:04.839 [VehicleCarKey] Player "Captain Chaos" (id=KWl3ojgjStHOe3-iLRChpUG8crsNiNfei3BT6NCIfaw= pos=<7310.296875, 45.845623, 2575.345703>) used the  ExpansionCarKey to unlock Expansion_Landrover_Blue (id=215FE253B2499FAEF5FB248C7EA3CAE5 pos=<7310.759766, 45.791695, 2576.656006>)
01:04:50.222 [VehicleCarKey] Player "Captain Chaos" (id=KWl3ojgjStHOe3-iLRChpUG8crsNiNfei3BT6NCIfaw= pos=<7313.646973, 45.843632, 2576.398926>) used the  ExpansionCarKey to lock Expansion_Landrover_Blue (id=215FE253B2499FAEF5FB248C7EA3CAE5 pos=<7310.759766, 45.791695, 2576.656006>)
01:08:21.173 [VehicleCarKey] Player "Captain Chaos" (id=KWl3ojgjStHOe3-iLRChpUG8crsNiNfei3BT6NCIfaw= pos=<7310.728027, 45.812939, 2579.518555>) used the  ExpansionCarKey to unlock Expansion_Landrover_Blue (id=215FE253B2499FAEF5FB248C7EA3CAE5 pos=<7310.759766, 45.791695, 2576.656006>)
01:09:45.259 [VehicleEnter] Player Captain Chaos [uid=KWl3ojgjStHOe3-iLRChpUG8crsNiNfei3BT6NCIfaw=] entered vehicle Land Rover Defender (id=215FE253B2499FAEF5FB248C7EA3CAE5 pos=<7310.759766, 45.791695, 2576.656006>) as driver
01:09:50.958 [VehicleEngine] Player Captain Chaos [uid=KWl3ojgjStHOe3-iLRChpUG8crsNiNfei3BT6NCIfaw=] started vehicle Land Rover Defender (id=215FE253B2499FAEF5FB248C7EA3CAE5 pos=<7310.759766, 45.791695, 2576.656006>)
01:11:57.744 [VehicleLeave] Player Captain Chaos [uid=KWl3ojgjStHOe3-iLRChpUG8crsNiNfei3BT6NCIfaw=] left vehicle Land Rover Defender (id=215FE253B2499FAEF5FB248C7EA3CAE5 pos=<7458.395996, 39.624039, 3222.218994>)
01:13:21.333 [VehicleAttachments] Player Captain Chaos (uid=KWl3ojgjStHOe3-iLRChpUG8crsNiNfei3BT6NCIfaw=) detached Land Rover Defender Wheel (type=Expansion_Landrover_Wheel) from vehicle Land Rover Defender(id=215FE253B2499FAEF5FB248C7EA3CAE5 pos=<7458.395996, 39.624001, 3222.218750>)
01:13:44.274 [VehicleEnter] Player Captain Chaos [uid=KWl3ojgjStHOe3-iLRChpUG8crsNiNfei3BT6NCIfaw=] entered vehicle Land Rover Defender (id=215FE253B2499FAEF5FB248C7EA3CAE5 pos=<7458.387207, 39.623699, 3222.215576>) as driver
01:13:49.391 [VehicleEngine] Player Captain Chaos [uid=KWl3ojgjStHOe3-iLRChpUG8crsNiNfei3BT6NCIfaw=] started vehicle Land Rover Defender (id=215FE253B2499FAEF5FB248C7EA3CAE5 pos=<7458.387695, 39.623741, 3222.215820>)
01:15:27.204 [VehicleLeave] Player Captain Chaos [uid=KWl3ojgjStHOe3-iLRChpUG8crsNiNfei3BT6NCIfaw=] left vehicle Land Rover Defender (id=215FE253B2499FAEF5FB248C7EA3CAE5 pos=<7464.027832, 34.303616, 3599.693848>)
01:16:23.892 [VehicleEnter] Player Captain Chaos [uid=KWl3ojgjStHOe3-iLRChpUG8crsNiNfei3BT6NCIfaw=] entered vehicle Land Rover Defender (id=215FE253B2499FAEF5FB248C7EA3CAE5 pos=<7464.027832, 34.303616, 3599.693848>) as driver
01:16:30.906 [VehicleEngine] Player Captain Chaos [uid=KWl3ojgjStHOe3-iLRChpUG8crsNiNfei3BT6NCIfaw=] started vehicle Land Rover Defender (id=215FE253B2499FAEF5FB248C7EA3CAE5 pos=<7464.027832, 34.303623, 3599.693848>)
01:18:07.907 [AI Patrol] Spawning 3 Camp Eagle Patrol bots at <8873.836914, 45.419998, 3815.200928>
01:18:50.875 [VehicleLeave] Player Captain Chaos [uid=KWl3ojgjStHOe3-iLRChpUG8crsNiNfei3BT6NCIfaw=] left vehicle Land Rover Defender (id=215FE253B2499FAEF5FB248C7EA3CAE5 pos=<8659.407227, 4.907970, 4243.891113>)
01:19:31.768 [VehicleEnter] Player Captain Chaos [uid=KWl3ojgjStHOe3-iLRChpUG8crsNiNfei3BT6NCIfaw=] entered vehicle Land Rover Defender (id=215FE253B2499FAEF5FB248C7EA3CAE5 pos=<8659.407227, 4.907969, 4243.891113>) as driver
01:19:33.349 [VehicleEngine] Player Captain Chaos [uid=KWl3ojgjStHOe3-iLRChpUG8crsNiNfei3BT6NCIfaw=] started vehicle Land Rover Defender (id=215FE253B2499FAEF5FB248C7EA3CAE5 pos=<8659.406250, 4.908004, 4243.891113>)
01:20:15.733 [VehicleLeave] Player Captain Chaos [uid=KWl3ojgjStHOe3-iLRChpUG8crsNiNfei3BT6NCIfaw=] left vehicle Land Rover Defender (id=215FE253B2499FAEF5FB248C7EA3CAE5 pos=<8973.842773, 28.105679, 4184.188477>)
01:23:16.865 [VehicleAttachments] Player Captain Chaos (uid=KWl3ojgjStHOe3-iLRChpUG8crsNiNfei3BT6NCIfaw=) detached Land Rover Defender Wheel (type=Expansion_Landrover_Wheel) from vehicle Land Rover Defender(id=215FE253B2499FAEF5FB248C7EA3CAE5 pos=<8973.861328, 28.105679, 4184.122070>)
01:23:55.098 [VehicleEnter] Player Captain Chaos [uid=KWl3ojgjStHOe3-iLRChpUG8crsNiNfei3BT6NCIfaw=] entered vehicle Land Rover Defender (id=215FE253B2499FAEF5FB248C7EA3CAE5 pos=<8973.859375, 28.105677, 4184.126953>) as driver
01:24:02.710 [VehicleEngine] Player Captain Chaos [uid=KWl3ojgjStHOe3-iLRChpUG8crsNiNfei3BT6NCIfaw=] started vehicle Land Rover Defender (id=215FE253B2499FAEF5FB248C7EA3CAE5 pos=<8973.859375, 28.105679, 4184.127441>)
01:27:09.698 [VehicleLeave] Player Captain Chaos [uid=KWl3ojgjStHOe3-iLRChpUG8crsNiNfei3BT6NCIfaw=] left vehicle Land Rover Defender (id=215FE253B2499FAEF5FB248C7EA3CAE5 pos=<9617.147461, 2.986507, 3103.321533>)
01:27:35.691 [VehicleCarKey] Player "Captain Chaos" (id=KWl3ojgjStHOe3-iLRChpUG8crsNiNfei3BT6NCIfaw= pos=<9618.041992, 2.938419, 3100.225586>) used the  ExpansionCarKey to lock Expansion_Landrover_Blue (id=215FE253B2499FAEF5FB248C7EA3CAE5 pos=<9617.148438, 2.986510, 3103.321533>)
01:32:15.135 [VehicleCarKey] Player "Captain Chaos" (id=KWl3ojgjStHOe3-iLRChpUG8crsNiNfei3BT6NCIfaw= pos=<9618.806641, 2.980238, 3102.212646>) used the  ExpansionCarKey to unlock Expansion_Landrover_Blue (id=215FE253B2499FAEF5FB248C7EA3CAE5 pos=<9617.148438, 2.986510, 3103.321533>)
01:33:55.249 [VehicleCarKey] Player "Captain Chaos" (id=KWl3ojgjStHOe3-iLRChpUG8crsNiNfei3BT6NCIfaw= pos=<9619.306641, 2.971652, 3102.162109>) used the  ExpansionCarKey to lock Expansion_Landrover_Blue (id=215FE253B2499FAEF5FB248C7EA3CAE5 pos=<9617.148438, 2.986510, 3103.321533>)
01:36:49.881 [BaseRaiding] ExpansionSafeMini (<9621.034180, 2.755406, 3089.153564>) Code set by player "Captain Chaos" (ID = "KWl3ojgjStHOe3-iLRChpUG8crsNiNfei3BT6NCIfaw=" at <9621.333984, 2.795341, 3088.023926>) and the code is 1185
01:40:52.263 [VehicleCarKey] Player "Captain Chaos" (id=KWl3ojgjStHOe3-iLRChpUG8crsNiNfei3BT6NCIfaw= pos=<9618.944336, 2.965454, 3101.645752>) used the  ExpansionCarKey to unlock Expansion_Landrover_Blue (id=215FE253B2499FAEF5FB248C7EA3CAE5 pos=<9617.148438, 2.986510, 3103.321533>)
01:41:06.935 [VehicleCarKey] Player "Captain Chaos" (id=KWl3ojgjStHOe3-iLRChpUG8crsNiNfei3BT6NCIfaw= pos=<9618.944336, 2.965454, 3101.645752>) used the  ExpansionCarKey to lock Expansion_Landrover_Blue (id=215FE253B2499FAEF5FB248C7EA3CAE5 pos=<9617.148438, 2.986510, 3103.321533>)
01:45:51.572 [BaseRaiding] ExpansionWall6x3 (<9629.206055, 2.597406, 3092.719727>) Code set by player "Captain Chaos" (ID = "KWl3ojgjStHOe3-iLRChpUG8crsNiNfei3BT6NCIfaw=" at <9628.243164, 2.636446, 3092.218750>) and the code is 118537
01:46:10.336 [VehicleCarKey] Player "Captain Chaos" (id=KWl3ojgjStHOe3-iLRChpUG8crsNiNfei3BT6NCIfaw= pos=<9619.507813, 2.959850, 3101.771484>) used the  ExpansionCarKey to unlock Expansion_Landrover_Blue (id=215FE253B2499FAEF5FB248C7EA3CAE5 pos=<9617.148438, 2.986510, 3103.321533>)
01:46:18.425 [VehicleEnter] Player Captain Chaos [uid=KWl3ojgjStHOe3-iLRChpUG8crsNiNfei3BT6NCIfaw=] entered vehicle Land Rover Defender (id=215FE253B2499FAEF5FB248C7EA3CAE5 pos=<9617.147461, 2.986507, 3103.321533>) as driver
01:46:23.340 [VehicleEngine] Player Captain Chaos [uid=KWl3ojgjStHOe3-iLRChpUG8crsNiNfei3BT6NCIfaw=] started vehicle Land Rover Defender (id=215FE253B2499FAEF5FB248C7EA3CAE5 pos=<9617.148438, 2.986509, 3103.321533>)
01:46:54.531 [VehicleLeave] Player Captain Chaos [uid=KWl3ojgjStHOe3-iLRChpUG8crsNiNfei3BT6NCIfaw=] left vehicle Land Rover Defender (id=215FE253B2499FAEF5FB248C7EA3CAE5 pos=<9629.864258, 2.550125, 3090.216553>)
01:47:30.141 [VehicleEnter] Player Captain Chaos [uid=KWl3ojgjStHOe3-iLRChpUG8crsNiNfei3BT6NCIfaw=] entered vehicle Land Rover Defender (id=215FE253B2499FAEF5FB248C7EA3CAE5 pos=<9629.864258, 2.550122, 3090.216797>) as driver
01:47:31.677 [VehicleEngine] Player Captain Chaos [uid=KWl3ojgjStHOe3-iLRChpUG8crsNiNfei3BT6NCIfaw=] started vehicle Land Rover Defender (id=215FE253B2499FAEF5FB248C7EA3CAE5 pos=<9629.864258, 2.550136, 3090.216553>)
01:47:42.836 [VehicleLeave] Player Captain Chaos [uid=KWl3ojgjStHOe3-iLRChpUG8crsNiNfei3BT6NCIfaw=] left vehicle Land Rover Defender (id=215FE253B2499FAEF5FB248C7EA3CAE5 pos=<9630.567383, 2.539183, 3088.318848>)
01:54:43.139 [VehicleCarKey] Player "Captain Chaos" (id=KWl3ojgjStHOe3-iLRChpUG8crsNiNfei3BT6NCIfaw= pos=<9628.824219, 2.623587, 3091.098389>) used the  ExpansionCarKey to lock Expansion_Landrover_Blue (id=215FE253B2499FAEF5FB248C7EA3CAE5 pos=<9630.567383, 2.539184, 3088.318604>)
03:22:09.912 [Party] Player "GalaxyPanda" (id=Pk9FmI0iGIJV90L0o-uI7ivHc45DZnNcAVX3v1GVD5Y=) joinded the party "STAG" (id=7 ownerUID=Pk9FmI0iGIJV90L0o-uI7ivHc45DZnNcAVX3v1GVD5Y= ownerName=GalaxyPanda)
03:23:07.273 [VehicleCover] Player "GalaxyPanda" (id=Pk9FmI0iGIJV90L0o-uI7ivHc45DZnNcAVX3v1GVD5Y= pos=<5398.861816, 67.025414, 1599.547119>) uncovered vehicle "Jeep_Wrangler_red" (GlobalID=8000000080000000800000008000231A pos=<5395.474609, 67.176888, 1598.358887>)!
03:23:41.574 [VehicleCarKey] Player "GalaxyPanda" (id=Pk9FmI0iGIJV90L0o-uI7ivHc45DZnNcAVX3v1GVD5Y= pos=<5395.212891, 67.024780, 1599.886108>) used the  ExpansionCarKey to unlock Jeep_Wrangler_red (id=C3B5330041453CB447DD5387F4E636BA pos=<5395.472168, 67.176888, 1598.358887>)
03:27:09.868 [VehicleEnter] Player GalaxyPanda [uid=Pk9FmI0iGIJV90L0o-uI7ivHc45DZnNcAVX3v1GVD5Y=] entered vehicle Jeep Wrangler Red (id=C3B5330041453CB447DD5387F4E636BA pos=<5395.472168, 67.176895, 1598.358887>) as driver
03:28:22.798 [VehicleEngine] Player GalaxyPanda [uid=Pk9FmI0iGIJV90L0o-uI7ivHc45DZnNcAVX3v1GVD5Y=] started vehicle Jeep Wrangler Red (id=C3B5330041453CB447DD5387F4E636BA pos=<5395.472168, 67.176895, 1598.359131>)
03:30:22.395 [VehicleLeave] Player GalaxyPanda [uid=Pk9FmI0iGIJV90L0o-uI7ivHc45DZnNcAVX3v1GVD5Y=] left vehicle Jeep Wrangler Red (id=C3B5330041453CB447DD5387F4E636BA pos=<5902.807129, 88.644508, 2434.082764>)
03:30:29.694 [VehicleCarKey] Player "GalaxyPanda" (id=Pk9FmI0iGIJV90L0o-uI7ivHc45DZnNcAVX3v1GVD5Y= pos=<5900.745605, 88.463303, 2433.472168>) used the  ExpansionCarKey to lock Jeep_Wrangler_red (id=C3B5330041453CB447DD5387F4E636BA pos=<5902.807129, 88.644501, 2434.082764>)
03:31:37.071 [VehicleCarKey] Player "GalaxyPanda" (id=Pk9FmI0iGIJV90L0o-uI7ivHc45DZnNcAVX3v1GVD5Y= pos=<5901.362793, 88.460083, 2433.392822>) used the  ExpansionCarKey to unlock Jeep_Wrangler_red (id=C3B5330041453CB447DD5387F4E636BA pos=<5902.807129, 88.644501, 2434.082764>)
03:31:42.030 [VehicleEnter] Player GalaxyPanda [uid=Pk9FmI0iGIJV90L0o-uI7ivHc45DZnNcAVX3v1GVD5Y=] entered vehicle Jeep Wrangler Red (id=C3B5330041453CB447DD5387F4E636BA pos=<5902.807617, 88.644501, 2434.082764>) as driver
03:31:43.528 [VehicleEngine] Player GalaxyPanda [uid=Pk9FmI0iGIJV90L0o-uI7ivHc45DZnNcAVX3v1GVD5Y=] started vehicle Jeep Wrangler Red (id=C3B5330041453CB447DD5387F4E636BA pos=<5902.807617, 88.644508, 2434.082764>)
03:32:22.791 [VehicleLeave] Player GalaxyPanda [uid=Pk9FmI0iGIJV90L0o-uI7ivHc45DZnNcAVX3v1GVD5Y=] left vehicle Jeep Wrangler Red (Locked) (id=C3B5330041453CB447DD5387F4E636BA pos=<5747.231934, 108.210709, 2454.636230>)
03:39:10.892 [VehicleCarKey] Player "GalaxyPanda" (id=Pk9FmI0iGIJV90L0o-uI7ivHc45DZnNcAVX3v1GVD5Y= pos=<5747.104004, 108.070236, 2452.890137>) used the  ExpansionCarKey to unlock Jeep_Wrangler_red (id=C3B5330041453CB447DD5387F4E636BA pos=<5747.231934, 108.210709, 2454.636230>)
03:39:17.325 [VehicleEnter] Player GalaxyPanda [uid=Pk9FmI0iGIJV90L0o-uI7ivHc45DZnNcAVX3v1GVD5Y=] entered vehicle Jeep Wrangler Red (id=C3B5330041453CB447DD5387F4E636BA pos=<5747.231934, 108.210709, 2454.636230>) as driver
03:39:20.521 [VehicleEngine] Player GalaxyPanda [uid=Pk9FmI0iGIJV90L0o-uI7ivHc45DZnNcAVX3v1GVD5Y=] started vehicle Jeep Wrangler Red (id=C3B5330041453CB447DD5387F4E636BA pos=<5747.231934, 108.210709, 2454.636230>)
03:41:16.947 [VehicleLeave] Player GalaxyPanda [uid=Pk9FmI0iGIJV90L0o-uI7ivHc45DZnNcAVX3v1GVD5Y=] left vehicle Jeep Wrangler Red (id=C3B5330041453CB447DD5387F4E636BA pos=<6027.624512, 55.094421, 2567.783203>)
03:41:29.955 [VehicleEnter] Player GalaxyPanda [uid=Pk9FmI0iGIJV90L0o-uI7ivHc45DZnNcAVX3v1GVD5Y=] entered vehicle Jeep Wrangler Red (id=C3B5330041453CB447DD5387F4E636BA pos=<6027.625000, 55.094437, 2567.783447>) as driver
03:43:21.861 [VehicleLeave] Player GalaxyPanda [uid=Pk9FmI0iGIJV90L0o-uI7ivHc45DZnNcAVX3v1GVD5Y=] left vehicle Jeep Wrangler Red (Locked) (id=C3B5330041453CB447DD5387F4E636BA pos=<6641.268066, 32.175949, 2858.285400>)
03:51:51.971 [VehicleCarKey] Player "GalaxyPanda" (id=Pk9FmI0iGIJV90L0o-uI7ivHc45DZnNcAVX3v1GVD5Y= pos=<6641.298828, 32.059177, 2860.455811>) used the  ExpansionCarKey to unlock Jeep_Wrangler_red (id=C3B5330041453CB447DD5387F4E636BA pos=<6641.268066, 32.175949, 2858.285400>)
03:51:58.939 [VehicleEnter] Player GalaxyPanda [uid=Pk9FmI0iGIJV90L0o-uI7ivHc45DZnNcAVX3v1GVD5Y=] entered vehicle Jeep Wrangler Red (id=C3B5330041453CB447DD5387F4E636BA pos=<6641.268066, 32.175949, 2858.285400>) as driver
03:52:13.110 [VehicleEngine] Player GalaxyPanda [uid=Pk9FmI0iGIJV90L0o-uI7ivHc45DZnNcAVX3v1GVD5Y=] started vehicle Jeep Wrangler Red (id=C3B5330041453CB447DD5387F4E636BA pos=<6641.268066, 32.175949, 2858.285645>)
03:53:38.335 [VehicleEngine] Player GalaxyPanda [uid=Pk9FmI0iGIJV90L0o-uI7ivHc45DZnNcAVX3v1GVD5Y=] stopped vehicle Jeep Wrangler Red (id=C3B5330041453CB447DD5387F4E636BA pos=<6667.277344, 145.242691, 3408.990967>)
03:53:41.894 [VehicleLeave] Player GalaxyPanda [uid=Pk9FmI0iGIJV90L0o-uI7ivHc45DZnNcAVX3v1GVD5Y=] left vehicle Jeep Wrangler Red (id=C3B5330041453CB447DD5387F4E636BA pos=<6667.277344, 145.242722, 3408.990967>)
03:54:30.237 [VehicleCarKey] Player "GalaxyPanda" (id=Pk9FmI0iGIJV90L0o-uI7ivHc45DZnNcAVX3v1GVD5Y= pos=<6666.519043, 145.640640, 3409.957275>) used the  ExpansionCarKey to lock Jeep_Wrangler_red (id=C3B5330041453CB447DD5387F4E636BA pos=<6667.277344, 145.242722, 3408.990967>)
04:10:51.250 [Party] Player "GalaxyPanda" (id=Pk9FmI0iGIJV90L0o-uI7ivHc45DZnNcAVX3v1GVD5Y=) left the party "STAG" (id=7 ownerUID=Pk9FmI0iGIJV90L0o-uI7ivHc45DZnNcAVX3v1GVD5Y= ownerName=GalaxyPanda)
05:12:44.984 [Party] Player "og" (id=Cc0wZ2VHa5_wA30qgzbiev1UMzKqgpWqAgS0wYga8Rk=) joinded the party "wolf pack" (id=8 ownerUID= ownerName=)
05:12:44.986 [Party] Player "og" (id=Cc0wZ2VHa5_wA30qgzbiev1UMzKqgpWqAgS0wYga8Rk=) created a party named wolf pack (ruler)
05:31:02.736 [AI Patrol] Spawning 3 Power Plant Patrol bots at <4777.729492, 20.430000, 7147.970215>
05:43:56.101 [AI Patrol] Spawning 3 Shamans bots at <6479.269043, 20.723654, 8534.402344>
05:59:15.214 [Party] Player "og" (id=Cc0wZ2VHa5_wA30qgzbiev1UMzKqgpWqAgS0wYga8Rk=) left the party "wolf pack" (id=8 ownerUID=Cc0wZ2VHa5_wA30qgzbiev1UMzKqgpWqAgS0wYga8Rk= ownerName=og)
