06:41:58.765 [Party] Player "OrdepRoinuj" (id=jho7WUBGAZrvFnn8RJJsJvDzNHi4rQTd5HHL__KErjY=) joinded the party "OldDog" (id=42 ownerUID=jho7WUBGAZrvFnn8RJJsJvDzNHi4rQTd5HHL__KErjY= ownerName=Old Dog)
06:41:58.775 [Expansion Quests] - InitQuestSystemClient - Loaded existing player quest data for player with UID: jho7WUBGAZrvFnn8RJJsJvDzNHi4rQTd5HHL__KErjY=
06:41:58.775 [Expansion Quests] - LoadGroupQuestData - Loaded existing group quest data for group with ID: 42
06:41:59.740 [Expansion Quests] - LoadGroupQuestData - Got cached group quest data for group with ID: 42
06:50:28.078 [ExplosionDamageSystem] About to explode M67Grenade_Ammo from M67Grenade<d7bcad50> at <13303.4, 12.94, 9958.74> EXPLOSION range 20 dropoff 5
06:57:07.160 [MissionAirdrop] An airdrop is heading towards "Oldfield" (pos=<6117.000000, 0.000000, 7004.000000> type=Random_Oldfield) with a ExpansionAirdropContainer
07:01:25.439 [AI Patrol] Spawning 3 Area 42 Patrol bots at <13342.590820, 12.910000, 9925.250977>
07:11:06.962 [Party] Player "TomInTheNorth" (id=qD1dO4Xthw_yK-reAyR_a51VmE_30ATNiMf9gwL8oGM=) joinded the party "DIEHARD" (id=32 ownerUID=JmVdSu0kzNbOpwjpFV-MDcMB-Equ3yPY-l-COMb6HgY= ownerName=Nick Leadbeatter)
07:11:06.976 [Expansion Quests] - InitQuestSystemClient - Loaded existing player quest data for player with UID: qD1dO4Xthw_yK-reAyR_a51VmE_30ATNiMf9gwL8oGM=
07:11:06.976 [Expansion Quests] - LoadGroupQuestData - Loaded existing group quest data for group with ID: 32
07:11:07.927 [Expansion Quests] - LoadGroupQuestData - Got cached group quest data for group with ID: 32
07:11:18.097 [Killfeed] OrdepRoinuj got killed.
07:11:22.005 [Party] Player "OrdepRoinuj" (id=jho7WUBGAZrvFnn8RJJsJvDzNHi4rQTd5HHL__KErjY=) left the party "OldDog" (id=42 ownerUID=jho7WUBGAZrvFnn8RJJsJvDzNHi4rQTd5HHL__KErjY= ownerName=Old Dog)
07:12:37.699 [Party] Player "OrdepRoinuj" (id=jho7WUBGAZrvFnn8RJJsJvDzNHi4rQTd5HHL__KErjY=) joinded the party "OldDog" (id=42 ownerUID=jho7WUBGAZrvFnn8RJJsJvDzNHi4rQTd5HHL__KErjY= ownerName=Old Dog)
07:12:37.703 [Expansion Quests] - InitQuestSystemClient - Loaded existing player quest data for player with UID: jho7WUBGAZrvFnn8RJJsJvDzNHi4rQTd5HHL__KErjY=
07:12:37.703 [Expansion Quests] - LoadGroupQuestData - Got cached group quest data for group with ID: 42
07:12:37.705 [AI Patrol] Spawning 3 Prison Island Patrol bots at <5253.675781, 18.058481, 625.132019>
07:12:38.689 [Expansion Quests] - LoadGroupQuestData - Got cached group quest data for group with ID: 42
07:15:58.785 [SpawnSelection] Player "OrdepRoinuj" (id=jho7WUBGAZrvFnn8RJJsJvDzNHi4rQTd5HHL__KErjY=) spawned at <6439.279785, 30.267099, 14425.599609>
07:19:20.625 [VehicleCover] Player "TomInTheNorth" (id=qD1dO4Xthw_yK-reAyR_a51VmE_30ATNiMf9gwL8oGM= pos=<10873.105469, 5.513999, 10448.240234>) uncovered vehicle "Expansion_Landrover_Red" (GlobalID=800000008000000080000000800127B1 pos=<10871.252930, 5.482557, 10446.755859>)!
07:19:25.626 [VehicleCarKey] Player "TomInTheNorth" (id=qD1dO4Xthw_yK-reAyR_a51VmE_30ATNiMf9gwL8oGM= pos=<10872.524414, 5.513986, 10447.885742>) used the  ExpansionCarKey to unlock Expansion_Landrover_Red (id=7644DF63CC44109A12A337ACEC596E04 pos=<10871.252930, 5.482557, 10446.755859>)
07:20:58.630 [VehicleCarKey] Player "TomInTheNorth" (id=qD1dO4Xthw_yK-reAyR_a51VmE_30ATNiMf9gwL8oGM= pos=<10872.524414, 5.513986, 10447.885742>) used the  ExpansionCarKey to lock Expansion_Landrover_Red (id=7644DF63CC44109A12A337ACEC596E04 pos=<10871.252930, 5.482557, 10446.755859>)
07:21:02.628 [VehicleCarKey] Player "TomInTheNorth" (id=qD1dO4Xthw_yK-reAyR_a51VmE_30ATNiMf9gwL8oGM= pos=<10872.524414, 5.513986, 10447.885742>) used the  ExpansionCarKey to unlock Expansion_Landrover_Red (id=7644DF63CC44109A12A337ACEC596E04 pos=<10871.252930, 5.482557, 10446.755859>)
07:21:28.535 [VehicleCarKey] Player "TomInTheNorth" (id=qD1dO4Xthw_yK-reAyR_a51VmE_30ATNiMf9gwL8oGM= pos=<10872.524414, 5.513986, 10447.885742>) used the  ExpansionCarKey to lock Expansion_Landrover_Red (id=7644DF63CC44109A12A337ACEC596E04 pos=<10871.252930, 5.482557, 10446.755859>)
07:21:39.908 [VehicleDeleted] Expansion_Landrover_Red (id=7644DF63CC44109A12A337ACEC596E04 pos=<10871.252930, 5.482557, 10446.755859>)
07:21:39.910 [VehicleCover] Player "TomInTheNorth" (id=qD1dO4Xthw_yK-reAyR_a51VmE_30ATNiMf9gwL8oGM= pos=<10872.705078, 5.513990, 10447.983398>) covered vehicle "Expansion_Landrover_Red" (GlobalID=800000008000000080000000800127B1 pos=<10871.252930, 5.482557, 10446.755859>)!
07:29:40.246 [Safezone] Player "Mansbridge" (id=QM7LViVt5sZd0hja19cF2rW2mCNEG7w2k3AFdalcF50= pos=<5617.747559, 29.022461, 5419.135254>) Entered the safezone
07:29:40.251 [Expansion Quests] - InitQuestSystemClient - Loaded existing player quest data for player with UID: QM7LViVt5sZd0hja19cF2rW2mCNEG7w2k3AFdalcF50=
07:29:40.251 [Expansion Quests] - LoadGroupQuestData - Created new persistent group quest data for group with ID: -1
07:37:00.439 [Party] Player "tearsofdawn1066" (id=Sltx5zKJy7sVbO2kN3XTpRthB0wkULqErUtRpY6M_7o=) joinded the party "DIEHARD" (id=32 ownerUID=JmVdSu0kzNbOpwjpFV-MDcMB-Equ3yPY-l-COMb6HgY= ownerName=Nick Leadbeatter)
07:37:00.445 [Expansion Quests] - InitQuestSystemClient - Loaded existing player quest data for player with UID: Sltx5zKJy7sVbO2kN3XTpRthB0wkULqErUtRpY6M_7o=
07:37:00.445 [Expansion Quests] - LoadGroupQuestData - Got cached group quest data for group with ID: 32
07:37:01.402 [Expansion Quests] - LoadGroupQuestData - Got cached group quest data for group with ID: 32
07:37:26.830 [VehicleCover] Player "tearsofdawn1066" (id=Sltx5zKJy7sVbO2kN3XTpRthB0wkULqErUtRpY6M_7o= pos=<7401.293945, 6.662500, 8452.847656>) uncovered vehicle "M35a2_Rust" (GlobalID=800000008000000080000000800272C7 pos=<7400.348145, 6.608626, 8454.303711>)!
07:37:41.583 [VehicleCarKey] Player "tearsofdawn1066" (id=Sltx5zKJy7sVbO2kN3XTpRthB0wkULqErUtRpY6M_7o= pos=<7402.130371, 6.662500, 8452.179688>) used the  ExpansionCarKey to unlock M35a2_Rust (id=3AB379081C422E9F7AACD6BA2CA89E86 pos=<7400.348145, 6.608638, 8454.303711>)
07:39:26.525 [Expansion Quests] - CreateQuestInstance - Created new quest instance for with instance key QM7LViVt5sZd0hja19cF2rW2mCNEG7w2k3AFdalcF50= for quest 13
07:40:31.785 [VehicleCarKey] Player "Mansbridge" (id=QM7LViVt5sZd0hja19cF2rW2mCNEG7w2k3AFdalcF50= pos=<5671.100098, 28.798130, 5507.518555>) used the  ExpansionCarKey to unlock ToyotaHilux_rust (id=1369724C3741087379C526B761628957 pos=<5674.834473, 29.425028, 5508.332520>)
07:40:36.109 [AI Patrol] Spawning 3 Temple Patrol bots at <392.722992, 47.056545, 857.164429>
07:40:36.123 [AI Patrol] Spawning 3 Temple Patrol bots at <451.975159, 55.318199, 767.429321>
07:40:36.132 [AI Patrol] Spawning 3 Temple Patrol bots at <428.960571, 48.364700, 733.440430>
07:40:37.810 [VehicleEnter] Player Mansbridge [uid=QM7LViVt5sZd0hja19cF2rW2mCNEG7w2k3AFdalcF50=] entered vehicle ToyotaHilux rust (id=1369724C3741087379C526B761628957 pos=<5674.833984, 29.424913, 5508.331055>) as driver
07:40:43.933 [VehicleEngine] Player Mansbridge [uid=QM7LViVt5sZd0hja19cF2rW2mCNEG7w2k3AFdalcF50=] started vehicle ToyotaHilux rust (id=1369724C3741087379C526B761628957 pos=<5674.833984, 29.424944, 5508.333008>)
07:41:32.398 [Safezone] Player "Mansbridge" (id=QM7LViVt5sZd0hja19cF2rW2mCNEG7w2k3AFdalcF50= pos=<5599.796875, 19.173246, 5668.390625>) Left the safezone
07:45:37.013 [AI Patrol] Spawning 3 Power Plant Patrol bots at <4516.399414, 20.430000, 6985.983887>
07:50:13.875 [VehicleCover] Player "TomInTheNorth" (id=qD1dO4Xthw_yK-reAyR_a51VmE_30ATNiMf9gwL8oGM= pos=<10873.162109, 5.514015, 10447.032227>) uncovered vehicle "Expansion_Landrover_Red" (GlobalID=800000008000000080000000800127B1 pos=<10871.252930, 5.482557, 10446.755859>)!
07:50:19.173 [VehicleCarKey] Player "TomInTheNorth" (id=qD1dO4Xthw_yK-reAyR_a51VmE_30ATNiMf9gwL8oGM= pos=<10872.572266, 5.513992, 10447.506836>) used the  ExpansionCarKey to unlock Expansion_Landrover_Red (id=9D91EE7F9B4FD864F71AA1B4CD2C5F67 pos=<10871.252930, 5.482557, 10446.755859>)
07:50:23.972 [VehicleEnter] Player TomInTheNorth [uid=qD1dO4Xthw_yK-reAyR_a51VmE_30ATNiMf9gwL8oGM=] entered vehicle Land Rover Defender (id=9D91EE7F9B4FD864F71AA1B4CD2C5F67 pos=<10871.253906, 5.482558, 10446.755859>) as driver
07:50:32.324 [VehicleEngine] Player TomInTheNorth [uid=qD1dO4Xthw_yK-reAyR_a51VmE_30ATNiMf9gwL8oGM=] started vehicle Land Rover Defender (id=9D91EE7F9B4FD864F71AA1B4CD2C5F67 pos=<10871.252930, 5.482558, 10446.755859>)
07:53:44.093 [VehicleEngine] Player Mansbridge [uid=QM7LViVt5sZd0hja19cF2rW2mCNEG7w2k3AFdalcF50=] stopped vehicle ToyotaHilux rust (id=1369724C3741087379C526B761628957 pos=<10137.916992, 5.107391, 11956.678711>)
07:53:51.773 [VehicleLeave] Player Mansbridge [uid=QM7LViVt5sZd0hja19cF2rW2mCNEG7w2k3AFdalcF50=] left vehicle ToyotaHilux rust (id=1369724C3741087379C526B761628957 pos=<10137.919922, 5.107382, 11956.679688>)
07:54:15.468 [VehicleEnter] Player Mansbridge [uid=QM7LViVt5sZd0hja19cF2rW2mCNEG7w2k3AFdalcF50=] entered vehicle ToyotaHilux rust (id=1369724C3741087379C526B761628957 pos=<10137.916016, 5.107376, 11956.677734>) as driver
07:54:26.949 [VehicleEngine] Player Mansbridge [uid=QM7LViVt5sZd0hja19cF2rW2mCNEG7w2k3AFdalcF50=] started vehicle ToyotaHilux rust (id=1369724C3741087379C526B761628957 pos=<10137.918945, 5.107368, 11956.678711>)
07:58:08.144 [VehicleEngine] Player TomInTheNorth [uid=qD1dO4Xthw_yK-reAyR_a51VmE_30ATNiMf9gwL8oGM=] stopped vehicle Land Rover Defender (id=9D91EE7F9B4FD864F71AA1B4CD2C5F67 pos=<7443.200195, 7.454919, 8431.112305>)
07:58:11.255 [Party] Player "OrdepRoinuj" (id=jho7WUBGAZrvFnn8RJJsJvDzNHi4rQTd5HHL__KErjY=) left the party "OldDog" (id=42 ownerUID=jho7WUBGAZrvFnn8RJJsJvDzNHi4rQTd5HHL__KErjY= ownerName=Old Dog)
07:58:12.591 [VehicleLeave] Player TomInTheNorth [uid=qD1dO4Xthw_yK-reAyR_a51VmE_30ATNiMf9gwL8oGM=] left vehicle Land Rover Defender (id=9D91EE7F9B4FD864F71AA1B4CD2C5F67 pos=<7443.200195, 7.454918, 8431.112305>)
07:58:14.013 [VehicleCarKey] Player "TomInTheNorth" (id=qD1dO4Xthw_yK-reAyR_a51VmE_30ATNiMf9gwL8oGM= pos=<7445.208008, 7.608858, 8431.057617>) used the  ExpansionCarKey to lock Expansion_Landrover_Red (id=9D91EE7F9B4FD864F71AA1B4CD2C5F67 pos=<7443.200195, 7.454918, 8431.112305>)
07:58:18.544 [VehicleCarKey] Player "TomInTheNorth" (id=qD1dO4Xthw_yK-reAyR_a51VmE_30ATNiMf9gwL8oGM= pos=<7445.010742, 7.613370, 8431.018555>) used the  ExpansionCarKey to unlock Expansion_Landrover_Red (id=9D91EE7F9B4FD864F71AA1B4CD2C5F67 pos=<7443.200195, 7.454918, 8431.112305>)
07:58:23.521 [VehicleCarKey] Player "TomInTheNorth" (id=qD1dO4Xthw_yK-reAyR_a51VmE_30ATNiMf9gwL8oGM= pos=<7445.010742, 7.613370, 8431.018555>) used the  ExpansionCarKey to lock Expansion_Landrover_Red (id=9D91EE7F9B4FD864F71AA1B4CD2C5F67 pos=<7443.200195, 7.454918, 8431.112305>)
07:58:37.453 [VehicleDeleted] Expansion_Landrover_Red (id=9D91EE7F9B4FD864F71AA1B4CD2C5F67 pos=<7443.200195, 7.454918, 8431.112305>)
07:58:37.453 [VehicleCover] Player "TomInTheNorth" (id=qD1dO4Xthw_yK-reAyR_a51VmE_30ATNiMf9gwL8oGM= pos=<7445.064453, 7.613506, 8431.023438>) covered vehicle "Expansion_Landrover_Red" (GlobalID=800000008000000080000000800127B1 pos=<7443.200195, 7.454918, 8431.112305>)!
07:59:32.060 [VehicleEnter] Player tearsofdawn1066 [uid=Sltx5zKJy7sVbO2kN3XTpRthB0wkULqErUtRpY6M_7o=] entered vehicle M35a2 Rust (id=3AB379081C422E9F7AACD6BA2CA89E86 pos=<7400.348145, 6.608630, 8454.303711>) as driver
07:59:34.349 [VehicleEngine] Player tearsofdawn1066 [uid=Sltx5zKJy7sVbO2kN3XTpRthB0wkULqErUtRpY6M_7o=] started vehicle M35a2 Rust (id=3AB379081C422E9F7AACD6BA2CA89E86 pos=<7400.348145, 6.608625, 8454.303711>)
07:59:42.906 [VehicleEngine] Player tearsofdawn1066 [uid=Sltx5zKJy7sVbO2kN3XTpRthB0wkULqErUtRpY6M_7o=] stopped vehicle M35a2 Rust (id=3AB379081C422E9F7AACD6BA2CA89E86 pos=<7397.511719, 6.608625, 8454.486328>)
07:59:48.531 [VehicleLeave] Player tearsofdawn1066 [uid=Sltx5zKJy7sVbO2kN3XTpRthB0wkULqErUtRpY6M_7o=] left vehicle M35a2 Rust (id=3AB379081C422E9F7AACD6BA2CA89E86 pos=<7397.511719, 6.608629, 8454.486328>)
07:59:59.025 [VehicleEnter] Player TomInTheNorth [uid=qD1dO4Xthw_yK-reAyR_a51VmE_30ATNiMf9gwL8oGM=] entered vehicle M35a2 Rust (id=3AB379081C422E9F7AACD6BA2CA89E86 pos=<7397.511719, 6.608627, 8454.486328>) as passenger
08:00:08.853 [VehicleLeave] Player TomInTheNorth [uid=qD1dO4Xthw_yK-reAyR_a51VmE_30ATNiMf9gwL8oGM=] left vehicle M35a2 Rust (id=3AB379081C422E9F7AACD6BA2CA89E86 pos=<7397.511719, 6.608627, 8454.486328>)
08:01:12.445 [Party] Player "TomInTheNorth" (id=qD1dO4Xthw_yK-reAyR_a51VmE_30ATNiMf9gwL8oGM=) left the party "DIEHARD" (id=32 ownerUID=JmVdSu0kzNbOpwjpFV-MDcMB-Equ3yPY-l-COMb6HgY= ownerName=Nick Leadbeatter)
08:02:02.488 [VehicleCarKey] Player "tearsofdawn1066" (id=Sltx5zKJy7sVbO2kN3XTpRthB0wkULqErUtRpY6M_7o= pos=<7399.431152, 6.662500, 8452.650391>) used the  ExpansionCarKey to lock M35a2_Rust (id=3AB379081C422E9F7AACD6BA2CA89E86 pos=<7397.511719, 6.608627, 8454.486328>)
08:02:57.195 [VehicleEngine] Player Mansbridge [uid=QM7LViVt5sZd0hja19cF2rW2mCNEG7w2k3AFdalcF50=] stopped vehicle ToyotaHilux rust (id=1369724C3741087379C526B761628957 pos=<5936.604004, 5.884743, 14242.621094>)
08:03:01.300 [VehicleLeave] Player Mansbridge [uid=QM7LViVt5sZd0hja19cF2rW2mCNEG7w2k3AFdalcF50=] left vehicle ToyotaHilux rust (id=1369724C3741087379C526B761628957 pos=<5936.604004, 5.884742, 14242.621094>)
08:03:42.890 [VehicleCarKey] Player "tearsofdawn1066" (id=Sltx5zKJy7sVbO2kN3XTpRthB0wkULqErUtRpY6M_7o= pos=<7396.218262, 6.662500, 8452.921875>) used the  ExpansionCarKey to unlock M35a2_Rust (id=3AB379081C422E9F7AACD6BA2CA89E86 pos=<7397.511719, 6.608627, 8454.486328>)
08:03:44.742 [VehicleCarKey] Player "tearsofdawn1066" (id=Sltx5zKJy7sVbO2kN3XTpRthB0wkULqErUtRpY6M_7o= pos=<7396.218262, 6.662500, 8452.921875>) used the  ExpansionCarKey to lock M35a2_Rust (id=3AB379081C422E9F7AACD6BA2CA89E86 pos=<7397.511719, 6.608627, 8454.486328>)
08:03:45.921 [VehicleCarKey] Player "tearsofdawn1066" (id=Sltx5zKJy7sVbO2kN3XTpRthB0wkULqErUtRpY6M_7o= pos=<7396.218262, 6.662500, 8452.921875>) used the  ExpansionCarKey to unlock M35a2_Rust (id=3AB379081C422E9F7AACD6BA2CA89E86 pos=<7397.511719, 6.608627, 8454.486328>)
08:03:51.998 [VehicleEnter] Player tearsofdawn1066 [uid=Sltx5zKJy7sVbO2kN3XTpRthB0wkULqErUtRpY6M_7o=] entered vehicle M35a2 Rust (id=3AB379081C422E9F7AACD6BA2CA89E86 pos=<7397.512207, 6.608624, 8454.486328>) as driver
08:03:57.474 [VehicleEngine] Player tearsofdawn1066 [uid=Sltx5zKJy7sVbO2kN3XTpRthB0wkULqErUtRpY6M_7o=] started vehicle M35a2 Rust (id=3AB379081C422E9F7AACD6BA2CA89E86 pos=<7397.512207, 6.608627, 8454.486328>)
08:07:22.476 [VehicleEnter] Player Mansbridge [uid=QM7LViVt5sZd0hja19cF2rW2mCNEG7w2k3AFdalcF50=] entered vehicle ToyotaHilux rust (id=1369724C3741087379C526B761628957 pos=<5936.606934, 5.884763, 14242.625000>) as driver
08:07:32.066 [VehicleEngine] Player Mansbridge [uid=QM7LViVt5sZd0hja19cF2rW2mCNEG7w2k3AFdalcF50=] started vehicle ToyotaHilux rust (id=1369724C3741087379C526B761628957 pos=<5936.606934, 5.884760, 14242.624023>)
08:09:45.460 [VehicleEngine] Player tearsofdawn1066 [uid=Sltx5zKJy7sVbO2kN3XTpRthB0wkULqErUtRpY6M_7o=] stopped vehicle M35a2 Rust (id=3AB379081C422E9F7AACD6BA2CA89E86 pos=<6629.431152, 15.048634, 6443.619629>)
08:09:49.857 [VehicleLeave] Player tearsofdawn1066 [uid=Sltx5zKJy7sVbO2kN3XTpRthB0wkULqErUtRpY6M_7o=] left vehicle M35a2 Rust (id=3AB379081C422E9F7AACD6BA2CA89E86 pos=<6629.431152, 15.048638, 6443.619629>)
08:13:19.107 [VehicleEnter] Player tearsofdawn1066 [uid=Sltx5zKJy7sVbO2kN3XTpRthB0wkULqErUtRpY6M_7o=] entered vehicle M35a2 Rust (id=3AB379081C422E9F7AACD6BA2CA89E86 pos=<6629.431152, 15.048636, 6443.619629>) as driver
08:13:28.410 [VehicleEngine] Player tearsofdawn1066 [uid=Sltx5zKJy7sVbO2kN3XTpRthB0wkULqErUtRpY6M_7o=] started vehicle M35a2 Rust (id=3AB379081C422E9F7AACD6BA2CA89E86 pos=<6629.431152, 15.048635, 6443.619629>)
08:16:40.017 [VehicleEngine] Player Mansbridge [uid=QM7LViVt5sZd0hja19cF2rW2mCNEG7w2k3AFdalcF50=] stopped vehicle ToyotaHilux rust (id=1369724C3741087379C526B761628957 pos=<5669.214355, 4.934761, 9279.903320>)
08:16:47.542 [VehicleLeave] Player Mansbridge [uid=QM7LViVt5sZd0hja19cF2rW2mCNEG7w2k3AFdalcF50=] left vehicle ToyotaHilux rust (id=1369724C3741087379C526B761628957 pos=<5669.211426, 4.934744, 9279.903320>)
08:17:25.582 [VehicleEnter] Player Mansbridge [uid=QM7LViVt5sZd0hja19cF2rW2mCNEG7w2k3AFdalcF50=] entered vehicle ToyotaHilux rust (id=1369724C3741087379C526B761628957 pos=<5669.215820, 4.934748, 9279.904297>) as driver
08:17:30.978 [VehicleEngine] Player Mansbridge [uid=QM7LViVt5sZd0hja19cF2rW2mCNEG7w2k3AFdalcF50=] started vehicle ToyotaHilux rust (id=1369724C3741087379C526B761628957 pos=<5669.218262, 4.934764, 9279.905273>)
08:18:58.976 [Safezone] Player "tearsofdawn1066" (id=Sltx5zKJy7sVbO2kN3XTpRthB0wkULqErUtRpY6M_7o= pos=<5659.475586, 30.463039, 5530.145020>) Entered the safezone
08:19:15.660 [VehicleEngine] Player tearsofdawn1066 [uid=Sltx5zKJy7sVbO2kN3XTpRthB0wkULqErUtRpY6M_7o=] stopped vehicle M35a2 Rust (id=3AB379081C422E9F7AACD6BA2CA89E86 pos=<5622.357422, 28.668627, 5409.803223>)
08:19:19.095 [VehicleLeave] Player tearsofdawn1066 [uid=Sltx5zKJy7sVbO2kN3XTpRthB0wkULqErUtRpY6M_7o=] left vehicle M35a2 Rust (id=3AB379081C422E9F7AACD6BA2CA89E86 pos=<5622.357422, 28.668636, 5409.803223>)
08:19:54.406 [VehicleCarKey] Player "tearsofdawn1066" (id=Sltx5zKJy7sVbO2kN3XTpRthB0wkULqErUtRpY6M_7o= pos=<5623.247559, 28.722483, 5408.140625>) used the  ExpansionCarKey to lock M35a2_Rust (id=3AB379081C422E9F7AACD6BA2CA89E86 pos=<5622.357422, 28.668621, 5409.803223>)
08:20:19.507 [Market] Player "tearsofdawn1066" (id=Sltx5zKJy7sVbO2kN3XTpRthB0wkULqErUtRpY6M_7o=) has send a requested to purchase mvs_magazine_pouch_od x1 from the trader "Clothing_Accessories (Elias [CLOTHING & ACCESSORIES])" in market zone "The Holler" (pos=<5632.000000, 32.000000, 5392.000000>).
08:20:19.656 [Market] Player "tearsofdawn1066" (id=Sltx5zKJy7sVbO2kN3XTpRthB0wkULqErUtRpY6M_7o=) has bought mvs_magazine_pouch_od x1 from the trader "Clothing_Accessories (Elias [CLOTHING & ACCESSORIES])" in market zone "The Holler" (pos=<5632.000000, 32.000000, 5392.000000>) for a price of 600.
08:21:13.437 [Market] Player "tearsofdawn1066" (id=Sltx5zKJy7sVbO2kN3XTpRthB0wkULqErUtRpY6M_7o=) has send a requested to sell twp_rk62 x1 at the trader "Weapons (Oliver [WEAPONS])" in market zone "The Holler" (pos=<5632.000000, 32.000000, 5392.000000>).
08:21:13.601 [Market] Player "tearsofdawn1066" (id=Sltx5zKJy7sVbO2kN3XTpRthB0wkULqErUtRpY6M_7o=) has sold twp_rk62 x1 at the trader "Weapons (Oliver [WEAPONS])" in market zone "The Holler" (pos=<5632.000000, 32.000000, 5392.000000>) and got 3750.
08:21:14.738 [Market] Player "tearsofdawn1066" (id=Sltx5zKJy7sVbO2kN3XTpRthB0wkULqErUtRpY6M_7o=) has send a requested to sell twp_ak103 x1 at the trader "Weapons (Oliver [WEAPONS])" in market zone "The Holler" (pos=<5632.000000, 32.000000, 5392.000000>).
08:21:14.886 [Market] Player "tearsofdawn1066" (id=Sltx5zKJy7sVbO2kN3XTpRthB0wkULqErUtRpY6M_7o=) has sold twp_ak103 x1 at the trader "Weapons (Oliver [WEAPONS])" in market zone "The Holler" (pos=<5632.000000, 32.000000, 5392.000000>) and got 3750.
08:21:20.994 [Market] Player "tearsofdawn1066" (id=Sltx5zKJy7sVbO2kN3XTpRthB0wkULqErUtRpY6M_7o=) has send a requested to sell mag_expansion_mpx_50rnd x1 at the trader "Weapons (Oliver [WEAPONS])" in market zone "The Holler" (pos=<5632.000000, 32.000000, 5392.000000>).
08:21:21.148 [Market] Player "tearsofdawn1066" (id=Sltx5zKJy7sVbO2kN3XTpRthB0wkULqErUtRpY6M_7o=) has sold mag_expansion_mpx_50rnd x1 at the trader "Weapons (Oliver [WEAPONS])" in market zone "The Holler" (pos=<5632.000000, 32.000000, 5392.000000>) and got 125.
08:21:21.554 [Market] Player "tearsofdawn1066" (id=Sltx5zKJy7sVbO2kN3XTpRthB0wkULqErUtRpY6M_7o=) has send a requested to sell mag_expansion_mpx_50rnd x1 at the trader "Weapons (Oliver [WEAPONS])" in market zone "The Holler" (pos=<5632.000000, 32.000000, 5392.000000>).
08:21:21.707 [Market] Player "tearsofdawn1066" (id=Sltx5zKJy7sVbO2kN3XTpRthB0wkULqErUtRpY6M_7o=) has sold mag_expansion_mpx_50rnd x1 at the trader "Weapons (Oliver [WEAPONS])" in market zone "The Holler" (pos=<5632.000000, 32.000000, 5392.000000>) and got 125.
08:21:22.218 [Market] Player "tearsofdawn1066" (id=Sltx5zKJy7sVbO2kN3XTpRthB0wkULqErUtRpY6M_7o=) has send a requested to sell mag_expansion_mpx_50rnd x1 at the trader "Weapons (Oliver [WEAPONS])" in market zone "The Holler" (pos=<5632.000000, 32.000000, 5392.000000>).
08:21:22.416 [Market] Player "tearsofdawn1066" (id=Sltx5zKJy7sVbO2kN3XTpRthB0wkULqErUtRpY6M_7o=) has sold mag_expansion_mpx_50rnd x1 at the trader "Weapons (Oliver [WEAPONS])" in market zone "The Holler" (pos=<5632.000000, 32.000000, 5392.000000>) and got 125.
08:21:22.814 [Market] Player "tearsofdawn1066" (id=Sltx5zKJy7sVbO2kN3XTpRthB0wkULqErUtRpY6M_7o=) has send a requested to sell mag_expansion_mpx_50rnd x1 at the trader "Weapons (Oliver [WEAPONS])" in market zone "The Holler" (pos=<5632.000000, 32.000000, 5392.000000>).
08:21:22.976 [Market] Player "tearsofdawn1066" (id=Sltx5zKJy7sVbO2kN3XTpRthB0wkULqErUtRpY6M_7o=) has sold mag_expansion_mpx_50rnd x1 at the trader "Weapons (Oliver [WEAPONS])" in market zone "The Holler" (pos=<5632.000000, 32.000000, 5392.000000>) and got 125.
08:21:26.480 [Market] Player "tearsofdawn1066" (id=Sltx5zKJy7sVbO2kN3XTpRthB0wkULqErUtRpY6M_7o=) has send a requested to sell aks74u x1 at the trader "Weapons (Oliver [WEAPONS])" in market zone "The Holler" (pos=<5632.000000, 32.000000, 5392.000000>).
08:21:26.650 [Market] Player "tearsofdawn1066" (id=Sltx5zKJy7sVbO2kN3XTpRthB0wkULqErUtRpY6M_7o=) has sold aks74u x1 at the trader "Weapons (Oliver [WEAPONS])" in market zone "The Holler" (pos=<5632.000000, 32.000000, 5392.000000>) and got 2169.
08:21:27.783 [Market] Player "tearsofdawn1066" (id=Sltx5zKJy7sVbO2kN3XTpRthB0wkULqErUtRpY6M_7o=) has send a requested to sell expansion_mpx x1 at the trader "Weapons (Oliver [WEAPONS])" in market zone "The Holler" (pos=<5632.000000, 32.000000, 5392.000000>).
08:21:27.941 [Market] Player "tearsofdawn1066" (id=Sltx5zKJy7sVbO2kN3XTpRthB0wkULqErUtRpY6M_7o=) has sold expansion_mpx x1 at the trader "Weapons (Oliver [WEAPONS])" in market zone "The Holler" (pos=<5632.000000, 32.000000, 5392.000000>) and got 1538.
08:22:15.265 [AI Patrol] Spawning 3 Shamans bots at <9748.269531, 39.399857, 11062.568359>
08:24:44.718 [Market] Player "tearsofdawn1066" (id=Sltx5zKJy7sVbO2kN3XTpRthB0wkULqErUtRpY6M_7o=) has send a requested to sell pistolsuppressor x1 at the trader "WeaponAccessories (Rolf [WEAPON ACCESSORIES])" in market zone "The Holler" (pos=<5632.000000, 32.000000, 5392.000000>).
08:24:44.896 [Market] Player "tearsofdawn1066" (id=Sltx5zKJy7sVbO2kN3XTpRthB0wkULqErUtRpY6M_7o=) has sold pistolsuppressor x1 at the trader "WeaponAccessories (Rolf [WEAPON ACCESSORIES])" in market zone "The Holler" (pos=<5632.000000, 32.000000, 5392.000000>) and got 112.
08:24:46.371 [Market] Player "tearsofdawn1066" (id=Sltx5zKJy7sVbO2kN3XTpRthB0wkULqErUtRpY6M_7o=) has send a requested to sell m4_suppressor x1 at the trader "WeaponAccessories (Rolf [WEAPON ACCESSORIES])" in market zone "The Holler" (pos=<5632.000000, 32.000000, 5392.000000>).
08:24:46.548 [Market] Player "tearsofdawn1066" (id=Sltx5zKJy7sVbO2kN3XTpRthB0wkULqErUtRpY6M_7o=) has sold m4_suppressor x1 at the trader "WeaponAccessories (Rolf [WEAPON ACCESSORIES])" in market zone "The Holler" (pos=<5632.000000, 32.000000, 5392.000000>) and got 318.
08:24:47.621 [Market] Player "tearsofdawn1066" (id=Sltx5zKJy7sVbO2kN3XTpRthB0wkULqErUtRpY6M_7o=) has send a requested to sell m4_suppressor x1 at the trader "WeaponAccessories (Rolf [WEAPON ACCESSORIES])" in market zone "The Holler" (pos=<5632.000000, 32.000000, 5392.000000>).
08:24:47.791 [Market] Player "tearsofdawn1066" (id=Sltx5zKJy7sVbO2kN3XTpRthB0wkULqErUtRpY6M_7o=) has sold m4_suppressor x1 at the trader "WeaponAccessories (Rolf [WEAPON ACCESSORIES])" in market zone "The Holler" (pos=<5632.000000, 32.000000, 5392.000000>) and got 318.
08:26:11.312 [Market] Player "tearsofdawn1066" (id=Sltx5zKJy7sVbO2kN3XTpRthB0wkULqErUtRpY6M_7o=) has send a requested to purchase twp_sr3 x1 from the trader "Weapons (Oliver [WEAPONS])" in market zone "The Holler" (pos=<5632.000000, 32.000000, 5392.000000>).
08:26:11.480 [Market] Player "tearsofdawn1066" (id=Sltx5zKJy7sVbO2kN3XTpRthB0wkULqErUtRpY6M_7o=) has bought twp_sr3 x1 from the trader "Weapons (Oliver [WEAPONS])" in market zone "The Holler" (pos=<5632.000000, 32.000000, 5392.000000>) for a price of 4360.
08:26:18.925 [Market] Player "tearsofdawn1066" (id=Sltx5zKJy7sVbO2kN3XTpRthB0wkULqErUtRpY6M_7o=) has send a requested to purchase ak_suppressor x1 from the trader "WeaponAccessories (Rolf [WEAPON ACCESSORIES])" in market zone "The Holler" (pos=<5632.000000, 32.000000, 5392.000000>).
08:26:19.109 [Market] Player "tearsofdawn1066" (id=Sltx5zKJy7sVbO2kN3XTpRthB0wkULqErUtRpY6M_7o=) has bought ak_suppressor x1 from the trader "WeaponAccessories (Rolf [WEAPON ACCESSORIES])" in market zone "The Holler" (pos=<5632.000000, 32.000000, 5392.000000>) for a price of 425.
08:26:25.480 [Market] Player "tearsofdawn1066" (id=Sltx5zKJy7sVbO2kN3XTpRthB0wkULqErUtRpY6M_7o=) has send a requested to purchase kobraoptic x1 from the trader "WeaponAccessories (Rolf [WEAPON ACCESSORIES])" in market zone "The Holler" (pos=<5632.000000, 32.000000, 5392.000000>).
08:26:25.660 [Market] Player "tearsofdawn1066" (id=Sltx5zKJy7sVbO2kN3XTpRthB0wkULqErUtRpY6M_7o=) has bought kobraoptic x1 from the trader "WeaponAccessories (Rolf [WEAPON ACCESSORIES])" in market zone "The Holler" (pos=<5632.000000, 32.000000, 5392.000000>) for a price of 600.
08:26:37.292 [VehicleEngine] Player Mansbridge [uid=QM7LViVt5sZd0hja19cF2rW2mCNEG7w2k3AFdalcF50=] stopped vehicle ToyotaHilux rust (id=1369724C3741087379C526B761628957 pos=<10311.331055, 6.514746, 12046.191406>)
08:26:46.349 [VehicleLeave] Player Mansbridge [uid=QM7LViVt5sZd0hja19cF2rW2mCNEG7w2k3AFdalcF50=] left vehicle ToyotaHilux rust (id=1369724C3741087379C526B761628957 pos=<10311.241211, 6.545801, 12046.308594>)
08:27:01.425 [Market] Player "tearsofdawn1066" (id=Sltx5zKJy7sVbO2kN3XTpRthB0wkULqErUtRpY6M_7o=) has send a requested to purchase twp_sr3_mag_30rnd x1 from the trader "Weapons (Oliver [WEAPONS])" in market zone "The Holler" (pos=<5632.000000, 32.000000, 5392.000000>).
08:27:01.576 [Market] Player "tearsofdawn1066" (id=Sltx5zKJy7sVbO2kN3XTpRthB0wkULqErUtRpY6M_7o=) has bought twp_sr3_mag_30rnd x1 from the trader "Weapons (Oliver [WEAPONS])" in market zone "The Holler" (pos=<5632.000000, 32.000000, 5392.000000>) for a price of 560.
08:27:02.351 [Market] Player "tearsofdawn1066" (id=Sltx5zKJy7sVbO2kN3XTpRthB0wkULqErUtRpY6M_7o=) has send a requested to purchase twp_sr3_mag_30rnd x1 from the trader "Weapons (Oliver [WEAPONS])" in market zone "The Holler" (pos=<5632.000000, 32.000000, 5392.000000>).
08:27:02.492 [Market] Player "tearsofdawn1066" (id=Sltx5zKJy7sVbO2kN3XTpRthB0wkULqErUtRpY6M_7o=) has bought twp_sr3_mag_30rnd x1 from the trader "Weapons (Oliver [WEAPONS])" in market zone "The Holler" (pos=<5632.000000, 32.000000, 5392.000000>) for a price of 560.
08:27:03.113 [Market] Player "tearsofdawn1066" (id=Sltx5zKJy7sVbO2kN3XTpRthB0wkULqErUtRpY6M_7o=) has send a requested to purchase twp_sr3_mag_30rnd x1 from the trader "Weapons (Oliver [WEAPONS])" in market zone "The Holler" (pos=<5632.000000, 32.000000, 5392.000000>).
08:27:03.310 [Market] Player "tearsofdawn1066" (id=Sltx5zKJy7sVbO2kN3XTpRthB0wkULqErUtRpY6M_7o=) has bought twp_sr3_mag_30rnd x1 from the trader "Weapons (Oliver [WEAPONS])" in market zone "The Holler" (pos=<5632.000000, 32.000000, 5392.000000>) for a price of 560.
08:27:04.023 [Market] Player "tearsofdawn1066" (id=Sltx5zKJy7sVbO2kN3XTpRthB0wkULqErUtRpY6M_7o=) has send a requested to purchase twp_sr3_mag_30rnd x1 from the trader "Weapons (Oliver [WEAPONS])" in market zone "The Holler" (pos=<5632.000000, 32.000000, 5392.000000>).
08:27:04.222 [Market] Player "tearsofdawn1066" (id=Sltx5zKJy7sVbO2kN3XTpRthB0wkULqErUtRpY6M_7o=) has bought twp_sr3_mag_30rnd x1 from the trader "Weapons (Oliver [WEAPONS])" in market zone "The Holler" (pos=<5632.000000, 32.000000, 5392.000000>) for a price of 560.
08:27:05.785 [Market] Player "tearsofdawn1066" (id=Sltx5zKJy7sVbO2kN3XTpRthB0wkULqErUtRpY6M_7o=) has send a requested to purchase twp_sr3_mag_30rnd x1 from the trader "Weapons (Oliver [WEAPONS])" in market zone "The Holler" (pos=<5632.000000, 32.000000, 5392.000000>).
08:27:05.939 [Market] Player "tearsofdawn1066" (id=Sltx5zKJy7sVbO2kN3XTpRthB0wkULqErUtRpY6M_7o=) has bought twp_sr3_mag_30rnd x1 from the trader "Weapons (Oliver [WEAPONS])" in market zone "The Holler" (pos=<5632.000000, 32.000000, 5392.000000>) for a price of 560.
08:27:57.154 [VehicleCarKey] Player "Mansbridge" (id=QM7LViVt5sZd0hja19cF2rW2mCNEG7w2k3AFdalcF50= pos=<10310.530273, 6.271482, 12048.068359>) used the  ExpansionCarKey to lock ToyotaHilux_rust (id=1369724C3741087379C526B761628957 pos=<10311.256836, 6.533932, 12046.280273>)
08:28:02.083 [VehicleCarKey] Player "Mansbridge" (id=QM7LViVt5sZd0hja19cF2rW2mCNEG7w2k3AFdalcF50= pos=<10313.005859, 6.283327, 12048.675781>) used the  ExpansionCarKey to unlock ToyotaHilux_rust (id=1369724C3741087379C526B761628957 pos=<10311.256836, 6.533932, 12046.280273>)
08:28:03.156 [VehicleCarKey] Player "Mansbridge" (id=QM7LViVt5sZd0hja19cF2rW2mCNEG7w2k3AFdalcF50= pos=<10313.005859, 6.283327, 12048.675781>) used the  ExpansionCarKey to lock ToyotaHilux_rust (id=1369724C3741087379C526B761628957 pos=<10311.256836, 6.533932, 12046.280273>)
08:28:09.964 [Market] Player "tearsofdawn1066" (id=Sltx5zKJy7sVbO2kN3XTpRthB0wkULqErUtRpY6M_7o=) has send a requested to purchase twp_ammo_50bmg x100 from the trader "WeaponAccessories (Rolf [WEAPON ACCESSORIES])" in market zone "The Holler" (pos=<5632.000000, 32.000000, 5392.000000>).
08:28:10.148 [Market] Player "tearsofdawn1066" (id=Sltx5zKJy7sVbO2kN3XTpRthB0wkULqErUtRpY6M_7o=) has bought twp_ammo_50bmg x100 from the trader "WeaponAccessories (Rolf [WEAPON ACCESSORIES])" in market zone "The Holler" (pos=<5632.000000, 32.000000, 5392.000000>) for a price of 700.
08:28:11.925 [VehicleCarKey] Player "Mansbridge" (id=QM7LViVt5sZd0hja19cF2rW2mCNEG7w2k3AFdalcF50= pos=<10311.161133, 6.276198, 12048.356445>) used the  ExpansionCarKey to unlock ToyotaHilux_rust (id=1369724C3741087379C526B761628957 pos=<10311.256836, 6.533932, 12046.280273>)
08:28:19.220 [VehicleEnter] Player Mansbridge [uid=QM7LViVt5sZd0hja19cF2rW2mCNEG7w2k3AFdalcF50=] entered vehicle ToyotaHilux rust (id=1369724C3741087379C526B761628957 pos=<10311.297852, 6.515002, 12046.201172>) as driver
08:28:23.847 [Market] Player "tearsofdawn1066" (id=Sltx5zKJy7sVbO2kN3XTpRthB0wkULqErUtRpY6M_7o=) has send a requested to purchase ammo_9x39ap x300 from the trader "WeaponAccessories (Rolf [WEAPON ACCESSORIES])" in market zone "The Holler" (pos=<5632.000000, 32.000000, 5392.000000>).
08:28:24.037 [Market] Player "tearsofdawn1066" (id=Sltx5zKJy7sVbO2kN3XTpRthB0wkULqErUtRpY6M_7o=) has bought ammo_9x39ap x300 from the trader "WeaponAccessories (Rolf [WEAPON ACCESSORIES])" in market zone "The Holler" (pos=<5632.000000, 32.000000, 5392.000000>) for a price of 1200.
08:28:36.779 [VehicleLeave] Player Mansbridge [uid=QM7LViVt5sZd0hja19cF2rW2mCNEG7w2k3AFdalcF50=] left vehicle ToyotaHilux rust (id=1369724C3741087379C526B761628957 pos=<10311.297852, 6.514881, 12046.202148>)
08:28:45.312 [VehicleCarKey] Player "Mansbridge" (id=QM7LViVt5sZd0hja19cF2rW2mCNEG7w2k3AFdalcF50= pos=<10310.720703, 6.272902, 12048.181641>) used the  ExpansionCarKey to lock ToyotaHilux_rust (id=1369724C3741087379C526B761628957 pos=<10311.297852, 6.514874, 12046.202148>)
08:29:23.164 [Market] Player "tearsofdawn1066" (id=Sltx5zKJy7sVbO2kN3XTpRthB0wkULqErUtRpY6M_7o=) has send a requested to purchase mvs_molle_panel_od x1 from the trader "Clothing_Accessories (Elias [CLOTHING & ACCESSORIES])" in market zone "The Holler" (pos=<5632.000000, 32.000000, 5392.000000>).
08:29:23.347 [Market] Player "tearsofdawn1066" (id=Sltx5zKJy7sVbO2kN3XTpRthB0wkULqErUtRpY6M_7o=) has bought mvs_molle_panel_od x1 from the trader "Clothing_Accessories (Elias [CLOTHING & ACCESSORIES])" in market zone "The Holler" (pos=<5632.000000, 32.000000, 5392.000000>) for a price of 600.
08:31:40.697 [Market] Player "tearsofdawn1066" (id=Sltx5zKJy7sVbO2kN3XTpRthB0wkULqErUtRpY6M_7o=) has send a requested to purchase twp_sledgehammer x1 from the trader "WeaponAccessories (Rolf [WEAPON ACCESSORIES])" in market zone "The Holler" (pos=<5632.000000, 32.000000, 5392.000000>).
08:31:40.863 [Market] Player "tearsofdawn1066" (id=Sltx5zKJy7sVbO2kN3XTpRthB0wkULqErUtRpY6M_7o=) has bought twp_sledgehammer x1 from the trader "WeaponAccessories (Rolf [WEAPON ACCESSORIES])" in market zone "The Holler" (pos=<5632.000000, 32.000000, 5392.000000>) for a price of 1150.
08:33:20.185 [Market] Player "tearsofdawn1066" (id=Sltx5zKJy7sVbO2kN3XTpRthB0wkULqErUtRpY6M_7o=) has send a requested to purchase mvs_heavy_pouch_od x1 from the trader "Clothing_Accessories (Elias [CLOTHING & ACCESSORIES])" in market zone "The Holler" (pos=<5632.000000, 32.000000, 5392.000000>).
08:33:20.380 [Market] Player "tearsofdawn1066" (id=Sltx5zKJy7sVbO2kN3XTpRthB0wkULqErUtRpY6M_7o=) has bought mvs_heavy_pouch_od x1 from the trader "Clothing_Accessories (Elias [CLOTHING & ACCESSORIES])" in market zone "The Holler" (pos=<5632.000000, 32.000000, 5392.000000>) for a price of 600.
08:34:13.150 [Market] Player "tearsofdawn1066" (id=Sltx5zKJy7sVbO2kN3XTpRthB0wkULqErUtRpY6M_7o=) has send a requested to sell mvs_heavy_pouch_od x1 at the trader "Clothing_Accessories (Elias [CLOTHING & ACCESSORIES])" in market zone "The Holler" (pos=<5632.000000, 32.000000, 5392.000000>).
08:34:13.335 [Market] Player "tearsofdawn1066" (id=Sltx5zKJy7sVbO2kN3XTpRthB0wkULqErUtRpY6M_7o=) has sold mvs_heavy_pouch_od x1 at the trader "Clothing_Accessories (Elias [CLOTHING & ACCESSORIES])" in market zone "The Holler" (pos=<5632.000000, 32.000000, 5392.000000>) and got 450.
08:36:23.769 [Market] Player "tearsofdawn1066" (id=Sltx5zKJy7sVbO2kN3XTpRthB0wkULqErUtRpY6M_7o=) has send a requested to purchase twp_fn57toxic_mag_15rnd x1 from the trader "Weapons (Oliver [WEAPONS])" in market zone "The Holler" (pos=<5632.000000, 32.000000, 5392.000000>).
08:36:23.925 [Market] Player "tearsofdawn1066" (id=Sltx5zKJy7sVbO2kN3XTpRthB0wkULqErUtRpY6M_7o=) has bought twp_fn57toxic_mag_15rnd x1 from the trader "Weapons (Oliver [WEAPONS])" in market zone "The Holler" (pos=<5632.000000, 32.000000, 5392.000000>) for a price of 355.
08:36:25.738 [Market] Player "tearsofdawn1066" (id=Sltx5zKJy7sVbO2kN3XTpRthB0wkULqErUtRpY6M_7o=) has send a requested to purchase twp_fn57toxic_mag_15rnd x1 from the trader "Weapons (Oliver [WEAPONS])" in market zone "The Holler" (pos=<5632.000000, 32.000000, 5392.000000>).
08:36:25.894 [Market] Player "tearsofdawn1066" (id=Sltx5zKJy7sVbO2kN3XTpRthB0wkULqErUtRpY6M_7o=) has bought twp_fn57toxic_mag_15rnd x1 from the trader "Weapons (Oliver [WEAPONS])" in market zone "The Holler" (pos=<5632.000000, 32.000000, 5392.000000>) for a price of 355.
08:36:52.576 [Market] Player "tearsofdawn1066" (id=Sltx5zKJy7sVbO2kN3XTpRthB0wkULqErUtRpY6M_7o=) has send a requested to purchase twp_ammo_57x28 x60 from the trader "WeaponAccessories (Rolf [WEAPON ACCESSORIES])" in market zone "The Holler" (pos=<5632.000000, 32.000000, 5392.000000>).
08:36:52.765 [Market] Player "tearsofdawn1066" (id=Sltx5zKJy7sVbO2kN3XTpRthB0wkULqErUtRpY6M_7o=) has bought twp_ammo_57x28 x60 from the trader "WeaponAccessories (Rolf [WEAPON ACCESSORIES])" in market zone "The Holler" (pos=<5632.000000, 32.000000, 5392.000000>) for a price of 420.
08:37:51.636 [Market] Player "tearsofdawn1066" (id=Sltx5zKJy7sVbO2kN3XTpRthB0wkULqErUtRpY6M_7o=) has send a requested to purchase pistolsuppressor x1 from the trader "WeaponAccessories (Rolf [WEAPON ACCESSORIES])" in market zone "The Holler" (pos=<5632.000000, 32.000000, 5392.000000>).
08:37:51.802 [Market] Player "tearsofdawn1066" (id=Sltx5zKJy7sVbO2kN3XTpRthB0wkULqErUtRpY6M_7o=) has bought pistolsuppressor x1 from the trader "WeaponAccessories (Rolf [WEAPON ACCESSORIES])" in market zone "The Holler" (pos=<5632.000000, 32.000000, 5392.000000>) for a price of 150.
08:38:20.066 [VehicleCarKey] Player "tearsofdawn1066" (id=Sltx5zKJy7sVbO2kN3XTpRthB0wkULqErUtRpY6M_7o= pos=<5622.236328, 28.722498, 5411.909668>) used the  ExpansionCarKey to unlock M35a2_Rust (id=3AB379081C422E9F7AACD6BA2CA89E86 pos=<5622.357422, 28.668621, 5409.803223>)
08:38:54.714 [VehicleCarKey] Player "tearsofdawn1066" (id=Sltx5zKJy7sVbO2kN3XTpRthB0wkULqErUtRpY6M_7o= pos=<5622.236328, 28.722498, 5411.909668>) used the  ExpansionCarKey to lock M35a2_Rust (id=3AB379081C422E9F7AACD6BA2CA89E86 pos=<5622.357422, 28.668621, 5409.803223>)
08:39:13.603 [Market] Player "tearsofdawn1066" (id=Sltx5zKJy7sVbO2kN3XTpRthB0wkULqErUtRpY6M_7o=) has send a requested to purchase tetracyclineantibiotics x1 from the trader "Medicals (Linda [MEDICAL])" in market zone "The Holler" (pos=<5632.000000, 32.000000, 5392.000000>).
08:39:13.789 [Market] Player "tearsofdawn1066" (id=Sltx5zKJy7sVbO2kN3XTpRthB0wkULqErUtRpY6M_7o=) has bought tetracyclineantibiotics x1 from the trader "Medicals (Linda [MEDICAL])" in market zone "The Holler" (pos=<5632.000000, 32.000000, 5392.000000>) for a price of 1800.
08:39:17.277 [Market] Player "tearsofdawn1066" (id=Sltx5zKJy7sVbO2kN3XTpRthB0wkULqErUtRpY6M_7o=) has send a requested to purchase vitaminbottle x1 from the trader "Medicals (Linda [MEDICAL])" in market zone "The Holler" (pos=<5632.000000, 32.000000, 5392.000000>).
08:39:17.476 [Market] Player "tearsofdawn1066" (id=Sltx5zKJy7sVbO2kN3XTpRthB0wkULqErUtRpY6M_7o=) has bought vitaminbottle x1 from the trader "Medicals (Linda [MEDICAL])" in market zone "The Holler" (pos=<5632.000000, 32.000000, 5392.000000>) for a price of 460.
08:39:21.664 [Market] Player "tearsofdawn1066" (id=Sltx5zKJy7sVbO2kN3XTpRthB0wkULqErUtRpY6M_7o=) has send a requested to purchase bloodtestkit x1 from the trader "Medicals (Linda [MEDICAL])" in market zone "The Holler" (pos=<5632.000000, 32.000000, 5392.000000>).
08:39:21.851 [Market] Player "tearsofdawn1066" (id=Sltx5zKJy7sVbO2kN3XTpRthB0wkULqErUtRpY6M_7o=) has bought bloodtestkit x1 from the trader "Medicals (Linda [MEDICAL])" in market zone "The Holler" (pos=<5632.000000, 32.000000, 5392.000000>) for a price of 50.
08:39:24.041 [Market] Player "tearsofdawn1066" (id=Sltx5zKJy7sVbO2kN3XTpRthB0wkULqErUtRpY6M_7o=) has send a requested to purchase heatpack x1 from the trader "Medicals (Linda [MEDICAL])" in market zone "The Holler" (pos=<5632.000000, 32.000000, 5392.000000>).
08:39:24.234 [Market] Player "tearsofdawn1066" (id=Sltx5zKJy7sVbO2kN3XTpRthB0wkULqErUtRpY6M_7o=) has bought heatpack x1 from the trader "Medicals (Linda [MEDICAL])" in market zone "The Holler" (pos=<5632.000000, 32.000000, 5392.000000>) for a price of 100.
08:39:26.173 [Market] Player "tearsofdawn1066" (id=Sltx5zKJy7sVbO2kN3XTpRthB0wkULqErUtRpY6M_7o=) has send a requested to purchase heatpack x1 from the trader "Medicals (Linda [MEDICAL])" in market zone "The Holler" (pos=<5632.000000, 32.000000, 5392.000000>).
08:39:26.328 [Market] Player "tearsofdawn1066" (id=Sltx5zKJy7sVbO2kN3XTpRthB0wkULqErUtRpY6M_7o=) has bought heatpack x1 from the trader "Medicals (Linda [MEDICAL])" in market zone "The Holler" (pos=<5632.000000, 32.000000, 5392.000000>) for a price of 100.
08:40:14.742 [VehicleCarKey] Player "tearsofdawn1066" (id=Sltx5zKJy7sVbO2kN3XTpRthB0wkULqErUtRpY6M_7o= pos=<5621.225586, 28.722498, 5411.071289>) used the  ExpansionCarKey to unlock M35a2_Rust (id=3AB379081C422E9F7AACD6BA2CA89E86 pos=<5622.357422, 28.668621, 5409.803223>)
08:40:35.074 [VehicleCarKey] Player "tearsofdawn1066" (id=Sltx5zKJy7sVbO2kN3XTpRthB0wkULqErUtRpY6M_7o= pos=<5621.225586, 28.722498, 5411.071289>) used the  ExpansionCarKey to lock M35a2_Rust (id=3AB379081C422E9F7AACD6BA2CA89E86 pos=<5622.357422, 28.668621, 5409.803223>)
08:42:23.000 [Party] Player "Jasper" (id=yoR_hPQejevy38pVI7cJSHyugdmrvDeHBcX9TupJ1QI=) joinded the party "Carrots" (id=43 ownerUID=pod5B72JHSqsn_XNMr587skUFpcgUl5U4e6KmhqavEU= ownerName=Sarco)
08:42:23.015 [Expansion Quests] - InitQuestSystemClient - Loaded existing player quest data for player with UID: yoR_hPQejevy38pVI7cJSHyugdmrvDeHBcX9TupJ1QI=
08:42:23.015 [Expansion Quests] - LoadGroupQuestData - Loaded existing group quest data for group with ID: 43
08:42:23.958 [Expansion Quests] - LoadGroupQuestData - Got cached group quest data for group with ID: 43
08:43:02.105 [ATM] Player "tearsofdawn1066" (id=Sltx5zKJy7sVbO2kN3XTpRthB0wkULqErUtRpY6M_7o=) has deposited 71638 on his ATM account.
08:43:08.476 [ATM] Player "tearsofdawn1066" (id=Sltx5zKJy7sVbO2kN3XTpRthB0wkULqErUtRpY6M_7o=) has deposited 71638 on the party "DIEHARD" (partyid=32 | ownerid=JmVdSu0kzNbOpwjpFV-MDcMB-Equ3yPY-l-COMb6HgY=) ATM account.
08:43:17.156 [Market] Player "tearsofdawn1066" (id=Sltx5zKJy7sVbO2kN3XTpRthB0wkULqErUtRpY6M_7o=) has send a requested to sell geb_lure4 x1 at the trader "Hunting (Helga [HUNTING & FISHING])" in market zone "The Holler" (pos=<5632.000000, 32.000000, 5392.000000>).
08:43:17.355 [Market] Player "tearsofdawn1066" (id=Sltx5zKJy7sVbO2kN3XTpRthB0wkULqErUtRpY6M_7o=) has sold geb_lure4 x1 at the trader "Hunting (Helga [HUNTING & FISHING])" in market zone "The Holler" (pos=<5632.000000, 32.000000, 5392.000000>) and got 345.
08:43:27.703 [Market] Player "tearsofdawn1066" (id=Sltx5zKJy7sVbO2kN3XTpRthB0wkULqErUtRpY6M_7o=) has send a requested to sell collectable_pokemoncard_onix x1 at the trader "Collectibles (Quinn [COLLECTIBLE TRADER])" in market zone "The Holler" (pos=<5632.000000, 32.000000, 5392.000000>).
08:43:27.914 [Market] Player "tearsofdawn1066" (id=Sltx5zKJy7sVbO2kN3XTpRthB0wkULqErUtRpY6M_7o=) has sold collectable_pokemoncard_onix x1 at the trader "Collectibles (Quinn [COLLECTIBLE TRADER])" in market zone "The Holler" (pos=<5632.000000, 32.000000, 5392.000000>) and got 1500.
08:47:37.902 [Market] Player "tearsofdawn1066" (id=Sltx5zKJy7sVbO2kN3XTpRthB0wkULqErUtRpY6M_7o=) has send a requested to purchase leathersewingkit x1 from the trader "BuildingSupplies (Indar [BUILDINGS])" in market zone "The Holler" (pos=<5632.000000, 32.000000, 5392.000000>).
08:47:38.080 [Market] Player "tearsofdawn1066" (id=Sltx5zKJy7sVbO2kN3XTpRthB0wkULqErUtRpY6M_7o=) has bought leathersewingkit x1 from the trader "BuildingSupplies (Indar [BUILDINGS])" in market zone "The Holler" (pos=<5632.000000, 32.000000, 5392.000000>) for a price of 110.
08:47:39.382 [Market] Player "tearsofdawn1066" (id=Sltx5zKJy7sVbO2kN3XTpRthB0wkULqErUtRpY6M_7o=) has send a requested to purchase weaponcleaningkit x1 from the trader "BuildingSupplies (Indar [BUILDINGS])" in market zone "The Holler" (pos=<5632.000000, 32.000000, 5392.000000>).
08:47:39.562 [Market] Player "tearsofdawn1066" (id=Sltx5zKJy7sVbO2kN3XTpRthB0wkULqErUtRpY6M_7o=) has bought weaponcleaningkit x1 from the trader "BuildingSupplies (Indar [BUILDINGS])" in market zone "The Holler" (pos=<5632.000000, 32.000000, 5392.000000>) for a price of 280.
08:47:40.468 [Market] Player "tearsofdawn1066" (id=Sltx5zKJy7sVbO2kN3XTpRthB0wkULqErUtRpY6M_7o=) has send a requested to purchase sewingkit x1 from the trader "BuildingSupplies (Indar [BUILDINGS])" in market zone "The Holler" (pos=<5632.000000, 32.000000, 5392.000000>).
08:47:40.646 [Market] Player "tearsofdawn1066" (id=Sltx5zKJy7sVbO2kN3XTpRthB0wkULqErUtRpY6M_7o=) has bought sewingkit x1 from the trader "BuildingSupplies (Indar [BUILDINGS])" in market zone "The Holler" (pos=<5632.000000, 32.000000, 5392.000000>) for a price of 95.
08:48:21.125 [Market] Player "tearsofdawn1066" (id=Sltx5zKJy7sVbO2kN3XTpRthB0wkULqErUtRpY6M_7o=) has send a requested to purchase sewingkit x1 from the trader "BuildingSupplies (Indar [BUILDINGS])" in market zone "The Holler" (pos=<5632.000000, 32.000000, 5392.000000>).
08:48:21.300 [Market] Player "tearsofdawn1066" (id=Sltx5zKJy7sVbO2kN3XTpRthB0wkULqErUtRpY6M_7o=) has bought sewingkit x1 from the trader "BuildingSupplies (Indar [BUILDINGS])" in market zone "The Holler" (pos=<5632.000000, 32.000000, 5392.000000>) for a price of 95.
08:49:54.957 [VehicleCarKey] Player "tearsofdawn1066" (id=Sltx5zKJy7sVbO2kN3XTpRthB0wkULqErUtRpY6M_7o= pos=<5622.831055, 28.722498, 5407.807129>) used the  ExpansionCarKey to unlock M35a2_Rust (id=3AB379081C422E9F7AACD6BA2CA89E86 pos=<5622.357422, 28.668621, 5409.803223>)
08:50:04.160 [VehicleCarKey] Player "tearsofdawn1066" (id=Sltx5zKJy7sVbO2kN3XTpRthB0wkULqErUtRpY6M_7o= pos=<5622.831055, 28.722498, 5407.807129>) used the  ExpansionCarKey to lock M35a2_Rust (id=3AB379081C422E9F7AACD6BA2CA89E86 pos=<5622.357422, 28.668621, 5409.803223>)
08:51:28.773 [Market] Player "tearsofdawn1066" (id=Sltx5zKJy7sVbO2kN3XTpRthB0wkULqErUtRpY6M_7o=) has send a requested to purchase personalradio x1 from the trader "Special (Eva [SPECIALTY ITEMS])" in market zone "The Holler" (pos=<5632.000000, 32.000000, 5392.000000>).
08:51:28.953 [Market] Player "tearsofdawn1066" (id=Sltx5zKJy7sVbO2kN3XTpRthB0wkULqErUtRpY6M_7o=) has bought personalradio x1 from the trader "Special (Eva [SPECIALTY ITEMS])" in market zone "The Holler" (pos=<5632.000000, 32.000000, 5392.000000>) for a price of 100.
08:52:05.511 [VehicleCarKey] Player "tearsofdawn1066" (id=Sltx5zKJy7sVbO2kN3XTpRthB0wkULqErUtRpY6M_7o= pos=<5624.651367, 28.722498, 5413.537598>) used the  ExpansionCarKey to unlock M35a2_Rust (id=3AB379081C422E9F7AACD6BA2CA89E86 pos=<5622.357422, 28.668621, 5409.803223>)
08:52:26.742 [Party] Player "OrdepRoinuj" (id=jho7WUBGAZrvFnn8RJJsJvDzNHi4rQTd5HHL__KErjY=) joinded the party "OldDog" (id=42 ownerUID=jho7WUBGAZrvFnn8RJJsJvDzNHi4rQTd5HHL__KErjY= ownerName=Old Dog)
08:52:26.748 [Expansion Quests] - InitQuestSystemClient - Loaded existing player quest data for player with UID: jho7WUBGAZrvFnn8RJJsJvDzNHi4rQTd5HHL__KErjY=
08:52:26.748 [Expansion Quests] - LoadGroupQuestData - Got cached group quest data for group with ID: 42
08:52:27.722 [Expansion Quests] - LoadGroupQuestData - Got cached group quest data for group with ID: 42
08:53:03.062 [VehicleCarKey] Player "tearsofdawn1066" (id=Sltx5zKJy7sVbO2kN3XTpRthB0wkULqErUtRpY6M_7o= pos=<5625.856934, 28.722498, 5412.677246>) used the  ExpansionCarKey to lock M35a2_Rust (id=3AB379081C422E9F7AACD6BA2CA89E86 pos=<5622.357422, 28.668621, 5409.803223>)
08:53:15.101 [Market] Player "tearsofdawn1066" (id=Sltx5zKJy7sVbO2kN3XTpRthB0wkULqErUtRpY6M_7o=) has send a requested to sell collectable_pokemoncard_staryu x1 at the trader "Collectibles (Quinn [COLLECTIBLE TRADER])" in market zone "The Holler" (pos=<5632.000000, 32.000000, 5392.000000>).
08:53:15.253 [Market] Player "tearsofdawn1066" (id=Sltx5zKJy7sVbO2kN3XTpRthB0wkULqErUtRpY6M_7o=) has sold collectable_pokemoncard_staryu x1 at the trader "Collectibles (Quinn [COLLECTIBLE TRADER])" in market zone "The Holler" (pos=<5632.000000, 32.000000, 5392.000000>) and got 1125.
08:53:35.695 [Market] Player "tearsofdawn1066" (id=Sltx5zKJy7sVbO2kN3XTpRthB0wkULqErUtRpY6M_7o=) has send a requested to sell collectable_intel x1 at the trader "Special (Eva [SPECIALTY ITEMS])" in market zone "The Holler" (pos=<5632.000000, 32.000000, 5392.000000>).
08:53:35.871 [Market] Player "tearsofdawn1066" (id=Sltx5zKJy7sVbO2kN3XTpRthB0wkULqErUtRpY6M_7o=) has sold collectable_intel x1 at the trader "Special (Eva [SPECIALTY ITEMS])" in market zone "The Holler" (pos=<5632.000000, 32.000000, 5392.000000>) and got 5625.
08:53:59.228 [Party] Player "tearsofdawn1066" (id=Sltx5zKJy7sVbO2kN3XTpRthB0wkULqErUtRpY6M_7o=) left the party "DIEHARD" (id=32 ownerUID=JmVdSu0kzNbOpwjpFV-MDcMB-Equ3yPY-l-COMb6HgY= ownerName=Nick Leadbeatter)
09:02:48.382 [Safezone] Player "Jasper" (id=yoR_hPQejevy38pVI7cJSHyugdmrvDeHBcX9TupJ1QI= pos=<10310.954102, 1.468616, 5628.257324>) Entered the safezone
09:03:29.578 [Killfeed] OrdepRoinuj got killed.
09:03:45.863 [Party] Player "OrdepRoinuj" (id=jho7WUBGAZrvFnn8RJJsJvDzNHi4rQTd5HHL__KErjY=) joinded the party "OldDog" (id=42 ownerUID=jho7WUBGAZrvFnn8RJJsJvDzNHi4rQTd5HHL__KErjY= ownerName=Old Dog)
09:03:46.855 [Expansion Quests] - LoadGroupQuestData - Got cached group quest data for group with ID: 42
09:03:54.343 [SpawnSelection] Player "OrdepRoinuj" (id=jho7WUBGAZrvFnn8RJJsJvDzNHi4rQTd5HHL__KErjY=) spawned at <6439.279785, 30.267099, 14425.599609>
09:04:26.433 [Safezone] Player "Jasper" (id=yoR_hPQejevy38pVI7cJSHyugdmrvDeHBcX9TupJ1QI= pos=<10331.468750, 3.494643, 5582.671387>) Left the safezone
09:05:59.800 [Expansion Quests] - InitQuestSystemClient - Loaded existing player quest data for player with UID: QM7LViVt5sZd0hja19cF2rW2mCNEG7w2k3AFdalcF50=
09:05:59.800 [Expansion Quests] - LoadGroupQuestData - Got cached group quest data for group with ID: -1
09:05:59.800 [Expansion Quests] - Create new quest instance for quest: 13 - Player UID: QM7LViVt5sZd0hja19cF2rW2mCNEG7w2k3AFdalcF50=
09:06:44.550 [VehicleCarKey] Player "Mansbridge" (id=QM7LViVt5sZd0hja19cF2rW2mCNEG7w2k3AFdalcF50= pos=<10310.562500, 6.271723, 12048.179688>) used the  ExpansionCarKey to unlock ToyotaHilux_rust (id=1369724C3741087379C526B761628957 pos=<10311.297852, 6.514874, 12046.202148>)
09:06:50.492 [VehicleEnter] Player Mansbridge [uid=QM7LViVt5sZd0hja19cF2rW2mCNEG7w2k3AFdalcF50=] entered vehicle ToyotaHilux rust (id=1369724C3741087379C526B761628957 pos=<10311.297852, 6.514860, 12046.202148>) as driver
09:06:55.242 [VehicleLeave] Player Mansbridge [uid=QM7LViVt5sZd0hja19cF2rW2mCNEG7w2k3AFdalcF50=] left vehicle ToyotaHilux rust (id=1369724C3741087379C526B761628957 pos=<10311.297852, 6.514860, 12046.202148>)
09:07:43.339 [VehicleAttachments] Player Mansbridge (uid=QM7LViVt5sZd0hja19cF2rW2mCNEG7w2k3AFdalcF50=) detached ToyotaHilux Wheel (type=ToyotaHilux_Wheel) from vehicle ToyotaHilux rust(id=1369724C3741087379C526B761628957 pos=<10311.297852, 6.514860, 12046.202148>)
09:09:06.210 [VehicleCarKey] Player "Mansbridge" (id=QM7LViVt5sZd0hja19cF2rW2mCNEG7w2k3AFdalcF50= pos=<10312.107422, 6.281245, 12048.610352>) used the  ExpansionCarKey to lock ToyotaHilux_rust (id=1369724C3741087379C526B761628957 pos=<10311.297852, 6.514859, 12046.202148>)
09:09:15.750 [Safezone] Player "tearsofdawn1066" (id=Sltx5zKJy7sVbO2kN3XTpRthB0wkULqErUtRpY6M_7o= pos=<5617.972168, 32.088116, 5421.533203>) Entered the safezone
09:09:15.750 [Party] Player "tearsofdawn1066" (id=Sltx5zKJy7sVbO2kN3XTpRthB0wkULqErUtRpY6M_7o=) joinded the party "DIEHARD" (id=32 ownerUID=JmVdSu0kzNbOpwjpFV-MDcMB-Equ3yPY-l-COMb6HgY= ownerName=Nick Leadbeatter)
09:09:15.757 [Expansion Quests] - InitQuestSystemClient - Loaded existing player quest data for player with UID: Sltx5zKJy7sVbO2kN3XTpRthB0wkULqErUtRpY6M_7o=
09:09:15.757 [Expansion Quests] - LoadGroupQuestData - Got cached group quest data for group with ID: 32
09:09:16.703 [Expansion Quests] - LoadGroupQuestData - Got cached group quest data for group with ID: 32
09:10:27.601 [VehicleCarKey] Player "tearsofdawn1066" (id=Sltx5zKJy7sVbO2kN3XTpRthB0wkULqErUtRpY6M_7o= pos=<5622.815430, 28.722498, 5407.452148>) used the  ExpansionCarKey to unlock M35a2_Rust (id=3AB379081C422E9F7AACD6BA2CA89E86 pos=<5622.357422, 28.668621, 5409.803223>)
09:10:35.523 [VehicleEnter] Player tearsofdawn1066 [uid=Sltx5zKJy7sVbO2kN3XTpRthB0wkULqErUtRpY6M_7o=] entered vehicle M35a2 Rust (id=3AB379081C422E9F7AACD6BA2CA89E86 pos=<5622.357422, 28.668625, 5409.803223>) as driver
09:10:39.558 [VehicleEngine] Player tearsofdawn1066 [uid=Sltx5zKJy7sVbO2kN3XTpRthB0wkULqErUtRpY6M_7o=] started vehicle M35a2 Rust (id=3AB379081C422E9F7AACD6BA2CA89E86 pos=<5622.357422, 28.668627, 5409.803223>)
09:10:55.312 [VehicleEngine] Player tearsofdawn1066 [uid=Sltx5zKJy7sVbO2kN3XTpRthB0wkULqErUtRpY6M_7o=] stopped vehicle M35a2 Rust (id=3AB379081C422E9F7AACD6BA2CA89E86 pos=<5621.656738, 28.668625, 5359.275391>)
09:12:44.179 [VehicleEngine] Player tearsofdawn1066 [uid=Sltx5zKJy7sVbO2kN3XTpRthB0wkULqErUtRpY6M_7o=] started vehicle M35a2 Rust (id=3AB379081C422E9F7AACD6BA2CA89E86 pos=<5621.656738, 28.668625, 5359.274902>)
09:13:23.660 [AI Patrol] Spawning 3 Camp Bear Patrol bots at <9093.483398, 5.305579, 5908.315918>
09:13:47.898 [Safezone] Player "tearsofdawn1066" (id=Sltx5zKJy7sVbO2kN3XTpRthB0wkULqErUtRpY6M_7o= pos=<5598.031250, 21.469431, 5656.256348>) Left the safezone
09:16:44.113 [VehicleEngine] Player tearsofdawn1066 [uid=Sltx5zKJy7sVbO2kN3XTpRthB0wkULqErUtRpY6M_7o=] stopped vehicle M35a2 Rust (id=3AB379081C422E9F7AACD6BA2CA89E86 pos=<6385.247070, 15.048613, 6216.700684>)
09:16:47.585 [VehicleLeave] Player tearsofdawn1066 [uid=Sltx5zKJy7sVbO2kN3XTpRthB0wkULqErUtRpY6M_7o=] left vehicle M35a2 Rust (id=3AB379081C422E9F7AACD6BA2CA89E86 pos=<6385.247070, 15.048628, 6216.700684>)
09:18:33.148 [VehicleEnter] Player tearsofdawn1066 [uid=Sltx5zKJy7sVbO2kN3XTpRthB0wkULqErUtRpY6M_7o=] entered vehicle M35a2 Rust (id=3AB379081C422E9F7AACD6BA2CA89E86 pos=<6385.247070, 15.048629, 6216.700684>) as driver
09:18:37.109 [VehicleEngine] Player tearsofdawn1066 [uid=Sltx5zKJy7sVbO2kN3XTpRthB0wkULqErUtRpY6M_7o=] started vehicle M35a2 Rust (id=3AB379081C422E9F7AACD6BA2CA89E86 pos=<6385.247070, 15.048628, 6216.700684>)
09:19:29.011 [VehicleEngine] Player tearsofdawn1066 [uid=Sltx5zKJy7sVbO2kN3XTpRthB0wkULqErUtRpY6M_7o=] stopped vehicle M35a2 Rust (id=3AB379081C422E9F7AACD6BA2CA89E86 pos=<6591.486328, 15.082912, 6535.979492>)
09:19:32.445 [VehicleLeave] Player tearsofdawn1066 [uid=Sltx5zKJy7sVbO2kN3XTpRthB0wkULqErUtRpY6M_7o=] left vehicle M35a2 Rust (id=3AB379081C422E9F7AACD6BA2CA89E86 pos=<6589.441406, 15.105686, 6539.730957>)
09:22:01.570 [VehicleEnter] Player tearsofdawn1066 [uid=Sltx5zKJy7sVbO2kN3XTpRthB0wkULqErUtRpY6M_7o=] entered vehicle M35a2 Rust (id=3AB379081C422E9F7AACD6BA2CA89E86 pos=<6589.305176, 15.107880, 6540.018555>) as driver
09:22:03.250 [VehicleEngine] Player tearsofdawn1066 [uid=Sltx5zKJy7sVbO2kN3XTpRthB0wkULqErUtRpY6M_7o=] started vehicle M35a2 Rust (id=3AB379081C422E9F7AACD6BA2CA89E86 pos=<6589.305176, 15.107893, 6540.018555>)
09:26:03.960 [VehicleLeave] Player tearsofdawn1066 [uid=Sltx5zKJy7sVbO2kN3XTpRthB0wkULqErUtRpY6M_7o=] left vehicle M35a2 Rust (id=3AB379081C422E9F7AACD6BA2CA89E86 pos=<6125.132813, 8.790305, 8442.971680>)
09:27:00.398 [VehicleEnter] Player tearsofdawn1066 [uid=Sltx5zKJy7sVbO2kN3XTpRthB0wkULqErUtRpY6M_7o=] entered vehicle M35a2 Rust (id=3AB379081C422E9F7AACD6BA2CA89E86 pos=<6125.132813, 8.790317, 8442.971680>) as driver
09:27:03.042 [VehicleEngine] Player tearsofdawn1066 [uid=Sltx5zKJy7sVbO2kN3XTpRthB0wkULqErUtRpY6M_7o=] started vehicle M35a2 Rust (id=3AB379081C422E9F7AACD6BA2CA89E86 pos=<6125.132324, 8.790293, 8442.971680>)
09:32:43.289 [VehicleEngine] Player tearsofdawn1066 [uid=Sltx5zKJy7sVbO2kN3XTpRthB0wkULqErUtRpY6M_7o=] stopped vehicle M35a2 Rust (id=3AB379081C422E9F7AACD6BA2CA89E86 pos=<8971.279297, 7.005789, 10368.348633>)
09:33:12.093 [VehicleEngine] Player tearsofdawn1066 [uid=Sltx5zKJy7sVbO2kN3XTpRthB0wkULqErUtRpY6M_7o=] started vehicle M35a2 Rust (id=3AB379081C422E9F7AACD6BA2CA89E86 pos=<8971.280273, 7.005700, 10368.350586>)
09:34:10.832 [VehicleEngine] Player tearsofdawn1066 [uid=Sltx5zKJy7sVbO2kN3XTpRthB0wkULqErUtRpY6M_7o=] stopped vehicle M35a2 Rust (id=3AB379081C422E9F7AACD6BA2CA89E86 pos=<9138.180664, 17.463375, 10030.066406>)
09:34:37.078 [VehicleEnter] Player Mansbridge [uid=QM7LViVt5sZd0hja19cF2rW2mCNEG7w2k3AFdalcF50=] entered vehicle M35a2 Rust (id=3AB379081C422E9F7AACD6BA2CA89E86 pos=<9138.180664, 17.463387, 10030.065430>) as passenger
09:35:35.453 [VehicleEngine] Player tearsofdawn1066 [uid=Sltx5zKJy7sVbO2kN3XTpRthB0wkULqErUtRpY6M_7o=] started vehicle M35a2 Rust (id=3AB379081C422E9F7AACD6BA2CA89E86 pos=<9138.179688, 17.463369, 10030.065430>)
09:44:12.351 [VehicleLeave] Player tearsofdawn1066 [uid=Sltx5zKJy7sVbO2kN3XTpRthB0wkULqErUtRpY6M_7o=] left vehicle M35a2 Rust (id=3AB379081C422E9F7AACD6BA2CA89E86 pos=<10299.724609, 6.012097, 12039.673828>)
09:44:13.988 [VehicleLeave] Player Mansbridge [uid=QM7LViVt5sZd0hja19cF2rW2mCNEG7w2k3AFdalcF50=] left vehicle M35a2 Rust (id=3AB379081C422E9F7AACD6BA2CA89E86 pos=<10299.724609, 6.012087, 12039.673828>)
09:44:22.039 [VehicleCarKey] Player "Mansbridge" (id=QM7LViVt5sZd0hja19cF2rW2mCNEG7w2k3AFdalcF50= pos=<10311.674805, 6.288907, 12044.186523>) used the  ExpansionCarKey to unlock ToyotaHilux_rust (id=1369724C3741087379C526B761628957 pos=<10311.297852, 6.514859, 12046.202148>)
09:46:40.859 [VehicleEnter] Player Mansbridge [uid=QM7LViVt5sZd0hja19cF2rW2mCNEG7w2k3AFdalcF50=] entered vehicle ToyotaHilux rust (id=1369724C3741087379C526B761628957 pos=<10311.335938, 6.369613, 12047.099609>) as driver
09:47:05.125 [VehicleLeave] Player Mansbridge [uid=QM7LViVt5sZd0hja19cF2rW2mCNEG7w2k3AFdalcF50=] left vehicle ToyotaHilux rust (id=1369724C3741087379C526B761628957 pos=<10311.305664, 6.371224, 12047.080078>)
09:47:21.496 [VehicleEnter] Player Mansbridge [uid=QM7LViVt5sZd0hja19cF2rW2mCNEG7w2k3AFdalcF50=] entered vehicle ToyotaHilux rust (id=1369724C3741087379C526B761628957 pos=<10311.304688, 6.371233, 12047.080078>) as driver
09:47:23.531 [VehicleEngine] Player Mansbridge [uid=QM7LViVt5sZd0hja19cF2rW2mCNEG7w2k3AFdalcF50=] started vehicle ToyotaHilux rust (id=1369724C3741087379C526B761628957 pos=<10311.304688, 6.371306, 12047.080078>)
09:47:45.406 [VehicleEngine] Player Mansbridge [uid=QM7LViVt5sZd0hja19cF2rW2mCNEG7w2k3AFdalcF50=] stopped vehicle ToyotaHilux rust (id=1369724C3741087379C526B761628957 pos=<10311.339844, 6.373046, 12047.069336>)
09:47:56.136 [VehicleEngine] Player Mansbridge [uid=QM7LViVt5sZd0hja19cF2rW2mCNEG7w2k3AFdalcF50=] started vehicle ToyotaHilux rust (id=1369724C3741087379C526B761628957 pos=<10312.315430, 6.609008, 12047.887695>)
09:48:16.234 [VehicleEngine] Player Mansbridge [uid=QM7LViVt5sZd0hja19cF2rW2mCNEG7w2k3AFdalcF50=] stopped vehicle ToyotaHilux rust (id=1369724C3741087379C526B761628957 pos=<10315.298828, 6.270658, 12051.224609>)
09:48:19.273 [VehicleLeave] Player Mansbridge [uid=QM7LViVt5sZd0hja19cF2rW2mCNEG7w2k3AFdalcF50=] left vehicle ToyotaHilux rust (id=1369724C3741087379C526B761628957 pos=<10315.296875, 6.270667, 12051.226563>)
09:48:43.234 [VehicleEnter] Player tearsofdawn1066 [uid=Sltx5zKJy7sVbO2kN3XTpRthB0wkULqErUtRpY6M_7o=] entered vehicle M35a2 Rust (id=3AB379081C422E9F7AACD6BA2CA89E86 pos=<10299.760742, 6.011310, 12039.653320>) as driver
09:48:49.121 [VehicleEngine] Player tearsofdawn1066 [uid=Sltx5zKJy7sVbO2kN3XTpRthB0wkULqErUtRpY6M_7o=] started vehicle M35a2 Rust (id=3AB379081C422E9F7AACD6BA2CA89E86 pos=<10299.759766, 6.011313, 12039.653320>)
09:48:52.941 [VehicleEnter] Player Mansbridge [uid=QM7LViVt5sZd0hja19cF2rW2mCNEG7w2k3AFdalcF50=] entered vehicle ToyotaHilux rust (id=1369724C3741087379C526B761628957 pos=<10315.299805, 6.270662, 12051.223633>) as driver
09:48:59.800 [VehicleLeave] Player tearsofdawn1066 [uid=Sltx5zKJy7sVbO2kN3XTpRthB0wkULqErUtRpY6M_7o=] left vehicle M35a2 Rust (id=3AB379081C422E9F7AACD6BA2CA89E86 pos=<10297.767578, 5.935403, 12037.730469>)
09:49:09.468 [VehicleEnter] Player tearsofdawn1066 [uid=Sltx5zKJy7sVbO2kN3XTpRthB0wkULqErUtRpY6M_7o=] entered vehicle M35a2 Rust (id=3AB379081C422E9F7AACD6BA2CA89E86 pos=<10297.765625, 5.935302, 12037.730469>) as driver
09:49:16.390 [VehicleEngine] Player Mansbridge [uid=QM7LViVt5sZd0hja19cF2rW2mCNEG7w2k3AFdalcF50=] started vehicle ToyotaHilux rust (id=1369724C3741087379C526B761628957 pos=<10315.299805, 6.270665, 12051.223633>)
09:54:29.203 [VehicleEngine] Player tearsofdawn1066 [uid=Sltx5zKJy7sVbO2kN3XTpRthB0wkULqErUtRpY6M_7o=] stopped vehicle M35a2 Rust (id=3AB379081C422E9F7AACD6BA2CA89E86 pos=<11140.732422, 4.892283, 10229.501953>)
09:54:33.082 [VehicleLeave] Player tearsofdawn1066 [uid=Sltx5zKJy7sVbO2kN3XTpRthB0wkULqErUtRpY6M_7o=] left vehicle M35a2 Rust (id=3AB379081C422E9F7AACD6BA2CA89E86 pos=<11140.734375, 4.891186, 10229.500977>)
09:55:55.890 [VehicleEnter] Player tearsofdawn1066 [uid=Sltx5zKJy7sVbO2kN3XTpRthB0wkULqErUtRpY6M_7o=] entered vehicle M35a2 Rust (id=3AB379081C422E9F7AACD6BA2CA89E86 pos=<11140.733398, 4.890862, 10229.501953>) as driver
09:55:58.750 [VehicleLeave] Player tearsofdawn1066 [uid=Sltx5zKJy7sVbO2kN3XTpRthB0wkULqErUtRpY6M_7o=] left vehicle M35a2 Rust (id=3AB379081C422E9F7AACD6BA2CA89E86 pos=<11140.733398, 4.884993, 10229.500000>)
09:57:30.097 [VehicleEnter] Player tearsofdawn1066 [uid=Sltx5zKJy7sVbO2kN3XTpRthB0wkULqErUtRpY6M_7o=] entered vehicle M35a2 Rust (id=3AB379081C422E9F7AACD6BA2CA89E86 pos=<11138.846680, 5.338636, 10229.174805>) as driver
09:57:33.511 [VehicleEngine] Player tearsofdawn1066 [uid=Sltx5zKJy7sVbO2kN3XTpRthB0wkULqErUtRpY6M_7o=] started vehicle M35a2 Rust (id=3AB379081C422E9F7AACD6BA2CA89E86 pos=<11138.846680, 5.338630, 10229.174805>)
09:57:43.929 [VehicleEngine] Player tearsofdawn1066 [uid=Sltx5zKJy7sVbO2kN3XTpRthB0wkULqErUtRpY6M_7o=] stopped vehicle M35a2 Rust (id=3AB379081C422E9F7AACD6BA2CA89E86 pos=<11126.661133, 5.332057, 10237.014648>)
09:57:46.835 [VehicleLeave] Player tearsofdawn1066 [uid=Sltx5zKJy7sVbO2kN3XTpRthB0wkULqErUtRpY6M_7o=] left vehicle M35a2 Rust (id=3AB379081C422E9F7AACD6BA2CA89E86 pos=<11126.393555, 5.338634, 10237.224609>)
09:58:25.113 [VehicleCarKey] Player "tearsofdawn1066" (id=Sltx5zKJy7sVbO2kN3XTpRthB0wkULqErUtRpY6M_7o= pos=<11128.436523, 5.581817, 10238.300781>) used the  ExpansionCarKey to lock M35a2_Rust (id=3AB379081C422E9F7AACD6BA2CA89E86 pos=<11126.390625, 5.338631, 10237.224609>)
09:58:30.378 [VehicleCarKey] Player "tearsofdawn1066" (id=Sltx5zKJy7sVbO2kN3XTpRthB0wkULqErUtRpY6M_7o= pos=<11128.499023, 5.581817, 10238.065430>) used the  ExpansionCarKey to unlock M35a2_Rust (id=3AB379081C422E9F7AACD6BA2CA89E86 pos=<11126.390625, 5.338631, 10237.224609>)
09:58:51.734 [VehicleCarKey] Player "tearsofdawn1066" (id=Sltx5zKJy7sVbO2kN3XTpRthB0wkULqErUtRpY6M_7o= pos=<11128.628906, 5.581817, 10238.528320>) used the  ExpansionCarKey to lock M35a2_Rust (id=3AB379081C422E9F7AACD6BA2CA89E86 pos=<11126.390625, 5.338631, 10237.224609>)
09:58:53.074 [VehicleCarKey] Player "tearsofdawn1066" (id=Sltx5zKJy7sVbO2kN3XTpRthB0wkULqErUtRpY6M_7o= pos=<11128.628906, 5.581817, 10238.528320>) used the  ExpansionCarKey to unlock M35a2_Rust (id=3AB379081C422E9F7AACD6BA2CA89E86 pos=<11126.390625, 5.338631, 10237.224609>)
09:59:11.460 [VehicleCarKey] Player "tearsofdawn1066" (id=Sltx5zKJy7sVbO2kN3XTpRthB0wkULqErUtRpY6M_7o= pos=<11128.023438, 5.581816, 10238.323242>) used the  ExpansionCarKey to lock M35a2_Rust (id=3AB379081C422E9F7AACD6BA2CA89E86 pos=<11126.390625, 5.338631, 10237.224609>)
10:04:34.160 [Party] Player "tearsofdawn1066" (id=Sltx5zKJy7sVbO2kN3XTpRthB0wkULqErUtRpY6M_7o=) left the party "DIEHARD" (id=32 ownerUID=JmVdSu0kzNbOpwjpFV-MDcMB-Equ3yPY-l-COMb6HgY= ownerName=Nick Leadbeatter)
10:08:26.980 [Safezone] Player "Mansbridge" (id=QM7LViVt5sZd0hja19cF2rW2mCNEG7w2k3AFdalcF50= pos=<5654.405273, 29.844717, 5530.340332>) Entered the safezone
10:08:42.792 [VehicleEngine] Player Mansbridge [uid=QM7LViVt5sZd0hja19cF2rW2mCNEG7w2k3AFdalcF50=] stopped vehicle ToyotaHilux rust (id=1369724C3741087379C526B761628957 pos=<5675.569824, 29.655478, 5517.177734>)
10:08:46.421 [VehicleLeave] Player Mansbridge [uid=QM7LViVt5sZd0hja19cF2rW2mCNEG7w2k3AFdalcF50=] left vehicle ToyotaHilux rust (id=1369724C3741087379C526B761628957 pos=<5675.569824, 29.655579, 5517.180664>)
10:08:48.449 [VehicleCover] Player "OrdepRoinuj" (id=jho7WUBGAZrvFnn8RJJsJvDzNHi4rQTd5HHL__KErjY= pos=<11529.551758, 5.518411, 10443.313477>) uncovered vehicle "MBw140_white" (GlobalID=80000000800000008000000080021057 pos=<11527.686523, 5.516219, 10442.117188>)!
10:08:54.132 [VehicleCarKey] Player "OrdepRoinuj" (id=jho7WUBGAZrvFnn8RJJsJvDzNHi4rQTd5HHL__KErjY= pos=<11529.576172, 5.744512, 10443.340820>) used the  ExpansionCarKey to unlock MBw140_white (id=3E2AC51E004249383C1205BAE9B3DB29 pos=<11527.684570, 5.516077, 10442.116211>)
10:08:54.429 [VehicleCarKey] Player "Mansbridge" (id=QM7LViVt5sZd0hja19cF2rW2mCNEG7w2k3AFdalcF50= pos=<5673.588379, 29.467100, 5518.480469>) used the  ExpansionCarKey to lock ToyotaHilux_rust (id=1369724C3741087379C526B761628957 pos=<5675.569824, 29.655493, 5517.176758>)
10:08:56.378 [VehicleCarKey] Player "OrdepRoinuj" (id=jho7WUBGAZrvFnn8RJJsJvDzNHi4rQTd5HHL__KErjY= pos=<11528.257813, 5.614745, 10444.158203>) used the  ExpansionCarKey to lock MBw140_white (id=3E2AC51E004249383C1205BAE9B3DB29 pos=<11527.684570, 5.516077, 10442.116211>)
10:08:58.359 [VehicleCarKey] Player "Mansbridge" (id=QM7LViVt5sZd0hja19cF2rW2mCNEG7w2k3AFdalcF50= pos=<5672.414063, 29.192179, 5514.527832>) used the  ExpansionCarKey to unlock HAMMER_H1_black_rust (id=E1A9E95E29460418508849B7D1605D85 pos=<5674.284180, 29.473650, 5513.063477>)
10:08:59.542 [VehicleCarKey] Player "OrdepRoinuj" (id=jho7WUBGAZrvFnn8RJJsJvDzNHi4rQTd5HHL__KErjY= pos=<11528.257813, 5.614745, 10444.158203>) used the  ExpansionCarKey to unlock MBw140_white (id=3E2AC51E004249383C1205BAE9B3DB29 pos=<11527.684570, 5.516077, 10442.116211>)
10:09:19.765 [VehicleCarKey] Player "Mansbridge" (id=QM7LViVt5sZd0hja19cF2rW2mCNEG7w2k3AFdalcF50= pos=<5671.696289, 29.103706, 5514.521973>) used the  ExpansionCarKey to lock HAMMER_H1_black_rust (id=E1A9E95E29460418508849B7D1605D85 pos=<5674.284180, 29.473650, 5513.063477>)
10:09:45.410 [VehicleDeleted] MBw140_white (id=3E2AC51E004249383C1205BAE9B3DB29 pos=<11527.684570, 5.516077, 10442.116211>)
10:09:45.410 [VehicleCover] Player "OrdepRoinuj" (id=jho7WUBGAZrvFnn8RJJsJvDzNHi4rQTd5HHL__KErjY= pos=<11529.272461, 5.607375, 10443.138672>) covered vehicle "MBw140_white" (GlobalID=80000000800000008000000080021057 pos=<11527.684570, 5.516077, 10442.116211>)!
10:09:53.945 [Expansion Quests] - CompleteQuest - Player with UID QM7LViVt5sZd0hja19cF2rW2mCNEG7w2k3AFdalcF50= has completed quest 13
10:10:20.199 [Market] Player "Mansbridge" (id=QM7LViVt5sZd0hja19cF2rW2mCNEG7w2k3AFdalcF50=) has send a requested to sell cp_cannabisbrickskunk x1 at the trader "Weed (Naomi [WEED])" in market zone "The Holler" (pos=<5632.000000, 32.000000, 5392.000000>).
10:10:20.289 [Market] Player "Mansbridge" (id=QM7LViVt5sZd0hja19cF2rW2mCNEG7w2k3AFdalcF50=) has sold cp_cannabisbrickskunk x1 at the trader "Weed (Naomi [WEED])" in market zone "The Holler" (pos=<5632.000000, 32.000000, 5392.000000>) and got 12000.
10:10:41.976 [Market] Player "Mansbridge" (id=QM7LViVt5sZd0hja19cF2rW2mCNEG7w2k3AFdalcF50=) has send a requested to sell collectable_pokemoncard_alakazam x1 at the trader "Collectibles (Quinn [COLLECTIBLE TRADER])" in market zone "The Holler" (pos=<5632.000000, 32.000000, 5392.000000>).
10:10:42.105 [Market] Player "Mansbridge" (id=QM7LViVt5sZd0hja19cF2rW2mCNEG7w2k3AFdalcF50=) has sold collectable_pokemoncard_alakazam x1 at the trader "Collectibles (Quinn [COLLECTIBLE TRADER])" in market zone "The Holler" (pos=<5632.000000, 32.000000, 5392.000000>) and got 375.
10:10:42.671 [Market] Player "Mansbridge" (id=QM7LViVt5sZd0hja19cF2rW2mCNEG7w2k3AFdalcF50=) has send a requested to sell collectable_pokemoncard_jolteon x1 at the trader "Collectibles (Quinn [COLLECTIBLE TRADER])" in market zone "The Holler" (pos=<5632.000000, 32.000000, 5392.000000>).
10:10:42.757 [Market] Player "Mansbridge" (id=QM7LViVt5sZd0hja19cF2rW2mCNEG7w2k3AFdalcF50=) has sold collectable_pokemoncard_jolteon x1 at the trader "Collectibles (Quinn [COLLECTIBLE TRADER])" in market zone "The Holler" (pos=<5632.000000, 32.000000, 5392.000000>) and got 375.
10:10:43.335 [Market] Player "Mansbridge" (id=QM7LViVt5sZd0hja19cF2rW2mCNEG7w2k3AFdalcF50=) has send a requested to sell collectable_pokemoncard_pikachubs x1 at the trader "Collectibles (Quinn [COLLECTIBLE TRADER])" in market zone "The Holler" (pos=<5632.000000, 32.000000, 5392.000000>).
10:10:43.417 [Market] Player "Mansbridge" (id=QM7LViVt5sZd0hja19cF2rW2mCNEG7w2k3AFdalcF50=) has sold collectable_pokemoncard_pikachubs x1 at the trader "Collectibles (Quinn [COLLECTIBLE TRADER])" in market zone "The Holler" (pos=<5632.000000, 32.000000, 5392.000000>) and got 1500.
10:10:43.750 [Market] Player "Mansbridge" (id=QM7LViVt5sZd0hja19cF2rW2mCNEG7w2k3AFdalcF50=) has send a requested to sell collectable_pokemoncard_trader x1 at the trader "Collectibles (Quinn [COLLECTIBLE TRADER])" in market zone "The Holler" (pos=<5632.000000, 32.000000, 5392.000000>).
10:10:43.867 [Market] Player "Mansbridge" (id=QM7LViVt5sZd0hja19cF2rW2mCNEG7w2k3AFdalcF50=) has sold collectable_pokemoncard_trader x1 at the trader "Collectibles (Quinn [COLLECTIBLE TRADER])" in market zone "The Holler" (pos=<5632.000000, 32.000000, 5392.000000>) and got 1500.
10:10:44.371 [Market] Player "Mansbridge" (id=QM7LViVt5sZd0hja19cF2rW2mCNEG7w2k3AFdalcF50=) has send a requested to sell collectable_pokemoncard_venusaur x1 at the trader "Collectibles (Quinn [COLLECTIBLE TRADER])" in market zone "The Holler" (pos=<5632.000000, 32.000000, 5392.000000>).
10:10:44.496 [Market] Player "Mansbridge" (id=QM7LViVt5sZd0hja19cF2rW2mCNEG7w2k3AFdalcF50=) has sold collectable_pokemoncard_venusaur x1 at the trader "Collectibles (Quinn [COLLECTIBLE TRADER])" in market zone "The Holler" (pos=<5632.000000, 32.000000, 5392.000000>) and got 1125.
10:10:45.046 [Market] Player "Mansbridge" (id=QM7LViVt5sZd0hja19cF2rW2mCNEG7w2k3AFdalcF50=) has send a requested to sell collectable_pokemoncard_zapdos x1 at the trader "Collectibles (Quinn [COLLECTIBLE TRADER])" in market zone "The Holler" (pos=<5632.000000, 32.000000, 5392.000000>).
10:10:45.175 [Market] Player "Mansbridge" (id=QM7LViVt5sZd0hja19cF2rW2mCNEG7w2k3AFdalcF50=) has sold collectable_pokemoncard_zapdos x1 at the trader "Collectibles (Quinn [COLLECTIBLE TRADER])" in market zone "The Holler" (pos=<5632.000000, 32.000000, 5392.000000>) and got 1500.
10:11:07.375 [Market] Player "Mansbridge" (id=QM7LViVt5sZd0hja19cF2rW2mCNEG7w2k3AFdalcF50=) has send a requested to sell collectable_gameboy_tetris x1 at the trader "Special (Eva [SPECIALTY ITEMS])" in market zone "The Holler" (pos=<5632.000000, 32.000000, 5392.000000>).
10:11:07.484 [Market] Player "Mansbridge" (id=QM7LViVt5sZd0hja19cF2rW2mCNEG7w2k3AFdalcF50=) has sold collectable_gameboy_tetris x1 at the trader "Special (Eva [SPECIALTY ITEMS])" in market zone "The Holler" (pos=<5632.000000, 32.000000, 5392.000000>) and got 28125.
10:11:09.765 [Market] Player "Mansbridge" (id=QM7LViVt5sZd0hja19cF2rW2mCNEG7w2k3AFdalcF50=) has send a requested to sell collectable_ssd x1 at the trader "Special (Eva [SPECIALTY ITEMS])" in market zone "The Holler" (pos=<5632.000000, 32.000000, 5392.000000>).
10:11:09.871 [Market] Player "Mansbridge" (id=QM7LViVt5sZd0hja19cF2rW2mCNEG7w2k3AFdalcF50=) has sold collectable_ssd x1 at the trader "Special (Eva [SPECIALTY ITEMS])" in market zone "The Holler" (pos=<5632.000000, 32.000000, 5392.000000>) and got 3468.
10:11:57.011 [Market] Player "Mansbridge" (id=QM7LViVt5sZd0hja19cF2rW2mCNEG7w2k3AFdalcF50=) has send a requested to sell tetracyclineantibiotics x1 at the trader "Medicals (Linda [MEDICAL])" in market zone "The Holler" (pos=<5632.000000, 32.000000, 5392.000000>).
10:11:57.097 [Market] Player "Mansbridge" (id=QM7LViVt5sZd0hja19cF2rW2mCNEG7w2k3AFdalcF50=) has sold tetracyclineantibiotics x1 at the trader "Medicals (Linda [MEDICAL])" in market zone "The Holler" (pos=<5632.000000, 32.000000, 5392.000000>) and got 337.
10:12:33.656 [ATM] Player "Mansbridge" (id=QM7LViVt5sZd0hja19cF2rW2mCNEG7w2k3AFdalcF50=) has deposited 50305 on his ATM account.
10:13:37.453 [Market] Player "Mansbridge" (id=QM7LViVt5sZd0hja19cF2rW2mCNEG7w2k3AFdalcF50=) has send a requested to sell twp_smithwesson_knife_green x1 at the trader "WeaponAccessories (Rolf [WEAPON ACCESSORIES])" in market zone "The Holler" (pos=<5632.000000, 32.000000, 5392.000000>).
10:13:37.582 [Market] Player "Mansbridge" (id=QM7LViVt5sZd0hja19cF2rW2mCNEG7w2k3AFdalcF50=) has sold twp_smithwesson_knife_green x1 at the trader "WeaponAccessories (Rolf [WEAPON ACCESSORIES])" in market zone "The Holler" (pos=<5632.000000, 32.000000, 5392.000000>) and got 646.
10:15:09.953 [Party] Player "[ADMIN]DrKilledByDeath" (id=spMEkRl42onhFHdF_u42e0T03x2sj347kUc600NXdGA=) joinded the party "WitheringFlesh" (id=39 ownerUID=-r2araXommLNgd2kLCOg5MUhQUGYZRsIrQF--_XcIVE= ownerName=BtWF_Raziel)
10:15:09.957 [Expansion Quests] - InitQuestSystemClient - Loaded existing player quest data for player with UID: spMEkRl42onhFHdF_u42e0T03x2sj347kUc600NXdGA=
10:15:09.957 [Expansion Quests] - LoadGroupQuestData - Loaded existing group quest data for group with ID: 39
10:15:10.898 [Expansion Quests] - LoadGroupQuestData - Got cached group quest data for group with ID: 39
10:23:52.746 [ExplosionDamageSystem] About to explode M67Grenade_Ammo from M67Grenade<d7bbf860> at <11704.3, 5.64, 10123.1> EXPLOSION range 20 dropoff 5
10:26:17.164 [MissionAirdrop] An airdrop is heading towards "Hazelands" (pos=<4539.000000, 0.000000, 2317.000000> type=Random_Hazelands) with a ExpansionAirdropContainer_Military
10:32:09.476 [Safezone] Player "[ADMIN]DrKilledByDeath" (id=spMEkRl42onhFHdF_u42e0T03x2sj347kUc600NXdGA= pos=<5630.290527, 28.744051, 5391.979492>) Entered the safezone
10:32:34.015 [Party] Player "[ADMIN]DrKilledByDeath" (id=spMEkRl42onhFHdF_u42e0T03x2sj347kUc600NXdGA=) left the party "WitheringFlesh" (id=39 ownerUID=-r2araXommLNgd2kLCOg5MUhQUGYZRsIrQF--_XcIVE= ownerName=BtWF_Raziel)
10:33:25.289 [Safezone] Player "Jasper" (id=yoR_hPQejevy38pVI7cJSHyugdmrvDeHBcX9TupJ1QI= pos=<5695.929199, 33.709431, 5270.834473>) Entered the safezone
10:33:34.601 [Safezone] Player "Jasper" (id=yoR_hPQejevy38pVI7cJSHyugdmrvDeHBcX9TupJ1QI= pos=<5679.286621, 32.512615, 5264.219238>) Entered the safezone
10:36:18.894 [Market] Player "Jasper" (id=yoR_hPQejevy38pVI7cJSHyugdmrvDeHBcX9TupJ1QI=) has send a requested to sell cz61 x1 at the trader "Weapons (Oliver [WEAPONS])" in market zone "The Holler" (pos=<5632.000000, 32.000000, 5392.000000>).
10:36:19.054 [Market] Player "Jasper" (id=yoR_hPQejevy38pVI7cJSHyugdmrvDeHBcX9TupJ1QI=) has sold cz61 x1 at the trader "Weapons (Oliver [WEAPONS])" in market zone "The Holler" (pos=<5632.000000, 32.000000, 5392.000000>) and got 1275.
10:36:20.062 [Market] Player "Jasper" (id=yoR_hPQejevy38pVI7cJSHyugdmrvDeHBcX9TupJ1QI=) has send a requested to sell cz61 x1 at the trader "Weapons (Oliver [WEAPONS])" in market zone "The Holler" (pos=<5632.000000, 32.000000, 5392.000000>).
10:36:20.218 [Market] Player "Jasper" (id=yoR_hPQejevy38pVI7cJSHyugdmrvDeHBcX9TupJ1QI=) has sold cz61 x1 at the trader "Weapons (Oliver [WEAPONS])" in market zone "The Holler" (pos=<5632.000000, 32.000000, 5392.000000>) and got 1275.
10:36:53.257 [Market] Player "Jasper" (id=yoR_hPQejevy38pVI7cJSHyugdmrvDeHBcX9TupJ1QI=) has send a requested to sell twp_sledgehammer x1 at the trader "WeaponAccessories (Rolf [WEAPON ACCESSORIES])" in market zone "The Holler" (pos=<5632.000000, 32.000000, 5392.000000>).
10:36:53.390 [Market] Player "Jasper" (id=yoR_hPQejevy38pVI7cJSHyugdmrvDeHBcX9TupJ1QI=) has sold twp_sledgehammer x1 at the trader "WeaponAccessories (Rolf [WEAPON ACCESSORIES])" in market zone "The Holler" (pos=<5632.000000, 32.000000, 5392.000000>) and got 862.
10:37:26.992 [Market] Player "Jasper" (id=yoR_hPQejevy38pVI7cJSHyugdmrvDeHBcX9TupJ1QI=) has send a requested to sell collectable_gpu x1 at the trader "Special (Eva [SPECIALTY ITEMS])" in market zone "The Holler" (pos=<5632.000000, 32.000000, 5392.000000>).
10:37:27.156 [Market] Player "Jasper" (id=yoR_hPQejevy38pVI7cJSHyugdmrvDeHBcX9TupJ1QI=) has sold collectable_gpu x1 at the trader "Special (Eva [SPECIALTY ITEMS])" in market zone "The Holler" (pos=<5632.000000, 32.000000, 5392.000000>) and got 9000.
10:37:53.023 [Market] Player "Jasper" (id=yoR_hPQejevy38pVI7cJSHyugdmrvDeHBcX9TupJ1QI=) has send a requested to sell collectable_pokemoncard_pikachu x1 at the trader "Collectibles (Quinn [COLLECTIBLE TRADER])" in market zone "The Holler" (pos=<5632.000000, 32.000000, 5392.000000>).
10:37:53.156 [Market] Player "Jasper" (id=yoR_hPQejevy38pVI7cJSHyugdmrvDeHBcX9TupJ1QI=) has sold collectable_pokemoncard_pikachu x1 at the trader "Collectibles (Quinn [COLLECTIBLE TRADER])" in market zone "The Holler" (pos=<5632.000000, 32.000000, 5392.000000>) and got 375.
10:38:30.691 [Market] Player "Jasper" (id=yoR_hPQejevy38pVI7cJSHyugdmrvDeHBcX9TupJ1QI=) has send a requested to sell expansioncodelock x1 at the trader "BuildingSupplies (Indar [BUILDINGS])" in market zone "The Holler" (pos=<5632.000000, 32.000000, 5392.000000>).
10:38:30.890 [Market] Player "Jasper" (id=yoR_hPQejevy38pVI7cJSHyugdmrvDeHBcX9TupJ1QI=) has sold expansioncodelock x1 at the trader "BuildingSupplies (Indar [BUILDINGS])" in market zone "The Holler" (pos=<5632.000000, 32.000000, 5392.000000>) and got 2362.
10:38:32.691 [Market] Player "Jasper" (id=yoR_hPQejevy38pVI7cJSHyugdmrvDeHBcX9TupJ1QI=) has send a requested to sell expansioncodelock x1 at the trader "BuildingSupplies (Indar [BUILDINGS])" in market zone "The Holler" (pos=<5632.000000, 32.000000, 5392.000000>).
10:38:32.890 [Market] Player "Jasper" (id=yoR_hPQejevy38pVI7cJSHyugdmrvDeHBcX9TupJ1QI=) has sold expansioncodelock x1 at the trader "BuildingSupplies (Indar [BUILDINGS])" in market zone "The Holler" (pos=<5632.000000, 32.000000, 5392.000000>) and got 787.
10:39:43.289 [Market] Player "Jasper" (id=yoR_hPQejevy38pVI7cJSHyugdmrvDeHBcX9TupJ1QI=) has send a requested to sell expansion_m9 x1 at the trader "Weapons (Oliver [WEAPONS])" in market zone "The Holler" (pos=<5632.000000, 32.000000, 5392.000000>).
10:39:43.429 [Market] Player "Jasper" (id=yoR_hPQejevy38pVI7cJSHyugdmrvDeHBcX9TupJ1QI=) has sold expansion_m9 x1 at the trader "Weapons (Oliver [WEAPONS])" in market zone "The Holler" (pos=<5632.000000, 32.000000, 5392.000000>) and got 131.
10:40:11.601 [Market] Player "Jasper" (id=yoR_hPQejevy38pVI7cJSHyugdmrvDeHBcX9TupJ1QI=) has send a requested to sell cp_tobaccoseedspack x1 at the trader "Weed (Naomi [WEED])" in market zone "The Holler" (pos=<5632.000000, 32.000000, 5392.000000>).
10:40:11.726 [Market] Player "Jasper" (id=yoR_hPQejevy38pVI7cJSHyugdmrvDeHBcX9TupJ1QI=) has sold cp_tobaccoseedspack x1 at the trader "Weed (Naomi [WEED])" in market zone "The Holler" (pos=<5632.000000, 32.000000, 5392.000000>) and got 7.
10:41:23.867 [Market] Player "Jasper" (id=yoR_hPQejevy38pVI7cJSHyugdmrvDeHBcX9TupJ1QI=) has send a requested to sell cp_jointskunk x1 at the trader "Weed (Naomi [WEED])" in market zone "The Holler" (pos=<5632.000000, 32.000000, 5392.000000>).
10:41:24.027 [Market] Player "Jasper" (id=yoR_hPQejevy38pVI7cJSHyugdmrvDeHBcX9TupJ1QI=) has sold cp_jointskunk x1 at the trader "Weed (Naomi [WEED])" in market zone "The Holler" (pos=<5632.000000, 32.000000, 5392.000000>) and got 300.
10:41:24.589 [Market] Player "Jasper" (id=yoR_hPQejevy38pVI7cJSHyugdmrvDeHBcX9TupJ1QI=) has send a requested to sell cp_jointskunk x1 at the trader "Weed (Naomi [WEED])" in market zone "The Holler" (pos=<5632.000000, 32.000000, 5392.000000>).
10:41:24.761 [Market] Player "Jasper" (id=yoR_hPQejevy38pVI7cJSHyugdmrvDeHBcX9TupJ1QI=) has sold cp_jointskunk x1 at the trader "Weed (Naomi [WEED])" in market zone "The Holler" (pos=<5632.000000, 32.000000, 5392.000000>) and got 300.
10:41:24.929 [Market] Player "Jasper" (id=yoR_hPQejevy38pVI7cJSHyugdmrvDeHBcX9TupJ1QI=) has send a requested to sell cp_jointskunk x1 at the trader "Weed (Naomi [WEED])" in market zone "The Holler" (pos=<5632.000000, 32.000000, 5392.000000>).
10:41:25.128 [Market] Player "Jasper" (id=yoR_hPQejevy38pVI7cJSHyugdmrvDeHBcX9TupJ1QI=) has sold cp_jointskunk x1 at the trader "Weed (Naomi [WEED])" in market zone "The Holler" (pos=<5632.000000, 32.000000, 5392.000000>) and got 300.
10:41:25.234 [Market] Player "Jasper" (id=yoR_hPQejevy38pVI7cJSHyugdmrvDeHBcX9TupJ1QI=) has send a requested to sell cp_jointskunk x1 at the trader "Weed (Naomi [WEED])" in market zone "The Holler" (pos=<5632.000000, 32.000000, 5392.000000>).
10:41:25.421 [Market] Player "Jasper" (id=yoR_hPQejevy38pVI7cJSHyugdmrvDeHBcX9TupJ1QI=) has sold cp_jointskunk x1 at the trader "Weed (Naomi [WEED])" in market zone "The Holler" (pos=<5632.000000, 32.000000, 5392.000000>) and got 300.
10:41:25.503 [Market] Player "Jasper" (id=yoR_hPQejevy38pVI7cJSHyugdmrvDeHBcX9TupJ1QI=) has send a requested to sell cp_jointskunk x1 at the trader "Weed (Naomi [WEED])" in market zone "The Holler" (pos=<5632.000000, 32.000000, 5392.000000>).
10:41:25.695 [Market] Player "Jasper" (id=yoR_hPQejevy38pVI7cJSHyugdmrvDeHBcX9TupJ1QI=) has sold cp_jointskunk x1 at the trader "Weed (Naomi [WEED])" in market zone "The Holler" (pos=<5632.000000, 32.000000, 5392.000000>) and got 300.
10:41:25.898 [Market] Player "Jasper" (id=yoR_hPQejevy38pVI7cJSHyugdmrvDeHBcX9TupJ1QI=) has send a requested to sell cp_jointskunk x1 at the trader "Weed (Naomi [WEED])" in market zone "The Holler" (pos=<5632.000000, 32.000000, 5392.000000>).
10:41:26.093 [Market] Player "Jasper" (id=yoR_hPQejevy38pVI7cJSHyugdmrvDeHBcX9TupJ1QI=) has sold cp_jointskunk x1 at the trader "Weed (Naomi [WEED])" in market zone "The Holler" (pos=<5632.000000, 32.000000, 5392.000000>) and got 300.
10:41:26.292 [Market] Player "Jasper" (id=yoR_hPQejevy38pVI7cJSHyugdmrvDeHBcX9TupJ1QI=) has send a requested to sell cp_jointskunk x1 at the trader "Weed (Naomi [WEED])" in market zone "The Holler" (pos=<5632.000000, 32.000000, 5392.000000>).
10:41:26.496 [Market] Player "Jasper" (id=yoR_hPQejevy38pVI7cJSHyugdmrvDeHBcX9TupJ1QI=) has sold cp_jointskunk x1 at the trader "Weed (Naomi [WEED])" in market zone "The Holler" (pos=<5632.000000, 32.000000, 5392.000000>) and got 300.
10:41:26.531 [Market] Player "Jasper" (id=yoR_hPQejevy38pVI7cJSHyugdmrvDeHBcX9TupJ1QI=) has send a requested to sell cp_jointskunk x1 at the trader "Weed (Naomi [WEED])" in market zone "The Holler" (pos=<5632.000000, 32.000000, 5392.000000>).
10:41:26.695 [Market] Player "Jasper" (id=yoR_hPQejevy38pVI7cJSHyugdmrvDeHBcX9TupJ1QI=) has sold cp_jointskunk x1 at the trader "Weed (Naomi [WEED])" in market zone "The Holler" (pos=<5632.000000, 32.000000, 5392.000000>) and got 300.
10:41:26.898 [Market] Player "Jasper" (id=yoR_hPQejevy38pVI7cJSHyugdmrvDeHBcX9TupJ1QI=) has send a requested to sell cp_jointskunk x1 at the trader "Weed (Naomi [WEED])" in market zone "The Holler" (pos=<5632.000000, 32.000000, 5392.000000>).
10:41:27.101 [Market] Player "Jasper" (id=yoR_hPQejevy38pVI7cJSHyugdmrvDeHBcX9TupJ1QI=) has sold cp_jointskunk x1 at the trader "Weed (Naomi [WEED])" in market zone "The Holler" (pos=<5632.000000, 32.000000, 5392.000000>) and got 300.
10:41:27.226 [Market] Player "Jasper" (id=yoR_hPQejevy38pVI7cJSHyugdmrvDeHBcX9TupJ1QI=) has send a requested to sell cp_jointskunk x1 at the trader "Weed (Naomi [WEED])" in market zone "The Holler" (pos=<5632.000000, 32.000000, 5392.000000>).
10:41:27.429 [Market] Player "Jasper" (id=yoR_hPQejevy38pVI7cJSHyugdmrvDeHBcX9TupJ1QI=) has sold cp_jointskunk x1 at the trader "Weed (Naomi [WEED])" in market zone "The Holler" (pos=<5632.000000, 32.000000, 5392.000000>) and got 300.
10:41:27.562 [Market] Player "Jasper" (id=yoR_hPQejevy38pVI7cJSHyugdmrvDeHBcX9TupJ1QI=) has send a requested to sell cp_jointskunk x1 at the trader "Weed (Naomi [WEED])" in market zone "The Holler" (pos=<5632.000000, 32.000000, 5392.000000>).
10:41:27.765 [Market] Player "Jasper" (id=yoR_hPQejevy38pVI7cJSHyugdmrvDeHBcX9TupJ1QI=) has sold cp_jointskunk x1 at the trader "Weed (Naomi [WEED])" in market zone "The Holler" (pos=<5632.000000, 32.000000, 5392.000000>) and got 300.
10:41:27.890 [Market] Player "Jasper" (id=yoR_hPQejevy38pVI7cJSHyugdmrvDeHBcX9TupJ1QI=) has send a requested to sell cp_jointskunk x1 at the trader "Weed (Naomi [WEED])" in market zone "The Holler" (pos=<5632.000000, 32.000000, 5392.000000>).
10:41:28.031 [Market] Player "Jasper" (id=yoR_hPQejevy38pVI7cJSHyugdmrvDeHBcX9TupJ1QI=) has sold cp_jointskunk x1 at the trader "Weed (Naomi [WEED])" in market zone "The Holler" (pos=<5632.000000, 32.000000, 5392.000000>) and got 300.
10:41:28.226 [Market] Player "Jasper" (id=yoR_hPQejevy38pVI7cJSHyugdmrvDeHBcX9TupJ1QI=) has send a requested to sell cp_jointskunk x1 at the trader "Weed (Naomi [WEED])" in market zone "The Holler" (pos=<5632.000000, 32.000000, 5392.000000>).
10:41:28.429 [Market] Player "Jasper" (id=yoR_hPQejevy38pVI7cJSHyugdmrvDeHBcX9TupJ1QI=) has sold cp_jointskunk x1 at the trader "Weed (Naomi [WEED])" in market zone "The Holler" (pos=<5632.000000, 32.000000, 5392.000000>) and got 300.
10:41:28.558 [Market] Player "Jasper" (id=yoR_hPQejevy38pVI7cJSHyugdmrvDeHBcX9TupJ1QI=) has send a requested to sell cp_jointskunk x1 at the trader "Weed (Naomi [WEED])" in market zone "The Holler" (pos=<5632.000000, 32.000000, 5392.000000>).
10:41:28.726 [Market] Player "Jasper" (id=yoR_hPQejevy38pVI7cJSHyugdmrvDeHBcX9TupJ1QI=) has sold cp_jointskunk x1 at the trader "Weed (Naomi [WEED])" in market zone "The Holler" (pos=<5632.000000, 32.000000, 5392.000000>) and got 300.
10:41:30.296 [Market] Player "Jasper" (id=yoR_hPQejevy38pVI7cJSHyugdmrvDeHBcX9TupJ1QI=) has send a requested to sell cp_jointfuture x1 at the trader "Weed (Naomi [WEED])" in market zone "The Holler" (pos=<5632.000000, 32.000000, 5392.000000>).
10:41:30.500 [Market] Player "Jasper" (id=yoR_hPQejevy38pVI7cJSHyugdmrvDeHBcX9TupJ1QI=) has sold cp_jointfuture x1 at the trader "Weed (Naomi [WEED])" in market zone "The Holler" (pos=<5632.000000, 32.000000, 5392.000000>) and got 300.
10:41:30.500 [Market] Player "Jasper" (id=yoR_hPQejevy38pVI7cJSHyugdmrvDeHBcX9TupJ1QI=) has send a requested to sell cp_jointfuture x1 at the trader "Weed (Naomi [WEED])" in market zone "The Holler" (pos=<5632.000000, 32.000000, 5392.000000>).
10:41:30.660 [Market] Player "Jasper" (id=yoR_hPQejevy38pVI7cJSHyugdmrvDeHBcX9TupJ1QI=) has sold cp_jointfuture x1 at the trader "Weed (Naomi [WEED])" in market zone "The Holler" (pos=<5632.000000, 32.000000, 5392.000000>) and got 300.
10:41:57.460 [ATM] Player "Jasper" (id=yoR_hPQejevy38pVI7cJSHyugdmrvDeHBcX9TupJ1QI=) has deposited 20874 on his ATM account.
10:44:35.757 [Safezone] Player "Jasper" (id=yoR_hPQejevy38pVI7cJSHyugdmrvDeHBcX9TupJ1QI= pos=<5691.666504, 32.254002, 5245.299805>) Left the safezone
10:44:43.015 [VehicleCover] Player "OrdepRoinuj" (id=jho7WUBGAZrvFnn8RJJsJvDzNHi4rQTd5HHL__KErjY= pos=<11529.958984, 5.518465, 10443.619141>) uncovered vehicle "MBw140_white" (GlobalID=80000000800000008000000080021057 pos=<11527.684570, 5.516077, 10442.116211>)!
10:46:04.031 [VehicleCarKey] Player "OrdepRoinuj" (id=jho7WUBGAZrvFnn8RJJsJvDzNHi4rQTd5HHL__KErjY= pos=<11529.563477, 5.518465, 10443.213867>) used the  ExpansionCarKey to lock MBw140_white (id=58172382F24B60102634F99653BBD60F pos=<11527.681641, 5.515977, 10442.115234>)
10:46:14.324 [VehicleDeleted] MBw140_white (id=58172382F24B60102634F99653BBD60F pos=<11527.681641, 5.515977, 10442.115234>)
10:46:14.324 [VehicleCover] Player "OrdepRoinuj" (id=jho7WUBGAZrvFnn8RJJsJvDzNHi4rQTd5HHL__KErjY= pos=<11529.563477, 5.518465, 10443.213867>) covered vehicle "MBw140_white" (GlobalID=80000000800000008000000080021057 pos=<11527.681641, 5.515977, 10442.115234>)!
10:46:35.585 [Party] Player "OrdepRoinuj" (id=jho7WUBGAZrvFnn8RJJsJvDzNHi4rQTd5HHL__KErjY=) left the party "OldDog" (id=42 ownerUID=jho7WUBGAZrvFnn8RJJsJvDzNHi4rQTd5HHL__KErjY= ownerName=Old Dog)
11:27:50.968 [Party] Player "Zef" (id=PU9-DJHe4LvreDPQFnAQ040hhezkutYOqXaBOvn79QE=) joinded the party "Zef" (id=47 ownerUID=PU9-DJHe4LvreDPQFnAQ040hhezkutYOqXaBOvn79QE= ownerName=Zef)
11:27:50.980 [Expansion Quests] - InitQuestSystemClient - Loaded existing player quest data for player with UID: PU9-DJHe4LvreDPQFnAQ040hhezkutYOqXaBOvn79QE=
11:27:50.984 [Expansion Quests] - LoadGroupQuestData - Loaded existing group quest data for group with ID: 47
11:27:51.929 [Expansion Quests] - LoadGroupQuestData - Got cached group quest data for group with ID: 47
11:36:14.289 [VehicleCover] Player "Jasper" (id=yoR_hPQejevy38pVI7cJSHyugdmrvDeHBcX9TupJ1QI= pos=<7543.344727, 31.830843, 3564.197998>) uncovered vehicle "ToyotaHilux_rust" (GlobalID=800000008000000080000000800211BB pos=<7541.810059, 31.552248, 3565.707764>)!
11:36:27.285 [VehicleCarKey] Player "Jasper" (id=yoR_hPQejevy38pVI7cJSHyugdmrvDeHBcX9TupJ1QI= pos=<7542.849609, 31.656939, 3564.387207>) used the  ExpansionCarKey to unlock ToyotaHilux_rust (id=ED3603FF1848E4AF09FAABA68D2EA582 pos=<7541.809082, 31.552290, 3565.709473>)
11:38:43.886 [VehicleCarKey] Player "Jasper" (id=yoR_hPQejevy38pVI7cJSHyugdmrvDeHBcX9TupJ1QI= pos=<7542.849609, 31.656939, 3564.387207>) used the  ExpansionCarKey to lock ToyotaHilux_rust (id=ED3603FF1848E4AF09FAABA68D2EA582 pos=<7541.809082, 31.552290, 3565.709473>)
11:41:45.933 [Party] Player "Zef" (id=PU9-DJHe4LvreDPQFnAQ040hhezkutYOqXaBOvn79QE=) left the party "Zef" (id=47 ownerUID=PU9-DJHe4LvreDPQFnAQ040hhezkutYOqXaBOvn79QE= ownerName=Zef)
11:42:01.097 [Party] Player "Jasper" (id=yoR_hPQejevy38pVI7cJSHyugdmrvDeHBcX9TupJ1QI=) left the party "Carrots" (id=43 ownerUID=pod5B72JHSqsn_XNMr587skUFpcgUl5U4e6KmhqavEU= ownerName=Sarco)
