18:04:37.851 [Party] Player "Bog_Monster" (id=sAzfWixzA1-TNIKhVLRIVZHZX45UaBpWlaWuOFEUMag=) joinded the party "noobs" (id=27 ownerUID=xBwUe6F0ELy8UX4ZzLIEUefw3PJSjX0OdDxaAAGlFcY= ownerName=BDH Crazy22)
18:19:43.476 [MissionAirdrop] An airdrop is heading towards "Greenville" (pos=<4658.000000, 0.000000, 1414.000000> type=Random_Greenville) with a ExpansionAirdropContainer
18:25:22.421 [Party] Player "BDH Crazy22" (id=xBwUe6F0ELy8UX4ZzLIEUefw3PJSjX0OdDxaAAGlFcY=) joinded the party "noobs" (id=27 ownerUID=xBwUe6F0ELy8UX4ZzLIEUefw3PJSjX0OdDxaAAGlFcY= ownerName=BDH Crazy22)
18:30:19.476 [VehicleCarKey] Player "BDH Crazy22" (id=xBwUe6F0ELy8UX4ZzLIEUefw3PJSjX0OdDxaAAGlFcY= pos=<4438.777344, 4.971891, 12404.610352>) used the  ExpansionCarKey to lock ToyotaHilux_rust (id=BF6E8D97294C6ADFDDE6E98CD6C8728B pos=<4437.207031, 4.937630, 12405.944336>)
18:30:39.179 [AI Patrol] Spawning 3 Temple Patrol bots at <367.492218, 55.318100, 788.562988>
18:30:39.273 [AI Patrol] Spawning 3 Temple Patrol bots at <440.131317, 45.886486, 834.938965>
18:30:39.281 [AI Patrol] Spawning 3 Temple Patrol bots at <430.439972, 47.070000, 681.832703>
18:30:40.875 [VehicleEnter] Player BDH Crazy22 [uid=xBwUe6F0ELy8UX4ZzLIEUefw3PJSjX0OdDxaAAGlFcY=] entered vehicle Interceptor (id=6E566A8DEB4A16A5885D2DAEAA38669C pos=<4448.839844, 5.417734, 12410.755859>) as driver
18:30:44.054 [VehicleEngine] Player BDH Crazy22 [uid=xBwUe6F0ELy8UX4ZzLIEUefw3PJSjX0OdDxaAAGlFcY=] started vehicle Interceptor (id=6E566A8DEB4A16A5885D2DAEAA38669C pos=<4448.839355, 5.417727, 12410.755859>)
18:31:54.460 [VehicleEnter] Player Bog_Monster [uid=sAzfWixzA1-TNIKhVLRIVZHZX45UaBpWlaWuOFEUMag=] entered vehicle Interceptor (id=6E566A8DEB4A16A5885D2DAEAA38669C pos=<4431.086426, 4.988540, 12387.198242>) as passenger
18:33:31.031 [VehicleLeave] Player Bog_Monster [uid=sAzfWixzA1-TNIKhVLRIVZHZX45UaBpWlaWuOFEUMag=] left vehicle Interceptor (id=6E566A8DEB4A16A5885D2DAEAA38669C pos=<4473.556152, 7.515148, 11979.762695>)
18:33:37.898 [VehicleEnter] Player Bog_Monster [uid=sAzfWixzA1-TNIKhVLRIVZHZX45UaBpWlaWuOFEUMag=] entered vehicle Interceptor (id=6E566A8DEB4A16A5885D2DAEAA38669C pos=<4473.083984, 7.474194, 11978.350586>) as passenger
18:37:42.796 [AI Patrol] Spawning 3 Shamans bots at <4608.495605, 20.787573, 7508.538086>
18:37:48.109 [AI Patrol] Spawning 3 Power Plant Patrol bots at <4643.863770, 20.430000, 7087.937988>
18:39:39.710 [AI Patrol] Spawning 2 Shamans bots at <5924.726563, 135.282562, 5583.991211>
18:41:21.679 [Safezone] Player "BDH Crazy22" (id=xBwUe6F0ELy8UX4ZzLIEUefw3PJSjX0OdDxaAAGlFcY= pos=<5669.423340, 32.932076, 5265.192383>) Entered the safezone
18:41:21.835 [Safezone] Player "Bog_Monster" (id=sAzfWixzA1-TNIKhVLRIVZHZX45UaBpWlaWuOFEUMag= pos=<5667.777832, 32.972851, 5267.323730>) Entered the safezone
18:41:41.117 [VehicleLeave] Player BDH Crazy22 [uid=xBwUe6F0ELy8UX4ZzLIEUefw3PJSjX0OdDxaAAGlFcY=] left vehicle Interceptor (id=6E566A8DEB4A16A5885D2DAEAA38669C pos=<5595.128418, 28.600664, 5366.277832>)
18:41:46.570 [VehicleLeave] Player Bog_Monster [uid=sAzfWixzA1-TNIKhVLRIVZHZX45UaBpWlaWuOFEUMag=] left vehicle Interceptor (id=6E566A8DEB4A16A5885D2DAEAA38669C pos=<5595.128418, 28.600664, 5366.278320>)
18:42:23.757 [Market] Player "BDH Crazy22" (id=xBwUe6F0ELy8UX4ZzLIEUefw3PJSjX0OdDxaAAGlFcY=) has send a requested to sell pelt_elderbear x1 at the trader "Hunting (Helga [HUNTING & FISHING])" in market zone "The Holler" (pos=<5632.000000, 32.000000, 5392.000000>).
18:42:23.843 [Market] Player "BDH Crazy22" (id=xBwUe6F0ELy8UX4ZzLIEUefw3PJSjX0OdDxaAAGlFcY=) has sold pelt_elderbear x1 at the trader "Hunting (Helga [HUNTING & FISHING])" in market zone "The Holler" (pos=<5632.000000, 32.000000, 5392.000000>) and got 9000.
18:42:23.929 [Market] Player "BDH Crazy22" (id=xBwUe6F0ELy8UX4ZzLIEUefw3PJSjX0OdDxaAAGlFcY=) has send a requested to sell pelt_elderbear x1 at the trader "Hunting (Helga [HUNTING & FISHING])" in market zone "The Holler" (pos=<5632.000000, 32.000000, 5392.000000>).
18:42:24.015 [Market] Player "BDH Crazy22" (id=xBwUe6F0ELy8UX4ZzLIEUefw3PJSjX0OdDxaAAGlFcY=) has sold pelt_elderbear x1 at the trader "Hunting (Helga [HUNTING & FISHING])" in market zone "The Holler" (pos=<5632.000000, 32.000000, 5392.000000>) and got 9000.
18:42:26.148 [Market] Player "BDH Crazy22" (id=xBwUe6F0ELy8UX4ZzLIEUefw3PJSjX0OdDxaAAGlFcY=) has send a requested to sell radioactive_bear_pelt x1 at the trader "Hunting (Helga [HUNTING & FISHING])" in market zone "The Holler" (pos=<5632.000000, 32.000000, 5392.000000>).
18:42:26.226 [Market] Player "BDH Crazy22" (id=xBwUe6F0ELy8UX4ZzLIEUefw3PJSjX0OdDxaAAGlFcY=) has sold radioactive_bear_pelt x1 at the trader "Hunting (Helga [HUNTING & FISHING])" in market zone "The Holler" (pos=<5632.000000, 32.000000, 5392.000000>) and got 12000.
18:42:26.546 [Market] Player "BDH Crazy22" (id=xBwUe6F0ELy8UX4ZzLIEUefw3PJSjX0OdDxaAAGlFcY=) has send a requested to sell radioactive_bear_pelt x1 at the trader "Hunting (Helga [HUNTING & FISHING])" in market zone "The Holler" (pos=<5632.000000, 32.000000, 5392.000000>).
18:42:26.625 [Market] Player "BDH Crazy22" (id=xBwUe6F0ELy8UX4ZzLIEUefw3PJSjX0OdDxaAAGlFcY=) has sold radioactive_bear_pelt x1 at the trader "Hunting (Helga [HUNTING & FISHING])" in market zone "The Holler" (pos=<5632.000000, 32.000000, 5392.000000>) and got 12000.
18:42:26.664 [Market] Player "BDH Crazy22" (id=xBwUe6F0ELy8UX4ZzLIEUefw3PJSjX0OdDxaAAGlFcY=) has send a requested to sell radioactive_bear_pelt x1 at the trader "Hunting (Helga [HUNTING & FISHING])" in market zone "The Holler" (pos=<5632.000000, 32.000000, 5392.000000>).
18:42:26.750 [Market] Player "BDH Crazy22" (id=xBwUe6F0ELy8UX4ZzLIEUefw3PJSjX0OdDxaAAGlFcY=) has sold radioactive_bear_pelt x1 at the trader "Hunting (Helga [HUNTING & FISHING])" in market zone "The Holler" (pos=<5632.000000, 32.000000, 5392.000000>) and got 12000.
18:42:27.367 [Market] Player "BDH Crazy22" (id=xBwUe6F0ELy8UX4ZzLIEUefw3PJSjX0OdDxaAAGlFcY=) has send a requested to sell radioactive_bear_pelt x1 at the trader "Hunting (Helga [HUNTING & FISHING])" in market zone "The Holler" (pos=<5632.000000, 32.000000, 5392.000000>).
18:42:27.445 [Market] Player "BDH Crazy22" (id=xBwUe6F0ELy8UX4ZzLIEUefw3PJSjX0OdDxaAAGlFcY=) has sold radioactive_bear_pelt x1 at the trader "Hunting (Helga [HUNTING & FISHING])" in market zone "The Holler" (pos=<5632.000000, 32.000000, 5392.000000>) and got 12000.
18:42:56.796 [Market] Player "BDH Crazy22" (id=xBwUe6F0ELy8UX4ZzLIEUefw3PJSjX0OdDxaAAGlFcY=) has send a requested to sell cp_cannabisbrickblackfrost x17 at the trader "Weed (Naomi [WEED])" in market zone "The Holler" (pos=<5632.000000, 32.000000, 5392.000000>).
18:42:56.914 [Market] Player "BDH Crazy22" (id=xBwUe6F0ELy8UX4ZzLIEUefw3PJSjX0OdDxaAAGlFcY=) has sold cp_cannabisbrickblackfrost x17 at the trader "Weed (Naomi [WEED])" in market zone "The Holler" (pos=<5632.000000, 32.000000, 5392.000000>) and got 918000.
18:43:22.328 [Market] Player "BDH Crazy22" (id=xBwUe6F0ELy8UX4ZzLIEUefw3PJSjX0OdDxaAAGlFcY=) has send a requested to sell interceptor x1 at the trader "Vehicles (Lewis [VEHICLES])" in market zone "The Holler" (pos=<5632.000000, 32.000000, 5392.000000>).
18:43:22.406 [VehicleDeleted] Interceptor (id=6E566A8DEB4A16A5885D2DAEAA38669C pos=<5595.128418, 28.600664, 5366.278320>)
18:43:22.406 [Market] Player "BDH Crazy22" (id=xBwUe6F0ELy8UX4ZzLIEUefw3PJSjX0OdDxaAAGlFcY=) has sold interceptor x1 at the trader "Vehicles (Lewis [VEHICLES])" in market zone "The Holler" (pos=<5632.000000, 32.000000, 5392.000000>) and got 41736.
18:43:48.562 [Market] Player "BDH Crazy22" (id=xBwUe6F0ELy8UX4ZzLIEUefw3PJSjX0OdDxaAAGlFcY=) has send a requested to purchase mustang_rust x1 from the trader "Vehicles (Lewis [VEHICLES])" in market zone "The Holler" (pos=<5632.000000, 32.000000, 5392.000000>).
18:43:48.687 [VehicleDeleted] MUSTANG_rust (id=64208FB709483CA90569878EEAB47656 pos=<0.000536, 0.719699, 0.068275>)
18:43:48.695 [Market] Player "BDH Crazy22" (id=xBwUe6F0ELy8UX4ZzLIEUefw3PJSjX0OdDxaAAGlFcY=) has bought mustang_rust x1 from the trader "Vehicles (Lewis [VEHICLES])" in market zone "The Holler" (pos=<5632.000000, 32.000000, 5392.000000>) for a price of 112550.
18:44:01.562 [VehicleCarKey] Player "BDH Crazy22" (id=xBwUe6F0ELy8UX4ZzLIEUefw3PJSjX0OdDxaAAGlFcY= pos=<5601.784180, 28.722498, 5359.572754>) used the  ExpansionCarKey to unlock MUSTANG_rust (id=92A707090D4129E37B3D3BA07C778A3F pos=<5601.251953, 28.769739, 5358.027832>)
18:44:13.765 [VehicleCarKey] Player "BDH Crazy22" (id=xBwUe6F0ELy8UX4ZzLIEUefw3PJSjX0OdDxaAAGlFcY= pos=<5604.060547, 28.724113, 5357.852051>) used the  ExpansionCarKey to lock MUSTANG_rust (id=92A707090D4129E37B3D3BA07C778A3F pos=<5601.251953, 28.769739, 5358.027832>)
18:44:15.054 [VehicleCarKey] Player "BDH Crazy22" (id=xBwUe6F0ELy8UX4ZzLIEUefw3PJSjX0OdDxaAAGlFcY= pos=<5604.060547, 28.724113, 5357.852051>) used the  ExpansionCarKey to unlock MUSTANG_rust (id=92A707090D4129E37B3D3BA07C778A3F pos=<5601.251953, 28.769739, 5358.027832>)
18:44:20.195 [VehicleCarKey] Player "BDH Crazy22" (id=xBwUe6F0ELy8UX4ZzLIEUefw3PJSjX0OdDxaAAGlFcY= pos=<5598.387695, 28.722498, 5359.173340>) used the  ExpansionCarKey to lock MUSTANG_rust (id=92A707090D4129E37B3D3BA07C778A3F pos=<5601.251953, 28.769739, 5358.027832>)
18:44:21.593 [VehicleCarKey] Player "BDH Crazy22" (id=xBwUe6F0ELy8UX4ZzLIEUefw3PJSjX0OdDxaAAGlFcY= pos=<5598.387695, 28.722498, 5359.173340>) used the  ExpansionCarKey to unlock MUSTANG_rust (id=92A707090D4129E37B3D3BA07C778A3F pos=<5601.251953, 28.769739, 5358.027832>)
18:46:40.351 [Market] Player "BDH Crazy22" (id=xBwUe6F0ELy8UX4ZzLIEUefw3PJSjX0OdDxaAAGlFcY=) has send a requested to sell twp_ak47tactical_mag_45rnd x1 at the trader "Weapons (Oliver [WEAPONS])" in market zone "The Holler" (pos=<5632.000000, 32.000000, 5392.000000>).
18:46:40.445 [Market] Player "BDH Crazy22" (id=xBwUe6F0ELy8UX4ZzLIEUefw3PJSjX0OdDxaAAGlFcY=) has sold twp_ak47tactical_mag_45rnd x1 at the trader "Weapons (Oliver [WEAPONS])" in market zone "The Holler" (pos=<5632.000000, 32.000000, 5392.000000>) and got 720.
18:46:40.687 [Market] Player "BDH Crazy22" (id=xBwUe6F0ELy8UX4ZzLIEUefw3PJSjX0OdDxaAAGlFcY=) has send a requested to sell twp_ak47tactical_mag_45rnd x1 at the trader "Weapons (Oliver [WEAPONS])" in market zone "The Holler" (pos=<5632.000000, 32.000000, 5392.000000>).
18:46:40.781 [Market] Player "BDH Crazy22" (id=xBwUe6F0ELy8UX4ZzLIEUefw3PJSjX0OdDxaAAGlFcY=) has sold twp_ak47tactical_mag_45rnd x1 at the trader "Weapons (Oliver [WEAPONS])" in market zone "The Holler" (pos=<5632.000000, 32.000000, 5392.000000>) and got 699.
18:46:41.460 [Market] Player "BDH Crazy22" (id=xBwUe6F0ELy8UX4ZzLIEUefw3PJSjX0OdDxaAAGlFcY=) has send a requested to sell twp_ak47tactical_mag_45rnd x1 at the trader "Weapons (Oliver [WEAPONS])" in market zone "The Holler" (pos=<5632.000000, 32.000000, 5392.000000>).
18:46:41.531 [Market] Player "BDH Crazy22" (id=xBwUe6F0ELy8UX4ZzLIEUefw3PJSjX0OdDxaAAGlFcY=) has sold twp_ak47tactical_mag_45rnd x1 at the trader "Weapons (Oliver [WEAPONS])" in market zone "The Holler" (pos=<5632.000000, 32.000000, 5392.000000>) and got 720.
18:46:47.984 [Market] Player "BDH Crazy22" (id=xBwUe6F0ELy8UX4ZzLIEUefw3PJSjX0OdDxaAAGlFcY=) has send a requested to sell twp_ak47tactical x1 at the trader "Weapons (Oliver [WEAPONS])" in market zone "The Holler" (pos=<5632.000000, 32.000000, 5392.000000>).
18:46:48.101 [Market] Player "BDH Crazy22" (id=xBwUe6F0ELy8UX4ZzLIEUefw3PJSjX0OdDxaAAGlFcY=) has sold twp_ak47tactical x1 at the trader "Weapons (Oliver [WEAPONS])" in market zone "The Holler" (pos=<5632.000000, 32.000000, 5392.000000>) and got 4470.
18:47:53.695 [ATM] Player "Bog_Monster" (id=sAzfWixzA1-TNIKhVLRIVZHZX45UaBpWlaWuOFEUMag=) has withdrawn 81188 from his ATM account.
18:49:04.640 [Market] Player "BDH Crazy22" (id=xBwUe6F0ELy8UX4ZzLIEUefw3PJSjX0OdDxaAAGlFcY=) has send a requested to purchase doc_m4_black x1 from the trader "Weapons (Oliver [WEAPONS])" in market zone "The Holler" (pos=<5632.000000, 32.000000, 5392.000000>).
18:49:04.718 [Market] Player "BDH Crazy22" (id=xBwUe6F0ELy8UX4ZzLIEUefw3PJSjX0OdDxaAAGlFcY=) has bought doc_m4_black x1 from the trader "Weapons (Oliver [WEAPONS])" in market zone "The Holler" (pos=<5632.000000, 32.000000, 5392.000000>) for a price of 98638.
18:49:19.335 [Market] Player "BDH Crazy22" (id=xBwUe6F0ELy8UX4ZzLIEUefw3PJSjX0OdDxaAAGlFcY=) has send a requested to purchase doc_stanag69_black x1 from the trader "Weapons (Oliver [WEAPONS])" in market zone "The Holler" (pos=<5632.000000, 32.000000, 5392.000000>).
18:49:19.437 [Market] Player "BDH Crazy22" (id=xBwUe6F0ELy8UX4ZzLIEUefw3PJSjX0OdDxaAAGlFcY=) has bought doc_stanag69_black x1 from the trader "Weapons (Oliver [WEAPONS])" in market zone "The Holler" (pos=<5632.000000, 32.000000, 5392.000000>) for a price of 1488.
18:49:19.523 [Market] Player "BDH Crazy22" (id=xBwUe6F0ELy8UX4ZzLIEUefw3PJSjX0OdDxaAAGlFcY=) has send a requested to purchase doc_stanag69_black x1 from the trader "Weapons (Oliver [WEAPONS])" in market zone "The Holler" (pos=<5632.000000, 32.000000, 5392.000000>).
18:49:19.703 [Market] Player "BDH Crazy22" (id=xBwUe6F0ELy8UX4ZzLIEUefw3PJSjX0OdDxaAAGlFcY=) has bought doc_stanag69_black x1 from the trader "Weapons (Oliver [WEAPONS])" in market zone "The Holler" (pos=<5632.000000, 32.000000, 5392.000000>) for a price of 1488.
18:49:42.414 [Market] Player "Bog_Monster" (id=sAzfWixzA1-TNIKhVLRIVZHZX45UaBpWlaWuOFEUMag=) has send a requested to purchase twp_p90 x1 from the trader "Weapons (Oliver [WEAPONS])" in market zone "The Holler" (pos=<5632.000000, 32.000000, 5392.000000>).
18:49:42.523 [Market] Player "Bog_Monster" (id=sAzfWixzA1-TNIKhVLRIVZHZX45UaBpWlaWuOFEUMag=) has bought twp_p90 x1 from the trader "Weapons (Oliver [WEAPONS])" in market zone "The Holler" (pos=<5632.000000, 32.000000, 5392.000000>) for a price of 18850.
18:49:56.164 [Market] Player "BDH Crazy22" (id=xBwUe6F0ELy8UX4ZzLIEUefw3PJSjX0OdDxaAAGlFcY=) has send a requested to purchase ammo_556x45 x240 from the trader "WeaponAccessories (Rolf [WEAPON ACCESSORIES])" in market zone "The Holler" (pos=<5632.000000, 32.000000, 5392.000000>).
18:49:56.273 [Market] Player "BDH Crazy22" (id=xBwUe6F0ELy8UX4ZzLIEUefw3PJSjX0OdDxaAAGlFcY=) has bought ammo_556x45 x240 from the trader "WeaponAccessories (Rolf [WEAPON ACCESSORIES])" in market zone "The Holler" (pos=<5632.000000, 32.000000, 5392.000000>) for a price of 480.
18:49:56.312 [Market] Player "Bog_Monster" (id=sAzfWixzA1-TNIKhVLRIVZHZX45UaBpWlaWuOFEUMag=) has send a requested to sell mag_expansion_mp7_40rnd x1 at the trader "Weapons (Oliver [WEAPONS])" in market zone "The Holler" (pos=<5632.000000, 32.000000, 5392.000000>).
18:49:56.429 [Market] Player "Bog_Monster" (id=sAzfWixzA1-TNIKhVLRIVZHZX45UaBpWlaWuOFEUMag=) has sold mag_expansion_mp7_40rnd x1 at the trader "Weapons (Oliver [WEAPONS])" in market zone "The Holler" (pos=<5632.000000, 32.000000, 5392.000000>) and got 115.
18:49:57.218 [Market] Player "Bog_Monster" (id=sAzfWixzA1-TNIKhVLRIVZHZX45UaBpWlaWuOFEUMag=) has send a requested to sell mag_expansion_mp7_40rnd x1 at the trader "Weapons (Oliver [WEAPONS])" in market zone "The Holler" (pos=<5632.000000, 32.000000, 5392.000000>).
18:49:57.296 [Market] Player "Bog_Monster" (id=sAzfWixzA1-TNIKhVLRIVZHZX45UaBpWlaWuOFEUMag=) has sold mag_expansion_mp7_40rnd x1 at the trader "Weapons (Oliver [WEAPONS])" in market zone "The Holler" (pos=<5632.000000, 32.000000, 5392.000000>) and got 115.
18:49:57.625 [Market] Player "Bog_Monster" (id=sAzfWixzA1-TNIKhVLRIVZHZX45UaBpWlaWuOFEUMag=) has send a requested to sell mag_expansion_mp7_40rnd x1 at the trader "Weapons (Oliver [WEAPONS])" in market zone "The Holler" (pos=<5632.000000, 32.000000, 5392.000000>).
18:49:57.710 [Market] Player "Bog_Monster" (id=sAzfWixzA1-TNIKhVLRIVZHZX45UaBpWlaWuOFEUMag=) has sold mag_expansion_mp7_40rnd x1 at the trader "Weapons (Oliver [WEAPONS])" in market zone "The Holler" (pos=<5632.000000, 32.000000, 5392.000000>) and got 115.
18:49:58.031 [Market] Player "Bog_Monster" (id=sAzfWixzA1-TNIKhVLRIVZHZX45UaBpWlaWuOFEUMag=) has send a requested to sell mag_expansion_mp7_40rnd x1 at the trader "Weapons (Oliver [WEAPONS])" in market zone "The Holler" (pos=<5632.000000, 32.000000, 5392.000000>).
18:49:58.109 [Market] Player "Bog_Monster" (id=sAzfWixzA1-TNIKhVLRIVZHZX45UaBpWlaWuOFEUMag=) has sold mag_expansion_mp7_40rnd x1 at the trader "Weapons (Oliver [WEAPONS])" in market zone "The Holler" (pos=<5632.000000, 32.000000, 5392.000000>) and got 115.
18:49:58.406 [Market] Player "Bog_Monster" (id=sAzfWixzA1-TNIKhVLRIVZHZX45UaBpWlaWuOFEUMag=) has send a requested to sell mag_expansion_mp7_40rnd x1 at the trader "Weapons (Oliver [WEAPONS])" in market zone "The Holler" (pos=<5632.000000, 32.000000, 5392.000000>).
18:49:58.515 [Market] Player "Bog_Monster" (id=sAzfWixzA1-TNIKhVLRIVZHZX45UaBpWlaWuOFEUMag=) has sold mag_expansion_mp7_40rnd x1 at the trader "Weapons (Oliver [WEAPONS])" in market zone "The Holler" (pos=<5632.000000, 32.000000, 5392.000000>) and got 115.
18:49:58.984 [Market] Player "Bog_Monster" (id=sAzfWixzA1-TNIKhVLRIVZHZX45UaBpWlaWuOFEUMag=) has send a requested to sell mag_expansion_mp7_40rnd x1 at the trader "Weapons (Oliver [WEAPONS])" in market zone "The Holler" (pos=<5632.000000, 32.000000, 5392.000000>).
18:49:59.062 [Market] Player "Bog_Monster" (id=sAzfWixzA1-TNIKhVLRIVZHZX45UaBpWlaWuOFEUMag=) has sold mag_expansion_mp7_40rnd x1 at the trader "Weapons (Oliver [WEAPONS])" in market zone "The Holler" (pos=<5632.000000, 32.000000, 5392.000000>) and got 115.
18:50:01.031 [Market] Player "Bog_Monster" (id=sAzfWixzA1-TNIKhVLRIVZHZX45UaBpWlaWuOFEUMag=) has send a requested to sell expansion_mp7 x1 at the trader "Weapons (Oliver [WEAPONS])" in market zone "The Holler" (pos=<5632.000000, 32.000000, 5392.000000>).
18:50:01.148 [Market] Player "Bog_Monster" (id=sAzfWixzA1-TNIKhVLRIVZHZX45UaBpWlaWuOFEUMag=) has sold expansion_mp7 x1 at the trader "Weapons (Oliver [WEAPONS])" in market zone "The Holler" (pos=<5632.000000, 32.000000, 5392.000000>) and got 2476.
18:50:20.523 [Market] Player "Bog_Monster" (id=sAzfWixzA1-TNIKhVLRIVZHZX45UaBpWlaWuOFEUMag=) has send a requested to purchase twp_p90_mag_50rnd x1 from the trader "Weapons (Oliver [WEAPONS])" in market zone "The Holler" (pos=<5632.000000, 32.000000, 5392.000000>).
18:50:20.609 [Market] Player "Bog_Monster" (id=sAzfWixzA1-TNIKhVLRIVZHZX45UaBpWlaWuOFEUMag=) has bought twp_p90_mag_50rnd x1 from the trader "Weapons (Oliver [WEAPONS])" in market zone "The Holler" (pos=<5632.000000, 32.000000, 5392.000000>) for a price of 850.
18:50:21.156 [Market] Player "Bog_Monster" (id=sAzfWixzA1-TNIKhVLRIVZHZX45UaBpWlaWuOFEUMag=) has send a requested to purchase twp_p90_mag_50rnd x1 from the trader "Weapons (Oliver [WEAPONS])" in market zone "The Holler" (pos=<5632.000000, 32.000000, 5392.000000>).
18:50:21.273 [Market] Player "Bog_Monster" (id=sAzfWixzA1-TNIKhVLRIVZHZX45UaBpWlaWuOFEUMag=) has bought twp_p90_mag_50rnd x1 from the trader "Weapons (Oliver [WEAPONS])" in market zone "The Holler" (pos=<5632.000000, 32.000000, 5392.000000>) for a price of 850.
18:50:21.882 [Market] Player "Bog_Monster" (id=sAzfWixzA1-TNIKhVLRIVZHZX45UaBpWlaWuOFEUMag=) has send a requested to purchase twp_p90_mag_50rnd x1 from the trader "Weapons (Oliver [WEAPONS])" in market zone "The Holler" (pos=<5632.000000, 32.000000, 5392.000000>).
18:50:21.992 [Market] Player "Bog_Monster" (id=sAzfWixzA1-TNIKhVLRIVZHZX45UaBpWlaWuOFEUMag=) has bought twp_p90_mag_50rnd x1 from the trader "Weapons (Oliver [WEAPONS])" in market zone "The Holler" (pos=<5632.000000, 32.000000, 5392.000000>) for a price of 850.
18:50:22.601 [Market] Player "Bog_Monster" (id=sAzfWixzA1-TNIKhVLRIVZHZX45UaBpWlaWuOFEUMag=) has send a requested to purchase twp_p90_mag_50rnd x1 from the trader "Weapons (Oliver [WEAPONS])" in market zone "The Holler" (pos=<5632.000000, 32.000000, 5392.000000>).
18:50:22.703 [Market] Player "Bog_Monster" (id=sAzfWixzA1-TNIKhVLRIVZHZX45UaBpWlaWuOFEUMag=) has bought twp_p90_mag_50rnd x1 from the trader "Weapons (Oliver [WEAPONS])" in market zone "The Holler" (pos=<5632.000000, 32.000000, 5392.000000>) for a price of 850.
18:50:23.171 [Market] Player "Bog_Monster" (id=sAzfWixzA1-TNIKhVLRIVZHZX45UaBpWlaWuOFEUMag=) has send a requested to purchase twp_p90_mag_50rnd x1 from the trader "Weapons (Oliver [WEAPONS])" in market zone "The Holler" (pos=<5632.000000, 32.000000, 5392.000000>).
18:50:23.242 [Market] Player "Bog_Monster" (id=sAzfWixzA1-TNIKhVLRIVZHZX45UaBpWlaWuOFEUMag=) has bought twp_p90_mag_50rnd x1 from the trader "Weapons (Oliver [WEAPONS])" in market zone "The Holler" (pos=<5632.000000, 32.000000, 5392.000000>) for a price of 850.
18:50:23.640 [Market] Player "Bog_Monster" (id=sAzfWixzA1-TNIKhVLRIVZHZX45UaBpWlaWuOFEUMag=) has send a requested to purchase twp_p90_mag_50rnd x1 from the trader "Weapons (Oliver [WEAPONS])" in market zone "The Holler" (pos=<5632.000000, 32.000000, 5392.000000>).
18:50:23.742 [Market] Player "Bog_Monster" (id=sAzfWixzA1-TNIKhVLRIVZHZX45UaBpWlaWuOFEUMag=) has bought twp_p90_mag_50rnd x1 from the trader "Weapons (Oliver [WEAPONS])" in market zone "The Holler" (pos=<5632.000000, 32.000000, 5392.000000>) for a price of 850.
18:50:24.796 [Market] Player "Bog_Monster" (id=sAzfWixzA1-TNIKhVLRIVZHZX45UaBpWlaWuOFEUMag=) has send a requested to purchase twp_p90_mag_50rnd x1 from the trader "Weapons (Oliver [WEAPONS])" in market zone "The Holler" (pos=<5632.000000, 32.000000, 5392.000000>).
18:50:24.914 [Market] Player "Bog_Monster" (id=sAzfWixzA1-TNIKhVLRIVZHZX45UaBpWlaWuOFEUMag=) has bought twp_p90_mag_50rnd x1 from the trader "Weapons (Oliver [WEAPONS])" in market zone "The Holler" (pos=<5632.000000, 32.000000, 5392.000000>) for a price of 850.
18:50:25.210 [Market] Player "Bog_Monster" (id=sAzfWixzA1-TNIKhVLRIVZHZX45UaBpWlaWuOFEUMag=) has send a requested to purchase twp_p90_mag_50rnd x1 from the trader "Weapons (Oliver [WEAPONS])" in market zone "The Holler" (pos=<5632.000000, 32.000000, 5392.000000>).
18:50:25.320 [Market] Player "Bog_Monster" (id=sAzfWixzA1-TNIKhVLRIVZHZX45UaBpWlaWuOFEUMag=) has bought twp_p90_mag_50rnd x1 from the trader "Weapons (Oliver [WEAPONS])" in market zone "The Holler" (pos=<5632.000000, 32.000000, 5392.000000>) for a price of 850.
18:50:35.671 [Market] Player "BDH Crazy22" (id=xBwUe6F0ELy8UX4ZzLIEUefw3PJSjX0OdDxaAAGlFcY=) has send a requested to sell m4_carryhandleoptic x1 at the trader "WeaponAccessories (Rolf [WEAPON ACCESSORIES])" in market zone "The Holler" (pos=<5632.000000, 32.000000, 5392.000000>).
18:50:35.789 [Market] Player "BDH Crazy22" (id=xBwUe6F0ELy8UX4ZzLIEUefw3PJSjX0OdDxaAAGlFcY=) has sold m4_carryhandleoptic x1 at the trader "WeaponAccessories (Rolf [WEAPON ACCESSORIES])" in market zone "The Holler" (pos=<5632.000000, 32.000000, 5392.000000>) and got 112.
18:50:49.015 [Market] Player "BDH Crazy22" (id=xBwUe6F0ELy8UX4ZzLIEUefw3PJSjX0OdDxaAAGlFcY=) has send a requested to purchase expansionhamroptic x1 from the trader "WeaponAccessories (Rolf [WEAPON ACCESSORIES])" in market zone "The Holler" (pos=<5632.000000, 32.000000, 5392.000000>).
18:50:49.093 [Market] Player "BDH Crazy22" (id=xBwUe6F0ELy8UX4ZzLIEUefw3PJSjX0OdDxaAAGlFcY=) has bought expansionhamroptic x1 from the trader "WeaponAccessories (Rolf [WEAPON ACCESSORIES])" in market zone "The Holler" (pos=<5632.000000, 32.000000, 5392.000000>) for a price of 560.
18:51:25.601 [Market] Player "BDH Crazy22" (id=xBwUe6F0ELy8UX4ZzLIEUefw3PJSjX0OdDxaAAGlFcY=) has send a requested to sell expansionhamroptic x1 at the trader "WeaponAccessories (Rolf [WEAPON ACCESSORIES])" in market zone "The Holler" (pos=<5632.000000, 32.000000, 5392.000000>).
18:51:25.703 [Market] Player "BDH Crazy22" (id=xBwUe6F0ELy8UX4ZzLIEUefw3PJSjX0OdDxaAAGlFcY=) has sold expansionhamroptic x1 at the trader "WeaponAccessories (Rolf [WEAPON ACCESSORIES])" in market zone "The Holler" (pos=<5632.000000, 32.000000, 5392.000000>) and got 419.
18:51:35.875 [Market] Player "BDH Crazy22" (id=xBwUe6F0ELy8UX4ZzLIEUefw3PJSjX0OdDxaAAGlFcY=) has send a requested to purchase acogoptic x1 from the trader "WeaponAccessories (Rolf [WEAPON ACCESSORIES])" in market zone "The Holler" (pos=<5632.000000, 32.000000, 5392.000000>).
18:51:35.968 [Market] Player "BDH Crazy22" (id=xBwUe6F0ELy8UX4ZzLIEUefw3PJSjX0OdDxaAAGlFcY=) has bought acogoptic x1 from the trader "WeaponAccessories (Rolf [WEAPON ACCESSORIES])" in market zone "The Holler" (pos=<5632.000000, 32.000000, 5392.000000>) for a price of 1300.
18:51:37.445 [Market] Player "Bog_Monster" (id=sAzfWixzA1-TNIKhVLRIVZHZX45UaBpWlaWuOFEUMag=) has send a requested to purchase twp_ammo_57x28 x100 from the trader "WeaponAccessories (Rolf [WEAPON ACCESSORIES])" in market zone "The Holler" (pos=<5632.000000, 32.000000, 5392.000000>).
18:51:37.531 [Market] Player "Bog_Monster" (id=sAzfWixzA1-TNIKhVLRIVZHZX45UaBpWlaWuOFEUMag=) has bought twp_ammo_57x28 x100 from the trader "WeaponAccessories (Rolf [WEAPON ACCESSORIES])" in market zone "The Holler" (pos=<5632.000000, 32.000000, 5392.000000>) for a price of 700.
18:51:41.140 [Market] Player "BDH Crazy22" (id=xBwUe6F0ELy8UX4ZzLIEUefw3PJSjX0OdDxaAAGlFcY=) has send a requested to purchase buisoptic x1 from the trader "WeaponAccessories (Rolf [WEAPON ACCESSORIES])" in market zone "The Holler" (pos=<5632.000000, 32.000000, 5392.000000>).
18:51:41.250 [Market] Player "BDH Crazy22" (id=xBwUe6F0ELy8UX4ZzLIEUefw3PJSjX0OdDxaAAGlFcY=) has bought buisoptic x1 from the trader "WeaponAccessories (Rolf [WEAPON ACCESSORIES])" in market zone "The Holler" (pos=<5632.000000, 32.000000, 5392.000000>) for a price of 150.
18:51:51.023 [Market] Player "Bog_Monster" (id=sAzfWixzA1-TNIKhVLRIVZHZX45UaBpWlaWuOFEUMag=) has send a requested to purchase pistolsuppressor x1 from the trader "WeaponAccessories (Rolf [WEAPON ACCESSORIES])" in market zone "The Holler" (pos=<5632.000000, 32.000000, 5392.000000>).
18:51:51.140 [Market] Player "Bog_Monster" (id=sAzfWixzA1-TNIKhVLRIVZHZX45UaBpWlaWuOFEUMag=) has bought pistolsuppressor x1 from the trader "WeaponAccessories (Rolf [WEAPON ACCESSORIES])" in market zone "The Holler" (pos=<5632.000000, 32.000000, 5392.000000>) for a price of 150.
18:52:10.085 [Market] Player "BDH Crazy22" (id=xBwUe6F0ELy8UX4ZzLIEUefw3PJSjX0OdDxaAAGlFcY=) has send a requested to purchase ammo_556x45 x100 from the trader "WeaponAccessories (Rolf [WEAPON ACCESSORIES])" in market zone "The Holler" (pos=<5632.000000, 32.000000, 5392.000000>).
18:52:10.203 [Market] Player "BDH Crazy22" (id=xBwUe6F0ELy8UX4ZzLIEUefw3PJSjX0OdDxaAAGlFcY=) has bought ammo_556x45 x100 from the trader "WeaponAccessories (Rolf [WEAPON ACCESSORIES])" in market zone "The Holler" (pos=<5632.000000, 32.000000, 5392.000000>) for a price of 200.
18:52:22.804 [Market] Player "Bog_Monster" (id=sAzfWixzA1-TNIKhVLRIVZHZX45UaBpWlaWuOFEUMag=) has send a requested to purchase expansionhamroptic x1 from the trader "WeaponAccessories (Rolf [WEAPON ACCESSORIES])" in market zone "The Holler" (pos=<5632.000000, 32.000000, 5392.000000>).
18:52:22.898 [Market] Player "Bog_Monster" (id=sAzfWixzA1-TNIKhVLRIVZHZX45UaBpWlaWuOFEUMag=) has bought expansionhamroptic x1 from the trader "WeaponAccessories (Rolf [WEAPON ACCESSORIES])" in market zone "The Holler" (pos=<5632.000000, 32.000000, 5392.000000>) for a price of 560.
18:52:24.257 [Market] Player "Bog_Monster" (id=sAzfWixzA1-TNIKhVLRIVZHZX45UaBpWlaWuOFEUMag=) has send a requested to purchase reflexoptic x1 from the trader "WeaponAccessories (Rolf [WEAPON ACCESSORIES])" in market zone "The Holler" (pos=<5632.000000, 32.000000, 5392.000000>).
18:52:24.343 [Market] Player "Bog_Monster" (id=sAzfWixzA1-TNIKhVLRIVZHZX45UaBpWlaWuOFEUMag=) has bought reflexoptic x1 from the trader "WeaponAccessories (Rolf [WEAPON ACCESSORIES])" in market zone "The Holler" (pos=<5632.000000, 32.000000, 5392.000000>) for a price of 160.
18:52:58.390 [Market] Player "Bog_Monster" (id=sAzfWixzA1-TNIKhVLRIVZHZX45UaBpWlaWuOFEUMag=) has send a requested to purchase expansiondeltapointoptic x1 from the trader "WeaponAccessories (Rolf [WEAPON ACCESSORIES])" in market zone "The Holler" (pos=<5632.000000, 32.000000, 5392.000000>).
18:52:58.523 [Market] Player "Bog_Monster" (id=sAzfWixzA1-TNIKhVLRIVZHZX45UaBpWlaWuOFEUMag=) has bought expansiondeltapointoptic x1 from the trader "WeaponAccessories (Rolf [WEAPON ACCESSORIES])" in market zone "The Holler" (pos=<5632.000000, 32.000000, 5392.000000>) for a price of 150.
18:53:16.531 [Market] Player "Bog_Monster" (id=sAzfWixzA1-TNIKhVLRIVZHZX45UaBpWlaWuOFEUMag=) has send a requested to purchase m68optic x1 from the trader "WeaponAccessories (Rolf [WEAPON ACCESSORIES])" in market zone "The Holler" (pos=<5632.000000, 32.000000, 5392.000000>).
18:53:16.656 [Market] Player "Bog_Monster" (id=sAzfWixzA1-TNIKhVLRIVZHZX45UaBpWlaWuOFEUMag=) has bought m68optic x1 from the trader "WeaponAccessories (Rolf [WEAPON ACCESSORIES])" in market zone "The Holler" (pos=<5632.000000, 32.000000, 5392.000000>) for a price of 510.
18:53:17.140 [Market] Player "Bog_Monster" (id=sAzfWixzA1-TNIKhVLRIVZHZX45UaBpWlaWuOFEUMag=) has send a requested to purchase expansionexps3holooptic x1 from the trader "WeaponAccessories (Rolf [WEAPON ACCESSORIES])" in market zone "The Holler" (pos=<5632.000000, 32.000000, 5392.000000>).
18:53:17.218 [Market] Player "Bog_Monster" (id=sAzfWixzA1-TNIKhVLRIVZHZX45UaBpWlaWuOFEUMag=) has bought expansionexps3holooptic x1 from the trader "WeaponAccessories (Rolf [WEAPON ACCESSORIES])" in market zone "The Holler" (pos=<5632.000000, 32.000000, 5392.000000>) for a price of 210.
18:53:18.164 [Market] Player "Bog_Monster" (id=sAzfWixzA1-TNIKhVLRIVZHZX45UaBpWlaWuOFEUMag=) has send a requested to purchase m4_t3nrdsoptic x1 from the trader "WeaponAccessories (Rolf [WEAPON ACCESSORIES])" in market zone "The Holler" (pos=<5632.000000, 32.000000, 5392.000000>).
18:53:18.250 [Market] Player "Bog_Monster" (id=sAzfWixzA1-TNIKhVLRIVZHZX45UaBpWlaWuOFEUMag=) has bought m4_t3nrdsoptic x1 from the trader "WeaponAccessories (Rolf [WEAPON ACCESSORIES])" in market zone "The Holler" (pos=<5632.000000, 32.000000, 5392.000000>) for a price of 510.
18:53:38.734 [Market] Player "BDH Crazy22" (id=xBwUe6F0ELy8UX4ZzLIEUefw3PJSjX0OdDxaAAGlFcY=) has send a requested to purchase mvs_combatshirt_multicam_black x1 from the trader "Clothing_Accessories (Elias [CLOTHING & ACCESSORIES])" in market zone "The Holler" (pos=<5632.000000, 32.000000, 5392.000000>).
18:53:38.820 [Market] Player "BDH Crazy22" (id=xBwUe6F0ELy8UX4ZzLIEUefw3PJSjX0OdDxaAAGlFcY=) has bought mvs_combatshirt_multicam_black x1 from the trader "Clothing_Accessories (Elias [CLOTHING & ACCESSORIES])" in market zone "The Holler" (pos=<5632.000000, 32.000000, 5392.000000>) for a price of 800.
18:54:14.648 [Market] Player "BDH Crazy22" (id=xBwUe6F0ELy8UX4ZzLIEUefw3PJSjX0OdDxaAAGlFcY=) has send a requested to purchase mvs_combatpants_multicam_black x1 from the trader "Clothing_Accessories (Elias [CLOTHING & ACCESSORIES])" in market zone "The Holler" (pos=<5632.000000, 32.000000, 5392.000000>).
18:54:14.726 [Market] Player "BDH Crazy22" (id=xBwUe6F0ELy8UX4ZzLIEUefw3PJSjX0OdDxaAAGlFcY=) has bought mvs_combatpants_multicam_black x1 from the trader "Clothing_Accessories (Elias [CLOTHING & ACCESSORIES])" in market zone "The Holler" (pos=<5632.000000, 32.000000, 5392.000000>) for a price of 2000.
18:54:41.265 [Market] Player "BDH Crazy22" (id=xBwUe6F0ELy8UX4ZzLIEUefw3PJSjX0OdDxaAAGlFcY=) has send a requested to purchase aviatorglasses x1 from the trader "Clothing_Accessories (Elias [CLOTHING & ACCESSORIES])" in market zone "The Holler" (pos=<5632.000000, 32.000000, 5392.000000>).
18:54:41.375 [Market] Player "BDH Crazy22" (id=xBwUe6F0ELy8UX4ZzLIEUefw3PJSjX0OdDxaAAGlFcY=) has bought aviatorglasses x1 from the trader "Clothing_Accessories (Elias [CLOTHING & ACCESSORIES])" in market zone "The Holler" (pos=<5632.000000, 32.000000, 5392.000000>) for a price of 40.
18:55:07.062 [VehicleCarKey] Player "Josh" (id=HAFduBzmpDN4tgqni6CFo0kwJ2aFYdhg5CPf66P8Zps= pos=<8861.009766, 38.607140, 9952.355469>) used the  ExpansionCarKey to lock ToyotaHilux_kamo (id=70B064C3284F5EEA2384949BF167D6FC pos=<8859.434570, 38.612061, 9955.129883>)
18:55:22.562 [Market] Player "BDH Crazy22" (id=xBwUe6F0ELy8UX4ZzLIEUefw3PJSjX0OdDxaAAGlFcY=) has send a requested to purchase combatboots_black x1 from the trader "Clothing_Accessories (Elias [CLOTHING & ACCESSORIES])" in market zone "The Holler" (pos=<5632.000000, 32.000000, 5392.000000>).
18:55:22.664 [Market] Player "BDH Crazy22" (id=xBwUe6F0ELy8UX4ZzLIEUefw3PJSjX0OdDxaAAGlFcY=) has bought combatboots_black x1 from the trader "Clothing_Accessories (Elias [CLOTHING & ACCESSORIES])" in market zone "The Holler" (pos=<5632.000000, 32.000000, 5392.000000>) for a price of 80.
18:55:33.679 [Safezone] Player "[ADMIN]DrKilledByDeath" (id=spMEkRl42onhFHdF_u42e0T03x2sj347kUc600NXdGA= pos=<5641.757813, 29.502888, 5407.152344>) Entered the safezone
18:56:51.195 [Market] Player "BDH Crazy22" (id=xBwUe6F0ELy8UX4ZzLIEUefw3PJSjX0OdDxaAAGlFcY=) has send a requested to sell mvs_pants_bdu x1 at the trader "Clothing_Accessories (Elias [CLOTHING & ACCESSORIES])" in market zone "The Holler" (pos=<5632.000000, 32.000000, 5392.000000>).
18:56:51.257 [Market] Player "BDH Crazy22" (id=xBwUe6F0ELy8UX4ZzLIEUefw3PJSjX0OdDxaAAGlFcY=) has sold mvs_pants_bdu x1 at the trader "Clothing_Accessories (Elias [CLOTHING & ACCESSORIES])" in market zone "The Holler" (pos=<5632.000000, 32.000000, 5392.000000>) and got 1500.
18:57:40.000 [ATM] Player "Bog_Monster" (id=sAzfWixzA1-TNIKhVLRIVZHZX45UaBpWlaWuOFEUMag=) has deposited 55754 on his ATM account.
18:57:47.945 [ATM] Player "BDH Crazy22" (id=xBwUe6F0ELy8UX4ZzLIEUefw3PJSjX0OdDxaAAGlFcY=) has deposited 714602 on his ATM account.
18:57:54.656 [ATM] Player "Bog_Monster" (id=sAzfWixzA1-TNIKhVLRIVZHZX45UaBpWlaWuOFEUMag=) has deposited 100000 on his ATM account.
18:59:11.429 [VehicleAttachments] Player Bog_Monster (uid=sAzfWixzA1-TNIKhVLRIVZHZX45UaBpWlaWuOFEUMag=) detached Jerrycan (type=CanisterGasoline) from vehicle MUSTANG Rust (id=92A707090D4129E37B3D3BA07C778A3F pos=<5601.251953, 28.769739, 5358.027832>)
19:00:43.796 [VehicleEnter] Player BDH Crazy22 [uid=xBwUe6F0ELy8UX4ZzLIEUefw3PJSjX0OdDxaAAGlFcY=] entered vehicle MUSTANG Rust  (id=92A707090D4129E37B3D3BA07C778A3F pos=<5601.251953, 28.769739, 5358.027832>) as driver
19:00:45.500 [VehicleEngine] Player BDH Crazy22 [uid=xBwUe6F0ELy8UX4ZzLIEUefw3PJSjX0OdDxaAAGlFcY=] started vehicle MUSTANG Rust  (id=92A707090D4129E37B3D3BA07C778A3F pos=<5601.251953, 28.769739, 5358.027832>)
19:00:49.101 [VehicleEngine] Player BDH Crazy22 [uid=xBwUe6F0ELy8UX4ZzLIEUefw3PJSjX0OdDxaAAGlFcY=] started vehicle MUSTANG Rust  (id=92A707090D4129E37B3D3BA07C778A3F pos=<5601.251953, 28.769741, 5358.027832>)
19:00:53.460 [VehicleLeave] Player BDH Crazy22 [uid=xBwUe6F0ELy8UX4ZzLIEUefw3PJSjX0OdDxaAAGlFcY=] left vehicle MUSTANG Rust  (id=92A707090D4129E37B3D3BA07C778A3F pos=<5601.251953, 28.769739, 5358.027832>)
19:01:30.507 [VehicleEnter] Player BDH Crazy22 [uid=xBwUe6F0ELy8UX4ZzLIEUefw3PJSjX0OdDxaAAGlFcY=] entered vehicle MUSTANG Rust  (id=92A707090D4129E37B3D3BA07C778A3F pos=<5601.251953, 28.769739, 5358.027832>) as driver
19:01:33.515 [VehicleEnter] Player Bog_Monster [uid=sAzfWixzA1-TNIKhVLRIVZHZX45UaBpWlaWuOFEUMag=] entered vehicle MUSTANG Rust  (id=92A707090D4129E37B3D3BA07C778A3F pos=<5601.251953, 28.769739, 5358.027832>) as passenger
19:01:35.046 [VehicleEngine] Player BDH Crazy22 [uid=xBwUe6F0ELy8UX4ZzLIEUefw3PJSjX0OdDxaAAGlFcY=] started vehicle MUSTANG Rust  (id=92A707090D4129E37B3D3BA07C778A3F pos=<5601.251953, 28.769741, 5358.027832>)
19:02:12.242 [Safezone] Player "Bog_Monster" (id=sAzfWixzA1-TNIKhVLRIVZHZX45UaBpWlaWuOFEUMag= pos=<5738.946289, 25.429588, 5206.485352>) Left the safezone
19:02:13.078 [Safezone] Player "BDH Crazy22" (id=xBwUe6F0ELy8UX4ZzLIEUefw3PJSjX0OdDxaAAGlFcY= pos=<5758.474609, 24.664133, 5201.435059>) Left the safezone
19:02:44.453 [VehicleLeave] Player BDH Crazy22 [uid=xBwUe6F0ELy8UX4ZzLIEUefw3PJSjX0OdDxaAAGlFcY=] left vehicle MUSTANG Rust  (id=92A707090D4129E37B3D3BA07C778A3F pos=<6300.720703, 24.041084, 5400.604492>)
19:02:48.242 [VehicleLeave] Player Bog_Monster [uid=sAzfWixzA1-TNIKhVLRIVZHZX45UaBpWlaWuOFEUMag=] left vehicle MUSTANG Rust  (id=92A707090D4129E37B3D3BA07C778A3F pos=<6300.720703, 24.041046, 5400.604492>)
19:03:05.500 [VehicleAttachments] Player BDH Crazy22 (uid=xBwUe6F0ELy8UX4ZzLIEUefw3PJSjX0OdDxaAAGlFcY=) detached MUSTANG Wheel (type=MUSTANG_Wheel) from vehicle MUSTANG Rust (id=92A707090D4129E37B3D3BA07C778A3F pos=<6300.720703, 24.041046, 5400.604492>)
19:03:12.359 [VehicleAttachments] Player BDH Crazy22 (uid=xBwUe6F0ELy8UX4ZzLIEUefw3PJSjX0OdDxaAAGlFcY=) detached MUSTANG Wheel (type=MUSTANG_Wheel) from vehicle MUSTANG Rust (id=92A707090D4129E37B3D3BA07C778A3F pos=<6300.720703, 24.041082, 5400.604980>)
19:03:16.796 [VehicleAttachments] Player BDH Crazy22 (uid=xBwUe6F0ELy8UX4ZzLIEUefw3PJSjX0OdDxaAAGlFcY=) detached MUSTANG Wheel (type=MUSTANG_Wheel) from vehicle MUSTANG Rust (id=92A707090D4129E37B3D3BA07C778A3F pos=<6300.720703, 24.041088, 5400.604980>)
19:03:53.890 [VehicleAttachments] Player BDH Crazy22 (uid=xBwUe6F0ELy8UX4ZzLIEUefw3PJSjX0OdDxaAAGlFcY=) detached MUSTANG Rust  Hood (type=MUSTANG_Doors_hood_rust) from vehicle MUSTANG Rust (id=92A707090D4129E37B3D3BA07C778A3F pos=<6300.720703, 24.040726, 5400.604004>)
19:04:03.929 [VehicleAttachments] Player BDH Crazy22 (uid=xBwUe6F0ELy8UX4ZzLIEUefw3PJSjX0OdDxaAAGlFcY=) detached BK-133 (type=Mp133Shotgun) from vehicle MUSTANG Rust (id=92A707090D4129E37B3D3BA07C778A3F pos=<6300.720703, 24.040726, 5400.604004>)
19:05:03.898 [Chat - Global]("BDH Crazy22"(id=xBwUe6F0ELy8UX4ZzLIEUefw3PJSjX0OdDxaAAGlFcY=)): can i get a flip
19:05:14.171 [Chat - Global]("[ADMIN]DrKilledByDeath"(id=spMEkRl42onhFHdF_u42e0T03x2sj347kUc600NXdGA=)): on my way
19:05:28.078 [VehicleEnter] Player [ADMIN]DrKilledByDeath [uid=spMEkRl42onhFHdF_u42e0T03x2sj347kUc600NXdGA=] entered vehicle MUSTANG Rust  (id=92A707090D4129E37B3D3BA07C778A3F pos=<6300.720703, 24.040726, 5400.604004>) as passenger
19:05:31.828 [Safezone] Player "[ADMIN]DrKilledByDeath" (id=spMEkRl42onhFHdF_u42e0T03x2sj347kUc600NXdGA= pos=<6299.880371, 23.208302, 5400.698730>) Left the safezone
19:05:36.585 [VehicleLeave] Player [ADMIN]DrKilledByDeath [uid=spMEkRl42onhFHdF_u42e0T03x2sj347kUc600NXdGA=] left vehicle MUSTANG Rust  (id=92A707090D4129E37B3D3BA07C778A3F pos=<6299.484863, 22.688787, 5400.974121>)
19:05:42.250 [Chat - Global]("[ADMIN]DrKilledByDeath"(id=spMEkRl42onhFHdF_u42e0T03x2sj347kUc600NXdGA=)): i do what i can lol
19:05:47.445 [Chat - Global]("[ADMIN]DrKilledByDeath"(id=spMEkRl42onhFHdF_u42e0T03x2sj347kUc600NXdGA=)): right!?
19:05:52.835 [VehicleEnter] Player BDH Crazy22 [uid=xBwUe6F0ELy8UX4ZzLIEUefw3PJSjX0OdDxaAAGlFcY=] entered vehicle MUSTANG Rust  (id=92A707090D4129E37B3D3BA07C778A3F pos=<6299.122559, 22.710127, 5400.358398>) as driver
19:05:54.851 [VehicleLeave] Player BDH Crazy22 [uid=xBwUe6F0ELy8UX4ZzLIEUefw3PJSjX0OdDxaAAGlFcY=] left vehicle MUSTANG Rust  (id=92A707090D4129E37B3D3BA07C778A3F pos=<6298.484863, 22.515610, 5398.172363>)
19:06:04.554 [VehicleEnter] Player BDH Crazy22 [uid=xBwUe6F0ELy8UX4ZzLIEUefw3PJSjX0OdDxaAAGlFcY=] entered vehicle MUSTANG Rust  (id=92A707090D4129E37B3D3BA07C778A3F pos=<6298.424805, 22.485893, 5397.740234>) as driver
19:06:06.250 [Chat - Global]("[ADMIN]DrKilledByDeath"(id=spMEkRl42onhFHdF_u42e0T03x2sj347kUc600NXdGA=)): thank you ;)
19:06:07.296 [VehicleEngine] Player BDH Crazy22 [uid=xBwUe6F0ELy8UX4ZzLIEUefw3PJSjX0OdDxaAAGlFcY=] started vehicle MUSTANG Rust  (id=92A707090D4129E37B3D3BA07C778A3F pos=<6298.424805, 22.485899, 5397.740234>)
19:06:11.039 [VehicleEnter] Player Bog_Monster [uid=sAzfWixzA1-TNIKhVLRIVZHZX45UaBpWlaWuOFEUMag=] entered vehicle MUSTANG Rust  (id=92A707090D4129E37B3D3BA07C778A3F pos=<6298.424805, 22.485891, 5397.740234>) as passenger
19:06:55.742 [Safezone] Player "[ADMIN]DrKilledByDeath" (id=spMEkRl42onhFHdF_u42e0T03x2sj347kUc600NXdGA= pos=<5639.967285, 35.878723, 5398.936035>) Entered the safezone
19:11:04.484 [Safezone] Player "[ADMIN]DrKilledByDeath" (id=spMEkRl42onhFHdF_u42e0T03x2sj347kUc600NXdGA= pos=<6087.551270, 21.530790, 4998.254395>) Left the safezone
19:11:18.804 [AI Patrol] Spawning 2 Shamans bots at <4558.240234, 32.222260, 11713.089844>
19:12:18.367 [VehicleLeave] Player BDH Crazy22 [uid=xBwUe6F0ELy8UX4ZzLIEUefw3PJSjX0OdDxaAAGlFcY=] left vehicle MUSTANG Rust  (id=92A707090D4129E37B3D3BA07C778A3F pos=<4164.174805, 7.731132, 10696.467773>)
19:12:36.125 [VehicleLeave] Player Bog_Monster [uid=sAzfWixzA1-TNIKhVLRIVZHZX45UaBpWlaWuOFEUMag=] left vehicle MUSTANG Rust  (id=92A707090D4129E37B3D3BA07C778A3F pos=<4164.174805, 7.731142, 10696.467773>)
19:12:47.710 [VehicleEnter] Player BDH Crazy22 [uid=xBwUe6F0ELy8UX4ZzLIEUefw3PJSjX0OdDxaAAGlFcY=] entered vehicle MUSTANG Rust  (id=92A707090D4129E37B3D3BA07C778A3F pos=<4164.174805, 7.731140, 10696.467773>) as driver
19:12:49.585 [VehicleEnter] Player Bog_Monster [uid=sAzfWixzA1-TNIKhVLRIVZHZX45UaBpWlaWuOFEUMag=] entered vehicle MUSTANG Rust  (id=92A707090D4129E37B3D3BA07C778A3F pos=<4164.174805, 7.731133, 10696.467773>) as passenger
19:12:50.679 [VehicleEngine] Player BDH Crazy22 [uid=xBwUe6F0ELy8UX4ZzLIEUefw3PJSjX0OdDxaAAGlFcY=] started vehicle MUSTANG Rust  (id=92A707090D4129E37B3D3BA07C778A3F pos=<4164.174805, 7.731133, 10696.467773>)
19:13:58.148 [VehicleLeave] Player BDH Crazy22 [uid=xBwUe6F0ELy8UX4ZzLIEUefw3PJSjX0OdDxaAAGlFcY=] left vehicle MUSTANG Rust  (id=92A707090D4129E37B3D3BA07C778A3F pos=<4423.432617, 7.874501, 11822.102539>)
19:14:00.687 [VehicleLeave] Player Bog_Monster [uid=sAzfWixzA1-TNIKhVLRIVZHZX45UaBpWlaWuOFEUMag=] left vehicle MUSTANG Rust  (id=92A707090D4129E37B3D3BA07C778A3F pos=<4423.432617, 7.874492, 11822.102539>)
19:19:30.859 [VehicleEnter] Player BDH Crazy22 [uid=xBwUe6F0ELy8UX4ZzLIEUefw3PJSjX0OdDxaAAGlFcY=] entered vehicle MUSTANG Rust  (id=92A707090D4129E37B3D3BA07C778A3F pos=<4423.432617, 7.874498, 11822.102539>) as driver
19:19:35.460 [VehicleEngine] Player BDH Crazy22 [uid=xBwUe6F0ELy8UX4ZzLIEUefw3PJSjX0OdDxaAAGlFcY=] started vehicle MUSTANG Rust  (id=92A707090D4129E37B3D3BA07C778A3F pos=<4423.432617, 7.874496, 11822.102539>)
19:19:55.757 [VehicleEnter] Player Bog_Monster [uid=sAzfWixzA1-TNIKhVLRIVZHZX45UaBpWlaWuOFEUMag=] entered vehicle MUSTANG Rust  (id=92A707090D4129E37B3D3BA07C778A3F pos=<4424.905273, 7.997189, 11810.620117>) as passenger
19:21:12.234 [VehicleLeave] Player Bog_Monster [uid=sAzfWixzA1-TNIKhVLRIVZHZX45UaBpWlaWuOFEUMag=] left vehicle MUSTANG Rust  (id=92A707090D4129E37B3D3BA07C778A3F pos=<4433.417969, 5.146314, 12392.824219>)
19:21:25.148 [VehicleLeave] Player BDH Crazy22 [uid=xBwUe6F0ELy8UX4ZzLIEUefw3PJSjX0OdDxaAAGlFcY=] left vehicle MUSTANG Rust  (id=92A707090D4129E37B3D3BA07C778A3F pos=<4433.417969, 5.146313, 12392.824219>)
19:21:29.085 [VehicleEnter] Player BDH Crazy22 [uid=xBwUe6F0ELy8UX4ZzLIEUefw3PJSjX0OdDxaAAGlFcY=] entered vehicle MUSTANG Rust  (id=92A707090D4129E37B3D3BA07C778A3F pos=<4433.417969, 5.146313, 12392.824219>) as driver
19:21:31.414 [VehicleEngine] Player BDH Crazy22 [uid=xBwUe6F0ELy8UX4ZzLIEUefw3PJSjX0OdDxaAAGlFcY=] started vehicle MUSTANG Rust  (id=92A707090D4129E37B3D3BA07C778A3F pos=<4433.417969, 5.146313, 12392.824219>)
19:21:40.867 [VehicleLeave] Player BDH Crazy22 [uid=xBwUe6F0ELy8UX4ZzLIEUefw3PJSjX0OdDxaAAGlFcY=] left vehicle MUSTANG Rust  (id=92A707090D4129E37B3D3BA07C778A3F pos=<4439.073242, 5.071869, 12402.373047>)
19:30:34.945 [Party] Player "Bog_Monster" (id=sAzfWixzA1-TNIKhVLRIVZHZX45UaBpWlaWuOFEUMag=) left the party "noobs" (id=27 ownerUID=xBwUe6F0ELy8UX4ZzLIEUefw3PJSjX0OdDxaAAGlFcY= ownerName=BDH Crazy22)
19:32:01.835 [Party] Player "Bog_Monster" (id=sAzfWixzA1-TNIKhVLRIVZHZX45UaBpWlaWuOFEUMag=) joinded the party "noobs" (id=27 ownerUID=xBwUe6F0ELy8UX4ZzLIEUefw3PJSjX0OdDxaAAGlFcY= ownerName=BDH Crazy22)
19:43:13.968 [Territory] Player "Josh" (id=HAFduBzmpDN4tgqni6CFo0kwJ2aFYdhg5CPf66P8Zps=) created territory Tegridy Farm at <8845.482422, 38.553478, 9946.964844>
19:43:35.328 [VehicleCarKey] Player "Bog_Monster" (id=sAzfWixzA1-TNIKhVLRIVZHZX45UaBpWlaWuOFEUMag= pos=<4437.592285, 4.984149, 12404.196289>) used the  ExpansionCarKey to unlock ToyotaHilux_rust (id=BF6E8D97294C6ADFDDE6E98CD6C8728B pos=<4437.207520, 4.936939, 12405.946289>)
19:44:37.921 [VehicleAttachments] Player Bog_Monster (uid=sAzfWixzA1-TNIKhVLRIVZHZX45UaBpWlaWuOFEUMag=) detached Wooden Crate (type=WoodenCrate) from vehicle ToyotaHilux rust(id=BF6E8D97294C6ADFDDE6E98CD6C8728B pos=<4437.207520, 4.936939, 12405.946289>)
19:45:54.390 [VehicleCarKey] Player "Bog_Monster" (id=sAzfWixzA1-TNIKhVLRIVZHZX45UaBpWlaWuOFEUMag= pos=<4437.011719, 4.903818, 12407.832031>) used the  ExpansionCarKey to lock ToyotaHilux_rust (id=BF6E8D97294C6ADFDDE6E98CD6C8728B pos=<4437.207520, 4.936939, 12405.946289>)
19:50:28.539 [VehicleEnter] Player BDH Crazy22 [uid=xBwUe6F0ELy8UX4ZzLIEUefw3PJSjX0OdDxaAAGlFcY=] entered vehicle MUSTANG Rust  (id=92A707090D4129E37B3D3BA07C778A3F pos=<4439.073242, 5.071849, 12402.373047>) as driver
19:50:58.054 [VehicleLeave] Player BDH Crazy22 [uid=xBwUe6F0ELy8UX4ZzLIEUefw3PJSjX0OdDxaAAGlFcY=] left vehicle MUSTANG Rust  (id=92A707090D4129E37B3D3BA07C778A3F pos=<4439.073242, 5.071861, 12402.373047>)
20:00:09.007 [BaseRaiding] ExpansionWall6x3 (<8844.354492, 38.553951, 9951.425781>) Code set by player "Josh" (ID = "HAFduBzmpDN4tgqni6CFo0kwJ2aFYdhg5CPf66P8Zps=" at <8843.876953, 38.567760, 9950.161133>) and the code is 072969
20:06:24.179 [Party] Player "MaxCaliber" (id=s7vJf2NuCNme1MUM_sgLr2G3yzcxYg10pO0s-GAKExM=) joinded the party "Dirty Crew" (id=23 ownerUID=VsEWQWxzvcTpDLQgc9tVyxq5TiqDS9O3QehdBa_YkH8= ownerName=Condom Breath)
20:09:15.281 [AI Patrol] Spawning 1 Shamans bots at <3821.439209, 31.066420, 6799.189453>
20:11:28.187 [VehicleCarKey] Player "Josh" (id=HAFduBzmpDN4tgqni6CFo0kwJ2aFYdhg5CPf66P8Zps= pos=<8861.144531, 38.607174, 9951.854492>) used the  ExpansionCarKey to unlock ToyotaHilux_kamo (id=70B064C3284F5EEA2384949BF167D6FC pos=<8859.434570, 38.612061, 9955.129883>)
20:11:34.554 [VehicleEnter] Player Josh [uid=HAFduBzmpDN4tgqni6CFo0kwJ2aFYdhg5CPf66P8Zps=] entered vehicle ToyotaHilux Camo (id=70B064C3284F5EEA2384949BF167D6FC pos=<8859.433594, 38.612057, 9955.129883>) as driver
20:11:38.617 [VehicleEngine] Player Josh [uid=HAFduBzmpDN4tgqni6CFo0kwJ2aFYdhg5CPf66P8Zps=] started vehicle ToyotaHilux Camo (id=70B064C3284F5EEA2384949BF167D6FC pos=<8859.432617, 38.612064, 9955.129883>)
20:11:51.234 [VehicleLeave] Player Josh [uid=HAFduBzmpDN4tgqni6CFo0kwJ2aFYdhg5CPf66P8Zps=] left vehicle ToyotaHilux Camo (id=70B064C3284F5EEA2384949BF167D6FC pos=<8864.888672, 37.981083, 9938.584961>)
20:12:02.132 [VehicleEnter] Player Josh [uid=HAFduBzmpDN4tgqni6CFo0kwJ2aFYdhg5CPf66P8Zps=] entered vehicle ToyotaHilux Camo (id=70B064C3284F5EEA2384949BF167D6FC pos=<8864.890625, 37.981659, 9938.585938>) as driver
20:12:05.078 [VehicleEngine] Player Josh [uid=HAFduBzmpDN4tgqni6CFo0kwJ2aFYdhg5CPf66P8Zps=] started vehicle ToyotaHilux Camo (id=70B064C3284F5EEA2384949BF167D6FC pos=<8864.890625, 37.982159, 9938.585938>)
20:12:31.742 [Party] Player "Lou Sassole" (id=ebo0O4yOjYkK486s9SoqLuFc3tRe1vP1S2eE1IJxhV4=) joinded the party "Loosey Goosey" (id=28 ownerUID=ebo0O4yOjYkK486s9SoqLuFc3tRe1vP1S2eE1IJxhV4= ownerName=Lou Sassole)
20:12:57.804 [VehicleCarKey] Player "Lou Sassole" (id=ebo0O4yOjYkK486s9SoqLuFc3tRe1vP1S2eE1IJxhV4= pos=<7409.288086, 31.991323, 2851.733398>) used the  ExpansionCarKey to unlock AZLK_rust (id=6ED7D39A2447DF0C4422C780DEA920B1 pos=<7406.742676, 33.725388, 2849.361084>)
20:13:28.687 [VehicleCarKey] Player "Lou Sassole" (id=ebo0O4yOjYkK486s9SoqLuFc3tRe1vP1S2eE1IJxhV4= pos=<7409.840820, 31.975573, 2851.983398>) used the  ExpansionCarKey to lock AZLK_rust (id=6ED7D39A2447DF0C4422C780DEA920B1 pos=<7406.742676, 33.725388, 2849.361084>)
20:14:01.929 [Chat - Global]("Lou Sassole"(id=ebo0O4yOjYkK486s9SoqLuFc3tRe1vP1S2eE1IJxhV4=)): anyone around that can help a brother out? flipped my car and need a push to flip it back over
20:14:07.921 [VehicleCarKey] Player "Lou Sassole" (id=ebo0O4yOjYkK486s9SoqLuFc3tRe1vP1S2eE1IJxhV4= pos=<7408.956543, 31.998976, 2851.644775>) used the  ExpansionCarKey to unlock AZLK_rust (id=6ED7D39A2447DF0C4422C780DEA920B1 pos=<7406.742676, 33.725388, 2849.361084>)
20:14:15.375 [Chat - Global]("BDH Crazy22"(id=xBwUe6F0ELy8UX4ZzLIEUefw3PJSjX0OdDxaAAGlFcY=)): what you need man
20:14:17.695 [VehicleCarKey] Player "Lou Sassole" (id=ebo0O4yOjYkK486s9SoqLuFc3tRe1vP1S2eE1IJxhV4= pos=<7408.890137, 31.991259, 2851.935303>) used the  ExpansionCarKey to lock AZLK_rust (id=6ED7D39A2447DF0C4422C780DEA920B1 pos=<7406.742676, 33.725388, 2849.361084>)
20:14:32.640 [Chat - Global]("Lou Sassole"(id=ebo0O4yOjYkK486s9SoqLuFc3tRe1vP1S2eE1IJxhV4=)): i need a push from a car to flip my car over
20:14:40.757 [Chat - Global]("Lou Sassole"(id=ebo0O4yOjYkK486s9SoqLuFc3tRe1vP1S2eE1IJxhV4=)): i'm just north of ashville
20:14:41.593 [Chat - Global]("BDH Crazy22"(id=xBwUe6F0ELy8UX4ZzLIEUefw3PJSjX0OdDxaAAGlFcY=)): where you at?
20:14:43.273 [Chat - Global]("[ADMIN]DrKilledByDeath"(id=spMEkRl42onhFHdF_u42e0T03x2sj347kUc600NXdGA=)): ill come do it before i jump off for a bit
20:14:55.671 [VehicleLeave] Player Josh [uid=HAFduBzmpDN4tgqni6CFo0kwJ2aFYdhg5CPf66P8Zps=] left vehicle ToyotaHilux Camo (id=70B064C3284F5EEA2384949BF167D6FC pos=<8340.567383, 5.134764, 9421.900391>)
20:14:58.609 [Chat - Global]("Lou Sassole"(id=ebo0O4yOjYkK486s9SoqLuFc3tRe1vP1S2eE1IJxhV4=)): oh ty DR!
20:15:23.757 [AdminTools] Player "[ADMIN]DrKilledByDeath" (id=spMEkRl42onhFHdF_u42e0T03x2sj347kUc600NXdGA= pos=<7407.674316, 32.139126, 2847.614258>) used the  ExpansionCarAdminKey to unlock AZLK_rust (id=6ED7D39A2447DF0C4422C780DEA920B1 pos=<7406.742676, 33.725388, 2849.361084>)
20:15:29.281 [VehicleEnter] Player [ADMIN]DrKilledByDeath [uid=spMEkRl42onhFHdF_u42e0T03x2sj347kUc600NXdGA=] entered vehicle MOSKVICH 2140 (id=6ED7D39A2447DF0C4422C780DEA920B1 pos=<7406.742676, 33.725388, 2849.361084>) as passenger
20:15:35.031 [VehicleLeave] Player [ADMIN]DrKilledByDeath [uid=spMEkRl42onhFHdF_u42e0T03x2sj347kUc600NXdGA=] left vehicle MOSKVICH 2140 (id=6ED7D39A2447DF0C4422C780DEA920B1 pos=<7407.165527, 32.085682, 2849.227783>)
20:15:47.031 [Chat - Global]("[ADMIN]DrKilledByDeath"(id=spMEkRl42onhFHdF_u42e0T03x2sj347kUc600NXdGA=)): darm right
20:15:58.734 [Chat - Global]("[ADMIN]DrKilledByDeath"(id=spMEkRl42onhFHdF_u42e0T03x2sj347kUc600NXdGA=)): awe hell yes. im near toronto
20:16:15.578 [Chat - Global]("[ADMIN]DrKilledByDeath"(id=spMEkRl42onhFHdF_u42e0T03x2sj347kUc600NXdGA=)): cool! i know the area well from my paintball days lol
20:16:18.187 [VehicleCover] Player "FARRIS" (id=Wzy9-i_cgozd3AtiPGeDiPs6j9tHWluwI6ggAhe7Q-Q= pos=<4254.331543, 20.576660, 7271.175781>) uncovered vehicle "BMW_X5_red" (GlobalID=8000000080000000800000008000A2BE pos=<4256.885254, 20.457853, 7272.340332>)!
20:16:30.742 [VehicleCarKey] Player "FARRIS" (id=Wzy9-i_cgozd3AtiPGeDiPs6j9tHWluwI6ggAhe7Q-Q= pos=<4253.584961, 20.462500, 7271.996582>) used the  ExpansionCarKey to unlock BMW_X5_red (id=7FE0A6E28948BECDBE600DA7759D2992 pos=<4256.884277, 20.457853, 7272.338379>)
20:16:34.804 [Chat - Global]("[ADMIN]DrKilledByDeath"(id=spMEkRl42onhFHdF_u42e0T03x2sj347kUc600NXdGA=)): no worries, always happy to assist. see ya soon
20:16:48.601 [VehicleEnter] Player Lou Sassole [uid=ebo0O4yOjYkK486s9SoqLuFc3tRe1vP1S2eE1IJxhV4=] entered vehicle MOSKVICH 2140 (id=6ED7D39A2447DF0C4422C780DEA920B1 pos=<7407.445801, 32.041092, 2850.050293>) as driver
20:16:52.546 [VehicleEngine] Player Lou Sassole [uid=ebo0O4yOjYkK486s9SoqLuFc3tRe1vP1S2eE1IJxhV4=] started vehicle MOSKVICH 2140 (id=6ED7D39A2447DF0C4422C780DEA920B1 pos=<7409.619141, 31.903137, 2853.495850>)
20:17:02.328 [VehicleEnter] Player FARRIS [uid=Wzy9-i_cgozd3AtiPGeDiPs6j9tHWluwI6ggAhe7Q-Q=] entered vehicle BMW X5 Red (id=7FE0A6E28948BECDBE600DA7759D2992 pos=<4256.884277, 20.457855, 7272.338379>) as driver
20:17:03.859 [VehicleEngine] Player FARRIS [uid=Wzy9-i_cgozd3AtiPGeDiPs6j9tHWluwI6ggAhe7Q-Q=] started vehicle BMW X5 Red (id=7FE0A6E28948BECDBE600DA7759D2992 pos=<4256.884277, 20.457853, 7272.338379>)
20:17:07.296 [VehicleLeave] Player FARRIS [uid=Wzy9-i_cgozd3AtiPGeDiPs6j9tHWluwI6ggAhe7Q-Q=] left vehicle BMW X5 Red (id=7FE0A6E28948BECDBE600DA7759D2992 pos=<4256.884277, 20.457853, 7272.338379>)
20:17:10.796 [VehicleEnter] Player FARRIS [uid=Wzy9-i_cgozd3AtiPGeDiPs6j9tHWluwI6ggAhe7Q-Q=] entered vehicle BMW X5 Red (id=7FE0A6E28948BECDBE600DA7759D2992 pos=<4256.884277, 20.457853, 7272.338379>) as driver
20:17:14.078 [VehicleLeave] Player FARRIS [uid=Wzy9-i_cgozd3AtiPGeDiPs6j9tHWluwI6ggAhe7Q-Q=] left vehicle BMW X5 Red (id=7FE0A6E28948BECDBE600DA7759D2992 pos=<4256.884277, 20.457853, 7272.338379>)
20:19:31.320 [AI Patrol] Spawning 3 Shamans bots at <4830.271484, 83.659348, 3295.023438>
20:20:27.164 [AI Patrol] Spawning 1 Shamans bots at <4417.813965, 12.473595, 4121.070801>
20:22:02.867 [AI Patrol] Spawning 3 Paris Island Patrol bots at <3168.835938, 22.417461, 4261.458984>
20:22:24.578 [AI Patrol] Spawning 3 KMUC Patrol bots at <7062.832031, 573.359985, 11625.584961>
20:22:41.039 [AI Patrol] Spawning 3 KMUC Patrol bots at <7224.200195, 603.809143, 11759.217773>
20:22:45.757 [VehicleEngine] Player Lou Sassole [uid=ebo0O4yOjYkK486s9SoqLuFc3tRe1vP1S2eE1IJxhV4=] stopped vehicle MOSKVICH 2140 (id=6ED7D39A2447DF0C4422C780DEA920B1 pos=<3959.540283, 24.849041, 4810.035156>)
20:22:52.046 [VehicleLeave] Player Lou Sassole [uid=ebo0O4yOjYkK486s9SoqLuFc3tRe1vP1S2eE1IJxhV4=] left vehicle MOSKVICH 2140 (id=6ED7D39A2447DF0C4422C780DEA920B1 pos=<3959.540283, 24.849045, 4810.032715>)
20:22:56.328 [VehicleCarKey] Player "Lou Sassole" (id=ebo0O4yOjYkK486s9SoqLuFc3tRe1vP1S2eE1IJxhV4= pos=<3957.820068, 24.853666, 4809.621094>) used the  ExpansionCarKey to lock AZLK_rust (id=6ED7D39A2447DF0C4422C780DEA920B1 pos=<3959.540283, 24.849045, 4810.032227>)
20:22:57.968 [VehicleCarKey] Player "Lou Sassole" (id=ebo0O4yOjYkK486s9SoqLuFc3tRe1vP1S2eE1IJxhV4= pos=<3958.848877, 24.923840, 4807.197266>) used the  ExpansionCarKey to unlock AZLK_rust (id=6ED7D39A2447DF0C4422C780DEA920B1 pos=<3959.540283, 24.849045, 4810.032227>)
20:23:18.648 [VehicleCarKey] Player "Lou Sassole" (id=ebo0O4yOjYkK486s9SoqLuFc3tRe1vP1S2eE1IJxhV4= pos=<3958.432617, 24.853598, 4806.453125>) used the  ExpansionCarKey to lock AZLK_rust (id=6ED7D39A2447DF0C4422C780DEA920B1 pos=<3959.540283, 24.849045, 4810.032227>)
20:23:33.179 [AI Patrol] Spawning 3 KMUC Patrol bots at <7205.921875, 507.414001, 11624.175781>
20:23:39.984 [AI Patrol] Spawning 3 KMUC Patrol bots at <7113.297363, 617.581238, 11527.486328>
20:23:47.343 [AI Patrol] Spawning 3 KMUC Patrol bots at <7250.807617, 519.315613, 11572.580078>
20:23:49.710 [AI Patrol] Spawning 3 KMUC Patrol bots at <7171.504395, 601.816345, 11513.903320>
20:25:46.250 [VehicleCarKey] Player "Lou Sassole" (id=ebo0O4yOjYkK486s9SoqLuFc3tRe1vP1S2eE1IJxhV4= pos=<3958.134277, 24.853600, 4806.836426>) used the  ExpansionCarKey to unlock AZLK_rust (id=6ED7D39A2447DF0C4422C780DEA920B1 pos=<3959.540283, 24.849045, 4810.032227>)
20:26:07.828 [VehicleEnter] Player Josh [uid=HAFduBzmpDN4tgqni6CFo0kwJ2aFYdhg5CPf66P8Zps=] entered vehicle ToyotaHilux Camo (id=70B064C3284F5EEA2384949BF167D6FC pos=<8340.571289, 5.134748, 9421.900391>) as driver
20:26:12.968 [VehicleEngine] Player Josh [uid=HAFduBzmpDN4tgqni6CFo0kwJ2aFYdhg5CPf66P8Zps=] started vehicle ToyotaHilux Camo (id=70B064C3284F5EEA2384949BF167D6FC pos=<8340.568359, 5.134762, 9421.900391>)
20:26:39.781 [VehicleCarKey] Player "Lou Sassole" (id=ebo0O4yOjYkK486s9SoqLuFc3tRe1vP1S2eE1IJxhV4= pos=<3958.860596, 24.853584, 4806.654297>) used the  ExpansionCarKey to lock AZLK_rust (id=6ED7D39A2447DF0C4422C780DEA920B1 pos=<3959.540283, 24.849045, 4810.032227>)
20:28:34.609 [Chat - Global]("Lou Sassole"(id=ebo0O4yOjYkK486s9SoqLuFc3tRe1vP1S2eE1IJxhV4=)): anyone know if there are greenhouse kits or planter boxes that can be crafted for growing?
20:29:00.742 [VehicleEnter] Player FARRIS [uid=Wzy9-i_cgozd3AtiPGeDiPs6j9tHWluwI6ggAhe7Q-Q=] entered vehicle BMW X5 Red (id=7FE0A6E28948BECDBE600DA7759D2992 pos=<4256.884277, 20.457853, 7272.338379>) as driver
20:29:02.171 [VehicleEngine] Player FARRIS [uid=Wzy9-i_cgozd3AtiPGeDiPs6j9tHWluwI6ggAhe7Q-Q=] started vehicle BMW X5 Red (id=7FE0A6E28948BECDBE600DA7759D2992 pos=<4256.884277, 20.457853, 7272.338379>)
20:29:03.656 [VehicleLeave] Player Josh [uid=HAFduBzmpDN4tgqni6CFo0kwJ2aFYdhg5CPf66P8Zps=] left vehicle ToyotaHilux Camo (id=70B064C3284F5EEA2384949BF167D6FC pos=<8865.538086, 37.786552, 9937.868164>)
20:29:18.367 [VehicleEnter] Player Josh [uid=HAFduBzmpDN4tgqni6CFo0kwJ2aFYdhg5CPf66P8Zps=] entered vehicle ToyotaHilux Camo (id=70B064C3284F5EEA2384949BF167D6FC pos=<8865.540039, 37.785931, 9937.867188>) as driver
20:29:20.984 [VehicleEngine] Player Josh [uid=HAFduBzmpDN4tgqni6CFo0kwJ2aFYdhg5CPf66P8Zps=] started vehicle ToyotaHilux Camo (id=70B064C3284F5EEA2384949BF167D6FC pos=<8865.537109, 37.785690, 9937.867188>)
20:29:34.953 [VehicleEngine] Player Josh [uid=HAFduBzmpDN4tgqni6CFo0kwJ2aFYdhg5CPf66P8Zps=] stopped vehicle ToyotaHilux Camo (id=70B064C3284F5EEA2384949BF167D6FC pos=<8859.562500, 38.612053, 9955.200195>)
20:29:38.632 [VehicleLeave] Player Josh [uid=HAFduBzmpDN4tgqni6CFo0kwJ2aFYdhg5CPf66P8Zps=] left vehicle ToyotaHilux Camo (id=70B064C3284F5EEA2384949BF167D6FC pos=<8859.564453, 38.612041, 9955.200195>)
20:31:15.742 [VehicleLeave] Player FARRIS [uid=Wzy9-i_cgozd3AtiPGeDiPs6j9tHWluwI6ggAhe7Q-Q=] left vehicle BMW X5 Red (id=7FE0A6E28948BECDBE600DA7759D2992 pos=<3712.835449, 20.851782, 6571.036133>)
20:31:49.328 [VehicleEnter] Player FARRIS [uid=Wzy9-i_cgozd3AtiPGeDiPs6j9tHWluwI6ggAhe7Q-Q=] entered vehicle BMW X5 Red (id=7FE0A6E28948BECDBE600DA7759D2992 pos=<3712.835449, 20.851788, 6571.036133>) as driver
20:32:00.554 [VehicleLeave] Player FARRIS [uid=Wzy9-i_cgozd3AtiPGeDiPs6j9tHWluwI6ggAhe7Q-Q=] left vehicle BMW X5 Red (id=7FE0A6E28948BECDBE600DA7759D2992 pos=<3674.006592, 20.430632, 6546.684570>)
20:32:23.578 [VehicleEnter] Player FARRIS [uid=Wzy9-i_cgozd3AtiPGeDiPs6j9tHWluwI6ggAhe7Q-Q=] entered vehicle BMW X5 Red (id=7FE0A6E28948BECDBE600DA7759D2992 pos=<3674.006592, 20.430632, 6546.684570>) as driver
20:34:54.632 [Safezone] Player "FARRIS" (id=Wzy9-i_cgozd3AtiPGeDiPs6j9tHWluwI6ggAhe7Q-Q= pos=<5657.903809, 29.642588, 5529.391602>) Entered the safezone
20:35:05.171 [VehicleLeave] Player FARRIS [uid=Wzy9-i_cgozd3AtiPGeDiPs6j9tHWluwI6ggAhe7Q-Q=] left vehicle BMW X5 Red (id=7FE0A6E28948BECDBE600DA7759D2992 pos=<5620.640137, 28.710632, 5411.037109>)
20:35:09.765 [VehicleCarKey] Player "FARRIS" (id=Wzy9-i_cgozd3AtiPGeDiPs6j9tHWluwI6ggAhe7Q-Q= pos=<5621.745605, 28.722496, 5409.817383>) used the  ExpansionCarKey to lock BMW_X5_red (id=7FE0A6E28948BECDBE600DA7759D2992 pos=<5620.640137, 28.710632, 5411.037109>)
20:36:16.906 [Killfeed] BDH Crazy22 got killed by KMUC Patrol with Ash12 (50BMG) from a distance of 14 m.
20:36:41.414 [Party] Player "BDH Crazy22" (id=xBwUe6F0ELy8UX4ZzLIEUefw3PJSjX0OdDxaAAGlFcY=) joinded the party "noobs" (id=27 ownerUID=xBwUe6F0ELy8UX4ZzLIEUefw3PJSjX0OdDxaAAGlFcY= ownerName=BDH Crazy22)
20:36:41.414 [AI Patrol] Spawning 3 Camp Bear Patrol bots at <9030.683594, 14.247179, 6000.052246>
20:36:45.859 [SpawnSelection] Player "BDH Crazy22" (id=xBwUe6F0ELy8UX4ZzLIEUefw3PJSjX0OdDxaAAGlFcY=) spawned at <6173.950195, 26.860001, 13886.299805>
20:39:54.085 [Market] Player "FARRIS" (id=Wzy9-i_cgozd3AtiPGeDiPs6j9tHWluwI6ggAhe7Q-Q=) has send a requested to sell hammer x1 at the trader "BuildingSupplies (Indar [BUILDINGS])" in market zone "The Holler" (pos=<5632.000000, 32.000000, 5392.000000>).
20:39:54.164 [Market] Player "FARRIS" (id=Wzy9-i_cgozd3AtiPGeDiPs6j9tHWluwI6ggAhe7Q-Q=) has sold hammer x1 at the trader "BuildingSupplies (Indar [BUILDINGS])" in market zone "The Holler" (pos=<5632.000000, 32.000000, 5392.000000>) and got 5.
20:42:42.179 [VehicleCarKey] Player "FARRIS" (id=Wzy9-i_cgozd3AtiPGeDiPs6j9tHWluwI6ggAhe7Q-Q= pos=<5621.351563, 28.722462, 5409.645996>) used the  ExpansionCarKey to unlock BMW_X5_red (id=7FE0A6E28948BECDBE600DA7759D2992 pos=<5620.640137, 28.710632, 5411.037109>)
20:42:55.445 [ATM] Player "FARRIS" (id=Wzy9-i_cgozd3AtiPGeDiPs6j9tHWluwI6ggAhe7Q-Q=) has deposited 5 on his ATM account.
20:43:33.906 [VehicleEnter] Player FARRIS [uid=Wzy9-i_cgozd3AtiPGeDiPs6j9tHWluwI6ggAhe7Q-Q=] entered vehicle BMW X5 Red (id=7FE0A6E28948BECDBE600DA7759D2992 pos=<5620.640137, 28.710632, 5411.037109>) as driver
20:43:59.562 [VehicleEngine] Player FARRIS [uid=Wzy9-i_cgozd3AtiPGeDiPs6j9tHWluwI6ggAhe7Q-Q=] started vehicle BMW X5 Red (id=7FE0A6E28948BECDBE600DA7759D2992 pos=<5620.640137, 28.710632, 5411.037109>)
20:44:26.335 [Safezone] Player "FARRIS" (id=Wzy9-i_cgozd3AtiPGeDiPs6j9tHWluwI6ggAhe7Q-Q= pos=<5655.321777, 15.515198, 5720.791016>) Left the safezone
20:46:50.367 [VehicleLeave] Player FARRIS [uid=Wzy9-i_cgozd3AtiPGeDiPs6j9tHWluwI6ggAhe7Q-Q=] left vehicle BMW X5 Red (id=7FE0A6E28948BECDBE600DA7759D2992 pos=<3703.812500, 20.430634, 6480.727539>)
20:47:01.070 [VehicleEnter] Player FARRIS [uid=Wzy9-i_cgozd3AtiPGeDiPs6j9tHWluwI6ggAhe7Q-Q=] entered vehicle BMW X5 Red (id=7FE0A6E28948BECDBE600DA7759D2992 pos=<3703.812500, 20.430634, 6480.727539>) as driver
20:47:44.882 [VehicleEnter] Player Josh [uid=HAFduBzmpDN4tgqni6CFo0kwJ2aFYdhg5CPf66P8Zps=] entered vehicle ToyotaHilux Camo (id=70B064C3284F5EEA2384949BF167D6FC pos=<8859.565430, 38.612045, 9955.200195>) as driver
20:47:49.320 [VehicleEngine] Player Josh [uid=HAFduBzmpDN4tgqni6CFo0kwJ2aFYdhg5CPf66P8Zps=] started vehicle ToyotaHilux Camo (id=70B064C3284F5EEA2384949BF167D6FC pos=<8859.564453, 38.612045, 9955.200195>)
20:47:52.257 [VehicleCover] Player "Lou Sassole" (id=ebo0O4yOjYkK486s9SoqLuFc3tRe1vP1S2eE1IJxhV4= pos=<3962.514893, 25.063509, 4813.451660>) uncovered vehicle "SUV_white" (GlobalID=8000000080000000800000008000B494 pos=<3964.111572, 25.066984, 4810.016113>)!
20:48:00.515 [VehicleCarKey] Player "Lou Sassole" (id=ebo0O4yOjYkK486s9SoqLuFc3tRe1vP1S2eE1IJxhV4= pos=<3960.957520, 25.063517, 4807.788574>) used the  ExpansionCarKey to unlock SUV_white (id=8FA0EA1C934BAF19689236A9654D6EF2 pos=<3964.110596, 25.067005, 4810.016113>)
20:48:15.859 [VehicleLeave] Player Josh [uid=HAFduBzmpDN4tgqni6CFo0kwJ2aFYdhg5CPf66P8Zps=] left vehicle ToyotaHilux Camo (id=70B064C3284F5EEA2384949BF167D6FC pos=<8845.632813, 38.942177, 9965.074219>)
20:48:36.187 [VehicleLeave] Player FARRIS [uid=Wzy9-i_cgozd3AtiPGeDiPs6j9tHWluwI6ggAhe7Q-Q=] left vehicle BMW X5 Red (id=7FE0A6E28948BECDBE600DA7759D2992 pos=<4257.219727, 20.460649, 7273.597656>)
20:48:44.937 [VehicleCarKey] Player "FARRIS" (id=Wzy9-i_cgozd3AtiPGeDiPs6j9tHWluwI6ggAhe7Q-Q= pos=<4255.291992, 20.454411, 7274.071777>) used the  ExpansionCarKey to lock BMW_X5_red (id=7FE0A6E28948BECDBE600DA7759D2992 pos=<4257.219727, 20.460648, 7273.597656>)
20:48:56.664 [VehicleDeleted] BMW_X5_red (id=7FE0A6E28948BECDBE600DA7759D2992 pos=<4257.219727, 20.460648, 7273.597656>)
20:48:56.664 [VehicleCover] Player "FARRIS" (id=Wzy9-i_cgozd3AtiPGeDiPs6j9tHWluwI6ggAhe7Q-Q= pos=<4255.291992, 20.454411, 7274.071777>) covered vehicle "BMW_X5_red" (GlobalID=8000000080000000800000008000A2BE pos=<4257.219727, 20.460648, 7273.597656>)!
20:49:04.945 [VehicleEnter] Player Josh [uid=HAFduBzmpDN4tgqni6CFo0kwJ2aFYdhg5CPf66P8Zps=] entered vehicle ToyotaHilux Camo (id=70B064C3284F5EEA2384949BF167D6FC pos=<8845.633789, 38.942348, 9965.076172>) as driver
20:49:07.507 [VehicleEngine] Player Josh [uid=HAFduBzmpDN4tgqni6CFo0kwJ2aFYdhg5CPf66P8Zps=] started vehicle ToyotaHilux Camo (id=70B064C3284F5EEA2384949BF167D6FC pos=<8845.633789, 38.941967, 9965.073242>)
20:49:42.625 [VehicleEngine] Player Josh [uid=HAFduBzmpDN4tgqni6CFo0kwJ2aFYdhg5CPf66P8Zps=] stopped vehicle ToyotaHilux Camo (id=70B064C3284F5EEA2384949BF167D6FC pos=<8841.594727, 39.035526, 9964.620117>)
20:49:46.531 [VehicleLeave] Player Josh [uid=HAFduBzmpDN4tgqni6CFo0kwJ2aFYdhg5CPf66P8Zps=] left vehicle ToyotaHilux Camo (id=70B064C3284F5EEA2384949BF167D6FC pos=<8841.594727, 39.035492, 9964.620117>)
20:49:49.640 [VehicleCarKey] Player "Lou Sassole" (id=ebo0O4yOjYkK486s9SoqLuFc3tRe1vP1S2eE1IJxhV4= pos=<3963.095459, 25.063517, 4805.314941>) used the  ExpansionCarKey to lock SUV_white (id=8FA0EA1C934BAF19689236A9654D6EF2 pos=<3964.110596, 25.067005, 4810.016113>)
20:51:02.976 [Killfeed] Bog_Monster got killed.
20:51:59.820 [Chat - Global]("Josh"(id=HAFduBzmpDN4tgqni6CFo0kwJ2aFYdhg5CPf66P8Zps=)): how do you dismantle wood floors and roofs? im only getting the prompt to convert the roof to a floor
20:53:28.898 [Party] Player "Bog_Monster" (id=sAzfWixzA1-TNIKhVLRIVZHZX45UaBpWlaWuOFEUMag=) left the party "noobs" (id=27 ownerUID=xBwUe6F0ELy8UX4ZzLIEUefw3PJSjX0OdDxaAAGlFcY= ownerName=BDH Crazy22)
20:53:41.429 [Chat - Global]("Josh"(id=HAFduBzmpDN4tgqni6CFo0kwJ2aFYdhg5CPf66P8Zps=)): nvm i just figured it out
20:54:16.156 [Chat - Global]("Josh"(id=HAFduBzmpDN4tgqni6CFo0kwJ2aFYdhg5CPf66P8Zps=)): FYI, you have to be on top of a roof in order to dismantle it
20:59:16.039 [VehicleCarKey] Player "Lou Sassole" (id=ebo0O4yOjYkK486s9SoqLuFc3tRe1vP1S2eE1IJxhV4= pos=<3963.045654, 25.063517, 4805.708008>) used the  ExpansionCarKey to unlock SUV_white (id=8FA0EA1C934BAF19689236A9654D6EF2 pos=<3964.110596, 25.067005, 4810.016113>)
21:01:52.304 [VehicleAttachments] Player Lou Sassole (uid=ebo0O4yOjYkK486s9SoqLuFc3tRe1vP1S2eE1IJxhV4=) detached MVS Sling Pack - Black Snake Camo (type=MVS_SlingPack_Black_Camo2) from vehicle SUV White (id=8FA0EA1C934BAF19689236A9654D6EF2 pos=<3964.110596, 25.067005, 4810.016113>)
21:02:08.437 [VehicleEnter] Player Josh [uid=HAFduBzmpDN4tgqni6CFo0kwJ2aFYdhg5CPf66P8Zps=] entered vehicle ToyotaHilux Camo (id=70B064C3284F5EEA2384949BF167D6FC pos=<8841.593750, 39.035728, 9964.622070>) as driver
21:02:11.492 [VehicleEngine] Player Josh [uid=HAFduBzmpDN4tgqni6CFo0kwJ2aFYdhg5CPf66P8Zps=] started vehicle ToyotaHilux Camo (id=70B064C3284F5EEA2384949BF167D6FC pos=<8841.593750, 39.035767, 9964.622070>)
21:02:25.000 [VehicleCarKey] Player "Lou Sassole" (id=ebo0O4yOjYkK486s9SoqLuFc3tRe1vP1S2eE1IJxhV4= pos=<3962.609863, 25.063517, 4804.692383>) used the  ExpansionCarKey to lock SUV_white (id=8FA0EA1C934BAF19689236A9654D6EF2 pos=<3964.110596, 25.067005, 4810.016113>)
21:02:53.812 [VehicleEngine] Player Josh [uid=HAFduBzmpDN4tgqni6CFo0kwJ2aFYdhg5CPf66P8Zps=] stopped vehicle ToyotaHilux Camo (id=70B064C3284F5EEA2384949BF167D6FC pos=<8859.159180, 38.611977, 9954.491211>)
21:02:57.734 [VehicleLeave] Player Josh [uid=HAFduBzmpDN4tgqni6CFo0kwJ2aFYdhg5CPf66P8Zps=] left vehicle ToyotaHilux Camo (id=70B064C3284F5EEA2384949BF167D6FC pos=<8859.157227, 38.611958, 9954.491211>)
21:06:22.039 [VehicleCover] Player "FARRIS" (id=Wzy9-i_cgozd3AtiPGeDiPs6j9tHWluwI6ggAhe7Q-Q= pos=<4256.387695, 20.465939, 7275.993652>) uncovered vehicle "BMW_X5_red" (GlobalID=8000000080000000800000008000A2BE pos=<4257.219727, 20.460648, 7273.597656>)!
21:06:31.640 [VehicleCarKey] Player "FARRIS" (id=Wzy9-i_cgozd3AtiPGeDiPs6j9tHWluwI6ggAhe7Q-Q= pos=<4256.172363, 20.465939, 7275.748535>) used the  ExpansionCarKey to unlock BMW_X5_red (id=40E60CE91B4299DE4BA602953695059F pos=<4257.219238, 20.460646, 7273.595215>)
21:06:45.210 [VehicleEnter] Player FARRIS [uid=Wzy9-i_cgozd3AtiPGeDiPs6j9tHWluwI6ggAhe7Q-Q=] entered vehicle BMW X5 Red (id=40E60CE91B4299DE4BA602953695059F pos=<4257.219238, 20.460648, 7273.595215>) as driver
21:06:47.617 [VehicleEngine] Player FARRIS [uid=Wzy9-i_cgozd3AtiPGeDiPs6j9tHWluwI6ggAhe7Q-Q=] started vehicle BMW X5 Red (id=40E60CE91B4299DE4BA602953695059F pos=<4257.219238, 20.460646, 7273.595215>)
21:07:47.937 [VehicleLeave] Player FARRIS [uid=Wzy9-i_cgozd3AtiPGeDiPs6j9tHWluwI6ggAhe7Q-Q=] left vehicle BMW X5 Red (id=40E60CE91B4299DE4BA602953695059F pos=<4495.251465, 26.998474, 7777.870117>)
21:08:11.937 [VehicleEnter] Player FARRIS [uid=Wzy9-i_cgozd3AtiPGeDiPs6j9tHWluwI6ggAhe7Q-Q=] entered vehicle BMW X5 Red (id=40E60CE91B4299DE4BA602953695059F pos=<4495.251465, 26.998476, 7777.870117>) as driver
21:08:25.656 [VehicleLeave] Player FARRIS [uid=Wzy9-i_cgozd3AtiPGeDiPs6j9tHWluwI6ggAhe7Q-Q=] left vehicle BMW X5 Red (id=40E60CE91B4299DE4BA602953695059F pos=<4540.449707, 26.586889, 7823.716797>)
21:09:58.968 [VehicleEnter] Player FARRIS [uid=Wzy9-i_cgozd3AtiPGeDiPs6j9tHWluwI6ggAhe7Q-Q=] entered vehicle BMW X5 Red (id=40E60CE91B4299DE4BA602953695059F pos=<4540.449707, 26.586891, 7823.716797>) as driver
21:10:02.273 [VehicleEngine] Player FARRIS [uid=Wzy9-i_cgozd3AtiPGeDiPs6j9tHWluwI6ggAhe7Q-Q=] started vehicle BMW X5 Red (id=40E60CE91B4299DE4BA602953695059F pos=<4540.449707, 26.586889, 7823.716797>)
21:11:15.750 [VehicleLeave] Player FARRIS [uid=Wzy9-i_cgozd3AtiPGeDiPs6j9tHWluwI6ggAhe7Q-Q=] left vehicle BMW X5 Red (id=40E60CE91B4299DE4BA602953695059F pos=<4684.781738, 21.920633, 8256.162109>)
21:11:29.742 [VehicleEnter] Player FARRIS [uid=Wzy9-i_cgozd3AtiPGeDiPs6j9tHWluwI6ggAhe7Q-Q=] entered vehicle BMW X5 Red (id=40E60CE91B4299DE4BA602953695059F pos=<4684.781738, 21.920631, 8256.162109>) as driver
21:11:47.726 [VehicleLeave] Player FARRIS [uid=Wzy9-i_cgozd3AtiPGeDiPs6j9tHWluwI6ggAhe7Q-Q=] left vehicle BMW X5 Red (id=40E60CE91B4299DE4BA602953695059F pos=<4767.816895, 21.920633, 8308.625977>)
21:12:53.328 [VehicleEnter] Player FARRIS [uid=Wzy9-i_cgozd3AtiPGeDiPs6j9tHWluwI6ggAhe7Q-Q=] entered vehicle BMW X5 Red (id=40E60CE91B4299DE4BA602953695059F pos=<4767.816895, 21.920631, 8308.625977>) as driver
21:13:17.500 [VehicleLeave] Player FARRIS [uid=Wzy9-i_cgozd3AtiPGeDiPs6j9tHWluwI6ggAhe7Q-Q=] left vehicle BMW X5 Red (id=40E60CE91B4299DE4BA602953695059F pos=<4813.729980, 21.920631, 8302.777344>)
21:15:12.304 [VehicleCarKey] Player "BDH Crazy22" (id=xBwUe6F0ELy8UX4ZzLIEUefw3PJSjX0OdDxaAAGlFcY= pos=<4440.817871, 5.051424, 12405.123047>) used the  ExpansionCarKey to lock MUSTANG_rust (id=92A707090D4129E37B3D3BA07C778A3F pos=<4439.073242, 5.071867, 12402.373047>)
21:15:27.726 [VehicleEnter] Player FARRIS [uid=Wzy9-i_cgozd3AtiPGeDiPs6j9tHWluwI6ggAhe7Q-Q=] entered vehicle BMW X5 Red (id=40E60CE91B4299DE4BA602953695059F pos=<4813.729980, 21.920631, 8302.777344>) as driver
21:16:03.742 [VehicleCarKey] Player "BDH Crazy22" (id=xBwUe6F0ELy8UX4ZzLIEUefw3PJSjX0OdDxaAAGlFcY= pos=<4441.333008, 5.087511, 12406.094727>) used the  ExpansionCarKey to unlock ToyotaHilux_rust (id=BF6E8D97294C6ADFDDE6E98CD6C8728B pos=<4437.207031, 4.936916, 12405.947266>)
21:16:13.937 [VehicleCarKey] Player "BDH Crazy22" (id=xBwUe6F0ELy8UX4ZzLIEUefw3PJSjX0OdDxaAAGlFcY= pos=<4438.396484, 4.967047, 12404.867188>) used the  ExpansionCarKey to lock ToyotaHilux_rust (id=BF6E8D97294C6ADFDDE6E98CD6C8728B pos=<4437.207031, 4.936916, 12405.947266>)
21:16:58.289 [Party] Player "BDH Crazy22" (id=xBwUe6F0ELy8UX4ZzLIEUefw3PJSjX0OdDxaAAGlFcY=) left the party "noobs" (id=27 ownerUID=xBwUe6F0ELy8UX4ZzLIEUefw3PJSjX0OdDxaAAGlFcY= ownerName=BDH Crazy22)
21:17:08.750 [VehicleLeave] Player FARRIS [uid=Wzy9-i_cgozd3AtiPGeDiPs6j9tHWluwI6ggAhe7Q-Q=] left vehicle BMW X5 Red (id=40E60CE91B4299DE4BA602953695059F pos=<4254.750488, 20.451773, 7266.225098>)
21:17:14.039 [AI Patrol] Spawning 2 Shamans bots at <3827.946777, 31.183674, 6785.158691>
21:17:22.703 [VehicleCarKey] Player "FARRIS" (id=Wzy9-i_cgozd3AtiPGeDiPs6j9tHWluwI6ggAhe7Q-Q= pos=<4256.710449, 20.701355, 7267.044922>) used the  ExpansionCarKey to lock BMW_X5_red (id=40E60CE91B4299DE4BA602953695059F pos=<4254.750488, 20.451773, 7266.225098>)
21:17:37.156 [VehicleDeleted] BMW_X5_red (id=40E60CE91B4299DE4BA602953695059F pos=<4254.750488, 20.451773, 7266.225098>)
21:17:37.156 [VehicleCover] Player "FARRIS" (id=Wzy9-i_cgozd3AtiPGeDiPs6j9tHWluwI6ggAhe7Q-Q= pos=<4257.170898, 20.456600, 7266.560059>) covered vehicle "BMW_X5_red" (GlobalID=8000000080000000800000008000A2BE pos=<4254.750488, 20.451773, 7266.225098>)!
21:18:37.906 [Chat - Global]("Lou Sassole"(id=ebo0O4yOjYkK486s9SoqLuFc3tRe1vP1S2eE1IJxhV4=)): anyone have nails for sale?
21:20:49.601 [VehicleCarKey] Player "Lou Sassole" (id=ebo0O4yOjYkK486s9SoqLuFc3tRe1vP1S2eE1IJxhV4= pos=<3963.482178, 25.063484, 4805.573730>) used the  ExpansionCarKey to unlock SUV_white (id=8FA0EA1C934BAF19689236A9654D6EF2 pos=<3964.125488, 25.066980, 4810.024414>)
21:21:02.726 [VehicleCarKey] Player "Lou Sassole" (id=ebo0O4yOjYkK486s9SoqLuFc3tRe1vP1S2eE1IJxhV4= pos=<3963.786865, 25.063517, 4805.019531>) used the  ExpansionCarKey to lock SUV_white (id=8FA0EA1C934BAF19689236A9654D6EF2 pos=<3964.125488, 25.066980, 4810.024414>)
21:21:15.992 [VehicleDeleted] SUV_white (id=8FA0EA1C934BAF19689236A9654D6EF2 pos=<3964.125488, 25.066980, 4810.024414>)
21:21:15.992 [VehicleCover] Player "Lou Sassole" (id=ebo0O4yOjYkK486s9SoqLuFc3tRe1vP1S2eE1IJxhV4= pos=<3963.622803, 25.063517, 4804.266113>) covered vehicle "SUV_white" (GlobalID=8000000080000000800000008000B494 pos=<3964.125488, 25.066980, 4810.024414>)!
21:21:22.937 [VehicleCarKey] Player "Lou Sassole" (id=ebo0O4yOjYkK486s9SoqLuFc3tRe1vP1S2eE1IJxhV4= pos=<3959.201904, 24.853577, 4806.646484>) used the  ExpansionCarKey to unlock AZLK_rust (id=6ED7D39A2447DF0C4422C780DEA920B1 pos=<3959.540283, 24.849045, 4810.032227>)
21:21:33.570 [VehicleCarKey] Player "Lou Sassole" (id=ebo0O4yOjYkK486s9SoqLuFc3tRe1vP1S2eE1IJxhV4= pos=<3958.765381, 24.853584, 4806.871582>) used the  ExpansionCarKey to lock AZLK_rust (id=6ED7D39A2447DF0C4422C780DEA920B1 pos=<3959.540283, 24.849045, 4810.032227>)
21:21:47.968 [VehicleDeleted] AZLK_rust (id=6ED7D39A2447DF0C4422C780DEA920B1 pos=<3959.540283, 24.849045, 4810.032227>)
21:21:47.968 [VehicleCover] Player "Lou Sassole" (id=ebo0O4yOjYkK486s9SoqLuFc3tRe1vP1S2eE1IJxhV4= pos=<3958.591797, 24.853594, 4806.555176>) covered vehicle "AZLK_rust" (GlobalID=800000008000000080000000800131FA pos=<3959.540283, 24.849045, 4810.032227>)!
21:39:22.585 [Killfeed] MaxCaliber got killed.
21:43:57.343 [Party] Player "Lou Sassole" (id=ebo0O4yOjYkK486s9SoqLuFc3tRe1vP1S2eE1IJxhV4=) left the party "Loosey Goosey" (id=28 ownerUID=ebo0O4yOjYkK486s9SoqLuFc3tRe1vP1S2eE1IJxhV4= ownerName=Lou Sassole)
21:51:55.476 [MissionAirdrop] An airdrop is heading towards "Old-Town" (pos=<1849.000000, 0.000000, 8830.000000> type=Random_Old-Town) with a ExpansionAirdropContainer_Medical
21:57:27.265 [VehicleEnter] Player Josh [uid=HAFduBzmpDN4tgqni6CFo0kwJ2aFYdhg5CPf66P8Zps=] entered vehicle ToyotaHilux Camo (id=70B064C3284F5EEA2384949BF167D6FC pos=<8859.161133, 38.611977, 9954.491211>) as driver
21:57:29.992 [VehicleEngine] Player Josh [uid=HAFduBzmpDN4tgqni6CFo0kwJ2aFYdhg5CPf66P8Zps=] started vehicle ToyotaHilux Camo (id=70B064C3284F5EEA2384949BF167D6FC pos=<8859.156250, 38.611954, 9954.491211>)
21:57:40.039 [VehicleLeave] Player Josh [uid=HAFduBzmpDN4tgqni6CFo0kwJ2aFYdhg5CPf66P8Zps=] left vehicle ToyotaHilux Camo (id=70B064C3284F5EEA2384949BF167D6FC pos=<8863.306641, 38.330666, 9942.025391>)
21:58:56.609 [Safezone] Player "tylerdurden096" (id=oftIe_HaFxYr8gtWi0QsZPf5jM7-6vgL_HjGWn2gjIU= pos=<5581.874512, 28.729113, 5388.027832>) Entered the safezone
21:58:56.609 [Party] Player "tylerdurden096" (id=oftIe_HaFxYr8gtWi0QsZPf5jM7-6vgL_HjGWn2gjIU=) joinded the party "Dirty Crew" (id=23 ownerUID=VsEWQWxzvcTpDLQgc9tVyxq5TiqDS9O3QehdBa_YkH8= ownerName=Condom Breath)
21:59:12.945 [VehicleEnter] Player Josh [uid=HAFduBzmpDN4tgqni6CFo0kwJ2aFYdhg5CPf66P8Zps=] entered vehicle ToyotaHilux Camo (id=70B064C3284F5EEA2384949BF167D6FC pos=<8863.305664, 38.330708, 9942.025391>) as driver
21:59:22.187 [VehicleEngine] Player Josh [uid=HAFduBzmpDN4tgqni6CFo0kwJ2aFYdhg5CPf66P8Zps=] started vehicle ToyotaHilux Camo (id=70B064C3284F5EEA2384949BF167D6FC pos=<8863.305664, 38.330711, 9942.025391>)
21:59:40.242 [ATM] Player "tylerdurden096" (id=oftIe_HaFxYr8gtWi0QsZPf5jM7-6vgL_HjGWn2gjIU=) has withdrawn 30000 from his ATM account.
22:00:10.062 [Market] Player "tylerdurden096" (id=oftIe_HaFxYr8gtWi0QsZPf5jM7-6vgL_HjGWn2gjIU=) has send a requested to purchase toyotahilux_rust x1 from the trader "Vehicles (Lewis [VEHICLES])" in market zone "The Holler" (pos=<5632.000000, 32.000000, 5392.000000>).
22:00:10.140 [VehicleDeleted] ToyotaHilux_rust (id=669D3936CB460A0A54E3F0BE0EA6A0D8 pos=<0.005853, 0.726550, -0.051477>)
22:00:10.148 [Market] Player "tylerdurden096" (id=oftIe_HaFxYr8gtWi0QsZPf5jM7-6vgL_HjGWn2gjIU=) has bought toyotahilux_rust x1 from the trader "Vehicles (Lewis [VEHICLES])" in market zone "The Holler" (pos=<5632.000000, 32.000000, 5392.000000>) for a price of 23150.
22:00:31.500 [Party] Player "MaxCaliber" (id=s7vJf2NuCNme1MUM_sgLr2G3yzcxYg10pO0s-GAKExM=) joinded the party "Dirty Crew" (id=23 ownerUID=VsEWQWxzvcTpDLQgc9tVyxq5TiqDS9O3QehdBa_YkH8= ownerName=Condom Breath)
22:00:31.500 [AI Patrol] Spawning 3 Shamans bots at <7277.214355, 28.661858, 4181.632813>
22:00:32.132 [VehicleCarKey] Player "tylerdurden096" (id=oftIe_HaFxYr8gtWi0QsZPf5jM7-6vgL_HjGWn2gjIU= pos=<5602.060059, 28.722498, 5359.556641>) used the  ExpansionCarKey to unlock ToyotaHilux_rust (id=E3C6C3641945529FC3DBDCBBD58151A4 pos=<5601.254883, 28.714737, 5357.910645>)
22:00:36.820 [VehicleEnter] Player tylerdurden096 [uid=oftIe_HaFxYr8gtWi0QsZPf5jM7-6vgL_HjGWn2gjIU=] entered vehicle ToyotaHilux rust (id=E3C6C3641945529FC3DBDCBBD58151A4 pos=<5601.254395, 28.714741, 5357.907227>) as driver
22:00:41.273 [VehicleEngine] Player tylerdurden096 [uid=oftIe_HaFxYr8gtWi0QsZPf5jM7-6vgL_HjGWn2gjIU=] started vehicle ToyotaHilux rust (Locked) (id=E3C6C3641945529FC3DBDCBBD58151A4 pos=<5601.255859, 28.714754, 5357.909668>)
22:01:08.171 [SpawnSelection] Player "MaxCaliber" (id=s7vJf2NuCNme1MUM_sgLr2G3yzcxYg10pO0s-GAKExM=) spawned at <5638.890137, 27.349701, 5438.060059>
22:01:08.710 [Safezone] Player "MaxCaliber" (id=s7vJf2NuCNme1MUM_sgLr2G3yzcxYg10pO0s-GAKExM= pos=<5638.890137, 27.349701, 5438.060059>) Entered the safezone
22:01:24.554 [Safezone] Player "tylerdurden096" (id=oftIe_HaFxYr8gtWi0QsZPf5jM7-6vgL_HjGWn2gjIU= pos=<5867.288574, 32.797760, 5184.803711>) Left the safezone
22:03:26.179 [VehicleLeave] Player tylerdurden096 [uid=oftIe_HaFxYr8gtWi0QsZPf5jM7-6vgL_HjGWn2gjIU=] left vehicle ToyotaHilux rust (id=E3C6C3641945529FC3DBDCBBD58151A4 pos=<6896.314453, 37.779873, 6032.614746>)
22:04:15.757 [Market] Player "MaxCaliber" (id=s7vJf2NuCNme1MUM_sgLr2G3yzcxYg10pO0s-GAKExM=) has send a requested to sell izh18shotgun x1 at the trader "Weapons (Oliver [WEAPONS])" in market zone "The Holler" (pos=<5632.000000, 32.000000, 5392.000000>).
22:04:15.835 [VehicleEnter] Player tylerdurden096 [uid=oftIe_HaFxYr8gtWi0QsZPf5jM7-6vgL_HjGWn2gjIU=] entered vehicle ToyotaHilux rust (id=E3C6C3641945529FC3DBDCBBD58151A4 pos=<6896.324707, 37.780163, 6032.614746>) as driver
22:04:15.906 [Market] Player "MaxCaliber" (id=s7vJf2NuCNme1MUM_sgLr2G3yzcxYg10pO0s-GAKExM=) has sold izh18shotgun x1 at the trader "Weapons (Oliver [WEAPONS])" in market zone "The Holler" (pos=<5632.000000, 32.000000, 5392.000000>) and got 253.
22:04:53.921 [VehicleLeave] Player tylerdurden096 [uid=oftIe_HaFxYr8gtWi0QsZPf5jM7-6vgL_HjGWn2gjIU=] left vehicle ToyotaHilux rust (id=E3C6C3641945529FC3DBDCBBD58151A4 pos=<6638.634766, 15.094763, 6317.138184>)
22:05:58.664 [ExplosionDamageSystem] About to explode LandFuelFeed_Ammo from Land_FuelStation_Feed<36bb96a0> at <6621.72, 16.23, 6432.46> EXPLOSION range 20 dropoff 5
22:06:05.757 [ExplosionDamageSystem] About to explode LandFuelFeed_Ammo from Land_FuelStation_Feed<36bc0c70> at <6614.82, 16.23, 6432.49> EXPLOSION range 20 dropoff 5
22:06:33.406 [VehicleEnter] Player tylerdurden096 [uid=oftIe_HaFxYr8gtWi0QsZPf5jM7-6vgL_HjGWn2gjIU=] entered vehicle ToyotaHilux rust (id=E3C6C3641945529FC3DBDCBBD58151A4 pos=<6638.636230, 15.094757, 6317.139160>) as driver
22:06:35.117 [VehicleEngine] Player tylerdurden096 [uid=oftIe_HaFxYr8gtWi0QsZPf5jM7-6vgL_HjGWn2gjIU=] started vehicle ToyotaHilux rust (id=E3C6C3641945529FC3DBDCBBD58151A4 pos=<6638.635742, 15.094763, 6317.138672>)
22:06:58.234 [VehicleLeave] Player tylerdurden096 [uid=oftIe_HaFxYr8gtWi0QsZPf5jM7-6vgL_HjGWn2gjIU=] left vehicle ToyotaHilux rust (id=E3C6C3641945529FC3DBDCBBD58151A4 pos=<6584.340820, 15.338605, 6556.139648>)
22:07:31.562 [Party] Player "MaxCaliber" (id=s7vJf2NuCNme1MUM_sgLr2G3yzcxYg10pO0s-GAKExM=) left the party "Dirty Crew" (id=23 ownerUID=VsEWQWxzvcTpDLQgc9tVyxq5TiqDS9O3QehdBa_YkH8= ownerName=Condom Breath)
22:07:33.367 [VehicleLeave] Player Josh [uid=HAFduBzmpDN4tgqni6CFo0kwJ2aFYdhg5CPf66P8Zps=] left vehicle ToyotaHilux Camo (id=70B064C3284F5EEA2384949BF167D6FC pos=<5572.913574, 13.397695, 8255.705078>)
22:07:42.500 [VehicleEnter] Player Josh [uid=HAFduBzmpDN4tgqni6CFo0kwJ2aFYdhg5CPf66P8Zps=] entered vehicle ToyotaHilux Camo (id=70B064C3284F5EEA2384949BF167D6FC pos=<5572.913574, 13.397694, 8255.705078>) as driver
22:07:54.234 [VehicleEnter] Player tylerdurden096 [uid=oftIe_HaFxYr8gtWi0QsZPf5jM7-6vgL_HjGWn2gjIU=] entered vehicle ToyotaHilux rust (id=E3C6C3641945529FC3DBDCBBD58151A4 pos=<6584.337891, 15.338615, 6556.136719>) as driver
22:07:57.078 [VehicleEngine] Player tylerdurden096 [uid=oftIe_HaFxYr8gtWi0QsZPf5jM7-6vgL_HjGWn2gjIU=] started vehicle ToyotaHilux rust (id=E3C6C3641945529FC3DBDCBBD58151A4 pos=<6584.338379, 15.338614, 6556.137695>)
22:08:11.398 [Chat - Global]("Josh"(id=HAFduBzmpDN4tgqni6CFo0kwJ2aFYdhg5CPf66P8Zps=)): is the server glitching?
22:08:20.820 [VehicleLeave] Player tylerdurden096 [uid=oftIe_HaFxYr8gtWi0QsZPf5jM7-6vgL_HjGWn2gjIU=] left vehicle ToyotaHilux rust (id=E3C6C3641945529FC3DBDCBBD58151A4 pos=<6441.264160, 24.468828, 6707.375977>)
22:09:23.156 [Chat - Global]("Josh"(id=HAFduBzmpDN4tgqni6CFo0kwJ2aFYdhg5CPf66P8Zps=)): idk if its me or the server, but i was able to drive at around 60km/h yesterday and now if i go above 10 my truck starts trampolining
22:09:33.265 [Chat - Global]("Josh"(id=HAFduBzmpDN4tgqni6CFo0kwJ2aFYdhg5CPf66P8Zps=)): im also stuck in my truck
22:09:41.171 [VehicleEnter] Player tylerdurden096 [uid=oftIe_HaFxYr8gtWi0QsZPf5jM7-6vgL_HjGWn2gjIU=] entered vehicle ToyotaHilux rust (id=E3C6C3641945529FC3DBDCBBD58151A4 pos=<6441.265625, 24.468811, 6707.377441>) as driver
22:10:05.281 [Chat - Global]("Josh"(id=HAFduBzmpDN4tgqni6CFo0kwJ2aFYdhg5CPf66P8Zps=)): im going to exit and restart my game to see if its me
22:12:00.843 [VehicleLeave] Player tylerdurden096 [uid=oftIe_HaFxYr8gtWi0QsZPf5jM7-6vgL_HjGWn2gjIU=] left vehicle ToyotaHilux rust (id=E3C6C3641945529FC3DBDCBBD58151A4 pos=<5818.047852, 8.771522, 8311.426758>)
22:12:06.859 [VehicleEnter] Player tylerdurden096 [uid=oftIe_HaFxYr8gtWi0QsZPf5jM7-6vgL_HjGWn2gjIU=] entered vehicle ToyotaHilux rust (id=E3C6C3641945529FC3DBDCBBD58151A4 pos=<5818.048340, 8.771465, 8311.426758>) as driver
22:12:09.945 [VehicleEngine] Player tylerdurden096 [uid=oftIe_HaFxYr8gtWi0QsZPf5jM7-6vgL_HjGWn2gjIU=] started vehicle ToyotaHilux rust (id=E3C6C3641945529FC3DBDCBBD58151A4 pos=<5818.047852, 8.771510, 8311.426758>)
22:14:48.078 [VehicleEnter] Player Josh [uid=HAFduBzmpDN4tgqni6CFo0kwJ2aFYdhg5CPf66P8Zps=] entered vehicle ToyotaHilux Camo (id=70B064C3284F5EEA2384949BF167D6FC pos=<5572.913574, 13.397700, 8255.705078>) as driver
22:14:59.812 [Chat - Global]("Josh"(id=HAFduBzmpDN4tgqni6CFo0kwJ2aFYdhg5CPf66P8Zps=)): it was me 
22:15:14.875 [VehicleEngine] Player Josh [uid=HAFduBzmpDN4tgqni6CFo0kwJ2aFYdhg5CPf66P8Zps=] started vehicle ToyotaHilux Camo (id=70B064C3284F5EEA2384949BF167D6FC pos=<5572.913574, 13.397698, 8255.705078>)
22:16:12.570 [VehicleLeave] Player tylerdurden096 [uid=oftIe_HaFxYr8gtWi0QsZPf5jM7-6vgL_HjGWn2gjIU=] left vehicle ToyotaHilux rust (id=E3C6C3641945529FC3DBDCBBD58151A4 pos=<4178.548828, 7.989102, 10691.140625>)
22:17:04.773 [VehicleEnter] Player tylerdurden096 [uid=oftIe_HaFxYr8gtWi0QsZPf5jM7-6vgL_HjGWn2gjIU=] entered vehicle ToyotaHilux rust (id=E3C6C3641945529FC3DBDCBBD58151A4 pos=<4178.550781, 7.989427, 10691.138672>) as driver
22:17:07.398 [VehicleEngine] Player tylerdurden096 [uid=oftIe_HaFxYr8gtWi0QsZPf5jM7-6vgL_HjGWn2gjIU=] started vehicle ToyotaHilux rust (id=E3C6C3641945529FC3DBDCBBD58151A4 pos=<4178.551758, 7.989675, 10691.137695>)
22:17:35.828 [VehicleLeave] Player tylerdurden096 [uid=oftIe_HaFxYr8gtWi0QsZPf5jM7-6vgL_HjGWn2gjIU=] left vehicle ToyotaHilux rust (id=E3C6C3641945529FC3DBDCBBD58151A4 pos=<4125.219727, 5.253652, 10884.625000>)
22:18:28.093 [VehicleEnter] Player tylerdurden096 [uid=oftIe_HaFxYr8gtWi0QsZPf5jM7-6vgL_HjGWn2gjIU=] entered vehicle ToyotaHilux rust (id=E3C6C3641945529FC3DBDCBBD58151A4 pos=<4125.219238, 5.253811, 10884.624023>) as driver
22:18:57.078 [VehicleLeave] Player tylerdurden096 [uid=oftIe_HaFxYr8gtWi0QsZPf5jM7-6vgL_HjGWn2gjIU=] left vehicle ToyotaHilux rust (id=E3C6C3641945529FC3DBDCBBD58151A4 pos=<4140.336914, 17.659754, 11199.703125>)
22:20:18.039 [Party] Player "tylerdurden096" (id=oftIe_HaFxYr8gtWi0QsZPf5jM7-6vgL_HjGWn2gjIU=) left the party "Dirty Crew" (id=23 ownerUID=VsEWQWxzvcTpDLQgc9tVyxq5TiqDS9O3QehdBa_YkH8= ownerName=Condom Breath)
22:21:21.531 [AI Patrol] Spawning 3 Old Town Police Patrol bots at <1956.402466, 9.190000, 8822.047852>
22:23:11.812 [VehicleLeave] Player Josh [uid=HAFduBzmpDN4tgqni6CFo0kwJ2aFYdhg5CPf66P8Zps=] left vehicle ToyotaHilux Camo (id=70B064C3284F5EEA2384949BF167D6FC pos=<2210.077637, 14.244349, 8830.362305>)
22:23:18.257 [VehicleCarKey] Player "Josh" (id=HAFduBzmpDN4tgqni6CFo0kwJ2aFYdhg5CPf66P8Zps= pos=<2208.909668, 14.296459, 8829.021484>) used the  ExpansionCarKey to lock ToyotaHilux_kamo (id=70B064C3284F5EEA2384949BF167D6FC pos=<2210.075439, 14.244418, 8830.359375>)
22:27:28.992 [VehicleCarKey] Player "Josh" (id=HAFduBzmpDN4tgqni6CFo0kwJ2aFYdhg5CPf66P8Zps= pos=<2208.815186, 14.288565, 8829.207031>) used the  ExpansionCarKey to unlock ToyotaHilux_kamo (id=70B064C3284F5EEA2384949BF167D6FC pos=<2210.075439, 14.244418, 8830.359375>)
22:28:25.960 [VehicleCarKey] Player "Josh" (id=HAFduBzmpDN4tgqni6CFo0kwJ2aFYdhg5CPf66P8Zps= pos=<2208.508057, 14.299568, 8828.893555>) used the  ExpansionCarKey to lock ToyotaHilux_kamo (id=70B064C3284F5EEA2384949BF167D6FC pos=<2210.075439, 14.244418, 8830.359375>)
23:39:25.242 [Party] Player "tylerdurden096" (id=oftIe_HaFxYr8gtWi0QsZPf5jM7-6vgL_HjGWn2gjIU=) joinded the party "Dirty Crew" (id=23 ownerUID=VsEWQWxzvcTpDLQgc9tVyxq5TiqDS9O3QehdBa_YkH8= ownerName=Condom Breath)
23:41:46.453 [VehicleEnter] Player tylerdurden096 [uid=oftIe_HaFxYr8gtWi0QsZPf5jM7-6vgL_HjGWn2gjIU=] entered vehicle ToyotaHilux rust (id=E3C6C3641945529FC3DBDCBBD58151A4 pos=<4140.333008, 17.659664, 11199.702148>) as driver
23:41:50.210 [VehicleEngine] Player tylerdurden096 [uid=oftIe_HaFxYr8gtWi0QsZPf5jM7-6vgL_HjGWn2gjIU=] started vehicle ToyotaHilux rust (id=E3C6C3641945529FC3DBDCBBD58151A4 pos=<4140.333008, 17.659660, 11199.702148>)
23:42:43.593 [VehicleLeave] Player tylerdurden096 [uid=oftIe_HaFxYr8gtWi0QsZPf5jM7-6vgL_HjGWn2gjIU=] left vehicle ToyotaHilux rust (id=E3C6C3641945529FC3DBDCBBD58151A4 pos=<4245.824707, 4.702924, 11768.311523>)
23:43:10.671 [VehicleEnter] Player tylerdurden096 [uid=oftIe_HaFxYr8gtWi0QsZPf5jM7-6vgL_HjGWn2gjIU=] entered vehicle ToyotaHilux rust (id=E3C6C3641945529FC3DBDCBBD58151A4 pos=<4245.827637, 4.702919, 11768.311523>) as driver
23:43:12.789 [VehicleEngine] Player tylerdurden096 [uid=oftIe_HaFxYr8gtWi0QsZPf5jM7-6vgL_HjGWn2gjIU=] started vehicle ToyotaHilux rust (id=E3C6C3641945529FC3DBDCBBD58151A4 pos=<4245.828125, 4.702910, 11768.311523>)
23:44:04.726 [VehicleLeave] Player tylerdurden096 [uid=oftIe_HaFxYr8gtWi0QsZPf5jM7-6vgL_HjGWn2gjIU=] left vehicle ToyotaHilux rust (id=E3C6C3641945529FC3DBDCBBD58151A4 pos=<4420.340332, 7.910026, 11798.117188>)
23:45:00.742 [VehicleEnter] Player tylerdurden096 [uid=oftIe_HaFxYr8gtWi0QsZPf5jM7-6vgL_HjGWn2gjIU=] entered vehicle ToyotaHilux rust (id=E3C6C3641945529FC3DBDCBBD58151A4 pos=<4420.341309, 7.910163, 11798.117188>) as driver
23:45:03.976 [VehicleEngine] Player tylerdurden096 [uid=oftIe_HaFxYr8gtWi0QsZPf5jM7-6vgL_HjGWn2gjIU=] started vehicle ToyotaHilux rust (id=E3C6C3641945529FC3DBDCBBD58151A4 pos=<4420.339355, 7.910058, 11798.117188>)
23:48:06.125 [VehicleLeave] Player tylerdurden096 [uid=oftIe_HaFxYr8gtWi0QsZPf5jM7-6vgL_HjGWn2gjIU=] left vehicle ToyotaHilux rust (id=E3C6C3641945529FC3DBDCBBD58151A4 pos=<5249.346680, 4.875628, 12477.498047>)
23:49:12.453 [ExplosionDamageSystem] About to explode LandFuelFeed_Ammo from Land_FuelStation_Feed<29a59b10> at <5277.69, 5.77, 12446.8> EXPLOSION range 20 dropoff 5
23:52:18.679 [ExplosionDamageSystem] About to explode LandFuelFeed_Ammo from Land_FuelStation_Feed<29a55ba0> at <5269.9, 5.77, 12434.5> EXPLOSION range 20 dropoff 5
23:52:26.578 [ExplosionDamageSystem] About to explode LandFuelFeed_Ammo from Land_FuelStation_Feed<29a56dc0> at <5276.78, 5.77, 12434.4> EXPLOSION range 20 dropoff 5
23:52:34.335 [ExplosionDamageSystem] About to explode LandFuelFeed_Ammo from Land_FuelStation_Feed<771bf200> at <5283.78, 5.77, 12434.1> EXPLOSION range 20 dropoff 5
23:52:34.335 [Killfeed] tylerdurden096 was killed by an explosion caused by Gas Pump.
23:53:00.328 [Party] Player "tylerdurden096" (id=oftIe_HaFxYr8gtWi0QsZPf5jM7-6vgL_HjGWn2gjIU=) joinded the party "Dirty Crew" (id=23 ownerUID=VsEWQWxzvcTpDLQgc9tVyxq5TiqDS9O3QehdBa_YkH8= ownerName=Condom Breath)
23:53:17.281 [SpawnSelection] Player "tylerdurden096" (id=oftIe_HaFxYr8gtWi0QsZPf5jM7-6vgL_HjGWn2gjIU=) spawned at <3703.820068, 20.430000, 6472.259766>
23:59:15.671 [Party] Player "tylerdurden096" (id=oftIe_HaFxYr8gtWi0QsZPf5jM7-6vgL_HjGWn2gjIU=) left the party "Dirty Crew" (id=23 ownerUID=VsEWQWxzvcTpDLQgc9tVyxq5TiqDS9O3QehdBa_YkH8= ownerName=Condom Breath)
