19:17:25.632 [Party] Player "Lou Sassole" (id=ebo0O4yOjYkK486s9SoqLuFc3tRe1vP1S2eE1IJxhV4=) joinded the party "Loosey Goosey" (id=28 ownerUID=ebo0O4yOjYkK486s9SoqLuFc3tRe1vP1S2eE1IJxhV4= ownerName=Lou Sassole)
19:17:25.648 [Expansion Quests] - InitQuestSystemClient - Loaded existing player quest data for player with UID: ebo0O4yOjYkK486s9SoqLuFc3tRe1vP1S2eE1IJxhV4=
19:17:25.648 [Expansion Quests] - LoadGroupQuestData - Loaded existing group quest data for group with ID: 28
19:17:26.578 [Expansion Quests] - LoadGroupQuestData - Got cached group quest data for group with ID: 28
19:23:49.609 [VehicleCarKey] Player "Lou Sassole" (id=ebo0O4yOjYkK486s9SoqLuFc3tRe1vP1S2eE1IJxhV4= pos=<4756.030762, 75.371849, 3184.360352>) used the  ExpansionCarKey to unlock HAMMER_H1_black_rust (id=DFE8FF4BA94FBDD370C69BB097780FE6 pos=<4757.897949, 75.404388, 3187.595703>)
19:24:01.515 [VehicleCarKey] Player "Lou Sassole" (id=ebo0O4yOjYkK486s9SoqLuFc3tRe1vP1S2eE1IJxhV4= pos=<4755.240234, 75.348495, 3184.133789>) used the  ExpansionCarKey to lock HAMMER_H1_black_rust (id=DFE8FF4BA94FBDD370C69BB097780FE6 pos=<4757.897949, 75.404388, 3187.595703>)
19:32:31.015 [MissionAirdrop] An airdrop is heading towards "Hazelands" (pos=<4539.000000, 0.000000, 2317.000000> type=Random_Hazelands) with a ExpansionAirdropContainer_Medical
19:44:43.500 [VehicleCarKey] Player "Lou Sassole" (id=ebo0O4yOjYkK486s9SoqLuFc3tRe1vP1S2eE1IJxhV4= pos=<4760.374023, 75.410995, 3187.357178>) used the  ExpansionCarKey to unlock HAMMER_H1_black_rust (id=DFE8FF4BA94FBDD370C69BB097780FE6 pos=<4757.897949, 75.404388, 3187.595703>)
19:44:49.062 [AI Patrol] Spawning 3 Temple Patrol bots at <425.487640, 47.058842, 781.981689>
19:44:49.156 [AI Patrol] Spawning 3 Temple Patrol bots at <372.089752, 47.070000, 802.112915>
19:44:49.171 [AI Patrol] Spawning 3 Temple Patrol bots at <388.071381, 47.070000, 799.492920>
19:44:50.765 [VehicleEnter] Player Lou Sassole [uid=ebo0O4yOjYkK486s9SoqLuFc3tRe1vP1S2eE1IJxhV4=] entered vehicle HAMMER_H1 black_rust (id=DFE8FF4BA94FBDD370C69BB097780FE6 pos=<4757.897949, 75.404381, 3187.595703>) as driver
19:44:53.765 [VehicleEngine] Player Lou Sassole [uid=ebo0O4yOjYkK486s9SoqLuFc3tRe1vP1S2eE1IJxhV4=] started vehicle HAMMER_H1 black_rust (id=DFE8FF4BA94FBDD370C69BB097780FE6 pos=<4757.897949, 75.404381, 3187.595703>)
19:46:47.000 [VehicleLeave] Player Lou Sassole [uid=ebo0O4yOjYkK486s9SoqLuFc3tRe1vP1S2eE1IJxhV4=] left vehicle HAMMER_H1 black_rust (id=DFE8FF4BA94FBDD370C69BB097780FE6 pos=<4529.776855, 2.690350, 2362.710449>)
19:49:00.914 [VehicleEnter] Player Lou Sassole [uid=ebo0O4yOjYkK486s9SoqLuFc3tRe1vP1S2eE1IJxhV4=] entered vehicle HAMMER_H1 black_rust (id=DFE8FF4BA94FBDD370C69BB097780FE6 pos=<4529.776855, 2.690351, 2362.710449>) as driver
19:49:04.476 [VehicleEngine] Player Lou Sassole [uid=ebo0O4yOjYkK486s9SoqLuFc3tRe1vP1S2eE1IJxhV4=] started vehicle HAMMER_H1 black_rust (id=DFE8FF4BA94FBDD370C69BB097780FE6 pos=<4529.776855, 2.690350, 2362.710449>)
19:50:48.937 [VehicleLeave] Player Lou Sassole [uid=ebo0O4yOjYkK486s9SoqLuFc3tRe1vP1S2eE1IJxhV4=] left vehicle HAMMER_H1 black_rust (id=DFE8FF4BA94FBDD370C69BB097780FE6 pos=<4760.083008, 75.435135, 3186.997803>)
19:50:54.843 [VehicleCarKey] Player "Lou Sassole" (id=ebo0O4yOjYkK486s9SoqLuFc3tRe1vP1S2eE1IJxhV4= pos=<4762.156738, 75.451111, 3186.252441>) used the  ExpansionCarKey to lock HAMMER_H1_black_rust (id=DFE8FF4BA94FBDD370C69BB097780FE6 pos=<4760.083008, 75.435135, 3186.997803>)
19:54:22.046 [Expansion Quests] - InitQuestSystemClient - Loaded existing player quest data for player with UID: Wzy9-i_cgozd3AtiPGeDiPs6j9tHWluwI6ggAhe7Q-Q=
19:54:22.046 [Expansion Quests] - LoadGroupQuestData - Created new persistent group quest data for group with ID: -1
19:54:22.046 [Expansion Quests] - Create new quest instance for quest: 42 - Player UID: Wzy9-i_cgozd3AtiPGeDiPs6j9tHWluwI6ggAhe7Q-Q=
19:54:37.062 [VehicleCover] Player "FARRIS" (id=Wzy9-i_cgozd3AtiPGeDiPs6j9tHWluwI6ggAhe7Q-Q= pos=<7340.105957, 23.996689, 3023.425293>) uncovered vehicle "BMW_X5_red" (GlobalID=8000000080000000800000008000A2BE pos=<7341.095215, 24.012613, 3025.835938>)!
19:54:45.812 [VehicleCarKey] Player "FARRIS" (id=Wzy9-i_cgozd3AtiPGeDiPs6j9tHWluwI6ggAhe7Q-Q= pos=<7340.105957, 23.996689, 3023.425293>) used the  ExpansionCarKey to unlock BMW_X5_red (id=0299367DF8430986D14E8FBDE97D5315 pos=<7341.095703, 24.012688, 3025.835449>)
19:54:50.843 [VehicleEnter] Player FARRIS [uid=Wzy9-i_cgozd3AtiPGeDiPs6j9tHWluwI6ggAhe7Q-Q=] entered vehicle BMW X5 Red (id=0299367DF8430986D14E8FBDE97D5315 pos=<7341.095703, 24.012613, 3025.835449>) as driver
19:54:52.726 [VehicleEngine] Player FARRIS [uid=Wzy9-i_cgozd3AtiPGeDiPs6j9tHWluwI6ggAhe7Q-Q=] started vehicle BMW X5 Red (id=0299367DF8430986D14E8FBDE97D5315 pos=<7341.095703, 24.012611, 3025.835449>)
19:55:24.421 [VehicleLeave] Player FARRIS [uid=Wzy9-i_cgozd3AtiPGeDiPs6j9tHWluwI6ggAhe7Q-Q=] left vehicle BMW X5 Red (id=0299367DF8430986D14E8FBDE97D5315 pos=<7449.589844, 40.444675, 3397.302490>)
19:56:22.117 [VehicleEnter] Player FARRIS [uid=Wzy9-i_cgozd3AtiPGeDiPs6j9tHWluwI6ggAhe7Q-Q=] entered vehicle BMW X5 Red (id=0299367DF8430986D14E8FBDE97D5315 pos=<7449.589844, 40.444675, 3397.302490>) as driver
19:56:50.742 [VehicleLeave] Player FARRIS [uid=Wzy9-i_cgozd3AtiPGeDiPs6j9tHWluwI6ggAhe7Q-Q=] left vehicle BMW X5 Red (id=0299367DF8430986D14E8FBDE97D5315 pos=<7540.383789, 23.797592, 3932.451660>)
19:58:28.140 [VehicleEnter] Player FARRIS [uid=Wzy9-i_cgozd3AtiPGeDiPs6j9tHWluwI6ggAhe7Q-Q=] entered vehicle BMW X5 Red (id=0299367DF8430986D14E8FBDE97D5315 pos=<7540.383789, 23.797581, 3932.451660>) as driver
19:58:49.734 [VehicleLeave] Player FARRIS [uid=Wzy9-i_cgozd3AtiPGeDiPs6j9tHWluwI6ggAhe7Q-Q=] left vehicle BMW X5 Red (id=0299367DF8430986D14E8FBDE97D5315 pos=<7451.210449, 26.873831, 4220.823242>)
19:59:28.007 [VehicleEnter] Player FARRIS [uid=Wzy9-i_cgozd3AtiPGeDiPs6j9tHWluwI6ggAhe7Q-Q=] entered vehicle BMW X5 Red (id=0299367DF8430986D14E8FBDE97D5315 pos=<7451.210449, 26.873829, 4220.823242>) as driver
19:59:53.953 [VehicleLeave] Player FARRIS [uid=Wzy9-i_cgozd3AtiPGeDiPs6j9tHWluwI6ggAhe7Q-Q=] left vehicle BMW X5 Red (id=0299367DF8430986D14E8FBDE97D5315 pos=<7291.373047, 26.788040, 4457.248047>)
20:00:02.687 [VehicleEnter] Player FARRIS [uid=Wzy9-i_cgozd3AtiPGeDiPs6j9tHWluwI6ggAhe7Q-Q=] entered vehicle BMW X5 Red (id=0299367DF8430986D14E8FBDE97D5315 pos=<7291.373047, 26.788040, 4457.248047>) as driver
20:00:12.453 [VehicleLeave] Player FARRIS [uid=Wzy9-i_cgozd3AtiPGeDiPs6j9tHWluwI6ggAhe7Q-Q=] left vehicle BMW X5 Red (id=0299367DF8430986D14E8FBDE97D5315 pos=<7269.143555, 27.420204, 4491.848145>)
20:00:42.914 [VehicleEnter] Player FARRIS [uid=Wzy9-i_cgozd3AtiPGeDiPs6j9tHWluwI6ggAhe7Q-Q=] entered vehicle BMW X5 Red (id=0299367DF8430986D14E8FBDE97D5315 pos=<7269.143066, 27.419828, 4491.842285>) as driver
20:01:03.757 [VehicleEngine] Player FARRIS [uid=Wzy9-i_cgozd3AtiPGeDiPs6j9tHWluwI6ggAhe7Q-Q=] started vehicle BMW X5 Red (id=0299367DF8430986D14E8FBDE97D5315 pos=<7269.143066, 27.419827, 4491.842285>)
20:02:00.843 [VehicleLeave] Player FARRIS [uid=Wzy9-i_cgozd3AtiPGeDiPs6j9tHWluwI6ggAhe7Q-Q=] left vehicle BMW X5 Red (id=0299367DF8430986D14E8FBDE97D5315 pos=<7122.318848, 2.652631, 5284.785645>)
20:02:18.140 [Expansion Quests] - InitQuestSystemClient - Loaded existing player quest data for player with UID: QM7LViVt5sZd0hja19cF2rW2mCNEG7w2k3AFdalcF50=
20:02:18.140 [Expansion Quests] - LoadGroupQuestData - Got cached group quest data for group with ID: -1
20:02:22.914 [VehicleAttachments] Player FARRIS (uid=Wzy9-i_cgozd3AtiPGeDiPs6j9tHWluwI6ggAhe7Q-Q=) detached Jerrycan (type=CanisterGasoline) from vehicle BMW X5 Red(id=0299367DF8430986D14E8FBDE97D5315 pos=<7122.318848, 2.652636, 5284.785645>)
20:03:37.656 [VehicleCarKey] Player "Lou Sassole" (id=ebo0O4yOjYkK486s9SoqLuFc3tRe1vP1S2eE1IJxhV4= pos=<4761.376953, 75.433548, 3185.433105>) used the  ExpansionCarKey to unlock HAMMER_H1_black_rust (id=DFE8FF4BA94FBDD370C69BB097780FE6 pos=<4760.083008, 75.435135, 3186.997803>)
20:03:45.562 [VehicleEnter] Player Lou Sassole [uid=ebo0O4yOjYkK486s9SoqLuFc3tRe1vP1S2eE1IJxhV4=] entered vehicle HAMMER_H1 black_rust (id=DFE8FF4BA94FBDD370C69BB097780FE6 pos=<4760.083008, 75.435127, 3186.997803>) as driver
20:03:46.351 [VehicleCarKey] Player "Mansbridge" (id=QM7LViVt5sZd0hja19cF2rW2mCNEG7w2k3AFdalcF50= pos=<6024.066895, 13.056328, 4995.654297>) used the  ExpansionCarKey to unlock ToyotaHilux_rust (id=EE126C3D5244B7991B116CA54AA405A2 pos=<6027.652832, 12.981627, 4996.680176>)
20:03:48.906 [VehicleEngine] Player Lou Sassole [uid=ebo0O4yOjYkK486s9SoqLuFc3tRe1vP1S2eE1IJxhV4=] started vehicle HAMMER_H1 black_rust (id=DFE8FF4BA94FBDD370C69BB097780FE6 pos=<4760.083008, 75.435127, 3186.997803>)
20:04:01.578 [VehicleAttachments] Player FARRIS (uid=Wzy9-i_cgozd3AtiPGeDiPs6j9tHWluwI6ggAhe7Q-Q=) detached Car Radiator (type=CarRadiator) from vehicle BMW X5 Red(id=0299367DF8430986D14E8FBDE97D5315 pos=<7122.318848, 2.652636, 5284.785645>)
20:06:45.500 [VehicleCarKey] Player "Mansbridge" (id=QM7LViVt5sZd0hja19cF2rW2mCNEG7w2k3AFdalcF50= pos=<6024.066895, 13.056328, 4995.654297>) used the  ExpansionCarKey to lock ToyotaHilux_rust (id=EE126C3D5244B7991B116CA54AA405A2 pos=<6027.652832, 12.981627, 4996.680176>)
20:06:50.312 [VehicleEnter] Player FARRIS [uid=Wzy9-i_cgozd3AtiPGeDiPs6j9tHWluwI6ggAhe7Q-Q=] entered vehicle BMW X5 Red (id=0299367DF8430986D14E8FBDE97D5315 pos=<7122.318848, 2.652632, 5284.785645>) as driver
20:06:51.765 [VehicleEngine] Player FARRIS [uid=Wzy9-i_cgozd3AtiPGeDiPs6j9tHWluwI6ggAhe7Q-Q=] started vehicle BMW X5 Red (id=0299367DF8430986D14E8FBDE97D5315 pos=<7122.318848, 2.652632, 5284.785645>)
20:07:17.218 [VehicleLeave] Player FARRIS [uid=Wzy9-i_cgozd3AtiPGeDiPs6j9tHWluwI6ggAhe7Q-Q=] left vehicle BMW X5 Red (id=0299367DF8430986D14E8FBDE97D5315 pos=<7101.242188, 3.039447, 5382.338867>)
20:07:53.679 [VehicleEnter] Player FARRIS [uid=Wzy9-i_cgozd3AtiPGeDiPs6j9tHWluwI6ggAhe7Q-Q=] entered vehicle BMW X5 Red (id=0299367DF8430986D14E8FBDE97D5315 pos=<7101.242188, 3.039446, 5382.338867>) as driver
20:08:06.218 [Safezone] Player "Lou Sassole" (id=ebo0O4yOjYkK486s9SoqLuFc3tRe1vP1S2eE1IJxhV4= pos=<5663.931152, 33.334675, 5265.581543>) Entered the safezone
20:08:12.835 [VehicleLeave] Player FARRIS [uid=Wzy9-i_cgozd3AtiPGeDiPs6j9tHWluwI6ggAhe7Q-Q=] left vehicle BMW X5 Red (id=0299367DF8430986D14E8FBDE97D5315 pos=<7093.192383, 7.751045, 5440.993164>)
20:08:31.609 [VehicleLeave] Player Lou Sassole [uid=ebo0O4yOjYkK486s9SoqLuFc3tRe1vP1S2eE1IJxhV4=] left vehicle HAMMER_H1 black_rust (id=DFE8FF4BA94FBDD370C69BB097780FE6 pos=<5630.671875, 28.736513, 5420.049316>)
20:08:36.445 [VehicleCarKey] Player "Lou Sassole" (id=ebo0O4yOjYkK486s9SoqLuFc3tRe1vP1S2eE1IJxhV4= pos=<5627.224121, 28.722498, 5419.683594>) used the  ExpansionCarKey to lock HAMMER_H1_black_rust (id=DFE8FF4BA94FBDD370C69BB097780FE6 pos=<5630.671875, 28.736515, 5420.049316>)
20:08:53.867 [VehicleEnter] Player FARRIS [uid=Wzy9-i_cgozd3AtiPGeDiPs6j9tHWluwI6ggAhe7Q-Q=] entered vehicle BMW X5 Red (id=0299367DF8430986D14E8FBDE97D5315 pos=<7093.192383, 7.751045, 5440.993164>) as driver
20:09:05.210 [Market] Player "Lou Sassole" (id=ebo0O4yOjYkK486s9SoqLuFc3tRe1vP1S2eE1IJxhV4=) has send a requested to sell cp_cannabisseedspackskunk x1 at the trader "Weed (Naomi [WEED])" in market zone "The Holler" (pos=<5632.000000, 32.000000, 5392.000000>).
20:09:05.320 [Market] Player "Lou Sassole" (id=ebo0O4yOjYkK486s9SoqLuFc3tRe1vP1S2eE1IJxhV4=) has sold cp_cannabisseedspackskunk x1 at the trader "Weed (Naomi [WEED])" in market zone "The Holler" (pos=<5632.000000, 32.000000, 5392.000000>) and got 1200.
20:09:06.281 [Market] Player "Lou Sassole" (id=ebo0O4yOjYkK486s9SoqLuFc3tRe1vP1S2eE1IJxhV4=) has send a requested to sell cp_tobaccoseedspack x1 at the trader "Weed (Naomi [WEED])" in market zone "The Holler" (pos=<5632.000000, 32.000000, 5392.000000>).
20:09:06.382 [Market] Player "Lou Sassole" (id=ebo0O4yOjYkK486s9SoqLuFc3tRe1vP1S2eE1IJxhV4=) has sold cp_tobaccoseedspack x1 at the trader "Weed (Naomi [WEED])" in market zone "The Holler" (pos=<5632.000000, 32.000000, 5392.000000>) and got 15.
20:09:13.250 [Market] Player "Lou Sassole" (id=ebo0O4yOjYkK486s9SoqLuFc3tRe1vP1S2eE1IJxhV4=) has send a requested to sell cp_cannabisbrickblackfrost x6 at the trader "Weed (Naomi [WEED])" in market zone "The Holler" (pos=<5632.000000, 32.000000, 5392.000000>).
20:09:13.359 [Market] Player "Lou Sassole" (id=ebo0O4yOjYkK486s9SoqLuFc3tRe1vP1S2eE1IJxhV4=) has sold cp_cannabisbrickblackfrost x6 at the trader "Weed (Naomi [WEED])" in market zone "The Holler" (pos=<5632.000000, 32.000000, 5392.000000>) and got 324000.
20:09:34.835 [Market] Player "Lou Sassole" (id=ebo0O4yOjYkK486s9SoqLuFc3tRe1vP1S2eE1IJxhV4=) has send a requested to purchase cp_cannabisseedspackblackfrost x21 from the trader "Weed (Naomi [WEED])" in market zone "The Holler" (pos=<5632.000000, 32.000000, 5392.000000>).
20:09:34.960 [Market] Player "Lou Sassole" (id=ebo0O4yOjYkK486s9SoqLuFc3tRe1vP1S2eE1IJxhV4=) has bought cp_cannabisseedspackblackfrost x21 from the trader "Weed (Naomi [WEED])" in market zone "The Holler" (pos=<5632.000000, 32.000000, 5392.000000>) for a price of 151200.
20:09:45.132 [Market] Player "Lou Sassole" (id=ebo0O4yOjYkK486s9SoqLuFc3tRe1vP1S2eE1IJxhV4=) has send a requested to sell cp_tobaccoseedspack x1 at the trader "Weed (Naomi [WEED])" in market zone "The Holler" (pos=<5632.000000, 32.000000, 5392.000000>).
20:09:45.250 [Market] Player "Lou Sassole" (id=ebo0O4yOjYkK486s9SoqLuFc3tRe1vP1S2eE1IJxhV4=) has sold cp_tobaccoseedspack x1 at the trader "Weed (Naomi [WEED])" in market zone "The Holler" (pos=<5632.000000, 32.000000, 5392.000000>) and got 30.
20:11:09.203 [Safezone] Player "FARRIS" (id=Wzy9-i_cgozd3AtiPGeDiPs6j9tHWluwI6ggAhe7Q-Q= pos=<5664.320801, 33.275730, 5266.249512>) Entered the safezone
20:11:21.429 [VehicleLeave] Player FARRIS [uid=Wzy9-i_cgozd3AtiPGeDiPs6j9tHWluwI6ggAhe7Q-Q=] left vehicle BMW X5 Red (id=0299367DF8430986D14E8FBDE97D5315 pos=<5613.916016, 28.710630, 5369.466309>)
20:12:11.101 [ATM] Player "Lou Sassole" (id=ebo0O4yOjYkK486s9SoqLuFc3tRe1vP1S2eE1IJxhV4=) has deposited 174045 on his ATM account.
20:12:41.203 [VehicleCarKey] Player "Lou Sassole" (id=ebo0O4yOjYkK486s9SoqLuFc3tRe1vP1S2eE1IJxhV4= pos=<5628.574219, 28.722498, 5418.177246>) used the  ExpansionCarKey to unlock HAMMER_H1_black_rust (id=DFE8FF4BA94FBDD370C69BB097780FE6 pos=<5630.671875, 28.736515, 5420.049316>)
20:12:47.609 [VehicleCarKey] Player "Lou Sassole" (id=ebo0O4yOjYkK486s9SoqLuFc3tRe1vP1S2eE1IJxhV4= pos=<5628.097168, 28.722498, 5417.784180>) used the  ExpansionCarKey to lock HAMMER_H1_black_rust (id=DFE8FF4BA94FBDD370C69BB097780FE6 pos=<5630.671875, 28.736515, 5420.049316>)
20:13:30.812 [VehicleEnter] Player FARRIS [uid=Wzy9-i_cgozd3AtiPGeDiPs6j9tHWluwI6ggAhe7Q-Q=] entered vehicle BMW X5 Red (id=0299367DF8430986D14E8FBDE97D5315 pos=<5613.916016, 28.710632, 5369.466309>) as driver
20:13:44.187 [VehicleLeave] Player FARRIS [uid=Wzy9-i_cgozd3AtiPGeDiPs6j9tHWluwI6ggAhe7Q-Q=] left vehicle BMW X5 Red (id=0299367DF8430986D14E8FBDE97D5315 pos=<5626.098145, 28.710630, 5409.190430>)
20:13:48.617 [VehicleCarKey] Player "FARRIS" (id=Wzy9-i_cgozd3AtiPGeDiPs6j9tHWluwI6ggAhe7Q-Q= pos=<5624.268555, 28.722498, 5410.261719>) used the  ExpansionCarKey to lock BMW_X5_red (id=0299367DF8430986D14E8FBDE97D5315 pos=<5626.098145, 28.710632, 5409.190430>)
20:15:34.835 [Market] Player "FARRIS" (id=Wzy9-i_cgozd3AtiPGeDiPs6j9tHWluwI6ggAhe7Q-Q=) has send a requested to sell pelt_goldenhind x1 at the trader "Hunting (Helga [HUNTING & FISHING])" in market zone "The Holler" (pos=<5632.000000, 32.000000, 5392.000000>).
20:15:34.906 [Market] Player "FARRIS" (id=Wzy9-i_cgozd3AtiPGeDiPs6j9tHWluwI6ggAhe7Q-Q=) has sold pelt_goldenhind x1 at the trader "Hunting (Helga [HUNTING & FISHING])" in market zone "The Holler" (pos=<5632.000000, 32.000000, 5392.000000>) and got 8250.
20:15:35.406 [Market] Player "FARRIS" (id=Wzy9-i_cgozd3AtiPGeDiPs6j9tHWluwI6ggAhe7Q-Q=) has send a requested to sell pelt_whitestag x1 at the trader "Hunting (Helga [HUNTING & FISHING])" in market zone "The Holler" (pos=<5632.000000, 32.000000, 5392.000000>).
20:15:35.476 [Market] Player "FARRIS" (id=Wzy9-i_cgozd3AtiPGeDiPs6j9tHWluwI6ggAhe7Q-Q=) has sold pelt_whitestag x1 at the trader "Hunting (Helga [HUNTING & FISHING])" in market zone "The Holler" (pos=<5632.000000, 32.000000, 5392.000000>) and got 7125.
20:15:49.164 [Market] Player "FARRIS" (id=Wzy9-i_cgozd3AtiPGeDiPs6j9tHWluwI6ggAhe7Q-Q=) has send a requested to sell collectable_pokemoncard_center x1 at the trader "Collectibles (Quinn [COLLECTIBLE TRADER])" in market zone "The Holler" (pos=<5632.000000, 32.000000, 5392.000000>).
20:15:49.242 [Market] Player "FARRIS" (id=Wzy9-i_cgozd3AtiPGeDiPs6j9tHWluwI6ggAhe7Q-Q=) has sold collectable_pokemoncard_center x1 at the trader "Collectibles (Quinn [COLLECTIBLE TRADER])" in market zone "The Holler" (pos=<5632.000000, 32.000000, 5392.000000>) and got 750.
20:15:49.992 [Market] Player "FARRIS" (id=Wzy9-i_cgozd3AtiPGeDiPs6j9tHWluwI6ggAhe7Q-Q=) has send a requested to sell collectable_pokemoncard_dugtrio x1 at the trader "Collectibles (Quinn [COLLECTIBLE TRADER])" in market zone "The Holler" (pos=<5632.000000, 32.000000, 5392.000000>).
20:15:50.070 [Market] Player "FARRIS" (id=Wzy9-i_cgozd3AtiPGeDiPs6j9tHWluwI6ggAhe7Q-Q=) has sold collectable_pokemoncard_dugtrio x1 at the trader "Collectibles (Quinn [COLLECTIBLE TRADER])" in market zone "The Holler" (pos=<5632.000000, 32.000000, 5392.000000>) and got 1125.
20:15:50.796 [Market] Player "FARRIS" (id=Wzy9-i_cgozd3AtiPGeDiPs6j9tHWluwI6ggAhe7Q-Q=) has send a requested to sell collectable_pokemoncard_raichu x1 at the trader "Collectibles (Quinn [COLLECTIBLE TRADER])" in market zone "The Holler" (pos=<5632.000000, 32.000000, 5392.000000>).
20:15:50.875 [Market] Player "FARRIS" (id=Wzy9-i_cgozd3AtiPGeDiPs6j9tHWluwI6ggAhe7Q-Q=) has sold collectable_pokemoncard_raichu x1 at the trader "Collectibles (Quinn [COLLECTIBLE TRADER])" in market zone "The Holler" (pos=<5632.000000, 32.000000, 5392.000000>) and got 375.
20:15:51.562 [Market] Player "FARRIS" (id=Wzy9-i_cgozd3AtiPGeDiPs6j9tHWluwI6ggAhe7Q-Q=) has send a requested to sell collectable_pokemoncard_raticate x1 at the trader "Collectibles (Quinn [COLLECTIBLE TRADER])" in market zone "The Holler" (pos=<5632.000000, 32.000000, 5392.000000>).
20:15:51.609 [Market] Player "FARRIS" (id=Wzy9-i_cgozd3AtiPGeDiPs6j9tHWluwI6ggAhe7Q-Q=) has sold collectable_pokemoncard_raticate x1 at the trader "Collectibles (Quinn [COLLECTIBLE TRADER])" in market zone "The Holler" (pos=<5632.000000, 32.000000, 5392.000000>) and got 1125.
20:15:52.242 [Market] Player "FARRIS" (id=Wzy9-i_cgozd3AtiPGeDiPs6j9tHWluwI6ggAhe7Q-Q=) has send a requested to sell collectable_pokemoncard_zapdos x1 at the trader "Collectibles (Quinn [COLLECTIBLE TRADER])" in market zone "The Holler" (pos=<5632.000000, 32.000000, 5392.000000>).
20:15:52.320 [Market] Player "FARRIS" (id=Wzy9-i_cgozd3AtiPGeDiPs6j9tHWluwI6ggAhe7Q-Q=) has sold collectable_pokemoncard_zapdos x1 at the trader "Collectibles (Quinn [COLLECTIBLE TRADER])" in market zone "The Holler" (pos=<5632.000000, 32.000000, 5392.000000>) and got 750.
20:16:02.523 [Market] Player "FARRIS" (id=Wzy9-i_cgozd3AtiPGeDiPs6j9tHWluwI6ggAhe7Q-Q=) has send a requested to sell collectable_pokemonalbum x1 at the trader "Collectibles (Quinn [COLLECTIBLE TRADER])" in market zone "The Holler" (pos=<5632.000000, 32.000000, 5392.000000>).
20:16:02.601 [Market] Player "FARRIS" (id=Wzy9-i_cgozd3AtiPGeDiPs6j9tHWluwI6ggAhe7Q-Q=) has sold collectable_pokemonalbum x1 at the trader "Collectibles (Quinn [COLLECTIBLE TRADER])" in market zone "The Holler" (pos=<5632.000000, 32.000000, 5392.000000>) and got 3750.
20:16:20.382 [Market] Player "FARRIS" (id=Wzy9-i_cgozd3AtiPGeDiPs6j9tHWluwI6ggAhe7Q-Q=) has send a requested to sell combinationlock x1 at the trader "BuildingSupplies (Indar [BUILDINGS])" in market zone "The Holler" (pos=<5632.000000, 32.000000, 5392.000000>).
20:16:20.484 [Market] Player "FARRIS" (id=Wzy9-i_cgozd3AtiPGeDiPs6j9tHWluwI6ggAhe7Q-Q=) has sold combinationlock x1 at the trader "BuildingSupplies (Indar [BUILDINGS])" in market zone "The Holler" (pos=<5632.000000, 32.000000, 5392.000000>) and got 525.
20:16:38.429 [Expansion Quests] - CompleteQuest - Player with UID Wzy9-i_cgozd3AtiPGeDiPs6j9tHWluwI6ggAhe7Q-Q= has completed quest 42
20:16:55.835 [Market] Player "FARRIS" (id=Wzy9-i_cgozd3AtiPGeDiPs6j9tHWluwI6ggAhe7Q-Q=) has send a requested to sell cp_tobaccoseedspack x1 at the trader "Weed (Naomi [WEED])" in market zone "The Holler" (pos=<5632.000000, 32.000000, 5392.000000>).
20:16:55.921 [Market] Player "FARRIS" (id=Wzy9-i_cgozd3AtiPGeDiPs6j9tHWluwI6ggAhe7Q-Q=) has sold cp_tobaccoseedspack x1 at the trader "Weed (Naomi [WEED])" in market zone "The Holler" (pos=<5632.000000, 32.000000, 5392.000000>) and got 7.
20:17:00.687 [Market] Player "FARRIS" (id=Wzy9-i_cgozd3AtiPGeDiPs6j9tHWluwI6ggAhe7Q-Q=) has send a requested to purchase cp_emptybag x1 from the trader "Weed (Naomi [WEED])" in market zone "The Holler" (pos=<5632.000000, 32.000000, 5392.000000>).
20:17:00.773 [Market] Player "FARRIS" (id=Wzy9-i_cgozd3AtiPGeDiPs6j9tHWluwI6ggAhe7Q-Q=) has bought cp_emptybag x1 from the trader "Weed (Naomi [WEED])" in market zone "The Holler" (pos=<5632.000000, 32.000000, 5392.000000>) for a price of 50.
20:17:29.414 [Market] Player "FARRIS" (id=Wzy9-i_cgozd3AtiPGeDiPs6j9tHWluwI6ggAhe7Q-Q=) has send a requested to sell cp_cannabisbagkush x1 at the trader "Weed (Naomi [WEED])" in market zone "The Holler" (pos=<5632.000000, 32.000000, 5392.000000>).
20:17:29.492 [Market] Player "FARRIS" (id=Wzy9-i_cgozd3AtiPGeDiPs6j9tHWluwI6ggAhe7Q-Q=) has sold cp_cannabisbagkush x1 at the trader "Weed (Naomi [WEED])" in market zone "The Holler" (pos=<5632.000000, 32.000000, 5392.000000>) and got 1500.
20:17:46.062 [Market] Player "FARRIS" (id=Wzy9-i_cgozd3AtiPGeDiPs6j9tHWluwI6ggAhe7Q-Q=) has send a requested to sell collectable_gpu x1 at the trader "Special (Eva [SPECIALTY ITEMS])" in market zone "The Holler" (pos=<5632.000000, 32.000000, 5392.000000>).
20:17:46.148 [Market] Player "FARRIS" (id=Wzy9-i_cgozd3AtiPGeDiPs6j9tHWluwI6ggAhe7Q-Q=) has sold collectable_gpu x1 at the trader "Special (Eva [SPECIALTY ITEMS])" in market zone "The Holler" (pos=<5632.000000, 32.000000, 5392.000000>) and got 9000.
20:17:48.359 [Market] Player "FARRIS" (id=Wzy9-i_cgozd3AtiPGeDiPs6j9tHWluwI6ggAhe7Q-Q=) has send a requested to sell collectable_memorycard x1 at the trader "Special (Eva [SPECIALTY ITEMS])" in market zone "The Holler" (pos=<5632.000000, 32.000000, 5392.000000>).
20:17:48.429 [Market] Player "FARRIS" (id=Wzy9-i_cgozd3AtiPGeDiPs6j9tHWluwI6ggAhe7Q-Q=) has sold collectable_memorycard x1 at the trader "Special (Eva [SPECIALTY ITEMS])" in market zone "The Holler" (pos=<5632.000000, 32.000000, 5392.000000>) and got 4218.
20:17:49.250 [Market] Player "FARRIS" (id=Wzy9-i_cgozd3AtiPGeDiPs6j9tHWluwI6ggAhe7Q-Q=) has send a requested to sell collectable_ssd x1 at the trader "Special (Eva [SPECIALTY ITEMS])" in market zone "The Holler" (pos=<5632.000000, 32.000000, 5392.000000>).
20:17:49.328 [Market] Player "FARRIS" (id=Wzy9-i_cgozd3AtiPGeDiPs6j9tHWluwI6ggAhe7Q-Q=) has sold collectable_ssd x1 at the trader "Special (Eva [SPECIALTY ITEMS])" in market zone "The Holler" (pos=<5632.000000, 32.000000, 5392.000000>) and got 3468.
20:18:22.671 [ATM] Player "FARRIS" (id=Wzy9-i_cgozd3AtiPGeDiPs6j9tHWluwI6ggAhe7Q-Q=) has deposited 41918 on his ATM account.
20:18:50.164 [Market] Player "FARRIS" (id=Wzy9-i_cgozd3AtiPGeDiPs6j9tHWluwI6ggAhe7Q-Q=) has send a requested to sell twp_mp7 x1 at the trader "Weapons (Oliver [WEAPONS])" in market zone "The Holler" (pos=<5632.000000, 32.000000, 5392.000000>).
20:18:50.234 [Market] Player "FARRIS" (id=Wzy9-i_cgozd3AtiPGeDiPs6j9tHWluwI6ggAhe7Q-Q=) has sold twp_mp7 x1 at the trader "Weapons (Oliver [WEAPONS])" in market zone "The Holler" (pos=<5632.000000, 32.000000, 5392.000000>) and got 3370.
20:19:18.046 [VehicleCarKey] Player "FARRIS" (id=Wzy9-i_cgozd3AtiPGeDiPs6j9tHWluwI6ggAhe7Q-Q= pos=<5624.545410, 28.722496, 5410.916016>) used the  ExpansionCarKey to unlock BMW_X5_red (id=0299367DF8430986D14E8FBDE97D5315 pos=<5626.098145, 28.710632, 5409.190430>)
20:19:27.398 [VehicleEnter] Player FARRIS [uid=Wzy9-i_cgozd3AtiPGeDiPs6j9tHWluwI6ggAhe7Q-Q=] entered vehicle BMW X5 Red (id=0299367DF8430986D14E8FBDE97D5315 pos=<5626.098145, 28.710632, 5409.190430>) as driver
20:19:30.265 [VehicleEngine] Player FARRIS [uid=Wzy9-i_cgozd3AtiPGeDiPs6j9tHWluwI6ggAhe7Q-Q=] started vehicle BMW X5 Red (id=0299367DF8430986D14E8FBDE97D5315 pos=<5626.098145, 28.710634, 5409.190430>)
20:19:50.570 [Safezone] Player "FARRIS" (id=Wzy9-i_cgozd3AtiPGeDiPs6j9tHWluwI6ggAhe7Q-Q= pos=<5639.974121, 16.061369, 5703.983398>) Left the safezone
20:20:59.750 [AI Patrol] Spawning 3 Power Plant Patrol bots at <4611.757324, 20.430000, 7191.730469>
20:23:46.703 [VehicleCarKey] Player "Lou Sassole" (id=ebo0O4yOjYkK486s9SoqLuFc3tRe1vP1S2eE1IJxhV4= pos=<5626.387695, 28.722485, 5418.342285>) used the  ExpansionCarKey to unlock HAMMER_H1_black_rust (id=DFE8FF4BA94FBDD370C69BB097780FE6 pos=<5630.671875, 28.736511, 5420.049316>)
20:23:49.609 [VehicleLeave] Player FARRIS [uid=Wzy9-i_cgozd3AtiPGeDiPs6j9tHWluwI6ggAhe7Q-Q=] left vehicle BMW X5 Red (id=0299367DF8430986D14E8FBDE97D5315 pos=<4263.895508, 20.466583, 7279.095215>)
20:23:51.515 [VehicleEnter] Player Lou Sassole [uid=ebo0O4yOjYkK486s9SoqLuFc3tRe1vP1S2eE1IJxhV4=] entered vehicle HAMMER_H1 black_rust (id=DFE8FF4BA94FBDD370C69BB097780FE6 pos=<5630.671875, 28.736530, 5420.049316>) as driver
20:23:53.968 [VehicleEngine] Player Lou Sassole [uid=ebo0O4yOjYkK486s9SoqLuFc3tRe1vP1S2eE1IJxhV4=] started vehicle HAMMER_H1 black_rust (id=DFE8FF4BA94FBDD370C69BB097780FE6 pos=<5630.671875, 28.736513, 5420.049316>)
20:24:10.218 [VehicleEnter] Player FARRIS [uid=Wzy9-i_cgozd3AtiPGeDiPs6j9tHWluwI6ggAhe7Q-Q=] entered vehicle BMW X5 Red (id=0299367DF8430986D14E8FBDE97D5315 pos=<4263.895508, 20.466583, 7279.095215>) as driver
20:24:20.054 [Safezone] Player "Lou Sassole" (id=ebo0O4yOjYkK486s9SoqLuFc3tRe1vP1S2eE1IJxhV4= pos=<5624.680664, 28.614288, 5559.858887>) Left the safezone
20:24:20.648 [VehicleLeave] Player Lou Sassole [uid=ebo0O4yOjYkK486s9SoqLuFc3tRe1vP1S2eE1IJxhV4=] left vehicle HAMMER_H1 black_rust (id=DFE8FF4BA94FBDD370C69BB097780FE6 pos=<5625.384766, 27.814449, 5560.256836>)
20:24:21.890 [VehicleLeave] Player FARRIS [uid=Wzy9-i_cgozd3AtiPGeDiPs6j9tHWluwI6ggAhe7Q-Q=] left vehicle BMW X5 Red (id=0299367DF8430986D14E8FBDE97D5315 pos=<4247.424316, 20.608255, 7282.072266>)
20:24:30.054 [VehicleCarKey] Player "Lou Sassole" (id=ebo0O4yOjYkK486s9SoqLuFc3tRe1vP1S2eE1IJxhV4= pos=<5627.726563, 27.826708, 5557.228027>) used the  ExpansionCarKey to lock HAMMER_H1_black_rust (id=DFE8FF4BA94FBDD370C69BB097780FE6 pos=<5625.384766, 27.814447, 5560.256836>)
20:24:40.328 [VehicleCarKey] Player "FARRIS" (id=Wzy9-i_cgozd3AtiPGeDiPs6j9tHWluwI6ggAhe7Q-Q= pos=<4247.415039, 20.607615, 7279.275879>) used the  ExpansionCarKey to lock BMW_X5_red (id=0299367DF8430986D14E8FBDE97D5315 pos=<4247.424316, 20.608257, 7282.072266>)
20:24:43.031 [VehicleDeleted] HAMMER_H1_black_rust (id=DFE8FF4BA94FBDD370C69BB097780FE6 pos=<5625.384766, 27.814447, 5560.256836>)
20:24:43.031 [VehicleCover] Player "Lou Sassole" (id=ebo0O4yOjYkK486s9SoqLuFc3tRe1vP1S2eE1IJxhV4= pos=<5627.726563, 27.826708, 5557.228027>) covered vehicle "HAMMER_H1_black_rust" (GlobalID=8000000080000000800000008001831F pos=<5625.384766, 27.814447, 5560.256836>)!
20:24:50.773 [VehicleDeleted] BMW_X5_red (id=0299367DF8430986D14E8FBDE97D5315 pos=<4247.424316, 20.608257, 7282.072266>)
20:24:50.781 [VehicleCover] Player "FARRIS" (id=Wzy9-i_cgozd3AtiPGeDiPs6j9tHWluwI6ggAhe7Q-Q= pos=<4247.415039, 20.607615, 7279.275879>) covered vehicle "BMW_X5_red" (GlobalID=8000000080000000800000008000A2BE pos=<4247.424316, 20.608257, 7282.072266>)!
20:25:01.835 [Party] Player "Lou Sassole" (id=ebo0O4yOjYkK486s9SoqLuFc3tRe1vP1S2eE1IJxhV4=) left the party "Loosey Goosey" (id=28 ownerUID=ebo0O4yOjYkK486s9SoqLuFc3tRe1vP1S2eE1IJxhV4= ownerName=Lou Sassole)
