06:42:28.884 [VehicleCover] Player "Alaric" (id=sZJ432ovDQIgWd8wMve4ae1CuexC2jM_6lmUd51b4VQ= pos=<7936.750000, 54.162487, 8159.824707>) uncovered vehicle "Novator" (GlobalID=8000000080000000800000008000A6D4 pos=<7938.007813, 54.231945, 8158.420410>)!
06:42:35.148 [VehicleCarKey] Player "Alaric" (id=sZJ432ovDQIgWd8wMve4ae1CuexC2jM_6lmUd51b4VQ= pos=<7936.709473, 54.404736, 8159.829590>) used the  ExpansionCarKey to unlock Novator (id=0EB9B47A1C4A344386ABC589C5B687B8 pos=<7938.008789, 54.231949, 8158.420410>)
06:44:33.720 [AI Patrol] Spawning 3 Temple Patrol bots at <367.169952, 47.070000, 814.688477>
06:44:33.818 [AI Patrol] Spawning 3 Temple Patrol bots at <302.248657, 54.383801, 907.278564>
06:44:33.826 [AI Patrol] Spawning 3 Temple Patrol bots at <293.299377, 41.898205, 754.973450>
06:44:35.423 [VehicleEnter] Player Alaric [uid=sZJ432ovDQIgWd8wMve4ae1CuexC2jM_6lmUd51b4VQ=] entered vehicle  Novator (id=0EB9B47A1C4A344386ABC589C5B687B8 pos=<7938.009766, 54.231945, 8158.419922>) as driver
06:44:38.621 [VehicleEngine] Player Alaric [uid=sZJ432ovDQIgWd8wMve4ae1CuexC2jM_6lmUd51b4VQ=] started vehicle  Novator (id=0EB9B47A1C4A344386ABC589C5B687B8 pos=<7938.009277, 54.231945, 8158.420410>)
06:45:18.712 [VehicleLeave] Player Alaric [uid=sZJ432ovDQIgWd8wMve4ae1CuexC2jM_6lmUd51b4VQ=] left vehicle  Novator (id=0EB9B47A1C4A344386ABC589C5B687B8 pos=<7843.605469, 36.834663, 7995.687012>)
06:46:09.382 [VehicleEnter] Player Alaric [uid=sZJ432ovDQIgWd8wMve4ae1CuexC2jM_6lmUd51b4VQ=] entered vehicle  Novator (id=0EB9B47A1C4A344386ABC589C5B687B8 pos=<7843.604980, 36.834858, 7995.694824>) as driver
06:52:34.550 [Safezone] Player "Alaric" (id=sZJ432ovDQIgWd8wMve4ae1CuexC2jM_6lmUd51b4VQ= pos=<5662.244629, 30.087061, 5521.464355>) Entered the safezone
06:52:50.564 [VehicleEngine] Player Alaric [uid=sZJ432ovDQIgWd8wMve4ae1CuexC2jM_6lmUd51b4VQ=] stopped vehicle  Novator (id=0EB9B47A1C4A344386ABC589C5B687B8 pos=<5630.035645, 28.758133, 5421.245605>)
06:52:55.193 [VehicleLeave] Player Alaric [uid=sZJ432ovDQIgWd8wMve4ae1CuexC2jM_6lmUd51b4VQ=] left vehicle  Novator (id=0EB9B47A1C4A344386ABC589C5B687B8 pos=<5630.036621, 28.758160, 5421.244629>)
06:54:57.798 [Market] Player "Alaric" (id=sZJ432ovDQIgWd8wMve4ae1CuexC2jM_6lmUd51b4VQ=) has send a requested to sell expansion_benellim4 x1 at the trader "Weapons (Oliver [WEAPONS])" in market zone "The Holler" (pos=<5632.000000, 32.000000, 5392.000000>).
06:54:57.867 [Market] Player "Alaric" (id=sZJ432ovDQIgWd8wMve4ae1CuexC2jM_6lmUd51b4VQ=) has sold expansion_benellim4 x1 at the trader "Weapons (Oliver [WEAPONS])" in market zone "The Holler" (pos=<5632.000000, 32.000000, 5392.000000>) and got 4875.
06:55:06.318 [Market] Player "Alaric" (id=sZJ432ovDQIgWd8wMve4ae1CuexC2jM_6lmUd51b4VQ=) has send a requested to purchase twp_mp153 x1 from the trader "Weapons (Oliver [WEAPONS])" in market zone "The Holler" (pos=<5632.000000, 32.000000, 5392.000000>).
06:55:06.398 [Market] Player "Alaric" (id=sZJ432ovDQIgWd8wMve4ae1CuexC2jM_6lmUd51b4VQ=) has bought twp_mp153 x1 from the trader "Weapons (Oliver [WEAPONS])" in market zone "The Holler" (pos=<5632.000000, 32.000000, 5392.000000>) for a price of 1800.
06:55:41.539 [Market] Player "Alaric" (id=sZJ432ovDQIgWd8wMve4ae1CuexC2jM_6lmUd51b4VQ=) has send a requested to purchase fnp45_mrdsoptic x1 from the trader "Weapons (Oliver [WEAPONS])" in market zone "The Holler" (pos=<5632.000000, 32.000000, 5392.000000>).
06:55:41.613 [Market] Player "Alaric" (id=sZJ432ovDQIgWd8wMve4ae1CuexC2jM_6lmUd51b4VQ=) has bought fnp45_mrdsoptic x1 from the trader "Weapons (Oliver [WEAPONS])" in market zone "The Holler" (pos=<5632.000000, 32.000000, 5392.000000>) for a price of 250.
06:56:45.738 [MissionAirdrop] An airdrop is heading towards "Old-Town" (pos=<1849.000000, 0.000000, 8830.000000> type=Random_Old-Town) with a ExpansionAirdropContainer_Medical
06:57:32.632 [Market] Player "Alaric" (id=sZJ432ovDQIgWd8wMve4ae1CuexC2jM_6lmUd51b4VQ=) has send a requested to sell mp133shotgun x1 at the trader "Weapons (Oliver [WEAPONS])" in market zone "The Holler" (pos=<5632.000000, 32.000000, 5392.000000>).
06:57:32.720 [Market] Player "Alaric" (id=sZJ432ovDQIgWd8wMve4ae1CuexC2jM_6lmUd51b4VQ=) has sold mp133shotgun x1 at the trader "Weapons (Oliver [WEAPONS])" in market zone "The Holler" (pos=<5632.000000, 32.000000, 5392.000000>) and got 843.
06:58:03.845 [Market] Player "Alaric" (id=sZJ432ovDQIgWd8wMve4ae1CuexC2jM_6lmUd51b4VQ=) has send a requested to purchase ak_suppressor x1 from the trader "Weapons (Oliver [WEAPONS])" in market zone "The Holler" (pos=<5632.000000, 32.000000, 5392.000000>).
06:58:03.958 [Market] Player "Alaric" (id=sZJ432ovDQIgWd8wMve4ae1CuexC2jM_6lmUd51b4VQ=) has bought ak_suppressor x1 from the trader "Weapons (Oliver [WEAPONS])" in market zone "The Holler" (pos=<5632.000000, 32.000000, 5392.000000>) for a price of 425.
06:58:25.835 [Market] Player "Alaric" (id=sZJ432ovDQIgWd8wMve4ae1CuexC2jM_6lmUd51b4VQ=) has send a requested to purchase m4_suppressor x1 from the trader "Weapons (Oliver [WEAPONS])" in market zone "The Holler" (pos=<5632.000000, 32.000000, 5392.000000>).
06:58:25.957 [Market] Player "Alaric" (id=sZJ432ovDQIgWd8wMve4ae1CuexC2jM_6lmUd51b4VQ=) has bought m4_suppressor x1 from the trader "Weapons (Oliver [WEAPONS])" in market zone "The Holler" (pos=<5632.000000, 32.000000, 5392.000000>) for a price of 425.
06:59:25.808 [Market] Player "Alaric" (id=sZJ432ovDQIgWd8wMve4ae1CuexC2jM_6lmUd51b4VQ=) has send a requested to purchase mag_cmag_30rnd x2 from the trader "Weapons (Oliver [WEAPONS])" in market zone "The Holler" (pos=<5632.000000, 32.000000, 5392.000000>).
06:59:25.884 [Market] Player "Alaric" (id=sZJ432ovDQIgWd8wMve4ae1CuexC2jM_6lmUd51b4VQ=) has bought mag_cmag_30rnd x2 from the trader "Weapons (Oliver [WEAPONS])" in market zone "The Holler" (pos=<5632.000000, 32.000000, 5392.000000>) for a price of 560.
07:05:34.480 [VehicleEnter] Player Alaric [uid=sZJ432ovDQIgWd8wMve4ae1CuexC2jM_6lmUd51b4VQ=] entered vehicle  Novator (id=0EB9B47A1C4A344386ABC589C5B687B8 pos=<5630.037598, 28.758179, 5421.243164>) as driver
07:05:37.769 [VehicleEngine] Player Alaric [uid=sZJ432ovDQIgWd8wMve4ae1CuexC2jM_6lmUd51b4VQ=] started vehicle  Novator (id=0EB9B47A1C4A344386ABC589C5B687B8 pos=<5630.037109, 28.758171, 5421.244141>)
07:06:07.367 [Safezone] Player "Alaric" (id=sZJ432ovDQIgWd8wMve4ae1CuexC2jM_6lmUd51b4VQ= pos=<5600.710938, 18.535574, 5676.097168>) Left the safezone
07:09:51.714 [AI Patrol] Spawning 1 Shamans bots at <6708.352051, 20.607351, 8421.058594>
07:10:20.765 [VehicleLeave] Player Alaric [uid=sZJ432ovDQIgWd8wMve4ae1CuexC2jM_6lmUd51b4VQ=] left vehicle  Novator (id=0EB9B47A1C4A344386ABC589C5B687B8 pos=<7334.973633, 2.777645, 7816.257813>)
07:10:39.332 [VehicleEnter] Player Alaric [uid=sZJ432ovDQIgWd8wMve4ae1CuexC2jM_6lmUd51b4VQ=] entered vehicle  Novator (id=0EB9B47A1C4A344386ABC589C5B687B8 pos=<7334.974121, 2.777659, 7816.255859>) as driver
07:13:19.013 [VehicleEngine] Player Alaric [uid=sZJ432ovDQIgWd8wMve4ae1CuexC2jM_6lmUd51b4VQ=] stopped vehicle  Novator (id=0EB9B47A1C4A344386ABC589C5B687B8 pos=<7937.921875, 54.231945, 8158.876465>)
07:13:31.007 [VehicleLeave] Player Alaric [uid=sZJ432ovDQIgWd8wMve4ae1CuexC2jM_6lmUd51b4VQ=] left vehicle  Novator (id=0EB9B47A1C4A344386ABC589C5B687B8 pos=<7937.923340, 54.231945, 8158.874512>)
07:13:54.638 [VehicleCarKey] Player "Alaric" (id=sZJ432ovDQIgWd8wMve4ae1CuexC2jM_6lmUd51b4VQ= pos=<7939.461426, 54.404602, 8157.838867>) used the  ExpansionCarKey to lock Novator (id=0EB9B47A1C4A344386ABC589C5B687B8 pos=<7937.920898, 54.231945, 8158.876953>)
07:14:06.070 [VehicleDeleted] Novator (id=0EB9B47A1C4A344386ABC589C5B687B8 pos=<7937.920898, 54.231945, 8158.876953>)
07:14:06.070 [VehicleCover] Player "Alaric" (id=sZJ432ovDQIgWd8wMve4ae1CuexC2jM_6lmUd51b4VQ= pos=<7939.551270, 54.162498, 8157.833496>) covered vehicle "Novator" (GlobalID=8000000080000000800000008000A6D4 pos=<7937.920898, 54.231945, 8158.876953>)!
09:15:57.675 [VehicleDeleted] Velociraptor6x6 (id=FC0A321BCA4271399BDF0389286E4343 pos=<-0.003506, 0.780768, -0.834344>)
09:15:57.699 [VirtualGarage] Player "zXGoovis_AndachairXz" (id=-r2araXommLNgd2kLCOg5MUhQUGYZRsIrQF--_XcIVE= pos=<8288.478516, 145.356583, 10870.961914>) retrieved a vehicle "Velociraptor6x6" (GlobalID=8000000080000000800000008000FB48 pos=<8297.501953, 142.816956, 10864.643555>)
09:16:08.980 [VehicleCarKey] Player "zXGoovis_AndachairXz" (id=-r2araXommLNgd2kLCOg5MUhQUGYZRsIrQF--_XcIVE= pos=<8299.234375, 142.763626, 10864.449219>) used the  ExpansionCarKey to unlock Velociraptor6x6 (id=9C33D4ECBE4DBCA12C2E08B6F32E1DFA pos=<8297.499023, 142.816940, 10864.642578>)
09:16:15.718 [VehicleEnter] Player zXGoovis_AndachairXz [uid=-r2araXommLNgd2kLCOg5MUhQUGYZRsIrQF--_XcIVE=] entered vehicle Velociraptor6x6 (id=9C33D4ECBE4DBCA12C2E08B6F32E1DFA pos=<8297.501953, 142.816971, 10864.642578>) as driver
09:16:20.062 [VehicleEngine] Player zXGoovis_AndachairXz [uid=-r2araXommLNgd2kLCOg5MUhQUGYZRsIrQF--_XcIVE=] started vehicle Velociraptor6x6 (id=9C33D4ECBE4DBCA12C2E08B6F32E1DFA pos=<8297.499023, 142.816910, 10864.642578>)
09:24:53.714 [AI Patrol] Spawning 3 Power Plant Patrol bots at <4501.769531, 20.430000, 7282.392090>
09:30:10.035 [Safezone] Player "zXGoovis_AndachairXz" (id=-r2araXommLNgd2kLCOg5MUhQUGYZRsIrQF--_XcIVE= pos=<5658.529785, 30.045607, 5519.874023>) Entered the safezone
09:30:33.492 [VehicleLeave] Player zXGoovis_AndachairXz [uid=-r2araXommLNgd2kLCOg5MUhQUGYZRsIrQF--_XcIVE=] left vehicle Velociraptor6x6 (id=9C33D4ECBE4DBCA12C2E08B6F32E1DFA pos=<5628.331543, 28.732803, 5419.582520>)
09:30:50.394 [VehicleAttachments] Player zXGoovis_AndachairXz (uid=-r2araXommLNgd2kLCOg5MUhQUGYZRsIrQF--_XcIVE=) detached Velociraptor6x6 Rear Left Door (type=Velociraptor6x6_Doors_cargo1) from vehicle Velociraptor6x6(id=9C33D4ECBE4DBCA12C2E08B6F32E1DFA pos=<5628.333984, 28.732836, 5419.579590>)
09:31:00.609 [VehicleEnter] Player zXGoovis_AndachairXz [uid=-r2araXommLNgd2kLCOg5MUhQUGYZRsIrQF--_XcIVE=] entered vehicle Velociraptor6x6 (id=9C33D4ECBE4DBCA12C2E08B6F32E1DFA pos=<5628.332031, 28.732811, 5419.581543>) as driver
09:31:03.910 [VehicleLeave] Player zXGoovis_AndachairXz [uid=-r2araXommLNgd2kLCOg5MUhQUGYZRsIrQF--_XcIVE=] left vehicle Velociraptor6x6 (id=9C33D4ECBE4DBCA12C2E08B6F32E1DFA pos=<5628.332031, 28.732811, 5419.581543>)
09:31:10.242 [VehicleCarKey] Player "zXGoovis_AndachairXz" (id=-r2araXommLNgd2kLCOg5MUhQUGYZRsIrQF--_XcIVE= pos=<5628.558105, 28.722498, 5417.790527>) used the  ExpansionCarKey to lock Velociraptor6x6 (id=9C33D4ECBE4DBCA12C2E08B6F32E1DFA pos=<5628.334473, 28.732840, 5419.579102>)
09:31:38.605 [ATM] Player "zXGoovis_AndachairXz" (id=-r2araXommLNgd2kLCOg5MUhQUGYZRsIrQF--_XcIVE=) has withdrawn 462665 from his ATM account.
09:32:18.148 [Market] Player "zXGoovis_AndachairXz" (id=-r2araXommLNgd2kLCOg5MUhQUGYZRsIrQF--_XcIVE=) has send a requested to purchase twp_ninjasword x1 from the trader "Weapons (Oliver [WEAPONS])" in market zone "The Holler" (pos=<5632.000000, 32.000000, 5392.000000>).
09:32:18.226 [Market] Player "zXGoovis_AndachairXz" (id=-r2araXommLNgd2kLCOg5MUhQUGYZRsIrQF--_XcIVE=) has bought twp_ninjasword x1 from the trader "Weapons (Oliver [WEAPONS])" in market zone "The Holler" (pos=<5632.000000, 32.000000, 5392.000000>) for a price of 10000.
09:33:35.089 [ATM] Player "zXGoovis_AndachairXz" (id=-r2araXommLNgd2kLCOg5MUhQUGYZRsIrQF--_XcIVE=) has deposited 452665 on his ATM account.
09:40:32.914 [VehicleCarKey] Player "zXGoovis_AndachairXz" (id=-r2araXommLNgd2kLCOg5MUhQUGYZRsIrQF--_XcIVE= pos=<5627.994141, 28.962362, 5417.458008>) used the  ExpansionCarKey to unlock Velociraptor6x6 (id=9C33D4ECBE4DBCA12C2E08B6F32E1DFA pos=<5628.334473, 28.732840, 5419.579102>)
09:40:43.953 [VehicleCarKey] Player "zXGoovis_AndachairXz" (id=-r2araXommLNgd2kLCOg5MUhQUGYZRsIrQF--_XcIVE= pos=<5631.225586, 28.678576, 5421.834473>) used the  ExpansionCarKey to lock Velociraptor6x6 (id=9C33D4ECBE4DBCA12C2E08B6F32E1DFA pos=<5628.334473, 28.732840, 5419.579102>)
09:40:47.375 [VehicleCarKey] Player "zXGoovis_AndachairXz" (id=-r2araXommLNgd2kLCOg5MUhQUGYZRsIrQF--_XcIVE= pos=<5631.243652, 28.678221, 5421.848633>) used the  ExpansionCarKey to unlock Velociraptor6x6 (id=9C33D4ECBE4DBCA12C2E08B6F32E1DFA pos=<5628.334473, 28.732840, 5419.579102>)
09:40:57.554 [VehicleEnter] Player zXGoovis_AndachairXz [uid=-r2araXommLNgd2kLCOg5MUhQUGYZRsIrQF--_XcIVE=] entered vehicle Velociraptor6x6 (id=9C33D4ECBE4DBCA12C2E08B6F32E1DFA pos=<5628.334961, 28.732840, 5419.579102>) as driver
09:41:02.375 [VehicleEngine] Player zXGoovis_AndachairXz [uid=-r2araXommLNgd2kLCOg5MUhQUGYZRsIrQF--_XcIVE=] started vehicle Velociraptor6x6 (Locked) (id=9C33D4ECBE4DBCA12C2E08B6F32E1DFA pos=<5628.333008, 28.732817, 5419.580566>)
09:41:42.421 [Safezone] Player "zXGoovis_AndachairXz" (id=-r2araXommLNgd2kLCOg5MUhQUGYZRsIrQF--_XcIVE= pos=<5780.400879, 26.147278, 5200.123535>) Left the safezone
09:43:41.921 [VehicleLeave] Player zXGoovis_AndachairXz [uid=-r2araXommLNgd2kLCOg5MUhQUGYZRsIrQF--_XcIVE=] left vehicle Velociraptor6x6 (id=9C33D4ECBE4DBCA12C2E08B6F32E1DFA pos=<6966.362305, 31.367390, 5828.634766>)
09:43:46.113 [VehicleCarKey] Player "zXGoovis_AndachairXz" (id=-r2araXommLNgd2kLCOg5MUhQUGYZRsIrQF--_XcIVE= pos=<6966.988770, 31.498659, 5830.088379>) used the  ExpansionCarKey to lock Velociraptor6x6 (id=9C33D4ECBE4DBCA12C2E08B6F32E1DFA pos=<6966.362305, 31.367489, 5828.636230>)
09:43:47.644 [VehicleCarKey] Player "zXGoovis_AndachairXz" (id=-r2araXommLNgd2kLCOg5MUhQUGYZRsIrQF--_XcIVE= pos=<6966.988770, 31.498659, 5830.088379>) used the  ExpansionCarKey to unlock Velociraptor6x6 (id=9C33D4ECBE4DBCA12C2E08B6F32E1DFA pos=<6966.362305, 31.367489, 5828.636230>)
09:43:53.140 [VehicleCarKey] Player "zXGoovis_AndachairXz" (id=-r2araXommLNgd2kLCOg5MUhQUGYZRsIrQF--_XcIVE= pos=<6962.716797, 31.213556, 5829.248535>) used the  ExpansionCarKey to lock Velociraptor6x6 (id=9C33D4ECBE4DBCA12C2E08B6F32E1DFA pos=<6966.362305, 31.367489, 5828.636230>)
09:44:08.296 [VehicleDeleted] Velociraptor6x6 (id=9C33D4ECBE4DBCA12C2E08B6F32E1DFA pos=<6966.362305, 31.367489, 5828.636230>)
09:44:08.296 [VehicleCover] Player "zXGoovis_AndachairXz" (id=-r2araXommLNgd2kLCOg5MUhQUGYZRsIrQF--_XcIVE= pos=<6967.548828, 31.567099, 5830.339844>) covered vehicle "Velociraptor6x6" (GlobalID=8000000080000000800000008000FB48 pos=<6966.362305, 31.367489, 5828.636230>)!
09:59:24.933 [VehicleCover] Player "zXGoovis_AndachairXz" (id=-r2araXommLNgd2kLCOg5MUhQUGYZRsIrQF--_XcIVE= pos=<6965.344238, 31.420919, 5830.484375>) uncovered vehicle "Velociraptor6x6" (GlobalID=8000000080000000800000008000FB48 pos=<6966.362305, 31.367489, 5828.636230>)!
09:59:31.113 [VehicleCarKey] Player "zXGoovis_AndachairXz" (id=-r2araXommLNgd2kLCOg5MUhQUGYZRsIrQF--_XcIVE= pos=<6967.478027, 31.543535, 5830.166016>) used the  ExpansionCarKey to unlock Velociraptor6x6 (id=D47A98F5DC4D21B50E16D1B74711B016 pos=<6966.362305, 31.367270, 5828.632813>)
09:59:35.953 [VehicleEnter] Player zXGoovis_AndachairXz [uid=-r2araXommLNgd2kLCOg5MUhQUGYZRsIrQF--_XcIVE=] entered vehicle Velociraptor6x6 (id=D47A98F5DC4D21B50E16D1B74711B016 pos=<6966.361816, 31.367119, 5828.631348>) as driver
09:59:40.062 [VehicleEngine] Player zXGoovis_AndachairXz [uid=-r2araXommLNgd2kLCOg5MUhQUGYZRsIrQF--_XcIVE=] started vehicle Velociraptor6x6 (Locked) (id=D47A98F5DC4D21B50E16D1B74711B016 pos=<6966.361816, 31.367125, 5828.631348>)
10:03:26.285 [AI Patrol] Spawning 3 Shamans bots at <7501.695801, 43.354008, 2064.736572>
10:03:41.351 [VehicleLeave] Player zXGoovis_AndachairXz [uid=-r2araXommLNgd2kLCOg5MUhQUGYZRsIrQF--_XcIVE=] left vehicle Velociraptor6x6 (id=D47A98F5DC4D21B50E16D1B74711B016 pos=<7457.544922, 25.182348, 2974.157471>)
10:04:18.078 [VehicleEnter] Player zXGoovis_AndachairXz [uid=-r2araXommLNgd2kLCOg5MUhQUGYZRsIrQF--_XcIVE=] entered vehicle Velociraptor6x6 (id=D47A98F5DC4D21B50E16D1B74711B016 pos=<7457.541992, 25.182362, 2974.158203>) as driver
10:04:20.781 [VehicleEngine] Player zXGoovis_AndachairXz [uid=-r2araXommLNgd2kLCOg5MUhQUGYZRsIrQF--_XcIVE=] started vehicle Velociraptor6x6 (id=D47A98F5DC4D21B50E16D1B74711B016 pos=<7457.541504, 25.182360, 2974.158203>)
10:05:46.593 [VehicleLeave] Player zXGoovis_AndachairXz [uid=-r2araXommLNgd2kLCOg5MUhQUGYZRsIrQF--_XcIVE=] left vehicle Velociraptor6x6 (id=D47A98F5DC4D21B50E16D1B74711B016 pos=<6918.260254, 42.233719, 2254.526855>)
10:05:56.433 [VehicleCarKey] Player "zXGoovis_AndachairXz" (id=-r2araXommLNgd2kLCOg5MUhQUGYZRsIrQF--_XcIVE= pos=<6914.618164, 42.301952, 2254.183594>) used the  ExpansionCarKey to lock Velociraptor6x6 (id=D47A98F5DC4D21B50E16D1B74711B016 pos=<6918.260254, 42.233601, 2254.525635>)
10:06:08.578 [VehicleDeleted] Velociraptor6x6 (id=D47A98F5DC4D21B50E16D1B74711B016 pos=<6918.260254, 42.233601, 2254.525635>)
10:06:08.582 [VehicleCover] Player "zXGoovis_AndachairXz" (id=-r2araXommLNgd2kLCOg5MUhQUGYZRsIrQF--_XcIVE= pos=<6914.206055, 42.274998, 2253.159180>) covered vehicle "Velociraptor6x6" (GlobalID=8000000080000000800000008000FB48 pos=<6918.260254, 42.233601, 2254.525635>)!
10:22:21.648 [VehicleCover] Player "zXGoovis_AndachairXz" (id=-r2araXommLNgd2kLCOg5MUhQUGYZRsIrQF--_XcIVE= pos=<6921.524902, 42.233540, 2254.203857>) uncovered vehicle "Velociraptor6x6" (GlobalID=8000000080000000800000008000FB48 pos=<6918.260254, 42.233601, 2254.525635>)!
10:22:26.570 [VehicleCarKey] Player "zXGoovis_AndachairXz" (id=-r2araXommLNgd2kLCOg5MUhQUGYZRsIrQF--_XcIVE= pos=<6922.032227, 42.291470, 2254.408203>) used the  ExpansionCarKey to unlock Velociraptor6x6 (id=0F4AD68B5A4FFC62B98AD192174EEB02 pos=<6918.261230, 42.233948, 2254.527588>)
10:24:20.136 [VehicleEnter] Player zXGoovis_AndachairXz [uid=-r2araXommLNgd2kLCOg5MUhQUGYZRsIrQF--_XcIVE=] entered vehicle Velociraptor6x6 (id=0F4AD68B5A4FFC62B98AD192174EEB02 pos=<6918.261230, 42.233925, 2254.529297>) as driver
10:24:54.238 [VehicleEngine] Player zXGoovis_AndachairXz [uid=-r2araXommLNgd2kLCOg5MUhQUGYZRsIrQF--_XcIVE=] started vehicle Velociraptor6x6 (id=0F4AD68B5A4FFC62B98AD192174EEB02 pos=<6918.261230, 42.233921, 2254.529297>)
10:25:39.976 [VehicleLeave] Player zXGoovis_AndachairXz [uid=-r2araXommLNgd2kLCOg5MUhQUGYZRsIrQF--_XcIVE=] left vehicle Velociraptor6x6 (id=0F4AD68B5A4FFC62B98AD192174EEB02 pos=<6493.297363, 31.583162, 2098.234375>)
10:26:02.273 [VehicleEnter] Player zXGoovis_AndachairXz [uid=-r2araXommLNgd2kLCOg5MUhQUGYZRsIrQF--_XcIVE=] entered vehicle Velociraptor6x6 (id=0F4AD68B5A4FFC62B98AD192174EEB02 pos=<6493.299316, 31.583162, 2098.238037>) as driver
10:26:05.406 [VehicleEngine] Player zXGoovis_AndachairXz [uid=-r2araXommLNgd2kLCOg5MUhQUGYZRsIrQF--_XcIVE=] started vehicle Velociraptor6x6 (id=0F4AD68B5A4FFC62B98AD192174EEB02 pos=<6493.297852, 31.583162, 2098.235840>)
10:26:49.765 [VehicleLeave] Player zXGoovis_AndachairXz [uid=-r2araXommLNgd2kLCOg5MUhQUGYZRsIrQF--_XcIVE=] left vehicle Velociraptor6x6 (id=0F4AD68B5A4FFC62B98AD192174EEB02 pos=<6496.507324, 31.583166, 1964.907593>)
10:26:58.667 [VehicleCarKey] Player "zXGoovis_AndachairXz" (id=-r2araXommLNgd2kLCOg5MUhQUGYZRsIrQF--_XcIVE= pos=<6495.853516, 31.562498, 1963.311523>) used the  ExpansionCarKey to lock Velociraptor6x6 (id=0F4AD68B5A4FFC62B98AD192174EEB02 pos=<6496.507813, 31.583166, 1964.903687>)
10:27:09.523 [VehicleDeleted] Velociraptor6x6 (id=0F4AD68B5A4FFC62B98AD192174EEB02 pos=<6496.507813, 31.583166, 1964.903687>)
10:27:09.523 [VehicleCover] Player "zXGoovis_AndachairXz" (id=-r2araXommLNgd2kLCOg5MUhQUGYZRsIrQF--_XcIVE= pos=<6495.903320, 31.562498, 1962.881958>) covered vehicle "Velociraptor6x6" (GlobalID=8000000080000000800000008000FB48 pos=<6496.507813, 31.583166, 1964.903687>)!
10:27:43.792 [MissionAirdrop] An airdrop is heading towards "Old-Town" (pos=<1849.000000, 0.000000, 8830.000000> type=Random_Old-Town) with a ExpansionAirdropContainer_Medical
10:47:15.796 [VehicleCover] Player "zXGoovis_AndachairXz" (id=-r2araXommLNgd2kLCOg5MUhQUGYZRsIrQF--_XcIVE= pos=<6496.490234, 31.562498, 1963.230713>) uncovered vehicle "Velociraptor6x6" (GlobalID=8000000080000000800000008000FB48 pos=<6496.507813, 31.583166, 1964.903687>)!
10:47:22.726 [VehicleCarKey] Player "zXGoovis_AndachairXz" (id=-r2araXommLNgd2kLCOg5MUhQUGYZRsIrQF--_XcIVE= pos=<6501.014160, 31.802500, 1964.757080>) used the  ExpansionCarKey to unlock Velociraptor6x6 (id=EE5E402BB845F4A8F8206AB72D2F87AC pos=<6496.508789, 31.583170, 1964.905151>)
10:49:05.312 [VehicleCarKey] Player "zXGoovis_AndachairXz" (id=-r2araXommLNgd2kLCOg5MUhQUGYZRsIrQF--_XcIVE= pos=<6500.663574, 31.631250, 1965.162598>) used the  ExpansionCarKey to lock Velociraptor6x6 (id=EE5E402BB845F4A8F8206AB72D2F87AC pos=<6496.508789, 31.583170, 1964.905151>)
10:49:16.796 [VehicleDeleted] Velociraptor6x6 (id=EE5E402BB845F4A8F8206AB72D2F87AC pos=<6496.508789, 31.583170, 1964.905151>)
10:49:16.796 [VehicleCover] Player "zXGoovis_AndachairXz" (id=-r2araXommLNgd2kLCOg5MUhQUGYZRsIrQF--_XcIVE= pos=<6500.782227, 31.562498, 1965.177002>) covered vehicle "Velociraptor6x6" (GlobalID=8000000080000000800000008000FB48 pos=<6496.508789, 31.583170, 1964.905151>)!
10:49:32.566 [Safezone] Player "[Admin] Bunker" (id=mBNlxASsPlOcry0dpDl8K-WgHNR5WMCMmoJ9NhpU4FY= pos=<5649.586426, 29.502888, 5404.600586>) Entered the safezone
11:04:55.398 [Party] Player "BDH Crazy22" (id=xBwUe6F0ELy8UX4ZzLIEUefw3PJSjX0OdDxaAAGlFcY=) joinded the party "noobs" (id=27 ownerUID=xBwUe6F0ELy8UX4ZzLIEUefw3PJSjX0OdDxaAAGlFcY= ownerName=BDH Crazy22)
11:07:23.605 [Party] Player "BDH Crazy22" (id=xBwUe6F0ELy8UX4ZzLIEUefw3PJSjX0OdDxaAAGlFcY=) left the party "noobs" (id=27 ownerUID=xBwUe6F0ELy8UX4ZzLIEUefw3PJSjX0OdDxaAAGlFcY= ownerName=BDH Crazy22)
11:09:42.292 [Party] Player "BDH Crazy22" (id=xBwUe6F0ELy8UX4ZzLIEUefw3PJSjX0OdDxaAAGlFcY=) joinded the party "noobs" (id=27 ownerUID=xBwUe6F0ELy8UX4ZzLIEUefw3PJSjX0OdDxaAAGlFcY= ownerName=BDH Crazy22)
11:09:54.593 [VehicleCarKey] Player "BDH Crazy22" (id=xBwUe6F0ELy8UX4ZzLIEUefw3PJSjX0OdDxaAAGlFcY= pos=<9857.402344, 39.302498, 5404.187988>) used the  ExpansionCarKey to unlock ToyotaHilux_rust (id=D0BDD6DEB64630CCFABD1BA86291A6EA pos=<9859.149414, 39.294765, 5403.144531>)
11:10:02.726 [VehicleEnter] Player BDH Crazy22 [uid=xBwUe6F0ELy8UX4ZzLIEUefw3PJSjX0OdDxaAAGlFcY=] entered vehicle ToyotaHilux rust (id=D0BDD6DEB64630CCFABD1BA86291A6EA pos=<9859.149414, 39.294758, 5403.145020>) as driver
11:10:07.167 [VehicleEngine] Player BDH Crazy22 [uid=xBwUe6F0ELy8UX4ZzLIEUefw3PJSjX0OdDxaAAGlFcY=] started vehicle ToyotaHilux rust (id=D0BDD6DEB64630CCFABD1BA86291A6EA pos=<9859.149414, 39.294758, 5403.145020>)
11:10:17.289 [AI Patrol] Spawning 3 Camp Bear Patrol bots at <8941.862305, 15.686013, 5891.475586>
11:12:42.457 [AI Patrol] Spawning 3 Camp Eagle Patrol bots at <8981.821289, 49.289188, 3756.114990>
11:14:41.117 [VehicleLeave] Player BDH Crazy22 [uid=xBwUe6F0ELy8UX4ZzLIEUefw3PJSjX0OdDxaAAGlFcY=] left vehicle ToyotaHilux rust (id=D0BDD6DEB64630CCFABD1BA86291A6EA pos=<8626.972656, 3.952693, 4003.674072>)
11:14:46.921 [VehicleCarKey] Player "BDH Crazy22" (id=xBwUe6F0ELy8UX4ZzLIEUefw3PJSjX0OdDxaAAGlFcY= pos=<8628.641602, 3.947920, 4004.448975>) used the  ExpansionCarKey to lock ToyotaHilux_rust (id=D0BDD6DEB64630CCFABD1BA86291A6EA pos=<8626.973633, 3.952702, 4003.674805>)
11:30:30.406 [Killfeed] BDH Crazy22 got killed by Camp Eagle Patrol with KA-101 from a distance of 13 m.
11:30:52.250 [Party] Player "BDH Crazy22" (id=xBwUe6F0ELy8UX4ZzLIEUefw3PJSjX0OdDxaAAGlFcY=) joinded the party "noobs" (id=27 ownerUID=xBwUe6F0ELy8UX4ZzLIEUefw3PJSjX0OdDxaAAGlFcY= ownerName=BDH Crazy22)
11:31:10.648 [SpawnSelection] Player "BDH Crazy22" (id=xBwUe6F0ELy8UX4ZzLIEUefw3PJSjX0OdDxaAAGlFcY=) spawned at <7508.879883, 24.460300, 3819.979980>
11:49:25.304 [Party] Player "Condom Breath" (id=VsEWQWxzvcTpDLQgc9tVyxq5TiqDS9O3QehdBa_YkH8=) joinded the party "Dirty Crew" (id=23 ownerUID=VsEWQWxzvcTpDLQgc9tVyxq5TiqDS9O3QehdBa_YkH8= ownerName=Condom Breath)
11:49:25.312 [AI Patrol] Spawning 3 RCFI Patrol bots at <3746.488281, 11.659419, 8746.697266>
11:52:07.203 [VehicleCarKey] Player "BDH Crazy22" (id=xBwUe6F0ELy8UX4ZzLIEUefw3PJSjX0OdDxaAAGlFcY= pos=<8628.600586, 3.947919, 4005.359619>) used the  ExpansionCarKey to unlock ToyotaHilux_rust (id=D0BDD6DEB64630CCFABD1BA86291A6EA pos=<8626.973633, 3.952702, 4003.674805>)
11:52:47.332 [VehicleEnter] Player Condom Breath [uid=VsEWQWxzvcTpDLQgc9tVyxq5TiqDS9O3QehdBa_YkH8=] entered vehicle Mh-6 Little Bird (id=5083FB9B8044475661D0BEB46B1D31DD pos=<3736.703613, 17.049873, 9738.372070>) as pilot
11:53:36.679 [VehicleEngine] Player Condom Breath [uid=VsEWQWxzvcTpDLQgc9tVyxq5TiqDS9O3QehdBa_YkH8=] started vehicle Mh-6 Little Bird (id=5083FB9B8044475661D0BEB46B1D31DD pos=<3736.703369, 17.049875, 9738.372070>)
11:54:57.398 [AI Patrol] Spawning 1 Shamans bots at <5651.755371, 9.958698, 8891.772461>
11:56:15.058 [VehicleEngine] Player Condom Breath [uid=VsEWQWxzvcTpDLQgc9tVyxq5TiqDS9O3QehdBa_YkH8=] stopped vehicle Mh-6 Little Bird (id=5083FB9B8044475661D0BEB46B1D31DD pos=<5287.125977, 38.961250, 8021.539551>)
11:56:22.449 [VehicleLeave] Player Condom Breath [uid=VsEWQWxzvcTpDLQgc9tVyxq5TiqDS9O3QehdBa_YkH8=] left vehicle Mh-6 Little Bird (id=5083FB9B8044475661D0BEB46B1D31DD pos=<5287.143555, 38.231445, 8021.580566>)
11:56:51.281 [VehicleEnter] Player Condom Breath [uid=VsEWQWxzvcTpDLQgc9tVyxq5TiqDS9O3QehdBa_YkH8=] entered vehicle Mh-6 Little Bird (id=5083FB9B8044475661D0BEB46B1D31DD pos=<5287.142090, 38.231819, 8021.582520>) as pilot
11:56:57.359 [VehicleLeave] Player Condom Breath [uid=VsEWQWxzvcTpDLQgc9tVyxq5TiqDS9O3QehdBa_YkH8=] left vehicle Mh-6 Little Bird (id=5083FB9B8044475661D0BEB46B1D31DD pos=<5287.153809, 38.229195, 8021.581543>)
11:59:15.125 [Party] Player "BDH Crazy22" (id=xBwUe6F0ELy8UX4ZzLIEUefw3PJSjX0OdDxaAAGlFcY=) left the party "noobs" (id=27 ownerUID=xBwUe6F0ELy8UX4ZzLIEUefw3PJSjX0OdDxaAAGlFcY= ownerName=BDH Crazy22)
11:59:15.132 [Party] Player "Condom Breath" (id=VsEWQWxzvcTpDLQgc9tVyxq5TiqDS9O3QehdBa_YkH8=) left the party "Dirty Crew" (id=23 ownerUID=VsEWQWxzvcTpDLQgc9tVyxq5TiqDS9O3QehdBa_YkH8= ownerName=Condom Breath)
