18:02:59.636 [Expansion Quests] - InitQuestSystemClient - Loaded existing player quest data for player with UID: 8aHbwb5XZ9Gq0J-7qO1AVn3G8YD6-lBt4iCz53aUxso=
18:02:59.636 [Expansion Quests] - Create new quest instance for quest: 16 - Player UID: 8aHbwb5XZ9Gq0J-7qO1AVn3G8YD6-lBt4iCz53aUxso=
18:14:28.617 [AI Patrol] Spawning 3 Temple Patrol bots at <449.956787, 47.070000, 757.025513>
18:14:28.710 [AI Patrol] Spawning 3 Temple Patrol bots at <384.334442, 46.733486, 715.244690>
18:14:28.726 [AI Patrol] Spawning 3 Temple Patrol bots at <313.192596, 47.070000, 840.813843>
18:14:30.312 [VehicleEnter] Player Dragonhunter [uid=8aHbwb5XZ9Gq0J-7qO1AVn3G8YD6-lBt4iCz53aUxso=] entered vehicle Interceptor (id=707557F11F431A39BAED5EA5F50790B1 pos=<7557.324707, 37.559845, 6193.458008>) as driver
18:14:40.304 [VehicleEngine] Player Dragonhunter [uid=8aHbwb5XZ9Gq0J-7qO1AVn3G8YD6-lBt4iCz53aUxso=] started vehicle Interceptor (id=707557F11F431A39BAED5EA5F50790B1 pos=<7557.324707, 37.559845, 6193.458008>)
18:14:59.390 [VehicleLeave] Player Dragonhunter [uid=8aHbwb5XZ9Gq0J-7qO1AVn3G8YD6-lBt4iCz53aUxso=] left vehicle Interceptor (id=707557F11F431A39BAED5EA5F50790B1 pos=<7552.770020, 37.548798, 6205.931152>)
18:15:11.562 [VehicleEnter] Player Dragonhunter [uid=8aHbwb5XZ9Gq0J-7qO1AVn3G8YD6-lBt4iCz53aUxso=] entered vehicle Interceptor (id=707557F11F431A39BAED5EA5F50790B1 pos=<7552.770020, 37.548798, 6205.931152>) as driver
18:15:14.398 [VehicleEngine] Player Dragonhunter [uid=8aHbwb5XZ9Gq0J-7qO1AVn3G8YD6-lBt4iCz53aUxso=] started vehicle Interceptor (id=707557F11F431A39BAED5EA5F50790B1 pos=<7552.770020, 37.548798, 6205.931152>)
18:16:33.648 [VehicleLeave] Player Dragonhunter [uid=8aHbwb5XZ9Gq0J-7qO1AVn3G8YD6-lBt4iCz53aUxso=] left vehicle Interceptor (id=707557F11F431A39BAED5EA5F50790B1 pos=<7055.992188, 22.133429, 6213.945801>)
18:17:15.617 [VehicleEnter] Player Dragonhunter [uid=8aHbwb5XZ9Gq0J-7qO1AVn3G8YD6-lBt4iCz53aUxso=] entered vehicle Interceptor (id=707557F11F431A39BAED5EA5F50790B1 pos=<7055.992188, 22.133429, 6213.945801>) as driver
18:17:17.585 [VehicleEngine] Player Dragonhunter [uid=8aHbwb5XZ9Gq0J-7qO1AVn3G8YD6-lBt4iCz53aUxso=] started vehicle Interceptor (id=707557F11F431A39BAED5EA5F50790B1 pos=<7055.992188, 22.133427, 6213.945801>)
18:17:42.796 [VehicleLeave] Player Dragonhunter [uid=8aHbwb5XZ9Gq0J-7qO1AVn3G8YD6-lBt4iCz53aUxso=] left vehicle Interceptor (id=707557F11F431A39BAED5EA5F50790B1 pos=<6938.943848, 36.542988, 6098.024414>)
18:18:06.867 [MissionAirdrop] An airdrop is heading towards "Georgstown" (pos=<4522.000000, 0.000000, 4370.000000> type=Random_Georgstown) with a ExpansionAirdropContainer_Basebuilding
18:18:28.132 [VehicleEnter] Player Dragonhunter [uid=8aHbwb5XZ9Gq0J-7qO1AVn3G8YD6-lBt4iCz53aUxso=] entered vehicle Interceptor (id=707557F11F431A39BAED5EA5F50790B1 pos=<6938.943848, 36.542988, 6098.024414>) as driver
18:18:29.914 [VehicleEngine] Player Dragonhunter [uid=8aHbwb5XZ9Gq0J-7qO1AVn3G8YD6-lBt4iCz53aUxso=] started vehicle Interceptor (id=707557F11F431A39BAED5EA5F50790B1 pos=<6938.943848, 36.542988, 6098.024414>)
18:19:33.132 [VehicleLeave] Player Dragonhunter [uid=8aHbwb5XZ9Gq0J-7qO1AVn3G8YD6-lBt4iCz53aUxso=] left vehicle Interceptor (id=707557F11F431A39BAED5EA5F50790B1 pos=<7565.423828, 37.431519, 6200.902344>)
18:20:21.726 [VehicleEnter] Player Dragonhunter [uid=8aHbwb5XZ9Gq0J-7qO1AVn3G8YD6-lBt4iCz53aUxso=] entered vehicle Interceptor (id=707557F11F431A39BAED5EA5F50790B1 pos=<7565.423828, 37.431519, 6200.902832>) as driver
18:20:24.554 [VehicleEngine] Player Dragonhunter [uid=8aHbwb5XZ9Gq0J-7qO1AVn3G8YD6-lBt4iCz53aUxso=] started vehicle Interceptor (id=707557F11F431A39BAED5EA5F50790B1 pos=<7565.423828, 37.431519, 6200.902344>)
18:23:03.179 [AI Patrol] Spawning 3 Power Plant Patrol bots at <4624.543945, 20.430000, 6975.062012>
18:27:34.578 [VehicleLeave] Player Dragonhunter [uid=8aHbwb5XZ9Gq0J-7qO1AVn3G8YD6-lBt4iCz53aUxso=] left vehicle Interceptor (id=707557F11F431A39BAED5EA5F50790B1 pos=<5638.041504, 4.820664, 9274.847656>)
18:47:17.625 [VehicleCarKey] Player "Dragonhunter" (id=8aHbwb5XZ9Gq0J-7qO1AVn3G8YD6-lBt4iCz53aUxso= pos=<5639.181641, 4.942499, 9273.274414>) used the  ExpansionCarKey to lock Interceptor (id=707557F11F431A39BAED5EA5F50790B1 pos=<5638.041504, 4.820666, 9274.847656>)
19:22:25.585 [Party] Player "Golden" (id=8Xp2uj5ZxNF55GgpLiN2OARJVn6kKpJE53oZMkC9IiQ=) joinded the party "G's" (id=49 ownerUID=4LNvemhkvMsn3fCjiyhQQrToOar0_hhH9f302w8wMNY= ownerName=MrGreen530)
19:22:25.601 [Expansion Quests] - InitQuestSystemClient - Loaded existing player quest data for player with UID: 8Xp2uj5ZxNF55GgpLiN2OARJVn6kKpJE53oZMkC9IiQ=
19:22:25.601 [Expansion Quests] - LoadGroupQuestData - Loaded existing group quest data for group with ID: 49
19:22:25.609 [AI Patrol] Spawning 3 Prison Island Patrol bots at <5429.072266, 34.840000, 716.980652>
19:22:26.578 [Expansion Quests] - LoadGroupQuestData - Got cached group quest data for group with ID: 49
19:30:21.265 [Expansion Quests] - InitQuestSystemClient - Loaded existing player quest data for player with UID: 8aHbwb5XZ9Gq0J-7qO1AVn3G8YD6-lBt4iCz53aUxso=
19:30:21.265 [Expansion Quests] - Create new quest instance for quest: 16 - Player UID: 8aHbwb5XZ9Gq0J-7qO1AVn3G8YD6-lBt4iCz53aUxso=
19:30:30.351 [VehicleCarKey] Player "Dragonhunter" (id=8aHbwb5XZ9Gq0J-7qO1AVn3G8YD6-lBt4iCz53aUxso= pos=<5639.097168, 4.942500, 9273.078125>) used the  ExpansionCarKey to unlock Interceptor (id=707557F11F431A39BAED5EA5F50790B1 pos=<5638.041504, 4.820666, 9274.847656>)
19:32:33.328 [VehicleCarKey] Player "Dragonhunter" (id=8aHbwb5XZ9Gq0J-7qO1AVn3G8YD6-lBt4iCz53aUxso= pos=<5638.467285, 4.942500, 9273.262695>) used the  ExpansionCarKey to lock Interceptor (id=707557F11F431A39BAED5EA5F50790B1 pos=<5638.041504, 4.820666, 9274.847656>)
19:36:25.742 [VehicleCover] Player "Golden" (id=8Xp2uj5ZxNF55GgpLiN2OARJVn6kKpJE53oZMkC9IiQ= pos=<3811.799072, 5.654971, 2527.621338>) uncovered vehicle "ToyotaHilux_rust" (GlobalID=800000008000000080000000800271DA pos=<3813.399414, 5.659739, 2526.637207>)!
19:37:45.343 [VehicleCarKey] Player "Golden" (id=8Xp2uj5ZxNF55GgpLiN2OARJVn6kKpJE53oZMkC9IiQ= pos=<3812.197510, 5.654974, 2528.718506>) used the  ExpansionCarKey to unlock ToyotaHilux_rust (id=571B5FFEDE46DD4746241386E05869E6 pos=<3813.401367, 5.659739, 2526.637451>)
19:38:15.507 [VehicleEnter] Player Golden [uid=8Xp2uj5ZxNF55GgpLiN2OARJVn6kKpJE53oZMkC9IiQ=] entered vehicle ToyotaHilux rust (id=571B5FFEDE46DD4746241386E05869E6 pos=<3813.399658, 5.659722, 2526.638184>) as driver
19:38:18.390 [VehicleEngine] Player Golden [uid=8Xp2uj5ZxNF55GgpLiN2OARJVn6kKpJE53oZMkC9IiQ=] started vehicle ToyotaHilux rust (id=571B5FFEDE46DD4746241386E05869E6 pos=<3813.401367, 5.659734, 2526.637695>)
19:38:32.843 [VehicleLeave] Player Golden [uid=8Xp2uj5ZxNF55GgpLiN2OARJVn6kKpJE53oZMkC9IiQ=] left vehicle ToyotaHilux rust (id=571B5FFEDE46DD4746241386E05869E6 pos=<3806.812256, 5.603057, 2506.633301>)
19:38:42.523 [VehicleEnter] Player Golden [uid=8Xp2uj5ZxNF55GgpLiN2OARJVn6kKpJE53oZMkC9IiQ=] entered vehicle ToyotaHilux rust (id=571B5FFEDE46DD4746241386E05869E6 pos=<3806.816162, 5.603077, 2506.631836>) as driver
19:38:46.140 [VehicleEngine] Player Golden [uid=8Xp2uj5ZxNF55GgpLiN2OARJVn6kKpJE53oZMkC9IiQ=] started vehicle ToyotaHilux rust (id=571B5FFEDE46DD4746241386E05869E6 pos=<3806.813721, 5.603061, 2506.632813>)
19:44:02.132 [Safezone] Player "Golden" (id=8Xp2uj5ZxNF55GgpLiN2OARJVn6kKpJE53oZMkC9IiQ= pos=<5663.625000, 33.475353, 5266.538574>) Entered the safezone
19:44:35.046 [VehicleEngine] Player Golden [uid=8Xp2uj5ZxNF55GgpLiN2OARJVn6kKpJE53oZMkC9IiQ=] stopped vehicle ToyotaHilux rust (id=571B5FFEDE46DD4746241386E05869E6 pos=<5644.543945, 28.516138, 5425.895996>)
19:44:39.804 [VehicleLeave] Player Golden [uid=8Xp2uj5ZxNF55GgpLiN2OARJVn6kKpJE53oZMkC9IiQ=] left vehicle ToyotaHilux rust (id=571B5FFEDE46DD4746241386E05869E6 pos=<5644.541504, 28.516109, 5425.895996>)
19:45:04.304 [VehicleCarKey] Player "Golden" (id=8Xp2uj5ZxNF55GgpLiN2OARJVn6kKpJE53oZMkC9IiQ= pos=<5644.948730, 28.791321, 5423.810059>) used the  ExpansionCarKey to lock ToyotaHilux_rust (id=571B5FFEDE46DD4746241386E05869E6 pos=<5644.542480, 28.515869, 5425.899902>)
19:45:31.554 [Market] Player "Golden" (id=8Xp2uj5ZxNF55GgpLiN2OARJVn6kKpJE53oZMkC9IiQ=) has send a requested to sell twp_fnf2000beige x1 at the trader "Weapons (Oliver [WEAPONS])" in market zone "The Holler" (pos=<5632.000000, 32.000000, 5392.000000>).
19:45:31.687 [Market] Player "Golden" (id=8Xp2uj5ZxNF55GgpLiN2OARJVn6kKpJE53oZMkC9IiQ=) has sold twp_fnf2000beige x1 at the trader "Weapons (Oliver [WEAPONS])" in market zone "The Holler" (pos=<5632.000000, 32.000000, 5392.000000>) and got 3750.
19:45:34.492 [Market] Player "Golden" (id=8Xp2uj5ZxNF55GgpLiN2OARJVn6kKpJE53oZMkC9IiQ=) has send a requested to sell akm x1 at the trader "Weapons (Oliver [WEAPONS])" in market zone "The Holler" (pos=<5632.000000, 32.000000, 5392.000000>).
19:45:34.632 [Market] Player "Golden" (id=8Xp2uj5ZxNF55GgpLiN2OARJVn6kKpJE53oZMkC9IiQ=) has sold akm x1 at the trader "Weapons (Oliver [WEAPONS])" in market zone "The Holler" (pos=<5632.000000, 32.000000, 5392.000000>) and got 281.
19:45:35.828 [Market] Player "Golden" (id=8Xp2uj5ZxNF55GgpLiN2OARJVn6kKpJE53oZMkC9IiQ=) has send a requested to sell twp_ppsh x1 at the trader "Weapons (Oliver [WEAPONS])" in market zone "The Holler" (pos=<5632.000000, 32.000000, 5392.000000>).
19:45:35.960 [Market] Player "Golden" (id=8Xp2uj5ZxNF55GgpLiN2OARJVn6kKpJE53oZMkC9IiQ=) has sold twp_ppsh x1 at the trader "Weapons (Oliver [WEAPONS])" in market zone "The Holler" (pos=<5632.000000, 32.000000, 5392.000000>) and got 3750.
19:45:36.992 [Market] Player "Golden" (id=8Xp2uj5ZxNF55GgpLiN2OARJVn6kKpJE53oZMkC9IiQ=) has send a requested to sell twp_rpk16tan x1 at the trader "Weapons (Oliver [WEAPONS])" in market zone "The Holler" (pos=<5632.000000, 32.000000, 5392.000000>).
19:45:37.093 [Market] Player "Golden" (id=8Xp2uj5ZxNF55GgpLiN2OARJVn6kKpJE53oZMkC9IiQ=) has sold twp_rpk16tan x1 at the trader "Weapons (Oliver [WEAPONS])" in market zone "The Holler" (pos=<5632.000000, 32.000000, 5392.000000>) and got 2812.
19:46:01.906 [Market] Player "Golden" (id=8Xp2uj5ZxNF55GgpLiN2OARJVn6kKpJE53oZMkC9IiQ=) has send a requested to sell twp_m200mod x1 at the trader "Weapons (Oliver [WEAPONS])" in market zone "The Holler" (pos=<5632.000000, 32.000000, 5392.000000>).
19:46:02.000 [Market] Player "Golden" (id=8Xp2uj5ZxNF55GgpLiN2OARJVn6kKpJE53oZMkC9IiQ=) has sold twp_m200mod x1 at the trader "Weapons (Oliver [WEAPONS])" in market zone "The Holler" (pos=<5632.000000, 32.000000, 5392.000000>) and got 37500.
19:46:06.890 [Market] Player "Golden" (id=8Xp2uj5ZxNF55GgpLiN2OARJVn6kKpJE53oZMkC9IiQ=) has send a requested to sell twp_m24greentan x1 at the trader "Weapons (Oliver [WEAPONS])" in market zone "The Holler" (pos=<5632.000000, 32.000000, 5392.000000>).
19:46:07.000 [Market] Player "Golden" (id=8Xp2uj5ZxNF55GgpLiN2OARJVn6kKpJE53oZMkC9IiQ=) has sold twp_m24greentan x1 at the trader "Weapons (Oliver [WEAPONS])" in market zone "The Holler" (pos=<5632.000000, 32.000000, 5392.000000>) and got 9000.
19:46:12.093 [Market] Player "Golden" (id=8Xp2uj5ZxNF55GgpLiN2OARJVn6kKpJE53oZMkC9IiQ=) has send a requested to sell vss x1 at the trader "Weapons (Oliver [WEAPONS])" in market zone "The Holler" (pos=<5632.000000, 32.000000, 5392.000000>).
19:46:12.242 [Market] Player "Golden" (id=8Xp2uj5ZxNF55GgpLiN2OARJVn6kKpJE53oZMkC9IiQ=) has sold vss x1 at the trader "Weapons (Oliver [WEAPONS])" in market zone "The Holler" (pos=<5632.000000, 32.000000, 5392.000000>) and got 8700.
19:46:22.187 [Market] Player "Golden" (id=8Xp2uj5ZxNF55GgpLiN2OARJVn6kKpJE53oZMkC9IiQ=) has send a requested to purchase doc_stanag69_yellow x1 from the trader "Weapons (Oliver [WEAPONS])" in market zone "The Holler" (pos=<5632.000000, 32.000000, 5392.000000>).
19:46:22.281 [Market] Player "Golden" (id=8Xp2uj5ZxNF55GgpLiN2OARJVn6kKpJE53oZMkC9IiQ=) has bought doc_stanag69_yellow x1 from the trader "Weapons (Oliver [WEAPONS])" in market zone "The Holler" (pos=<5632.000000, 32.000000, 5392.000000>) for a price of 1488.
19:46:24.250 [Market] Player "Golden" (id=8Xp2uj5ZxNF55GgpLiN2OARJVn6kKpJE53oZMkC9IiQ=) has send a requested to purchase doc_stanag69_yellow x1 from the trader "Weapons (Oliver [WEAPONS])" in market zone "The Holler" (pos=<5632.000000, 32.000000, 5392.000000>).
19:46:24.390 [Market] Player "Golden" (id=8Xp2uj5ZxNF55GgpLiN2OARJVn6kKpJE53oZMkC9IiQ=) has bought doc_stanag69_yellow x1 from the trader "Weapons (Oliver [WEAPONS])" in market zone "The Holler" (pos=<5632.000000, 32.000000, 5392.000000>) for a price of 1488.
19:46:38.203 [ATM] Player "Golden" (id=8Xp2uj5ZxNF55GgpLiN2OARJVn6kKpJE53oZMkC9IiQ=) has deposited 87017 on his ATM account.
19:46:45.656 [ATM] Player "Golden" (id=8Xp2uj5ZxNF55GgpLiN2OARJVn6kKpJE53oZMkC9IiQ=) has withdrawn 25000 from his ATM account.
19:50:56.460 [VehicleCarKey] Player "Golden" (id=8Xp2uj5ZxNF55GgpLiN2OARJVn6kKpJE53oZMkC9IiQ= pos=<5643.694824, 28.763130, 5424.080566>) used the  ExpansionCarKey to unlock ToyotaHilux_rust (id=571B5FFEDE46DD4746241386E05869E6 pos=<5644.542480, 28.515869, 5425.899902>)
19:51:04.382 [VehicleEnter] Player Golden [uid=8Xp2uj5ZxNF55GgpLiN2OARJVn6kKpJE53oZMkC9IiQ=] entered vehicle ToyotaHilux rust (id=571B5FFEDE46DD4746241386E05869E6 pos=<5644.544922, 28.515869, 5425.900879>) as driver
19:53:14.984 [VehicleEngine] Player Golden [uid=8Xp2uj5ZxNF55GgpLiN2OARJVn6kKpJE53oZMkC9IiQ=] started vehicle ToyotaHilux rust (id=571B5FFEDE46DD4746241386E05869E6 pos=<5644.334473, 28.510651, 5425.898926>)
19:53:38.179 [Safezone] Player "Golden" (id=8Xp2uj5ZxNF55GgpLiN2OARJVn6kKpJE53oZMkC9IiQ= pos=<5619.724121, 16.418480, 5694.015625>) Left the safezone
19:55:26.070 [AI Patrol] Spawning 1 Shamans bots at <4066.929932, 35.819824, 6597.737305>
19:56:25.859 [VehicleEngine] Player Golden [uid=8Xp2uj5ZxNF55GgpLiN2OARJVn6kKpJE53oZMkC9IiQ=] stopped vehicle ToyotaHilux rust (id=571B5FFEDE46DD4746241386E05869E6 pos=<4838.611816, 25.684755, 6789.152832>)
19:56:29.406 [VehicleLeave] Player Golden [uid=8Xp2uj5ZxNF55GgpLiN2OARJVn6kKpJE53oZMkC9IiQ=] left vehicle ToyotaHilux rust (id=571B5FFEDE46DD4746241386E05869E6 pos=<4838.613281, 25.684744, 6789.154785>)
19:57:17.296 [VehicleCarKey] Player "Golden" (id=8Xp2uj5ZxNF55GgpLiN2OARJVn6kKpJE53oZMkC9IiQ= pos=<4838.181152, 25.692499, 6787.435059>) used the  ExpansionCarKey to lock ToyotaHilux_rust (id=571B5FFEDE46DD4746241386E05869E6 pos=<4838.610840, 25.684763, 6789.151855>)
20:02:48.453 [VehicleCarKey] Player "Golden" (id=8Xp2uj5ZxNF55GgpLiN2OARJVn6kKpJE53oZMkC9IiQ= pos=<4837.005859, 25.692461, 6787.839355>) used the  ExpansionCarKey to unlock ToyotaHilux_rust (id=571B5FFEDE46DD4746241386E05869E6 pos=<4838.610840, 25.684763, 6789.151855>)
20:02:55.289 [VehicleEnter] Player Golden [uid=8Xp2uj5ZxNF55GgpLiN2OARJVn6kKpJE53oZMkC9IiQ=] entered vehicle ToyotaHilux rust (id=571B5FFEDE46DD4746241386E05869E6 pos=<4838.611328, 25.684757, 6789.150879>) as driver
20:02:59.406 [VehicleEngine] Player Golden [uid=8Xp2uj5ZxNF55GgpLiN2OARJVn6kKpJE53oZMkC9IiQ=] started vehicle ToyotaHilux rust (id=571B5FFEDE46DD4746241386E05869E6 pos=<4838.612305, 25.684748, 6789.151855>)
20:03:47.250 [VehicleEngine] Player Golden [uid=8Xp2uj5ZxNF55GgpLiN2OARJVn6kKpJE53oZMkC9IiQ=] stopped vehicle ToyotaHilux rust (id=571B5FFEDE46DD4746241386E05869E6 pos=<4995.649902, 11.187045, 6368.867676>)
20:04:58.523 [VehicleEngine] Player Golden [uid=8Xp2uj5ZxNF55GgpLiN2OARJVn6kKpJE53oZMkC9IiQ=] started vehicle ToyotaHilux rust (id=571B5FFEDE46DD4746241386E05869E6 pos=<4995.646484, 11.186908, 6368.867676>)
20:05:55.875 [VehicleCarKey] Player "Dragonhunter" (id=8aHbwb5XZ9Gq0J-7qO1AVn3G8YD6-lBt4iCz53aUxso= pos=<5638.816406, 4.942500, 9273.549805>) used the  ExpansionCarKey to unlock Interceptor (id=707557F11F431A39BAED5EA5F50790B1 pos=<5638.041504, 4.820666, 9274.847656>)
20:08:34.546 [VehicleLeave] Player Golden [uid=8Xp2uj5ZxNF55GgpLiN2OARJVn6kKpJE53oZMkC9IiQ=] left vehicle ToyotaHilux rust (id=571B5FFEDE46DD4746241386E05869E6 pos=<3240.272949, 20.303078, 5977.140625>)
20:09:15.687 [VehicleEnter] Player Golden [uid=8Xp2uj5ZxNF55GgpLiN2OARJVn6kKpJE53oZMkC9IiQ=] entered vehicle ToyotaHilux rust (id=571B5FFEDE46DD4746241386E05869E6 pos=<3240.272217, 20.303053, 5977.140625>) as driver
20:09:16.343 [VehicleEnter] Player Dragonhunter [uid=8aHbwb5XZ9Gq0J-7qO1AVn3G8YD6-lBt4iCz53aUxso=] entered vehicle Interceptor (id=707557F11F431A39BAED5EA5F50790B1 pos=<5638.041504, 4.820666, 9274.847656>) as driver
20:09:18.546 [VehicleEngine] Player Golden [uid=8Xp2uj5ZxNF55GgpLiN2OARJVn6kKpJE53oZMkC9IiQ=] started vehicle ToyotaHilux rust (id=571B5FFEDE46DD4746241386E05869E6 pos=<3240.272217, 20.303043, 5977.139648>)
20:09:33.671 [VehicleEngine] Player Dragonhunter [uid=8aHbwb5XZ9Gq0J-7qO1AVn3G8YD6-lBt4iCz53aUxso=] started vehicle Interceptor (id=707557F11F431A39BAED5EA5F50790B1 pos=<5638.041504, 4.820665, 9274.847656>)
20:11:18.960 [AI Patrol] Spawning 3 Paris Island Patrol bots at <3138.381348, 22.450001, 4297.395508>
20:11:46.726 [AI Patrol] Spawning 3 RCFI Patrol bots at <3710.505127, 10.885850, 8706.543945>
20:12:16.179 [AI Patrol] Spawning 3 Paris Island Patrol bots at <2990.899902, 25.143797, 3624.034668>
20:12:51.507 [VehicleEngine] Player Golden [uid=8Xp2uj5ZxNF55GgpLiN2OARJVn6kKpJE53oZMkC9IiQ=] stopped vehicle ToyotaHilux rust (id=571B5FFEDE46DD4746241386E05869E6 pos=<3176.922607, 22.429401, 4357.124512>)
20:12:51.953 [VehicleEngine] Player Dragonhunter [uid=8aHbwb5XZ9Gq0J-7qO1AVn3G8YD6-lBt4iCz53aUxso=] stopped vehicle Interceptor (id=707557F11F431A39BAED5EA5F50790B1 pos=<4314.548340, 22.559486, 8201.230469>)
20:12:54.679 [VehicleEngine] Player Golden [uid=8Xp2uj5ZxNF55GgpLiN2OARJVn6kKpJE53oZMkC9IiQ=] started vehicle ToyotaHilux rust (id=571B5FFEDE46DD4746241386E05869E6 pos=<3176.921387, 22.429428, 4357.124512>)
20:12:56.531 [VehicleLeave] Player Dragonhunter [uid=8aHbwb5XZ9Gq0J-7qO1AVn3G8YD6-lBt4iCz53aUxso=] left vehicle Interceptor (id=707557F11F431A39BAED5EA5F50790B1 pos=<4314.548340, 22.559498, 8201.230469>)
20:13:06.703 [VehicleCarKey] Player "Dragonhunter" (id=8aHbwb5XZ9Gq0J-7qO1AVn3G8YD6-lBt4iCz53aUxso= pos=<4313.665527, 22.687845, 8203.072266>) used the  ExpansionCarKey to lock Interceptor (id=707557F11F431A39BAED5EA5F50790B1 pos=<4314.548340, 22.559496, 8201.230469>)
20:14:50.437 [VehicleEngine] Player Golden [uid=8Xp2uj5ZxNF55GgpLiN2OARJVn6kKpJE53oZMkC9IiQ=] stopped vehicle ToyotaHilux rust (id=571B5FFEDE46DD4746241386E05869E6 pos=<3674.278564, 25.872995, 4672.910645>)
20:14:54.320 [VehicleLeave] Player Golden [uid=8Xp2uj5ZxNF55GgpLiN2OARJVn6kKpJE53oZMkC9IiQ=] left vehicle ToyotaHilux rust (id=571B5FFEDE46DD4746241386E05869E6 pos=<3674.276855, 25.872995, 4672.910645>)
20:15:01.859 [VehicleCarKey] Player "Golden" (id=8Xp2uj5ZxNF55GgpLiN2OARJVn6kKpJE53oZMkC9IiQ= pos=<3676.507568, 25.888414, 4673.448730>) used the  ExpansionCarKey to lock ToyotaHilux_rust (id=571B5FFEDE46DD4746241386E05869E6 pos=<3674.280029, 25.873072, 4672.910645>)
20:15:29.273 [Party] Player "Golden" (id=8Xp2uj5ZxNF55GgpLiN2OARJVn6kKpJE53oZMkC9IiQ=) left the party "G's" (id=49 ownerUID=4LNvemhkvMsn3fCjiyhQQrToOar0_hhH9f302w8wMNY= ownerName=MrGreen530)
20:25:08.359 [Territory] Player "Dragonhunter" (id=8aHbwb5XZ9Gq0J-7qO1AVn3G8YD6-lBt4iCz53aUxso=) deleted territory Dragonguard at <4234.517578, 10.923405, 8510.053711>
20:27:16.257 [VehicleCarKey] Player "Dragonhunter" (id=8aHbwb5XZ9Gq0J-7qO1AVn3G8YD6-lBt4iCz53aUxso= pos=<4313.451660, 22.686182, 8202.736328>) used the  ExpansionCarKey to unlock Interceptor (id=707557F11F431A39BAED5EA5F50790B1 pos=<4314.548340, 22.559496, 8201.230469>)
20:33:48.164 [VehicleCarKey] Player "Dragonhunter" (id=8aHbwb5XZ9Gq0J-7qO1AVn3G8YD6-lBt4iCz53aUxso= pos=<4313.451660, 22.686182, 8202.736328>) used the  ExpansionCarKey to lock Interceptor (id=707557F11F431A39BAED5EA5F50790B1 pos=<4314.548340, 22.559496, 8201.230469>)
20:43:21.937 [VehicleCarKey] Player "Dragonhunter" (id=8aHbwb5XZ9Gq0J-7qO1AVn3G8YD6-lBt4iCz53aUxso= pos=<4313.772461, 22.687160, 8202.934570>) used the  ExpansionCarKey to unlock Interceptor (id=707557F11F431A39BAED5EA5F50790B1 pos=<4314.548340, 22.559496, 8201.230469>)
20:45:56.906 [VehicleCarKey] Player "Dragonhunter" (id=8aHbwb5XZ9Gq0J-7qO1AVn3G8YD6-lBt4iCz53aUxso= pos=<4313.754883, 22.683922, 8202.284180>) used the  ExpansionCarKey to lock Interceptor (id=707557F11F431A39BAED5EA5F50790B1 pos=<4314.548340, 22.559496, 8201.230469>)
20:56:26.093 [VehicleCarKey] Player "Dragonhunter" (id=8aHbwb5XZ9Gq0J-7qO1AVn3G8YD6-lBt4iCz53aUxso= pos=<4313.775391, 22.684845, 8202.468750>) used the  ExpansionCarKey to unlock Interceptor (id=707557F11F431A39BAED5EA5F50790B1 pos=<4314.548340, 22.559496, 8201.230469>)
21:09:37.109 [VehicleCarKey] Player "Dragonhunter" (id=8aHbwb5XZ9Gq0J-7qO1AVn3G8YD6-lBt4iCz53aUxso= pos=<4313.690430, 22.684269, 8202.353516>) used the  ExpansionCarKey to lock Interceptor (id=707557F11F431A39BAED5EA5F50790B1 pos=<4314.548340, 22.559496, 8201.230469>)
21:09:41.156 [VehicleCarKey] Player "Dragonhunter" (id=8aHbwb5XZ9Gq0J-7qO1AVn3G8YD6-lBt4iCz53aUxso= pos=<4313.679688, 22.684420, 8202.383789>) used the  ExpansionCarKey to unlock Interceptor (id=707557F11F431A39BAED5EA5F50790B1 pos=<4314.548340, 22.559496, 8201.230469>)
21:11:27.570 [VehicleCarKey] Player "Dragonhunter" (id=8aHbwb5XZ9Gq0J-7qO1AVn3G8YD6-lBt4iCz53aUxso= pos=<4311.457031, 22.685701, 8200.425781>) used the  ExpansionCarKey to lock Interceptor (id=707557F11F431A39BAED5EA5F50790B1 pos=<4314.548340, 22.559496, 8201.230469>)
21:11:29.140 [VehicleCarKey] Player "Dragonhunter" (id=8aHbwb5XZ9Gq0J-7qO1AVn3G8YD6-lBt4iCz53aUxso= pos=<4311.457031, 22.685701, 8200.425781>) used the  ExpansionCarKey to unlock Interceptor (id=707557F11F431A39BAED5EA5F50790B1 pos=<4314.548340, 22.559496, 8201.230469>)
21:11:52.070 [VehicleEnter] Player Dragonhunter [uid=8aHbwb5XZ9Gq0J-7qO1AVn3G8YD6-lBt4iCz53aUxso=] entered vehicle Interceptor (id=707557F11F431A39BAED5EA5F50790B1 pos=<4314.548340, 22.559496, 8201.230469>) as driver
21:11:59.218 [VehicleEngine] Player Dragonhunter [uid=8aHbwb5XZ9Gq0J-7qO1AVn3G8YD6-lBt4iCz53aUxso=] started vehicle Interceptor (id=707557F11F431A39BAED5EA5F50790B1 pos=<4314.548340, 22.559496, 8201.230469>)
21:12:59.585 [VehicleEngine] Player Dragonhunter [uid=8aHbwb5XZ9Gq0J-7qO1AVn3G8YD6-lBt4iCz53aUxso=] stopped vehicle Interceptor (Locked) (id=707557F11F431A39BAED5EA5F50790B1 pos=<4848.516113, 21.810665, 8414.160156>)
21:13:07.390 [VehicleLeave] Player Dragonhunter [uid=8aHbwb5XZ9Gq0J-7qO1AVn3G8YD6-lBt4iCz53aUxso=] left vehicle Interceptor (id=707557F11F431A39BAED5EA5F50790B1 pos=<4848.516113, 21.810663, 8414.160156>)
21:13:55.609 [VehicleEnter] Player Dragonhunter [uid=8aHbwb5XZ9Gq0J-7qO1AVn3G8YD6-lBt4iCz53aUxso=] entered vehicle Interceptor (id=707557F11F431A39BAED5EA5F50790B1 pos=<4848.516113, 21.810665, 8414.160156>) as driver
21:13:58.171 [VehicleEngine] Player Dragonhunter [uid=8aHbwb5XZ9Gq0J-7qO1AVn3G8YD6-lBt4iCz53aUxso=] started vehicle Interceptor (Locked) (id=707557F11F431A39BAED5EA5F50790B1 pos=<4848.516113, 21.810663, 8414.160156>)
21:15:03.765 [VehicleLeave] Player Dragonhunter [uid=8aHbwb5XZ9Gq0J-7qO1AVn3G8YD6-lBt4iCz53aUxso=] left vehicle Interceptor (id=707557F11F431A39BAED5EA5F50790B1 pos=<5230.983887, 4.800665, 9103.706055>)
21:16:29.664 [VehicleCarKey] Player "Dragonhunter" (id=8aHbwb5XZ9Gq0J-7qO1AVn3G8YD6-lBt4iCz53aUxso= pos=<5229.037109, 5.178375, 9104.522461>) used the  ExpansionCarKey to lock Interceptor (id=707557F11F431A39BAED5EA5F50790B1 pos=<5230.983887, 4.800664, 9103.706055>)
21:16:31.085 [VehicleCarKey] Player "Dragonhunter" (id=8aHbwb5XZ9Gq0J-7qO1AVn3G8YD6-lBt4iCz53aUxso= pos=<5229.037109, 5.178375, 9104.522461>) used the  ExpansionCarKey to unlock Interceptor (id=707557F11F431A39BAED5EA5F50790B1 pos=<5230.983887, 4.800664, 9103.706055>)
21:17:09.406 [VehicleEnter] Player Dragonhunter [uid=8aHbwb5XZ9Gq0J-7qO1AVn3G8YD6-lBt4iCz53aUxso=] entered vehicle Interceptor (id=707557F11F431A39BAED5EA5F50790B1 pos=<5230.983887, 4.800664, 9103.706055>) as driver
21:17:17.656 [VehicleEngine] Player Dragonhunter [uid=8aHbwb5XZ9Gq0J-7qO1AVn3G8YD6-lBt4iCz53aUxso=] started vehicle Interceptor (id=707557F11F431A39BAED5EA5F50790B1 pos=<5230.983887, 4.800665, 9103.706055>)
21:17:49.515 [VehicleEngine] Player Dragonhunter [uid=8aHbwb5XZ9Gq0J-7qO1AVn3G8YD6-lBt4iCz53aUxso=] stopped vehicle Interceptor (id=707557F11F431A39BAED5EA5F50790B1 pos=<5429.225586, 4.921475, 9181.599609>)
21:17:53.304 [VehicleLeave] Player Dragonhunter [uid=8aHbwb5XZ9Gq0J-7qO1AVn3G8YD6-lBt4iCz53aUxso=] left vehicle Interceptor (id=707557F11F431A39BAED5EA5F50790B1 pos=<5429.225586, 4.921474, 9181.599609>)
21:17:56.578 [VehicleCarKey] Player "Dragonhunter" (id=8aHbwb5XZ9Gq0J-7qO1AVn3G8YD6-lBt4iCz53aUxso= pos=<5427.853027, 5.030792, 9183.498047>) used the  ExpansionCarKey to lock Interceptor (id=707557F11F431A39BAED5EA5F50790B1 pos=<5429.225586, 4.921474, 9181.599609>)
21:20:37.390 [Expansion Quests] - InitQuestSystemClient - Created new persistent player quest data for player UID: CZPM_JNB7vYnsFVBaseZtvWiF9zYok86218LvoulzsU=
21:20:59.203 [SpawnSelection] Player "Jasper Frost" (id=CZPM_JNB7vYnsFVBaseZtvWiF9zYok86218LvoulzsU=) spawned at <9107.330078, 6.641010, 9493.709961>
21:21:14.210 [VehicleCarKey] Player "Dragonhunter" (id=8aHbwb5XZ9Gq0J-7qO1AVn3G8YD6-lBt4iCz53aUxso= pos=<5428.799805, 5.030796, 9183.143555>) used the  ExpansionCarKey to unlock Interceptor (id=707557F11F431A39BAED5EA5F50790B1 pos=<5429.225586, 4.921474, 9181.599609>)
21:21:19.039 [VehicleEnter] Player Dragonhunter [uid=8aHbwb5XZ9Gq0J-7qO1AVn3G8YD6-lBt4iCz53aUxso=] entered vehicle Interceptor (id=707557F11F431A39BAED5EA5F50790B1 pos=<5429.225586, 4.921474, 9181.599609>) as driver
21:21:21.195 [VehicleEngine] Player Dragonhunter [uid=8aHbwb5XZ9Gq0J-7qO1AVn3G8YD6-lBt4iCz53aUxso=] started vehicle Interceptor (id=707557F11F431A39BAED5EA5F50790B1 pos=<5429.225586, 4.921474, 9181.599609>)
21:21:45.054 [VehicleEngine] Player Dragonhunter [uid=8aHbwb5XZ9Gq0J-7qO1AVn3G8YD6-lBt4iCz53aUxso=] stopped vehicle Interceptor (id=707557F11F431A39BAED5EA5F50790B1 pos=<5645.365234, 4.820662, 9270.581055>)
21:21:49.273 [VehicleLeave] Player Dragonhunter [uid=8aHbwb5XZ9Gq0J-7qO1AVn3G8YD6-lBt4iCz53aUxso=] left vehicle Interceptor (id=707557F11F431A39BAED5EA5F50790B1 pos=<5645.365234, 4.820663, 9270.581055>)
21:23:38.203 [VehicleEnter] Player Dragonhunter [uid=8aHbwb5XZ9Gq0J-7qO1AVn3G8YD6-lBt4iCz53aUxso=] entered vehicle Interceptor (id=707557F11F431A39BAED5EA5F50790B1 pos=<5645.365234, 4.820664, 9270.581055>) as driver
21:23:41.187 [VehicleEngine] Player Dragonhunter [uid=8aHbwb5XZ9Gq0J-7qO1AVn3G8YD6-lBt4iCz53aUxso=] started vehicle Interceptor (id=707557F11F431A39BAED5EA5F50790B1 pos=<5645.365234, 4.820663, 9270.581055>)
21:25:40.398 [VehicleLeave] Player Dragonhunter [uid=8aHbwb5XZ9Gq0J-7qO1AVn3G8YD6-lBt4iCz53aUxso=] left vehicle Interceptor (id=707557F11F431A39BAED5EA5F50790B1 pos=<5840.232422, 14.250664, 8850.456055>)
21:26:37.453 [VehicleEnter] Player Dragonhunter [uid=8aHbwb5XZ9Gq0J-7qO1AVn3G8YD6-lBt4iCz53aUxso=] entered vehicle Interceptor (id=707557F11F431A39BAED5EA5F50790B1 pos=<5840.232422, 14.250664, 8850.456055>) as driver
21:26:40.093 [VehicleEngine] Player Dragonhunter [uid=8aHbwb5XZ9Gq0J-7qO1AVn3G8YD6-lBt4iCz53aUxso=] started vehicle Interceptor (id=707557F11F431A39BAED5EA5F50790B1 pos=<5840.232422, 14.250664, 8850.456055>)
21:31:01.023 [AI Patrol] Spawning 3 Shamans bots at <6773.059082, 33.658207, 6033.575684>
21:32:11.843 [VehicleLeave] Player Dragonhunter [uid=8aHbwb5XZ9Gq0J-7qO1AVn3G8YD6-lBt4iCz53aUxso=] left vehicle Interceptor (id=707557F11F431A39BAED5EA5F50790B1 pos=<6896.527344, 36.720375, 6063.618652>)
21:41:36.070 [AI Patrol] Spawning 3 Shamans bots at <9000.593750, 24.194298, 8013.347656>
21:47:38.937 [MissionAirdrop] An airdrop is heading towards "Greenville" (pos=<4658.000000, 0.000000, 1414.000000> type=Random_Greenville) with a ExpansionAirdropContainer
21:49:16.781 [VehicleEnter] Player Dragonhunter [uid=8aHbwb5XZ9Gq0J-7qO1AVn3G8YD6-lBt4iCz53aUxso=] entered vehicle Interceptor (id=707557F11F431A39BAED5EA5F50790B1 pos=<6896.527344, 36.720367, 6063.618652>) as driver
21:49:24.515 [VehicleEngine] Player Dragonhunter [uid=8aHbwb5XZ9Gq0J-7qO1AVn3G8YD6-lBt4iCz53aUxso=] started vehicle Interceptor (id=707557F11F431A39BAED5EA5F50790B1 pos=<6896.527344, 36.720371, 6063.618652>)
21:50:18.851 [VehicleLeave] Player Dragonhunter [uid=8aHbwb5XZ9Gq0J-7qO1AVn3G8YD6-lBt4iCz53aUxso=] left vehicle Interceptor (id=707557F11F431A39BAED5EA5F50790B1 pos=<7568.185547, 37.416073, 6199.005859>)
21:52:31.921 [VehicleEnter] Player Dragonhunter [uid=8aHbwb5XZ9Gq0J-7qO1AVn3G8YD6-lBt4iCz53aUxso=] entered vehicle Interceptor (id=707557F11F431A39BAED5EA5F50790B1 pos=<7568.185547, 37.416069, 6199.005859>) as driver
21:52:36.031 [VehicleEngine] Player Dragonhunter [uid=8aHbwb5XZ9Gq0J-7qO1AVn3G8YD6-lBt4iCz53aUxso=] started vehicle Interceptor (id=707557F11F431A39BAED5EA5F50790B1 pos=<7568.185547, 37.416069, 6199.005859>)
21:52:42.671 [VehicleEngine] Player Dragonhunter [uid=8aHbwb5XZ9Gq0J-7qO1AVn3G8YD6-lBt4iCz53aUxso=] stopped vehicle Interceptor (id=707557F11F431A39BAED5EA5F50790B1 pos=<7571.388672, 37.465843, 6192.555176>)
21:52:45.320 [VehicleLeave] Player Dragonhunter [uid=8aHbwb5XZ9Gq0J-7qO1AVn3G8YD6-lBt4iCz53aUxso=] left vehicle Interceptor (id=707557F11F431A39BAED5EA5F50790B1 pos=<7571.388672, 37.465801, 6192.555176>)
21:59:05.273 [Territory] Player "Dragonhunter" (id=8aHbwb5XZ9Gq0J-7qO1AVn3G8YD6-lBt4iCz53aUxso=) created territory Dragon guard at <7555.086914, 37.871536, 6186.715820>
21:59:30.679 [VehicleEnter] Player Dragonhunter [uid=8aHbwb5XZ9Gq0J-7qO1AVn3G8YD6-lBt4iCz53aUxso=] entered vehicle Interceptor (id=707557F11F431A39BAED5EA5F50790B1 pos=<7571.388672, 37.465832, 6192.555176>) as driver
21:59:36.476 [VehicleEngine] Player Dragonhunter [uid=8aHbwb5XZ9Gq0J-7qO1AVn3G8YD6-lBt4iCz53aUxso=] started vehicle Interceptor (id=707557F11F431A39BAED5EA5F50790B1 pos=<7571.388672, 37.465839, 6192.555176>)
21:59:52.687 [VehicleLeave] Player Dragonhunter [uid=8aHbwb5XZ9Gq0J-7qO1AVn3G8YD6-lBt4iCz53aUxso=] left vehicle Interceptor (id=707557F11F431A39BAED5EA5F50790B1 pos=<7547.670898, 37.608280, 6206.870605>)
22:17:57.812 [AI Patrol] Spawning 1 Shamans bots at <6607.009277, 42.023014, 5857.062988>
23:16:07.171 [VehicleCarKey] Player "Dragonhunter" (id=8aHbwb5XZ9Gq0J-7qO1AVn3G8YD6-lBt4iCz53aUxso= pos=<7547.308105, 37.747967, 6205.494629>) used the  ExpansionCarKey to lock Interceptor (id=707557F11F431A39BAED5EA5F50790B1 pos=<7547.670898, 37.608280, 6206.871094>)
23:17:25.687 [VehicleDeleted] Interceptor (id=707557F11F431A39BAED5EA5F50790B1 pos=<7547.670898, 37.608280, 6206.871094>)
23:17:25.687 [VehicleCover] Player "Dragonhunter" (id=8aHbwb5XZ9Gq0J-7qO1AVn3G8YD6-lBt4iCz53aUxso= pos=<7547.544434, 37.750801, 6204.857910>) covered vehicle "Interceptor" (GlobalID=800000008000000080000000800333E3 pos=<7547.670898, 37.608280, 6206.871094>)!
23:54:00.390 [VehicleEnter] Player Jasper Frost [uid=CZPM_JNB7vYnsFVBaseZtvWiF9zYok86218LvoulzsU=] entered vehicle Audi RS6 Flecktarn (id=5B2E5554E6484184B7BBC8BAFA4D705A pos=<14211.094727, 2.191281, 6435.411621>) as driver
23:54:11.703 [VehicleLeave] Player Jasper Frost [uid=CZPM_JNB7vYnsFVBaseZtvWiF9zYok86218LvoulzsU=] left vehicle Audi RS6 Flecktarn (id=5B2E5554E6484184B7BBC8BAFA4D705A pos=<14211.094727, 2.191281, 6435.411621>)
