13:49:48.789 [Party] Player "Stahlhelm Sturm" (id=Dj-6_aSgGuPVYaq-POeeqvRPr_91gVAi6qp9fgRrqHk=) joinded the party "DIEHARD" (id=32 ownerUID=JmVdSu0kzNbOpwjpFV-MDcMB-Equ3yPY-l-COMb6HgY= ownerName=Nick Leadbeatter)
13:49:48.792 [Expansion Quests] - InitQuestSystemClient - Loaded existing player quest data for player with UID: Dj-6_aSgGuPVYaq-POeeqvRPr_91gVAi6qp9fgRrqHk=
13:49:48.792 [Expansion Quests] - LoadGroupQuestData - Loaded existing group quest data for group with ID: 32
13:49:49.753 [Expansion Quests] - LoadGroupQuestData - Got cached group quest data for group with ID: 32
13:53:28.941 [AI Patrol] Spawning 3 Temple Patrol bots at <416.638550, 47.070000, 766.857483>
13:53:29.039 [AI Patrol] Spawning 3 Temple Patrol bots at <321.417084, 47.070000, 799.611267>
13:53:29.054 [AI Patrol] Spawning 3 Temple Patrol bots at <386.667358, 55.318100, 666.098145>
13:53:30.761 [VehicleEnter] Player Stahlhelm Sturm [uid=Dj-6_aSgGuPVYaq-POeeqvRPr_91gVAi6qp9fgRrqHk=] entered vehicle Offroad Range Rover green  (id=B45AF23EB64640B17AD9CF9F8E504752 pos=<4966.695801, 16.061882, 7547.144531>) as driver
13:54:16.664 [VehicleLeave] Player Stahlhelm Sturm [uid=Dj-6_aSgGuPVYaq-POeeqvRPr_91gVAi6qp9fgRrqHk=] left vehicle Offroad Range Rover green  (id=B45AF23EB64640B17AD9CF9F8E504752 pos=<4966.695801, 16.061884, 7547.144531>)
13:54:37.761 [VehicleEnter] Player Stahlhelm Sturm [uid=Dj-6_aSgGuPVYaq-POeeqvRPr_91gVAi6qp9fgRrqHk=] entered vehicle Offroad Range Rover green  (id=B45AF23EB64640B17AD9CF9F8E504752 pos=<4966.728516, 16.060627, 7547.033691>) as driver
13:54:42.128 [VehicleEngine] Player Stahlhelm Sturm [uid=Dj-6_aSgGuPVYaq-POeeqvRPr_91gVAi6qp9fgRrqHk=] started vehicle Offroad Range Rover green  (id=B45AF23EB64640B17AD9CF9F8E504752 pos=<4966.728516, 16.060625, 7547.033691>)
13:55:40.597 [AI Patrol] Spawning 3 Power Plant Patrol bots at <4797.556152, 19.599104, 7301.691406>
14:01:34.187 [Safezone] Player "Stahlhelm Sturm" (id=Dj-6_aSgGuPVYaq-POeeqvRPr_91gVAi6qp9fgRrqHk= pos=<5663.303223, 29.813492, 5522.196289>) Entered the safezone
14:02:35.421 [VehicleEngine] Player Stahlhelm Sturm [uid=Dj-6_aSgGuPVYaq-POeeqvRPr_91gVAi6qp9fgRrqHk=] stopped vehicle Offroad Range Rover green  (id=B45AF23EB64640B17AD9CF9F8E504752 pos=<5611.649414, 28.719034, 5403.810547>)
14:02:41.187 [VehicleLeave] Player Stahlhelm Sturm [uid=Dj-6_aSgGuPVYaq-POeeqvRPr_91gVAi6qp9fgRrqHk=] left vehicle Offroad Range Rover green  (id=B45AF23EB64640B17AD9CF9F8E504752 pos=<5611.649414, 28.719034, 5403.810547>)
14:02:54.417 [VehicleCarKey] Player "Stahlhelm Sturm" (id=Dj-6_aSgGuPVYaq-POeeqvRPr_91gVAi6qp9fgRrqHk= pos=<5612.762695, 28.722498, 5403.047852>) used the  ExpansionCarKey to lock OffroadRangeRover_green (id=B45AF23EB64640B17AD9CF9F8E504752 pos=<5611.649414, 28.719034, 5403.810547>)
14:04:51.984 [MissionAirdrop] An airdrop is heading towards "Oceanville" (pos=<10179.000000, 0.000000, 4722.000000> type=Random_Oceanville) with a ExpansionAirdropContainer_Basebuilding
14:04:52.039 [Market] Player "Stahlhelm Sturm" (id=Dj-6_aSgGuPVYaq-POeeqvRPr_91gVAi6qp9fgRrqHk=) has send a requested to sell fal x1 at the trader "Weapons (Oliver [WEAPONS])" in market zone "The Holler" (pos=<5632.000000, 32.000000, 5392.000000>).
14:04:52.199 [Market] Player "Stahlhelm Sturm" (id=Dj-6_aSgGuPVYaq-POeeqvRPr_91gVAi6qp9fgRrqHk=) has sold fal x1 at the trader "Weapons (Oliver [WEAPONS])" in market zone "The Holler" (pos=<5632.000000, 32.000000, 5392.000000>) and got 1362.
14:05:29.898 [Market] Player "Stahlhelm Sturm" (id=Dj-6_aSgGuPVYaq-POeeqvRPr_91gVAi6qp9fgRrqHk=) has send a requested to purchase mvs_combatshirt_od x1 from the trader "Clothing_Accessories (Elias [CLOTHING & ACCESSORIES])" in market zone "The Holler" (pos=<5632.000000, 32.000000, 5392.000000>).
14:05:30.058 [Market] Player "Stahlhelm Sturm" (id=Dj-6_aSgGuPVYaq-POeeqvRPr_91gVAi6qp9fgRrqHk=) has bought mvs_combatshirt_od x1 from the trader "Clothing_Accessories (Elias [CLOTHING & ACCESSORIES])" in market zone "The Holler" (pos=<5632.000000, 32.000000, 5392.000000>) for a price of 800.
14:06:45.453 [VehicleCarKey] Player "Stahlhelm Sturm" (id=Dj-6_aSgGuPVYaq-POeeqvRPr_91gVAi6qp9fgRrqHk= pos=<5613.712891, 28.722496, 5405.822754>) used the  ExpansionCarKey to unlock OffroadRangeRover_green (id=B45AF23EB64640B17AD9CF9F8E504752 pos=<5611.649414, 28.719034, 5403.810547>)
14:07:18.746 [VehicleCarKey] Player "Stahlhelm Sturm" (id=Dj-6_aSgGuPVYaq-POeeqvRPr_91gVAi6qp9fgRrqHk= pos=<5614.020996, 28.722498, 5405.694824>) used the  ExpansionCarKey to lock OffroadRangeRover_green (id=B45AF23EB64640B17AD9CF9F8E504752 pos=<5611.649414, 28.719034, 5403.810547>)
14:07:46.226 [Market] Player "Stahlhelm Sturm" (id=Dj-6_aSgGuPVYaq-POeeqvRPr_91gVAi6qp9fgRrqHk=) has send a requested to sell ak74 x1 at the trader "Weapons (Oliver [WEAPONS])" in market zone "The Holler" (pos=<5632.000000, 32.000000, 5392.000000>).
14:07:46.417 [Market] Player "Stahlhelm Sturm" (id=Dj-6_aSgGuPVYaq-POeeqvRPr_91gVAi6qp9fgRrqHk=) has sold ak74 x1 at the trader "Weapons (Oliver [WEAPONS])" in market zone "The Holler" (pos=<5632.000000, 32.000000, 5392.000000>) and got 1578.
14:07:53.332 [Market] Player "Stahlhelm Sturm" (id=Dj-6_aSgGuPVYaq-POeeqvRPr_91gVAi6qp9fgRrqHk=) has send a requested to sell mag_ak74_30rnd x1 at the trader "Weapons (Oliver [WEAPONS])" in market zone "The Holler" (pos=<5632.000000, 32.000000, 5392.000000>).
14:07:53.515 [Market] Player "Stahlhelm Sturm" (id=Dj-6_aSgGuPVYaq-POeeqvRPr_91gVAi6qp9fgRrqHk=) has sold mag_ak74_30rnd x1 at the trader "Weapons (Oliver [WEAPONS])" in market zone "The Holler" (pos=<5632.000000, 32.000000, 5392.000000>) and got 112.
14:08:07.617 [Market] Player "Stahlhelm Sturm" (id=Dj-6_aSgGuPVYaq-POeeqvRPr_91gVAi6qp9fgRrqHk=) has send a requested to sell mag_ij70_8rnd x1 at the trader "Weapons (Oliver [WEAPONS])" in market zone "The Holler" (pos=<5632.000000, 32.000000, 5392.000000>).
14:08:07.750 [Market] Player "Stahlhelm Sturm" (id=Dj-6_aSgGuPVYaq-POeeqvRPr_91gVAi6qp9fgRrqHk=) has sold mag_ij70_8rnd x1 at the trader "Weapons (Oliver [WEAPONS])" in market zone "The Holler" (pos=<5632.000000, 32.000000, 5392.000000>) and got 28.
14:10:20.160 [Party] Player "Stahlhelm Sturm" (id=Dj-6_aSgGuPVYaq-POeeqvRPr_91gVAi6qp9fgRrqHk=) left the party "DIEHARD" (id=32 ownerUID=JmVdSu0kzNbOpwjpFV-MDcMB-Equ3yPY-l-COMb6HgY= ownerName=Nick Leadbeatter)
16:01:13.160 [Safezone] Player "Stahlhelm Sturm" (id=Dj-6_aSgGuPVYaq-POeeqvRPr_91gVAi6qp9fgRrqHk= pos=<5613.163574, 28.722496, 5406.383789>) Entered the safezone
16:01:13.160 [Party] Player "Stahlhelm Sturm" (id=Dj-6_aSgGuPVYaq-POeeqvRPr_91gVAi6qp9fgRrqHk=) joinded the party "DIEHARD" (id=32 ownerUID=JmVdSu0kzNbOpwjpFV-MDcMB-Equ3yPY-l-COMb6HgY= ownerName=Nick Leadbeatter)
16:01:13.164 [Expansion Quests] - InitQuestSystemClient - Loaded existing player quest data for player with UID: Dj-6_aSgGuPVYaq-POeeqvRPr_91gVAi6qp9fgRrqHk=
16:01:13.164 [Expansion Quests] - LoadGroupQuestData - Got cached group quest data for group with ID: 32
16:01:14.117 [Expansion Quests] - LoadGroupQuestData - Got cached group quest data for group with ID: 32
16:03:32.203 [Market] Player "Stahlhelm Sturm" (id=Dj-6_aSgGuPVYaq-POeeqvRPr_91gVAi6qp9fgRrqHk=) has send a requested to purchase ammobox_308win_20rnd x1 from the trader "WeaponAccessories (Rolf [WEAPON ACCESSORIES])" in market zone "The Holler" (pos=<5632.000000, 32.000000, 5392.000000>).
16:03:32.406 [Market] Player "Stahlhelm Sturm" (id=Dj-6_aSgGuPVYaq-POeeqvRPr_91gVAi6qp9fgRrqHk=) has bought ammobox_308win_20rnd x1 from the trader "WeaponAccessories (Rolf [WEAPON ACCESSORIES])" in market zone "The Holler" (pos=<5632.000000, 32.000000, 5392.000000>) for a price of 32.
16:03:51.511 [Market] Player "Stahlhelm Sturm" (id=Dj-6_aSgGuPVYaq-POeeqvRPr_91gVAi6qp9fgRrqHk=) has send a requested to purchase ammobox_308win_20rnd x10 from the trader "WeaponAccessories (Rolf [WEAPON ACCESSORIES])" in market zone "The Holler" (pos=<5632.000000, 32.000000, 5392.000000>).
16:03:51.687 [Market] Player "Stahlhelm Sturm" (id=Dj-6_aSgGuPVYaq-POeeqvRPr_91gVAi6qp9fgRrqHk=) has bought ammobox_308win_20rnd x10 from the trader "WeaponAccessories (Rolf [WEAPON ACCESSORIES])" in market zone "The Holler" (pos=<5632.000000, 32.000000, 5392.000000>) for a price of 320.
16:04:42.804 [ATM] Player "Stahlhelm Sturm" (id=Dj-6_aSgGuPVYaq-POeeqvRPr_91gVAi6qp9fgRrqHk=) has deposited 1928 on his ATM account.
16:05:45.070 [Expansion Quests] - CreateQuestInstance - Created new quest instance for with instance key Dj-6_aSgGuPVYaq-POeeqvRPr_91gVAi6qp9fgRrqHk= for quest 11
16:06:50.250 [VehicleCarKey] Player "Stahlhelm Sturm" (id=Dj-6_aSgGuPVYaq-POeeqvRPr_91gVAi6qp9fgRrqHk= pos=<5614.269043, 28.722498, 5405.377930>) used the  ExpansionCarKey to unlock OffroadRangeRover_green (id=B45AF23EB64640B17AD9CF9F8E504752 pos=<5611.649414, 28.719034, 5403.810547>)
16:09:30.957 [VehicleEnter] Player Stahlhelm Sturm [uid=Dj-6_aSgGuPVYaq-POeeqvRPr_91gVAi6qp9fgRrqHk=] entered vehicle Offroad Range Rover green  (id=B45AF23EB64640B17AD9CF9F8E504752 pos=<5611.649414, 28.719034, 5403.810547>) as driver
16:09:35.968 [VehicleEngine] Player Stahlhelm Sturm [uid=Dj-6_aSgGuPVYaq-POeeqvRPr_91gVAi6qp9fgRrqHk=] started vehicle Offroad Range Rover green  (id=B45AF23EB64640B17AD9CF9F8E504752 pos=<5611.649414, 28.719032, 5403.810547>)
16:10:52.601 [Safezone] Player "Stahlhelm Sturm" (id=Dj-6_aSgGuPVYaq-POeeqvRPr_91gVAi6qp9fgRrqHk= pos=<5602.821777, 27.986393, 5616.110352>) Left the safezone
16:13:24.203 [VehicleEngine] Player Stahlhelm Sturm [uid=Dj-6_aSgGuPVYaq-POeeqvRPr_91gVAi6qp9fgRrqHk=] stopped vehicle Offroad Range Rover green  (id=B45AF23EB64640B17AD9CF9F8E504752 pos=<5354.496094, 6.843971, 6340.472168>)
16:13:36.695 [VehicleLeave] Player Stahlhelm Sturm [uid=Dj-6_aSgGuPVYaq-POeeqvRPr_91gVAi6qp9fgRrqHk=] left vehicle Offroad Range Rover green  (id=B45AF23EB64640B17AD9CF9F8E504752 pos=<5354.496094, 6.843971, 6340.472168>)
16:13:53.187 [VehicleEnter] Player Stahlhelm Sturm [uid=Dj-6_aSgGuPVYaq-POeeqvRPr_91gVAi6qp9fgRrqHk=] entered vehicle Offroad Range Rover green  (id=B45AF23EB64640B17AD9CF9F8E504752 pos=<5354.496094, 6.843971, 6340.472168>) as driver
16:14:03.687 [VehicleEngine] Player Stahlhelm Sturm [uid=Dj-6_aSgGuPVYaq-POeeqvRPr_91gVAi6qp9fgRrqHk=] started vehicle Offroad Range Rover green  (id=B45AF23EB64640B17AD9CF9F8E504752 pos=<5354.496094, 6.843971, 6340.472168>)
16:20:26.382 [VehicleEngine] Player Stahlhelm Sturm [uid=Dj-6_aSgGuPVYaq-POeeqvRPr_91gVAi6qp9fgRrqHk=] stopped vehicle Offroad Range Rover green  (id=B45AF23EB64640B17AD9CF9F8E504752 pos=<7259.976563, 4.986394, 8807.886719>)
16:20:30.812 [VehicleLeave] Player Stahlhelm Sturm [uid=Dj-6_aSgGuPVYaq-POeeqvRPr_91gVAi6qp9fgRrqHk=] left vehicle Offroad Range Rover green  (id=B45AF23EB64640B17AD9CF9F8E504752 pos=<7259.976563, 4.986395, 8807.886719>)
16:21:36.011 [VehicleEnter] Player Stahlhelm Sturm [uid=Dj-6_aSgGuPVYaq-POeeqvRPr_91gVAi6qp9fgRrqHk=] entered vehicle Offroad Range Rover green  (id=B45AF23EB64640B17AD9CF9F8E504752 pos=<7259.976563, 4.986395, 8807.886719>) as driver
16:21:42.410 [VehicleEngine] Player Stahlhelm Sturm [uid=Dj-6_aSgGuPVYaq-POeeqvRPr_91gVAi6qp9fgRrqHk=] started vehicle Offroad Range Rover green  (id=B45AF23EB64640B17AD9CF9F8E504752 pos=<7259.976563, 4.986395, 8807.886719>)
16:25:38.523 [VehicleLeave] Player Stahlhelm Sturm [uid=Dj-6_aSgGuPVYaq-POeeqvRPr_91gVAi6qp9fgRrqHk=] left vehicle Offroad Range Rover green  (id=B45AF23EB64640B17AD9CF9F8E504752 pos=<8888.371094, 5.140648, 8726.653320>)
16:25:55.085 [VehicleEnter] Player Stahlhelm Sturm [uid=Dj-6_aSgGuPVYaq-POeeqvRPr_91gVAi6qp9fgRrqHk=] entered vehicle Offroad Range Rover green  (id=B45AF23EB64640B17AD9CF9F8E504752 pos=<8888.372070, 5.139036, 8726.649414>) as driver
16:26:01.636 [VehicleEngine] Player Stahlhelm Sturm [uid=Dj-6_aSgGuPVYaq-POeeqvRPr_91gVAi6qp9fgRrqHk=] started vehicle Offroad Range Rover green  (id=B45AF23EB64640B17AD9CF9F8E504752 pos=<8888.372070, 5.139036, 8726.649414>)
16:27:03.156 [VehicleEngine] Player Stahlhelm Sturm [uid=Dj-6_aSgGuPVYaq-POeeqvRPr_91gVAi6qp9fgRrqHk=] stopped vehicle Offroad Range Rover green  (id=B45AF23EB64640B17AD9CF9F8E504752 pos=<8911.958984, 5.139037, 8719.573242>)
16:27:07.851 [VehicleLeave] Player Stahlhelm Sturm [uid=Dj-6_aSgGuPVYaq-POeeqvRPr_91gVAi6qp9fgRrqHk=] left vehicle Offroad Range Rover green  (id=B45AF23EB64640B17AD9CF9F8E504752 pos=<8911.958984, 5.139037, 8719.573242>)
16:37:31.527 [VehicleCarKey] Player "Stahlhelm Sturm" (id=Dj-6_aSgGuPVYaq-POeeqvRPr_91gVAi6qp9fgRrqHk= pos=<8911.833008, 5.142501, 8718.120117>) used the  ExpansionCarKey to lock OffroadRangeRover_green (id=B45AF23EB64640B17AD9CF9F8E504752 pos=<8911.958984, 5.139037, 8719.573242>)
16:37:47.941 [VehicleDeleted] OffroadRangeRover_green (id=B45AF23EB64640B17AD9CF9F8E504752 pos=<8911.958984, 5.139037, 8719.573242>)
16:37:47.941 [VehicleCover] Player "Stahlhelm Sturm" (id=Dj-6_aSgGuPVYaq-POeeqvRPr_91gVAi6qp9fgRrqHk= pos=<8913.147461, 5.142500, 8717.084961>) covered vehicle "OffroadRangeRover_green" (GlobalID=80000000800000008000000080016FB4 pos=<8911.958984, 5.139037, 8719.573242>)!
17:11:22.785 [VehicleEnter] Player Stahlhelm Sturm [uid=Dj-6_aSgGuPVYaq-POeeqvRPr_91gVAi6qp9fgRrqHk=] entered vehicle Camaro (id=50D766DD1D486DDE33CBDCB305B5BB98 pos=<8874.976563, 5.118758, 8667.009766>) as driver
17:11:30.527 [VehicleEngine] Player Stahlhelm Sturm [uid=Dj-6_aSgGuPVYaq-POeeqvRPr_91gVAi6qp9fgRrqHk=] started vehicle Camaro (id=50D766DD1D486DDE33CBDCB305B5BB98 pos=<8874.976563, 5.118760, 8667.009766>)
17:13:37.726 [VehicleEngine] Player Stahlhelm Sturm [uid=Dj-6_aSgGuPVYaq-POeeqvRPr_91gVAi6qp9fgRrqHk=] stopped vehicle Camaro (id=50D766DD1D486DDE33CBDCB305B5BB98 pos=<9157.076172, 5.118786, 8710.124023>)
17:13:44.523 [VehicleLeave] Player Stahlhelm Sturm [uid=Dj-6_aSgGuPVYaq-POeeqvRPr_91gVAi6qp9fgRrqHk=] left vehicle Camaro (id=50D766DD1D486DDE33CBDCB305B5BB98 pos=<9157.076172, 5.118760, 8710.124023>)
17:15:07.890 [VehicleEnter] Player Stahlhelm Sturm [uid=Dj-6_aSgGuPVYaq-POeeqvRPr_91gVAi6qp9fgRrqHk=] entered vehicle Camaro (id=50D766DD1D486DDE33CBDCB305B5BB98 pos=<9157.075195, 5.118760, 8710.100586>) as driver
17:15:11.484 [VehicleEngine] Player Stahlhelm Sturm [uid=Dj-6_aSgGuPVYaq-POeeqvRPr_91gVAi6qp9fgRrqHk=] started vehicle Camaro (id=50D766DD1D486DDE33CBDCB305B5BB98 pos=<9157.075195, 5.118760, 8710.100586>)
17:16:39.914 [VehicleEngine] Player Stahlhelm Sturm [uid=Dj-6_aSgGuPVYaq-POeeqvRPr_91gVAi6qp9fgRrqHk=] stopped vehicle Camaro (id=50D766DD1D486DDE33CBDCB305B5BB98 pos=<8892.404297, 5.118761, 8723.064453>)
17:16:46.347 [VehicleLeave] Player Stahlhelm Sturm [uid=Dj-6_aSgGuPVYaq-POeeqvRPr_91gVAi6qp9fgRrqHk=] left vehicle Camaro (id=50D766DD1D486DDE33CBDCB305B5BB98 pos=<8892.404297, 5.118760, 8723.064453>)
17:16:53.414 [VehicleEnter] Player Stahlhelm Sturm [uid=Dj-6_aSgGuPVYaq-POeeqvRPr_91gVAi6qp9fgRrqHk=] entered vehicle Camaro (id=50D766DD1D486DDE33CBDCB305B5BB98 pos=<8892.406250, 5.118760, 8723.064453>) as driver
17:17:00.777 [VehicleLeave] Player Stahlhelm Sturm [uid=Dj-6_aSgGuPVYaq-POeeqvRPr_91gVAi6qp9fgRrqHk=] left vehicle Camaro (id=50D766DD1D486DDE33CBDCB305B5BB98 pos=<8892.404297, 5.118760, 8723.064453>)
17:17:07.062 [VehicleCarKey] Player "Stahlhelm Sturm" (id=Dj-6_aSgGuPVYaq-POeeqvRPr_91gVAi6qp9fgRrqHk= pos=<8895.009766, 5.142500, 8723.786133>) paired a  ExpansionCarKey to Chevrolet_Camaro (id=50D766DD1D486DDE33CBDCB305B5BB98 pos=<8892.403320, 5.118760, 8723.064453>)
17:18:30.671 [VehicleCover] Player "Stahlhelm Sturm" (id=Dj-6_aSgGuPVYaq-POeeqvRPr_91gVAi6qp9fgRrqHk= pos=<8912.014648, 5.142500, 8716.552734>) uncovered vehicle "OffroadRangeRover_green" (GlobalID=80000000800000008000000080016FB4 pos=<8911.958984, 5.139037, 8719.573242>)!
17:18:53.636 [VehicleCarKey] Player "Stahlhelm Sturm" (id=Dj-6_aSgGuPVYaq-POeeqvRPr_91gVAi6qp9fgRrqHk= pos=<8911.370117, 5.142457, 8717.748047>) used the  ExpansionCarKey to unlock OffroadRangeRover_green (id=0D83858D0C427990B98337BCD54DF15F pos=<8911.958984, 5.139037, 8719.573242>)
17:19:01.570 [VehicleEnter] Player Stahlhelm Sturm [uid=Dj-6_aSgGuPVYaq-POeeqvRPr_91gVAi6qp9fgRrqHk=] entered vehicle Offroad Range Rover green  (id=0D83858D0C427990B98337BCD54DF15F pos=<8911.958984, 5.139037, 8719.573242>) as driver
17:19:06.085 [VehicleEngine] Player Stahlhelm Sturm [uid=Dj-6_aSgGuPVYaq-POeeqvRPr_91gVAi6qp9fgRrqHk=] started vehicle Offroad Range Rover green  (id=0D83858D0C427990B98337BCD54DF15F pos=<8911.958984, 5.139037, 8719.573242>)
17:20:49.066 [VehicleEngine] Player Stahlhelm Sturm [uid=Dj-6_aSgGuPVYaq-POeeqvRPr_91gVAi6qp9fgRrqHk=] stopped vehicle Offroad Range Rover green  (id=0D83858D0C427990B98337BCD54DF15F pos=<8885.978516, 5.209405, 8676.366211>)
17:20:54.484 [VehicleLeave] Player Stahlhelm Sturm [uid=Dj-6_aSgGuPVYaq-POeeqvRPr_91gVAi6qp9fgRrqHk=] left vehicle Offroad Range Rover green  (id=0D83858D0C427990B98337BCD54DF15F pos=<8885.979492, 5.210192, 8676.366211>)
17:21:07.554 [VehicleCarKey] Player "Stahlhelm Sturm" (id=Dj-6_aSgGuPVYaq-POeeqvRPr_91gVAi6qp9fgRrqHk= pos=<8888.663086, 5.211762, 8675.201172>) used the  ExpansionCarKey to lock OffroadRangeRover_green (id=0D83858D0C427990B98337BCD54DF15F pos=<8885.979492, 5.210219, 8676.366211>)
17:22:00.242 [VehicleDeleted] OffroadRangeRover_green (id=0D83858D0C427990B98337BCD54DF15F pos=<8885.979492, 5.210219, 8676.366211>)
17:22:00.242 [VehicleCover] Player "Stahlhelm Sturm" (id=Dj-6_aSgGuPVYaq-POeeqvRPr_91gVAi6qp9fgRrqHk= pos=<8888.607422, 5.211761, 8676.508789>) covered vehicle "OffroadRangeRover_green" (GlobalID=80000000800000008000000080016FB4 pos=<8885.979492, 5.210219, 8676.366211>)!
17:22:14.843 [VehicleCover] Player "Stahlhelm Sturm" (id=Dj-6_aSgGuPVYaq-POeeqvRPr_91gVAi6qp9fgRrqHk= pos=<8888.160156, 5.217775, 8678.692383>) uncovered vehicle "OffroadRangeRover_green" (GlobalID=80000000800000008000000080016FB4 pos=<8885.979492, 5.210219, 8676.366211>)!
17:22:39.445 [VehicleDeleted] OffroadRangeRover_green (id=88A7E1C4F74ACAE63399AD80722B06F0 pos=<8885.590820, 5.220796, 8675.374023>)
17:22:39.449 [VehicleCover] Player "Stahlhelm Sturm" (id=Dj-6_aSgGuPVYaq-POeeqvRPr_91gVAi6qp9fgRrqHk= pos=<8887.973633, 5.211762, 8675.155273>) covered vehicle "OffroadRangeRover_green" (GlobalID=80000000800000008000000080016FB4 pos=<8885.590820, 5.220796, 8675.374023>)!
17:22:55.453 [VehicleEnter] Player Stahlhelm Sturm [uid=Dj-6_aSgGuPVYaq-POeeqvRPr_91gVAi6qp9fgRrqHk=] entered vehicle Camaro (id=50D766DD1D486DDE33CBDCB305B5BB98 pos=<8892.405273, 5.118761, 8723.064453>) as driver
17:23:00.453 [VehicleEngine] Player Stahlhelm Sturm [uid=Dj-6_aSgGuPVYaq-POeeqvRPr_91gVAi6qp9fgRrqHk=] started vehicle Camaro (id=50D766DD1D486DDE33CBDCB305B5BB98 pos=<8892.405273, 5.118761, 8723.064453>)
17:24:08.289 [VehicleEngine] Player Stahlhelm Sturm [uid=Dj-6_aSgGuPVYaq-POeeqvRPr_91gVAi6qp9fgRrqHk=] stopped vehicle Camaro (id=50D766DD1D486DDE33CBDCB305B5BB98 pos=<8911.285156, 5.118759, 8718.911133>)
17:24:15.542 [VehicleLeave] Player Stahlhelm Sturm [uid=Dj-6_aSgGuPVYaq-POeeqvRPr_91gVAi6qp9fgRrqHk=] left vehicle Camaro (id=50D766DD1D486DDE33CBDCB305B5BB98 pos=<8911.285156, 5.118760, 8718.909180>)
17:24:58.007 [VehicleCarKey] Player "Stahlhelm Sturm" (id=Dj-6_aSgGuPVYaq-POeeqvRPr_91gVAi6qp9fgRrqHk= pos=<8914.016602, 5.142497, 8717.466797>) used the  ExpansionCarKey to lock Chevrolet_Camaro (id=50D766DD1D486DDE33CBDCB305B5BB98 pos=<8911.285156, 5.118761, 8718.908203>)
17:31:22.347 [Party] Player "Stahlhelm Sturm" (id=Dj-6_aSgGuPVYaq-POeeqvRPr_91gVAi6qp9fgRrqHk=) left the party "DIEHARD" (id=32 ownerUID=JmVdSu0kzNbOpwjpFV-MDcMB-Equ3yPY-l-COMb6HgY= ownerName=Nick Leadbeatter)
17:40:34.390 [Expansion Quests] - InitQuestSystemClient - Loaded existing player quest data for player with UID: 8aHbwb5XZ9Gq0J-7qO1AVn3G8YD6-lBt4iCz53aUxso=
17:40:34.390 [Expansion Quests] - Create new quest instance for quest: 16 - Player UID: 8aHbwb5XZ9Gq0J-7qO1AVn3G8YD6-lBt4iCz53aUxso=
17:40:37.378 [MissionAirdrop] An airdrop is heading towards "Old-Town" (pos=<1849.000000, 0.000000, 8830.000000> type=Random_Old-Town) with a ExpansionAirdropContainer_Medical
17:50:42.515 [VehicleCover] Player "Dragonhunter" (id=8aHbwb5XZ9Gq0J-7qO1AVn3G8YD6-lBt4iCz53aUxso= pos=<7556.312500, 37.902882, 6195.678223>) uncovered vehicle "Interceptor" (GlobalID=800000008000000080000000800333E3 pos=<7557.324707, 37.559853, 6193.457031>)!
17:51:00.992 [VehicleCarKey] Player "Dragonhunter" (id=8aHbwb5XZ9Gq0J-7qO1AVn3G8YD6-lBt4iCz53aUxso= pos=<7555.663574, 38.055618, 6193.079590>) used the  ExpansionCarKey to unlock Interceptor (id=707557F11F431A39BAED5EA5F50790B1 pos=<7557.324707, 37.559826, 6193.458008>)
