06:03:05.134 [Party] Player "Nick Leadbeatter" (id=JmVdSu0kzNbOpwjpFV-MDcMB-Equ3yPY-l-COMb6HgY=) joinded the party "DIEHARD" (id=32 ownerUID=JmVdSu0kzNbOpwjpFV-MDcMB-Equ3yPY-l-COMb6HgY= ownerName=Nick Leadbeatter)
06:03:38.619 [Party] Player "brailsford40" (id=HQAtXFe6fZZL90M2CD_a22otF9NJ2s4t7n-ol5BAu6o=) joinded the party "DIEHARD" (id=32 ownerUID=JmVdSu0kzNbOpwjpFV-MDcMB-Equ3yPY-l-COMb6HgY= ownerName=Nick Leadbeatter)
06:18:07.089 [MissionAirdrop] An airdrop is heading towards "Stonington" (pos=<6973.000000, 0.000000, 1701.000000> type=Random_Stonington) with a ExpansionAirdropContainer_Military
06:35:10.800 [Party] Player "tearsofdawn1066" (id=Sltx5zKJy7sVbO2kN3XTpRthB0wkULqErUtRpY6M_7o=) joinded the party "DIEHARD" (id=32 ownerUID=JmVdSu0kzNbOpwjpFV-MDcMB-Equ3yPY-l-COMb6HgY= ownerName=Nick Leadbeatter)
07:02:01.548 [Party] Player "Nick Leadbeatter" (id=JmVdSu0kzNbOpwjpFV-MDcMB-Equ3yPY-l-COMb6HgY=) left the party "DIEHARD" (id=32 ownerUID=JmVdSu0kzNbOpwjpFV-MDcMB-Equ3yPY-l-COMb6HgY= ownerName=Nick Leadbeatter)
07:02:06.548 [Party] Player "brailsford40" (id=HQAtXFe6fZZL90M2CD_a22otF9NJ2s4t7n-ol5BAu6o=) left the party "DIEHARD" (id=32 ownerUID=JmVdSu0kzNbOpwjpFV-MDcMB-Equ3yPY-l-COMb6HgY= ownerName=Nick Leadbeatter)
07:16:09.255 [Party] Player "tearsofdawn1066" (id=Sltx5zKJy7sVbO2kN3XTpRthB0wkULqErUtRpY6M_7o=) left the party "DIEHARD" (id=32 ownerUID=JmVdSu0kzNbOpwjpFV-MDcMB-Equ3yPY-l-COMb6HgY= ownerName=Nick Leadbeatter)
07:37:22.642 [AI Patrol] Spawning 3 Camp Eagle Patrol bots at <8822.248047, 45.879341, 3853.340332>
08:19:05.529 [Killfeed] Stahlhelm Sturm got killed by Camp Eagle Patrol with KA-101 from a distance of 5 m.
08:20:26.923 [SpawnSelection] Player "Stahlhelm Sturm" (id=Dj-6_aSgGuPVYaq-POeeqvRPr_91gVAi6qp9fgRrqHk=) spawned at <10299.725586, 43.082348, 5171.118652>
09:34:07.433 [Party] Player "tearsofdawn1066" (id=Sltx5zKJy7sVbO2kN3XTpRthB0wkULqErUtRpY6M_7o=) joinded the party "DIEHARD" (id=32 ownerUID=JmVdSu0kzNbOpwjpFV-MDcMB-Equ3yPY-l-COMb6HgY= ownerName=Nick Leadbeatter)
09:41:34.464 [Party] Player "BDH Crazy22" (id=xBwUe6F0ELy8UX4ZzLIEUefw3PJSjX0OdDxaAAGlFcY=) joinded the party "noobs" (id=27 ownerUID=xBwUe6F0ELy8UX4ZzLIEUefw3PJSjX0OdDxaAAGlFcY= ownerName=BDH Crazy22)
09:41:34.472 [AI Patrol] Spawning 3 Camp Bear Patrol bots at <8916.243164, 17.959740, 5922.097168>
09:44:00.742 [Party] Player "Bog_Monster" (id=sAzfWixzA1-TNIKhVLRIVZHZX45UaBpWlaWuOFEUMag=) joinded the party "noobs" (id=27 ownerUID=xBwUe6F0ELy8UX4ZzLIEUefw3PJSjX0OdDxaAAGlFcY= ownerName=BDH Crazy22)
09:47:44.152 [MissionAirdrop] An airdrop is heading towards "Hazelands" (pos=<4539.000000, 0.000000, 2317.000000> type=Random_Hazelands) with a ExpansionAirdropContainer_Basebuilding
09:50:32.113 [VehicleCarKey] Player "BDH Crazy22" (id=xBwUe6F0ELy8UX4ZzLIEUefw3PJSjX0OdDxaAAGlFcY= pos=<9373.894531, 29.122677, 5599.897461>) used the  ExpansionCarKey to unlock ToyotaHilux_rust (id=D0BDD6DEB64630CCFABD1BA86291A6EA pos=<9373.038086, 28.769279, 5598.603516>)
09:50:35.746 [AI Patrol] Spawning 3 Temple Patrol bots at <450.602112, 55.318100, 771.839294>
09:50:35.757 [AI Patrol] Spawning 3 Temple Patrol bots at <286.024536, 54.383801, 930.891418>
09:50:35.765 [AI Patrol] Spawning 3 Temple Patrol bots at <362.594360, 47.070000, 836.342773>
09:50:37.441 [VehicleEnter] Player BDH Crazy22 [uid=xBwUe6F0ELy8UX4ZzLIEUefw3PJSjX0OdDxaAAGlFcY=] entered vehicle ToyotaHilux rust (id=D0BDD6DEB64630CCFABD1BA86291A6EA pos=<9373.037109, 28.769001, 5598.603027>) as driver
09:51:20.945 [VehicleEngine] Player BDH Crazy22 [uid=xBwUe6F0ELy8UX4ZzLIEUefw3PJSjX0OdDxaAAGlFcY=] started vehicle ToyotaHilux rust (id=D0BDD6DEB64630CCFABD1BA86291A6EA pos=<9373.037109, 28.768990, 5598.602539>)
09:52:31.660 [VehicleLeave] Player BDH Crazy22 [uid=xBwUe6F0ELy8UX4ZzLIEUefw3PJSjX0OdDxaAAGlFcY=] left vehicle ToyotaHilux rust (id=D0BDD6DEB64630CCFABD1BA86291A6EA pos=<9113.242188, 3.532062, 5734.499512>)
09:53:34.796 [VehicleEnter] Player BDH Crazy22 [uid=xBwUe6F0ELy8UX4ZzLIEUefw3PJSjX0OdDxaAAGlFcY=] entered vehicle ToyotaHilux rust (id=D0BDD6DEB64630CCFABD1BA86291A6EA pos=<9113.238281, 3.531972, 5734.497559>) as driver
09:53:36.250 [VehicleEngine] Player BDH Crazy22 [uid=xBwUe6F0ELy8UX4ZzLIEUefw3PJSjX0OdDxaAAGlFcY=] started vehicle ToyotaHilux rust (id=D0BDD6DEB64630CCFABD1BA86291A6EA pos=<9113.241211, 3.532012, 5734.499023>)
09:53:39.140 [VehicleEnter] Player Bog_Monster [uid=sAzfWixzA1-TNIKhVLRIVZHZX45UaBpWlaWuOFEUMag=] entered vehicle ToyotaHilux rust (id=D0BDD6DEB64630CCFABD1BA86291A6EA pos=<9113.279297, 3.533965, 5734.444824>) as passenger
10:00:27.554 [Party] Player "tearsofdawn1066" (id=Sltx5zKJy7sVbO2kN3XTpRthB0wkULqErUtRpY6M_7o=) left the party "DIEHARD" (id=32 ownerUID=JmVdSu0kzNbOpwjpFV-MDcMB-Equ3yPY-l-COMb6HgY= ownerName=Nick Leadbeatter)
10:01:07.757 [VehicleLeave] Player BDH Crazy22 [uid=xBwUe6F0ELy8UX4ZzLIEUefw3PJSjX0OdDxaAAGlFcY=] left vehicle ToyotaHilux rust (id=D0BDD6DEB64630CCFABD1BA86291A6EA pos=<4632.144531, 2.682188, 2460.082275>)
10:01:10.085 [VehicleLeave] Player Bog_Monster [uid=sAzfWixzA1-TNIKhVLRIVZHZX45UaBpWlaWuOFEUMag=] left vehicle ToyotaHilux rust (id=D0BDD6DEB64630CCFABD1BA86291A6EA pos=<4632.144043, 2.682173, 2460.082764>)
10:05:54.066 [VehicleEnter] Player BDH Crazy22 [uid=xBwUe6F0ELy8UX4ZzLIEUefw3PJSjX0OdDxaAAGlFcY=] entered vehicle ToyotaHilux rust (id=D0BDD6DEB64630CCFABD1BA86291A6EA pos=<4632.140625, 2.682142, 2460.083008>) as driver
10:05:56.214 [VehicleEngine] Player BDH Crazy22 [uid=xBwUe6F0ELy8UX4ZzLIEUefw3PJSjX0OdDxaAAGlFcY=] started vehicle ToyotaHilux rust (id=D0BDD6DEB64630CCFABD1BA86291A6EA pos=<4632.140625, 2.682144, 2460.083008>)
10:06:09.781 [VehicleEnter] Player Bog_Monster [uid=sAzfWixzA1-TNIKhVLRIVZHZX45UaBpWlaWuOFEUMag=] entered vehicle ToyotaHilux rust (id=D0BDD6DEB64630CCFABD1BA86291A6EA pos=<4632.653320, 2.682226, 2461.266357>) as passenger
10:09:44.156 [AI Patrol] Spawning 1 Shamans bots at <6280.282227, 118.302094, 5764.151855>
10:10:08.523 [Safezone] Player "Bog_Monster" (id=sAzfWixzA1-TNIKhVLRIVZHZX45UaBpWlaWuOFEUMag= pos=<5669.333496, 33.446186, 5263.235840>) Entered the safezone
10:10:08.546 [Safezone] Player "BDH Crazy22" (id=xBwUe6F0ELy8UX4ZzLIEUefw3PJSjX0OdDxaAAGlFcY= pos=<5668.551270, 33.464123, 5262.662109>) Entered the safezone
10:10:31.933 [VehicleLeave] Player Bog_Monster [uid=sAzfWixzA1-TNIKhVLRIVZHZX45UaBpWlaWuOFEUMag=] left vehicle ToyotaHilux rust (id=D0BDD6DEB64630CCFABD1BA86291A6EA pos=<5617.157715, 28.714745, 5406.946777>)
10:10:36.312 [VehicleLeave] Player BDH Crazy22 [uid=xBwUe6F0ELy8UX4ZzLIEUefw3PJSjX0OdDxaAAGlFcY=] left vehicle ToyotaHilux rust (id=D0BDD6DEB64630CCFABD1BA86291A6EA pos=<5617.159180, 28.714760, 5406.944824>)
10:10:55.632 [Market] Player "BDH Crazy22" (id=xBwUe6F0ELy8UX4ZzLIEUefw3PJSjX0OdDxaAAGlFcY=) has send a requested to sell smallgascanister x1 at the trader "BuildingSupplies (Indar [BUILDINGS])" in market zone "The Holler" (pos=<5632.000000, 32.000000, 5392.000000>).
10:10:55.710 [Market] Player "BDH Crazy22" (id=xBwUe6F0ELy8UX4ZzLIEUefw3PJSjX0OdDxaAAGlFcY=) has sold smallgascanister x1 at the trader "BuildingSupplies (Indar [BUILDINGS])" in market zone "The Holler" (pos=<5632.000000, 32.000000, 5392.000000>) and got 60.
10:10:56.226 [Market] Player "BDH Crazy22" (id=xBwUe6F0ELy8UX4ZzLIEUefw3PJSjX0OdDxaAAGlFcY=) has send a requested to sell smallgascanister x1 at the trader "BuildingSupplies (Indar [BUILDINGS])" in market zone "The Holler" (pos=<5632.000000, 32.000000, 5392.000000>).
10:10:56.304 [Market] Player "BDH Crazy22" (id=xBwUe6F0ELy8UX4ZzLIEUefw3PJSjX0OdDxaAAGlFcY=) has sold smallgascanister x1 at the trader "BuildingSupplies (Indar [BUILDINGS])" in market zone "The Holler" (pos=<5632.000000, 32.000000, 5392.000000>) and got 60.
10:11:03.257 [Market] Player "Bog_Monster" (id=sAzfWixzA1-TNIKhVLRIVZHZX45UaBpWlaWuOFEUMag=) has send a requested to sell expansioncamotentkit x1 at the trader "BuildingSupplies (Indar [BUILDINGS])" in market zone "The Holler" (pos=<5632.000000, 32.000000, 5392.000000>).
10:11:03.339 [Market] Player "Bog_Monster" (id=sAzfWixzA1-TNIKhVLRIVZHZX45UaBpWlaWuOFEUMag=) has sold expansioncamotentkit x1 at the trader "BuildingSupplies (Indar [BUILDINGS])" in market zone "The Holler" (pos=<5632.000000, 32.000000, 5392.000000>) and got 1950.
10:11:07.101 [Market] Player "Bog_Monster" (id=sAzfWixzA1-TNIKhVLRIVZHZX45UaBpWlaWuOFEUMag=) has send a requested to sell expansioncamotentkit x1 at the trader "BuildingSupplies (Indar [BUILDINGS])" in market zone "The Holler" (pos=<5632.000000, 32.000000, 5392.000000>).
10:11:07.183 [Market] Player "Bog_Monster" (id=sAzfWixzA1-TNIKhVLRIVZHZX45UaBpWlaWuOFEUMag=) has sold expansioncamotentkit x1 at the trader "BuildingSupplies (Indar [BUILDINGS])" in market zone "The Holler" (pos=<5632.000000, 32.000000, 5392.000000>) and got 1950.
10:11:31.644 [Market] Player "BDH Crazy22" (id=xBwUe6F0ELy8UX4ZzLIEUefw3PJSjX0OdDxaAAGlFcY=) has send a requested to sell mag_fal_20rnd x1 at the trader "Weapons (Oliver [WEAPONS])" in market zone "The Holler" (pos=<5632.000000, 32.000000, 5392.000000>).
10:11:31.726 [Market] Player "BDH Crazy22" (id=xBwUe6F0ELy8UX4ZzLIEUefw3PJSjX0OdDxaAAGlFcY=) has sold mag_fal_20rnd x1 at the trader "Weapons (Oliver [WEAPONS])" in market zone "The Holler" (pos=<5632.000000, 32.000000, 5392.000000>) and got 95.
10:11:34.085 [Market] Player "BDH Crazy22" (id=xBwUe6F0ELy8UX4ZzLIEUefw3PJSjX0OdDxaAAGlFcY=) has send a requested to sell mag_ak101_30rnd x1 at the trader "Weapons (Oliver [WEAPONS])" in market zone "The Holler" (pos=<5632.000000, 32.000000, 5392.000000>).
10:11:34.167 [Market] Player "BDH Crazy22" (id=xBwUe6F0ELy8UX4ZzLIEUefw3PJSjX0OdDxaAAGlFcY=) has sold mag_ak101_30rnd x1 at the trader "Weapons (Oliver [WEAPONS])" in market zone "The Holler" (pos=<5632.000000, 32.000000, 5392.000000>) and got 195.
10:11:38.148 [Market] Player "BDH Crazy22" (id=xBwUe6F0ELy8UX4ZzLIEUefw3PJSjX0OdDxaAAGlFcY=) has send a requested to sell ak101 x1 at the trader "Weapons (Oliver [WEAPONS])" in market zone "The Holler" (pos=<5632.000000, 32.000000, 5392.000000>).
10:11:38.230 [Market] Player "BDH Crazy22" (id=xBwUe6F0ELy8UX4ZzLIEUefw3PJSjX0OdDxaAAGlFcY=) has sold ak101 x1 at the trader "Weapons (Oliver [WEAPONS])" in market zone "The Holler" (pos=<5632.000000, 32.000000, 5392.000000>) and got 1568.
10:11:40.167 [Market] Player "BDH Crazy22" (id=xBwUe6F0ELy8UX4ZzLIEUefw3PJSjX0OdDxaAAGlFcY=) has send a requested to sell fal x1 at the trader "Weapons (Oliver [WEAPONS])" in market zone "The Holler" (pos=<5632.000000, 32.000000, 5392.000000>).
10:11:40.246 [Market] Player "BDH Crazy22" (id=xBwUe6F0ELy8UX4ZzLIEUefw3PJSjX0OdDxaAAGlFcY=) has sold fal x1 at the trader "Weapons (Oliver [WEAPONS])" in market zone "The Holler" (pos=<5632.000000, 32.000000, 5392.000000>) and got 1436.
10:11:48.183 [Market] Player "BDH Crazy22" (id=xBwUe6F0ELy8UX4ZzLIEUefw3PJSjX0OdDxaAAGlFcY=) has send a requested to sell expansion_benellim4 x1 at the trader "Weapons (Oliver [WEAPONS])" in market zone "The Holler" (pos=<5632.000000, 32.000000, 5392.000000>).
10:11:48.265 [Market] Player "BDH Crazy22" (id=xBwUe6F0ELy8UX4ZzLIEUefw3PJSjX0OdDxaAAGlFcY=) has sold expansion_benellim4 x1 at the trader "Weapons (Oliver [WEAPONS])" in market zone "The Holler" (pos=<5632.000000, 32.000000, 5392.000000>) and got 4875.
10:11:54.710 [Market] Player "BDH Crazy22" (id=xBwUe6F0ELy8UX4ZzLIEUefw3PJSjX0OdDxaAAGlFcY=) has send a requested to purchase mvs_shirt_bdu x1 from the trader "Clothing_Accessories (Elias [CLOTHING & ACCESSORIES])" in market zone "The Holler" (pos=<5632.000000, 32.000000, 5392.000000>).
10:11:54.796 [Market] Player "BDH Crazy22" (id=xBwUe6F0ELy8UX4ZzLIEUefw3PJSjX0OdDxaAAGlFcY=) has bought mvs_shirt_bdu x1 from the trader "Clothing_Accessories (Elias [CLOTHING & ACCESSORIES])" in market zone "The Holler" (pos=<5632.000000, 32.000000, 5392.000000>) for a price of 800.
10:12:19.410 [Market] Player "Bog_Monster" (id=sAzfWixzA1-TNIKhVLRIVZHZX45UaBpWlaWuOFEUMag=) has send a requested to sell expansion_mp7 x1 at the trader "Weapons (Oliver [WEAPONS])" in market zone "The Holler" (pos=<5632.000000, 32.000000, 5392.000000>).
10:12:19.527 [Market] Player "Bog_Monster" (id=sAzfWixzA1-TNIKhVLRIVZHZX45UaBpWlaWuOFEUMag=) has sold expansion_mp7 x1 at the trader "Weapons (Oliver [WEAPONS])" in market zone "The Holler" (pos=<5632.000000, 32.000000, 5392.000000>) and got 3885.
10:12:24.164 [Market] Player "Bog_Monster" (id=sAzfWixzA1-TNIKhVLRIVZHZX45UaBpWlaWuOFEUMag=) has send a requested to sell expansionammolaw x1 at the trader "Weapons (Oliver [WEAPONS])" in market zone "The Holler" (pos=<5632.000000, 32.000000, 5392.000000>).
10:12:24.242 [Market] Player "Bog_Monster" (id=sAzfWixzA1-TNIKhVLRIVZHZX45UaBpWlaWuOFEUMag=) has sold expansionammolaw x1 at the trader "Weapons (Oliver [WEAPONS])" in market zone "The Holler" (pos=<5632.000000, 32.000000, 5392.000000>) and got 75.
10:12:33.406 [Market] Player "Bog_Monster" (id=sAzfWixzA1-TNIKhVLRIVZHZX45UaBpWlaWuOFEUMag=) has send a requested to sell ammo_expansion_46x30 x50 at the trader "Weapons (Oliver [WEAPONS])" in market zone "The Holler" (pos=<5632.000000, 32.000000, 5392.000000>).
10:12:33.523 [Market] Player "Bog_Monster" (id=sAzfWixzA1-TNIKhVLRIVZHZX45UaBpWlaWuOFEUMag=) has sold ammo_expansion_46x30 x50 at the trader "Weapons (Oliver [WEAPONS])" in market zone "The Holler" (pos=<5632.000000, 32.000000, 5392.000000>) and got 50.
10:13:59.152 [Market] Player "Bog_Monster" (id=sAzfWixzA1-TNIKhVLRIVZHZX45UaBpWlaWuOFEUMag=) has send a requested to sell expansioncodelock x1 at the trader "BuildingSupplies (Indar [BUILDINGS])" in market zone "The Holler" (pos=<5632.000000, 32.000000, 5392.000000>).
10:13:59.242 [Market] Player "Bog_Monster" (id=sAzfWixzA1-TNIKhVLRIVZHZX45UaBpWlaWuOFEUMag=) has sold expansioncodelock x1 at the trader "BuildingSupplies (Indar [BUILDINGS])" in market zone "The Holler" (pos=<5632.000000, 32.000000, 5392.000000>) and got 2362.
10:17:02.390 [Market] Player "Bog_Monster" (id=sAzfWixzA1-TNIKhVLRIVZHZX45UaBpWlaWuOFEUMag=) has send a requested to purchase expansion_m1a x1 from the trader "Weapons (Oliver [WEAPONS])" in market zone "The Holler" (pos=<5632.000000, 32.000000, 5392.000000>).
10:17:02.511 [Market] Player "Bog_Monster" (id=sAzfWixzA1-TNIKhVLRIVZHZX45UaBpWlaWuOFEUMag=) has bought expansion_m1a x1 from the trader "Weapons (Oliver [WEAPONS])" in market zone "The Holler" (pos=<5632.000000, 32.000000, 5392.000000>) for a price of 3375.
10:17:15.585 [Market] Player "Bog_Monster" (id=sAzfWixzA1-TNIKhVLRIVZHZX45UaBpWlaWuOFEUMag=) has send a requested to purchase mag_expansion_m14_20rnd x1 from the trader "Weapons (Oliver [WEAPONS])" in market zone "The Holler" (pos=<5632.000000, 32.000000, 5392.000000>).
10:17:15.664 [Market] Player "Bog_Monster" (id=sAzfWixzA1-TNIKhVLRIVZHZX45UaBpWlaWuOFEUMag=) has bought mag_expansion_m14_20rnd x1 from the trader "Weapons (Oliver [WEAPONS])" in market zone "The Holler" (pos=<5632.000000, 32.000000, 5392.000000>) for a price of 300.
10:17:17.445 [Market] Player "Bog_Monster" (id=sAzfWixzA1-TNIKhVLRIVZHZX45UaBpWlaWuOFEUMag=) has send a requested to purchase mag_expansion_m14_20rnd x1 from the trader "Weapons (Oliver [WEAPONS])" in market zone "The Holler" (pos=<5632.000000, 32.000000, 5392.000000>).
10:17:17.539 [Market] Player "Bog_Monster" (id=sAzfWixzA1-TNIKhVLRIVZHZX45UaBpWlaWuOFEUMag=) has bought mag_expansion_m14_20rnd x1 from the trader "Weapons (Oliver [WEAPONS])" in market zone "The Holler" (pos=<5632.000000, 32.000000, 5392.000000>) for a price of 300.
10:17:18.125 [Market] Player "Bog_Monster" (id=sAzfWixzA1-TNIKhVLRIVZHZX45UaBpWlaWuOFEUMag=) has send a requested to purchase mag_expansion_m14_20rnd x1 from the trader "Weapons (Oliver [WEAPONS])" in market zone "The Holler" (pos=<5632.000000, 32.000000, 5392.000000>).
10:17:18.187 [Market] Player "Bog_Monster" (id=sAzfWixzA1-TNIKhVLRIVZHZX45UaBpWlaWuOFEUMag=) has bought mag_expansion_m14_20rnd x1 from the trader "Weapons (Oliver [WEAPONS])" in market zone "The Holler" (pos=<5632.000000, 32.000000, 5392.000000>) for a price of 300.
10:17:18.753 [Market] Player "Bog_Monster" (id=sAzfWixzA1-TNIKhVLRIVZHZX45UaBpWlaWuOFEUMag=) has send a requested to purchase mag_expansion_m14_20rnd x1 from the trader "Weapons (Oliver [WEAPONS])" in market zone "The Holler" (pos=<5632.000000, 32.000000, 5392.000000>).
10:17:18.859 [Market] Player "Bog_Monster" (id=sAzfWixzA1-TNIKhVLRIVZHZX45UaBpWlaWuOFEUMag=) has bought mag_expansion_m14_20rnd x1 from the trader "Weapons (Oliver [WEAPONS])" in market zone "The Holler" (pos=<5632.000000, 32.000000, 5392.000000>) for a price of 300.
10:17:19.320 [Market] Player "Bog_Monster" (id=sAzfWixzA1-TNIKhVLRIVZHZX45UaBpWlaWuOFEUMag=) has send a requested to purchase mag_expansion_m14_20rnd x1 from the trader "Weapons (Oliver [WEAPONS])" in market zone "The Holler" (pos=<5632.000000, 32.000000, 5392.000000>).
10:17:19.386 [Market] Player "Bog_Monster" (id=sAzfWixzA1-TNIKhVLRIVZHZX45UaBpWlaWuOFEUMag=) has bought mag_expansion_m14_20rnd x1 from the trader "Weapons (Oliver [WEAPONS])" in market zone "The Holler" (pos=<5632.000000, 32.000000, 5392.000000>) for a price of 300.
10:17:19.984 [Market] Player "Bog_Monster" (id=sAzfWixzA1-TNIKhVLRIVZHZX45UaBpWlaWuOFEUMag=) has send a requested to purchase mag_expansion_m14_20rnd x1 from the trader "Weapons (Oliver [WEAPONS])" in market zone "The Holler" (pos=<5632.000000, 32.000000, 5392.000000>).
10:17:20.093 [Market] Player "Bog_Monster" (id=sAzfWixzA1-TNIKhVLRIVZHZX45UaBpWlaWuOFEUMag=) has bought mag_expansion_m14_20rnd x1 from the trader "Weapons (Oliver [WEAPONS])" in market zone "The Holler" (pos=<5632.000000, 32.000000, 5392.000000>) for a price of 300.
10:18:59.906 [Market] Player "Bog_Monster" (id=sAzfWixzA1-TNIKhVLRIVZHZX45UaBpWlaWuOFEUMag=) has send a requested to purchase ammo_308win x500 from the trader "Weapons (Oliver [WEAPONS])" in market zone "The Holler" (pos=<5632.000000, 32.000000, 5392.000000>).
10:18:59.976 [Market] Player "Bog_Monster" (id=sAzfWixzA1-TNIKhVLRIVZHZX45UaBpWlaWuOFEUMag=) has bought ammo_308win x500 from the trader "Weapons (Oliver [WEAPONS])" in market zone "The Holler" (pos=<5632.000000, 32.000000, 5392.000000>) for a price of 1000.
10:21:46.921 [Market] Player "Bog_Monster" (id=sAzfWixzA1-TNIKhVLRIVZHZX45UaBpWlaWuOFEUMag=) has send a requested to purchase mvs_gorkapants_multicam x1 from the trader "Clothing_Accessories (Elias [CLOTHING & ACCESSORIES])" in market zone "The Holler" (pos=<5632.000000, 32.000000, 5392.000000>).
10:21:46.984 [Market] Player "Bog_Monster" (id=sAzfWixzA1-TNIKhVLRIVZHZX45UaBpWlaWuOFEUMag=) has bought mvs_gorkapants_multicam x1 from the trader "Clothing_Accessories (Elias [CLOTHING & ACCESSORIES])" in market zone "The Holler" (pos=<5632.000000, 32.000000, 5392.000000>) for a price of 2000.
10:21:57.621 [Market] Player "Bog_Monster" (id=sAzfWixzA1-TNIKhVLRIVZHZX45UaBpWlaWuOFEUMag=) has send a requested to purchase mvs_gorkajacket_multicam x1 from the trader "Clothing_Accessories (Elias [CLOTHING & ACCESSORIES])" in market zone "The Holler" (pos=<5632.000000, 32.000000, 5392.000000>).
10:21:57.730 [Market] Player "Bog_Monster" (id=sAzfWixzA1-TNIKhVLRIVZHZX45UaBpWlaWuOFEUMag=) has bought mvs_gorkajacket_multicam x1 from the trader "Clothing_Accessories (Elias [CLOTHING & ACCESSORIES])" in market zone "The Holler" (pos=<5632.000000, 32.000000, 5392.000000>) for a price of 800.
10:22:29.515 [Market] Player "BDH Crazy22" (id=xBwUe6F0ELy8UX4ZzLIEUefw3PJSjX0OdDxaAAGlFcY=) has send a requested to purchase expansionigniterplug x1 from the trader "Vehicles (Lewis [VEHICLES])" in market zone "The Holler" (pos=<5632.000000, 32.000000, 5392.000000>).
10:22:29.601 [Market] Player "BDH Crazy22" (id=xBwUe6F0ELy8UX4ZzLIEUefw3PJSjX0OdDxaAAGlFcY=) has bought expansionigniterplug x1 from the trader "Vehicles (Lewis [VEHICLES])" in market zone "The Holler" (pos=<5632.000000, 32.000000, 5392.000000>) for a price of 1000.
10:24:51.210 [ATM] Player "Bog_Monster" (id=sAzfWixzA1-TNIKhVLRIVZHZX45UaBpWlaWuOFEUMag=) has deposited 1297 on his ATM account.
10:24:57.296 [ATM] Player "BDH Crazy22" (id=xBwUe6F0ELy8UX4ZzLIEUefw3PJSjX0OdDxaAAGlFcY=) has deposited 6489 on his ATM account.
10:24:57.585 [ATM] Player Bog_Monster (id=sAzfWixzA1-TNIKhVLRIVZHZX45UaBpWlaWuOFEUMag=) has transfered 1297 to the player BDH Crazy22 (id=xBwUe6F0ELy8UX4ZzLIEUefw3PJSjX0OdDxaAAGlFcY=).
10:25:14.898 [VehicleEnter] Player BDH Crazy22 [uid=xBwUe6F0ELy8UX4ZzLIEUefw3PJSjX0OdDxaAAGlFcY=] entered vehicle ToyotaHilux rust (id=D0BDD6DEB64630CCFABD1BA86291A6EA pos=<5617.156250, 28.714741, 5406.948242>) as driver
10:25:16.496 [VehicleEngine] Player BDH Crazy22 [uid=xBwUe6F0ELy8UX4ZzLIEUefw3PJSjX0OdDxaAAGlFcY=] started vehicle ToyotaHilux rust (id=D0BDD6DEB64630CCFABD1BA86291A6EA pos=<5617.156250, 28.714741, 5406.948242>)
10:25:19.578 [VehicleEnter] Player Bog_Monster [uid=sAzfWixzA1-TNIKhVLRIVZHZX45UaBpWlaWuOFEUMag=] entered vehicle ToyotaHilux rust (id=D0BDD6DEB64630CCFABD1BA86291A6EA pos=<5617.815430, 28.715233, 5407.408691>) as passenger
10:25:47.722 [Safezone] Player "Bog_Monster" (id=sAzfWixzA1-TNIKhVLRIVZHZX45UaBpWlaWuOFEUMag= pos=<5852.804688, 32.665932, 5186.545410>) Left the safezone
10:25:47.722 [Safezone] Player "BDH Crazy22" (id=xBwUe6F0ELy8UX4ZzLIEUefw3PJSjX0OdDxaAAGlFcY= pos=<5853.060547, 32.669857, 5187.380371>) Left the safezone
10:27:03.921 [AI Patrol] Spawning 2 Shamans bots at <6868.937500, 10.313430, 6993.161133>
10:28:14.816 [AI Patrol] Spawning 3 Power Plant Patrol bots at <4633.016602, 20.430000, 7059.968750>
10:29:15.843 [Party] Player "Nick Leadbeatter" (id=JmVdSu0kzNbOpwjpFV-MDcMB-Equ3yPY-l-COMb6HgY=) joinded the party "DIEHARD" (id=32 ownerUID=JmVdSu0kzNbOpwjpFV-MDcMB-Equ3yPY-l-COMb6HgY= ownerName=Nick Leadbeatter)
10:35:08.015 [VehicleLeave] Player Bog_Monster [uid=sAzfWixzA1-TNIKhVLRIVZHZX45UaBpWlaWuOFEUMag=] left vehicle ToyotaHilux rust (id=D0BDD6DEB64630CCFABD1BA86291A6EA pos=<12174.834961, 1.552319, 7779.832031>)
10:35:21.648 [VehicleEnter] Player Bog_Monster [uid=sAzfWixzA1-TNIKhVLRIVZHZX45UaBpWlaWuOFEUMag=] entered vehicle ToyotaHilux rust (id=D0BDD6DEB64630CCFABD1BA86291A6EA pos=<12174.849609, 1.552311, 7779.823730>) as passenger
10:36:01.179 [VehicleLeave] Player Bog_Monster [uid=sAzfWixzA1-TNIKhVLRIVZHZX45UaBpWlaWuOFEUMag=] left vehicle ToyotaHilux rust (id=D0BDD6DEB64630CCFABD1BA86291A6EA pos=<12624.492188, 1.624760, 7460.683105>)
10:36:03.804 [VehicleLeave] Player BDH Crazy22 [uid=xBwUe6F0ELy8UX4ZzLIEUefw3PJSjX0OdDxaAAGlFcY=] left vehicle ToyotaHilux rust (id=D0BDD6DEB64630CCFABD1BA86291A6EA pos=<12624.492188, 1.624745, 7460.682129>)
10:36:20.875 [VehicleEnter] Player BDH Crazy22 [uid=xBwUe6F0ELy8UX4ZzLIEUefw3PJSjX0OdDxaAAGlFcY=] entered vehicle ToyotaHilux rust (id=D0BDD6DEB64630CCFABD1BA86291A6EA pos=<12624.492188, 1.624747, 7460.684570>) as driver
10:36:28.328 [VehicleEngine] Player BDH Crazy22 [uid=xBwUe6F0ELy8UX4ZzLIEUefw3PJSjX0OdDxaAAGlFcY=] started vehicle ToyotaHilux rust (id=D0BDD6DEB64630CCFABD1BA86291A6EA pos=<12624.492188, 1.624747, 7460.684570>)
10:36:33.445 [VehicleEnter] Player Bog_Monster [uid=sAzfWixzA1-TNIKhVLRIVZHZX45UaBpWlaWuOFEUMag=] entered vehicle ToyotaHilux rust (id=D0BDD6DEB64630CCFABD1BA86291A6EA pos=<12624.492188, 1.624756, 7460.684082>) as passenger
10:39:12.210 [VehicleLeave] Player BDH Crazy22 [uid=xBwUe6F0ELy8UX4ZzLIEUefw3PJSjX0OdDxaAAGlFcY=] left vehicle ToyotaHilux rust (id=D0BDD6DEB64630CCFABD1BA86291A6EA pos=<13879.213867, 12.499900, 5438.419434>)
10:39:21.781 [VehicleAttachments] Player BDH Crazy22 (uid=xBwUe6F0ELy8UX4ZzLIEUefw3PJSjX0OdDxaAAGlFcY=) detached ToyotaHilux rust Hood (type=ToyotaHilux_Doors_hood_rust) from vehicle ToyotaHilux rust(id=D0BDD6DEB64630CCFABD1BA86291A6EA pos=<13879.213867, 12.500107, 5438.423340>)
10:40:04.085 [VehicleEnter] Player BDH Crazy22 [uid=xBwUe6F0ELy8UX4ZzLIEUefw3PJSjX0OdDxaAAGlFcY=] entered vehicle ToyotaHilux rust (id=D0BDD6DEB64630CCFABD1BA86291A6EA pos=<13879.161133, 12.609956, 5438.330078>) as driver
10:40:06.160 [VehicleEngine] Player BDH Crazy22 [uid=xBwUe6F0ELy8UX4ZzLIEUefw3PJSjX0OdDxaAAGlFcY=] started vehicle ToyotaHilux rust (id=D0BDD6DEB64630CCFABD1BA86291A6EA pos=<13879.162109, 12.609309, 5438.330566>)
10:40:12.921 [VehicleLeave] Player BDH Crazy22 [uid=xBwUe6F0ELy8UX4ZzLIEUefw3PJSjX0OdDxaAAGlFcY=] left vehicle ToyotaHilux rust (id=D0BDD6DEB64630CCFABD1BA86291A6EA pos=<13879.159180, 12.611757, 5438.338379>)
10:40:14.957 [VehicleAttachments] Player BDH Crazy22 (uid=xBwUe6F0ELy8UX4ZzLIEUefw3PJSjX0OdDxaAAGlFcY=) detached ToyotaHilux rust Left Door (type=ToyotaHilux_Doors_Driver_rust) from vehicle ToyotaHilux rust(id=D0BDD6DEB64630CCFABD1BA86291A6EA pos=<13879.159180, 12.611838, 5438.338379>)
10:40:22.593 [VehicleEnter] Player BDH Crazy22 [uid=xBwUe6F0ELy8UX4ZzLIEUefw3PJSjX0OdDxaAAGlFcY=] entered vehicle ToyotaHilux rust (id=D0BDD6DEB64630CCFABD1BA86291A6EA pos=<13879.164063, 12.601067, 5438.356445>) as driver
10:40:24.960 [VehicleEngine] Player BDH Crazy22 [uid=xBwUe6F0ELy8UX4ZzLIEUefw3PJSjX0OdDxaAAGlFcY=] started vehicle ToyotaHilux rust (id=D0BDD6DEB64630CCFABD1BA86291A6EA pos=<13879.164063, 12.600768, 5438.356445>)
10:40:34.593 [VehicleLeave] Player BDH Crazy22 [uid=xBwUe6F0ELy8UX4ZzLIEUefw3PJSjX0OdDxaAAGlFcY=] left vehicle ToyotaHilux rust (id=D0BDD6DEB64630CCFABD1BA86291A6EA pos=<13877.613281, 12.357365, 5439.280273>)
10:40:55.429 [VehicleEnter] Player BDH Crazy22 [uid=xBwUe6F0ELy8UX4ZzLIEUefw3PJSjX0OdDxaAAGlFcY=] entered vehicle ToyotaHilux rust (id=D0BDD6DEB64630CCFABD1BA86291A6EA pos=<13877.444336, 12.574658, 5439.408203>) as driver
10:40:57.828 [VehicleEngine] Player BDH Crazy22 [uid=xBwUe6F0ELy8UX4ZzLIEUefw3PJSjX0OdDxaAAGlFcY=] started vehicle ToyotaHilux rust (id=D0BDD6DEB64630CCFABD1BA86291A6EA pos=<13877.444336, 12.574574, 5439.407715>)
10:41:05.492 [VehicleLeave] Player BDH Crazy22 [uid=xBwUe6F0ELy8UX4ZzLIEUefw3PJSjX0OdDxaAAGlFcY=] left vehicle ToyotaHilux rust (id=D0BDD6DEB64630CCFABD1BA86291A6EA pos=<13865.493164, 11.743817, 5432.993164>)
10:41:07.187 [VehicleLeave] Player Bog_Monster [uid=sAzfWixzA1-TNIKhVLRIVZHZX45UaBpWlaWuOFEUMag=] left vehicle ToyotaHilux rust (id=D0BDD6DEB64630CCFABD1BA86291A6EA pos=<13865.493164, 11.743824, 5432.993164>)
10:41:26.921 [VehicleEnter] Player BDH Crazy22 [uid=xBwUe6F0ELy8UX4ZzLIEUefw3PJSjX0OdDxaAAGlFcY=] entered vehicle ToyotaHilux rust (id=D0BDD6DEB64630CCFABD1BA86291A6EA pos=<13865.495117, 11.743289, 5432.994629>) as driver
10:41:29.285 [VehicleEnter] Player Bog_Monster [uid=sAzfWixzA1-TNIKhVLRIVZHZX45UaBpWlaWuOFEUMag=] entered vehicle ToyotaHilux rust (id=D0BDD6DEB64630CCFABD1BA86291A6EA pos=<13865.492188, 11.742965, 5432.992188>) as passenger
10:41:29.414 [VehicleEngine] Player BDH Crazy22 [uid=xBwUe6F0ELy8UX4ZzLIEUefw3PJSjX0OdDxaAAGlFcY=] started vehicle ToyotaHilux rust (id=D0BDD6DEB64630CCFABD1BA86291A6EA pos=<13865.494141, 11.743145, 5432.994141>)
10:42:35.824 [VehicleLeave] Player Bog_Monster [uid=sAzfWixzA1-TNIKhVLRIVZHZX45UaBpWlaWuOFEUMag=] left vehicle ToyotaHilux rust (id=D0BDD6DEB64630CCFABD1BA86291A6EA pos=<14609.112305, 4.954740, 5307.287109>)
10:42:37.554 [VehicleLeave] Player BDH Crazy22 [uid=xBwUe6F0ELy8UX4ZzLIEUefw3PJSjX0OdDxaAAGlFcY=] left vehicle ToyotaHilux rust (id=D0BDD6DEB64630CCFABD1BA86291A6EA pos=<14609.111328, 4.954744, 5307.288086>)
10:42:45.957 [VehicleAttachments] Player Bog_Monster (uid=sAzfWixzA1-TNIKhVLRIVZHZX45UaBpWlaWuOFEUMag=) detached ToyotaHilux rust Right Door (type=ToyotaHilux_Doors_coDriver_rust) from vehicle ToyotaHilux rust(id=CE52E22F12446D91D061DC8C7C0989D2 pos=<14603.023438, 4.954740, 5307.200195>)
10:43:45.695 [VehicleEnter] Player BDH Crazy22 [uid=xBwUe6F0ELy8UX4ZzLIEUefw3PJSjX0OdDxaAAGlFcY=] entered vehicle ToyotaHilux rust (id=CE52E22F12446D91D061DC8C7C0989D2 pos=<14603.023438, 4.954740, 5307.196777>) as driver
10:43:48.859 [VehicleLeave] Player BDH Crazy22 [uid=xBwUe6F0ELy8UX4ZzLIEUefw3PJSjX0OdDxaAAGlFcY=] left vehicle ToyotaHilux rust (id=CE52E22F12446D91D061DC8C7C0989D2 pos=<14603.022461, 4.954759, 5307.200684>)
10:44:06.496 [VehicleCarKey] Player "BDH Crazy22" (id=xBwUe6F0ELy8UX4ZzLIEUefw3PJSjX0OdDxaAAGlFcY= pos=<14608.086914, 4.962500, 5308.764160>) used the  ExpansionCarKey to lock ToyotaHilux_rust (id=D0BDD6DEB64630CCFABD1BA86291A6EA pos=<14609.111328, 4.954763, 5307.290039>)
10:44:12.718 [VehicleAttachments] Player Bog_Monster (uid=sAzfWixzA1-TNIKhVLRIVZHZX45UaBpWlaWuOFEUMag=) detached ToyotaHilux rust Right Door (type=ToyotaHilux_Doors_coDriver_rust) from vehicle ToyotaHilux rust(id=CE52E22F12446D91D061DC8C7C0989D2 pos=<14603.022461, 4.954763, 5307.201172>)
10:44:48.054 [VehicleCarKey] Player "BDH Crazy22" (id=xBwUe6F0ELy8UX4ZzLIEUefw3PJSjX0OdDxaAAGlFcY= pos=<14607.939453, 4.962494, 5308.723633>) used the  ExpansionCarKey to unlock ToyotaHilux_rust (id=D0BDD6DEB64630CCFABD1BA86291A6EA pos=<14609.111328, 4.954763, 5307.290039>)
10:45:21.257 [Party] Player "tearsofdawn1066" (id=Sltx5zKJy7sVbO2kN3XTpRthB0wkULqErUtRpY6M_7o=) joinded the party "DIEHARD" (id=32 ownerUID=JmVdSu0kzNbOpwjpFV-MDcMB-Equ3yPY-l-COMb6HgY= ownerName=Nick Leadbeatter)
10:46:49.933 [VehicleCarKey] Player "BDH Crazy22" (id=xBwUe6F0ELy8UX4ZzLIEUefw3PJSjX0OdDxaAAGlFcY= pos=<14607.978516, 4.962472, 5309.034668>) used the  ExpansionCarKey to lock ToyotaHilux_rust (id=D0BDD6DEB64630CCFABD1BA86291A6EA pos=<14609.111328, 4.954763, 5307.290039>)
10:51:53.257 [Party] Player "brailsford40" (id=HQAtXFe6fZZL90M2CD_a22otF9NJ2s4t7n-ol5BAu6o=) joinded the party "DIEHARD" (id=32 ownerUID=JmVdSu0kzNbOpwjpFV-MDcMB-Equ3yPY-l-COMb6HgY= ownerName=Nick Leadbeatter)
10:52:01.148 [AI Patrol] Spawning 3 Alcatraz Prisoner Patrol bots at <15736.861328, 9.306301, 4371.014648>
10:52:40.203 [Safezone] Player "Condom Breath" (id=VsEWQWxzvcTpDLQgc9tVyxq5TiqDS9O3QehdBa_YkH8= pos=<5622.131836, 28.722498, 5412.333984>) Entered the safezone
10:52:40.203 [Party] Player "Condom Breath" (id=VsEWQWxzvcTpDLQgc9tVyxq5TiqDS9O3QehdBa_YkH8=) joinded the party "Dirty Crew" (id=23 ownerUID=VsEWQWxzvcTpDLQgc9tVyxq5TiqDS9O3QehdBa_YkH8= ownerName=Condom Breath)
10:54:17.984 [Market] Player "Condom Breath" (id=VsEWQWxzvcTpDLQgc9tVyxq5TiqDS9O3QehdBa_YkH8=) has send a requested to purchase twp_sawbat x1 from the trader "Weapons (Oliver [WEAPONS])" in market zone "The Holler" (pos=<5632.000000, 32.000000, 5392.000000>).
10:54:18.093 [Market] Player "Condom Breath" (id=VsEWQWxzvcTpDLQgc9tVyxq5TiqDS9O3QehdBa_YkH8=) has bought twp_sawbat x1 from the trader "Weapons (Oliver [WEAPONS])" in market zone "The Holler" (pos=<5632.000000, 32.000000, 5392.000000>) for a price of 1150.
10:54:49.695 [ATM] Player "Condom Breath" (id=VsEWQWxzvcTpDLQgc9tVyxq5TiqDS9O3QehdBa_YkH8=) has deposited 18850 on his ATM account.
10:55:53.269 [Market] Player "Condom Breath" (id=VsEWQWxzvcTpDLQgc9tVyxq5TiqDS9O3QehdBa_YkH8=) has send a requested to sell huntingjacket_autumn x1 at the trader "Clothing_Accessories (Elias [CLOTHING & ACCESSORIES])" in market zone "The Holler" (pos=<5632.000000, 32.000000, 5392.000000>).
10:55:53.375 [Market] Player "Condom Breath" (id=VsEWQWxzvcTpDLQgc9tVyxq5TiqDS9O3QehdBa_YkH8=) has sold huntingjacket_autumn x1 at the trader "Clothing_Accessories (Elias [CLOTHING & ACCESSORIES])" in market zone "The Holler" (pos=<5632.000000, 32.000000, 5392.000000>) and got 90.
10:55:53.996 [Market] Player "Condom Breath" (id=VsEWQWxzvcTpDLQgc9tVyxq5TiqDS9O3QehdBa_YkH8=) has send a requested to sell huntingjacket_spring x1 at the trader "Clothing_Accessories (Elias [CLOTHING & ACCESSORIES])" in market zone "The Holler" (pos=<5632.000000, 32.000000, 5392.000000>).
10:55:54.117 [Market] Player "Condom Breath" (id=VsEWQWxzvcTpDLQgc9tVyxq5TiqDS9O3QehdBa_YkH8=) has sold huntingjacket_spring x1 at the trader "Clothing_Accessories (Elias [CLOTHING & ACCESSORIES])" in market zone "The Holler" (pos=<5632.000000, 32.000000, 5392.000000>) and got 90.
10:57:18.773 [VehicleCover] Player "Condom Breath" (id=VsEWQWxzvcTpDLQgc9tVyxq5TiqDS9O3QehdBa_YkH8= pos=<5590.784668, 28.722498, 5378.686035>) uncovered vehicle "Opel_Astra_camo" (GlobalID=8000000080000000800000008000A6EC pos=<5592.854492, 28.597305, 5377.222168>)!
10:57:47.343 [VehicleDeleted] Opel_Astra_camo (id=613707EBC240B3FFE26133AF36B4FC83 pos=<5592.856445, 28.597303, 5377.222656>)
10:57:47.343 [VehicleCover] Player "Condom Breath" (id=VsEWQWxzvcTpDLQgc9tVyxq5TiqDS9O3QehdBa_YkH8= pos=<5591.152832, 28.722498, 5378.902344>) covered vehicle "Opel_Astra_camo" (GlobalID=8000000080000000800000008000A6EC pos=<5592.856445, 28.597303, 5377.222656>)!
11:00:22.394 [Safezone] Player "Condom Breath" (id=VsEWQWxzvcTpDLQgc9tVyxq5TiqDS9O3QehdBa_YkH8= pos=<5624.436523, 28.117701, 5582.119629>) Left the safezone
11:27:49.875 [AI Patrol] Spawning 3 Shamans bots at <6503.221191, 20.655022, 8526.770508>
11:28:39.312 [Party] Player "Bog_Monster" (id=sAzfWixzA1-TNIKhVLRIVZHZX45UaBpWlaWuOFEUMag=) left the party "noobs" (id=27 ownerUID=xBwUe6F0ELy8UX4ZzLIEUefw3PJSjX0OdDxaAAGlFcY= ownerName=BDH Crazy22)
11:29:00.601 [Party] Player "Bog_Monster" (id=sAzfWixzA1-TNIKhVLRIVZHZX45UaBpWlaWuOFEUMag=) joinded the party "noobs" (id=27 ownerUID=xBwUe6F0ELy8UX4ZzLIEUefw3PJSjX0OdDxaAAGlFcY= ownerName=BDH Crazy22)
11:30:10.972 [SpawnSelection] Player "Bog_Monster" (id=sAzfWixzA1-TNIKhVLRIVZHZX45UaBpWlaWuOFEUMag=) spawned at <8330.190430, 5.130000, 9320.299805>
11:30:53.589 [Chat - Global]("Condom Breath"(id=VsEWQWxzvcTpDLQgc9tVyxq5TiqDS9O3QehdBa_YkH8=)): sounds like someone is getting into it with AI
11:34:34.023 [Party] Player "Bog_Monster" (id=sAzfWixzA1-TNIKhVLRIVZHZX45UaBpWlaWuOFEUMag=) left the party "noobs" (id=27 ownerUID=xBwUe6F0ELy8UX4ZzLIEUefw3PJSjX0OdDxaAAGlFcY= ownerName=BDH Crazy22)
11:35:02.843 [Party] Player "Bog_Monster" (id=sAzfWixzA1-TNIKhVLRIVZHZX45UaBpWlaWuOFEUMag=) joinded the party "noobs" (id=27 ownerUID=xBwUe6F0ELy8UX4ZzLIEUefw3PJSjX0OdDxaAAGlFcY= ownerName=BDH Crazy22)
11:39:03.765 [Killfeed] brailsford40 got killed.
11:39:30.214 [Party] Player "brailsford40" (id=HQAtXFe6fZZL90M2CD_a22otF9NJ2s4t7n-ol5BAu6o=) joinded the party "DIEHARD" (id=32 ownerUID=JmVdSu0kzNbOpwjpFV-MDcMB-Equ3yPY-l-COMb6HgY= ownerName=Nick Leadbeatter)
11:39:58.109 [SpawnSelection] Player "brailsford40" (id=HQAtXFe6fZZL90M2CD_a22otF9NJ2s4t7n-ol5BAu6o=) spawned at <5665.169922, 28.708799, 5392.490234>
11:39:58.957 [Safezone] Player "brailsford40" (id=HQAtXFe6fZZL90M2CD_a22otF9NJ2s4t7n-ol5BAu6o= pos=<5665.169922, 28.708799, 5392.490234>) Entered the safezone
11:45:37.175 [BaseRaiding] ExpansionSafeMedium (<3791.880127, 10.257076, 9706.041992>) Code set by player "Condom Breath" (ID = "VsEWQWxzvcTpDLQgc9tVyxq5TiqDS9O3QehdBa_YkH8=" at <3790.775635, 10.296968, 9705.051758>) and the code is 9883
11:48:00.878 [VehicleCarKey] Player "BDH Crazy22" (id=xBwUe6F0ELy8UX4ZzLIEUefw3PJSjX0OdDxaAAGlFcY= pos=<14607.644531, 4.962500, 5308.737305>) used the  ExpansionCarKey to unlock ToyotaHilux_rust (id=D0BDD6DEB64630CCFABD1BA86291A6EA pos=<14609.111328, 4.954763, 5307.290039>)
11:49:23.585 [VehicleEnter] Player BDH Crazy22 [uid=xBwUe6F0ELy8UX4ZzLIEUefw3PJSjX0OdDxaAAGlFcY=] entered vehicle ToyotaHilux rust (id=D0BDD6DEB64630CCFABD1BA86291A6EA pos=<14609.110352, 4.954759, 5307.293945>) as driver
11:49:26.113 [VehicleEngine] Player BDH Crazy22 [uid=xBwUe6F0ELy8UX4ZzLIEUefw3PJSjX0OdDxaAAGlFcY=] started vehicle ToyotaHilux rust (id=D0BDD6DEB64630CCFABD1BA86291A6EA pos=<14609.110352, 4.954742, 5307.291504>)
11:49:52.273 [Safezone] Player "[ADMIN]DrKilledByDeath" (id=spMEkRl42onhFHdF_u42e0T03x2sj347kUc600NXdGA= pos=<5640.036621, 36.732994, 5401.040527>) Entered the safezone
11:51:11.628 [Chat - Global]("[ADMIN]DrKilledByDeath"(id=spMEkRl42onhFHdF_u42e0T03x2sj347kUc600NXdGA=)): Howdy survivors! everyone keeping well today?
11:52:18.949 [Chat - Global]("Condom Breath"(id=VsEWQWxzvcTpDLQgc9tVyxq5TiqDS9O3QehdBa_YkH8=)): doin great doc
11:52:32.726 [Chat - Global]("[ADMIN]DrKilledByDeath"(id=spMEkRl42onhFHdF_u42e0T03x2sj347kUc600NXdGA=)): love to hear it
11:54:26.398 [ATM] Player "brailsford40" (id=HQAtXFe6fZZL90M2CD_a22otF9NJ2s4t7n-ol5BAu6o=) has withdrawn 1000 from his ATM account.
11:55:01.921 [Party] Player "Bog_Monster" (id=sAzfWixzA1-TNIKhVLRIVZHZX45UaBpWlaWuOFEUMag=) left the party "noobs" (id=27 ownerUID=xBwUe6F0ELy8UX4ZzLIEUefw3PJSjX0OdDxaAAGlFcY= ownerName=BDH Crazy22)
11:55:34.363 [VehicleLeave] Player BDH Crazy22 [uid=xBwUe6F0ELy8UX4ZzLIEUefw3PJSjX0OdDxaAAGlFcY=] left vehicle ToyotaHilux rust (id=D0BDD6DEB64630CCFABD1BA86291A6EA pos=<9044.666992, 21.531157, 8024.429688>)
11:56:18.523 [VehicleCover] Player "[ADMIN]DrKilledByDeath" (id=spMEkRl42onhFHdF_u42e0T03x2sj347kUc600NXdGA= pos=<5619.382813, 28.722456, 5397.717773>) uncovered vehicle "Jeep_Wrangler_red" (GlobalID=8000000080000000800000008000231A pos=<5620.943848, 28.862061, 5398.539063>)!
11:56:24.117 [AdminTools] Player "[ADMIN]DrKilledByDeath" (id=spMEkRl42onhFHdF_u42e0T03x2sj347kUc600NXdGA= pos=<5619.382813, 28.722456, 5397.717773>) used the Admin CarKey to unpair Jeep_Wrangler_red (id=A6890009064EE3E21D0D4B8BF311EE6C pos=<5620.945801, 28.862059, 5398.537109>)
11:56:29.578 [VehicleEnter] Player [ADMIN]DrKilledByDeath [uid=spMEkRl42onhFHdF_u42e0T03x2sj347kUc600NXdGA=] entered vehicle Jeep Wrangler Red (id=A6890009064EE3E21D0D4B8BF311EE6C pos=<5620.945801, 28.862061, 5398.537109>) as driver
11:56:31.140 [VehicleEngine] Player [ADMIN]DrKilledByDeath [uid=spMEkRl42onhFHdF_u42e0T03x2sj347kUc600NXdGA=] started vehicle Jeep Wrangler Red (id=A6890009064EE3E21D0D4B8BF311EE6C pos=<5620.945801, 28.862059, 5398.537109>)
11:57:09.406 [Safezone] Player "[ADMIN]DrKilledByDeath" (id=spMEkRl42onhFHdF_u42e0T03x2sj347kUc600NXdGA= pos=<5672.735840, 33.385792, 5261.471191>) Entered the safezone
11:57:15.546 [Safezone] Player "[ADMIN]DrKilledByDeath" (id=spMEkRl42onhFHdF_u42e0T03x2sj347kUc600NXdGA= pos=<5684.444336, 33.804394, 5267.054688>) Entered the safezone
11:57:25.585 [VehicleLeave] Player [ADMIN]DrKilledByDeath [uid=spMEkRl42onhFHdF_u42e0T03x2sj347kUc600NXdGA=] left vehicle Jeep Wrangler Red (id=A6890009064EE3E21D0D4B8BF311EE6C pos=<5684.514648, 32.994064, 5267.920898>)
11:57:27.210 [AdminTools] Player "[ADMIN]DrKilledByDeath" (id=spMEkRl42onhFHdF_u42e0T03x2sj347kUc600NXdGA= pos=<5686.639160, 32.933956, 5268.029297>) used the Admin CarKey to unpair Jeep_Wrangler_red (id=A6890009064EE3E21D0D4B8BF311EE6C pos=<5684.514648, 32.994064, 5267.920898>)
11:57:30.414 [AdminTools] Player "[ADMIN]DrKilledByDeath" (id=spMEkRl42onhFHdF_u42e0T03x2sj347kUc600NXdGA= pos=<5686.261230, 32.901913, 5267.617188>) used the  ExpansionCarAdminKey to lock Jeep_Wrangler_red (id=A6890009064EE3E21D0D4B8BF311EE6C pos=<5684.514648, 32.994064, 5267.920898>)
11:57:33.925 [Safezone] Player "[ADMIN]DrKilledByDeath" (id=spMEkRl42onhFHdF_u42e0T03x2sj347kUc600NXdGA= pos=<5677.386719, 32.449581, 5264.336426>) Entered the safezone
11:58:11.890 [VehicleCover] Player "[ADMIN]DrKilledByDeath" (id=spMEkRl42onhFHdF_u42e0T03x2sj347kUc600NXdGA= pos=<5635.797363, 28.722498, 5372.270508>) uncovered vehicle "Velociraptor6x6_blue" (GlobalID=8000000080000000800000008000B85C pos=<5638.473633, 28.737228, 5374.615723>)!
11:58:35.925 [VehicleEnter] Player [ADMIN]DrKilledByDeath [uid=spMEkRl42onhFHdF_u42e0T03x2sj347kUc600NXdGA=] entered vehicle Velociraptor6x6 Blue (id=98062189074706392FA95DB0EB4B1D93 pos=<5638.473145, 28.737238, 5374.615234>) as driver
11:58:42.359 [VehicleLeave] Player [ADMIN]DrKilledByDeath [uid=spMEkRl42onhFHdF_u42e0T03x2sj347kUc600NXdGA=] left vehicle Velociraptor6x6 Blue (id=98062189074706392FA95DB0EB4B1D93 pos=<5638.474121, 28.737244, 5374.614258>)
11:58:45.304 [AdminTools] Player "[ADMIN]DrKilledByDeath" (id=spMEkRl42onhFHdF_u42e0T03x2sj347kUc600NXdGA= pos=<5636.738281, 28.722486, 5375.791992>) used the Admin CarKey to unpair Velociraptor6x6_blue (id=98062189074706392FA95DB0EB4B1D93 pos=<5638.472168, 28.737251, 5374.616211>)
11:58:49.359 [VehicleEnter] Player [ADMIN]DrKilledByDeath [uid=spMEkRl42onhFHdF_u42e0T03x2sj347kUc600NXdGA=] entered vehicle Velociraptor6x6 Blue (id=98062189074706392FA95DB0EB4B1D93 pos=<5638.471191, 28.737257, 5374.615723>) as driver
11:59:00.207 [VehicleLeave] Player [ADMIN]DrKilledByDeath [uid=spMEkRl42onhFHdF_u42e0T03x2sj347kUc600NXdGA=] left vehicle Velociraptor6x6 Blue (id=98062189074706392FA95DB0EB4B1D93 pos=<5638.471680, 28.737289, 5374.616211>)
11:59:16.453 [Party] Player "Nick Leadbeatter" (id=JmVdSu0kzNbOpwjpFV-MDcMB-Equ3yPY-l-COMb6HgY=) left the party "DIEHARD" (id=32 ownerUID=JmVdSu0kzNbOpwjpFV-MDcMB-Equ3yPY-l-COMb6HgY= ownerName=Nick Leadbeatter)
11:59:16.457 [Party] Player "tearsofdawn1066" (id=Sltx5zKJy7sVbO2kN3XTpRthB0wkULqErUtRpY6M_7o=) left the party "DIEHARD" (id=32 ownerUID=JmVdSu0kzNbOpwjpFV-MDcMB-Equ3yPY-l-COMb6HgY= ownerName=Nick Leadbeatter)
11:59:16.460 [Party] Player "BDH Crazy22" (id=xBwUe6F0ELy8UX4ZzLIEUefw3PJSjX0OdDxaAAGlFcY=) left the party "noobs" (id=27 ownerUID=xBwUe6F0ELy8UX4ZzLIEUefw3PJSjX0OdDxaAAGlFcY= ownerName=BDH Crazy22)
11:59:16.460 [Party] Player "Condom Breath" (id=VsEWQWxzvcTpDLQgc9tVyxq5TiqDS9O3QehdBa_YkH8=) left the party "Dirty Crew" (id=23 ownerUID=VsEWQWxzvcTpDLQgc9tVyxq5TiqDS9O3QehdBa_YkH8= ownerName=Condom Breath)
11:59:16.464 [Party] Player "brailsford40" (id=HQAtXFe6fZZL90M2CD_a22otF9NJ2s4t7n-ol5BAu6o=) left the party "DIEHARD" (id=32 ownerUID=JmVdSu0kzNbOpwjpFV-MDcMB-Equ3yPY-l-COMb6HgY= ownerName=Nick Leadbeatter)
