00:36:55.412 [Safezone] Player "[Admin] Bunker" (id=mBNlxASsPlOcry0dpDl8K-WgHNR5WMCMmoJ9NhpU4FY= pos=<5649.743164, 29.502888, 5404.561035>) Entered the safezone
00:51:58.600 [MissionAirdrop] An airdrop is heading towards "Kushville" (pos=<7630.000000, 0.000000, 3717.000000> type=Random_Kushville) with a ExpansionAirdropContainer_Medical
01:42:50.539 [Safezone] Player "Mansbridge" (id=QM7LViVt5sZd0hja19cF2rW2mCNEG7w2k3AFdalcF50= pos=<10312.388672, 1.463594, 5630.856934>) Entered the safezone
01:42:58.190 [Safezone] Player "Mansbridge" (id=QM7LViVt5sZd0hja19cF2rW2mCNEG7w2k3AFdalcF50= pos=<10312.860352, 1.464639, 5629.330566>) Entered the safezone
01:44:51.949 [Safezone] Player "Mansbridge" (id=QM7LViVt5sZd0hja19cF2rW2mCNEG7w2k3AFdalcF50= pos=<10310.257813, 1.474372, 5607.758301>) Left the safezone
01:51:41.262 [AI Patrol] Spawning 3 Camp Bear Patrol bots at <8719.367188, 12.627441, 5984.437500>
02:26:03.183 [Party] Player "brailsford40" (id=HQAtXFe6fZZL90M2CD_a22otF9NJ2s4t7n-ol5BAu6o=) joinded the party "DIEHARD" (id=32 ownerUID=JmVdSu0kzNbOpwjpFV-MDcMB-Equ3yPY-l-COMb6HgY= ownerName=Nick Leadbeatter)
02:27:19.634 [VehicleCover] Player "brailsford40" (id=HQAtXFe6fZZL90M2CD_a22otF9NJ2s4t7n-ol5BAu6o= pos=<8436.031250, 63.020470, 8049.108398>) uncovered vehicle "ToyotaHilux_rust" (GlobalID=80000000800000008000000080013459 pos=<8438.092773, 63.096016, 8048.091309>)!
02:27:32.085 [VehicleCarKey] Player "brailsford40" (id=HQAtXFe6fZZL90M2CD_a22otF9NJ2s4t7n-ol5BAu6o= pos=<8435.774414, 63.275890, 8045.492188>) used the  ExpansionCarKey to unlock ToyotaHilux_rust (id=F73D616AD742289F4B3A90B298B7A715 pos=<8438.089844, 63.095734, 8048.095215>)
02:31:01.066 [VehicleCarKey] Player "brailsford40" (id=HQAtXFe6fZZL90M2CD_a22otF9NJ2s4t7n-ol5BAu6o= pos=<8435.762695, 63.310322, 8045.062500>) used the  ExpansionCarKey to lock ToyotaHilux_rust (id=F73D616AD742289F4B3A90B298B7A715 pos=<8438.089844, 63.095734, 8048.095215>)
02:34:33.041 [VehicleCarKey] Player "brailsford40" (id=HQAtXFe6fZZL90M2CD_a22otF9NJ2s4t7n-ol5BAu6o= pos=<8435.703125, 63.320629, 8044.939453>) used the  ExpansionCarKey to unlock ToyotaHilux_rust (id=F73D616AD742289F4B3A90B298B7A715 pos=<8438.089844, 63.095734, 8048.095215>)
02:36:58.087 [AI Patrol] Spawning 3 Temple Patrol bots at <327.185425, 41.574463, 717.375977>
02:36:58.099 [AI Patrol] Spawning 3 Temple Patrol bots at <388.783295, 47.070000, 792.630188>
02:36:58.109 [AI Patrol] Spawning 3 Temple Patrol bots at <393.334137, 47.070000, 823.338013>
02:36:59.787 [VehicleEnter] Player brailsford40 [uid=HQAtXFe6fZZL90M2CD_a22otF9NJ2s4t7n-ol5BAu6o=] entered vehicle ToyotaHilux rust (id=F73D616AD742289F4B3A90B298B7A715 pos=<8438.089844, 63.095745, 8048.095703>) as driver
02:37:10.386 [VehicleEngine] Player brailsford40 [uid=HQAtXFe6fZZL90M2CD_a22otF9NJ2s4t7n-ol5BAu6o=] started vehicle ToyotaHilux rust (id=F73D616AD742289F4B3A90B298B7A715 pos=<8438.089844, 63.095737, 8048.095703>)
02:39:51.328 [VehicleEngine] Player brailsford40 [uid=HQAtXFe6fZZL90M2CD_a22otF9NJ2s4t7n-ol5BAu6o=] stopped vehicle ToyotaHilux rust (id=F73D616AD742289F4B3A90B298B7A715 pos=<7968.954102, 7.423573, 7464.812988>)
02:39:58.134 [VehicleLeave] Player brailsford40 [uid=HQAtXFe6fZZL90M2CD_a22otF9NJ2s4t7n-ol5BAu6o=] left vehicle ToyotaHilux rust (id=F73D616AD742289F4B3A90B298B7A715 pos=<7968.954102, 7.423524, 7464.812012>)
02:40:06.601 [VehicleCarKey] Player "brailsford40" (id=HQAtXFe6fZZL90M2CD_a22otF9NJ2s4t7n-ol5BAu6o= pos=<7968.397461, 7.379045, 7462.819824>) used the  ExpansionCarKey to lock ToyotaHilux_rust (id=F73D616AD742289F4B3A90B298B7A715 pos=<7968.956055, 7.423476, 7464.814453>)
02:47:17.239 [AI Patrol] Spawning 1 Shamans bots at <9028.528320, 10.166132, 7341.000000>
02:49:55.214 [VehicleCarKey] Player "brailsford40" (id=HQAtXFe6fZZL90M2CD_a22otF9NJ2s4t7n-ol5BAu6o= pos=<7971.189453, 6.983372, 7462.010742>) used the  ExpansionCarKey to unlock ToyotaHilux_rust (id=F73D616AD742289F4B3A90B298B7A715 pos=<7968.956055, 7.423476, 7464.814453>)
02:50:41.225 [VehicleCover] Player "Josh" (id=HAFduBzmpDN4tgqni6CFo0kwJ2aFYdhg5CPf66P8Zps= pos=<8860.114258, 38.607292, 9952.212891>) uncovered vehicle "ToyotaHilux_kamo" (GlobalID=80000000800000008000000080012A42 pos=<8858.983398, 38.612034, 9954.840820>)!
02:50:46.743 [VehicleCarKey] Player "Josh" (id=HAFduBzmpDN4tgqni6CFo0kwJ2aFYdhg5CPf66P8Zps= pos=<8860.234375, 38.872425, 9951.812500>) used the  ExpansionCarKey to unlock ToyotaHilux_kamo (id=2BEAFED31745D6E614A418A6EC8940DE pos=<8858.979492, 38.612034, 9954.840820>)
02:51:09.035 [VehicleCarKey] Player "Josh" (id=HAFduBzmpDN4tgqni6CFo0kwJ2aFYdhg5CPf66P8Zps= pos=<8860.234375, 38.872425, 9951.812500>) used the  ExpansionCarKey to lock ToyotaHilux_kamo (id=2BEAFED31745D6E614A418A6EC8940DE pos=<8858.979492, 38.612034, 9954.840820>)
02:51:22.096 [VehicleDeleted] ToyotaHilux_kamo (id=2BEAFED31745D6E614A418A6EC8940DE pos=<8858.979492, 38.612034, 9954.840820>)
02:51:22.097 [VehicleCover] Player "Josh" (id=HAFduBzmpDN4tgqni6CFo0kwJ2aFYdhg5CPf66P8Zps= pos=<8860.676758, 38.607178, 9951.299805>) covered vehicle "ToyotaHilux_kamo" (GlobalID=80000000800000008000000080012A42 pos=<8858.979492, 38.612034, 9954.840820>)!
03:10:27.388 [VehicleEnter] Player brailsford40 [uid=HQAtXFe6fZZL90M2CD_a22otF9NJ2s4t7n-ol5BAu6o=] entered vehicle ToyotaHilux rust (id=F73D616AD742289F4B3A90B298B7A715 pos=<7968.957031, 7.423458, 7464.814941>) as driver
03:10:33.382 [VehicleEngine] Player brailsford40 [uid=HQAtXFe6fZZL90M2CD_a22otF9NJ2s4t7n-ol5BAu6o=] started vehicle ToyotaHilux rust (id=F73D616AD742289F4B3A90B298B7A715 pos=<7968.956543, 7.423458, 7464.814941>)
03:11:50.350 [VehicleEngine] Player brailsford40 [uid=HQAtXFe6fZZL90M2CD_a22otF9NJ2s4t7n-ol5BAu6o=] stopped vehicle ToyotaHilux rust (id=F73D616AD742289F4B3A90B298B7A715 pos=<7920.583984, 31.714666, 7825.795410>)
03:11:54.821 [VehicleLeave] Player brailsford40 [uid=HQAtXFe6fZZL90M2CD_a22otF9NJ2s4t7n-ol5BAu6o=] left vehicle ToyotaHilux rust (id=F73D616AD742289F4B3A90B298B7A715 pos=<7920.584961, 31.714657, 7825.796387>)
03:12:16.182 [VehicleCarKey] Player "brailsford40" (id=HQAtXFe6fZZL90M2CD_a22otF9NJ2s4t7n-ol5BAu6o= pos=<7920.120117, 31.910540, 7829.332520>) used the  ExpansionCarKey to lock ToyotaHilux_rust (id=F73D616AD742289F4B3A90B298B7A715 pos=<7920.581055, 31.714666, 7825.793945>)
03:31:42.429 [VehicleCarKey] Player "brailsford40" (id=HQAtXFe6fZZL90M2CD_a22otF9NJ2s4t7n-ol5BAu6o= pos=<7919.278809, 31.947477, 7829.791504>) used the  ExpansionCarKey to unlock ToyotaHilux_rust (id=F73D616AD742289F4B3A90B298B7A715 pos=<7920.581055, 31.714666, 7825.793945>)
03:31:44.796 [VehicleCarKey] Player "brailsford40" (id=HQAtXFe6fZZL90M2CD_a22otF9NJ2s4t7n-ol5BAu6o= pos=<7922.306152, 31.714018, 7826.731445>) used the  ExpansionCarKey to lock ToyotaHilux_rust (id=F73D616AD742289F4B3A90B298B7A715 pos=<7920.581055, 31.714666, 7825.793945>)
03:31:46.931 [VehicleCarKey] Player "brailsford40" (id=HQAtXFe6fZZL90M2CD_a22otF9NJ2s4t7n-ol5BAu6o= pos=<7922.306152, 31.714018, 7826.731445>) used the  ExpansionCarKey to unlock ToyotaHilux_rust (id=F73D616AD742289F4B3A90B298B7A715 pos=<7920.581055, 31.714666, 7825.793945>)
03:31:56.507 [VehicleEnter] Player brailsford40 [uid=HQAtXFe6fZZL90M2CD_a22otF9NJ2s4t7n-ol5BAu6o=] entered vehicle ToyotaHilux rust (id=F73D616AD742289F4B3A90B298B7A715 pos=<7920.578125, 31.714800, 7825.794434>) as driver
03:38:42.869 [VehicleEngine] Player brailsford40 [uid=HQAtXFe6fZZL90M2CD_a22otF9NJ2s4t7n-ol5BAu6o=] started vehicle ToyotaHilux rust (id=F73D616AD742289F4B3A90B298B7A715 pos=<7920.577637, 31.714746, 7825.793457>)
03:40:48.660 [VehicleLeave] Player brailsford40 [uid=HQAtXFe6fZZL90M2CD_a22otF9NJ2s4t7n-ol5BAu6o=] left vehicle ToyotaHilux rust (id=F73D616AD742289F4B3A90B298B7A715 pos=<8346.779297, 3.996970, 7497.403809>)
03:41:10.458 [VehicleEnter] Player brailsford40 [uid=HQAtXFe6fZZL90M2CD_a22otF9NJ2s4t7n-ol5BAu6o=] entered vehicle ToyotaHilux rust (id=F73D616AD742289F4B3A90B298B7A715 pos=<8346.782227, 3.996988, 7497.406738>) as driver
03:41:14.211 [VehicleEngine] Player brailsford40 [uid=HQAtXFe6fZZL90M2CD_a22otF9NJ2s4t7n-ol5BAu6o=] started vehicle ToyotaHilux rust (id=F73D616AD742289F4B3A90B298B7A715 pos=<8346.782227, 3.996992, 7497.407227>)
03:43:08.856 [VehicleEngine] Player brailsford40 [uid=HQAtXFe6fZZL90M2CD_a22otF9NJ2s4t7n-ol5BAu6o=] stopped vehicle ToyotaHilux rust (id=F73D616AD742289F4B3A90B298B7A715 pos=<8881.711914, 9.169013, 7108.336914>)
03:43:13.134 [VehicleLeave] Player brailsford40 [uid=HQAtXFe6fZZL90M2CD_a22otF9NJ2s4t7n-ol5BAu6o=] left vehicle ToyotaHilux rust (id=F73D616AD742289F4B3A90B298B7A715 pos=<8881.713867, 9.170578, 7108.310059>)
03:43:56.372 [VehicleCarKey] Player "brailsford40" (id=HQAtXFe6fZZL90M2CD_a22otF9NJ2s4t7n-ol5BAu6o= pos=<8883.597656, 9.166918, 7108.329102>) used the  ExpansionCarKey to lock ToyotaHilux_rust (id=F73D616AD742289F4B3A90B298B7A715 pos=<8881.710938, 9.170695, 7108.307617>)
03:54:48.644 [VehicleCover] Player "Josh" (id=HAFduBzmpDN4tgqni6CFo0kwJ2aFYdhg5CPf66P8Zps= pos=<8860.848633, 38.607155, 9951.918945>) uncovered vehicle "ToyotaHilux_kamo" (GlobalID=80000000800000008000000080012A42 pos=<8858.979492, 38.612034, 9954.840820>)!
03:55:04.707 [VehicleDeleted] ToyotaHilux_kamo (id=1323B8CBEB48615D1D862FB68A51D271 pos=<8858.975586, 38.612034, 9954.840820>)
03:55:04.708 [VehicleCover] Player "Josh" (id=HAFduBzmpDN4tgqni6CFo0kwJ2aFYdhg5CPf66P8Zps= pos=<8860.378906, 38.607220, 9951.480469>) covered vehicle "ToyotaHilux_kamo" (GlobalID=80000000800000008000000080012A42 pos=<8858.975586, 38.612034, 9954.840820>)!
03:58:17.725 [VehicleCarKey] Player "brailsford40" (id=HQAtXFe6fZZL90M2CD_a22otF9NJ2s4t7n-ol5BAu6o= pos=<8883.711914, 9.193984, 7107.834961>) used the  ExpansionCarKey to unlock ToyotaHilux_rust (id=F73D616AD742289F4B3A90B298B7A715 pos=<8881.710938, 9.170695, 7108.307617>)
03:58:25.798 [VehicleEnter] Player brailsford40 [uid=HQAtXFe6fZZL90M2CD_a22otF9NJ2s4t7n-ol5BAu6o=] entered vehicle ToyotaHilux rust (id=F73D616AD742289F4B3A90B298B7A715 pos=<8881.712891, 9.171206, 7108.298828>) as driver
03:58:42.184 [VehicleEngine] Player brailsford40 [uid=HQAtXFe6fZZL90M2CD_a22otF9NJ2s4t7n-ol5BAu6o=] started vehicle ToyotaHilux rust (id=F73D616AD742289F4B3A90B298B7A715 pos=<8881.710938, 9.176925, 7108.197754>)
03:59:51.718 [VehicleLeave] Player brailsford40 [uid=HQAtXFe6fZZL90M2CD_a22otF9NJ2s4t7n-ol5BAu6o=] left vehicle ToyotaHilux rust (id=F73D616AD742289F4B3A90B298B7A715 pos=<9244.561523, 21.485832, 7442.374512>)
04:01:54.790 [VehicleCarKey] Player "brailsford40" (id=HQAtXFe6fZZL90M2CD_a22otF9NJ2s4t7n-ol5BAu6o= pos=<9242.630859, 21.492577, 7443.969238>) used the  ExpansionCarKey to lock ToyotaHilux_rust (id=F73D616AD742289F4B3A90B298B7A715 pos=<9244.557617, 21.485855, 7442.375000>)
04:02:07.358 [VehicleCarKey] Player "brailsford40" (id=HQAtXFe6fZZL90M2CD_a22otF9NJ2s4t7n-ol5BAu6o= pos=<9243.170898, 21.493488, 7443.604492>) used the  ExpansionCarKey to unlock ToyotaHilux_rust (id=F73D616AD742289F4B3A90B298B7A715 pos=<9244.557617, 21.485855, 7442.375000>)
04:02:34.453 [VehicleCarKey] Player "brailsford40" (id=HQAtXFe6fZZL90M2CD_a22otF9NJ2s4t7n-ol5BAu6o= pos=<9242.975586, 21.487717, 7439.355469>) used the  ExpansionCarKey to lock ToyotaHilux_rust (id=F73D616AD742289F4B3A90B298B7A715 pos=<9244.557617, 21.485855, 7442.375000>)
04:13:15.020 [VehicleCarKey] Player "brailsford40" (id=HQAtXFe6fZZL90M2CD_a22otF9NJ2s4t7n-ol5BAu6o= pos=<9243.401367, 21.476437, 7438.460938>) used the  ExpansionCarKey to unlock ToyotaHilux_rust (id=F73D616AD742289F4B3A90B298B7A715 pos=<9244.557617, 21.485855, 7442.375000>)
04:15:53.186 [VehicleEnter] Player brailsford40 [uid=HQAtXFe6fZZL90M2CD_a22otF9NJ2s4t7n-ol5BAu6o=] entered vehicle ToyotaHilux rust (id=F73D616AD742289F4B3A90B298B7A715 pos=<9244.557617, 21.485838, 7442.376953>) as driver
04:16:06.094 [VehicleEngine] Player brailsford40 [uid=HQAtXFe6fZZL90M2CD_a22otF9NJ2s4t7n-ol5BAu6o=] started vehicle ToyotaHilux rust (id=F73D616AD742289F4B3A90B298B7A715 pos=<9244.556641, 21.485836, 7442.377441>)
04:16:57.011 [VehicleEngine] Player brailsford40 [uid=HQAtXFe6fZZL90M2CD_a22otF9NJ2s4t7n-ol5BAu6o=] stopped vehicle ToyotaHilux rust (id=F73D616AD742289F4B3A90B298B7A715 pos=<9398.312500, 30.044594, 7544.757813>)
04:17:04.935 [VehicleLeave] Player brailsford40 [uid=HQAtXFe6fZZL90M2CD_a22otF9NJ2s4t7n-ol5BAu6o=] left vehicle ToyotaHilux rust (id=F73D616AD742289F4B3A90B298B7A715 pos=<9398.312500, 30.044613, 7544.761230>)
04:17:21.388 [VehicleCarKey] Player "brailsford40" (id=HQAtXFe6fZZL90M2CD_a22otF9NJ2s4t7n-ol5BAu6o= pos=<9397.529297, 30.038782, 7543.028809>) used the  ExpansionCarKey to lock ToyotaHilux_rust (id=F73D616AD742289F4B3A90B298B7A715 pos=<9398.312500, 30.044617, 7544.761719>)
04:20:54.597 [MissionAirdrop] An airdrop is heading towards "Oldfield" (pos=<6117.000000, 0.000000, 7004.000000> type=Random_Oldfield) with a ExpansionAirdropContainer
04:23:22.390 [VehicleCover] Player "Josh" (id=HAFduBzmpDN4tgqni6CFo0kwJ2aFYdhg5CPf66P8Zps= pos=<8860.577148, 38.607212, 9952.203125>) uncovered vehicle "ToyotaHilux_kamo" (GlobalID=80000000800000008000000080012A42 pos=<8858.975586, 38.612034, 9954.840820>)!
04:23:39.407 [VehicleCarKey] Player "Josh" (id=HAFduBzmpDN4tgqni6CFo0kwJ2aFYdhg5CPf66P8Zps= pos=<8860.547852, 38.607235, 9951.676758>) used the  ExpansionCarKey to unlock ToyotaHilux_kamo (id=89B750EE6F4FEB85200E4AB326F302BE pos=<8858.971680, 38.612041, 9954.840820>)
04:23:54.097 [VehicleEnter] Player Josh [uid=HAFduBzmpDN4tgqni6CFo0kwJ2aFYdhg5CPf66P8Zps=] entered vehicle ToyotaHilux Camo (id=89B750EE6F4FEB85200E4AB326F302BE pos=<8858.971680, 38.612041, 9954.840820>) as driver
04:23:56.781 [VehicleEngine] Player Josh [uid=HAFduBzmpDN4tgqni6CFo0kwJ2aFYdhg5CPf66P8Zps=] started vehicle ToyotaHilux Camo (id=89B750EE6F4FEB85200E4AB326F302BE pos=<8858.970703, 38.612038, 9954.840820>)
04:24:09.885 [VehicleLeave] Player Josh [uid=HAFduBzmpDN4tgqni6CFo0kwJ2aFYdhg5CPf66P8Zps=] left vehicle ToyotaHilux Camo (id=89B750EE6F4FEB85200E4AB326F302BE pos=<8864.399414, 38.311996, 9942.178711>)
04:24:19.312 [VehicleEnter] Player Josh [uid=HAFduBzmpDN4tgqni6CFo0kwJ2aFYdhg5CPf66P8Zps=] entered vehicle ToyotaHilux Camo (id=89B750EE6F4FEB85200E4AB326F302BE pos=<8864.399414, 38.311954, 9942.178711>) as driver
04:26:07.298 [VehicleLeave] Player Josh [uid=HAFduBzmpDN4tgqni6CFo0kwJ2aFYdhg5CPf66P8Zps=] left vehicle ToyotaHilux Camo (id=89B750EE6F4FEB85200E4AB326F302BE pos=<9088.274414, 20.953770, 9841.494141>)
04:26:26.882 [VehicleCarKey] Player "brailsford40" (id=HQAtXFe6fZZL90M2CD_a22otF9NJ2s4t7n-ol5BAu6o= pos=<9402.089844, 29.981619, 7544.374023>) used the  ExpansionCarKey to unlock ToyotaHilux_rust (id=F73D616AD742289F4B3A90B298B7A715 pos=<9398.312500, 30.044617, 7544.761719>)
04:26:43.823 [VehicleEnter] Player Josh [uid=HAFduBzmpDN4tgqni6CFo0kwJ2aFYdhg5CPf66P8Zps=] entered vehicle ToyotaHilux Camo (id=89B750EE6F4FEB85200E4AB326F302BE pos=<9088.274414, 20.953749, 9841.493164>) as driver
04:26:48.824 [VehicleEngine] Player Josh [uid=HAFduBzmpDN4tgqni6CFo0kwJ2aFYdhg5CPf66P8Zps=] started vehicle ToyotaHilux Camo (id=89B750EE6F4FEB85200E4AB326F302BE pos=<9088.274414, 20.953749, 9841.493164>)
04:28:16.703 [AI Patrol] Spawning 1 Shamans bots at <10489.315430, 11.040008, 11017.767578>
04:28:41.884 [VehicleLeave] Player Josh [uid=HAFduBzmpDN4tgqni6CFo0kwJ2aFYdhg5CPf66P8Zps=] left vehicle ToyotaHilux Camo (id=89B750EE6F4FEB85200E4AB326F302BE pos=<9915.257813, 2.025146, 10648.493164>)
04:28:48.452 [VehicleCarKey] Player "Josh" (id=HAFduBzmpDN4tgqni6CFo0kwJ2aFYdhg5CPf66P8Zps= pos=<9914.756836, 1.938680, 10650.270508>) used the  ExpansionCarKey to lock ToyotaHilux_kamo (id=89B750EE6F4FEB85200E4AB326F302BE pos=<9915.258789, 2.025450, 10648.489258>)
04:29:16.229 [VehicleEnter] Player brailsford40 [uid=HQAtXFe6fZZL90M2CD_a22otF9NJ2s4t7n-ol5BAu6o=] entered vehicle ToyotaHilux rust (id=F73D616AD742289F4B3A90B298B7A715 pos=<9398.312500, 30.044632, 7544.762207>) as driver
04:29:22.367 [VehicleEngine] Player brailsford40 [uid=HQAtXFe6fZZL90M2CD_a22otF9NJ2s4t7n-ol5BAu6o=] started vehicle ToyotaHilux rust (id=F73D616AD742289F4B3A90B298B7A715 pos=<9398.312500, 30.044611, 7544.759277>)
04:30:31.332 [VehicleEngine] Player brailsford40 [uid=HQAtXFe6fZZL90M2CD_a22otF9NJ2s4t7n-ol5BAu6o=] stopped vehicle ToyotaHilux rust (id=F73D616AD742289F4B3A90B298B7A715 pos=<9152.650391, 29.026318, 7835.674316>)
04:30:36.003 [VehicleLeave] Player brailsford40 [uid=HQAtXFe6fZZL90M2CD_a22otF9NJ2s4t7n-ol5BAu6o=] left vehicle ToyotaHilux rust (id=F73D616AD742289F4B3A90B298B7A715 pos=<9152.652344, 29.025911, 7835.674805>)
04:30:57.234 [VehicleCarKey] Player "brailsford40" (id=HQAtXFe6fZZL90M2CD_a22otF9NJ2s4t7n-ol5BAu6o= pos=<9150.942383, 29.347448, 7834.699219>) used the  ExpansionCarKey to lock ToyotaHilux_rust (id=F73D616AD742289F4B3A90B298B7A715 pos=<9152.673828, 29.021683, 7835.694336>)
04:35:18.171 [VehicleCarKey] Player "Josh" (id=HAFduBzmpDN4tgqni6CFo0kwJ2aFYdhg5CPf66P8Zps= pos=<9917.993164, 1.922497, 10650.983398>) used the  ExpansionCarKey to unlock ToyotaHilux_kamo (id=89B750EE6F4FEB85200E4AB326F302BE pos=<9915.258789, 2.025450, 10648.489258>)
04:35:20.460 [VehicleCarKey] Player "Josh" (id=HAFduBzmpDN4tgqni6CFo0kwJ2aFYdhg5CPf66P8Zps= pos=<9914.544922, 1.939747, 10650.404297>) used the  ExpansionCarKey to lock ToyotaHilux_kamo (id=89B750EE6F4FEB85200E4AB326F302BE pos=<9915.258789, 2.025450, 10648.489258>)
04:35:21.962 [VehicleCarKey] Player "Josh" (id=HAFduBzmpDN4tgqni6CFo0kwJ2aFYdhg5CPf66P8Zps= pos=<9914.544922, 1.939747, 10650.404297>) used the  ExpansionCarKey to unlock ToyotaHilux_kamo (id=89B750EE6F4FEB85200E4AB326F302BE pos=<9915.258789, 2.025450, 10648.489258>)
04:35:26.570 [VehicleEnter] Player Josh [uid=HAFduBzmpDN4tgqni6CFo0kwJ2aFYdhg5CPf66P8Zps=] entered vehicle ToyotaHilux Camo (id=89B750EE6F4FEB85200E4AB326F302BE pos=<9915.257813, 2.025091, 10648.493164>) as driver
04:35:33.089 [VehicleEngine] Player Josh [uid=HAFduBzmpDN4tgqni6CFo0kwJ2aFYdhg5CPf66P8Zps=] started vehicle ToyotaHilux Camo (id=89B750EE6F4FEB85200E4AB326F302BE pos=<9915.258789, 2.025416, 10648.488281>)
04:36:20.582 [VehicleLeave] Player Josh [uid=HAFduBzmpDN4tgqni6CFo0kwJ2aFYdhg5CPf66P8Zps=] left vehicle ToyotaHilux Camo (id=89B750EE6F4FEB85200E4AB326F302BE pos=<10387.576172, 4.753335, 10854.684570>)
04:43:03.835 [VehicleCarKey] Player "brailsford40" (id=HQAtXFe6fZZL90M2CD_a22otF9NJ2s4t7n-ol5BAu6o= pos=<9153.782227, 29.194983, 7832.394531>) used the  ExpansionCarKey to unlock ToyotaHilux_rust (id=F73D616AD742289F4B3A90B298B7A715 pos=<9152.673828, 29.021683, 7835.694336>)
04:43:36.101 [VehicleCarKey] Player "brailsford40" (id=HQAtXFe6fZZL90M2CD_a22otF9NJ2s4t7n-ol5BAu6o= pos=<9153.782227, 29.194983, 7832.394531>) used the  ExpansionCarKey to lock ToyotaHilux_rust (id=F73D616AD742289F4B3A90B298B7A715 pos=<9152.673828, 29.021683, 7835.694336>)
04:44:46.150 [VehicleEnter] Player Josh [uid=HAFduBzmpDN4tgqni6CFo0kwJ2aFYdhg5CPf66P8Zps=] entered vehicle ToyotaHilux Camo (id=89B750EE6F4FEB85200E4AB326F302BE pos=<10387.574219, 4.753292, 10854.685547>) as driver
04:44:50.035 [VehicleEngine] Player Josh [uid=HAFduBzmpDN4tgqni6CFo0kwJ2aFYdhg5CPf66P8Zps=] started vehicle ToyotaHilux Camo (id=89B750EE6F4FEB85200E4AB326F302BE pos=<10387.575195, 4.753269, 10854.683594>)
04:45:44.496 [VehicleLeave] Player Josh [uid=HAFduBzmpDN4tgqni6CFo0kwJ2aFYdhg5CPf66P8Zps=] left vehicle ToyotaHilux Camo (id=89B750EE6F4FEB85200E4AB326F302BE pos=<10666.958008, 10.358130, 10927.070313>)
04:46:13.994 [VehicleAttachments] Player Josh (uid=HAFduBzmpDN4tgqni6CFo0kwJ2aFYdhg5CPf66P8Zps=) detached ToyotaHilux Camo Left Door (type=ToyotaHilux_Doors_Driver_kamo) from vehicle ToyotaHilux Camo(id=89B750EE6F4FEB85200E4AB326F302BE pos=<10666.921875, 10.354816, 10927.189453>)
04:46:19.027 [VehicleEnter] Player Josh [uid=HAFduBzmpDN4tgqni6CFo0kwJ2aFYdhg5CPf66P8Zps=] entered vehicle ToyotaHilux Camo (id=89B750EE6F4FEB85200E4AB326F302BE pos=<10666.921875, 10.354773, 10927.189453>) as driver
04:46:22.867 [VehicleLeave] Player Josh [uid=HAFduBzmpDN4tgqni6CFo0kwJ2aFYdhg5CPf66P8Zps=] left vehicle ToyotaHilux Camo (id=89B750EE6F4FEB85200E4AB326F302BE pos=<10666.921875, 10.354821, 10927.189453>)
04:48:31.392 [VehicleCarKey] Player "Josh" (id=HAFduBzmpDN4tgqni6CFo0kwJ2aFYdhg5CPf66P8Zps= pos=<10667.900391, 10.322253, 10928.534180>) used the  ExpansionCarKey to lock ToyotaHilux_kamo (id=89B750EE6F4FEB85200E4AB326F302BE pos=<10666.620117, 10.348085, 10927.311523>)
04:51:52.343 [Safezone] Player "Mansbridge" (id=QM7LViVt5sZd0hja19cF2rW2mCNEG7w2k3AFdalcF50= pos=<5673.252930, 32.390820, 5262.548828>) Entered the safezone
04:52:28.601 [VehicleCarKey] Player "brailsford40" (id=HQAtXFe6fZZL90M2CD_a22otF9NJ2s4t7n-ol5BAu6o= pos=<9153.860352, 29.191944, 7832.311523>) used the  ExpansionCarKey to unlock ToyotaHilux_rust (id=F73D616AD742289F4B3A90B298B7A715 pos=<9152.673828, 29.021683, 7835.694336>)
04:54:27.001 [Market] Player "Mansbridge" (id=QM7LViVt5sZd0hja19cF2rW2mCNEG7w2k3AFdalcF50=) has send a requested to sell mosin9130 x1 at the trader "Weapons (Oliver [WEAPONS])" in market zone "The Holler" (pos=<5632.000000, 32.000000, 5392.000000>).
04:54:27.109 [Market] Player "Mansbridge" (id=QM7LViVt5sZd0hja19cF2rW2mCNEG7w2k3AFdalcF50=) has sold mosin9130 x1 at the trader "Weapons (Oliver [WEAPONS])" in market zone "The Holler" (pos=<5632.000000, 32.000000, 5392.000000>) and got 1050.
04:55:22.414 [VehicleEnter] Player brailsford40 [uid=HQAtXFe6fZZL90M2CD_a22otF9NJ2s4t7n-ol5BAu6o=] entered vehicle ToyotaHilux rust (id=F73D616AD742289F4B3A90B298B7A715 pos=<9152.670898, 29.022005, 7835.692871>) as driver
04:55:27.531 [VehicleEngine] Player brailsford40 [uid=HQAtXFe6fZZL90M2CD_a22otF9NJ2s4t7n-ol5BAu6o=] started vehicle ToyotaHilux rust (id=F73D616AD742289F4B3A90B298B7A715 pos=<9152.673828, 29.021645, 7835.693848>)
04:56:54.837 [VehicleEngine] Player brailsford40 [uid=HQAtXFe6fZZL90M2CD_a22otF9NJ2s4t7n-ol5BAu6o=] stopped vehicle ToyotaHilux rust (id=F73D616AD742289F4B3A90B298B7A715 pos=<9294.200195, 5.585423, 7930.506836>)
04:57:02.570 [VehicleLeave] Player brailsford40 [uid=HQAtXFe6fZZL90M2CD_a22otF9NJ2s4t7n-ol5BAu6o=] left vehicle ToyotaHilux rust (id=F73D616AD742289F4B3A90B298B7A715 pos=<9294.200195, 5.585352, 7930.503418>)
04:57:09.445 [VehicleCarKey] Player "brailsford40" (id=HQAtXFe6fZZL90M2CD_a22otF9NJ2s4t7n-ol5BAu6o= pos=<9296.273438, 5.725300, 7932.569824>) used the  ExpansionCarKey to lock ToyotaHilux_rust (id=F73D616AD742289F4B3A90B298B7A715 pos=<9294.200195, 5.585351, 7930.503418>)
04:58:38.263 [Market] Player "Mansbridge" (id=QM7LViVt5sZd0hja19cF2rW2mCNEG7w2k3AFdalcF50=) has send a requested to sell huntingknife x1 at the trader "WeaponAccessories (Rolf [WEAPON ACCESSORIES])" in market zone "The Holler" (pos=<5632.000000, 32.000000, 5392.000000>).
04:58:38.382 [Market] Player "Mansbridge" (id=QM7LViVt5sZd0hja19cF2rW2mCNEG7w2k3AFdalcF50=) has sold huntingknife x1 at the trader "WeaponAccessories (Rolf [WEAPON ACCESSORIES])" in market zone "The Holler" (pos=<5632.000000, 32.000000, 5392.000000>) and got 3.
05:00:02.242 [Safezone] Player "(ADMIN)BLUE" (id=OAdpPkJP2Ps_W7h2ttR1bK23ekHCzrxw0mDT3zqLMdU= pos=<5594.550781, 28.709999, 5350.925781>) Entered the safezone
05:05:55.601 [Safezone] Player "(ADMIN)BLUE" (id=OAdpPkJP2Ps_W7h2ttR1bK23ekHCzrxw0mDT3zqLMdU= pos=<9397.074219, 4.172501, 7945.099121>) Left the safezone
05:06:10.396 [VehicleCarKey] Player "brailsford40" (id=HQAtXFe6fZZL90M2CD_a22otF9NJ2s4t7n-ol5BAu6o= pos=<9290.636719, 5.454861, 7931.796387>) used the  ExpansionCarKey to unlock ToyotaHilux_rust (id=F73D616AD742289F4B3A90B298B7A715 pos=<9294.200195, 5.585351, 7930.503418>)
05:06:27.003 [VehicleCarKey] Player "brailsford40" (id=HQAtXFe6fZZL90M2CD_a22otF9NJ2s4t7n-ol5BAu6o= pos=<9290.636719, 5.454861, 7931.796387>) used the  ExpansionCarKey to lock ToyotaHilux_rust (id=F73D616AD742289F4B3A90B298B7A715 pos=<9294.200195, 5.585351, 7930.503418>)
05:06:28.906 [VehicleCarKey] Player "brailsford40" (id=HQAtXFe6fZZL90M2CD_a22otF9NJ2s4t7n-ol5BAu6o= pos=<9290.636719, 5.454861, 7931.796387>) used the  ExpansionCarKey to unlock ToyotaHilux_rust (id=F73D616AD742289F4B3A90B298B7A715 pos=<9294.200195, 5.585351, 7930.503418>)
05:06:36.074 [VehicleCarKey] Player "brailsford40" (id=HQAtXFe6fZZL90M2CD_a22otF9NJ2s4t7n-ol5BAu6o= pos=<9290.636719, 5.454861, 7931.796387>) used the  ExpansionCarKey to lock ToyotaHilux_rust (id=F73D616AD742289F4B3A90B298B7A715 pos=<9294.200195, 5.585351, 7930.503418>)
05:12:49.144 [VehicleCarKey] Player "Josh" (id=HAFduBzmpDN4tgqni6CFo0kwJ2aFYdhg5CPf66P8Zps= pos=<10668.956055, 10.322501, 10928.273438>) used the  ExpansionCarKey to unlock ToyotaHilux_kamo (id=89B750EE6F4FEB85200E4AB326F302BE pos=<10666.480469, 10.345361, 10927.358398>)
05:12:56.835 [VehicleEnter] Player Josh [uid=HAFduBzmpDN4tgqni6CFo0kwJ2aFYdhg5CPf66P8Zps=] entered vehicle ToyotaHilux Camo (id=89B750EE6F4FEB85200E4AB326F302BE pos=<10666.480469, 10.345374, 10927.357422>) as driver
05:12:58.544 [VehicleEngine] Player Josh [uid=HAFduBzmpDN4tgqni6CFo0kwJ2aFYdhg5CPf66P8Zps=] started vehicle ToyotaHilux Camo (id=89B750EE6F4FEB85200E4AB326F302BE pos=<10666.480469, 10.345425, 10927.358398>)
05:15:41.953 [VehicleLeave] Player Josh [uid=HAFduBzmpDN4tgqni6CFo0kwJ2aFYdhg5CPf66P8Zps=] left vehicle ToyotaHilux Camo (id=89B750EE6F4FEB85200E4AB326F302BE pos=<10201.548828, 5.796011, 11902.956055>)
05:15:45.298 [VehicleCarKey] Player "Josh" (id=HAFduBzmpDN4tgqni6CFo0kwJ2aFYdhg5CPf66P8Zps= pos=<10199.461914, 5.856376, 11903.479492>) used the  ExpansionCarKey to lock ToyotaHilux_kamo (id=89B750EE6F4FEB85200E4AB326F302BE pos=<10201.551758, 5.795989, 11902.955078>)
05:16:45.136 [VehicleCarKey] Player "brailsford40" (id=HQAtXFe6fZZL90M2CD_a22otF9NJ2s4t7n-ol5BAu6o= pos=<9290.405273, 5.445024, 7931.710449>) used the  ExpansionCarKey to unlock ToyotaHilux_rust (id=F73D616AD742289F4B3A90B298B7A715 pos=<9294.200195, 5.585351, 7930.503418>)
05:17:56.458 [VehicleCarKey] Player "Josh" (id=HAFduBzmpDN4tgqni6CFo0kwJ2aFYdhg5CPf66P8Zps= pos=<10204.081055, 5.593051, 11905.378906>) used the  ExpansionCarKey to unlock ToyotaHilux_kamo (id=89B750EE6F4FEB85200E4AB326F302BE pos=<10201.551758, 5.795989, 11902.955078>)
05:18:12.652 [VehicleCarKey] Player "Josh" (id=HAFduBzmpDN4tgqni6CFo0kwJ2aFYdhg5CPf66P8Zps= pos=<10204.081055, 5.593051, 11905.378906>) used the  ExpansionCarKey to lock ToyotaHilux_kamo (id=89B750EE6F4FEB85200E4AB326F302BE pos=<10201.551758, 5.795989, 11902.955078>)
05:18:58.380 [VehicleCarKey] Player "Josh" (id=HAFduBzmpDN4tgqni6CFo0kwJ2aFYdhg5CPf66P8Zps= pos=<10203.933594, 5.575331, 11905.871094>) used the  ExpansionCarKey to unlock ToyotaHilux_kamo (id=89B750EE6F4FEB85200E4AB326F302BE pos=<10201.551758, 5.795989, 11902.955078>)
05:19:09.650 [VehicleCarKey] Player "Josh" (id=HAFduBzmpDN4tgqni6CFo0kwJ2aFYdhg5CPf66P8Zps= pos=<10203.933594, 5.575331, 11905.871094>) used the  ExpansionCarKey to lock ToyotaHilux_kamo (id=89B750EE6F4FEB85200E4AB326F302BE pos=<10201.551758, 5.795989, 11902.955078>)
05:19:12.839 [Chat - Admin]("(ADMIN)BLUE"(id=OAdpPkJP2Ps_W7h2ttR1bK23ekHCzrxw0mDT3zqLMdU=)): DAY LIGHT WARNING!!!!
05:19:30.035 [VehicleCarKey] Player "brailsford40" (id=HQAtXFe6fZZL90M2CD_a22otF9NJ2s4t7n-ol5BAu6o= pos=<9290.785156, 5.461140, 7931.128418>) used the  ExpansionCarKey to lock ToyotaHilux_rust (id=F73D616AD742289F4B3A90B298B7A715 pos=<9294.200195, 5.585351, 7930.503418>)
05:19:34.804 [Chat - Global]("(ADMIN)BLUE"(id=OAdpPkJP2Ps_W7h2ttR1bK23ekHCzrxw0mDT3zqLMdU=)): DAYLIGHT WARNING!!
05:19:39.660 [Chat - Global]("Josh"(id=HAFduBzmpDN4tgqni6CFo0kwJ2aFYdhg5CPf66P8Zps=)): let there be light 
05:19:41.404 [VehicleDeleted] ToyotaHilux_rust (id=F73D616AD742289F4B3A90B298B7A715 pos=<9294.200195, 5.585351, 7930.503418>)
05:19:41.404 [VehicleCover] Player "brailsford40" (id=HQAtXFe6fZZL90M2CD_a22otF9NJ2s4t7n-ol5BAu6o= pos=<9290.475586, 5.447988, 7931.164551>) covered vehicle "ToyotaHilux_rust" (GlobalID=80000000800000008000000080013459 pos=<9294.200195, 5.585351, 7930.503418>)!
05:21:06.013 [VehicleEnter] Player brailsford40 [uid=HQAtXFe6fZZL90M2CD_a22otF9NJ2s4t7n-ol5BAu6o=] entered vehicle UH-1H (id=8B0BB1797949BE4F002BD1ABF54975A3 pos=<9241.055664, 11.875601, 7914.834473>) as pilot
05:21:08.236 [VehicleEnter] Player (ADMIN)BLUE [uid=OAdpPkJP2Ps_W7h2ttR1bK23ekHCzrxw0mDT3zqLMdU=] entered vehicle UH-1H (id=8B0BB1797949BE4F002BD1ABF54975A3 pos=<9241.057617, 11.875601, 7914.834473>) as passenger
05:21:13.664 [VehicleEngine] Player brailsford40 [uid=HQAtXFe6fZZL90M2CD_a22otF9NJ2s4t7n-ol5BAu6o=] started vehicle UH-1H (id=8B0BB1797949BE4F002BD1ABF54975A3 pos=<9241.057617, 11.875373, 7914.834473>)
05:29:37.724 [AI Patrol] Spawning 3 Camp Eagle Patrol bots at <8903.171875, 45.759998, 3852.363525>
05:31:59.859 [VehicleCarKey] Player "Josh" (id=HAFduBzmpDN4tgqni6CFo0kwJ2aFYdhg5CPf66P8Zps= pos=<10199.634766, 5.858478, 11903.312500>) used the  ExpansionCarKey to unlock ToyotaHilux_kamo (id=89B750EE6F4FEB85200E4AB326F302BE pos=<10201.551758, 5.795989, 11902.955078>)
05:32:04.193 [VehicleEnter] Player Josh [uid=HAFduBzmpDN4tgqni6CFo0kwJ2aFYdhg5CPf66P8Zps=] entered vehicle ToyotaHilux Camo (id=89B750EE6F4FEB85200E4AB326F302BE pos=<10201.549805, 5.796008, 11902.955078>) as driver
05:32:08.937 [VehicleEngine] Player Josh [uid=HAFduBzmpDN4tgqni6CFo0kwJ2aFYdhg5CPf66P8Zps=] started vehicle ToyotaHilux Camo (id=89B750EE6F4FEB85200E4AB326F302BE pos=<10201.552734, 5.795990, 11902.954102>)
05:32:09.884 [VehicleEngine] Player brailsford40 [uid=HQAtXFe6fZZL90M2CD_a22otF9NJ2s4t7n-ol5BAu6o=] stopped vehicle UH-1H (id=8B0BB1797949BE4F002BD1ABF54975A3 pos=<6975.131836, 67.810883, 3431.031494>)
05:32:16.580 [VehicleLeave] Player (ADMIN)BLUE [uid=OAdpPkJP2Ps_W7h2ttR1bK23ekHCzrxw0mDT3zqLMdU=] left vehicle UH-1H (id=8B0BB1797949BE4F002BD1ABF54975A3 pos=<6975.120605, 67.846924, 3430.976074>)
05:32:24.492 [VehicleLeave] Player brailsford40 [uid=HQAtXFe6fZZL90M2CD_a22otF9NJ2s4t7n-ol5BAu6o=] left vehicle UH-1H (id=8B0BB1797949BE4F002BD1ABF54975A3 pos=<6975.120605, 67.842110, 3430.912354>)
05:32:59.603 [VehicleEngine] Player Josh [uid=HAFduBzmpDN4tgqni6CFo0kwJ2aFYdhg5CPf66P8Zps=] stopped vehicle ToyotaHilux Camo (id=89B750EE6F4FEB85200E4AB326F302BE pos=<10027.595703, 9.636685, 12197.758789>)
05:34:12.503 [VehicleLeave] Player Josh [uid=HAFduBzmpDN4tgqni6CFo0kwJ2aFYdhg5CPf66P8Zps=] left vehicle ToyotaHilux Camo (id=89B750EE6F4FEB85200E4AB326F302BE pos=<10027.595703, 9.636688, 12197.759766>)
05:34:25.236 [VehicleCarKey] Player "Josh" (id=HAFduBzmpDN4tgqni6CFo0kwJ2aFYdhg5CPf66P8Zps= pos=<10027.513672, 9.706681, 12199.666016>) used the  ExpansionCarKey to lock ToyotaHilux_kamo (id=89B750EE6F4FEB85200E4AB326F302BE pos=<10027.595703, 9.636703, 12197.760742>)
05:46:23.183 [AI Patrol] Spawning 3 Prison Island Patrol bots at <5323.342773, 14.519117, 788.011414>
05:46:36.033 [VehicleCarKey] Player "brailsford40" (id=HQAtXFe6fZZL90M2CD_a22otF9NJ2s4t7n-ol5BAu6o= pos=<6976.669922, 67.254974, 3428.070557>) paired a  ExpansionCarKey to ExpansionUh1h_Green (id=8B0BB1797949BE4F002BD1ABF54975A3 pos=<6975.251953, 67.844986, 3431.162598>)
05:48:46.792 [VehicleCarKey] Player "brailsford40" (id=HQAtXFe6fZZL90M2CD_a22otF9NJ2s4t7n-ol5BAu6o= pos=<6977.829102, 67.437218, 3432.206055>) used the  ExpansionCarKey to lock ExpansionUh1h_Green (id=8B0BB1797949BE4F002BD1ABF54975A3 pos=<6975.225586, 67.845428, 3431.123047>)
05:49:32.429 [Chat - Global]("Josh"(id=HAFduBzmpDN4tgqni6CFo0kwJ2aFYdhg5CPf66P8Zps=)): hi
05:49:45.939 [Chat - Global]("Josh"(id=HAFduBzmpDN4tgqni6CFo0kwJ2aFYdhg5CPf66P8Zps=)): ok
05:49:57.158 [Chat - Global]("Josh"(id=HAFduBzmpDN4tgqni6CFo0kwJ2aFYdhg5CPf66P8Zps=)): well
05:50:29.695 [Chat - Global]("Josh"(id=HAFduBzmpDN4tgqni6CFo0kwJ2aFYdhg5CPf66P8Zps=)): i was flying it home from a pvp area and i was all of a sudden outside the heli at about 150m
05:50:41.292 [Chat - Global]("Josh"(id=HAFduBzmpDN4tgqni6CFo0kwJ2aFYdhg5CPf66P8Zps=)): i dies but the heli survived and i just sold it
05:50:48.972 [Chat - Global]("Josh"(id=HAFduBzmpDN4tgqni6CFo0kwJ2aFYdhg5CPf66P8Zps=)): gonna get a huey
05:51:13.312 [Chat - Global]("Josh"(id=HAFduBzmpDN4tgqni6CFo0kwJ2aFYdhg5CPf66P8Zps=)): im using my truck for rn cause i can hold so much stuff in it
05:51:31.701 [Party] Player "brailsford40" (id=HQAtXFe6fZZL90M2CD_a22otF9NJ2s4t7n-ol5BAu6o=) left the party "DIEHARD" (id=32 ownerUID=JmVdSu0kzNbOpwjpFV-MDcMB-Equ3yPY-l-COMb6HgY= ownerName=Nick Leadbeatter)
05:51:35.320 [Chat - Global]("Josh"(id=HAFduBzmpDN4tgqni6CFo0kwJ2aFYdhg5CPf66P8Zps=)): about 1000 rep away from max so im just killing stuff
05:52:35.542 [VehicleEnter] Player (ADMIN)BLUE [uid=OAdpPkJP2Ps_W7h2ttR1bK23ekHCzrxw0mDT3zqLMdU=] entered vehicle STR_Kart_name (id=BD71801659453219A89D3E97E9BCE386 pos=<10002.167969, 11.801382, 12231.208984>) as driver
05:52:41.896 [VehicleEnter] Player Josh [uid=HAFduBzmpDN4tgqni6CFo0kwJ2aFYdhg5CPf66P8Zps=] entered vehicle STR_Kart_name (id=F54197091B4D489F918A5FB229C1E0F0 pos=<9999.683594, 11.844903, 12230.785156>) as driver
05:52:48.945 [VehicleEngine] Player Josh [uid=HAFduBzmpDN4tgqni6CFo0kwJ2aFYdhg5CPf66P8Zps=] started vehicle STR_Kart_name (id=F54197091B4D489F918A5FB229C1E0F0 pos=<9999.683594, 11.844899, 12230.785156>)
05:53:06.746 [VehicleEngine] Player (ADMIN)BLUE [uid=OAdpPkJP2Ps_W7h2ttR1bK23ekHCzrxw0mDT3zqLMdU=] started vehicle STR_Kart_name (id=BD71801659453219A89D3E97E9BCE386 pos=<10002.169922, 11.801304, 12231.208984>)
05:54:38.324 [VehicleLeave] Player Josh [uid=HAFduBzmpDN4tgqni6CFo0kwJ2aFYdhg5CPf66P8Zps=] left vehicle STR_Kart_name (id=F54197091B4D489F918A5FB229C1E0F0 pos=<10091.028320, 22.034042, 10977.412109>)
05:55:04.021 [Chat - Global]("Josh"(id=HAFduBzmpDN4tgqni6CFo0kwJ2aFYdhg5CPf66P8Zps=)): lol you may have both of them
05:55:10.837 [VehicleEnter] Player Josh [uid=HAFduBzmpDN4tgqni6CFo0kwJ2aFYdhg5CPf66P8Zps=] entered vehicle STR_Kart_name (id=F54197091B4D489F918A5FB229C1E0F0 pos=<10086.433594, 21.725933, 10967.648438>) as driver
05:55:14.724 [VehicleEngine] Player Josh [uid=HAFduBzmpDN4tgqni6CFo0kwJ2aFYdhg5CPf66P8Zps=] started vehicle STR_Kart_name (id=F54197091B4D489F918A5FB229C1E0F0 pos=<10086.433594, 21.726139, 10967.646484>)
05:55:47.408 [Party] Player "brailsford40" (id=HQAtXFe6fZZL90M2CD_a22otF9NJ2s4t7n-ol5BAu6o=) joinded the party "DIEHARD" (id=32 ownerUID=JmVdSu0kzNbOpwjpFV-MDcMB-Equ3yPY-l-COMb6HgY= ownerName=Nick Leadbeatter)
05:56:15.917 [Chat - Global]("Josh"(id=HAFduBzmpDN4tgqni6CFo0kwJ2aFYdhg5CPf66P8Zps=)): oh got daym its slippery
05:58:50.333 [Chat - Global]("Josh"(id=HAFduBzmpDN4tgqni6CFo0kwJ2aFYdhg5CPf66P8Zps=)): max verstappen?
05:59:15.658 [Party] Player "brailsford40" (id=HQAtXFe6fZZL90M2CD_a22otF9NJ2s4t7n-ol5BAu6o=) left the party "DIEHARD" (id=32 ownerUID=JmVdSu0kzNbOpwjpFV-MDcMB-Equ3yPY-l-COMb6HgY= ownerName=Nick Leadbeatter)
