06:01:13.531 [AI Patrol] Spawning 3 Paris Island Patrol bots at <2931.257324, 21.997181, 4015.172852>
06:01:13.630 [AI Patrol] Spawning 3 Paris Island Patrol bots at <2920.065430, 22.450001, 3522.443115>
06:16:15.865 [MissionAirdrop] An airdrop is heading towards "Warren-Cove" (pos=<6924.000000, 0.000000, 5473.000000> type=Random_Warren-Cove) with a ExpansionAirdropContainer_Military
07:03:00.742 [Party] Player "TomInTheNorth" (id=qD1dO4Xthw_yK-reAyR_a51VmE_30ATNiMf9gwL8oGM=) joinded the party "DIEHARD" (id=32 ownerUID=JmVdSu0kzNbOpwjpFV-MDcMB-Equ3yPY-l-COMb6HgY= ownerName=Nick Leadbeatter)
07:04:45.814 [VehicleCover] Player "TomInTheNorth" (id=qD1dO4Xthw_yK-reAyR_a51VmE_30ATNiMf9gwL8oGM= pos=<7440.831543, 6.775848, 8437.365234>) uncovered vehicle "ToyotaHilux_rust" (GlobalID=8000000080000000800000008001344C pos=<7439.253906, 6.780684, 8436.812500>)!
07:05:16.242 [VehicleDeleted] ToyotaHilux_rust (id=A2BB7DD7D444D274572C11ADCA3C5D0F pos=<7439.256836, 6.780684, 8436.813477>)
07:05:16.244 [VehicleCover] Player "TomInTheNorth" (id=qD1dO4Xthw_yK-reAyR_a51VmE_30ATNiMf9gwL8oGM= pos=<7441.102539, 6.775848, 8437.211914>) covered vehicle "ToyotaHilux_rust" (GlobalID=8000000080000000800000008001344C pos=<7439.256836, 6.780684, 8436.813477>)!
07:05:49.984 [Killfeed] Mansbridge got killed by Paris Island Patrol with KA-74 from a distance of 54 m.
07:05:53.222 [VehicleCover] Player "TomInTheNorth" (id=qD1dO4Xthw_yK-reAyR_a51VmE_30ATNiMf9gwL8oGM= pos=<7440.874512, 6.775791, 8436.995117>) uncovered vehicle "ToyotaHilux_rust" (GlobalID=8000000080000000800000008001344C pos=<7439.256836, 6.780684, 8436.813477>)!
07:06:05.212 [AI Patrol] Spawning 3 Temple Patrol bots at <403.898956, 48.908298, 621.600952>
07:06:05.222 [AI Patrol] Spawning 3 Temple Patrol bots at <313.928589, 47.070000, 835.828735>
07:06:05.232 [AI Patrol] Spawning 3 Temple Patrol bots at <359.931305, 47.070000, 760.471619>
07:06:06.916 [VehicleEnter] Player TomInTheNorth [uid=qD1dO4Xthw_yK-reAyR_a51VmE_30ATNiMf9gwL8oGM=] entered vehicle ToyotaHilux rust (id=B10DC02AB34AF883AABDAA85F56D77FD pos=<7439.259766, 6.780678, 8436.814453>) as driver
07:06:11.597 [VehicleLeave] Player TomInTheNorth [uid=qD1dO4Xthw_yK-reAyR_a51VmE_30ATNiMf9gwL8oGM=] left vehicle ToyotaHilux rust (id=B10DC02AB34AF883AABDAA85F56D77FD pos=<7439.257324, 6.780663, 8436.814453>)
07:06:24.238 [VehicleDeleted] ToyotaHilux_rust (id=B10DC02AB34AF883AABDAA85F56D77FD pos=<7439.261230, 6.780684, 8436.814453>)
07:06:24.240 [VehicleCover] Player "TomInTheNorth" (id=qD1dO4Xthw_yK-reAyR_a51VmE_30ATNiMf9gwL8oGM= pos=<7441.133301, 6.775848, 8437.173828>) covered vehicle "ToyotaHilux_rust" (GlobalID=8000000080000000800000008001344C pos=<7439.261230, 6.780684, 8436.814453>)!
07:07:03.609 [VehicleCover] Player "TomInTheNorth" (id=qD1dO4Xthw_yK-reAyR_a51VmE_30ATNiMf9gwL8oGM= pos=<7441.073242, 6.775849, 8437.122070>) uncovered vehicle "ToyotaHilux_rust" (GlobalID=8000000080000000800000008001344C pos=<7439.261230, 6.780684, 8436.814453>)!
07:08:11.076 [VehicleDeleted] ToyotaHilux_rust (id=4114E6B3024B4CDB07076C8417F57E23 pos=<7439.264160, 6.780684, 8436.815430>)
07:08:11.078 [VehicleCover] Player "TomInTheNorth" (id=qD1dO4Xthw_yK-reAyR_a51VmE_30ATNiMf9gwL8oGM= pos=<7441.155762, 6.775791, 8436.800781>) covered vehicle "ToyotaHilux_rust" (GlobalID=8000000080000000800000008001344C pos=<7439.264160, 6.780684, 8436.815430>)!
07:09:15.750 [VehicleCover] Player "TomInTheNorth" (id=qD1dO4Xthw_yK-reAyR_a51VmE_30ATNiMf9gwL8oGM= pos=<7440.267090, 7.804401, 8428.633789>) uncovered vehicle "Expansion_Landrover_Red" (GlobalID=800000008000000080000000800127B1 pos=<7437.872070, 7.772902, 8429.558594>)!
07:09:29.431 [VehicleCarKey] Player "TomInTheNorth" (id=qD1dO4Xthw_yK-reAyR_a51VmE_30ATNiMf9gwL8oGM= pos=<7439.677734, 7.804379, 8429.236328>) used the  ExpansionCarKey to unlock Expansion_Landrover_Red (id=C167AD5B8448256B627976BEBACBAF7F pos=<7437.872070, 7.772899, 8429.556641>)
07:11:36.748 [VehicleEnter] Player TomInTheNorth [uid=qD1dO4Xthw_yK-reAyR_a51VmE_30ATNiMf9gwL8oGM=] entered vehicle Land Rover Defender (id=C167AD5B8448256B627976BEBACBAF7F pos=<7437.872070, 7.772900, 8429.556641>) as driver
07:11:40.769 [VehicleEngine] Player TomInTheNorth [uid=qD1dO4Xthw_yK-reAyR_a51VmE_30ATNiMf9gwL8oGM=] started vehicle Land Rover Defender (id=C167AD5B8448256B627976BEBACBAF7F pos=<7437.872070, 7.772902, 8429.556641>)
07:12:01.849 [VehicleLeave] Player TomInTheNorth [uid=qD1dO4Xthw_yK-reAyR_a51VmE_30ATNiMf9gwL8oGM=] left vehicle Land Rover Defender (id=C167AD5B8448256B627976BEBACBAF7F pos=<7440.729980, 6.618500, 8447.616211>)
07:12:11.890 [VehicleEnter] Player TomInTheNorth [uid=qD1dO4Xthw_yK-reAyR_a51VmE_30ATNiMf9gwL8oGM=] entered vehicle Land Rover Defender (id=C167AD5B8448256B627976BEBACBAF7F pos=<7440.729492, 6.618498, 8447.616211>) as driver
07:13:52.623 [AI Patrol] Spawning 1 Shamans bots at <5684.888184, 10.707634, 9103.897461>
07:15:10.228 [AI Patrol] Spawning 3 Power Plant Patrol bots at <4778.171387, 19.617710, 7001.562012>
07:19:14.392 [Safezone] Player "TomInTheNorth" (id=qD1dO4Xthw_yK-reAyR_a51VmE_30ATNiMf9gwL8oGM= pos=<5672.964844, 33.341457, 5262.237793>) Entered the safezone
07:21:03.833 [VehicleEngine] Player TomInTheNorth [uid=qD1dO4Xthw_yK-reAyR_a51VmE_30ATNiMf9gwL8oGM=] stopped vehicle Land Rover Defender (id=C167AD5B8448256B627976BEBACBAF7F pos=<5622.613281, 28.678499, 5407.866211>)
07:21:09.208 [VehicleLeave] Player TomInTheNorth [uid=qD1dO4Xthw_yK-reAyR_a51VmE_30ATNiMf9gwL8oGM=] left vehicle Land Rover Defender (id=C167AD5B8448256B627976BEBACBAF7F pos=<5622.613281, 28.678501, 5407.866211>)
07:21:14.121 [VehicleCarKey] Player "TomInTheNorth" (id=qD1dO4Xthw_yK-reAyR_a51VmE_30ATNiMf9gwL8oGM= pos=<5623.134277, 28.722498, 5406.586426>) used the  ExpansionCarKey to lock Expansion_Landrover_Red (id=C167AD5B8448256B627976BEBACBAF7F pos=<5622.613281, 28.678497, 5407.866699>)
07:21:17.449 [Safezone] Player "Nick Leadbeatter" (id=JmVdSu0kzNbOpwjpFV-MDcMB-Equ3yPY-l-COMb6HgY= pos=<5636.689941, 32.023209, 5397.279785>) Entered the safezone
07:21:17.449 [Party] Player "Nick Leadbeatter" (id=JmVdSu0kzNbOpwjpFV-MDcMB-Equ3yPY-l-COMb6HgY=) joinded the party "DIEHARD" (id=32 ownerUID=JmVdSu0kzNbOpwjpFV-MDcMB-Equ3yPY-l-COMb6HgY= ownerName=Nick Leadbeatter)
07:22:47.144 [ATM] Player "TomInTheNorth" (id=qD1dO4Xthw_yK-reAyR_a51VmE_30ATNiMf9gwL8oGM=) has withdrawn 22000 from the party "DIEHARD" (partyid=32 | ownerid=JmVdSu0kzNbOpwjpFV-MDcMB-Equ3yPY-l-COMb6HgY=) ATM account.
07:22:48.332 [ATM] Player "TomInTheNorth" (id=qD1dO4Xthw_yK-reAyR_a51VmE_30ATNiMf9gwL8oGM=) has withdrawn 22000 from his ATM account.
07:23:25.298 [Market] Player "TomInTheNorth" (id=qD1dO4Xthw_yK-reAyR_a51VmE_30ATNiMf9gwL8oGM=) has send a requested to purchase mvs_combat_vest_black_camo2 x1 from the trader "Clothing_Accessories (Elias [CLOTHING & ACCESSORIES])" in market zone "The Holler" (pos=<5632.000000, 32.000000, 5392.000000>).
07:23:25.476 [Market] Player "TomInTheNorth" (id=qD1dO4Xthw_yK-reAyR_a51VmE_30ATNiMf9gwL8oGM=) has bought mvs_combat_vest_black_camo2 x1 from the trader "Clothing_Accessories (Elias [CLOTHING & ACCESSORIES])" in market zone "The Holler" (pos=<5632.000000, 32.000000, 5392.000000>) for a price of 22000.
07:25:01.683 [ATM] Player "TomInTheNorth" (id=qD1dO4Xthw_yK-reAyR_a51VmE_30ATNiMf9gwL8oGM=) has withdrawn 2400 from the party "DIEHARD" (partyid=32 | ownerid=JmVdSu0kzNbOpwjpFV-MDcMB-Equ3yPY-l-COMb6HgY=) ATM account.
07:25:02.476 [ATM] Player "TomInTheNorth" (id=qD1dO4Xthw_yK-reAyR_a51VmE_30ATNiMf9gwL8oGM=) has withdrawn 2400 from his ATM account.
07:25:32.759 [Market] Player "Nick Leadbeatter" (id=JmVdSu0kzNbOpwjpFV-MDcMB-Equ3yPY-l-COMb6HgY=) has send a requested to purchase doc_stanag69_crushedfoil x2 from the trader "Weapons (Oliver [WEAPONS])" in market zone "The Holler" (pos=<5632.000000, 32.000000, 5392.000000>).
07:25:32.947 [Market] Player "Nick Leadbeatter" (id=JmVdSu0kzNbOpwjpFV-MDcMB-Equ3yPY-l-COMb6HgY=) has bought doc_stanag69_crushedfoil x2 from the trader "Weapons (Oliver [WEAPONS])" in market zone "The Holler" (pos=<5632.000000, 32.000000, 5392.000000>) for a price of 3976.
07:26:25.679 [Market] Player "TomInTheNorth" (id=qD1dO4Xthw_yK-reAyR_a51VmE_30ATNiMf9gwL8oGM=) has send a requested to purchase mvs_admin_pouch_black_camo x1 from the trader "Clothing_Accessories (Elias [CLOTHING & ACCESSORIES])" in market zone "The Holler" (pos=<5632.000000, 32.000000, 5392.000000>).
07:26:25.841 [Market] Player "TomInTheNorth" (id=qD1dO4Xthw_yK-reAyR_a51VmE_30ATNiMf9gwL8oGM=) has bought mvs_admin_pouch_black_camo x1 from the trader "Clothing_Accessories (Elias [CLOTHING & ACCESSORIES])" in market zone "The Holler" (pos=<5632.000000, 32.000000, 5392.000000>) for a price of 600.
07:27:36.949 [Market] Player "TomInTheNorth" (id=qD1dO4Xthw_yK-reAyR_a51VmE_30ATNiMf9gwL8oGM=) has send a requested to purchase mvs_magazine_pouch_black_camo x1 from the trader "Clothing_Accessories (Elias [CLOTHING & ACCESSORIES])" in market zone "The Holler" (pos=<5632.000000, 32.000000, 5392.000000>).
07:27:37.130 [Market] Player "TomInTheNorth" (id=qD1dO4Xthw_yK-reAyR_a51VmE_30ATNiMf9gwL8oGM=) has bought mvs_magazine_pouch_black_camo x1 from the trader "Clothing_Accessories (Elias [CLOTHING & ACCESSORIES])" in market zone "The Holler" (pos=<5632.000000, 32.000000, 5392.000000>) for a price of 600.
07:29:16.427 [Market] Player "TomInTheNorth" (id=qD1dO4Xthw_yK-reAyR_a51VmE_30ATNiMf9gwL8oGM=) has send a requested to purchase mvs_admin_pouch_black_camo x1 from the trader "Clothing_Accessories (Elias [CLOTHING & ACCESSORIES])" in market zone "The Holler" (pos=<5632.000000, 32.000000, 5392.000000>).
07:29:16.601 [Market] Player "TomInTheNorth" (id=qD1dO4Xthw_yK-reAyR_a51VmE_30ATNiMf9gwL8oGM=) has bought mvs_admin_pouch_black_camo x1 from the trader "Clothing_Accessories (Elias [CLOTHING & ACCESSORIES])" in market zone "The Holler" (pos=<5632.000000, 32.000000, 5392.000000>) for a price of 600.
07:29:17.296 [Market] Player "TomInTheNorth" (id=qD1dO4Xthw_yK-reAyR_a51VmE_30ATNiMf9gwL8oGM=) has send a requested to purchase mvs_admin_pouch_black_camo x1 from the trader "Clothing_Accessories (Elias [CLOTHING & ACCESSORIES])" in market zone "The Holler" (pos=<5632.000000, 32.000000, 5392.000000>).
07:29:17.455 [Market] Player "TomInTheNorth" (id=qD1dO4Xthw_yK-reAyR_a51VmE_30ATNiMf9gwL8oGM=) has bought mvs_admin_pouch_black_camo x1 from the trader "Clothing_Accessories (Elias [CLOTHING & ACCESSORIES])" in market zone "The Holler" (pos=<5632.000000, 32.000000, 5392.000000>) for a price of 600.
07:29:22.576 [Market] Player "Nick Leadbeatter" (id=JmVdSu0kzNbOpwjpFV-MDcMB-Equ3yPY-l-COMb6HgY=) has send a requested to purchase ammo_556x45 x250 from the trader "WeaponAccessories (Rolf [WEAPON ACCESSORIES])" in market zone "The Holler" (pos=<5632.000000, 32.000000, 5392.000000>).
07:29:22.767 [Market] Player "Nick Leadbeatter" (id=JmVdSu0kzNbOpwjpFV-MDcMB-Equ3yPY-l-COMb6HgY=) has bought ammo_556x45 x250 from the trader "WeaponAccessories (Rolf [WEAPON ACCESSORIES])" in market zone "The Holler" (pos=<5632.000000, 32.000000, 5392.000000>) for a price of 500.
07:30:39.162 [Market] Player "TomInTheNorth" (id=qD1dO4Xthw_yK-reAyR_a51VmE_30ATNiMf9gwL8oGM=) has send a requested to sell mvs_magazine_pouch_black_camo x1 at the trader "Clothing_Accessories (Elias [CLOTHING & ACCESSORIES])" in market zone "The Holler" (pos=<5632.000000, 32.000000, 5392.000000>).
07:30:39.324 [Market] Player "TomInTheNorth" (id=qD1dO4Xthw_yK-reAyR_a51VmE_30ATNiMf9gwL8oGM=) has sold mvs_magazine_pouch_black_camo x1 at the trader "Clothing_Accessories (Elias [CLOTHING & ACCESSORIES])" in market zone "The Holler" (pos=<5632.000000, 32.000000, 5392.000000>) and got 450.
07:30:43.324 [Market] Player "TomInTheNorth" (id=qD1dO4Xthw_yK-reAyR_a51VmE_30ATNiMf9gwL8oGM=) has send a requested to sell mvs_admin_pouch_black_camo x1 at the trader "Clothing_Accessories (Elias [CLOTHING & ACCESSORIES])" in market zone "The Holler" (pos=<5632.000000, 32.000000, 5392.000000>).
07:30:43.492 [Market] Player "TomInTheNorth" (id=qD1dO4Xthw_yK-reAyR_a51VmE_30ATNiMf9gwL8oGM=) has sold mvs_admin_pouch_black_camo x1 at the trader "Clothing_Accessories (Elias [CLOTHING & ACCESSORIES])" in market zone "The Holler" (pos=<5632.000000, 32.000000, 5392.000000>) and got 450.
07:30:56.609 [Market] Player "TomInTheNorth" (id=qD1dO4Xthw_yK-reAyR_a51VmE_30ATNiMf9gwL8oGM=) has send a requested to sell mvs_admin_pouch_black_camo x1 at the trader "Clothing_Accessories (Elias [CLOTHING & ACCESSORIES])" in market zone "The Holler" (pos=<5632.000000, 32.000000, 5392.000000>).
07:30:56.785 [Market] Player "TomInTheNorth" (id=qD1dO4Xthw_yK-reAyR_a51VmE_30ATNiMf9gwL8oGM=) has sold mvs_admin_pouch_black_camo x1 at the trader "Clothing_Accessories (Elias [CLOTHING & ACCESSORIES])" in market zone "The Holler" (pos=<5632.000000, 32.000000, 5392.000000>) and got 450.
07:31:12.134 [Market] Player "TomInTheNorth" (id=qD1dO4Xthw_yK-reAyR_a51VmE_30ATNiMf9gwL8oGM=) has send a requested to purchase mvs_magazine_pouch_black_camo x1 from the trader "Clothing_Accessories (Elias [CLOTHING & ACCESSORIES])" in market zone "The Holler" (pos=<5632.000000, 32.000000, 5392.000000>).
07:31:12.281 [Market] Player "TomInTheNorth" (id=qD1dO4Xthw_yK-reAyR_a51VmE_30ATNiMf9gwL8oGM=) has bought mvs_magazine_pouch_black_camo x1 from the trader "Clothing_Accessories (Elias [CLOTHING & ACCESSORIES])" in market zone "The Holler" (pos=<5632.000000, 32.000000, 5392.000000>) for a price of 600.
07:31:47.013 [Market] Player "TomInTheNorth" (id=qD1dO4Xthw_yK-reAyR_a51VmE_30ATNiMf9gwL8oGM=) has send a requested to purchase mvs_utility_pouch_black_camo x1 from the trader "Clothing_Accessories (Elias [CLOTHING & ACCESSORIES])" in market zone "The Holler" (pos=<5632.000000, 32.000000, 5392.000000>).
07:31:47.185 [Market] Player "TomInTheNorth" (id=qD1dO4Xthw_yK-reAyR_a51VmE_30ATNiMf9gwL8oGM=) has bought mvs_utility_pouch_black_camo x1 from the trader "Clothing_Accessories (Elias [CLOTHING & ACCESSORIES])" in market zone "The Holler" (pos=<5632.000000, 32.000000, 5392.000000>) for a price of 600.
07:32:20.935 [ATM] Player "TomInTheNorth" (id=qD1dO4Xthw_yK-reAyR_a51VmE_30ATNiMf9gwL8oGM=) has withdrawn 450 from the party "DIEHARD" (partyid=32 | ownerid=JmVdSu0kzNbOpwjpFV-MDcMB-Equ3yPY-l-COMb6HgY=) ATM account.
07:32:21.984 [ATM] Player "TomInTheNorth" (id=qD1dO4Xthw_yK-reAyR_a51VmE_30ATNiMf9gwL8oGM=) has withdrawn 450 from his ATM account.
07:32:37.267 [Market] Player "TomInTheNorth" (id=qD1dO4Xthw_yK-reAyR_a51VmE_30ATNiMf9gwL8oGM=) has send a requested to purchase mvs_medical_pouch_orange_camo_bunker x1 from the trader "Clothing_Accessories (Elias [CLOTHING & ACCESSORIES])" in market zone "The Holler" (pos=<5632.000000, 32.000000, 5392.000000>).
07:32:37.429 [Market] Player "TomInTheNorth" (id=qD1dO4Xthw_yK-reAyR_a51VmE_30ATNiMf9gwL8oGM=) has bought mvs_medical_pouch_orange_camo_bunker x1 from the trader "Clothing_Accessories (Elias [CLOTHING & ACCESSORIES])" in market zone "The Holler" (pos=<5632.000000, 32.000000, 5392.000000>) for a price of 600.
07:32:58.281 [VehicleCarKey] Player "TomInTheNorth" (id=qD1dO4Xthw_yK-reAyR_a51VmE_30ATNiMf9gwL8oGM= pos=<5624.053223, 28.722498, 5406.267090>) used the  ExpansionCarKey to unlock Expansion_Landrover_Red (id=C167AD5B8448256B627976BEBACBAF7F pos=<5622.613281, 28.678497, 5407.866699>)
07:33:15.906 [VehicleEnter] Player TomInTheNorth [uid=qD1dO4Xthw_yK-reAyR_a51VmE_30ATNiMf9gwL8oGM=] entered vehicle Land Rover Defender (id=C167AD5B8448256B627976BEBACBAF7F pos=<5622.613770, 28.678499, 5407.866211>) as driver
07:33:39.957 [VehicleEnter] Player Nick Leadbeatter [uid=JmVdSu0kzNbOpwjpFV-MDcMB-Equ3yPY-l-COMb6HgY=] entered vehicle Land Rover Defender (id=C167AD5B8448256B627976BEBACBAF7F pos=<5622.613770, 28.678505, 5407.866211>) as passenger
07:34:27.625 [VehicleEngine] Player TomInTheNorth [uid=qD1dO4Xthw_yK-reAyR_a51VmE_30ATNiMf9gwL8oGM=] started vehicle Land Rover Defender (id=C167AD5B8448256B627976BEBACBAF7F pos=<5622.613281, 28.678501, 5407.866699>)
07:35:57.847 [Safezone] Player "Nick Leadbeatter" (id=JmVdSu0kzNbOpwjpFV-MDcMB-Equ3yPY-l-COMb6HgY= pos=<5761.963867, 25.116667, 5201.867676>) Left the safezone
07:35:57.867 [Safezone] Player "TomInTheNorth" (id=qD1dO4Xthw_yK-reAyR_a51VmE_30ATNiMf9gwL8oGM= pos=<5761.865234, 25.131283, 5202.703125>) Left the safezone
07:43:42.710 [VehicleEngine] Player TomInTheNorth [uid=qD1dO4Xthw_yK-reAyR_a51VmE_30ATNiMf9gwL8oGM=] stopped vehicle Land Rover Defender (id=C167AD5B8448256B627976BEBACBAF7F pos=<5750.051270, 108.041702, 2455.021484>)
07:43:46.425 [VehicleLeave] Player Nick Leadbeatter [uid=JmVdSu0kzNbOpwjpFV-MDcMB-Equ3yPY-l-COMb6HgY=] left vehicle Land Rover Defender (id=C167AD5B8448256B627976BEBACBAF7F pos=<5750.051270, 108.041710, 2455.021484>)
07:43:51.121 [VehicleLeave] Player TomInTheNorth [uid=qD1dO4Xthw_yK-reAyR_a51VmE_30ATNiMf9gwL8oGM=] left vehicle Land Rover Defender (id=C167AD5B8448256B627976BEBACBAF7F pos=<5750.051270, 108.041710, 2455.021484>)
07:43:56.791 [VehicleCarKey] Player "TomInTheNorth" (id=qD1dO4Xthw_yK-reAyR_a51VmE_30ATNiMf9gwL8oGM= pos=<5751.078125, 108.095924, 2456.145508>) used the  ExpansionCarKey to lock Expansion_Landrover_Red (id=C167AD5B8448256B627976BEBACBAF7F pos=<5750.051270, 108.041710, 2455.021729>)
07:53:44.308 [VehicleCarKey] Player "TomInTheNorth" (id=qD1dO4Xthw_yK-reAyR_a51VmE_30ATNiMf9gwL8oGM= pos=<5748.658203, 108.075798, 2453.873535>) used the  ExpansionCarKey to unlock Expansion_Landrover_Red (id=C167AD5B8448256B627976BEBACBAF7F pos=<5750.051270, 108.041710, 2455.021729>)
07:53:51.105 [VehicleEnter] Player Nick Leadbeatter [uid=JmVdSu0kzNbOpwjpFV-MDcMB-Equ3yPY-l-COMb6HgY=] entered vehicle Land Rover Defender (id=C167AD5B8448256B627976BEBACBAF7F pos=<5750.051270, 108.041710, 2455.021729>) as passenger
07:53:55.179 [VehicleEnter] Player TomInTheNorth [uid=qD1dO4Xthw_yK-reAyR_a51VmE_30ATNiMf9gwL8oGM=] entered vehicle Land Rover Defender (id=C167AD5B8448256B627976BEBACBAF7F pos=<5750.051270, 108.041702, 2455.021729>) as driver
07:54:38.207 [VehicleEngine] Player TomInTheNorth [uid=qD1dO4Xthw_yK-reAyR_a51VmE_30ATNiMf9gwL8oGM=] started vehicle Land Rover Defender (id=C167AD5B8448256B627976BEBACBAF7F pos=<5750.050781, 108.041702, 2455.021240>)
07:57:20.234 [AI Patrol] Spawning 3 Prison Island Patrol bots at <5402.835938, 34.840000, 684.959839>
07:58:19.125 [VehicleLeave] Player TomInTheNorth [uid=qD1dO4Xthw_yK-reAyR_a51VmE_30ATNiMf9gwL8oGM=] left vehicle Land Rover Defender (id=C167AD5B8448256B627976BEBACBAF7F pos=<5698.101563, 14.889624, 1157.941162>)
07:58:21.009 [VehicleLeave] Player Nick Leadbeatter [uid=JmVdSu0kzNbOpwjpFV-MDcMB-Equ3yPY-l-COMb6HgY=] left vehicle Land Rover Defender (id=C167AD5B8448256B627976BEBACBAF7F pos=<5698.102051, 14.889681, 1157.940430>)
08:13:22.769 [Safezone] Player "tearsofdawn1066" (id=Sltx5zKJy7sVbO2kN3XTpRthB0wkULqErUtRpY6M_7o= pos=<5682.549805, 32.655491, 5264.702637>) Entered the safezone
08:13:22.771 [Party] Player "tearsofdawn1066" (id=Sltx5zKJy7sVbO2kN3XTpRthB0wkULqErUtRpY6M_7o=) joinded the party "DIEHARD" (id=32 ownerUID=JmVdSu0kzNbOpwjpFV-MDcMB-Equ3yPY-l-COMb6HgY= ownerName=Nick Leadbeatter)
08:14:32.785 [Safezone] Player "tearsofdawn1066" (id=Sltx5zKJy7sVbO2kN3XTpRthB0wkULqErUtRpY6M_7o= pos=<5677.364746, 32.812721, 5250.893555>) Left the safezone
08:14:37.507 [VehicleCarKey] Player "tearsofdawn1066" (id=Sltx5zKJy7sVbO2kN3XTpRthB0wkULqErUtRpY6M_7o= pos=<5677.877441, 32.804245, 5250.853027>) used the  ExpansionCarKey to unlock ToyotaHilux_rust (id=CBE0690A7B4058AB14C694BA56872AB0 pos=<5675.940430, 32.836361, 5251.229004>)
08:14:44.830 [VehicleEnter] Player tearsofdawn1066 [uid=Sltx5zKJy7sVbO2kN3XTpRthB0wkULqErUtRpY6M_7o=] entered vehicle ToyotaHilux rust (id=CBE0690A7B4058AB14C694BA56872AB0 pos=<5675.937988, 32.836433, 5251.229492>) as driver
08:15:48.412 [VehicleEngine] Player tearsofdawn1066 [uid=Sltx5zKJy7sVbO2kN3XTpRthB0wkULqErUtRpY6M_7o=] started vehicle ToyotaHilux rust (id=CBE0690A7B4058AB14C694BA56872AB0 pos=<5675.937988, 32.836418, 5251.230469>)
08:16:12.050 [VehicleEnter] Player Nick Leadbeatter [uid=JmVdSu0kzNbOpwjpFV-MDcMB-Equ3yPY-l-COMb6HgY=] entered vehicle Land Rover Defender (id=C167AD5B8448256B627976BEBACBAF7F pos=<5698.102051, 14.889683, 1157.940430>) as driver
08:16:15.902 [VehicleLeave] Player Nick Leadbeatter [uid=JmVdSu0kzNbOpwjpFV-MDcMB-Equ3yPY-l-COMb6HgY=] left vehicle Land Rover Defender (id=C167AD5B8448256B627976BEBACBAF7F pos=<5698.102051, 14.889680, 1157.940430>)
08:17:07.265 [VehicleEnter] Player TomInTheNorth [uid=qD1dO4Xthw_yK-reAyR_a51VmE_30ATNiMf9gwL8oGM=] entered vehicle Land Rover Defender (id=C167AD5B8448256B627976BEBACBAF7F pos=<5698.101563, 14.889618, 1157.941040>) as driver
08:17:10.601 [VehicleLeave] Player TomInTheNorth [uid=qD1dO4Xthw_yK-reAyR_a51VmE_30ATNiMf9gwL8oGM=] left vehicle Land Rover Defender (id=C167AD5B8448256B627976BEBACBAF7F pos=<5698.102051, 14.889647, 1157.940552>)
08:17:12.207 [VehicleEnter] Player Nick Leadbeatter [uid=JmVdSu0kzNbOpwjpFV-MDcMB-Equ3yPY-l-COMb6HgY=] entered vehicle Land Rover Defender (id=C167AD5B8448256B627976BEBACBAF7F pos=<5698.101563, 14.889594, 1157.941284>) as passenger
08:17:14.107 [VehicleEnter] Player TomInTheNorth [uid=qD1dO4Xthw_yK-reAyR_a51VmE_30ATNiMf9gwL8oGM=] entered vehicle Land Rover Defender (id=C167AD5B8448256B627976BEBACBAF7F pos=<5698.101563, 14.889587, 1157.941406>) as driver
08:17:15.050 [VehicleLeave] Player Nick Leadbeatter [uid=JmVdSu0kzNbOpwjpFV-MDcMB-Equ3yPY-l-COMb6HgY=] left vehicle Land Rover Defender (id=C167AD5B8448256B627976BEBACBAF7F pos=<5698.101563, 14.889606, 1157.941406>)
08:17:44.355 [VehicleEnter] Player Nick Leadbeatter [uid=JmVdSu0kzNbOpwjpFV-MDcMB-Equ3yPY-l-COMb6HgY=] entered vehicle Land Rover Defender (id=C167AD5B8448256B627976BEBACBAF7F pos=<5698.101563, 14.889569, 1157.941772>) as passenger
08:18:24.230 [VehicleEngine] Player TomInTheNorth [uid=qD1dO4Xthw_yK-reAyR_a51VmE_30ATNiMf9gwL8oGM=] started vehicle Land Rover Defender (id=C167AD5B8448256B627976BEBACBAF7F pos=<5698.101563, 14.889603, 1157.941406>)
08:21:18.187 [AI Patrol] Spawning 3 Shamans bots at <3829.108643, 6.648642, 3041.023682>
08:21:34.156 [VehicleEngine] Player tearsofdawn1066 [uid=Sltx5zKJy7sVbO2kN3XTpRthB0wkULqErUtRpY6M_7o=] stopped vehicle ToyotaHilux rust (id=CBE0690A7B4058AB14C694BA56872AB0 pos=<5679.037598, 32.529949, 5257.759766>)
08:21:42.763 [VehicleEngine] Player tearsofdawn1066 [uid=Sltx5zKJy7sVbO2kN3XTpRthB0wkULqErUtRpY6M_7o=] started vehicle ToyotaHilux rust (id=CBE0690A7B4058AB14C694BA56872AB0 pos=<5679.036133, 32.529976, 5257.757813>)
08:21:57.998 [VehicleEngine] Player tearsofdawn1066 [uid=Sltx5zKJy7sVbO2kN3XTpRthB0wkULqErUtRpY6M_7o=] stopped vehicle ToyotaHilux rust (id=CBE0690A7B4058AB14C694BA56872AB0 pos=<5680.481445, 33.040115, 5245.323242>)
08:24:06.863 [VehicleLeave] Player tearsofdawn1066 [uid=Sltx5zKJy7sVbO2kN3XTpRthB0wkULqErUtRpY6M_7o=] left vehicle ToyotaHilux rust (id=CBE0690A7B4058AB14C694BA56872AB0 pos=<5680.480469, 33.040028, 5245.324707>)
08:25:06.136 [VehicleEnter] Player tearsofdawn1066 [uid=Sltx5zKJy7sVbO2kN3XTpRthB0wkULqErUtRpY6M_7o=] entered vehicle ToyotaHilux rust (id=CBE0690A7B4058AB14C694BA56872AB0 pos=<5680.481934, 33.040085, 5245.322754>) as driver
08:25:07.738 [VehicleEngine] Player tearsofdawn1066 [uid=Sltx5zKJy7sVbO2kN3XTpRthB0wkULqErUtRpY6M_7o=] started vehicle ToyotaHilux rust (id=CBE0690A7B4058AB14C694BA56872AB0 pos=<5680.481934, 33.040066, 5245.322754>)
08:25:30.853 [VehicleEngine] Player TomInTheNorth [uid=qD1dO4Xthw_yK-reAyR_a51VmE_30ATNiMf9gwL8oGM=] stopped vehicle Land Rover Defender (id=C167AD5B8448256B627976BEBACBAF7F pos=<5662.552734, 32.924580, 5254.073242>)
08:25:36.285 [VehicleLeave] Player TomInTheNorth [uid=qD1dO4Xthw_yK-reAyR_a51VmE_30ATNiMf9gwL8oGM=] left vehicle Land Rover Defender (id=C167AD5B8448256B627976BEBACBAF7F pos=<5662.552734, 32.924534, 5254.073242>)
08:25:40.187 [VehicleLeave] Player Nick Leadbeatter [uid=JmVdSu0kzNbOpwjpFV-MDcMB-Equ3yPY-l-COMb6HgY=] left vehicle Land Rover Defender (id=C167AD5B8448256B627976BEBACBAF7F pos=<5662.552734, 32.924572, 5254.073242>)
08:25:51.634 [VehicleEngine] Player tearsofdawn1066 [uid=Sltx5zKJy7sVbO2kN3XTpRthB0wkULqErUtRpY6M_7o=] stopped vehicle ToyotaHilux rust (id=CBE0690A7B4058AB14C694BA56872AB0 pos=<5685.240723, 32.653038, 5259.054199>)
08:26:13.400 [VehicleLeave] Player tearsofdawn1066 [uid=Sltx5zKJy7sVbO2kN3XTpRthB0wkULqErUtRpY6M_7o=] left vehicle ToyotaHilux rust (id=CBE0690A7B4058AB14C694BA56872AB0 pos=<5685.239746, 32.653023, 5259.055176>)
08:27:36.062 [Safezone] Player "Nick Leadbeatter" (id=JmVdSu0kzNbOpwjpFV-MDcMB-Equ3yPY-l-COMb6HgY= pos=<5678.149902, 32.506432, 5265.382813>) Entered the safezone
08:27:38.884 [Safezone] Player "tearsofdawn1066" (id=Sltx5zKJy7sVbO2kN3XTpRthB0wkULqErUtRpY6M_7o= pos=<5683.104980, 32.681438, 5264.818359>) Entered the safezone
08:27:50.816 [Safezone] Player "tearsofdawn1066" (id=Sltx5zKJy7sVbO2kN3XTpRthB0wkULqErUtRpY6M_7o= pos=<5681.403809, 32.567722, 5260.886230>) Left the safezone
08:27:52.451 [Safezone] Player "tearsofdawn1066" (id=Sltx5zKJy7sVbO2kN3XTpRthB0wkULqErUtRpY6M_7o= pos=<5685.361328, 32.787628, 5265.444336>) Entered the safezone
08:27:56.515 [VehicleCover] Player "Nick Leadbeatter" (id=JmVdSu0kzNbOpwjpFV-MDcMB-Equ3yPY-l-COMb6HgY= pos=<5683.584961, 34.253971, 5266.547363>) uncovered vehicle "ToyotaHilux_rust" (GlobalID=80000000800000008000000080013459 pos=<5684.237793, 32.832108, 5267.751465>)!
08:28:17.328 [VehicleCarKey] Player "TomInTheNorth" (id=qD1dO4Xthw_yK-reAyR_a51VmE_30ATNiMf9gwL8oGM= pos=<5661.855469, 33.106312, 5252.657227>) used the  ExpansionCarKey to lock Expansion_Landrover_Red (id=C167AD5B8448256B627976BEBACBAF7F pos=<5662.552734, 32.924572, 5254.073242>)
08:28:20.781 [VehicleCarKey] Player "Nick Leadbeatter" (id=JmVdSu0kzNbOpwjpFV-MDcMB-Equ3yPY-l-COMb6HgY= pos=<5685.535645, 32.835075, 5266.652832>) used the  ExpansionCarKey to unlock ToyotaHilux_rust (id=054EED5D1F4CE6D72336C4B0E6CDB044 pos=<5684.237793, 32.831985, 5267.748535>)
08:28:24.855 [Safezone] Player "tearsofdawn1066" (id=Sltx5zKJy7sVbO2kN3XTpRthB0wkULqErUtRpY6M_7o= pos=<5682.448242, 32.590672, 5258.055176>) Left the safezone
08:28:28.976 [VehicleDeleted] Expansion_Landrover_Red (id=C167AD5B8448256B627976BEBACBAF7F pos=<5662.552734, 32.924572, 5254.073242>)
08:28:28.978 [VehicleCover] Player "TomInTheNorth" (id=qD1dO4Xthw_yK-reAyR_a51VmE_30ATNiMf9gwL8oGM= pos=<5661.790039, 33.118977, 5252.499512>) covered vehicle "Expansion_Landrover_Red" (GlobalID=800000008000000080000000800127B1 pos=<5662.552734, 32.924572, 5254.073242>)!
08:28:31.992 [VehicleEnter] Player Nick Leadbeatter [uid=JmVdSu0kzNbOpwjpFV-MDcMB-Equ3yPY-l-COMb6HgY=] entered vehicle ToyotaHilux rust (id=054EED5D1F4CE6D72336C4B0E6CDB044 pos=<5684.240723, 32.832096, 5267.748535>) as driver
08:28:39.296 [Party] Player "tearsofdawn1066" (id=Sltx5zKJy7sVbO2kN3XTpRthB0wkULqErUtRpY6M_7o=) left the party "DIEHARD" (id=32 ownerUID=JmVdSu0kzNbOpwjpFV-MDcMB-Equ3yPY-l-COMb6HgY= ownerName=Nick Leadbeatter)
08:28:40.035 [VehicleEngine] Player Nick Leadbeatter [uid=JmVdSu0kzNbOpwjpFV-MDcMB-Equ3yPY-l-COMb6HgY=] started vehicle ToyotaHilux rust (id=054EED5D1F4CE6D72336C4B0E6CDB044 pos=<5684.240234, 32.832096, 5267.748535>)
08:29:00.113 [Party] Player "TomInTheNorth" (id=qD1dO4Xthw_yK-reAyR_a51VmE_30ATNiMf9gwL8oGM=) left the party "DIEHARD" (id=32 ownerUID=JmVdSu0kzNbOpwjpFV-MDcMB-Equ3yPY-l-COMb6HgY= ownerName=Nick Leadbeatter)
08:29:19.136 [Safezone] Player "Nick Leadbeatter" (id=JmVdSu0kzNbOpwjpFV-MDcMB-Equ3yPY-l-COMb6HgY= pos=<5783.523926, 26.239952, 5199.899414>) Left the safezone
08:37:34.050 [VehicleLeave] Player Nick Leadbeatter [uid=JmVdSu0kzNbOpwjpFV-MDcMB-Equ3yPY-l-COMb6HgY=] left vehicle ToyotaHilux rust (id=054EED5D1F4CE6D72336C4B0E6CDB044 pos=<7440.895508, 6.654743, 8453.623047>)
08:37:47.912 [VehicleEnter] Player Nick Leadbeatter [uid=JmVdSu0kzNbOpwjpFV-MDcMB-Equ3yPY-l-COMb6HgY=] entered vehicle ToyotaHilux rust (id=054EED5D1F4CE6D72336C4B0E6CDB044 pos=<7440.895020, 6.654747, 8453.623047>) as driver
08:37:53.304 [VehicleEngine] Player Nick Leadbeatter [uid=JmVdSu0kzNbOpwjpFV-MDcMB-Equ3yPY-l-COMb6HgY=] started vehicle ToyotaHilux rust (id=054EED5D1F4CE6D72336C4B0E6CDB044 pos=<7440.897461, 6.654763, 8453.624023>)
08:38:04.773 [VehicleLeave] Player Nick Leadbeatter [uid=JmVdSu0kzNbOpwjpFV-MDcMB-Equ3yPY-l-COMb6HgY=] left vehicle ToyotaHilux rust (id=054EED5D1F4CE6D72336C4B0E6CDB044 pos=<7442.232910, 6.918848, 8434.841797>)
08:38:22.843 [VehicleEnter] Player Nick Leadbeatter [uid=JmVdSu0kzNbOpwjpFV-MDcMB-Equ3yPY-l-COMb6HgY=] entered vehicle ToyotaHilux rust (id=054EED5D1F4CE6D72336C4B0E6CDB044 pos=<7442.234375, 6.918816, 8434.842773>) as driver
08:38:26.103 [VehicleEngine] Player Nick Leadbeatter [uid=JmVdSu0kzNbOpwjpFV-MDcMB-Equ3yPY-l-COMb6HgY=] started vehicle ToyotaHilux rust (id=054EED5D1F4CE6D72336C4B0E6CDB044 pos=<7442.233887, 6.918816, 8434.842773>)
08:40:09.843 [VehicleEngine] Player Nick Leadbeatter [uid=JmVdSu0kzNbOpwjpFV-MDcMB-Equ3yPY-l-COMb6HgY=] stopped vehicle ToyotaHilux rust (id=054EED5D1F4CE6D72336C4B0E6CDB044 pos=<7444.551758, 6.780679, 8437.833984>)
08:40:14.785 [VehicleLeave] Player Nick Leadbeatter [uid=JmVdSu0kzNbOpwjpFV-MDcMB-Equ3yPY-l-COMb6HgY=] left vehicle ToyotaHilux rust (id=054EED5D1F4CE6D72336C4B0E6CDB044 pos=<7444.552246, 6.780676, 8437.833984>)
08:40:55.642 [VehicleCarKey] Player "Nick Leadbeatter" (id=JmVdSu0kzNbOpwjpFV-MDcMB-Equ3yPY-l-COMb6HgY= pos=<7443.068848, 6.775761, 8436.691406>) used the  ExpansionCarKey to lock ToyotaHilux_rust (id=054EED5D1F4CE6D72336C4B0E6CDB044 pos=<7444.555176, 6.780660, 8437.833984>)
08:41:12.542 [VehicleDeleted] ToyotaHilux_rust (id=054EED5D1F4CE6D72336C4B0E6CDB044 pos=<7444.555176, 6.780660, 8437.833984>)
08:41:12.542 [VehicleCover] Player "Nick Leadbeatter" (id=JmVdSu0kzNbOpwjpFV-MDcMB-Equ3yPY-l-COMb6HgY= pos=<7444.984375, 6.882409, 8434.098633>) covered vehicle "ToyotaHilux_rust" (GlobalID=80000000800000008000000080013459 pos=<7444.555176, 6.780660, 8437.833984>)!
08:41:55.613 [Party] Player "Nick Leadbeatter" (id=JmVdSu0kzNbOpwjpFV-MDcMB-Equ3yPY-l-COMb6HgY=) left the party "DIEHARD" (id=32 ownerUID=JmVdSu0kzNbOpwjpFV-MDcMB-Equ3yPY-l-COMb6HgY= ownerName=Nick Leadbeatter)
09:15:35.234 [Party] Player "tearsofdawn1066" (id=Sltx5zKJy7sVbO2kN3XTpRthB0wkULqErUtRpY6M_7o=) joinded the party "DIEHARD" (id=32 ownerUID=JmVdSu0kzNbOpwjpFV-MDcMB-Equ3yPY-l-COMb6HgY= ownerName=Nick Leadbeatter)
09:16:01.828 [VehicleEnter] Player tearsofdawn1066 [uid=Sltx5zKJy7sVbO2kN3XTpRthB0wkULqErUtRpY6M_7o=] entered vehicle ToyotaHilux rust (id=CBE0690A7B4058AB14C694BA56872AB0 pos=<5685.239258, 32.653015, 5259.055176>) as driver
09:16:04.433 [VehicleEngine] Player tearsofdawn1066 [uid=Sltx5zKJy7sVbO2kN3XTpRthB0wkULqErUtRpY6M_7o=] started vehicle ToyotaHilux rust (id=CBE0690A7B4058AB14C694BA56872AB0 pos=<5685.238770, 32.653015, 5259.056152>)
09:16:16.859 [VehicleEngine] Player tearsofdawn1066 [uid=Sltx5zKJy7sVbO2kN3XTpRthB0wkULqErUtRpY6M_7o=] stopped vehicle ToyotaHilux rust (id=CBE0690A7B4058AB14C694BA56872AB0 pos=<5672.502441, 32.980579, 5250.712891>)
09:16:21.917 [VehicleLeave] Player tearsofdawn1066 [uid=Sltx5zKJy7sVbO2kN3XTpRthB0wkULqErUtRpY6M_7o=] left vehicle ToyotaHilux rust (id=CBE0690A7B4058AB14C694BA56872AB0 pos=<5672.502441, 32.980564, 5250.712891>)
09:19:04.890 [VehicleCarKey] Player "tearsofdawn1066" (id=Sltx5zKJy7sVbO2kN3XTpRthB0wkULqErUtRpY6M_7o= pos=<5673.605469, 33.086071, 5248.941406>) used the  ExpansionCarKey to lock ToyotaHilux_rust (id=CBE0690A7B4058AB14C694BA56872AB0 pos=<5672.504883, 32.980732, 5250.710449>)
09:19:18.820 [VehicleDeleted] ToyotaHilux_rust (id=CBE0690A7B4058AB14C694BA56872AB0 pos=<5672.504883, 32.980732, 5250.710449>)
09:19:18.820 [VehicleCover] Player "tearsofdawn1066" (id=Sltx5zKJy7sVbO2kN3XTpRthB0wkULqErUtRpY6M_7o= pos=<5673.605469, 33.086071, 5248.941406>) covered vehicle "ToyotaHilux_rust" (GlobalID=80000000800000008000000080015D80 pos=<5672.504883, 32.980732, 5250.710449>)!
09:19:31.113 [VehicleCover] Player "tearsofdawn1066" (id=Sltx5zKJy7sVbO2kN3XTpRthB0wkULqErUtRpY6M_7o= pos=<5673.649902, 33.087910, 5248.897949>) uncovered vehicle "ToyotaHilux_rust" (GlobalID=80000000800000008000000080015D80 pos=<5672.504883, 32.980732, 5250.710449>)!
09:19:42.019 [VehicleDeleted] ToyotaHilux_rust (id=15668ACF304D5B484B07D4ADD905C12E pos=<5672.506348, 32.980598, 5250.711426>)
09:19:42.023 [VehicleCover] Player "tearsofdawn1066" (id=Sltx5zKJy7sVbO2kN3XTpRthB0wkULqErUtRpY6M_7o= pos=<5673.649902, 33.087910, 5248.897949>) covered vehicle "ToyotaHilux_rust" (GlobalID=80000000800000008000000080015D80 pos=<5672.506348, 32.980598, 5250.711426>)!
09:20:19.207 [Party] Player "tearsofdawn1066" (id=Sltx5zKJy7sVbO2kN3XTpRthB0wkULqErUtRpY6M_7o=) left the party "DIEHARD" (id=32 ownerUID=JmVdSu0kzNbOpwjpFV-MDcMB-Equ3yPY-l-COMb6HgY= ownerName=Nick Leadbeatter)
