18:34:50.039 [Party] Player "Jasper" (id=yoR_hPQejevy38pVI7cJSHyugdmrvDeHBcX9TupJ1QI=) joinded the party "Carrots" (id=43 ownerUID=pod5B72JHSqsn_XNMr587skUFpcgUl5U4e6KmhqavEU= ownerName=Sarco)
18:34:50.046 [Expansion Quests] - InitQuestSystemClient - Created new persistent player quest data for player UID: yoR_hPQejevy38pVI7cJSHyugdmrvDeHBcX9TupJ1QI=
18:34:50.046 [Expansion Quests] - LoadGroupQuestData - Created new persistent group quest data for group with ID: 43
18:34:51.007 [Expansion Quests] - LoadGroupQuestData - Got cached group quest data for group with ID: 43
18:37:50.898 [Safezone] Player "brailsford40" (id=HQAtXFe6fZZL90M2CD_a22otF9NJ2s4t7n-ol5BAu6o= pos=<5615.859375, 28.806986, 5330.767578>) Entered the safezone
18:37:50.898 [Party] Player "brailsford40" (id=HQAtXFe6fZZL90M2CD_a22otF9NJ2s4t7n-ol5BAu6o=) joinded the party "DIEHARD" (id=32 ownerUID=JmVdSu0kzNbOpwjpFV-MDcMB-Equ3yPY-l-COMb6HgY= ownerName=Nick Leadbeatter)
18:37:50.929 [Expansion Quests] - InitQuestSystemClient - Created new persistent player quest data for player UID: HQAtXFe6fZZL90M2CD_a22otF9NJ2s4t7n-ol5BAu6o=
18:37:50.929 [Expansion Quests] - LoadGroupQuestData - Created new persistent group quest data for group with ID: 32
18:37:51.867 [Expansion Quests] - LoadGroupQuestData - Got cached group quest data for group with ID: 32
18:38:08.914 [AI Patrol] Spawning 3 Temple Patrol bots at <371.440094, 47.070000, 751.883545>
18:38:09.007 [AI Patrol] Spawning 3 Temple Patrol bots at <310.192505, 48.364700, 673.385254>
18:38:09.023 [AI Patrol] Spawning 3 Temple Patrol bots at <472.864075, 47.070000, 781.022522>
18:38:10.601 [VehicleEnter] Player brailsford40 [uid=HQAtXFe6fZZL90M2CD_a22otF9NJ2s4t7n-ol5BAu6o=] entered vehicle Mh-6 Little Bird (id=2E55F507DA410AA57807C2A007127AB2 pos=<5612.802246, 28.879930, 5334.114746>) as pilot
18:38:18.929 [VehicleEngine] Player brailsford40 [uid=HQAtXFe6fZZL90M2CD_a22otF9NJ2s4t7n-ol5BAu6o=] started vehicle Mh-6 Little Bird (id=2E55F507DA410AA57807C2A007127AB2 pos=<5612.801270, 28.879663, 5334.114746>)
18:39:37.445 [VehicleEngine] Player brailsford40 [uid=HQAtXFe6fZZL90M2CD_a22otF9NJ2s4t7n-ol5BAu6o=] stopped vehicle Mh-6 Little Bird (id=2E55F507DA410AA57807C2A007127AB2 pos=<5614.139648, 31.437269, 5335.674316>)
18:40:10.585 [VehicleLeave] Player brailsford40 [uid=HQAtXFe6fZZL90M2CD_a22otF9NJ2s4t7n-ol5BAu6o=] left vehicle Mh-6 Little Bird (id=2E55F507DA410AA57807C2A007127AB2 pos=<5613.648438, 31.512505, 5334.867676>)
18:40:58.359 [VehicleEnter] Player brailsford40 [uid=HQAtXFe6fZZL90M2CD_a22otF9NJ2s4t7n-ol5BAu6o=] entered vehicle Mh-6 Little Bird (id=2E55F507DA410AA57807C2A007127AB2 pos=<5613.662109, 28.860500, 5334.826172>) as pilot
18:41:09.039 [VehicleEngine] Player brailsford40 [uid=HQAtXFe6fZZL90M2CD_a22otF9NJ2s4t7n-ol5BAu6o=] started vehicle Mh-6 Little Bird (id=2E55F507DA410AA57807C2A007127AB2 pos=<5613.662109, 28.860508, 5334.826172>)
18:41:53.234 [VehicleEngine] Player brailsford40 [uid=HQAtXFe6fZZL90M2CD_a22otF9NJ2s4t7n-ol5BAu6o=] stopped vehicle Mh-6 Little Bird (id=2E55F507DA410AA57807C2A007127AB2 pos=<5623.950684, 38.593296, 5331.446289>)
18:42:23.289 [Party] Player "Captain Sodomy" (id=VsEWQWxzvcTpDLQgc9tVyxq5TiqDS9O3QehdBa_YkH8=) joinded the party "Dirty Crew" (id=23 ownerUID=VsEWQWxzvcTpDLQgc9tVyxq5TiqDS9O3QehdBa_YkH8= ownerName=Condom Breath)
18:42:23.289 [Expansion Quests] - InitQuestSystemClient - Created new persistent player quest data for player UID: VsEWQWxzvcTpDLQgc9tVyxq5TiqDS9O3QehdBa_YkH8=
18:42:23.289 [Expansion Quests] - LoadGroupQuestData - Created new persistent group quest data for group with ID: 23
18:42:23.812 [VehicleLeave] Player brailsford40 [uid=HQAtXFe6fZZL90M2CD_a22otF9NJ2s4t7n-ol5BAu6o=] left vehicle Mh-6 Little Bird (id=2E55F507DA410AA57807C2A007127AB2 pos=<5624.256836, 31.151838, 5326.656250>)
18:42:24.257 [Expansion Quests] - LoadGroupQuestData - Got cached group quest data for group with ID: 23
18:42:50.718 [VehicleEnter] Player brailsford40 [uid=HQAtXFe6fZZL90M2CD_a22otF9NJ2s4t7n-ol5BAu6o=] entered vehicle Mh-6 Little Bird (id=2E55F507DA410AA57807C2A007127AB2 pos=<5623.830078, 28.613035, 5326.734863>) as pilot
18:42:52.570 [VehicleEngine] Player brailsford40 [uid=HQAtXFe6fZZL90M2CD_a22otF9NJ2s4t7n-ol5BAu6o=] started vehicle Mh-6 Little Bird (id=2E55F507DA410AA57807C2A007127AB2 pos=<5623.829590, 28.613033, 5326.734863>)
18:43:51.031 [VehicleEngine] Player brailsford40 [uid=HQAtXFe6fZZL90M2CD_a22otF9NJ2s4t7n-ol5BAu6o=] stopped vehicle Mh-6 Little Bird (id=2E55F507DA410AA57807C2A007127AB2 pos=<5627.646973, 39.354794, 5328.199219>)
18:44:13.375 [VehicleLeave] Player brailsford40 [uid=HQAtXFe6fZZL90M2CD_a22otF9NJ2s4t7n-ol5BAu6o=] left vehicle Mh-6 Little Bird (id=2E55F507DA410AA57807C2A007127AB2 pos=<5630.823730, 28.217964, 5330.179688>)
18:45:11.773 [VehicleEnter] Player brailsford40 [uid=HQAtXFe6fZZL90M2CD_a22otF9NJ2s4t7n-ol5BAu6o=] entered vehicle Mh-6 Little Bird (id=2E55F507DA410AA57807C2A007127AB2 pos=<5630.823730, 28.219164, 5330.180664>) as pilot
18:45:13.554 [VehicleEngine] Player brailsford40 [uid=HQAtXFe6fZZL90M2CD_a22otF9NJ2s4t7n-ol5BAu6o=] started vehicle Mh-6 Little Bird (id=2E55F507DA410AA57807C2A007127AB2 pos=<5630.824707, 28.217360, 5330.181641>)
18:45:34.953 [VehicleEngine] Player brailsford40 [uid=HQAtXFe6fZZL90M2CD_a22otF9NJ2s4t7n-ol5BAu6o=] stopped vehicle Mh-6 Little Bird (id=2E55F507DA410AA57807C2A007127AB2 pos=<5639.966797, 33.405003, 5334.749512>)
18:46:08.750 [VehicleLeave] Player brailsford40 [uid=HQAtXFe6fZZL90M2CD_a22otF9NJ2s4t7n-ol5BAu6o=] left vehicle Mh-6 Little Bird (id=2E55F507DA410AA57807C2A007127AB2 pos=<5644.141602, 29.824142, 5330.458984>)
18:46:24.570 [Safezone] Player "Jasper" (id=yoR_hPQejevy38pVI7cJSHyugdmrvDeHBcX9TupJ1QI= pos=<5732.086426, 44.526482, 5304.740723>) Entered the safezone
18:47:03.992 [VehicleEnter] Player brailsford40 [uid=HQAtXFe6fZZL90M2CD_a22otF9NJ2s4t7n-ol5BAu6o=] entered vehicle Mh-6 Little Bird (id=2E55F507DA410AA57807C2A007127AB2 pos=<5644.114746, 28.485134, 5330.505371>) as pilot
18:47:06.203 [VehicleEngine] Player brailsford40 [uid=HQAtXFe6fZZL90M2CD_a22otF9NJ2s4t7n-ol5BAu6o=] started vehicle Mh-6 Little Bird (id=2E55F507DA410AA57807C2A007127AB2 pos=<5644.114746, 28.485138, 5330.505859>)
18:47:32.382 [VehicleEngine] Player brailsford40 [uid=HQAtXFe6fZZL90M2CD_a22otF9NJ2s4t7n-ol5BAu6o=] stopped vehicle Mh-6 Little Bird (id=2E55F507DA410AA57807C2A007127AB2 pos=<5636.277344, 40.522579, 5337.069336>)
18:47:54.125 [VehicleLeave] Player brailsford40 [uid=HQAtXFe6fZZL90M2CD_a22otF9NJ2s4t7n-ol5BAu6o=] left vehicle Mh-6 Little Bird (id=2E55F507DA410AA57807C2A007127AB2 pos=<5635.680664, 29.881884, 5338.461426>)
18:49:09.976 [ATM] Player "Jasper" (id=yoR_hPQejevy38pVI7cJSHyugdmrvDeHBcX9TupJ1QI=) has withdrawn 4000 from his ATM account.
18:49:50.632 [MissionAirdrop] An airdrop is heading towards "Oceanville" (pos=<10179.000000, 0.000000, 4722.000000> type=Random_Oceanville) with a ExpansionAirdropContainer_Basebuilding
18:50:35.937 [ATM] Player "Jasper" (id=yoR_hPQejevy38pVI7cJSHyugdmrvDeHBcX9TupJ1QI=) has withdrawn 200 from his ATM account.
18:51:11.640 [Market] Player "brailsford40" (id=HQAtXFe6fZZL90M2CD_a22otF9NJ2s4t7n-ol5BAu6o=) has send a requested to purchase expansioncodelock x1 from the trader "BuildingSupplies (Indar [BUILDINGS])" in market zone "The Holler" (pos=<5632.000000, 32.000000, 5392.000000>).
18:51:11.804 [Market] Player "brailsford40" (id=HQAtXFe6fZZL90M2CD_a22otF9NJ2s4t7n-ol5BAu6o=) has bought expansioncodelock x1 from the trader "BuildingSupplies (Indar [BUILDINGS])" in market zone "The Holler" (pos=<5632.000000, 32.000000, 5392.000000>) for a price of 4200.
18:51:43.992 [VehicleEnter] Player brailsford40 [uid=HQAtXFe6fZZL90M2CD_a22otF9NJ2s4t7n-ol5BAu6o=] entered vehicle Mh-6 Little Bird (id=2E55F507DA410AA57807C2A007127AB2 pos=<5635.708496, 28.441193, 5338.482910>) as pilot
18:51:47.164 [VehicleEngine] Player brailsford40 [uid=HQAtXFe6fZZL90M2CD_a22otF9NJ2s4t7n-ol5BAu6o=] started vehicle Mh-6 Little Bird (id=2E55F507DA410AA57807C2A007127AB2 pos=<5635.708496, 28.441183, 5338.482910>)
18:52:21.656 [VehicleEngine] Player brailsford40 [uid=HQAtXFe6fZZL90M2CD_a22otF9NJ2s4t7n-ol5BAu6o=] stopped vehicle Mh-6 Little Bird (id=2E55F507DA410AA57807C2A007127AB2 pos=<5633.489258, 29.600637, 5323.007813>)
18:52:38.781 [Safezone] Player "Jasper" (id=yoR_hPQejevy38pVI7cJSHyugdmrvDeHBcX9TupJ1QI= pos=<5725.738281, 26.269491, 5214.572754>) Left the safezone
18:52:45.578 [VehicleLeave] Player brailsford40 [uid=HQAtXFe6fZZL90M2CD_a22otF9NJ2s4t7n-ol5BAu6o=] left vehicle Mh-6 Little Bird (id=2E55F507DA410AA57807C2A007127AB2 pos=<5633.487793, 29.598688, 5323.008301>)
18:53:09.585 [VehicleEnter] Player brailsford40 [uid=HQAtXFe6fZZL90M2CD_a22otF9NJ2s4t7n-ol5BAu6o=] entered vehicle Mh-6 Little Bird (id=2E55F507DA410AA57807C2A007127AB2 pos=<5633.487793, 28.154636, 5323.011719>) as pilot
18:53:16.976 [VehicleEngine] Player brailsford40 [uid=HQAtXFe6fZZL90M2CD_a22otF9NJ2s4t7n-ol5BAu6o=] started vehicle Mh-6 Little Bird (id=2E55F507DA410AA57807C2A007127AB2 pos=<5633.487305, 28.154652, 5323.011230>)
18:53:53.164 [VehicleEngine] Player brailsford40 [uid=HQAtXFe6fZZL90M2CD_a22otF9NJ2s4t7n-ol5BAu6o=] stopped vehicle Mh-6 Little Bird (id=2E55F507DA410AA57807C2A007127AB2 pos=<5647.253906, 51.196396, 5309.877930>)
18:54:12.726 [VehicleEngine] Player brailsford40 [uid=HQAtXFe6fZZL90M2CD_a22otF9NJ2s4t7n-ol5BAu6o=] started vehicle Mh-6 Little Bird (id=2E55F507DA410AA57807C2A007127AB2 pos=<5647.254395, 51.196510, 5309.877930>)
18:55:44.164 [VehicleEngine] Player brailsford40 [uid=HQAtXFe6fZZL90M2CD_a22otF9NJ2s4t7n-ol5BAu6o=] stopped vehicle Mh-6 Little Bird (id=2E55F507DA410AA57807C2A007127AB2 pos=<5646.183105, 47.259544, 5311.296875>)
18:56:17.250 [VehicleEngine] Player brailsford40 [uid=HQAtXFe6fZZL90M2CD_a22otF9NJ2s4t7n-ol5BAu6o=] started vehicle Mh-6 Little Bird (id=2E55F507DA410AA57807C2A007127AB2 pos=<5645.643555, 44.639717, 5312.530762>)
18:57:12.242 [VehicleEngine] Player brailsford40 [uid=HQAtXFe6fZZL90M2CD_a22otF9NJ2s4t7n-ol5BAu6o=] stopped vehicle Mh-6 Little Bird (id=2E55F507DA410AA57807C2A007127AB2 pos=<5645.463379, 44.570747, 5312.217773>)
18:57:59.046 [VehicleEngine] Player brailsford40 [uid=HQAtXFe6fZZL90M2CD_a22otF9NJ2s4t7n-ol5BAu6o=] started vehicle Mh-6 Little Bird (id=2E55F507DA410AA57807C2A007127AB2 pos=<5645.590332, 44.414143, 5312.411621>)
18:58:35.085 [VehicleEngine] Player brailsford40 [uid=HQAtXFe6fZZL90M2CD_a22otF9NJ2s4t7n-ol5BAu6o=] stopped vehicle Mh-6 Little Bird (id=2E55F507DA410AA57807C2A007127AB2 pos=<5645.466309, 44.568817, 5312.226563>)
18:59:11.375 [VehicleEngine] Player brailsford40 [uid=HQAtXFe6fZZL90M2CD_a22otF9NJ2s4t7n-ol5BAu6o=] started vehicle Mh-6 Little Bird (id=2E55F507DA410AA57807C2A007127AB2 pos=<5645.590820, 44.413738, 5312.410645>)
19:00:06.421 [VehicleEngine] Player brailsford40 [uid=HQAtXFe6fZZL90M2CD_a22otF9NJ2s4t7n-ol5BAu6o=] stopped vehicle Mh-6 Little Bird (id=2E55F507DA410AA57807C2A007127AB2 pos=<5645.700195, 44.401043, 5312.568848>)
19:01:08.820 [VehicleEnter] Player brailsford40 [uid=HQAtXFe6fZZL90M2CD_a22otF9NJ2s4t7n-ol5BAu6o=] switched seats in vehicle Mh-6 Little Bird (id=2E55F507DA410AA57807C2A007127AB2 pos=<5645.844727, 44.308594, 5312.749023>) to passenger
19:01:25.687 [VehicleEnter] Player brailsford40 [uid=HQAtXFe6fZZL90M2CD_a22otF9NJ2s4t7n-ol5BAu6o=] switched seats in vehicle Mh-6 Little Bird (id=2E55F507DA410AA57807C2A007127AB2 pos=<5645.846680, 44.297485, 5312.745605>) to pilot
19:01:30.734 [VehicleEngine] Player brailsford40 [uid=HQAtXFe6fZZL90M2CD_a22otF9NJ2s4t7n-ol5BAu6o=] started vehicle Mh-6 Little Bird (id=2E55F507DA410AA57807C2A007127AB2 pos=<5645.863281, 44.305447, 5312.761230>)
19:03:15.132 [VehicleEngine] Player brailsford40 [uid=HQAtXFe6fZZL90M2CD_a22otF9NJ2s4t7n-ol5BAu6o=] stopped vehicle Mh-6 Little Bird (id=2E55F507DA410AA57807C2A007127AB2 pos=<5645.591797, 44.438484, 5312.447754>)
19:04:27.789 [VehicleEngine] Player brailsford40 [uid=HQAtXFe6fZZL90M2CD_a22otF9NJ2s4t7n-ol5BAu6o=] started vehicle Mh-6 Little Bird (id=2E55F507DA410AA57807C2A007127AB2 pos=<5645.591797, 44.438766, 5312.447754>)
19:06:38.414 [VehicleEngine] Player brailsford40 [uid=HQAtXFe6fZZL90M2CD_a22otF9NJ2s4t7n-ol5BAu6o=] stopped vehicle Mh-6 Little Bird (id=2E55F507DA410AA57807C2A007127AB2 pos=<5645.462891, 44.572403, 5312.216309>)
19:10:33.085 [VehicleEngine] Player brailsford40 [uid=HQAtXFe6fZZL90M2CD_a22otF9NJ2s4t7n-ol5BAu6o=] started vehicle Mh-6 Little Bird (id=2E55F507DA410AA57807C2A007127AB2 pos=<5645.753906, 44.246517, 5312.608398>)
19:11:28.148 [VehicleEngine] Player brailsford40 [uid=HQAtXFe6fZZL90M2CD_a22otF9NJ2s4t7n-ol5BAu6o=] stopped vehicle Mh-6 Little Bird (id=2E55F507DA410AA57807C2A007127AB2 pos=<5646.133301, 45.847504, 5312.377441>)
19:12:06.484 [VehicleEngine] Player brailsford40 [uid=HQAtXFe6fZZL90M2CD_a22otF9NJ2s4t7n-ol5BAu6o=] started vehicle Mh-6 Little Bird (id=2E55F507DA410AA57807C2A007127AB2 pos=<5646.360840, 45.117146, 5312.624023>)
19:12:25.625 [VehicleEngine] Player brailsford40 [uid=HQAtXFe6fZZL90M2CD_a22otF9NJ2s4t7n-ol5BAu6o=] stopped vehicle Mh-6 Little Bird (id=2E55F507DA410AA57807C2A007127AB2 pos=<5644.969727, 40.021309, 5311.719238>)
19:12:48.179 [VehicleLeave] Player brailsford40 [uid=HQAtXFe6fZZL90M2CD_a22otF9NJ2s4t7n-ol5BAu6o=] left vehicle Mh-6 Little Bird (id=2E55F507DA410AA57807C2A007127AB2 pos=<5643.037598, 28.878168, 5312.788574>)
19:14:16.000 [VehicleEnter] Player brailsford40 [uid=HQAtXFe6fZZL90M2CD_a22otF9NJ2s4t7n-ol5BAu6o=] entered vehicle Mh-6 Little Bird (id=2E55F507DA410AA57807C2A007127AB2 pos=<5642.947754, 28.858131, 5312.998047>) as pilot
19:14:21.484 [VehicleEngine] Player brailsford40 [uid=HQAtXFe6fZZL90M2CD_a22otF9NJ2s4t7n-ol5BAu6o=] started vehicle Mh-6 Little Bird (id=2E55F507DA410AA57807C2A007127AB2 pos=<5642.945313, 28.857901, 5312.997559>)
19:14:26.625 [Party] Player "Jasper" (id=yoR_hPQejevy38pVI7cJSHyugdmrvDeHBcX9TupJ1QI=) left the party "Carrots" (id=43 ownerUID=pod5B72JHSqsn_XNMr587skUFpcgUl5U4e6KmhqavEU= ownerName=Sarco)
19:14:44.804 [VehicleEngine] Player brailsford40 [uid=HQAtXFe6fZZL90M2CD_a22otF9NJ2s4t7n-ol5BAu6o=] stopped vehicle Mh-6 Little Bird (id=2E55F507DA410AA57807C2A007127AB2 pos=<5625.169922, 31.294270, 5318.890625>)
19:15:10.671 [VehicleLeave] Player brailsford40 [uid=HQAtXFe6fZZL90M2CD_a22otF9NJ2s4t7n-ol5BAu6o=] left vehicle Mh-6 Little Bird (id=2E55F507DA410AA57807C2A007127AB2 pos=<5625.514648, 29.975410, 5320.602051>)
19:15:47.312 [VehicleEnter] Player brailsford40 [uid=HQAtXFe6fZZL90M2CD_a22otF9NJ2s4t7n-ol5BAu6o=] entered vehicle Mh-6 Little Bird (id=2E55F507DA410AA57807C2A007127AB2 pos=<5627.231445, 28.463671, 5321.508789>) as pilot
19:15:48.804 [VehicleEngine] Player brailsford40 [uid=HQAtXFe6fZZL90M2CD_a22otF9NJ2s4t7n-ol5BAu6o=] started vehicle Mh-6 Little Bird (id=2E55F507DA410AA57807C2A007127AB2 pos=<5627.231934, 28.464306, 5321.508789>)
19:18:57.921 [VehicleEngine] Player brailsford40 [uid=HQAtXFe6fZZL90M2CD_a22otF9NJ2s4t7n-ol5BAu6o=] stopped vehicle Mh-6 Little Bird (id=2E55F507DA410AA57807C2A007127AB2 pos=<5625.932129, 37.111359, 5320.659668>)
19:19:35.695 [VehicleLeave] Player brailsford40 [uid=HQAtXFe6fZZL90M2CD_a22otF9NJ2s4t7n-ol5BAu6o=] left vehicle Mh-6 Little Bird (id=2E55F507DA410AA57807C2A007127AB2 pos=<5628.236816, 30.563938, 5321.855469>)
19:22:04.132 [VehicleEnter] Player brailsford40 [uid=HQAtXFe6fZZL90M2CD_a22otF9NJ2s4t7n-ol5BAu6o=] entered vehicle Mh-6 Little Bird (id=2E55F507DA410AA57807C2A007127AB2 pos=<5627.259766, 28.438894, 5322.482422>) as pilot
19:22:15.742 [VehicleEngine] Player brailsford40 [uid=HQAtXFe6fZZL90M2CD_a22otF9NJ2s4t7n-ol5BAu6o=] started vehicle Mh-6 Little Bird (id=2E55F507DA410AA57807C2A007127AB2 pos=<5627.259766, 28.438843, 5322.482422>)
19:22:36.929 [VehicleEngine] Player brailsford40 [uid=HQAtXFe6fZZL90M2CD_a22otF9NJ2s4t7n-ol5BAu6o=] stopped vehicle Mh-6 Little Bird (id=2E55F507DA410AA57807C2A007127AB2 pos=<5624.267090, 39.049030, 5316.547363>)
19:23:30.281 [VehicleEngine] Player brailsford40 [uid=HQAtXFe6fZZL90M2CD_a22otF9NJ2s4t7n-ol5BAu6o=] started vehicle Mh-6 Little Bird (id=2E55F507DA410AA57807C2A007127AB2 pos=<5625.451172, 35.300705, 5317.027344>)
19:24:12.992 [VehicleEngine] Player brailsford40 [uid=HQAtXFe6fZZL90M2CD_a22otF9NJ2s4t7n-ol5BAu6o=] stopped vehicle Mh-6 Little Bird (id=2E55F507DA410AA57807C2A007127AB2 pos=<5625.501465, 35.225979, 5317.086914>)
19:24:50.312 [Party] Player "Lou Sassole" (id=ebo0O4yOjYkK486s9SoqLuFc3tRe1vP1S2eE1IJxhV4=) joinded the party "Loosey Goosey" (id=28 ownerUID=ebo0O4yOjYkK486s9SoqLuFc3tRe1vP1S2eE1IJxhV4= ownerName=Lou Sassole)
19:24:50.328 [Expansion Quests] - InitQuestSystemClient - Created new persistent player quest data for player UID: ebo0O4yOjYkK486s9SoqLuFc3tRe1vP1S2eE1IJxhV4=
19:24:50.328 [Expansion Quests] - LoadGroupQuestData - Created new persistent group quest data for group with ID: 28
19:24:51.281 [Expansion Quests] - LoadGroupQuestData - Got cached group quest data for group with ID: 28
19:25:30.679 [Safezone] Player "Mansbridge" (id=QM7LViVt5sZd0hja19cF2rW2mCNEG7w2k3AFdalcF50= pos=<5618.187500, 29.020788, 5417.333008>) Entered the safezone
19:25:30.687 [Expansion Quests] - InitQuestSystemClient - Created new persistent player quest data for player UID: QM7LViVt5sZd0hja19cF2rW2mCNEG7w2k3AFdalcF50=
19:25:30.695 [Expansion Quests] - LoadGroupQuestData - Created new persistent group quest data for group with ID: -1
19:25:32.203 [VehicleEngine] Player brailsford40 [uid=HQAtXFe6fZZL90M2CD_a22otF9NJ2s4t7n-ol5BAu6o=] started vehicle Mh-6 Little Bird (id=2E55F507DA410AA57807C2A007127AB2 pos=<5625.473633, 35.236214, 5317.083984>)
19:26:59.390 [VehicleCarKey] Player "Lou Sassole" (id=ebo0O4yOjYkK486s9SoqLuFc3tRe1vP1S2eE1IJxhV4= pos=<4753.275391, 75.017792, 3172.607178>) used the  ExpansionCarKey to unlock HAMMER_H1_black_rust (id=5877895E9F4C8718E7F19DA49AA485C9 pos=<4755.395020, 75.079903, 3175.757813>)
19:27:08.851 [VehicleEnter] Player Lou Sassole [uid=ebo0O4yOjYkK486s9SoqLuFc3tRe1vP1S2eE1IJxhV4=] entered vehicle HAMMER_H1 black_rust (id=5877895E9F4C8718E7F19DA49AA485C9 pos=<4755.395020, 75.079895, 3175.758057>) as driver
19:27:11.234 [VehicleEngine] Player Lou Sassole [uid=ebo0O4yOjYkK486s9SoqLuFc3tRe1vP1S2eE1IJxhV4=] started vehicle HAMMER_H1 black_rust (id=5877895E9F4C8718E7F19DA49AA485C9 pos=<4755.395020, 75.079910, 3175.758057>)
19:27:26.992 [VehicleEngine] Player brailsford40 [uid=HQAtXFe6fZZL90M2CD_a22otF9NJ2s4t7n-ol5BAu6o=] stopped vehicle Mh-6 Little Bird (id=2E55F507DA410AA57807C2A007127AB2 pos=<5625.274414, 34.722271, 5316.534180>)
19:27:56.195 [VehicleLeave] Player brailsford40 [uid=HQAtXFe6fZZL90M2CD_a22otF9NJ2s4t7n-ol5BAu6o=] left vehicle Mh-6 Little Bird (id=2E55F507DA410AA57807C2A007127AB2 pos=<5626.930176, 31.119835, 5314.295410>)
19:28:18.062 [Market] Player "Mansbridge" (id=QM7LViVt5sZd0hja19cF2rW2mCNEG7w2k3AFdalcF50=) has send a requested to purchase bandana_camopattern x1 from the trader "Clothing_Accessories (Elias [CLOTHING & ACCESSORIES])" in market zone "The Holler" (pos=<5632.000000, 32.000000, 5392.000000>).
19:28:18.171 [Market] Player "Mansbridge" (id=QM7LViVt5sZd0hja19cF2rW2mCNEG7w2k3AFdalcF50=) has bought bandana_camopattern x1 from the trader "Clothing_Accessories (Elias [CLOTHING & ACCESSORIES])" in market zone "The Holler" (pos=<5632.000000, 32.000000, 5392.000000>) for a price of 10.
19:28:22.992 [VehicleEnter] Player brailsford40 [uid=HQAtXFe6fZZL90M2CD_a22otF9NJ2s4t7n-ol5BAu6o=] entered vehicle Mh-6 Little Bird (id=2E55F507DA410AA57807C2A007127AB2 pos=<5626.602539, 28.951471, 5313.919434>) as pilot
19:28:33.453 [VehicleEngine] Player brailsford40 [uid=HQAtXFe6fZZL90M2CD_a22otF9NJ2s4t7n-ol5BAu6o=] started vehicle Mh-6 Little Bird (id=2E55F507DA410AA57807C2A007127AB2 pos=<5626.559570, 28.927567, 5313.852539>)
19:28:33.523 [Market] Player "Mansbridge" (id=QM7LViVt5sZd0hja19cF2rW2mCNEG7w2k3AFdalcF50=) has send a requested to sell bandana_camopattern x1 at the trader "Clothing_Accessories (Elias [CLOTHING & ACCESSORIES])" in market zone "The Holler" (pos=<5632.000000, 32.000000, 5392.000000>).
19:28:33.632 [Market] Player "Mansbridge" (id=QM7LViVt5sZd0hja19cF2rW2mCNEG7w2k3AFdalcF50=) has sold bandana_camopattern x1 at the trader "Clothing_Accessories (Elias [CLOTHING & ACCESSORIES])" in market zone "The Holler" (pos=<5632.000000, 32.000000, 5392.000000>) and got 7.
19:28:40.062 [Market] Player "Mansbridge" (id=QM7LViVt5sZd0hja19cF2rW2mCNEG7w2k3AFdalcF50=) has send a requested to sell armband_black x1 at the trader "Clothing_Accessories (Elias [CLOTHING & ACCESSORIES])" in market zone "The Holler" (pos=<5632.000000, 32.000000, 5392.000000>).
19:28:40.164 [Market] Player "Mansbridge" (id=QM7LViVt5sZd0hja19cF2rW2mCNEG7w2k3AFdalcF50=) has sold armband_black x1 at the trader "Clothing_Accessories (Elias [CLOTHING & ACCESSORIES])" in market zone "The Holler" (pos=<5632.000000, 32.000000, 5392.000000>) and got 11.
19:29:47.648 [Party] Player "OrdepRoinuj" (id=jho7WUBGAZrvFnn8RJJsJvDzNHi4rQTd5HHL__KErjY=) joinded the party "OldDog" (id=42 ownerUID=jho7WUBGAZrvFnn8RJJsJvDzNHi4rQTd5HHL__KErjY= ownerName=Old Dog)
19:29:47.671 [Expansion Quests] - InitQuestSystemClient - Created new persistent player quest data for player UID: jho7WUBGAZrvFnn8RJJsJvDzNHi4rQTd5HHL__KErjY=
19:29:47.671 [Expansion Quests] - LoadGroupQuestData - Created new persistent group quest data for group with ID: 42
19:29:48.617 [Expansion Quests] - LoadGroupQuestData - Got cached group quest data for group with ID: 42
19:30:13.390 [VehicleEngine] Player brailsford40 [uid=HQAtXFe6fZZL90M2CD_a22otF9NJ2s4t7n-ol5BAu6o=] stopped vehicle Mh-6 Little Bird (id=2E55F507DA410AA57807C2A007127AB2 pos=<5626.926758, 30.065369, 5315.675293>)
19:30:25.375 [VehicleEngine] Player brailsford40 [uid=HQAtXFe6fZZL90M2CD_a22otF9NJ2s4t7n-ol5BAu6o=] started vehicle Mh-6 Little Bird (id=2E55F507DA410AA57807C2A007127AB2 pos=<5626.561035, 28.782112, 5315.642578>)
19:31:47.843 [Safezone] Player "Lou Sassole" (id=ebo0O4yOjYkK486s9SoqLuFc3tRe1vP1S2eE1IJxhV4= pos=<5668.780273, 33.307854, 5264.619141>) Entered the safezone
19:32:20.984 [VehicleLeave] Player brailsford40 [uid=HQAtXFe6fZZL90M2CD_a22otF9NJ2s4t7n-ol5BAu6o=] left vehicle Mh-6 Little Bird (id=2E55F507DA410AA57807C2A007127AB2 pos=<5621.869629, 31.023705, 5306.893066>)
19:32:24.781 [VehicleLeave] Player Lou Sassole [uid=ebo0O4yOjYkK486s9SoqLuFc3tRe1vP1S2eE1IJxhV4=] left vehicle HAMMER_H1 black_rust (id=5877895E9F4C8718E7F19DA49AA485C9 pos=<5624.254883, 28.750349, 5414.278809>)
19:32:30.273 [VehicleCarKey] Player "Lou Sassole" (id=ebo0O4yOjYkK486s9SoqLuFc3tRe1vP1S2eE1IJxhV4= pos=<5622.172363, 28.980917, 5416.024414>) used the  ExpansionCarKey to lock HAMMER_H1_black_rust (id=5877895E9F4C8718E7F19DA49AA485C9 pos=<5624.254883, 28.750347, 5414.278809>)
19:32:44.843 [VehicleEnter] Player brailsford40 [uid=HQAtXFe6fZZL90M2CD_a22otF9NJ2s4t7n-ol5BAu6o=] entered vehicle Mh-6 Little Bird (id=2E55F507DA410AA57807C2A007127AB2 pos=<5622.883301, 29.811241, 5305.861328>) as pilot
19:33:05.460 [ATM] Player "Lou Sassole" (id=ebo0O4yOjYkK486s9SoqLuFc3tRe1vP1S2eE1IJxhV4=) has withdrawn 1000 from his ATM account.
19:33:05.765 [VehicleEngine] Player brailsford40 [uid=HQAtXFe6fZZL90M2CD_a22otF9NJ2s4t7n-ol5BAu6o=] started vehicle Mh-6 Little Bird (id=2E55F507DA410AA57807C2A007127AB2 pos=<5622.883301, 29.811861, 5305.860352>)
19:34:10.156 [Chat - Global]("Lou Sassole"(id=ebo0O4yOjYkK486s9SoqLuFc3tRe1vP1S2eE1IJxhV4=)): still working on getting the heli out eh brail
19:34:27.296 [Market] Player "Lou Sassole" (id=ebo0O4yOjYkK486s9SoqLuFc3tRe1vP1S2eE1IJxhV4=) has send a requested to purchase bloodbagempty x1 from the trader "Medicals (Linda [MEDICAL])" in market zone "The Holler" (pos=<5632.000000, 32.000000, 5392.000000>).
19:34:27.429 [Market] Player "Lou Sassole" (id=ebo0O4yOjYkK486s9SoqLuFc3tRe1vP1S2eE1IJxhV4=) has bought bloodbagempty x1 from the trader "Medicals (Linda [MEDICAL])" in market zone "The Holler" (pos=<5632.000000, 32.000000, 5392.000000>) for a price of 180.
19:34:40.203 [Chat - Global]("brailsford40"(id=HQAtXFe6fZZL90M2CD_a22otF9NJ2s4t7n-ol5BAu6o=)): yep
19:35:01.242 [Expansion Quests] - CreateQuestInstance - Created new quest instance for with instance key ebo0O4yOjYkK486s9SoqLuFc3tRe1vP1S2eE1IJxhV4= for quest 1
19:35:31.226 [Expansion Quests] - CompleteQuest - Player with UID ebo0O4yOjYkK486s9SoqLuFc3tRe1vP1S2eE1IJxhV4= has completed quest 1
19:35:35.796 [VehicleEngine] Player brailsford40 [uid=HQAtXFe6fZZL90M2CD_a22otF9NJ2s4t7n-ol5BAu6o=] stopped vehicle Mh-6 Little Bird (id=2E55F507DA410AA57807C2A007127AB2 pos=<5647.699707, 37.074684, 5287.148926>)
19:35:59.515 [VehicleEngine] Player brailsford40 [uid=HQAtXFe6fZZL90M2CD_a22otF9NJ2s4t7n-ol5BAu6o=] started vehicle Mh-6 Little Bird (id=2E55F507DA410AA57807C2A007127AB2 pos=<5649.241699, 31.015455, 5290.234375>)
19:36:08.687 [Market] Player "Lou Sassole" (id=ebo0O4yOjYkK486s9SoqLuFc3tRe1vP1S2eE1IJxhV4=) has send a requested to purchase bloodtestkit x1 from the trader "Medicals (Linda [MEDICAL])" in market zone "The Holler" (pos=<5632.000000, 32.000000, 5392.000000>).
19:36:08.789 [Market] Player "Lou Sassole" (id=ebo0O4yOjYkK486s9SoqLuFc3tRe1vP1S2eE1IJxhV4=) has bought bloodtestkit x1 from the trader "Medicals (Linda [MEDICAL])" in market zone "The Holler" (pos=<5632.000000, 32.000000, 5392.000000>) for a price of 50.
19:36:10.921 [Market] Player "Lou Sassole" (id=ebo0O4yOjYkK486s9SoqLuFc3tRe1vP1S2eE1IJxhV4=) has send a requested to purchase startkitiv x1 from the trader "Medicals (Linda [MEDICAL])" in market zone "The Holler" (pos=<5632.000000, 32.000000, 5392.000000>).
19:36:11.039 [Market] Player "Lou Sassole" (id=ebo0O4yOjYkK486s9SoqLuFc3tRe1vP1S2eE1IJxhV4=) has bought startkitiv x1 from the trader "Medicals (Linda [MEDICAL])" in market zone "The Holler" (pos=<5632.000000, 32.000000, 5392.000000>) for a price of 100.
19:36:12.671 [Market] Player "Lou Sassole" (id=ebo0O4yOjYkK486s9SoqLuFc3tRe1vP1S2eE1IJxhV4=) has send a requested to purchase salinebag x1 from the trader "Medicals (Linda [MEDICAL])" in market zone "The Holler" (pos=<5632.000000, 32.000000, 5392.000000>).
19:36:12.742 [Market] Player "Lou Sassole" (id=ebo0O4yOjYkK486s9SoqLuFc3tRe1vP1S2eE1IJxhV4=) has bought salinebag x1 from the trader "Medicals (Linda [MEDICAL])" in market zone "The Holler" (pos=<5632.000000, 32.000000, 5392.000000>) for a price of 150.
19:36:35.023 [Expansion Quests] - CreateQuestInstance - Created new quest instance for with instance key ebo0O4yOjYkK486s9SoqLuFc3tRe1vP1S2eE1IJxhV4= for quest 2
19:36:58.625 [Expansion Quests] - CompleteQuest - Player with UID ebo0O4yOjYkK486s9SoqLuFc3tRe1vP1S2eE1IJxhV4= has completed quest 2
19:37:08.773 [Safezone] Player "brailsford40" (id=HQAtXFe6fZZL90M2CD_a22otF9NJ2s4t7n-ol5BAu6o= pos=<5830.052246, 199.557327, 5380.033691>) Left the safezone
19:37:12.828 [Expansion Quests] - CreateQuestInstance - Created new quest instance for with instance key ebo0O4yOjYkK486s9SoqLuFc3tRe1vP1S2eE1IJxhV4= for quest 3
19:39:41.546 [Market] Player "Lou Sassole" (id=ebo0O4yOjYkK486s9SoqLuFc3tRe1vP1S2eE1IJxhV4=) has send a requested to purchase vitaminbottle x1 from the trader "Medicals (Linda [MEDICAL])" in market zone "The Holler" (pos=<5632.000000, 32.000000, 5392.000000>).
19:39:41.617 [Market] Player "Lou Sassole" (id=ebo0O4yOjYkK486s9SoqLuFc3tRe1vP1S2eE1IJxhV4=) has bought vitaminbottle x1 from the trader "Medicals (Linda [MEDICAL])" in market zone "The Holler" (pos=<5632.000000, 32.000000, 5392.000000>) for a price of 460.
19:42:25.632 [VehicleEngine] Player brailsford40 [uid=HQAtXFe6fZZL90M2CD_a22otF9NJ2s4t7n-ol5BAu6o=] stopped vehicle Mh-6 Little Bird (id=2E55F507DA410AA57807C2A007127AB2 pos=<7449.339844, 17.281029, 8432.753906>)
19:42:34.140 [Market] Player "Mansbridge" (id=QM7LViVt5sZd0hja19cF2rW2mCNEG7w2k3AFdalcF50=) has send a requested to purchase huntingjacket_autumn x1 from the trader "Clothing_Accessories (Elias [CLOTHING & ACCESSORIES])" in market zone "The Holler" (pos=<5632.000000, 32.000000, 5392.000000>).
19:42:34.226 [Market] Player "Mansbridge" (id=QM7LViVt5sZd0hja19cF2rW2mCNEG7w2k3AFdalcF50=) has bought huntingjacket_autumn x1 from the trader "Clothing_Accessories (Elias [CLOTHING & ACCESSORIES])" in market zone "The Holler" (pos=<5632.000000, 32.000000, 5392.000000>) for a price of 120.
19:43:05.195 [VehicleLeave] Player brailsford40 [uid=HQAtXFe6fZZL90M2CD_a22otF9NJ2s4t7n-ol5BAu6o=] left vehicle Mh-6 Little Bird (id=2E55F507DA410AA57807C2A007127AB2 pos=<7449.344238, 17.279430, 8432.755859>)
19:43:22.664 [Market] Player "Mansbridge" (id=QM7LViVt5sZd0hja19cF2rW2mCNEG7w2k3AFdalcF50=) has send a requested to sell huntingjacket_autumn x1 at the trader "Clothing_Accessories (Elias [CLOTHING & ACCESSORIES])" in market zone "The Holler" (pos=<5632.000000, 32.000000, 5392.000000>).
19:43:22.750 [Market] Player "Mansbridge" (id=QM7LViVt5sZd0hja19cF2rW2mCNEG7w2k3AFdalcF50=) has sold huntingjacket_autumn x1 at the trader "Clothing_Accessories (Elias [CLOTHING & ACCESSORIES])" in market zone "The Holler" (pos=<5632.000000, 32.000000, 5392.000000>) and got 90.
19:43:40.148 [Expansion Quests] - CreateQuestInstance - Created new quest instance for with instance key ebo0O4yOjYkK486s9SoqLuFc3tRe1vP1S2eE1IJxhV4= for quest 41
19:44:54.984 [Market] Player "Mansbridge" (id=QM7LViVt5sZd0hja19cF2rW2mCNEG7w2k3AFdalcF50=) has send a requested to purchase ammo_12gaslug x40 from the trader "WeaponAccessories (Rolf [WEAPON ACCESSORIES])" in market zone "The Holler" (pos=<5632.000000, 32.000000, 5392.000000>).
19:44:55.117 [Market] Player "Mansbridge" (id=QM7LViVt5sZd0hja19cF2rW2mCNEG7w2k3AFdalcF50=) has bought ammo_12gaslug x40 from the trader "WeaponAccessories (Rolf [WEAPON ACCESSORIES])" in market zone "The Holler" (pos=<5632.000000, 32.000000, 5392.000000>) for a price of 200.
19:48:58.671 [Expansion Quests] - CancelQuestServer - Player with UID ebo0O4yOjYkK486s9SoqLuFc3tRe1vP1S2eE1IJxhV4= has cancelled quest 3
19:49:08.242 [VehicleCarKey] Player "Lou Sassole" (id=ebo0O4yOjYkK486s9SoqLuFc3tRe1vP1S2eE1IJxhV4= pos=<5622.885742, 28.722498, 5415.192871>) used the  ExpansionCarKey to unlock HAMMER_H1_black_rust (id=5877895E9F4C8718E7F19DA49AA485C9 pos=<5624.254883, 28.750347, 5414.278809>)
19:49:14.757 [VehicleEnter] Player Lou Sassole [uid=ebo0O4yOjYkK486s9SoqLuFc3tRe1vP1S2eE1IJxhV4=] entered vehicle HAMMER_H1 black_rust (id=5877895E9F4C8718E7F19DA49AA485C9 pos=<5624.254883, 28.750349, 5414.278809>) as driver
19:49:18.859 [Market] Player "Mansbridge" (id=QM7LViVt5sZd0hja19cF2rW2mCNEG7w2k3AFdalcF50=) has send a requested to sell ammo_556x45 x101 at the trader "WeaponAccessories (Rolf [WEAPON ACCESSORIES])" in market zone "The Holler" (pos=<5632.000000, 32.000000, 5392.000000>).
19:49:18.945 [Market] Player "Mansbridge" (id=QM7LViVt5sZd0hja19cF2rW2mCNEG7w2k3AFdalcF50=) has sold ammo_556x45 x101 at the trader "WeaponAccessories (Rolf [WEAPON ACCESSORIES])" in market zone "The Holler" (pos=<5632.000000, 32.000000, 5392.000000>) and got 101.
19:49:19.679 [VehicleEngine] Player Lou Sassole [uid=ebo0O4yOjYkK486s9SoqLuFc3tRe1vP1S2eE1IJxhV4=] started vehicle HAMMER_H1 black_rust (id=5877895E9F4C8718E7F19DA49AA485C9 pos=<5624.254883, 28.750351, 5414.278809>)
19:49:25.617 [Market] Player "Mansbridge" (id=QM7LViVt5sZd0hja19cF2rW2mCNEG7w2k3AFdalcF50=) has send a requested to sell ammo_308win x1 at the trader "WeaponAccessories (Rolf [WEAPON ACCESSORIES])" in market zone "The Holler" (pos=<5632.000000, 32.000000, 5392.000000>).
19:49:25.703 [Market] Player "Mansbridge" (id=QM7LViVt5sZd0hja19cF2rW2mCNEG7w2k3AFdalcF50=) has sold ammo_308win x1 at the trader "WeaponAccessories (Rolf [WEAPON ACCESSORIES])" in market zone "The Holler" (pos=<5632.000000, 32.000000, 5392.000000>) and got 0.
19:49:36.687 [Market] Player "Mansbridge" (id=QM7LViVt5sZd0hja19cF2rW2mCNEG7w2k3AFdalcF50=) has send a requested to sell ammo_308win x36 at the trader "WeaponAccessories (Rolf [WEAPON ACCESSORIES])" in market zone "The Holler" (pos=<5632.000000, 32.000000, 5392.000000>).
19:49:36.765 [Market] Player "Mansbridge" (id=QM7LViVt5sZd0hja19cF2rW2mCNEG7w2k3AFdalcF50=) has sold ammo_308win x36 at the trader "WeaponAccessories (Rolf [WEAPON ACCESSORIES])" in market zone "The Holler" (pos=<5632.000000, 32.000000, 5392.000000>) and got 0.
19:49:53.000 [Market] Player "Mansbridge" (id=QM7LViVt5sZd0hja19cF2rW2mCNEG7w2k3AFdalcF50=) has send a requested to sell ammo_762x54 x56 at the trader "WeaponAccessories (Rolf [WEAPON ACCESSORIES])" in market zone "The Holler" (pos=<5632.000000, 32.000000, 5392.000000>).
19:49:53.125 [Market] Player "Mansbridge" (id=QM7LViVt5sZd0hja19cF2rW2mCNEG7w2k3AFdalcF50=) has sold ammo_762x54 x56 at the trader "WeaponAccessories (Rolf [WEAPON ACCESSORIES])" in market zone "The Holler" (pos=<5632.000000, 32.000000, 5392.000000>) and got 56.
19:49:57.859 [Safezone] Player "Lou Sassole" (id=ebo0O4yOjYkK486s9SoqLuFc3tRe1vP1S2eE1IJxhV4= pos=<5859.045410, 32.664925, 5185.530273>) Left the safezone
19:51:56.398 [VehicleLeave] Player Lou Sassole [uid=ebo0O4yOjYkK486s9SoqLuFc3tRe1vP1S2eE1IJxhV4=] left vehicle HAMMER_H1 black_rust (id=5877895E9F4C8718E7F19DA49AA485C9 pos=<7095.573730, 7.821971, 5441.847168>)
19:51:59.085 [VehicleCarKey] Player "Lou Sassole" (id=ebo0O4yOjYkK486s9SoqLuFc3tRe1vP1S2eE1IJxhV4= pos=<7098.571777, 7.943869, 5442.823242>) used the  ExpansionCarKey to lock HAMMER_H1_black_rust (id=5877895E9F4C8718E7F19DA49AA485C9 pos=<7095.573242, 7.821970, 5441.847168>)
19:52:09.500 [Chat - Global]("Captain Sodomy"(id=VsEWQWxzvcTpDLQgc9tVyxq5TiqDS9O3QehdBa_YkH8=)): looking to buy any boxes of nails if anyone has some for sale
19:52:26.468 [Market] Player "Mansbridge" (id=QM7LViVt5sZd0hja19cF2rW2mCNEG7w2k3AFdalcF50=) has send a requested to purchase tetracyclineantibiotics x1 from the trader "Medicals (Linda [MEDICAL])" in market zone "The Holler" (pos=<5632.000000, 32.000000, 5392.000000>).
19:52:26.585 [Market] Player "Mansbridge" (id=QM7LViVt5sZd0hja19cF2rW2mCNEG7w2k3AFdalcF50=) has bought tetracyclineantibiotics x1 from the trader "Medicals (Linda [MEDICAL])" in market zone "The Holler" (pos=<5632.000000, 32.000000, 5392.000000>) for a price of 1800.
19:56:05.437 [Party] Player "brailsford40" (id=HQAtXFe6fZZL90M2CD_a22otF9NJ2s4t7n-ol5BAu6o=) left the party "DIEHARD" (id=32 ownerUID=JmVdSu0kzNbOpwjpFV-MDcMB-Equ3yPY-l-COMb6HgY= ownerName=Nick Leadbeatter)
19:56:51.593 [VehicleCover] Player "OrdepRoinuj" (id=jho7WUBGAZrvFnn8RJJsJvDzNHi4rQTd5HHL__KErjY= pos=<6299.351074, 41.988892, 14160.773438>) uncovered vehicle "MUSTANG_red" (GlobalID=80000000800000008000000080013104 pos=<6297.364258, 42.040012, 14160.525391>)!
19:57:13.601 [VehicleCarKey] Player "OrdepRoinuj" (id=jho7WUBGAZrvFnn8RJJsJvDzNHi4rQTd5HHL__KErjY= pos=<6299.107910, 42.322994, 14160.746094>) used the  ExpansionCarKey to unlock MUSTANG_red (id=9BD8FD29ED47315A07AF89B80FD27B80 pos=<6297.364258, 42.040016, 14160.525391>)
19:59:05.718 [Market] Player "Mansbridge" (id=QM7LViVt5sZd0hja19cF2rW2mCNEG7w2k3AFdalcF50=) has send a requested to purchase disinfectantspray x1 from the trader "Medicals (Linda [MEDICAL])" in market zone "The Holler" (pos=<5632.000000, 32.000000, 5392.000000>).
19:59:05.835 [Market] Player "Mansbridge" (id=QM7LViVt5sZd0hja19cF2rW2mCNEG7w2k3AFdalcF50=) has bought disinfectantspray x1 from the trader "Medicals (Linda [MEDICAL])" in market zone "The Holler" (pos=<5632.000000, 32.000000, 5392.000000>) for a price of 80.
20:00:22.273 [VehicleCarKey] Player "Lou Sassole" (id=ebo0O4yOjYkK486s9SoqLuFc3tRe1vP1S2eE1IJxhV4= pos=<7097.574707, 7.922528, 5442.746094>) used the  ExpansionCarKey to unlock HAMMER_H1_black_rust (id=5877895E9F4C8718E7F19DA49AA485C9 pos=<7095.573242, 7.821970, 5441.847168>)
20:00:28.281 [VehicleEnter] Player Lou Sassole [uid=ebo0O4yOjYkK486s9SoqLuFc3tRe1vP1S2eE1IJxhV4=] entered vehicle HAMMER_H1 black_rust (id=5877895E9F4C8718E7F19DA49AA485C9 pos=<7095.573730, 7.821969, 5441.847168>) as driver
20:00:30.070 [VehicleEngine] Player Lou Sassole [uid=ebo0O4yOjYkK486s9SoqLuFc3tRe1vP1S2eE1IJxhV4=] started vehicle HAMMER_H1 black_rust (id=5877895E9F4C8718E7F19DA49AA485C9 pos=<7095.573730, 7.821969, 5441.847168>)
20:01:17.187 [Expansion Quests] - CreateQuestInstance - Created new quest instance for with instance key QM7LViVt5sZd0hja19cF2rW2mCNEG7w2k3AFdalcF50= for quest 81
20:03:17.757 [Safezone] Player "Lou Sassole" (id=ebo0O4yOjYkK486s9SoqLuFc3tRe1vP1S2eE1IJxhV4= pos=<5662.605469, 33.331753, 5265.862793>) Entered the safezone
20:03:24.039 [Expansion Quests] - CancelQuestServer - Player with UID QM7LViVt5sZd0hja19cF2rW2mCNEG7w2k3AFdalcF50= has cancelled quest 81
20:03:39.531 [VehicleLeave] Player Lou Sassole [uid=ebo0O4yOjYkK486s9SoqLuFc3tRe1vP1S2eE1IJxhV4=] left vehicle HAMMER_H1 black_rust (id=5877895E9F4C8718E7F19DA49AA485C9 pos=<5626.750977, 28.750351, 5416.445801>)
20:03:44.492 [VehicleCarKey] Player "Lou Sassole" (id=ebo0O4yOjYkK486s9SoqLuFc3tRe1vP1S2eE1IJxhV4= pos=<5624.678711, 28.896717, 5418.073242>) used the  ExpansionCarKey to lock HAMMER_H1_black_rust (id=5877895E9F4C8718E7F19DA49AA485C9 pos=<5626.751465, 28.750351, 5416.445801>)
20:03:51.945 [VehicleEnter] Player OrdepRoinuj [uid=jho7WUBGAZrvFnn8RJJsJvDzNHi4rQTd5HHL__KErjY=] entered vehicle MUSTANG Red (id=9BD8FD29ED47315A07AF89B80FD27B80 pos=<6297.364258, 42.040012, 14160.525391>) as driver
20:03:53.351 [VehicleEngine] Player OrdepRoinuj [uid=jho7WUBGAZrvFnn8RJJsJvDzNHi4rQTd5HHL__KErjY=] started vehicle MUSTANG Red (id=9BD8FD29ED47315A07AF89B80FD27B80 pos=<6297.364258, 42.040012, 14160.525391>)
20:04:07.882 [VehicleLeave] Player OrdepRoinuj [uid=jho7WUBGAZrvFnn8RJJsJvDzNHi4rQTd5HHL__KErjY=] left vehicle MUSTANG Red (id=9BD8FD29ED47315A07AF89B80FD27B80 pos=<6292.510254, 41.919739, 14151.816406>)
20:04:53.343 [VehicleEnter] Player OrdepRoinuj [uid=jho7WUBGAZrvFnn8RJJsJvDzNHi4rQTd5HHL__KErjY=] entered vehicle MUSTANG Red (id=9BD8FD29ED47315A07AF89B80FD27B80 pos=<6292.510254, 41.919743, 14151.816406>) as driver
20:05:28.125 [Expansion Quests] - CreateQuestInstance - Created new quest instance for with instance key ebo0O4yOjYkK486s9SoqLuFc3tRe1vP1S2eE1IJxhV4= for quest 71
20:05:48.890 [Expansion Quests] - CancelQuestServer - Player with UID ebo0O4yOjYkK486s9SoqLuFc3tRe1vP1S2eE1IJxhV4= has cancelled quest 71
20:06:19.117 [VehicleLeave] Player OrdepRoinuj [uid=jho7WUBGAZrvFnn8RJJsJvDzNHi4rQTd5HHL__KErjY=] left vehicle MUSTANG Red (id=9BD8FD29ED47315A07AF89B80FD27B80 pos=<6201.703613, 20.650211, 13640.704102>)
20:06:59.882 [VehicleEnter] Player OrdepRoinuj [uid=jho7WUBGAZrvFnn8RJJsJvDzNHi4rQTd5HHL__KErjY=] entered vehicle MUSTANG Red (id=9BD8FD29ED47315A07AF89B80FD27B80 pos=<6201.703613, 20.650240, 13640.705078>) as driver
20:07:00.375 [Expansion Quests] - CancelQuestServer - Player with UID ebo0O4yOjYkK486s9SoqLuFc3tRe1vP1S2eE1IJxhV4= has cancelled quest 41
20:07:23.554 [VehicleCarKey] Player "Lou Sassole" (id=ebo0O4yOjYkK486s9SoqLuFc3tRe1vP1S2eE1IJxhV4= pos=<5623.858887, 28.722462, 5413.228027>) used the  ExpansionCarKey to unlock HAMMER_H1_black_rust (id=5877895E9F4C8718E7F19DA49AA485C9 pos=<5626.751465, 28.750351, 5416.445801>)
20:07:32.515 [VehicleLeave] Player OrdepRoinuj [uid=jho7WUBGAZrvFnn8RJJsJvDzNHi4rQTd5HHL__KErjY=] left vehicle MUSTANG Red (id=9BD8FD29ED47315A07AF89B80FD27B80 pos=<6576.437500, 19.538752, 13648.052734>)
20:07:56.453 [VehicleEnter] Player OrdepRoinuj [uid=jho7WUBGAZrvFnn8RJJsJvDzNHi4rQTd5HHL__KErjY=] entered vehicle MUSTANG Red (id=9BD8FD29ED47315A07AF89B80FD27B80 pos=<6576.437012, 19.538752, 13648.052734>) as driver
20:08:35.218 [VehicleLeave] Player OrdepRoinuj [uid=jho7WUBGAZrvFnn8RJJsJvDzNHi4rQTd5HHL__KErjY=] left vehicle MUSTANG Red (id=9BD8FD29ED47315A07AF89B80FD27B80 pos=<7003.728027, 20.233698, 13838.900391>)
20:09:33.507 [VehicleEnter] Player OrdepRoinuj [uid=jho7WUBGAZrvFnn8RJJsJvDzNHi4rQTd5HHL__KErjY=] entered vehicle MUSTANG Red (id=9BD8FD29ED47315A07AF89B80FD27B80 pos=<7003.727539, 20.233839, 13838.900391>) as driver
20:09:52.781 [VehicleCarKey] Player "Lou Sassole" (id=ebo0O4yOjYkK486s9SoqLuFc3tRe1vP1S2eE1IJxhV4= pos=<5624.060059, 28.722498, 5413.588867>) used the  ExpansionCarKey to lock HAMMER_H1_black_rust (id=5877895E9F4C8718E7F19DA49AA485C9 pos=<5626.751465, 28.750351, 5416.445801>)
20:10:03.359 [Expansion Quests] - CreateQuestInstance - Created new quest instance for with instance key ebo0O4yOjYkK486s9SoqLuFc3tRe1vP1S2eE1IJxhV4= for quest 81
20:11:02.351 [VehicleLeave] Player OrdepRoinuj [uid=jho7WUBGAZrvFnn8RJJsJvDzNHi4rQTd5HHL__KErjY=] left vehicle MUSTANG Red (id=9BD8FD29ED47315A07AF89B80FD27B80 pos=<6195.901855, 25.981998, 13970.410156>)
20:11:23.312 [VehicleEnter] Player OrdepRoinuj [uid=jho7WUBGAZrvFnn8RJJsJvDzNHi4rQTd5HHL__KErjY=] entered vehicle MUSTANG Red (id=9BD8FD29ED47315A07AF89B80FD27B80 pos=<6195.901855, 25.982010, 13970.409180>) as driver
20:15:42.140 [VehicleLeave] Player OrdepRoinuj [uid=jho7WUBGAZrvFnn8RJJsJvDzNHi4rQTd5HHL__KErjY=] left vehicle MUSTANG Red (id=9BD8FD29ED47315A07AF89B80FD27B80 pos=<6749.679199, 28.726797, 13990.672852>)
20:16:02.812 [VehicleEnter] Player OrdepRoinuj [uid=jho7WUBGAZrvFnn8RJJsJvDzNHi4rQTd5HHL__KErjY=] entered vehicle MUSTANG Red (id=9BD8FD29ED47315A07AF89B80FD27B80 pos=<6749.679199, 28.726679, 13990.672852>) as driver
20:16:14.460 [VehicleCarKey] Player "Captain Sodomy" (id=VsEWQWxzvcTpDLQgc9tVyxq5TiqDS9O3QehdBa_YkH8= pos=<7163.003906, 7.942500, 1565.000854>) used the  ExpansionCarKey to unlock ExpansionMerlin_Wave (id=9F47CBA416465C4C582220917E2971D0 pos=<7165.035156, 7.807377, 1566.693359>)
20:16:36.937 [Market] Player "Mansbridge" (id=QM7LViVt5sZd0hja19cF2rW2mCNEG7w2k3AFdalcF50=) has send a requested to purchase ammo_545x39 x400 from the trader "WeaponAccessories (Rolf [WEAPON ACCESSORIES])" in market zone "The Holler" (pos=<5632.000000, 32.000000, 5392.000000>).
20:16:37.054 [Market] Player "Mansbridge" (id=QM7LViVt5sZd0hja19cF2rW2mCNEG7w2k3AFdalcF50=) has bought ammo_545x39 x400 from the trader "WeaponAccessories (Rolf [WEAPON ACCESSORIES])" in market zone "The Holler" (pos=<5632.000000, 32.000000, 5392.000000>) for a price of 800.
20:17:07.812 [VehicleLeave] Player OrdepRoinuj [uid=jho7WUBGAZrvFnn8RJJsJvDzNHi4rQTd5HHL__KErjY=] left vehicle MUSTANG Red (id=9BD8FD29ED47315A07AF89B80FD27B80 pos=<6171.884766, 26.919735, 13786.904297>)
20:17:34.945 [VehicleCarKey] Player "Captain Sodomy" (id=VsEWQWxzvcTpDLQgc9tVyxq5TiqDS9O3QehdBa_YkH8= pos=<7162.686035, 7.942500, 1565.126343>) used the  ExpansionCarKey to lock ExpansionMerlin_Wave (id=9F47CBA416465C4C582220917E2971D0 pos=<7165.035156, 7.807377, 1566.693359>)
20:18:16.898 [VehicleEnter] Player OrdepRoinuj [uid=jho7WUBGAZrvFnn8RJJsJvDzNHi4rQTd5HHL__KErjY=] entered vehicle MUSTANG Red (id=9BD8FD29ED47315A07AF89B80FD27B80 pos=<6171.884277, 26.919735, 13786.904297>) as driver
20:18:42.171 [VehicleLeave] Player OrdepRoinuj [uid=jho7WUBGAZrvFnn8RJJsJvDzNHi4rQTd5HHL__KErjY=] left vehicle MUSTANG Red (id=9BD8FD29ED47315A07AF89B80FD27B80 pos=<6184.578613, 26.919741, 13782.540039>)
20:19:43.960 [VehicleEnter] Player OrdepRoinuj [uid=jho7WUBGAZrvFnn8RJJsJvDzNHi4rQTd5HHL__KErjY=] entered vehicle MUSTANG Red (id=9BD8FD29ED47315A07AF89B80FD27B80 pos=<6184.578613, 26.919739, 13782.540039>) as driver
20:20:11.843 [Party] Player "Lou Sassole" (id=ebo0O4yOjYkK486s9SoqLuFc3tRe1vP1S2eE1IJxhV4=) left the party "Loosey Goosey" (id=28 ownerUID=ebo0O4yOjYkK486s9SoqLuFc3tRe1vP1S2eE1IJxhV4= ownerName=Lou Sassole)
20:21:05.445 [VehicleLeave] Player OrdepRoinuj [uid=jho7WUBGAZrvFnn8RJJsJvDzNHi4rQTd5HHL__KErjY=] left vehicle MUSTANG Red (id=9BD8FD29ED47315A07AF89B80FD27B80 pos=<5899.800293, 3.169740, 13360.482422>)
20:21:43.984 [VehicleEnter] Player OrdepRoinuj [uid=jho7WUBGAZrvFnn8RJJsJvDzNHi4rQTd5HHL__KErjY=] entered vehicle MUSTANG Red (id=9BD8FD29ED47315A07AF89B80FD27B80 pos=<5899.800293, 3.169740, 13360.482422>) as driver
20:23:10.132 [AI Patrol] Spawning 3 Shamans bots at <4926.940430, 24.558325, 11912.254883>
20:24:17.351 [Safezone] Player "Lou Sassole" (id=ebo0O4yOjYkK486s9SoqLuFc3tRe1vP1S2eE1IJxhV4= pos=<5623.830566, 28.722498, 5414.499023>) Entered the safezone
20:24:17.351 [Party] Player "Lou Sassole" (id=ebo0O4yOjYkK486s9SoqLuFc3tRe1vP1S2eE1IJxhV4=) joinded the party "Loosey Goosey" (id=28 ownerUID=ebo0O4yOjYkK486s9SoqLuFc3tRe1vP1S2eE1IJxhV4= ownerName=Lou Sassole)
20:24:17.359 [Expansion Quests] - InitQuestSystemClient - Loaded existing player quest data for player with UID: ebo0O4yOjYkK486s9SoqLuFc3tRe1vP1S2eE1IJxhV4=
20:24:17.359 [Expansion Quests] - LoadGroupQuestData - Got cached group quest data for group with ID: 28
20:24:17.359 [Expansion Quests] - Create new quest instance for quest: 81 - Player UID: ebo0O4yOjYkK486s9SoqLuFc3tRe1vP1S2eE1IJxhV4=
20:24:18.304 [Expansion Quests] - LoadGroupQuestData - Got cached group quest data for group with ID: 28
20:25:28.015 [Expansion Quests] - CreateQuestInstance - Created new quest instance for with instance key QM7LViVt5sZd0hja19cF2rW2mCNEG7w2k3AFdalcF50= for quest 41
20:28:37.031 [Market] Player "Lou Sassole" (id=ebo0O4yOjYkK486s9SoqLuFc3tRe1vP1S2eE1IJxhV4=) has send a requested to purchase ammobox_9x19_25rnd x1 from the trader "WeaponAccessories (Rolf [WEAPON ACCESSORIES])" in market zone "The Holler" (pos=<5632.000000, 32.000000, 5392.000000>).
20:28:37.117 [Market] Player "Lou Sassole" (id=ebo0O4yOjYkK486s9SoqLuFc3tRe1vP1S2eE1IJxhV4=) has bought ammobox_9x19_25rnd x1 from the trader "WeaponAccessories (Rolf [WEAPON ACCESSORIES])" in market zone "The Holler" (pos=<5632.000000, 32.000000, 5392.000000>) for a price of 40.
20:29:09.460 [AI Patrol] Spawning 3 Power Plant Patrol bots at <4578.402344, 20.876387, 6904.176270>
20:30:08.359 [Expansion Quests] - CancelQuestServer - Player with UID ebo0O4yOjYkK486s9SoqLuFc3tRe1vP1S2eE1IJxhV4= has cancelled quest 81
20:30:21.609 [Expansion Quests] - CreateQuestInstance - Created new quest instance for with instance key ebo0O4yOjYkK486s9SoqLuFc3tRe1vP1S2eE1IJxhV4= for quest 3
20:30:50.734 [ATM] Player "Lou Sassole" (id=ebo0O4yOjYkK486s9SoqLuFc3tRe1vP1S2eE1IJxhV4=) has withdrawn 1000 from his ATM account.
20:31:00.382 [Market] Player "Lou Sassole" (id=ebo0O4yOjYkK486s9SoqLuFc3tRe1vP1S2eE1IJxhV4=) has send a requested to purchase leathersewingkit x1 from the trader "BuildingSupplies (Indar [BUILDINGS])" in market zone "The Holler" (pos=<5632.000000, 32.000000, 5392.000000>).
20:31:00.484 [Market] Player "Lou Sassole" (id=ebo0O4yOjYkK486s9SoqLuFc3tRe1vP1S2eE1IJxhV4=) has bought leathersewingkit x1 from the trader "BuildingSupplies (Indar [BUILDINGS])" in market zone "The Holler" (pos=<5632.000000, 32.000000, 5392.000000>) for a price of 110.
20:32:01.421 [VehicleCarKey] Player "Captain Sodomy" (id=VsEWQWxzvcTpDLQgc9tVyxq5TiqDS9O3QehdBa_YkH8= pos=<7166.394531, 9.267063, 1561.483154>) used the  ExpansionCarKey to unlock ExpansionMerlin_Wave (id=9F47CBA416465C4C582220917E2971D0 pos=<7165.035156, 7.807377, 1566.693359>)
20:32:02.890 [Expansion Quests] - CancelQuestServer - Player with UID ebo0O4yOjYkK486s9SoqLuFc3tRe1vP1S2eE1IJxhV4= has cancelled quest 3
20:32:05.148 [VehicleEnter] Player Captain Sodomy [uid=VsEWQWxzvcTpDLQgc9tVyxq5TiqDS9O3QehdBa_YkH8=] entered vehicle Merlin (id=9F47CBA416465C4C582220917E2971D0 pos=<7165.040039, 7.812501, 1566.701294>) as pilot
20:32:11.148 [VehicleEngine] Player Captain Sodomy [uid=VsEWQWxzvcTpDLQgc9tVyxq5TiqDS9O3QehdBa_YkH8=] started vehicle Merlin (id=9F47CBA416465C4C582220917E2971D0 pos=<7165.034668, 7.807529, 1566.699585>)
20:32:32.875 [Safezone] Player "Mansbridge" (id=QM7LViVt5sZd0hja19cF2rW2mCNEG7w2k3AFdalcF50= pos=<5646.249512, 28.193533, 5549.622070>) Left the safezone
20:32:44.937 [Safezone] Player "Mansbridge" (id=QM7LViVt5sZd0hja19cF2rW2mCNEG7w2k3AFdalcF50= pos=<5659.514160, 28.806082, 5528.983887>) Entered the safezone
20:32:50.078 [VehicleCarKey] Player "Lou Sassole" (id=ebo0O4yOjYkK486s9SoqLuFc3tRe1vP1S2eE1IJxhV4= pos=<5624.903809, 28.968327, 5417.193359>) used the  ExpansionCarKey to unlock HAMMER_H1_black_rust (id=5877895E9F4C8718E7F19DA49AA485C9 pos=<5626.751465, 28.750351, 5416.445801>)
20:32:56.210 [VehicleEnter] Player Lou Sassole [uid=ebo0O4yOjYkK486s9SoqLuFc3tRe1vP1S2eE1IJxhV4=] entered vehicle HAMMER_H1 black_rust (id=5877895E9F4C8718E7F19DA49AA485C9 pos=<5626.751465, 28.750353, 5416.445801>) as driver
20:33:04.617 [VehicleEngine] Player Lou Sassole [uid=ebo0O4yOjYkK486s9SoqLuFc3tRe1vP1S2eE1IJxhV4=] started vehicle HAMMER_H1 black_rust (id=5877895E9F4C8718E7F19DA49AA485C9 pos=<5626.751465, 28.750351, 5416.445801>)
20:33:24.492 [VehicleEngine] Player Lou Sassole [uid=ebo0O4yOjYkK486s9SoqLuFc3tRe1vP1S2eE1IJxhV4=] stopped vehicle HAMMER_H1 black_rust (id=5877895E9F4C8718E7F19DA49AA485C9 pos=<5661.556641, 28.738007, 5397.607422>)
20:33:30.640 [VehicleLeave] Player Lou Sassole [uid=ebo0O4yOjYkK486s9SoqLuFc3tRe1vP1S2eE1IJxhV4=] left vehicle HAMMER_H1 black_rust (id=5877895E9F4C8718E7F19DA49AA485C9 pos=<5661.556641, 28.738008, 5397.607422>)
20:34:04.289 [Safezone] Player "OrdepRoinuj" (id=jho7WUBGAZrvFnn8RJJsJvDzNHi4rQTd5HHL__KErjY= pos=<5675.172363, 33.015656, 5261.544922>) Entered the safezone
20:34:27.171 [VehicleEngine] Player Captain Sodomy [uid=VsEWQWxzvcTpDLQgc9tVyxq5TiqDS9O3QehdBa_YkH8=] stopped vehicle Merlin (id=9F47CBA416465C4C582220917E2971D0 pos=<8798.446289, 3.551159, 2467.607666>)
20:34:32.867 [VehicleLeave] Player Captain Sodomy [uid=VsEWQWxzvcTpDLQgc9tVyxq5TiqDS9O3QehdBa_YkH8=] left vehicle Merlin (id=9F47CBA416465C4C582220917E2971D0 pos=<8798.469727, 3.472834, 2467.613037>)
20:34:50.125 [VehicleEngine] Player OrdepRoinuj [uid=jho7WUBGAZrvFnn8RJJsJvDzNHi4rQTd5HHL__KErjY=] stopped vehicle MUSTANG Red (id=9BD8FD29ED47315A07AF89B80FD27B80 pos=<5638.972168, 28.767200, 5347.728027>)
20:34:53.820 [VehicleLeave] Player OrdepRoinuj [uid=jho7WUBGAZrvFnn8RJJsJvDzNHi4rQTd5HHL__KErjY=] left vehicle MUSTANG Red (id=9BD8FD29ED47315A07AF89B80FD27B80 pos=<5638.972168, 28.767202, 5347.728027>)
20:35:05.593 [VehicleCarKey] Player "OrdepRoinuj" (id=jho7WUBGAZrvFnn8RJJsJvDzNHi4rQTd5HHL__KErjY= pos=<5639.542969, 28.706709, 5346.508789>) used the  ExpansionCarKey to lock MUSTANG_red (id=9BD8FD29ED47315A07AF89B80FD27B80 pos=<5638.972168, 28.767199, 5347.728027>)
20:35:28.695 [VehicleEnter] Player Lou Sassole [uid=ebo0O4yOjYkK486s9SoqLuFc3tRe1vP1S2eE1IJxhV4=] entered vehicle HAMMER_H1 black_rust (id=5877895E9F4C8718E7F19DA49AA485C9 pos=<5661.556641, 28.738007, 5397.607422>) as driver
20:35:30.960 [VehicleEngine] Player Lou Sassole [uid=ebo0O4yOjYkK486s9SoqLuFc3tRe1vP1S2eE1IJxhV4=] started vehicle HAMMER_H1 black_rust (id=5877895E9F4C8718E7F19DA49AA485C9 pos=<5661.556641, 28.738010, 5397.607422>)
20:35:54.429 [VehicleCarKey] Player "Captain Sodomy" (id=VsEWQWxzvcTpDLQgc9tVyxq5TiqDS9O3QehdBa_YkH8= pos=<8799.810547, 3.585864, 2463.265869>) used the  ExpansionCarKey to lock ExpansionMerlin_Wave (id=9F47CBA416465C4C582220917E2971D0 pos=<8798.463867, 3.472100, 2467.593262>)
20:35:58.625 [Market] Player "OrdepRoinuj" (id=jho7WUBGAZrvFnn8RJJsJvDzNHi4rQTd5HHL__KErjY=) has send a requested to sell twp_coltpython x1 at the trader "Weapons (Oliver [WEAPONS])" in market zone "The Holler" (pos=<5632.000000, 32.000000, 5392.000000>).
20:35:58.820 [Market] Player "OrdepRoinuj" (id=jho7WUBGAZrvFnn8RJJsJvDzNHi4rQTd5HHL__KErjY=) has sold twp_coltpython x1 at the trader "Weapons (Oliver [WEAPONS])" in market zone "The Holler" (pos=<5632.000000, 32.000000, 5392.000000>) and got 440.
20:36:02.140 [VehicleLeave] Player Lou Sassole [uid=ebo0O4yOjYkK486s9SoqLuFc3tRe1vP1S2eE1IJxhV4=] left vehicle HAMMER_H1 black_rust (id=5877895E9F4C8718E7F19DA49AA485C9 pos=<5601.719238, 28.750349, 5359.148926>)
20:36:10.078 [Expansion Quests] - CreateQuestInstance - Created new quest instance for with instance key ebo0O4yOjYkK486s9SoqLuFc3tRe1vP1S2eE1IJxhV4= for quest 41
20:36:14.812 [VehicleEnter] Player Lou Sassole [uid=ebo0O4yOjYkK486s9SoqLuFc3tRe1vP1S2eE1IJxhV4=] entered vehicle HAMMER_H1 black_rust (id=5877895E9F4C8718E7F19DA49AA485C9 pos=<5601.719238, 28.750351, 5359.148926>) as driver
20:36:17.437 [VehicleEngine] Player Lou Sassole [uid=ebo0O4yOjYkK486s9SoqLuFc3tRe1vP1S2eE1IJxhV4=] started vehicle HAMMER_H1 black_rust (id=5877895E9F4C8718E7F19DA49AA485C9 pos=<5601.719238, 28.750349, 5359.148926>)
20:36:22.296 [Market] Player "OrdepRoinuj" (id=jho7WUBGAZrvFnn8RJJsJvDzNHi4rQTd5HHL__KErjY=) has send a requested to sell pelt_goldenhind x1 at the trader "Hunting (Helga [HUNTING & FISHING])" in market zone "The Holler" (pos=<5632.000000, 32.000000, 5392.000000>).
20:36:22.507 [Market] Player "OrdepRoinuj" (id=jho7WUBGAZrvFnn8RJJsJvDzNHi4rQTd5HHL__KErjY=) has sold pelt_goldenhind x1 at the trader "Hunting (Helga [HUNTING & FISHING])" in market zone "The Holler" (pos=<5632.000000, 32.000000, 5392.000000>) and got 8250.
20:36:50.468 [Safezone] Player "Lou Sassole" (id=ebo0O4yOjYkK486s9SoqLuFc3tRe1vP1S2eE1IJxhV4= pos=<5811.626953, 28.702154, 5195.845703>) Left the safezone
20:36:58.156 [VehicleLeave] Player Lou Sassole [uid=ebo0O4yOjYkK486s9SoqLuFc3tRe1vP1S2eE1IJxhV4=] left vehicle HAMMER_H1 black_rust (id=5877895E9F4C8718E7F19DA49AA485C9 pos=<5850.656738, 31.532564, 5190.377930>)
20:37:09.882 [VehicleEnter] Player Lou Sassole [uid=ebo0O4yOjYkK486s9SoqLuFc3tRe1vP1S2eE1IJxhV4=] entered vehicle HAMMER_H1 black_rust (id=5877895E9F4C8718E7F19DA49AA485C9 pos=<5850.656738, 31.532568, 5190.377930>) as driver
20:37:12.203 [VehicleEngine] Player Lou Sassole [uid=ebo0O4yOjYkK486s9SoqLuFc3tRe1vP1S2eE1IJxhV4=] started vehicle HAMMER_H1 black_rust (id=5877895E9F4C8718E7F19DA49AA485C9 pos=<5850.657227, 31.532568, 5190.377930>)
20:38:08.476 [ATM] Player "Mansbridge" (id=QM7LViVt5sZd0hja19cF2rW2mCNEG7w2k3AFdalcF50=) has deposited 6845 on his ATM account.
20:38:38.835 [VehicleCarKey] Player "OrdepRoinuj" (id=jho7WUBGAZrvFnn8RJJsJvDzNHi4rQTd5HHL__KErjY= pos=<5639.552734, 28.702333, 5346.312012>) used the  ExpansionCarKey to unlock MUSTANG_red (id=9BD8FD29ED47315A07AF89B80FD27B80 pos=<5638.972168, 28.767199, 5347.728027>)
20:38:59.984 [VehicleLeave] Player Lou Sassole [uid=ebo0O4yOjYkK486s9SoqLuFc3tRe1vP1S2eE1IJxhV4=] left vehicle HAMMER_H1 black_rust (id=5877895E9F4C8718E7F19DA49AA485C9 pos=<7025.196777, 11.649806, 5692.321289>)
20:39:47.312 [VehicleEnter] Player Lou Sassole [uid=ebo0O4yOjYkK486s9SoqLuFc3tRe1vP1S2eE1IJxhV4=] entered vehicle HAMMER_H1 black_rust (id=5877895E9F4C8718E7F19DA49AA485C9 pos=<7025.196777, 11.649807, 5692.321289>) as driver
20:39:48.632 [VehicleEngine] Player Lou Sassole [uid=ebo0O4yOjYkK486s9SoqLuFc3tRe1vP1S2eE1IJxhV4=] started vehicle HAMMER_H1 black_rust (id=5877895E9F4C8718E7F19DA49AA485C9 pos=<7025.196777, 11.649807, 5692.321289>)
20:40:07.812 [VehicleCarKey] Player "OrdepRoinuj" (id=jho7WUBGAZrvFnn8RJJsJvDzNHi4rQTd5HHL__KErjY= pos=<5639.552734, 28.702333, 5346.312012>) used the  ExpansionCarKey to lock MUSTANG_red (id=9BD8FD29ED47315A07AF89B80FD27B80 pos=<5638.972168, 28.767199, 5347.728027>)
20:40:12.750 [VehicleLeave] Player Lou Sassole [uid=ebo0O4yOjYkK486s9SoqLuFc3tRe1vP1S2eE1IJxhV4=] left vehicle HAMMER_H1 black_rust (id=5877895E9F4C8718E7F19DA49AA485C9 pos=<7090.854492, 7.532996, 5437.680176>)
20:40:17.953 [VehicleCarKey] Player "Lou Sassole" (id=ebo0O4yOjYkK486s9SoqLuFc3tRe1vP1S2eE1IJxhV4= pos=<7092.791992, 7.436314, 5437.118652>) used the  ExpansionCarKey to lock HAMMER_H1_black_rust (id=5877895E9F4C8718E7F19DA49AA485C9 pos=<7090.854492, 7.532997, 5437.680176>)
20:40:33.406 [Market] Player "OrdepRoinuj" (id=jho7WUBGAZrvFnn8RJJsJvDzNHi4rQTd5HHL__KErjY=) has send a requested to sell radioactive_bear_pelt x1 at the trader "Hunting (Helga [HUNTING & FISHING])" in market zone "The Holler" (pos=<5632.000000, 32.000000, 5392.000000>).
20:40:33.625 [Market] Player "OrdepRoinuj" (id=jho7WUBGAZrvFnn8RJJsJvDzNHi4rQTd5HHL__KErjY=) has sold radioactive_bear_pelt x1 at the trader "Hunting (Helga [HUNTING & FISHING])" in market zone "The Holler" (pos=<5632.000000, 32.000000, 5392.000000>) and got 12000.
20:40:38.062 [Market] Player "OrdepRoinuj" (id=jho7WUBGAZrvFnn8RJJsJvDzNHi4rQTd5HHL__KErjY=) has send a requested to sell geb_fieldcricket x1 at the trader "Hunting (Helga [HUNTING & FISHING])" in market zone "The Holler" (pos=<5632.000000, 32.000000, 5392.000000>).
20:40:38.281 [Market] Player "OrdepRoinuj" (id=jho7WUBGAZrvFnn8RJJsJvDzNHi4rQTd5HHL__KErjY=) has sold geb_fieldcricket x1 at the trader "Hunting (Helga [HUNTING & FISHING])" in market zone "The Holler" (pos=<5632.000000, 32.000000, 5392.000000>) and got 45.
20:41:00.593 [Market] Player "OrdepRoinuj" (id=jho7WUBGAZrvFnn8RJJsJvDzNHi4rQTd5HHL__KErjY=) has send a requested to sell mag_expansion_g36_30rnd x2 at the trader "Weapons (Oliver [WEAPONS])" in market zone "The Holler" (pos=<5632.000000, 32.000000, 5392.000000>).
20:41:00.851 [Market] Player "OrdepRoinuj" (id=jho7WUBGAZrvFnn8RJJsJvDzNHi4rQTd5HHL__KErjY=) has sold mag_expansion_g36_30rnd x2 at the trader "Weapons (Oliver [WEAPONS])" in market zone "The Holler" (pos=<5632.000000, 32.000000, 5392.000000>) and got 374.
20:41:05.773 [Market] Player "OrdepRoinuj" (id=jho7WUBGAZrvFnn8RJJsJvDzNHi4rQTd5HHL__KErjY=) has send a requested to sell mag_expansion_m14_10rnd x1 at the trader "Weapons (Oliver [WEAPONS])" in market zone "The Holler" (pos=<5632.000000, 32.000000, 5392.000000>).
20:41:06.023 [Market] Player "OrdepRoinuj" (id=jho7WUBGAZrvFnn8RJJsJvDzNHi4rQTd5HHL__KErjY=) has sold mag_expansion_m14_10rnd x1 at the trader "Weapons (Oliver [WEAPONS])" in market zone "The Holler" (pos=<5632.000000, 32.000000, 5392.000000>) and got 77.
20:41:09.695 [Market] Player "OrdepRoinuj" (id=jho7WUBGAZrvFnn8RJJsJvDzNHi4rQTd5HHL__KErjY=) has send a requested to sell twp_berettapx4 x1 at the trader "Weapons (Oliver [WEAPONS])" in market zone "The Holler" (pos=<5632.000000, 32.000000, 5392.000000>).
20:41:09.921 [Market] Player "OrdepRoinuj" (id=jho7WUBGAZrvFnn8RJJsJvDzNHi4rQTd5HHL__KErjY=) has sold twp_berettapx4 x1 at the trader "Weapons (Oliver [WEAPONS])" in market zone "The Holler" (pos=<5632.000000, 32.000000, 5392.000000>) and got 65.
20:41:13.921 [Market] Player "OrdepRoinuj" (id=jho7WUBGAZrvFnn8RJJsJvDzNHi4rQTd5HHL__KErjY=) has send a requested to sell twp_glock18rebel x1 at the trader "Weapons (Oliver [WEAPONS])" in market zone "The Holler" (pos=<5632.000000, 32.000000, 5392.000000>).
20:41:14.125 [Market] Player "OrdepRoinuj" (id=jho7WUBGAZrvFnn8RJJsJvDzNHi4rQTd5HHL__KErjY=) has sold twp_glock18rebel x1 at the trader "Weapons (Oliver [WEAPONS])" in market zone "The Holler" (pos=<5632.000000, 32.000000, 5392.000000>) and got 65.
20:41:15.523 [Market] Player "OrdepRoinuj" (id=jho7WUBGAZrvFnn8RJJsJvDzNHi4rQTd5HHL__KErjY=) has send a requested to sell expansion_m9 x1 at the trader "Weapons (Oliver [WEAPONS])" in market zone "The Holler" (pos=<5632.000000, 32.000000, 5392.000000>).
20:41:15.750 [Market] Player "OrdepRoinuj" (id=jho7WUBGAZrvFnn8RJJsJvDzNHi4rQTd5HHL__KErjY=) has sold expansion_m9 x1 at the trader "Weapons (Oliver [WEAPONS])" in market zone "The Holler" (pos=<5632.000000, 32.000000, 5392.000000>) and got 65.
20:41:20.835 [Market] Player "OrdepRoinuj" (id=jho7WUBGAZrvFnn8RJJsJvDzNHi4rQTd5HHL__KErjY=) has send a requested to sell mag_saiga_5rnd x1 at the trader "Weapons (Oliver [WEAPONS])" in market zone "The Holler" (pos=<5632.000000, 32.000000, 5392.000000>).
20:41:21.046 [Market] Player "OrdepRoinuj" (id=jho7WUBGAZrvFnn8RJJsJvDzNHi4rQTd5HHL__KErjY=) has sold mag_saiga_5rnd x1 at the trader "Weapons (Oliver [WEAPONS])" in market zone "The Holler" (pos=<5632.000000, 32.000000, 5392.000000>) and got 59.
20:41:24.414 [Market] Player "OrdepRoinuj" (id=jho7WUBGAZrvFnn8RJJsJvDzNHi4rQTd5HHL__KErjY=) has send a requested to sell saiga x1 at the trader "Weapons (Oliver [WEAPONS])" in market zone "The Holler" (pos=<5632.000000, 32.000000, 5392.000000>).
20:41:24.617 [Market] Player "OrdepRoinuj" (id=jho7WUBGAZrvFnn8RJJsJvDzNHi4rQTd5HHL__KErjY=) has sold saiga x1 at the trader "Weapons (Oliver [WEAPONS])" in market zone "The Holler" (pos=<5632.000000, 32.000000, 5392.000000>) and got 2812.
20:41:29.703 [Market] Player "OrdepRoinuj" (id=jho7WUBGAZrvFnn8RJJsJvDzNHi4rQTd5HHL__KErjY=) has send a requested to sell mag_mp5_15rnd x1 at the trader "Weapons (Oliver [WEAPONS])" in market zone "The Holler" (pos=<5632.000000, 32.000000, 5392.000000>).
20:41:29.898 [Market] Player "OrdepRoinuj" (id=jho7WUBGAZrvFnn8RJJsJvDzNHi4rQTd5HHL__KErjY=) has sold mag_mp5_15rnd x1 at the trader "Weapons (Oliver [WEAPONS])" in market zone "The Holler" (pos=<5632.000000, 32.000000, 5392.000000>) and got 114.
20:41:31.781 [Market] Player "OrdepRoinuj" (id=jho7WUBGAZrvFnn8RJJsJvDzNHi4rQTd5HHL__KErjY=) has send a requested to sell mag_cz61_20rnd x1 at the trader "Weapons (Oliver [WEAPONS])" in market zone "The Holler" (pos=<5632.000000, 32.000000, 5392.000000>).
20:41:32.000 [Market] Player "OrdepRoinuj" (id=jho7WUBGAZrvFnn8RJJsJvDzNHi4rQTd5HHL__KErjY=) has sold mag_cz61_20rnd x1 at the trader "Weapons (Oliver [WEAPONS])" in market zone "The Holler" (pos=<5632.000000, 32.000000, 5392.000000>) and got 59.
20:41:34.656 [Market] Player "OrdepRoinuj" (id=jho7WUBGAZrvFnn8RJJsJvDzNHi4rQTd5HHL__KErjY=) has send a requested to sell mag_expansion_mp7_40rnd x1 at the trader "Weapons (Oliver [WEAPONS])" in market zone "The Holler" (pos=<5632.000000, 32.000000, 5392.000000>).
20:41:34.906 [Market] Player "OrdepRoinuj" (id=jho7WUBGAZrvFnn8RJJsJvDzNHi4rQTd5HHL__KErjY=) has sold mag_expansion_mp7_40rnd x1 at the trader "Weapons (Oliver [WEAPONS])" in market zone "The Holler" (pos=<5632.000000, 32.000000, 5392.000000>) and got 81.
20:41:40.148 [Market] Player "OrdepRoinuj" (id=jho7WUBGAZrvFnn8RJJsJvDzNHi4rQTd5HHL__KErjY=) has send a requested to sell mag_ij70_8rnd x1 at the trader "Weapons (Oliver [WEAPONS])" in market zone "The Holler" (pos=<5632.000000, 32.000000, 5392.000000>).
20:41:40.367 [Market] Player "OrdepRoinuj" (id=jho7WUBGAZrvFnn8RJJsJvDzNHi4rQTd5HHL__KErjY=) has sold mag_ij70_8rnd x1 at the trader "Weapons (Oliver [WEAPONS])" in market zone "The Holler" (pos=<5632.000000, 32.000000, 5392.000000>) and got 26.
20:41:43.093 [Market] Player "OrdepRoinuj" (id=jho7WUBGAZrvFnn8RJJsJvDzNHi4rQTd5HHL__KErjY=) has send a requested to sell mag_fnx45_15rnd x1 at the trader "Weapons (Oliver [WEAPONS])" in market zone "The Holler" (pos=<5632.000000, 32.000000, 5392.000000>).
20:41:43.312 [Market] Player "OrdepRoinuj" (id=jho7WUBGAZrvFnn8RJJsJvDzNHi4rQTd5HHL__KErjY=) has sold mag_fnx45_15rnd x1 at the trader "Weapons (Oliver [WEAPONS])" in market zone "The Holler" (pos=<5632.000000, 32.000000, 5392.000000>) and got 36.
20:41:47.312 [Market] Player "OrdepRoinuj" (id=jho7WUBGAZrvFnn8RJJsJvDzNHi4rQTd5HHL__KErjY=) has send a requested to sell twp_1911_wilsoncombat_mag_7rnd x1 at the trader "Weapons (Oliver [WEAPONS])" in market zone "The Holler" (pos=<5632.000000, 32.000000, 5392.000000>).
20:41:47.546 [Market] Player "OrdepRoinuj" (id=jho7WUBGAZrvFnn8RJJsJvDzNHi4rQTd5HHL__KErjY=) has sold twp_1911_wilsoncombat_mag_7rnd x1 at the trader "Weapons (Oliver [WEAPONS])" in market zone "The Holler" (pos=<5632.000000, 32.000000, 5392.000000>) and got 47.
20:43:41.062 [VehicleCarKey] Player "Lou Sassole" (id=ebo0O4yOjYkK486s9SoqLuFc3tRe1vP1S2eE1IJxhV4= pos=<7092.831543, 7.419324, 5436.941895>) used the  ExpansionCarKey to unlock HAMMER_H1_black_rust (id=5877895E9F4C8718E7F19DA49AA485C9 pos=<7090.854492, 7.532997, 5437.680176>)
20:43:47.148 [VehicleEnter] Player Lou Sassole [uid=ebo0O4yOjYkK486s9SoqLuFc3tRe1vP1S2eE1IJxhV4=] entered vehicle HAMMER_H1 black_rust (id=5877895E9F4C8718E7F19DA49AA485C9 pos=<7090.854492, 7.532996, 5437.680176>) as driver
20:43:50.335 [VehicleEngine] Player Lou Sassole [uid=ebo0O4yOjYkK486s9SoqLuFc3tRe1vP1S2eE1IJxhV4=] started vehicle HAMMER_H1 black_rust (id=5877895E9F4C8718E7F19DA49AA485C9 pos=<7090.854492, 7.532997, 5437.680176>)
20:44:33.460 [VehicleCarKey] Player "OrdepRoinuj" (id=jho7WUBGAZrvFnn8RJJsJvDzNHi4rQTd5HHL__KErjY= pos=<5639.178711, 28.695402, 5346.087402>) used the  ExpansionCarKey to unlock MUSTANG_red (id=9BD8FD29ED47315A07AF89B80FD27B80 pos=<5638.972168, 28.767199, 5347.728027>)
20:44:52.187 [VehicleLeave] Player Lou Sassole [uid=ebo0O4yOjYkK486s9SoqLuFc3tRe1vP1S2eE1IJxhV4=] left vehicle HAMMER_H1 black_rust (id=5877895E9F4C8718E7F19DA49AA485C9 pos=<7259.064941, 36.413834, 4654.705566>)
20:45:15.640 [VehicleCarKey] Player "OrdepRoinuj" (id=jho7WUBGAZrvFnn8RJJsJvDzNHi4rQTd5HHL__KErjY= pos=<5639.178711, 28.695402, 5346.087402>) used the  ExpansionCarKey to lock MUSTANG_red (id=9BD8FD29ED47315A07AF89B80FD27B80 pos=<5638.972168, 28.767199, 5347.728027>)
20:45:26.085 [VehicleEnter] Player Lou Sassole [uid=ebo0O4yOjYkK486s9SoqLuFc3tRe1vP1S2eE1IJxhV4=] entered vehicle HAMMER_H1 black_rust (id=5877895E9F4C8718E7F19DA49AA485C9 pos=<7259.064941, 36.413837, 4654.705566>) as driver
20:45:29.843 [VehicleEngine] Player Lou Sassole [uid=ebo0O4yOjYkK486s9SoqLuFc3tRe1vP1S2eE1IJxhV4=] started vehicle HAMMER_H1 black_rust (id=5877895E9F4C8718E7F19DA49AA485C9 pos=<7259.064941, 36.413834, 4654.705566>)
20:45:36.625 [Market] Player "OrdepRoinuj" (id=jho7WUBGAZrvFnn8RJJsJvDzNHi4rQTd5HHL__KErjY=) has send a requested to sell ump45 x1 at the trader "Weapons (Oliver [WEAPONS])" in market zone "The Holler" (pos=<5632.000000, 32.000000, 5392.000000>).
20:45:36.843 [Market] Player "OrdepRoinuj" (id=jho7WUBGAZrvFnn8RJJsJvDzNHi4rQTd5HHL__KErjY=) has sold ump45 x1 at the trader "Weapons (Oliver [WEAPONS])" in market zone "The Holler" (pos=<5632.000000, 32.000000, 5392.000000>) and got 712.
20:45:41.109 [Market] Player "OrdepRoinuj" (id=jho7WUBGAZrvFnn8RJJsJvDzNHi4rQTd5HHL__KErjY=) has send a requested to sell twp_usppsychodelic_mag_15rnd x1 at the trader "Weapons (Oliver [WEAPONS])" in market zone "The Holler" (pos=<5632.000000, 32.000000, 5392.000000>).
20:45:42.820 [Market] Player "OrdepRoinuj" (id=jho7WUBGAZrvFnn8RJJsJvDzNHi4rQTd5HHL__KErjY=) has sold twp_usppsychodelic_mag_15rnd x1 at the trader "Weapons (Oliver [WEAPONS])" in market zone "The Holler" (pos=<5632.000000, 32.000000, 5392.000000>) and got 192.
20:45:51.476 [Market] Player "OrdepRoinuj" (id=jho7WUBGAZrvFnn8RJJsJvDzNHi4rQTd5HHL__KErjY=) has send a requested to sell expansion_m9 x1 at the trader "Weapons (Oliver [WEAPONS])" in market zone "The Holler" (pos=<5632.000000, 32.000000, 5392.000000>).
20:45:51.687 [Market] Player "OrdepRoinuj" (id=jho7WUBGAZrvFnn8RJJsJvDzNHi4rQTd5HHL__KErjY=) has sold expansion_m9 x1 at the trader "Weapons (Oliver [WEAPONS])" in market zone "The Holler" (pos=<5632.000000, 32.000000, 5392.000000>) and got 98.
20:45:55.414 [Market] Player "OrdepRoinuj" (id=jho7WUBGAZrvFnn8RJJsJvDzNHi4rQTd5HHL__KErjY=) has send a requested to sell twp_p2000toxic x1 at the trader "Weapons (Oliver [WEAPONS])" in market zone "The Holler" (pos=<5632.000000, 32.000000, 5392.000000>).
20:45:55.625 [Market] Player "OrdepRoinuj" (id=jho7WUBGAZrvFnn8RJJsJvDzNHi4rQTd5HHL__KErjY=) has sold twp_p2000toxic x1 at the trader "Weapons (Oliver [WEAPONS])" in market zone "The Holler" (pos=<5632.000000, 32.000000, 5392.000000>) and got 131.
20:45:57.585 [Market] Player "OrdepRoinuj" (id=jho7WUBGAZrvFnn8RJJsJvDzNHi4rQTd5HHL__KErjY=) has send a requested to sell colt1911 x1 at the trader "Weapons (Oliver [WEAPONS])" in market zone "The Holler" (pos=<5632.000000, 32.000000, 5392.000000>).
20:45:57.804 [Market] Player "OrdepRoinuj" (id=jho7WUBGAZrvFnn8RJJsJvDzNHi4rQTd5HHL__KErjY=) has sold colt1911 x1 at the trader "Weapons (Oliver [WEAPONS])" in market zone "The Holler" (pos=<5632.000000, 32.000000, 5392.000000>) and got 360.
20:46:37.664 [VehicleLeave] Player Lou Sassole [uid=ebo0O4yOjYkK486s9SoqLuFc3tRe1vP1S2eE1IJxhV4=] left vehicle HAMMER_H1 black_rust (id=5877895E9F4C8718E7F19DA49AA485C9 pos=<7571.192871, 23.638136, 3928.773193>)
20:46:38.710 [Market] Player "OrdepRoinuj" (id=jho7WUBGAZrvFnn8RJJsJvDzNHi4rQTd5HHL__KErjY=) has send a requested to purchase epoxyputty x1 from the trader "BuildingSupplies (Indar [BUILDINGS])" in market zone "The Holler" (pos=<5632.000000, 32.000000, 5392.000000>).
20:46:38.960 [Market] Player "OrdepRoinuj" (id=jho7WUBGAZrvFnn8RJJsJvDzNHi4rQTd5HHL__KErjY=) has bought epoxyputty x1 from the trader "BuildingSupplies (Indar [BUILDINGS])" in market zone "The Holler" (pos=<5632.000000, 32.000000, 5392.000000>) for a price of 15.
20:46:42.648 [VehicleCarKey] Player "Lou Sassole" (id=ebo0O4yOjYkK486s9SoqLuFc3tRe1vP1S2eE1IJxhV4= pos=<7569.040527, 23.612499, 3928.169434>) used the  ExpansionCarKey to lock HAMMER_H1_black_rust (id=5877895E9F4C8718E7F19DA49AA485C9 pos=<7571.192871, 23.638136, 3928.773193>)
20:47:18.429 [Market] Player "OrdepRoinuj" (id=jho7WUBGAZrvFnn8RJJsJvDzNHi4rQTd5HHL__KErjY=) has send a requested to sell smallprotectorcase x1 at the trader "BuildingSupplies (Indar [BUILDINGS])" in market zone "The Holler" (pos=<5632.000000, 32.000000, 5392.000000>).
20:47:18.671 [Market] Player "OrdepRoinuj" (id=jho7WUBGAZrvFnn8RJJsJvDzNHi4rQTd5HHL__KErjY=) has sold smallprotectorcase x1 at the trader "BuildingSupplies (Indar [BUILDINGS])" in market zone "The Holler" (pos=<5632.000000, 32.000000, 5392.000000>) and got 393.
20:47:24.789 [Market] Player "OrdepRoinuj" (id=jho7WUBGAZrvFnn8RJJsJvDzNHi4rQTd5HHL__KErjY=) has send a requested to sell combinationlock4 x1 at the trader "BuildingSupplies (Indar [BUILDINGS])" in market zone "The Holler" (pos=<5632.000000, 32.000000, 5392.000000>).
20:47:25.007 [Market] Player "OrdepRoinuj" (id=jho7WUBGAZrvFnn8RJJsJvDzNHi4rQTd5HHL__KErjY=) has sold combinationlock4 x1 at the trader "BuildingSupplies (Indar [BUILDINGS])" in market zone "The Holler" (pos=<5632.000000, 32.000000, 5392.000000>) and got 337.
20:47:32.234 [Market] Player "OrdepRoinuj" (id=jho7WUBGAZrvFnn8RJJsJvDzNHi4rQTd5HHL__KErjY=) has send a requested to sell paper x1 at the trader "BuildingSupplies (Indar [BUILDINGS])" in market zone "The Holler" (pos=<5632.000000, 32.000000, 5392.000000>).
20:47:32.453 [Market] Player "OrdepRoinuj" (id=jho7WUBGAZrvFnn8RJJsJvDzNHi4rQTd5HHL__KErjY=) has sold paper x1 at the trader "BuildingSupplies (Indar [BUILDINGS])" in market zone "The Holler" (pos=<5632.000000, 32.000000, 5392.000000>) and got 1.
20:49:47.585 [VehicleCarKey] Player "OrdepRoinuj" (id=jho7WUBGAZrvFnn8RJJsJvDzNHi4rQTd5HHL__KErjY= pos=<5639.105957, 28.691807, 5345.943848>) used the  ExpansionCarKey to unlock MUSTANG_red (id=9BD8FD29ED47315A07AF89B80FD27B80 pos=<5638.972168, 28.767199, 5347.728027>)
20:52:10.101 [VehicleCarKey] Player "OrdepRoinuj" (id=jho7WUBGAZrvFnn8RJJsJvDzNHi4rQTd5HHL__KErjY= pos=<5639.105957, 28.691807, 5345.943848>) used the  ExpansionCarKey to lock MUSTANG_red (id=9BD8FD29ED47315A07AF89B80FD27B80 pos=<5638.972168, 28.767199, 5347.728027>)
20:52:38.492 [Market] Player "OrdepRoinuj" (id=jho7WUBGAZrvFnn8RJJsJvDzNHi4rQTd5HHL__KErjY=) has send a requested to purchase weaponcleaningkit x1 from the trader "BuildingSupplies (Indar [BUILDINGS])" in market zone "The Holler" (pos=<5632.000000, 32.000000, 5392.000000>).
20:52:38.726 [Market] Player "OrdepRoinuj" (id=jho7WUBGAZrvFnn8RJJsJvDzNHi4rQTd5HHL__KErjY=) has bought weaponcleaningkit x1 from the trader "BuildingSupplies (Indar [BUILDINGS])" in market zone "The Holler" (pos=<5632.000000, 32.000000, 5392.000000>) for a price of 280.
20:53:48.718 [Market] Player "OrdepRoinuj" (id=jho7WUBGAZrvFnn8RJJsJvDzNHi4rQTd5HHL__KErjY=) has send a requested to sell twp_glock18honor_mag_17rnd x1 at the trader "Weapons (Oliver [WEAPONS])" in market zone "The Holler" (pos=<5632.000000, 32.000000, 5392.000000>).
20:53:48.937 [Market] Player "OrdepRoinuj" (id=jho7WUBGAZrvFnn8RJJsJvDzNHi4rQTd5HHL__KErjY=) has sold twp_glock18honor_mag_17rnd x1 at the trader "Weapons (Oliver [WEAPONS])" in market zone "The Holler" (pos=<5632.000000, 32.000000, 5392.000000>) and got 201.
20:53:52.234 [Market] Player "OrdepRoinuj" (id=jho7WUBGAZrvFnn8RJJsJvDzNHi4rQTd5HHL__KErjY=) has send a requested to sell twp_p2000bluegirl x1 at the trader "Weapons (Oliver [WEAPONS])" in market zone "The Holler" (pos=<5632.000000, 32.000000, 5392.000000>).
20:53:52.460 [Market] Player "OrdepRoinuj" (id=jho7WUBGAZrvFnn8RJJsJvDzNHi4rQTd5HHL__KErjY=) has sold twp_p2000bluegirl x1 at the trader "Weapons (Oliver [WEAPONS])" in market zone "The Holler" (pos=<5632.000000, 32.000000, 5392.000000>) and got 131.
20:53:59.578 [Market] Player "OrdepRoinuj" (id=jho7WUBGAZrvFnn8RJJsJvDzNHi4rQTd5HHL__KErjY=) has send a requested to sell ump45 x1 at the trader "Weapons (Oliver [WEAPONS])" in market zone "The Holler" (pos=<5632.000000, 32.000000, 5392.000000>).
20:53:59.804 [Market] Player "OrdepRoinuj" (id=jho7WUBGAZrvFnn8RJJsJvDzNHi4rQTd5HHL__KErjY=) has sold ump45 x1 at the trader "Weapons (Oliver [WEAPONS])" in market zone "The Holler" (pos=<5632.000000, 32.000000, 5392.000000>) and got 2137.
20:54:31.460 [Market] Player "OrdepRoinuj" (id=jho7WUBGAZrvFnn8RJJsJvDzNHi4rQTd5HHL__KErjY=) has send a requested to sell cp_jointstardawg x1 at the trader "Weed (Naomi [WEED])" in market zone "The Holler" (pos=<5632.000000, 32.000000, 5392.000000>).
20:54:31.687 [Market] Player "OrdepRoinuj" (id=jho7WUBGAZrvFnn8RJJsJvDzNHi4rQTd5HHL__KErjY=) has sold cp_jointstardawg x1 at the trader "Weed (Naomi [WEED])" in market zone "The Holler" (pos=<5632.000000, 32.000000, 5392.000000>) and got 300.
20:54:32.578 [Market] Player "OrdepRoinuj" (id=jho7WUBGAZrvFnn8RJJsJvDzNHi4rQTd5HHL__KErjY=) has send a requested to sell cp_jointstardawg x1 at the trader "Weed (Naomi [WEED])" in market zone "The Holler" (pos=<5632.000000, 32.000000, 5392.000000>).
20:54:32.671 [VehicleCarKey] Player "Captain Sodomy" (id=VsEWQWxzvcTpDLQgc9tVyxq5TiqDS9O3QehdBa_YkH8= pos=<8803.121094, 3.571456, 2466.702881>) used the  ExpansionCarKey to unlock ExpansionMerlin_Wave (id=9F47CBA416465C4C582220917E2971D0 pos=<8798.434570, 3.472521, 2467.479248>)
20:54:32.773 [Market] Player "OrdepRoinuj" (id=jho7WUBGAZrvFnn8RJJsJvDzNHi4rQTd5HHL__KErjY=) has sold cp_jointstardawg x1 at the trader "Weed (Naomi [WEED])" in market zone "The Holler" (pos=<5632.000000, 32.000000, 5392.000000>) and got 300.
20:54:34.226 [Market] Player "OrdepRoinuj" (id=jho7WUBGAZrvFnn8RJJsJvDzNHi4rQTd5HHL__KErjY=) has send a requested to sell cp_jointkush x1 at the trader "Weed (Naomi [WEED])" in market zone "The Holler" (pos=<5632.000000, 32.000000, 5392.000000>).
20:54:34.437 [Market] Player "OrdepRoinuj" (id=jho7WUBGAZrvFnn8RJJsJvDzNHi4rQTd5HHL__KErjY=) has sold cp_jointkush x1 at the trader "Weed (Naomi [WEED])" in market zone "The Holler" (pos=<5632.000000, 32.000000, 5392.000000>) and got 300.
20:54:35.867 [Market] Player "OrdepRoinuj" (id=jho7WUBGAZrvFnn8RJJsJvDzNHi4rQTd5HHL__KErjY=) has send a requested to sell cp_cigarettepack_cannabisskunk x1 at the trader "Weed (Naomi [WEED])" in market zone "The Holler" (pos=<5632.000000, 32.000000, 5392.000000>).
20:54:36.078 [Market] Player "OrdepRoinuj" (id=jho7WUBGAZrvFnn8RJJsJvDzNHi4rQTd5HHL__KErjY=) has sold cp_cigarettepack_cannabisskunk x1 at the trader "Weed (Naomi [WEED])" in market zone "The Holler" (pos=<5632.000000, 32.000000, 5392.000000>) and got 675.
20:54:37.296 [Market] Player "OrdepRoinuj" (id=jho7WUBGAZrvFnn8RJJsJvDzNHi4rQTd5HHL__KErjY=) has send a requested to sell cp_cigarettepack_cannabisblackfrost x1 at the trader "Weed (Naomi [WEED])" in market zone "The Holler" (pos=<5632.000000, 32.000000, 5392.000000>).
20:54:37.507 [Market] Player "OrdepRoinuj" (id=jho7WUBGAZrvFnn8RJJsJvDzNHi4rQTd5HHL__KErjY=) has sold cp_cigarettepack_cannabisblackfrost x1 at the trader "Weed (Naomi [WEED])" in market zone "The Holler" (pos=<5632.000000, 32.000000, 5392.000000>) and got 1912.
20:54:39.148 [Market] Player "OrdepRoinuj" (id=jho7WUBGAZrvFnn8RJJsJvDzNHi4rQTd5HHL__KErjY=) has send a requested to sell cp_cigarettepack_cannabisskunk x1 at the trader "Weed (Naomi [WEED])" in market zone "The Holler" (pos=<5632.000000, 32.000000, 5392.000000>).
20:54:39.429 [Market] Player "OrdepRoinuj" (id=jho7WUBGAZrvFnn8RJJsJvDzNHi4rQTd5HHL__KErjY=) has sold cp_cigarettepack_cannabisskunk x1 at the trader "Weed (Naomi [WEED])" in market zone "The Holler" (pos=<5632.000000, 32.000000, 5392.000000>) and got 56.
20:54:59.578 [VehicleEnter] Player Captain Sodomy [uid=VsEWQWxzvcTpDLQgc9tVyxq5TiqDS9O3QehdBa_YkH8=] entered vehicle Merlin (id=9F47CBA416465C4C582220917E2971D0 pos=<8798.434570, 3.472521, 2467.479248>) as pilot
20:55:32.968 [Market] Player "OrdepRoinuj" (id=jho7WUBGAZrvFnn8RJJsJvDzNHi4rQTd5HHL__KErjY=) has send a requested to sell epinephrine x1 at the trader "Medicals (Linda [MEDICAL])" in market zone "The Holler" (pos=<5632.000000, 32.000000, 5392.000000>).
20:55:33.187 [Market] Player "OrdepRoinuj" (id=jho7WUBGAZrvFnn8RJJsJvDzNHi4rQTd5HHL__KErjY=) has sold epinephrine x1 at the trader "Medicals (Linda [MEDICAL])" in market zone "The Holler" (pos=<5632.000000, 32.000000, 5392.000000>) and got 375.
20:55:39.539 [VehicleEngine] Player Captain Sodomy [uid=VsEWQWxzvcTpDLQgc9tVyxq5TiqDS9O3QehdBa_YkH8=] started vehicle Merlin (id=9F47CBA416465C4C582220917E2971D0 pos=<8798.434570, 3.472522, 2467.479248>)
20:55:50.328 [Market] Player "OrdepRoinuj" (id=jho7WUBGAZrvFnn8RJJsJvDzNHi4rQTd5HHL__KErjY=) has send a requested to sell expansionhelicopterbattery x1 at the trader "Vehicles (Lewis [VEHICLES])" in market zone "The Holler" (pos=<5632.000000, 32.000000, 5392.000000>).
20:55:50.562 [Market] Player "OrdepRoinuj" (id=jho7WUBGAZrvFnn8RJJsJvDzNHi4rQTd5HHL__KErjY=) has sold expansionhelicopterbattery x1 at the trader "Vehicles (Lewis [VEHICLES])" in market zone "The Holler" (pos=<5632.000000, 32.000000, 5392.000000>) and got 4500.
20:55:58.718 [Market] Player "OrdepRoinuj" (id=jho7WUBGAZrvFnn8RJJsJvDzNHi4rQTd5HHL__KErjY=) has send a requested to purchase expansioncarkey x1 from the trader "Vehicles (Lewis [VEHICLES])" in market zone "The Holler" (pos=<5632.000000, 32.000000, 5392.000000>).
20:55:58.937 [Market] Player "OrdepRoinuj" (id=jho7WUBGAZrvFnn8RJJsJvDzNHi4rQTd5HHL__KErjY=) has bought expansioncarkey x1 from the trader "Vehicles (Lewis [VEHICLES])" in market zone "The Holler" (pos=<5632.000000, 32.000000, 5392.000000>) for a price of 500.
20:56:18.281 [AI Patrol] Spawning 3 Camp Eagle Patrol bots at <8794.141602, 45.422707, 3760.361328>
20:56:38.835 [Market] Player "OrdepRoinuj" (id=jho7WUBGAZrvFnn8RJJsJvDzNHi4rQTd5HHL__KErjY=) has send a requested to purchase expansioncarkey x1 from the trader "Vehicles (Lewis [VEHICLES])" in market zone "The Holler" (pos=<5632.000000, 32.000000, 5392.000000>).
20:56:39.062 [Market] Player "OrdepRoinuj" (id=jho7WUBGAZrvFnn8RJJsJvDzNHi4rQTd5HHL__KErjY=) has bought expansioncarkey x1 from the trader "Vehicles (Lewis [VEHICLES])" in market zone "The Holler" (pos=<5632.000000, 32.000000, 5392.000000>) for a price of 500.
20:56:40.078 [Market] Player "OrdepRoinuj" (id=jho7WUBGAZrvFnn8RJJsJvDzNHi4rQTd5HHL__KErjY=) has send a requested to purchase expansionkeychain_red x1 from the trader "Vehicles (Lewis [VEHICLES])" in market zone "The Holler" (pos=<5632.000000, 32.000000, 5392.000000>).
20:56:40.289 [Market] Player "OrdepRoinuj" (id=jho7WUBGAZrvFnn8RJJsJvDzNHi4rQTd5HHL__KErjY=) has bought expansionkeychain_red x1 from the trader "Vehicles (Lewis [VEHICLES])" in market zone "The Holler" (pos=<5632.000000, 32.000000, 5392.000000>) for a price of 100.
20:57:21.109 [Market] Player "OrdepRoinuj" (id=jho7WUBGAZrvFnn8RJJsJvDzNHi4rQTd5HHL__KErjY=) has send a requested to purchase expansionkeychain_red x1 from the trader "Vehicles (Lewis [VEHICLES])" in market zone "The Holler" (pos=<5632.000000, 32.000000, 5392.000000>).
20:57:21.335 [Market] Player "OrdepRoinuj" (id=jho7WUBGAZrvFnn8RJJsJvDzNHi4rQTd5HHL__KErjY=) has bought expansionkeychain_red x1 from the trader "Vehicles (Lewis [VEHICLES])" in market zone "The Holler" (pos=<5632.000000, 32.000000, 5392.000000>) for a price of 100.
20:57:22.554 [Market] Player "OrdepRoinuj" (id=jho7WUBGAZrvFnn8RJJsJvDzNHi4rQTd5HHL__KErjY=) has send a requested to purchase expansioncarkey x1 from the trader "Vehicles (Lewis [VEHICLES])" in market zone "The Holler" (pos=<5632.000000, 32.000000, 5392.000000>).
20:57:22.789 [Market] Player "OrdepRoinuj" (id=jho7WUBGAZrvFnn8RJJsJvDzNHi4rQTd5HHL__KErjY=) has bought expansioncarkey x1 from the trader "Vehicles (Lewis [VEHICLES])" in market zone "The Holler" (pos=<5632.000000, 32.000000, 5392.000000>) for a price of 500.
20:57:27.312 [Market] Player "OrdepRoinuj" (id=jho7WUBGAZrvFnn8RJJsJvDzNHi4rQTd5HHL__KErjY=) has send a requested to purchase expansioncarkey x1 from the trader "Vehicles (Lewis [VEHICLES])" in market zone "The Holler" (pos=<5632.000000, 32.000000, 5392.000000>).
20:57:27.539 [Market] Player "OrdepRoinuj" (id=jho7WUBGAZrvFnn8RJJsJvDzNHi4rQTd5HHL__KErjY=) has bought expansioncarkey x1 from the trader "Vehicles (Lewis [VEHICLES])" in market zone "The Holler" (pos=<5632.000000, 32.000000, 5392.000000>) for a price of 500.
20:57:28.593 [Market] Player "OrdepRoinuj" (id=jho7WUBGAZrvFnn8RJJsJvDzNHi4rQTd5HHL__KErjY=) has send a requested to purchase expansionkeychain_yellow x1 from the trader "Vehicles (Lewis [VEHICLES])" in market zone "The Holler" (pos=<5632.000000, 32.000000, 5392.000000>).
20:57:28.796 [Market] Player "OrdepRoinuj" (id=jho7WUBGAZrvFnn8RJJsJvDzNHi4rQTd5HHL__KErjY=) has bought expansionkeychain_yellow x1 from the trader "Vehicles (Lewis [VEHICLES])" in market zone "The Holler" (pos=<5632.000000, 32.000000, 5392.000000>) for a price of 100.
20:57:29.703 [Market] Player "OrdepRoinuj" (id=jho7WUBGAZrvFnn8RJJsJvDzNHi4rQTd5HHL__KErjY=) has send a requested to purchase expansionkeychain_yellow x1 from the trader "Vehicles (Lewis [VEHICLES])" in market zone "The Holler" (pos=<5632.000000, 32.000000, 5392.000000>).
20:57:29.890 [Market] Player "OrdepRoinuj" (id=jho7WUBGAZrvFnn8RJJsJvDzNHi4rQTd5HHL__KErjY=) has bought expansionkeychain_yellow x1 from the trader "Vehicles (Lewis [VEHICLES])" in market zone "The Holler" (pos=<5632.000000, 32.000000, 5392.000000>) for a price of 100.
20:57:51.304 [VehicleCarKey] Player "Lou Sassole" (id=ebo0O4yOjYkK486s9SoqLuFc3tRe1vP1S2eE1IJxhV4= pos=<7569.170898, 23.612499, 3928.639160>) used the  ExpansionCarKey to unlock HAMMER_H1_black_rust (id=5877895E9F4C8718E7F19DA49AA485C9 pos=<7571.192871, 23.638136, 3928.773193>)
20:57:57.640 [VehicleEnter] Player Lou Sassole [uid=ebo0O4yOjYkK486s9SoqLuFc3tRe1vP1S2eE1IJxhV4=] entered vehicle HAMMER_H1 black_rust (id=5877895E9F4C8718E7F19DA49AA485C9 pos=<7571.192871, 23.638136, 3928.772949>) as driver
20:57:57.968 [VehicleEngine] Player Captain Sodomy [uid=VsEWQWxzvcTpDLQgc9tVyxq5TiqDS9O3QehdBa_YkH8=] stopped vehicle Merlin (id=9F47CBA416465C4C582220917E2971D0 pos=<9801.492188, 6.730483, 4416.746582>)
20:58:00.031 [VehicleEngine] Player Lou Sassole [uid=ebo0O4yOjYkK486s9SoqLuFc3tRe1vP1S2eE1IJxhV4=] started vehicle HAMMER_H1 black_rust (id=5877895E9F4C8718E7F19DA49AA485C9 pos=<7571.192871, 23.638136, 3928.772949>)
20:58:01.742 [VehicleLeave] Player Captain Sodomy [uid=VsEWQWxzvcTpDLQgc9tVyxq5TiqDS9O3QehdBa_YkH8=] left vehicle Merlin (id=9F47CBA416465C4C582220917E2971D0 pos=<9801.508789, 6.719188, 4416.454102>)
21:00:02.179 [Market] Player "OrdepRoinuj" (id=jho7WUBGAZrvFnn8RJJsJvDzNHi4rQTd5HHL__KErjY=) has send a requested to purchase acogoptic_6x x1 from the trader "WeaponAccessories (Rolf [WEAPON ACCESSORIES])" in market zone "The Holler" (pos=<5632.000000, 32.000000, 5392.000000>).
21:00:02.445 [Market] Player "OrdepRoinuj" (id=jho7WUBGAZrvFnn8RJJsJvDzNHi4rQTd5HHL__KErjY=) has bought acogoptic_6x x1 from the trader "WeaponAccessories (Rolf [WEAPON ACCESSORIES])" in market zone "The Holler" (pos=<5632.000000, 32.000000, 5392.000000>) for a price of 2200.
21:02:02.648 [Safezone] Player "Lou Sassole" (id=ebo0O4yOjYkK486s9SoqLuFc3tRe1vP1S2eE1IJxhV4= pos=<5675.898926, 33.293289, 5261.428223>) Entered the safezone
21:02:32.312 [VehicleLeave] Player Lou Sassole [uid=ebo0O4yOjYkK486s9SoqLuFc3tRe1vP1S2eE1IJxhV4=] left vehicle HAMMER_H1 black_rust (id=5877895E9F4C8718E7F19DA49AA485C9 pos=<5627.662598, 28.750349, 5416.097168>)
21:02:37.343 [VehicleCarKey] Player "Lou Sassole" (id=ebo0O4yOjYkK486s9SoqLuFc3tRe1vP1S2eE1IJxhV4= pos=<5625.649414, 28.722492, 5417.778320>) used the  ExpansionCarKey to lock HAMMER_H1_black_rust (id=5877895E9F4C8718E7F19DA49AA485C9 pos=<5627.662598, 28.750351, 5416.097168>)
21:02:53.546 [Market] Player "OrdepRoinuj" (id=jho7WUBGAZrvFnn8RJJsJvDzNHi4rQTd5HHL__KErjY=) has send a requested to sell ammo_762x54tracer x16 at the trader "WeaponAccessories (Rolf [WEAPON ACCESSORIES])" in market zone "The Holler" (pos=<5632.000000, 32.000000, 5392.000000>).
21:02:53.757 [Market] Player "OrdepRoinuj" (id=jho7WUBGAZrvFnn8RJJsJvDzNHi4rQTd5HHL__KErjY=) has sold ammo_762x54tracer x16 at the trader "WeaponAccessories (Rolf [WEAPON ACCESSORIES])" in market zone "The Holler" (pos=<5632.000000, 32.000000, 5392.000000>) and got 48.
21:03:17.921 [Market] Player "OrdepRoinuj" (id=jho7WUBGAZrvFnn8RJJsJvDzNHi4rQTd5HHL__KErjY=) has send a requested to purchase ammo_556x45 x200 from the trader "WeaponAccessories (Rolf [WEAPON ACCESSORIES])" in market zone "The Holler" (pos=<5632.000000, 32.000000, 5392.000000>).
21:03:18.148 [Market] Player "OrdepRoinuj" (id=jho7WUBGAZrvFnn8RJJsJvDzNHi4rQTd5HHL__KErjY=) has bought ammo_556x45 x200 from the trader "WeaponAccessories (Rolf [WEAPON ACCESSORIES])" in market zone "The Holler" (pos=<5632.000000, 32.000000, 5392.000000>) for a price of 400.
21:03:19.671 [Market] Player "Lou Sassole" (id=ebo0O4yOjYkK486s9SoqLuFc3tRe1vP1S2eE1IJxhV4=) has send a requested to purchase whetstone x1 from the trader "BuildingSupplies (Indar [BUILDINGS])" in market zone "The Holler" (pos=<5632.000000, 32.000000, 5392.000000>).
21:03:19.773 [Market] Player "Lou Sassole" (id=ebo0O4yOjYkK486s9SoqLuFc3tRe1vP1S2eE1IJxhV4=) has bought whetstone x1 from the trader "BuildingSupplies (Indar [BUILDINGS])" in market zone "The Holler" (pos=<5632.000000, 32.000000, 5392.000000>) for a price of 50.
21:03:20.085 [Market] Player "Lou Sassole" (id=ebo0O4yOjYkK486s9SoqLuFc3tRe1vP1S2eE1IJxhV4=) has send a requested to purchase whetstone x1 from the trader "BuildingSupplies (Indar [BUILDINGS])" in market zone "The Holler" (pos=<5632.000000, 32.000000, 5392.000000>).
21:03:20.203 [Market] Player "Lou Sassole" (id=ebo0O4yOjYkK486s9SoqLuFc3tRe1vP1S2eE1IJxhV4=) has bought whetstone x1 from the trader "BuildingSupplies (Indar [BUILDINGS])" in market zone "The Holler" (pos=<5632.000000, 32.000000, 5392.000000>) for a price of 50.
21:03:20.539 [Market] Player "Lou Sassole" (id=ebo0O4yOjYkK486s9SoqLuFc3tRe1vP1S2eE1IJxhV4=) has send a requested to purchase whetstone x1 from the trader "BuildingSupplies (Indar [BUILDINGS])" in market zone "The Holler" (pos=<5632.000000, 32.000000, 5392.000000>).
21:03:20.664 [Market] Player "Lou Sassole" (id=ebo0O4yOjYkK486s9SoqLuFc3tRe1vP1S2eE1IJxhV4=) has bought whetstone x1 from the trader "BuildingSupplies (Indar [BUILDINGS])" in market zone "The Holler" (pos=<5632.000000, 32.000000, 5392.000000>) for a price of 50.
21:03:20.984 [Market] Player "Lou Sassole" (id=ebo0O4yOjYkK486s9SoqLuFc3tRe1vP1S2eE1IJxhV4=) has send a requested to purchase whetstone x1 from the trader "BuildingSupplies (Indar [BUILDINGS])" in market zone "The Holler" (pos=<5632.000000, 32.000000, 5392.000000>).
21:03:21.132 [Market] Player "Lou Sassole" (id=ebo0O4yOjYkK486s9SoqLuFc3tRe1vP1S2eE1IJxhV4=) has bought whetstone x1 from the trader "BuildingSupplies (Indar [BUILDINGS])" in market zone "The Holler" (pos=<5632.000000, 32.000000, 5392.000000>) for a price of 50.
21:03:21.562 [Market] Player "Lou Sassole" (id=ebo0O4yOjYkK486s9SoqLuFc3tRe1vP1S2eE1IJxhV4=) has send a requested to purchase whetstone x1 from the trader "BuildingSupplies (Indar [BUILDINGS])" in market zone "The Holler" (pos=<5632.000000, 32.000000, 5392.000000>).
21:03:21.695 [Market] Player "Lou Sassole" (id=ebo0O4yOjYkK486s9SoqLuFc3tRe1vP1S2eE1IJxhV4=) has bought whetstone x1 from the trader "BuildingSupplies (Indar [BUILDINGS])" in market zone "The Holler" (pos=<5632.000000, 32.000000, 5392.000000>) for a price of 50.
21:03:27.992 [Market] Player "Lou Sassole" (id=ebo0O4yOjYkK486s9SoqLuFc3tRe1vP1S2eE1IJxhV4=) has send a requested to purchase pickaxe x1 from the trader "BuildingSupplies (Indar [BUILDINGS])" in market zone "The Holler" (pos=<5632.000000, 32.000000, 5392.000000>).
21:03:28.132 [Market] Player "Lou Sassole" (id=ebo0O4yOjYkK486s9SoqLuFc3tRe1vP1S2eE1IJxhV4=) has bought pickaxe x1 from the trader "BuildingSupplies (Indar [BUILDINGS])" in market zone "The Holler" (pos=<5632.000000, 32.000000, 5392.000000>) for a price of 10.
21:03:44.250 [VehicleCarKey] Player "Lou Sassole" (id=ebo0O4yOjYkK486s9SoqLuFc3tRe1vP1S2eE1IJxhV4= pos=<5625.082520, 28.722498, 5413.502441>) used the  ExpansionCarKey to unlock HAMMER_H1_black_rust (id=5877895E9F4C8718E7F19DA49AA485C9 pos=<5627.662598, 28.750351, 5416.097168>)
21:03:55.718 [Market] Player "OrdepRoinuj" (id=jho7WUBGAZrvFnn8RJJsJvDzNHi4rQTd5HHL__KErjY=) has send a requested to sell ammo_762x54 x27 at the trader "WeaponAccessories (Rolf [WEAPON ACCESSORIES])" in market zone "The Holler" (pos=<5632.000000, 32.000000, 5392.000000>).
21:03:55.976 [Market] Player "OrdepRoinuj" (id=jho7WUBGAZrvFnn8RJJsJvDzNHi4rQTd5HHL__KErjY=) has sold ammo_762x54 x27 at the trader "WeaponAccessories (Rolf [WEAPON ACCESSORIES])" in market zone "The Holler" (pos=<5632.000000, 32.000000, 5392.000000>) and got 0.
21:04:55.578 [VehicleCarKey] Player "Lou Sassole" (id=ebo0O4yOjYkK486s9SoqLuFc3tRe1vP1S2eE1IJxhV4= pos=<5625.349609, 28.722477, 5413.806152>) used the  ExpansionCarKey to lock HAMMER_H1_black_rust (id=5877895E9F4C8718E7F19DA49AA485C9 pos=<5627.662598, 28.750351, 5416.097168>)
21:05:35.468 [Market] Player "Lou Sassole" (id=ebo0O4yOjYkK486s9SoqLuFc3tRe1vP1S2eE1IJxhV4=) has send a requested to purchase ammo_9x19 x100 from the trader "WeaponAccessories (Rolf [WEAPON ACCESSORIES])" in market zone "The Holler" (pos=<5632.000000, 32.000000, 5392.000000>).
21:05:35.593 [Market] Player "Lou Sassole" (id=ebo0O4yOjYkK486s9SoqLuFc3tRe1vP1S2eE1IJxhV4=) has bought ammo_9x19 x100 from the trader "WeaponAccessories (Rolf [WEAPON ACCESSORIES])" in market zone "The Holler" (pos=<5632.000000, 32.000000, 5392.000000>) for a price of 200.
21:06:15.312 [VehicleCarKey] Player "Captain Sodomy" (id=VsEWQWxzvcTpDLQgc9tVyxq5TiqDS9O3QehdBa_YkH8= pos=<9800.862305, 6.795292, 4420.755371>) used the  ExpansionCarKey to lock ExpansionMerlin_Wave (id=9F47CBA416465C4C582220917E2971D0 pos=<9801.517578, 6.715890, 4416.434082>)
21:07:49.195 [Party] Player "Lou Sassole" (id=ebo0O4yOjYkK486s9SoqLuFc3tRe1vP1S2eE1IJxhV4=) left the party "Loosey Goosey" (id=28 ownerUID=ebo0O4yOjYkK486s9SoqLuFc3tRe1vP1S2eE1IJxhV4= ownerName=Lou Sassole)
21:07:49.203 [Party] Player "OrdepRoinuj" (id=jho7WUBGAZrvFnn8RJJsJvDzNHi4rQTd5HHL__KErjY=) left the party "OldDog" (id=42 ownerUID=jho7WUBGAZrvFnn8RJJsJvDzNHi4rQTd5HHL__KErjY= ownerName=Old Dog)
21:07:49.203 [Party] Player "Captain Sodomy" (id=VsEWQWxzvcTpDLQgc9tVyxq5TiqDS9O3QehdBa_YkH8=) left the party "Dirty Crew" (id=23 ownerUID=VsEWQWxzvcTpDLQgc9tVyxq5TiqDS9O3QehdBa_YkH8= ownerName=Condom Breath)
