09:14:21.507 [Party] Player "Ding Chavez" (id=DQ387kbD2K-a37oRXiRVk7g0pIza9NGkY242TMWRc1g=) joinded the party "La Flama Blanca" (id=52 ownerUID=DQ387kbD2K-a37oRXiRVk7g0pIza9NGkY242TMWRc1g= ownerName=Ding Chavez)
09:14:21.511 [Expansion Quests] - InitQuestSystemClient - Loaded existing player quest data for player with UID: DQ387kbD2K-a37oRXiRVk7g0pIza9NGkY242TMWRc1g=
09:14:21.511 [Expansion Quests] - LoadGroupQuestData - Loaded existing group quest data for group with ID: 52
09:14:21.515 [AI Patrol] Spawning 2 Shamans bots at <3818.343506, 30.996439, 6815.484863>
09:14:21.617 [AI Patrol] Spawning 3 Power Plant Patrol bots at <4583.399902, 20.430000, 7130.462402>
09:14:22.476 [Expansion Quests] - LoadGroupQuestData - Got cached group quest data for group with ID: 52
09:14:37.503 [AI Patrol] Spawning 2 Shamans bots at <4160.456055, 20.990427, 7965.879883>
09:29:30.769 [MissionAirdrop] An airdrop is heading towards "Kushville" (pos=<7630.000000, 0.000000, 3717.000000> type=Random_Kushville) with a ExpansionAirdropContainer
09:50:44.968 [Party] Player "Ding Chavez" (id=DQ387kbD2K-a37oRXiRVk7g0pIza9NGkY242TMWRc1g=) left the party "La Flama Blanca" (id=52 ownerUID=DQ387kbD2K-a37oRXiRVk7g0pIza9NGkY242TMWRc1g= ownerName=Ding Chavez)
09:57:28.992 [Party] Player "Ding Chavez" (id=DQ387kbD2K-a37oRXiRVk7g0pIza9NGkY242TMWRc1g=) joinded the party "La Flama Blanca" (id=52 ownerUID=DQ387kbD2K-a37oRXiRVk7g0pIza9NGkY242TMWRc1g= ownerName=Ding Chavez)
09:57:28.996 [Expansion Quests] - InitQuestSystemClient - Loaded existing player quest data for player with UID: DQ387kbD2K-a37oRXiRVk7g0pIza9NGkY242TMWRc1g=
09:57:28.996 [Expansion Quests] - LoadGroupQuestData - Got cached group quest data for group with ID: 52
09:57:29.953 [Expansion Quests] - LoadGroupQuestData - Got cached group quest data for group with ID: 52
10:18:06.785 [VehicleCarKey] Player "Ding Chavez" (id=DQ387kbD2K-a37oRXiRVk7g0pIza9NGkY242TMWRc1g= pos=<4853.382324, 19.090221, 7609.880371>) used the  ExpansionCarKey to lock ToyotaHilux_rust (id=07A476EC0546914E314B9A87C5BE1636 pos=<4851.312500, 18.904533, 7609.273438>)
10:27:19.023 [Party] Player "Ding Chavez" (id=DQ387kbD2K-a37oRXiRVk7g0pIza9NGkY242TMWRc1g=) left the party "La Flama Blanca" (id=52 ownerUID=DQ387kbD2K-a37oRXiRVk7g0pIza9NGkY242TMWRc1g= ownerName=Ding Chavez)
10:28:35.621 [Party] Player "Ding Chavez" (id=DQ387kbD2K-a37oRXiRVk7g0pIza9NGkY242TMWRc1g=) joinded the party "La Flama Blanca" (id=52 ownerUID=DQ387kbD2K-a37oRXiRVk7g0pIza9NGkY242TMWRc1g= ownerName=Ding Chavez)
10:28:35.625 [Expansion Quests] - InitQuestSystemClient - Loaded existing player quest data for player with UID: DQ387kbD2K-a37oRXiRVk7g0pIza9NGkY242TMWRc1g=
10:28:35.625 [Expansion Quests] - LoadGroupQuestData - Got cached group quest data for group with ID: 52
10:28:36.593 [Expansion Quests] - LoadGroupQuestData - Got cached group quest data for group with ID: 52
10:32:34.429 [AI Patrol] Spawning 3 Temple Patrol bots at <382.955505, 47.070000, 794.077698>
10:32:34.441 [AI Patrol] Spawning 3 Temple Patrol bots at <462.909485, 47.070000, 692.965698>
10:32:34.453 [AI Patrol] Spawning 3 Temple Patrol bots at <439.791260, 55.318199, 871.290039>
10:32:36.093 [VehicleEnter] Player Ding Chavez [uid=DQ387kbD2K-a37oRXiRVk7g0pIza9NGkY242TMWRc1g=] entered vehicle ToyotaHilux rust (id=CA281DAD1149F970B820E388C0D42D06 pos=<4847.986328, 18.484695, 7607.852539>) as driver
10:32:37.914 [VehicleEngine] Player Ding Chavez [uid=DQ387kbD2K-a37oRXiRVk7g0pIza9NGkY242TMWRc1g=] started vehicle ToyotaHilux rust (id=CA281DAD1149F970B820E388C0D42D06 pos=<4847.989258, 18.484758, 7607.851074>)
10:33:01.886 [VehicleLeave] Player Ding Chavez [uid=DQ387kbD2K-a37oRXiRVk7g0pIza9NGkY242TMWRc1g=] left vehicle ToyotaHilux rust (id=CA281DAD1149F970B820E388C0D42D06 pos=<4834.997070, 17.847811, 7598.183594>)
10:33:23.769 [VehicleEnter] Player Ding Chavez [uid=DQ387kbD2K-a37oRXiRVk7g0pIza9NGkY242TMWRc1g=] entered vehicle ToyotaHilux rust (id=CA281DAD1149F970B820E388C0D42D06 pos=<4834.997070, 17.847809, 7598.181152>) as driver
10:33:30.359 [VehicleEngine] Player Ding Chavez [uid=DQ387kbD2K-a37oRXiRVk7g0pIza9NGkY242TMWRc1g=] started vehicle ToyotaHilux rust (id=CA281DAD1149F970B820E388C0D42D06 pos=<4834.996582, 17.847813, 7598.180664>)
10:34:17.570 [VehicleLeave] Player Ding Chavez [uid=DQ387kbD2K-a37oRXiRVk7g0pIza9NGkY242TMWRc1g=] left vehicle ToyotaHilux rust (id=CA281DAD1149F970B820E388C0D42D06 pos=<5088.011719, 13.734795, 7507.617188>)
10:38:09.320 [VehicleEnter] Player Ding Chavez [uid=DQ387kbD2K-a37oRXiRVk7g0pIza9NGkY242TMWRc1g=] entered vehicle ToyotaHilux rust (id=CA281DAD1149F970B820E388C0D42D06 pos=<5088.014648, 13.734834, 7507.624023>) as driver
10:38:12.707 [VehicleEngine] Player Ding Chavez [uid=DQ387kbD2K-a37oRXiRVk7g0pIza9NGkY242TMWRc1g=] started vehicle ToyotaHilux rust (id=CA281DAD1149F970B820E388C0D42D06 pos=<5088.014160, 13.734832, 7507.623535>)
10:41:49.703 [Safezone] Player "Ding Chavez" (id=DQ387kbD2K-a37oRXiRVk7g0pIza9NGkY242TMWRc1g= pos=<5666.809570, 33.479195, 5263.761230>) Entered the safezone
10:42:29.878 [VehicleLeave] Player Ding Chavez [uid=DQ387kbD2K-a37oRXiRVk7g0pIza9NGkY242TMWRc1g=] left vehicle ToyotaHilux rust (id=CA281DAD1149F970B820E388C0D42D06 pos=<5644.923828, 27.395187, 5437.802734>)
10:43:28.855 [Market] Player "Ding Chavez" (id=DQ387kbD2K-a37oRXiRVk7g0pIza9NGkY242TMWRc1g=) has send a requested to sell ak74 x1 at the trader "Weapons (Oliver [WEAPONS])" in market zone "The Holler" (pos=<5632.000000, 32.000000, 5392.000000>).
10:43:28.937 [Market] Player "Ding Chavez" (id=DQ387kbD2K-a37oRXiRVk7g0pIza9NGkY242TMWRc1g=) has sold ak74 x1 at the trader "Weapons (Oliver [WEAPONS])" in market zone "The Holler" (pos=<5632.000000, 32.000000, 5392.000000>) and got 1318.
10:43:31.519 [Market] Player "Ding Chavez" (id=DQ387kbD2K-a37oRXiRVk7g0pIza9NGkY242TMWRc1g=) has send a requested to sell mag_deagle_9rnd x1 at the trader "Weapons (Oliver [WEAPONS])" in market zone "The Holler" (pos=<5632.000000, 32.000000, 5392.000000>).
10:43:31.601 [Market] Player "Ding Chavez" (id=DQ387kbD2K-a37oRXiRVk7g0pIza9NGkY242TMWRc1g=) has sold mag_deagle_9rnd x1 at the trader "Weapons (Oliver [WEAPONS])" in market zone "The Holler" (pos=<5632.000000, 32.000000, 5392.000000>) and got 9.
10:43:36.316 [Market] Player "Ding Chavez" (id=DQ387kbD2K-a37oRXiRVk7g0pIza9NGkY242TMWRc1g=) has send a requested to sell twp_cz75m x1 at the trader "Weapons (Oliver [WEAPONS])" in market zone "The Holler" (pos=<5632.000000, 32.000000, 5392.000000>).
10:43:36.398 [Market] Player "Ding Chavez" (id=DQ387kbD2K-a37oRXiRVk7g0pIza9NGkY242TMWRc1g=) has sold twp_cz75m x1 at the trader "Weapons (Oliver [WEAPONS])" in market zone "The Holler" (pos=<5632.000000, 32.000000, 5392.000000>) and got 32.
10:43:39.031 [Market] Player "Ding Chavez" (id=DQ387kbD2K-a37oRXiRVk7g0pIza9NGkY242TMWRc1g=) has send a requested to sell mag_ssg82_5rnd x1 at the trader "Weapons (Oliver [WEAPONS])" in market zone "The Holler" (pos=<5632.000000, 32.000000, 5392.000000>).
10:43:39.128 [Market] Player "Ding Chavez" (id=DQ387kbD2K-a37oRXiRVk7g0pIza9NGkY242TMWRc1g=) has sold mag_ssg82_5rnd x1 at the trader "Weapons (Oliver [WEAPONS])" in market zone "The Holler" (pos=<5632.000000, 32.000000, 5392.000000>) and got 136.
10:43:44.253 [Market] Player "Ding Chavez" (id=DQ387kbD2K-a37oRXiRVk7g0pIza9NGkY242TMWRc1g=) has send a requested to sell aks74u x1 at the trader "Weapons (Oliver [WEAPONS])" in market zone "The Holler" (pos=<5632.000000, 32.000000, 5392.000000>).
10:43:44.339 [Market] Player "Ding Chavez" (id=DQ387kbD2K-a37oRXiRVk7g0pIza9NGkY242TMWRc1g=) has sold aks74u x1 at the trader "Weapons (Oliver [WEAPONS])" in market zone "The Holler" (pos=<5632.000000, 32.000000, 5392.000000>) and got 2164.
10:43:45.312 [Market] Player "Ding Chavez" (id=DQ387kbD2K-a37oRXiRVk7g0pIza9NGkY242TMWRc1g=) has send a requested to sell expansion_kedr x1 at the trader "Weapons (Oliver [WEAPONS])" in market zone "The Holler" (pos=<5632.000000, 32.000000, 5392.000000>).
10:43:45.398 [Market] Player "Ding Chavez" (id=DQ387kbD2K-a37oRXiRVk7g0pIza9NGkY242TMWRc1g=) has sold expansion_kedr x1 at the trader "Weapons (Oliver [WEAPONS])" in market zone "The Holler" (pos=<5632.000000, 32.000000, 5392.000000>) and got 375.
10:43:48.953 [Market] Player "Ding Chavez" (id=DQ387kbD2K-a37oRXiRVk7g0pIza9NGkY242TMWRc1g=) has send a requested to sell izh18shotgun x1 at the trader "Weapons (Oliver [WEAPONS])" in market zone "The Holler" (pos=<5632.000000, 32.000000, 5392.000000>).
10:43:49.039 [Market] Player "Ding Chavez" (id=DQ387kbD2K-a37oRXiRVk7g0pIza9NGkY242TMWRc1g=) has sold izh18shotgun x1 at the trader "Weapons (Oliver [WEAPONS])" in market zone "The Holler" (pos=<5632.000000, 32.000000, 5392.000000>) and got 759.
10:43:51.687 [Market] Player "Ding Chavez" (id=DQ387kbD2K-a37oRXiRVk7g0pIza9NGkY242TMWRc1g=) has send a requested to sell expansion_dt11 x1 at the trader "Weapons (Oliver [WEAPONS])" in market zone "The Holler" (pos=<5632.000000, 32.000000, 5392.000000>).
10:43:51.773 [Market] Player "Ding Chavez" (id=DQ387kbD2K-a37oRXiRVk7g0pIza9NGkY242TMWRc1g=) has sold expansion_dt11 x1 at the trader "Weapons (Oliver [WEAPONS])" in market zone "The Holler" (pos=<5632.000000, 32.000000, 5392.000000>) and got 1350.
10:44:12.152 [Market] Player "Ding Chavez" (id=DQ387kbD2K-a37oRXiRVk7g0pIza9NGkY242TMWRc1g=) has send a requested to sell ammo_expansion_m203_smoke_green x1 at the trader "WeaponAccessories (Rolf [WEAPON ACCESSORIES])" in market zone "The Holler" (pos=<5632.000000, 32.000000, 5392.000000>).
10:44:12.203 [Market] Player "Ding Chavez" (id=DQ387kbD2K-a37oRXiRVk7g0pIza9NGkY242TMWRc1g=) has sold ammo_expansion_m203_smoke_green x1 at the trader "WeaponAccessories (Rolf [WEAPON ACCESSORIES])" in market zone "The Holler" (pos=<5632.000000, 32.000000, 5392.000000>) and got 168.
10:44:12.714 [Market] Player "Ding Chavez" (id=DQ387kbD2K-a37oRXiRVk7g0pIza9NGkY242TMWRc1g=) has send a requested to sell ammo_expansion_m203_smoke_green x1 at the trader "WeaponAccessories (Rolf [WEAPON ACCESSORIES])" in market zone "The Holler" (pos=<5632.000000, 32.000000, 5392.000000>).
10:44:12.812 [Market] Player "Ding Chavez" (id=DQ387kbD2K-a37oRXiRVk7g0pIza9NGkY242TMWRc1g=) has sold ammo_expansion_m203_smoke_green x1 at the trader "WeaponAccessories (Rolf [WEAPON ACCESSORIES])" in market zone "The Holler" (pos=<5632.000000, 32.000000, 5392.000000>) and got 168.
10:44:13.250 [Market] Player "Ding Chavez" (id=DQ387kbD2K-a37oRXiRVk7g0pIza9NGkY242TMWRc1g=) has send a requested to sell ammo_expansion_m203_smoke_green x1 at the trader "WeaponAccessories (Rolf [WEAPON ACCESSORIES])" in market zone "The Holler" (pos=<5632.000000, 32.000000, 5392.000000>).
10:44:13.351 [Market] Player "Ding Chavez" (id=DQ387kbD2K-a37oRXiRVk7g0pIza9NGkY242TMWRc1g=) has sold ammo_expansion_m203_smoke_green x1 at the trader "WeaponAccessories (Rolf [WEAPON ACCESSORIES])" in market zone "The Holler" (pos=<5632.000000, 32.000000, 5392.000000>) and got 168.
10:46:04.109 [Market] Player "Ding Chavez" (id=DQ387kbD2K-a37oRXiRVk7g0pIza9NGkY242TMWRc1g=) has send a requested to sell pp19 x1 at the trader "Weapons (Oliver [WEAPONS])" in market zone "The Holler" (pos=<5632.000000, 32.000000, 5392.000000>).
10:46:04.191 [Market] Player "Ding Chavez" (id=DQ387kbD2K-a37oRXiRVk7g0pIza9NGkY242TMWRc1g=) has sold pp19 x1 at the trader "Weapons (Oliver [WEAPONS])" in market zone "The Holler" (pos=<5632.000000, 32.000000, 5392.000000>) and got 618.
10:46:04.609 [Market] Player "Ding Chavez" (id=DQ387kbD2K-a37oRXiRVk7g0pIza9NGkY242TMWRc1g=) has send a requested to sell expansion_mpx x1 at the trader "Weapons (Oliver [WEAPONS])" in market zone "The Holler" (pos=<5632.000000, 32.000000, 5392.000000>).
10:46:04.687 [Market] Player "Ding Chavez" (id=DQ387kbD2K-a37oRXiRVk7g0pIza9NGkY242TMWRc1g=) has sold expansion_mpx x1 at the trader "Weapons (Oliver [WEAPONS])" in market zone "The Holler" (pos=<5632.000000, 32.000000, 5392.000000>) and got 356.
10:46:05.136 [Market] Player "Ding Chavez" (id=DQ387kbD2K-a37oRXiRVk7g0pIza9NGkY242TMWRc1g=) has send a requested to sell mp5k x1 at the trader "Weapons (Oliver [WEAPONS])" in market zone "The Holler" (pos=<5632.000000, 32.000000, 5392.000000>).
10:46:05.214 [Market] Player "Ding Chavez" (id=DQ387kbD2K-a37oRXiRVk7g0pIza9NGkY242TMWRc1g=) has sold mp5k x1 at the trader "Weapons (Oliver [WEAPONS])" in market zone "The Holler" (pos=<5632.000000, 32.000000, 5392.000000>) and got 1275.
10:46:07.335 [Market] Player "Ding Chavez" (id=DQ387kbD2K-a37oRXiRVk7g0pIza9NGkY242TMWRc1g=) has send a requested to sell expansion_vityazsn x1 at the trader "Weapons (Oliver [WEAPONS])" in market zone "The Holler" (pos=<5632.000000, 32.000000, 5392.000000>).
10:46:07.425 [Market] Player "Ding Chavez" (id=DQ387kbD2K-a37oRXiRVk7g0pIza9NGkY242TMWRc1g=) has sold expansion_vityazsn x1 at the trader "Weapons (Oliver [WEAPONS])" in market zone "The Holler" (pos=<5632.000000, 32.000000, 5392.000000>) and got 1912.
10:46:12.648 [Market] Player "Ding Chavez" (id=DQ387kbD2K-a37oRXiRVk7g0pIza9NGkY242TMWRc1g=) has send a requested to sell mag_ak74_30rnd x1 at the trader "Weapons (Oliver [WEAPONS])" in market zone "The Holler" (pos=<5632.000000, 32.000000, 5392.000000>).
10:46:12.730 [Market] Player "Ding Chavez" (id=DQ387kbD2K-a37oRXiRVk7g0pIza9NGkY242TMWRc1g=) has sold mag_ak74_30rnd x1 at the trader "Weapons (Oliver [WEAPONS])" in market zone "The Holler" (pos=<5632.000000, 32.000000, 5392.000000>) and got 165.
10:46:12.988 [Market] Player "Ding Chavez" (id=DQ387kbD2K-a37oRXiRVk7g0pIza9NGkY242TMWRc1g=) has send a requested to sell mag_ak74_30rnd x1 at the trader "Weapons (Oliver [WEAPONS])" in market zone "The Holler" (pos=<5632.000000, 32.000000, 5392.000000>).
10:46:13.070 [Market] Player "Ding Chavez" (id=DQ387kbD2K-a37oRXiRVk7g0pIza9NGkY242TMWRc1g=) has sold mag_ak74_30rnd x1 at the trader "Weapons (Oliver [WEAPONS])" in market zone "The Holler" (pos=<5632.000000, 32.000000, 5392.000000>) and got 195.
10:46:13.437 [Market] Player "Ding Chavez" (id=DQ387kbD2K-a37oRXiRVk7g0pIza9NGkY242TMWRc1g=) has send a requested to sell mag_ak74_30rnd x1 at the trader "Weapons (Oliver [WEAPONS])" in market zone "The Holler" (pos=<5632.000000, 32.000000, 5392.000000>).
10:46:13.480 [Market] Player "Ding Chavez" (id=DQ387kbD2K-a37oRXiRVk7g0pIza9NGkY242TMWRc1g=) has sold mag_ak74_30rnd x1 at the trader "Weapons (Oliver [WEAPONS])" in market zone "The Holler" (pos=<5632.000000, 32.000000, 5392.000000>) and got 153.
10:47:13.195 [Market] Player "Ding Chavez" (id=DQ387kbD2K-a37oRXiRVk7g0pIza9NGkY242TMWRc1g=) has send a requested to sell collectable_smartphone_green x1 at the trader "Special (Eva [SPECIALTY ITEMS])" in market zone "The Holler" (pos=<5632.000000, 32.000000, 5392.000000>).
10:47:13.246 [Market] Player "Ding Chavez" (id=DQ387kbD2K-a37oRXiRVk7g0pIza9NGkY242TMWRc1g=) has sold collectable_smartphone_green x1 at the trader "Special (Eva [SPECIALTY ITEMS])" in market zone "The Holler" (pos=<5632.000000, 32.000000, 5392.000000>) and got 45000.
10:47:50.750 [Market] Player "Ding Chavez" (id=DQ387kbD2K-a37oRXiRVk7g0pIza9NGkY242TMWRc1g=) has send a requested to sell cp_jointfuture x1 at the trader "Weed (Naomi [WEED])" in market zone "The Holler" (pos=<5632.000000, 32.000000, 5392.000000>).
10:47:50.832 [Market] Player "Ding Chavez" (id=DQ387kbD2K-a37oRXiRVk7g0pIza9NGkY242TMWRc1g=) has sold cp_jointfuture x1 at the trader "Weed (Naomi [WEED])" in market zone "The Holler" (pos=<5632.000000, 32.000000, 5392.000000>) and got 300.
10:48:55.675 [Market] Player "Ding Chavez" (id=DQ387kbD2K-a37oRXiRVk7g0pIza9NGkY242TMWRc1g=) has send a requested to purchase cp_workbench_kit x1 from the trader "Weed (Naomi [WEED])" in market zone "The Holler" (pos=<5632.000000, 32.000000, 5392.000000>).
10:48:55.753 [Market] Player "Ding Chavez" (id=DQ387kbD2K-a37oRXiRVk7g0pIza9NGkY242TMWRc1g=) has bought cp_workbench_kit x1 from the trader "Weed (Naomi [WEED])" in market zone "The Holler" (pos=<5632.000000, 32.000000, 5392.000000>) for a price of 1250.
10:48:57.335 [Market] Player "Ding Chavez" (id=DQ387kbD2K-a37oRXiRVk7g0pIza9NGkY242TMWRc1g=) has send a requested to purchase cp_plasticroll x1 from the trader "Weed (Naomi [WEED])" in market zone "The Holler" (pos=<5632.000000, 32.000000, 5392.000000>).
10:48:57.406 [Market] Player "Ding Chavez" (id=DQ387kbD2K-a37oRXiRVk7g0pIza9NGkY242TMWRc1g=) has bought cp_plasticroll x1 from the trader "Weed (Naomi [WEED])" in market zone "The Holler" (pos=<5632.000000, 32.000000, 5392.000000>) for a price of 45.
10:48:58.089 [Market] Player "Ding Chavez" (id=DQ387kbD2K-a37oRXiRVk7g0pIza9NGkY242TMWRc1g=) has send a requested to purchase cp_plasticwrapper x1 from the trader "Weed (Naomi [WEED])" in market zone "The Holler" (pos=<5632.000000, 32.000000, 5392.000000>).
10:48:58.179 [Market] Player "Ding Chavez" (id=DQ387kbD2K-a37oRXiRVk7g0pIza9NGkY242TMWRc1g=) has bought cp_plasticwrapper x1 from the trader "Weed (Naomi [WEED])" in market zone "The Holler" (pos=<5632.000000, 32.000000, 5392.000000>) for a price of 800.
10:48:58.808 [Market] Player "Ding Chavez" (id=DQ387kbD2K-a37oRXiRVk7g0pIza9NGkY242TMWRc1g=) has send a requested to purchase cp_bagger x1 from the trader "Weed (Naomi [WEED])" in market zone "The Holler" (pos=<5632.000000, 32.000000, 5392.000000>).
10:48:58.894 [Market] Player "Ding Chavez" (id=DQ387kbD2K-a37oRXiRVk7g0pIza9NGkY242TMWRc1g=) has bought cp_bagger x1 from the trader "Weed (Naomi [WEED])" in market zone "The Holler" (pos=<5632.000000, 32.000000, 5392.000000>) for a price of 1000.
10:49:29.328 [Market] Player "Ding Chavez" (id=DQ387kbD2K-a37oRXiRVk7g0pIza9NGkY242TMWRc1g=) has send a requested to purchase cp_cannabisseedspackfuture x1 from the trader "Weed (Naomi [WEED])" in market zone "The Holler" (pos=<5632.000000, 32.000000, 5392.000000>).
10:49:29.414 [Market] Player "Ding Chavez" (id=DQ387kbD2K-a37oRXiRVk7g0pIza9NGkY242TMWRc1g=) has bought cp_cannabisseedspackfuture x1 from the trader "Weed (Naomi [WEED])" in market zone "The Holler" (pos=<5632.000000, 32.000000, 5392.000000>) for a price of 4800.
10:49:30.195 [Market] Player "Ding Chavez" (id=DQ387kbD2K-a37oRXiRVk7g0pIza9NGkY242TMWRc1g=) has send a requested to purchase cp_cannabisseedspackfuture x1 from the trader "Weed (Naomi [WEED])" in market zone "The Holler" (pos=<5632.000000, 32.000000, 5392.000000>).
10:49:30.273 [Market] Player "Ding Chavez" (id=DQ387kbD2K-a37oRXiRVk7g0pIza9NGkY242TMWRc1g=) has bought cp_cannabisseedspackfuture x1 from the trader "Weed (Naomi [WEED])" in market zone "The Holler" (pos=<5632.000000, 32.000000, 5392.000000>) for a price of 4800.
10:49:31.160 [Market] Player "Ding Chavez" (id=DQ387kbD2K-a37oRXiRVk7g0pIza9NGkY242TMWRc1g=) has send a requested to purchase cp_cannabisseedspackfuture x1 from the trader "Weed (Naomi [WEED])" in market zone "The Holler" (pos=<5632.000000, 32.000000, 5392.000000>).
10:49:31.246 [Market] Player "Ding Chavez" (id=DQ387kbD2K-a37oRXiRVk7g0pIza9NGkY242TMWRc1g=) has bought cp_cannabisseedspackfuture x1 from the trader "Weed (Naomi [WEED])" in market zone "The Holler" (pos=<5632.000000, 32.000000, 5392.000000>) for a price of 4800.
10:49:31.820 [Market] Player "Ding Chavez" (id=DQ387kbD2K-a37oRXiRVk7g0pIza9NGkY242TMWRc1g=) has send a requested to purchase cp_cannabisseedspackfuture x1 from the trader "Weed (Naomi [WEED])" in market zone "The Holler" (pos=<5632.000000, 32.000000, 5392.000000>).
10:49:31.898 [Market] Player "Ding Chavez" (id=DQ387kbD2K-a37oRXiRVk7g0pIza9NGkY242TMWRc1g=) has bought cp_cannabisseedspackfuture x1 from the trader "Weed (Naomi [WEED])" in market zone "The Holler" (pos=<5632.000000, 32.000000, 5392.000000>) for a price of 4800.
10:49:53.890 [Market] Player "Ding Chavez" (id=DQ387kbD2K-a37oRXiRVk7g0pIza9NGkY242TMWRc1g=) has send a requested to sell vitaminbottle x1 at the trader "Medicals (Linda [MEDICAL])" in market zone "The Holler" (pos=<5632.000000, 32.000000, 5392.000000>).
10:49:53.968 [Market] Player "Ding Chavez" (id=DQ387kbD2K-a37oRXiRVk7g0pIza9NGkY242TMWRc1g=) has sold vitaminbottle x1 at the trader "Medicals (Linda [MEDICAL])" in market zone "The Holler" (pos=<5632.000000, 32.000000, 5392.000000>) and got 258.
10:49:55.222 [Market] Player "Ding Chavez" (id=DQ387kbD2K-a37oRXiRVk7g0pIza9NGkY242TMWRc1g=) has send a requested to sell purificationtablets x1 at the trader "Medicals (Linda [MEDICAL])" in market zone "The Holler" (pos=<5632.000000, 32.000000, 5392.000000>).
10:49:55.300 [Market] Player "Ding Chavez" (id=DQ387kbD2K-a37oRXiRVk7g0pIza9NGkY242TMWRc1g=) has sold purificationtablets x1 at the trader "Medicals (Linda [MEDICAL])" in market zone "The Holler" (pos=<5632.000000, 32.000000, 5392.000000>) and got 37.
10:50:35.050 [Market] Player "Ding Chavez" (id=DQ387kbD2K-a37oRXiRVk7g0pIza9NGkY242TMWRc1g=) has send a requested to sell woodaxe x1 at the trader "BuildingSupplies (Indar [BUILDINGS])" in market zone "The Holler" (pos=<5632.000000, 32.000000, 5392.000000>).
10:50:35.128 [Market] Player "Ding Chavez" (id=DQ387kbD2K-a37oRXiRVk7g0pIza9NGkY242TMWRc1g=) has sold woodaxe x1 at the trader "BuildingSupplies (Indar [BUILDINGS])" in market zone "The Holler" (pos=<5632.000000, 32.000000, 5392.000000>) and got 11.
10:50:35.996 [Market] Player "Ding Chavez" (id=DQ387kbD2K-a37oRXiRVk7g0pIza9NGkY242TMWRc1g=) has send a requested to sell pickaxe x1 at the trader "BuildingSupplies (Indar [BUILDINGS])" in market zone "The Holler" (pos=<5632.000000, 32.000000, 5392.000000>).
10:50:36.074 [Market] Player "Ding Chavez" (id=DQ387kbD2K-a37oRXiRVk7g0pIza9NGkY242TMWRc1g=) has sold pickaxe x1 at the trader "BuildingSupplies (Indar [BUILDINGS])" in market zone "The Holler" (pos=<5632.000000, 32.000000, 5392.000000>) and got 3.
10:50:38.593 [Market] Player "Ding Chavez" (id=DQ387kbD2K-a37oRXiRVk7g0pIza9NGkY242TMWRc1g=) has send a requested to sell pickaxe x1 at the trader "BuildingSupplies (Indar [BUILDINGS])" in market zone "The Holler" (pos=<5632.000000, 32.000000, 5392.000000>).
10:50:38.667 [Market] Player "Ding Chavez" (id=DQ387kbD2K-a37oRXiRVk7g0pIza9NGkY242TMWRc1g=) has sold pickaxe x1 at the trader "BuildingSupplies (Indar [BUILDINGS])" in market zone "The Holler" (pos=<5632.000000, 32.000000, 5392.000000>) and got 7.
10:50:43.015 [Market] Player "Ding Chavez" (id=DQ387kbD2K-a37oRXiRVk7g0pIza9NGkY242TMWRc1g=) has send a requested to sell combinationlock x1 at the trader "BuildingSupplies (Indar [BUILDINGS])" in market zone "The Holler" (pos=<5632.000000, 32.000000, 5392.000000>).
10:50:43.093 [Market] Player "Ding Chavez" (id=DQ387kbD2K-a37oRXiRVk7g0pIza9NGkY242TMWRc1g=) has sold combinationlock x1 at the trader "BuildingSupplies (Indar [BUILDINGS])" in market zone "The Holler" (pos=<5632.000000, 32.000000, 5392.000000>) and got 525.
10:50:58.597 [Market] Player "Ding Chavez" (id=DQ387kbD2K-a37oRXiRVk7g0pIza9NGkY242TMWRc1g=) has send a requested to purchase epoxyputty x1 from the trader "BuildingSupplies (Indar [BUILDINGS])" in market zone "The Holler" (pos=<5632.000000, 32.000000, 5392.000000>).
10:50:58.679 [Market] Player "Ding Chavez" (id=DQ387kbD2K-a37oRXiRVk7g0pIza9NGkY242TMWRc1g=) has bought epoxyputty x1 from the trader "BuildingSupplies (Indar [BUILDINGS])" in market zone "The Holler" (pos=<5632.000000, 32.000000, 5392.000000>) for a price of 15.
10:50:59.171 [Market] Player "Ding Chavez" (id=DQ387kbD2K-a37oRXiRVk7g0pIza9NGkY242TMWRc1g=) has send a requested to purchase epoxyputty x1 from the trader "BuildingSupplies (Indar [BUILDINGS])" in market zone "The Holler" (pos=<5632.000000, 32.000000, 5392.000000>).
10:50:59.253 [Market] Player "Ding Chavez" (id=DQ387kbD2K-a37oRXiRVk7g0pIza9NGkY242TMWRc1g=) has bought epoxyputty x1 from the trader "BuildingSupplies (Indar [BUILDINGS])" in market zone "The Holler" (pos=<5632.000000, 32.000000, 5392.000000>) for a price of 15.
10:50:59.726 [Market] Player "Ding Chavez" (id=DQ387kbD2K-a37oRXiRVk7g0pIza9NGkY242TMWRc1g=) has send a requested to purchase epoxyputty x1 from the trader "BuildingSupplies (Indar [BUILDINGS])" in market zone "The Holler" (pos=<5632.000000, 32.000000, 5392.000000>).
10:50:59.800 [Market] Player "Ding Chavez" (id=DQ387kbD2K-a37oRXiRVk7g0pIza9NGkY242TMWRc1g=) has bought epoxyputty x1 from the trader "BuildingSupplies (Indar [BUILDINGS])" in market zone "The Holler" (pos=<5632.000000, 32.000000, 5392.000000>) for a price of 15.
10:51:00.175 [Market] Player "Ding Chavez" (id=DQ387kbD2K-a37oRXiRVk7g0pIza9NGkY242TMWRc1g=) has send a requested to purchase epoxyputty x1 from the trader "BuildingSupplies (Indar [BUILDINGS])" in market zone "The Holler" (pos=<5632.000000, 32.000000, 5392.000000>).
10:51:00.242 [Market] Player "Ding Chavez" (id=DQ387kbD2K-a37oRXiRVk7g0pIza9NGkY242TMWRc1g=) has bought epoxyputty x1 from the trader "BuildingSupplies (Indar [BUILDINGS])" in market zone "The Holler" (pos=<5632.000000, 32.000000, 5392.000000>) for a price of 15.
10:51:05.347 [Market] Player "Ding Chavez" (id=DQ387kbD2K-a37oRXiRVk7g0pIza9NGkY242TMWRc1g=) has send a requested to purchase camonet x1 from the trader "BuildingSupplies (Indar [BUILDINGS])" in market zone "The Holler" (pos=<5632.000000, 32.000000, 5392.000000>).
10:51:05.421 [Market] Player "Ding Chavez" (id=DQ387kbD2K-a37oRXiRVk7g0pIza9NGkY242TMWRc1g=) has bought camonet x1 from the trader "BuildingSupplies (Indar [BUILDINGS])" in market zone "The Holler" (pos=<5632.000000, 32.000000, 5392.000000>) for a price of 600.
10:51:19.300 [Market] Player "Ding Chavez" (id=DQ387kbD2K-a37oRXiRVk7g0pIza9NGkY242TMWRc1g=) has send a requested to purchase powergenerator x1 from the trader "BuildingSupplies (Indar [BUILDINGS])" in market zone "The Holler" (pos=<5632.000000, 32.000000, 5392.000000>).
10:51:19.375 [Market] Player "Ding Chavez" (id=DQ387kbD2K-a37oRXiRVk7g0pIza9NGkY242TMWRc1g=) has bought powergenerator x1 from the trader "BuildingSupplies (Indar [BUILDINGS])" in market zone "The Holler" (pos=<5632.000000, 32.000000, 5392.000000>) for a price of 3000.
10:53:15.085 [VehicleCarKey] Player "Ding Chavez" (id=DQ387kbD2K-a37oRXiRVk7g0pIza9NGkY242TMWRc1g= pos=<5646.273926, 27.449100, 5437.860840>) used the  ExpansionCarKey to lock ToyotaHilux_rust (id=CA281DAD1149F970B820E388C0D42D06 pos=<5644.925293, 27.395231, 5437.802246>)
10:53:16.785 [VehicleCarKey] Player "Ding Chavez" (id=DQ387kbD2K-a37oRXiRVk7g0pIza9NGkY242TMWRc1g= pos=<5646.273926, 27.449100, 5437.860840>) used the  ExpansionCarKey to unlock ToyotaHilux_rust (id=CA281DAD1149F970B820E388C0D42D06 pos=<5644.925293, 27.395231, 5437.802246>)
10:53:52.917 [VehicleEnter] Player Ding Chavez [uid=DQ387kbD2K-a37oRXiRVk7g0pIza9NGkY242TMWRc1g=] entered vehicle ToyotaHilux rust (id=CA281DAD1149F970B820E388C0D42D06 pos=<5644.924805, 27.395483, 5437.800293>) as driver
10:53:58.515 [VehicleEngine] Player Ding Chavez [uid=DQ387kbD2K-a37oRXiRVk7g0pIza9NGkY242TMWRc1g=] started vehicle ToyotaHilux rust (id=CA281DAD1149F970B820E388C0D42D06 pos=<5644.924805, 27.395498, 5437.800293>)
10:54:03.164 [VehicleEngine] Player Ding Chavez [uid=DQ387kbD2K-a37oRXiRVk7g0pIza9NGkY242TMWRc1g=] stopped vehicle ToyotaHilux rust (id=CA281DAD1149F970B820E388C0D42D06 pos=<5644.924805, 27.395479, 5437.800293>)
10:54:08.179 [VehicleEngine] Player Ding Chavez [uid=DQ387kbD2K-a37oRXiRVk7g0pIza9NGkY242TMWRc1g=] started vehicle ToyotaHilux rust (id=CA281DAD1149F970B820E388C0D42D06 pos=<5644.924805, 27.395552, 5437.799805>)
10:54:13.394 [VehicleLeave] Player Ding Chavez [uid=DQ387kbD2K-a37oRXiRVk7g0pIza9NGkY242TMWRc1g=] left vehicle ToyotaHilux rust (id=CA281DAD1149F970B820E388C0D42D06 pos=<5644.928223, 27.395708, 5437.798828>)
10:58:45.535 [Market] Player "Ding Chavez" (id=DQ387kbD2K-a37oRXiRVk7g0pIza9NGkY242TMWRc1g=) has send a requested to purchase ammobox_556x45tracer_20rnd x1 from the trader "WeaponAccessories (Rolf [WEAPON ACCESSORIES])" in market zone "The Holler" (pos=<5632.000000, 32.000000, 5392.000000>).
10:58:45.621 [Market] Player "Ding Chavez" (id=DQ387kbD2K-a37oRXiRVk7g0pIza9NGkY242TMWRc1g=) has bought ammobox_556x45tracer_20rnd x1 from the trader "WeaponAccessories (Rolf [WEAPON ACCESSORIES])" in market zone "The Holler" (pos=<5632.000000, 32.000000, 5392.000000>) for a price of 64.
10:58:45.714 [Market] Player "Ding Chavez" (id=DQ387kbD2K-a37oRXiRVk7g0pIza9NGkY242TMWRc1g=) has send a requested to purchase ammobox_556x45tracer_20rnd x1 from the trader "WeaponAccessories (Rolf [WEAPON ACCESSORIES])" in market zone "The Holler" (pos=<5632.000000, 32.000000, 5392.000000>).
10:58:45.773 [Market] Player "Ding Chavez" (id=DQ387kbD2K-a37oRXiRVk7g0pIza9NGkY242TMWRc1g=) has bought ammobox_556x45tracer_20rnd x1 from the trader "WeaponAccessories (Rolf [WEAPON ACCESSORIES])" in market zone "The Holler" (pos=<5632.000000, 32.000000, 5392.000000>) for a price of 64.
10:58:45.875 [Market] Player "Ding Chavez" (id=DQ387kbD2K-a37oRXiRVk7g0pIza9NGkY242TMWRc1g=) has send a requested to purchase ammobox_556x45tracer_20rnd x1 from the trader "WeaponAccessories (Rolf [WEAPON ACCESSORIES])" in market zone "The Holler" (pos=<5632.000000, 32.000000, 5392.000000>).
10:58:45.972 [Market] Player "Ding Chavez" (id=DQ387kbD2K-a37oRXiRVk7g0pIza9NGkY242TMWRc1g=) has bought ammobox_556x45tracer_20rnd x1 from the trader "WeaponAccessories (Rolf [WEAPON ACCESSORIES])" in market zone "The Holler" (pos=<5632.000000, 32.000000, 5392.000000>) for a price of 64.
10:58:46.023 [Market] Player "Ding Chavez" (id=DQ387kbD2K-a37oRXiRVk7g0pIza9NGkY242TMWRc1g=) has send a requested to purchase ammobox_556x45tracer_20rnd x1 from the trader "WeaponAccessories (Rolf [WEAPON ACCESSORIES])" in market zone "The Holler" (pos=<5632.000000, 32.000000, 5392.000000>).
10:58:46.117 [Market] Player "Ding Chavez" (id=DQ387kbD2K-a37oRXiRVk7g0pIza9NGkY242TMWRc1g=) has bought ammobox_556x45tracer_20rnd x1 from the trader "WeaponAccessories (Rolf [WEAPON ACCESSORIES])" in market zone "The Holler" (pos=<5632.000000, 32.000000, 5392.000000>) for a price of 64.
10:58:48.187 [Market] Player "Ding Chavez" (id=DQ387kbD2K-a37oRXiRVk7g0pIza9NGkY242TMWRc1g=) has send a requested to purchase ammobox_556x45tracer_20rnd x1 from the trader "WeaponAccessories (Rolf [WEAPON ACCESSORIES])" in market zone "The Holler" (pos=<5632.000000, 32.000000, 5392.000000>).
10:58:48.269 [Market] Player "Ding Chavez" (id=DQ387kbD2K-a37oRXiRVk7g0pIza9NGkY242TMWRc1g=) has bought ammobox_556x45tracer_20rnd x1 from the trader "WeaponAccessories (Rolf [WEAPON ACCESSORIES])" in market zone "The Holler" (pos=<5632.000000, 32.000000, 5392.000000>) for a price of 64.
10:58:48.359 [Market] Player "Ding Chavez" (id=DQ387kbD2K-a37oRXiRVk7g0pIza9NGkY242TMWRc1g=) has send a requested to purchase ammobox_556x45tracer_20rnd x1 from the trader "WeaponAccessories (Rolf [WEAPON ACCESSORIES])" in market zone "The Holler" (pos=<5632.000000, 32.000000, 5392.000000>).
10:58:48.449 [Market] Player "Ding Chavez" (id=DQ387kbD2K-a37oRXiRVk7g0pIza9NGkY242TMWRc1g=) has bought ammobox_556x45tracer_20rnd x1 from the trader "WeaponAccessories (Rolf [WEAPON ACCESSORIES])" in market zone "The Holler" (pos=<5632.000000, 32.000000, 5392.000000>) for a price of 64.
10:58:48.546 [Market] Player "Ding Chavez" (id=DQ387kbD2K-a37oRXiRVk7g0pIza9NGkY242TMWRc1g=) has send a requested to purchase ammobox_556x45tracer_20rnd x1 from the trader "WeaponAccessories (Rolf [WEAPON ACCESSORIES])" in market zone "The Holler" (pos=<5632.000000, 32.000000, 5392.000000>).
10:58:48.640 [Market] Player "Ding Chavez" (id=DQ387kbD2K-a37oRXiRVk7g0pIza9NGkY242TMWRc1g=) has bought ammobox_556x45tracer_20rnd x1 from the trader "WeaponAccessories (Rolf [WEAPON ACCESSORIES])" in market zone "The Holler" (pos=<5632.000000, 32.000000, 5392.000000>) for a price of 64.
10:58:48.687 [Market] Player "Ding Chavez" (id=DQ387kbD2K-a37oRXiRVk7g0pIza9NGkY242TMWRc1g=) has send a requested to purchase ammobox_556x45tracer_20rnd x1 from the trader "WeaponAccessories (Rolf [WEAPON ACCESSORIES])" in market zone "The Holler" (pos=<5632.000000, 32.000000, 5392.000000>).
10:58:48.781 [Market] Player "Ding Chavez" (id=DQ387kbD2K-a37oRXiRVk7g0pIza9NGkY242TMWRc1g=) has bought ammobox_556x45tracer_20rnd x1 from the trader "WeaponAccessories (Rolf [WEAPON ACCESSORIES])" in market zone "The Holler" (pos=<5632.000000, 32.000000, 5392.000000>) for a price of 64.
10:58:48.839 [Market] Player "Ding Chavez" (id=DQ387kbD2K-a37oRXiRVk7g0pIza9NGkY242TMWRc1g=) has send a requested to purchase ammobox_556x45tracer_20rnd x1 from the trader "WeaponAccessories (Rolf [WEAPON ACCESSORIES])" in market zone "The Holler" (pos=<5632.000000, 32.000000, 5392.000000>).
10:58:48.898 [Market] Player "Ding Chavez" (id=DQ387kbD2K-a37oRXiRVk7g0pIza9NGkY242TMWRc1g=) has bought ammobox_556x45tracer_20rnd x1 from the trader "WeaponAccessories (Rolf [WEAPON ACCESSORIES])" in market zone "The Holler" (pos=<5632.000000, 32.000000, 5392.000000>) for a price of 64.
10:58:49.050 [Market] Player "Ding Chavez" (id=DQ387kbD2K-a37oRXiRVk7g0pIza9NGkY242TMWRc1g=) has send a requested to purchase ammobox_556x45tracer_20rnd x1 from the trader "WeaponAccessories (Rolf [WEAPON ACCESSORIES])" in market zone "The Holler" (pos=<5632.000000, 32.000000, 5392.000000>).
10:58:49.140 [Market] Player "Ding Chavez" (id=DQ387kbD2K-a37oRXiRVk7g0pIza9NGkY242TMWRc1g=) has bought ammobox_556x45tracer_20rnd x1 from the trader "WeaponAccessories (Rolf [WEAPON ACCESSORIES])" in market zone "The Holler" (pos=<5632.000000, 32.000000, 5392.000000>) for a price of 64.
10:58:49.183 [Market] Player "Ding Chavez" (id=DQ387kbD2K-a37oRXiRVk7g0pIza9NGkY242TMWRc1g=) has send a requested to purchase ammobox_556x45tracer_20rnd x1 from the trader "WeaponAccessories (Rolf [WEAPON ACCESSORIES])" in market zone "The Holler" (pos=<5632.000000, 32.000000, 5392.000000>).
10:58:49.277 [Market] Player "Ding Chavez" (id=DQ387kbD2K-a37oRXiRVk7g0pIza9NGkY242TMWRc1g=) has bought ammobox_556x45tracer_20rnd x1 from the trader "WeaponAccessories (Rolf [WEAPON ACCESSORIES])" in market zone "The Holler" (pos=<5632.000000, 32.000000, 5392.000000>) for a price of 64.
10:58:49.375 [Market] Player "Ding Chavez" (id=DQ387kbD2K-a37oRXiRVk7g0pIza9NGkY242TMWRc1g=) has send a requested to purchase ammobox_556x45tracer_20rnd x1 from the trader "WeaponAccessories (Rolf [WEAPON ACCESSORIES])" in market zone "The Holler" (pos=<5632.000000, 32.000000, 5392.000000>).
10:58:49.468 [Market] Player "Ding Chavez" (id=DQ387kbD2K-a37oRXiRVk7g0pIza9NGkY242TMWRc1g=) has bought ammobox_556x45tracer_20rnd x1 from the trader "WeaponAccessories (Rolf [WEAPON ACCESSORIES])" in market zone "The Holler" (pos=<5632.000000, 32.000000, 5392.000000>) for a price of 64.
10:58:49.554 [Market] Player "Ding Chavez" (id=DQ387kbD2K-a37oRXiRVk7g0pIza9NGkY242TMWRc1g=) has send a requested to purchase ammobox_556x45tracer_20rnd x1 from the trader "WeaponAccessories (Rolf [WEAPON ACCESSORIES])" in market zone "The Holler" (pos=<5632.000000, 32.000000, 5392.000000>).
10:58:49.617 [Market] Player "Ding Chavez" (id=DQ387kbD2K-a37oRXiRVk7g0pIza9NGkY242TMWRc1g=) has bought ammobox_556x45tracer_20rnd x1 from the trader "WeaponAccessories (Rolf [WEAPON ACCESSORIES])" in market zone "The Holler" (pos=<5632.000000, 32.000000, 5392.000000>) for a price of 64.
10:58:49.761 [Market] Player "Ding Chavez" (id=DQ387kbD2K-a37oRXiRVk7g0pIza9NGkY242TMWRc1g=) has send a requested to purchase ammobox_556x45tracer_20rnd x1 from the trader "WeaponAccessories (Rolf [WEAPON ACCESSORIES])" in market zone "The Holler" (pos=<5632.000000, 32.000000, 5392.000000>).
10:58:49.820 [Market] Player "Ding Chavez" (id=DQ387kbD2K-a37oRXiRVk7g0pIza9NGkY242TMWRc1g=) has bought ammobox_556x45tracer_20rnd x1 from the trader "WeaponAccessories (Rolf [WEAPON ACCESSORIES])" in market zone "The Holler" (pos=<5632.000000, 32.000000, 5392.000000>) for a price of 64.
10:58:49.917 [Market] Player "Ding Chavez" (id=DQ387kbD2K-a37oRXiRVk7g0pIza9NGkY242TMWRc1g=) has send a requested to purchase ammobox_556x45tracer_20rnd x1 from the trader "WeaponAccessories (Rolf [WEAPON ACCESSORIES])" in market zone "The Holler" (pos=<5632.000000, 32.000000, 5392.000000>).
10:58:50.019 [Market] Player "Ding Chavez" (id=DQ387kbD2K-a37oRXiRVk7g0pIza9NGkY242TMWRc1g=) has bought ammobox_556x45tracer_20rnd x1 from the trader "WeaponAccessories (Rolf [WEAPON ACCESSORIES])" in market zone "The Holler" (pos=<5632.000000, 32.000000, 5392.000000>) for a price of 64.
10:58:50.062 [Market] Player "Ding Chavez" (id=DQ387kbD2K-a37oRXiRVk7g0pIza9NGkY242TMWRc1g=) has send a requested to purchase ammobox_556x45tracer_20rnd x1 from the trader "WeaponAccessories (Rolf [WEAPON ACCESSORIES])" in market zone "The Holler" (pos=<5632.000000, 32.000000, 5392.000000>).
10:58:50.160 [Market] Player "Ding Chavez" (id=DQ387kbD2K-a37oRXiRVk7g0pIza9NGkY242TMWRc1g=) has bought ammobox_556x45tracer_20rnd x1 from the trader "WeaponAccessories (Rolf [WEAPON ACCESSORIES])" in market zone "The Holler" (pos=<5632.000000, 32.000000, 5392.000000>) for a price of 64.
10:58:50.437 [Market] Player "Ding Chavez" (id=DQ387kbD2K-a37oRXiRVk7g0pIza9NGkY242TMWRc1g=) has send a requested to purchase ammobox_556x45tracer_20rnd x1 from the trader "WeaponAccessories (Rolf [WEAPON ACCESSORIES])" in market zone "The Holler" (pos=<5632.000000, 32.000000, 5392.000000>).
10:58:50.523 [Market] Player "Ding Chavez" (id=DQ387kbD2K-a37oRXiRVk7g0pIza9NGkY242TMWRc1g=) has bought ammobox_556x45tracer_20rnd x1 from the trader "WeaponAccessories (Rolf [WEAPON ACCESSORIES])" in market zone "The Holler" (pos=<5632.000000, 32.000000, 5392.000000>) for a price of 64.
10:58:50.617 [Market] Player "Ding Chavez" (id=DQ387kbD2K-a37oRXiRVk7g0pIza9NGkY242TMWRc1g=) has send a requested to purchase ammobox_556x45tracer_20rnd x1 from the trader "WeaponAccessories (Rolf [WEAPON ACCESSORIES])" in market zone "The Holler" (pos=<5632.000000, 32.000000, 5392.000000>).
10:58:50.667 [Market] Player "Ding Chavez" (id=DQ387kbD2K-a37oRXiRVk7g0pIza9NGkY242TMWRc1g=) has bought ammobox_556x45tracer_20rnd x1 from the trader "WeaponAccessories (Rolf [WEAPON ACCESSORIES])" in market zone "The Holler" (pos=<5632.000000, 32.000000, 5392.000000>) for a price of 64.
10:58:51.253 [Market] Player "Ding Chavez" (id=DQ387kbD2K-a37oRXiRVk7g0pIza9NGkY242TMWRc1g=) has send a requested to purchase ammobox_556x45tracer_20rnd x1 from the trader "WeaponAccessories (Rolf [WEAPON ACCESSORIES])" in market zone "The Holler" (pos=<5632.000000, 32.000000, 5392.000000>).
10:58:51.296 [Market] Player "Ding Chavez" (id=DQ387kbD2K-a37oRXiRVk7g0pIza9NGkY242TMWRc1g=) has bought ammobox_556x45tracer_20rnd x1 from the trader "WeaponAccessories (Rolf [WEAPON ACCESSORIES])" in market zone "The Holler" (pos=<5632.000000, 32.000000, 5392.000000>) for a price of 64.
10:58:51.812 [Market] Player "Ding Chavez" (id=DQ387kbD2K-a37oRXiRVk7g0pIza9NGkY242TMWRc1g=) has send a requested to purchase ammobox_556x45tracer_20rnd x1 from the trader "WeaponAccessories (Rolf [WEAPON ACCESSORIES])" in market zone "The Holler" (pos=<5632.000000, 32.000000, 5392.000000>).
10:58:51.859 [Market] Player "Ding Chavez" (id=DQ387kbD2K-a37oRXiRVk7g0pIza9NGkY242TMWRc1g=) has bought ammobox_556x45tracer_20rnd x1 from the trader "WeaponAccessories (Rolf [WEAPON ACCESSORIES])" in market zone "The Holler" (pos=<5632.000000, 32.000000, 5392.000000>) for a price of 64.
11:02:08.820 [Market] Player "Ding Chavez" (id=DQ387kbD2K-a37oRXiRVk7g0pIza9NGkY242TMWRc1g=) has send a requested to purchase ammo_556x45 x800 from the trader "WeaponAccessories (Rolf [WEAPON ACCESSORIES])" in market zone "The Holler" (pos=<5632.000000, 32.000000, 5392.000000>).
11:02:08.867 [Market] Player "Ding Chavez" (id=DQ387kbD2K-a37oRXiRVk7g0pIza9NGkY242TMWRc1g=) has bought ammo_556x45 x800 from the trader "WeaponAccessories (Rolf [WEAPON ACCESSORIES])" in market zone "The Holler" (pos=<5632.000000, 32.000000, 5392.000000>) for a price of 1600.
11:02:26.691 [ATM] Player "Ding Chavez" (id=DQ387kbD2K-a37oRXiRVk7g0pIza9NGkY242TMWRc1g=) has deposited 28627 on his ATM account.
11:03:29.250 [ATM] Player "Ding Chavez" (id=DQ387kbD2K-a37oRXiRVk7g0pIza9NGkY242TMWRc1g=) has withdrawn 269523 from his ATM account.
11:04:11.976 [Market] Player "Ding Chavez" (id=DQ387kbD2K-a37oRXiRVk7g0pIza9NGkY242TMWRc1g=) has send a requested to purchase expansionparkingmeterkit x1 from the trader "Vehicles (Lewis [VEHICLES])" in market zone "The Holler" (pos=<5632.000000, 32.000000, 5392.000000>).
11:04:12.050 [Market] Player "Ding Chavez" (id=DQ387kbD2K-a37oRXiRVk7g0pIza9NGkY242TMWRc1g=) has bought expansionparkingmeterkit x1 from the trader "Vehicles (Lewis [VEHICLES])" in market zone "The Holler" (pos=<5632.000000, 32.000000, 5392.000000>) for a price of 1000.
11:05:16.769 [Market] Player "Ding Chavez" (id=DQ387kbD2K-a37oRXiRVk7g0pIza9NGkY242TMWRc1g=) has send a requested to purchase metalwire x1 from the trader "BuildingSupplies (Indar [BUILDINGS])" in market zone "The Holler" (pos=<5632.000000, 32.000000, 5392.000000>).
11:05:16.855 [Market] Player "Ding Chavez" (id=DQ387kbD2K-a37oRXiRVk7g0pIza9NGkY242TMWRc1g=) has bought metalwire x1 from the trader "BuildingSupplies (Indar [BUILDINGS])" in market zone "The Holler" (pos=<5632.000000, 32.000000, 5392.000000>) for a price of 15.
11:08:03.457 [Market] Player "Ding Chavez" (id=DQ387kbD2K-a37oRXiRVk7g0pIza9NGkY242TMWRc1g=) has send a requested to purchase epoxyputty x1 from the trader "BuildingSupplies (Indar [BUILDINGS])" in market zone "The Holler" (pos=<5632.000000, 32.000000, 5392.000000>).
11:08:03.542 [Market] Player "Ding Chavez" (id=DQ387kbD2K-a37oRXiRVk7g0pIza9NGkY242TMWRc1g=) has bought epoxyputty x1 from the trader "BuildingSupplies (Indar [BUILDINGS])" in market zone "The Holler" (pos=<5632.000000, 32.000000, 5392.000000>) for a price of 15.
11:08:03.875 [Market] Player "Ding Chavez" (id=DQ387kbD2K-a37oRXiRVk7g0pIza9NGkY242TMWRc1g=) has send a requested to purchase epoxyputty x1 from the trader "BuildingSupplies (Indar [BUILDINGS])" in market zone "The Holler" (pos=<5632.000000, 32.000000, 5392.000000>).
11:08:03.957 [Market] Player "Ding Chavez" (id=DQ387kbD2K-a37oRXiRVk7g0pIza9NGkY242TMWRc1g=) has bought epoxyputty x1 from the trader "BuildingSupplies (Indar [BUILDINGS])" in market zone "The Holler" (pos=<5632.000000, 32.000000, 5392.000000>) for a price of 15.
11:08:04.812 [Market] Player "Ding Chavez" (id=DQ387kbD2K-a37oRXiRVk7g0pIza9NGkY242TMWRc1g=) has send a requested to purchase epoxyputty x1 from the trader "BuildingSupplies (Indar [BUILDINGS])" in market zone "The Holler" (pos=<5632.000000, 32.000000, 5392.000000>).
11:08:04.847 [Market] Player "Ding Chavez" (id=DQ387kbD2K-a37oRXiRVk7g0pIza9NGkY242TMWRc1g=) has bought epoxyputty x1 from the trader "BuildingSupplies (Indar [BUILDINGS])" in market zone "The Holler" (pos=<5632.000000, 32.000000, 5392.000000>) for a price of 15.
11:08:51.218 [Market] Player "Ding Chavez" (id=DQ387kbD2K-a37oRXiRVk7g0pIza9NGkY242TMWRc1g=) has send a requested to purchase expansionspraycanredrust x1 from the trader "BuildingSupplies (Indar [BUILDINGS])" in market zone "The Holler" (pos=<5632.000000, 32.000000, 5392.000000>).
11:08:51.304 [Market] Player "Ding Chavez" (id=DQ387kbD2K-a37oRXiRVk7g0pIza9NGkY242TMWRc1g=) has bought expansionspraycanredrust x1 from the trader "BuildingSupplies (Indar [BUILDINGS])" in market zone "The Holler" (pos=<5632.000000, 32.000000, 5392.000000>) for a price of 100.
11:08:57.390 [Market] Player "Ding Chavez" (id=DQ387kbD2K-a37oRXiRVk7g0pIza9NGkY242TMWRc1g=) has send a requested to purchase expansionspraycanblackrust x1 from the trader "BuildingSupplies (Indar [BUILDINGS])" in market zone "The Holler" (pos=<5632.000000, 32.000000, 5392.000000>).
11:08:57.492 [Market] Player "Ding Chavez" (id=DQ387kbD2K-a37oRXiRVk7g0pIza9NGkY242TMWRc1g=) has bought expansionspraycanblackrust x1 from the trader "BuildingSupplies (Indar [BUILDINGS])" in market zone "The Holler" (pos=<5632.000000, 32.000000, 5392.000000>) for a price of 100.
11:11:07.636 [ATM] Player "Ding Chavez" (id=DQ387kbD2K-a37oRXiRVk7g0pIza9NGkY242TMWRc1g=) has deposited 268263 on his ATM account.
11:11:43.886 [VehicleEnter] Player Ding Chavez [uid=DQ387kbD2K-a37oRXiRVk7g0pIza9NGkY242TMWRc1g=] entered vehicle ToyotaHilux rust (id=CA281DAD1149F970B820E388C0D42D06 pos=<5644.931641, 27.396105, 5437.795410>) as driver
11:11:47.316 [VehicleEngine] Player Ding Chavez [uid=DQ387kbD2K-a37oRXiRVk7g0pIza9NGkY242TMWRc1g=] started vehicle ToyotaHilux rust (id=CA281DAD1149F970B820E388C0D42D06 pos=<5644.928223, 27.395910, 5437.796387>)
11:12:15.359 [Safezone] Player "Ding Chavez" (id=DQ387kbD2K-a37oRXiRVk7g0pIza9NGkY242TMWRc1g= pos=<5624.640625, 16.237646, 5698.295898>) Left the safezone
11:17:10.859 [VehicleLeave] Player Ding Chavez [uid=DQ387kbD2K-a37oRXiRVk7g0pIza9NGkY242TMWRc1g=] left vehicle ToyotaHilux rust (id=CA281DAD1149F970B820E388C0D42D06 pos=<4837.450195, 17.844959, 7601.996094>)
11:17:21.804 [VehicleEnter] Player Ding Chavez [uid=DQ387kbD2K-a37oRXiRVk7g0pIza9NGkY242TMWRc1g=] entered vehicle ToyotaHilux rust (id=CA281DAD1149F970B820E388C0D42D06 pos=<4837.448730, 17.845125, 7601.997070>) as driver
11:17:23.496 [VehicleEngine] Player Ding Chavez [uid=DQ387kbD2K-a37oRXiRVk7g0pIza9NGkY242TMWRc1g=] stopped vehicle ToyotaHilux rust (id=CA281DAD1149F970B820E388C0D42D06 pos=<4837.449219, 17.844978, 7602.000000>)
11:17:25.781 [VehicleLeave] Player Ding Chavez [uid=DQ387kbD2K-a37oRXiRVk7g0pIza9NGkY242TMWRc1g=] left vehicle ToyotaHilux rust (id=CA281DAD1149F970B820E388C0D42D06 pos=<4837.448730, 17.844973, 7601.998535>)
11:23:17.878 [VehicleEnter] Player Ding Chavez [uid=DQ387kbD2K-a37oRXiRVk7g0pIza9NGkY242TMWRc1g=] entered vehicle ToyotaHilux rust (id=CA281DAD1149F970B820E388C0D42D06 pos=<4837.448242, 17.844965, 7601.994141>) as driver
11:23:22.125 [VehicleEngine] Player Ding Chavez [uid=DQ387kbD2K-a37oRXiRVk7g0pIza9NGkY242TMWRc1g=] started vehicle ToyotaHilux rust (id=CA281DAD1149F970B820E388C0D42D06 pos=<4837.448242, 17.844965, 7601.994141>)
11:23:31.898 [VehicleEngine] Player Ding Chavez [uid=DQ387kbD2K-a37oRXiRVk7g0pIza9NGkY242TMWRc1g=] stopped vehicle ToyotaHilux rust (id=CA281DAD1149F970B820E388C0D42D06 pos=<4832.144531, 17.852657, 7603.670898>)
11:24:04.464 [VehicleLeave] Player Ding Chavez [uid=DQ387kbD2K-a37oRXiRVk7g0pIza9NGkY242TMWRc1g=] left vehicle ToyotaHilux rust (id=CA281DAD1149F970B820E388C0D42D06 pos=<4832.143555, 17.852654, 7603.670410>)
11:31:52.421 [Safezone] Player "Golden" (id=8Xp2uj5ZxNF55GgpLiN2OARJVn6kKpJE53oZMkC9IiQ= pos=<5628.011230, 28.722498, 5397.601074>) Entered the safezone
11:31:52.421 [Party] Player "Golden" (id=8Xp2uj5ZxNF55GgpLiN2OARJVn6kKpJE53oZMkC9IiQ=) joinded the party "G's" (id=49 ownerUID=4LNvemhkvMsn3fCjiyhQQrToOar0_hhH9f302w8wMNY= ownerName=MrGreen530)
11:31:52.429 [Expansion Quests] - InitQuestSystemClient - Loaded existing player quest data for player with UID: 8Xp2uj5ZxNF55GgpLiN2OARJVn6kKpJE53oZMkC9IiQ=
11:31:52.429 [Expansion Quests] - LoadGroupQuestData - Loaded existing group quest data for group with ID: 49
11:31:53.382 [Expansion Quests] - LoadGroupQuestData - Got cached group quest data for group with ID: 49
11:32:31.160 [ATM] Player "Golden" (id=8Xp2uj5ZxNF55GgpLiN2OARJVn6kKpJE53oZMkC9IiQ=) has deposited 16950 on his ATM account.
11:33:26.937 [ATM] Player "Golden" (id=8Xp2uj5ZxNF55GgpLiN2OARJVn6kKpJE53oZMkC9IiQ=) has withdrawn 100000 from his ATM account.
11:34:13.167 [ATM] Player "Golden" (id=8Xp2uj5ZxNF55GgpLiN2OARJVn6kKpJE53oZMkC9IiQ=) has deposited 100000 on his ATM account.
11:34:18.101 [ATM] Player "Golden" (id=8Xp2uj5ZxNF55GgpLiN2OARJVn6kKpJE53oZMkC9IiQ=) has withdrawn 34900 from his ATM account.
11:34:36.609 [VehicleCarKey] Player "Ding Chavez" (id=DQ387kbD2K-a37oRXiRVk7g0pIza9NGkY242TMWRc1g= pos=<4832.737305, 17.860640, 7605.487793>) used the  ExpansionCarKey to lock ToyotaHilux_rust (id=CA281DAD1149F970B820E388C0D42D06 pos=<4832.145996, 17.852673, 7603.672852>)
11:38:32.296 [Market] Player "Golden" (id=8Xp2uj5ZxNF55GgpLiN2OARJVn6kKpJE53oZMkC9IiQ=) has send a requested to purchase azlk_rust x1 from the trader "Vehicles (Lewis [VEHICLES])" in market zone "The Holler" (pos=<5632.000000, 32.000000, 5392.000000>).
11:38:32.449 [VehicleDeleted] AZLK_rust (id=4CE6F2EDAD439E0D8950088A7AC614E6 pos=<0.002641, 0.486728, -0.310961>)
11:38:32.457 [Market] Player "Golden" (id=8Xp2uj5ZxNF55GgpLiN2OARJVn6kKpJE53oZMkC9IiQ=) has bought azlk_rust x1 from the trader "Vehicles (Lewis [VEHICLES])" in market zone "The Holler" (pos=<5632.000000, 32.000000, 5392.000000>) for a price of 34900.
11:38:44.453 [VehicleCarKey] Player "Golden" (id=8Xp2uj5ZxNF55GgpLiN2OARJVn6kKpJE53oZMkC9IiQ= pos=<5601.631348, 28.722483, 5359.088867>) used the  ExpansionCarKey to unlock AZLK_rust (id=4DC22ADF274A4DEDFBA66B9CE7A1161D pos=<5601.268555, 28.695061, 5357.639648>)
11:38:50.078 [VehicleEnter] Player Golden [uid=8Xp2uj5ZxNF55GgpLiN2OARJVn6kKpJE53oZMkC9IiQ=] entered vehicle MOSKVICH 2140 (id=4DC22ADF274A4DEDFBA66B9CE7A1161D pos=<5601.268555, 28.695053, 5357.639648>) as driver
11:38:56.285 [VehicleEngine] Player Golden [uid=8Xp2uj5ZxNF55GgpLiN2OARJVn6kKpJE53oZMkC9IiQ=] started vehicle MOSKVICH 2140 (id=4DC22ADF274A4DEDFBA66B9CE7A1161D pos=<5601.268555, 28.695057, 5357.639648>)
11:39:38.562 [Safezone] Player "Golden" (id=8Xp2uj5ZxNF55GgpLiN2OARJVn6kKpJE53oZMkC9IiQ= pos=<5599.826172, 20.120245, 5657.732910>) Left the safezone
11:40:35.515 [VehicleCarKey] Player "Ding Chavez" (id=DQ387kbD2K-a37oRXiRVk7g0pIza9NGkY242TMWRc1g= pos=<4853.260254, 19.090210, 7607.639648>) used the  ExpansionCarKey to unlock ToyotaHilux_rust (id=07A476EC0546914E314B9A87C5BE1636 pos=<4851.317871, 18.904858, 7609.273926>)
11:40:40.484 [VehicleEnter] Player Ding Chavez [uid=DQ387kbD2K-a37oRXiRVk7g0pIza9NGkY242TMWRc1g=] entered vehicle ToyotaHilux rust (id=07A476EC0546914E314B9A87C5BE1636 pos=<4851.314941, 18.904766, 7609.273438>) as driver
11:40:45.648 [VehicleEngine] Player Ding Chavez [uid=DQ387kbD2K-a37oRXiRVk7g0pIza9NGkY242TMWRc1g=] started vehicle ToyotaHilux rust (id=07A476EC0546914E314B9A87C5BE1636 pos=<4851.314941, 18.904732, 7609.273926>)
11:41:00.199 [VehicleEngine] Player Ding Chavez [uid=DQ387kbD2K-a37oRXiRVk7g0pIza9NGkY242TMWRc1g=] stopped vehicle ToyotaHilux rust (id=07A476EC0546914E314B9A87C5BE1636 pos=<4847.655762, 18.066471, 7603.371094>)
11:41:02.507 [VehicleLeave] Player Ding Chavez [uid=DQ387kbD2K-a37oRXiRVk7g0pIza9NGkY242TMWRc1g=] left vehicle ToyotaHilux rust (id=07A476EC0546914E314B9A87C5BE1636 pos=<4847.656250, 18.066475, 7603.371094>)
11:41:03.773 [VehicleCarKey] Player "Ding Chavez" (id=DQ387kbD2K-a37oRXiRVk7g0pIza9NGkY242TMWRc1g= pos=<4849.685059, 18.061647, 7602.976563>) used the  ExpansionCarKey to lock ToyotaHilux_rust (id=07A476EC0546914E314B9A87C5BE1636 pos=<4847.652832, 18.066456, 7603.372559>)
11:44:34.941 [AI Patrol] Spawning 1 Shamans bots at <5697.428223, 11.641121, 9104.038086>
11:47:56.195 [AI Patrol] Spawning 1 Shamans bots at <4353.936523, 4.770000, 11964.996094>
11:54:24.121 [Party] Player "Stahlhelm Sturm" (id=Dj-6_aSgGuPVYaq-POeeqvRPr_91gVAi6qp9fgRrqHk=) joinded the party "DIEHARD" (id=32 ownerUID=JmVdSu0kzNbOpwjpFV-MDcMB-Equ3yPY-l-COMb6HgY= ownerName=Nick Leadbeatter)
11:54:24.136 [Expansion Quests] - InitQuestSystemClient - Loaded existing player quest data for player with UID: Dj-6_aSgGuPVYaq-POeeqvRPr_91gVAi6qp9fgRrqHk=
11:54:24.136 [Expansion Quests] - LoadGroupQuestData - Loaded existing group quest data for group with ID: 32
11:54:25.082 [Expansion Quests] - LoadGroupQuestData - Got cached group quest data for group with ID: 32
11:55:35.203 [VehicleLeave] Player Golden [uid=8Xp2uj5ZxNF55GgpLiN2OARJVn6kKpJE53oZMkC9IiQ=] left vehicle MOSKVICH 2140 (id=4DC22ADF274A4DEDFBA66B9CE7A1161D pos=<6344.948730, 37.235058, 14802.667969>)
11:56:04.441 [VehicleCarKey] Player "Golden" (id=8Xp2uj5ZxNF55GgpLiN2OARJVn6kKpJE53oZMkC9IiQ= pos=<6320.652832, 37.413116, 14804.947266>) paired a  ExpansionCarKey to ExpansionMerlin_Wave (id=374B0AACDC4284533F4C6DBD88CFAA7A pos=<6319.051758, 37.019352, 14802.888672>)
11:56:24.695 [VehicleEnter] Player Golden [uid=8Xp2uj5ZxNF55GgpLiN2OARJVn6kKpJE53oZMkC9IiQ=] entered vehicle Merlin (id=374B0AACDC4284533F4C6DBD88CFAA7A pos=<6319.048828, 37.020927, 14802.883789>) as pilot
11:56:26.925 [VehicleEngine] Player Golden [uid=8Xp2uj5ZxNF55GgpLiN2OARJVn6kKpJE53oZMkC9IiQ=] started vehicle Merlin (id=374B0AACDC4284533F4C6DBD88CFAA7A pos=<6319.048340, 37.022606, 14802.882813>)
11:56:32.351 [VehicleLeave] Player Golden [uid=8Xp2uj5ZxNF55GgpLiN2OARJVn6kKpJE53oZMkC9IiQ=] left vehicle Merlin (id=374B0AACDC4284533F4C6DBD88CFAA7A pos=<6319.047363, 37.021938, 14802.882813>)
11:57:13.359 [VehicleDestroyed] AZLK_rust (id=4DC22ADF274A4DEDFBA66B9CE7A1161D pos=<6344.961426, 37.235054, 14802.693359>)
11:57:48.289 [VehicleCover] Player "Golden" (id=8Xp2uj5ZxNF55GgpLiN2OARJVn6kKpJE53oZMkC9IiQ= pos=<6433.783691, 37.262497, 14728.083984>) uncovered vehicle "ExpansionUh1h_Resistance" (GlobalID=80000000800000008000000080039FE3 pos=<6440.400879, 37.352512, 14725.890625>)!
11:58:00.957 [VehicleCarKey] Player "Golden" (id=8Xp2uj5ZxNF55GgpLiN2OARJVn6kKpJE53oZMkC9IiQ= pos=<6439.663574, 37.262493, 14724.234375>) used the  ExpansionCarKey to unlock ExpansionUh1h_Resistance (id=703D05FC254AAF0EB76EDCA473ADB77D pos=<6440.400391, 37.358364, 14725.890625>)
11:59:14.761 [Party] Player "Ding Chavez" (id=DQ387kbD2K-a37oRXiRVk7g0pIza9NGkY242TMWRc1g=) left the party "La Flama Blanca" (id=52 ownerUID=DQ387kbD2K-a37oRXiRVk7g0pIza9NGkY242TMWRc1g= ownerName=Ding Chavez)
11:59:14.765 [Party] Player "Golden" (id=8Xp2uj5ZxNF55GgpLiN2OARJVn6kKpJE53oZMkC9IiQ=) left the party "G's" (id=49 ownerUID=4LNvemhkvMsn3fCjiyhQQrToOar0_hhH9f302w8wMNY= ownerName=MrGreen530)
11:59:14.800 [Party] Player "Stahlhelm Sturm" (id=Dj-6_aSgGuPVYaq-POeeqvRPr_91gVAi6qp9fgRrqHk=) left the party "DIEHARD" (id=32 ownerUID=JmVdSu0kzNbOpwjpFV-MDcMB-Equ3yPY-l-COMb6HgY= ownerName=Nick Leadbeatter)
