00:59:17.464 [Expansion Quests] - InitQuestSystemClient - Loaded existing player quest data for player with UID: QM7LViVt5sZd0hja19cF2rW2mCNEG7w2k3AFdalcF50=
00:59:17.465 [Expansion Quests] - Create new quest instance for quest: 20 - Player UID: QM7LViVt5sZd0hja19cF2rW2mCNEG7w2k3AFdalcF50=
01:00:43.537 [AI Patrol] Spawning 3 Temple Patrol bots at <405.615234, 47.070000, 777.625793>
01:00:43.635 [AI Patrol] Spawning 3 Temple Patrol bots at <446.871674, 47.070000, 716.940308>
01:00:43.647 [AI Patrol] Spawning 3 Temple Patrol bots at <359.077271, 47.070000, 728.517456>
01:00:45.235 [VehicleEnter] Player Mansbridge [uid=QM7LViVt5sZd0hja19cF2rW2mCNEG7w2k3AFdalcF50=] entered vehicle ToyotaHilux rust (id=EE126C3D5244B7991B116CA54AA405A2 pos=<6030.235840, 12.939569, 4994.910156>) as driver
01:00:53.167 [VehicleEngine] Player Mansbridge [uid=QM7LViVt5sZd0hja19cF2rW2mCNEG7w2k3AFdalcF50=] started vehicle ToyotaHilux rust (id=EE126C3D5244B7991B116CA54AA405A2 pos=<6030.236816, 12.939531, 4994.907227>)
01:02:05.503 [Safezone] Player "Mansbridge" (id=QM7LViVt5sZd0hja19cF2rW2mCNEG7w2k3AFdalcF50= pos=<5675.109863, 33.439358, 5263.955078>) Entered the safezone
01:02:48.950 [VehicleLeave] Player Mansbridge [uid=QM7LViVt5sZd0hja19cF2rW2mCNEG7w2k3AFdalcF50=] left vehicle ToyotaHilux rust (id=EE126C3D5244B7991B116CA54AA405A2 pos=<5593.416016, 28.714764, 5378.807129>)
01:11:18.957 [ATM] Player "Mansbridge" (id=QM7LViVt5sZd0hja19cF2rW2mCNEG7w2k3AFdalcF50=) has withdrawn 670000 from his ATM account.
01:11:56.541 [ATM] Player "Mansbridge" (id=QM7LViVt5sZd0hja19cF2rW2mCNEG7w2k3AFdalcF50=) has deposited 670000 on his ATM account.
01:14:23.505 [MissionAirdrop] An airdrop is heading towards "Warren-Cove" (pos=<6924.000000, 0.000000, 5473.000000> type=Random_Warren-Cove) with a ExpansionAirdropContainer_Military
01:19:05.449 [ATM] Player "Mansbridge" (id=QM7LViVt5sZd0hja19cF2rW2mCNEG7w2k3AFdalcF50=) has withdrawn 670000 from his ATM account.
01:20:07.097 [Market] Player "Mansbridge" (id=QM7LViVt5sZd0hja19cF2rW2mCNEG7w2k3AFdalcF50=) has send a requested to purchase fennek_camogreen x1 from the trader "Vehicles (Lewis [VEHICLES])" in market zone "The Holler" (pos=<5632.000000, 32.000000, 5392.000000>).
01:20:07.264 [VehicleDeleted] Fennek_CAMOgreen (id=EA7EE9A97542E10FBF133AAD71BF61F1 pos=<-0.004209, 0.835681, 0.367563>)
01:20:07.275 [Market] Player "Mansbridge" (id=QM7LViVt5sZd0hja19cF2rW2mCNEG7w2k3AFdalcF50=) has bought fennek_camogreen x1 from the trader "Vehicles (Lewis [VEHICLES])" in market zone "The Holler" (pos=<5632.000000, 32.000000, 5392.000000>) for a price of 660700.
01:20:24.124 [VehicleCarKey] Player "Mansbridge" (id=QM7LViVt5sZd0hja19cF2rW2mCNEG7w2k3AFdalcF50= pos=<5600.187500, 28.722498, 5356.403809>) used the  ExpansionCarKey to unlock Fennek_CAMOgreen (id=8C988DC15546D7CDD46F3C93D9A81F19 pos=<5601.246094, 28.679277, 5358.362793>)
01:21:33.096 [VehicleEnter] Player Mansbridge [uid=QM7LViVt5sZd0hja19cF2rW2mCNEG7w2k3AFdalcF50=] entered vehicle Fennek CAMO green (id=8C988DC15546D7CDD46F3C93D9A81F19 pos=<5601.246094, 28.679289, 5358.361816>) as driver
01:21:37.369 [VehicleEngine] Player Mansbridge [uid=QM7LViVt5sZd0hja19cF2rW2mCNEG7w2k3AFdalcF50=] started vehicle Fennek CAMO green (id=8C988DC15546D7CDD46F3C93D9A81F19 pos=<5601.247070, 28.679283, 5358.363770>)
01:22:00.288 [VehicleEngine] Player Mansbridge [uid=QM7LViVt5sZd0hja19cF2rW2mCNEG7w2k3AFdalcF50=] stopped vehicle Fennek CAMO green (id=8C988DC15546D7CDD46F3C93D9A81F19 pos=<5587.012695, 28.679283, 5377.943359>)
01:22:05.958 [VehicleLeave] Player Mansbridge [uid=QM7LViVt5sZd0hja19cF2rW2mCNEG7w2k3AFdalcF50=] left vehicle Fennek CAMO green (id=8C988DC15546D7CDD46F3C93D9A81F19 pos=<5587.011230, 28.679289, 5377.943359>)
01:22:44.861 [VehicleAttachments] Player Mansbridge (uid=QM7LViVt5sZd0hja19cF2rW2mCNEG7w2k3AFdalcF50=) detached Barrel (type=Barrel_Yellow) from vehicle ToyotaHilux rust(id=EE126C3D5244B7991B116CA54AA405A2 pos=<5593.413086, 28.714741, 5378.809570>)
01:23:19.867 [VehicleAttachments] Player Mansbridge (uid=QM7LViVt5sZd0hja19cF2rW2mCNEG7w2k3AFdalcF50=) detached Jerrycan (type=CanisterGasoline) from vehicle ToyotaHilux rust(id=EE126C3D5244B7991B116CA54AA405A2 pos=<5593.413086, 28.714741, 5378.809570>)
01:26:40.972 [VehicleAttachments] Player Mansbridge (uid=QM7LViVt5sZd0hja19cF2rW2mCNEG7w2k3AFdalcF50=) detached Headlight Bulb (type=HeadlightH7) from vehicle ToyotaHilux rust(id=EE126C3D5244B7991B116CA54AA405A2 pos=<5593.413086, 28.714741, 5378.809570>)
01:26:49.104 [VehicleAttachments] Player Mansbridge (uid=QM7LViVt5sZd0hja19cF2rW2mCNEG7w2k3AFdalcF50=) detached Headlight Bulb (type=HeadlightH7) from vehicle ToyotaHilux rust(id=EE126C3D5244B7991B116CA54AA405A2 pos=<5593.413086, 28.714741, 5378.809570>)
01:29:28.616 [Market] Player "Mansbridge" (id=QM7LViVt5sZd0hja19cF2rW2mCNEG7w2k3AFdalcF50=) has send a requested to sell toyotahilux_rust x1 at the trader "Vehicles (Lewis [VEHICLES])" in market zone "The Holler" (pos=<5632.000000, 32.000000, 5392.000000>).
01:29:28.736 [VehicleDeleted] ToyotaHilux_rust (id=EE126C3D5244B7991B116CA54AA405A2 pos=<5593.413086, 28.714741, 5378.809570>)
01:29:28.737 [Market] Player "Mansbridge" (id=QM7LViVt5sZd0hja19cF2rW2mCNEG7w2k3AFdalcF50=) has sold toyotahilux_rust x1 at the trader "Vehicles (Lewis [VEHICLES])" in market zone "The Holler" (pos=<5632.000000, 32.000000, 5392.000000>) and got 15525.
01:31:06.122 [Market] Player "Mansbridge" (id=QM7LViVt5sZd0hja19cF2rW2mCNEG7w2k3AFdalcF50=) has send a requested to purchase expansioncarkey x1 from the trader "Vehicles (Lewis [VEHICLES])" in market zone "The Holler" (pos=<5632.000000, 32.000000, 5392.000000>).
01:31:06.228 [Market] Player "Mansbridge" (id=QM7LViVt5sZd0hja19cF2rW2mCNEG7w2k3AFdalcF50=) has bought expansioncarkey x1 from the trader "Vehicles (Lewis [VEHICLES])" in market zone "The Holler" (pos=<5632.000000, 32.000000, 5392.000000>) for a price of 500.
01:32:20.431 [Market] Player "Mansbridge" (id=QM7LViVt5sZd0hja19cF2rW2mCNEG7w2k3AFdalcF50=) has send a requested to sell expansioncarkey x1 at the trader "Vehicles (Lewis [VEHICLES])" in market zone "The Holler" (pos=<5632.000000, 32.000000, 5392.000000>).
01:32:20.545 [Market] Player "Mansbridge" (id=QM7LViVt5sZd0hja19cF2rW2mCNEG7w2k3AFdalcF50=) has sold expansioncarkey x1 at the trader "Vehicles (Lewis [VEHICLES])" in market zone "The Holler" (pos=<5632.000000, 32.000000, 5392.000000>) and got 375.
01:33:04.322 [VehicleCarKey] Player "Mansbridge" (id=QM7LViVt5sZd0hja19cF2rW2mCNEG7w2k3AFdalcF50= pos=<5590.196777, 28.722498, 5376.792480>) used the  ExpansionCarKey to lock Fennek_CAMOgreen (id=8C988DC15546D7CDD46F3C93D9A81F19 pos=<5587.012695, 28.679283, 5377.943359>)
01:33:05.916 [VehicleCarKey] Player "Mansbridge" (id=QM7LViVt5sZd0hja19cF2rW2mCNEG7w2k3AFdalcF50= pos=<5589.656250, 28.722498, 5376.935059>) used the  ExpansionCarKey to unlock Fennek_CAMOgreen (id=8C988DC15546D7CDD46F3C93D9A81F19 pos=<5587.012695, 28.679283, 5377.943359>)
01:33:17.344 [VehicleEnter] Player Mansbridge [uid=QM7LViVt5sZd0hja19cF2rW2mCNEG7w2k3AFdalcF50=] entered vehicle Fennek CAMO green (id=8C988DC15546D7CDD46F3C93D9A81F19 pos=<5587.015137, 28.679283, 5377.943359>) as driver
01:33:24.544 [VehicleEngine] Player Mansbridge [uid=QM7LViVt5sZd0hja19cF2rW2mCNEG7w2k3AFdalcF50=] started vehicle Fennek CAMO green (id=8C988DC15546D7CDD46F3C93D9A81F19 pos=<5587.015137, 28.679283, 5377.943359>)
01:34:11.200 [Safezone] Player "Mansbridge" (id=QM7LViVt5sZd0hja19cF2rW2mCNEG7w2k3AFdalcF50= pos=<5811.920898, 28.875290, 5195.478516>) Left the safezone
01:35:22.981 [VehicleEngine] Player Mansbridge [uid=QM7LViVt5sZd0hja19cF2rW2mCNEG7w2k3AFdalcF50=] stopped vehicle Fennek CAMO green (id=8C988DC15546D7CDD46F3C93D9A81F19 pos=<6027.085449, 12.951866, 4994.725098>)
01:35:44.224 [VehicleEngine] Player Mansbridge [uid=QM7LViVt5sZd0hja19cF2rW2mCNEG7w2k3AFdalcF50=] started vehicle Fennek CAMO green (id=8C988DC15546D7CDD46F3C93D9A81F19 pos=<6027.084473, 12.951893, 4994.726563>)
01:35:52.978 [VehicleEngine] Player Mansbridge [uid=QM7LViVt5sZd0hja19cF2rW2mCNEG7w2k3AFdalcF50=] stopped vehicle Fennek CAMO green (id=8C988DC15546D7CDD46F3C93D9A81F19 pos=<6027.085449, 12.951866, 4994.725098>)
01:35:57.176 [VehicleLeave] Player Mansbridge [uid=QM7LViVt5sZd0hja19cF2rW2mCNEG7w2k3AFdalcF50=] left vehicle Fennek CAMO green (id=8C988DC15546D7CDD46F3C93D9A81F19 pos=<6027.084473, 12.951895, 4994.726563>)
01:36:16.844 [VehicleCarKey] Player "Mansbridge" (id=QM7LViVt5sZd0hja19cF2rW2mCNEG7w2k3AFdalcF50= pos=<6014.487305, 12.992944, 5007.127930>) used the  ExpansionCarKey to unlock HAMMER_H1_black_rust (id=E1A9E95E29460418508849B7D1605D85 pos=<6015.905273, 12.998385, 5007.312500>)
01:36:22.183 [VehicleEnter] Player Mansbridge [uid=QM7LViVt5sZd0hja19cF2rW2mCNEG7w2k3AFdalcF50=] entered vehicle HAMMER_H1 black_rust (id=E1A9E95E29460418508849B7D1605D85 pos=<6015.905273, 12.998387, 5007.312500>) as driver
01:36:26.785 [VehicleEngine] Player Mansbridge [uid=QM7LViVt5sZd0hja19cF2rW2mCNEG7w2k3AFdalcF50=] started vehicle HAMMER_H1 black_rust (id=E1A9E95E29460418508849B7D1605D85 pos=<6015.905273, 12.998386, 5007.312500>)
01:36:45.703 [VehicleEngine] Player Mansbridge [uid=QM7LViVt5sZd0hja19cF2rW2mCNEG7w2k3AFdalcF50=] stopped vehicle HAMMER_H1 black_rust (id=E1A9E95E29460418508849B7D1605D85 pos=<6022.040527, 13.020760, 4986.437988>)
01:36:52.547 [VehicleLeave] Player Mansbridge [uid=QM7LViVt5sZd0hja19cF2rW2mCNEG7w2k3AFdalcF50=] left vehicle HAMMER_H1 black_rust (id=E1A9E95E29460418508849B7D1605D85 pos=<6022.040527, 13.020758, 4986.437988>)
01:38:56.443 [VehicleEnter] Player Mansbridge [uid=QM7LViVt5sZd0hja19cF2rW2mCNEG7w2k3AFdalcF50=] entered vehicle Fennek CAMO green (id=8C988DC15546D7CDD46F3C93D9A81F19 pos=<6027.085938, 12.951848, 4994.724121>) as driver
01:38:58.944 [VehicleEngine] Player Mansbridge [uid=QM7LViVt5sZd0hja19cF2rW2mCNEG7w2k3AFdalcF50=] started vehicle Fennek CAMO green (id=8C988DC15546D7CDD46F3C93D9A81F19 pos=<6027.085938, 12.951844, 4994.724121>)
01:39:56.468 [VehicleEngine] Player Mansbridge [uid=QM7LViVt5sZd0hja19cF2rW2mCNEG7w2k3AFdalcF50=] stopped vehicle Fennek CAMO green (id=8C988DC15546D7CDD46F3C93D9A81F19 pos=<6015.963379, 12.938169, 5006.769531>)
01:40:03.648 [VehicleLeave] Player Mansbridge [uid=QM7LViVt5sZd0hja19cF2rW2mCNEG7w2k3AFdalcF50=] left vehicle Fennek CAMO green (id=8C988DC15546D7CDD46F3C93D9A81F19 pos=<6015.965820, 12.938129, 5006.770020>)
01:40:51.013 [VehicleEnter] Player Mansbridge [uid=QM7LViVt5sZd0hja19cF2rW2mCNEG7w2k3AFdalcF50=] entered vehicle Fennek CAMO green (id=8C988DC15546D7CDD46F3C93D9A81F19 pos=<6015.961426, 12.938232, 5006.767090>) as driver
01:40:52.375 [VehicleEngine] Player Mansbridge [uid=QM7LViVt5sZd0hja19cF2rW2mCNEG7w2k3AFdalcF50=] started vehicle Fennek CAMO green (id=8C988DC15546D7CDD46F3C93D9A81F19 pos=<6015.961426, 12.938240, 5006.767090>)
01:41:00.443 [VehicleEngine] Player Mansbridge [uid=QM7LViVt5sZd0hja19cF2rW2mCNEG7w2k3AFdalcF50=] stopped vehicle Fennek CAMO green (id=8C988DC15546D7CDD46F3C93D9A81F19 pos=<6015.891113, 12.934952, 5006.958984>)
01:41:03.370 [VehicleLeave] Player Mansbridge [uid=QM7LViVt5sZd0hja19cF2rW2mCNEG7w2k3AFdalcF50=] left vehicle Fennek CAMO green (id=8C988DC15546D7CDD46F3C93D9A81F19 pos=<6015.889160, 12.934991, 5006.958496>)
01:41:23.132 [VehicleCarKey] Player "Mansbridge" (id=QM7LViVt5sZd0hja19cF2rW2mCNEG7w2k3AFdalcF50= pos=<6017.645508, 13.028186, 5002.919434>) used the  ExpansionCarKey to lock Fennek_CAMOgreen (id=8C988DC15546D7CDD46F3C93D9A81F19 pos=<6015.891113, 12.934948, 5006.959473>)
01:41:33.833 [VehicleCarKey] Player "Mansbridge" (id=QM7LViVt5sZd0hja19cF2rW2mCNEG7w2k3AFdalcF50= pos=<6016.327148, 13.038295, 5003.277832>) used the  ExpansionCarKey to unlock Fennek_CAMOgreen (id=8C988DC15546D7CDD46F3C93D9A81F19 pos=<6015.891113, 12.934948, 5006.959473>)
01:43:35.097 [VehicleCarKey] Player "Mansbridge" (id=QM7LViVt5sZd0hja19cF2rW2mCNEG7w2k3AFdalcF50= pos=<6017.143555, 13.029992, 5003.217773>) used the  ExpansionCarKey to lock Fennek_CAMOgreen (id=8C988DC15546D7CDD46F3C93D9A81F19 pos=<6015.891113, 12.934948, 5006.959473>)
01:43:48.774 [VehicleEnter] Player Mansbridge [uid=QM7LViVt5sZd0hja19cF2rW2mCNEG7w2k3AFdalcF50=] entered vehicle HAMMER_H1 black_rust (id=E1A9E95E29460418508849B7D1605D85 pos=<6022.040039, 13.020761, 4986.437988>) as driver
01:43:51.663 [VehicleEngine] Player Mansbridge [uid=QM7LViVt5sZd0hja19cF2rW2mCNEG7w2k3AFdalcF50=] started vehicle HAMMER_H1 black_rust (id=E1A9E95E29460418508849B7D1605D85 pos=<6022.040039, 13.020760, 4986.437988>)
01:44:58.015 [Safezone] Player "Mansbridge" (id=QM7LViVt5sZd0hja19cF2rW2mCNEG7w2k3AFdalcF50= pos=<5666.496094, 33.330795, 5265.693359>) Entered the safezone
01:45:25.245 [VehicleEngine] Player Mansbridge [uid=QM7LViVt5sZd0hja19cF2rW2mCNEG7w2k3AFdalcF50=] stopped vehicle HAMMER_H1 black_rust (id=E1A9E95E29460418508849B7D1605D85 pos=<5591.259766, 28.750351, 5369.095703>)
01:45:28.378 [VehicleLeave] Player Mansbridge [uid=QM7LViVt5sZd0hja19cF2rW2mCNEG7w2k3AFdalcF50=] left vehicle HAMMER_H1 black_rust (id=E1A9E95E29460418508849B7D1605D85 pos=<5591.259766, 28.750351, 5369.095703>)
01:46:07.789 [ATM] Player "Mansbridge" (id=QM7LViVt5sZd0hja19cF2rW2mCNEG7w2k3AFdalcF50=) has withdrawn 25000 from his ATM account.
01:46:26.954 [ATM] Player "Mansbridge" (id=QM7LViVt5sZd0hja19cF2rW2mCNEG7w2k3AFdalcF50=) has withdrawn 15000 from his ATM account.
01:48:08.263 [Market] Player "Mansbridge" (id=QM7LViVt5sZd0hja19cF2rW2mCNEG7w2k3AFdalcF50=) has send a requested to purchase hammer_h1_black_rust x1 from the trader "Vehicles (Lewis [VEHICLES])" in market zone "The Holler" (pos=<5632.000000, 32.000000, 5392.000000>).
01:48:08.379 [VehicleDeleted] HAMMER_H1_black_rust (id=5F46788F03467A9BCF72BBBA1AAD1E55 pos=<-0.000072, 0.694623, 0.141772>)
01:48:08.386 [Market] Player "Mansbridge" (id=QM7LViVt5sZd0hja19cF2rW2mCNEG7w2k3AFdalcF50=) has bought hammer_h1_black_rust x1 from the trader "Vehicles (Lewis [VEHICLES])" in market zone "The Holler" (pos=<5632.000000, 32.000000, 5392.000000>) for a price of 59000.
01:48:30.734 [VehicleCarKey] Player "Mansbridge" (id=QM7LViVt5sZd0hja19cF2rW2mCNEG7w2k3AFdalcF50= pos=<5602.579102, 28.722498, 5359.598145>) used the  ExpansionCarKey to unlock HAMMER_H1_black_rust (id=E2D32D327C4F97C6AA16AC910E05B2D2 pos=<5601.258301, 28.750349, 5358.092285>)
01:48:47.550 [VehicleEnter] Player Mansbridge [uid=QM7LViVt5sZd0hja19cF2rW2mCNEG7w2k3AFdalcF50=] entered vehicle HAMMER_H1 black_rust (id=E1A9E95E29460418508849B7D1605D85 pos=<5591.259766, 28.750351, 5369.095703>) as driver
01:48:49.076 [VehicleEngine] Player Mansbridge [uid=QM7LViVt5sZd0hja19cF2rW2mCNEG7w2k3AFdalcF50=] started vehicle HAMMER_H1 black_rust (id=E1A9E95E29460418508849B7D1605D85 pos=<5591.259766, 28.750351, 5369.095215>)
01:48:57.101 [VehicleEngine] Player Mansbridge [uid=QM7LViVt5sZd0hja19cF2rW2mCNEG7w2k3AFdalcF50=] stopped vehicle HAMMER_H1 black_rust (id=E1A9E95E29460418508849B7D1605D85 pos=<5596.072754, 28.750349, 5363.251465>)
01:49:00.611 [VehicleLeave] Player Mansbridge [uid=QM7LViVt5sZd0hja19cF2rW2mCNEG7w2k3AFdalcF50=] left vehicle HAMMER_H1 black_rust (id=E1A9E95E29460418508849B7D1605D85 pos=<5596.072754, 28.750349, 5363.251465>)
01:49:57.473 [VehicleAttachments] Player Mansbridge (uid=QM7LViVt5sZd0hja19cF2rW2mCNEG7w2k3AFdalcF50=) detached Jerrycan (type=CanisterGasoline) from vehicle HAMMER_H1 black_rust(id=E1A9E95E29460418508849B7D1605D85 pos=<5596.072754, 28.750349, 5363.251465>)
01:50:29.252 [VehicleAttachments] Player Mansbridge (uid=QM7LViVt5sZd0hja19cF2rW2mCNEG7w2k3AFdalcF50=) detached Pickaxe (type=Pickaxe) from vehicle HAMMER_H1 black_rust(id=E1A9E95E29460418508849B7D1605D85 pos=<5596.072754, 28.750349, 5363.251465>)
01:53:43.881 [VehicleEnter] Player Mansbridge [uid=QM7LViVt5sZd0hja19cF2rW2mCNEG7w2k3AFdalcF50=] entered vehicle HAMMER_H1 black_rust (id=E2D32D327C4F97C6AA16AC910E05B2D2 pos=<5601.258301, 28.750349, 5358.092285>) as driver
01:53:46.388 [VehicleEngine] Player Mansbridge [uid=QM7LViVt5sZd0hja19cF2rW2mCNEG7w2k3AFdalcF50=] started vehicle HAMMER_H1 black_rust (id=E2D32D327C4F97C6AA16AC910E05B2D2 pos=<5601.258301, 28.750347, 5358.092285>)
01:54:15.850 [Safezone] Player "Mansbridge" (id=QM7LViVt5sZd0hja19cF2rW2mCNEG7w2k3AFdalcF50= pos=<5734.994629, 26.306177, 5216.032227>) Left the safezone
01:54:18.360 [VehicleEngine] Player Mansbridge [uid=QM7LViVt5sZd0hja19cF2rW2mCNEG7w2k3AFdalcF50=] stopped vehicle HAMMER_H1 black_rust (id=E2D32D327C4F97C6AA16AC910E05B2D2 pos=<5734.491699, 25.466549, 5215.526855>)
01:54:20.514 [VehicleLeave] Player Mansbridge [uid=QM7LViVt5sZd0hja19cF2rW2mCNEG7w2k3AFdalcF50=] left vehicle HAMMER_H1 black_rust (id=E2D32D327C4F97C6AA16AC910E05B2D2 pos=<5734.491699, 25.466547, 5215.526855>)
01:54:41.330 [Safezone] Player "Mansbridge" (id=QM7LViVt5sZd0hja19cF2rW2mCNEG7w2k3AFdalcF50= pos=<5674.211426, 32.396969, 5261.982910>) Entered the safezone
01:56:09.657 [Safezone] Player "Mansbridge" (id=QM7LViVt5sZd0hja19cF2rW2mCNEG7w2k3AFdalcF50= pos=<5715.207031, 28.184298, 5229.226563>) Left the safezone
01:56:19.196 [VehicleEnter] Player Mansbridge [uid=QM7LViVt5sZd0hja19cF2rW2mCNEG7w2k3AFdalcF50=] entered vehicle HAMMER_H1 black_rust (id=E2D32D327C4F97C6AA16AC910E05B2D2 pos=<5734.491699, 25.466528, 5215.526855>) as driver
01:56:21.986 [VehicleEngine] Player Mansbridge [uid=QM7LViVt5sZd0hja19cF2rW2mCNEG7w2k3AFdalcF50=] started vehicle HAMMER_H1 black_rust (id=E2D32D327C4F97C6AA16AC910E05B2D2 pos=<5734.491699, 25.466539, 5215.526855>)
01:57:32.950 [VehicleEngine] Player Mansbridge [uid=QM7LViVt5sZd0hja19cF2rW2mCNEG7w2k3AFdalcF50=] stopped vehicle HAMMER_H1 black_rust (id=E2D32D327C4F97C6AA16AC910E05B2D2 pos=<6033.242188, 12.923940, 4995.636230>)
01:57:37.575 [VehicleLeave] Player Mansbridge [uid=QM7LViVt5sZd0hja19cF2rW2mCNEG7w2k3AFdalcF50=] left vehicle HAMMER_H1 black_rust (id=E2D32D327C4F97C6AA16AC910E05B2D2 pos=<6033.242676, 12.923939, 4995.636230>)
01:57:47.317 [VehicleCarKey] Player "Mansbridge" (id=QM7LViVt5sZd0hja19cF2rW2mCNEG7w2k3AFdalcF50= pos=<6031.134766, 12.922425, 4997.123047>) used the  ExpansionCarKey to lock HAMMER_H1_black_rust (id=E2D32D327C4F97C6AA16AC910E05B2D2 pos=<6033.242188, 12.923939, 4995.636230>)
01:57:59.505 [VehicleCarKey] Player "Mansbridge" (id=QM7LViVt5sZd0hja19cF2rW2mCNEG7w2k3AFdalcF50= pos=<6014.502930, 13.013140, 5005.963867>) used the  ExpansionCarKey to unlock Fennek_CAMOgreen (id=8C988DC15546D7CDD46F3C93D9A81F19 pos=<6015.891113, 12.934948, 5006.959473>)
01:58:22.044 [VehicleEnter] Player Mansbridge [uid=QM7LViVt5sZd0hja19cF2rW2mCNEG7w2k3AFdalcF50=] entered vehicle Fennek CAMO green (id=8C988DC15546D7CDD46F3C93D9A81F19 pos=<6015.892090, 12.934890, 5006.961426>) as driver
01:58:24.642 [VehicleEngine] Player Mansbridge [uid=QM7LViVt5sZd0hja19cF2rW2mCNEG7w2k3AFdalcF50=] started vehicle Fennek CAMO green (id=8C988DC15546D7CDD46F3C93D9A81F19 pos=<6015.892090, 12.934891, 5006.961426>)
02:00:37.604 [Safezone] Player "Mansbridge" (id=QM7LViVt5sZd0hja19cF2rW2mCNEG7w2k3AFdalcF50= pos=<5668.922363, 33.452534, 5263.652344>) Entered the safezone
02:00:55.738 [VehicleEngine] Player Mansbridge [uid=QM7LViVt5sZd0hja19cF2rW2mCNEG7w2k3AFdalcF50=] stopped vehicle Fennek CAMO green (id=8C988DC15546D7CDD46F3C93D9A81F19 pos=<5613.706543, 28.725893, 5355.796387>)
02:01:00.173 [VehicleLeave] Player Mansbridge [uid=QM7LViVt5sZd0hja19cF2rW2mCNEG7w2k3AFdalcF50=] left vehicle Fennek CAMO green (id=8C988DC15546D7CDD46F3C93D9A81F19 pos=<5613.706543, 28.725882, 5355.798340>)
02:02:59.954 [VehicleEnter] Player Mansbridge [uid=QM7LViVt5sZd0hja19cF2rW2mCNEG7w2k3AFdalcF50=] entered vehicle HAMMER_H1 black_rust (id=E1A9E95E29460418508849B7D1605D85 pos=<5596.072754, 28.750351, 5363.251465>) as driver
02:03:34.186 [VehicleLeave] Player Mansbridge [uid=QM7LViVt5sZd0hja19cF2rW2mCNEG7w2k3AFdalcF50=] left vehicle HAMMER_H1 black_rust (id=E1A9E95E29460418508849B7D1605D85 pos=<5596.072754, 28.750351, 5363.251465>)
02:03:58.006 [Market] Player "Mansbridge" (id=QM7LViVt5sZd0hja19cF2rW2mCNEG7w2k3AFdalcF50=) has send a requested to sell hammer_h1_black_rust x1 at the trader "Vehicles (Lewis [VEHICLES])" in market zone "The Holler" (pos=<5632.000000, 32.000000, 5392.000000>).
02:03:58.124 [VehicleDeleted] HAMMER_H1_black_rust (id=E1A9E95E29460418508849B7D1605D85 pos=<5596.072754, 28.750347, 5363.251465>)
02:03:58.125 [Market] Player "Mansbridge" (id=QM7LViVt5sZd0hja19cF2rW2mCNEG7w2k3AFdalcF50=) has sold hammer_h1_black_rust x1 at the trader "Vehicles (Lewis [VEHICLES])" in market zone "The Holler" (pos=<5632.000000, 32.000000, 5392.000000>) and got 41205.
02:04:11.313 [VehicleEnter] Player Mansbridge [uid=QM7LViVt5sZd0hja19cF2rW2mCNEG7w2k3AFdalcF50=] entered vehicle Fennek CAMO green (id=8C988DC15546D7CDD46F3C93D9A81F19 pos=<5613.706543, 28.725872, 5355.801758>) as driver
02:04:14.962 [VehicleEngine] Player Mansbridge [uid=QM7LViVt5sZd0hja19cF2rW2mCNEG7w2k3AFdalcF50=] started vehicle Fennek CAMO green (id=8C988DC15546D7CDD46F3C93D9A81F19 pos=<5613.706543, 28.725872, 5355.801758>)
02:05:12.458 [Safezone] Player "Mansbridge" (id=QM7LViVt5sZd0hja19cF2rW2mCNEG7w2k3AFdalcF50= pos=<5830.132813, 30.629478, 5195.838867>) Left the safezone
02:07:32.222 [VehicleEngine] Player Mansbridge [uid=QM7LViVt5sZd0hja19cF2rW2mCNEG7w2k3AFdalcF50=] stopped vehicle Fennek CAMO green (id=8C988DC15546D7CDD46F3C93D9A81F19 pos=<6015.840820, 12.931186, 5007.159180>)
02:07:37.003 [VehicleLeave] Player Mansbridge [uid=QM7LViVt5sZd0hja19cF2rW2mCNEG7w2k3AFdalcF50=] left vehicle Fennek CAMO green (id=8C988DC15546D7CDD46F3C93D9A81F19 pos=<6015.840332, 12.931199, 5007.158691>)
02:07:48.598 [VehicleCarKey] Player "Mansbridge" (id=QM7LViVt5sZd0hja19cF2rW2mCNEG7w2k3AFdalcF50= pos=<6014.677246, 13.019509, 5005.500000>) used the  ExpansionCarKey to lock Fennek_CAMOgreen (id=8C988DC15546D7CDD46F3C93D9A81F19 pos=<6015.838867, 12.931231, 5007.157715>)
02:07:54.239 [VehicleCarKey] Player "Mansbridge" (id=QM7LViVt5sZd0hja19cF2rW2mCNEG7w2k3AFdalcF50= pos=<6016.615234, 13.034179, 5003.376465>) used the  ExpansionCarKey to unlock Fennek_CAMOgreen (id=8C988DC15546D7CDD46F3C93D9A81F19 pos=<6015.838867, 12.931231, 5007.157715>)
02:10:33.877 [VehicleCarKey] Player "Mansbridge" (id=QM7LViVt5sZd0hja19cF2rW2mCNEG7w2k3AFdalcF50= pos=<6017.023438, 13.027797, 5003.464355>) used the  ExpansionCarKey to lock Fennek_CAMOgreen (id=8C988DC15546D7CDD46F3C93D9A81F19 pos=<6015.838867, 12.931231, 5007.157715>)
