03:28:56.526 [Safezone] Player "Mansbridge" (id=QM7LViVt5sZd0hja19cF2rW2mCNEG7w2k3AFdalcF50= pos=<5639.563965, 32.023247, 5398.249512>) Entered the safezone
03:28:56.542 [Expansion Quests] - InitQuestSystemClient - Loaded existing player quest data for player with UID: QM7LViVt5sZd0hja19cF2rW2mCNEG7w2k3AFdalcF50=
03:28:56.542 [Expansion Quests] - LoadGroupQuestData - Created new persistent group quest data for group with ID: -1
03:31:14.006 [Market] Player "Mansbridge" (id=QM7LViVt5sZd0hja19cF2rW2mCNEG7w2k3AFdalcF50=) has send a requested to sell twp_ruger556_magpul x1 at the trader "Weapons (Oliver [WEAPONS])" in market zone "The Holler" (pos=<5632.000000, 32.000000, 5392.000000>).
03:31:14.124 [Market] Player "Mansbridge" (id=QM7LViVt5sZd0hja19cF2rW2mCNEG7w2k3AFdalcF50=) has sold twp_ruger556_magpul x1 at the trader "Weapons (Oliver [WEAPONS])" in market zone "The Holler" (pos=<5632.000000, 32.000000, 5392.000000>) and got 2812.
03:31:51.894 [ATM] Player "Mansbridge" (id=QM7LViVt5sZd0hja19cF2rW2mCNEG7w2k3AFdalcF50=) has withdrawn 5000 from his ATM account.
03:37:02.446 [Market] Player "Mansbridge" (id=QM7LViVt5sZd0hja19cF2rW2mCNEG7w2k3AFdalcF50=) has send a requested to purchase twp_m4v5 x1 from the trader "Weapons (Oliver [WEAPONS])" in market zone "The Holler" (pos=<5632.000000, 32.000000, 5392.000000>).
03:37:02.518 [Market] Player "Mansbridge" (id=QM7LViVt5sZd0hja19cF2rW2mCNEG7w2k3AFdalcF50=) has bought twp_m4v5 x1 from the trader "Weapons (Oliver [WEAPONS])" in market zone "The Holler" (pos=<5632.000000, 32.000000, 5392.000000>) for a price of 5000.
03:38:55.740 [Market] Player "Mansbridge" (id=QM7LViVt5sZd0hja19cF2rW2mCNEG7w2k3AFdalcF50=) has send a requested to sell twp_remingtonr5_mag_40rnd x6 at the trader "Weapons (Oliver [WEAPONS])" in market zone "The Holler" (pos=<5632.000000, 32.000000, 5392.000000>).
03:38:55.860 [Market] Player "Mansbridge" (id=QM7LViVt5sZd0hja19cF2rW2mCNEG7w2k3AFdalcF50=) has sold twp_remingtonr5_mag_40rnd x6 at the trader "Weapons (Oliver [WEAPONS])" in market zone "The Holler" (pos=<5632.000000, 32.000000, 5392.000000>) and got 4119.
03:39:10.039 [Market] Player "Mansbridge" (id=QM7LViVt5sZd0hja19cF2rW2mCNEG7w2k3AFdalcF50=) has send a requested to purchase twp_m4v5_mag_30rnd x6 from the trader "Weapons (Oliver [WEAPONS])" in market zone "The Holler" (pos=<5632.000000, 32.000000, 5392.000000>).
03:39:10.143 [Market] Player "Mansbridge" (id=QM7LViVt5sZd0hja19cF2rW2mCNEG7w2k3AFdalcF50=) has bought twp_m4v5_mag_30rnd x6 from the trader "Weapons (Oliver [WEAPONS])" in market zone "The Holler" (pos=<5632.000000, 32.000000, 5392.000000>) for a price of 5760.
03:39:40.093 [Market] Player "Mansbridge" (id=QM7LViVt5sZd0hja19cF2rW2mCNEG7w2k3AFdalcF50=) has send a requested to purchase acogoptic_6x x1 from the trader "WeaponAccessories (Rolf [WEAPON ACCESSORIES])" in market zone "The Holler" (pos=<5632.000000, 32.000000, 5392.000000>).
03:39:40.215 [Market] Player "Mansbridge" (id=QM7LViVt5sZd0hja19cF2rW2mCNEG7w2k3AFdalcF50=) has bought acogoptic_6x x1 from the trader "WeaponAccessories (Rolf [WEAPON ACCESSORIES])" in market zone "The Holler" (pos=<5632.000000, 32.000000, 5392.000000>) for a price of 2200.
03:40:09.123 [ATM] Player "Mansbridge" (id=QM7LViVt5sZd0hja19cF2rW2mCNEG7w2k3AFdalcF50=) has deposited 1562 on his ATM account.
03:40:43.980 [ATM] Player "Mansbridge" (id=QM7LViVt5sZd0hja19cF2rW2mCNEG7w2k3AFdalcF50=) has withdrawn 400 from his ATM account.
03:41:14.343 [Market] Player "Mansbridge" (id=QM7LViVt5sZd0hja19cF2rW2mCNEG7w2k3AFdalcF50=) has send a requested to purchase ammo_556x45 x105 from the trader "WeaponAccessories (Rolf [WEAPON ACCESSORIES])" in market zone "The Holler" (pos=<5632.000000, 32.000000, 5392.000000>).
03:41:14.427 [Market] Player "Mansbridge" (id=QM7LViVt5sZd0hja19cF2rW2mCNEG7w2k3AFdalcF50=) has bought ammo_556x45 x105 from the trader "WeaponAccessories (Rolf [WEAPON ACCESSORIES])" in market zone "The Holler" (pos=<5632.000000, 32.000000, 5392.000000>) for a price of 210.
03:44:00.835 [MissionAirdrop] An airdrop is heading towards "Oldfield" (pos=<6117.000000, 0.000000, 7004.000000> type=Random_Oldfield) with a ExpansionAirdropContainer
03:46:48.791 [VehicleCarKey] Player "Mansbridge" (id=QM7LViVt5sZd0hja19cF2rW2mCNEG7w2k3AFdalcF50= pos=<5675.608398, 29.674341, 5517.048828>) used the  ExpansionCarKey to unlock ToyotaHilux_rust (id=EE126C3D5244B7991B116CA54AA405A2 pos=<5675.209473, 29.598219, 5515.536621>)
03:46:52.659 [AI Patrol] Spawning 3 Temple Patrol bots at <275.312469, 48.908298, 611.255737>
03:46:52.754 [AI Patrol] Spawning 3 Temple Patrol bots at <326.462372, 47.070000, 838.277161>
03:46:52.764 [AI Patrol] Spawning 3 Temple Patrol bots at <302.092896, 47.070000, 719.207886>
03:46:54.354 [VehicleEnter] Player Mansbridge [uid=QM7LViVt5sZd0hja19cF2rW2mCNEG7w2k3AFdalcF50=] entered vehicle ToyotaHilux rust (id=EE126C3D5244B7991B116CA54AA405A2 pos=<5675.208984, 29.598198, 5515.538574>) as driver
03:46:59.830 [VehicleEngine] Player Mansbridge [uid=QM7LViVt5sZd0hja19cF2rW2mCNEG7w2k3AFdalcF50=] started vehicle ToyotaHilux rust (id=EE126C3D5244B7991B116CA54AA405A2 pos=<5675.208984, 29.598135, 5515.535645>)
03:47:23.900 [Safezone] Player "Mansbridge" (id=QM7LViVt5sZd0hja19cF2rW2mCNEG7w2k3AFdalcF50= pos=<5598.499023, 20.191689, 5660.453613>) Left the safezone
03:48:24.801 [AI Patrol] Spawning 3 Power Plant Patrol bots at <4702.812500, 20.430000, 6965.360840>
03:53:38.811 [AI Patrol] Spawning 3 RCFI Patrol bots at <3689.360352, 10.720901, 8752.940430>
03:54:37.622 [AI Patrol] Spawning 3 Old Town Police Patrol bots at <1885.599243, 9.190000, 8902.464844>
04:00:33.714 [AI Patrol] Spawning 2 Shamans bots at <6876.360840, 9.802113, 6999.082520>
04:00:54.168 [VehicleEngine] Player Mansbridge [uid=QM7LViVt5sZd0hja19cF2rW2mCNEG7w2k3AFdalcF50=] stopped vehicle ToyotaHilux rust (id=EE126C3D5244B7991B116CA54AA405A2 pos=<6057.334473, 32.708969, 6972.639648>)
04:00:57.832 [VehicleLeave] Player Mansbridge [uid=QM7LViVt5sZd0hja19cF2rW2mCNEG7w2k3AFdalcF50=] left vehicle ToyotaHilux rust (id=EE126C3D5244B7991B116CA54AA405A2 pos=<6057.335449, 32.708965, 6972.639160>)
04:04:54.301 [VehicleEnter] Player Mansbridge [uid=QM7LViVt5sZd0hja19cF2rW2mCNEG7w2k3AFdalcF50=] entered vehicle ToyotaHilux rust (id=EE126C3D5244B7991B116CA54AA405A2 pos=<6057.336426, 32.708977, 6972.639160>) as driver
04:04:57.445 [VehicleEngine] Player Mansbridge [uid=QM7LViVt5sZd0hja19cF2rW2mCNEG7w2k3AFdalcF50=] started vehicle ToyotaHilux rust (id=EE126C3D5244B7991B116CA54AA405A2 pos=<6057.335938, 32.708965, 6972.639160>)
04:05:16.481 [VehicleEngine] Player Mansbridge [uid=QM7LViVt5sZd0hja19cF2rW2mCNEG7w2k3AFdalcF50=] stopped vehicle ToyotaHilux rust (id=EE126C3D5244B7991B116CA54AA405A2 pos=<6184.306641, 32.524368, 7025.200195>)
04:05:30.240 [VehicleLeave] Player Mansbridge [uid=QM7LViVt5sZd0hja19cF2rW2mCNEG7w2k3AFdalcF50=] left vehicle ToyotaHilux rust (id=EE126C3D5244B7991B116CA54AA405A2 pos=<6184.306641, 32.524387, 7025.200195>)
04:06:46.012 [VehicleEnter] Player Mansbridge [uid=QM7LViVt5sZd0hja19cF2rW2mCNEG7w2k3AFdalcF50=] entered vehicle ToyotaHilux rust (id=EE126C3D5244B7991B116CA54AA405A2 pos=<6184.312012, 32.524132, 7025.197266>) as driver
04:06:49.030 [VehicleEngine] Player Mansbridge [uid=QM7LViVt5sZd0hja19cF2rW2mCNEG7w2k3AFdalcF50=] started vehicle ToyotaHilux rust (id=EE126C3D5244B7991B116CA54AA405A2 pos=<6184.309082, 32.524273, 7025.198730>)
04:07:15.391 [VehicleLeave] Player Mansbridge [uid=QM7LViVt5sZd0hja19cF2rW2mCNEG7w2k3AFdalcF50=] left vehicle ToyotaHilux rust (id=EE126C3D5244B7991B116CA54AA405A2 pos=<6326.174805, 32.538746, 7062.973633>)
04:08:55.627 [VehicleEnter] Player Mansbridge [uid=QM7LViVt5sZd0hja19cF2rW2mCNEG7w2k3AFdalcF50=] entered vehicle ToyotaHilux rust (id=EE126C3D5244B7991B116CA54AA405A2 pos=<6326.174316, 32.541542, 7062.988281>) as driver
04:08:58.354 [VehicleEngine] Player Mansbridge [uid=QM7LViVt5sZd0hja19cF2rW2mCNEG7w2k3AFdalcF50=] started vehicle ToyotaHilux rust (id=EE126C3D5244B7991B116CA54AA405A2 pos=<6326.174316, 32.546875, 7063.013672>)
04:11:22.084 [VehicleLeave] Player Mansbridge [uid=QM7LViVt5sZd0hja19cF2rW2mCNEG7w2k3AFdalcF50=] left vehicle ToyotaHilux rust (id=EE126C3D5244B7991B116CA54AA405A2 pos=<6761.118164, 8.173745, 6687.551270>)
04:12:17.224 [VehicleEnter] Player Mansbridge [uid=QM7LViVt5sZd0hja19cF2rW2mCNEG7w2k3AFdalcF50=] entered vehicle ToyotaHilux rust (id=EE126C3D5244B7991B116CA54AA405A2 pos=<6761.122559, 8.173547, 6687.551270>) as driver
04:12:19.925 [VehicleEngine] Player Mansbridge [uid=QM7LViVt5sZd0hja19cF2rW2mCNEG7w2k3AFdalcF50=] started vehicle ToyotaHilux rust (id=EE126C3D5244B7991B116CA54AA405A2 pos=<6761.122559, 8.173530, 6687.551270>)
04:12:46.007 [VehicleLeave] Player Mansbridge [uid=QM7LViVt5sZd0hja19cF2rW2mCNEG7w2k3AFdalcF50=] left vehicle ToyotaHilux rust (id=EE126C3D5244B7991B116CA54AA405A2 pos=<6777.765625, 5.362389, 6785.421875>)
04:13:57.778 [VehicleEnter] Player Mansbridge [uid=QM7LViVt5sZd0hja19cF2rW2mCNEG7w2k3AFdalcF50=] entered vehicle ToyotaHilux rust (id=EE126C3D5244B7991B116CA54AA405A2 pos=<6777.760742, 5.362992, 6785.423828>) as driver
04:14:00.373 [VehicleEngine] Player Mansbridge [uid=QM7LViVt5sZd0hja19cF2rW2mCNEG7w2k3AFdalcF50=] started vehicle ToyotaHilux rust (id=EE126C3D5244B7991B116CA54AA405A2 pos=<6777.761230, 5.363014, 6785.423340>)
04:14:23.319 [VehicleEngine] Player Mansbridge [uid=QM7LViVt5sZd0hja19cF2rW2mCNEG7w2k3AFdalcF50=] stopped vehicle ToyotaHilux rust (id=EE126C3D5244B7991B116CA54AA405A2 pos=<6865.841797, 9.966110, 6950.824219>)
04:14:27.228 [VehicleLeave] Player Mansbridge [uid=QM7LViVt5sZd0hja19cF2rW2mCNEG7w2k3AFdalcF50=] left vehicle ToyotaHilux rust (id=EE126C3D5244B7991B116CA54AA405A2 pos=<6865.846680, 9.969257, 6950.852051>)
04:15:34.595 [VehicleEnter] Player Mansbridge [uid=QM7LViVt5sZd0hja19cF2rW2mCNEG7w2k3AFdalcF50=] entered vehicle ToyotaHilux rust (id=EE126C3D5244B7991B116CA54AA405A2 pos=<6865.845215, 9.969218, 6950.851074>) as driver
04:15:37.497 [VehicleEngine] Player Mansbridge [uid=QM7LViVt5sZd0hja19cF2rW2mCNEG7w2k3AFdalcF50=] started vehicle ToyotaHilux rust (id=EE126C3D5244B7991B116CA54AA405A2 pos=<6865.850098, 9.971221, 6950.870117>)
04:15:49.603 [VehicleLeave] Player Mansbridge [uid=QM7LViVt5sZd0hja19cF2rW2mCNEG7w2k3AFdalcF50=] left vehicle ToyotaHilux rust (id=EE126C3D5244B7991B116CA54AA405A2 pos=<6884.605957, 9.257418, 6986.539063>)
04:18:59.518 [VehicleEnter] Player Mansbridge [uid=QM7LViVt5sZd0hja19cF2rW2mCNEG7w2k3AFdalcF50=] entered vehicle ToyotaHilux rust (id=EE126C3D5244B7991B116CA54AA405A2 pos=<6884.592773, 9.258395, 6986.538574>) as driver
04:19:03.090 [VehicleEngine] Player Mansbridge [uid=QM7LViVt5sZd0hja19cF2rW2mCNEG7w2k3AFdalcF50=] started vehicle ToyotaHilux rust (id=EE126C3D5244B7991B116CA54AA405A2 pos=<6884.557129, 9.261106, 6986.539063>)
04:23:08.258 [Safezone] Player "Mansbridge" (id=QM7LViVt5sZd0hja19cF2rW2mCNEG7w2k3AFdalcF50= pos=<5663.863281, 29.959030, 5521.432617>) Entered the safezone
04:23:25.486 [VehicleLeave] Player Mansbridge [uid=QM7LViVt5sZd0hja19cF2rW2mCNEG7w2k3AFdalcF50=] left vehicle ToyotaHilux rust (id=EE126C3D5244B7991B116CA54AA405A2 pos=<5630.438965, 28.676588, 5421.501953>)
04:23:55.443 [Market] Player "Mansbridge" (id=QM7LViVt5sZd0hja19cF2rW2mCNEG7w2k3AFdalcF50=) has send a requested to sell b95 x1 at the trader "Weapons (Oliver [WEAPONS])" in market zone "The Holler" (pos=<5632.000000, 32.000000, 5392.000000>).
04:23:55.522 [Market] Player "Mansbridge" (id=QM7LViVt5sZd0hja19cF2rW2mCNEG7w2k3AFdalcF50=) has sold b95 x1 at the trader "Weapons (Oliver [WEAPONS])" in market zone "The Holler" (pos=<5632.000000, 32.000000, 5392.000000>) and got 8775.
04:24:01.367 [Market] Player "Mansbridge" (id=QM7LViVt5sZd0hja19cF2rW2mCNEG7w2k3AFdalcF50=) has send a requested to sell twp_cz805 x1 at the trader "Weapons (Oliver [WEAPONS])" in market zone "The Holler" (pos=<5632.000000, 32.000000, 5392.000000>).
04:24:01.480 [Market] Player "Mansbridge" (id=QM7LViVt5sZd0hja19cF2rW2mCNEG7w2k3AFdalcF50=) has sold twp_cz805 x1 at the trader "Weapons (Oliver [WEAPONS])" in market zone "The Holler" (pos=<5632.000000, 32.000000, 5392.000000>) and got 2812.
04:25:53.999 [Market] Player "Mansbridge" (id=QM7LViVt5sZd0hja19cF2rW2mCNEG7w2k3AFdalcF50=) has send a requested to sell twp_dmr25 x1 at the trader "Weapons (Oliver [WEAPONS])" in market zone "The Holler" (pos=<5632.000000, 32.000000, 5392.000000>).
04:25:54.126 [Market] Player "Mansbridge" (id=QM7LViVt5sZd0hja19cF2rW2mCNEG7w2k3AFdalcF50=) has sold twp_dmr25 x1 at the trader "Weapons (Oliver [WEAPONS])" in market zone "The Holler" (pos=<5632.000000, 32.000000, 5392.000000>) and got 6750.
04:26:07.241 [Market] Player "Mansbridge" (id=QM7LViVt5sZd0hja19cF2rW2mCNEG7w2k3AFdalcF50=) has send a requested to sell mvs_combat_vest_heavy_od x1 at the trader "Clothing_Accessories (Elias [CLOTHING & ACCESSORIES])" in market zone "The Holler" (pos=<5632.000000, 32.000000, 5392.000000>).
04:26:07.328 [Market] Player "Mansbridge" (id=QM7LViVt5sZd0hja19cF2rW2mCNEG7w2k3AFdalcF50=) has sold mvs_combat_vest_heavy_od x1 at the trader "Clothing_Accessories (Elias [CLOTHING & ACCESSORIES])" in market zone "The Holler" (pos=<5632.000000, 32.000000, 5392.000000>) and got 19687.
04:29:34.238 [Market] Player "Mansbridge" (id=QM7LViVt5sZd0hja19cF2rW2mCNEG7w2k3AFdalcF50=) has send a requested to sell ghillieatt_mossy x1 at the trader "WeaponAccessories (Rolf [WEAPON ACCESSORIES])" in market zone "The Holler" (pos=<5632.000000, 32.000000, 5392.000000>).
04:29:34.315 [Market] Player "Mansbridge" (id=QM7LViVt5sZd0hja19cF2rW2mCNEG7w2k3AFdalcF50=) has sold ghillieatt_mossy x1 at the trader "WeaponAccessories (Rolf [WEAPON ACCESSORIES])" in market zone "The Holler" (pos=<5632.000000, 32.000000, 5392.000000>) and got 2415.
04:32:06.561 [VehicleEnter] Player Mansbridge [uid=QM7LViVt5sZd0hja19cF2rW2mCNEG7w2k3AFdalcF50=] entered vehicle ToyotaHilux rust (id=EE126C3D5244B7991B116CA54AA405A2 pos=<5630.442383, 28.676670, 5421.499023>) as driver
04:32:08.941 [VehicleLeave] Player Mansbridge [uid=QM7LViVt5sZd0hja19cF2rW2mCNEG7w2k3AFdalcF50=] left vehicle ToyotaHilux rust (id=EE126C3D5244B7991B116CA54AA405A2 pos=<5630.441895, 28.676643, 5421.499512>)
04:32:40.281 [Market] Player "Mansbridge" (id=QM7LViVt5sZd0hja19cF2rW2mCNEG7w2k3AFdalcF50=) has send a requested to purchase ammo_556x45 x92 from the trader "WeaponAccessories (Rolf [WEAPON ACCESSORIES])" in market zone "The Holler" (pos=<5632.000000, 32.000000, 5392.000000>).
04:32:40.396 [Market] Player "Mansbridge" (id=QM7LViVt5sZd0hja19cF2rW2mCNEG7w2k3AFdalcF50=) has bought ammo_556x45 x92 from the trader "WeaponAccessories (Rolf [WEAPON ACCESSORIES])" in market zone "The Holler" (pos=<5632.000000, 32.000000, 5392.000000>) for a price of 184.
04:32:49.286 [VehicleEnter] Player Mansbridge [uid=QM7LViVt5sZd0hja19cF2rW2mCNEG7w2k3AFdalcF50=] entered vehicle ToyotaHilux rust (id=EE126C3D5244B7991B116CA54AA405A2 pos=<5630.443359, 28.676674, 5421.498535>) as driver
04:32:52.260 [VehicleEngine] Player Mansbridge [uid=QM7LViVt5sZd0hja19cF2rW2mCNEG7w2k3AFdalcF50=] started vehicle ToyotaHilux rust (id=EE126C3D5244B7991B116CA54AA405A2 pos=<5630.440918, 28.676600, 5421.500977>)
04:33:33.640 [Safezone] Player "Mansbridge" (id=QM7LViVt5sZd0hja19cF2rW2mCNEG7w2k3AFdalcF50= pos=<5802.518555, 27.965019, 5198.903809>) Left the safezone
04:38:28.904 [AI Patrol] Spawning 3 Camp Bear Patrol bots at <8752.590820, 13.285425, 6005.453125>
04:41:13.492 [VehicleEngine] Player Mansbridge [uid=QM7LViVt5sZd0hja19cF2rW2mCNEG7w2k3AFdalcF50=] stopped vehicle ToyotaHilux rust (id=EE126C3D5244B7991B116CA54AA405A2 pos=<10339.368164, 2.109370, 5595.833984>)
04:41:19.324 [VehicleLeave] Player Mansbridge [uid=QM7LViVt5sZd0hja19cF2rW2mCNEG7w2k3AFdalcF50=] left vehicle ToyotaHilux rust (id=EE126C3D5244B7991B116CA54AA405A2 pos=<10339.368164, 2.109296, 5595.835938>)
04:45:52.169 [VehicleCarKey] Player "Mansbridge" (id=QM7LViVt5sZd0hja19cF2rW2mCNEG7w2k3AFdalcF50= pos=<10338.583984, 2.039932, 5597.454590>) used the  ExpansionCarKey to lock ToyotaHilux_rust (id=EE126C3D5244B7991B116CA54AA405A2 pos=<10339.369141, 2.109428, 5595.833008>)
04:46:25.589 [Safezone] Player "Mansbridge" (id=QM7LViVt5sZd0hja19cF2rW2mCNEG7w2k3AFdalcF50= pos=<10311.062500, 1.467756, 5629.167480>) Entered the safezone
04:46:53.492 [ATM] Player "Mansbridge" (id=QM7LViVt5sZd0hja19cF2rW2mCNEG7w2k3AFdalcF50=) has withdrawn 41000 from his ATM account.
04:47:20.232 [Market] Player "Mansbridge" (id=QM7LViVt5sZd0hja19cF2rW2mCNEG7w2k3AFdalcF50=) has send a requested to purchase expansionzodiacboat x1 from the trader "Boats (Rolf [BOATS])" in market zone "Fisher Camp Marina" (pos=<10319.200195, 1.455190, 5636.520996>).
04:47:20.345 [VehicleDeleted] ExpansionZodiacBoat (id=922AD9F58B4BF37005C7ABBC1EFD3574 pos=<-0.004938, 0.609635, -1.417695>)
04:47:20.349 [Market] Player "Mansbridge" (id=QM7LViVt5sZd0hja19cF2rW2mCNEG7w2k3AFdalcF50=) has bought expansionzodiacboat x1 from the trader "Boats (Rolf [BOATS])" in market zone "Fisher Camp Marina" (pos=<10319.200195, 1.455190, 5636.520996>) for a price of 81200.
04:47:37.839 [VehicleCarKey] Player "Mansbridge" (id=QM7LViVt5sZd0hja19cF2rW2mCNEG7w2k3AFdalcF50= pos=<10321.141602, 0.984056, 5636.718750>) used the  ExpansionCarKey to unlock ExpansionZodiacBoat (id=A9C8D974724487AB4E02D8AB61E9D667 pos=<10324.395508, 0.174175, 5637.522461>)
04:47:59.617 [Safezone] Player "Mansbridge" (id=QM7LViVt5sZd0hja19cF2rW2mCNEG7w2k3AFdalcF50= pos=<10319.293945, 0.971073, 5603.309570>) Left the safezone
04:48:05.740 [Safezone] Player "Mansbridge" (id=QM7LViVt5sZd0hja19cF2rW2mCNEG7w2k3AFdalcF50= pos=<10328.996094, 0.224497, 5630.511719>) Entered the safezone
04:48:11.789 [Safezone] Player "Mansbridge" (id=QM7LViVt5sZd0hja19cF2rW2mCNEG7w2k3AFdalcF50= pos=<10328.833008, 0.164197, 5632.256348>) Entered the safezone
04:48:34.609 [VehicleEnter] Player Mansbridge [uid=QM7LViVt5sZd0hja19cF2rW2mCNEG7w2k3AFdalcF50=] entered vehicle PBX (id=A9C8D974724487AB4E02D8AB61E9D667 pos=<10324.327148, 0.342093, 5637.509277>) as driver
04:48:43.427 [VehicleEngine] Player Mansbridge [uid=QM7LViVt5sZd0hja19cF2rW2mCNEG7w2k3AFdalcF50=] started vehicle PBX (id=A9C8D974724487AB4E02D8AB61E9D667 pos=<10323.195313, 0.254529, 5637.450195>)
04:49:00.562 [Safezone] Player "Mansbridge" (id=QM7LViVt5sZd0hja19cF2rW2mCNEG7w2k3AFdalcF50= pos=<10341.654297, 0.701008, 5673.053711>) Left the safezone
04:55:44.298 [VehicleLeave] Player Mansbridge [uid=QM7LViVt5sZd0hja19cF2rW2mCNEG7w2k3AFdalcF50=] left vehicle PBX (id=A9C8D974724487AB4E02D8AB61E9D667 pos=<11122.544922, 0.011624, 3803.841797>)
05:00:10.613 [VehicleEnter] Player Mansbridge [uid=QM7LViVt5sZd0hja19cF2rW2mCNEG7w2k3AFdalcF50=] entered vehicle PBX (id=A9C8D974724487AB4E02D8AB61E9D667 pos=<11122.400391, 0.070506, 3803.928223>) as driver
05:02:35.007 [AI Patrol] Spawning 3 Crater Patrol bots at <12051.763672, 6.019458, 2333.283203>
05:04:56.193 [VehicleEngine] Player Mansbridge [uid=QM7LViVt5sZd0hja19cF2rW2mCNEG7w2k3AFdalcF50=] stopped vehicle PBX (id=A9C8D974724487AB4E02D8AB61E9D667 pos=<11551.993164, 0.063626, 2453.097168>)
05:04:59.832 [VehicleLeave] Player Mansbridge [uid=QM7LViVt5sZd0hja19cF2rW2mCNEG7w2k3AFdalcF50=] left vehicle PBX (id=A9C8D974724487AB4E02D8AB61E9D667 pos=<11552.014648, 0.206809, 2453.014648>)
05:34:52.697 [Party] Player "TomInTheNorth" (id=qD1dO4Xthw_yK-reAyR_a51VmE_30ATNiMf9gwL8oGM=) joinded the party "DIEHARD" (id=32 ownerUID=JmVdSu0kzNbOpwjpFV-MDcMB-Equ3yPY-l-COMb6HgY= ownerName=Nick Leadbeatter)
05:34:52.714 [Expansion Quests] - InitQuestSystemClient - Loaded existing player quest data for player with UID: qD1dO4Xthw_yK-reAyR_a51VmE_30ATNiMf9gwL8oGM=
05:34:52.716 [Expansion Quests] - LoadGroupQuestData - Loaded existing group quest data for group with ID: 32
05:34:53.669 [Expansion Quests] - LoadGroupQuestData - Got cached group quest data for group with ID: 32
05:40:38.556 [VehicleCover] Player "TomInTheNorth" (id=qD1dO4Xthw_yK-reAyR_a51VmE_30ATNiMf9gwL8oGM= pos=<7444.154297, 6.662464, 8466.752930>) uncovered vehicle "Interceptor" (GlobalID=8000000080000000800000008002D367 pos=<7445.754883, 6.540667, 8466.967773>)!
05:40:59.201 [VehicleCarKey] Player "TomInTheNorth" (id=qD1dO4Xthw_yK-reAyR_a51VmE_30ATNiMf9gwL8oGM= pos=<7444.154297, 6.662464, 8466.752930>) used the  ExpansionCarKey to unlock Interceptor (id=981412317342D4A82D93D4A78ADAC1CE pos=<7445.754883, 6.540641, 8466.968750>)
05:41:04.671 [VehicleEnter] Player TomInTheNorth [uid=qD1dO4Xthw_yK-reAyR_a51VmE_30ATNiMf9gwL8oGM=] entered vehicle Interceptor (id=981412317342D4A82D93D4A78ADAC1CE pos=<7445.754883, 6.540665, 8466.968750>) as driver
05:41:14.148 [VehicleEngine] Player TomInTheNorth [uid=qD1dO4Xthw_yK-reAyR_a51VmE_30ATNiMf9gwL8oGM=] started vehicle Interceptor (id=981412317342D4A82D93D4A78ADAC1CE pos=<7445.754883, 6.540666, 8466.968750>)
05:44:10.488 [VehicleEnter] Player Mansbridge [uid=QM7LViVt5sZd0hja19cF2rW2mCNEG7w2k3AFdalcF50=] entered vehicle PBX (id=A9C8D974724487AB4E02D8AB61E9D667 pos=<11552.018555, 0.707425, 2453.016357>) as driver
05:44:15.941 [VehicleEngine] Player Mansbridge [uid=QM7LViVt5sZd0hja19cF2rW2mCNEG7w2k3AFdalcF50=] started vehicle PBX (id=A9C8D974724487AB4E02D8AB61E9D667 pos=<11552.018555, 0.319001, 2453.016357>)
05:47:55.367 [VehicleEngine] Player TomInTheNorth [uid=qD1dO4Xthw_yK-reAyR_a51VmE_30ATNiMf9gwL8oGM=] stopped vehicle Interceptor (id=981412317342D4A82D93D4A78ADAC1CE pos=<10863.238281, 5.434176, 10485.055664>)
05:48:00.529 [VehicleLeave] Player TomInTheNorth [uid=qD1dO4Xthw_yK-reAyR_a51VmE_30ATNiMf9gwL8oGM=] left vehicle Interceptor (id=981412317342D4A82D93D4A78ADAC1CE pos=<10863.238281, 5.434176, 10485.055664>)
05:48:12.888 [VehicleCarKey] Player "TomInTheNorth" (id=qD1dO4Xthw_yK-reAyR_a51VmE_30ATNiMf9gwL8oGM= pos=<10861.491211, 5.543447, 10483.753906>) used the  ExpansionCarKey to lock Interceptor (id=981412317342D4A82D93D4A78ADAC1CE pos=<10863.238281, 5.434176, 10485.055664>)
05:48:15.525 [VehicleCarKey] Player "TomInTheNorth" (id=qD1dO4Xthw_yK-reAyR_a51VmE_30ATNiMf9gwL8oGM= pos=<10861.491211, 5.543447, 10483.753906>) used the  ExpansionCarKey to unlock Interceptor (id=981412317342D4A82D93D4A78ADAC1CE pos=<10863.238281, 5.434176, 10485.055664>)
05:48:33.425 [VehicleCarKey] Player "TomInTheNorth" (id=qD1dO4Xthw_yK-reAyR_a51VmE_30ATNiMf9gwL8oGM= pos=<10861.491211, 5.543447, 10483.753906>) used the  ExpansionCarKey to lock Interceptor (id=981412317342D4A82D93D4A78ADAC1CE pos=<10863.238281, 5.434176, 10485.055664>)
05:48:43.806 [VehicleDeleted] Interceptor (id=981412317342D4A82D93D4A78ADAC1CE pos=<10863.238281, 5.434176, 10485.055664>)
05:48:43.808 [VehicleCover] Player "TomInTheNorth" (id=qD1dO4Xthw_yK-reAyR_a51VmE_30ATNiMf9gwL8oGM= pos=<10861.491211, 5.543447, 10483.753906>) covered vehicle "Interceptor" (GlobalID=8000000080000000800000008002D367 pos=<10863.238281, 5.434176, 10485.055664>)!
05:56:07.642 [Safezone] Player "Mansbridge" (id=QM7LViVt5sZd0hja19cF2rW2mCNEG7w2k3AFdalcF50= pos=<10321.311523, 0.928212, 5646.544434>) Entered the safezone
05:56:18.011 [VehicleEngine] Player Mansbridge [uid=QM7LViVt5sZd0hja19cF2rW2mCNEG7w2k3AFdalcF50=] stopped vehicle PBX (id=A9C8D974724487AB4E02D8AB61E9D667 pos=<10322.813477, 0.708325, 5638.340820>)
05:56:20.796 [VehicleLeave] Player Mansbridge [uid=QM7LViVt5sZd0hja19cF2rW2mCNEG7w2k3AFdalcF50=] left vehicle PBX (id=A9C8D974724487AB4E02D8AB61E9D667 pos=<10324.175781, 0.387568, 5636.770020>)
05:56:30.966 [Market] Player "Mansbridge" (id=QM7LViVt5sZd0hja19cF2rW2mCNEG7w2k3AFdalcF50=) has send a requested to sell expansionzodiacboat x1 at the trader "Boats (Rolf [BOATS])" in market zone "Fisher Camp Marina" (pos=<10319.200195, 1.455190, 5636.520996>).
05:56:31.074 [VehicleDeleted] ExpansionZodiacBoat (id=A9C8D974724487AB4E02D8AB61E9D667 pos=<10325.809570, 0.652783, 5636.907715>)
05:56:31.076 [Market] Player "Mansbridge" (id=QM7LViVt5sZd0hja19cF2rW2mCNEG7w2k3AFdalcF50=) has sold expansionzodiacboat x1 at the trader "Boats (Rolf [BOATS])" in market zone "Fisher Camp Marina" (pos=<10319.200195, 1.455190, 5636.520996>) and got 60900.
05:56:41.310 [ATM] Player "Mansbridge" (id=QM7LViVt5sZd0hja19cF2rW2mCNEG7w2k3AFdalcF50=) has deposited 61145 on his ATM account.
05:56:49.800 [Party] Player "TomInTheNorth" (id=qD1dO4Xthw_yK-reAyR_a51VmE_30ATNiMf9gwL8oGM=) left the party "DIEHARD" (id=32 ownerUID=JmVdSu0kzNbOpwjpFV-MDcMB-Equ3yPY-l-COMb6HgY= ownerName=Nick Leadbeatter)
05:56:55.394 [Safezone] Player "Mansbridge" (id=QM7LViVt5sZd0hja19cF2rW2mCNEG7w2k3AFdalcF50= pos=<10308.215820, 1.665141, 5613.400391>) Left the safezone
