00:53:49.182 [Party] Player "TomInTheNorth" (id=qD1dO4Xthw_yK-reAyR_a51VmE_30ATNiMf9gwL8oGM=) joinded the party "DIEHARD" (id=32 ownerUID=JmVdSu0kzNbOpwjpFV-MDcMB-Equ3yPY-l-COMb6HgY= ownerName=Nick Leadbeatter)
01:08:51.828 [MissionAirdrop] An airdrop is heading towards "Warren-Cove" (pos=<6924.000000, 0.000000, 5473.000000> type=Random_Warren-Cove) with a ExpansionAirdropContainer_Military
01:47:41.231 [AI Patrol] Spawning 3 Temple Patrol bots at <313.305328, 48.364700, 673.988525>
01:47:41.324 [AI Patrol] Spawning 3 Temple Patrol bots at <397.567169, 47.070000, 769.048645>
01:47:41.333 [AI Patrol] Spawning 3 Temple Patrol bots at <449.719574, 55.318100, 831.397339>
01:47:42.930 [VehicleEnter] Player Mansbridge [uid=QM7LViVt5sZd0hja19cF2rW2mCNEG7w2k3AFdalcF50=] entered vehicle PONTIAC (Dark Red) (id=A0D063C1694CE52918EFF4AD4B0A5FB9 pos=<5400.211914, 73.971436, 3763.540283>) as driver
01:47:49.754 [VehicleEngine] Player Mansbridge [uid=QM7LViVt5sZd0hja19cF2rW2mCNEG7w2k3AFdalcF50=] started vehicle PONTIAC (Dark Red) (id=A0D063C1694CE52918EFF4AD4B0A5FB9 pos=<5400.211914, 73.971428, 3763.540283>)
01:52:15.775 [VehicleEngine] Player Mansbridge [uid=QM7LViVt5sZd0hja19cF2rW2mCNEG7w2k3AFdalcF50=] stopped vehicle PONTIAC (Dark Red) (id=A0D063C1694CE52918EFF4AD4B0A5FB9 pos=<4410.234863, 8.500248, 4472.961426>)
01:52:20.283 [VehicleLeave] Player Mansbridge [uid=QM7LViVt5sZd0hja19cF2rW2mCNEG7w2k3AFdalcF50=] left vehicle PONTIAC (Dark Red) (id=A0D063C1694CE52918EFF4AD4B0A5FB9 pos=<4410.234863, 8.500252, 4472.961426>)
01:55:07.720 [VehicleEnter] Player Mansbridge [uid=QM7LViVt5sZd0hja19cF2rW2mCNEG7w2k3AFdalcF50=] entered vehicle PONTIAC (Dark Red) (id=A0D063C1694CE52918EFF4AD4B0A5FB9 pos=<4410.234863, 8.500248, 4472.961426>) as driver
01:55:47.470 [VehicleEngine] Player Mansbridge [uid=QM7LViVt5sZd0hja19cF2rW2mCNEG7w2k3AFdalcF50=] started vehicle PONTIAC (Dark Red) (id=A0D063C1694CE52918EFF4AD4B0A5FB9 pos=<4410.234863, 8.500250, 4472.961426>)
01:56:54.708 [Party] Player "TomInTheNorth" (id=qD1dO4Xthw_yK-reAyR_a51VmE_30ATNiMf9gwL8oGM=) left the party "DIEHARD" (id=32 ownerUID=JmVdSu0kzNbOpwjpFV-MDcMB-Equ3yPY-l-COMb6HgY= ownerName=Nick Leadbeatter)
02:02:11.880 [VehicleEngine] Player Mansbridge [uid=QM7LViVt5sZd0hja19cF2rW2mCNEG7w2k3AFdalcF50=] stopped vehicle PONTIAC (Dark Red) (id=A0D063C1694CE52918EFF4AD4B0A5FB9 pos=<3392.681152, 22.351429, 6836.363770>)
02:02:18.140 [VehicleLeave] Player Mansbridge [uid=QM7LViVt5sZd0hja19cF2rW2mCNEG7w2k3AFdalcF50=] left vehicle PONTIAC (Dark Red) (id=A0D063C1694CE52918EFF4AD4B0A5FB9 pos=<3392.681152, 22.351431, 6836.363281>)
02:19:39.871 [VehicleEnter] Player Mansbridge [uid=QM7LViVt5sZd0hja19cF2rW2mCNEG7w2k3AFdalcF50=] entered vehicle PONTIAC (Dark Red) (id=A0D063C1694CE52918EFF4AD4B0A5FB9 pos=<3392.681152, 22.351429, 6836.363770>) as driver
02:19:45.965 [VehicleEngine] Player Mansbridge [uid=QM7LViVt5sZd0hja19cF2rW2mCNEG7w2k3AFdalcF50=] started vehicle PONTIAC (Dark Red) (id=A0D063C1694CE52918EFF4AD4B0A5FB9 pos=<3392.681152, 22.351431, 6836.363770>)
02:24:31.350 [AI Patrol] Spawning 3 Power Plant Patrol bots at <4667.519043, 20.430000, 7124.880859>
02:24:55.257 [VehicleLeave] Player Mansbridge [uid=QM7LViVt5sZd0hja19cF2rW2mCNEG7w2k3AFdalcF50=] left vehicle PONTIAC (Dark Red) (id=A0D063C1694CE52918EFF4AD4B0A5FB9 pos=<4214.537109, 8.988584, 6253.395996>)
02:25:27.365 [VehicleEnter] Player Mansbridge [uid=QM7LViVt5sZd0hja19cF2rW2mCNEG7w2k3AFdalcF50=] entered vehicle PONTIAC (Dark Red) (id=A0D063C1694CE52918EFF4AD4B0A5FB9 pos=<4214.537109, 8.988585, 6253.395996>) as driver
02:25:32.506 [VehicleEngine] Player Mansbridge [uid=QM7LViVt5sZd0hja19cF2rW2mCNEG7w2k3AFdalcF50=] started vehicle PONTIAC (Dark Red) (id=A0D063C1694CE52918EFF4AD4B0A5FB9 pos=<4214.537109, 8.988584, 6253.395996>)
02:26:28.770 [VehicleLeave] Player Mansbridge [uid=QM7LViVt5sZd0hja19cF2rW2mCNEG7w2k3AFdalcF50=] left vehicle PONTIAC (Dark Red) (id=A0D063C1694CE52918EFF4AD4B0A5FB9 pos=<4923.921875, 7.738456, 6312.300293>)
02:26:41.072 [VehicleEnter] Player Mansbridge [uid=QM7LViVt5sZd0hja19cF2rW2mCNEG7w2k3AFdalcF50=] entered vehicle PONTIAC (Dark Red) (id=A0D063C1694CE52918EFF4AD4B0A5FB9 pos=<4923.921875, 7.738480, 6312.300293>) as driver
02:26:44.597 [VehicleEngine] Player Mansbridge [uid=QM7LViVt5sZd0hja19cF2rW2mCNEG7w2k3AFdalcF50=] started vehicle PONTIAC (Dark Red) (id=A0D063C1694CE52918EFF4AD4B0A5FB9 pos=<4923.921875, 7.738461, 6312.300293>)
02:27:34.664 [VehicleLeave] Player Mansbridge [uid=QM7LViVt5sZd0hja19cF2rW2mCNEG7w2k3AFdalcF50=] left vehicle PONTIAC (Dark Red) (id=A0D063C1694CE52918EFF4AD4B0A5FB9 pos=<5352.594727, 6.913413, 6353.685547>)
02:27:45.059 [VehicleEnter] Player Mansbridge [uid=QM7LViVt5sZd0hja19cF2rW2mCNEG7w2k3AFdalcF50=] entered vehicle PONTIAC (Dark Red) (id=A0D063C1694CE52918EFF4AD4B0A5FB9 pos=<5352.594727, 6.913412, 6353.685547>) as driver
02:27:51.307 [VehicleEngine] Player Mansbridge [uid=QM7LViVt5sZd0hja19cF2rW2mCNEG7w2k3AFdalcF50=] started vehicle PONTIAC (Dark Red) (id=A0D063C1694CE52918EFF4AD4B0A5FB9 pos=<5352.594727, 6.913411, 6353.685547>)
02:29:44.920 [Safezone] Player "Mansbridge" (id=QM7LViVt5sZd0hja19cF2rW2mCNEG7w2k3AFdalcF50= pos=<5664.456055, 29.570099, 5521.752930>) Entered the safezone
02:30:05.512 [VehicleEngine] Player Mansbridge [uid=QM7LViVt5sZd0hja19cF2rW2mCNEG7w2k3AFdalcF50=] stopped vehicle PONTIAC (Dark Red) (id=A0D063C1694CE52918EFF4AD4B0A5FB9 pos=<5659.365723, 28.675390, 5409.060059>)
02:30:09.072 [VehicleLeave] Player Mansbridge [uid=QM7LViVt5sZd0hja19cF2rW2mCNEG7w2k3AFdalcF50=] left vehicle PONTIAC (Dark Red) (id=A0D063C1694CE52918EFF4AD4B0A5FB9 pos=<5659.365723, 28.675392, 5409.060059>)
02:33:37.652 [ATM] Player "Mansbridge" (id=QM7LViVt5sZd0hja19cF2rW2mCNEG7w2k3AFdalcF50=) has withdrawn 1500 from his ATM account.
02:34:41.007 [ATM] Player "Mansbridge" (id=QM7LViVt5sZd0hja19cF2rW2mCNEG7w2k3AFdalcF50=) has withdrawn 700 from his ATM account.
02:41:21.807 [Market] Player "Mansbridge" (id=QM7LViVt5sZd0hja19cF2rW2mCNEG7w2k3AFdalcF50=) has send a requested to sell woolcoat_blackcheck x1 at the trader "Clothing_Accessories (Elias [CLOTHING & ACCESSORIES])" in market zone "The Holler" (pos=<5632.000000, 32.000000, 5392.000000>).
02:41:21.906 [Market] Player "Mansbridge" (id=QM7LViVt5sZd0hja19cF2rW2mCNEG7w2k3AFdalcF50=) has sold woolcoat_blackcheck x1 at the trader "Clothing_Accessories (Elias [CLOTHING & ACCESSORIES])" in market zone "The Holler" (pos=<5632.000000, 32.000000, 5392.000000>) and got 14.
02:41:51.333 [Market] Player "Mansbridge" (id=QM7LViVt5sZd0hja19cF2rW2mCNEG7w2k3AFdalcF50=) has send a requested to sell mag_expansion_awm_5rnd x1 at the trader "Weapons (Oliver [WEAPONS])" in market zone "The Holler" (pos=<5632.000000, 32.000000, 5392.000000>).
02:41:51.444 [Market] Player "Mansbridge" (id=QM7LViVt5sZd0hja19cF2rW2mCNEG7w2k3AFdalcF50=) has sold mag_expansion_awm_5rnd x1 at the trader "Weapons (Oliver [WEAPONS])" in market zone "The Holler" (pos=<5632.000000, 32.000000, 5392.000000>) and got 93.
02:41:57.758 [Market] Player "Mansbridge" (id=QM7LViVt5sZd0hja19cF2rW2mCNEG7w2k3AFdalcF50=) has send a requested to sell twp_p2000bluegirl x1 at the trader "Weapons (Oliver [WEAPONS])" in market zone "The Holler" (pos=<5632.000000, 32.000000, 5392.000000>).
02:41:57.856 [Market] Player "Mansbridge" (id=QM7LViVt5sZd0hja19cF2rW2mCNEG7w2k3AFdalcF50=) has sold twp_p2000bluegirl x1 at the trader "Weapons (Oliver [WEAPONS])" in market zone "The Holler" (pos=<5632.000000, 32.000000, 5392.000000>) and got 131.
02:42:04.729 [Market] Player "Mansbridge" (id=QM7LViVt5sZd0hja19cF2rW2mCNEG7w2k3AFdalcF50=) has send a requested to sell mag_p1_8rnd x1 at the trader "Weapons (Oliver [WEAPONS])" in market zone "The Holler" (pos=<5632.000000, 32.000000, 5392.000000>).
02:42:04.800 [Market] Player "Mansbridge" (id=QM7LViVt5sZd0hja19cF2rW2mCNEG7w2k3AFdalcF50=) has sold mag_p1_8rnd x1 at the trader "Weapons (Oliver [WEAPONS])" in market zone "The Holler" (pos=<5632.000000, 32.000000, 5392.000000>) and got 36.
02:42:26.627 [Market] Player "Mansbridge" (id=QM7LViVt5sZd0hja19cF2rW2mCNEG7w2k3AFdalcF50=) has send a requested to sell ammobox_22_50rnd x1 at the trader "WeaponAccessories (Rolf [WEAPON ACCESSORIES])" in market zone "The Holler" (pos=<5632.000000, 32.000000, 5392.000000>).
02:42:26.752 [Market] Player "Mansbridge" (id=QM7LViVt5sZd0hja19cF2rW2mCNEG7w2k3AFdalcF50=) has sold ammobox_22_50rnd x1 at the trader "WeaponAccessories (Rolf [WEAPON ACCESSORIES])" in market zone "The Holler" (pos=<5632.000000, 32.000000, 5392.000000>) and got 60.
02:42:44.633 [Market] Player "Mansbridge" (id=QM7LViVt5sZd0hja19cF2rW2mCNEG7w2k3AFdalcF50=) has send a requested to sell ammo_22 x1 at the trader "WeaponAccessories (Rolf [WEAPON ACCESSORIES])" in market zone "The Holler" (pos=<5632.000000, 32.000000, 5392.000000>).
02:42:44.750 [Market] Player "Mansbridge" (id=QM7LViVt5sZd0hja19cF2rW2mCNEG7w2k3AFdalcF50=) has sold ammo_22 x1 at the trader "WeaponAccessories (Rolf [WEAPON ACCESSORIES])" in market zone "The Holler" (pos=<5632.000000, 32.000000, 5392.000000>) and got 1.
02:42:47.564 [Market] Player "Mansbridge" (id=QM7LViVt5sZd0hja19cF2rW2mCNEG7w2k3AFdalcF50=) has send a requested to sell ammo_22 x1 at the trader "WeaponAccessories (Rolf [WEAPON ACCESSORIES])" in market zone "The Holler" (pos=<5632.000000, 32.000000, 5392.000000>).
02:42:47.682 [Market] Player "Mansbridge" (id=QM7LViVt5sZd0hja19cF2rW2mCNEG7w2k3AFdalcF50=) has sold ammo_22 x1 at the trader "WeaponAccessories (Rolf [WEAPON ACCESSORIES])" in market zone "The Holler" (pos=<5632.000000, 32.000000, 5392.000000>) and got 1.
02:43:01.146 [Market] Player "Mansbridge" (id=QM7LViVt5sZd0hja19cF2rW2mCNEG7w2k3AFdalcF50=) has send a requested to sell ammo_22 x34 at the trader "WeaponAccessories (Rolf [WEAPON ACCESSORIES])" in market zone "The Holler" (pos=<5632.000000, 32.000000, 5392.000000>).
02:43:01.233 [Market] Player "Mansbridge" (id=QM7LViVt5sZd0hja19cF2rW2mCNEG7w2k3AFdalcF50=) has sold ammo_22 x34 at the trader "WeaponAccessories (Rolf [WEAPON ACCESSORIES])" in market zone "The Holler" (pos=<5632.000000, 32.000000, 5392.000000>) and got 34.
02:47:36.057 [VehicleEnter] Player Mansbridge [uid=QM7LViVt5sZd0hja19cF2rW2mCNEG7w2k3AFdalcF50=] entered vehicle PONTIAC (Dark Red) (id=A0D063C1694CE52918EFF4AD4B0A5FB9 pos=<5659.365723, 28.675392, 5409.060059>) as driver
02:47:40.441 [VehicleEngine] Player Mansbridge [uid=QM7LViVt5sZd0hja19cF2rW2mCNEG7w2k3AFdalcF50=] started vehicle PONTIAC (Dark Red) (id=A0D063C1694CE52918EFF4AD4B0A5FB9 pos=<5659.365723, 28.675394, 5409.060059>)
02:48:25.562 [Safezone] Player "Mansbridge" (id=QM7LViVt5sZd0hja19cF2rW2mCNEG7w2k3AFdalcF50= pos=<5604.857910, 28.552231, 5608.854492>) Left the safezone
02:51:23.047 [VehicleEngine] Player Mansbridge [uid=QM7LViVt5sZd0hja19cF2rW2mCNEG7w2k3AFdalcF50=] stopped vehicle PONTIAC (Dark Red) (id=A0D063C1694CE52918EFF4AD4B0A5FB9 pos=<6385.574707, 15.061430, 6213.391113>)
02:51:29.031 [VehicleLeave] Player Mansbridge [uid=QM7LViVt5sZd0hja19cF2rW2mCNEG7w2k3AFdalcF50=] left vehicle PONTIAC (Dark Red) (id=A0D063C1694CE52918EFF4AD4B0A5FB9 pos=<6385.574707, 15.061430, 6213.391113>)
