00:03:29.111 [Party] Player "Capt. Condom Breath" (id=VsEWQWxzvcTpDLQgc9tVyxq5TiqDS9O3QehdBa_YkH8=) joinded the party "Dirty Crew" (id=23 ownerUID=VsEWQWxzvcTpDLQgc9tVyxq5TiqDS9O3QehdBa_YkH8= ownerName=Condom Breath)
00:03:29.117 [AI Patrol] Spawning 3 RCFI Patrol bots at <3717.253418, 9.350000, 8834.435547>
00:18:36.205 [MissionAirdrop] An airdrop is heading towards "Greenville" (pos=<4658.000000, 0.000000, 1414.000000> type=Random_Greenville) with a ExpansionAirdropContainer
00:32:40.529 [Party] Player "MaxCaliber" (id=s7vJf2NuCNme1MUM_sgLr2G3yzcxYg10pO0s-GAKExM=) joinded the party "Dirty Crew" (id=23 ownerUID=VsEWQWxzvcTpDLQgc9tVyxq5TiqDS9O3QehdBa_YkH8= ownerName=Condom Breath)
00:36:54.527 [BaseRaiding] ExpansionSafeMedium (<3745.454346, 12.331920, 9711.683594>) player "MaxCaliber" (ID = "s7vJf2NuCNme1MUM_sgLr2G3yzcxYg10pO0s-GAKExM=" at <3744.081299, 11.694208, 9711.932617>) failed to enter the correct code.
00:36:54.527 [BaseRaiding] ExpansionSafeMedium (<3745.454346, 12.331920, 9711.683594>) The correct code was 1989 and the player tried 1776
00:37:03.005 [BaseRaiding] ExpansionSafeMedium (<3745.454346, 12.331920, 9711.683594>) player "MaxCaliber" (ID = "s7vJf2NuCNme1MUM_sgLr2G3yzcxYg10pO0s-GAKExM=" at <3744.081299, 11.694208, 9711.932617>) failed to enter the correct code.
00:37:03.005 [BaseRaiding] ExpansionSafeMedium (<3745.454346, 12.331920, 9711.683594>) The correct code was 1989 and the player tried 1776
00:37:04.641 [BaseRaiding] ExpansionSafeMedium (<3745.454346, 12.331920, 9711.683594>) player "MaxCaliber" (ID = "s7vJf2NuCNme1MUM_sgLr2G3yzcxYg10pO0s-GAKExM=" at <3744.081299, 11.694208, 9711.932617>) failed to enter the correct code.
00:37:04.642 [BaseRaiding] ExpansionSafeMedium (<3745.454346, 12.331920, 9711.683594>) The correct code was 1989 and the player tried 1776
00:37:11.708 [BaseRaiding] ExpansionSafeMedium (<3745.454346, 12.331920, 9711.683594>) player "MaxCaliber" (ID = "s7vJf2NuCNme1MUM_sgLr2G3yzcxYg10pO0s-GAKExM=" at <3744.081299, 11.694208, 9711.932617>) failed to enter the correct code.
00:37:11.708 [BaseRaiding] ExpansionSafeMedium (<3745.454346, 12.331920, 9711.683594>) The correct code was 1989 and the player tried 1987
00:37:17.225 [BaseRaiding] ExpansionSafeMedium (<3745.454346, 12.331920, 9711.683594>) player "MaxCaliber" (ID = "s7vJf2NuCNme1MUM_sgLr2G3yzcxYg10pO0s-GAKExM=" at <3744.081299, 11.694208, 9711.932617>) failed to enter the correct code.
00:37:17.225 [BaseRaiding] ExpansionSafeMedium (<3745.454346, 12.331920, 9711.683594>) The correct code was 1989 and the player tried 3714
00:37:27.657 [BaseRaiding] ExpansionSafeMedium (<3745.454346, 12.331920, 9711.683594>) player "MaxCaliber" (ID = "s7vJf2NuCNme1MUM_sgLr2G3yzcxYg10pO0s-GAKExM=" at <3744.081299, 11.694208, 9711.932617>) failed to enter the correct code.
00:37:27.657 [BaseRaiding] ExpansionSafeMedium (<3745.454346, 12.331920, 9711.683594>) The correct code was 1989 and the player tried 1986
00:37:34.025 [BaseRaiding] ExpansionSafeMedium (<3745.454346, 12.331920, 9711.683594>) player "MaxCaliber" (ID = "s7vJf2NuCNme1MUM_sgLr2G3yzcxYg10pO0s-GAKExM=" at <3744.081299, 11.694208, 9711.932617>) failed to enter the correct code.
00:37:34.025 [BaseRaiding] ExpansionSafeMedium (<3745.454346, 12.331920, 9711.683594>) The correct code was 1989 and the player tried 1984
00:38:00.007 [BaseRaiding] ExpansionSafeLarge (<3747.921631, 11.654251, 9711.758789>) player "MaxCaliber" (ID = "s7vJf2NuCNme1MUM_sgLr2G3yzcxYg10pO0s-GAKExM=" at <3746.704346, 11.694157, 9711.567383>) failed to enter the correct code.
00:38:00.008 [BaseRaiding] ExpansionSafeLarge (<3747.921631, 11.654251, 9711.758789>) The correct code was 1989 and the player tried 1776
00:46:11.499 [AI Patrol] Spawning 3 Temple Patrol bots at <409.900787, 47.070000, 870.071167>
00:46:11.514 [AI Patrol] Spawning 3 Temple Patrol bots at <277.264832, 48.908298, 618.245361>
00:46:11.527 [AI Patrol] Spawning 3 Temple Patrol bots at <406.031219, 47.070000, 747.747131>
00:46:13.189 [VehicleEnter] Player Capt. Condom Breath [uid=VsEWQWxzvcTpDLQgc9tVyxq5TiqDS9O3QehdBa_YkH8=] entered vehicle UH-1H (id=5D3E4F0721461F12AD9E3B8B37C3EECC pos=<3768.018799, 11.487328, 9758.203125>) as pilot
00:46:17.577 [VehicleEngine] Player Capt. Condom Breath [uid=VsEWQWxzvcTpDLQgc9tVyxq5TiqDS9O3QehdBa_YkH8=] started vehicle UH-1H (id=5D3E4F0721461F12AD9E3B8B37C3EECC pos=<3768.018799, 11.487467, 9758.203125>)
00:50:21.040 [VehicleEngine] Player Capt. Condom Breath [uid=VsEWQWxzvcTpDLQgc9tVyxq5TiqDS9O3QehdBa_YkH8=] stopped vehicle UH-1H (id=5D3E4F0721461F12AD9E3B8B37C3EECC pos=<8741.361328, 3.661620, 12048.955078>)
00:50:24.188 [VehicleLeave] Player Capt. Condom Breath [uid=VsEWQWxzvcTpDLQgc9tVyxq5TiqDS9O3QehdBa_YkH8=] left vehicle UH-1H (id=5D3E4F0721461F12AD9E3B8B37C3EECC pos=<8741.040039, 2.064971, 12049.347656>)
00:50:45.687 [VehicleCarKey] Player "Capt. Condom Breath" (id=VsEWQWxzvcTpDLQgc9tVyxq5TiqDS9O3QehdBa_YkH8= pos=<8720.892578, 1.819577, 12040.708984>) used the  ExpansionCarKey to unlock MotorHome_rust (id=773611AD8A45F14D4B5D3E906F8A09BB pos=<8723.929688, 2.106156, 12040.213867>)
01:09:00.582 [BaseRaiding] ExpansionSafeLarge (<3827.373047, 11.718146, 9744.539063>) player "MaxCaliber" (ID = "s7vJf2NuCNme1MUM_sgLr2G3yzcxYg10pO0s-GAKExM=" at <3826.075684, 11.694177, 9744.091797>) failed to enter the correct code.
01:09:00.582 [BaseRaiding] ExpansionSafeLarge (<3827.373047, 11.718146, 9744.539063>) The correct code was 3714 and the player tried 1776
01:09:07.095 [BaseRaiding] ExpansionSafeLarge (<3827.373047, 11.718146, 9744.539063>) player "MaxCaliber" (ID = "s7vJf2NuCNme1MUM_sgLr2G3yzcxYg10pO0s-GAKExM=" at <3826.075684, 11.694177, 9744.091797>) failed to enter the correct code.
01:09:07.096 [BaseRaiding] ExpansionSafeLarge (<3827.373047, 11.718146, 9744.539063>) The correct code was 3714 and the player tried 1989
01:09:51.379 [BaseRaiding] ExpansionWall6x3 (<3806.314697, 11.654251, 9757.957031>) player "MaxCaliber" (ID = "s7vJf2NuCNme1MUM_sgLr2G3yzcxYg10pO0s-GAKExM=" at <3807.045410, 11.653857, 9757.802734>) failed to enter the correct code.
01:09:51.379 [BaseRaiding] ExpansionWall6x3 (<3806.314697, 11.654251, 9757.957031>) The correct code was 1185 and the player tried 1776
01:09:56.179 [BaseRaiding] ExpansionWall6x3 (<3806.314697, 11.654251, 9757.957031>) player "MaxCaliber" (ID = "s7vJf2NuCNme1MUM_sgLr2G3yzcxYg10pO0s-GAKExM=" at <3807.045410, 11.653857, 9757.802734>) failed to enter the correct code.
01:09:56.179 [BaseRaiding] ExpansionWall6x3 (<3806.314697, 11.654251, 9757.957031>) The correct code was 1185 and the player tried 1989
01:10:31.946 [BaseRaiding] ExpansionWall6x3 (<3699.952148, 13.133501, 9711.562500>) player "MaxCaliber" (ID = "s7vJf2NuCNme1MUM_sgLr2G3yzcxYg10pO0s-GAKExM=" at <3701.590820, 13.133502, 9711.196289>) failed to enter the correct code.
01:10:31.946 [BaseRaiding] ExpansionWall6x3 (<3699.952148, 13.133501, 9711.562500>) The correct code was 1776 and the player tried 3714
01:11:32.782 [Party] Player "MaxCaliber" (id=s7vJf2NuCNme1MUM_sgLr2G3yzcxYg10pO0s-GAKExM=) left the party "Dirty Crew" (id=23 ownerUID=VsEWQWxzvcTpDLQgc9tVyxq5TiqDS9O3QehdBa_YkH8= ownerName=Condom Breath)
01:28:16.241 [BaseRaiding] ExpansionWall6x3 (<8743.982422, 2.442360, 12068.893555>) Code set by player "Capt. Condom Breath" (ID = "VsEWQWxzvcTpDLQgc9tVyxq5TiqDS9O3QehdBa_YkH8=" at <8741.564453, 2.480074, 12066.864258>) and the code is 1776
01:28:37.580 [BaseRaiding] ExpansionWall6x3 (<8719.982422, 2.440472, 12068.717773>) Code set by player "Capt. Condom Breath" (ID = "VsEWQWxzvcTpDLQgc9tVyxq5TiqDS9O3QehdBa_YkH8=" at <8722.475586, 2.452500, 12066.692383>) and the code is 1776
01:29:32.367 [BaseRaiding] ExpansionWall6x3 (<8731.982422, 5.444171, 12068.805664>) Code set by player "Capt. Condom Breath" (ID = "VsEWQWxzvcTpDLQgc9tVyxq5TiqDS9O3QehdBa_YkH8=" at <8730.163086, 5.352650, 12067.189453>) and the code is 1776
01:59:07.031 [VehicleEnter] Player Capt. Condom Breath [uid=VsEWQWxzvcTpDLQgc9tVyxq5TiqDS9O3QehdBa_YkH8=] entered vehicle MotorHome rust (id=773611AD8A45F14D4B5D3E906F8A09BB pos=<8723.929688, 2.106151, 12040.213867>) as driver
01:59:10.017 [VehicleEngine] Player Capt. Condom Breath [uid=VsEWQWxzvcTpDLQgc9tVyxq5TiqDS9O3QehdBa_YkH8=] started vehicle MotorHome rust (id=773611AD8A45F14D4B5D3E906F8A09BB pos=<8723.929688, 2.106117, 12040.213867>)
01:59:15.948 [VehicleLeave] Player Capt. Condom Breath [uid=VsEWQWxzvcTpDLQgc9tVyxq5TiqDS9O3QehdBa_YkH8=] left vehicle MotorHome rust (id=773611AD8A45F14D4B5D3E906F8A09BB pos=<8723.931641, 2.105999, 12040.212891>)
01:59:45.185 [VehicleEnter] Player Capt. Condom Breath [uid=VsEWQWxzvcTpDLQgc9tVyxq5TiqDS9O3QehdBa_YkH8=] entered vehicle MotorHome rust (id=773611AD8A45F14D4B5D3E906F8A09BB pos=<8723.931641, 2.105959, 12040.212891>) as driver
01:59:47.863 [VehicleEngine] Player Capt. Condom Breath [uid=VsEWQWxzvcTpDLQgc9tVyxq5TiqDS9O3QehdBa_YkH8=] started vehicle MotorHome rust (id=773611AD8A45F14D4B5D3E906F8A09BB pos=<8723.931641, 2.105994, 12040.212891>)
01:59:56.934 [VehicleEngine] Player Capt. Condom Breath [uid=VsEWQWxzvcTpDLQgc9tVyxq5TiqDS9O3QehdBa_YkH8=] stopped vehicle MotorHome rust (id=773611AD8A45F14D4B5D3E906F8A09BB pos=<8737.641602, 3.633725, 12064.769531>)
02:00:01.442 [VehicleLeave] Player Capt. Condom Breath [uid=VsEWQWxzvcTpDLQgc9tVyxq5TiqDS9O3QehdBa_YkH8=] left vehicle MotorHome rust (id=773611AD8A45F14D4B5D3E906F8A09BB pos=<8737.593750, 3.590107, 12064.799805>)
02:07:51.121 [VehicleEnter] Player Capt. Condom Breath [uid=VsEWQWxzvcTpDLQgc9tVyxq5TiqDS9O3QehdBa_YkH8=] entered vehicle UH-1H (id=5D3E4F0721461F12AD9E3B8B37C3EECC pos=<8741.022461, 2.062016, 12049.371094>) as pilot
02:07:54.588 [VehicleEngine] Player Capt. Condom Breath [uid=VsEWQWxzvcTpDLQgc9tVyxq5TiqDS9O3QehdBa_YkH8=] started vehicle UH-1H (id=5D3E4F0721461F12AD9E3B8B37C3EECC pos=<8741.018555, 2.063505, 12049.357422>)
02:12:26.149 [VehicleEngine] Player Capt. Condom Breath [uid=VsEWQWxzvcTpDLQgc9tVyxq5TiqDS9O3QehdBa_YkH8=] stopped vehicle UH-1H (id=5D3E4F0721461F12AD9E3B8B37C3EECC pos=<3739.643311, 12.185884, 9724.642578>)
02:12:30.377 [VehicleLeave] Player Capt. Condom Breath [uid=VsEWQWxzvcTpDLQgc9tVyxq5TiqDS9O3QehdBa_YkH8=] left vehicle UH-1H (id=5D3E4F0721461F12AD9E3B8B37C3EECC pos=<3739.622070, 12.210161, 9724.638672>)
02:30:05.099 [VehicleCarKey] Player "Capt. Condom Breath" (id=VsEWQWxzvcTpDLQgc9tVyxq5TiqDS9O3QehdBa_YkH8= pos=<3756.258301, 11.462501, 9720.915039>) used the  ExpansionCarKey to lock M35a2_Rust (id=59FFA9A4DB41D9533F9AF89E43017AF1 pos=<3760.096680, 11.398023, 9719.871094>)
02:30:14.469 [VehicleDeleted] M35a2_Rust (id=A084E8B195446B692D1D789D260945CF pos=<0.026565, 0.712075, -0.337082>)
02:30:14.485 [VehicleDeleted] M35a2_Rust (id=59FFA9A4DB41D9533F9AF89E43017AF1 pos=<3760.096680, 11.398023, 9719.871094>)
02:30:14.486 [VirtualGarage] Player "Capt. Condom Breath" (id=VsEWQWxzvcTpDLQgc9tVyxq5TiqDS9O3QehdBa_YkH8= pos=<3751.940430, 11.462501, 9717.852539>) stored a vehicle "M35a2_Rust" (GlobalID=8000000080000000800000008000F36C pos=<3760.096680, 11.398023, 9719.871094>)
02:34:43.304 [VehicleEnter] Player Capt. Condom Breath [uid=VsEWQWxzvcTpDLQgc9tVyxq5TiqDS9O3QehdBa_YkH8=] entered vehicle UH-1H (id=5D3E4F0721461F12AD9E3B8B37C3EECC pos=<3739.629639, 12.197071, 9724.618164>) as pilot
02:34:45.934 [VehicleEngine] Player Capt. Condom Breath [uid=VsEWQWxzvcTpDLQgc9tVyxq5TiqDS9O3QehdBa_YkH8=] started vehicle UH-1H (id=5D3E4F0721461F12AD9E3B8B37C3EECC pos=<3739.630371, 12.196560, 9724.616211>)
02:37:33.273 [Chat - Global]("Josh"(id=HAFduBzmpDN4tgqni6CFo0kwJ2aFYdhg5CPf66P8Zps=)): i see you
02:37:44.485 [Chat - Global]("Capt. Condom Breath"(id=VsEWQWxzvcTpDLQgc9tVyxq5TiqDS9O3QehdBa_YkH8=)): i see you down there josh
02:38:08.016 [Chat - Global]("Capt. Condom Breath"(id=VsEWQWxzvcTpDLQgc9tVyxq5TiqDS9O3QehdBa_YkH8=)): you got a merlin?
02:38:14.383 [Chat - Global]("Josh"(id=HAFduBzmpDN4tgqni6CFo0kwJ2aFYdhg5CPf66P8Zps=)): yessir
02:38:18.496 [Chat - Global]("Capt. Condom Breath"(id=VsEWQWxzvcTpDLQgc9tVyxq5TiqDS9O3QehdBa_YkH8=)): nice
02:38:41.911 [Chat - Global]("Josh"(id=HAFduBzmpDN4tgqni6CFo0kwJ2aFYdhg5CPf66P8Zps=)): expensive
02:39:51.382 [VehicleEngine] Player Capt. Condom Breath [uid=VsEWQWxzvcTpDLQgc9tVyxq5TiqDS9O3QehdBa_YkH8=] stopped vehicle UH-1H (id=5D3E4F0721461F12AD9E3B8B37C3EECC pos=<8728.921875, 5.796265, 12079.208008>)
02:39:53.858 [VehicleLeave] Player Capt. Condom Breath [uid=VsEWQWxzvcTpDLQgc9tVyxq5TiqDS9O3QehdBa_YkH8=] left vehicle UH-1H (id=5D3E4F0721461F12AD9E3B8B37C3EECC pos=<8728.921875, 5.796266, 12079.208008>)
02:39:59.017 [Chat - Global]("Josh"(id=HAFduBzmpDN4tgqni6CFo0kwJ2aFYdhg5CPf66P8Zps=)): ive logged on twice and both times it just about immediately started raining
02:40:10.291 [Chat - Global]("Capt. Condom Breath"(id=VsEWQWxzvcTpDLQgc9tVyxq5TiqDS9O3QehdBa_YkH8=)): lol
02:40:36.597 [Chat - Global]("Josh"(id=HAFduBzmpDN4tgqni6CFo0kwJ2aFYdhg5CPf66P8Zps=)): i just cannot stay dry at all
02:40:47.068 [Chat - Global]("Capt. Condom Breath"(id=VsEWQWxzvcTpDLQgc9tVyxq5TiqDS9O3QehdBa_YkH8=)): i know some girls like that
02:41:20.865 [Chat - Global]("Josh"(id=HAFduBzmpDN4tgqni6CFo0kwJ2aFYdhg5CPf66P8Zps=)): sounds like a yeast infection
03:00:16.576 [VehicleCarKey] Player "Capt. Condom Breath" (id=VsEWQWxzvcTpDLQgc9tVyxq5TiqDS9O3QehdBa_YkH8= pos=<8738.269531, 2.285919, 12059.483398>) used the  ExpansionCarKey to lock MotorHome_rust (id=773611AD8A45F14D4B5D3E906F8A09BB pos=<8737.589844, 3.581382, 12064.804688>)
03:03:33.166 [BaseRaiding] ExpansionWall6x3 (<8725.772461, 5.694350, 12090.726563>) Code set by player "Capt. Condom Breath" (ID = "VsEWQWxzvcTpDLQgc9tVyxq5TiqDS9O3QehdBa_YkH8=" at <8724.897461, 6.601456, 12092.758789>) and the code is 1776
03:03:55.088 [Party] Player "Capt. Condom Breath" (id=VsEWQWxzvcTpDLQgc9tVyxq5TiqDS9O3QehdBa_YkH8=) left the party "Dirty Crew" (id=23 ownerUID=VsEWQWxzvcTpDLQgc9tVyxq5TiqDS9O3QehdBa_YkH8= ownerName=Condom Breath)
03:33:51.441 [VehicleCover] Player "Josh" (id=HAFduBzmpDN4tgqni6CFo0kwJ2aFYdhg5CPf66P8Zps= pos=<8841.332031, 44.808990, 9955.310547>) uncovered vehicle "ExpansionMerlin" (GlobalID=80000000800000008000000080015BF3 pos=<8839.165039, 44.611366, 9967.796875>)!
03:34:11.835 [VehicleCarKey] Player "Josh" (id=HAFduBzmpDN4tgqni6CFo0kwJ2aFYdhg5CPf66P8Zps= pos=<8836.934570, 44.849461, 9964.392578>) used the  ExpansionCarKey to unlock ExpansionMerlin (id=6F4215AFC34AEAD0EDFCAA81991E6484 pos=<8839.165039, 44.611366, 9967.796875>)
03:39:45.154 [VehicleEnter] Player Josh [uid=HAFduBzmpDN4tgqni6CFo0kwJ2aFYdhg5CPf66P8Zps=] entered vehicle Merlin (id=6F4215AFC34AEAD0EDFCAA81991E6484 pos=<8839.165039, 44.611351, 9967.796875>) as pilot
03:39:52.447 [VehicleEngine] Player Josh [uid=HAFduBzmpDN4tgqni6CFo0kwJ2aFYdhg5CPf66P8Zps=] started vehicle Merlin (id=6F4215AFC34AEAD0EDFCAA81991E6484 pos=<8839.164063, 44.611351, 9967.796875>)
03:44:42.075 [AI Patrol] Spawning 3 Prison Island Patrol bots at <5289.118652, 25.522852, 639.057678>
03:45:31.037 [VehicleEngine] Player Josh [uid=HAFduBzmpDN4tgqni6CFo0kwJ2aFYdhg5CPf66P8Zps=] stopped vehicle Merlin (id=6F4215AFC34AEAD0EDFCAA81991E6484 pos=<5635.397949, 52.009781, 1418.243286>)
03:45:36.882 [VehicleLeave] Player Josh [uid=HAFduBzmpDN4tgqni6CFo0kwJ2aFYdhg5CPf66P8Zps=] left vehicle Merlin (id=6F4215AFC34AEAD0EDFCAA81991E6484 pos=<5635.439453, 51.917473, 1418.284668>)
03:45:50.198 [VehicleCarKey] Player "Josh" (id=HAFduBzmpDN4tgqni6CFo0kwJ2aFYdhg5CPf66P8Zps= pos=<5635.761719, 52.656570, 1422.647949>) used the  ExpansionCarKey to lock ExpansionMerlin (id=6F4215AFC34AEAD0EDFCAA81991E6484 pos=<5635.439453, 51.917305, 1418.284668>)
03:45:56.830 [VehicleCarKey] Player "Josh" (id=HAFduBzmpDN4tgqni6CFo0kwJ2aFYdhg5CPf66P8Zps= pos=<5635.761719, 52.656570, 1422.647949>) used the  ExpansionCarKey to unlock ExpansionMerlin (id=6F4215AFC34AEAD0EDFCAA81991E6484 pos=<5635.438965, 51.917339, 1418.284790>)
03:46:03.155 [VehicleCarKey] Player "Josh" (id=HAFduBzmpDN4tgqni6CFo0kwJ2aFYdhg5CPf66P8Zps= pos=<5635.761719, 52.656570, 1422.647949>) used the  ExpansionCarKey to lock ExpansionMerlin (id=6F4215AFC34AEAD0EDFCAA81991E6484 pos=<5635.438965, 51.917343, 1418.284790>)
03:46:16.002 [VehicleDeleted] ExpansionMerlin (id=6F4215AFC34AEAD0EDFCAA81991E6484 pos=<5635.439453, 51.917313, 1418.284546>)
03:46:16.003 [VehicleCover] Player "Josh" (id=HAFduBzmpDN4tgqni6CFo0kwJ2aFYdhg5CPf66P8Zps= pos=<5634.041016, 52.599983, 1422.122681>) covered vehicle "ExpansionMerlin" (GlobalID=80000000800000008000000080015BF3 pos=<5635.439453, 55.771385, 1418.284546>)!
03:50:47.373 [MissionAirdrop] An airdrop is heading towards "Oldfield" (pos=<6117.000000, 0.000000, 7004.000000> type=Random_Oldfield) with a ExpansionAirdropContainer_Military
04:20:10.467 [VehicleCover] Player "Josh" (id=HAFduBzmpDN4tgqni6CFo0kwJ2aFYdhg5CPf66P8Zps= pos=<5631.174316, 51.199123, 1407.758423>) uncovered vehicle "ExpansionMerlin" (GlobalID=80000000800000008000000080015BF3 pos=<5635.439453, 51.917313, 1418.284546>)!
04:20:16.335 [VehicleCarKey] Player "Josh" (id=HAFduBzmpDN4tgqni6CFo0kwJ2aFYdhg5CPf66P8Zps= pos=<5636.331543, 51.782417, 1413.679199>) used the  ExpansionCarKey to unlock ExpansionMerlin (id=407C73DBEE46E5EBC1B154BEDC75171C pos=<5635.439453, 51.917313, 1418.284546>)
04:21:35.699 [VehicleEnter] Player Josh [uid=HAFduBzmpDN4tgqni6CFo0kwJ2aFYdhg5CPf66P8Zps=] entered vehicle Merlin (id=407C73DBEE46E5EBC1B154BEDC75171C pos=<5635.439453, 51.917263, 1418.284424>) as pilot
04:21:45.142 [VehicleEngine] Player Josh [uid=HAFduBzmpDN4tgqni6CFo0kwJ2aFYdhg5CPf66P8Zps=] started vehicle Merlin (id=407C73DBEE46E5EBC1B154BEDC75171C pos=<5635.440918, 51.917191, 1418.283813>)
04:28:09.844 [VehicleEngine] Player Josh [uid=HAFduBzmpDN4tgqni6CFo0kwJ2aFYdhg5CPf66P8Zps=] stopped vehicle Merlin (id=407C73DBEE46E5EBC1B154BEDC75171C pos=<8837.067383, 45.042339, 9970.337891>)
04:28:20.601 [VehicleLeave] Player Josh [uid=HAFduBzmpDN4tgqni6CFo0kwJ2aFYdhg5CPf66P8Zps=] left vehicle Merlin (id=407C73DBEE46E5EBC1B154BEDC75171C pos=<8837.066406, 44.630871, 9970.382813>)
04:28:45.355 [VehicleCarKey] Player "Josh" (id=HAFduBzmpDN4tgqni6CFo0kwJ2aFYdhg5CPf66P8Zps= pos=<8834.377930, 44.810078, 9969.000000>) used the  ExpansionCarKey to lock ExpansionMerlin (id=407C73DBEE46E5EBC1B154BEDC75171C pos=<8837.066406, 44.630875, 9970.382813>)
04:28:56.941 [VehicleDeleted] ExpansionMerlin (id=407C73DBEE46E5EBC1B154BEDC75171C pos=<8837.066406, 44.630875, 9970.382813>)
04:28:56.942 [VehicleCover] Player "Josh" (id=HAFduBzmpDN4tgqni6CFo0kwJ2aFYdhg5CPf66P8Zps= pos=<8834.239258, 44.810104, 9967.752930>) covered vehicle "ExpansionMerlin" (GlobalID=80000000800000008000000080015BF3 pos=<8837.066406, 48.484947, 9970.382813>)!
