06:58:46.251 [Safezone] Player "Nick Leadbeatter" (id=JmVdSu0kzNbOpwjpFV-MDcMB-Equ3yPY-l-COMb6HgY= pos=<5597.104492, 28.827524, 5355.128418>) Entered the safezone
06:58:46.253 [Party] Player "Nick Leadbeatter" (id=JmVdSu0kzNbOpwjpFV-MDcMB-Equ3yPY-l-COMb6HgY=) joinded the party "DIEHARD" (id=32 ownerUID=JmVdSu0kzNbOpwjpFV-MDcMB-Equ3yPY-l-COMb6HgY= ownerName=Nick Leadbeatter)
06:58:46.267 [Expansion Quests] - InitQuestSystemClient - Loaded existing player quest data for player with UID: JmVdSu0kzNbOpwjpFV-MDcMB-Equ3yPY-l-COMb6HgY=
06:58:46.267 [Expansion Quests] - LoadGroupQuestData - Loaded existing group quest data for group with ID: 32
06:58:47.218 [Expansion Quests] - LoadGroupQuestData - Got cached group quest data for group with ID: 32
07:02:58.992 [ATM] Player "Nick Leadbeatter" (id=JmVdSu0kzNbOpwjpFV-MDcMB-Equ3yPY-l-COMb6HgY=) has withdrawn 1000000 from the party "DIEHARD" (partyid=32 | ownerid=JmVdSu0kzNbOpwjpFV-MDcMB-Equ3yPY-l-COMb6HgY=) ATM account.
07:03:06.644 [ATM] Player "Nick Leadbeatter" (id=JmVdSu0kzNbOpwjpFV-MDcMB-Equ3yPY-l-COMb6HgY=) has withdrawn 1100000 from his ATM account.
07:04:07.736 [Market] Player "Nick Leadbeatter" (id=JmVdSu0kzNbOpwjpFV-MDcMB-Equ3yPY-l-COMb6HgY=) has send a requested to purchase gaz71 x1 from the trader "Vehicles (Lewis [VEHICLES])" in market zone "The Holler" (pos=<5632.000000, 32.000000, 5392.000000>).
07:04:07.929 [VehicleDeleted] Gaz71 (id=2950529B244A2C3A9AC1C791675C7468 pos=<-0.000530, 0.826989, -0.263193>)
07:04:07.941 [Market] Player "Nick Leadbeatter" (id=JmVdSu0kzNbOpwjpFV-MDcMB-Equ3yPY-l-COMb6HgY=) has bought gaz71 x1 from the trader "Vehicles (Lewis [VEHICLES])" in market zone "The Holler" (pos=<5632.000000, 32.000000, 5392.000000>) for a price of 1014200.
07:04:15.896 [Market] Player "Nick Leadbeatter" (id=JmVdSu0kzNbOpwjpFV-MDcMB-Equ3yPY-l-COMb6HgY=) has send a requested to purchase expansioncarkey x1 from the trader "Vehicles (Lewis [VEHICLES])" in market zone "The Holler" (pos=<5632.000000, 32.000000, 5392.000000>).
07:04:16.066 [Market] Player "Nick Leadbeatter" (id=JmVdSu0kzNbOpwjpFV-MDcMB-Equ3yPY-l-COMb6HgY=) has bought expansioncarkey x1 from the trader "Vehicles (Lewis [VEHICLES])" in market zone "The Holler" (pos=<5632.000000, 32.000000, 5392.000000>) for a price of 500.
07:04:16.496 [Market] Player "Nick Leadbeatter" (id=JmVdSu0kzNbOpwjpFV-MDcMB-Equ3yPY-l-COMb6HgY=) has send a requested to purchase expansioncarkey x1 from the trader "Vehicles (Lewis [VEHICLES])" in market zone "The Holler" (pos=<5632.000000, 32.000000, 5392.000000>).
07:04:16.636 [Market] Player "Nick Leadbeatter" (id=JmVdSu0kzNbOpwjpFV-MDcMB-Equ3yPY-l-COMb6HgY=) has bought expansioncarkey x1 from the trader "Vehicles (Lewis [VEHICLES])" in market zone "The Holler" (pos=<5632.000000, 32.000000, 5392.000000>) for a price of 500.
07:04:21.138 [Market] Player "Nick Leadbeatter" (id=JmVdSu0kzNbOpwjpFV-MDcMB-Equ3yPY-l-COMb6HgY=) has send a requested to purchase hydraulicjack x1 from the trader "Vehicles (Lewis [VEHICLES])" in market zone "The Holler" (pos=<5632.000000, 32.000000, 5392.000000>).
07:04:21.308 [Market] Player "Nick Leadbeatter" (id=JmVdSu0kzNbOpwjpFV-MDcMB-Equ3yPY-l-COMb6HgY=) has bought hydraulicjack x1 from the trader "Vehicles (Lewis [VEHICLES])" in market zone "The Holler" (pos=<5632.000000, 32.000000, 5392.000000>) for a price of 1000.
07:05:06.332 [VehicleCarKey] Player "Nick Leadbeatter" (id=JmVdSu0kzNbOpwjpFV-MDcMB-Equ3yPY-l-COMb6HgY= pos=<5601.479492, 28.722498, 5361.249023>) used the  ExpansionCarKey to unlock Gaz71 (id=572FA902BB4207188AFB0694BFAAAE5E pos=<5601.251953, 28.702650, 5357.696777>)
07:05:08.984 [VehicleCarKey] Player "Nick Leadbeatter" (id=JmVdSu0kzNbOpwjpFV-MDcMB-Equ3yPY-l-COMb6HgY= pos=<5603.899902, 28.722498, 5359.574707>) used the  ExpansionCarKey to lock Gaz71 (id=572FA902BB4207188AFB0694BFAAAE5E pos=<5601.251953, 28.702650, 5357.696777>)
07:05:10.378 [VehicleCarKey] Player "Nick Leadbeatter" (id=JmVdSu0kzNbOpwjpFV-MDcMB-Equ3yPY-l-COMb6HgY= pos=<5603.899902, 28.722498, 5359.574707>) used the  ExpansionCarKey to unlock Gaz71 (id=572FA902BB4207188AFB0694BFAAAE5E pos=<5601.251953, 28.702650, 5357.696777>)
07:05:12.128 [VehicleCarKey] Player "Nick Leadbeatter" (id=JmVdSu0kzNbOpwjpFV-MDcMB-Equ3yPY-l-COMb6HgY= pos=<5603.899902, 28.722498, 5359.574707>) used the  ExpansionCarKey to lock Gaz71 (id=572FA902BB4207188AFB0694BFAAAE5E pos=<5601.251953, 28.702650, 5357.696777>)
07:05:13.416 [VehicleCarKey] Player "Nick Leadbeatter" (id=JmVdSu0kzNbOpwjpFV-MDcMB-Equ3yPY-l-COMb6HgY= pos=<5603.899902, 28.722498, 5359.574707>) used the  ExpansionCarKey to unlock Gaz71 (id=572FA902BB4207188AFB0694BFAAAE5E pos=<5601.251953, 28.702650, 5357.696777>)
07:05:19.113 [AI Patrol] Spawning 3 Temple Patrol bots at <322.470520, 47.070000, 808.568176>
07:05:19.210 [AI Patrol] Spawning 3 Temple Patrol bots at <411.851013, 47.070000, 815.821045>
07:05:19.222 [AI Patrol] Spawning 3 Temple Patrol bots at <371.114105, 55.318100, 677.529663>
07:05:20.794 [VehicleEnter] Player Nick Leadbeatter [uid=JmVdSu0kzNbOpwjpFV-MDcMB-Equ3yPY-l-COMb6HgY=] entered vehicle Gaz 71 (id=572FA902BB4207188AFB0694BFAAAE5E pos=<5601.251953, 28.702610, 5357.696777>) as driver
07:05:35.087 [VehicleLeave] Player Nick Leadbeatter [uid=JmVdSu0kzNbOpwjpFV-MDcMB-Equ3yPY-l-COMb6HgY=] left vehicle Gaz 71 (id=572FA902BB4207188AFB0694BFAAAE5E pos=<5601.251953, 28.702602, 5357.696777>)
07:07:01.878 [VehicleCarKey] Player "Nick Leadbeatter" (id=JmVdSu0kzNbOpwjpFV-MDcMB-Equ3yPY-l-COMb6HgY= pos=<5597.204102, 28.722498, 5361.111816>) used the  ExpansionCarKey to lock Gaz71 (id=572FA902BB4207188AFB0694BFAAAE5E pos=<5601.251953, 28.702610, 5357.696777>)
07:08:23.412 [Market] Player "Nick Leadbeatter" (id=JmVdSu0kzNbOpwjpFV-MDcMB-Equ3yPY-l-COMb6HgY=) has send a requested to purchase expansionkeychain_yellow x1 from the trader "Vehicles (Lewis [VEHICLES])" in market zone "The Holler" (pos=<5632.000000, 32.000000, 5392.000000>).
07:08:23.585 [Market] Player "Nick Leadbeatter" (id=JmVdSu0kzNbOpwjpFV-MDcMB-Equ3yPY-l-COMb6HgY=) has bought expansionkeychain_yellow x1 from the trader "Vehicles (Lewis [VEHICLES])" in market zone "The Holler" (pos=<5632.000000, 32.000000, 5392.000000>) for a price of 100.
07:08:23.988 [Market] Player "Nick Leadbeatter" (id=JmVdSu0kzNbOpwjpFV-MDcMB-Equ3yPY-l-COMb6HgY=) has send a requested to purchase expansionkeychain_yellow x1 from the trader "Vehicles (Lewis [VEHICLES])" in market zone "The Holler" (pos=<5632.000000, 32.000000, 5392.000000>).
07:08:24.154 [Market] Player "Nick Leadbeatter" (id=JmVdSu0kzNbOpwjpFV-MDcMB-Equ3yPY-l-COMb6HgY=) has bought expansionkeychain_yellow x1 from the trader "Vehicles (Lewis [VEHICLES])" in market zone "The Holler" (pos=<5632.000000, 32.000000, 5392.000000>) for a price of 100.
07:08:24.582 [Market] Player "Nick Leadbeatter" (id=JmVdSu0kzNbOpwjpFV-MDcMB-Equ3yPY-l-COMb6HgY=) has send a requested to purchase expansionkeychain_yellow x1 from the trader "Vehicles (Lewis [VEHICLES])" in market zone "The Holler" (pos=<5632.000000, 32.000000, 5392.000000>).
07:08:24.722 [Market] Player "Nick Leadbeatter" (id=JmVdSu0kzNbOpwjpFV-MDcMB-Equ3yPY-l-COMb6HgY=) has bought expansionkeychain_yellow x1 from the trader "Vehicles (Lewis [VEHICLES])" in market zone "The Holler" (pos=<5632.000000, 32.000000, 5392.000000>) for a price of 100.
07:08:54.849 [VehicleCarKey] Player "Nick Leadbeatter" (id=JmVdSu0kzNbOpwjpFV-MDcMB-Equ3yPY-l-COMb6HgY= pos=<5605.570801, 28.761837, 5356.218262>) used the  ExpansionCarKey to unlock Gaz71 (id=572FA902BB4207188AFB0694BFAAAE5E pos=<5601.251953, 28.702610, 5357.696777>)
07:10:38.472 [Market] Player "Nick Leadbeatter" (id=JmVdSu0kzNbOpwjpFV-MDcMB-Equ3yPY-l-COMb6HgY=) has send a requested to purchase expansionhelicopterbattery x1 from the trader "Vehicles (Lewis [VEHICLES])" in market zone "The Holler" (pos=<5632.000000, 32.000000, 5392.000000>).
07:10:38.746 [Market] Player "Nick Leadbeatter" (id=JmVdSu0kzNbOpwjpFV-MDcMB-Equ3yPY-l-COMb6HgY=) has bought expansionhelicopterbattery x1 from the trader "Vehicles (Lewis [VEHICLES])" in market zone "The Holler" (pos=<5632.000000, 32.000000, 5392.000000>) for a price of 12000.
07:10:39.291 [Market] Player "Nick Leadbeatter" (id=JmVdSu0kzNbOpwjpFV-MDcMB-Equ3yPY-l-COMb6HgY=) has send a requested to purchase expansionaircraftbattery x1 from the trader "Vehicles (Lewis [VEHICLES])" in market zone "The Holler" (pos=<5632.000000, 32.000000, 5392.000000>).
07:10:39.486 [Market] Player "Nick Leadbeatter" (id=JmVdSu0kzNbOpwjpFV-MDcMB-Equ3yPY-l-COMb6HgY=) has bought expansionaircraftbattery x1 from the trader "Vehicles (Lewis [VEHICLES])" in market zone "The Holler" (pos=<5632.000000, 32.000000, 5392.000000>) for a price of 12000.
07:10:40.214 [Market] Player "Nick Leadbeatter" (id=JmVdSu0kzNbOpwjpFV-MDcMB-Equ3yPY-l-COMb6HgY=) has send a requested to purchase carbattery x1 from the trader "Vehicles (Lewis [VEHICLES])" in market zone "The Holler" (pos=<5632.000000, 32.000000, 5392.000000>).
07:10:40.410 [Market] Player "Nick Leadbeatter" (id=JmVdSu0kzNbOpwjpFV-MDcMB-Equ3yPY-l-COMb6HgY=) has bought carbattery x1 from the trader "Vehicles (Lewis [VEHICLES])" in market zone "The Holler" (pos=<5632.000000, 32.000000, 5392.000000>) for a price of 6000.
07:10:42.142 [Market] Player "Nick Leadbeatter" (id=JmVdSu0kzNbOpwjpFV-MDcMB-Equ3yPY-l-COMb6HgY=) has send a requested to purchase expansionhydraulichoses x1 from the trader "Vehicles (Lewis [VEHICLES])" in market zone "The Holler" (pos=<5632.000000, 32.000000, 5392.000000>).
07:10:42.326 [Market] Player "Nick Leadbeatter" (id=JmVdSu0kzNbOpwjpFV-MDcMB-Equ3yPY-l-COMb6HgY=) has bought expansionhydraulichoses x1 from the trader "Vehicles (Lewis [VEHICLES])" in market zone "The Holler" (pos=<5632.000000, 32.000000, 5392.000000>) for a price of 800.
07:10:43.255 [Market] Player "Nick Leadbeatter" (id=JmVdSu0kzNbOpwjpFV-MDcMB-Equ3yPY-l-COMb6HgY=) has send a requested to purchase expansionigniterplug x1 from the trader "Vehicles (Lewis [VEHICLES])" in market zone "The Holler" (pos=<5632.000000, 32.000000, 5392.000000>).
07:10:43.427 [Market] Player "Nick Leadbeatter" (id=JmVdSu0kzNbOpwjpFV-MDcMB-Equ3yPY-l-COMb6HgY=) has bought expansionigniterplug x1 from the trader "Vehicles (Lewis [VEHICLES])" in market zone "The Holler" (pos=<5632.000000, 32.000000, 5392.000000>) for a price of 1000.
07:10:44.591 [Market] Player "Nick Leadbeatter" (id=JmVdSu0kzNbOpwjpFV-MDcMB-Equ3yPY-l-COMb6HgY=) has send a requested to purchase carradiator x1 from the trader "Vehicles (Lewis [VEHICLES])" in market zone "The Holler" (pos=<5632.000000, 32.000000, 5392.000000>).
07:10:44.722 [Market] Player "Nick Leadbeatter" (id=JmVdSu0kzNbOpwjpFV-MDcMB-Equ3yPY-l-COMb6HgY=) has bought carradiator x1 from the trader "Vehicles (Lewis [VEHICLES])" in market zone "The Holler" (pos=<5632.000000, 32.000000, 5392.000000>) for a price of 1200.
07:10:48.404 [Market] Player "Nick Leadbeatter" (id=JmVdSu0kzNbOpwjpFV-MDcMB-Equ3yPY-l-COMb6HgY=) has send a requested to purchase truckbattery x1 from the trader "Vehicles (Lewis [VEHICLES])" in market zone "The Holler" (pos=<5632.000000, 32.000000, 5392.000000>).
07:10:48.556 [Market] Player "Nick Leadbeatter" (id=JmVdSu0kzNbOpwjpFV-MDcMB-Equ3yPY-l-COMb6HgY=) has bought truckbattery x1 from the trader "Vehicles (Lewis [VEHICLES])" in market zone "The Holler" (pos=<5632.000000, 32.000000, 5392.000000>) for a price of 6000.
07:10:49.570 [Market] Player "Nick Leadbeatter" (id=JmVdSu0kzNbOpwjpFV-MDcMB-Equ3yPY-l-COMb6HgY=) has send a requested to purchase sparkplug x1 from the trader "Vehicles (Lewis [VEHICLES])" in market zone "The Holler" (pos=<5632.000000, 32.000000, 5392.000000>).
07:10:49.748 [Market] Player "Nick Leadbeatter" (id=JmVdSu0kzNbOpwjpFV-MDcMB-Equ3yPY-l-COMb6HgY=) has bought sparkplug x1 from the trader "Vehicles (Lewis [VEHICLES])" in market zone "The Holler" (pos=<5632.000000, 32.000000, 5392.000000>) for a price of 600.
07:10:50.312 [Market] Player "Nick Leadbeatter" (id=JmVdSu0kzNbOpwjpFV-MDcMB-Equ3yPY-l-COMb6HgY=) has send a requested to purchase sparkplug x1 from the trader "Vehicles (Lewis [VEHICLES])" in market zone "The Holler" (pos=<5632.000000, 32.000000, 5392.000000>).
07:10:50.503 [Market] Player "Nick Leadbeatter" (id=JmVdSu0kzNbOpwjpFV-MDcMB-Equ3yPY-l-COMb6HgY=) has bought sparkplug x1 from the trader "Vehicles (Lewis [VEHICLES])" in market zone "The Holler" (pos=<5632.000000, 32.000000, 5392.000000>) for a price of 600.
07:10:52.419 [Market] Player "Nick Leadbeatter" (id=JmVdSu0kzNbOpwjpFV-MDcMB-Equ3yPY-l-COMb6HgY=) has send a requested to sell expansionigniterplug x1 at the trader "Vehicles (Lewis [VEHICLES])" in market zone "The Holler" (pos=<5632.000000, 32.000000, 5392.000000>).
07:10:52.556 [Market] Player "Nick Leadbeatter" (id=JmVdSu0kzNbOpwjpFV-MDcMB-Equ3yPY-l-COMb6HgY=) has sold expansionigniterplug x1 at the trader "Vehicles (Lewis [VEHICLES])" in market zone "The Holler" (pos=<5632.000000, 32.000000, 5392.000000>) and got 750.
07:10:53.789 [Market] Player "Nick Leadbeatter" (id=JmVdSu0kzNbOpwjpFV-MDcMB-Equ3yPY-l-COMb6HgY=) has send a requested to sell expansionhydraulichoses x1 at the trader "Vehicles (Lewis [VEHICLES])" in market zone "The Holler" (pos=<5632.000000, 32.000000, 5392.000000>).
07:10:53.925 [Market] Player "Nick Leadbeatter" (id=JmVdSu0kzNbOpwjpFV-MDcMB-Equ3yPY-l-COMb6HgY=) has sold expansionhydraulichoses x1 at the trader "Vehicles (Lewis [VEHICLES])" in market zone "The Holler" (pos=<5632.000000, 32.000000, 5392.000000>) and got 600.
07:10:57.902 [Market] Player "Nick Leadbeatter" (id=JmVdSu0kzNbOpwjpFV-MDcMB-Equ3yPY-l-COMb6HgY=) has send a requested to sell expansionhelicopterbattery x1 at the trader "Vehicles (Lewis [VEHICLES])" in market zone "The Holler" (pos=<5632.000000, 32.000000, 5392.000000>).
07:10:58.113 [Market] Player "Nick Leadbeatter" (id=JmVdSu0kzNbOpwjpFV-MDcMB-Equ3yPY-l-COMb6HgY=) has sold expansionhelicopterbattery x1 at the trader "Vehicles (Lewis [VEHICLES])" in market zone "The Holler" (pos=<5632.000000, 32.000000, 5392.000000>) and got 9000.
07:10:59.132 [Market] Player "Nick Leadbeatter" (id=JmVdSu0kzNbOpwjpFV-MDcMB-Equ3yPY-l-COMb6HgY=) has send a requested to sell carbattery x1 at the trader "Vehicles (Lewis [VEHICLES])" in market zone "The Holler" (pos=<5632.000000, 32.000000, 5392.000000>).
07:10:59.314 [Market] Player "Nick Leadbeatter" (id=JmVdSu0kzNbOpwjpFV-MDcMB-Equ3yPY-l-COMb6HgY=) has sold carbattery x1 at the trader "Vehicles (Lewis [VEHICLES])" in market zone "The Holler" (pos=<5632.000000, 32.000000, 5392.000000>) and got 4500.
07:10:59.832 [Market] Player "Nick Leadbeatter" (id=JmVdSu0kzNbOpwjpFV-MDcMB-Equ3yPY-l-COMb6HgY=) has send a requested to sell expansionaircraftbattery x1 at the trader "Vehicles (Lewis [VEHICLES])" in market zone "The Holler" (pos=<5632.000000, 32.000000, 5392.000000>).
07:11:00.031 [Market] Player "Nick Leadbeatter" (id=JmVdSu0kzNbOpwjpFV-MDcMB-Equ3yPY-l-COMb6HgY=) has sold expansionaircraftbattery x1 at the trader "Vehicles (Lewis [VEHICLES])" in market zone "The Holler" (pos=<5632.000000, 32.000000, 5392.000000>) and got 9000.
07:11:51.074 [Market] Player "Nick Leadbeatter" (id=JmVdSu0kzNbOpwjpFV-MDcMB-Equ3yPY-l-COMb6HgY=) has send a requested to purchase expansionhydraulichoses x1 from the trader "Vehicles (Lewis [VEHICLES])" in market zone "The Holler" (pos=<5632.000000, 32.000000, 5392.000000>).
07:11:51.216 [Market] Player "Nick Leadbeatter" (id=JmVdSu0kzNbOpwjpFV-MDcMB-Equ3yPY-l-COMb6HgY=) has bought expansionhydraulichoses x1 from the trader "Vehicles (Lewis [VEHICLES])" in market zone "The Holler" (pos=<5632.000000, 32.000000, 5392.000000>) for a price of 800.
07:11:51.800 [Market] Player "Nick Leadbeatter" (id=JmVdSu0kzNbOpwjpFV-MDcMB-Equ3yPY-l-COMb6HgY=) has send a requested to purchase expansionhydraulichoses x1 from the trader "Vehicles (Lewis [VEHICLES])" in market zone "The Holler" (pos=<5632.000000, 32.000000, 5392.000000>).
07:11:51.964 [Market] Player "Nick Leadbeatter" (id=JmVdSu0kzNbOpwjpFV-MDcMB-Equ3yPY-l-COMb6HgY=) has bought expansionhydraulichoses x1 from the trader "Vehicles (Lewis [VEHICLES])" in market zone "The Holler" (pos=<5632.000000, 32.000000, 5392.000000>) for a price of 800.
07:11:55.363 [Market] Player "Nick Leadbeatter" (id=JmVdSu0kzNbOpwjpFV-MDcMB-Equ3yPY-l-COMb6HgY=) has send a requested to purchase expansionigniterplug x1 from the trader "Vehicles (Lewis [VEHICLES])" in market zone "The Holler" (pos=<5632.000000, 32.000000, 5392.000000>).
07:11:55.501 [Market] Player "Nick Leadbeatter" (id=JmVdSu0kzNbOpwjpFV-MDcMB-Equ3yPY-l-COMb6HgY=) has bought expansionigniterplug x1 from the trader "Vehicles (Lewis [VEHICLES])" in market zone "The Holler" (pos=<5632.000000, 32.000000, 5392.000000>) for a price of 1000.
07:11:56.359 [Market] Player "Nick Leadbeatter" (id=JmVdSu0kzNbOpwjpFV-MDcMB-Equ3yPY-l-COMb6HgY=) has send a requested to purchase expansionigniterplug x1 from the trader "Vehicles (Lewis [VEHICLES])" in market zone "The Holler" (pos=<5632.000000, 32.000000, 5392.000000>).
07:11:56.531 [Market] Player "Nick Leadbeatter" (id=JmVdSu0kzNbOpwjpFV-MDcMB-Equ3yPY-l-COMb6HgY=) has bought expansionigniterplug x1 from the trader "Vehicles (Lewis [VEHICLES])" in market zone "The Holler" (pos=<5632.000000, 32.000000, 5392.000000>) for a price of 1000.
07:12:01.765 [Market] Player "Nick Leadbeatter" (id=JmVdSu0kzNbOpwjpFV-MDcMB-Equ3yPY-l-COMb6HgY=) has send a requested to purchase truckbattery x1 from the trader "Vehicles (Lewis [VEHICLES])" in market zone "The Holler" (pos=<5632.000000, 32.000000, 5392.000000>).
07:12:01.935 [Market] Player "Nick Leadbeatter" (id=JmVdSu0kzNbOpwjpFV-MDcMB-Equ3yPY-l-COMb6HgY=) has bought truckbattery x1 from the trader "Vehicles (Lewis [VEHICLES])" in market zone "The Holler" (pos=<5632.000000, 32.000000, 5392.000000>) for a price of 6000.
07:13:23.085 [Market] Player "Nick Leadbeatter" (id=JmVdSu0kzNbOpwjpFV-MDcMB-Equ3yPY-l-COMb6HgY=) has send a requested to purchase expansionhelicopterbattery x1 from the trader "Vehicles (Lewis [VEHICLES])" in market zone "The Holler" (pos=<5632.000000, 32.000000, 5392.000000>).
07:13:23.298 [Market] Player "Nick Leadbeatter" (id=JmVdSu0kzNbOpwjpFV-MDcMB-Equ3yPY-l-COMb6HgY=) has bought expansionhelicopterbattery x1 from the trader "Vehicles (Lewis [VEHICLES])" in market zone "The Holler" (pos=<5632.000000, 32.000000, 5392.000000>) for a price of 12000.
07:13:24.380 [Market] Player "Nick Leadbeatter" (id=JmVdSu0kzNbOpwjpFV-MDcMB-Equ3yPY-l-COMb6HgY=) has send a requested to purchase expansionhelicopterbattery x1 from the trader "Vehicles (Lewis [VEHICLES])" in market zone "The Holler" (pos=<5632.000000, 32.000000, 5392.000000>).
07:13:24.552 [Market] Player "Nick Leadbeatter" (id=JmVdSu0kzNbOpwjpFV-MDcMB-Equ3yPY-l-COMb6HgY=) has bought expansionhelicopterbattery x1 from the trader "Vehicles (Lewis [VEHICLES])" in market zone "The Holler" (pos=<5632.000000, 32.000000, 5392.000000>) for a price of 12000.
07:13:25.511 [Market] Player "Nick Leadbeatter" (id=JmVdSu0kzNbOpwjpFV-MDcMB-Equ3yPY-l-COMb6HgY=) has send a requested to purchase carbattery x1 from the trader "Vehicles (Lewis [VEHICLES])" in market zone "The Holler" (pos=<5632.000000, 32.000000, 5392.000000>).
07:13:25.693 [Market] Player "Nick Leadbeatter" (id=JmVdSu0kzNbOpwjpFV-MDcMB-Equ3yPY-l-COMb6HgY=) has bought carbattery x1 from the trader "Vehicles (Lewis [VEHICLES])" in market zone "The Holler" (pos=<5632.000000, 32.000000, 5392.000000>) for a price of 6000.
07:13:27.574 [Market] Player "Nick Leadbeatter" (id=JmVdSu0kzNbOpwjpFV-MDcMB-Equ3yPY-l-COMb6HgY=) has send a requested to purchase carbattery x1 from the trader "Vehicles (Lewis [VEHICLES])" in market zone "The Holler" (pos=<5632.000000, 32.000000, 5392.000000>).
07:13:27.777 [Market] Player "Nick Leadbeatter" (id=JmVdSu0kzNbOpwjpFV-MDcMB-Equ3yPY-l-COMb6HgY=) has bought carbattery x1 from the trader "Vehicles (Lewis [VEHICLES])" in market zone "The Holler" (pos=<5632.000000, 32.000000, 5392.000000>) for a price of 6000.
07:13:48.996 [MissionAirdrop] An airdrop is heading towards "Kushville" (pos=<7630.000000, 0.000000, 3717.000000> type=Random_Kushville) with a ExpansionAirdropContainer
07:14:50.316 [Market] Player "Nick Leadbeatter" (id=JmVdSu0kzNbOpwjpFV-MDcMB-Equ3yPY-l-COMb6HgY=) has send a requested to purchase expansioncarkey x1 from the trader "Vehicles (Lewis [VEHICLES])" in market zone "The Holler" (pos=<5632.000000, 32.000000, 5392.000000>).
07:14:50.476 [Market] Player "Nick Leadbeatter" (id=JmVdSu0kzNbOpwjpFV-MDcMB-Equ3yPY-l-COMb6HgY=) has bought expansioncarkey x1 from the trader "Vehicles (Lewis [VEHICLES])" in market zone "The Holler" (pos=<5632.000000, 32.000000, 5392.000000>) for a price of 500.
07:14:50.929 [Market] Player "Nick Leadbeatter" (id=JmVdSu0kzNbOpwjpFV-MDcMB-Equ3yPY-l-COMb6HgY=) has send a requested to purchase expansioncarkey x1 from the trader "Vehicles (Lewis [VEHICLES])" in market zone "The Holler" (pos=<5632.000000, 32.000000, 5392.000000>).
07:14:51.115 [Market] Player "Nick Leadbeatter" (id=JmVdSu0kzNbOpwjpFV-MDcMB-Equ3yPY-l-COMb6HgY=) has bought expansioncarkey x1 from the trader "Vehicles (Lewis [VEHICLES])" in market zone "The Holler" (pos=<5632.000000, 32.000000, 5392.000000>) for a price of 500.
07:14:51.501 [Market] Player "Nick Leadbeatter" (id=JmVdSu0kzNbOpwjpFV-MDcMB-Equ3yPY-l-COMb6HgY=) has send a requested to purchase expansioncarkey x1 from the trader "Vehicles (Lewis [VEHICLES])" in market zone "The Holler" (pos=<5632.000000, 32.000000, 5392.000000>).
07:14:51.695 [Market] Player "Nick Leadbeatter" (id=JmVdSu0kzNbOpwjpFV-MDcMB-Equ3yPY-l-COMb6HgY=) has bought expansioncarkey x1 from the trader "Vehicles (Lewis [VEHICLES])" in market zone "The Holler" (pos=<5632.000000, 32.000000, 5392.000000>) for a price of 500.
07:16:04.355 [VehicleCarKey] Player "Nick Leadbeatter" (id=JmVdSu0kzNbOpwjpFV-MDcMB-Equ3yPY-l-COMb6HgY= pos=<5603.975098, 28.830156, 5359.773926>) used the  ExpansionCarKey to lock Gaz71 (id=572FA902BB4207188AFB0694BFAAAE5E pos=<5601.251953, 28.702610, 5357.696777>)
07:16:18.703 [Market] Player "Nick Leadbeatter" (id=JmVdSu0kzNbOpwjpFV-MDcMB-Equ3yPY-l-COMb6HgY=) has send a requested to purchase bandagedressing x1 from the trader "Medicals (Linda [MEDICAL])" in market zone "The Holler" (pos=<5632.000000, 32.000000, 5392.000000>).
07:16:18.871 [Market] Player "Nick Leadbeatter" (id=JmVdSu0kzNbOpwjpFV-MDcMB-Equ3yPY-l-COMb6HgY=) has bought bandagedressing x1 from the trader "Medicals (Linda [MEDICAL])" in market zone "The Holler" (pos=<5632.000000, 32.000000, 5392.000000>) for a price of 300.
07:16:19.152 [Market] Player "Nick Leadbeatter" (id=JmVdSu0kzNbOpwjpFV-MDcMB-Equ3yPY-l-COMb6HgY=) has send a requested to purchase bandagedressing x1 from the trader "Medicals (Linda [MEDICAL])" in market zone "The Holler" (pos=<5632.000000, 32.000000, 5392.000000>).
07:16:19.341 [Market] Player "Nick Leadbeatter" (id=JmVdSu0kzNbOpwjpFV-MDcMB-Equ3yPY-l-COMb6HgY=) has bought bandagedressing x1 from the trader "Medicals (Linda [MEDICAL])" in market zone "The Holler" (pos=<5632.000000, 32.000000, 5392.000000>) for a price of 300.
07:16:22.843 [Market] Player "Nick Leadbeatter" (id=JmVdSu0kzNbOpwjpFV-MDcMB-Equ3yPY-l-COMb6HgY=) has send a requested to purchase tetracyclineantibiotics x1 from the trader "Medicals (Linda [MEDICAL])" in market zone "The Holler" (pos=<5632.000000, 32.000000, 5392.000000>).
07:16:23.003 [Market] Player "Nick Leadbeatter" (id=JmVdSu0kzNbOpwjpFV-MDcMB-Equ3yPY-l-COMb6HgY=) has bought tetracyclineantibiotics x1 from the trader "Medicals (Linda [MEDICAL])" in market zone "The Holler" (pos=<5632.000000, 32.000000, 5392.000000>) for a price of 1800.
07:16:23.984 [Market] Player "Nick Leadbeatter" (id=JmVdSu0kzNbOpwjpFV-MDcMB-Equ3yPY-l-COMb6HgY=) has send a requested to purchase vitaminbottle x1 from the trader "Medicals (Linda [MEDICAL])" in market zone "The Holler" (pos=<5632.000000, 32.000000, 5392.000000>).
07:16:24.148 [Market] Player "Nick Leadbeatter" (id=JmVdSu0kzNbOpwjpFV-MDcMB-Equ3yPY-l-COMb6HgY=) has bought vitaminbottle x1 from the trader "Medicals (Linda [MEDICAL])" in market zone "The Holler" (pos=<5632.000000, 32.000000, 5392.000000>) for a price of 460.
07:17:16.316 [Market] Player "Nick Leadbeatter" (id=JmVdSu0kzNbOpwjpFV-MDcMB-Equ3yPY-l-COMb6HgY=) has send a requested to purchase twp_ammo_50bmg x100 from the trader "WeaponAccessories (Rolf [WEAPON ACCESSORIES])" in market zone "The Holler" (pos=<5632.000000, 32.000000, 5392.000000>).
07:17:16.472 [Market] Player "Nick Leadbeatter" (id=JmVdSu0kzNbOpwjpFV-MDcMB-Equ3yPY-l-COMb6HgY=) has bought twp_ammo_50bmg x100 from the trader "WeaponAccessories (Rolf [WEAPON ACCESSORIES])" in market zone "The Holler" (pos=<5632.000000, 32.000000, 5392.000000>) for a price of 700.
07:17:33.478 [ATM] Player "Nick Leadbeatter" (id=JmVdSu0kzNbOpwjpFV-MDcMB-Equ3yPY-l-COMb6HgY=) has deposited 16490 on his ATM account.
07:18:03.271 [ATM] Player "Nick Leadbeatter" (id=JmVdSu0kzNbOpwjpFV-MDcMB-Equ3yPY-l-COMb6HgY=) has withdrawn 2500 from his ATM account.
07:18:20.042 [Market] Player "Nick Leadbeatter" (id=JmVdSu0kzNbOpwjpFV-MDcMB-Equ3yPY-l-COMb6HgY=) has send a requested to purchase camonet x1 from the trader "BuildingSupplies (Indar [BUILDINGS])" in market zone "The Holler" (pos=<5632.000000, 32.000000, 5392.000000>).
07:18:20.195 [Market] Player "Nick Leadbeatter" (id=JmVdSu0kzNbOpwjpFV-MDcMB-Equ3yPY-l-COMb6HgY=) has bought camonet x1 from the trader "BuildingSupplies (Indar [BUILDINGS])" in market zone "The Holler" (pos=<5632.000000, 32.000000, 5392.000000>) for a price of 600.
07:18:41.888 [VehicleCarKey] Player "Nick Leadbeatter" (id=JmVdSu0kzNbOpwjpFV-MDcMB-Equ3yPY-l-COMb6HgY= pos=<5596.545898, 28.722498, 5360.825195>) used the  ExpansionCarKey to unlock Gaz71 (id=572FA902BB4207188AFB0694BFAAAE5E pos=<5601.251953, 28.702610, 5357.696777>)
07:19:51.863 [VehicleCarKey] Player "Nick Leadbeatter" (id=JmVdSu0kzNbOpwjpFV-MDcMB-Equ3yPY-l-COMb6HgY= pos=<5597.123535, 28.722496, 5359.936035>) used the  ExpansionCarKey to lock Gaz71 (id=572FA902BB4207188AFB0694BFAAAE5E pos=<5601.251953, 28.702610, 5357.696777>)
07:19:54.039 [VehicleCarKey] Player "Nick Leadbeatter" (id=JmVdSu0kzNbOpwjpFV-MDcMB-Equ3yPY-l-COMb6HgY= pos=<5597.123535, 28.722496, 5359.936035>) used the  ExpansionCarKey to unlock Gaz71 (id=572FA902BB4207188AFB0694BFAAAE5E pos=<5601.251953, 28.702610, 5357.696777>)
07:19:58.037 [VehicleCarKey] Player "Nick Leadbeatter" (id=JmVdSu0kzNbOpwjpFV-MDcMB-Equ3yPY-l-COMb6HgY= pos=<5597.123535, 28.722496, 5359.936035>) used the  ExpansionCarKey to lock Gaz71 (id=572FA902BB4207188AFB0694BFAAAE5E pos=<5601.251953, 28.702610, 5357.696777>)
07:20:01.531 [VehicleCarKey] Player "Nick Leadbeatter" (id=JmVdSu0kzNbOpwjpFV-MDcMB-Equ3yPY-l-COMb6HgY= pos=<5604.220703, 28.728102, 5358.948242>) used the  ExpansionCarKey to unlock Gaz71 (id=572FA902BB4207188AFB0694BFAAAE5E pos=<5601.251953, 28.702610, 5357.696777>)
07:20:07.962 [VehicleEnter] Player Nick Leadbeatter [uid=JmVdSu0kzNbOpwjpFV-MDcMB-Equ3yPY-l-COMb6HgY=] entered vehicle Gaz 71 (id=572FA902BB4207188AFB0694BFAAAE5E pos=<5601.251953, 28.702620, 5357.696777>) as driver
07:20:20.322 [VehicleEngine] Player Nick Leadbeatter [uid=JmVdSu0kzNbOpwjpFV-MDcMB-Equ3yPY-l-COMb6HgY=] started vehicle Gaz 71 (Locked) (id=572FA902BB4207188AFB0694BFAAAE5E pos=<5601.251465, 28.702616, 5357.696777>)
07:21:10.492 [Safezone] Player "Nick Leadbeatter" (id=JmVdSu0kzNbOpwjpFV-MDcMB-Equ3yPY-l-COMb6HgY= pos=<5750.587891, 25.512983, 5205.027832>) Left the safezone
07:25:06.021 [AI Patrol] Spawning 3 Power Plant Patrol bots at <4741.547852, 20.430000, 7128.599121>
07:30:05.660 [VehicleEngine] Player Nick Leadbeatter [uid=JmVdSu0kzNbOpwjpFV-MDcMB-Equ3yPY-l-COMb6HgY=] stopped vehicle Gaz 71 (id=572FA902BB4207188AFB0694BFAAAE5E pos=<7440.090820, 6.642649, 8456.053711>)
07:30:15.074 [VehicleEngine] Player Nick Leadbeatter [uid=JmVdSu0kzNbOpwjpFV-MDcMB-Equ3yPY-l-COMb6HgY=] started vehicle Gaz 71 (id=572FA902BB4207188AFB0694BFAAAE5E pos=<7440.090820, 6.642600, 8456.053711>)
07:30:36.800 [VehicleLeave] Player Nick Leadbeatter [uid=JmVdSu0kzNbOpwjpFV-MDcMB-Equ3yPY-l-COMb6HgY=] left vehicle Gaz 71 (id=572FA902BB4207188AFB0694BFAAAE5E pos=<7438.572754, 6.642621, 8458.657227>)
07:31:21.968 [VehicleEnter] Player Nick Leadbeatter [uid=JmVdSu0kzNbOpwjpFV-MDcMB-Equ3yPY-l-COMb6HgY=] entered vehicle Gaz 71 (id=572FA902BB4207188AFB0694BFAAAE5E pos=<7438.572754, 6.642678, 8458.656250>) as driver
07:31:24.087 [VehicleEngine] Player Nick Leadbeatter [uid=JmVdSu0kzNbOpwjpFV-MDcMB-Equ3yPY-l-COMb6HgY=] started vehicle Gaz 71 (id=572FA902BB4207188AFB0694BFAAAE5E pos=<7438.572754, 6.642620, 8458.657227>)
07:33:23.496 [VehicleEngine] Player Nick Leadbeatter [uid=JmVdSu0kzNbOpwjpFV-MDcMB-Equ3yPY-l-COMb6HgY=] stopped vehicle Gaz 71 (id=572FA902BB4207188AFB0694BFAAAE5E pos=<7438.918945, 6.642608, 8462.486328>)
07:33:27.734 [VehicleLeave] Player Nick Leadbeatter [uid=JmVdSu0kzNbOpwjpFV-MDcMB-Equ3yPY-l-COMb6HgY=] left vehicle Gaz 71 (id=572FA902BB4207188AFB0694BFAAAE5E pos=<7438.918945, 6.642647, 8462.486328>)
07:33:35.949 [VehicleCarKey] Player "Nick Leadbeatter" (id=JmVdSu0kzNbOpwjpFV-MDcMB-Equ3yPY-l-COMb6HgY= pos=<7440.528320, 7.372440, 8460.811523>) used the  ExpansionCarKey to lock Gaz71 (id=572FA902BB4207188AFB0694BFAAAE5E pos=<7438.918945, 6.642612, 8462.486328>)
07:33:57.921 [VehicleCover] Player "Nick Leadbeatter" (id=JmVdSu0kzNbOpwjpFV-MDcMB-Equ3yPY-l-COMb6HgY= pos=<7440.925781, 6.775847, 8437.955078>) uncovered vehicle "ToyotaHilux_rust" (GlobalID=8000000080000000800000008001344C pos=<7439.270020, 6.780684, 8436.817383>)!
07:40:49.101 [BaseRaiding] mmg_armored_cabinet_rusty (<7431.198242, 6.650001, 8411.205078>) Code set by player "Nick Leadbeatter" (ID = "JmVdSu0kzNbOpwjpFV-MDcMB-Equ3yPY-l-COMb6HgY=" at <7431.070313, 6.662482, 8412.416016>) and the code is 8440
07:44:27.648 [VehicleCover] Player "Nick Leadbeatter" (id=JmVdSu0kzNbOpwjpFV-MDcMB-Equ3yPY-l-COMb6HgY= pos=<7453.778320, 17.208929, 8416.290039>) uncovered vehicle "ExpansionGyrocopter" (GlobalID=80000000800000008000000080028FFA pos=<7453.984863, 17.269793, 8418.102539>)!
07:47:57.066 [VehicleCarKey] Player "Nick Leadbeatter" (id=JmVdSu0kzNbOpwjpFV-MDcMB-Equ3yPY-l-COMb6HgY= pos=<7452.797852, 17.208927, 8416.050781>) used the  ExpansionCarKey to unlock ExpansionGyrocopter (id=FA36A7B1224B06550235DEB3D87A6A6E pos=<7453.986328, 17.278557, 8418.102539>)
07:48:03.078 [VehicleDeleted] ExpansionGyrocopter (id=19E89D85D145009F3D38A2B0F1F15F1A pos=<-0.000894, 0.401785, 0.034805>)
07:48:03.085 [VehicleDeleted] ExpansionGyrocopter (id=FA36A7B1224B06550235DEB3D87A6A6E pos=<7453.986328, 17.278557, 8418.102539>)
07:48:03.085 [VirtualGarage] Player "Nick Leadbeatter" (id=JmVdSu0kzNbOpwjpFV-MDcMB-Equ3yPY-l-COMb6HgY= pos=<7449.841309, 17.208925, 8414.369141>) stored a vehicle "ExpansionGyrocopter" (GlobalID=80000000800000008000000080028FFA pos=<7453.986328, 17.278557, 8418.102539>)
07:48:49.105 [VehicleEnter] Player Nick Leadbeatter [uid=JmVdSu0kzNbOpwjpFV-MDcMB-Equ3yPY-l-COMb6HgY=] entered vehicle Mh-6 Little Bird (id=3263CB59604B1145352B819AC9F3F54E pos=<7453.123047, 17.266668, 8405.073242>) as pilot
07:48:55.501 [VehicleLeave] Player Nick Leadbeatter [uid=JmVdSu0kzNbOpwjpFV-MDcMB-Equ3yPY-l-COMb6HgY=] left vehicle Mh-6 Little Bird (id=3263CB59604B1145352B819AC9F3F54E pos=<7453.123047, 17.266668, 8405.073242>)
07:49:55.371 [VehicleEnter] Player Nick Leadbeatter [uid=JmVdSu0kzNbOpwjpFV-MDcMB-Equ3yPY-l-COMb6HgY=] entered vehicle Mh-6 Little Bird (id=2E55F507DA410AA57807C2A007127AB2 pos=<7445.645020, 17.266720, 8422.521484>) as pilot
07:50:21.783 [VehicleLeave] Player Nick Leadbeatter [uid=JmVdSu0kzNbOpwjpFV-MDcMB-Equ3yPY-l-COMb6HgY=] left vehicle Mh-6 Little Bird (id=2E55F507DA410AA57807C2A007127AB2 pos=<7445.645020, 17.266661, 8422.521484>)
07:50:31.472 [VehicleDeleted] ExpansionMh6_Wasp (id=4FD3A3070644C7C780CE6A9461DF2A0D pos=<0.000861, 1.692845, 0.535123>)
07:50:31.476 [VehicleDeleted] ExpansionMh6_Wasp (id=2E55F507DA410AA57807C2A007127AB2 pos=<7445.645020, 17.266661, 8422.521484>)
07:50:31.478 [VirtualGarage] Player "Nick Leadbeatter" (id=JmVdSu0kzNbOpwjpFV-MDcMB-Equ3yPY-l-COMb6HgY= pos=<7449.603516, 17.208925, 8414.559570>) stored a vehicle "ExpansionMh6_Wasp" (GlobalID=8000000080000000800000008001AA63 pos=<7445.645020, 17.266661, 8422.521484>)
07:50:35.005 [VehicleDeleted] ExpansionMh6_Wasp (id=3263CB59604B1145352B819AC9F3F54E pos=<7453.123047, 17.266668, 8405.073242>)
07:50:35.005 [VirtualGarage] Player "Nick Leadbeatter" (id=JmVdSu0kzNbOpwjpFV-MDcMB-Equ3yPY-l-COMb6HgY= pos=<7449.603516, 17.208925, 8414.559570>) stored a vehicle "ExpansionMh6_Wasp" (GlobalID=8000000080000000800000008003862B pos=<7453.123047, 17.266668, 8405.073242>)
08:08:38.507 [Party] Player "Stahlhelm Sturm" (id=Dj-6_aSgGuPVYaq-POeeqvRPr_91gVAi6qp9fgRrqHk=) joinded the party "DIEHARD" (id=32 ownerUID=JmVdSu0kzNbOpwjpFV-MDcMB-Equ3yPY-l-COMb6HgY= ownerName=Nick Leadbeatter)
08:08:38.525 [Expansion Quests] - InitQuestSystemClient - Loaded existing player quest data for player with UID: Dj-6_aSgGuPVYaq-POeeqvRPr_91gVAi6qp9fgRrqHk=
08:08:38.525 [Expansion Quests] - LoadGroupQuestData - Got cached group quest data for group with ID: 32
08:08:39.466 [Expansion Quests] - LoadGroupQuestData - Got cached group quest data for group with ID: 32
08:09:37.931 [VehicleCover] Player "Stahlhelm Sturm" (id=Dj-6_aSgGuPVYaq-POeeqvRPr_91gVAi6qp9fgRrqHk= pos=<6977.595703, 3.480763, 5250.039551>) uncovered vehicle "OffroadRangeRover_green" (GlobalID=80000000800000008000000080016FB4 pos=<6976.331055, 3.456519, 5248.339355>)!
08:09:41.960 [Party] Player "Nick Leadbeatter" (id=JmVdSu0kzNbOpwjpFV-MDcMB-Equ3yPY-l-COMb6HgY=) left the party "DIEHARD" (id=32 ownerUID=JmVdSu0kzNbOpwjpFV-MDcMB-Equ3yPY-l-COMb6HgY= ownerName=Nick Leadbeatter)
08:09:48.373 [VehicleCarKey] Player "Stahlhelm Sturm" (id=Dj-6_aSgGuPVYaq-POeeqvRPr_91gVAi6qp9fgRrqHk= pos=<6978.361328, 3.607202, 5245.289551>) used the  ExpansionCarKey to unlock OffroadRangeRover_green (id=8E7AF26E044FFE11D9D991A07AD52C20 pos=<6976.332031, 3.456468, 5248.337891>)
08:10:40.740 [VehicleEnter] Player Stahlhelm Sturm [uid=Dj-6_aSgGuPVYaq-POeeqvRPr_91gVAi6qp9fgRrqHk=] entered vehicle Offroad Range Rover green  (id=8E7AF26E044FFE11D9D991A07AD52C20 pos=<6976.332031, 3.456467, 5248.337891>) as driver
08:10:47.123 [VehicleEngine] Player Stahlhelm Sturm [uid=Dj-6_aSgGuPVYaq-POeeqvRPr_91gVAi6qp9fgRrqHk=] started vehicle Offroad Range Rover green  (id=8E7AF26E044FFE11D9D991A07AD52C20 pos=<6976.332031, 3.456467, 5248.337891>)
08:16:10.248 [Safezone] Player "Stahlhelm Sturm" (id=Dj-6_aSgGuPVYaq-POeeqvRPr_91gVAi6qp9fgRrqHk= pos=<5671.425781, 33.278923, 5265.346191>) Entered the safezone
08:18:21.599 [VehicleEngine] Player Stahlhelm Sturm [uid=Dj-6_aSgGuPVYaq-POeeqvRPr_91gVAi6qp9fgRrqHk=] stopped vehicle Offroad Range Rover green  (id=8E7AF26E044FFE11D9D991A07AD52C20 pos=<5615.605957, 28.715906, 5348.814941>)
08:18:44.507 [VehicleLeave] Player Stahlhelm Sturm [uid=Dj-6_aSgGuPVYaq-POeeqvRPr_91gVAi6qp9fgRrqHk=] left vehicle Offroad Range Rover green  (id=8E7AF26E044FFE11D9D991A07AD52C20 pos=<5615.605957, 28.715904, 5348.814941>)
08:19:18.812 [VehicleCarKey] Player "Stahlhelm Sturm" (id=Dj-6_aSgGuPVYaq-POeeqvRPr_91gVAi6qp9fgRrqHk= pos=<5612.902344, 28.747028, 5348.418945>) used the  ExpansionCarKey to lock OffroadRangeRover_green (id=8E7AF26E044FFE11D9D991A07AD52C20 pos=<5615.605957, 28.715906, 5348.814941>)
08:20:05.277 [Market] Player "Stahlhelm Sturm" (id=Dj-6_aSgGuPVYaq-POeeqvRPr_91gVAi6qp9fgRrqHk=) has send a requested to sell twp_stengun x1 at the trader "Weapons (Oliver [WEAPONS])" in market zone "The Holler" (pos=<5632.000000, 32.000000, 5392.000000>).
08:20:05.427 [Market] Player "Stahlhelm Sturm" (id=Dj-6_aSgGuPVYaq-POeeqvRPr_91gVAi6qp9fgRrqHk=) has sold twp_stengun x1 at the trader "Weapons (Oliver [WEAPONS])" in market zone "The Holler" (pos=<5632.000000, 32.000000, 5392.000000>) and got 937.
08:20:33.089 [Market] Player "Stahlhelm Sturm" (id=Dj-6_aSgGuPVYaq-POeeqvRPr_91gVAi6qp9fgRrqHk=) has send a requested to sell twp_fabarm_st12 x1 at the trader "Weapons (Oliver [WEAPONS])" in market zone "The Holler" (pos=<5632.000000, 32.000000, 5392.000000>).
08:20:33.242 [Market] Player "Stahlhelm Sturm" (id=Dj-6_aSgGuPVYaq-POeeqvRPr_91gVAi6qp9fgRrqHk=) has sold twp_fabarm_st12 x1 at the trader "Weapons (Oliver [WEAPONS])" in market zone "The Holler" (pos=<5632.000000, 32.000000, 5392.000000>) and got 2850.
08:21:07.380 [Market] Player "Stahlhelm Sturm" (id=Dj-6_aSgGuPVYaq-POeeqvRPr_91gVAi6qp9fgRrqHk=) has send a requested to sell collectable_memorycard x1 at the trader "Special (Eva [SPECIALTY ITEMS])" in market zone "The Holler" (pos=<5632.000000, 32.000000, 5392.000000>).
08:21:07.558 [Market] Player "Stahlhelm Sturm" (id=Dj-6_aSgGuPVYaq-POeeqvRPr_91gVAi6qp9fgRrqHk=) has sold collectable_memorycard x1 at the trader "Special (Eva [SPECIALTY ITEMS])" in market zone "The Holler" (pos=<5632.000000, 32.000000, 5392.000000>) and got 4218.
08:24:59.343 [Market] Player "Stahlhelm Sturm" (id=Dj-6_aSgGuPVYaq-POeeqvRPr_91gVAi6qp9fgRrqHk=) has send a requested to purchase ammobox_308win_20rnd x10 from the trader "WeaponAccessories (Rolf [WEAPON ACCESSORIES])" in market zone "The Holler" (pos=<5632.000000, 32.000000, 5392.000000>).
08:24:59.470 [Market] Player "Stahlhelm Sturm" (id=Dj-6_aSgGuPVYaq-POeeqvRPr_91gVAi6qp9fgRrqHk=) has bought ammobox_308win_20rnd x10 from the trader "WeaponAccessories (Rolf [WEAPON ACCESSORIES])" in market zone "The Holler" (pos=<5632.000000, 32.000000, 5392.000000>) for a price of 320.
08:25:42.853 [ATM] Player "Stahlhelm Sturm" (id=Dj-6_aSgGuPVYaq-POeeqvRPr_91gVAi6qp9fgRrqHk=) has deposited 7685 on his ATM account.
08:26:18.242 [VehicleCarKey] Player "Stahlhelm Sturm" (id=Dj-6_aSgGuPVYaq-POeeqvRPr_91gVAi6qp9fgRrqHk= pos=<5615.541504, 29.173006, 5349.997070>) used the  ExpansionCarKey to unlock OffroadRangeRover_green (id=8E7AF26E044FFE11D9D991A07AD52C20 pos=<5615.605957, 28.715906, 5348.814941>)
08:26:32.402 [VehicleEnter] Player Stahlhelm Sturm [uid=Dj-6_aSgGuPVYaq-POeeqvRPr_91gVAi6qp9fgRrqHk=] entered vehicle Offroad Range Rover green  (id=8E7AF26E044FFE11D9D991A07AD52C20 pos=<5615.605957, 28.715904, 5348.814941>) as driver
08:26:42.953 [VehicleEngine] Player Stahlhelm Sturm [uid=Dj-6_aSgGuPVYaq-POeeqvRPr_91gVAi6qp9fgRrqHk=] started vehicle Offroad Range Rover green  (id=8E7AF26E044FFE11D9D991A07AD52C20 pos=<5615.605957, 28.715906, 5348.814941>)
08:27:39.097 [Safezone] Player "Stahlhelm Sturm" (id=Dj-6_aSgGuPVYaq-POeeqvRPr_91gVAi6qp9fgRrqHk= pos=<5596.968262, 22.800705, 5643.373535>) Left the safezone
08:33:09.195 [AI Patrol] Spawning 1 Shamans bots at <4626.730957, 19.127909, 7519.072266>
08:34:03.628 [AI Patrol] Spawning 3 Shamans bots at <6251.997559, 13.965036, 8324.787109>
08:34:56.626 [VehicleEngine] Player Stahlhelm Sturm [uid=Dj-6_aSgGuPVYaq-POeeqvRPr_91gVAi6qp9fgRrqHk=] stopped vehicle Offroad Range Rover green  (id=8E7AF26E044FFE11D9D991A07AD52C20 pos=<5775.928711, 7.667770, 8205.888672>)
08:35:03.027 [VehicleLeave] Player Stahlhelm Sturm [uid=Dj-6_aSgGuPVYaq-POeeqvRPr_91gVAi6qp9fgRrqHk=] left vehicle Offroad Range Rover green  (id=8E7AF26E044FFE11D9D991A07AD52C20 pos=<5775.928711, 7.667770, 8205.888672>)
08:37:59.080 [VehicleEnter] Player Stahlhelm Sturm [uid=Dj-6_aSgGuPVYaq-POeeqvRPr_91gVAi6qp9fgRrqHk=] entered vehicle Offroad Range Rover green  (id=8E7AF26E044FFE11D9D991A07AD52C20 pos=<5775.894531, 7.669023, 8205.916016>) as driver
08:38:03.429 [VehicleEngine] Player Stahlhelm Sturm [uid=Dj-6_aSgGuPVYaq-POeeqvRPr_91gVAi6qp9fgRrqHk=] started vehicle Offroad Range Rover green  (id=8E7AF26E044FFE11D9D991A07AD52C20 pos=<5775.894531, 7.669023, 8205.916016>)
08:40:51.550 [VehicleLeave] Player Stahlhelm Sturm [uid=Dj-6_aSgGuPVYaq-POeeqvRPr_91gVAi6qp9fgRrqHk=] left vehicle Offroad Range Rover green  (id=8E7AF26E044FFE11D9D991A07AD52C20 pos=<5899.143555, 14.369033, 8745.277344>)
08:41:30.785 [VehicleEnter] Player Stahlhelm Sturm [uid=Dj-6_aSgGuPVYaq-POeeqvRPr_91gVAi6qp9fgRrqHk=] entered vehicle Offroad Range Rover green  (id=8E7AF26E044FFE11D9D991A07AD52C20 pos=<5899.143555, 14.369034, 8745.277344>) as driver
08:41:34.234 [VehicleEngine] Player Stahlhelm Sturm [uid=Dj-6_aSgGuPVYaq-POeeqvRPr_91gVAi6qp9fgRrqHk=] started vehicle Offroad Range Rover green  (id=8E7AF26E044FFE11D9D991A07AD52C20 pos=<5899.143555, 14.369034, 8745.277344>)
08:43:13.886 [VehicleEngine] Player Stahlhelm Sturm [uid=Dj-6_aSgGuPVYaq-POeeqvRPr_91gVAi6qp9fgRrqHk=] stopped vehicle Offroad Range Rover green  (id=8E7AF26E044FFE11D9D991A07AD52C20 pos=<6141.029297, 8.989035, 8404.255859>)
08:43:19.507 [VehicleLeave] Player Stahlhelm Sturm [uid=Dj-6_aSgGuPVYaq-POeeqvRPr_91gVAi6qp9fgRrqHk=] left vehicle Offroad Range Rover green  (id=8E7AF26E044FFE11D9D991A07AD52C20 pos=<6141.029297, 8.989035, 8404.255859>)
08:43:28.636 [VehicleCarKey] Player "Stahlhelm Sturm" (id=Dj-6_aSgGuPVYaq-POeeqvRPr_91gVAi6qp9fgRrqHk= pos=<6143.148926, 8.992500, 8404.759766>) used the  ExpansionCarKey to lock OffroadRangeRover_green (id=8E7AF26E044FFE11D9D991A07AD52C20 pos=<6141.029297, 8.989035, 8404.255859>)
08:51:04.541 [VehicleCarKey] Player "Stahlhelm Sturm" (id=Dj-6_aSgGuPVYaq-POeeqvRPr_91gVAi6qp9fgRrqHk= pos=<6141.690918, 8.992500, 8407.581055>) used the  ExpansionCarKey to unlock OffroadRangeRover_green (id=8E7AF26E044FFE11D9D991A07AD52C20 pos=<6141.029297, 8.989035, 8404.255859>)
08:51:37.945 [VehicleEnter] Player Stahlhelm Sturm [uid=Dj-6_aSgGuPVYaq-POeeqvRPr_91gVAi6qp9fgRrqHk=] entered vehicle Offroad Range Rover green  (id=8E7AF26E044FFE11D9D991A07AD52C20 pos=<6141.029297, 8.989035, 8404.255859>) as driver
08:51:41.695 [VehicleEngine] Player Stahlhelm Sturm [uid=Dj-6_aSgGuPVYaq-POeeqvRPr_91gVAi6qp9fgRrqHk=] started vehicle Offroad Range Rover green  (id=8E7AF26E044FFE11D9D991A07AD52C20 pos=<6141.029297, 8.989034, 8404.255859>)
08:53:03.746 [VehicleEngine] Player Stahlhelm Sturm [uid=Dj-6_aSgGuPVYaq-POeeqvRPr_91gVAi6qp9fgRrqHk=] stopped vehicle Offroad Range Rover green  (id=8E7AF26E044FFE11D9D991A07AD52C20 pos=<6175.697266, 9.341771, 8303.486328>)
08:53:12.908 [VehicleLeave] Player Stahlhelm Sturm [uid=Dj-6_aSgGuPVYaq-POeeqvRPr_91gVAi6qp9fgRrqHk=] left vehicle Offroad Range Rover green  (id=8E7AF26E044FFE11D9D991A07AD52C20 pos=<6175.697266, 9.341773, 8303.486328>)
08:53:26.775 [VehicleCarKey] Player "Stahlhelm Sturm" (id=Dj-6_aSgGuPVYaq-POeeqvRPr_91gVAi6qp9fgRrqHk= pos=<6177.097656, 9.316210, 8304.832031>) used the  ExpansionCarKey to lock OffroadRangeRover_green (id=8E7AF26E044FFE11D9D991A07AD52C20 pos=<6175.697266, 9.341766, 8303.486328>)
08:55:22.080 [VehicleCarKey] Player "Stahlhelm Sturm" (id=Dj-6_aSgGuPVYaq-POeeqvRPr_91gVAi6qp9fgRrqHk= pos=<6176.669434, 9.307734, 8304.907227>) used the  ExpansionCarKey to unlock OffroadRangeRover_green (id=8E7AF26E044FFE11D9D991A07AD52C20 pos=<6175.697266, 9.341774, 8303.486328>)
08:55:30.113 [VehicleEnter] Player Stahlhelm Sturm [uid=Dj-6_aSgGuPVYaq-POeeqvRPr_91gVAi6qp9fgRrqHk=] entered vehicle Offroad Range Rover green  (id=8E7AF26E044FFE11D9D991A07AD52C20 pos=<6175.697266, 9.341774, 8303.486328>) as driver
08:55:34.615 [VehicleEngine] Player Stahlhelm Sturm [uid=Dj-6_aSgGuPVYaq-POeeqvRPr_91gVAi6qp9fgRrqHk=] started vehicle Offroad Range Rover green  (id=8E7AF26E044FFE11D9D991A07AD52C20 pos=<6175.697266, 9.341774, 8303.486328>)
08:56:03.398 [VehicleLeave] Player Stahlhelm Sturm [uid=Dj-6_aSgGuPVYaq-POeeqvRPr_91gVAi6qp9fgRrqHk=] left vehicle Offroad Range Rover green  (id=8E7AF26E044FFE11D9D991A07AD52C20 pos=<6248.351074, 13.780765, 8323.127930>)
08:58:50.634 [VehicleEnter] Player Stahlhelm Sturm [uid=Dj-6_aSgGuPVYaq-POeeqvRPr_91gVAi6qp9fgRrqHk=] entered vehicle Offroad Range Rover green  (id=8E7AF26E044FFE11D9D991A07AD52C20 pos=<6248.351074, 13.780763, 8323.127930>) as driver
08:58:55.119 [VehicleEngine] Player Stahlhelm Sturm [uid=Dj-6_aSgGuPVYaq-POeeqvRPr_91gVAi6qp9fgRrqHk=] started vehicle Offroad Range Rover green  (id=8E7AF26E044FFE11D9D991A07AD52C20 pos=<6248.351074, 13.780773, 8323.127930>)
08:59:35.367 [VehicleEngine] Player Stahlhelm Sturm [uid=Dj-6_aSgGuPVYaq-POeeqvRPr_91gVAi6qp9fgRrqHk=] stopped vehicle Offroad Range Rover green  (id=8E7AF26E044FFE11D9D991A07AD52C20 pos=<6161.294434, 8.085946, 8329.007813>)
08:59:52.503 [VehicleLeave] Player Stahlhelm Sturm [uid=Dj-6_aSgGuPVYaq-POeeqvRPr_91gVAi6qp9fgRrqHk=] left vehicle Offroad Range Rover green  (id=8E7AF26E044FFE11D9D991A07AD52C20 pos=<6161.294434, 8.085943, 8329.007813>)
09:00:00.933 [VehicleCarKey] Player "Stahlhelm Sturm" (id=Dj-6_aSgGuPVYaq-POeeqvRPr_91gVAi6qp9fgRrqHk= pos=<6160.889648, 8.052309, 8327.101563>) used the  ExpansionCarKey to lock OffroadRangeRover_green (id=8E7AF26E044FFE11D9D991A07AD52C20 pos=<6161.294434, 8.085941, 8329.007813>)
09:01:00.685 [Party] Player "Stahlhelm Sturm" (id=Dj-6_aSgGuPVYaq-POeeqvRPr_91gVAi6qp9fgRrqHk=) left the party "DIEHARD" (id=32 ownerUID=JmVdSu0kzNbOpwjpFV-MDcMB-Equ3yPY-l-COMb6HgY= ownerName=Nick Leadbeatter)
09:31:04.937 [Expansion Quests] - InitQuestSystemClient - Created new persistent player quest data for player UID: DQ387kbD2K-a37oRXiRVk7g0pIza9NGkY242TMWRc1g=
09:31:31.437 [SpawnSelection] Player "Ding Chavez" (id=DQ387kbD2K-a37oRXiRVk7g0pIza9NGkY242TMWRc1g=) spawned at <9107.330078, 6.641010, 9493.709961>
10:42:55.578 [Expansion Quests] - InitQuestSystemClient - Loaded existing player quest data for player with UID: Q0Hb5mrxmqogNrrk_AeKzYN-EPz1bMAy4tU2qyNEZO8=
10:43:03.179 [MissionAirdrop] An airdrop is heading towards "Stonington" (pos=<6973.000000, 0.000000, 1701.000000> type=Random_Stonington) with a ExpansionAirdropContainer
11:05:36.023 [Safezone] Player "Tiozao" (id=Q0Hb5mrxmqogNrrk_AeKzYN-EPz1bMAy4tU2qyNEZO8= pos=<5735.333496, 44.541042, 5300.247559>) Entered the safezone
11:07:50.960 [Market] Player "Tiozao" (id=Q0Hb5mrxmqogNrrk_AeKzYN-EPz1bMAy4tU2qyNEZO8=) has send a requested to sell izh43shotgun x1 at the trader "Weapons (Oliver [WEAPONS])" in market zone "The Holler" (pos=<5632.000000, 32.000000, 5392.000000>).
11:07:51.152 [Market] Player "Tiozao" (id=Q0Hb5mrxmqogNrrk_AeKzYN-EPz1bMAy4tU2qyNEZO8=) has sold izh43shotgun x1 at the trader "Weapons (Oliver [WEAPONS])" in market zone "The Holler" (pos=<5632.000000, 32.000000, 5392.000000>) and got 1068.
11:07:55.570 [Market] Player "Tiozao" (id=Q0Hb5mrxmqogNrrk_AeKzYN-EPz1bMAy4tU2qyNEZO8=) has send a requested to sell winchester70 x1 at the trader "Weapons (Oliver [WEAPONS])" in market zone "The Holler" (pos=<5632.000000, 32.000000, 5392.000000>).
11:07:55.769 [Market] Player "Tiozao" (id=Q0Hb5mrxmqogNrrk_AeKzYN-EPz1bMAy4tU2qyNEZO8=) has sold winchester70 x1 at the trader "Weapons (Oliver [WEAPONS])" in market zone "The Holler" (pos=<5632.000000, 32.000000, 5392.000000>) and got 1490.
11:07:59.890 [Market] Player "Tiozao" (id=Q0Hb5mrxmqogNrrk_AeKzYN-EPz1bMAy4tU2qyNEZO8=) has send a requested to sell twp_1911_wilsoncombat x1 at the trader "Weapons (Oliver [WEAPONS])" in market zone "The Holler" (pos=<5632.000000, 32.000000, 5392.000000>).
11:08:00.109 [Market] Player "Tiozao" (id=Q0Hb5mrxmqogNrrk_AeKzYN-EPz1bMAy4tU2qyNEZO8=) has sold twp_1911_wilsoncombat x1 at the trader "Weapons (Oliver [WEAPONS])" in market zone "The Holler" (pos=<5632.000000, 32.000000, 5392.000000>) and got 660.
11:08:03.476 [Market] Player "Tiozao" (id=Q0Hb5mrxmqogNrrk_AeKzYN-EPz1bMAy4tU2qyNEZO8=) has send a requested to sell mag_expansion_m14_10rnd x1 at the trader "Weapons (Oliver [WEAPONS])" in market zone "The Holler" (pos=<5632.000000, 32.000000, 5392.000000>).
11:08:03.679 [Market] Player "Tiozao" (id=Q0Hb5mrxmqogNrrk_AeKzYN-EPz1bMAy4tU2qyNEZO8=) has sold mag_expansion_m14_10rnd x1 at the trader "Weapons (Oliver [WEAPONS])" in market zone "The Holler" (pos=<5632.000000, 32.000000, 5392.000000>) and got 75.
11:08:34.464 [Market] Player "Tiozao" (id=Q0Hb5mrxmqogNrrk_AeKzYN-EPz1bMAy4tU2qyNEZO8=) has send a requested to sell ammo_expansion_338 x10 at the trader "WeaponAccessories (Rolf [WEAPON ACCESSORIES])" in market zone "The Holler" (pos=<5632.000000, 32.000000, 5392.000000>).
11:08:34.679 [Market] Player "Tiozao" (id=Q0Hb5mrxmqogNrrk_AeKzYN-EPz1bMAy4tU2qyNEZO8=) has sold ammo_expansion_338 x10 at the trader "WeaponAccessories (Rolf [WEAPON ACCESSORIES])" in market zone "The Holler" (pos=<5632.000000, 32.000000, 5392.000000>) and got 0.
11:08:37.015 [Market] Player "Tiozao" (id=Q0Hb5mrxmqogNrrk_AeKzYN-EPz1bMAy4tU2qyNEZO8=) has send a requested to sell ammo_308win x1 at the trader "WeaponAccessories (Rolf [WEAPON ACCESSORIES])" in market zone "The Holler" (pos=<5632.000000, 32.000000, 5392.000000>).
11:08:37.195 [Market] Player "Tiozao" (id=Q0Hb5mrxmqogNrrk_AeKzYN-EPz1bMAy4tU2qyNEZO8=) has sold ammo_308win x1 at the trader "WeaponAccessories (Rolf [WEAPON ACCESSORIES])" in market zone "The Holler" (pos=<5632.000000, 32.000000, 5392.000000>) and got 1.
11:08:46.695 [Market] Player "Tiozao" (id=Q0Hb5mrxmqogNrrk_AeKzYN-EPz1bMAy4tU2qyNEZO8=) has send a requested to sell ammo_762x39 x17 at the trader "WeaponAccessories (Rolf [WEAPON ACCESSORIES])" in market zone "The Holler" (pos=<5632.000000, 32.000000, 5392.000000>).
11:08:46.921 [Market] Player "Tiozao" (id=Q0Hb5mrxmqogNrrk_AeKzYN-EPz1bMAy4tU2qyNEZO8=) has sold ammo_762x39 x17 at the trader "WeaponAccessories (Rolf [WEAPON ACCESSORIES])" in market zone "The Holler" (pos=<5632.000000, 32.000000, 5392.000000>) and got 17.
11:14:23.949 [Market] Player "Tiozao" (id=Q0Hb5mrxmqogNrrk_AeKzYN-EPz1bMAy4tU2qyNEZO8=) has send a requested to purchase bandagedressing x1 from the trader "Medicals (Linda [MEDICAL])" in market zone "The Holler" (pos=<5632.000000, 32.000000, 5392.000000>).
11:14:24.164 [Market] Player "Tiozao" (id=Q0Hb5mrxmqogNrrk_AeKzYN-EPz1bMAy4tU2qyNEZO8=) has bought bandagedressing x1 from the trader "Medicals (Linda [MEDICAL])" in market zone "The Holler" (pos=<5632.000000, 32.000000, 5392.000000>) for a price of 300.
11:14:50.789 [Market] Player "Tiozao" (id=Q0Hb5mrxmqogNrrk_AeKzYN-EPz1bMAy4tU2qyNEZO8=) has send a requested to sell expansionhelicopterbattery x1 at the trader "Vehicles (Lewis [VEHICLES])" in market zone "The Holler" (pos=<5632.000000, 32.000000, 5392.000000>).
11:14:51.023 [Market] Player "Tiozao" (id=Q0Hb5mrxmqogNrrk_AeKzYN-EPz1bMAy4tU2qyNEZO8=) has sold expansionhelicopterbattery x1 at the trader "Vehicles (Lewis [VEHICLES])" in market zone "The Holler" (pos=<5632.000000, 32.000000, 5392.000000>) and got 6750.
11:20:54.226 [Market] Player "Tiozao" (id=Q0Hb5mrxmqogNrrk_AeKzYN-EPz1bMAy4tU2qyNEZO8=) has send a requested to sell sledgehammer x1 at the trader "BuildingSupplies (Indar [BUILDINGS])" in market zone "The Holler" (pos=<5632.000000, 32.000000, 5392.000000>).
11:20:54.441 [Market] Player "Tiozao" (id=Q0Hb5mrxmqogNrrk_AeKzYN-EPz1bMAy4tU2qyNEZO8=) has sold sledgehammer x1 at the trader "BuildingSupplies (Indar [BUILDINGS])" in market zone "The Holler" (pos=<5632.000000, 32.000000, 5392.000000>) and got 6.
11:31:40.687 [ATM] Player "Tiozao" (id=Q0Hb5mrxmqogNrrk_AeKzYN-EPz1bMAy4tU2qyNEZO8=) has deposited 9767 on his ATM account.
11:33:52.609 [Market] Player "Tiozao" (id=Q0Hb5mrxmqogNrrk_AeKzYN-EPz1bMAy4tU2qyNEZO8=) has send a requested to sell mvs_slingpack_black_camo x1 at the trader "Clothing_Accessories (Elias [CLOTHING & ACCESSORIES])" in market zone "The Holler" (pos=<5632.000000, 32.000000, 5392.000000>).
11:33:52.812 [Market] Player "Tiozao" (id=Q0Hb5mrxmqogNrrk_AeKzYN-EPz1bMAy4tU2qyNEZO8=) has sold mvs_slingpack_black_camo x1 at the trader "Clothing_Accessories (Elias [CLOTHING & ACCESSORIES])" in market zone "The Holler" (pos=<5632.000000, 32.000000, 5392.000000>) and got 2775.
11:34:22.765 [Market] Player "Tiozao" (id=Q0Hb5mrxmqogNrrk_AeKzYN-EPz1bMAy4tU2qyNEZO8=) has send a requested to sell hatchbackwheel x1 at the trader "Vehicles (Lewis [VEHICLES])" in market zone "The Holler" (pos=<5632.000000, 32.000000, 5392.000000>).
11:34:22.960 [Market] Player "Tiozao" (id=Q0Hb5mrxmqogNrrk_AeKzYN-EPz1bMAy4tU2qyNEZO8=) has sold hatchbackwheel x1 at the trader "Vehicles (Lewis [VEHICLES])" in market zone "The Holler" (pos=<5632.000000, 32.000000, 5392.000000>) and got 375.
11:34:50.234 [ATM] Player "Tiozao" (id=Q0Hb5mrxmqogNrrk_AeKzYN-EPz1bMAy4tU2qyNEZO8=) has deposited 3150 on his ATM account.
11:35:42.710 [Market] Player "Tiozao" (id=Q0Hb5mrxmqogNrrk_AeKzYN-EPz1bMAy4tU2qyNEZO8=) has send a requested to sell rope x1 at the trader "BuildingSupplies (Indar [BUILDINGS])" in market zone "The Holler" (pos=<5632.000000, 32.000000, 5392.000000>).
11:35:42.890 [Market] Player "Tiozao" (id=Q0Hb5mrxmqogNrrk_AeKzYN-EPz1bMAy4tU2qyNEZO8=) has sold rope x1 at the trader "BuildingSupplies (Indar [BUILDINGS])" in market zone "The Holler" (pos=<5632.000000, 32.000000, 5392.000000>) and got 3.
11:35:43.742 [Market] Player "Tiozao" (id=Q0Hb5mrxmqogNrrk_AeKzYN-EPz1bMAy4tU2qyNEZO8=) has send a requested to sell paper x1 at the trader "BuildingSupplies (Indar [BUILDINGS])" in market zone "The Holler" (pos=<5632.000000, 32.000000, 5392.000000>).
11:35:43.960 [Market] Player "Tiozao" (id=Q0Hb5mrxmqogNrrk_AeKzYN-EPz1bMAy4tU2qyNEZO8=) has sold paper x1 at the trader "BuildingSupplies (Indar [BUILDINGS])" in market zone "The Holler" (pos=<5632.000000, 32.000000, 5392.000000>) and got 1.
11:35:44.992 [Market] Player "Tiozao" (id=Q0Hb5mrxmqogNrrk_AeKzYN-EPz1bMAy4tU2qyNEZO8=) has send a requested to sell mediumgascanister x1 at the trader "BuildingSupplies (Indar [BUILDINGS])" in market zone "The Holler" (pos=<5632.000000, 32.000000, 5392.000000>).
11:35:45.242 [Market] Player "Tiozao" (id=Q0Hb5mrxmqogNrrk_AeKzYN-EPz1bMAy4tU2qyNEZO8=) has sold mediumgascanister x1 at the trader "BuildingSupplies (Indar [BUILDINGS])" in market zone "The Holler" (pos=<5632.000000, 32.000000, 5392.000000>) and got 75.
11:35:47.289 [Market] Player "Tiozao" (id=Q0Hb5mrxmqogNrrk_AeKzYN-EPz1bMAy4tU2qyNEZO8=) has send a requested to sell sewingkit x1 at the trader "BuildingSupplies (Indar [BUILDINGS])" in market zone "The Holler" (pos=<5632.000000, 32.000000, 5392.000000>).
11:35:47.523 [Market] Player "Tiozao" (id=Q0Hb5mrxmqogNrrk_AeKzYN-EPz1bMAy4tU2qyNEZO8=) has sold sewingkit x1 at the trader "BuildingSupplies (Indar [BUILDINGS])" in market zone "The Holler" (pos=<5632.000000, 32.000000, 5392.000000>) and got 17.
11:35:48.324 [Market] Player "Tiozao" (id=Q0Hb5mrxmqogNrrk_AeKzYN-EPz1bMAy4tU2qyNEZO8=) has send a requested to sell leathersewingkit x1 at the trader "BuildingSupplies (Indar [BUILDINGS])" in market zone "The Holler" (pos=<5632.000000, 32.000000, 5392.000000>).
11:35:48.546 [Market] Player "Tiozao" (id=Q0Hb5mrxmqogNrrk_AeKzYN-EPz1bMAy4tU2qyNEZO8=) has sold leathersewingkit x1 at the trader "BuildingSupplies (Indar [BUILDINGS])" in market zone "The Holler" (pos=<5632.000000, 32.000000, 5392.000000>) and got 20.
11:35:51.105 [Market] Player "Tiozao" (id=Q0Hb5mrxmqogNrrk_AeKzYN-EPz1bMAy4tU2qyNEZO8=) has send a requested to sell expansioncodelock x1 at the trader "BuildingSupplies (Indar [BUILDINGS])" in market zone "The Holler" (pos=<5632.000000, 32.000000, 5392.000000>).
11:35:51.320 [Market] Player "Tiozao" (id=Q0Hb5mrxmqogNrrk_AeKzYN-EPz1bMAy4tU2qyNEZO8=) has sold expansioncodelock x1 at the trader "BuildingSupplies (Indar [BUILDINGS])" in market zone "The Holler" (pos=<5632.000000, 32.000000, 5392.000000>) and got 787.
11:35:53.421 [Market] Player "Tiozao" (id=Q0Hb5mrxmqogNrrk_AeKzYN-EPz1bMAy4tU2qyNEZO8=) has send a requested to sell portablegasstove x1 at the trader "BuildingSupplies (Indar [BUILDINGS])" in market zone "The Holler" (pos=<5632.000000, 32.000000, 5392.000000>).
11:35:53.636 [Market] Player "Tiozao" (id=Q0Hb5mrxmqogNrrk_AeKzYN-EPz1bMAy4tU2qyNEZO8=) has sold portablegasstove x1 at the trader "BuildingSupplies (Indar [BUILDINGS])" in market zone "The Holler" (pos=<5632.000000, 32.000000, 5392.000000>) and got 5.
11:37:32.597 [Market] Player "Tiozao" (id=Q0Hb5mrxmqogNrrk_AeKzYN-EPz1bMAy4tU2qyNEZO8=) has send a requested to sell flatcap_brown x1 at the trader "Clothing_Accessories (Elias [CLOTHING & ACCESSORIES])" in market zone "The Holler" (pos=<5632.000000, 32.000000, 5392.000000>).
11:37:32.843 [Market] Player "Tiozao" (id=Q0Hb5mrxmqogNrrk_AeKzYN-EPz1bMAy4tU2qyNEZO8=) has sold flatcap_brown x1 at the trader "Clothing_Accessories (Elias [CLOTHING & ACCESSORIES])" in market zone "The Holler" (pos=<5632.000000, 32.000000, 5392.000000>) and got 18.
11:37:51.636 [Market] Player "Tiozao" (id=Q0Hb5mrxmqogNrrk_AeKzYN-EPz1bMAy4tU2qyNEZO8=) has send a requested to sell dressshoes_brown x1 at the trader "Clothing_Accessories (Elias [CLOTHING & ACCESSORIES])" in market zone "The Holler" (pos=<5632.000000, 32.000000, 5392.000000>).
11:37:51.835 [Market] Player "Tiozao" (id=Q0Hb5mrxmqogNrrk_AeKzYN-EPz1bMAy4tU2qyNEZO8=) has sold dressshoes_brown x1 at the trader "Clothing_Accessories (Elias [CLOTHING & ACCESSORIES])" in market zone "The Holler" (pos=<5632.000000, 32.000000, 5392.000000>) and got 18.
11:39:21.457 [ATM] Player "Tiozao" (id=Q0Hb5mrxmqogNrrk_AeKzYN-EPz1bMAy4tU2qyNEZO8=) has deposited 944 on his ATM account.
11:40:02.195 [Expansion Quests] - CreateQuestInstance - Created new quest instance for with instance key Q0Hb5mrxmqogNrrk_AeKzYN-EPz1bMAy4tU2qyNEZO8= for quest 19
11:40:27.703 [Expansion Quests] - CreateQuestInstance - Created new quest instance for with instance key Q0Hb5mrxmqogNrrk_AeKzYN-EPz1bMAy4tU2qyNEZO8= for quest 11
11:41:18.964 [ATM] Player "Tiozao" (id=Q0Hb5mrxmqogNrrk_AeKzYN-EPz1bMAy4tU2qyNEZO8=) has withdrawn 1000 from his ATM account.
11:41:41.726 [Market] Player "Tiozao" (id=Q0Hb5mrxmqogNrrk_AeKzYN-EPz1bMAy4tU2qyNEZO8=) has send a requested to purchase workingboots_yellow x1 from the trader "Clothing_Accessories (Elias [CLOTHING & ACCESSORIES])" in market zone "The Holler" (pos=<5632.000000, 32.000000, 5392.000000>).
11:41:41.953 [Market] Player "Tiozao" (id=Q0Hb5mrxmqogNrrk_AeKzYN-EPz1bMAy4tU2qyNEZO8=) has bought workingboots_yellow x1 from the trader "Clothing_Accessories (Elias [CLOTHING & ACCESSORIES])" in market zone "The Holler" (pos=<5632.000000, 32.000000, 5392.000000>) for a price of 55.
11:42:03.597 [ATM] Player "Tiozao" (id=Q0Hb5mrxmqogNrrk_AeKzYN-EPz1bMAy4tU2qyNEZO8=) has deposited 945 on his ATM account.
11:43:46.140 [Safezone] Player "Tiozao" (id=Q0Hb5mrxmqogNrrk_AeKzYN-EPz1bMAy4tU2qyNEZO8= pos=<5574.725586, 62.455265, 5230.816895>) Left the safezone
11:45:52.867 [AI Patrol] Spawning 1 Shamans bots at <5079.409180, 85.578987, 3954.222168>
