06:50:18.294 [VehicleCover] Player "Panda" (id=qf-pDnVm3swGq-HUq4k1dK2oOcVUdFc_GgQqcLZFmDM= pos=<5665.691895, 33.303967, 5238.824219>) uncovered vehicle "Velociraptor6x6" (GlobalID=80000000800000008000000080002265 pos=<5664.953613, 33.209846, 5241.616211>)!
06:51:00.812 [VehicleDeleted] Velociraptor6x6 (id=7E396A281742263EC6C4758CE06BABA8 pos=<5664.955078, 33.209808, 5241.614258>)
06:51:00.812 [VehicleCover] Player "Panda" (id=qf-pDnVm3swGq-HUq4k1dK2oOcVUdFc_GgQqcLZFmDM= pos=<5666.813477, 33.292484, 5241.910156>) covered vehicle "Velociraptor6x6" (GlobalID=80000000800000008000000080002265 pos=<5664.955078, 33.209808, 5241.614258>)!
06:51:13.214 [VehicleCover] Player "Panda" (id=qf-pDnVm3swGq-HUq4k1dK2oOcVUdFc_GgQqcLZFmDM= pos=<5660.630859, 34.032768, 5241.810059>) uncovered vehicle "BMW_X5_red" (GlobalID=8000000080000000800000008000A2BE pos=<5659.114746, 33.332142, 5241.110352>)!
06:51:27.986 [VehicleDeleted] BMW_X5_red (id=89D4A7F54E42521887D815BC229A19A3 pos=<5659.116211, 33.332115, 5241.112305>)
06:51:27.986 [VehicleCover] Player "Panda" (id=qf-pDnVm3swGq-HUq4k1dK2oOcVUdFc_GgQqcLZFmDM= pos=<5661.554199, 33.313614, 5242.299316>) covered vehicle "BMW_X5_red" (GlobalID=8000000080000000800000008000A2BE pos=<5659.116211, 33.332115, 5241.112305>)!
06:51:46.914 [VehicleCover] Player "Panda" (id=qf-pDnVm3swGq-HUq4k1dK2oOcVUdFc_GgQqcLZFmDM= pos=<5675.587891, 33.292496, 5237.854004>) uncovered vehicle "ToyotaHilux_rust" (GlobalID=80000000800000008000000080011C1E pos=<5676.621094, 33.276203, 5235.247070>)!
06:51:57.263 [VehicleDeleted] ToyotaHilux_rust (id=24CC0EFB4E4C7B2FF0C6BD99BE96D8D9 pos=<5676.623047, 33.276199, 5235.245117>)
06:51:57.263 [VehicleCover] Player "Panda" (id=qf-pDnVm3swGq-HUq4k1dK2oOcVUdFc_GgQqcLZFmDM= pos=<5675.587891, 33.292496, 5237.854004>) covered vehicle "ToyotaHilux_rust" (GlobalID=80000000800000008000000080011C1E pos=<5676.623047, 33.276199, 5235.245117>)!
06:52:04.593 [Safezone] Player "Panda" (id=qf-pDnVm3swGq-HUq4k1dK2oOcVUdFc_GgQqcLZFmDM= pos=<5684.028320, 32.695477, 5264.062988>) Entered the safezone
06:52:14.048 [VehicleCover] Player "Panda" (id=qf-pDnVm3swGq-HUq4k1dK2oOcVUdFc_GgQqcLZFmDM= pos=<5684.146973, 32.731300, 5265.020508>) uncovered vehicle "Jeep_Wrangler_red" (GlobalID=8000000080000000800000008000231A pos=<5684.514648, 32.994072, 5267.920898>)!
06:52:23.978 [VehicleDeleted] Jeep_Wrangler_red (id=6644B4B18A4E56C9F7AFF3898E0EF02D pos=<5684.512207, 32.993877, 5267.918945>)
06:52:23.978 [VehicleCover] Player "Panda" (id=qf-pDnVm3swGq-HUq4k1dK2oOcVUdFc_GgQqcLZFmDM= pos=<5684.092773, 32.721386, 5264.774902>) covered vehicle "Jeep_Wrangler_red" (GlobalID=8000000080000000800000008000231A pos=<5684.512207, 32.993877, 5267.918945>)!
06:52:36.531 [VehicleCover] Player "Panda" (id=qf-pDnVm3swGq-HUq4k1dK2oOcVUdFc_GgQqcLZFmDM= pos=<5681.420410, 32.679489, 5266.939453>) uncovered vehicle "Velociraptor6x6_blue" (GlobalID=8000000080000000800000008000B85C pos=<5680.369141, 32.735371, 5268.358887>)!
06:52:46.480 [VehicleDeleted] Velociraptor6x6_blue (id=D938C8A3EA444DE7BF81D3A7B62EC451 pos=<5680.366211, 32.735325, 5268.360352>)
06:52:46.480 [VehicleCover] Player "Panda" (id=qf-pDnVm3swGq-HUq4k1dK2oOcVUdFc_GgQqcLZFmDM= pos=<5681.677246, 32.686050, 5266.805664>) covered vehicle "Velociraptor6x6_blue" (GlobalID=8000000080000000800000008000B85C pos=<5680.366211, 32.735325, 5268.360352>)!
06:52:59.185 [VehicleCover] Player "Panda" (id=qf-pDnVm3swGq-HUq4k1dK2oOcVUdFc_GgQqcLZFmDM= pos=<5676.038574, 32.571194, 5269.116211>) uncovered vehicle "Opel_Astra_camo" (GlobalID=8000000080000000800000008000A6EC pos=<5674.977539, 32.535141, 5271.249512>)!
06:53:09.626 [VehicleDeleted] Opel_Astra_camo (id=8D1067305B418703090A21B27777ED21 pos=<5674.944824, 32.530796, 5271.186035>)
06:53:09.626 [VehicleCover] Player "Panda" (id=qf-pDnVm3swGq-HUq4k1dK2oOcVUdFc_GgQqcLZFmDM= pos=<5676.038574, 32.571194, 5269.116211>) covered vehicle "Opel_Astra_camo" (GlobalID=8000000080000000800000008000A6EC pos=<5674.944824, 32.530796, 5271.186035>)!
06:53:23.906 [Safezone] Player "Panda" (id=qf-pDnVm3swGq-HUq4k1dK2oOcVUdFc_GgQqcLZFmDM= pos=<5672.024414, 33.292496, 5241.819824>) Left the safezone
06:53:25.955 [VehicleCover] Player "Panda" (id=qf-pDnVm3swGq-HUq4k1dK2oOcVUdFc_GgQqcLZFmDM= pos=<5672.024414, 33.292496, 5241.819824>) uncovered vehicle "ToyotaHilux_rust" (GlobalID=8000000080000000800000008000E35D pos=<5671.327148, 33.281509, 5238.869629>)!
06:53:35.996 [VehicleCarKey] Player "Panda" (id=qf-pDnVm3swGq-HUq4k1dK2oOcVUdFc_GgQqcLZFmDM= pos=<5670.490723, 33.292484, 5240.883789>) used the  ExpansionCarKey to unlock ToyotaHilux_rust (id=231328D3C648FA83962454A3307C91E6 pos=<5671.329102, 33.281506, 5238.867676>)
06:54:35.433 [VehicleCover] Player "Panda" (id=qf-pDnVm3swGq-HUq4k1dK2oOcVUdFc_GgQqcLZFmDM= pos=<5674.419434, 33.284824, 5235.503906>) uncovered vehicle "ToyotaHilux_rust" (GlobalID=80000000800000008000000080011C1E pos=<5676.623047, 33.276199, 5235.245117>)!
06:54:54.529 [AI Patrol] Spawning 3 Temple Patrol bots at <450.194427, 39.152439, 814.153687>
06:54:54.625 [AI Patrol] Spawning 3 Temple Patrol bots at <432.214111, 46.587387, 786.092957>
06:54:54.636 [AI Patrol] Spawning 3 Temple Patrol bots at <433.145508, 55.318100, 701.211304>
06:54:56.226 [VehicleEnter] Player Panda [uid=qf-pDnVm3swGq-HUq4k1dK2oOcVUdFc_GgQqcLZFmDM=] entered vehicle ToyotaHilux rust (id=231328D3C648FA83962454A3307C91E6 pos=<5671.734863, 33.310715, 5239.763184>) as driver
06:54:57.941 [VehicleEngine] Player Panda [uid=qf-pDnVm3swGq-HUq4k1dK2oOcVUdFc_GgQqcLZFmDM=] started vehicle ToyotaHilux rust (id=231328D3C648FA83962454A3307C91E6 pos=<5671.734863, 33.310833, 5239.763184>)
06:55:08.046 [Safezone] Player "Panda" (id=qf-pDnVm3swGq-HUq4k1dK2oOcVUdFc_GgQqcLZFmDM= pos=<5665.676758, 33.489967, 5264.908691>) Entered the safezone
06:55:35.427 [VehicleLeave] Player Panda [uid=qf-pDnVm3swGq-HUq4k1dK2oOcVUdFc_GgQqcLZFmDM=] left vehicle ToyotaHilux rust (Locked) (id=231328D3C648FA83962454A3307C91E6 pos=<5616.491211, 28.717916, 5354.041016>)
06:56:26.656 [Market] Player "Panda" (id=qf-pDnVm3swGq-HUq4k1dK2oOcVUdFc_GgQqcLZFmDM=) has send a requested to purchase carbattery x1 from the trader "Vehicles (Lewis [VEHICLES])" in market zone "The Holler" (pos=<5632.000000, 32.000000, 5392.000000>).
06:56:26.833 [Market] Player "Panda" (id=qf-pDnVm3swGq-HUq4k1dK2oOcVUdFc_GgQqcLZFmDM=) has bought carbattery x1 from the trader "Vehicles (Lewis [VEHICLES])" in market zone "The Holler" (pos=<5632.000000, 32.000000, 5392.000000>) for a price of 6000.
06:57:15.531 [VehicleCarKey] Player "Panda" (id=qf-pDnVm3swGq-HUq4k1dK2oOcVUdFc_GgQqcLZFmDM= pos=<5617.691406, 28.722498, 5355.457520>) used the  ExpansionCarKey to unlock ToyotaHilux_rust (id=231328D3C648FA83962454A3307C91E6 pos=<5616.491211, 28.717934, 5354.037598>)
06:57:28.599 [VehicleCarKey] Player "Panda" (id=qf-pDnVm3swGq-HUq4k1dK2oOcVUdFc_GgQqcLZFmDM= pos=<5619.635254, 28.722498, 5354.333984>) used the  ExpansionCarKey to lock ToyotaHilux_rust (id=231328D3C648FA83962454A3307C91E6 pos=<5616.491211, 28.717934, 5354.037598>)
06:58:50.775 [Market] Player "Panda" (id=qf-pDnVm3swGq-HUq4k1dK2oOcVUdFc_GgQqcLZFmDM=) has send a requested to sell largegascanister x1 at the trader "BuildingSupplies (Indar [BUILDINGS])" in market zone "The Holler" (pos=<5632.000000, 32.000000, 5392.000000>).
06:58:50.906 [Market] Player "Panda" (id=qf-pDnVm3swGq-HUq4k1dK2oOcVUdFc_GgQqcLZFmDM=) has sold largegascanister x1 at the trader "BuildingSupplies (Indar [BUILDINGS])" in market zone "The Holler" (pos=<5632.000000, 32.000000, 5392.000000>) and got 104.
06:58:57.626 [Market] Player "Panda" (id=qf-pDnVm3swGq-HUq4k1dK2oOcVUdFc_GgQqcLZFmDM=) has send a requested to sell pot x1 at the trader "BuildingSupplies (Indar [BUILDINGS])" in market zone "The Holler" (pos=<5632.000000, 32.000000, 5392.000000>).
06:58:57.792 [Market] Player "Panda" (id=qf-pDnVm3swGq-HUq4k1dK2oOcVUdFc_GgQqcLZFmDM=) has sold pot x1 at the trader "BuildingSupplies (Indar [BUILDINGS])" in market zone "The Holler" (pos=<5632.000000, 32.000000, 5392.000000>) and got 2.
06:59:07.527 [Market] Player "Panda" (id=qf-pDnVm3swGq-HUq4k1dK2oOcVUdFc_GgQqcLZFmDM=) has send a requested to sell xmaslights x1 at the trader "BuildingSupplies (Indar [BUILDINGS])" in market zone "The Holler" (pos=<5632.000000, 32.000000, 5392.000000>).
06:59:07.726 [Market] Player "Panda" (id=qf-pDnVm3swGq-HUq4k1dK2oOcVUdFc_GgQqcLZFmDM=) has sold xmaslights x1 at the trader "BuildingSupplies (Indar [BUILDINGS])" in market zone "The Holler" (pos=<5632.000000, 32.000000, 5392.000000>) and got 18.
06:59:12.941 [Market] Player "Panda" (id=qf-pDnVm3swGq-HUq4k1dK2oOcVUdFc_GgQqcLZFmDM=) has send a requested to sell petrollighter x1 at the trader "BuildingSupplies (Indar [BUILDINGS])" in market zone "The Holler" (pos=<5632.000000, 32.000000, 5392.000000>).
06:59:13.140 [Market] Player "Panda" (id=qf-pDnVm3swGq-HUq4k1dK2oOcVUdFc_GgQqcLZFmDM=) has sold petrollighter x1 at the trader "BuildingSupplies (Indar [BUILDINGS])" in market zone "The Holler" (pos=<5632.000000, 32.000000, 5392.000000>) and got 0.
06:59:48.773 [ATM] Player "Panda" (id=qf-pDnVm3swGq-HUq4k1dK2oOcVUdFc_GgQqcLZFmDM=) has deposited 286496 on his ATM account.
07:02:03.166 [VehicleCarKey] Player "Panda" (id=qf-pDnVm3swGq-HUq4k1dK2oOcVUdFc_GgQqcLZFmDM= pos=<5613.529297, 28.734856, 5353.320801>) used the  ExpansionCarKey to unlock ToyotaHilux_rust (id=231328D3C648FA83962454A3307C91E6 pos=<5616.491211, 28.717934, 5354.037598>)
07:02:07.964 [VehicleEnter] Player Panda [uid=qf-pDnVm3swGq-HUq4k1dK2oOcVUdFc_GgQqcLZFmDM=] entered vehicle ToyotaHilux rust (id=231328D3C648FA83962454A3307C91E6 pos=<5616.491211, 28.717934, 5354.036133>) as driver
07:04:50.992 [MissionAirdrop] An airdrop is heading towards "Greenville" (pos=<4658.000000, 0.000000, 1414.000000> type=Random_Greenville) with a ExpansionAirdropContainer_Military
07:05:20.658 [VehicleEngine] Player Panda [uid=qf-pDnVm3swGq-HUq4k1dK2oOcVUdFc_GgQqcLZFmDM=] started vehicle ToyotaHilux rust (Locked) (id=231328D3C648FA83962454A3307C91E6 pos=<5616.491211, 28.717934, 5354.036621>)
07:06:01.095 [VehicleEngine] Player Panda [uid=qf-pDnVm3swGq-HUq4k1dK2oOcVUdFc_GgQqcLZFmDM=] stopped vehicle ToyotaHilux rust (Locked) (id=231328D3C648FA83962454A3307C91E6 pos=<5671.049805, 33.282776, 5243.169434>)
07:06:03.595 [VehicleLeave] Player Panda [uid=qf-pDnVm3swGq-HUq4k1dK2oOcVUdFc_GgQqcLZFmDM=] left vehicle ToyotaHilux rust (Locked) (id=231328D3C648FA83962454A3307C91E6 pos=<5671.049805, 33.282772, 5243.169434>)
07:06:05.136 [Safezone] Player "Panda" (id=qf-pDnVm3swGq-HUq4k1dK2oOcVUdFc_GgQqcLZFmDM= pos=<5672.811523, 33.288845, 5243.850098>) Left the safezone
07:06:05.695 [VehicleCarKey] Player "Panda" (id=qf-pDnVm3swGq-HUq4k1dK2oOcVUdFc_GgQqcLZFmDM= pos=<5672.863770, 33.287266, 5244.031738>) used the  ExpansionCarKey to unlock ToyotaHilux_rust (id=231328D3C648FA83962454A3307C91E6 pos=<5671.049805, 33.282776, 5243.169434>)
07:06:22.693 [VehicleCarKey] Player "Panda" (id=qf-pDnVm3swGq-HUq4k1dK2oOcVUdFc_GgQqcLZFmDM= pos=<5673.422363, 33.281075, 5244.249023>) used the  ExpansionCarKey to lock ToyotaHilux_rust (id=231328D3C648FA83962454A3307C91E6 pos=<5671.049805, 33.282776, 5243.169434>)
07:06:38.464 [VehicleDeleted] ToyotaHilux_rust (id=231328D3C648FA83962454A3307C91E6 pos=<5671.049805, 33.282776, 5243.169434>)
07:06:38.464 [VehicleCover] Player "Panda" (id=qf-pDnVm3swGq-HUq4k1dK2oOcVUdFc_GgQqcLZFmDM= pos=<5673.422363, 33.281075, 5244.249023>) covered vehicle "ToyotaHilux_rust" (GlobalID=8000000080000000800000008000E35D pos=<5671.049805, 33.282776, 5243.169434>)!
08:32:31.925 [Safezone] Player "Delgo" (id=jaPCBpN1nUBe4Uv5JA2Nr4WwX4PD-EFUIf5Lecl7DBg= pos=<5631.086914, 28.722467, 5405.893555>) Entered the safezone
08:32:31.927 [Party] Player "Delgo" (id=jaPCBpN1nUBe4Uv5JA2Nr4WwX4PD-EFUIf5Lecl7DBg=) joinded the party "Beswick" (id=36 ownerUID=jaPCBpN1nUBe4Uv5JA2Nr4WwX4PD-EFUIf5Lecl7DBg= ownerName=Delgo)
08:40:04.308 [Safezone] Player "[NBY2] grenfell" (id=vnjWBbRwLkW1bumrD-dNL7nkbY0k6-v-jypFGiunjXE= pos=<5628.729492, 28.722498, 5404.467285>) Entered the safezone
08:40:04.310 [Party] Player "[NBY2] grenfell" (id=vnjWBbRwLkW1bumrD-dNL7nkbY0k6-v-jypFGiunjXE=) joinded the party "Beswick" (id=36 ownerUID=jaPCBpN1nUBe4Uv5JA2Nr4WwX4PD-EFUIf5Lecl7DBg= ownerName=Delgo)
08:42:51.695 [ATM] Player "[NBY2] grenfell" (id=vnjWBbRwLkW1bumrD-dNL7nkbY0k6-v-jypFGiunjXE=) has withdrawn 50340 from his ATM account.
08:43:31.214 [Market] Player "[NBY2] grenfell" (id=vnjWBbRwLkW1bumrD-dNL7nkbY0k6-v-jypFGiunjXE=) has send a requested to purchase bandagedressing x1 from the trader "Medicals (Linda [MEDICAL])" in market zone "The Holler" (pos=<5632.000000, 32.000000, 5392.000000>).
08:43:31.386 [Market] Player "[NBY2] grenfell" (id=vnjWBbRwLkW1bumrD-dNL7nkbY0k6-v-jypFGiunjXE=) has bought bandagedressing x1 from the trader "Medicals (Linda [MEDICAL])" in market zone "The Holler" (pos=<5632.000000, 32.000000, 5392.000000>) for a price of 300.
08:43:32.222 [Market] Player "[NBY2] grenfell" (id=vnjWBbRwLkW1bumrD-dNL7nkbY0k6-v-jypFGiunjXE=) has send a requested to purchase bandagedressing x1 from the trader "Medicals (Linda [MEDICAL])" in market zone "The Holler" (pos=<5632.000000, 32.000000, 5392.000000>).
08:43:32.414 [Market] Player "[NBY2] grenfell" (id=vnjWBbRwLkW1bumrD-dNL7nkbY0k6-v-jypFGiunjXE=) has bought bandagedressing x1 from the trader "Medicals (Linda [MEDICAL])" in market zone "The Holler" (pos=<5632.000000, 32.000000, 5392.000000>) for a price of 300.
08:43:33.195 [Market] Player "[NBY2] grenfell" (id=vnjWBbRwLkW1bumrD-dNL7nkbY0k6-v-jypFGiunjXE=) has send a requested to purchase bandagedressing x1 from the trader "Medicals (Linda [MEDICAL])" in market zone "The Holler" (pos=<5632.000000, 32.000000, 5392.000000>).
08:43:33.367 [Market] Player "[NBY2] grenfell" (id=vnjWBbRwLkW1bumrD-dNL7nkbY0k6-v-jypFGiunjXE=) has bought bandagedressing x1 from the trader "Medicals (Linda [MEDICAL])" in market zone "The Holler" (pos=<5632.000000, 32.000000, 5392.000000>) for a price of 300.
08:43:34.121 [Market] Player "[NBY2] grenfell" (id=vnjWBbRwLkW1bumrD-dNL7nkbY0k6-v-jypFGiunjXE=) has send a requested to purchase bandagedressing x1 from the trader "Medicals (Linda [MEDICAL])" in market zone "The Holler" (pos=<5632.000000, 32.000000, 5392.000000>).
08:43:34.281 [Market] Player "[NBY2] grenfell" (id=vnjWBbRwLkW1bumrD-dNL7nkbY0k6-v-jypFGiunjXE=) has bought bandagedressing x1 from the trader "Medicals (Linda [MEDICAL])" in market zone "The Holler" (pos=<5632.000000, 32.000000, 5392.000000>) for a price of 300.
08:43:38.136 [Market] Player "[NBY2] grenfell" (id=vnjWBbRwLkW1bumrD-dNL7nkbY0k6-v-jypFGiunjXE=) has send a requested to purchase disinfectantalcohol x1 from the trader "Medicals (Linda [MEDICAL])" in market zone "The Holler" (pos=<5632.000000, 32.000000, 5392.000000>).
08:43:38.308 [Market] Player "[NBY2] grenfell" (id=vnjWBbRwLkW1bumrD-dNL7nkbY0k6-v-jypFGiunjXE=) has bought disinfectantalcohol x1 from the trader "Medicals (Linda [MEDICAL])" in market zone "The Holler" (pos=<5632.000000, 32.000000, 5392.000000>) for a price of 400.
08:43:51.943 [Market] Player "[NBY2] grenfell" (id=vnjWBbRwLkW1bumrD-dNL7nkbY0k6-v-jypFGiunjXE=) has send a requested to purchase startkitiv x1 from the trader "Medicals (Linda [MEDICAL])" in market zone "The Holler" (pos=<5632.000000, 32.000000, 5392.000000>).
08:43:52.140 [Market] Player "[NBY2] grenfell" (id=vnjWBbRwLkW1bumrD-dNL7nkbY0k6-v-jypFGiunjXE=) has bought startkitiv x1 from the trader "Medicals (Linda [MEDICAL])" in market zone "The Holler" (pos=<5632.000000, 32.000000, 5392.000000>) for a price of 100.
08:46:52.273 [Market] Player "[NBY2] grenfell" (id=vnjWBbRwLkW1bumrD-dNL7nkbY0k6-v-jypFGiunjXE=) has send a requested to sell ammo_12gapellets x1 at the trader "WeaponAccessories (Rolf [WEAPON ACCESSORIES])" in market zone "The Holler" (pos=<5632.000000, 32.000000, 5392.000000>).
08:46:52.464 [Market] Player "[NBY2] grenfell" (id=vnjWBbRwLkW1bumrD-dNL7nkbY0k6-v-jypFGiunjXE=) has sold ammo_12gapellets x1 at the trader "WeaponAccessories (Rolf [WEAPON ACCESSORIES])" in market zone "The Holler" (pos=<5632.000000, 32.000000, 5392.000000>) and got 3.
08:47:09.671 [Market] Player "[NBY2] grenfell" (id=vnjWBbRwLkW1bumrD-dNL7nkbY0k6-v-jypFGiunjXE=) has send a requested to sell ammo_12gapellets x39 at the trader "WeaponAccessories (Rolf [WEAPON ACCESSORIES])" in market zone "The Holler" (pos=<5632.000000, 32.000000, 5392.000000>).
08:47:09.853 [Market] Player "[NBY2] grenfell" (id=vnjWBbRwLkW1bumrD-dNL7nkbY0k6-v-jypFGiunjXE=) has sold ammo_12gapellets x39 at the trader "WeaponAccessories (Rolf [WEAPON ACCESSORIES])" in market zone "The Holler" (pos=<5632.000000, 32.000000, 5392.000000>) and got 117.
08:47:14.597 [Market] Player "[NBY2] grenfell" (id=vnjWBbRwLkW1bumrD-dNL7nkbY0k6-v-jypFGiunjXE=) has send a requested to sell ammobox_12gaslug_10rnd x1 at the trader "WeaponAccessories (Rolf [WEAPON ACCESSORIES])" in market zone "The Holler" (pos=<5632.000000, 32.000000, 5392.000000>).
08:47:14.779 [Market] Player "[NBY2] grenfell" (id=vnjWBbRwLkW1bumrD-dNL7nkbY0k6-v-jypFGiunjXE=) has sold ammobox_12gaslug_10rnd x1 at the trader "WeaponAccessories (Rolf [WEAPON ACCESSORIES])" in market zone "The Holler" (pos=<5632.000000, 32.000000, 5392.000000>) and got 30.
08:47:15.679 [Market] Player "[NBY2] grenfell" (id=vnjWBbRwLkW1bumrD-dNL7nkbY0k6-v-jypFGiunjXE=) has send a requested to sell expansion_ammobox_8mm_15rnd x1 at the trader "WeaponAccessories (Rolf [WEAPON ACCESSORIES])" in market zone "The Holler" (pos=<5632.000000, 32.000000, 5392.000000>).
08:47:15.851 [Market] Player "[NBY2] grenfell" (id=vnjWBbRwLkW1bumrD-dNL7nkbY0k6-v-jypFGiunjXE=) has sold expansion_ammobox_8mm_15rnd x1 at the trader "WeaponAccessories (Rolf [WEAPON ACCESSORIES])" in market zone "The Holler" (pos=<5632.000000, 32.000000, 5392.000000>) and got 18.
08:47:21.306 [Market] Player "[NBY2] grenfell" (id=vnjWBbRwLkW1bumrD-dNL7nkbY0k6-v-jypFGiunjXE=) has send a requested to sell rdg2smokegrenade_black x1 at the trader "WeaponAccessories (Rolf [WEAPON ACCESSORIES])" in market zone "The Holler" (pos=<5632.000000, 32.000000, 5392.000000>).
08:47:21.529 [Market] Player "[NBY2] grenfell" (id=vnjWBbRwLkW1bumrD-dNL7nkbY0k6-v-jypFGiunjXE=) has sold rdg2smokegrenade_black x1 at the trader "WeaponAccessories (Rolf [WEAPON ACCESSORIES])" in market zone "The Holler" (pos=<5632.000000, 32.000000, 5392.000000>) and got 150.
08:47:36.562 [Market] Player "[NBY2] grenfell" (id=vnjWBbRwLkW1bumrD-dNL7nkbY0k6-v-jypFGiunjXE=) has send a requested to purchase ammobox_556x45_20rnd x1 from the trader "WeaponAccessories (Rolf [WEAPON ACCESSORIES])" in market zone "The Holler" (pos=<5632.000000, 32.000000, 5392.000000>).
08:47:36.734 [Market] Player "[NBY2] grenfell" (id=vnjWBbRwLkW1bumrD-dNL7nkbY0k6-v-jypFGiunjXE=) has bought ammobox_556x45_20rnd x1 from the trader "WeaponAccessories (Rolf [WEAPON ACCESSORIES])" in market zone "The Holler" (pos=<5632.000000, 32.000000, 5392.000000>) for a price of 32.
08:47:38.863 [Market] Player "[NBY2] grenfell" (id=vnjWBbRwLkW1bumrD-dNL7nkbY0k6-v-jypFGiunjXE=) has send a requested to purchase ammobox_556x45_20rnd x1 from the trader "WeaponAccessories (Rolf [WEAPON ACCESSORIES])" in market zone "The Holler" (pos=<5632.000000, 32.000000, 5392.000000>).
08:47:39.074 [Market] Player "[NBY2] grenfell" (id=vnjWBbRwLkW1bumrD-dNL7nkbY0k6-v-jypFGiunjXE=) has bought ammobox_556x45_20rnd x1 from the trader "WeaponAccessories (Rolf [WEAPON ACCESSORIES])" in market zone "The Holler" (pos=<5632.000000, 32.000000, 5392.000000>) for a price of 32.
08:58:31.751 [ATM] Player "[NBY2] grenfell" (id=vnjWBbRwLkW1bumrD-dNL7nkbY0k6-v-jypFGiunjXE=) has deposited 48894 on his ATM account.
09:00:21.468 [Safezone] Player "Delgo" (id=jaPCBpN1nUBe4Uv5JA2Nr4WwX4PD-EFUIf5Lecl7DBg= pos=<5472.950195, 57.295929, 5316.862793>) Left the safezone
09:00:23.171 [Safezone] Player "[NBY2] grenfell" (id=vnjWBbRwLkW1bumrD-dNL7nkbY0k6-v-jypFGiunjXE= pos=<5472.175293, 58.289722, 5314.898438>) Left the safezone
09:02:34.449 [AI Patrol] Spawning 1 Shamans bots at <4736.155762, 20.835430, 4208.611328>
09:09:50.953 [Party] Player "Delgo" (id=jaPCBpN1nUBe4Uv5JA2Nr4WwX4PD-EFUIf5Lecl7DBg=) left the party "Beswick" (id=36 ownerUID=jaPCBpN1nUBe4Uv5JA2Nr4WwX4PD-EFUIf5Lecl7DBg= ownerName=Delgo)
09:10:10.386 [Party] Player "Delgo" (id=jaPCBpN1nUBe4Uv5JA2Nr4WwX4PD-EFUIf5Lecl7DBg=) joinded the party "Beswick" (id=36 ownerUID=jaPCBpN1nUBe4Uv5JA2Nr4WwX4PD-EFUIf5Lecl7DBg= ownerName=Delgo)
09:27:11.718 [Safezone] Player "Delgo" (id=jaPCBpN1nUBe4Uv5JA2Nr4WwX4PD-EFUIf5Lecl7DBg= pos=<5558.378418, 57.377708, 5276.376953>) Entered the safezone
09:27:16.062 [Safezone] Player "[NBY2] grenfell" (id=vnjWBbRwLkW1bumrD-dNL7nkbY0k6-v-jypFGiunjXE= pos=<5558.657227, 56.303684, 5278.632813>) Entered the safezone
09:28:14.597 [Market] Player "Delgo" (id=jaPCBpN1nUBe4Uv5JA2Nr4WwX4PD-EFUIf5Lecl7DBg=) has send a requested to sell expansion_g36 x1 at the trader "Weapons (Oliver [WEAPONS])" in market zone "The Holler" (pos=<5632.000000, 32.000000, 5392.000000>).
09:28:14.757 [Market] Player "Delgo" (id=jaPCBpN1nUBe4Uv5JA2Nr4WwX4PD-EFUIf5Lecl7DBg=) has sold expansion_g36 x1 at the trader "Weapons (Oliver [WEAPONS])" in market zone "The Holler" (pos=<5632.000000, 32.000000, 5392.000000>) and got 843.
09:29:03.640 [Market] Player "Delgo" (id=jaPCBpN1nUBe4Uv5JA2Nr4WwX4PD-EFUIf5Lecl7DBg=) has send a requested to sell twp_hk416 x1 at the trader "Weapons (Oliver [WEAPONS])" in market zone "The Holler" (pos=<5632.000000, 32.000000, 5392.000000>).
09:29:03.812 [Market] Player "Delgo" (id=jaPCBpN1nUBe4Uv5JA2Nr4WwX4PD-EFUIf5Lecl7DBg=) has sold twp_hk416 x1 at the trader "Weapons (Oliver [WEAPONS])" in market zone "The Holler" (pos=<5632.000000, 32.000000, 5392.000000>) and got 2812.
09:29:07.582 [ATM] Player "[NBY2] grenfell" (id=vnjWBbRwLkW1bumrD-dNL7nkbY0k6-v-jypFGiunjXE=) has withdrawn 48894 from his ATM account.
09:29:30.515 [Market] Player "[NBY2] grenfell" (id=vnjWBbRwLkW1bumrD-dNL7nkbY0k6-v-jypFGiunjXE=) has send a requested to purchase weaponcleaningkit x1 from the trader "BuildingSupplies (Indar [BUILDINGS])" in market zone "The Holler" (pos=<5632.000000, 32.000000, 5392.000000>).
09:29:30.679 [Market] Player "[NBY2] grenfell" (id=vnjWBbRwLkW1bumrD-dNL7nkbY0k6-v-jypFGiunjXE=) has bought weaponcleaningkit x1 from the trader "BuildingSupplies (Indar [BUILDINGS])" in market zone "The Holler" (pos=<5632.000000, 32.000000, 5392.000000>) for a price of 280.
09:29:31.199 [Market] Player "[NBY2] grenfell" (id=vnjWBbRwLkW1bumrD-dNL7nkbY0k6-v-jypFGiunjXE=) has send a requested to purchase weaponcleaningkit x1 from the trader "BuildingSupplies (Indar [BUILDINGS])" in market zone "The Holler" (pos=<5632.000000, 32.000000, 5392.000000>).
09:29:31.351 [Market] Player "[NBY2] grenfell" (id=vnjWBbRwLkW1bumrD-dNL7nkbY0k6-v-jypFGiunjXE=) has bought weaponcleaningkit x1 from the trader "BuildingSupplies (Indar [BUILDINGS])" in market zone "The Holler" (pos=<5632.000000, 32.000000, 5392.000000>) for a price of 280.
09:29:48.964 [Market] Player "Delgo" (id=jaPCBpN1nUBe4Uv5JA2Nr4WwX4PD-EFUIf5Lecl7DBg=) has send a requested to sell pso1optic x1 at the trader "WeaponAccessories (Rolf [WEAPON ACCESSORIES])" in market zone "The Holler" (pos=<5632.000000, 32.000000, 5392.000000>).
09:29:49.136 [Market] Player "Delgo" (id=jaPCBpN1nUBe4Uv5JA2Nr4WwX4PD-EFUIf5Lecl7DBg=) has sold pso1optic x1 at the trader "WeaponAccessories (Rolf [WEAPON ACCESSORIES])" in market zone "The Holler" (pos=<5632.000000, 32.000000, 5392.000000>) and got 825.
09:30:03.656 [ATM] Player "Delgo" (id=jaPCBpN1nUBe4Uv5JA2Nr4WwX4PD-EFUIf5Lecl7DBg=) has deposited 4480 on his ATM account.
09:31:04.460 [Market] Player "[NBY2] grenfell" (id=vnjWBbRwLkW1bumrD-dNL7nkbY0k6-v-jypFGiunjXE=) has send a requested to sell svd x1 at the trader "Weapons (Oliver [WEAPONS])" in market zone "The Holler" (pos=<5632.000000, 32.000000, 5392.000000>).
09:31:04.656 [Market] Player "[NBY2] grenfell" (id=vnjWBbRwLkW1bumrD-dNL7nkbY0k6-v-jypFGiunjXE=) has sold svd x1 at the trader "Weapons (Oliver [WEAPONS])" in market zone "The Holler" (pos=<5632.000000, 32.000000, 5392.000000>) and got 9000.
09:31:08.964 [Market] Player "[NBY2] grenfell" (id=vnjWBbRwLkW1bumrD-dNL7nkbY0k6-v-jypFGiunjXE=) has send a requested to sell twp_m40a5 x1 at the trader "Weapons (Oliver [WEAPONS])" in market zone "The Holler" (pos=<5632.000000, 32.000000, 5392.000000>).
09:31:09.167 [Market] Player "[NBY2] grenfell" (id=vnjWBbRwLkW1bumrD-dNL7nkbY0k6-v-jypFGiunjXE=) has sold twp_m40a5 x1 at the trader "Weapons (Oliver [WEAPONS])" in market zone "The Holler" (pos=<5632.000000, 32.000000, 5392.000000>) and got 6750.
09:31:12.894 [Market] Player "[NBY2] grenfell" (id=vnjWBbRwLkW1bumrD-dNL7nkbY0k6-v-jypFGiunjXE=) has send a requested to sell twp_deserteaglefalcon x1 at the trader "Weapons (Oliver [WEAPONS])" in market zone "The Holler" (pos=<5632.000000, 32.000000, 5392.000000>).
09:31:13.085 [Market] Player "[NBY2] grenfell" (id=vnjWBbRwLkW1bumrD-dNL7nkbY0k6-v-jypFGiunjXE=) has sold twp_deserteaglefalcon x1 at the trader "Weapons (Oliver [WEAPONS])" in market zone "The Holler" (pos=<5632.000000, 32.000000, 5392.000000>) and got 773.
09:31:21.417 [Market] Player "[NBY2] grenfell" (id=vnjWBbRwLkW1bumrD-dNL7nkbY0k6-v-jypFGiunjXE=) has send a requested to sell twp_k2c x1 at the trader "Weapons (Oliver [WEAPONS])" in market zone "The Holler" (pos=<5632.000000, 32.000000, 5392.000000>).
09:31:21.585 [Market] Player "[NBY2] grenfell" (id=vnjWBbRwLkW1bumrD-dNL7nkbY0k6-v-jypFGiunjXE=) has sold twp_k2c x1 at the trader "Weapons (Oliver [WEAPONS])" in market zone "The Holler" (pos=<5632.000000, 32.000000, 5392.000000>) and got 2812.
09:31:24.769 [Market] Player "[NBY2] grenfell" (id=vnjWBbRwLkW1bumrD-dNL7nkbY0k6-v-jypFGiunjXE=) has send a requested to sell mag_fal_20rnd x1 at the trader "Weapons (Oliver [WEAPONS])" in market zone "The Holler" (pos=<5632.000000, 32.000000, 5392.000000>).
09:31:24.976 [Market] Player "[NBY2] grenfell" (id=vnjWBbRwLkW1bumrD-dNL7nkbY0k6-v-jypFGiunjXE=) has sold mag_fal_20rnd x1 at the trader "Weapons (Oliver [WEAPONS])" in market zone "The Holler" (pos=<5632.000000, 32.000000, 5392.000000>) and got 26.
09:32:43.054 [Market] Player "[NBY2] grenfell" (id=vnjWBbRwLkW1bumrD-dNL7nkbY0k6-v-jypFGiunjXE=) has send a requested to purchase bandana_camopattern x1 from the trader "Clothing_Accessories (Elias [CLOTHING & ACCESSORIES])" in market zone "The Holler" (pos=<5632.000000, 32.000000, 5392.000000>).
09:32:43.250 [Market] Player "[NBY2] grenfell" (id=vnjWBbRwLkW1bumrD-dNL7nkbY0k6-v-jypFGiunjXE=) has bought bandana_camopattern x1 from the trader "Clothing_Accessories (Elias [CLOTHING & ACCESSORIES])" in market zone "The Holler" (pos=<5632.000000, 32.000000, 5392.000000>) for a price of 10.
09:33:47.621 [ATM] Player "[NBY2] grenfell" (id=vnjWBbRwLkW1bumrD-dNL7nkbY0k6-v-jypFGiunjXE=) has deposited 67685 on his ATM account.
09:37:44.058 [Safezone] Player "Delgo" (id=jaPCBpN1nUBe4Uv5JA2Nr4WwX4PD-EFUIf5Lecl7DBg= pos=<5805.762207, 75.989899, 5430.163574>) Left the safezone
09:42:11.617 [Safezone] Player "Delgo" (id=jaPCBpN1nUBe4Uv5JA2Nr4WwX4PD-EFUIf5Lecl7DBg= pos=<5701.451660, 32.935959, 5513.389648>) Entered the safezone
10:11:30.492 [Safezone] Player "[NBY2] grenfell" (id=vnjWBbRwLkW1bumrD-dNL7nkbY0k6-v-jypFGiunjXE= pos=<5533.634766, 78.515068, 5251.245605>) Left the safezone
10:11:32.167 [Safezone] Player "Delgo" (id=jaPCBpN1nUBe4Uv5JA2Nr4WwX4PD-EFUIf5Lecl7DBg= pos=<5532.034668, 79.187622, 5251.261719>) Left the safezone
10:21:13.816 [Party] Player "[NBY2] grenfell" (id=vnjWBbRwLkW1bumrD-dNL7nkbY0k6-v-jypFGiunjXE=) left the party "Beswick" (id=36 ownerUID=jaPCBpN1nUBe4Uv5JA2Nr4WwX4PD-EFUIf5Lecl7DBg= ownerName=Delgo)
10:21:48.660 [Party] Player "[NBY2] grenfell" (id=vnjWBbRwLkW1bumrD-dNL7nkbY0k6-v-jypFGiunjXE=) joinded the party "Beswick" (id=36 ownerUID=jaPCBpN1nUBe4Uv5JA2Nr4WwX4PD-EFUIf5Lecl7DBg= ownerName=Delgo)
10:32:10.136 [Party] Player "tearsofdawn1066" (id=Sltx5zKJy7sVbO2kN3XTpRthB0wkULqErUtRpY6M_7o=) joinded the party "DIEHARD" (id=32 ownerUID=JmVdSu0kzNbOpwjpFV-MDcMB-Equ3yPY-l-COMb6HgY= ownerName=Nick Leadbeatter)
10:35:46.320 [MissionAirdrop] An airdrop is heading towards "Stonington" (pos=<6973.000000, 0.000000, 1701.000000> type=Random_Stonington) with a ExpansionAirdropContainer_Medical
10:38:05.296 [VehicleCover] Player "tearsofdawn1066" (id=Sltx5zKJy7sVbO2kN3XTpRthB0wkULqErUtRpY6M_7o= pos=<7442.574707, 6.775834, 8438.825195>) uncovered vehicle "ToyotaHilux_rust" (GlobalID=80000000800000008000000080015D80 pos=<7444.831055, 6.780660, 8439.342773>)!
10:38:14.578 [VehicleCarKey] Player "tearsofdawn1066" (id=Sltx5zKJy7sVbO2kN3XTpRthB0wkULqErUtRpY6M_7o= pos=<7443.081055, 6.775841, 8438.885742>) used the  ExpansionCarKey to unlock ToyotaHilux_rust (id=0E33F6BFCC43A8C4317FB5BEA76C8AAA pos=<7444.834473, 6.780661, 8439.341797>)
10:55:56.867 [AI Patrol] Spawning 2 Shamans bots at <7549.185059, 18.065775, 1750.867798>
11:35:31.203 [VehicleCarKey] Player "tearsofdawn1066" (id=Sltx5zKJy7sVbO2kN3XTpRthB0wkULqErUtRpY6M_7o= pos=<7443.152344, 6.775842, 8439.410156>) used the  ExpansionCarKey to lock ToyotaHilux_rust (id=0E33F6BFCC43A8C4317FB5BEA76C8AAA pos=<7444.834473, 6.780661, 8439.341797>)
11:35:31.953 [Party] Player "brailsford40" (id=HQAtXFe6fZZL90M2CD_a22otF9NJ2s4t7n-ol5BAu6o=) joinded the party "DIEHARD" (id=32 ownerUID=JmVdSu0kzNbOpwjpFV-MDcMB-Equ3yPY-l-COMb6HgY= ownerName=Nick Leadbeatter)
11:36:43.648 [VehicleCover] Player "brailsford40" (id=HQAtXFe6fZZL90M2CD_a22otF9NJ2s4t7n-ol5BAu6o= pos=<7431.237793, 7.141756, 8429.556641>) uncovered vehicle "ToyotaHilux_rust" (GlobalID=80000000800000008000000080013459 pos=<7432.293457, 6.654764, 8427.217773>)!
11:37:07.648 [VehicleCarKey] Player "brailsford40" (id=HQAtXFe6fZZL90M2CD_a22otF9NJ2s4t7n-ol5BAu6o= pos=<7432.065918, 6.662481, 8431.017578>) used the  ExpansionCarKey to unlock ToyotaHilux_rust (id=40DACFE5A84EB7C405D450806C3405B6 pos=<7432.296387, 6.654763, 8427.218750>)
11:37:34.898 [AI Patrol] Spawning 3 Shamans bots at <6578.355469, 12.828290, 8246.796875>
11:37:40.949 [VehicleCarKey] Player "brailsford40" (id=HQAtXFe6fZZL90M2CD_a22otF9NJ2s4t7n-ol5BAu6o= pos=<7432.065918, 6.662481, 8431.017578>) used the  ExpansionCarKey to lock ToyotaHilux_rust (id=40DACFE5A84EB7C405D450806C3405B6 pos=<7432.296387, 6.654763, 8427.218750>)
11:37:43.312 [VehicleCarKey] Player "brailsford40" (id=HQAtXFe6fZZL90M2CD_a22otF9NJ2s4t7n-ol5BAu6o= pos=<7432.065918, 6.662481, 8431.017578>) used the  ExpansionCarKey to unlock ToyotaHilux_rust (id=40DACFE5A84EB7C405D450806C3405B6 pos=<7432.296387, 6.654763, 8427.218750>)
11:37:46.457 [VehicleDeleted] ToyotaHilux_rust (id=0E33F6BFCC43A8C4317FB5BEA76C8AAA pos=<7444.834473, 6.780661, 8439.341797>)
11:37:46.460 [VehicleCover] Player "tearsofdawn1066" (id=Sltx5zKJy7sVbO2kN3XTpRthB0wkULqErUtRpY6M_7o= pos=<7442.939453, 6.775839, 8439.629883>) covered vehicle "ToyotaHilux_rust" (GlobalID=80000000800000008000000080015D80 pos=<7444.834473, 6.780661, 8439.341797>)!
11:37:54.390 [VehicleCarKey] Player "brailsford40" (id=HQAtXFe6fZZL90M2CD_a22otF9NJ2s4t7n-ol5BAu6o= pos=<7432.065918, 6.662481, 8431.017578>) used the  ExpansionCarKey to lock ToyotaHilux_rust (id=40DACFE5A84EB7C405D450806C3405B6 pos=<7432.296387, 6.654763, 8427.218750>)
11:38:08.398 [VehicleDeleted] ToyotaHilux_rust (id=40DACFE5A84EB7C405D450806C3405B6 pos=<7432.296387, 6.654763, 8427.218750>)
11:38:08.398 [VehicleCover] Player "brailsford40" (id=HQAtXFe6fZZL90M2CD_a22otF9NJ2s4t7n-ol5BAu6o= pos=<7432.065918, 6.662481, 8431.017578>) covered vehicle "ToyotaHilux_rust" (GlobalID=80000000800000008000000080013459 pos=<7432.296387, 6.654763, 8427.218750>)!
11:38:37.203 [VehicleCover] Player "tearsofdawn1066" (id=Sltx5zKJy7sVbO2kN3XTpRthB0wkULqErUtRpY6M_7o= pos=<7443.216309, 6.775843, 8439.712891>) uncovered vehicle "ToyotaHilux_rust" (GlobalID=80000000800000008000000080015D80 pos=<7444.834473, 6.780661, 8439.341797>)!
11:38:52.886 [VehicleCarKey] Player "tearsofdawn1066" (id=Sltx5zKJy7sVbO2kN3XTpRthB0wkULqErUtRpY6M_7o= pos=<7443.216309, 6.775843, 8439.712891>) used the  ExpansionCarKey to unlock ToyotaHilux_rust (id=64F5F1B2114CB1356F0AD78CB23F89D0 pos=<7444.837891, 6.780661, 8439.340820>)
11:38:59.367 [VehicleEnter] Player tearsofdawn1066 [uid=Sltx5zKJy7sVbO2kN3XTpRthB0wkULqErUtRpY6M_7o=] entered vehicle ToyotaHilux rust (id=64F5F1B2114CB1356F0AD78CB23F89D0 pos=<7444.837891, 6.780666, 8439.340820>) as driver
11:39:03.585 [VehicleEngine] Player tearsofdawn1066 [uid=Sltx5zKJy7sVbO2kN3XTpRthB0wkULqErUtRpY6M_7o=] started vehicle ToyotaHilux rust (id=64F5F1B2114CB1356F0AD78CB23F89D0 pos=<7444.838867, 6.780662, 8439.340820>)
11:39:22.953 [VehicleEngine] Player tearsofdawn1066 [uid=Sltx5zKJy7sVbO2kN3XTpRthB0wkULqErUtRpY6M_7o=] stopped vehicle ToyotaHilux rust (id=64F5F1B2114CB1356F0AD78CB23F89D0 pos=<7440.406250, 6.654761, 8449.769531>)
11:39:26.156 [VehicleEngine] Player tearsofdawn1066 [uid=Sltx5zKJy7sVbO2kN3XTpRthB0wkULqErUtRpY6M_7o=] started vehicle ToyotaHilux rust (id=64F5F1B2114CB1356F0AD78CB23F89D0 pos=<7440.405762, 6.654762, 8449.769531>)
11:39:44.960 [VehicleEnter] Player brailsford40 [uid=HQAtXFe6fZZL90M2CD_a22otF9NJ2s4t7n-ol5BAu6o=] entered vehicle ToyotaHilux rust (id=64F5F1B2114CB1356F0AD78CB23F89D0 pos=<7440.407715, 6.653522, 8449.934570>) as passenger
11:41:27.691 [VehicleEngine] Player tearsofdawn1066 [uid=Sltx5zKJy7sVbO2kN3XTpRthB0wkULqErUtRpY6M_7o=] stopped vehicle ToyotaHilux rust (id=64F5F1B2114CB1356F0AD78CB23F89D0 pos=<6833.768555, 8.791908, 8318.891602>)
11:41:30.468 [VehicleLeave] Player brailsford40 [uid=HQAtXFe6fZZL90M2CD_a22otF9NJ2s4t7n-ol5BAu6o=] left vehicle ToyotaHilux rust (id=64F5F1B2114CB1356F0AD78CB23F89D0 pos=<6833.769531, 8.791903, 8318.889648>)
11:41:31.292 [VehicleLeave] Player tearsofdawn1066 [uid=Sltx5zKJy7sVbO2kN3XTpRthB0wkULqErUtRpY6M_7o=] left vehicle ToyotaHilux rust (id=64F5F1B2114CB1356F0AD78CB23F89D0 pos=<6833.768555, 8.791909, 8318.891602>)
11:43:47.546 [VehicleCover] Player "Alaric" (id=sZJ432ovDQIgWd8wMve4ae1CuexC2jM_6lmUd51b4VQ= pos=<7938.281250, 54.162487, 8157.061035>) uncovered vehicle "Novator" (GlobalID=8000000080000000800000008000A6D4 pos=<7937.414551, 54.231945, 8159.137695>)!
11:43:58.398 [VehicleCarKey] Player "Alaric" (id=sZJ432ovDQIgWd8wMve4ae1CuexC2jM_6lmUd51b4VQ= pos=<7939.178711, 54.402256, 8157.574219>) used the  ExpansionCarKey to unlock Novator (id=4D193BB5A146B5C35392059D40C91E86 pos=<7937.415039, 54.231945, 8159.138672>)
11:44:10.710 [VehicleEnter] Player Alaric [uid=sZJ432ovDQIgWd8wMve4ae1CuexC2jM_6lmUd51b4VQ=] entered vehicle  Novator (id=4D193BB5A146B5C35392059D40C91E86 pos=<7937.414551, 54.231945, 8159.138672>) as driver
11:44:13.132 [VehicleEngine] Player Alaric [uid=sZJ432ovDQIgWd8wMve4ae1CuexC2jM_6lmUd51b4VQ=] started vehicle  Novator (id=4D193BB5A146B5C35392059D40C91E86 pos=<7937.416992, 54.231945, 8159.136719>)
11:51:01.488 [AI Patrol] Spawning 1 Shamans bots at <10607.425781, 18.631918, 10802.752930>
11:53:53.316 [VehicleEngine] Player Alaric [uid=sZJ432ovDQIgWd8wMve4ae1CuexC2jM_6lmUd51b4VQ=] stopped vehicle  Novator (id=4D193BB5A146B5C35392059D40C91E86 pos=<10107.806641, 6.596620, 12142.597656>)
11:53:57.835 [VehicleLeave] Player Alaric [uid=sZJ432ovDQIgWd8wMve4ae1CuexC2jM_6lmUd51b4VQ=] left vehicle  Novator (id=4D193BB5A146B5C35392059D40C91E86 pos=<10107.806641, 6.596625, 12142.595703>)
11:54:02.136 [VehicleCarKey] Player "Alaric" (id=sZJ432ovDQIgWd8wMve4ae1CuexC2jM_6lmUd51b4VQ= pos=<10107.471680, 6.512526, 12144.423828>) used the  ExpansionCarKey to lock Novator (id=4D193BB5A146B5C35392059D40C91E86 pos=<10107.806641, 6.596604, 12142.600586>)
11:56:05.753 [VehicleEnter] Player brailsford40 [uid=HQAtXFe6fZZL90M2CD_a22otF9NJ2s4t7n-ol5BAu6o=] entered vehicle ToyotaHilux rust (id=64F5F1B2114CB1356F0AD78CB23F89D0 pos=<6833.770020, 8.791900, 8318.888672>) as passenger
11:56:08.609 [VehicleEnter] Player tearsofdawn1066 [uid=Sltx5zKJy7sVbO2kN3XTpRthB0wkULqErUtRpY6M_7o=] entered vehicle ToyotaHilux rust (id=64F5F1B2114CB1356F0AD78CB23F89D0 pos=<6833.770996, 8.791909, 8318.883789>) as driver
11:56:10.460 [VehicleEngine] Player tearsofdawn1066 [uid=Sltx5zKJy7sVbO2kN3XTpRthB0wkULqErUtRpY6M_7o=] started vehicle ToyotaHilux rust (id=64F5F1B2114CB1356F0AD78CB23F89D0 pos=<6833.770996, 8.791908, 8318.883789>)
11:59:14.710 [Party] Player "[NBY2] grenfell" (id=vnjWBbRwLkW1bumrD-dNL7nkbY0k6-v-jypFGiunjXE=) left the party "Beswick" (id=36 ownerUID=jaPCBpN1nUBe4Uv5JA2Nr4WwX4PD-EFUIf5Lecl7DBg= ownerName=Delgo)
11:59:14.710 [Party] Player "Delgo" (id=jaPCBpN1nUBe4Uv5JA2Nr4WwX4PD-EFUIf5Lecl7DBg=) left the party "Beswick" (id=36 ownerUID=jaPCBpN1nUBe4Uv5JA2Nr4WwX4PD-EFUIf5Lecl7DBg= ownerName=Delgo)
11:59:14.714 [Party] Player "tearsofdawn1066" (id=Sltx5zKJy7sVbO2kN3XTpRthB0wkULqErUtRpY6M_7o=) left the party "DIEHARD" (id=32 ownerUID=JmVdSu0kzNbOpwjpFV-MDcMB-Equ3yPY-l-COMb6HgY= ownerName=Nick Leadbeatter)
11:59:14.718 [Party] Player "brailsford40" (id=HQAtXFe6fZZL90M2CD_a22otF9NJ2s4t7n-ol5BAu6o=) left the party "DIEHARD" (id=32 ownerUID=JmVdSu0kzNbOpwjpFV-MDcMB-Equ3yPY-l-COMb6HgY= ownerName=Nick Leadbeatter)
