---------------------------------------------
Log C:\Users\rylic\OneDrive\Desktop\Expansion-Dev-Server-Deer-Isle\profiles\crash_2024-01-06_16-35-14.log started at 06.01. 16:35:45



------------------------------------
DESKTOP-876KUQ0, 06.01 2024 16:35:45
[::JsonLoadFile] :: [ERROR] :: Cannot load data from "$mission:expansion\settings\SafeZoneSettings.json":
JSON ERROR:
The document root must not be followed by other values.
Function: 'JsonLoadFile'
Stack trace:
scripts/3_Game/tools\jsonfileloader.c:28
DayZExpansion/Core/Scripts/3_Game/dayzexpansion_core\settings\safezone\expansionsafezonesettings.c:184
DayZExpansion/Core/Scripts/3_Game/dayzexpansion_core\settings\expansionsettingbase.c:53
DayZExpansion/Core/Scripts/3_Game/dayzexpansion_core\settings\expansionsettings.c:58
DayZExpansion/Core/Scripts/3_Game/dayzexpansion_core\settings\expansionsettings.c:38
DayZExpansion/AI/Scripts/3_Game/dayzexpansion_ai\settings\expansionsettings.c:22
DayZExpansion/Core/Scripts/3_Game/dayzexpansion_core\settings\expansionsettings.c:294
DayZExpansion/Core/Scripts/5_Mission/dayzexpansion_core\dayzexpansion.c:37
DayZExpansion/Core/Scripts/5_Mission/dayzexpansion_core\dayzexpansion.c:112
DayZExpansion/Core/Scripts/5_Mission/dayzexpansion_core\mission\missionbase.c:11
$CurrentDir:mpmissions\empty.deerisle\init.c:110

Runtime mode
CLI params: cpuCount 4 mod @DeerIsle;@CF;@CommunityOnlineTools;@DabsFramework;@DayZExpansionLicensed;@DayZExpansionBundle;@42MonthsAfterPvPDevelopment;@gebsfish;@GarbageSearch;@CannabisPlus;@TeddysWeaponPack;@MunghardsItempack;@DayZEditorLoader;@WindstridesClothingPack; config serverDZ.cfg port 2302 noFilePatching  profiles profiles scrAllowFileWrite  adminlog  


------------------------------------
DESKTOP-876KUQ0, 06.01 2024 16:35:45

Item surgicalmask has already been added to category Farming_Supplies (ID 25)
Class:      'ExpansionMarketCategory'
Function: 'Error'
Stack trace:
scripts/1_Core/proto\endebug.c:92
DayZExpansion/Market/Scripts/3_Game/dayzexpansion_market\settings\expansionmarketcategory.c:224
DayZExpansion/Market/Scripts/3_Game/dayzexpansion_market\settings\expansionmarketcategory.c:123
DayZExpansion/Market/Scripts/3_Game/dayzexpansion_market\settings\expansionmarketsettings.c:193
DayZExpansion/Market/Scripts/3_Game/dayzexpansion_market\settings\expansionmarketsettings.c:1127
DayZExpansion/Core/Scripts/3_Game/dayzexpansion_core\settings\expansionsettingbase.c:53
DayZExpansion/Core/Scripts/3_Game/dayzexpansion_core\settings\expansionsettings.c:58
DayZExpansion/Core/Scripts/3_Game/dayzexpansion_core\settings\expansionsettings.c:38
DayZExpansion/AI/Scripts/3_Game/dayzexpansion_ai\settings\expansionsettings.c:22
DayZExpansion/Core/Scripts/3_Game/dayzexpansion_core\settings\expansionsettings.c:294
DayZExpansion/Core/Scripts/5_Mission/dayzexpansion_core\dayzexpansion.c:37
DayZExpansion/Core/Scripts/5_Mission/dayzexpansion_core\dayzexpansion.c:112
DayZExpansion/Core/Scripts/5_Mission/dayzexpansion_core\mission\missionbase.c:11
$CurrentDir:mpmissions\empty.deerisle\init.c:110

Runtime mode
CLI params: cpuCount 4 mod @DeerIsle;@CF;@CommunityOnlineTools;@DabsFramework;@DayZExpansionLicensed;@DayZExpansionBundle;@42MonthsAfterPvPDevelopment;@gebsfish;@GarbageSearch;@CannabisPlus;@TeddysWeaponPack;@MunghardsItempack;@DayZEditorLoader;@WindstridesClothingPack; config serverDZ.cfg port 2302 noFilePatching  profiles profiles scrAllowFileWrite  adminlog  


------------------------------------
DESKTOP-876KUQ0, 06.01 2024 16:35:45

Item carbattery has already been added to category Batteries (ID 7)
Class:      'ExpansionMarketCategory'
Function: 'Error'
Stack trace:
scripts/1_Core/proto\endebug.c:92
DayZExpansion/Market/Scripts/3_Game/dayzexpansion_market\settings\expansionmarketcategory.c:224
DayZExpansion/Market/Scripts/3_Game/dayzexpansion_market\settings\expansionmarketcategory.c:123
DayZExpansion/Market/Scripts/3_Game/dayzexpansion_market\settings\expansionmarketsettings.c:193
DayZExpansion/Market/Scripts/3_Game/dayzexpansion_market\settings\expansionmarketsettings.c:1127
DayZExpansion/Core/Scripts/3_Game/dayzexpansion_core\settings\expansionsettingbase.c:53
DayZExpansion/Core/Scripts/3_Game/dayzexpansion_core\settings\expansionsettings.c:58
DayZExpansion/Core/Scripts/3_Game/dayzexpansion_core\settings\expansionsettings.c:38
DayZExpansion/AI/Scripts/3_Game/dayzexpansion_ai\settings\expansionsettings.c:22
DayZExpansion/Core/Scripts/3_Game/dayzexpansion_core\settings\expansionsettings.c:294
DayZExpansion/Core/Scripts/5_Mission/dayzexpansion_core\dayzexpansion.c:37
DayZExpansion/Core/Scripts/5_Mission/dayzexpansion_core\dayzexpansion.c:112
DayZExpansion/Core/Scripts/5_Mission/dayzexpansion_core\mission\missionbase.c:11
$CurrentDir:mpmissions\empty.deerisle\init.c:110

Runtime mode
CLI params: cpuCount 4 mod @DeerIsle;@CF;@CommunityOnlineTools;@DabsFramework;@DayZExpansionLicensed;@DayZExpansionBundle;@42MonthsAfterPvPDevelopment;@gebsfish;@GarbageSearch;@CannabisPlus;@TeddysWeaponPack;@MunghardsItempack;@DayZEditorLoader;@WindstridesClothingPack; config serverDZ.cfg port 2302 noFilePatching  profiles profiles scrAllowFileWrite  adminlog  


------------------------------------
DESKTOP-876KUQ0, 06.01 2024 16:35:47

Hash collision: ExpansionRPCManager<d7c9d2c0> RPC_CarUnPair ExpansionRPCManager<58b68580>
Class:      'ExpansionRPCManager'
Function: 'Error'
Stack trace:
scripts/1_Core/proto\endebug.c:92
DayZExpansion/Core/Scripts/3_Game/dayzexpansion_core\expansionrpcmanager.c:142
DayZExpansion/Core/Scripts/3_Game/dayzexpansion_core\expansionrpcmanager.c:191
DayZExpansion/Core/Scripts/3_Game/dayzexpansion_core\cf_modulegame.c:41
DayZExpansion/Vehicles/Scripts/5_Mission/dayzexpansion_vehicles\modules\cot\vehicles\esp\expansionespmodificationmodule.c:26
DayZExpansion/BaseBuilding/Scripts/5_Mission/dayzexpansion_basebuilding\classes\modules\esp\expansionespmodificationmodule.c:24
JM/CF/Scripts/1_Core/communityframework\module\cf_modulecore.c:40
JM/CF/Scripts/1_Core/communityframework\module\cf_modulecoremanager.c:122
JM/CF/Scripts/1_Core/communityframework\module\cf_modulecoremanager.c:82
JM/CF/Scripts/1_Core/communityframework\module\cf_registermodule.c:5
DayZExpansion/Core/Scripts/5_Mission/dayzexpansion_core\classes\modules\esp\expansionespmodificationmodule.c:23

Runtime mode
CLI params: cpuCount 4 mod @DeerIsle;@CF;@CommunityOnlineTools;@DabsFramework;@DayZExpansionLicensed;@DayZExpansionBundle;@42MonthsAfterPvPDevelopment;@gebsfish;@GarbageSearch;@CannabisPlus;@TeddysWeaponPack;@MunghardsItempack;@DayZEditorLoader;@WindstridesClothingPack; config serverDZ.cfg port 2302 noFilePatching  profiles profiles scrAllowFileWrite  adminlog  


------------------------------------
DESKTOP-876KUQ0, 06.01 2024 16:35:47

Hash collision: ExpansionRPCManager<d7c9d7a0> RPC_ShowSpawnMenu ExpansionRPCManager<58b69a80>
Class:      'ExpansionRPCManager'
Function: 'Error'
Stack trace:
scripts/1_Core/proto\endebug.c:92
DayZExpansion/Core/Scripts/3_Game/dayzexpansion_core\expansionrpcmanager.c:142
DayZExpansion/Core/Scripts/3_Game/dayzexpansion_core\expansionrpcmanager.c:214
DayZExpansion/Core/Scripts/3_Game/dayzexpansion_core\cf_modulegame.c:46
DayZExpansion/SpawnSelection/Scripts/5_Mission/dayzexpansion_spawnselection\classes\modules\respawnhandler\expansionrespawnhandlermodule.c:59
JM/CF/Scripts/1_Core/communityframework\module\cf_modulecore.c:40
JM/CF/Scripts/1_Core/communityframework\module\cf_modulecoremanager.c:122
JM/CF/Scripts/1_Core/communityframework\module\cf_modulecoremanager.c:82
JM/CF/Scripts/1_Core/communityframework\module\cf_registermodule.c:5
DayZExpansion/SpawnSelection/Scripts/5_Mission/dayzexpansion_spawnselection\classes\modules\respawnhandler\expansionrespawnhandlermodule.c:25

Runtime mode
CLI params: cpuCount 4 mod @DeerIsle;@CF;@CommunityOnlineTools;@DabsFramework;@DayZExpansionLicensed;@DayZExpansionBundle;@42MonthsAfterPvPDevelopment;@gebsfish;@GarbageSearch;@CannabisPlus;@TeddysWeaponPack;@MunghardsItempack;@DayZEditorLoader;@WindstridesClothingPack; config serverDZ.cfg port 2302 noFilePatching  profiles profiles scrAllowFileWrite  adminlog  


------------------------------------
DESKTOP-876KUQ0, 06.01 2024 16:35:47

Hash collision: ExpansionRPCManager<d7c9d8c0> RPC_DeleteObject ExpansionRPCManager<58b61a40>
Class:      'ExpansionRPCManager'
Function: 'Error'
Stack trace:
scripts/1_Core/proto\endebug.c:92
DayZExpansion/Core/Scripts/3_Game/dayzexpansion_core\expansionrpcmanager.c:142
DayZExpansion/Core/Scripts/3_Game/dayzexpansion_core\expansionrpcmanager.c:191
DayZExpansion/Core/Scripts/3_Game/dayzexpansion_core\cf_modulegame.c:41
DayZExpansion/BaseBuilding/Scripts/5_Mission/dayzexpansion_basebuilding\classes\modules\territories\expansioncotterritoriesmodule.c:132
JM/CF/Scripts/1_Core/communityframework\module\cf_modulecore.c:40
JM/CF/Scripts/4_World/communityframework\module\deprecated\jmmodulebase.c:43
JM/CF/Scripts/1_Core/communityframework\module\cf_modulecoremanager.c:122
JM/CF/Scripts/1_Core/communityframework\module\cf_modulecoremanager.c:82
JM/CF/Scripts/4_World/communityframework\module\deprecated\jmmoduleconstructorbase.c:15
JM/CF/Scripts/5_Mission/communityframework\mission\missionbase.c:12
scripts/5_Mission/somemission.c:13

Runtime mode
CLI params: cpuCount 4 mod @DeerIsle;@CF;@CommunityOnlineTools;@DabsFramework;@DayZExpansionLicensed;@DayZExpansionBundle;@42MonthsAfterPvPDevelopment;@gebsfish;@GarbageSearch;@CannabisPlus;@TeddysWeaponPack;@MunghardsItempack;@DayZEditorLoader;@WindstridesClothingPack; config serverDZ.cfg port 2302 noFilePatching  profiles profiles scrAllowFileWrite  adminlog  


------------------------------------
DESKTOP-876KUQ0, 06.01 2024 16:35:47

Hash collision: ExpansionRPCManager<d7c9dc20> RPC_EditGroupName ExpansionRPCManager<58b61da0>
Class:      'ExpansionRPCManager'
Function: 'Error'
Stack trace:
scripts/1_Core/proto\endebug.c:92
DayZExpansion/Core/Scripts/3_Game/dayzexpansion_core\expansionrpcmanager.c:142
DayZExpansion/Core/Scripts/3_Game/dayzexpansion_core\expansionrpcmanager.c:191
DayZExpansion/Core/Scripts/3_Game/dayzexpansion_core\cf_modulegame.c:41
DayZExpansion/Groups/Scripts/5_Mission/dayzexpansion_groups\cot\groups\expansioncotgroupsmodule.c:55
JM/CF/Scripts/1_Core/communityframework\module\cf_modulecore.c:40
JM/CF/Scripts/4_World/communityframework\module\deprecated\jmmodulebase.c:43
JM/CF/Scripts/1_Core/communityframework\module\cf_modulecoremanager.c:122
JM/CF/Scripts/1_Core/communityframework\module\cf_modulecoremanager.c:82
JM/CF/Scripts/4_World/communityframework\module\deprecated\jmmoduleconstructorbase.c:15
JM/CF/Scripts/5_Mission/communityframework\mission\missionbase.c:12
scripts/5_Mission/somemission.c:13

Runtime mode
CLI params: cpuCount 4 mod @DeerIsle;@CF;@CommunityOnlineTools;@DabsFramework;@DayZExpansionLicensed;@DayZExpansionBundle;@42MonthsAfterPvPDevelopment;@gebsfish;@GarbageSearch;@CannabisPlus;@TeddysWeaponPack;@MunghardsItempack;@DayZEditorLoader;@WindstridesClothingPack; config serverDZ.cfg port 2302 noFilePatching  profiles profiles scrAllowFileWrite  adminlog  


------------------------------------
DESKTOP-876KUQ0, 06.01 2024 16:35:47
[ParticleBase::ParticleBase] :: [ERROR] :: Particles are not allowed on server.
Class:      'Fog_MovingWindKMUCUP'
Entity id:0

Function: 'CreateInWorld'
Stack trace:
scripts/3_Game/particles\particle.c:119
scripts/3_Game/particles\particle.c:94
scripts/3_Game/particles\particle.c:154
AM_Fog/scripts/4_World/white\fogwhitecustom.c:47
deerisle/scripts/4_World/deerislebase\deerisle.c:630
deerisle/scripts/4_World/deerislebase\deerisle.c:193
deerisle/scripts/4_World/deerislebase\deerisle.c:9
deerisle/scripts/5_Mission/missionserver.c:20
$CurrentDir:mpmissions\empty.deerisle\init.c:110

Runtime mode
CLI params: cpuCount 4 mod @DeerIsle;@CF;@CommunityOnlineTools;@DabsFramework;@DayZExpansionLicensed;@DayZExpansionBundle;@42MonthsAfterPvPDevelopment;@gebsfish;@GarbageSearch;@CannabisPlus;@TeddysWeaponPack;@MunghardsItempack;@DayZEditorLoader;@WindstridesClothingPack; config serverDZ.cfg port 2302 noFilePatching  profiles profiles scrAllowFileWrite  adminlog  
