---------------------------------------------
Log C:\Users\rylic\OneDrive\Desktop\Expansion-Dev-Server-Deer-Isle\profiles\crash_2024-01-06_16-47-29.log started at 06.01. 16:47:32



------------------------------------
DESKTOP-876KUQ0, 06.01 2024 16:47:32
Can't compile "World" script module!

DayZExpansion/VirtualContainerStorage/Scripts/4_World/dayzexpansion_virtualcontainerstorage\entities\itembase.c(278): Unknown type 'BTR'

Runtime mode
CLI params: cpuCount 4 mod @DeerIsle;@CF;@CommunityOnlineTools;@DabsFramework;@DayZExpansionLicensed;@DayZExpansionBundle;@gebsfish;@GarbageSearch;@CannabisPlus;@TeddysWeaponPack;@MunghardsItempack;@DayZEditorLoader;@WindstridesClothingPack;@CollectableItems; config serverDZ.cfg port 2302 noFilePatching  profiles profiles scrAllowFileWrite  adminlog  


------------------------------------
DESKTOP-876KUQ0, 06.01 2024 16:47:45
Can't compile "World" script module!

DayZExpansion/VirtualContainerStorage/Scripts/4_World/dayzexpansion_virtualcontainerstorage\entities\itembase.c(278): Unknown type 'BTR'

Runtime mode
CLI params: cpuCount 4 mod @DeerIsle;@CF;@CommunityOnlineTools;@DabsFramework;@DayZExpansionLicensed;@DayZExpansionBundle;@gebsfish;@GarbageSearch;@CannabisPlus;@TeddysWeaponPack;@MunghardsItempack;@DayZEditorLoader;@WindstridesClothingPack;@CollectableItems; config serverDZ.cfg port 2302 noFilePatching  profiles profiles scrAllowFileWrite  adminlog  


------------------------------------
DESKTOP-876KUQ0, 06.01 2024 16:48:03
Can't compile "World" script module!

DayZExpansion/VirtualContainerStorage/Scripts/4_World/dayzexpansion_virtualcontainerstorage\entities\itembase.c(278): Unknown type 'BTR'

Runtime mode
CLI params: cpuCount 4 mod @DeerIsle;@CF;@CommunityOnlineTools;@DabsFramework;@DayZExpansionLicensed;@DayZExpansionBundle;@gebsfish;@GarbageSearch;@CannabisPlus;@TeddysWeaponPack;@MunghardsItempack;@DayZEditorLoader;@WindstridesClothingPack;@CollectableItems; config serverDZ.cfg port 2302 noFilePatching  profiles profiles scrAllowFileWrite  adminlog  
