---------------------------------------------
Log C:\Users\rylic\OneDrive\Desktop\Expansion-Dev-Server-Deer-Isle\profiles\crash_2024-01-06_16-38-36.log started at 06.01. 16:38:39



------------------------------------
DESKTOP-876KUQ0, 06.01 2024 16:38:39
Can't compile "World" script module!

DayZExpansion/VirtualContainerStorage/Scripts/4_World/dayzexpansion_virtualcontainerstorage\entities\itembase.c(278): Unknown type 'BTR'

Runtime mode
CLI params: cpuCount 4 mod @DeerIsle;@CF;@CommunityOnlineTools;@DabsFramework;@DayZExpansionLicensed;@DayZExpansionBundle;@gebsfish;@GarbageSearch;@CannabisPlus;@TeddysWeaponPack;@MunghardsItempack;@DayZEditorLoader;@WindstridesClothingPack; config serverDZ.cfg port 2302 noFilePatching  profiles profiles scrAllowFileWrite  adminlog  


------------------------------------
DESKTOP-876KUQ0, 06.01 2024 16:38:48
Can't compile "World" script module!

DayZExpansion/VirtualContainerStorage/Scripts/4_World/dayzexpansion_virtualcontainerstorage\entities\itembase.c(278): Unknown type 'BTR'

Runtime mode
CLI params: cpuCount 4 mod @DeerIsle;@CF;@CommunityOnlineTools;@DabsFramework;@DayZExpansionLicensed;@DayZExpansionBundle;@gebsfish;@GarbageSearch;@CannabisPlus;@TeddysWeaponPack;@MunghardsItempack;@DayZEditorLoader;@WindstridesClothingPack; config serverDZ.cfg port 2302 noFilePatching  profiles profiles scrAllowFileWrite  adminlog  


------------------------------------
DESKTOP-876KUQ0, 06.01 2024 16:39:05
Can't compile "World" script module!

DayZExpansion/VirtualContainerStorage/Scripts/4_World/dayzexpansion_virtualcontainerstorage\entities\itembase.c(278): Unknown type 'BTR'

Runtime mode
CLI params: cpuCount 4 mod @DeerIsle;@CF;@CommunityOnlineTools;@DabsFramework;@DayZExpansionLicensed;@DayZExpansionBundle;@gebsfish;@GarbageSearch;@CannabisPlus;@TeddysWeaponPack;@MunghardsItempack;@DayZEditorLoader;@WindstridesClothingPack; config serverDZ.cfg port 2302 noFilePatching  profiles profiles scrAllowFileWrite  adminlog  
