=====================================================================
== C:\Users\rylic\OneDrive\Desktop\Expansion-Dev-Server-Deer-Isle\DayZServer_x64.exe
== DayZServer_x64.exe -cpuCount=4 -mod=@DeerIsle;@CF;@CommunityOnlineTools;@DabsFramework;@DayZExpansionLicensed;@DayZExpansionBundle;@42MonthsAfterPvPDevelopment;@gebsfish;@GarbageSearch;@CollectableItems;@CannabisPlus;@TeddysWeaponPack;@MunghardsItempack;@DayZEditorLoader;@WindstridesClothingPack; -config=serverDZ.cfg -port=2302 -noFilePatching -profiles=profiles -scrAllowFileWrite -adminlog
=====================================================================
Exe timestamp: 2024/01/01 17:40:38
Current time:  2024/01/06 14:29:07
Version 1.23.157045
=====================================================================

14:29:07.99 [Inputs] Loading inputs default "bin/constants.xml"
14:29:07.102 [Inputs] Loading inputs default "bin/specific.xml"
14:29:07.103 !!! [Inputs] Cannot load inputs default "", file does not exist
14:29:07.103 !!! [Inputs] Failed to load MODDED inputs - file name/ path invalid?
14:29:07.103 [Inputs] Loading inputs default "JM/COT/Scripts/Data/Inputs.xml"
14:29:07.104 [Inputs] Loading inputs default "LIVEN/PvZmoD_CustomisableZombies/inputs.xml"
14:29:07.104 [Inputs] Loading inputs default "PVEZ/data/inputs.xml"
14:29:07.104 [Inputs] Loading inputs default "WindstrideClothing/Inputs.xml"
14:29:07.105 [Inputs] Loading inputs default "deerisle/scripts/Inputs.xml"
14:29:07.105 [Inputs] Loading inputs default "DayZExpansion/Groups/Scripts/Data/Inputs.xml"
14:29:07.105 [Inputs] Loading inputs default "DayZExpansion/Navigation/Scripts/Data/Inputs.xml"
14:29:07.106 !!! [Inputs] Attempt to register duplicate exclusion group "chatexpansion"
14:29:07.106 [Inputs] Loading inputs default "DayZExpansion/PlayerList/Scripts/Data/Inputs.xml"
14:29:07.106 !!! [Inputs] Attempt to register duplicate exclusion group "chatexpansion"
14:29:07.106 [Inputs] Loading inputs default "DayZExpansion/Scripts/Data/Inputs.xml"
14:29:07.106 !!! [Inputs] Attempt to register duplicate exclusion group "chatexpansion"
14:29:07.106 [Inputs] Loading inputs default "DayZExpansion/Vehicles/Scripts/Data/Inputs.xml"
14:29:07.107 [Inputs] Loading inputs default "AdmiralsDivingMod/Scripts/Data/modded_Inputs.xml"
14:29:07.107 [Inputs] Loading inputs default "DayZExpansion/AI/Scripts/inputs.xml"
14:29:07.107 [Inputs] Loading inputs default "DayZExpansion/BaseBuilding/Scripts/Data/Inputs.xml"
14:29:07.107 !!! [Inputs] Attempt to register duplicate exclusion group "chatexpansion"
14:29:07.108 [Inputs] Loading inputs default "DayZExpansion/Book/Scripts/Data/Inputs.xml"
14:29:07.108 !!! [Inputs] Attempt to register duplicate exclusion group "chatexpansion"
14:29:07.108 [Inputs] Loading inputs default "DayZExpansion/Chat/Scripts/Data/Inputs.xml"
14:29:07.108 !!! [Inputs] Attempt to register duplicate exclusion group "chatexpansion"
14:29:07.108 [Inputs] Loading inputs default "DayZExpansion/Quests/Scripts/Data/Inputs.xml"
14:29:07.108 [Inputs] Loading inputs cfg "profiles\Users\Survivor\Server.core.xml"
14:29:07.108 !!! [Inputs] Cannot read inputs cfg "profiles\Users\Survivor\Server.core.xml", parser error
14:29:07.108 [Inputs] Loading inputs cfg "bin/core.xml"
14:29:07.109 !!! [Inputs] Cannot load input preset "#STR_USER", file does not exist
14:29:07.110 [Inputs] Exporting inputs cfg "profiles\Users\Survivor\Server.core.xml"
14:29:37.657 [CE][Hive] :: Initializing OFFLINE
14:29:37.657 [StorageDirs] :: Selected storage directory: C:\Users\rylic\OneDrive\Desktop\Expansion-Dev-Server-Deer-Isle\mpmissions\empty.deerisle\storage_1\
14:29:37.658 [CE][Hive] :: Loading core data ... 
14:29:37.658 [CE][CoreData] :: 7 root classes, 19 defaults, 0 updaters...
14:29:43.553 [CE] :: WARNING :: Preset map "optics" is EMPTY.
14:29:43.555 [CE][TypeSetup] :: 472 classes setuped...
14:29:43.557 [CE] :: WARNING :: Preset map "optics" is EMPTY.
14:29:43.558 [CE][TypeSetup] :: 97 classes setuped...
14:29:45.270 [CE][RegisterBind] :: 0 classes binded...
14:29:45.270 [CE][RegisterConfig] :: 16043 config classes registered, 0 sub-counters...
14:29:45.270 [CE][Hive] :: Loading map data ... 
14:29:45.272 [CE][IgnoreList] "cfgignorelist.xml" :: loaded 19 types
14:29:45.307 !!! [CE] :: Unknown category: 'vehicleparts'.
14:29:45.308 !!! [CE] :: Unknown category: 'vehicleparts'.
14:29:45.308 !!! [CE] :: Unknown category: 'vehicleparts'.
14:29:45.308 !!! [CE] :: Unknown category: 'vehicleparts'.
14:29:45.308 !!! [CE] :: Unknown category: 'vehicleparts'.
14:29:45.308 !!! [CE] :: Unknown category: 'vehicleparts'.
14:29:45.308 !!! [CE] :: Unknown category: 'vehicleparts'.
14:29:45.308 !!! [CE] :: Unknown category: 'vehicleparts'.
14:29:45.308 !!! [CE] :: Unknown category: 'vehicleparts'.
14:29:45.308 !!! [CE] :: Unknown category: 'vehicleparts'.
14:29:45.308 !!! [CE] :: Unknown category: 'vehicleparts'.
14:29:45.308 !!! [CE] :: Unknown category: 'vehicleparts'.
14:29:45.308 !!! [CE] :: Unknown category: 'vehicleparts'.
14:29:45.308 !!! [CE] :: Unknown category: 'vehicleparts'.
14:29:45.308 !!! [CE] :: Unknown category: 'vehicleparts'.
14:29:45.308 !!! [CE] :: Unknown category: 'vehicleparts'.
14:29:45.308 !!! [CE] :: Unknown category: 'vehicleparts'.
14:29:45.308 !!! [CE] :: Unknown category: 'vehicleparts'.
14:29:45.308 !!! [CE] :: Unknown category: 'vehicleparts'.
14:29:45.308 !!! [CE] :: Unknown category: 'vehicleparts'.
14:29:45.308 !!! [CE] :: Unknown category: 'vehicleparts'.
14:29:45.308 !!! [CE] :: Unknown category: 'vehicleparts'.
14:29:45.308 !!! [CE] :: Unknown category: 'vehicleparts'.
14:29:45.308 !!! [CE] :: Unknown category: 'vehicleparts'.
14:29:45.308 !!! [CE] :: Unknown category: 'vehicleparts'.
14:29:45.308 !!! [CE] :: Unknown category: 'vehicleparts'.
14:29:45.308 !!! [CE] :: Unknown category: 'vehicleparts'.
14:29:45.308 !!! [CE] :: Unknown category: 'vehicleparts'.
14:29:45.308 !!! [CE] :: Unknown usage: 'Fortknox'.
14:29:45.308 !!! [CE] :: Unknown usage: 'Mine'.
14:29:45.308 !!! [CE] :: Unknown usage: 'Mine'.
14:29:45.308 !!! [CE] :: Unknown usage: 'Temple'.
14:29:45.309 [CE][LoadPrototype] :: loaded 550 prototypes
14:29:45.309   989 containers, 11581 points
14:29:45.309   79 dispatches, 316 proxies
14:29:45.309 !!! [CE][LoadPrototype] 4 groups have no points...
14:29:45.309 !!! [CE][LoadPrototype] 2 groups have wrong points...
14:29:45.309 !!! [CE][LoadPrototype] 2 groups were defined more than once and skipped...
14:29:45.309 [CE][LoadPrototype] :: last group name: Land_Underground_Storage_Workshop...
14:29:45.314 [CE][LoadPrototype] :: loaded 0 prototypes
14:29:45.314   55 containers, 232 points
14:29:45.314   0 dispatches, 0 proxies
14:29:45.314 [CE][LoadPrototype] :: last group name: Rail9...
14:29:46.284 [CE][LoadMap] "Group" :: loaded 10479 groups, groups failed: 0, largest group range: 34.1
14:29:46.287 [CE][LoadMap] "Dirt" :: loaded 0 groups, groups failed: 0, largest group range: 34.1
14:29:46.479 [CE][Links] found 2684 total links between groups, of 10479
14:29:46.479 [CE][LoadClusters] "Cluster" :: Loading files...
14:29:46.602 [CE][LoadClusters] :: file: "mapgroupcluster.xml", 9 types, 50000 instances
14:29:46.733 [CE][LoadClusters] :: file: "mapgroupcluster01", 9 types, 50000 instances
14:29:46.863 [CE][LoadClusters] :: file: "mapgroupcluster02", 9 types, 50000 instances
14:29:46.863   9790 failed - check prototype defaults 'clusterMatrix' setups !!!
14:29:47.00 [CE][LoadClusters] :: file: "mapgroupcluster03", 9 types, 50000 instances
14:29:47.00   6758 failed - check prototype defaults 'clusterMatrix' setups !!!
14:29:47.71 [CE][LoadClusters] :: file: "mapgroupcluster04", 9 types, 24035 instances
14:29:47.71   2081 failed - check prototype defaults 'clusterMatrix' setups !!!
14:29:47.75 [CE][Storage] ver:21 stamp:440, valid:yes, name:"C:\Users\rylic\OneDrive\Desktop\Expansion-Dev-Server-Deer-Isle\mpmissions\empty.deerisle\storage_1\data\types.bin"
14:29:47.76 [CE][Storage] ver:21 stamp:437, valid:yes, name:"C:\Users\rylic\OneDrive\Desktop\Expansion-Dev-Server-Deer-Isle\mpmissions\empty.deerisle\storage_1\data\types.001"
14:29:47.76 [CE][Storage] ver:21 stamp:438, valid:yes, name:"C:\Users\rylic\OneDrive\Desktop\Expansion-Dev-Server-Deer-Isle\mpmissions\empty.deerisle\storage_1\data\types.002"
14:29:47.76 [CE][Storage] Restoring file "C:\Users\rylic\OneDrive\Desktop\Expansion-Dev-Server-Deer-Isle\mpmissions\empty.deerisle\storage_1\data\types.bin".
14:29:47.302 !!! [CE][offlineDB] :: No Shutdown message present.
14:29:47.304 [CE][offlineDB] :: Loaded 52 dynamic events 261 total types.
14:29:47.305 !!! [CE][DE] (VehicleTruck01) :: Unable to create child (Truck_01_Covered_Grey) as the type does not exist.
14:29:47.305 [CE][offlineDB] :: Loaded 62 dynamic events 318 total types.
14:29:47.321 !!! [CE][offlineDB] :: Type 'Bandage' will be ignored. (Type does not exist. (Typo?))
14:29:47.321 !!! [CE][offlineDB] :: Type 'BandanaMask_BlackPattern' will be ignored. (Type does not exist. (Typo?))
14:29:47.321 !!! [CE][offlineDB] :: Type 'BandanaMask_CamoPattern' will be ignored. (Type does not exist. (Typo?))
14:29:47.321 !!! [CE][offlineDB] :: Type 'BandanaMask_GreenPattern' will be ignored. (Type does not exist. (Typo?))
14:29:47.321 !!! [CE][offlineDB] :: Type 'BandanaMask_PolkaPattern' will be ignored. (Type does not exist. (Typo?))
14:29:47.321 !!! [CE][offlineDB] :: Type 'BandanaMask_RedPattern' will be ignored. (Type does not exist. (Typo?))
14:29:47.321 !!! [CE][offlineDB] :: Type 'BomberJacket_Black' will be ignored. (Type does not exist. (Typo?))
14:29:47.321 !!! [CE][offlineDB] :: Type 'BomberJacket_Blue' will be ignored. (Type does not exist. (Typo?))
14:29:47.321 !!! [CE][offlineDB] :: Type 'BomberJacket_Brown' will be ignored. (Type does not exist. (Typo?))
14:29:47.321 !!! [CE][offlineDB] :: Type 'BomberJacket_Grey' will be ignored. (Type does not exist. (Typo?))
14:29:47.321 !!! [CE][offlineDB] :: Type 'BomberJacket_Maroon' will be ignored. (Type does not exist. (Typo?))
14:29:47.321 !!! [CE][offlineDB] :: Type 'BomberJacket_Olive' will be ignored. (Type does not exist. (Typo?))
14:29:47.321 !!! [CE][offlineDB] :: Type 'BomberJacket_SkyBlue' will be ignored. (Type does not exist. (Typo?))
14:29:47.321 !!! [CE][offlineDB] :: Type 'ChristmasTree_Green' will be ignored. (Not spawnable. (Scope is not public?))
14:29:47.321 !!! [CE][offlineDB] :: Type 'ChristmasTree' will be ignored. (Not spawnable. (Scope is not public?))
14:29:47.321 !!! [CE][offlineDB] :: Type 'DallasMask' will be ignored. (Type does not exist. (Typo?))
14:29:47.322 !!! [CE][offlineDB] :: Type 'GasMask' will be ignored. (Type does not exist. (Typo?))
14:29:47.322 !!! [CE][offlineDB] :: Type 'GorkaPants_Autumn' will be ignored. (Type does not exist. (Typo?))
14:29:47.322 !!! [CE][offlineDB] :: Type 'GorkaPants_Flat' will be ignored. (Type does not exist. (Typo?))
14:29:47.322 !!! [CE][offlineDB] :: Type 'GorkaPants_PautRev' will be ignored. (Type does not exist. (Typo?))
14:29:47.322 !!! [CE][offlineDB] :: Type 'GorkaPants_Summer' will be ignored. (Type does not exist. (Typo?))
14:29:47.322 !!! [CE][offlineDB] :: Type 'HoxtonMask' will be ignored. (Type does not exist. (Typo?))
14:29:47.322 !!! [CE][offlineDB] :: Type 'Jeans_Black' will be ignored. (Type does not exist. (Typo?))
14:29:47.322 !!! [CE][offlineDB] :: Type 'Jeans_Blue' will be ignored. (Type does not exist. (Typo?))
14:29:47.322 !!! [CE][offlineDB] :: Type 'Jeans_BlueDark' will be ignored. (Type does not exist. (Typo?))
14:29:47.322 !!! [CE][offlineDB] :: Type 'Jeans_Brown' will be ignored. (Type does not exist. (Typo?))
14:29:47.322 !!! [CE][offlineDB] :: Type 'Jeans_Green' will be ignored. (Type does not exist. (Typo?))
14:29:47.322 !!! [CE][offlineDB] :: Type 'Jeans_Grey' will be ignored. (Type does not exist. (Typo?))
14:29:47.322 !!! [CE][offlineDB] :: Type 'ManSuit_Beige' will be ignored. (Type does not exist. (Typo?))
14:29:47.322 !!! [CE][offlineDB] :: Type 'ManSuit_Black' will be ignored. (Type does not exist. (Typo?))
14:29:47.322 !!! [CE][offlineDB] :: Type 'ManSuit_Blue' will be ignored. (Type does not exist. (Typo?))
14:29:47.322 !!! [CE][offlineDB] :: Type 'ManSuit_Brown' will be ignored. (Type does not exist. (Typo?))
14:29:47.322 !!! [CE][offlineDB] :: Type 'ManSuit_DarkGrey' will be ignored. (Type does not exist. (Typo?))
14:29:47.322 !!! [CE][offlineDB] :: Type 'ManSuit_Khaki' will be ignored. (Type does not exist. (Typo?))
14:29:47.322 !!! [CE][offlineDB] :: Type 'ManSuit_LightGrey' will be ignored. (Type does not exist. (Typo?))
14:29:47.322 !!! [CE][offlineDB] :: Type 'ManSuit_White' will be ignored. (Type does not exist. (Typo?))
14:29:47.322 !!! [CE][offlineDB] :: Type 'MedicalScrubsPants_Blue' will be ignored. (Type does not exist. (Typo?))
14:29:47.322 !!! [CE][offlineDB] :: Type 'MedicalScrubsPants_Green' will be ignored. (Type does not exist. (Typo?))
14:29:47.322 !!! [CE][offlineDB] :: Type 'MedicalScrubsPants_White' will be ignored. (Type does not exist. (Typo?))
14:29:47.322 !!! [CE][offlineDB] :: Type 'MedicalScrubsShirt_Blue' will be ignored. (Type does not exist. (Typo?))
14:29:47.322 !!! [CE][offlineDB] :: Type 'MedicalScrubsShirt_Green' will be ignored. (Type does not exist. (Typo?))
14:29:47.322 !!! [CE][offlineDB] :: Type 'MedicalScrubsShirt_White' will be ignored. (Type does not exist. (Typo?))
14:29:47.322 !!! [CE][offlineDB] :: Type 'MountainBag_Red' will be ignored. (Type does not exist. (Typo?))
14:29:47.323 !!! [CE][offlineDB] :: Type 'Raincoat_Black' will be ignored. (Type does not exist. (Typo?))
14:29:47.323 !!! [CE][offlineDB] :: Type 'Raincoat_Blue' will be ignored. (Type does not exist. (Typo?))
14:29:47.323 !!! [CE][offlineDB] :: Type 'Raincoat_Green' will be ignored. (Type does not exist. (Typo?))
14:29:47.323 !!! [CE][offlineDB] :: Type 'Raincoat_Orange' will be ignored. (Type does not exist. (Typo?))
14:29:47.323 !!! [CE][offlineDB] :: Type 'Raincoat_Pink' will be ignored. (Type does not exist. (Typo?))
14:29:47.323 !!! [CE][offlineDB] :: Type 'Raincoat_Red' will be ignored. (Type does not exist. (Typo?))
14:29:47.323 !!! [CE][offlineDB] :: Type 'Raincoat_Yellow' will be ignored. (Type does not exist. (Typo?))
14:29:47.323 !!! [CE][offlineDB] :: Type 'SantasSleigh' will be ignored. (Type does not exist. (Typo?))
14:29:47.323 !!! [CE][offlineDB] :: Type 'SharpLongWoodenStick' will be ignored. (Type does not exist. (Typo?))
14:29:47.323 !!! [CE][offlineDB] :: Type 'Shirt_BlueCheck' will be ignored. (Type does not exist. (Typo?))
14:29:47.323 !!! [CE][offlineDB] :: Type 'Shirt_BlueCheckBright' will be ignored. (Type does not exist. (Typo?))
14:29:47.323 !!! [CE][offlineDB] :: Type 'Shirt_GreenCheck' will be ignored. (Type does not exist. (Typo?))
14:29:47.323 !!! [CE][offlineDB] :: Type 'Shirt_PlaneBlack' will be ignored. (Type does not exist. (Typo?))
14:29:47.323 !!! [CE][offlineDB] :: Type 'Shirt_RedCheck' will be ignored. (Type does not exist. (Typo?))
14:29:47.323 !!! [CE][offlineDB] :: Type 'Shirt_WhiteCheck' will be ignored. (Type does not exist. (Typo?))
14:29:47.323 !!! [CE][offlineDB] :: Type 'SlacksPants_Beige' will be ignored. (Type does not exist. (Typo?))
14:29:47.323 !!! [CE][offlineDB] :: Type 'SlacksPants_Black' will be ignored. (Type does not exist. (Typo?))
14:29:47.323 !!! [CE][offlineDB] :: Type 'SlacksPants_Blue' will be ignored. (Type does not exist. (Typo?))
14:29:47.323 !!! [CE][offlineDB] :: Type 'SlacksPants_Brown' will be ignored. (Type does not exist. (Typo?))
14:29:47.323 !!! [CE][offlineDB] :: Type 'SlacksPants_DarkGrey' will be ignored. (Type does not exist. (Typo?))
14:29:47.323 !!! [CE][offlineDB] :: Type 'SlacksPants_Khaki' will be ignored. (Type does not exist. (Typo?))
14:29:47.323 !!! [CE][offlineDB] :: Type 'SlacksPants_LightGrey' will be ignored. (Type does not exist. (Typo?))
14:29:47.323 !!! [CE][offlineDB] :: Type 'SlacksPants_White' will be ignored. (Type does not exist. (Typo?))
14:29:47.323 !!! [CE][offlineDB] :: Type 'Spear' will be ignored. (Not spawnable. (Scope is not public?))
14:29:47.323 !!! [CE][offlineDB] :: Type 'TShirt_Beige' will be ignored. (Type does not exist. (Typo?))
14:29:47.323 !!! [CE][offlineDB] :: Type 'TShirt_Black' will be ignored. (Type does not exist. (Typo?))
14:29:47.323 !!! [CE][offlineDB] :: Type 'TShirt_Blue' will be ignored. (Type does not exist. (Typo?))
14:29:47.323 !!! [CE][offlineDB] :: Type 'TShirt_Green' will be ignored. (Type does not exist. (Typo?))
14:29:47.323 !!! [CE][offlineDB] :: Type 'TShirt_Grey' will be ignored. (Type does not exist. (Typo?))
14:29:47.323 !!! [CE][offlineDB] :: Type 'TShirt_OrangeWhiteStripes' will be ignored. (Type does not exist. (Typo?))
14:29:47.323 !!! [CE][offlineDB] :: Type 'TShirt_Red' will be ignored. (Type does not exist. (Typo?))
14:29:47.323 !!! [CE][offlineDB] :: Type 'TShirt_RedBlackStripes' will be ignored. (Type does not exist. (Typo?))
14:29:47.323 !!! [CE][offlineDB] :: Type 'TShirt_White' will be ignored. (Type does not exist. (Typo?))
14:29:47.323 !!! [CE][offlineDB] :: Type 'TransitBus' will be ignored. (Type does not exist. (Typo?))
14:29:47.323 !!! [CE][offlineDB] :: Type 'WitchHood_Chainmail_Black' will be ignored. (Type does not exist. (Typo?))
14:29:47.323 !!! [CE][offlineDB] :: Type 'WitchHood_Chainmail_Brown' will be ignored. (Type does not exist. (Typo?))
14:29:47.323 !!! [CE][offlineDB] :: Type 'WitchHood_Chainmail_Red' will be ignored. (Type does not exist. (Typo?))
14:29:47.323 !!! [CE][offlineDB] :: Type 'WolfMask' will be ignored. (Type does not exist. (Typo?))
14:29:47.324 !!! [CE][offlineDB] :: Type 'ttcelticaxe' will be ignored. (Type does not exist. (Typo?))
14:29:47.324 !!! [CE][offlineDB] :: Type 'tantosword' will be ignored. (Type does not exist. (Typo?))
14:29:47.324 !!! [CE][offlineDB] :: Type 'STAG_Flag_Gespiegelt' will be ignored. (Type does not exist. (Typo?))
14:29:47.324 !!! [CE][offlineDB] :: Type 'STAG_Clothing_MountainBag' will be ignored. (Type does not exist. (Typo?))
14:29:47.329 !!! [CE][offlineDB] :: Type 'Expansion_M79' will be ignored. (Not spawnable. (Scope is not public?))
14:29:47.329 !!! [CE][offlineDB] :: Type 'ExpansionFlaregun' will be ignored. (Not spawnable. (Scope is not public?))
14:29:47.329 !!! [CE][offlineDB] :: Type 'Expansion_Longhorn' will be ignored. (Not spawnable. (Scope is not public?))
14:29:47.336 !!! [CE][offlineDB] :: Type 'DOC_Bocchi' will be ignored. (Type does not exist. (Typo?))
14:29:47.336 !!! [CE][offlineDB] :: Type 'DOC_Metallia' will be ignored. (Type does not exist. (Typo?))
14:29:47.336 !!! [CE][offlineDB] :: Type 'DOC_Pedro' will be ignored. (Type does not exist. (Typo?))
14:29:47.337 !!! [CE][offlineDB] :: Type 'DOC_Violet' will be ignored. (Type does not exist. (Typo?))
14:29:47.337 !!! [CE][offlineDB] :: Type 'DOC_42Finger' will be ignored. (Type does not exist. (Typo?))
14:29:47.337 !!! [CE][offlineDB] :: Type 'DOC_Squidward' will be ignored. (Type does not exist. (Typo?))
14:29:47.337 !!! [CE][offlineDB] :: Type 'Armband_DOC_Bocchi' will be ignored. (Type does not exist. (Typo?))
14:29:47.337 !!! [CE][offlineDB] :: Type 'Armband_DOC_Metallia' will be ignored. (Type does not exist. (Typo?))
14:29:47.337 !!! [CE][offlineDB] :: Type 'Armband_DOC_Pedro' will be ignored. (Type does not exist. (Typo?))
14:29:47.337 !!! [CE][offlineDB] :: Type 'Armband_DOC_42FINGERS' will be ignored. (Type does not exist. (Typo?))
14:29:47.337 !!! [CE][offlineDB] :: Type 'Armband_DOC_Violet' will be ignored. (Type does not exist. (Typo?))
14:29:47.337 !!! [CE][offlineDB] :: Type 'Armband_DOC_Squidward' will be ignored. (Type does not exist. (Typo?))
14:29:47.337 !!! [CE][offlineDB] :: Type 'DOC_Jacket_Red42' will be ignored. (Type does not exist. (Typo?))
14:29:47.337 !!! [CE][offlineDB] :: Type 'DOC_Raincoat_Red42' will be ignored. (Type does not exist. (Typo?))
14:29:47.337 !!! [CE][offlineDB] :: Type 'DOC_Jeans_Red42' will be ignored. (Type does not exist. (Typo?))
14:29:47.337 !!! [CE][offlineDB] :: Type 'DOC_ADMIN_BLUE_TOP' will be ignored. (Type does not exist. (Typo?))
14:29:47.337 !!! [CE][offlineDB] :: Type 'DOC_ADMIN_BLUE_BOTTOM' will be ignored. (Type does not exist. (Typo?))
14:29:47.337 !!! [CE][offlineDB] :: Type 'DOC_ADMIN_DOC_TOP' will be ignored. (Type does not exist. (Typo?))
14:29:47.337 !!! [CE][offlineDB] :: Type 'DOC_ADMIDOC_GHILLIE_REDGREY' will be ignored. (Type does not exist. (Typo?))
14:29:47.337 !!! [CE][offlineDB] :: Type 'DOC_GHILLIETOP_REDGREY' will be ignored. (Type does not exist. (Typo?))
14:29:47.337 !!! [CE][offlineDB] :: Type 'DOC_GHILLIE_GUNWRAP_REDGREY' will be ignored. (Type does not exist. (Typo?))
14:29:47.337 !!! [CE][offlineDB] :: Type 'DOC_GHILLIE_BLUEBLACK' will be ignored. (Type does not exist. (Typo?))
14:29:47.337 !!! [CE][offlineDB] :: Type 'DOC_GHILLIE_GUNWRAP_BLUEBLAC' will be ignored. (Type does not exist. (Typo?))
14:29:47.337 !!! [CE][offlineDB] :: Type 'DOC_GHILLIETOP_BLUEBLACK' will be ignored. (Type does not exist. (Typo?))
14:29:47.337 !!! [CE][offlineDB] :: Type 'Airsoft_M4A1' will be ignored. (Type does not exist. (Typo?))
14:29:47.337 !!! [CE][offlineDB] :: Type 'Airsoft_AK' will be ignored. (Type does not exist. (Typo?))
14:29:47.337 !!! [CE][offlineDB] :: Type 'Airsoft_Sniper' will be ignored. (Type does not exist. (Typo?))
14:29:47.337 !!! [CE][offlineDB] :: Type 'Mag_Airsoft_M4' will be ignored. (Type does not exist. (Typo?))
14:29:47.338 !!! [CE][offlineDB] :: Type 'Mag_Airsoft_AK' will be ignored. (Type does not exist. (Typo?))
14:29:47.338 !!! [CE][offlineDB] :: Type 'Ammo_Airsoft762' will be ignored. (Type does not exist. (Typo?))
14:29:47.338 !!! [CE][offlineDB] :: Type 'Ammo_Airsoft556' will be ignored. (Type does not exist. (Typo?))
14:29:47.338 !!! [CE][offlineDB] :: Type 'Ammo_Airsoft308' will be ignored. (Type does not exist. (Typo?))
14:29:47.338 !!! [CE][offlineDB] :: Type 'Prefab_Cabin' will be ignored. (Type does not exist. (Typo?))
14:29:47.338 !!! [CE][offlineDB] :: Type 'Cabin_Kit' will be ignored. (Type does not exist. (Typo?))
14:29:47.338 !!! [CE][offlineDB] :: Type 'Sk_Cabinet' will be ignored. (Type does not exist. (Typo?))
14:29:47.338 !!! [CE][offlineDB] :: Type 'Cabin_Water_Pump' will be ignored. (Type does not exist. (Typo?))
14:29:47.338 !!! [CE][offlineDB] :: Type 'Radioactive_bear_Meat' will be ignored. (Type does not exist. (Typo?))
14:29:47.338 !!! [CE][offlineDB] :: Type 'Radioactive_wolf_Meat' will be ignored. (Type does not exist. (Typo?))
14:29:47.338 !!! [CE][offlineDB] :: Type 'DXMediumTent_1' will be ignored. (Type does not exist. (Typo?))
14:29:47.338 !!! [CE][offlineDB] :: Type 'DXMediumTent_2' will be ignored. (Type does not exist. (Typo?))
14:29:47.338 !!! [CE][offlineDB] :: Type 'DXMediumTent_3' will be ignored. (Type does not exist. (Typo?))
14:29:47.338 !!! [CE][offlineDB] :: Type 'DXMediumTent_4' will be ignored. (Type does not exist. (Typo?))
14:29:47.338 !!! [CE][offlineDB] :: Type 'DXMediumTent_5' will be ignored. (Type does not exist. (Typo?))
14:29:47.338 !!! [CE][offlineDB] :: Type 'DXMediumTent_6' will be ignored. (Type does not exist. (Typo?))
14:29:47.339 !!! [CE][offlineDB] :: Type 'DXMediumTent_7' will be ignored. (Type does not exist. (Typo?))
14:29:47.339 !!! [CE][offlineDB] :: Type 'DXMediumTent_8' will be ignored. (Type does not exist. (Typo?))
14:29:47.339 !!! [CE][offlineDB] :: Type 'DXMediumTent_9' will be ignored. (Type does not exist. (Typo?))
14:29:47.339 !!! [CE][offlineDB] :: Type 'DXMediumTent_10' will be ignored. (Type does not exist. (Typo?))
14:29:47.339 !!! [CE][offlineDB] :: Type 'DXMediumTent_11' will be ignored. (Type does not exist. (Typo?))
14:29:47.339 !!! [CE][offlineDB] :: Type 'SWAT_Pants' will be ignored. (Type does not exist. (Typo?))
14:29:47.339 !!! [CE][offlineDB] :: Type 'SWAT_Balaclava' will be ignored. (Type does not exist. (Typo?))
14:29:47.339 !!! [CE][offlineDB] :: Type 'SWAT_Gloves' will be ignored. (Type does not exist. (Typo?))
14:29:47.339 !!! [CE][offlineDB] :: Type 'SWAT_Goggles' will be ignored. (Type does not exist. (Typo?))
14:29:47.339 !!! [CE][offlineDB] :: Type 'SWAT_Shirt' will be ignored. (Type does not exist. (Typo?))
14:29:47.339 !!! [CE][offlineDB] :: Type 'SWAT_Vest' will be ignored. (Type does not exist. (Typo?))
14:29:47.339 !!! [CE][offlineDB] :: Type 'SWAT_Helmet' will be ignored. (Type does not exist. (Typo?))
14:29:47.339 !!! [CE][offlineDB] :: Type 'RFSolarPanel' will be ignored. (Type does not exist. (Typo?))
14:29:47.339 !!! [CE][offlineDB] :: Type 'RFSolarPanelKit' will be ignored. (Type does not exist. (Typo?))
14:29:47.339 !!! [CE][offlineDB] :: Type 'MVS_Combat_Vest_Black_Camo_Bunker' will be ignored. (Type does not exist. (Typo?))
14:29:47.339 !!! [CE][offlineDB] :: Type 'MVS_Combat_Vest_Black_Camo2_Bunker' will be ignored. (Type does not exist. (Typo?))
14:29:47.339 !!! [CE][offlineDB] :: Type 'MVS_Combat_Vest_Camo_Orange_Bunker' will be ignored. (Type does not exist. (Typo?))
14:29:47.339 !!! [CE][offlineDB] :: Type 'MVS_Combat_Vest_Camo_Tigr_Bunker' will be ignored. (Type does not exist. (Typo?))
14:29:47.339 !!! [CE][offlineDB] :: Type 'MVS_Combat_Vest_ELRD_Camo' will be ignored. (Type does not exist. (Typo?))
14:29:47.340 !!! [CE][offlineDB] :: Type 'MVS_Combat_Vest_Green_Camo_Bunker' will be ignored. (Type does not exist. (Typo?))
14:29:47.340 !!! [CE][offlineDB] :: Type 'MVS_Magazine_Pouch_Black_Camo_Bunker' will be ignored. (Type does not exist. (Typo?))
14:29:47.340 !!! [CE][offlineDB] :: Type 'MVS_Magazine_Pouch_Black_Camo2_Bunker' will be ignored. (Type does not exist. (Typo?))
14:29:47.340 !!! [CE][offlineDB] :: Type 'MVS_Magazine_Pouch_Camo_Orange_Bunker' will be ignored. (Type does not exist. (Typo?))
14:29:47.340 !!! [CE][offlineDB] :: Type 'MVS_Magazine_Pouch_Camo_Tigr_Bunker' will be ignored. (Type does not exist. (Typo?))
14:29:47.340 !!! [CE][offlineDB] :: Type 'MVS_Magazine_Pouch_ELRD_Camo_Bunker' will be ignored. (Type does not exist. (Typo?))
14:29:47.340 !!! [CE][offlineDB] :: Type 'MVS_Magazine_Pouch_Green_Camo_Bunker' will be ignored. (Type does not exist. (Typo?))
14:29:47.340 !!! [CE][offlineDB] :: Type 'MVS_Admin_Pouch_Black_Camo_Bunker' will be ignored. (Type does not exist. (Typo?))
14:29:47.340 !!! [CE][offlineDB] :: Type 'MVS_Admin_Pouch_Black_Camo2_Bunker' will be ignored. (Type does not exist. (Typo?))
14:29:47.340 !!! [CE][offlineDB] :: Type 'MVS_Admin_Pouch_Camo_Orange_Bunker' will be ignored. (Type does not exist. (Typo?))
14:29:47.340 !!! [CE][offlineDB] :: Type 'MVS_Admin_Pouch_Camo_Tigr_Bunker' will be ignored. (Type does not exist. (Typo?))
14:29:47.340 !!! [CE][offlineDB] :: Type 'MVS_Admin_Pouch_ELRD_Camo_Bunker' will be ignored. (Type does not exist. (Typo?))
14:29:47.340 !!! [CE][offlineDB] :: Type 'MVS_Admin_Pouch_Green_Camo_Bunker' will be ignored. (Type does not exist. (Typo?))
14:29:47.340 !!! [CE][offlineDB] :: Type 'MVS_Utility_Pouch_Black_Camo_Bunker' will be ignored. (Type does not exist. (Typo?))
14:29:47.340 !!! [CE][offlineDB] :: Type 'MVS_Utility_Pouch_Black_Camo2_Bunker' will be ignored. (Type does not exist. (Typo?))
14:29:47.340 !!! [CE][offlineDB] :: Type 'MVS_Utility_Pouch_Camo_Orange_Bunker' will be ignored. (Type does not exist. (Typo?))
14:29:47.340 !!! [CE][offlineDB] :: Type 'MVS_Utility_Pouch_Camo_Tigr_Bunker' will be ignored. (Type does not exist. (Typo?))
14:29:47.340 !!! [CE][offlineDB] :: Type 'MVS_Utility_Pouch_ELRD_Camo_Bunker' will be ignored. (Type does not exist. (Typo?))
14:29:47.340 !!! [CE][offlineDB] :: Type 'MVS_Utility_Pouch_Green_Camo_Bunker' will be ignored. (Type does not exist. (Typo?))
14:29:47.340 !!! [CE][offlineDB] :: Type 'MVS_Medical_Pouch_Camo_Orange_Bunker' will be ignored. (Type does not exist. (Typo?))
14:29:47.340 !!! [CE][offlineDB] :: Type 'MVS_Medical_Pouch_Camo_Tigr_Bunker' will be ignored. (Type does not exist. (Typo?))
14:29:47.340 !!! [CE][offlineDB] :: Type 'MVS_Medical_Pouch_ELRD_Camo_Bunker' will be ignored. (Type does not exist. (Typo?))
14:29:47.341 !!! [CE][offlineDB] :: Type 'MVS_Pack_Black_Camo_Bunker' will be ignored. (Type does not exist. (Typo?))
14:29:47.341 !!! [CE][offlineDB] :: Type 'MVS_Pack_Black_Camo2_Bunker' will be ignored. (Type does not exist. (Typo?))
14:29:47.341 !!! [CE][offlineDB] :: Type 'MVS_Pack_Camo_Orange_Bunker' will be ignored. (Type does not exist. (Typo?))
14:29:47.341 !!! [CE][offlineDB] :: Type 'MVS_Pack_Camo_Tigr_Bunker' will be ignored. (Type does not exist. (Typo?))
14:29:47.341 !!! [CE][offlineDB] :: Type 'MVS_Pack_ELRD_Camo_Bunker' will be ignored. (Type does not exist. (Typo?))
14:29:47.341 !!! [CE][offlineDB] :: Type 'MVS_Pack_Green_Camo_Bunker' will be ignored. (Type does not exist. (Typo?))
14:29:47.342 !!! [CE][offlineDB] :: Type 'MVS_Combat_Vest_Heavy_Black_Camo_Bunker' will be ignored. (Type does not exist. (Typo?))
14:29:47.342 !!! [CE][offlineDB] :: Type 'MVS_Combat_Vest_Heavy_Black_Camo2_Bunker' will be ignored. (Type does not exist. (Typo?))
14:29:47.342 !!! [CE][offlineDB] :: Type 'MVS_Combat_Vest_Heavy_Camo_Orange_Bunker' will be ignored. (Type does not exist. (Typo?))
14:29:47.342 !!! [CE][offlineDB] :: Type 'MVS_Combat_Vest_Heavy_Camo_Tigr_Bunker' will be ignored. (Type does not exist. (Typo?))
14:29:47.342 !!! [CE][offlineDB] :: Type 'MVS_Combat_Vest_Heavy_ELRD_Camo_Bunker' will be ignored. (Type does not exist. (Typo?))
14:29:47.342 !!! [CE][offlineDB] :: Type 'MVS_Combat_Vest_Heavy_Green_Camo_Bunker' will be ignored. (Type does not exist. (Typo?))
14:29:47.342 !!! [CE][offlineDB] :: Type 'MVS_Taco_Pouch_Black_Camo_Bunker' will be ignored. (Type does not exist. (Typo?))
14:29:47.342 !!! [CE][offlineDB] :: Type 'MVS_Taco_Pouch_Black_Camo2_Bunker' will be ignored. (Type does not exist. (Typo?))
14:29:47.342 !!! [CE][offlineDB] :: Type 'MVS_Taco_Pouch_Camo_Orange_Bunker' will be ignored. (Type does not exist. (Typo?))
14:29:47.342 !!! [CE][offlineDB] :: Type 'MVS_Taco_Pouch_Camo_Tigr_Bunker' will be ignored. (Type does not exist. (Typo?))
14:29:47.342 !!! [CE][offlineDB] :: Type 'MVS_Taco_Pouch_ELRD_Camo_Bunker' will be ignored. (Type does not exist. (Typo?))
14:29:47.342 !!! [CE][offlineDB] :: Type 'MVS_Taco_Pouch_Green_Camo_Bunker' will be ignored. (Type does not exist. (Typo?))
14:29:47.342 !!! [CE][offlineDB] :: Type 'MVS_Pakol_Comtac' will be ignored. (Type does not exist. (Typo?))
14:29:47.342 !!! [CE][offlineDB] :: Type 'MVS_canteen_Black_Camo_Bunker' will be ignored. (Type does not exist. (Typo?))
14:29:47.342 !!! [CE][offlineDB] :: Type 'MVS_canteen_Black_Camo2_Bunker' will be ignored. (Type does not exist. (Typo?))
14:29:47.342 !!! [CE][offlineDB] :: Type 'MVS_canteen_Camp_Orange' will be ignored. (Type does not exist. (Typo?))
14:29:47.342 !!! [CE][offlineDB] :: Type 'MVS_canteen_Camo_Tigr_Bunker' will be ignored. (Type does not exist. (Typo?))
14:29:47.343 !!! [CE][offlineDB] :: Type 'MVS_canteen_ELRD_Camo_Bunker' will be ignored. (Type does not exist. (Typo?))
14:29:47.343 !!! [CE][offlineDB] :: Type 'MVS_canteen_Green_Camo_Bunker' will be ignored. (Type does not exist. (Typo?))
14:29:47.343 !!! [CE][offlineDB] :: Type 'MVS_OpsCore_Black_Camo_Bunker' will be ignored. (Type does not exist. (Typo?))
14:29:47.343 !!! [CE][offlineDB] :: Type 'MVS_OpsCore_Black_Camo2_Bunker' will be ignored. (Type does not exist. (Typo?))
14:29:47.343 !!! [CE][offlineDB] :: Type 'MVS_OpsCore_Camo_Orange_Bunker' will be ignored. (Type does not exist. (Typo?))
14:29:47.343 !!! [CE][offlineDB] :: Type 'MVS_OpsCore_Camo_Tigr_Bunker' will be ignored. (Type does not exist. (Typo?))
14:29:47.343 !!! [CE][offlineDB] :: Type 'MVS_OpsCore_ELRD_Camo_Bunker' will be ignored. (Type does not exist. (Typo?))
14:29:47.343 !!! [CE][offlineDB] :: Type 'MVS_OpsCore_Green_Camo_Bunker' will be ignored. (Type does not exist. (Typo?))
14:29:47.343 !!! [CE][offlineDB] :: Type 'MVS_GorkaPants' will be ignored. (Type does not exist. (Typo?))
14:29:47.343 !!! [CE][offlineDB] :: Type 'MVS_GorkaPants_Snow' will be ignored. (Type does not exist. (Typo?))
14:29:47.343 !!! [CE][offlineDB] :: Type 'MVS_ArmoredHelmet_Black_Camo_Bunker' will be ignored. (Type does not exist. (Typo?))
14:29:47.343 !!! [CE][offlineDB] :: Type 'MVS_ArmoredHelmet_Black_Camo2_Bunker' will be ignored. (Type does not exist. (Typo?))
14:29:47.343 !!! [CE][offlineDB] :: Type 'MVS_ArmoredHelmet_Camo_Orange_Bunker' will be ignored. (Type does not exist. (Typo?))
14:29:47.343 !!! [CE][offlineDB] :: Type 'MVS_ArmoredHelmet_Camo_Tigr_Bunker' will be ignored. (Type does not exist. (Typo?))
14:29:47.344 !!! [CE][offlineDB] :: Type 'MVS_ArmoredHelmet_ELRD_Camo_Bunker' will be ignored. (Type does not exist. (Typo?))
14:29:47.344 !!! [CE][offlineDB] :: Type 'MVS_ArmoredHelmet_Green_Camo_Bunker' will be ignored. (Type does not exist. (Typo?))
14:29:47.344 !!! [CE][offlineDB] :: Type 'MVS_Rucksack_Black_Camo_Bunker' will be ignored. (Type does not exist. (Typo?))
14:29:47.344 !!! [CE][offlineDB] :: Type 'MVS_Rucksack_Black_Camo2_Bunker' will be ignored. (Type does not exist. (Typo?))
14:29:47.344 !!! [CE][offlineDB] :: Type 'MVS_Rucksack_Camo_Orange_Bunker' will be ignored. (Type does not exist. (Typo?))
14:29:47.344 !!! [CE][offlineDB] :: Type 'MVS_Rucksack_Camo_Tigr_Bunker' will be ignored. (Type does not exist. (Typo?))
14:29:47.344 !!! [CE][offlineDB] :: Type 'MVS_Rucksack_ELRD_Camo_Bunker' will be ignored. (Type does not exist. (Typo?))
14:29:47.344 !!! [CE][offlineDB] :: Type 'MVS_Rucksack_Green_Camo_Bunker' will be ignored. (Type does not exist. (Typo?))
14:29:47.344 !!! [CE][offlineDB] :: Type 'MVS_Compact_1_Black_Camo_Bunker' will be ignored. (Type does not exist. (Typo?))
14:29:47.344 !!! [CE][offlineDB] :: Type 'MVS_Compact_1_Black_Camo2_Bunker' will be ignored. (Type does not exist. (Typo?))
14:29:47.344 !!! [CE][offlineDB] :: Type 'MVS_Compact_1_Camo_Orange_Bunker' will be ignored. (Type does not exist. (Typo?))
14:29:47.344 !!! [CE][offlineDB] :: Type 'MVS_Compact_1_Camo_Tigr_Bunker' will be ignored. (Type does not exist. (Typo?))
14:29:47.344 !!! [CE][offlineDB] :: Type 'MVS_Compact_1_ELRD_Camo_Bunker' will be ignored. (Type does not exist. (Typo?))
14:29:47.344 !!! [CE][offlineDB] :: Type 'MVS_Compact_1_Green_Camo_Bunker' will be ignored. (Type does not exist. (Typo?))
14:29:47.344 !!! [CE][offlineDB] :: Type 'MVS_Compact_2_Black_Camo_Bunker' will be ignored. (Type does not exist. (Typo?))
14:29:47.344 !!! [CE][offlineDB] :: Type 'MVS_Compact_2_Black_Camo2_Bunker' will be ignored. (Type does not exist. (Typo?))
14:29:47.344 !!! [CE][offlineDB] :: Type 'MVS_Compact_2_Camo_Orange_Bunker' will be ignored. (Type does not exist. (Typo?))
14:29:47.344 !!! [CE][offlineDB] :: Type 'MVS_Compact_2_Camo_Tigr_Bunker' will be ignored. (Type does not exist. (Typo?))
14:29:47.345 !!! [CE][offlineDB] :: Type 'MVS_Compact_2_ELRD_Camo_Bunker' will be ignored. (Type does not exist. (Typo?))
14:29:47.345 !!! [CE][offlineDB] :: Type 'MVS_Compact_2_Green_Camo_Bunker' will be ignored. (Type does not exist. (Typo?))
14:29:47.345 !!! [CE][offlineDB] :: Type 'MVS_ChestRig_Black_Camo_Bunker' will be ignored. (Type does not exist. (Typo?))
14:29:47.345 !!! [CE][offlineDB] :: Type 'MVS_ChestRig_Black_Camo2_Bunker' will be ignored. (Type does not exist. (Typo?))
14:29:47.345 !!! [CE][offlineDB] :: Type 'MVS_ChestRig_Camo_Orange_Bunker' will be ignored. (Type does not exist. (Typo?))
14:29:47.345 !!! [CE][offlineDB] :: Type 'MVS_ChestRig_Camo_Tigr_Bunker' will be ignored. (Type does not exist. (Typo?))
14:29:47.345 !!! [CE][offlineDB] :: Type 'MVS_ChestRig_ELRD_Camo_Bunker' will be ignored. (Type does not exist. (Typo?))
14:29:47.345 !!! [CE][offlineDB] :: Type 'MVS_ChestRig_Green_Camo_Bunker' will be ignored. (Type does not exist. (Typo?))
14:29:47.345 !!! [CE][offlineDB] :: Type 'MVS_Balaclava_Wraith_Comtacs' will be ignored. (Type does not exist. (Typo?))
14:29:47.345 !!! [CE][offlineDB] :: Type 'MVS_GorkaPants_Multicam' will be ignored. (Type does not exist. (Typo?))
14:29:47.345 !!! [CE][offlineDB] :: Type 'MVS_GorkaPants_Multicam_Tropic' will be ignored. (Type does not exist. (Typo?))
14:29:47.345 !!! [CE][offlineDB] :: Type 'MVS_GorkaPants_Multicam_Black' will be ignored. (Type does not exist. (Typo?))
14:29:47.345 !!! [CE][offlineDB] :: Type 'MVS_Assault_Pack_Black_Camo_Bunker' will be ignored. (Type does not exist. (Typo?))
14:29:47.345 !!! [CE][offlineDB] :: Type 'MVS_Assault_Pack_Black_Camo2_Bunker' will be ignored. (Type does not exist. (Typo?))
14:29:47.345 !!! [CE][offlineDB] :: Type 'MVS_Assault_Pack_Camo_Orange_Bunker' will be ignored. (Type does not exist. (Typo?))
14:29:47.345 !!! [CE][offlineDB] :: Type 'MVS_Assault_Pack_Camo_Tigr_Bunker' will be ignored. (Type does not exist. (Typo?))
14:29:47.345 !!! [CE][offlineDB] :: Type 'MVS_Assault_Pack_ELRD_Camo_Bunker' will be ignored. (Type does not exist. (Typo?))
14:29:47.345 !!! [CE][offlineDB] :: Type 'MVS_Assault_Pack_Green_Camo_Bunker' will be ignored. (Type does not exist. (Typo?))
14:29:47.346 !!! [CE][offlineDB] :: Type 'MVS_CombatPants_Black_Camo_Bunker' will be ignored. (Type does not exist. (Typo?))
14:29:47.346 !!! [CE][offlineDB] :: Type 'MVS_CombatPants_Black_Camo2_Bunker' will be ignored. (Type does not exist. (Typo?))
14:29:47.346 !!! [CE][offlineDB] :: Type 'MVS_CombatPants_Camo_Orange_Bunker' will be ignored. (Type does not exist. (Typo?))
14:29:47.346 !!! [CE][offlineDB] :: Type 'MVS_CombatPants_Camo_Tigr_Bunker' will be ignored. (Type does not exist. (Typo?))
14:29:47.346 !!! [CE][offlineDB] :: Type 'MVS_CombatPants_ELRD_Camo_Bunker' will be ignored. (Type does not exist. (Typo?))
14:29:47.347 !!! [CE][offlineDB] :: Type 'MVS_CombatPants_Green_Camo_Bunker' will be ignored. (Type does not exist. (Typo?))
14:29:47.347 !!! [CE][offlineDB] :: Type 'MVS_CombatShirt_Black_Camo_Bunker' will be ignored. (Type does not exist. (Typo?))
14:29:47.347 !!! [CE][offlineDB] :: Type 'MVS_CombatShirt_Black_Camo2_Bunker' will be ignored. (Type does not exist. (Typo?))
14:29:47.347 !!! [CE][offlineDB] :: Type 'MVS_CombatShirt_Camo_Orange_Bunker' will be ignored. (Type does not exist. (Typo?))
14:29:47.347 !!! [CE][offlineDB] :: Type 'MVS_CombatShirt_Camo_Tigr_Bunker' will be ignored. (Type does not exist. (Typo?))
14:29:47.347 !!! [CE][offlineDB] :: Type 'MVS_CombatShirt_ELRD_Camo_Bunker' will be ignored. (Type does not exist. (Typo?))
14:29:47.347 !!! [CE][offlineDB] :: Type 'MVS_CombatShirt_Green_Camo_Bunker' will be ignored. (Type does not exist. (Typo?))
14:29:47.347 !!! [CE][offlineDB] :: Type 'MVS_Molle_Panel_Black_Camo_Bunker' will be ignored. (Type does not exist. (Typo?))
14:29:47.347 !!! [CE][offlineDB] :: Type 'MVS_Molle_Panel_Black_Camo2_Bunker' will be ignored. (Type does not exist. (Typo?))
14:29:47.347 !!! [CE][offlineDB] :: Type 'MVS_Molle_Panel_Camo_Orange_Bunker' will be ignored. (Type does not exist. (Typo?))
14:29:47.347 !!! [CE][offlineDB] :: Type 'MVS_Molle_Panel_Camo_Tigr_Bunker' will be ignored. (Type does not exist. (Typo?))
14:29:47.347 !!! [CE][offlineDB] :: Type 'MVS_Molle_Panel_ELRD_Camo_Bunker' will be ignored. (Type does not exist. (Typo?))
14:29:47.347 !!! [CE][offlineDB] :: Type 'MVS_Molle_Panel_Green_Camo_Bunker' will be ignored. (Type does not exist. (Typo?))
14:29:47.347 !!! [CE][offlineDB] :: Type 'MVS_6B47_Helmet_Black_Camo_Bunker' will be ignored. (Type does not exist. (Typo?))
14:29:47.347 !!! [CE][offlineDB] :: Type 'MVS_6B47_Helmet_Black_Camo2_Bunker' will be ignored. (Type does not exist. (Typo?))
14:29:47.347 !!! [CE][offlineDB] :: Type 'MVS_6B47_Helmet_Camo_Orange_Bunker' will be ignored. (Type does not exist. (Typo?))
14:29:47.347 !!! [CE][offlineDB] :: Type 'MVS_6B47_Helmet_Camo_Tigr_Bunker' will be ignored. (Type does not exist. (Typo?))
14:29:47.347 !!! [CE][offlineDB] :: Type 'MVS_6B47_Helmet_ELRD_Camo_Bunker' will be ignored. (Type does not exist. (Typo?))
14:29:47.347 !!! [CE][offlineDB] :: Type 'MVS_6B47_Helmet_Green_Camo_Bunker' will be ignored. (Type does not exist. (Typo?))
14:29:47.348 !!! [CE][offlineDB] :: Type 'MVS_Helmet_02_Black_Camo_Bunker' will be ignored. (Type does not exist. (Typo?))
14:29:47.348 !!! [CE][offlineDB] :: Type 'MVS_Helmet_02_Black_Camo_Bunker2' will be ignored. (Type does not exist. (Typo?))
14:29:47.348 !!! [CE][offlineDB] :: Type 'MVS_Helmet_02_Camo_Orange_Bunker' will be ignored. (Type does not exist. (Typo?))
14:29:47.348 !!! [CE][offlineDB] :: Type 'MVS_Helmet_02_Camo_Tigr_Bunker' will be ignored. (Type does not exist. (Typo?))
14:29:47.348 !!! [CE][offlineDB] :: Type 'MVS_Helmet_02_ELRD_Camo_Bunker' will be ignored. (Type does not exist. (Typo?))
14:29:47.348 !!! [CE][offlineDB] :: Type 'MVS_Helmet_02_Green_Camo_Bunker' will be ignored. (Type does not exist. (Typo?))
14:29:47.348 !!! [CE][offlineDB] :: Type 'MVS_SlingPack_Black_Camo_Bunker' will be ignored. (Type does not exist. (Typo?))
14:29:47.348 !!! [CE][offlineDB] :: Type 'MVS_SlingPack_Black_Camo2_Bunker' will be ignored. (Type does not exist. (Typo?))
14:29:47.348 !!! [CE][offlineDB] :: Type 'MVS_SlingPack_Camo_Orange_Bunker' will be ignored. (Type does not exist. (Typo?))
14:29:47.348 !!! [CE][offlineDB] :: Type 'MVS_SlingPack_Camo_Tigr_Bunker' will be ignored. (Type does not exist. (Typo?))
14:29:47.348 !!! [CE][offlineDB] :: Type 'MVS_SlingPack_ELRD_Camo_Bunker' will be ignored. (Type does not exist. (Typo?))
14:29:47.348 !!! [CE][offlineDB] :: Type 'MVS_SlingPack_Green_Camo_Bunker' will be ignored. (Type does not exist. (Typo?))
14:29:47.348 !!! [CE][offlineDB] :: Type 'mouse_grey_flag' will be ignored. (Type does not exist. (Typo?))
14:29:47.348 !!! [CE][offlineDB] :: Type 'toxic_green' will be ignored. (Type does not exist. (Typo?))
14:29:47.348 !!! [CE][offlineDB] :: Type 'FBF_Torch' will be ignored. (Not spawnable. (Scope is not public?))
14:29:47.348 !!! [CE][offlineDB] :: Type 'FBF_LongTorch' will be ignored. (Not spawnable. (Scope is not public?))
14:29:47.349 !!! [CE][offlineDB] :: Type 'FBF_AreaLight_White' will be ignored. (Not spawnable. (Scope is not public?))
14:29:47.349 !!! [CE][offlineDB] :: Type 'FBF_AreaLight_Warm' will be ignored. (Not spawnable. (Scope is not public?))
14:29:47.349 !!! [CE][offlineDB] :: Type 'FBF_CustomAreaLight_1' will be ignored. (Not spawnable. (Scope is not public?))
14:29:47.349 !!! [CE][offlineDB] :: Type 'FBF_CustomAreaLight_2' will be ignored. (Not spawnable. (Scope is not public?))
14:29:47.349 !!! [CE][offlineDB] :: Type 'FBF_CustomAreaLight_3' will be ignored. (Not spawnable. (Scope is not public?))
14:29:47.349 !!! [CE][offlineDB] :: Type 'FBF_CustomAreaLight_4' will be ignored. (Not spawnable. (Scope is not public?))
14:29:47.349 !!! [CE][offlineDB] :: Type 'FBF_CustomAreaLight_5' will be ignored. (Not spawnable. (Scope is not public?))
14:29:47.349 !!! [CE][offlineDB] :: Type 'bs_cartman' will be ignored. (Type does not exist. (Typo?))
14:29:47.349 !!! [CE][offlineDB] :: Type 'bs_gratefuldead' will be ignored. (Type does not exist. (Typo?))
14:29:47.349 !!! [CE][offlineDB] :: Type 'bs_meatloaf' will be ignored. (Type does not exist. (Typo?))
14:29:47.349 !!! [CE][offlineDB] :: Type 'bs_nirvana' will be ignored. (Type does not exist. (Typo?))
14:29:47.349 !!! [CE][offlineDB] :: Type 'bs_skynyrd' will be ignored. (Type does not exist. (Typo?))
14:29:47.349 !!! [CE][offlineDB] :: Type 'bs_starbucks' will be ignored. (Type does not exist. (Typo?))
14:29:47.349 !!! [CE][offlineDB] :: Type 'bs_sublime' will be ignored. (Type does not exist. (Typo?))
14:29:47.349 !!! [CE][offlineDB] :: Type 'bs_billmurray' will be ignored. (Type does not exist. (Typo?))
14:29:47.349 !!! [CE][offlineDB] :: Type 'bs_blackflag' will be ignored. (Type does not exist. (Typo?))
14:29:47.349 !!! [CE][offlineDB] :: Type 'bs_cbgb' will be ignored. (Type does not exist. (Typo?))
14:29:47.349 !!! [CE][offlineDB] :: Type 'bs_illuminati1' will be ignored. (Type does not exist. (Typo?))
14:29:47.349 !!! [CE][offlineDB] :: Type 'bs_johndenver' will be ignored. (Type does not exist. (Typo?))
14:29:47.349 !!! [CE][offlineDB] :: Type 'bs_joydivision' will be ignored. (Type does not exist. (Typo?))
14:29:47.349 !!! [CE][offlineDB] :: Type 'bs_nin' will be ignored. (Type does not exist. (Typo?))
14:29:47.349 !!! [CE][offlineDB] :: Type 'bs_zero' will be ignored. (Type does not exist. (Typo?))
14:29:47.349 !!! [CE][offlineDB] :: Type 'bs_volcom' will be ignored. (Type does not exist. (Typo?))
14:29:47.349 !!! [CE][offlineDB] :: Type 'bs_ironmaiden' will be ignored. (Type does not exist. (Typo?))
14:29:47.349 !!! [CE][offlineDB] :: Type 'bs_lateralus' will be ignored. (Type does not exist. (Typo?))
14:29:47.349 !!! [CE][offlineDB] :: Type 'bs_ledzeppelin' will be ignored. (Type does not exist. (Typo?))
14:29:47.349 !!! [CE][offlineDB] :: Type 'bs_nickcage' will be ignored. (Type does not exist. (Typo?))
14:29:47.349 !!! [CE][offlineDB] :: Type 'bs_opeth' will be ignored. (Type does not exist. (Typo?))
14:29:47.349 !!! [CE][offlineDB] :: Type 'bs_scarface' will be ignored. (Type does not exist. (Typo?))
14:29:47.349 !!! [CE][offlineDB] :: Type 'bs_syl' will be ignored. (Type does not exist. (Typo?))
14:29:47.349 !!! [CE][offlineDB] :: Type 'bs_tyrone' will be ignored. (Type does not exist. (Typo?))
14:29:47.349 !!! [CE][offlineDB] :: Type 'bs_worstshirt' will be ignored. (Type does not exist. (Typo?))
14:29:47.349 !!! [CE][offlineDB] :: Type 'MoreDoorVault' will be ignored. (Type does not exist. (Typo?))
14:29:47.349 !!! [CE][offlineDB] :: Type 'MoreDoorSmall' will be ignored. (Type does not exist. (Typo?))
14:29:47.349 !!! [CE][offlineDB] :: Type 'MoreDoorSmallShanty' will be ignored. (Type does not exist. (Typo?))
14:29:47.349 !!! [CE][offlineDB] :: Type 'MoreDoorSmallMetal' will be ignored. (Type does not exist. (Typo?))
14:29:47.349 !!! [CE][offlineDB] :: Type 'MoreDoorVaultKit' will be ignored. (Type does not exist. (Typo?))
14:29:47.349 !!! [CE][offlineDB] :: Type 'MoreDoorSmallKit' will be ignored. (Type does not exist. (Typo?))
14:29:47.349 !!! [CE][offlineDB] :: Type 'MoreDoorSmallMetalKit' will be ignored. (Type does not exist. (Typo?))
14:29:47.350 !!! [CE][offlineDB] :: Type 'MoreDoorSmallShantyKit' will be ignored. (Type does not exist. (Typo?))
14:29:47.350 !!! [CE][offlineDB] :: Type 'MoreDoorSafe' will be ignored. (Type does not exist. (Typo?))
14:29:47.350 !!! [CE][offlineDB] :: Type 'TacSatRadio' will be ignored. (Type does not exist. (Typo?))
14:29:47.351 !!! [CE][offlineDB] :: Wrong xml format of types file 'ModTypes/42MADocsGuns/types.xml'.
14:29:47.352 !!! [CE][offlineDB] :: Wrong xml format of types file 'ModTypes/42MADocsTextures/types.xml'.
14:29:47.355 !!! [CE][offlineDB] :: Type 'TacticalShirt_Forest' will be ignored. (Type does not exist. (Typo?))
14:29:47.355 !!! [CE][offlineDB] :: Type 'CargoPants_Forest' will be ignored. (Type does not exist. (Typo?))
14:29:47.355 !!! [CE][offlineDB] :: Type 'GorkaEJacket_Forest' will be ignored. (Type does not exist. (Typo?))
14:29:47.355 !!! [CE][offlineDB] :: Type 'GorkaPants_Black_Camo' will be ignored. (Type does not exist. (Typo?))
14:29:47.355 !!! [CE][offlineDB] :: Type 'GorkaPants_Black_Camo2' will be ignored. (Type does not exist. (Typo?))
14:29:47.355 !!! [CE][offlineDB] :: Type 'GorkaPants_ELRD_Camo' will be ignored. (Type does not exist. (Typo?))
14:29:47.355 !!! [CE][offlineDB] :: Type 'GorkaPants_Forest' will be ignored. (Type does not exist. (Typo?))
14:29:47.355 !!! [CE][offlineDB] :: Type 'GorkaPants_Green_Camo' will be ignored. (Type does not exist. (Typo?))
14:29:47.355 !!! [CE][offlineDB] :: Type 'GorkaPants_Orange_Camo' will be ignored. (Type does not exist. (Typo?))
14:29:47.355 !!! [CE][offlineDB] :: Type 'GorkaPants_Tigr_Camo' will be ignored. (Type does not exist. (Typo?))
14:29:47.355 !!! [CE][offlineDB] :: Type 'GorkaPants_Yellow_Camo' will be ignored. (Type does not exist. (Typo?))
14:29:47.355 !!! [CE][offlineDB] :: Type 'HuntingJacket_Forest' will be ignored. (Type does not exist. (Typo?))
14:29:47.355 !!! [CE][offlineDB] :: Type 'HunterPants_Forest' will be ignored. (Type does not exist. (Typo?))
14:29:47.355 !!! [CE][offlineDB] :: Type 'FirefighterJacket_Forest' will be ignored. (Type does not exist. (Typo?))
14:29:47.355 !!! [CE][offlineDB] :: Type 'AssaultBag_Forest' will be ignored. (Type does not exist. (Typo?))
14:29:47.355 !!! [CE][offlineDB] :: Type 'HuntingBag_Forest' will be ignored. (Type does not exist. (Typo?))
14:29:47.355 !!! [CE][offlineDB] :: Type 'MountainBag_Forest' will be ignored. (Type does not exist. (Typo?))
14:29:47.355 !!! [CE][offlineDB] :: Type 'TortillaBag_Forest' will be ignored. (Type does not exist. (Typo?))
14:29:47.355 !!! [CE][offlineDB] :: Type 'PlateCarrierVest_Forest' will be ignored. (Type does not exist. (Typo?))
14:29:47.355 !!! [CE][offlineDB] :: Type 'PlateCarrierPouches_Forest' will be ignored. (Type does not exist. (Typo?))
14:29:47.355 !!! [CE][offlineDB] :: Type 'PlateCarrierHolster_Forest' will be ignored. (Type does not exist. (Typo?))
14:29:47.355 !!! [CE][offlineDB] :: Type 'SmershVest_Forest' will be ignored. (Type does not exist. (Typo?))
14:29:47.355 !!! [CE][offlineDB] :: Type 'SmershBag_Forest' will be ignored. (Type does not exist. (Typo?))
14:29:47.355 !!! [CE][offlineDB] :: Type 'UKAssVest_Forest' will be ignored. (Type does not exist. (Typo?))
14:29:47.355 !!! [CE][offlineDB] :: Type 'PoliceVest_Forest' will be ignored. (Type does not exist. (Typo?))
14:29:47.355 !!! [CE][offlineDB] :: Type 'HighCapacityVest_Forest' will be ignored. (Type does not exist. (Typo?))
14:29:47.355 !!! [CE][offlineDB] :: Type 'Mich2001Helmet_Forest' will be ignored. (Type does not exist. (Typo?))
14:29:47.355 !!! [CE][offlineDB] :: Type 'DarkMotoHelmet_Forest' will be ignored. (Type does not exist. (Typo?))
14:29:47.355 !!! [CE][offlineDB] :: Type 'GorkaHelmet_Forest' will be ignored. (Type does not exist. (Typo?))
14:29:47.355 !!! [CE][offlineDB] :: Type 'BalaclavaMask_Forest' will be ignored. (Type does not exist. (Typo?))
14:29:47.355 !!! [CE][offlineDB] :: Type 'TacticalGloves_Forest' will be ignored. (Type does not exist. (Typo?))
14:29:47.355 !!! [CE][offlineDB] :: Type 'OMNOGloves_Forest' will be ignored. (Type does not exist. (Typo?))
14:29:47.355 !!! [CE][offlineDB] :: Type 'WorkingGloves_Forest' will be ignored. (Type does not exist. (Typo?))
14:29:47.364 !!! [CE][offlineDB] :: Type 'TWP_Glock19M' will be ignored. (Type does not exist. (Typo?))
14:29:47.364 !!! [CE][offlineDB] :: Type 'TWP_Glock19M_mag_15Rnd' will be ignored. (Type does not exist. (Typo?))
14:29:47.364 !!! [CE][offlineDB] :: Type 'TWP_SRGlock_mag_33Rnd' will be ignored. (Type does not exist. (Typo?))
14:29:47.364 !!! [CE][offlineDB] :: Type 'TWP_ACR' will be ignored. (Type does not exist. (Typo?))
14:29:47.365 !!! [CE][offlineDB] :: Type 'TWP_ACR_mag_30Rnd' will be ignored. (Type does not exist. (Typo?))
14:29:47.365 !!! [CE][offlineDB] :: Type 'TWP_FG42' will be ignored. (Type does not exist. (Typo?))
14:29:47.365 !!! [CE][offlineDB] :: Type 'TWP_FG42_mag_25Rnd' will be ignored. (Type does not exist. (Typo?))
14:29:47.365 !!! [CE][offlineDB] :: Type 'TWP_M16A3_mag_20Rnd' will be ignored. (Type does not exist. (Typo?))
14:29:47.365 !!! [CE][offlineDB] :: Type 'TWP_MK14_mag_30Rnd' will be ignored. (Type does not exist. (Typo?))
14:29:47.365 !!! [CE][offlineDB] :: Type 'TWP_MSBSGrotC' will be ignored. (Type does not exist. (Typo?))
14:29:47.365 !!! [CE][offlineDB] :: Type 'TWP_MSBSGrotC_mag_30Rnd' will be ignored. (Type does not exist. (Typo?))
14:29:47.365 !!! [CE][offlineDB] :: Type 'TWP_MSBSGrotBGold' will be ignored. (Type does not exist. (Typo?))
14:29:47.365 !!! [CE][offlineDB] :: Type 'TWP_MSBSGrotBGold_mag_30Rnd' will be ignored. (Type does not exist. (Typo?))
14:29:47.365 !!! [CE][offlineDB] :: Type 'ScarLKBlueCamo' will be ignored. (Type does not exist. (Typo?))
14:29:47.365 !!! [CE][offlineDB] :: Type 'ScarLKGreen' will be ignored. (Type does not exist. (Typo?))
14:29:47.365 !!! [CE][offlineDB] :: Type 'ScarLKGreenCamo' will be ignored. (Type does not exist. (Typo?))
14:29:47.365 !!! [CE][offlineDB] :: Type 'ScarLKTan' will be ignored. (Type does not exist. (Typo?))
14:29:47.366 !!! [CE][offlineDB] :: Type 'TWP_SG553_mag_30Rnd' will be ignored. (Type does not exist. (Typo?))
14:29:47.366 !!! [CE][offlineDB] :: Type 'TWP_PumpkinHead' will be ignored. (Type does not exist. (Typo?))
14:29:47.366 !!! [CE][offlineDB] :: Type 'TWP_JasonMask' will be ignored. (Type does not exist. (Typo?))
14:29:47.366 !!! [CE][offlineDB] :: Type 'TWP_Covid19Head_Red' will be ignored. (Type does not exist. (Typo?))
14:29:47.366 !!! [CE][offlineDB] :: Type 'TWP_Covid19Head_Green' will be ignored. (Type does not exist. (Typo?))
14:29:47.366 !!! [CE][offlineDB] :: Type 'TWP_Covid19Head_Orange' will be ignored. (Type does not exist. (Typo?))
14:29:47.366 !!! [CE][offlineDB] :: Type 'TWP_Covid19Head_yellow' will be ignored. (Type does not exist. (Typo?))
14:29:47.370 !!! [CE][offlineDB] :: Type 'teddyhead_mung' will be ignored. (Type does not exist. (Typo?))
14:29:47.370 !!! [CE][offlineDB] :: Type 'mag3_gasmask_mung' will be ignored. (Type does not exist. (Typo?))
14:29:47.370 !!! [CE] :: Unknown usage: 'TempleCore'.
14:29:47.371 !!! [CE] :: Unknown usage: 'TempleCore'.
14:29:47.371 !!! [CE] :: Unknown usage: 'TempleCore'.
14:29:47.371 !!! [CE][offlineDB] :: Type 'stalker_gasmask_white_mung' will be ignored. (Type does not exist. (Typo?))
14:29:47.371 !!! [CE][offlineDB] :: Type 'stalker_gasmask_black_mung' will be ignored. (Type does not exist. (Typo?))
14:29:47.375 !!! [CE][offlineDB] :: Type 'geb_HookBobber1Bait' will be ignored. (Type does not exist. (Typo?))
14:29:47.375 !!! [CE][offlineDB] :: Type 'geb_HookBobber2Bait' will be ignored. (Type does not exist. (Typo?))
14:29:47.375 !!! [CE][offlineDB] :: Type 'geb_HookBobber3Bait' will be ignored. (Type does not exist. (Typo?))
14:29:47.375 !!! [CE][offlineDB] :: Type 'geb_HookBobber4Bait' will be ignored. (Type does not exist. (Typo?))
14:29:47.375 !!! [CE][offlineDB] :: Type 'geb_VanillaHookRubberWormBait' will be ignored. (Type does not exist. (Typo?))
14:29:47.375 !!! [CE][offlineDB] :: Type 'geb_VanillaHookGrubWormBait' will be ignored. (Type does not exist. (Typo?))
14:29:47.375 !!! [CE][offlineDB] :: Type 'geb_VanillaHookGrassHopperBait' will be ignored. (Type does not exist. (Typo?))
14:29:47.375 !!! [CE][offlineDB] :: Type 'geb_VanillaHookFieldCricketBait' will be ignored. (Type does not exist. (Typo?))
14:29:47.375 !!! [CE][offlineDB] :: Type 'geb_RedFishShirt' will be ignored. (Type does not exist. (Typo?))
14:29:47.375 !!! [CE][offlineDB] :: Type 'geb_GreenFishShirt' will be ignored. (Type does not exist. (Typo?))
14:29:47.376 !!! [CE][offlineDB] :: Type 'geb_BlueFishShirt' will be ignored. (Type does not exist. (Typo?))
14:29:47.376 !!! [CE][offlineDB] :: Type 'geb_PurpleFishShirt' will be ignored. (Type does not exist. (Typo?))
14:29:47.377 !!! [CE][offlineDB] :: Type 'CigarettePack_Chernamorka' will be ignored. (Type does not exist. (Typo?))
14:29:47.377 !!! [CE][offlineDB] :: Type 'CigarettePack_Merkur' will be ignored. (Type does not exist. (Typo?))
14:29:47.377 !!! [CE][offlineDB] :: Type 'CigarettePack_Partyzanka' will be ignored. (Type does not exist. (Typo?))
14:29:47.532 !!! [CE][DE][SPAWNS] :: [WARNING] :: Skipping entry for non-existing event 'VehicleTransitBus'.
14:29:47.532 !!! [CE][DE][SPAWNS] :: [WARNING] :: Skipping entry for non-existing event 'AnimalDeer'.
14:29:47.532 !!! [CE][DE][SPAWNS] :: [WARNING] :: Skipping entry for non-existing event 'AnimalCow'.
14:29:47.532 !!! [CE][DE][SPAWNS] :: [WARNING] :: Skipping entry for non-existing event 'AnimalSheep'.
14:29:47.532 !!! [CE][DE][SPAWNS] :: [WARNING] :: Skipping entry for non-existing event 'AnimalRoeDeer'.
14:29:47.532 !!! [CE][DE][SPAWNS] :: [WARNING] :: Skipping entry for non-existing event 'AnimalWildBoar'.
14:29:47.532 [CE][DE][SPAWNS] :: Total positions: 713
14:29:47.533 [CE][DE][GROUPS] :: Total eventgroups defined: 83, Eventgroups in use: 0
14:29:47.533 [CE][Storage] ver:21 stamp:440, valid:yes, name:"C:\Users\rylic\OneDrive\Desktop\Expansion-Dev-Server-Deer-Isle\mpmissions\empty.deerisle\storage_1\data\events.bin"
14:29:47.534 [CE][Storage] ver:21 stamp:437, valid:yes, name:"C:\Users\rylic\OneDrive\Desktop\Expansion-Dev-Server-Deer-Isle\mpmissions\empty.deerisle\storage_1\data\events.001"
14:29:47.534 [CE][Storage] ver:21 stamp:438, valid:yes, name:"C:\Users\rylic\OneDrive\Desktop\Expansion-Dev-Server-Deer-Isle\mpmissions\empty.deerisle\storage_1\data\events.002"
14:29:47.534 [CE][Storage] Restoring file "C:\Users\rylic\OneDrive\Desktop\Expansion-Dev-Server-Deer-Isle\mpmissions\empty.deerisle\storage_1\data\events.bin".
14:29:47.535 [CE][DynamicEvent] Load  Events:[62] Primary spawners: 62 Secondary spawners: 2
14:29:47.535 [CE][Storage] ver:25 stamp:440, valid:yes, name:"C:\Users\rylic\OneDrive\Desktop\Expansion-Dev-Server-Deer-Isle\mpmissions\empty.deerisle\storage_1\data\dynamic_000.bin"
14:29:47.536 [CE][Storage] ver:25 stamp:437, valid:yes, name:"C:\Users\rylic\OneDrive\Desktop\Expansion-Dev-Server-Deer-Isle\mpmissions\empty.deerisle\storage_1\data\dynamic_000.001"
14:29:47.536 [CE][Storage] ver:25 stamp:438, valid:yes, name:"C:\Users\rylic\OneDrive\Desktop\Expansion-Dev-Server-Deer-Isle\mpmissions\empty.deerisle\storage_1\data\dynamic_000.002"
14:29:47.536 [CE][Storage] Restoring file "C:\Users\rylic\OneDrive\Desktop\Expansion-Dev-Server-Deer-Isle\mpmissions\empty.deerisle\storage_1\data\dynamic_000.bin" 1761 items.
14:29:48.567   1761 items loaded. (0 failed)
14:29:48.568 [CE][Storage] ver:25 stamp:440, valid:yes, name:"C:\Users\rylic\OneDrive\Desktop\Expansion-Dev-Server-Deer-Isle\mpmissions\empty.deerisle\storage_1\data\dynamic_001.bin"
14:29:48.568 [CE][Storage] ver:25 stamp:437, valid:yes, name:"C:\Users\rylic\OneDrive\Desktop\Expansion-Dev-Server-Deer-Isle\mpmissions\empty.deerisle\storage_1\data\dynamic_001.001"
14:29:48.568 [CE][Storage] ver:25 stamp:438, valid:yes, name:"C:\Users\rylic\OneDrive\Desktop\Expansion-Dev-Server-Deer-Isle\mpmissions\empty.deerisle\storage_1\data\dynamic_001.002"
14:29:48.568 [CE][Storage] Restoring file "C:\Users\rylic\OneDrive\Desktop\Expansion-Dev-Server-Deer-Isle\mpmissions\empty.deerisle\storage_1\data\dynamic_001.bin" 1349 items.
14:29:49.317   1349 items loaded. (0 failed)
14:29:49.317 [CE][Storage] ver:25 stamp:440, valid:yes, name:"C:\Users\rylic\OneDrive\Desktop\Expansion-Dev-Server-Deer-Isle\mpmissions\empty.deerisle\storage_1\data\dynamic_002.bin"
14:29:49.317 !!! [CE][Storage] Failed to read [Storage] data file "C:\Users\rylic\OneDrive\Desktop\Expansion-Dev-Server-Deer-Isle\mpmissions\empty.deerisle\storage_1\data\dynamic_002.001".
14:29:49.318   File not closed...
14:29:49.318 [CE][Storage] ver:25 stamp:440, valid:NO, name:"C:\Users\rylic\OneDrive\Desktop\Expansion-Dev-Server-Deer-Isle\mpmissions\empty.deerisle\storage_1\data\dynamic_002.001"
14:29:49.318 [CE][Storage] ver:25 stamp:438, valid:yes, name:"C:\Users\rylic\OneDrive\Desktop\Expansion-Dev-Server-Deer-Isle\mpmissions\empty.deerisle\storage_1\data\dynamic_002.002"
14:29:49.318 [CE][Storage] Restoring file "C:\Users\rylic\OneDrive\Desktop\Expansion-Dev-Server-Deer-Isle\mpmissions\empty.deerisle\storage_1\data\dynamic_002.bin" 1720 items.
14:29:50.186   1720 items loaded. (0 failed)
14:29:50.187 [CE][Storage] ver:25 stamp:440, valid:yes, name:"C:\Users\rylic\OneDrive\Desktop\Expansion-Dev-Server-Deer-Isle\mpmissions\empty.deerisle\storage_1\data\dynamic_003.bin"
14:29:50.187 [CE][Storage] ver:25 stamp:440, valid:yes, name:"C:\Users\rylic\OneDrive\Desktop\Expansion-Dev-Server-Deer-Isle\mpmissions\empty.deerisle\storage_1\data\dynamic_003.001"
14:29:50.187 [CE][Storage] ver:25 stamp:438, valid:yes, name:"C:\Users\rylic\OneDrive\Desktop\Expansion-Dev-Server-Deer-Isle\mpmissions\empty.deerisle\storage_1\data\dynamic_003.002"
14:29:50.188 [CE][Storage] Restoring file "C:\Users\rylic\OneDrive\Desktop\Expansion-Dev-Server-Deer-Isle\mpmissions\empty.deerisle\storage_1\data\dynamic_003.bin" 1857 items.
14:29:50.845   1857 items loaded. (0 failed)
14:29:50.845 [CE][Storage] ver:25 stamp:440, valid:yes, name:"C:\Users\rylic\OneDrive\Desktop\Expansion-Dev-Server-Deer-Isle\mpmissions\empty.deerisle\storage_1\data\dynamic_004.bin"
14:29:50.845 [CE][Storage] ver:25 stamp:440, valid:yes, name:"C:\Users\rylic\OneDrive\Desktop\Expansion-Dev-Server-Deer-Isle\mpmissions\empty.deerisle\storage_1\data\dynamic_004.001"
14:29:50.845 [CE][Storage] ver:25 stamp:438, valid:yes, name:"C:\Users\rylic\OneDrive\Desktop\Expansion-Dev-Server-Deer-Isle\mpmissions\empty.deerisle\storage_1\data\dynamic_004.002"
14:29:50.846 [CE][Storage] Restoring file "C:\Users\rylic\OneDrive\Desktop\Expansion-Dev-Server-Deer-Isle\mpmissions\empty.deerisle\storage_1\data\dynamic_004.bin" 2870 items.
14:29:51.897   2870 items loaded. (0 failed)
14:29:51.898 [CE][Storage] ver:25 stamp:440, valid:yes, name:"C:\Users\rylic\OneDrive\Desktop\Expansion-Dev-Server-Deer-Isle\mpmissions\empty.deerisle\storage_1\data\dynamic_005.bin"
14:29:51.898 [CE][Storage] ver:25 stamp:440, valid:yes, name:"C:\Users\rylic\OneDrive\Desktop\Expansion-Dev-Server-Deer-Isle\mpmissions\empty.deerisle\storage_1\data\dynamic_005.001"
14:29:51.898 [CE][Storage] ver:25 stamp:438, valid:yes, name:"C:\Users\rylic\OneDrive\Desktop\Expansion-Dev-Server-Deer-Isle\mpmissions\empty.deerisle\storage_1\data\dynamic_005.002"
14:29:51.898 [CE][Storage] Restoring file "C:\Users\rylic\OneDrive\Desktop\Expansion-Dev-Server-Deer-Isle\mpmissions\empty.deerisle\storage_1\data\dynamic_005.bin" 2712 items.
14:29:52.957   2712 items loaded. (0 failed)
14:29:52.958 [CE][Storage] ver:25 stamp:440, valid:yes, name:"C:\Users\rylic\OneDrive\Desktop\Expansion-Dev-Server-Deer-Isle\mpmissions\empty.deerisle\storage_1\data\dynamic_006.bin"
14:29:52.958 [CE][Storage] ver:25 stamp:440, valid:yes, name:"C:\Users\rylic\OneDrive\Desktop\Expansion-Dev-Server-Deer-Isle\mpmissions\empty.deerisle\storage_1\data\dynamic_006.001"
14:29:52.958 [CE][Storage] ver:25 stamp:438, valid:yes, name:"C:\Users\rylic\OneDrive\Desktop\Expansion-Dev-Server-Deer-Isle\mpmissions\empty.deerisle\storage_1\data\dynamic_006.002"
14:29:52.959 [CE][Storage] Restoring file "C:\Users\rylic\OneDrive\Desktop\Expansion-Dev-Server-Deer-Isle\mpmissions\empty.deerisle\storage_1\data\dynamic_006.bin" 2240 items.
14:29:53.829   2240 items loaded. (0 failed)
14:29:53.830 [CE][Storage] ver:25 stamp:440, valid:yes, name:"C:\Users\rylic\OneDrive\Desktop\Expansion-Dev-Server-Deer-Isle\mpmissions\empty.deerisle\storage_1\data\dynamic_007.bin"
14:29:53.830 [CE][Storage] ver:25 stamp:440, valid:yes, name:"C:\Users\rylic\OneDrive\Desktop\Expansion-Dev-Server-Deer-Isle\mpmissions\empty.deerisle\storage_1\data\dynamic_007.001"
14:29:53.831 [CE][Storage] ver:25 stamp:438, valid:yes, name:"C:\Users\rylic\OneDrive\Desktop\Expansion-Dev-Server-Deer-Isle\mpmissions\empty.deerisle\storage_1\data\dynamic_007.002"
14:29:53.831 [CE][Storage] Restoring file "C:\Users\rylic\OneDrive\Desktop\Expansion-Dev-Server-Deer-Isle\mpmissions\empty.deerisle\storage_1\data\dynamic_007.bin" 1999 items.
14:29:54.621   1999 items loaded. (0 failed)
14:29:54.622 [CE][Storage] ver:25 stamp:440, valid:yes, name:"C:\Users\rylic\OneDrive\Desktop\Expansion-Dev-Server-Deer-Isle\mpmissions\empty.deerisle\storage_1\data\dynamic_008.bin"
14:29:54.622 [CE][Storage] ver:25 stamp:440, valid:yes, name:"C:\Users\rylic\OneDrive\Desktop\Expansion-Dev-Server-Deer-Isle\mpmissions\empty.deerisle\storage_1\data\dynamic_008.001"
14:29:54.623 [CE][Storage] ver:25 stamp:438, valid:yes, name:"C:\Users\rylic\OneDrive\Desktop\Expansion-Dev-Server-Deer-Isle\mpmissions\empty.deerisle\storage_1\data\dynamic_008.002"
14:29:54.623 [CE][Storage] Restoring file "C:\Users\rylic\OneDrive\Desktop\Expansion-Dev-Server-Deer-Isle\mpmissions\empty.deerisle\storage_1\data\dynamic_008.bin" 737 items.
14:29:54.925   737 items loaded. (0 failed)
14:29:54.925 [CE][Storage] ver:25 stamp:440, valid:yes, name:"C:\Users\rylic\OneDrive\Desktop\Expansion-Dev-Server-Deer-Isle\mpmissions\empty.deerisle\storage_1\data\dynamic_009.bin"
14:29:54.926 [CE][Storage] ver:25 stamp:440, valid:yes, name:"C:\Users\rylic\OneDrive\Desktop\Expansion-Dev-Server-Deer-Isle\mpmissions\empty.deerisle\storage_1\data\dynamic_009.001"
14:29:54.926 [CE][Storage] ver:25 stamp:438, valid:yes, name:"C:\Users\rylic\OneDrive\Desktop\Expansion-Dev-Server-Deer-Isle\mpmissions\empty.deerisle\storage_1\data\dynamic_009.002"
14:29:54.926 [CE][Storage] Restoring file "C:\Users\rylic\OneDrive\Desktop\Expansion-Dev-Server-Deer-Isle\mpmissions\empty.deerisle\storage_1\data\dynamic_009.bin" 1086 items.
14:29:55.499   1086 items loaded. (0 failed)
14:29:55.500 [CE][Storage] ver:25 stamp:440, valid:yes, name:"C:\Users\rylic\OneDrive\Desktop\Expansion-Dev-Server-Deer-Isle\mpmissions\empty.deerisle\storage_1\data\dynamic_010.bin"
14:29:55.500 [CE][Storage] ver:25 stamp:440, valid:yes, name:"C:\Users\rylic\OneDrive\Desktop\Expansion-Dev-Server-Deer-Isle\mpmissions\empty.deerisle\storage_1\data\dynamic_010.001"
14:29:55.501 [CE][Storage] ver:25 stamp:438, valid:yes, name:"C:\Users\rylic\OneDrive\Desktop\Expansion-Dev-Server-Deer-Isle\mpmissions\empty.deerisle\storage_1\data\dynamic_010.002"
14:29:55.501 [CE][Storage] Restoring file "C:\Users\rylic\OneDrive\Desktop\Expansion-Dev-Server-Deer-Isle\mpmissions\empty.deerisle\storage_1\data\dynamic_010.bin" 759 items.
14:29:55.845   759 items loaded. (0 failed)
14:29:55.845 [CE][Storage] ver:25 stamp:440, valid:yes, name:"C:\Users\rylic\OneDrive\Desktop\Expansion-Dev-Server-Deer-Isle\mpmissions\empty.deerisle\storage_1\data\dynamic_011.bin"
14:29:55.845 [CE][Storage] ver:25 stamp:440, valid:yes, name:"C:\Users\rylic\OneDrive\Desktop\Expansion-Dev-Server-Deer-Isle\mpmissions\empty.deerisle\storage_1\data\dynamic_011.001"
14:29:55.846 [CE][Storage] ver:25 stamp:438, valid:yes, name:"C:\Users\rylic\OneDrive\Desktop\Expansion-Dev-Server-Deer-Isle\mpmissions\empty.deerisle\storage_1\data\dynamic_011.002"
14:29:55.846 [CE][Storage] Restoring file "C:\Users\rylic\OneDrive\Desktop\Expansion-Dev-Server-Deer-Isle\mpmissions\empty.deerisle\storage_1\data\dynamic_011.bin" 444 items.
14:29:56.97   444 items loaded. (0 failed)
14:29:56.97 [CE][Storage] ver:26 stamp:440, valid:yes, name:"C:\Users\rylic\OneDrive\Desktop\Expansion-Dev-Server-Deer-Isle\mpmissions\empty.deerisle\storage_1\data\building.bin"
14:29:56.97 [CE][Storage] ver:26 stamp:437, valid:yes, name:"C:\Users\rylic\OneDrive\Desktop\Expansion-Dev-Server-Deer-Isle\mpmissions\empty.deerisle\storage_1\data\building.001"
14:29:56.97 [CE][Storage] ver:26 stamp:438, valid:yes, name:"C:\Users\rylic\OneDrive\Desktop\Expansion-Dev-Server-Deer-Isle\mpmissions\empty.deerisle\storage_1\data\building.002"
14:29:56.97 [CE][Storage] Restoring file "C:\Users\rylic\OneDrive\Desktop\Expansion-Dev-Server-Deer-Isle\mpmissions\empty.deerisle\storage_1\data\building.bin" 0 items.
14:29:56.97   0 items loaded. (0 failed)
14:29:56.98 [CE][Storage] ver:25 stamp:440, valid:yes, name:"C:\Users\rylic\OneDrive\Desktop\Expansion-Dev-Server-Deer-Isle\mpmissions\empty.deerisle\storage_1\data\vehicles.bin"
14:29:56.99 [CE][Storage] ver:25 stamp:437, valid:yes, name:"C:\Users\rylic\OneDrive\Desktop\Expansion-Dev-Server-Deer-Isle\mpmissions\empty.deerisle\storage_1\data\vehicles.001"
14:29:56.99 [CE][Storage] ver:25 stamp:438, valid:yes, name:"C:\Users\rylic\OneDrive\Desktop\Expansion-Dev-Server-Deer-Isle\mpmissions\empty.deerisle\storage_1\data\vehicles.002"
14:29:56.99 [CE][Storage] Restoring file "C:\Users\rylic\OneDrive\Desktop\Expansion-Dev-Server-Deer-Isle\mpmissions\empty.deerisle\storage_1\data\vehicles.bin" 116 items.
14:29:56.819   116 items loaded. (0 failed)
14:29:56.842 [CE][Hive] :: Storage load took:9.31 seconds, recovery stamp:440
14:29:56.842   entity: 20982, building: 0
14:29:56.842   no lifetime: 37
14:29:56.842   ignored: 40
14:29:56.842   pathgraph's: 447
14:29:56.842 [CE][Hive] :: Initializing ... 
14:29:56.879 [CE][InitializeMap] :: initialized: 0
14:29:56.879 [CE][Hive] :: Initializing spawners ... 
14:29:56.953 [CE][LootRespawner] (PRIDummy) :: Initially (re)spawned:0, Nominal:20727, Total in Map: 20212 at 0 (sec)
14:29:56.953   tests:0, repeats:0 fails:0, overtime:0
14:29:56.981 [CE][AnimalRespawner] (PRICrab) :: !!! Missing AI Template "HerdCrab" for DE: "AnimalCrab"
14:29:56.981 [CE][DynEvent] :: 62 types
14:29:56.981 [00] AmbientHen
14:29:56.981   Primary Spawner: "Ambient", active: yes, repeat: 1
14:29:56.981 [01] AmbientBear
14:29:56.981   Primary Spawner: "Ambient", active: yes, repeat: 1
14:29:56.981 [02] AmbientPolarbear
14:29:56.981   Primary Spawner: "Ambient", active: yes, repeat: 1
14:29:56.981 [03] AmbientCow
14:29:56.982   Primary Spawner: "Ambient", active: yes, repeat: 1
14:29:56.982 [04] AmbientDeer
14:29:56.982   Primary Spawner: "Ambient", active: yes, repeat: 1
14:29:56.982 [05] AmbientGoat
14:29:56.982   Primary Spawner: "Ambient", active: yes, repeat: 1
14:29:56.982 [06] AmbientPig
14:29:56.982   Primary Spawner: "Ambient", active: yes, repeat: 1
14:29:56.982 [07] AmbientRoeDeer
14:29:56.982   Primary Spawner: "Ambient", active: yes, repeat: 1
14:29:56.982 [08] AmbientSheep
14:29:56.982   Primary Spawner: "Ambient", active: yes, repeat: 1
14:29:56.982 [09] AmbientWildBoar
14:29:56.982   Primary Spawner: "Ambient", active: yes, repeat: 1
14:29:56.982 [10] AnimalWolf
14:29:56.982   Primary Spawner: "Animal", active: yes, repeat: 1
14:29:56.982 [11] AnimalArcticWolf
14:29:56.982   Primary Spawner: "Animal", active: yes, repeat: 1
14:29:56.982 [12] InfectedArmy
14:29:56.982   Primary Spawner: "Infected", active: yes, repeat: 1
14:29:56.982 [13] InfectedArmyHard
14:29:56.982   Primary Spawner: "Infected", active: yes, repeat: 1
14:29:56.982 [14] InfectedArmyHardJMC
14:29:56.982   Primary Spawner: "Infected", active: yes, repeat: 1
14:29:56.982 [15] InfectedArmyHardJMCWinter
14:29:56.982   Primary Spawner: "Infected", active: yes, repeat: 1
14:29:56.982 [16] InfectedCity
14:29:56.982   Primary Spawner: "Infected", active: yes, repeat: 1
14:29:56.982 [17] InfectedFirefighter
14:29:56.982   Primary Spawner: "Infected", active: yes, repeat: 1
14:29:56.982 [18] InfectedIndustrial
14:29:56.982   Primary Spawner: "Infected", active: yes, repeat: 1
14:29:56.982 [19] InfectedMedic
14:29:56.982   Primary Spawner: "Infected", active: yes, repeat: 1
14:29:56.982 [20] InfectedNBC
14:29:56.982   Primary Spawner: "Infected", active: yes, repeat: 1
14:29:56.982 [21] InfectedNBCYellow
14:29:56.982   Primary Spawner: "Infected", active: yes, repeat: 1
14:29:56.982 [22] InfectedPolice
14:29:56.982   Primary Spawner: "Infected", active: yes, repeat: 1
14:29:56.982 [23] InfectedPoliceHard
14:29:56.982   Primary Spawner: "Infected", active: yes, repeat: 1
14:29:56.982 [24] InfectedPrisoner
14:29:56.982   Primary Spawner: "Infected", active: yes, repeat: 1
14:29:56.982 [25] InfectedReligious
14:29:56.982   Primary Spawner: "Infected", active: yes, repeat: 1
14:29:56.982 [26] InfectedSolitude
14:29:56.982   Primary Spawner: "Infected", active: yes, repeat: 1
14:29:56.982 [27] InfectedVillage
14:29:56.982   Primary Spawner: "Infected", active: yes, repeat: 1
14:29:56.982 [28] ItemPlanks
14:29:56.982   Primary Spawner: "Item", active: yes, repeat: 1
14:29:56.982 [29] Loot
14:29:56.982   Primary Spawner: "Loot", active: yes, repeat: 2
14:29:56.982 [30] StaticContaminatedArea
14:29:56.982   Primary Spawner: "Static", active: yes, repeat: 1
14:29:56.982 [31] StaticHeliCrash
14:29:56.982   Primary Spawner: "Static", active: yes, repeat: 1
14:29:56.982   Secondary Spawner: "Infected", active: yes, repeat: 1
14:29:56.982 [32] StaticPoliceCar
14:29:56.982   Primary Spawner: "Static", active: yes, repeat: 1
14:29:56.982   Secondary Spawner: "Infected", active: yes, repeat: 1
14:29:56.982 [33] TrajectoryApple
14:29:56.982   Primary Spawner: "Trajectory", active: yes, repeat: 1
14:29:56.982 [34] TrajectoryConiferous
14:29:56.982   Primary Spawner: "Trajectory", active: yes, repeat: 1
14:29:56.982 [35] TrajectoryDeciduous
14:29:56.982   Primary Spawner: "Trajectory", active: yes, repeat: 1
14:29:56.982 [36] TrajectoryHumus
14:29:56.982   Primary Spawner: "Trajectory", active: yes, repeat: 1
14:29:56.982 [37] TrajectoryPear
14:29:56.982   Primary Spawner: "Trajectory", active: yes, repeat: 1
14:29:56.982 [38] TrajectoryPlum
14:29:56.982   Primary Spawner: "Trajectory", active: yes, repeat: 1
14:29:56.982 [39] TrajectoryStones
14:29:56.982   Primary Spawner: "Trajectory", active: yes, repeat: 1
14:29:56.982 [40] VehicleCivilianSedan
14:29:56.982   Primary Spawner: "Vehicle", active: yes, repeat: 1
14:29:56.982 [41] VehicleHatchback02
14:29:56.982   Primary Spawner: "Vehicle", active: yes, repeat: 1
14:29:56.982 [42] VehicleOffroadHatchback
14:29:56.982   Primary Spawner: "Vehicle", active: yes, repeat: 1
14:29:56.982 [43] VehicleSedan02
14:29:56.982   Primary Spawner: "Vehicle", active: yes, repeat: 1
14:29:56.982 [44] VehicleTruck01
14:29:56.982   Primary Spawner: "Vehicle", active: yes, repeat: 1
14:29:56.982 [45] StaticVanPinkies
14:29:56.982   Primary Spawner: "Static", active: yes, repeat: 1
14:29:56.982 [46] StaticVanAmbulance
14:29:56.982   Primary Spawner: "Static", active: yes, repeat: 1
14:29:56.982 [47] StaticSkeletonEventspawn
14:29:56.982   Primary Spawner: "Static", active: yes, repeat: 1
14:29:56.982 [48] StaticPlantFernA
14:29:56.982   Primary Spawner: "Static", active: yes, repeat: 1
14:29:56.982 [49] StaticPlantFernB
14:29:56.982   Primary Spawner: "Static", active: yes, repeat: 1
14:29:56.982 [50] StaticPlantFernC
14:29:56.982   Primary Spawner: "Static", active: yes, repeat: 1
14:29:56.982 [51] AnimalCrab
14:29:56.982   Primary Spawner: "Animal", active: yes, repeat: 1
14:29:56.982 [52] VehicleUAZ
14:29:56.982   Primary Spawner: "Vehicle", active: yes, repeat: 1
14:29:56.982 [53] VehicleVodnik
14:29:56.982   Primary Spawner: "Vehicle", active: yes, repeat: 1
14:29:56.982 [54] VehicleBus
14:29:56.982   Primary Spawner: "Vehicle", active: yes, repeat: 1
14:29:56.982 [55] VehicleTractor
14:29:56.982   Primary Spawner: "Vehicle", active: yes, repeat: 1
14:29:56.982 [56] VehicleMH6Helicopter
14:29:56.982   Primary Spawner: "Vehicle", active: yes, repeat: 1
14:29:56.982 [57] VehicleMerlinHelicopter
14:29:56.982   Primary Spawner: "Vehicle", active: yes, repeat: 1
14:29:56.982 [58] VehicleUh1hHelicopter
14:29:56.982   Primary Spawner: "Vehicle", active: yes, repeat: 1
14:29:56.982 [59] VehicleGyroHelicopter
14:29:56.982   Primary Spawner: "Vehicle", active: yes, repeat: 1
14:29:56.982 [60] VehicleUtilityBoat
14:29:56.982   Primary Spawner: "Vehicle", active: yes, repeat: 1
14:29:56.983 [61] VehicleZodiacBoat
14:29:56.983   Primary Spawner: "Vehicle", active: yes, repeat: 1
14:29:56.983 [CE][Hive] :: Initializing of spawners done.
14:29:56.996 [CE][Hive] :: Init sequence finished.
14:29:56.996 Player connect enabled
14:29:58.240 [IdleMode] Entering IN - save processed
14:30:56.604 [Login]: Adding player Bunker (519386061) to login queue at position 0
14:30:56.604 [LoginMachine]: Add player Bunker (519386061 10.0.0.59:2316)
14:30:56.604 [StateMachine]: Player Bunker (dpnid 519386061 uid ) Entering AuthPlayerLoginState
14:30:57.588 [StateMachine]: Player Bunker (dpnid 519386061 uid ) Entering WaitAuthPlayerLoginState
14:30:58.710 [IdleMode] Leaving OUT
14:30:59.785 Player Bunker connected (id=BlCTbSRV5QYaEKP-S_Hg4CG7zCAg90tKLTciEKHy8Pc=).
14:30:59.785 Player "Bunker" is connected (steamID=76561199112746320)
14:30:59.785 [StateMachine]: Player Bunker (dpnid 519386061 uid ) Entering WaitPlayerAssignedLoginState
14:31:06.238 [StateMachine]: Player Bunker (dpnid 519386061 uid BlCTbSRV5QYaEKP-S_Hg4CG7zCAg90tKLTciEKHy8Pc=) Entering DBGetLoginTimeLoginState
14:31:06.239 [StateMachine]: Player Bunker (dpnid 519386061 uid BlCTbSRV5QYaEKP-S_Hg4CG7zCAg90tKLTciEKHy8Pc=) Entering DBWaitLoginTimeLoginState
14:31:11.239 [StateMachine]: Player Bunker (dpnid 519386061 uid BlCTbSRV5QYaEKP-S_Hg4CG7zCAg90tKLTciEKHy8Pc=) Entering DBGetCharacterLoginState
14:31:11.240 [StateMachine]: Player Bunker (dpnid 519386061 uid BlCTbSRV5QYaEKP-S_Hg4CG7zCAg90tKLTciEKHy8Pc=) Entering CreateNetObjectsLoginState
14:31:11.243 [StateMachine]: Player Bunker (dpnid 519386061 uid BlCTbSRV5QYaEKP-S_Hg4CG7zCAg90tKLTciEKHy8Pc=) Entering PreloadCamLoginState
14:31:11.243 [StateMachine]: Player Bunker (dpnid 519386061 uid BlCTbSRV5QYaEKP-S_Hg4CG7zCAg90tKLTciEKHy8Pc=) Entering WaitPreloadCamLoginState
14:31:13.444 [StateMachine]: Player Bunker (dpnid 519386061 uid BlCTbSRV5QYaEKP-S_Hg4CG7zCAg90tKLTciEKHy8Pc=) Entering GetLoadedCharLoginState
14:31:13.477 <LOAD EXISTING CHAR>:
    charID 1
    playerID 1
    dpnid 519386061
    uid BlCTbSRV5QYaEKP-S_Hg4CG7zCAg90tKLTciEKHy8Pc=