=====================================================================
== C:\Users\rylic\OneDrive\Desktop\Expansion-Dev-Server-Deer-Isle\DayZServer_x64.exe
== DayZServer_x64.exe -cpuCount=4 -mod=@DeerIsle;@CF;@CommunityOnlineTools;@DabsFramework;@DayZExpansionLicensed;@DayZExpansionBundle;@42MonthsAfterPvPDevelopment;@gebsfish;@GarbageSearch;@CollectableItems;@CannabisPlus;@SNAFUWeapons;@MunghardsItempack;@DayZEditorLoader;@WindstridesClothingPack; -config=serverDZ.cfg -port=2302 -noFilePatching -profiles=profiles -scrAllowFileWrite -adminlog
=====================================================================
Exe timestamp: 2024/01/01 17:40:38
Current time:  2024/01/05 23:51:46
Version 1.23.157045
=====================================================================

23:51:46.131 [Inputs] Loading inputs default "bin/constants.xml"
23:51:46.142 [Inputs] Loading inputs default "bin/specific.xml"
23:51:46.147 !!! [Inputs] Cannot load inputs default "", file does not exist
23:51:46.147 !!! [Inputs] Failed to load MODDED inputs - file name/ path invalid?
23:51:46.147 [Inputs] Loading inputs default "JM/COT/Scripts/Data/Inputs.xml"
23:51:46.147 [Inputs] Loading inputs default "LIVEN/PvZmoD_CustomisableZombies/inputs.xml"
23:51:46.147 [Inputs] Loading inputs default "PVEZ/data/inputs.xml"
23:51:46.147 [Inputs] Loading inputs default "WindstrideClothing/Inputs.xml"
23:51:46.152 [Inputs] Loading inputs default "deerisle/scripts/Inputs.xml"
23:51:46.152 [Inputs] Loading inputs default "DayZExpansion/Groups/Scripts/Data/Inputs.xml"
23:51:46.152 [Inputs] Loading inputs default "DayZExpansion/Navigation/Scripts/Data/Inputs.xml"
23:51:46.153 !!! [Inputs] Attempt to register duplicate exclusion group "chatexpansion"
23:51:46.153 [Inputs] Loading inputs default "DayZExpansion/PlayerList/Scripts/Data/Inputs.xml"
23:51:46.153 !!! [Inputs] Attempt to register duplicate exclusion group "chatexpansion"
23:51:46.153 [Inputs] Loading inputs default "DayZExpansion/Scripts/Data/Inputs.xml"
23:51:46.153 !!! [Inputs] Attempt to register duplicate exclusion group "chatexpansion"
23:51:46.153 [Inputs] Loading inputs default "DayZExpansion/Vehicles/Scripts/Data/Inputs.xml"
23:51:46.154 [Inputs] Loading inputs default "AdmiralsDivingMod/Scripts/Data/modded_Inputs.xml"
23:51:46.154 [Inputs] Loading inputs default "DayZExpansion/AI/Scripts/inputs.xml"
23:51:46.155 [Inputs] Loading inputs default "DayZExpansion/BaseBuilding/Scripts/Data/Inputs.xml"
23:51:46.155 !!! [Inputs] Attempt to register duplicate exclusion group "chatexpansion"
23:51:46.155 [Inputs] Loading inputs default "DayZExpansion/Book/Scripts/Data/Inputs.xml"
23:51:46.155 !!! [Inputs] Attempt to register duplicate exclusion group "chatexpansion"
23:51:46.155 [Inputs] Loading inputs default "DayZExpansion/Chat/Scripts/Data/Inputs.xml"
23:51:46.156 !!! [Inputs] Attempt to register duplicate exclusion group "chatexpansion"
23:51:46.156 [Inputs] Loading inputs default "DayZExpansion/Quests/Scripts/Data/Inputs.xml"
23:51:46.156 [Inputs] Loading inputs cfg "profiles\Users\Survivor\Server.core.xml"
23:51:46.156 !!! [Inputs] Cannot read inputs cfg "profiles\Users\Survivor\Server.core.xml", parser error
23:51:46.156 [Inputs] Loading inputs cfg "bin/core.xml"
23:51:46.156 !!! [Inputs] Cannot load input preset "#STR_USER", file does not exist
23:51:46.163 [Inputs] Exporting inputs cfg "profiles\Users\Survivor\Server.core.xml"
23:52:20.934 [CE][Hive] :: Initializing OFFLINE
23:52:20.935 [StorageDirs] :: Selected storage directory: C:\Users\rylic\OneDrive\Desktop\Expansion-Dev-Server-Deer-Isle\mpmissions\empty.deerisle\storage_1\
23:52:20.935 [CE][Hive] :: Loading core data ... 
23:52:20.935 [CE][CoreData] :: 7 root classes, 19 defaults, 0 updaters...
23:52:27.212 [CE] :: WARNING :: Preset map "optics" is EMPTY.
23:52:27.213 [CE][TypeSetup] :: 473 classes setuped...
23:52:27.217 [CE] :: WARNING :: Preset map "optics" is EMPTY.
23:52:27.217 [CE][TypeSetup] :: 97 classes setuped...
23:52:28.874 [CE][RegisterBind] :: 0 classes binded...
23:52:28.874 [CE][RegisterConfig] :: 15804 config classes registered, 0 sub-counters...
23:52:28.874 [CE][Hive] :: Loading map data ... 
23:52:28.875 [CE][IgnoreList] "cfgignorelist.xml" :: loaded 19 types
23:52:28.911 !!! [CE] :: Unknown category: 'vehicleparts'.
23:52:28.911 !!! [CE] :: Unknown category: 'vehicleparts'.
23:52:28.911 !!! [CE] :: Unknown category: 'vehicleparts'.
23:52:28.911 !!! [CE] :: Unknown category: 'vehicleparts'.
23:52:28.911 !!! [CE] :: Unknown category: 'vehicleparts'.
23:52:28.911 !!! [CE] :: Unknown category: 'vehicleparts'.
23:52:28.911 !!! [CE] :: Unknown category: 'vehicleparts'.
23:52:28.911 !!! [CE] :: Unknown category: 'vehicleparts'.
23:52:28.911 !!! [CE] :: Unknown category: 'vehicleparts'.
23:52:28.911 !!! [CE] :: Unknown category: 'vehicleparts'.
23:52:28.911 !!! [CE] :: Unknown category: 'vehicleparts'.
23:52:28.911 !!! [CE] :: Unknown category: 'vehicleparts'.
23:52:28.911 !!! [CE] :: Unknown category: 'vehicleparts'.
23:52:28.911 !!! [CE] :: Unknown category: 'vehicleparts'.
23:52:28.911 !!! [CE] :: Unknown category: 'vehicleparts'.
23:52:28.911 !!! [CE] :: Unknown category: 'vehicleparts'.
23:52:28.911 !!! [CE] :: Unknown category: 'vehicleparts'.
23:52:28.911 !!! [CE] :: Unknown category: 'vehicleparts'.
23:52:28.911 !!! [CE] :: Unknown category: 'vehicleparts'.
23:52:28.911 !!! [CE] :: Unknown category: 'vehicleparts'.
23:52:28.911 !!! [CE] :: Unknown category: 'vehicleparts'.
23:52:28.911 !!! [CE] :: Unknown category: 'vehicleparts'.
23:52:28.911 !!! [CE] :: Unknown category: 'vehicleparts'.
23:52:28.911 !!! [CE] :: Unknown category: 'vehicleparts'.
23:52:28.911 !!! [CE] :: Unknown category: 'vehicleparts'.
23:52:28.912 !!! [CE] :: Unknown category: 'vehicleparts'.
23:52:28.912 !!! [CE] :: Unknown category: 'vehicleparts'.
23:52:28.912 !!! [CE] :: Unknown category: 'vehicleparts'.
23:52:28.912 !!! [CE] :: Unknown usage: 'Fortknox'.
23:52:28.912 !!! [CE] :: Unknown usage: 'Mine'.
23:52:28.912 !!! [CE] :: Unknown usage: 'Mine'.
23:52:28.912 !!! [CE] :: Unknown usage: 'Temple'.
23:52:28.913 [CE][LoadPrototype] :: loaded 550 prototypes
23:52:28.913   989 containers, 11581 points
23:52:28.913   79 dispatches, 316 proxies
23:52:28.913 !!! [CE][LoadPrototype] 4 groups have no points...
23:52:28.913 !!! [CE][LoadPrototype] 2 groups have wrong points...
23:52:28.913 !!! [CE][LoadPrototype] 2 groups were defined more than once and skipped...
23:52:28.913 [CE][LoadPrototype] :: last group name: Land_Underground_Storage_Workshop...
23:52:28.917 [CE][LoadPrototype] :: loaded 0 prototypes
23:52:28.917   55 containers, 232 points
23:52:28.917   0 dispatches, 0 proxies
23:52:28.917 [CE][LoadPrototype] :: last group name: Rail9...
23:52:29.948 [CE][LoadMap] "Group" :: loaded 10479 groups, groups failed: 0, largest group range: 34.1
23:52:29.952 [CE][LoadMap] "Dirt" :: loaded 0 groups, groups failed: 0, largest group range: 34.1
23:52:30.147 [CE][Links] found 2684 total links between groups, of 10479
23:52:30.147 [CE][LoadClusters] "Cluster" :: Loading files...
23:52:30.276 [CE][LoadClusters] :: file: "mapgroupcluster.xml", 9 types, 50000 instances
23:52:30.414 [CE][LoadClusters] :: file: "mapgroupcluster01", 9 types, 50000 instances
23:52:30.547 [CE][LoadClusters] :: file: "mapgroupcluster02", 9 types, 50000 instances
23:52:30.547   9790 failed - check prototype defaults 'clusterMatrix' setups !!!
23:52:30.689 [CE][LoadClusters] :: file: "mapgroupcluster03", 9 types, 50000 instances
23:52:30.689   6758 failed - check prototype defaults 'clusterMatrix' setups !!!
23:52:30.776 [CE][LoadClusters] :: file: "mapgroupcluster04", 9 types, 24035 instances
23:52:30.776   2081 failed - check prototype defaults 'clusterMatrix' setups !!!
23:52:30.781 [CE][Storage] ver:21 stamp:1164, valid:yes, name:"C:\Users\rylic\OneDrive\Desktop\Expansion-Dev-Server-Deer-Isle\mpmissions\empty.deerisle\storage_1\data\types.bin"
23:52:30.782 [CE][Storage] ver:21 stamp:1156, valid:yes, name:"C:\Users\rylic\OneDrive\Desktop\Expansion-Dev-Server-Deer-Isle\mpmissions\empty.deerisle\storage_1\data\types.001"
23:52:30.782 [CE][Storage] ver:21 stamp:1154, valid:yes, name:"C:\Users\rylic\OneDrive\Desktop\Expansion-Dev-Server-Deer-Isle\mpmissions\empty.deerisle\storage_1\data\types.002"
23:52:30.782 [CE][Storage] Restoring file "C:\Users\rylic\OneDrive\Desktop\Expansion-Dev-Server-Deer-Isle\mpmissions\empty.deerisle\storage_1\data\types.bin".
23:52:30.998 !!! [CE][offlineDB] :: No Shutdown message present.
23:52:31.00 [CE][offlineDB] :: Loaded 52 dynamic events 261 total types.
23:52:31.01 !!! [CE][DE] (VehicleTruck01) :: Unable to create child (Truck_01_Covered_Grey) as the type does not exist.
23:52:31.01 [CE][offlineDB] :: Loaded 62 dynamic events 318 total types.
23:52:31.20 !!! [CE][offlineDB] :: Type 'Bandage' will be ignored. (Type does not exist. (Typo?))
23:52:31.20 !!! [CE][offlineDB] :: Type 'BandanaMask_BlackPattern' will be ignored. (Type does not exist. (Typo?))
23:52:31.20 !!! [CE][offlineDB] :: Type 'BandanaMask_CamoPattern' will be ignored. (Type does not exist. (Typo?))
23:52:31.20 !!! [CE][offlineDB] :: Type 'BandanaMask_GreenPattern' will be ignored. (Type does not exist. (Typo?))
23:52:31.20 !!! [CE][offlineDB] :: Type 'BandanaMask_PolkaPattern' will be ignored. (Type does not exist. (Typo?))
23:52:31.20 !!! [CE][offlineDB] :: Type 'BandanaMask_RedPattern' will be ignored. (Type does not exist. (Typo?))
23:52:31.20 !!! [CE][offlineDB] :: Type 'BomberJacket_Black' will be ignored. (Type does not exist. (Typo?))
23:52:31.20 !!! [CE][offlineDB] :: Type 'BomberJacket_Blue' will be ignored. (Type does not exist. (Typo?))
23:52:31.20 !!! [CE][offlineDB] :: Type 'BomberJacket_Brown' will be ignored. (Type does not exist. (Typo?))
23:52:31.20 !!! [CE][offlineDB] :: Type 'BomberJacket_Grey' will be ignored. (Type does not exist. (Typo?))
23:52:31.20 !!! [CE][offlineDB] :: Type 'BomberJacket_Maroon' will be ignored. (Type does not exist. (Typo?))
23:52:31.20 !!! [CE][offlineDB] :: Type 'BomberJacket_Olive' will be ignored. (Type does not exist. (Typo?))
23:52:31.20 !!! [CE][offlineDB] :: Type 'BomberJacket_SkyBlue' will be ignored. (Type does not exist. (Typo?))
23:52:31.20 !!! [CE][offlineDB] :: Type 'ChristmasTree_Green' will be ignored. (Not spawnable. (Scope is not public?))
23:52:31.20 !!! [CE][offlineDB] :: Type 'ChristmasTree' will be ignored. (Not spawnable. (Scope is not public?))
23:52:31.20 !!! [CE][offlineDB] :: Type 'DallasMask' will be ignored. (Type does not exist. (Typo?))
23:52:31.20 !!! [CE][offlineDB] :: Type 'GorkaPants_Autumn' will be ignored. (Type does not exist. (Typo?))
23:52:31.20 !!! [CE][offlineDB] :: Type 'GorkaPants_Flat' will be ignored. (Type does not exist. (Typo?))
23:52:31.20 !!! [CE][offlineDB] :: Type 'GorkaPants_PautRev' will be ignored. (Type does not exist. (Typo?))
23:52:31.20 !!! [CE][offlineDB] :: Type 'GorkaPants_Summer' will be ignored. (Type does not exist. (Typo?))
23:52:31.21 !!! [CE][offlineDB] :: Type 'HoxtonMask' will be ignored. (Type does not exist. (Typo?))
23:52:31.21 !!! [CE][offlineDB] :: Type 'Jeans_Black' will be ignored. (Type does not exist. (Typo?))
23:52:31.21 !!! [CE][offlineDB] :: Type 'Jeans_Blue' will be ignored. (Type does not exist. (Typo?))
23:52:31.21 !!! [CE][offlineDB] :: Type 'Jeans_BlueDark' will be ignored. (Type does not exist. (Typo?))
23:52:31.21 !!! [CE][offlineDB] :: Type 'Jeans_Brown' will be ignored. (Type does not exist. (Typo?))
23:52:31.21 !!! [CE][offlineDB] :: Type 'Jeans_Green' will be ignored. (Type does not exist. (Typo?))
23:52:31.21 !!! [CE][offlineDB] :: Type 'Jeans_Grey' will be ignored. (Type does not exist. (Typo?))
23:52:31.21 !!! [CE][offlineDB] :: Type 'ManSuit_Beige' will be ignored. (Type does not exist. (Typo?))
23:52:31.21 !!! [CE][offlineDB] :: Type 'ManSuit_Black' will be ignored. (Type does not exist. (Typo?))
23:52:31.21 !!! [CE][offlineDB] :: Type 'ManSuit_Blue' will be ignored. (Type does not exist. (Typo?))
23:52:31.21 !!! [CE][offlineDB] :: Type 'ManSuit_Brown' will be ignored. (Type does not exist. (Typo?))
23:52:31.21 !!! [CE][offlineDB] :: Type 'ManSuit_DarkGrey' will be ignored. (Type does not exist. (Typo?))
23:52:31.21 !!! [CE][offlineDB] :: Type 'ManSuit_Khaki' will be ignored. (Type does not exist. (Typo?))
23:52:31.21 !!! [CE][offlineDB] :: Type 'ManSuit_LightGrey' will be ignored. (Type does not exist. (Typo?))
23:52:31.21 !!! [CE][offlineDB] :: Type 'ManSuit_White' will be ignored. (Type does not exist. (Typo?))
23:52:31.21 !!! [CE][offlineDB] :: Type 'MedicalScrubsPants_Blue' will be ignored. (Type does not exist. (Typo?))
23:52:31.21 !!! [CE][offlineDB] :: Type 'MedicalScrubsPants_Green' will be ignored. (Type does not exist. (Typo?))
23:52:31.21 !!! [CE][offlineDB] :: Type 'MedicalScrubsPants_White' will be ignored. (Type does not exist. (Typo?))
23:52:31.21 !!! [CE][offlineDB] :: Type 'MedicalScrubsShirt_Blue' will be ignored. (Type does not exist. (Typo?))
23:52:31.21 !!! [CE][offlineDB] :: Type 'MedicalScrubsShirt_Green' will be ignored. (Type does not exist. (Typo?))
23:52:31.21 !!! [CE][offlineDB] :: Type 'MedicalScrubsShirt_White' will be ignored. (Type does not exist. (Typo?))
23:52:31.21 !!! [CE][offlineDB] :: Type 'MountainBag_Red' will be ignored. (Type does not exist. (Typo?))
23:52:31.22 !!! [CE][offlineDB] :: Type 'Raincoat_Black' will be ignored. (Type does not exist. (Typo?))
23:52:31.22 !!! [CE][offlineDB] :: Type 'Raincoat_Blue' will be ignored. (Type does not exist. (Typo?))
23:52:31.22 !!! [CE][offlineDB] :: Type 'Raincoat_Green' will be ignored. (Type does not exist. (Typo?))
23:52:31.22 !!! [CE][offlineDB] :: Type 'Raincoat_Orange' will be ignored. (Type does not exist. (Typo?))
23:52:31.22 !!! [CE][offlineDB] :: Type 'Raincoat_Pink' will be ignored. (Type does not exist. (Typo?))
23:52:31.22 !!! [CE][offlineDB] :: Type 'Raincoat_Red' will be ignored. (Type does not exist. (Typo?))
23:52:31.22 !!! [CE][offlineDB] :: Type 'Raincoat_Yellow' will be ignored. (Type does not exist. (Typo?))
23:52:31.22 !!! [CE][offlineDB] :: Type 'SantasSleigh' will be ignored. (Type does not exist. (Typo?))
23:52:31.22 !!! [CE][offlineDB] :: Type 'SharpLongWoodenStick' will be ignored. (Type does not exist. (Typo?))
23:52:31.22 !!! [CE][offlineDB] :: Type 'Shirt_BlueCheck' will be ignored. (Type does not exist. (Typo?))
23:52:31.22 !!! [CE][offlineDB] :: Type 'Shirt_BlueCheckBright' will be ignored. (Type does not exist. (Typo?))
23:52:31.22 !!! [CE][offlineDB] :: Type 'Shirt_GreenCheck' will be ignored. (Type does not exist. (Typo?))
23:52:31.22 !!! [CE][offlineDB] :: Type 'Shirt_PlaneBlack' will be ignored. (Type does not exist. (Typo?))
23:52:31.22 !!! [CE][offlineDB] :: Type 'Shirt_RedCheck' will be ignored. (Type does not exist. (Typo?))
23:52:31.22 !!! [CE][offlineDB] :: Type 'Shirt_WhiteCheck' will be ignored. (Type does not exist. (Typo?))
23:52:31.22 !!! [CE][offlineDB] :: Type 'SlacksPants_Beige' will be ignored. (Type does not exist. (Typo?))
23:52:31.22 !!! [CE][offlineDB] :: Type 'SlacksPants_Black' will be ignored. (Type does not exist. (Typo?))
23:52:31.22 !!! [CE][offlineDB] :: Type 'SlacksPants_Blue' will be ignored. (Type does not exist. (Typo?))
23:52:31.22 !!! [CE][offlineDB] :: Type 'SlacksPants_Brown' will be ignored. (Type does not exist. (Typo?))
23:52:31.22 !!! [CE][offlineDB] :: Type 'SlacksPants_DarkGrey' will be ignored. (Type does not exist. (Typo?))
23:52:31.22 !!! [CE][offlineDB] :: Type 'SlacksPants_Khaki' will be ignored. (Type does not exist. (Typo?))
23:52:31.22 !!! [CE][offlineDB] :: Type 'SlacksPants_LightGrey' will be ignored. (Type does not exist. (Typo?))
23:52:31.22 !!! [CE][offlineDB] :: Type 'SlacksPants_White' will be ignored. (Type does not exist. (Typo?))
23:52:31.22 !!! [CE][offlineDB] :: Type 'Spear' will be ignored. (Not spawnable. (Scope is not public?))
23:52:31.22 !!! [CE][offlineDB] :: Type 'TShirt_Beige' will be ignored. (Type does not exist. (Typo?))
23:52:31.22 !!! [CE][offlineDB] :: Type 'TShirt_Black' will be ignored. (Type does not exist. (Typo?))
23:52:31.22 !!! [CE][offlineDB] :: Type 'TShirt_Blue' will be ignored. (Type does not exist. (Typo?))
23:52:31.22 !!! [CE][offlineDB] :: Type 'TShirt_Green' will be ignored. (Type does not exist. (Typo?))
23:52:31.22 !!! [CE][offlineDB] :: Type 'TShirt_Grey' will be ignored. (Type does not exist. (Typo?))
23:52:31.22 !!! [CE][offlineDB] :: Type 'TShirt_OrangeWhiteStripes' will be ignored. (Type does not exist. (Typo?))
23:52:31.22 !!! [CE][offlineDB] :: Type 'TShirt_Red' will be ignored. (Type does not exist. (Typo?))
23:52:31.22 !!! [CE][offlineDB] :: Type 'TShirt_RedBlackStripes' will be ignored. (Type does not exist. (Typo?))
23:52:31.22 !!! [CE][offlineDB] :: Type 'TShirt_White' will be ignored. (Type does not exist. (Typo?))
23:52:31.22 !!! [CE][offlineDB] :: Type 'TransitBus' will be ignored. (Type does not exist. (Typo?))
23:52:31.22 !!! [CE][offlineDB] :: Type 'WitchHood_Chainmail_Black' will be ignored. (Type does not exist. (Typo?))
23:52:31.22 !!! [CE][offlineDB] :: Type 'WitchHood_Chainmail_Brown' will be ignored. (Type does not exist. (Typo?))
23:52:31.22 !!! [CE][offlineDB] :: Type 'WitchHood_Chainmail_Red' will be ignored. (Type does not exist. (Typo?))
23:52:31.22 !!! [CE][offlineDB] :: Type 'WolfMask' will be ignored. (Type does not exist. (Typo?))
23:52:31.22 !!! [CE][offlineDB] :: Type 'ttcelticaxe' will be ignored. (Type does not exist. (Typo?))
23:52:31.23 !!! [CE][offlineDB] :: Type 'tantosword' will be ignored. (Type does not exist. (Typo?))
23:52:31.23 !!! [CE][offlineDB] :: Type 'STAG_Flag_Gespiegelt' will be ignored. (Type does not exist. (Typo?))
23:52:31.23 !!! [CE][offlineDB] :: Type 'STAG_Clothing_MountainBag' will be ignored. (Type does not exist. (Typo?))
23:52:31.29 !!! [CE][offlineDB] :: Type 'Expansion_M79' will be ignored. (Not spawnable. (Scope is not public?))
23:52:31.30 !!! [CE][offlineDB] :: Type 'ExpansionFlaregun' will be ignored. (Not spawnable. (Scope is not public?))
23:52:31.30 !!! [CE][offlineDB] :: Type 'Expansion_Longhorn' will be ignored. (Not spawnable. (Scope is not public?))
23:52:31.37 !!! [CE][offlineDB] :: Type 'DOC_Bocchi' will be ignored. (Type does not exist. (Typo?))
23:52:31.37 !!! [CE][offlineDB] :: Type 'DOC_Metallia' will be ignored. (Type does not exist. (Typo?))
23:52:31.37 !!! [CE][offlineDB] :: Type 'DOC_Pedro' will be ignored. (Type does not exist. (Typo?))
23:52:31.37 !!! [CE][offlineDB] :: Type 'DOC_Violet' will be ignored. (Type does not exist. (Typo?))
23:52:31.37 !!! [CE][offlineDB] :: Type 'DOC_42Finger' will be ignored. (Type does not exist. (Typo?))
23:52:31.37 !!! [CE][offlineDB] :: Type 'DOC_Squidward' will be ignored. (Type does not exist. (Typo?))
23:52:31.37 !!! [CE][offlineDB] :: Type 'Armband_DOC_Bocchi' will be ignored. (Type does not exist. (Typo?))
23:52:31.37 !!! [CE][offlineDB] :: Type 'Armband_DOC_Metallia' will be ignored. (Type does not exist. (Typo?))
23:52:31.37 !!! [CE][offlineDB] :: Type 'Armband_DOC_Pedro' will be ignored. (Type does not exist. (Typo?))
23:52:31.37 !!! [CE][offlineDB] :: Type 'Armband_DOC_42FINGERS' will be ignored. (Type does not exist. (Typo?))
23:52:31.37 !!! [CE][offlineDB] :: Type 'Armband_DOC_Violet' will be ignored. (Type does not exist. (Typo?))
23:52:31.37 !!! [CE][offlineDB] :: Type 'Armband_DOC_Squidward' will be ignored. (Type does not exist. (Typo?))
23:52:31.37 !!! [CE][offlineDB] :: Type 'DOC_Jacket_Red42' will be ignored. (Type does not exist. (Typo?))
23:52:31.37 !!! [CE][offlineDB] :: Type 'DOC_Raincoat_Red42' will be ignored. (Type does not exist. (Typo?))
23:52:31.37 !!! [CE][offlineDB] :: Type 'DOC_Jeans_Red42' will be ignored. (Type does not exist. (Typo?))
23:52:31.37 !!! [CE][offlineDB] :: Type 'DOC_ADMIN_BLUE_TOP' will be ignored. (Type does not exist. (Typo?))
23:52:31.37 !!! [CE][offlineDB] :: Type 'DOC_ADMIN_BLUE_BOTTOM' will be ignored. (Type does not exist. (Typo?))
23:52:31.37 !!! [CE][offlineDB] :: Type 'DOC_ADMIN_DOC_TOP' will be ignored. (Type does not exist. (Typo?))
23:52:31.37 !!! [CE][offlineDB] :: Type 'DOC_ADMIDOC_GHILLIE_REDGREY' will be ignored. (Type does not exist. (Typo?))
23:52:31.37 !!! [CE][offlineDB] :: Type 'DOC_GHILLIETOP_REDGREY' will be ignored. (Type does not exist. (Typo?))
23:52:31.37 !!! [CE][offlineDB] :: Type 'DOC_GHILLIE_GUNWRAP_REDGREY' will be ignored. (Type does not exist. (Typo?))
23:52:31.37 !!! [CE][offlineDB] :: Type 'DOC_GHILLIE_BLUEBLACK' will be ignored. (Type does not exist. (Typo?))
23:52:31.37 !!! [CE][offlineDB] :: Type 'DOC_GHILLIE_GUNWRAP_BLUEBLAC' will be ignored. (Type does not exist. (Typo?))
23:52:31.37 !!! [CE][offlineDB] :: Type 'DOC_GHILLIETOP_BLUEBLACK' will be ignored. (Type does not exist. (Typo?))
23:52:31.37 !!! [CE][offlineDB] :: Type 'Airsoft_M4A1' will be ignored. (Type does not exist. (Typo?))
23:52:31.37 !!! [CE][offlineDB] :: Type 'Airsoft_AK' will be ignored. (Type does not exist. (Typo?))
23:52:31.37 !!! [CE][offlineDB] :: Type 'Airsoft_Sniper' will be ignored. (Type does not exist. (Typo?))
23:52:31.37 !!! [CE][offlineDB] :: Type 'Mag_Airsoft_M4' will be ignored. (Type does not exist. (Typo?))
23:52:31.37 !!! [CE][offlineDB] :: Type 'Mag_Airsoft_AK' will be ignored. (Type does not exist. (Typo?))
23:52:31.37 !!! [CE][offlineDB] :: Type 'Ammo_Airsoft762' will be ignored. (Type does not exist. (Typo?))
23:52:31.37 !!! [CE][offlineDB] :: Type 'Ammo_Airsoft556' will be ignored. (Type does not exist. (Typo?))
23:52:31.37 !!! [CE][offlineDB] :: Type 'Ammo_Airsoft308' will be ignored. (Type does not exist. (Typo?))
23:52:31.37 !!! [CE][offlineDB] :: Type 'Prefab_Cabin' will be ignored. (Type does not exist. (Typo?))
23:52:31.37 !!! [CE][offlineDB] :: Type 'Cabin_Kit' will be ignored. (Type does not exist. (Typo?))
23:52:31.37 !!! [CE][offlineDB] :: Type 'Sk_Cabinet' will be ignored. (Type does not exist. (Typo?))
23:52:31.37 !!! [CE][offlineDB] :: Type 'Cabin_Water_Pump' will be ignored. (Type does not exist. (Typo?))
23:52:31.37 !!! [CE][offlineDB] :: Type 'Radioactive_bear_Meat' will be ignored. (Type does not exist. (Typo?))
23:52:31.37 !!! [CE][offlineDB] :: Type 'Radioactive_wolf_Meat' will be ignored. (Type does not exist. (Typo?))
23:52:31.37 !!! [CE][offlineDB] :: Type 'DXMediumTent_1' will be ignored. (Type does not exist. (Typo?))
23:52:31.37 !!! [CE][offlineDB] :: Type 'DXMediumTent_2' will be ignored. (Type does not exist. (Typo?))
23:52:31.37 !!! [CE][offlineDB] :: Type 'DXMediumTent_3' will be ignored. (Type does not exist. (Typo?))
23:52:31.38 !!! [CE][offlineDB] :: Type 'DXMediumTent_4' will be ignored. (Type does not exist. (Typo?))
23:52:31.38 !!! [CE][offlineDB] :: Type 'DXMediumTent_5' will be ignored. (Type does not exist. (Typo?))
23:52:31.38 !!! [CE][offlineDB] :: Type 'DXMediumTent_6' will be ignored. (Type does not exist. (Typo?))
23:52:31.38 !!! [CE][offlineDB] :: Type 'DXMediumTent_7' will be ignored. (Type does not exist. (Typo?))
23:52:31.38 !!! [CE][offlineDB] :: Type 'DXMediumTent_8' will be ignored. (Type does not exist. (Typo?))
23:52:31.38 !!! [CE][offlineDB] :: Type 'DXMediumTent_9' will be ignored. (Type does not exist. (Typo?))
23:52:31.38 !!! [CE][offlineDB] :: Type 'DXMediumTent_10' will be ignored. (Type does not exist. (Typo?))
23:52:31.38 !!! [CE][offlineDB] :: Type 'DXMediumTent_11' will be ignored. (Type does not exist. (Typo?))
23:52:31.38 !!! [CE][offlineDB] :: Type 'SWAT_Pants' will be ignored. (Type does not exist. (Typo?))
23:52:31.38 !!! [CE][offlineDB] :: Type 'SWAT_Balaclava' will be ignored. (Type does not exist. (Typo?))
23:52:31.38 !!! [CE][offlineDB] :: Type 'SWAT_Gloves' will be ignored. (Type does not exist. (Typo?))
23:52:31.38 !!! [CE][offlineDB] :: Type 'SWAT_Goggles' will be ignored. (Type does not exist. (Typo?))
23:52:31.38 !!! [CE][offlineDB] :: Type 'SWAT_Shirt' will be ignored. (Type does not exist. (Typo?))
23:52:31.38 !!! [CE][offlineDB] :: Type 'SWAT_Vest' will be ignored. (Type does not exist. (Typo?))
23:52:31.38 !!! [CE][offlineDB] :: Type 'SWAT_Helmet' will be ignored. (Type does not exist. (Typo?))
23:52:31.38 !!! [CE][offlineDB] :: Type 'RFSolarPanel' will be ignored. (Type does not exist. (Typo?))
23:52:31.38 !!! [CE][offlineDB] :: Type 'RFSolarPanelKit' will be ignored. (Type does not exist. (Typo?))
23:52:31.38 !!! [CE][offlineDB] :: Type 'MVS_Combat_Vest_Black_Camo_Bunker' will be ignored. (Type does not exist. (Typo?))
23:52:31.38 !!! [CE][offlineDB] :: Type 'MVS_Combat_Vest_Black_Camo2_Bunker' will be ignored. (Type does not exist. (Typo?))
23:52:31.38 !!! [CE][offlineDB] :: Type 'MVS_Combat_Vest_Camo_Orange_Bunker' will be ignored. (Type does not exist. (Typo?))
23:52:31.38 !!! [CE][offlineDB] :: Type 'MVS_Combat_Vest_Camo_Tigr_Bunker' will be ignored. (Type does not exist. (Typo?))
23:52:31.38 !!! [CE][offlineDB] :: Type 'MVS_Combat_Vest_ELRD_Camo' will be ignored. (Type does not exist. (Typo?))
23:52:31.38 !!! [CE][offlineDB] :: Type 'MVS_Combat_Vest_Green_Camo_Bunker' will be ignored. (Type does not exist. (Typo?))
23:52:31.38 !!! [CE][offlineDB] :: Type 'MVS_Magazine_Pouch_Black_Camo_Bunker' will be ignored. (Type does not exist. (Typo?))
23:52:31.38 !!! [CE][offlineDB] :: Type 'MVS_Magazine_Pouch_Black_Camo2_Bunker' will be ignored. (Type does not exist. (Typo?))
23:52:31.38 !!! [CE][offlineDB] :: Type 'MVS_Magazine_Pouch_Camo_Orange_Bunker' will be ignored. (Type does not exist. (Typo?))
23:52:31.38 !!! [CE][offlineDB] :: Type 'MVS_Magazine_Pouch_Camo_Tigr_Bunker' will be ignored. (Type does not exist. (Typo?))
23:52:31.38 !!! [CE][offlineDB] :: Type 'MVS_Magazine_Pouch_ELRD_Camo_Bunker' will be ignored. (Type does not exist. (Typo?))
23:52:31.38 !!! [CE][offlineDB] :: Type 'MVS_Magazine_Pouch_Green_Camo_Bunker' will be ignored. (Type does not exist. (Typo?))
23:52:31.38 !!! [CE][offlineDB] :: Type 'MVS_Admin_Pouch_Black_Camo_Bunker' will be ignored. (Type does not exist. (Typo?))
23:52:31.38 !!! [CE][offlineDB] :: Type 'MVS_Admin_Pouch_Black_Camo2_Bunker' will be ignored. (Type does not exist. (Typo?))
23:52:31.38 !!! [CE][offlineDB] :: Type 'MVS_Admin_Pouch_Camo_Orange_Bunker' will be ignored. (Type does not exist. (Typo?))
23:52:31.38 !!! [CE][offlineDB] :: Type 'MVS_Admin_Pouch_Camo_Tigr_Bunker' will be ignored. (Type does not exist. (Typo?))
23:52:31.38 !!! [CE][offlineDB] :: Type 'MVS_Admin_Pouch_ELRD_Camo_Bunker' will be ignored. (Type does not exist. (Typo?))
23:52:31.38 !!! [CE][offlineDB] :: Type 'MVS_Admin_Pouch_Green_Camo_Bunker' will be ignored. (Type does not exist. (Typo?))
23:52:31.38 !!! [CE][offlineDB] :: Type 'MVS_Utility_Pouch_Black_Camo_Bunker' will be ignored. (Type does not exist. (Typo?))
23:52:31.38 !!! [CE][offlineDB] :: Type 'MVS_Utility_Pouch_Black_Camo2_Bunker' will be ignored. (Type does not exist. (Typo?))
23:52:31.38 !!! [CE][offlineDB] :: Type 'MVS_Utility_Pouch_Camo_Orange_Bunker' will be ignored. (Type does not exist. (Typo?))
23:52:31.38 !!! [CE][offlineDB] :: Type 'MVS_Utility_Pouch_Camo_Tigr_Bunker' will be ignored. (Type does not exist. (Typo?))
23:52:31.38 !!! [CE][offlineDB] :: Type 'MVS_Utility_Pouch_ELRD_Camo_Bunker' will be ignored. (Type does not exist. (Typo?))
23:52:31.38 !!! [CE][offlineDB] :: Type 'MVS_Utility_Pouch_Green_Camo_Bunker' will be ignored. (Type does not exist. (Typo?))
23:52:31.38 !!! [CE][offlineDB] :: Type 'MVS_Medical_Pouch_Camo_Orange_Bunker' will be ignored. (Type does not exist. (Typo?))
23:52:31.38 !!! [CE][offlineDB] :: Type 'MVS_Medical_Pouch_Camo_Tigr_Bunker' will be ignored. (Type does not exist. (Typo?))
23:52:31.38 !!! [CE][offlineDB] :: Type 'MVS_Medical_Pouch_ELRD_Camo_Bunker' will be ignored. (Type does not exist. (Typo?))
23:52:31.38 !!! [CE][offlineDB] :: Type 'MVS_Pack_Black_Camo_Bunker' will be ignored. (Type does not exist. (Typo?))
23:52:31.38 !!! [CE][offlineDB] :: Type 'MVS_Pack_Black_Camo2_Bunker' will be ignored. (Type does not exist. (Typo?))
23:52:31.38 !!! [CE][offlineDB] :: Type 'MVS_Pack_Camo_Orange_Bunker' will be ignored. (Type does not exist. (Typo?))
23:52:31.38 !!! [CE][offlineDB] :: Type 'MVS_Pack_Camo_Tigr_Bunker' will be ignored. (Type does not exist. (Typo?))
23:52:31.38 !!! [CE][offlineDB] :: Type 'MVS_Pack_ELRD_Camo_Bunker' will be ignored. (Type does not exist. (Typo?))
23:52:31.38 !!! [CE][offlineDB] :: Type 'MVS_Pack_Green_Camo_Bunker' will be ignored. (Type does not exist. (Typo?))
23:52:31.38 !!! [CE][offlineDB] :: Type 'MVS_Combat_Vest_Heavy_Black_Camo_Bunker' will be ignored. (Type does not exist. (Typo?))
23:52:31.38 !!! [CE][offlineDB] :: Type 'MVS_Combat_Vest_Heavy_Black_Camo2_Bunker' will be ignored. (Type does not exist. (Typo?))
23:52:31.38 !!! [CE][offlineDB] :: Type 'MVS_Combat_Vest_Heavy_Camo_Orange_Bunker' will be ignored. (Type does not exist. (Typo?))
23:52:31.38 !!! [CE][offlineDB] :: Type 'MVS_Combat_Vest_Heavy_Camo_Tigr_Bunker' will be ignored. (Type does not exist. (Typo?))
23:52:31.38 !!! [CE][offlineDB] :: Type 'MVS_Combat_Vest_Heavy_ELRD_Camo_Bunker' will be ignored. (Type does not exist. (Typo?))
23:52:31.38 !!! [CE][offlineDB] :: Type 'MVS_Combat_Vest_Heavy_Green_Camo_Bunker' will be ignored. (Type does not exist. (Typo?))
23:52:31.38 !!! [CE][offlineDB] :: Type 'MVS_Taco_Pouch_Black_Camo_Bunker' will be ignored. (Type does not exist. (Typo?))
23:52:31.38 !!! [CE][offlineDB] :: Type 'MVS_Taco_Pouch_Black_Camo2_Bunker' will be ignored. (Type does not exist. (Typo?))
23:52:31.38 !!! [CE][offlineDB] :: Type 'MVS_Taco_Pouch_Camo_Orange_Bunker' will be ignored. (Type does not exist. (Typo?))
23:52:31.38 !!! [CE][offlineDB] :: Type 'MVS_Taco_Pouch_Camo_Tigr_Bunker' will be ignored. (Type does not exist. (Typo?))
23:52:31.38 !!! [CE][offlineDB] :: Type 'MVS_Taco_Pouch_ELRD_Camo_Bunker' will be ignored. (Type does not exist. (Typo?))
23:52:31.38 !!! [CE][offlineDB] :: Type 'MVS_Taco_Pouch_Green_Camo_Bunker' will be ignored. (Type does not exist. (Typo?))
23:52:31.38 !!! [CE][offlineDB] :: Type 'MVS_Pakol_Comtac' will be ignored. (Type does not exist. (Typo?))
23:52:31.38 !!! [CE][offlineDB] :: Type 'MVS_canteen_Black_Camo_Bunker' will be ignored. (Type does not exist. (Typo?))
23:52:31.38 !!! [CE][offlineDB] :: Type 'MVS_canteen_Black_Camo2_Bunker' will be ignored. (Type does not exist. (Typo?))
23:52:31.38 !!! [CE][offlineDB] :: Type 'MVS_canteen_Camp_Orange' will be ignored. (Type does not exist. (Typo?))
23:52:31.38 !!! [CE][offlineDB] :: Type 'MVS_canteen_Camo_Tigr_Bunker' will be ignored. (Type does not exist. (Typo?))
23:52:31.38 !!! [CE][offlineDB] :: Type 'MVS_canteen_ELRD_Camo_Bunker' will be ignored. (Type does not exist. (Typo?))
23:52:31.38 !!! [CE][offlineDB] :: Type 'MVS_canteen_Green_Camo_Bunker' will be ignored. (Type does not exist. (Typo?))
23:52:31.38 !!! [CE][offlineDB] :: Type 'MVS_OpsCore_Black_Camo_Bunker' will be ignored. (Type does not exist. (Typo?))
23:52:31.38 !!! [CE][offlineDB] :: Type 'MVS_OpsCore_Black_Camo2_Bunker' will be ignored. (Type does not exist. (Typo?))
23:52:31.38 !!! [CE][offlineDB] :: Type 'MVS_OpsCore_Camo_Orange_Bunker' will be ignored. (Type does not exist. (Typo?))
23:52:31.38 !!! [CE][offlineDB] :: Type 'MVS_OpsCore_Camo_Tigr_Bunker' will be ignored. (Type does not exist. (Typo?))
23:52:31.38 !!! [CE][offlineDB] :: Type 'MVS_OpsCore_ELRD_Camo_Bunker' will be ignored. (Type does not exist. (Typo?))
23:52:31.38 !!! [CE][offlineDB] :: Type 'MVS_OpsCore_Green_Camo_Bunker' will be ignored. (Type does not exist. (Typo?))
23:52:31.38 !!! [CE][offlineDB] :: Type 'MVS_GorkaPants' will be ignored. (Type does not exist. (Typo?))
23:52:31.38 !!! [CE][offlineDB] :: Type 'MVS_GorkaPants_Snow' will be ignored. (Type does not exist. (Typo?))
23:52:31.38 !!! [CE][offlineDB] :: Type 'MVS_ArmoredHelmet_Black_Camo_Bunker' will be ignored. (Type does not exist. (Typo?))
23:52:31.38 !!! [CE][offlineDB] :: Type 'MVS_ArmoredHelmet_Black_Camo2_Bunker' will be ignored. (Type does not exist. (Typo?))
23:52:31.38 !!! [CE][offlineDB] :: Type 'MVS_ArmoredHelmet_Camo_Orange_Bunker' will be ignored. (Type does not exist. (Typo?))
23:52:31.38 !!! [CE][offlineDB] :: Type 'MVS_ArmoredHelmet_Camo_Tigr_Bunker' will be ignored. (Type does not exist. (Typo?))
23:52:31.38 !!! [CE][offlineDB] :: Type 'MVS_ArmoredHelmet_ELRD_Camo_Bunker' will be ignored. (Type does not exist. (Typo?))
23:52:31.38 !!! [CE][offlineDB] :: Type 'MVS_ArmoredHelmet_Green_Camo_Bunker' will be ignored. (Type does not exist. (Typo?))
23:52:31.38 !!! [CE][offlineDB] :: Type 'MVS_Rucksack_Black_Camo_Bunker' will be ignored. (Type does not exist. (Typo?))
23:52:31.38 !!! [CE][offlineDB] :: Type 'MVS_Rucksack_Black_Camo2_Bunker' will be ignored. (Type does not exist. (Typo?))
23:52:31.38 !!! [CE][offlineDB] :: Type 'MVS_Rucksack_Camo_Orange_Bunker' will be ignored. (Type does not exist. (Typo?))
23:52:31.38 !!! [CE][offlineDB] :: Type 'MVS_Rucksack_Camo_Tigr_Bunker' will be ignored. (Type does not exist. (Typo?))
23:52:31.38 !!! [CE][offlineDB] :: Type 'MVS_Rucksack_ELRD_Camo_Bunker' will be ignored. (Type does not exist. (Typo?))
23:52:31.38 !!! [CE][offlineDB] :: Type 'MVS_Rucksack_Green_Camo_Bunker' will be ignored. (Type does not exist. (Typo?))
23:52:31.38 !!! [CE][offlineDB] :: Type 'MVS_Compact_1_Black_Camo_Bunker' will be ignored. (Type does not exist. (Typo?))
23:52:31.38 !!! [CE][offlineDB] :: Type 'MVS_Compact_1_Black_Camo2_Bunker' will be ignored. (Type does not exist. (Typo?))
23:52:31.38 !!! [CE][offlineDB] :: Type 'MVS_Compact_1_Camo_Orange_Bunker' will be ignored. (Type does not exist. (Typo?))
23:52:31.38 !!! [CE][offlineDB] :: Type 'MVS_Compact_1_Camo_Tigr_Bunker' will be ignored. (Type does not exist. (Typo?))
23:52:31.38 !!! [CE][offlineDB] :: Type 'MVS_Compact_1_ELRD_Camo_Bunker' will be ignored. (Type does not exist. (Typo?))
23:52:31.38 !!! [CE][offlineDB] :: Type 'MVS_Compact_1_Green_Camo_Bunker' will be ignored. (Type does not exist. (Typo?))
23:52:31.38 !!! [CE][offlineDB] :: Type 'MVS_Compact_2_Black_Camo_Bunker' will be ignored. (Type does not exist. (Typo?))
23:52:31.38 !!! [CE][offlineDB] :: Type 'MVS_Compact_2_Black_Camo2_Bunker' will be ignored. (Type does not exist. (Typo?))
23:52:31.38 !!! [CE][offlineDB] :: Type 'MVS_Compact_2_Camo_Orange_Bunker' will be ignored. (Type does not exist. (Typo?))
23:52:31.38 !!! [CE][offlineDB] :: Type 'MVS_Compact_2_Camo_Tigr_Bunker' will be ignored. (Type does not exist. (Typo?))
23:52:31.38 !!! [CE][offlineDB] :: Type 'MVS_Compact_2_ELRD_Camo_Bunker' will be ignored. (Type does not exist. (Typo?))
23:52:31.38 !!! [CE][offlineDB] :: Type 'MVS_Compact_2_Green_Camo_Bunker' will be ignored. (Type does not exist. (Typo?))
23:52:31.38 !!! [CE][offlineDB] :: Type 'MVS_ChestRig_Black_Camo_Bunker' will be ignored. (Type does not exist. (Typo?))
23:52:31.38 !!! [CE][offlineDB] :: Type 'MVS_ChestRig_Black_Camo2_Bunker' will be ignored. (Type does not exist. (Typo?))
23:52:31.38 !!! [CE][offlineDB] :: Type 'MVS_ChestRig_Camo_Orange_Bunker' will be ignored. (Type does not exist. (Typo?))
23:52:31.38 !!! [CE][offlineDB] :: Type 'MVS_ChestRig_Camo_Tigr_Bunker' will be ignored. (Type does not exist. (Typo?))
23:52:31.38 !!! [CE][offlineDB] :: Type 'MVS_ChestRig_ELRD_Camo_Bunker' will be ignored. (Type does not exist. (Typo?))
23:52:31.38 !!! [CE][offlineDB] :: Type 'MVS_ChestRig_Green_Camo_Bunker' will be ignored. (Type does not exist. (Typo?))
23:52:31.38 !!! [CE][offlineDB] :: Type 'MVS_Balaclava_Wraith_Comtacs' will be ignored. (Type does not exist. (Typo?))
23:52:31.38 !!! [CE][offlineDB] :: Type 'MVS_GorkaPants_Multicam' will be ignored. (Type does not exist. (Typo?))
23:52:31.38 !!! [CE][offlineDB] :: Type 'MVS_GorkaPants_Multicam_Tropic' will be ignored. (Type does not exist. (Typo?))
23:52:31.38 !!! [CE][offlineDB] :: Type 'MVS_GorkaPants_Multicam_Black' will be ignored. (Type does not exist. (Typo?))
23:52:31.38 !!! [CE][offlineDB] :: Type 'MVS_Assault_Pack_Black_Camo_Bunker' will be ignored. (Type does not exist. (Typo?))
23:52:31.38 !!! [CE][offlineDB] :: Type 'MVS_Assault_Pack_Black_Camo2_Bunker' will be ignored. (Type does not exist. (Typo?))
23:52:31.38 !!! [CE][offlineDB] :: Type 'MVS_Assault_Pack_Camo_Orange_Bunker' will be ignored. (Type does not exist. (Typo?))
23:52:31.38 !!! [CE][offlineDB] :: Type 'MVS_Assault_Pack_Camo_Tigr_Bunker' will be ignored. (Type does not exist. (Typo?))
23:52:31.38 !!! [CE][offlineDB] :: Type 'MVS_Assault_Pack_ELRD_Camo_Bunker' will be ignored. (Type does not exist. (Typo?))
23:52:31.38 !!! [CE][offlineDB] :: Type 'MVS_Assault_Pack_Green_Camo_Bunker' will be ignored. (Type does not exist. (Typo?))
23:52:31.38 !!! [CE][offlineDB] :: Type 'MVS_CombatPants_Black_Camo_Bunker' will be ignored. (Type does not exist. (Typo?))
23:52:31.38 !!! [CE][offlineDB] :: Type 'MVS_CombatPants_Black_Camo2_Bunker' will be ignored. (Type does not exist. (Typo?))
23:52:31.38 !!! [CE][offlineDB] :: Type 'MVS_CombatPants_Camo_Orange_Bunker' will be ignored. (Type does not exist. (Typo?))
23:52:31.38 !!! [CE][offlineDB] :: Type 'MVS_CombatPants_Camo_Tigr_Bunker' will be ignored. (Type does not exist. (Typo?))
23:52:31.38 !!! [CE][offlineDB] :: Type 'MVS_CombatPants_ELRD_Camo_Bunker' will be ignored. (Type does not exist. (Typo?))
23:52:31.38 !!! [CE][offlineDB] :: Type 'MVS_CombatPants_Green_Camo_Bunker' will be ignored. (Type does not exist. (Typo?))
23:52:31.38 !!! [CE][offlineDB] :: Type 'MVS_CombatShirt_Black_Camo_Bunker' will be ignored. (Type does not exist. (Typo?))
23:52:31.38 !!! [CE][offlineDB] :: Type 'MVS_CombatShirt_Black_Camo2_Bunker' will be ignored. (Type does not exist. (Typo?))
23:52:31.38 !!! [CE][offlineDB] :: Type 'MVS_CombatShirt_Camo_Orange_Bunker' will be ignored. (Type does not exist. (Typo?))
23:52:31.38 !!! [CE][offlineDB] :: Type 'MVS_CombatShirt_Camo_Tigr_Bunker' will be ignored. (Type does not exist. (Typo?))
23:52:31.38 !!! [CE][offlineDB] :: Type 'MVS_CombatShirt_ELRD_Camo_Bunker' will be ignored. (Type does not exist. (Typo?))
23:52:31.38 !!! [CE][offlineDB] :: Type 'MVS_CombatShirt_Green_Camo_Bunker' will be ignored. (Type does not exist. (Typo?))
23:52:31.39 !!! [CE][offlineDB] :: Type 'MVS_Molle_Panel_Black_Camo_Bunker' will be ignored. (Type does not exist. (Typo?))
23:52:31.39 !!! [CE][offlineDB] :: Type 'MVS_Molle_Panel_Black_Camo2_Bunker' will be ignored. (Type does not exist. (Typo?))
23:52:31.39 !!! [CE][offlineDB] :: Type 'MVS_Molle_Panel_Camo_Orange_Bunker' will be ignored. (Type does not exist. (Typo?))
23:52:31.39 !!! [CE][offlineDB] :: Type 'MVS_Molle_Panel_Camo_Tigr_Bunker' will be ignored. (Type does not exist. (Typo?))
23:52:31.39 !!! [CE][offlineDB] :: Type 'MVS_Molle_Panel_ELRD_Camo_Bunker' will be ignored. (Type does not exist. (Typo?))
23:52:31.39 !!! [CE][offlineDB] :: Type 'MVS_Molle_Panel_Green_Camo_Bunker' will be ignored. (Type does not exist. (Typo?))
23:52:31.39 !!! [CE][offlineDB] :: Type 'MVS_6B47_Helmet_Black_Camo_Bunker' will be ignored. (Type does not exist. (Typo?))
23:52:31.39 !!! [CE][offlineDB] :: Type 'MVS_6B47_Helmet_Black_Camo2_Bunker' will be ignored. (Type does not exist. (Typo?))
23:52:31.39 !!! [CE][offlineDB] :: Type 'MVS_6B47_Helmet_Camo_Orange_Bunker' will be ignored. (Type does not exist. (Typo?))
23:52:31.39 !!! [CE][offlineDB] :: Type 'MVS_6B47_Helmet_Camo_Tigr_Bunker' will be ignored. (Type does not exist. (Typo?))
23:52:31.39 !!! [CE][offlineDB] :: Type 'MVS_6B47_Helmet_ELRD_Camo_Bunker' will be ignored. (Type does not exist. (Typo?))
23:52:31.39 !!! [CE][offlineDB] :: Type 'MVS_6B47_Helmet_Green_Camo_Bunker' will be ignored. (Type does not exist. (Typo?))
23:52:31.39 !!! [CE][offlineDB] :: Type 'MVS_Helmet_02_Black_Camo_Bunker' will be ignored. (Type does not exist. (Typo?))
23:52:31.39 !!! [CE][offlineDB] :: Type 'MVS_Helmet_02_Black_Camo_Bunker2' will be ignored. (Type does not exist. (Typo?))
23:52:31.39 !!! [CE][offlineDB] :: Type 'MVS_Helmet_02_Camo_Orange_Bunker' will be ignored. (Type does not exist. (Typo?))
23:52:31.39 !!! [CE][offlineDB] :: Type 'MVS_Helmet_02_Camo_Tigr_Bunker' will be ignored. (Type does not exist. (Typo?))
23:52:31.39 !!! [CE][offlineDB] :: Type 'MVS_Helmet_02_ELRD_Camo_Bunker' will be ignored. (Type does not exist. (Typo?))
23:52:31.39 !!! [CE][offlineDB] :: Type 'MVS_Helmet_02_Green_Camo_Bunker' will be ignored. (Type does not exist. (Typo?))
23:52:31.39 !!! [CE][offlineDB] :: Type 'MVS_SlingPack_Black_Camo_Bunker' will be ignored. (Type does not exist. (Typo?))
23:52:31.39 !!! [CE][offlineDB] :: Type 'MVS_SlingPack_Black_Camo2_Bunker' will be ignored. (Type does not exist. (Typo?))
23:52:31.39 !!! [CE][offlineDB] :: Type 'MVS_SlingPack_Camo_Orange_Bunker' will be ignored. (Type does not exist. (Typo?))
23:52:31.39 !!! [CE][offlineDB] :: Type 'MVS_SlingPack_Camo_Tigr_Bunker' will be ignored. (Type does not exist. (Typo?))
23:52:31.39 !!! [CE][offlineDB] :: Type 'MVS_SlingPack_ELRD_Camo_Bunker' will be ignored. (Type does not exist. (Typo?))
23:52:31.39 !!! [CE][offlineDB] :: Type 'MVS_SlingPack_Green_Camo_Bunker' will be ignored. (Type does not exist. (Typo?))
23:52:31.39 !!! [CE][offlineDB] :: Type 'mouse_grey_flag' will be ignored. (Type does not exist. (Typo?))
23:52:31.39 !!! [CE][offlineDB] :: Type 'toxic_green' will be ignored. (Type does not exist. (Typo?))
23:52:31.39 !!! [CE][offlineDB] :: Type 'FBF_Torch' will be ignored. (Not spawnable. (Scope is not public?))
23:52:31.39 !!! [CE][offlineDB] :: Type 'FBF_LongTorch' will be ignored. (Not spawnable. (Scope is not public?))
23:52:31.39 !!! [CE][offlineDB] :: Type 'FBF_AreaLight_White' will be ignored. (Not spawnable. (Scope is not public?))
23:52:31.39 !!! [CE][offlineDB] :: Type 'FBF_AreaLight_Warm' will be ignored. (Not spawnable. (Scope is not public?))
23:52:31.39 !!! [CE][offlineDB] :: Type 'FBF_CustomAreaLight_1' will be ignored. (Not spawnable. (Scope is not public?))
23:52:31.39 !!! [CE][offlineDB] :: Type 'FBF_CustomAreaLight_2' will be ignored. (Not spawnable. (Scope is not public?))
23:52:31.39 !!! [CE][offlineDB] :: Type 'FBF_CustomAreaLight_3' will be ignored. (Not spawnable. (Scope is not public?))
23:52:31.39 !!! [CE][offlineDB] :: Type 'FBF_CustomAreaLight_4' will be ignored. (Not spawnable. (Scope is not public?))
23:52:31.39 !!! [CE][offlineDB] :: Type 'FBF_CustomAreaLight_5' will be ignored. (Not spawnable. (Scope is not public?))
23:52:31.39 !!! [CE][offlineDB] :: Type 'bs_cartman' will be ignored. (Type does not exist. (Typo?))
23:52:31.39 !!! [CE][offlineDB] :: Type 'bs_gratefuldead' will be ignored. (Type does not exist. (Typo?))
23:52:31.39 !!! [CE][offlineDB] :: Type 'bs_meatloaf' will be ignored. (Type does not exist. (Typo?))
23:52:31.39 !!! [CE][offlineDB] :: Type 'bs_nirvana' will be ignored. (Type does not exist. (Typo?))
23:52:31.39 !!! [CE][offlineDB] :: Type 'bs_skynyrd' will be ignored. (Type does not exist. (Typo?))
23:52:31.39 !!! [CE][offlineDB] :: Type 'bs_starbucks' will be ignored. (Type does not exist. (Typo?))
23:52:31.39 !!! [CE][offlineDB] :: Type 'bs_sublime' will be ignored. (Type does not exist. (Typo?))
23:52:31.39 !!! [CE][offlineDB] :: Type 'bs_billmurray' will be ignored. (Type does not exist. (Typo?))
23:52:31.39 !!! [CE][offlineDB] :: Type 'bs_blackflag' will be ignored. (Type does not exist. (Typo?))
23:52:31.39 !!! [CE][offlineDB] :: Type 'bs_cbgb' will be ignored. (Type does not exist. (Typo?))
23:52:31.39 !!! [CE][offlineDB] :: Type 'bs_illuminati1' will be ignored. (Type does not exist. (Typo?))
23:52:31.39 !!! [CE][offlineDB] :: Type 'bs_johndenver' will be ignored. (Type does not exist. (Typo?))
23:52:31.39 !!! [CE][offlineDB] :: Type 'bs_joydivision' will be ignored. (Type does not exist. (Typo?))
23:52:31.39 !!! [CE][offlineDB] :: Type 'bs_nin' will be ignored. (Type does not exist. (Typo?))
23:52:31.39 !!! [CE][offlineDB] :: Type 'bs_zero' will be ignored. (Type does not exist. (Typo?))
23:52:31.39 !!! [CE][offlineDB] :: Type 'bs_volcom' will be ignored. (Type does not exist. (Typo?))
23:52:31.39 !!! [CE][offlineDB] :: Type 'bs_ironmaiden' will be ignored. (Type does not exist. (Typo?))
23:52:31.39 !!! [CE][offlineDB] :: Type 'bs_lateralus' will be ignored. (Type does not exist. (Typo?))
23:52:31.39 !!! [CE][offlineDB] :: Type 'bs_ledzeppelin' will be ignored. (Type does not exist. (Typo?))
23:52:31.39 !!! [CE][offlineDB] :: Type 'bs_nickcage' will be ignored. (Type does not exist. (Typo?))
23:52:31.39 !!! [CE][offlineDB] :: Type 'bs_opeth' will be ignored. (Type does not exist. (Typo?))
23:52:31.39 !!! [CE][offlineDB] :: Type 'bs_scarface' will be ignored. (Type does not exist. (Typo?))
23:52:31.39 !!! [CE][offlineDB] :: Type 'bs_syl' will be ignored. (Type does not exist. (Typo?))
23:52:31.39 !!! [CE][offlineDB] :: Type 'bs_tyrone' will be ignored. (Type does not exist. (Typo?))
23:52:31.39 !!! [CE][offlineDB] :: Type 'bs_worstshirt' will be ignored. (Type does not exist. (Typo?))
23:52:31.39 !!! [CE][offlineDB] :: Type 'MoreDoorVault' will be ignored. (Type does not exist. (Typo?))
23:52:31.39 !!! [CE][offlineDB] :: Type 'MoreDoorSmall' will be ignored. (Type does not exist. (Typo?))
23:52:31.39 !!! [CE][offlineDB] :: Type 'MoreDoorSmallShanty' will be ignored. (Type does not exist. (Typo?))
23:52:31.39 !!! [CE][offlineDB] :: Type 'MoreDoorSmallMetal' will be ignored. (Type does not exist. (Typo?))
23:52:31.39 !!! [CE][offlineDB] :: Type 'MoreDoorVaultKit' will be ignored. (Type does not exist. (Typo?))
23:52:31.39 !!! [CE][offlineDB] :: Type 'MoreDoorSmallKit' will be ignored. (Type does not exist. (Typo?))
23:52:31.39 !!! [CE][offlineDB] :: Type 'MoreDoorSmallMetalKit' will be ignored. (Type does not exist. (Typo?))
23:52:31.39 !!! [CE][offlineDB] :: Type 'MoreDoorSmallShantyKit' will be ignored. (Type does not exist. (Typo?))
23:52:31.39 !!! [CE][offlineDB] :: Type 'MoreDoorSafe' will be ignored. (Type does not exist. (Typo?))
23:52:31.39 !!! [CE][offlineDB] :: Type 'TacSatRadio' will be ignored. (Type does not exist. (Typo?))
23:52:31.40 !!! [CE][offlineDB] :: Wrong xml format of types file 'ModTypes/42MADocsGuns/types.xml'.
23:52:31.41 !!! [CE][offlineDB] :: Wrong xml format of types file 'ModTypes/42MADocsTextures/types.xml'.
23:52:31.41 !!! File "DZ\worlds\chernarusplus\ce\ModTypes/442MAVanillaClothing/types.xml" does not exist...
23:52:31.41 !!! [ERROR][XML] :: load [DZ\worlds\chernarusplus\ce\ModTypes/442MAVanillaClothing/types.xml] failed
23:52:31.41 !!! [ERROR][XML] :: Failed to open file
23:52:31.41 !!! [CE][offlineDB] :: Failed to read types file 'ModTypes/442MAVanillaClothing/types.xml'.
23:52:31.46 !!! [CE][offlineDB] :: Type 'GCGN_Vityaz_30Rnd' will be ignored. (Type does not exist. (Typo?))
23:52:31.46 !!! [CE][offlineDB] :: Type 'SNAFU_556_Barrel10' will be ignored. (Not spawnable. (Scope is not public?))
23:52:31.46 !!! [CE][offlineDB] :: Type 'SNAFU_556_Barrel14_DV' will be ignored. (Not spawnable. (Scope is not public?))
23:52:31.46 !!! [CE][offlineDB] :: Type 'SNAFU_556_Barrel14' will be ignored. (Not spawnable. (Scope is not public?))
23:52:31.46 !!! [CE][offlineDB] :: Type 'SNAFU_556_Barrel16' will be ignored. (Not spawnable. (Scope is not public?))
23:52:31.46 !!! [CE][offlineDB] :: Type 'SNAFU_Bipod' will be ignored. (Type does not exist. (Typo?))
23:52:31.46 !!! [CE][offlineDB] :: Type 'GCGN_M1Garand_FH' will be ignored. (Type does not exist. (Typo?))
23:52:31.46 !!! [CE][offlineDB] :: Type 'GCGN_M1Garand_Muzzle' will be ignored. (Type does not exist. (Typo?))
23:52:31.46 !!! [CE][offlineDB] :: Type 'SNAFU_30mm_Mount_Base' will be ignored. (Not spawnable. (Scope is not public?))
23:52:31.46 !!! [CE][offlineDB] :: Type 'SNAFU_AKEOTech_EXPS' will be ignored. (Type does not exist. (Typo?))
23:52:31.46 !!! [CE][offlineDB] :: Type 'SNAFU_EOTech_EXPS' will be ignored. (Type does not exist. (Typo?))
23:52:31.46 !!! [CE][offlineDB] :: Type 'SNAFU_Kabar_BK' will be ignored. (Type does not exist. (Typo?))
23:52:31.49 !!! [CE] :: Unknown usage: 'TempleCore'.
23:52:31.49 !!! [CE] :: Unknown usage: 'TempleCore'.
23:52:31.49 !!! [CE] :: Unknown usage: 'TempleCore'.
23:52:31.195 !!! [CE][DE][SPAWNS] :: [WARNING] :: Skipping entry for non-existing event 'VehicleTransitBus'.
23:52:31.195 !!! [CE][DE][SPAWNS] :: [WARNING] :: Skipping entry for non-existing event 'AnimalDeer'.
23:52:31.195 !!! [CE][DE][SPAWNS] :: [WARNING] :: Skipping entry for non-existing event 'AnimalCow'.
23:52:31.195 !!! [CE][DE][SPAWNS] :: [WARNING] :: Skipping entry for non-existing event 'AnimalSheep'.
23:52:31.195 !!! [CE][DE][SPAWNS] :: [WARNING] :: Skipping entry for non-existing event 'AnimalRoeDeer'.
23:52:31.195 !!! [CE][DE][SPAWNS] :: [WARNING] :: Skipping entry for non-existing event 'AnimalWildBoar'.
23:52:31.195 [CE][DE][SPAWNS] :: Total positions: 713
23:52:31.195 [CE][DE][GROUPS] :: Total eventgroups defined: 83, Eventgroups in use: 0
23:52:31.196 [CE][Storage] ver:21 stamp:1164, valid:yes, name:"C:\Users\rylic\OneDrive\Desktop\Expansion-Dev-Server-Deer-Isle\mpmissions\empty.deerisle\storage_1\data\events.bin"
23:52:31.196 [CE][Storage] ver:21 stamp:1156, valid:yes, name:"C:\Users\rylic\OneDrive\Desktop\Expansion-Dev-Server-Deer-Isle\mpmissions\empty.deerisle\storage_1\data\events.001"
23:52:31.196 [CE][Storage] ver:21 stamp:1154, valid:yes, name:"C:\Users\rylic\OneDrive\Desktop\Expansion-Dev-Server-Deer-Isle\mpmissions\empty.deerisle\storage_1\data\events.002"
23:52:31.196 [CE][Storage] Restoring file "C:\Users\rylic\OneDrive\Desktop\Expansion-Dev-Server-Deer-Isle\mpmissions\empty.deerisle\storage_1\data\events.bin".
23:52:31.196 [CE][DynamicEvent] Load  Events:[62] Primary spawners: 62 Secondary spawners: 2
23:52:31.197 [CE][Storage] ver:25 stamp:1164, valid:yes, name:"C:\Users\rylic\OneDrive\Desktop\Expansion-Dev-Server-Deer-Isle\mpmissions\empty.deerisle\storage_1\data\dynamic_000.bin"
23:52:31.197 [CE][Storage] ver:25 stamp:1156, valid:yes, name:"C:\Users\rylic\OneDrive\Desktop\Expansion-Dev-Server-Deer-Isle\mpmissions\empty.deerisle\storage_1\data\dynamic_000.001"
23:52:31.198 [CE][Storage] ver:25 stamp:1154, valid:yes, name:"C:\Users\rylic\OneDrive\Desktop\Expansion-Dev-Server-Deer-Isle\mpmissions\empty.deerisle\storage_1\data\dynamic_000.002"
23:52:31.198 [CE][Storage] Restoring file "C:\Users\rylic\OneDrive\Desktop\Expansion-Dev-Server-Deer-Isle\mpmissions\empty.deerisle\storage_1\data\dynamic_000.bin" 1354 items.
23:52:32.150   1354 items loaded. (0 failed)
23:52:32.151 [CE][Storage] ver:25 stamp:1164, valid:yes, name:"C:\Users\rylic\OneDrive\Desktop\Expansion-Dev-Server-Deer-Isle\mpmissions\empty.deerisle\storage_1\data\dynamic_001.bin"
23:52:32.151 [CE][Storage] ver:25 stamp:1156, valid:yes, name:"C:\Users\rylic\OneDrive\Desktop\Expansion-Dev-Server-Deer-Isle\mpmissions\empty.deerisle\storage_1\data\dynamic_001.001"
23:52:32.152 [CE][Storage] ver:25 stamp:1154, valid:yes, name:"C:\Users\rylic\OneDrive\Desktop\Expansion-Dev-Server-Deer-Isle\mpmissions\empty.deerisle\storage_1\data\dynamic_001.002"
23:52:32.152 [CE][Storage] Restoring file "C:\Users\rylic\OneDrive\Desktop\Expansion-Dev-Server-Deer-Isle\mpmissions\empty.deerisle\storage_1\data\dynamic_001.bin" 1096 items.
23:52:32.806   1096 items loaded. (0 failed)
23:52:32.807 [CE][Storage] ver:25 stamp:1164, valid:yes, name:"C:\Users\rylic\OneDrive\Desktop\Expansion-Dev-Server-Deer-Isle\mpmissions\empty.deerisle\storage_1\data\dynamic_002.bin"
23:52:32.807 [CE][Storage] ver:25 stamp:1156, valid:yes, name:"C:\Users\rylic\OneDrive\Desktop\Expansion-Dev-Server-Deer-Isle\mpmissions\empty.deerisle\storage_1\data\dynamic_002.001"
23:52:32.808 [CE][Storage] ver:25 stamp:1154, valid:yes, name:"C:\Users\rylic\OneDrive\Desktop\Expansion-Dev-Server-Deer-Isle\mpmissions\empty.deerisle\storage_1\data\dynamic_002.002"
23:52:32.808 [CE][Storage] Restoring file "C:\Users\rylic\OneDrive\Desktop\Expansion-Dev-Server-Deer-Isle\mpmissions\empty.deerisle\storage_1\data\dynamic_002.bin" 1480 items.
23:52:33.692   1480 items loaded. (0 failed)
23:52:33.693 [CE][Storage] ver:25 stamp:1164, valid:yes, name:"C:\Users\rylic\OneDrive\Desktop\Expansion-Dev-Server-Deer-Isle\mpmissions\empty.deerisle\storage_1\data\dynamic_003.bin"
23:52:33.693 [CE][Storage] ver:25 stamp:1156, valid:yes, name:"C:\Users\rylic\OneDrive\Desktop\Expansion-Dev-Server-Deer-Isle\mpmissions\empty.deerisle\storage_1\data\dynamic_003.001"
23:52:33.694 [CE][Storage] ver:25 stamp:1154, valid:yes, name:"C:\Users\rylic\OneDrive\Desktop\Expansion-Dev-Server-Deer-Isle\mpmissions\empty.deerisle\storage_1\data\dynamic_003.002"
23:52:33.694 [CE][Storage] Restoring file "C:\Users\rylic\OneDrive\Desktop\Expansion-Dev-Server-Deer-Isle\mpmissions\empty.deerisle\storage_1\data\dynamic_003.bin" 1778 items.
23:52:34.659   1778 items loaded. (0 failed)
23:52:34.659 [CE][Storage] ver:25 stamp:1164, valid:yes, name:"C:\Users\rylic\OneDrive\Desktop\Expansion-Dev-Server-Deer-Isle\mpmissions\empty.deerisle\storage_1\data\dynamic_004.bin"
23:52:34.659 [CE][Storage] ver:25 stamp:1156, valid:yes, name:"C:\Users\rylic\OneDrive\Desktop\Expansion-Dev-Server-Deer-Isle\mpmissions\empty.deerisle\storage_1\data\dynamic_004.001"
23:52:34.660 [CE][Storage] ver:25 stamp:1154, valid:yes, name:"C:\Users\rylic\OneDrive\Desktop\Expansion-Dev-Server-Deer-Isle\mpmissions\empty.deerisle\storage_1\data\dynamic_004.002"
23:52:34.660 [CE][Storage] Restoring file "C:\Users\rylic\OneDrive\Desktop\Expansion-Dev-Server-Deer-Isle\mpmissions\empty.deerisle\storage_1\data\dynamic_004.bin" 2646 items.
23:52:35.946   2646 items loaded. (0 failed)
23:52:35.946 [CE][Storage] ver:25 stamp:1164, valid:yes, name:"C:\Users\rylic\OneDrive\Desktop\Expansion-Dev-Server-Deer-Isle\mpmissions\empty.deerisle\storage_1\data\dynamic_005.bin"
23:52:35.947 [CE][Storage] ver:25 stamp:1156, valid:yes, name:"C:\Users\rylic\OneDrive\Desktop\Expansion-Dev-Server-Deer-Isle\mpmissions\empty.deerisle\storage_1\data\dynamic_005.001"
23:52:35.947 [CE][Storage] ver:25 stamp:1154, valid:yes, name:"C:\Users\rylic\OneDrive\Desktop\Expansion-Dev-Server-Deer-Isle\mpmissions\empty.deerisle\storage_1\data\dynamic_005.002"
23:52:35.947 [CE][Storage] Restoring file "C:\Users\rylic\OneDrive\Desktop\Expansion-Dev-Server-Deer-Isle\mpmissions\empty.deerisle\storage_1\data\dynamic_005.bin" 2298 items.
23:52:37.145   2298 items loaded. (0 failed)
23:52:37.146 [CE][Storage] ver:25 stamp:1164, valid:yes, name:"C:\Users\rylic\OneDrive\Desktop\Expansion-Dev-Server-Deer-Isle\mpmissions\empty.deerisle\storage_1\data\dynamic_006.bin"
23:52:37.146 [CE][Storage] ver:25 stamp:1156, valid:yes, name:"C:\Users\rylic\OneDrive\Desktop\Expansion-Dev-Server-Deer-Isle\mpmissions\empty.deerisle\storage_1\data\dynamic_006.001"
23:52:37.146 [CE][Storage] ver:25 stamp:1154, valid:yes, name:"C:\Users\rylic\OneDrive\Desktop\Expansion-Dev-Server-Deer-Isle\mpmissions\empty.deerisle\storage_1\data\dynamic_006.002"
23:52:37.146 [CE][Storage] Restoring file "C:\Users\rylic\OneDrive\Desktop\Expansion-Dev-Server-Deer-Isle\mpmissions\empty.deerisle\storage_1\data\dynamic_006.bin" 1993 items.
23:52:38.162   1993 items loaded. (0 failed)
23:52:38.163 [CE][Storage] ver:25 stamp:1164, valid:yes, name:"C:\Users\rylic\OneDrive\Desktop\Expansion-Dev-Server-Deer-Isle\mpmissions\empty.deerisle\storage_1\data\dynamic_007.bin"
23:52:38.163 [CE][Storage] ver:25 stamp:1156, valid:yes, name:"C:\Users\rylic\OneDrive\Desktop\Expansion-Dev-Server-Deer-Isle\mpmissions\empty.deerisle\storage_1\data\dynamic_007.001"
23:52:38.163 [CE][Storage] ver:25 stamp:1154, valid:yes, name:"C:\Users\rylic\OneDrive\Desktop\Expansion-Dev-Server-Deer-Isle\mpmissions\empty.deerisle\storage_1\data\dynamic_007.002"
23:52:38.164 [CE][Storage] Restoring file "C:\Users\rylic\OneDrive\Desktop\Expansion-Dev-Server-Deer-Isle\mpmissions\empty.deerisle\storage_1\data\dynamic_007.bin" 1712 items.
23:52:39.36   1712 items loaded. (0 failed)
23:52:39.37 [CE][Storage] ver:25 stamp:1164, valid:yes, name:"C:\Users\rylic\OneDrive\Desktop\Expansion-Dev-Server-Deer-Isle\mpmissions\empty.deerisle\storage_1\data\dynamic_008.bin"
23:52:39.37 [CE][Storage] ver:25 stamp:1156, valid:yes, name:"C:\Users\rylic\OneDrive\Desktop\Expansion-Dev-Server-Deer-Isle\mpmissions\empty.deerisle\storage_1\data\dynamic_008.001"
23:52:39.38 [CE][Storage] ver:25 stamp:1154, valid:yes, name:"C:\Users\rylic\OneDrive\Desktop\Expansion-Dev-Server-Deer-Isle\mpmissions\empty.deerisle\storage_1\data\dynamic_008.002"
23:52:39.38 [CE][Storage] Restoring file "C:\Users\rylic\OneDrive\Desktop\Expansion-Dev-Server-Deer-Isle\mpmissions\empty.deerisle\storage_1\data\dynamic_008.bin" 620 items.
23:52:39.361   620 items loaded. (0 failed)
23:52:39.362 [CE][Storage] ver:25 stamp:1164, valid:yes, name:"C:\Users\rylic\OneDrive\Desktop\Expansion-Dev-Server-Deer-Isle\mpmissions\empty.deerisle\storage_1\data\dynamic_009.bin"
23:52:39.362 [CE][Storage] ver:25 stamp:1156, valid:yes, name:"C:\Users\rylic\OneDrive\Desktop\Expansion-Dev-Server-Deer-Isle\mpmissions\empty.deerisle\storage_1\data\dynamic_009.001"
23:52:39.363 !!! [CE][Storage] Failed to read [Storage] data file "C:\Users\rylic\OneDrive\Desktop\Expansion-Dev-Server-Deer-Isle\mpmissions\empty.deerisle\storage_1\data\dynamic_009.002".
23:52:39.363   File not closed...
23:52:39.363 [CE][Storage] ver:25 stamp:1157, valid:NO, name:"C:\Users\rylic\OneDrive\Desktop\Expansion-Dev-Server-Deer-Isle\mpmissions\empty.deerisle\storage_1\data\dynamic_009.002"
23:52:39.363 [CE][Storage] Restoring file "C:\Users\rylic\OneDrive\Desktop\Expansion-Dev-Server-Deer-Isle\mpmissions\empty.deerisle\storage_1\data\dynamic_009.bin" 795 items.
23:52:39.762   795 items loaded. (0 failed)
23:52:39.763 [CE][Storage] ver:25 stamp:1164, valid:yes, name:"C:\Users\rylic\OneDrive\Desktop\Expansion-Dev-Server-Deer-Isle\mpmissions\empty.deerisle\storage_1\data\dynamic_010.bin"
23:52:39.763 [CE][Storage] ver:25 stamp:1156, valid:yes, name:"C:\Users\rylic\OneDrive\Desktop\Expansion-Dev-Server-Deer-Isle\mpmissions\empty.deerisle\storage_1\data\dynamic_010.001"
23:52:39.764 [CE][Storage] ver:25 stamp:1157, valid:yes, name:"C:\Users\rylic\OneDrive\Desktop\Expansion-Dev-Server-Deer-Isle\mpmissions\empty.deerisle\storage_1\data\dynamic_010.002"
23:52:39.764 [CE][Storage] Restoring file "C:\Users\rylic\OneDrive\Desktop\Expansion-Dev-Server-Deer-Isle\mpmissions\empty.deerisle\storage_1\data\dynamic_010.bin" 640 items.
23:52:40.117   640 items loaded. (0 failed)
23:52:40.118 [CE][Storage] ver:25 stamp:1164, valid:yes, name:"C:\Users\rylic\OneDrive\Desktop\Expansion-Dev-Server-Deer-Isle\mpmissions\empty.deerisle\storage_1\data\dynamic_011.bin"
23:52:40.118 [CE][Storage] ver:25 stamp:1156, valid:yes, name:"C:\Users\rylic\OneDrive\Desktop\Expansion-Dev-Server-Deer-Isle\mpmissions\empty.deerisle\storage_1\data\dynamic_011.001"
23:52:40.119 [CE][Storage] ver:25 stamp:1157, valid:yes, name:"C:\Users\rylic\OneDrive\Desktop\Expansion-Dev-Server-Deer-Isle\mpmissions\empty.deerisle\storage_1\data\dynamic_011.002"
23:52:40.119 [CE][Storage] Restoring file "C:\Users\rylic\OneDrive\Desktop\Expansion-Dev-Server-Deer-Isle\mpmissions\empty.deerisle\storage_1\data\dynamic_011.bin" 284 items.
23:52:40.313   284 items loaded. (0 failed)
23:52:40.313 [CE][Storage] ver:26 stamp:1164, valid:yes, name:"C:\Users\rylic\OneDrive\Desktop\Expansion-Dev-Server-Deer-Isle\mpmissions\empty.deerisle\storage_1\data\building.bin"
23:52:40.313 [CE][Storage] ver:26 stamp:1156, valid:yes, name:"C:\Users\rylic\OneDrive\Desktop\Expansion-Dev-Server-Deer-Isle\mpmissions\empty.deerisle\storage_1\data\building.001"
23:52:40.314 [CE][Storage] ver:26 stamp:1154, valid:yes, name:"C:\Users\rylic\OneDrive\Desktop\Expansion-Dev-Server-Deer-Isle\mpmissions\empty.deerisle\storage_1\data\building.002"
23:52:40.314 [CE][Storage] Restoring file "C:\Users\rylic\OneDrive\Desktop\Expansion-Dev-Server-Deer-Isle\mpmissions\empty.deerisle\storage_1\data\building.bin" 0 items.
23:52:40.314   0 items loaded. (0 failed)
23:52:40.314 [CE][Storage] ver:25 stamp:1164, valid:yes, name:"C:\Users\rylic\OneDrive\Desktop\Expansion-Dev-Server-Deer-Isle\mpmissions\empty.deerisle\storage_1\data\vehicles.bin"
23:52:40.314 [CE][Storage] ver:25 stamp:1156, valid:yes, name:"C:\Users\rylic\OneDrive\Desktop\Expansion-Dev-Server-Deer-Isle\mpmissions\empty.deerisle\storage_1\data\vehicles.001"
23:52:40.315 [CE][Storage] ver:25 stamp:1154, valid:yes, name:"C:\Users\rylic\OneDrive\Desktop\Expansion-Dev-Server-Deer-Isle\mpmissions\empty.deerisle\storage_1\data\vehicles.002"
23:52:40.315 [CE][Storage] Restoring file "C:\Users\rylic\OneDrive\Desktop\Expansion-Dev-Server-Deer-Isle\mpmissions\empty.deerisle\storage_1\data\vehicles.bin" 104 items.
23:52:41.60   104 items loaded. (0 failed)
23:52:41.80 [CE][Hive] :: Storage load took:9.89 seconds, recovery stamp:1164
23:52:41.80   entity: 18107, building: 0
23:52:41.80   no lifetime: 34
23:52:41.80   pathgraph's: 448
23:52:41.80 [CE][Hive] :: Initializing ... 
23:52:41.115 [CE][InitializeMap] :: initialized: 0
23:52:41.115 [CE][Hive] :: Initializing spawners ... 
23:52:41.194 [CE][LootRespawner] (PRIDummy) :: Initially (re)spawned:0, Nominal:19898, Total in Map: 16931 at 0 (sec)
23:52:41.194   tests:0, repeats:0 fails:0, overtime:0
23:52:41.225 [CE][AnimalRespawner] (PRICrab) :: !!! Missing AI Template "HerdCrab" for DE: "AnimalCrab"
23:52:41.225 [CE][DynEvent] :: 62 types
23:52:41.225 [00] AmbientHen
23:52:41.225   Primary Spawner: "Ambient", active: yes, repeat: 1
23:52:41.225 [01] AmbientBear
23:52:41.225   Primary Spawner: "Ambient", active: yes, repeat: 1
23:52:41.225 [02] AmbientPolarbear
23:52:41.225   Primary Spawner: "Ambient", active: yes, repeat: 1
23:52:41.225 [03] AmbientCow
23:52:41.225   Primary Spawner: "Ambient", active: yes, repeat: 1
23:52:41.226 [04] AmbientDeer
23:52:41.226   Primary Spawner: "Ambient", active: yes, repeat: 1
23:52:41.226 [05] AmbientGoat
23:52:41.226   Primary Spawner: "Ambient", active: yes, repeat: 1
23:52:41.226 [06] AmbientPig
23:52:41.226   Primary Spawner: "Ambient", active: yes, repeat: 1
23:52:41.226 [07] AmbientRoeDeer
23:52:41.226   Primary Spawner: "Ambient", active: yes, repeat: 1
23:52:41.226 [08] AmbientSheep
23:52:41.226   Primary Spawner: "Ambient", active: yes, repeat: 1
23:52:41.227 [09] AmbientWildBoar
23:52:41.227   Primary Spawner: "Ambient", active: yes, repeat: 1
23:52:41.227 [10] AnimalWolf
23:52:41.227   Primary Spawner: "Animal", active: yes, repeat: 1
23:52:41.227 [11] AnimalArcticWolf
23:52:41.227   Primary Spawner: "Animal", active: yes, repeat: 1
23:52:41.227 [12] InfectedArmy
23:52:41.227   Primary Spawner: "Infected", active: yes, repeat: 1
23:52:41.227 [13] InfectedArmyHard
23:52:41.227   Primary Spawner: "Infected", active: yes, repeat: 1
23:52:41.227 [14] InfectedArmyHardJMC
23:52:41.227   Primary Spawner: "Infected", active: yes, repeat: 1
23:52:41.227 [15] InfectedArmyHardJMCWinter
23:52:41.228   Primary Spawner: "Infected", active: yes, repeat: 1
23:52:41.228 [16] InfectedCity
23:52:41.228   Primary Spawner: "Infected", active: yes, repeat: 1
23:52:41.228 [17] InfectedFirefighter
23:52:41.228   Primary Spawner: "Infected", active: yes, repeat: 1
23:52:41.228 [18] InfectedIndustrial
23:52:41.228   Primary Spawner: "Infected", active: yes, repeat: 1
23:52:41.228 [19] InfectedMedic
23:52:41.228   Primary Spawner: "Infected", active: yes, repeat: 1
23:52:41.228 [20] InfectedNBC
23:52:41.228   Primary Spawner: "Infected", active: yes, repeat: 1
23:52:41.228 [21] InfectedNBCYellow
23:52:41.228   Primary Spawner: "Infected", active: yes, repeat: 1
23:52:41.228 [22] InfectedPolice
23:52:41.228   Primary Spawner: "Infected", active: yes, repeat: 1
23:52:41.228 [23] InfectedPoliceHard
23:52:41.228   Primary Spawner: "Infected", active: yes, repeat: 1
23:52:41.228 [24] InfectedPrisoner
23:52:41.228   Primary Spawner: "Infected", active: yes, repeat: 1
23:52:41.228 [25] InfectedReligious
23:52:41.229   Primary Spawner: "Infected", active: yes, repeat: 1
23:52:41.229 [26] InfectedSolitude
23:52:41.229   Primary Spawner: "Infected", active: yes, repeat: 1
23:52:41.229 [27] InfectedVillage
23:52:41.229   Primary Spawner: "Infected", active: yes, repeat: 1
23:52:41.229 [28] ItemPlanks
23:52:41.229   Primary Spawner: "Item", active: yes, repeat: 1
23:52:41.229 [29] Loot
23:52:41.229   Primary Spawner: "Loot", active: yes, repeat: 2
23:52:41.229 [30] StaticContaminatedArea
23:52:41.229   Primary Spawner: "Static", active: yes, repeat: 1
23:52:41.229 [31] StaticHeliCrash
23:52:41.229   Primary Spawner: "Static", active: yes, repeat: 1
23:52:41.229   Secondary Spawner: "Infected", active: yes, repeat: 1
23:52:41.229 [32] StaticPoliceCar
23:52:41.229   Primary Spawner: "Static", active: yes, repeat: 1
23:52:41.229   Secondary Spawner: "Infected", active: yes, repeat: 1
23:52:41.229 [33] TrajectoryApple
23:52:41.229   Primary Spawner: "Trajectory", active: yes, repeat: 1
23:52:41.229 [34] TrajectoryConiferous
23:52:41.229   Primary Spawner: "Trajectory", active: yes, repeat: 1
23:52:41.229 [35] TrajectoryDeciduous
23:52:41.230   Primary Spawner: "Trajectory", active: yes, repeat: 1
23:52:41.230 [36] TrajectoryHumus
23:52:41.230   Primary Spawner: "Trajectory", active: yes, repeat: 1
23:52:41.230 [37] TrajectoryPear
23:52:41.230   Primary Spawner: "Trajectory", active: yes, repeat: 1
23:52:41.230 [38] TrajectoryPlum
23:52:41.230   Primary Spawner: "Trajectory", active: yes, repeat: 1
23:52:41.230 [39] TrajectoryStones
23:52:41.230   Primary Spawner: "Trajectory", active: yes, repeat: 1
23:52:41.230 [40] VehicleCivilianSedan
23:52:41.230   Primary Spawner: "Vehicle", active: yes, repeat: 1
23:52:41.230 [41] VehicleHatchback02
23:52:41.230   Primary Spawner: "Vehicle", active: yes, repeat: 1
23:52:41.230 [42] VehicleOffroadHatchback
23:52:41.230   Primary Spawner: "Vehicle", active: yes, repeat: 1
23:52:41.230 [43] VehicleSedan02
23:52:41.230   Primary Spawner: "Vehicle", active: yes, repeat: 1
23:52:41.231 [44] VehicleTruck01
23:52:41.231   Primary Spawner: "Vehicle", active: yes, repeat: 1
23:52:41.231 [45] StaticVanPinkies
23:52:41.231   Primary Spawner: "Static", active: yes, repeat: 1
23:52:41.231 [46] StaticVanAmbulance
23:52:41.231   Primary Spawner: "Static", active: yes, repeat: 1
23:52:41.231 [47] StaticSkeletonEventspawn
23:52:41.231   Primary Spawner: "Static", active: yes, repeat: 1
23:52:41.231 [48] StaticPlantFernA
23:52:41.231   Primary Spawner: "Static", active: yes, repeat: 1
23:52:41.231 [49] StaticPlantFernB
23:52:41.231   Primary Spawner: "Static", active: yes, repeat: 1
23:52:41.231 [50] StaticPlantFernC
23:52:41.231   Primary Spawner: "Static", active: yes, repeat: 1
23:52:41.231 [51] AnimalCrab
23:52:41.231   Primary Spawner: "Animal", active: yes, repeat: 1
23:52:41.231 [52] VehicleUAZ