=====================================================================
== C:\Users\rylic\OneDrive\Desktop\Expansion-Dev-Server-Deer-Isle\DayZServer_x64.exe
== DayZServer_x64.exe -cpuCount=4 -mod=@DeerIsle;@CF;@CommunityOnlineTools;@DabsFramework;@DayZExpansionLicensed;@DayZExpansionBundle;@42MonthsAfterPvPDevelopment;@SNAFUWeapons;@MunghardsItempack;@DayZEditorLoader;@WindstridesClothingPack; -config=serverDZ.cfg -port=2302 -noFilePatching -profiles=profiles -scrAllowFileWrite -adminlog
=====================================================================
Exe timestamp: 2024/01/01 17:40:38
Current time:  2024/01/05 20:56:46
Version 1.23.157045
=====================================================================

20:56:46.332 [Inputs] Loading inputs default "bin/constants.xml"
20:56:46.335 [Inputs] Loading inputs default "bin/specific.xml"
20:56:46.336 !!! [Inputs] Cannot load inputs default "", file does not exist
20:56:46.336 !!! [Inputs] Failed to load MODDED inputs - file name/ path invalid?
20:56:46.336 [Inputs] Loading inputs default "JM/COT/Scripts/Data/Inputs.xml"
20:56:46.337 [Inputs] Loading inputs default "LIVEN/PvZmoD_CustomisableZombies/inputs.xml"
20:56:46.337 [Inputs] Loading inputs default "PVEZ/data/inputs.xml"
20:56:46.337 [Inputs] Loading inputs default "WindstrideClothing/Inputs.xml"
20:56:46.338 [Inputs] Loading inputs default "deerisle/scripts/Inputs.xml"
20:56:46.339 [Inputs] Loading inputs default "DayZExpansion/Groups/Scripts/Data/Inputs.xml"
20:56:46.339 [Inputs] Loading inputs default "DayZExpansion/Navigation/Scripts/Data/Inputs.xml"
20:56:46.339 !!! [Inputs] Attempt to register duplicate exclusion group "chatexpansion"
20:56:46.339 [Inputs] Loading inputs default "DayZExpansion/PlayerList/Scripts/Data/Inputs.xml"
20:56:46.340 !!! [Inputs] Attempt to register duplicate exclusion group "chatexpansion"
20:56:46.340 [Inputs] Loading inputs default "DayZExpansion/Scripts/Data/Inputs.xml"
20:56:46.340 !!! [Inputs] Attempt to register duplicate exclusion group "chatexpansion"
20:56:46.341 [Inputs] Loading inputs default "DayZExpansion/Vehicles/Scripts/Data/Inputs.xml"
20:56:46.342 [Inputs] Loading inputs default "AdmiralsDivingMod/Scripts/Data/modded_Inputs.xml"
20:56:46.342 [Inputs] Loading inputs default "DayZExpansion/AI/Scripts/inputs.xml"
20:56:46.343 [Inputs] Loading inputs default "DayZExpansion/BaseBuilding/Scripts/Data/Inputs.xml"
20:56:46.343 !!! [Inputs] Attempt to register duplicate exclusion group "chatexpansion"
20:56:46.343 [Inputs] Loading inputs default "DayZExpansion/Book/Scripts/Data/Inputs.xml"
20:56:46.344 !!! [Inputs] Attempt to register duplicate exclusion group "chatexpansion"
20:56:46.344 [Inputs] Loading inputs default "DayZExpansion/Chat/Scripts/Data/Inputs.xml"
20:56:46.344 !!! [Inputs] Attempt to register duplicate exclusion group "chatexpansion"
20:56:46.345 [Inputs] Loading inputs default "DayZExpansion/Quests/Scripts/Data/Inputs.xml"
20:56:46.345 [Inputs] Loading inputs cfg "profiles\Users\Survivor\Server.core.xml"
20:56:46.345 !!! [Inputs] Cannot read inputs cfg "profiles\Users\Survivor\Server.core.xml", parser error
20:56:46.346 [Inputs] Loading inputs cfg "bin/core.xml"
20:56:46.346 !!! [Inputs] Cannot load input preset "#STR_USER", file does not exist
20:56:46.348 [Inputs] Exporting inputs cfg "profiles\Users\Survivor\Server.core.xml"
20:57:18.652 [CE][Hive] :: Initializing OFFLINE
20:57:18.652 [StorageDirs] :: Selected storage directory: C:\Users\rylic\OneDrive\Desktop\Expansion-Dev-Server-Deer-Isle\mpmissions\empty.deerisle\storage_1\
20:57:18.652 [CE][Hive] :: Loading core data ... 
20:57:18.653 [CE][CoreData] :: 7 root classes, 19 defaults, 0 updaters...
20:57:24.805 [CE] :: WARNING :: Preset map "optics" is EMPTY.
20:57:24.806 [CE][TypeSetup] :: 473 classes setuped...
20:57:24.809 [CE] :: WARNING :: Preset map "optics" is EMPTY.
20:57:24.810 [CE][TypeSetup] :: 97 classes setuped...
20:57:26.417 [CE][RegisterBind] :: 0 classes binded...
20:57:26.417 [CE][RegisterConfig] :: 15309 config classes registered, 0 sub-counters...
20:57:26.417 [CE][Hive] :: Loading map data ... 
20:57:26.419 [CE][IgnoreList] "cfgignorelist.xml" :: loaded 19 types
20:57:26.455 !!! [CE] :: Unknown category: 'vehicleparts'.
20:57:26.455 !!! [CE] :: Unknown category: 'vehicleparts'.
20:57:26.455 !!! [CE] :: Unknown category: 'vehicleparts'.
20:57:26.455 !!! [CE] :: Unknown category: 'vehicleparts'.
20:57:26.455 !!! [CE] :: Unknown category: 'vehicleparts'.
20:57:26.455 !!! [CE] :: Unknown category: 'vehicleparts'.
20:57:26.455 !!! [CE] :: Unknown category: 'vehicleparts'.
20:57:26.455 !!! [CE] :: Unknown category: 'vehicleparts'.
20:57:26.456 !!! [CE] :: Unknown category: 'vehicleparts'.
20:57:26.456 !!! [CE] :: Unknown category: 'vehicleparts'.
20:57:26.456 !!! [CE] :: Unknown category: 'vehicleparts'.
20:57:26.456 !!! [CE] :: Unknown category: 'vehicleparts'.
20:57:26.456 !!! [CE] :: Unknown category: 'vehicleparts'.
20:57:26.456 !!! [CE] :: Unknown category: 'vehicleparts'.
20:57:26.456 !!! [CE] :: Unknown category: 'vehicleparts'.
20:57:26.456 !!! [CE] :: Unknown category: 'vehicleparts'.
20:57:26.456 !!! [CE] :: Unknown category: 'vehicleparts'.
20:57:26.456 !!! [CE] :: Unknown category: 'vehicleparts'.
20:57:26.456 !!! [CE] :: Unknown category: 'vehicleparts'.
20:57:26.456 !!! [CE] :: Unknown category: 'vehicleparts'.
20:57:26.456 !!! [CE] :: Unknown category: 'vehicleparts'.
20:57:26.456 !!! [CE] :: Unknown category: 'vehicleparts'.
20:57:26.456 !!! [CE] :: Unknown category: 'vehicleparts'.
20:57:26.456 !!! [CE] :: Unknown category: 'vehicleparts'.
20:57:26.456 !!! [CE] :: Unknown category: 'vehicleparts'.
20:57:26.456 !!! [CE] :: Unknown category: 'vehicleparts'.
20:57:26.456 !!! [CE] :: Unknown category: 'vehicleparts'.
20:57:26.456 !!! [CE] :: Unknown category: 'vehicleparts'.
20:57:26.456 !!! [CE] :: Unknown usage: 'Fortknox'.
20:57:26.456 !!! [CE] :: Unknown usage: 'Mine'.
20:57:26.456 !!! [CE] :: Unknown usage: 'Mine'.
20:57:26.456 !!! [CE] :: Unknown usage: 'Temple'.
20:57:26.457 [CE][LoadPrototype] :: loaded 550 prototypes
20:57:26.457   989 containers, 11581 points
20:57:26.457   79 dispatches, 316 proxies
20:57:26.457 !!! [CE][LoadPrototype] 4 groups have no points...
20:57:26.457 !!! [CE][LoadPrototype] 2 groups have wrong points...
20:57:26.457 !!! [CE][LoadPrototype] 2 groups were defined more than once and skipped...
20:57:26.457 [CE][LoadPrototype] :: last group name: Land_Underground_Storage_Workshop...
20:57:26.463 [CE][LoadPrototype] :: loaded 0 prototypes
20:57:26.463   55 containers, 232 points
20:57:26.463   0 dispatches, 0 proxies
20:57:26.463 [CE][LoadPrototype] :: last group name: Rail9...
20:57:27.456 [CE][LoadMap] "Group" :: loaded 10479 groups, groups failed: 0, largest group range: 34.1
20:57:27.459 [CE][LoadMap] "Dirt" :: loaded 0 groups, groups failed: 0, largest group range: 34.1
20:57:27.665 [CE][Links] found 2684 total links between groups, of 10479
20:57:27.665 [CE][LoadClusters] "Cluster" :: Loading files...
20:57:27.795 [CE][LoadClusters] :: file: "mapgroupcluster.xml", 9 types, 50000 instances
20:57:27.938 [CE][LoadClusters] :: file: "mapgroupcluster01", 9 types, 50000 instances
20:57:28.78 [CE][LoadClusters] :: file: "mapgroupcluster02", 9 types, 50000 instances
20:57:28.78   9790 failed - check prototype defaults 'clusterMatrix' setups !!!
20:57:28.219 [CE][LoadClusters] :: file: "mapgroupcluster03", 9 types, 50000 instances
20:57:28.219   6758 failed - check prototype defaults 'clusterMatrix' setups !!!
20:57:28.293 [CE][LoadClusters] :: file: "mapgroupcluster04", 9 types, 24035 instances
20:57:28.293   2081 failed - check prototype defaults 'clusterMatrix' setups !!!
20:57:28.298 [CE][Storage] ver:21 stamp:866, valid:yes, name:"C:\Users\rylic\OneDrive\Desktop\Expansion-Dev-Server-Deer-Isle\mpmissions\empty.deerisle\storage_1\data\types.bin"
20:57:28.298 [CE][Storage] ver:21 stamp:864, valid:yes, name:"C:\Users\rylic\OneDrive\Desktop\Expansion-Dev-Server-Deer-Isle\mpmissions\empty.deerisle\storage_1\data\types.001"
20:57:28.299 [CE][Storage] ver:21 stamp:865, valid:yes, name:"C:\Users\rylic\OneDrive\Desktop\Expansion-Dev-Server-Deer-Isle\mpmissions\empty.deerisle\storage_1\data\types.002"
20:57:28.299 [CE][Storage] Restoring file "C:\Users\rylic\OneDrive\Desktop\Expansion-Dev-Server-Deer-Isle\mpmissions\empty.deerisle\storage_1\data\types.bin".
20:57:28.498 !!! [CE][offlineDB] :: No Shutdown message present.
20:57:28.500 [CE][offlineDB] :: Loaded 52 dynamic events 261 total types.
20:57:28.501 !!! [CE][DE] (VehicleTruck01) :: Unable to create child (Truck_01_Covered_Grey) as the type does not exist.
20:57:28.501 [CE][offlineDB] :: Loaded 62 dynamic events 318 total types.
20:57:28.517 !!! [CE][offlineDB] :: Type 'Bandage' will be ignored. (Type does not exist. (Typo?))
20:57:28.517 !!! [CE][offlineDB] :: Type 'BandanaMask_BlackPattern' will be ignored. (Type does not exist. (Typo?))
20:57:28.517 !!! [CE][offlineDB] :: Type 'BandanaMask_CamoPattern' will be ignored. (Type does not exist. (Typo?))
20:57:28.517 !!! [CE][offlineDB] :: Type 'BandanaMask_GreenPattern' will be ignored. (Type does not exist. (Typo?))
20:57:28.517 !!! [CE][offlineDB] :: Type 'BandanaMask_PolkaPattern' will be ignored. (Type does not exist. (Typo?))
20:57:28.517 !!! [CE][offlineDB] :: Type 'BandanaMask_RedPattern' will be ignored. (Type does not exist. (Typo?))
20:57:28.518 !!! [CE][offlineDB] :: Type 'BomberJacket_Black' will be ignored. (Type does not exist. (Typo?))
20:57:28.518 !!! [CE][offlineDB] :: Type 'BomberJacket_Blue' will be ignored. (Type does not exist. (Typo?))
20:57:28.518 !!! [CE][offlineDB] :: Type 'BomberJacket_Brown' will be ignored. (Type does not exist. (Typo?))
20:57:28.518 !!! [CE][offlineDB] :: Type 'BomberJacket_Grey' will be ignored. (Type does not exist. (Typo?))
20:57:28.518 !!! [CE][offlineDB] :: Type 'BomberJacket_Maroon' will be ignored. (Type does not exist. (Typo?))
20:57:28.518 !!! [CE][offlineDB] :: Type 'BomberJacket_Olive' will be ignored. (Type does not exist. (Typo?))
20:57:28.518 !!! [CE][offlineDB] :: Type 'BomberJacket_SkyBlue' will be ignored. (Type does not exist. (Typo?))
20:57:28.518 !!! [CE][offlineDB] :: Type 'ChristmasTree_Green' will be ignored. (Not spawnable. (Scope is not public?))
20:57:28.518 !!! [CE][offlineDB] :: Type 'ChristmasTree' will be ignored. (Not spawnable. (Scope is not public?))
20:57:28.518 !!! [CE][offlineDB] :: Type 'DallasMask' will be ignored. (Type does not exist. (Typo?))
20:57:28.518 !!! [CE][offlineDB] :: Type 'GorkaPants_Autumn' will be ignored. (Type does not exist. (Typo?))
20:57:28.518 !!! [CE][offlineDB] :: Type 'GorkaPants_Flat' will be ignored. (Type does not exist. (Typo?))
20:57:28.518 !!! [CE][offlineDB] :: Type 'GorkaPants_PautRev' will be ignored. (Type does not exist. (Typo?))
20:57:28.518 !!! [CE][offlineDB] :: Type 'GorkaPants_Summer' will be ignored. (Type does not exist. (Typo?))
20:57:28.518 !!! [CE][offlineDB] :: Type 'HoxtonMask' will be ignored. (Type does not exist. (Typo?))
20:57:28.518 !!! [CE][offlineDB] :: Type 'Jeans_Black' will be ignored. (Type does not exist. (Typo?))
20:57:28.518 !!! [CE][offlineDB] :: Type 'Jeans_Blue' will be ignored. (Type does not exist. (Typo?))
20:57:28.518 !!! [CE][offlineDB] :: Type 'Jeans_BlueDark' will be ignored. (Type does not exist. (Typo?))
20:57:28.518 !!! [CE][offlineDB] :: Type 'Jeans_Brown' will be ignored. (Type does not exist. (Typo?))
20:57:28.518 !!! [CE][offlineDB] :: Type 'Jeans_Green' will be ignored. (Type does not exist. (Typo?))
20:57:28.518 !!! [CE][offlineDB] :: Type 'Jeans_Grey' will be ignored. (Type does not exist. (Typo?))
20:57:28.519 !!! [CE][offlineDB] :: Type 'ManSuit_Beige' will be ignored. (Type does not exist. (Typo?))
20:57:28.519 !!! [CE][offlineDB] :: Type 'ManSuit_Black' will be ignored. (Type does not exist. (Typo?))
20:57:28.519 !!! [CE][offlineDB] :: Type 'ManSuit_Blue' will be ignored. (Type does not exist. (Typo?))
20:57:28.519 !!! [CE][offlineDB] :: Type 'ManSuit_Brown' will be ignored. (Type does not exist. (Typo?))
20:57:28.519 !!! [CE][offlineDB] :: Type 'ManSuit_DarkGrey' will be ignored. (Type does not exist. (Typo?))
20:57:28.519 !!! [CE][offlineDB] :: Type 'ManSuit_Khaki' will be ignored. (Type does not exist. (Typo?))
20:57:28.519 !!! [CE][offlineDB] :: Type 'ManSuit_LightGrey' will be ignored. (Type does not exist. (Typo?))
20:57:28.519 !!! [CE][offlineDB] :: Type 'ManSuit_White' will be ignored. (Type does not exist. (Typo?))
20:57:28.519 !!! [CE][offlineDB] :: Type 'MedicalScrubsPants_Blue' will be ignored. (Type does not exist. (Typo?))
20:57:28.519 !!! [CE][offlineDB] :: Type 'MedicalScrubsPants_Green' will be ignored. (Type does not exist. (Typo?))
20:57:28.519 !!! [CE][offlineDB] :: Type 'MedicalScrubsPants_White' will be ignored. (Type does not exist. (Typo?))
20:57:28.519 !!! [CE][offlineDB] :: Type 'MedicalScrubsShirt_Blue' will be ignored. (Type does not exist. (Typo?))
20:57:28.519 !!! [CE][offlineDB] :: Type 'MedicalScrubsShirt_Green' will be ignored. (Type does not exist. (Typo?))
20:57:28.519 !!! [CE][offlineDB] :: Type 'MedicalScrubsShirt_White' will be ignored. (Type does not exist. (Typo?))
20:57:28.519 !!! [CE][offlineDB] :: Type 'MountainBag_Red' will be ignored. (Type does not exist. (Typo?))
20:57:28.519 !!! [CE][offlineDB] :: Type 'Raincoat_Black' will be ignored. (Type does not exist. (Typo?))
20:57:28.519 !!! [CE][offlineDB] :: Type 'Raincoat_Blue' will be ignored. (Type does not exist. (Typo?))
20:57:28.519 !!! [CE][offlineDB] :: Type 'Raincoat_Green' will be ignored. (Type does not exist. (Typo?))
20:57:28.519 !!! [CE][offlineDB] :: Type 'Raincoat_Orange' will be ignored. (Type does not exist. (Typo?))
20:57:28.519 !!! [CE][offlineDB] :: Type 'Raincoat_Pink' will be ignored. (Type does not exist. (Typo?))
20:57:28.519 !!! [CE][offlineDB] :: Type 'Raincoat_Red' will be ignored. (Type does not exist. (Typo?))
20:57:28.519 !!! [CE][offlineDB] :: Type 'Raincoat_Yellow' will be ignored. (Type does not exist. (Typo?))
20:57:28.519 !!! [CE][offlineDB] :: Type 'SantasSleigh' will be ignored. (Type does not exist. (Typo?))
20:57:28.519 !!! [CE][offlineDB] :: Type 'SharpLongWoodenStick' will be ignored. (Type does not exist. (Typo?))
20:57:28.519 !!! [CE][offlineDB] :: Type 'Shirt_BlueCheck' will be ignored. (Type does not exist. (Typo?))
20:57:28.519 !!! [CE][offlineDB] :: Type 'Shirt_BlueCheckBright' will be ignored. (Type does not exist. (Typo?))
20:57:28.519 !!! [CE][offlineDB] :: Type 'Shirt_GreenCheck' will be ignored. (Type does not exist. (Typo?))
20:57:28.519 !!! [CE][offlineDB] :: Type 'Shirt_PlaneBlack' will be ignored. (Type does not exist. (Typo?))
20:57:28.519 !!! [CE][offlineDB] :: Type 'Shirt_RedCheck' will be ignored. (Type does not exist. (Typo?))
20:57:28.519 !!! [CE][offlineDB] :: Type 'Shirt_WhiteCheck' will be ignored. (Type does not exist. (Typo?))
20:57:28.519 !!! [CE][offlineDB] :: Type 'SlacksPants_Beige' will be ignored. (Type does not exist. (Typo?))
20:57:28.519 !!! [CE][offlineDB] :: Type 'SlacksPants_Black' will be ignored. (Type does not exist. (Typo?))
20:57:28.519 !!! [CE][offlineDB] :: Type 'SlacksPants_Blue' will be ignored. (Type does not exist. (Typo?))
20:57:28.520 !!! [CE][offlineDB] :: Type 'SlacksPants_Brown' will be ignored. (Type does not exist. (Typo?))
20:57:28.520 !!! [CE][offlineDB] :: Type 'SlacksPants_DarkGrey' will be ignored. (Type does not exist. (Typo?))
20:57:28.520 !!! [CE][offlineDB] :: Type 'SlacksPants_Khaki' will be ignored. (Type does not exist. (Typo?))
20:57:28.520 !!! [CE][offlineDB] :: Type 'SlacksPants_LightGrey' will be ignored. (Type does not exist. (Typo?))
20:57:28.520 !!! [CE][offlineDB] :: Type 'SlacksPants_White' will be ignored. (Type does not exist. (Typo?))
20:57:28.520 !!! [CE][offlineDB] :: Type 'Spear' will be ignored. (Not spawnable. (Scope is not public?))
20:57:28.520 !!! [CE][offlineDB] :: Type 'TShirt_Beige' will be ignored. (Type does not exist. (Typo?))
20:57:28.520 !!! [CE][offlineDB] :: Type 'TShirt_Black' will be ignored. (Type does not exist. (Typo?))
20:57:28.520 !!! [CE][offlineDB] :: Type 'TShirt_Blue' will be ignored. (Type does not exist. (Typo?))
20:57:28.520 !!! [CE][offlineDB] :: Type 'TShirt_Green' will be ignored. (Type does not exist. (Typo?))
20:57:28.520 !!! [CE][offlineDB] :: Type 'TShirt_Grey' will be ignored. (Type does not exist. (Typo?))
20:57:28.520 !!! [CE][offlineDB] :: Type 'TShirt_OrangeWhiteStripes' will be ignored. (Type does not exist. (Typo?))
20:57:28.520 !!! [CE][offlineDB] :: Type 'TShirt_Red' will be ignored. (Type does not exist. (Typo?))
20:57:28.520 !!! [CE][offlineDB] :: Type 'TShirt_RedBlackStripes' will be ignored. (Type does not exist. (Typo?))
20:57:28.520 !!! [CE][offlineDB] :: Type 'TShirt_White' will be ignored. (Type does not exist. (Typo?))
20:57:28.520 !!! [CE][offlineDB] :: Type 'TransitBus' will be ignored. (Type does not exist. (Typo?))
20:57:28.520 !!! [CE][offlineDB] :: Type 'WitchHood_Chainmail_Black' will be ignored. (Type does not exist. (Typo?))
20:57:28.520 !!! [CE][offlineDB] :: Type 'WitchHood_Chainmail_Brown' will be ignored. (Type does not exist. (Typo?))
20:57:28.520 !!! [CE][offlineDB] :: Type 'WitchHood_Chainmail_Red' will be ignored. (Type does not exist. (Typo?))
20:57:28.520 !!! [CE][offlineDB] :: Type 'WolfMask' will be ignored. (Type does not exist. (Typo?))
20:57:28.521 !!! [CE][offlineDB] :: Type 'ttcelticaxe' will be ignored. (Type does not exist. (Typo?))
20:57:28.521 !!! [CE][offlineDB] :: Type 'tantosword' will be ignored. (Type does not exist. (Typo?))
20:57:28.521 !!! [CE][offlineDB] :: Type 'STAG_Flag_Gespiegelt' will be ignored. (Type does not exist. (Typo?))
20:57:28.521 !!! [CE][offlineDB] :: Type 'STAG_Clothing_MountainBag' will be ignored. (Type does not exist. (Typo?))
20:57:28.528 !!! [CE][offlineDB] :: Type 'Expansion_M79' will be ignored. (Not spawnable. (Scope is not public?))
20:57:28.528 !!! [CE][offlineDB] :: Type 'ExpansionFlaregun' will be ignored. (Not spawnable. (Scope is not public?))
20:57:28.528 !!! [CE][offlineDB] :: Type 'Expansion_Longhorn' will be ignored. (Not spawnable. (Scope is not public?))
20:57:28.535 !!! [CE][offlineDB] :: Type 'DOC_Bocchi' will be ignored. (Type does not exist. (Typo?))
20:57:28.535 !!! [CE][offlineDB] :: Type 'DOC_Metallia' will be ignored. (Type does not exist. (Typo?))
20:57:28.535 !!! [CE][offlineDB] :: Type 'DOC_Pedro' will be ignored. (Type does not exist. (Typo?))
20:57:28.535 !!! [CE][offlineDB] :: Type 'DOC_Violet' will be ignored. (Type does not exist. (Typo?))
20:57:28.535 !!! [CE][offlineDB] :: Type 'DOC_42Finger' will be ignored. (Type does not exist. (Typo?))
20:57:28.535 !!! [CE][offlineDB] :: Type 'DOC_Squidward' will be ignored. (Type does not exist. (Typo?))
20:57:28.535 !!! [CE][offlineDB] :: Type 'Armband_DOC_Bocchi' will be ignored. (Type does not exist. (Typo?))
20:57:28.535 !!! [CE][offlineDB] :: Type 'Armband_DOC_Metallia' will be ignored. (Type does not exist. (Typo?))
20:57:28.535 !!! [CE][offlineDB] :: Type 'Armband_DOC_Pedro' will be ignored. (Type does not exist. (Typo?))
20:57:28.535 !!! [CE][offlineDB] :: Type 'Armband_DOC_42FINGERS' will be ignored. (Type does not exist. (Typo?))
20:57:28.535 !!! [CE][offlineDB] :: Type 'Armband_DOC_Violet' will be ignored. (Type does not exist. (Typo?))
20:57:28.535 !!! [CE][offlineDB] :: Type 'Armband_DOC_Squidward' will be ignored. (Type does not exist. (Typo?))
20:57:28.535 !!! [CE][offlineDB] :: Type 'DOC_Jacket_Red42' will be ignored. (Type does not exist. (Typo?))
20:57:28.535 !!! [CE][offlineDB] :: Type 'DOC_Raincoat_Red42' will be ignored. (Type does not exist. (Typo?))
20:57:28.535 !!! [CE][offlineDB] :: Type 'DOC_Jeans_Red42' will be ignored. (Type does not exist. (Typo?))
20:57:28.535 !!! [CE][offlineDB] :: Type 'DOC_ADMIN_BLUE_TOP' will be ignored. (Type does not exist. (Typo?))
20:57:28.535 !!! [CE][offlineDB] :: Type 'DOC_ADMIN_BLUE_BOTTOM' will be ignored. (Type does not exist. (Typo?))
20:57:28.535 !!! [CE][offlineDB] :: Type 'DOC_ADMIN_DOC_TOP' will be ignored. (Type does not exist. (Typo?))
20:57:28.535 !!! [CE][offlineDB] :: Type 'DOC_ADMIDOC_GHILLIE_REDGREY' will be ignored. (Type does not exist. (Typo?))
20:57:28.535 !!! [CE][offlineDB] :: Type 'DOC_GHILLIETOP_REDGREY' will be ignored. (Type does not exist. (Typo?))
20:57:28.535 !!! [CE][offlineDB] :: Type 'DOC_GHILLIE_GUNWRAP_REDGREY' will be ignored. (Type does not exist. (Typo?))
20:57:28.535 !!! [CE][offlineDB] :: Type 'DOC_GHILLIE_BLUEBLACK' will be ignored. (Type does not exist. (Typo?))
20:57:28.535 !!! [CE][offlineDB] :: Type 'DOC_GHILLIE_GUNWRAP_BLUEBLAC' will be ignored. (Type does not exist. (Typo?))
20:57:28.535 !!! [CE][offlineDB] :: Type 'DOC_GHILLIETOP_BLUEBLACK' will be ignored. (Type does not exist. (Typo?))
20:57:28.535 !!! [CE][offlineDB] :: Type 'Airsoft_M4A1' will be ignored. (Type does not exist. (Typo?))
20:57:28.535 !!! [CE][offlineDB] :: Type 'Airsoft_AK' will be ignored. (Type does not exist. (Typo?))
20:57:28.535 !!! [CE][offlineDB] :: Type 'Airsoft_Sniper' will be ignored. (Type does not exist. (Typo?))
20:57:28.535 !!! [CE][offlineDB] :: Type 'Mag_Airsoft_M4' will be ignored. (Type does not exist. (Typo?))
20:57:28.535 !!! [CE][offlineDB] :: Type 'Mag_Airsoft_AK' will be ignored. (Type does not exist. (Typo?))
20:57:28.535 !!! [CE][offlineDB] :: Type 'Ammo_Airsoft762' will be ignored. (Type does not exist. (Typo?))
20:57:28.535 !!! [CE][offlineDB] :: Type 'Ammo_Airsoft556' will be ignored. (Type does not exist. (Typo?))
20:57:28.536 !!! [CE][offlineDB] :: Type 'Ammo_Airsoft308' will be ignored. (Type does not exist. (Typo?))
20:57:28.536 !!! [CE][offlineDB] :: Type 'Prefab_Cabin' will be ignored. (Type does not exist. (Typo?))
20:57:28.536 !!! [CE][offlineDB] :: Type 'Cabin_Kit' will be ignored. (Type does not exist. (Typo?))
20:57:28.536 !!! [CE][offlineDB] :: Type 'Sk_Cabinet' will be ignored. (Type does not exist. (Typo?))
20:57:28.536 !!! [CE][offlineDB] :: Type 'Cabin_Water_Pump' will be ignored. (Type does not exist. (Typo?))
20:57:28.536 !!! [CE][offlineDB] :: Type 'Radioactive_bear_Meat' will be ignored. (Type does not exist. (Typo?))
20:57:28.536 !!! [CE][offlineDB] :: Type 'Radioactive_wolf_Meat' will be ignored. (Type does not exist. (Typo?))
20:57:28.536 !!! [CE][offlineDB] :: Type 'DXMediumTent_1' will be ignored. (Type does not exist. (Typo?))
20:57:28.536 !!! [CE][offlineDB] :: Type 'DXMediumTent_2' will be ignored. (Type does not exist. (Typo?))
20:57:28.536 !!! [CE][offlineDB] :: Type 'DXMediumTent_3' will be ignored. (Type does not exist. (Typo?))
20:57:28.536 !!! [CE][offlineDB] :: Type 'DXMediumTent_4' will be ignored. (Type does not exist. (Typo?))
20:57:28.536 !!! [CE][offlineDB] :: Type 'DXMediumTent_5' will be ignored. (Type does not exist. (Typo?))
20:57:28.536 !!! [CE][offlineDB] :: Type 'DXMediumTent_6' will be ignored. (Type does not exist. (Typo?))
20:57:28.536 !!! [CE][offlineDB] :: Type 'DXMediumTent_7' will be ignored. (Type does not exist. (Typo?))
20:57:28.536 !!! [CE][offlineDB] :: Type 'DXMediumTent_8' will be ignored. (Type does not exist. (Typo?))
20:57:28.536 !!! [CE][offlineDB] :: Type 'DXMediumTent_9' will be ignored. (Type does not exist. (Typo?))
20:57:28.536 !!! [CE][offlineDB] :: Type 'DXMediumTent_10' will be ignored. (Type does not exist. (Typo?))
20:57:28.536 !!! [CE][offlineDB] :: Type 'DXMediumTent_11' will be ignored. (Type does not exist. (Typo?))
20:57:28.536 !!! [CE][offlineDB] :: Type 'SWAT_Pants' will be ignored. (Type does not exist. (Typo?))
20:57:28.536 !!! [CE][offlineDB] :: Type 'SWAT_Balaclava' will be ignored. (Type does not exist. (Typo?))
20:57:28.536 !!! [CE][offlineDB] :: Type 'SWAT_Gloves' will be ignored. (Type does not exist. (Typo?))
20:57:28.536 !!! [CE][offlineDB] :: Type 'SWAT_Goggles' will be ignored. (Type does not exist. (Typo?))
20:57:28.536 !!! [CE][offlineDB] :: Type 'SWAT_Shirt' will be ignored. (Type does not exist. (Typo?))
20:57:28.537 !!! [CE][offlineDB] :: Type 'SWAT_Vest' will be ignored. (Type does not exist. (Typo?))
20:57:28.537 !!! [CE][offlineDB] :: Type 'SWAT_Helmet' will be ignored. (Type does not exist. (Typo?))
20:57:28.537 !!! [CE][offlineDB] :: Type 'RFSolarPanel' will be ignored. (Type does not exist. (Typo?))
20:57:28.537 !!! [CE][offlineDB] :: Type 'RFSolarPanelKit' will be ignored. (Type does not exist. (Typo?))
20:57:28.537 !!! [CE][offlineDB] :: Type 'MVS_Combat_Vest_Black_Camo_Bunker' will be ignored. (Type does not exist. (Typo?))
20:57:28.537 !!! [CE][offlineDB] :: Type 'MVS_Combat_Vest_Black_Camo2_Bunker' will be ignored. (Type does not exist. (Typo?))
20:57:28.537 !!! [CE][offlineDB] :: Type 'MVS_Combat_Vest_Camo_Orange_Bunker' will be ignored. (Type does not exist. (Typo?))
20:57:28.538 !!! [CE][offlineDB] :: Type 'MVS_Combat_Vest_Camo_Tigr_Bunker' will be ignored. (Type does not exist. (Typo?))
20:57:28.538 !!! [CE][offlineDB] :: Type 'MVS_Combat_Vest_ELRD_Camo' will be ignored. (Type does not exist. (Typo?))
20:57:28.538 !!! [CE][offlineDB] :: Type 'MVS_Combat_Vest_Green_Camo_Bunker' will be ignored. (Type does not exist. (Typo?))
20:57:28.538 !!! [CE][offlineDB] :: Type 'MVS_Magazine_Pouch_Black_Camo_Bunker' will be ignored. (Type does not exist. (Typo?))
20:57:28.538 !!! [CE][offlineDB] :: Type 'MVS_Magazine_Pouch_Black_Camo2_Bunker' will be ignored. (Type does not exist. (Typo?))
20:57:28.538 !!! [CE][offlineDB] :: Type 'MVS_Magazine_Pouch_Camo_Orange_Bunker' will be ignored. (Type does not exist. (Typo?))
20:57:28.538 !!! [CE][offlineDB] :: Type 'MVS_Magazine_Pouch_Camo_Tigr_Bunker' will be ignored. (Type does not exist. (Typo?))
20:57:28.538 !!! [CE][offlineDB] :: Type 'MVS_Magazine_Pouch_ELRD_Camo_Bunker' will be ignored. (Type does not exist. (Typo?))
20:57:28.538 !!! [CE][offlineDB] :: Type 'MVS_Magazine_Pouch_Green_Camo_Bunker' will be ignored. (Type does not exist. (Typo?))
20:57:28.538 !!! [CE][offlineDB] :: Type 'MVS_Admin_Pouch_Black_Camo_Bunker' will be ignored. (Type does not exist. (Typo?))
20:57:28.538 !!! [CE][offlineDB] :: Type 'MVS_Admin_Pouch_Black_Camo2_Bunker' will be ignored. (Type does not exist. (Typo?))
20:57:28.538 !!! [CE][offlineDB] :: Type 'MVS_Admin_Pouch_Camo_Orange_Bunker' will be ignored. (Type does not exist. (Typo?))
20:57:28.538 !!! [CE][offlineDB] :: Type 'MVS_Admin_Pouch_Camo_Tigr_Bunker' will be ignored. (Type does not exist. (Typo?))
20:57:28.538 !!! [CE][offlineDB] :: Type 'MVS_Admin_Pouch_ELRD_Camo_Bunker' will be ignored. (Type does not exist. (Typo?))
20:57:28.538 !!! [CE][offlineDB] :: Type 'MVS_Admin_Pouch_Green_Camo_Bunker' will be ignored. (Type does not exist. (Typo?))
20:57:28.538 !!! [CE][offlineDB] :: Type 'MVS_Utility_Pouch_Black_Camo_Bunker' will be ignored. (Type does not exist. (Typo?))
20:57:28.538 !!! [CE][offlineDB] :: Type 'MVS_Utility_Pouch_Black_Camo2_Bunker' will be ignored. (Type does not exist. (Typo?))
20:57:28.538 !!! [CE][offlineDB] :: Type 'MVS_Utility_Pouch_Camo_Orange_Bunker' will be ignored. (Type does not exist. (Typo?))
20:57:28.538 !!! [CE][offlineDB] :: Type 'MVS_Utility_Pouch_Camo_Tigr_Bunker' will be ignored. (Type does not exist. (Typo?))
20:57:28.538 !!! [CE][offlineDB] :: Type 'MVS_Utility_Pouch_ELRD_Camo_Bunker' will be ignored. (Type does not exist. (Typo?))
20:57:28.538 !!! [CE][offlineDB] :: Type 'MVS_Utility_Pouch_Green_Camo_Bunker' will be ignored. (Type does not exist. (Typo?))
20:57:28.538 !!! [CE][offlineDB] :: Type 'MVS_Medical_Pouch_Camo_Orange_Bunker' will be ignored. (Type does not exist. (Typo?))
20:57:28.538 !!! [CE][offlineDB] :: Type 'MVS_Medical_Pouch_Camo_Tigr_Bunker' will be ignored. (Type does not exist. (Typo?))
20:57:28.538 !!! [CE][offlineDB] :: Type 'MVS_Medical_Pouch_ELRD_Camo_Bunker' will be ignored. (Type does not exist. (Typo?))
20:57:28.538 !!! [CE][offlineDB] :: Type 'MVS_Pack_Black_Camo_Bunker' will be ignored. (Type does not exist. (Typo?))
20:57:28.539 !!! [CE][offlineDB] :: Type 'MVS_Pack_Black_Camo2_Bunker' will be ignored. (Type does not exist. (Typo?))
20:57:28.539 !!! [CE][offlineDB] :: Type 'MVS_Pack_Camo_Orange_Bunker' will be ignored. (Type does not exist. (Typo?))
20:57:28.539 !!! [CE][offlineDB] :: Type 'MVS_Pack_Camo_Tigr_Bunker' will be ignored. (Type does not exist. (Typo?))
20:57:28.539 !!! [CE][offlineDB] :: Type 'MVS_Pack_ELRD_Camo_Bunker' will be ignored. (Type does not exist. (Typo?))
20:57:28.539 !!! [CE][offlineDB] :: Type 'MVS_Pack_Green_Camo_Bunker' will be ignored. (Type does not exist. (Typo?))
20:57:28.539 !!! [CE][offlineDB] :: Type 'MVS_Combat_Vest_Heavy_Black_Camo_Bunker' will be ignored. (Type does not exist. (Typo?))
20:57:28.539 !!! [CE][offlineDB] :: Type 'MVS_Combat_Vest_Heavy_Black_Camo2_Bunker' will be ignored. (Type does not exist. (Typo?))
20:57:28.539 !!! [CE][offlineDB] :: Type 'MVS_Combat_Vest_Heavy_Camo_Orange_Bunker' will be ignored. (Type does not exist. (Typo?))
20:57:28.539 !!! [CE][offlineDB] :: Type 'MVS_Combat_Vest_Heavy_Camo_Tigr_Bunker' will be ignored. (Type does not exist. (Typo?))
20:57:28.539 !!! [CE][offlineDB] :: Type 'MVS_Combat_Vest_Heavy_ELRD_Camo_Bunker' will be ignored. (Type does not exist. (Typo?))
20:57:28.539 !!! [CE][offlineDB] :: Type 'MVS_Combat_Vest_Heavy_Green_Camo_Bunker' will be ignored. (Type does not exist. (Typo?))
20:57:28.539 !!! [CE][offlineDB] :: Type 'MVS_Taco_Pouch_Black_Camo_Bunker' will be ignored. (Type does not exist. (Typo?))
20:57:28.539 !!! [CE][offlineDB] :: Type 'MVS_Taco_Pouch_Black_Camo2_Bunker' will be ignored. (Type does not exist. (Typo?))
20:57:28.539 !!! [CE][offlineDB] :: Type 'MVS_Taco_Pouch_Camo_Orange_Bunker' will be ignored. (Type does not exist. (Typo?))
20:57:28.539 !!! [CE][offlineDB] :: Type 'MVS_Taco_Pouch_Camo_Tigr_Bunker' will be ignored. (Type does not exist. (Typo?))
20:57:28.539 !!! [CE][offlineDB] :: Type 'MVS_Taco_Pouch_ELRD_Camo_Bunker' will be ignored. (Type does not exist. (Typo?))
20:57:28.539 !!! [CE][offlineDB] :: Type 'MVS_Taco_Pouch_Green_Camo_Bunker' will be ignored. (Type does not exist. (Typo?))
20:57:28.539 !!! [CE][offlineDB] :: Type 'MVS_Pakol_Comtac' will be ignored. (Type does not exist. (Typo?))
20:57:28.539 !!! [CE][offlineDB] :: Type 'MVS_canteen_Black_Camo_Bunker' will be ignored. (Type does not exist. (Typo?))
20:57:28.539 !!! [CE][offlineDB] :: Type 'MVS_canteen_Black_Camo2_Bunker' will be ignored. (Type does not exist. (Typo?))
20:57:28.539 !!! [CE][offlineDB] :: Type 'MVS_canteen_Camp_Orange' will be ignored. (Type does not exist. (Typo?))
20:57:28.539 !!! [CE][offlineDB] :: Type 'MVS_canteen_Camo_Tigr_Bunker' will be ignored. (Type does not exist. (Typo?))
20:57:28.539 !!! [CE][offlineDB] :: Type 'MVS_canteen_ELRD_Camo_Bunker' will be ignored. (Type does not exist. (Typo?))
20:57:28.539 !!! [CE][offlineDB] :: Type 'MVS_canteen_Green_Camo_Bunker' will be ignored. (Type does not exist. (Typo?))
20:57:28.539 !!! [CE][offlineDB] :: Type 'MVS_OpsCore_Black_Camo_Bunker' will be ignored. (Type does not exist. (Typo?))
20:57:28.539 !!! [CE][offlineDB] :: Type 'MVS_OpsCore_Black_Camo2_Bunker' will be ignored. (Type does not exist. (Typo?))
20:57:28.539 !!! [CE][offlineDB] :: Type 'MVS_OpsCore_Camo_Orange_Bunker' will be ignored. (Type does not exist. (Typo?))
20:57:28.539 !!! [CE][offlineDB] :: Type 'MVS_OpsCore_Camo_Tigr_Bunker' will be ignored. (Type does not exist. (Typo?))
20:57:28.539 !!! [CE][offlineDB] :: Type 'MVS_OpsCore_ELRD_Camo_Bunker' will be ignored. (Type does not exist. (Typo?))
20:57:28.539 !!! [CE][offlineDB] :: Type 'MVS_OpsCore_Green_Camo_Bunker' will be ignored. (Type does not exist. (Typo?))
20:57:28.539 !!! [CE][offlineDB] :: Type 'MVS_GorkaPants' will be ignored. (Type does not exist. (Typo?))
20:57:28.539 !!! [CE][offlineDB] :: Type 'MVS_GorkaPants_Snow' will be ignored. (Type does not exist. (Typo?))
20:57:28.539 !!! [CE][offlineDB] :: Type 'MVS_ArmoredHelmet_Black_Camo_Bunker' will be ignored. (Type does not exist. (Typo?))
20:57:28.539 !!! [CE][offlineDB] :: Type 'MVS_ArmoredHelmet_Black_Camo2_Bunker' will be ignored. (Type does not exist. (Typo?))
20:57:28.539 !!! [CE][offlineDB] :: Type 'MVS_ArmoredHelmet_Camo_Orange_Bunker' will be ignored. (Type does not exist. (Typo?))
20:57:28.539 !!! [CE][offlineDB] :: Type 'MVS_ArmoredHelmet_Camo_Tigr_Bunker' will be ignored. (Type does not exist. (Typo?))
20:57:28.539 !!! [CE][offlineDB] :: Type 'MVS_ArmoredHelmet_ELRD_Camo_Bunker' will be ignored. (Type does not exist. (Typo?))
20:57:28.539 !!! [CE][offlineDB] :: Type 'MVS_ArmoredHelmet_Green_Camo_Bunker' will be ignored. (Type does not exist. (Typo?))
20:57:28.539 !!! [CE][offlineDB] :: Type 'MVS_Rucksack_Black_Camo_Bunker' will be ignored. (Type does not exist. (Typo?))
20:57:28.539 !!! [CE][offlineDB] :: Type 'MVS_Rucksack_Black_Camo2_Bunker' will be ignored. (Type does not exist. (Typo?))
20:57:28.539 !!! [CE][offlineDB] :: Type 'MVS_Rucksack_Camo_Orange_Bunker' will be ignored. (Type does not exist. (Typo?))
20:57:28.539 !!! [CE][offlineDB] :: Type 'MVS_Rucksack_Camo_Tigr_Bunker' will be ignored. (Type does not exist. (Typo?))
20:57:28.539 !!! [CE][offlineDB] :: Type 'MVS_Rucksack_ELRD_Camo_Bunker' will be ignored. (Type does not exist. (Typo?))
20:57:28.539 !!! [CE][offlineDB] :: Type 'MVS_Rucksack_Green_Camo_Bunker' will be ignored. (Type does not exist. (Typo?))
20:57:28.539 !!! [CE][offlineDB] :: Type 'MVS_Compact_1_Black_Camo_Bunker' will be ignored. (Type does not exist. (Typo?))
20:57:28.539 !!! [CE][offlineDB] :: Type 'MVS_Compact_1_Black_Camo2_Bunker' will be ignored. (Type does not exist. (Typo?))
20:57:28.539 !!! [CE][offlineDB] :: Type 'MVS_Compact_1_Camo_Orange_Bunker' will be ignored. (Type does not exist. (Typo?))
20:57:28.539 !!! [CE][offlineDB] :: Type 'MVS_Compact_1_Camo_Tigr_Bunker' will be ignored. (Type does not exist. (Typo?))
20:57:28.539 !!! [CE][offlineDB] :: Type 'MVS_Compact_1_ELRD_Camo_Bunker' will be ignored. (Type does not exist. (Typo?))
20:57:28.539 !!! [CE][offlineDB] :: Type 'MVS_Compact_1_Green_Camo_Bunker' will be ignored. (Type does not exist. (Typo?))
20:57:28.539 !!! [CE][offlineDB] :: Type 'MVS_Compact_2_Black_Camo_Bunker' will be ignored. (Type does not exist. (Typo?))
20:57:28.539 !!! [CE][offlineDB] :: Type 'MVS_Compact_2_Black_Camo2_Bunker' will be ignored. (Type does not exist. (Typo?))
20:57:28.539 !!! [CE][offlineDB] :: Type 'MVS_Compact_2_Camo_Orange_Bunker' will be ignored. (Type does not exist. (Typo?))
20:57:28.539 !!! [CE][offlineDB] :: Type 'MVS_Compact_2_Camo_Tigr_Bunker' will be ignored. (Type does not exist. (Typo?))
20:57:28.539 !!! [CE][offlineDB] :: Type 'MVS_Compact_2_ELRD_Camo_Bunker' will be ignored. (Type does not exist. (Typo?))
20:57:28.539 !!! [CE][offlineDB] :: Type 'MVS_Compact_2_Green_Camo_Bunker' will be ignored. (Type does not exist. (Typo?))
20:57:28.539 !!! [CE][offlineDB] :: Type 'MVS_ChestRig_Black_Camo_Bunker' will be ignored. (Type does not exist. (Typo?))
20:57:28.539 !!! [CE][offlineDB] :: Type 'MVS_ChestRig_Black_Camo2_Bunker' will be ignored. (Type does not exist. (Typo?))
20:57:28.539 !!! [CE][offlineDB] :: Type 'MVS_ChestRig_Camo_Orange_Bunker' will be ignored. (Type does not exist. (Typo?))
20:57:28.539 !!! [CE][offlineDB] :: Type 'MVS_ChestRig_Camo_Tigr_Bunker' will be ignored. (Type does not exist. (Typo?))
20:57:28.539 !!! [CE][offlineDB] :: Type 'MVS_ChestRig_ELRD_Camo_Bunker' will be ignored. (Type does not exist. (Typo?))
20:57:28.539 !!! [CE][offlineDB] :: Type 'MVS_ChestRig_Green_Camo_Bunker' will be ignored. (Type does not exist. (Typo?))
20:57:28.539 !!! [CE][offlineDB] :: Type 'MVS_Balaclava_Wraith_Comtacs' will be ignored. (Type does not exist. (Typo?))
20:57:28.539 !!! [CE][offlineDB] :: Type 'MVS_GorkaPants_Multicam' will be ignored. (Type does not exist. (Typo?))
20:57:28.539 !!! [CE][offlineDB] :: Type 'MVS_GorkaPants_Multicam_Tropic' will be ignored. (Type does not exist. (Typo?))
20:57:28.539 !!! [CE][offlineDB] :: Type 'MVS_GorkaPants_Multicam_Black' will be ignored. (Type does not exist. (Typo?))
20:57:28.539 !!! [CE][offlineDB] :: Type 'MVS_Assault_Pack_Black_Camo_Bunker' will be ignored. (Type does not exist. (Typo?))
20:57:28.539 !!! [CE][offlineDB] :: Type 'MVS_Assault_Pack_Black_Camo2_Bunker' will be ignored. (Type does not exist. (Typo?))
20:57:28.539 !!! [CE][offlineDB] :: Type 'MVS_Assault_Pack_Camo_Orange_Bunker' will be ignored. (Type does not exist. (Typo?))
20:57:28.539 !!! [CE][offlineDB] :: Type 'MVS_Assault_Pack_Camo_Tigr_Bunker' will be ignored. (Type does not exist. (Typo?))
20:57:28.539 !!! [CE][offlineDB] :: Type 'MVS_Assault_Pack_ELRD_Camo_Bunker' will be ignored. (Type does not exist. (Typo?))
20:57:28.539 !!! [CE][offlineDB] :: Type 'MVS_Assault_Pack_Green_Camo_Bunker' will be ignored. (Type does not exist. (Typo?))
20:57:28.539 !!! [CE][offlineDB] :: Type 'MVS_CombatPants_Black_Camo_Bunker' will be ignored. (Type does not exist. (Typo?))
20:57:28.539 !!! [CE][offlineDB] :: Type 'MVS_CombatPants_Black_Camo2_Bunker' will be ignored. (Type does not exist. (Typo?))
20:57:28.539 !!! [CE][offlineDB] :: Type 'MVS_CombatPants_Camo_Orange_Bunker' will be ignored. (Type does not exist. (Typo?))
20:57:28.540 !!! [CE][offlineDB] :: Type 'MVS_CombatPants_Camo_Tigr_Bunker' will be ignored. (Type does not exist. (Typo?))
20:57:28.540 !!! [CE][offlineDB] :: Type 'MVS_CombatPants_ELRD_Camo_Bunker' will be ignored. (Type does not exist. (Typo?))
20:57:28.540 !!! [CE][offlineDB] :: Type 'MVS_CombatPants_Green_Camo_Bunker' will be ignored. (Type does not exist. (Typo?))
20:57:28.540 !!! [CE][offlineDB] :: Type 'MVS_CombatShirt_Black_Camo_Bunker' will be ignored. (Type does not exist. (Typo?))
20:57:28.540 !!! [CE][offlineDB] :: Type 'MVS_CombatShirt_Black_Camo2_Bunker' will be ignored. (Type does not exist. (Typo?))
20:57:28.540 !!! [CE][offlineDB] :: Type 'MVS_CombatShirt_Camo_Orange_Bunker' will be ignored. (Type does not exist. (Typo?))
20:57:28.540 !!! [CE][offlineDB] :: Type 'MVS_CombatShirt_Camo_Tigr_Bunker' will be ignored. (Type does not exist. (Typo?))
20:57:28.540 !!! [CE][offlineDB] :: Type 'MVS_CombatShirt_ELRD_Camo_Bunker' will be ignored. (Type does not exist. (Typo?))
20:57:28.540 !!! [CE][offlineDB] :: Type 'MVS_CombatShirt_Green_Camo_Bunker' will be ignored. (Type does not exist. (Typo?))
20:57:28.540 !!! [CE][offlineDB] :: Type 'MVS_Molle_Panel_Black_Camo_Bunker' will be ignored. (Type does not exist. (Typo?))
20:57:28.540 !!! [CE][offlineDB] :: Type 'MVS_Molle_Panel_Black_Camo2_Bunker' will be ignored. (Type does not exist. (Typo?))
20:57:28.540 !!! [CE][offlineDB] :: Type 'MVS_Molle_Panel_Camo_Orange_Bunker' will be ignored. (Type does not exist. (Typo?))
20:57:28.540 !!! [CE][offlineDB] :: Type 'MVS_Molle_Panel_Camo_Tigr_Bunker' will be ignored. (Type does not exist. (Typo?))
20:57:28.540 !!! [CE][offlineDB] :: Type 'MVS_Molle_Panel_ELRD_Camo_Bunker' will be ignored. (Type does not exist. (Typo?))
20:57:28.540 !!! [CE][offlineDB] :: Type 'MVS_Molle_Panel_Green_Camo_Bunker' will be ignored. (Type does not exist. (Typo?))
20:57:28.540 !!! [CE][offlineDB] :: Type 'MVS_6B47_Helmet_Black_Camo_Bunker' will be ignored. (Type does not exist. (Typo?))
20:57:28.540 !!! [CE][offlineDB] :: Type 'MVS_6B47_Helmet_Black_Camo2_Bunker' will be ignored. (Type does not exist. (Typo?))
20:57:28.540 !!! [CE][offlineDB] :: Type 'MVS_6B47_Helmet_Camo_Orange_Bunker' will be ignored. (Type does not exist. (Typo?))
20:57:28.540 !!! [CE][offlineDB] :: Type 'MVS_6B47_Helmet_Camo_Tigr_Bunker' will be ignored. (Type does not exist. (Typo?))
20:57:28.540 !!! [CE][offlineDB] :: Type 'MVS_6B47_Helmet_ELRD_Camo_Bunker' will be ignored. (Type does not exist. (Typo?))
20:57:28.540 !!! [CE][offlineDB] :: Type 'MVS_6B47_Helmet_Green_Camo_Bunker' will be ignored. (Type does not exist. (Typo?))
20:57:28.540 !!! [CE][offlineDB] :: Type 'MVS_Helmet_02_Black_Camo_Bunker' will be ignored. (Type does not exist. (Typo?))
20:57:28.540 !!! [CE][offlineDB] :: Type 'MVS_Helmet_02_Black_Camo_Bunker2' will be ignored. (Type does not exist. (Typo?))
20:57:28.540 !!! [CE][offlineDB] :: Type 'MVS_Helmet_02_Camo_Orange_Bunker' will be ignored. (Type does not exist. (Typo?))
20:57:28.540 !!! [CE][offlineDB] :: Type 'MVS_Helmet_02_Camo_Tigr_Bunker' will be ignored. (Type does not exist. (Typo?))
20:57:28.540 !!! [CE][offlineDB] :: Type 'MVS_Helmet_02_ELRD_Camo_Bunker' will be ignored. (Type does not exist. (Typo?))
20:57:28.540 !!! [CE][offlineDB] :: Type 'MVS_Helmet_02_Green_Camo_Bunker' will be ignored. (Type does not exist. (Typo?))
20:57:28.540 !!! [CE][offlineDB] :: Type 'MVS_SlingPack_Black_Camo_Bunker' will be ignored. (Type does not exist. (Typo?))
20:57:28.540 !!! [CE][offlineDB] :: Type 'MVS_SlingPack_Black_Camo2_Bunker' will be ignored. (Type does not exist. (Typo?))
20:57:28.540 !!! [CE][offlineDB] :: Type 'MVS_SlingPack_Camo_Orange_Bunker' will be ignored. (Type does not exist. (Typo?))
20:57:28.540 !!! [CE][offlineDB] :: Type 'MVS_SlingPack_Camo_Tigr_Bunker' will be ignored. (Type does not exist. (Typo?))
20:57:28.540 !!! [CE][offlineDB] :: Type 'MVS_SlingPack_ELRD_Camo_Bunker' will be ignored. (Type does not exist. (Typo?))
20:57:28.540 !!! [CE][offlineDB] :: Type 'MVS_SlingPack_Green_Camo_Bunker' will be ignored. (Type does not exist. (Typo?))
20:57:28.540 !!! [CE][offlineDB] :: Type 'mouse_grey_flag' will be ignored. (Type does not exist. (Typo?))
20:57:28.540 !!! [CE][offlineDB] :: Type 'toxic_green' will be ignored. (Type does not exist. (Typo?))
20:57:28.540 !!! [CE][offlineDB] :: Type 'FBF_Torch' will be ignored. (Not spawnable. (Scope is not public?))
20:57:28.540 !!! [CE][offlineDB] :: Type 'FBF_LongTorch' will be ignored. (Not spawnable. (Scope is not public?))
20:57:28.540 !!! [CE][offlineDB] :: Type 'FBF_AreaLight_White' will be ignored. (Not spawnable. (Scope is not public?))
20:57:28.540 !!! [CE][offlineDB] :: Type 'FBF_AreaLight_Warm' will be ignored. (Not spawnable. (Scope is not public?))
20:57:28.540 !!! [CE][offlineDB] :: Type 'FBF_CustomAreaLight_1' will be ignored. (Not spawnable. (Scope is not public?))
20:57:28.540 !!! [CE][offlineDB] :: Type 'FBF_CustomAreaLight_2' will be ignored. (Not spawnable. (Scope is not public?))
20:57:28.540 !!! [CE][offlineDB] :: Type 'FBF_CustomAreaLight_3' will be ignored. (Not spawnable. (Scope is not public?))
20:57:28.540 !!! [CE][offlineDB] :: Type 'FBF_CustomAreaLight_4' will be ignored. (Not spawnable. (Scope is not public?))
20:57:28.540 !!! [CE][offlineDB] :: Type 'FBF_CustomAreaLight_5' will be ignored. (Not spawnable. (Scope is not public?))
20:57:28.540 !!! [CE][offlineDB] :: Type 'bs_cartman' will be ignored. (Type does not exist. (Typo?))
20:57:28.540 !!! [CE][offlineDB] :: Type 'bs_gratefuldead' will be ignored. (Type does not exist. (Typo?))
20:57:28.540 !!! [CE][offlineDB] :: Type 'bs_meatloaf' will be ignored. (Type does not exist. (Typo?))
20:57:28.540 !!! [CE][offlineDB] :: Type 'bs_nirvana' will be ignored. (Type does not exist. (Typo?))
20:57:28.540 !!! [CE][offlineDB] :: Type 'bs_skynyrd' will be ignored. (Type does not exist. (Typo?))
20:57:28.540 !!! [CE][offlineDB] :: Type 'bs_starbucks' will be ignored. (Type does not exist. (Typo?))
20:57:28.540 !!! [CE][offlineDB] :: Type 'bs_sublime' will be ignored. (Type does not exist. (Typo?))
20:57:28.540 !!! [CE][offlineDB] :: Type 'bs_billmurray' will be ignored. (Type does not exist. (Typo?))
20:57:28.540 !!! [CE][offlineDB] :: Type 'bs_blackflag' will be ignored. (Type does not exist. (Typo?))
20:57:28.540 !!! [CE][offlineDB] :: Type 'bs_cbgb' will be ignored. (Type does not exist. (Typo?))
20:57:28.540 !!! [CE][offlineDB] :: Type 'bs_illuminati1' will be ignored. (Type does not exist. (Typo?))
20:57:28.540 !!! [CE][offlineDB] :: Type 'bs_johndenver' will be ignored. (Type does not exist. (Typo?))
20:57:28.540 !!! [CE][offlineDB] :: Type 'bs_joydivision' will be ignored. (Type does not exist. (Typo?))
20:57:28.540 !!! [CE][offlineDB] :: Type 'bs_nin' will be ignored. (Type does not exist. (Typo?))
20:57:28.540 !!! [CE][offlineDB] :: Type 'bs_zero' will be ignored. (Type does not exist. (Typo?))
20:57:28.540 !!! [CE][offlineDB] :: Type 'bs_volcom' will be ignored. (Type does not exist. (Typo?))
20:57:28.540 !!! [CE][offlineDB] :: Type 'bs_ironmaiden' will be ignored. (Type does not exist. (Typo?))
20:57:28.540 !!! [CE][offlineDB] :: Type 'bs_lateralus' will be ignored. (Type does not exist. (Typo?))
20:57:28.540 !!! [CE][offlineDB] :: Type 'bs_ledzeppelin' will be ignored. (Type does not exist. (Typo?))
20:57:28.540 !!! [CE][offlineDB] :: Type 'bs_nickcage' will be ignored. (Type does not exist. (Typo?))
20:57:28.540 !!! [CE][offlineDB] :: Type 'bs_opeth' will be ignored. (Type does not exist. (Typo?))
20:57:28.540 !!! [CE][offlineDB] :: Type 'bs_scarface' will be ignored. (Type does not exist. (Typo?))
20:57:28.540 !!! [CE][offlineDB] :: Type 'bs_syl' will be ignored. (Type does not exist. (Typo?))
20:57:28.540 !!! [CE][offlineDB] :: Type 'bs_tyrone' will be ignored. (Type does not exist. (Typo?))
20:57:28.540 !!! [CE][offlineDB] :: Type 'bs_worstshirt' will be ignored. (Type does not exist. (Typo?))
20:57:28.540 !!! [CE][offlineDB] :: Type 'MoreDoorVault' will be ignored. (Type does not exist. (Typo?))
20:57:28.540 !!! [CE][offlineDB] :: Type 'MoreDoorSmall' will be ignored. (Type does not exist. (Typo?))
20:57:28.540 !!! [CE][offlineDB] :: Type 'MoreDoorSmallShanty' will be ignored. (Type does not exist. (Typo?))
20:57:28.540 !!! [CE][offlineDB] :: Type 'MoreDoorSmallMetal' will be ignored. (Type does not exist. (Typo?))
20:57:28.540 !!! [CE][offlineDB] :: Type 'MoreDoorVaultKit' will be ignored. (Type does not exist. (Typo?))
20:57:28.540 !!! [CE][offlineDB] :: Type 'MoreDoorSmallKit' will be ignored. (Type does not exist. (Typo?))
20:57:28.540 !!! [CE][offlineDB] :: Type 'MoreDoorSmallMetalKit' will be ignored. (Type does not exist. (Typo?))
20:57:28.540 !!! [CE][offlineDB] :: Type 'MoreDoorSmallShantyKit' will be ignored. (Type does not exist. (Typo?))
20:57:28.540 !!! [CE][offlineDB] :: Type 'MoreDoorSafe' will be ignored. (Type does not exist. (Typo?))
20:57:28.540 !!! [CE][offlineDB] :: Type 'TacSatRadio' will be ignored. (Type does not exist. (Typo?))
20:57:28.542 !!! [CE][offlineDB] :: Wrong xml format of types file 'ModTypes/42MADocsGuns/types.xml'.
20:57:28.542 !!! [CE][offlineDB] :: Wrong xml format of types file 'ModTypes/42MADocsTextures/types.xml'.
20:57:28.542 !!! File "DZ\worlds\chernarusplus\ce\ModTypes/442MAVanillaClothing/types.xml" does not exist...
20:57:28.542 !!! [ERROR][XML] :: load [DZ\worlds\chernarusplus\ce\ModTypes/442MAVanillaClothing/types.xml] failed
20:57:28.542 !!! [ERROR][XML] :: Failed to open file
20:57:28.542 !!! [CE][offlineDB] :: Failed to read types file 'ModTypes/442MAVanillaClothing/types.xml'.
20:57:28.547 !!! [CE][offlineDB] :: Type 'GCGN_Vityaz_30Rnd' will be ignored. (Type does not exist. (Typo?))
20:57:28.547 !!! [CE][offlineDB] :: Type 'SNAFU_556_Barrel10' will be ignored. (Not spawnable. (Scope is not public?))
20:57:28.547 !!! [CE][offlineDB] :: Type 'SNAFU_556_Barrel14_DV' will be ignored. (Not spawnable. (Scope is not public?))
20:57:28.547 !!! [CE][offlineDB] :: Type 'SNAFU_556_Barrel14' will be ignored. (Not spawnable. (Scope is not public?))
20:57:28.547 !!! [CE][offlineDB] :: Type 'SNAFU_556_Barrel16' will be ignored. (Not spawnable. (Scope is not public?))
20:57:28.547 !!! [CE][offlineDB] :: Type 'SNAFU_Bipod' will be ignored. (Type does not exist. (Typo?))
20:57:28.547 !!! [CE][offlineDB] :: Type 'GCGN_M1Garand_FH' will be ignored. (Type does not exist. (Typo?))
20:57:28.548 !!! [CE][offlineDB] :: Type 'GCGN_M1Garand_Muzzle' will be ignored. (Type does not exist. (Typo?))
20:57:28.548 !!! [CE][offlineDB] :: Type 'SNAFU_30mm_Mount_Base' will be ignored. (Not spawnable. (Scope is not public?))
20:57:28.548 !!! [CE][offlineDB] :: Type 'SNAFU_AKEOTech_EXPS' will be ignored. (Type does not exist. (Typo?))
20:57:28.548 !!! [CE][offlineDB] :: Type 'SNAFU_EOTech_EXPS' will be ignored. (Type does not exist. (Typo?))
20:57:28.548 !!! [CE][offlineDB] :: Type 'SNAFU_Kabar_BK' will be ignored. (Type does not exist. (Typo?))
20:57:28.552 !!! [CE] :: Unknown usage: 'TempleCore'.
20:57:28.552 !!! [CE] :: Unknown usage: 'TempleCore'.
20:57:28.552 !!! [CE] :: Unknown usage: 'TempleCore'.
20:57:28.693 !!! [CE][DE][SPAWNS] :: [WARNING] :: Skipping entry for non-existing event 'VehicleTransitBus'.
20:57:28.693 !!! [CE][DE][SPAWNS] :: [WARNING] :: Skipping entry for non-existing event 'AnimalDeer'.
20:57:28.693 !!! [CE][DE][SPAWNS] :: [WARNING] :: Skipping entry for non-existing event 'AnimalCow'.
20:57:28.693 !!! [CE][DE][SPAWNS] :: [WARNING] :: Skipping entry for non-existing event 'AnimalSheep'.
20:57:28.693 !!! [CE][DE][SPAWNS] :: [WARNING] :: Skipping entry for non-existing event 'AnimalRoeDeer'.
20:57:28.693 !!! [CE][DE][SPAWNS] :: [WARNING] :: Skipping entry for non-existing event 'AnimalWildBoar'.
20:57:28.694 [CE][DE][SPAWNS] :: Total positions: 713
20:57:28.694 [CE][DE][GROUPS] :: Total eventgroups defined: 83, Eventgroups in use: 0
20:57:28.694 [CE][Storage] ver:21 stamp:866, valid:yes, name:"C:\Users\rylic\OneDrive\Desktop\Expansion-Dev-Server-Deer-Isle\mpmissions\empty.deerisle\storage_1\data\events.bin"
20:57:28.695 [CE][Storage] ver:21 stamp:864, valid:yes, name:"C:\Users\rylic\OneDrive\Desktop\Expansion-Dev-Server-Deer-Isle\mpmissions\empty.deerisle\storage_1\data\events.001"
20:57:28.695 [CE][Storage] ver:21 stamp:865, valid:yes, name:"C:\Users\rylic\OneDrive\Desktop\Expansion-Dev-Server-Deer-Isle\mpmissions\empty.deerisle\storage_1\data\events.002"
20:57:28.695 [CE][Storage] Restoring file "C:\Users\rylic\OneDrive\Desktop\Expansion-Dev-Server-Deer-Isle\mpmissions\empty.deerisle\storage_1\data\events.bin".
20:57:28.696 [CE][DynamicEvent] Load  Events:[62] Primary spawners: 62 Secondary spawners: 2
20:57:28.696 [CE][Storage] ver:25 stamp:866, valid:yes, name:"C:\Users\rylic\OneDrive\Desktop\Expansion-Dev-Server-Deer-Isle\mpmissions\empty.deerisle\storage_1\data\dynamic_000.bin"
20:57:28.697 [CE][Storage] ver:25 stamp:864, valid:yes, name:"C:\Users\rylic\OneDrive\Desktop\Expansion-Dev-Server-Deer-Isle\mpmissions\empty.deerisle\storage_1\data\dynamic_000.001"
20:57:28.697 [CE][Storage] ver:25 stamp:865, valid:yes, name:"C:\Users\rylic\OneDrive\Desktop\Expansion-Dev-Server-Deer-Isle\mpmissions\empty.deerisle\storage_1\data\dynamic_000.002"
20:57:28.697 [CE][Storage] Restoring file "C:\Users\rylic\OneDrive\Desktop\Expansion-Dev-Server-Deer-Isle\mpmissions\empty.deerisle\storage_1\data\dynamic_000.bin" 1528 items.
20:57:29.689   1528 items loaded. (0 failed)
20:57:29.690 [CE][Storage] ver:25 stamp:866, valid:yes, name:"C:\Users\rylic\OneDrive\Desktop\Expansion-Dev-Server-Deer-Isle\mpmissions\empty.deerisle\storage_1\data\dynamic_001.bin"
20:57:29.691 [CE][Storage] ver:25 stamp:864, valid:yes, name:"C:\Users\rylic\OneDrive\Desktop\Expansion-Dev-Server-Deer-Isle\mpmissions\empty.deerisle\storage_1\data\dynamic_001.001"
20:57:29.691 [CE][Storage] ver:25 stamp:865, valid:yes, name:"C:\Users\rylic\OneDrive\Desktop\Expansion-Dev-Server-Deer-Isle\mpmissions\empty.deerisle\storage_1\data\dynamic_001.002"
20:57:29.691 [CE][Storage] Restoring file "C:\Users\rylic\OneDrive\Desktop\Expansion-Dev-Server-Deer-Isle\mpmissions\empty.deerisle\storage_1\data\dynamic_001.bin" 1203 items.
20:57:30.350   1203 items loaded. (0 failed)
20:57:30.351 [CE][Storage] ver:25 stamp:866, valid:yes, name:"C:\Users\rylic\OneDrive\Desktop\Expansion-Dev-Server-Deer-Isle\mpmissions\empty.deerisle\storage_1\data\dynamic_002.bin"
20:57:30.351 [CE][Storage] ver:25 stamp:864, valid:yes, name:"C:\Users\rylic\OneDrive\Desktop\Expansion-Dev-Server-Deer-Isle\mpmissions\empty.deerisle\storage_1\data\dynamic_002.001"
20:57:30.352 [CE][Storage] ver:25 stamp:865, valid:yes, name:"C:\Users\rylic\OneDrive\Desktop\Expansion-Dev-Server-Deer-Isle\mpmissions\empty.deerisle\storage_1\data\dynamic_002.002"
20:57:30.352 [CE][Storage] Restoring file "C:\Users\rylic\OneDrive\Desktop\Expansion-Dev-Server-Deer-Isle\mpmissions\empty.deerisle\storage_1\data\dynamic_002.bin" 1587 items.
20:57:31.266   1587 items loaded. (0 failed)
20:57:31.266 [CE][Storage] ver:25 stamp:866, valid:yes, name:"C:\Users\rylic\OneDrive\Desktop\Expansion-Dev-Server-Deer-Isle\mpmissions\empty.deerisle\storage_1\data\dynamic_003.bin"
20:57:31.267 [CE][Storage] ver:25 stamp:864, valid:yes, name:"C:\Users\rylic\OneDrive\Desktop\Expansion-Dev-Server-Deer-Isle\mpmissions\empty.deerisle\storage_1\data\dynamic_003.001"
20:57:31.267 [CE][Storage] ver:25 stamp:865, valid:yes, name:"C:\Users\rylic\OneDrive\Desktop\Expansion-Dev-Server-Deer-Isle\mpmissions\empty.deerisle\storage_1\data\dynamic_003.002"
20:57:31.267 [CE][Storage] Restoring file "C:\Users\rylic\OneDrive\Desktop\Expansion-Dev-Server-Deer-Isle\mpmissions\empty.deerisle\storage_1\data\dynamic_003.bin" 1925 items.
20:57:32.242   1925 items loaded. (0 failed)
20:57:32.242 [CE][Storage] ver:25 stamp:866, valid:yes, name:"C:\Users\rylic\OneDrive\Desktop\Expansion-Dev-Server-Deer-Isle\mpmissions\empty.deerisle\storage_1\data\dynamic_004.bin"
20:57:32.243 [CE][Storage] ver:25 stamp:864, valid:yes, name:"C:\Users\rylic\OneDrive\Desktop\Expansion-Dev-Server-Deer-Isle\mpmissions\empty.deerisle\storage_1\data\dynamic_004.001"
20:57:32.243 [CE][Storage] ver:25 stamp:865, valid:yes, name:"C:\Users\rylic\OneDrive\Desktop\Expansion-Dev-Server-Deer-Isle\mpmissions\empty.deerisle\storage_1\data\dynamic_004.002"
20:57:32.243 [CE][Storage] Restoring file "C:\Users\rylic\OneDrive\Desktop\Expansion-Dev-Server-Deer-Isle\mpmissions\empty.deerisle\storage_1\data\dynamic_004.bin" 2907 items.
20:57:33.637   2907 items loaded. (0 failed)
20:57:33.637 [CE][Storage] ver:25 stamp:866, valid:yes, name:"C:\Users\rylic\OneDrive\Desktop\Expansion-Dev-Server-Deer-Isle\mpmissions\empty.deerisle\storage_1\data\dynamic_005.bin"
20:57:33.638 [CE][Storage] ver:25 stamp:864, valid:yes, name:"C:\Users\rylic\OneDrive\Desktop\Expansion-Dev-Server-Deer-Isle\mpmissions\empty.deerisle\storage_1\data\dynamic_005.001"
20:57:33.638 [CE][Storage] ver:25 stamp:865, valid:yes, name:"C:\Users\rylic\OneDrive\Desktop\Expansion-Dev-Server-Deer-Isle\mpmissions\empty.deerisle\storage_1\data\dynamic_005.002"
20:57:33.638 [CE][Storage] Restoring file "C:\Users\rylic\OneDrive\Desktop\Expansion-Dev-Server-Deer-Isle\mpmissions\empty.deerisle\storage_1\data\dynamic_005.bin" 2591 items.
20:57:34.967   2591 items loaded. (0 failed)
20:57:34.968 [CE][Storage] ver:25 stamp:866, valid:yes, name:"C:\Users\rylic\OneDrive\Desktop\Expansion-Dev-Server-Deer-Isle\mpmissions\empty.deerisle\storage_1\data\dynamic_006.bin"
20:57:34.968 [CE][Storage] ver:25 stamp:864, valid:yes, name:"C:\Users\rylic\OneDrive\Desktop\Expansion-Dev-Server-Deer-Isle\mpmissions\empty.deerisle\storage_1\data\dynamic_006.001"
20:57:34.969 [CE][Storage] ver:25 stamp:865, valid:yes, name:"C:\Users\rylic\OneDrive\Desktop\Expansion-Dev-Server-Deer-Isle\mpmissions\empty.deerisle\storage_1\data\dynamic_006.002"
20:57:34.969 [CE][Storage] Restoring file "C:\Users\rylic\OneDrive\Desktop\Expansion-Dev-Server-Deer-Isle\mpmissions\empty.deerisle\storage_1\data\dynamic_006.bin" 2156 items.
20:57:35.999   2156 items loaded. (0 failed)
20:57:36.00 [CE][Storage] ver:25 stamp:866, valid:yes, name:"C:\Users\rylic\OneDrive\Desktop\Expansion-Dev-Server-Deer-Isle\mpmissions\empty.deerisle\storage_1\data\dynamic_007.bin"
20:57:36.00 [CE][Storage] ver:25 stamp:864, valid:yes, name:"C:\Users\rylic\OneDrive\Desktop\Expansion-Dev-Server-Deer-Isle\mpmissions\empty.deerisle\storage_1\data\dynamic_007.001"
20:57:36.00 [CE][Storage] ver:25 stamp:865, valid:yes, name:"C:\Users\rylic\OneDrive\Desktop\Expansion-Dev-Server-Deer-Isle\mpmissions\empty.deerisle\storage_1\data\dynamic_007.002"
20:57:36.00 [CE][Storage] Restoring file "C:\Users\rylic\OneDrive\Desktop\Expansion-Dev-Server-Deer-Isle\mpmissions\empty.deerisle\storage_1\data\dynamic_007.bin" 1870 items.
20:57:36.905   1870 items loaded. (0 failed)
20:57:36.906 [CE][Storage] ver:25 stamp:866, valid:yes, name:"C:\Users\rylic\OneDrive\Desktop\Expansion-Dev-Server-Deer-Isle\mpmissions\empty.deerisle\storage_1\data\dynamic_008.bin"
20:57:36.907 [CE][Storage] ver:25 stamp:864, valid:yes, name:"C:\Users\rylic\OneDrive\Desktop\Expansion-Dev-Server-Deer-Isle\mpmissions\empty.deerisle\storage_1\data\dynamic_008.001"
20:57:36.907 [CE][Storage] ver:25 stamp:865, valid:yes, name:"C:\Users\rylic\OneDrive\Desktop\Expansion-Dev-Server-Deer-Isle\mpmissions\empty.deerisle\storage_1\data\dynamic_008.002"
20:57:36.907 [CE][Storage] Restoring file "C:\Users\rylic\OneDrive\Desktop\Expansion-Dev-Server-Deer-Isle\mpmissions\empty.deerisle\storage_1\data\dynamic_008.bin" 669 items.
20:57:37.241   669 items loaded. (0 failed)
20:57:37.241 [CE][Storage] ver:25 stamp:866, valid:yes, name:"C:\Users\rylic\OneDrive\Desktop\Expansion-Dev-Server-Deer-Isle\mpmissions\empty.deerisle\storage_1\data\dynamic_009.bin"
20:57:37.242 [CE][Storage] ver:25 stamp:864, valid:yes, name:"C:\Users\rylic\OneDrive\Desktop\Expansion-Dev-Server-Deer-Isle\mpmissions\empty.deerisle\storage_1\data\dynamic_009.001"
20:57:37.242 [CE][Storage] ver:25 stamp:865, valid:yes, name:"C:\Users\rylic\OneDrive\Desktop\Expansion-Dev-Server-Deer-Isle\mpmissions\empty.deerisle\storage_1\data\dynamic_009.002"
20:57:37.242 [CE][Storage] Restoring file "C:\Users\rylic\OneDrive\Desktop\Expansion-Dev-Server-Deer-Isle\mpmissions\empty.deerisle\storage_1\data\dynamic_009.bin" 871 items.
20:57:37.653   871 items loaded. (0 failed)
20:57:37.654 [CE][Storage] ver:25 stamp:866, valid:yes, name:"C:\Users\rylic\OneDrive\Desktop\Expansion-Dev-Server-Deer-Isle\mpmissions\empty.deerisle\storage_1\data\dynamic_010.bin"
20:57:37.654 [CE][Storage] ver:25 stamp:864, valid:yes, name:"C:\Users\rylic\OneDrive\Desktop\Expansion-Dev-Server-Deer-Isle\mpmissions\empty.deerisle\storage_1\data\dynamic_010.001"
20:57:37.654 [CE][Storage] ver:25 stamp:865, valid:yes, name:"C:\Users\rylic\OneDrive\Desktop\Expansion-Dev-Server-Deer-Isle\mpmissions\empty.deerisle\storage_1\data\dynamic_010.002"
20:57:37.654 [CE][Storage] Restoring file "C:\Users\rylic\OneDrive\Desktop\Expansion-Dev-Server-Deer-Isle\mpmissions\empty.deerisle\storage_1\data\dynamic_010.bin" 698 items.
20:57:38.34   698 items loaded. (0 failed)
20:57:38.34 [CE][Storage] ver:25 stamp:866, valid:yes, name:"C:\Users\rylic\OneDrive\Desktop\Expansion-Dev-Server-Deer-Isle\mpmissions\empty.deerisle\storage_1\data\dynamic_011.bin"
20:57:38.35 [CE][Storage] ver:25 stamp:864, valid:yes, name:"C:\Users\rylic\OneDrive\Desktop\Expansion-Dev-Server-Deer-Isle\mpmissions\empty.deerisle\storage_1\data\dynamic_011.001"
20:57:38.35 [CE][Storage] ver:25 stamp:865, valid:yes, name:"C:\Users\rylic\OneDrive\Desktop\Expansion-Dev-Server-Deer-Isle\mpmissions\empty.deerisle\storage_1\data\dynamic_011.002"
20:57:38.35 [CE][Storage] Restoring file "C:\Users\rylic\OneDrive\Desktop\Expansion-Dev-Server-Deer-Isle\mpmissions\empty.deerisle\storage_1\data\dynamic_011.bin" 307 items.
20:57:38.237   307 items loaded. (0 failed)
20:57:38.237 [CE][Storage] ver:26 stamp:866, valid:yes, name:"C:\Users\rylic\OneDrive\Desktop\Expansion-Dev-Server-Deer-Isle\mpmissions\empty.deerisle\storage_1\data\building.bin"
20:57:38.237 [CE][Storage] ver:26 stamp:864, valid:yes, name:"C:\Users\rylic\OneDrive\Desktop\Expansion-Dev-Server-Deer-Isle\mpmissions\empty.deerisle\storage_1\data\building.001"
20:57:38.237 [CE][Storage] ver:26 stamp:865, valid:yes, name:"C:\Users\rylic\OneDrive\Desktop\Expansion-Dev-Server-Deer-Isle\mpmissions\empty.deerisle\storage_1\data\building.002"
20:57:38.238 [CE][Storage] Restoring file "C:\Users\rylic\OneDrive\Desktop\Expansion-Dev-Server-Deer-Isle\mpmissions\empty.deerisle\storage_1\data\building.bin" 0 items.
20:57:38.238   0 items loaded. (0 failed)
20:57:38.238 [CE][Storage] ver:25 stamp:866, valid:yes, name:"C:\Users\rylic\OneDrive\Desktop\Expansion-Dev-Server-Deer-Isle\mpmissions\empty.deerisle\storage_1\data\vehicles.bin"
20:57:38.238 [CE][Storage] ver:25 stamp:864, valid:yes, name:"C:\Users\rylic\OneDrive\Desktop\Expansion-Dev-Server-Deer-Isle\mpmissions\empty.deerisle\storage_1\data\vehicles.001"
20:57:38.239 [CE][Storage] ver:25 stamp:865, valid:yes, name:"C:\Users\rylic\OneDrive\Desktop\Expansion-Dev-Server-Deer-Isle\mpmissions\empty.deerisle\storage_1\data\vehicles.002"
20:57:38.239 [CE][Storage] Restoring file "C:\Users\rylic\OneDrive\Desktop\Expansion-Dev-Server-Deer-Isle\mpmissions\empty.deerisle\storage_1\data\vehicles.bin" 113 items.
20:57:39.31   113 items loaded. (0 failed)
20:57:39.56 [CE][Hive] :: Storage load took:10.36 seconds, recovery stamp:866
20:57:39.56   entity: 19803, building: 0
20:57:39.56   no lifetime: 34
20:57:39.56   ignored: 10
20:57:39.56   pathgraph's: 450
20:57:39.56 [CE][Hive] :: Initializing ... 
20:57:39.95 [CE][InitializeMap] :: initialized: 0
20:57:39.95 [CE][Hive] :: Initializing spawners ... 
20:57:39.181 [CE][LootRespawner] (PRIDummy) :: Initially (re)spawned:0, Nominal:19898, Total in Map: 18659 at 0 (sec)
20:57:39.181   tests:0, repeats:0 fails:0, overtime:0
20:57:39.210 [CE][AnimalRespawner] (PRICrab) :: !!! Missing AI Template "HerdCrab" for DE: "AnimalCrab"
20:57:39.210 [CE][DynEvent] :: 62 types
20:57:39.210 [00] AmbientHen
20:57:39.210   Primary Spawner: "Ambient", active: yes, repeat: 1
20:57:39.210 [01] AmbientBear
20:57:39.210   Primary Spawner: "Ambient", active: yes, repeat: 1
20:57:39.210 [02] AmbientPolarbear
20:57:39.210   Primary Spawner: "Ambient", active: yes, repeat: 1
20:57:39.210 [03] AmbientCow
20:57:39.210   Primary Spawner: "Ambient", active: yes, repeat: 1
20:57:39.210 [04] AmbientDeer
20:57:39.210   Primary Spawner: "Ambient", active: yes, repeat: 1
20:57:39.210 [05] AmbientGoat
20:57:39.210   Primary Spawner: "Ambient", active: yes, repeat: 1
20:57:39.210 [06] AmbientPig
20:57:39.210   Primary Spawner: "Ambient", active: yes, repeat: 1
20:57:39.210 [07] AmbientRoeDeer
20:57:39.210   Primary Spawner: "Ambient", active: yes, repeat: 1
20:57:39.210 [08] AmbientSheep
20:57:39.210   Primary Spawner: "Ambient", active: yes, repeat: 1
20:57:39.210 [09] AmbientWildBoar
20:57:39.210   Primary Spawner: "Ambient", active: yes, repeat: 1
20:57:39.210 [10] AnimalWolf
20:57:39.210   Primary Spawner: "Animal", active: yes, repeat: 1
20:57:39.210 [11] AnimalArcticWolf
20:57:39.210   Primary Spawner: "Animal", active: yes, repeat: 1
20:57:39.210 [12] InfectedArmy
20:57:39.210   Primary Spawner: "Infected", active: yes, repeat: 1
20:57:39.210 [13] InfectedArmyHard
20:57:39.210   Primary Spawner: "Infected", active: yes, repeat: 1
20:57:39.210 [14] InfectedArmyHardJMC
20:57:39.210   Primary Spawner: "Infected", active: yes, repeat: 1
20:57:39.210 [15] InfectedArmyHardJMCWinter
20:57:39.210   Primary Spawner: "Infected", active: yes, repeat: 1
20:57:39.210 [16] InfectedCity
20:57:39.210   Primary Spawner: "Infected", active: yes, repeat: 1
20:57:39.210 [17] InfectedFirefighter
20:57:39.210   Primary Spawner: "Infected", active: yes, repeat: 1
20:57:39.210 [18] InfectedIndustrial
20:57:39.210   Primary Spawner: "Infected", active: yes, repeat: 1
20:57:39.210 [19] InfectedMedic
20:57:39.210   Primary Spawner: "Infected", active: yes, repeat: 1
20:57:39.210 [20] InfectedNBC
20:57:39.210   Primary Spawner: "Infected", active: yes, repeat: 1
20:57:39.210 [21] InfectedNBCYellow
20:57:39.210   Primary Spawner: "Infected", active: yes, repeat: 1
20:57:39.210 [22] InfectedPolice
20:57:39.210   Primary Spawner: "Infected", active: yes, repeat: 1
20:57:39.210 [23] InfectedPoliceHard
20:57:39.210   Primary Spawner: "Infected", active: yes, repeat: 1
20:57:39.210 [24] InfectedPrisoner
20:57:39.210   Primary Spawner: "Infected", active: yes, repeat: 1
20:57:39.210 [25] InfectedReligious
20:57:39.210   Primary Spawner: "Infected", active: yes, repeat: 1
20:57:39.210 [26] InfectedSolitude
20:57:39.210   Primary Spawner: "Infected", active: yes, repeat: 1
20:57:39.210 [27] InfectedVillage
20:57:39.210   Primary Spawner: "Infected", active: yes, repeat: 1
20:57:39.210 [28] ItemPlanks
20:57:39.210   Primary Spawner: "Item", active: yes, repeat: 1
20:57:39.210 [29] Loot
20:57:39.210   Primary Spawner: "Loot", active: yes, repeat: 2
20:57:39.210 [30] StaticContaminatedArea
20:57:39.210   Primary Spawner: "Static", active: yes, repeat: 1
20:57:39.210 [31] StaticHeliCrash
20:57:39.210   Primary Spawner: "Static", active: yes, repeat: 1
20:57:39.210   Secondary Spawner: "Infected", active: yes, repeat: 1
20:57:39.210 [32] StaticPoliceCar
20:57:39.210   Primary Spawner: "Static", active: yes, repeat: 1
20:57:39.210   Secondary Spawner: "Infected", active: yes, repeat: 1
20:57:39.210 [33] TrajectoryApple
20:57:39.210   Primary Spawner: "Trajectory", active: yes, repeat: 1
20:57:39.210 [34] TrajectoryConiferous
20:57:39.210   Primary Spawner: "Trajectory", active: yes, repeat: 1
20:57:39.211 [35] TrajectoryDeciduous
20:57:39.211   Primary Spawner: "Trajectory", active: yes, repeat: 1
20:57:39.211 [36] TrajectoryHumus
20:57:39.211   Primary Spawner: "Trajectory", active: yes, repeat: 1
20:57:39.211 [37] TrajectoryPear
20:57:39.211   Primary Spawner: "Trajectory", active: yes, repeat: 1
20:57:39.211 [38] TrajectoryPlum
20:57:39.211   Primary Spawner: "Trajectory", active: yes, repeat: 1
20:57:39.211 [39] TrajectoryStones
20:57:39.211   Primary Spawner: "Trajectory", active: yes, repeat: 1
20:57:39.211 [40] VehicleCivilianSedan
20:57:39.211   Primary Spawner: "Vehicle", active: yes, repeat: 1
20:57:39.211 [41] VehicleHatchback02
20:57:39.211   Primary Spawner: "Vehicle", active: yes, repeat: 1
20:57:39.211 [42] VehicleOffroadHatchback
20:57:39.211   Primary Spawner: "Vehicle", active: yes, repeat: 1
20:57:39.211 [43] VehicleSedan02
20:57:39.211   Primary Spawner: "Vehicle", active: yes, repeat: 1
20:57:39.211 [44] VehicleTruck01
20:57:39.211   Primary Spawner: "Vehicle", active: yes, repeat: 1
20:57:39.211 [45] StaticVanPinkies
20:57:39.211   Primary Spawner: "Static", active: yes, repeat: 1
20:57:39.211 [46] StaticVanAmbulance
20:57:39.211   Primary Spawner: "Static", active: yes, repeat: 1
20:57:39.211 [47] StaticSkeletonEventspawn
20:57:39.211   Primary Spawner: "Static", active: yes, repeat: 1
20:57:39.211 [48] StaticPlantFernA
20:57:39.211   Primary Spawner: "Static", active: yes, repeat: 1
20:57:39.211 [49] StaticPlantFernB
20:57:39.211   Primary Spawner: "Static", active: yes, repeat: 1
20:57:39.211 [50] StaticPlantFernC
20:57:39.211   Primary Spawner: "Static", active: yes, repeat: 1
20:57:39.211 [51] AnimalCrab
20:57:39.211   Primary Spawner: "Animal", active: yes, repeat: 1
20:57:39.211 [52] VehicleUAZ
20:57:39.211   Primary Spawner: "Vehicle", active: yes, repeat: 1
20:57:39.211 [53] VehicleVodnik
20:57:39.211   Primary Spawner: "Vehicle", active: yes, repeat: 1
20:57:39.211 [54] VehicleBus
20:57:39.211   Primary Spawner: "Vehicle", active: yes, repeat: 1
20:57:39.211 [55] VehicleTractor
20:57:39.211   Primary Spawner: "Vehicle", active: yes, repeat: 1
20:57:39.211 [56] VehicleMH6Helicopter
20:57:39.211   Primary Spawner: "Vehicle", active: yes, repeat: 1
20:57:39.211 [57] VehicleMerlinHelicopter
20:57:39.211   Primary Spawner: "Vehicle", active: yes, repeat: 1
20:57:39.211 [58] VehicleUh1hHelicopter
20:57:39.211   Primary Spawner: "Vehicle", active: yes, repeat: 1
20:57:39.211 [59] VehicleGyroHelicopter
20:57:39.211   Primary Spawner: "Vehicle", active: yes, repeat: 1
20:57:39.211 [60] VehicleUtilityBoat
20:57:39.211   Primary Spawner: "Vehicle", active: yes, repeat: 1
20:57:39.211 [61] VehicleZodiacBoat
20:57:39.211   Primary Spawner: "Vehicle", active: yes, repeat: 1
20:57:39.211 [CE][Hive] :: Initializing of spawners done.
20:57:39.224 [CE][Hive] :: Init sequence finished.
20:57:39.224 Player connect enabled
20:57:40.678 [IdleMode] Entering IN - save processed
20:57:44.101 [Login]: Adding player Bunker (548166128) to login queue at position 0
20:57:44.101 [LoginMachine]: Add player Bunker (548166128 10.0.0.59:2316)
20:57:44.101 [StateMachine]: Player Bunker (dpnid 548166128 uid ) Entering AuthPlayerLoginState
20:57:45.82 [StateMachine]: Player Bunker (dpnid 548166128 uid ) Entering WaitAuthPlayerLoginState
20:57:47.173 [IdleMode] Leaving OUT
20:57:47.353 Player Bunker connected (id=BlCTbSRV5QYaEKP-S_Hg4CG7zCAg90tKLTciEKHy8Pc=).
20:57:47.353 Player "Bunker" is connected (steamID=76561199112746320)
20:57:47.353 [StateMachine]: Player Bunker (dpnid 548166128 uid ) Entering WaitPlayerAssignedLoginState
20:57:53.937 [StateMachine]: Player Bunker (dpnid 548166128 uid BlCTbSRV5QYaEKP-S_Hg4CG7zCAg90tKLTciEKHy8Pc=) Entering DBGetLoginTimeLoginState
20:57:53.938 [StateMachine]: Player Bunker (dpnid 548166128 uid BlCTbSRV5QYaEKP-S_Hg4CG7zCAg90tKLTciEKHy8Pc=) Entering DBWaitLoginTimeLoginState
20:57:58.939 [StateMachine]: Player Bunker (dpnid 548166128 uid BlCTbSRV5QYaEKP-S_Hg4CG7zCAg90tKLTciEKHy8Pc=) Entering DBGetCharacterLoginState
20:57:58.939 [StateMachine]: Player Bunker (dpnid 548166128 uid BlCTbSRV5QYaEKP-S_Hg4CG7zCAg90tKLTciEKHy8Pc=) Entering CreateNetObjectsLoginState
20:57:58.943 [StateMachine]: Player Bunker (dpnid 548166128 uid BlCTbSRV5QYaEKP-S_Hg4CG7zCAg90tKLTciEKHy8Pc=) Entering PreloadCamLoginState
20:57:58.943 [StateMachine]: Player Bunker (dpnid 548166128 uid BlCTbSRV5QYaEKP-S_Hg4CG7zCAg90tKLTciEKHy8Pc=) Entering WaitPreloadCamLoginState
20:58:03.265 [StateMachine]: Player Bunker (dpnid 548166128 uid BlCTbSRV5QYaEKP-S_Hg4CG7zCAg90tKLTciEKHy8Pc=) Entering GetLoadedCharLoginState
20:58:03.289 <LOAD EXISTING CHAR>:
    charID 1
    playerID 1
    dpnid 548166128
    uid BlCTbSRV5QYaEKP-S_Hg4CG7zCAg90tKLTciEKHy8Pc=
20:58:09.296 [CE][LootRespawner] (PRIDummy) :: Item [0] causing search overtime: "Mag_Expansion_Taser"
20:58:09.396 [CE][LootRespawner] (PRIDummy) :: Item [1] causing search overtime: "Expansion_Taser_Yellow"
20:58:09.698 !!! [CE][Point] Removing 4104.453613, 4466.379395 from Land_Boat_Small2
20:58:09.958 !!! [CE][Point] Removing 7187.636230, 11595.255859 from Land_BusStation_wall_bench
20:58:10.01 !!! [CE][Point] Removing 7144.927246, 11637.821289 from Land_BusStation_wall_bench
20:58:10.300 !!! [CE][Point] Removing 4239.739746, 7266.772461 from Land_Garage_Tall
20:58:10.596 [CE][LootRespawner] (PRIDummy) :: Item [2] causing search overtime: "ExpansionHelipadKit"
20:58:10.696 [CE][LootRespawner] (PRIDummy) :: Item [3] causing search overtime: "ExpansionHescoKit"
20:58:10.796 [CE][LootRespawner] (PRIDummy) :: Item [4] causing search overtime: "ExpansionCamoTentKit"
20:58:10.896 [CE][LootRespawner] (PRIDummy) :: Item [5] causing search overtime: "ExpansionCamoBoxKit"
20:58:10.996 [CE][LootRespawner] (PRIDummy) :: Item [6] causing search overtime: "ExpansionBarrierGateKit"
20:58:36.206 !!! [CE][Point] Removing 5013.819824, 7032.260742 from Land_strazni_vez
20:58:36.303 !!! [CE][Point] Removing 5179.822754, 9112.897461 from Land_strazni_vez
20:58:36.303 [CE][LootRespawner] (PRIDummy) :: Item [7] causing search overtime: "SNAFU_Kabar"
20:58:36.400 [CE][LootRespawner] (PRIDummy) :: Item [8] causing search overtime: "SNAFU_50bmg_Suppressor_U"
20:58:36.500 [CE][LootRespawner] (PRIDummy) :: Item [9] causing search overtime: "SNAFU_Shotgunchoke_Yellow"
20:58:36.603 !!! [CE][Point] Removing 5177.536133, 9113.724609 from Land_strazni_vez
20:58:36.605 [CE][LootRespawner] (PRIDummy) :: Item [10] causing search overtime: "GCGN_BenelliM4"
20:58:36.701 !!! [CE][Point] Removing 5178.832520, 9114.549805 from Land_strazni_vez
20:58:36.701 [CE][LootRespawner] (PRIDummy) :: Item [11] causing search overtime: "SR3_Vikhr_Mag"
20:58:36.800 [CE][LootRespawner] (PRIDummy) :: Item [12] causing search overtime: "SNAFU_Shotgunchoke_Black"
20:58:36.900 !!! [CE][Point] Removing 5178.355957, 9112.571289 from Land_strazni_vez
20:58:36.901 [CE][LootRespawner] (PRIDummy) :: Item [13] causing search overtime: "SNAFU_50bmg_Suppressor_W"
20:58:37.00 [CE][LootRespawner] (PRIDummy) :: Item [14] causing search overtime: "SNAFU_AWM_GUN"
20:58:37.100 [CE][LootRespawner] (PRIDummy) :: Item [15] causing search overtime: "SNAFU_PL14HQP_Mag"
20:58:37.200 [CE][LootRespawner] (PRIDummy) :: Item [16] causing search overtime: "SNAFU_PL14HQP"
20:58:37.300 [CE][LootRespawner] (PRIDummy) :: Item [17] causing search overtime: "SNAFUAR15_SPR_Tan_GUN"
20:58:37.400 [CE][LootRespawner] (PRIDummy) :: Item [18] causing search overtime: "Chestplate"
20:58:37.500 [CE][LootRespawner] (PRIDummy) :: Item [19] causing search overtime: "GhillieSuit_Tan"
20:58:39.99 [CE][VehicleRespawner] (PRIContaminatedArea) :: Initial random enabled for "StaticContaminatedArea" - Chosen nominal: 1
20:58:39.708 [CE][SpawnRandomLoot] (StaticPoliceCar) :: !!! No group configured for 'Land_Wreck_sed01_aban2_police', failed to spawn loot
20:58:39.718 [CE][SpawnRandomLoot] (StaticPoliceCar) :: !!! No group configured for 'Land_Wreck_sed01_aban1_police', failed to spawn loot
20:58:39.726 [CE][SpawnRandomLoot] (StaticPoliceCar) :: !!! No group configured for 'Land_Wreck_sed01_aban2_police', failed to spawn loot
20:58:39.729 [CE][SpawnRandomLoot] (StaticPoliceCar) :: !!! No group configured for 'Land_Wreck_sed01_aban2_police', failed to spawn loot
20:58:39.732 [CE][SpawnRandomLoot] (StaticPoliceCar) :: !!! No group configured for 'Land_Wreck_sed01_aban2_police', failed to spawn loot
20:59:03.914 !!! [CE][Point] Removing 3659.596680, 9764.916992 from Land_jmc_cabin01
20:59:06.310 !!! [CE][VehicleRespawner] (PRIHatchback02) :: Respawning: "VehicleHatchback02" - Failed to spawn the requested amount (0 < 2) within 6 attempts.
20:59:30.215 !!! [CE][Point] Removing 11034.876953, 2295.144287 from Land_Mil_GuardShed
20:59:30.414 !!! [CE][Point] Removing 4510.918945, 7196.940430 from Land_strazni_vez
20:59:30.817 !!! [CE][Point] Removing 3814.755859, 9733.528320 from Land_jmc_cabin01
20:59:31.115 !!! [CE][Point] Removing 3800.797363, 9668.003906 from Land_jmc_cabin01
20:59:31.211 [CE][LootRespawner] (PRIDummy) :: Item [0] is hard to place, performance drops: "MVS_GorkaJacket_Multicam_Black"
20:59:33.511 !!! [CE][VehicleRespawner] (PRIUAZ) :: Respawning: "VehicleUAZ" - Failed to spawn the requested amount (0 < 3) within 9 attempts.
20:59:34.111 !!! [CE][VehicleRespawner] (PRIBus) :: Respawning: "VehicleBus" - Failed to spawn the requested amount (0 < 1) within 3 attempts.
20:59:34.411 !!! [CE][VehicleRespawner] (PRITractor) :: Respawning: "VehicleTractor" - Failed to spawn the requested amount (0 < 1) within 3 attempts.
20:59:34.711 !!! [CE][VehicleRespawner] (PRIMH6Helicopter) :: Respawning: "VehicleMH6Helicopter" - Failed to spawn the requested amount (0 < 1) within 3 attempts.
20:59:59.212 !!! [CE][VehicleRespawner] (PRIUh1hHelicopter) :: Respawning: "VehicleUh1hHelicopter" - Failed to spawn the requested amount (0 < 1) within 3 attempts.
20:59:59.811 !!! [CE][VehicleRespawner] (PRIUtilityBoat) :: Respawning: "VehicleUtilityBoat" - Failed to spawn the requested amount (0 < 2) within 6 attempts.
21:00:00.111 !!! [CE][VehicleRespawner] (PRIZodiacBoat) :: Respawning: "VehicleZodiacBoat" - Failed to spawn the requested amount (0 < 14) within 42 attempts.
21:00:50.817 !!! [CE][Point] Removing 7174.354980, 11680.826172 from Land_BusStation_wall_bench
21:00:55.412 !!! [CE][VehicleRespawner] (PRIHatchback02) :: Respawning: "VehicleHatchback02" - Failed to spawn the requested amount (0 < 2) within 6 attempts.
21:01:46.518 !!! [CE][VehicleRespawner] (PRIUAZ) :: Respawning: "VehicleUAZ" - Failed to spawn the requested amount (0 < 3) within 9 attempts.
21:01:47.118 !!! [CE][VehicleRespawner] (PRIBus) :: Respawning: "VehicleBus" - Failed to spawn the requested amount (0 < 1) within 3 attempts.
21:01:47.418 !!! [CE][VehicleRespawner] (PRITractor) :: Respawning: "VehicleTractor" - Failed to spawn the requested amount (0 < 1) within 3 attempts.
21:01:47.718 !!! [CE][VehicleRespawner] (PRIMH6Helicopter) :: Respawning: "VehicleMH6Helicopter" - Failed to spawn the requested amount (0 < 1) within 3 attempts.
21:01:48.318 !!! [CE][VehicleRespawner] (PRIUh1hHelicopter) :: Respawning: "VehicleUh1hHelicopter" - Failed to spawn the requested amount (0 < 1) within 3 attempts.
21:01:48.918 !!! [CE][VehicleRespawner] (PRIUtilityBoat) :: Respawning: "VehicleUtilityBoat" - Failed to spawn the requested amount (0 < 2) within 6 attempts.
21:01:49.218 !!! [CE][VehicleRespawner] (PRIZodiacBoat) :: Respawning: "VehicleZodiacBoat" - Failed to spawn the requested amount (0 < 14) within 42 attempts.
21:02:11.923 !!! [CE][Point] Removing 4509.429688, 7196.737305 from Land_strazni_vez
21:03:05.267 !!! [CE][Point] Removing 7615.587402, 9425.779297 from Land_Boat_Small1
21:03:08.465 !!! [CE][VehicleRespawner] (PRIHatchback02) :: Respawning: "VehicleHatchback02" - Failed to spawn the requested amount (0 < 2) within 6 attempts.
21:03:35.671 !!! [CE][VehicleRespawner] (PRIUAZ) :: Respawning: "VehicleUAZ" - Failed to spawn the requested amount (0 < 3) within 9 attempts.
21:03:36.270 !!! [CE][VehicleRespawner] (PRIBus) :: Respawning: "VehicleBus" - Failed to spawn the requested amount (0 < 1) within 3 attempts.