=====================================================================
== C:\Users\rylic\OneDrive\Desktop\Expansion-Dev-Server-Deer-Isle\DayZServer_x64.exe
== DayZServer_x64.exe -cpuCount=4 -mod=@DeerIsle;@CF;@CommunityOnlineTools;@DabsFramework;@DayZExpansionLicensed;@DayZExpansionBundle;@42MonthsAfterPvPDevelopment;@SNAFUWeapons;@MunghardsItempack;@DayZEditorLoader;@WindstridesClothingPack; -config=serverDZ.cfg -port=2302 -noFilePatching -profiles=profiles -scrAllowFileWrite -adminlog
=====================================================================
Exe timestamp: 2024/01/01 17:40:38
Current time:  2024/01/05 19:38:52
Version 1.23.157045
=====================================================================

19:38:52.758 [Inputs] Loading inputs default "bin/constants.xml"
19:38:52.760 [Inputs] Loading inputs default "bin/specific.xml"
19:38:52.761 !!! [Inputs] Cannot load inputs default "", file does not exist
19:38:52.761 !!! [Inputs] Failed to load MODDED inputs - file name/ path invalid?
19:38:52.762 [Inputs] Loading inputs default "JM/COT/Scripts/Data/Inputs.xml"
19:38:52.762 [Inputs] Loading inputs default "LIVEN/PvZmoD_CustomisableZombies/inputs.xml"
19:38:52.763 [Inputs] Loading inputs default "PVEZ/data/inputs.xml"
19:38:52.763 [Inputs] Loading inputs default "WindstrideClothing/Inputs.xml"
19:38:52.763 [Inputs] Loading inputs default "deerisle/scripts/Inputs.xml"
19:38:52.764 [Inputs] Loading inputs default "DayZExpansion/Groups/Scripts/Data/Inputs.xml"
19:38:52.764 [Inputs] Loading inputs default "DayZExpansion/Navigation/Scripts/Data/Inputs.xml"
19:38:52.764 !!! [Inputs] Attempt to register duplicate exclusion group "chatexpansion"
19:38:52.764 [Inputs] Loading inputs default "DayZExpansion/PlayerList/Scripts/Data/Inputs.xml"
19:38:52.764 !!! [Inputs] Attempt to register duplicate exclusion group "chatexpansion"
19:38:52.764 [Inputs] Loading inputs default "DayZExpansion/Scripts/Data/Inputs.xml"
19:38:52.764 !!! [Inputs] Attempt to register duplicate exclusion group "chatexpansion"
19:38:52.765 [Inputs] Loading inputs default "DayZExpansion/Vehicles/Scripts/Data/Inputs.xml"
19:38:52.765 [Inputs] Loading inputs default "AdmiralsDivingMod/Scripts/Data/modded_Inputs.xml"
19:38:52.765 [Inputs] Loading inputs default "DayZExpansion/AI/Scripts/inputs.xml"
19:38:52.766 [Inputs] Loading inputs default "DayZExpansion/BaseBuilding/Scripts/Data/Inputs.xml"
19:38:52.766 !!! [Inputs] Attempt to register duplicate exclusion group "chatexpansion"
19:38:52.766 [Inputs] Loading inputs default "DayZExpansion/Book/Scripts/Data/Inputs.xml"
19:38:52.766 !!! [Inputs] Attempt to register duplicate exclusion group "chatexpansion"
19:38:52.766 [Inputs] Loading inputs default "DayZExpansion/Chat/Scripts/Data/Inputs.xml"
19:38:52.766 !!! [Inputs] Attempt to register duplicate exclusion group "chatexpansion"
19:38:52.766 [Inputs] Loading inputs default "DayZExpansion/Quests/Scripts/Data/Inputs.xml"
19:38:52.766 [Inputs] Loading inputs cfg "profiles\Users\Survivor\Server.core.xml"
19:38:52.766 !!! [Inputs] Cannot read inputs cfg "profiles\Users\Survivor\Server.core.xml", parser error
19:38:52.766 [Inputs] Loading inputs cfg "bin/core.xml"
19:38:52.766 !!! [Inputs] Cannot load input preset "#STR_USER", file does not exist
19:38:52.768 [Inputs] Exporting inputs cfg "profiles\Users\Survivor\Server.core.xml"
19:39:20.655 [CE][Hive] :: Initializing OFFLINE
19:39:20.655 [StorageDirs] :: Selected storage directory: C:\Users\rylic\OneDrive\Desktop\Expansion-Dev-Server-Deer-Isle\mpmissions\empty.deerisle\storage_1\
19:39:20.655 [CE][Hive] :: Loading core data ... 
19:39:20.657 [CE][CoreData] :: 7 root classes, 19 defaults, 0 updaters...
19:39:26.683 [CE] :: WARNING :: Preset map "optics" is EMPTY.
19:39:26.684 [CE][TypeSetup] :: 473 classes setuped...
19:39:26.687 [CE] :: WARNING :: Preset map "optics" is EMPTY.
19:39:26.688 [CE][TypeSetup] :: 97 classes setuped...
19:39:28.323 [CE][RegisterBind] :: 0 classes binded...
19:39:28.323 [CE][RegisterConfig] :: 15309 config classes registered, 0 sub-counters...
19:39:28.323 [CE][Hive] :: Loading map data ... 
19:39:28.324 [CE][IgnoreList] "cfgignorelist.xml" :: loaded 19 types
19:39:28.360 !!! [CE] :: Unknown category: 'vehicleparts'.
19:39:28.360 !!! [CE] :: Unknown category: 'vehicleparts'.
19:39:28.360 !!! [CE] :: Unknown category: 'vehicleparts'.
19:39:28.360 !!! [CE] :: Unknown category: 'vehicleparts'.
19:39:28.360 !!! [CE] :: Unknown category: 'vehicleparts'.
19:39:28.360 !!! [CE] :: Unknown category: 'vehicleparts'.
19:39:28.360 !!! [CE] :: Unknown category: 'vehicleparts'.
19:39:28.360 !!! [CE] :: Unknown category: 'vehicleparts'.
19:39:28.360 !!! [CE] :: Unknown category: 'vehicleparts'.
19:39:28.360 !!! [CE] :: Unknown category: 'vehicleparts'.
19:39:28.360 !!! [CE] :: Unknown category: 'vehicleparts'.
19:39:28.360 !!! [CE] :: Unknown category: 'vehicleparts'.
19:39:28.360 !!! [CE] :: Unknown category: 'vehicleparts'.
19:39:28.360 !!! [CE] :: Unknown category: 'vehicleparts'.
19:39:28.360 !!! [CE] :: Unknown category: 'vehicleparts'.
19:39:28.360 !!! [CE] :: Unknown category: 'vehicleparts'.
19:39:28.360 !!! [CE] :: Unknown category: 'vehicleparts'.
19:39:28.360 !!! [CE] :: Unknown category: 'vehicleparts'.
19:39:28.360 !!! [CE] :: Unknown category: 'vehicleparts'.
19:39:28.360 !!! [CE] :: Unknown category: 'vehicleparts'.
19:39:28.360 !!! [CE] :: Unknown category: 'vehicleparts'.
19:39:28.360 !!! [CE] :: Unknown category: 'vehicleparts'.
19:39:28.360 !!! [CE] :: Unknown category: 'vehicleparts'.
19:39:28.360 !!! [CE] :: Unknown category: 'vehicleparts'.
19:39:28.360 !!! [CE] :: Unknown category: 'vehicleparts'.
19:39:28.360 !!! [CE] :: Unknown category: 'vehicleparts'.
19:39:28.361 !!! [CE] :: Unknown category: 'vehicleparts'.
19:39:28.361 !!! [CE] :: Unknown category: 'vehicleparts'.
19:39:28.361 !!! [CE] :: Unknown usage: 'Fortknox'.
19:39:28.361 !!! [CE] :: Unknown usage: 'Mine'.
19:39:28.361 !!! [CE] :: Unknown usage: 'Mine'.
19:39:28.361 !!! [CE] :: Unknown usage: 'Temple'.
19:39:28.362 [CE][LoadPrototype] :: loaded 550 prototypes
19:39:28.362   989 containers, 11581 points
19:39:28.362   79 dispatches, 316 proxies
19:39:28.362 !!! [CE][LoadPrototype] 4 groups have no points...
19:39:28.362 !!! [CE][LoadPrototype] 2 groups have wrong points...
19:39:28.362 !!! [CE][LoadPrototype] 2 groups were defined more than once and skipped...
19:39:28.362 [CE][LoadPrototype] :: last group name: Land_Underground_Storage_Workshop...
19:39:28.366 [CE][LoadPrototype] :: loaded 0 prototypes
19:39:28.367   55 containers, 232 points
19:39:28.367   0 dispatches, 0 proxies
19:39:28.367 [CE][LoadPrototype] :: last group name: Rail9...
19:39:29.352 [CE][LoadMap] "Group" :: loaded 10479 groups, groups failed: 0, largest group range: 34.1
19:39:29.355 [CE][LoadMap] "Dirt" :: loaded 0 groups, groups failed: 0, largest group range: 34.1
19:39:29.557 [CE][Links] found 2684 total links between groups, of 10479
19:39:29.557 [CE][LoadClusters] "Cluster" :: Loading files...
19:39:29.683 [CE][LoadClusters] :: file: "mapgroupcluster.xml", 9 types, 50000 instances
19:39:29.829 [CE][LoadClusters] :: file: "mapgroupcluster01", 9 types, 50000 instances
19:39:29.963 [CE][LoadClusters] :: file: "mapgroupcluster02", 9 types, 50000 instances
19:39:29.963   9790 failed - check prototype defaults 'clusterMatrix' setups !!!
19:39:30.100 [CE][LoadClusters] :: file: "mapgroupcluster03", 9 types, 50000 instances
19:39:30.100   6758 failed - check prototype defaults 'clusterMatrix' setups !!!
19:39:30.172 [CE][LoadClusters] :: file: "mapgroupcluster04", 9 types, 24035 instances
19:39:30.172   2081 failed - check prototype defaults 'clusterMatrix' setups !!!
19:39:30.177 [CE][Storage] ver:21 stamp:615, valid:yes, name:"C:\Users\rylic\OneDrive\Desktop\Expansion-Dev-Server-Deer-Isle\mpmissions\empty.deerisle\storage_1\data\types.bin"
19:39:30.178 [CE][Storage] ver:21 stamp:519, valid:yes, name:"C:\Users\rylic\OneDrive\Desktop\Expansion-Dev-Server-Deer-Isle\mpmissions\empty.deerisle\storage_1\data\types.001"
19:39:30.178 [CE][Storage] ver:21 stamp:517, valid:yes, name:"C:\Users\rylic\OneDrive\Desktop\Expansion-Dev-Server-Deer-Isle\mpmissions\empty.deerisle\storage_1\data\types.002"
19:39:30.179 [CE][Storage] Restoring file "C:\Users\rylic\OneDrive\Desktop\Expansion-Dev-Server-Deer-Isle\mpmissions\empty.deerisle\storage_1\data\types.bin".
19:39:30.372 !!! [CE][offlineDB] :: No Shutdown message present.
19:39:30.374 [CE][offlineDB] :: Loaded 52 dynamic events 261 total types.
19:39:30.375 !!! [CE][DE] (VehicleTruck01) :: Unable to create child (Truck_01_Covered_Grey) as the type does not exist.
19:39:30.375 [CE][offlineDB] :: Loaded 62 dynamic events 318 total types.
19:39:30.391 !!! [CE][offlineDB] :: Type 'Bandage' will be ignored. (Type does not exist. (Typo?))
19:39:30.391 !!! [CE][offlineDB] :: Type 'BandanaMask_BlackPattern' will be ignored. (Type does not exist. (Typo?))
19:39:30.391 !!! [CE][offlineDB] :: Type 'BandanaMask_CamoPattern' will be ignored. (Type does not exist. (Typo?))
19:39:30.391 !!! [CE][offlineDB] :: Type 'BandanaMask_GreenPattern' will be ignored. (Type does not exist. (Typo?))
19:39:30.391 !!! [CE][offlineDB] :: Type 'BandanaMask_PolkaPattern' will be ignored. (Type does not exist. (Typo?))
19:39:30.391 !!! [CE][offlineDB] :: Type 'BandanaMask_RedPattern' will be ignored. (Type does not exist. (Typo?))
19:39:30.391 !!! [CE][offlineDB] :: Type 'BomberJacket_Black' will be ignored. (Type does not exist. (Typo?))
19:39:30.391 !!! [CE][offlineDB] :: Type 'BomberJacket_Blue' will be ignored. (Type does not exist. (Typo?))
19:39:30.391 !!! [CE][offlineDB] :: Type 'BomberJacket_Brown' will be ignored. (Type does not exist. (Typo?))
19:39:30.391 !!! [CE][offlineDB] :: Type 'BomberJacket_Grey' will be ignored. (Type does not exist. (Typo?))
19:39:30.391 !!! [CE][offlineDB] :: Type 'BomberJacket_Maroon' will be ignored. (Type does not exist. (Typo?))
19:39:30.392 !!! [CE][offlineDB] :: Type 'BomberJacket_Olive' will be ignored. (Type does not exist. (Typo?))
19:39:30.392 !!! [CE][offlineDB] :: Type 'BomberJacket_SkyBlue' will be ignored. (Type does not exist. (Typo?))
19:39:30.392 !!! [CE][offlineDB] :: Type 'ChristmasTree_Green' will be ignored. (Not spawnable. (Scope is not public?))
19:39:30.392 !!! [CE][offlineDB] :: Type 'ChristmasTree' will be ignored. (Not spawnable. (Scope is not public?))
19:39:30.392 !!! [CE][offlineDB] :: Type 'DallasMask' will be ignored. (Type does not exist. (Typo?))
19:39:30.392 !!! [CE][offlineDB] :: Type 'GorkaPants_Autumn' will be ignored. (Type does not exist. (Typo?))
19:39:30.392 !!! [CE][offlineDB] :: Type 'GorkaPants_Flat' will be ignored. (Type does not exist. (Typo?))
19:39:30.392 !!! [CE][offlineDB] :: Type 'GorkaPants_PautRev' will be ignored. (Type does not exist. (Typo?))
19:39:30.392 !!! [CE][offlineDB] :: Type 'GorkaPants_Summer' will be ignored. (Type does not exist. (Typo?))
19:39:30.392 !!! [CE][offlineDB] :: Type 'HoxtonMask' will be ignored. (Type does not exist. (Typo?))
19:39:30.392 !!! [CE][offlineDB] :: Type 'Jeans_Black' will be ignored. (Type does not exist. (Typo?))
19:39:30.392 !!! [CE][offlineDB] :: Type 'Jeans_Blue' will be ignored. (Type does not exist. (Typo?))
19:39:30.392 !!! [CE][offlineDB] :: Type 'Jeans_BlueDark' will be ignored. (Type does not exist. (Typo?))
19:39:30.392 !!! [CE][offlineDB] :: Type 'Jeans_Brown' will be ignored. (Type does not exist. (Typo?))
19:39:30.392 !!! [CE][offlineDB] :: Type 'Jeans_Green' will be ignored. (Type does not exist. (Typo?))
19:39:30.392 !!! [CE][offlineDB] :: Type 'Jeans_Grey' will be ignored. (Type does not exist. (Typo?))
19:39:30.393 !!! [CE][offlineDB] :: Type 'ManSuit_Beige' will be ignored. (Type does not exist. (Typo?))
19:39:30.393 !!! [CE][offlineDB] :: Type 'ManSuit_Black' will be ignored. (Type does not exist. (Typo?))
19:39:30.393 !!! [CE][offlineDB] :: Type 'ManSuit_Blue' will be ignored. (Type does not exist. (Typo?))
19:39:30.393 !!! [CE][offlineDB] :: Type 'ManSuit_Brown' will be ignored. (Type does not exist. (Typo?))
19:39:30.393 !!! [CE][offlineDB] :: Type 'ManSuit_DarkGrey' will be ignored. (Type does not exist. (Typo?))
19:39:30.393 !!! [CE][offlineDB] :: Type 'ManSuit_Khaki' will be ignored. (Type does not exist. (Typo?))
19:39:30.393 !!! [CE][offlineDB] :: Type 'ManSuit_LightGrey' will be ignored. (Type does not exist. (Typo?))
19:39:30.393 !!! [CE][offlineDB] :: Type 'ManSuit_White' will be ignored. (Type does not exist. (Typo?))
19:39:30.393 !!! [CE][offlineDB] :: Type 'MedicalScrubsPants_Blue' will be ignored. (Type does not exist. (Typo?))
19:39:30.393 !!! [CE][offlineDB] :: Type 'MedicalScrubsPants_Green' will be ignored. (Type does not exist. (Typo?))
19:39:30.393 !!! [CE][offlineDB] :: Type 'MedicalScrubsPants_White' will be ignored. (Type does not exist. (Typo?))
19:39:30.393 !!! [CE][offlineDB] :: Type 'MedicalScrubsShirt_Blue' will be ignored. (Type does not exist. (Typo?))
19:39:30.393 !!! [CE][offlineDB] :: Type 'MedicalScrubsShirt_Green' will be ignored. (Type does not exist. (Typo?))
19:39:30.393 !!! [CE][offlineDB] :: Type 'MedicalScrubsShirt_White' will be ignored. (Type does not exist. (Typo?))
19:39:30.393 !!! [CE][offlineDB] :: Type 'MountainBag_Red' will be ignored. (Type does not exist. (Typo?))
19:39:30.393 !!! [CE][offlineDB] :: Type 'Raincoat_Black' will be ignored. (Type does not exist. (Typo?))
19:39:30.393 !!! [CE][offlineDB] :: Type 'Raincoat_Blue' will be ignored. (Type does not exist. (Typo?))
19:39:30.393 !!! [CE][offlineDB] :: Type 'Raincoat_Green' will be ignored. (Type does not exist. (Typo?))
19:39:30.393 !!! [CE][offlineDB] :: Type 'Raincoat_Orange' will be ignored. (Type does not exist. (Typo?))
19:39:30.393 !!! [CE][offlineDB] :: Type 'Raincoat_Pink' will be ignored. (Type does not exist. (Typo?))
19:39:30.393 !!! [CE][offlineDB] :: Type 'Raincoat_Red' will be ignored. (Type does not exist. (Typo?))
19:39:30.393 !!! [CE][offlineDB] :: Type 'Raincoat_Yellow' will be ignored. (Type does not exist. (Typo?))
19:39:30.393 !!! [CE][offlineDB] :: Type 'SantasSleigh' will be ignored. (Type does not exist. (Typo?))
19:39:30.393 !!! [CE][offlineDB] :: Type 'SharpLongWoodenStick' will be ignored. (Type does not exist. (Typo?))
19:39:30.393 !!! [CE][offlineDB] :: Type 'Shirt_BlueCheck' will be ignored. (Type does not exist. (Typo?))
19:39:30.393 !!! [CE][offlineDB] :: Type 'Shirt_BlueCheckBright' will be ignored. (Type does not exist. (Typo?))
19:39:30.393 !!! [CE][offlineDB] :: Type 'Shirt_GreenCheck' will be ignored. (Type does not exist. (Typo?))
19:39:30.393 !!! [CE][offlineDB] :: Type 'Shirt_PlaneBlack' will be ignored. (Type does not exist. (Typo?))
19:39:30.393 !!! [CE][offlineDB] :: Type 'Shirt_RedCheck' will be ignored. (Type does not exist. (Typo?))
19:39:30.393 !!! [CE][offlineDB] :: Type 'Shirt_WhiteCheck' will be ignored. (Type does not exist. (Typo?))
19:39:30.393 !!! [CE][offlineDB] :: Type 'SlacksPants_Beige' will be ignored. (Type does not exist. (Typo?))
19:39:30.393 !!! [CE][offlineDB] :: Type 'SlacksPants_Black' will be ignored. (Type does not exist. (Typo?))
19:39:30.393 !!! [CE][offlineDB] :: Type 'SlacksPants_Blue' will be ignored. (Type does not exist. (Typo?))
19:39:30.393 !!! [CE][offlineDB] :: Type 'SlacksPants_Brown' will be ignored. (Type does not exist. (Typo?))
19:39:30.393 !!! [CE][offlineDB] :: Type 'SlacksPants_DarkGrey' will be ignored. (Type does not exist. (Typo?))
19:39:30.393 !!! [CE][offlineDB] :: Type 'SlacksPants_Khaki' will be ignored. (Type does not exist. (Typo?))
19:39:30.393 !!! [CE][offlineDB] :: Type 'SlacksPants_LightGrey' will be ignored. (Type does not exist. (Typo?))
19:39:30.393 !!! [CE][offlineDB] :: Type 'SlacksPants_White' will be ignored. (Type does not exist. (Typo?))
19:39:30.393 !!! [CE][offlineDB] :: Type 'Spear' will be ignored. (Not spawnable. (Scope is not public?))
19:39:30.393 !!! [CE][offlineDB] :: Type 'TShirt_Beige' will be ignored. (Type does not exist. (Typo?))
19:39:30.393 !!! [CE][offlineDB] :: Type 'TShirt_Black' will be ignored. (Type does not exist. (Typo?))
19:39:30.393 !!! [CE][offlineDB] :: Type 'TShirt_Blue' will be ignored. (Type does not exist. (Typo?))
19:39:30.393 !!! [CE][offlineDB] :: Type 'TShirt_Green' will be ignored. (Type does not exist. (Typo?))
19:39:30.393 !!! [CE][offlineDB] :: Type 'TShirt_Grey' will be ignored. (Type does not exist. (Typo?))
19:39:30.393 !!! [CE][offlineDB] :: Type 'TShirt_OrangeWhiteStripes' will be ignored. (Type does not exist. (Typo?))
19:39:30.393 !!! [CE][offlineDB] :: Type 'TShirt_Red' will be ignored. (Type does not exist. (Typo?))
19:39:30.393 !!! [CE][offlineDB] :: Type 'TShirt_RedBlackStripes' will be ignored. (Type does not exist. (Typo?))
19:39:30.393 !!! [CE][offlineDB] :: Type 'TShirt_White' will be ignored. (Type does not exist. (Typo?))
19:39:30.393 !!! [CE][offlineDB] :: Type 'TransitBus' will be ignored. (Type does not exist. (Typo?))
19:39:30.394 !!! [CE][offlineDB] :: Type 'WitchHood_Chainmail_Black' will be ignored. (Type does not exist. (Typo?))
19:39:30.394 !!! [CE][offlineDB] :: Type 'WitchHood_Chainmail_Brown' will be ignored. (Type does not exist. (Typo?))
19:39:30.394 !!! [CE][offlineDB] :: Type 'WitchHood_Chainmail_Red' will be ignored. (Type does not exist. (Typo?))
19:39:30.394 !!! [CE][offlineDB] :: Type 'WolfMask' will be ignored. (Type does not exist. (Typo?))
19:39:30.394 !!! [CE][offlineDB] :: Type 'ttcelticaxe' will be ignored. (Type does not exist. (Typo?))
19:39:30.394 !!! [CE][offlineDB] :: Type 'tantosword' will be ignored. (Type does not exist. (Typo?))
19:39:30.394 !!! [CE][offlineDB] :: Type 'STAG_Flag_Gespiegelt' will be ignored. (Type does not exist. (Typo?))
19:39:30.394 !!! [CE][offlineDB] :: Type 'STAG_Clothing_MountainBag' will be ignored. (Type does not exist. (Typo?))
19:39:30.399 !!! [CE][offlineDB] :: Type 'Expansion_M79' will be ignored. (Not spawnable. (Scope is not public?))
19:39:30.399 !!! [CE][offlineDB] :: Type 'ExpansionFlaregun' will be ignored. (Not spawnable. (Scope is not public?))
19:39:30.399 !!! [CE][offlineDB] :: Type 'Expansion_Longhorn' will be ignored. (Not spawnable. (Scope is not public?))
19:39:30.407 !!! [CE][offlineDB] :: Type 'DOC_Bocchi' will be ignored. (Type does not exist. (Typo?))
19:39:30.407 !!! [CE][offlineDB] :: Type 'DOC_Metallia' will be ignored. (Type does not exist. (Typo?))
19:39:30.407 !!! [CE][offlineDB] :: Type 'DOC_Pedro' will be ignored. (Type does not exist. (Typo?))
19:39:30.407 !!! [CE][offlineDB] :: Type 'DOC_Violet' will be ignored. (Type does not exist. (Typo?))
19:39:30.407 !!! [CE][offlineDB] :: Type 'DOC_42Finger' will be ignored. (Type does not exist. (Typo?))
19:39:30.407 !!! [CE][offlineDB] :: Type 'DOC_Squidward' will be ignored. (Type does not exist. (Typo?))
19:39:30.407 !!! [CE][offlineDB] :: Type 'Armband_DOC_Bocchi' will be ignored. (Type does not exist. (Typo?))
19:39:30.407 !!! [CE][offlineDB] :: Type 'Armband_DOC_Metallia' will be ignored. (Type does not exist. (Typo?))
19:39:30.407 !!! [CE][offlineDB] :: Type 'Armband_DOC_Pedro' will be ignored. (Type does not exist. (Typo?))
19:39:30.407 !!! [CE][offlineDB] :: Type 'Armband_DOC_42FINGERS' will be ignored. (Type does not exist. (Typo?))
19:39:30.407 !!! [CE][offlineDB] :: Type 'Armband_DOC_Violet' will be ignored. (Type does not exist. (Typo?))
19:39:30.407 !!! [CE][offlineDB] :: Type 'Armband_DOC_Squidward' will be ignored. (Type does not exist. (Typo?))
19:39:30.407 !!! [CE][offlineDB] :: Type 'DOC_Jacket_Red42' will be ignored. (Type does not exist. (Typo?))
19:39:30.407 !!! [CE][offlineDB] :: Type 'DOC_Raincoat_Red42' will be ignored. (Type does not exist. (Typo?))
19:39:30.407 !!! [CE][offlineDB] :: Type 'DOC_Jeans_Red42' will be ignored. (Type does not exist. (Typo?))
19:39:30.407 !!! [CE][offlineDB] :: Type 'DOC_ADMIN_BLUE_TOP' will be ignored. (Type does not exist. (Typo?))
19:39:30.408 !!! [CE][offlineDB] :: Type 'DOC_ADMIN_BLUE_BOTTOM' will be ignored. (Type does not exist. (Typo?))
19:39:30.408 !!! [CE][offlineDB] :: Type 'DOC_ADMIN_DOC_TOP' will be ignored. (Type does not exist. (Typo?))
19:39:30.408 !!! [CE][offlineDB] :: Type 'DOC_ADMIDOC_GHILLIE_REDGREY' will be ignored. (Type does not exist. (Typo?))
19:39:30.408 !!! [CE][offlineDB] :: Type 'DOC_GHILLIETOP_REDGREY' will be ignored. (Type does not exist. (Typo?))
19:39:30.408 !!! [CE][offlineDB] :: Type 'DOC_GHILLIE_GUNWRAP_REDGREY' will be ignored. (Type does not exist. (Typo?))
19:39:30.408 !!! [CE][offlineDB] :: Type 'DOC_GHILLIE_BLUEBLACK' will be ignored. (Type does not exist. (Typo?))
19:39:30.408 !!! [CE][offlineDB] :: Type 'DOC_GHILLIE_GUNWRAP_BLUEBLAC' will be ignored. (Type does not exist. (Typo?))
19:39:30.408 !!! [CE][offlineDB] :: Type 'DOC_GHILLIETOP_BLUEBLACK' will be ignored. (Type does not exist. (Typo?))
19:39:30.408 !!! [CE][offlineDB] :: Type 'Airsoft_M4A1' will be ignored. (Type does not exist. (Typo?))
19:39:30.408 !!! [CE][offlineDB] :: Type 'Airsoft_AK' will be ignored. (Type does not exist. (Typo?))
19:39:30.408 !!! [CE][offlineDB] :: Type 'Airsoft_Sniper' will be ignored. (Type does not exist. (Typo?))
19:39:30.408 !!! [CE][offlineDB] :: Type 'Mag_Airsoft_M4' will be ignored. (Type does not exist. (Typo?))
19:39:30.408 !!! [CE][offlineDB] :: Type 'Mag_Airsoft_AK' will be ignored. (Type does not exist. (Typo?))
19:39:30.408 !!! [CE][offlineDB] :: Type 'Ammo_Airsoft762' will be ignored. (Type does not exist. (Typo?))
19:39:30.408 !!! [CE][offlineDB] :: Type 'Ammo_Airsoft556' will be ignored. (Type does not exist. (Typo?))
19:39:30.408 !!! [CE][offlineDB] :: Type 'Ammo_Airsoft308' will be ignored. (Type does not exist. (Typo?))
19:39:30.408 !!! [CE][offlineDB] :: Type 'Prefab_Cabin' will be ignored. (Type does not exist. (Typo?))
19:39:30.408 !!! [CE][offlineDB] :: Type 'Cabin_Kit' will be ignored. (Type does not exist. (Typo?))
19:39:30.408 !!! [CE][offlineDB] :: Type 'Sk_Cabinet' will be ignored. (Type does not exist. (Typo?))
19:39:30.408 !!! [CE][offlineDB] :: Type 'Cabin_Water_Pump' will be ignored. (Type does not exist. (Typo?))
19:39:30.408 !!! [CE][offlineDB] :: Type 'Radioactive_bear_Meat' will be ignored. (Type does not exist. (Typo?))
19:39:30.408 !!! [CE][offlineDB] :: Type 'Radioactive_wolf_Meat' will be ignored. (Type does not exist. (Typo?))
19:39:30.408 !!! [CE][offlineDB] :: Type 'DXMediumTent_1' will be ignored. (Type does not exist. (Typo?))
19:39:30.408 !!! [CE][offlineDB] :: Type 'DXMediumTent_2' will be ignored. (Type does not exist. (Typo?))
19:39:30.408 !!! [CE][offlineDB] :: Type 'DXMediumTent_3' will be ignored. (Type does not exist. (Typo?))
19:39:30.408 !!! [CE][offlineDB] :: Type 'DXMediumTent_4' will be ignored. (Type does not exist. (Typo?))
19:39:30.408 !!! [CE][offlineDB] :: Type 'DXMediumTent_5' will be ignored. (Type does not exist. (Typo?))
19:39:30.408 !!! [CE][offlineDB] :: Type 'DXMediumTent_6' will be ignored. (Type does not exist. (Typo?))
19:39:30.408 !!! [CE][offlineDB] :: Type 'DXMediumTent_7' will be ignored. (Type does not exist. (Typo?))
19:39:30.408 !!! [CE][offlineDB] :: Type 'DXMediumTent_8' will be ignored. (Type does not exist. (Typo?))
19:39:30.408 !!! [CE][offlineDB] :: Type 'DXMediumTent_9' will be ignored. (Type does not exist. (Typo?))
19:39:30.408 !!! [CE][offlineDB] :: Type 'DXMediumTent_10' will be ignored. (Type does not exist. (Typo?))
19:39:30.408 !!! [CE][offlineDB] :: Type 'DXMediumTent_11' will be ignored. (Type does not exist. (Typo?))
19:39:30.408 !!! [CE][offlineDB] :: Type 'SWAT_Pants' will be ignored. (Type does not exist. (Typo?))
19:39:30.408 !!! [CE][offlineDB] :: Type 'SWAT_Balaclava' will be ignored. (Type does not exist. (Typo?))
19:39:30.408 !!! [CE][offlineDB] :: Type 'SWAT_Gloves' will be ignored. (Type does not exist. (Typo?))
19:39:30.408 !!! [CE][offlineDB] :: Type 'SWAT_Goggles' will be ignored. (Type does not exist. (Typo?))
19:39:30.408 !!! [CE][offlineDB] :: Type 'SWAT_Shirt' will be ignored. (Type does not exist. (Typo?))
19:39:30.408 !!! [CE][offlineDB] :: Type 'SWAT_Vest' will be ignored. (Type does not exist. (Typo?))
19:39:30.408 !!! [CE][offlineDB] :: Type 'SWAT_Helmet' will be ignored. (Type does not exist. (Typo?))
19:39:30.408 !!! [CE][offlineDB] :: Type 'RFSolarPanel' will be ignored. (Type does not exist. (Typo?))
19:39:30.408 !!! [CE][offlineDB] :: Type 'RFSolarPanelKit' will be ignored. (Type does not exist. (Typo?))
19:39:30.408 !!! [CE][offlineDB] :: Type 'MVS_Combat_Vest_Black_Camo_Bunker' will be ignored. (Type does not exist. (Typo?))
19:39:30.408 !!! [CE][offlineDB] :: Type 'MVS_Combat_Vest_Black_Camo2_Bunker' will be ignored. (Type does not exist. (Typo?))
19:39:30.409 !!! [CE][offlineDB] :: Type 'MVS_Combat_Vest_Camo_Orange_Bunker' will be ignored. (Type does not exist. (Typo?))
19:39:30.409 !!! [CE][offlineDB] :: Type 'MVS_Combat_Vest_Camo_Tigr_Bunker' will be ignored. (Type does not exist. (Typo?))
19:39:30.409 !!! [CE][offlineDB] :: Type 'MVS_Combat_Vest_ELRD_Camo' will be ignored. (Type does not exist. (Typo?))
19:39:30.409 !!! [CE][offlineDB] :: Type 'MVS_Combat_Vest_Green_Camo_Bunker' will be ignored. (Type does not exist. (Typo?))
19:39:30.409 !!! [CE][offlineDB] :: Type 'MVS_Magazine_Pouch_Black_Camo_Bunker' will be ignored. (Type does not exist. (Typo?))
19:39:30.409 !!! [CE][offlineDB] :: Type 'MVS_Magazine_Pouch_Black_Camo2_Bunker' will be ignored. (Type does not exist. (Typo?))
19:39:30.409 !!! [CE][offlineDB] :: Type 'MVS_Magazine_Pouch_Camo_Orange_Bunker' will be ignored. (Type does not exist. (Typo?))
19:39:30.409 !!! [CE][offlineDB] :: Type 'MVS_Magazine_Pouch_Camo_Tigr_Bunker' will be ignored. (Type does not exist. (Typo?))
19:39:30.409 !!! [CE][offlineDB] :: Type 'MVS_Magazine_Pouch_ELRD_Camo_Bunker' will be ignored. (Type does not exist. (Typo?))
19:39:30.409 !!! [CE][offlineDB] :: Type 'MVS_Magazine_Pouch_Green_Camo_Bunker' will be ignored. (Type does not exist. (Typo?))
19:39:30.409 !!! [CE][offlineDB] :: Type 'MVS_Admin_Pouch_Black_Camo_Bunker' will be ignored. (Type does not exist. (Typo?))
19:39:30.409 !!! [CE][offlineDB] :: Type 'MVS_Admin_Pouch_Black_Camo2_Bunker' will be ignored. (Type does not exist. (Typo?))
19:39:30.409 !!! [CE][offlineDB] :: Type 'MVS_Admin_Pouch_Camo_Orange_Bunker' will be ignored. (Type does not exist. (Typo?))
19:39:30.409 !!! [CE][offlineDB] :: Type 'MVS_Admin_Pouch_Camo_Tigr_Bunker' will be ignored. (Type does not exist. (Typo?))
19:39:30.409 !!! [CE][offlineDB] :: Type 'MVS_Admin_Pouch_ELRD_Camo_Bunker' will be ignored. (Type does not exist. (Typo?))
19:39:30.409 !!! [CE][offlineDB] :: Type 'MVS_Admin_Pouch_Green_Camo_Bunker' will be ignored. (Type does not exist. (Typo?))
19:39:30.409 !!! [CE][offlineDB] :: Type 'MVS_Utility_Pouch_Black_Camo_Bunker' will be ignored. (Type does not exist. (Typo?))
19:39:30.409 !!! [CE][offlineDB] :: Type 'MVS_Utility_Pouch_Black_Camo2_Bunker' will be ignored. (Type does not exist. (Typo?))
19:39:30.409 !!! [CE][offlineDB] :: Type 'MVS_Utility_Pouch_Camo_Orange_Bunker' will be ignored. (Type does not exist. (Typo?))
19:39:30.409 !!! [CE][offlineDB] :: Type 'MVS_Utility_Pouch_Camo_Tigr_Bunker' will be ignored. (Type does not exist. (Typo?))
19:39:30.409 !!! [CE][offlineDB] :: Type 'MVS_Utility_Pouch_ELRD_Camo_Bunker' will be ignored. (Type does not exist. (Typo?))
19:39:30.409 !!! [CE][offlineDB] :: Type 'MVS_Utility_Pouch_Green_Camo_Bunker' will be ignored. (Type does not exist. (Typo?))
19:39:30.409 !!! [CE][offlineDB] :: Type 'MVS_Medical_Pouch_Camo_Orange_Bunker' will be ignored. (Type does not exist. (Typo?))
19:39:30.409 !!! [CE][offlineDB] :: Type 'MVS_Medical_Pouch_Camo_Tigr_Bunker' will be ignored. (Type does not exist. (Typo?))
19:39:30.409 !!! [CE][offlineDB] :: Type 'MVS_Medical_Pouch_ELRD_Camo_Bunker' will be ignored. (Type does not exist. (Typo?))
19:39:30.409 !!! [CE][offlineDB] :: Type 'MVS_Pack_Black_Camo_Bunker' will be ignored. (Type does not exist. (Typo?))
19:39:30.409 !!! [CE][offlineDB] :: Type 'MVS_Pack_Black_Camo2_Bunker' will be ignored. (Type does not exist. (Typo?))
19:39:30.409 !!! [CE][offlineDB] :: Type 'MVS_Pack_Camo_Orange_Bunker' will be ignored. (Type does not exist. (Typo?))
19:39:30.409 !!! [CE][offlineDB] :: Type 'MVS_Pack_Camo_Tigr_Bunker' will be ignored. (Type does not exist. (Typo?))
19:39:30.409 !!! [CE][offlineDB] :: Type 'MVS_Pack_ELRD_Camo_Bunker' will be ignored. (Type does not exist. (Typo?))
19:39:30.409 !!! [CE][offlineDB] :: Type 'MVS_Pack_Green_Camo_Bunker' will be ignored. (Type does not exist. (Typo?))
19:39:30.409 !!! [CE][offlineDB] :: Type 'MVS_Combat_Vest_Heavy_Black_Camo_Bunker' will be ignored. (Type does not exist. (Typo?))
19:39:30.409 !!! [CE][offlineDB] :: Type 'MVS_Combat_Vest_Heavy_Black_Camo2_Bunker' will be ignored. (Type does not exist. (Typo?))
19:39:30.409 !!! [CE][offlineDB] :: Type 'MVS_Combat_Vest_Heavy_Camo_Orange_Bunker' will be ignored. (Type does not exist. (Typo?))
19:39:30.409 !!! [CE][offlineDB] :: Type 'MVS_Combat_Vest_Heavy_Camo_Tigr_Bunker' will be ignored. (Type does not exist. (Typo?))
19:39:30.409 !!! [CE][offlineDB] :: Type 'MVS_Combat_Vest_Heavy_ELRD_Camo_Bunker' will be ignored. (Type does not exist. (Typo?))
19:39:30.410 !!! [CE][offlineDB] :: Type 'MVS_Combat_Vest_Heavy_Green_Camo_Bunker' will be ignored. (Type does not exist. (Typo?))
19:39:30.410 !!! [CE][offlineDB] :: Type 'MVS_Taco_Pouch_Black_Camo_Bunker' will be ignored. (Type does not exist. (Typo?))
19:39:30.410 !!! [CE][offlineDB] :: Type 'MVS_Taco_Pouch_Black_Camo2_Bunker' will be ignored. (Type does not exist. (Typo?))
19:39:30.410 !!! [CE][offlineDB] :: Type 'MVS_Taco_Pouch_Camo_Orange_Bunker' will be ignored. (Type does not exist. (Typo?))
19:39:30.410 !!! [CE][offlineDB] :: Type 'MVS_Taco_Pouch_Camo_Tigr_Bunker' will be ignored. (Type does not exist. (Typo?))
19:39:30.410 !!! [CE][offlineDB] :: Type 'MVS_Taco_Pouch_ELRD_Camo_Bunker' will be ignored. (Type does not exist. (Typo?))
19:39:30.410 !!! [CE][offlineDB] :: Type 'MVS_Taco_Pouch_Green_Camo_Bunker' will be ignored. (Type does not exist. (Typo?))
19:39:30.410 !!! [CE][offlineDB] :: Type 'MVS_Pakol_Comtac' will be ignored. (Type does not exist. (Typo?))
19:39:30.410 !!! [CE][offlineDB] :: Type 'MVS_canteen_Black_Camo_Bunker' will be ignored. (Type does not exist. (Typo?))
19:39:30.410 !!! [CE][offlineDB] :: Type 'MVS_canteen_Black_Camo2_Bunker' will be ignored. (Type does not exist. (Typo?))
19:39:30.410 !!! [CE][offlineDB] :: Type 'MVS_canteen_Camp_Orange' will be ignored. (Type does not exist. (Typo?))
19:39:30.410 !!! [CE][offlineDB] :: Type 'MVS_canteen_Camo_Tigr_Bunker' will be ignored. (Type does not exist. (Typo?))
19:39:30.410 !!! [CE][offlineDB] :: Type 'MVS_canteen_ELRD_Camo_Bunker' will be ignored. (Type does not exist. (Typo?))
19:39:30.410 !!! [CE][offlineDB] :: Type 'MVS_canteen_Green_Camo_Bunker' will be ignored. (Type does not exist. (Typo?))
19:39:30.410 !!! [CE][offlineDB] :: Type 'MVS_OpsCore_Black_Camo_Bunker' will be ignored. (Type does not exist. (Typo?))
19:39:30.410 !!! [CE][offlineDB] :: Type 'MVS_OpsCore_Black_Camo2_Bunker' will be ignored. (Type does not exist. (Typo?))
19:39:30.410 !!! [CE][offlineDB] :: Type 'MVS_OpsCore_Camo_Orange_Bunker' will be ignored. (Type does not exist. (Typo?))
19:39:30.410 !!! [CE][offlineDB] :: Type 'MVS_OpsCore_Camo_Tigr_Bunker' will be ignored. (Type does not exist. (Typo?))
19:39:30.410 !!! [CE][offlineDB] :: Type 'MVS_OpsCore_ELRD_Camo_Bunker' will be ignored. (Type does not exist. (Typo?))
19:39:30.410 !!! [CE][offlineDB] :: Type 'MVS_OpsCore_Green_Camo_Bunker' will be ignored. (Type does not exist. (Typo?))
19:39:30.410 !!! [CE][offlineDB] :: Type 'MVS_GorkaPants' will be ignored. (Type does not exist. (Typo?))
19:39:30.410 !!! [CE][offlineDB] :: Type 'MVS_GorkaPants_Snow' will be ignored. (Type does not exist. (Typo?))
19:39:30.410 !!! [CE][offlineDB] :: Type 'MVS_ArmoredHelmet_Black_Camo_Bunker' will be ignored. (Type does not exist. (Typo?))
19:39:30.410 !!! [CE][offlineDB] :: Type 'MVS_ArmoredHelmet_Black_Camo2_Bunker' will be ignored. (Type does not exist. (Typo?))
19:39:30.410 !!! [CE][offlineDB] :: Type 'MVS_ArmoredHelmet_Camo_Orange_Bunker' will be ignored. (Type does not exist. (Typo?))
19:39:30.410 !!! [CE][offlineDB] :: Type 'MVS_ArmoredHelmet_Camo_Tigr_Bunker' will be ignored. (Type does not exist. (Typo?))
19:39:30.410 !!! [CE][offlineDB] :: Type 'MVS_ArmoredHelmet_ELRD_Camo_Bunker' will be ignored. (Type does not exist. (Typo?))
19:39:30.410 !!! [CE][offlineDB] :: Type 'MVS_ArmoredHelmet_Green_Camo_Bunker' will be ignored. (Type does not exist. (Typo?))
19:39:30.410 !!! [CE][offlineDB] :: Type 'MVS_Rucksack_Black_Camo_Bunker' will be ignored. (Type does not exist. (Typo?))
19:39:30.410 !!! [CE][offlineDB] :: Type 'MVS_Rucksack_Black_Camo2_Bunker' will be ignored. (Type does not exist. (Typo?))
19:39:30.410 !!! [CE][offlineDB] :: Type 'MVS_Rucksack_Camo_Orange_Bunker' will be ignored. (Type does not exist. (Typo?))
19:39:30.410 !!! [CE][offlineDB] :: Type 'MVS_Rucksack_Camo_Tigr_Bunker' will be ignored. (Type does not exist. (Typo?))
19:39:30.410 !!! [CE][offlineDB] :: Type 'MVS_Rucksack_ELRD_Camo_Bunker' will be ignored. (Type does not exist. (Typo?))
19:39:30.410 !!! [CE][offlineDB] :: Type 'MVS_Rucksack_Green_Camo_Bunker' will be ignored. (Type does not exist. (Typo?))
19:39:30.410 !!! [CE][offlineDB] :: Type 'MVS_Compact_1_Black_Camo_Bunker' will be ignored. (Type does not exist. (Typo?))
19:39:30.410 !!! [CE][offlineDB] :: Type 'MVS_Compact_1_Black_Camo2_Bunker' will be ignored. (Type does not exist. (Typo?))
19:39:30.410 !!! [CE][offlineDB] :: Type 'MVS_Compact_1_Camo_Orange_Bunker' will be ignored. (Type does not exist. (Typo?))
19:39:30.410 !!! [CE][offlineDB] :: Type 'MVS_Compact_1_Camo_Tigr_Bunker' will be ignored. (Type does not exist. (Typo?))
19:39:30.410 !!! [CE][offlineDB] :: Type 'MVS_Compact_1_ELRD_Camo_Bunker' will be ignored. (Type does not exist. (Typo?))
19:39:30.410 !!! [CE][offlineDB] :: Type 'MVS_Compact_1_Green_Camo_Bunker' will be ignored. (Type does not exist. (Typo?))
19:39:30.410 !!! [CE][offlineDB] :: Type 'MVS_Compact_2_Black_Camo_Bunker' will be ignored. (Type does not exist. (Typo?))
19:39:30.410 !!! [CE][offlineDB] :: Type 'MVS_Compact_2_Black_Camo2_Bunker' will be ignored. (Type does not exist. (Typo?))
19:39:30.410 !!! [CE][offlineDB] :: Type 'MVS_Compact_2_Camo_Orange_Bunker' will be ignored. (Type does not exist. (Typo?))
19:39:30.410 !!! [CE][offlineDB] :: Type 'MVS_Compact_2_Camo_Tigr_Bunker' will be ignored. (Type does not exist. (Typo?))
19:39:30.410 !!! [CE][offlineDB] :: Type 'MVS_Compact_2_ELRD_Camo_Bunker' will be ignored. (Type does not exist. (Typo?))
19:39:30.410 !!! [CE][offlineDB] :: Type 'MVS_Compact_2_Green_Camo_Bunker' will be ignored. (Type does not exist. (Typo?))
19:39:30.410 !!! [CE][offlineDB] :: Type 'MVS_ChestRig_Black_Camo_Bunker' will be ignored. (Type does not exist. (Typo?))
19:39:30.410 !!! [CE][offlineDB] :: Type 'MVS_ChestRig_Black_Camo2_Bunker' will be ignored. (Type does not exist. (Typo?))
19:39:30.411 !!! [CE][offlineDB] :: Type 'MVS_ChestRig_Camo_Orange_Bunker' will be ignored. (Type does not exist. (Typo?))
19:39:30.411 !!! [CE][offlineDB] :: Type 'MVS_ChestRig_Camo_Tigr_Bunker' will be ignored. (Type does not exist. (Typo?))
19:39:30.411 !!! [CE][offlineDB] :: Type 'MVS_ChestRig_ELRD_Camo_Bunker' will be ignored. (Type does not exist. (Typo?))
19:39:30.411 !!! [CE][offlineDB] :: Type 'MVS_ChestRig_Green_Camo_Bunker' will be ignored. (Type does not exist. (Typo?))
19:39:30.411 !!! [CE][offlineDB] :: Type 'MVS_Balaclava_Wraith_Comtacs' will be ignored. (Type does not exist. (Typo?))
19:39:30.411 !!! [CE][offlineDB] :: Type 'MVS_GorkaPants_Multicam' will be ignored. (Type does not exist. (Typo?))
19:39:30.411 !!! [CE][offlineDB] :: Type 'MVS_GorkaPants_Multicam_Tropic' will be ignored. (Type does not exist. (Typo?))
19:39:30.411 !!! [CE][offlineDB] :: Type 'MVS_GorkaPants_Multicam_Black' will be ignored. (Type does not exist. (Typo?))
19:39:30.411 !!! [CE][offlineDB] :: Type 'MVS_Assault_Pack_Black_Camo_Bunker' will be ignored. (Type does not exist. (Typo?))
19:39:30.411 !!! [CE][offlineDB] :: Type 'MVS_Assault_Pack_Black_Camo2_Bunker' will be ignored. (Type does not exist. (Typo?))
19:39:30.411 !!! [CE][offlineDB] :: Type 'MVS_Assault_Pack_Camo_Orange_Bunker' will be ignored. (Type does not exist. (Typo?))
19:39:30.411 !!! [CE][offlineDB] :: Type 'MVS_Assault_Pack_Camo_Tigr_Bunker' will be ignored. (Type does not exist. (Typo?))
19:39:30.411 !!! [CE][offlineDB] :: Type 'MVS_Assault_Pack_ELRD_Camo_Bunker' will be ignored. (Type does not exist. (Typo?))
19:39:30.411 !!! [CE][offlineDB] :: Type 'MVS_Assault_Pack_Green_Camo_Bunker' will be ignored. (Type does not exist. (Typo?))
19:39:30.411 !!! [CE][offlineDB] :: Type 'MVS_CombatPants_Black_Camo_Bunker' will be ignored. (Type does not exist. (Typo?))
19:39:30.411 !!! [CE][offlineDB] :: Type 'MVS_CombatPants_Black_Camo2_Bunker' will be ignored. (Type does not exist. (Typo?))
19:39:30.411 !!! [CE][offlineDB] :: Type 'MVS_CombatPants_Camo_Orange_Bunker' will be ignored. (Type does not exist. (Typo?))
19:39:30.411 !!! [CE][offlineDB] :: Type 'MVS_CombatPants_Camo_Tigr_Bunker' will be ignored. (Type does not exist. (Typo?))
19:39:30.411 !!! [CE][offlineDB] :: Type 'MVS_CombatPants_ELRD_Camo_Bunker' will be ignored. (Type does not exist. (Typo?))
19:39:30.411 !!! [CE][offlineDB] :: Type 'MVS_CombatPants_Green_Camo_Bunker' will be ignored. (Type does not exist. (Typo?))
19:39:30.411 !!! [CE][offlineDB] :: Type 'MVS_CombatShirt_Black_Camo_Bunker' will be ignored. (Type does not exist. (Typo?))
19:39:30.411 !!! [CE][offlineDB] :: Type 'MVS_CombatShirt_Black_Camo2_Bunker' will be ignored. (Type does not exist. (Typo?))
19:39:30.411 !!! [CE][offlineDB] :: Type 'MVS_CombatShirt_Camo_Orange_Bunker' will be ignored. (Type does not exist. (Typo?))
19:39:30.411 !!! [CE][offlineDB] :: Type 'MVS_CombatShirt_Camo_Tigr_Bunker' will be ignored. (Type does not exist. (Typo?))
19:39:30.411 !!! [CE][offlineDB] :: Type 'MVS_CombatShirt_ELRD_Camo_Bunker' will be ignored. (Type does not exist. (Typo?))
19:39:30.411 !!! [CE][offlineDB] :: Type 'MVS_CombatShirt_Green_Camo_Bunker' will be ignored. (Type does not exist. (Typo?))
19:39:30.411 !!! [CE][offlineDB] :: Type 'MVS_Molle_Panel_Black_Camo_Bunker' will be ignored. (Type does not exist. (Typo?))
19:39:30.411 !!! [CE][offlineDB] :: Type 'MVS_Molle_Panel_Black_Camo2_Bunker' will be ignored. (Type does not exist. (Typo?))
19:39:30.411 !!! [CE][offlineDB] :: Type 'MVS_Molle_Panel_Camo_Orange_Bunker' will be ignored. (Type does not exist. (Typo?))
19:39:30.411 !!! [CE][offlineDB] :: Type 'MVS_Molle_Panel_Camo_Tigr_Bunker' will be ignored. (Type does not exist. (Typo?))
19:39:30.411 !!! [CE][offlineDB] :: Type 'MVS_Molle_Panel_ELRD_Camo_Bunker' will be ignored. (Type does not exist. (Typo?))
19:39:30.411 !!! [CE][offlineDB] :: Type 'MVS_Molle_Panel_Green_Camo_Bunker' will be ignored. (Type does not exist. (Typo?))
19:39:30.411 !!! [CE][offlineDB] :: Type 'MVS_6B47_Helmet_Black_Camo_Bunker' will be ignored. (Type does not exist. (Typo?))
19:39:30.411 !!! [CE][offlineDB] :: Type 'MVS_6B47_Helmet_Black_Camo2_Bunker' will be ignored. (Type does not exist. (Typo?))
19:39:30.411 !!! [CE][offlineDB] :: Type 'MVS_6B47_Helmet_Camo_Orange_Bunker' will be ignored. (Type does not exist. (Typo?))
19:39:30.411 !!! [CE][offlineDB] :: Type 'MVS_6B47_Helmet_Camo_Tigr_Bunker' will be ignored. (Type does not exist. (Typo?))
19:39:30.411 !!! [CE][offlineDB] :: Type 'MVS_6B47_Helmet_ELRD_Camo_Bunker' will be ignored. (Type does not exist. (Typo?))
19:39:30.411 !!! [CE][offlineDB] :: Type 'MVS_6B47_Helmet_Green_Camo_Bunker' will be ignored. (Type does not exist. (Typo?))
19:39:30.411 !!! [CE][offlineDB] :: Type 'MVS_Helmet_02_Black_Camo_Bunker' will be ignored. (Type does not exist. (Typo?))
19:39:30.411 !!! [CE][offlineDB] :: Type 'MVS_Helmet_02_Black_Camo_Bunker2' will be ignored. (Type does not exist. (Typo?))
19:39:30.411 !!! [CE][offlineDB] :: Type 'MVS_Helmet_02_Camo_Orange_Bunker' will be ignored. (Type does not exist. (Typo?))
19:39:30.411 !!! [CE][offlineDB] :: Type 'MVS_Helmet_02_Camo_Tigr_Bunker' will be ignored. (Type does not exist. (Typo?))
19:39:30.411 !!! [CE][offlineDB] :: Type 'MVS_Helmet_02_ELRD_Camo_Bunker' will be ignored. (Type does not exist. (Typo?))
19:39:30.411 !!! [CE][offlineDB] :: Type 'MVS_Helmet_02_Green_Camo_Bunker' will be ignored. (Type does not exist. (Typo?))
19:39:30.411 !!! [CE][offlineDB] :: Type 'MVS_SlingPack_Black_Camo_Bunker' will be ignored. (Type does not exist. (Typo?))
19:39:30.411 !!! [CE][offlineDB] :: Type 'MVS_SlingPack_Black_Camo2_Bunker' will be ignored. (Type does not exist. (Typo?))
19:39:30.411 !!! [CE][offlineDB] :: Type 'MVS_SlingPack_Camo_Orange_Bunker' will be ignored. (Type does not exist. (Typo?))
19:39:30.411 !!! [CE][offlineDB] :: Type 'MVS_SlingPack_Camo_Tigr_Bunker' will be ignored. (Type does not exist. (Typo?))
19:39:30.411 !!! [CE][offlineDB] :: Type 'MVS_SlingPack_ELRD_Camo_Bunker' will be ignored. (Type does not exist. (Typo?))
19:39:30.411 !!! [CE][offlineDB] :: Type 'MVS_SlingPack_Green_Camo_Bunker' will be ignored. (Type does not exist. (Typo?))
19:39:30.411 !!! [CE][offlineDB] :: Type 'mouse_grey_flag' will be ignored. (Type does not exist. (Typo?))
19:39:30.411 !!! [CE][offlineDB] :: Type 'toxic_green' will be ignored. (Type does not exist. (Typo?))
19:39:30.411 !!! [CE][offlineDB] :: Type 'FBF_Torch' will be ignored. (Not spawnable. (Scope is not public?))
19:39:30.411 !!! [CE][offlineDB] :: Type 'FBF_LongTorch' will be ignored. (Not spawnable. (Scope is not public?))
19:39:30.411 !!! [CE][offlineDB] :: Type 'FBF_AreaLight_White' will be ignored. (Not spawnable. (Scope is not public?))
19:39:30.411 !!! [CE][offlineDB] :: Type 'FBF_AreaLight_Warm' will be ignored. (Not spawnable. (Scope is not public?))
19:39:30.411 !!! [CE][offlineDB] :: Type 'FBF_CustomAreaLight_1' will be ignored. (Not spawnable. (Scope is not public?))
19:39:30.411 !!! [CE][offlineDB] :: Type 'FBF_CustomAreaLight_2' will be ignored. (Not spawnable. (Scope is not public?))
19:39:30.411 !!! [CE][offlineDB] :: Type 'FBF_CustomAreaLight_3' will be ignored. (Not spawnable. (Scope is not public?))
19:39:30.411 !!! [CE][offlineDB] :: Type 'FBF_CustomAreaLight_4' will be ignored. (Not spawnable. (Scope is not public?))
19:39:30.411 !!! [CE][offlineDB] :: Type 'FBF_CustomAreaLight_5' will be ignored. (Not spawnable. (Scope is not public?))
19:39:30.411 !!! [CE][offlineDB] :: Type 'bs_cartman' will be ignored. (Type does not exist. (Typo?))
19:39:30.411 !!! [CE][offlineDB] :: Type 'bs_gratefuldead' will be ignored. (Type does not exist. (Typo?))
19:39:30.411 !!! [CE][offlineDB] :: Type 'bs_meatloaf' will be ignored. (Type does not exist. (Typo?))
19:39:30.411 !!! [CE][offlineDB] :: Type 'bs_nirvana' will be ignored. (Type does not exist. (Typo?))
19:39:30.411 !!! [CE][offlineDB] :: Type 'bs_skynyrd' will be ignored. (Type does not exist. (Typo?))
19:39:30.411 !!! [CE][offlineDB] :: Type 'bs_starbucks' will be ignored. (Type does not exist. (Typo?))
19:39:30.411 !!! [CE][offlineDB] :: Type 'bs_sublime' will be ignored. (Type does not exist. (Typo?))
19:39:30.411 !!! [CE][offlineDB] :: Type 'bs_billmurray' will be ignored. (Type does not exist. (Typo?))
19:39:30.411 !!! [CE][offlineDB] :: Type 'bs_blackflag' will be ignored. (Type does not exist. (Typo?))
19:39:30.411 !!! [CE][offlineDB] :: Type 'bs_cbgb' will be ignored. (Type does not exist. (Typo?))
19:39:30.411 !!! [CE][offlineDB] :: Type 'bs_illuminati1' will be ignored. (Type does not exist. (Typo?))
19:39:30.411 !!! [CE][offlineDB] :: Type 'bs_johndenver' will be ignored. (Type does not exist. (Typo?))
19:39:30.411 !!! [CE][offlineDB] :: Type 'bs_joydivision' will be ignored. (Type does not exist. (Typo?))
19:39:30.411 !!! [CE][offlineDB] :: Type 'bs_nin' will be ignored. (Type does not exist. (Typo?))
19:39:30.411 !!! [CE][offlineDB] :: Type 'bs_zero' will be ignored. (Type does not exist. (Typo?))
19:39:30.411 !!! [CE][offlineDB] :: Type 'bs_volcom' will be ignored. (Type does not exist. (Typo?))
19:39:30.411 !!! [CE][offlineDB] :: Type 'bs_ironmaiden' will be ignored. (Type does not exist. (Typo?))
19:39:30.411 !!! [CE][offlineDB] :: Type 'bs_lateralus' will be ignored. (Type does not exist. (Typo?))
19:39:30.411 !!! [CE][offlineDB] :: Type 'bs_ledzeppelin' will be ignored. (Type does not exist. (Typo?))
19:39:30.411 !!! [CE][offlineDB] :: Type 'bs_nickcage' will be ignored. (Type does not exist. (Typo?))
19:39:30.411 !!! [CE][offlineDB] :: Type 'bs_opeth' will be ignored. (Type does not exist. (Typo?))
19:39:30.411 !!! [CE][offlineDB] :: Type 'bs_scarface' will be ignored. (Type does not exist. (Typo?))
19:39:30.411 !!! [CE][offlineDB] :: Type 'bs_syl' will be ignored. (Type does not exist. (Typo?))
19:39:30.411 !!! [CE][offlineDB] :: Type 'bs_tyrone' will be ignored. (Type does not exist. (Typo?))
19:39:30.411 !!! [CE][offlineDB] :: Type 'bs_worstshirt' will be ignored. (Type does not exist. (Typo?))
19:39:30.411 !!! [CE][offlineDB] :: Type 'MoreDoorVault' will be ignored. (Type does not exist. (Typo?))
19:39:30.411 !!! [CE][offlineDB] :: Type 'MoreDoorSmall' will be ignored. (Type does not exist. (Typo?))
19:39:30.411 !!! [CE][offlineDB] :: Type 'MoreDoorSmallShanty' will be ignored. (Type does not exist. (Typo?))
19:39:30.411 !!! [CE][offlineDB] :: Type 'MoreDoorSmallMetal' will be ignored. (Type does not exist. (Typo?))
19:39:30.411 !!! [CE][offlineDB] :: Type 'MoreDoorVaultKit' will be ignored. (Type does not exist. (Typo?))
19:39:30.411 !!! [CE][offlineDB] :: Type 'MoreDoorSmallKit' will be ignored. (Type does not exist. (Typo?))
19:39:30.411 !!! [CE][offlineDB] :: Type 'MoreDoorSmallMetalKit' will be ignored. (Type does not exist. (Typo?))
19:39:30.411 !!! [CE][offlineDB] :: Type 'MoreDoorSmallShantyKit' will be ignored. (Type does not exist. (Typo?))
19:39:30.411 !!! [CE][offlineDB] :: Type 'MoreDoorSafe' will be ignored. (Type does not exist. (Typo?))
19:39:30.411 !!! [CE][offlineDB] :: Type 'TacSatRadio' will be ignored. (Type does not exist. (Typo?))
19:39:30.413 !!! [CE][offlineDB] :: Wrong xml format of types file 'ModTypes/42MADocsGuns/types.xml'.
19:39:30.413 !!! [CE][offlineDB] :: Wrong xml format of types file 'ModTypes/42MADocsTextures/types.xml'.
19:39:30.414 !!! File "DZ\worlds\chernarusplus\ce\ModTypes/442MAVanillaClothing/types.xml" does not exist...
19:39:30.414 !!! [ERROR][XML] :: load [DZ\worlds\chernarusplus\ce\ModTypes/442MAVanillaClothing/types.xml] failed
19:39:30.414 !!! [ERROR][XML] :: Failed to open file
19:39:30.414 !!! [CE][offlineDB] :: Failed to read types file 'ModTypes/442MAVanillaClothing/types.xml'.
19:39:30.419 !!! [CE][offlineDB] :: Type 'GCGN_Vityaz_30Rnd' will be ignored. (Type does not exist. (Typo?))
19:39:30.419 !!! [CE][offlineDB] :: Type 'SNAFU_556_Barrel10' will be ignored. (Not spawnable. (Scope is not public?))
19:39:30.419 !!! [CE][offlineDB] :: Type 'SNAFU_556_Barrel14_DV' will be ignored. (Not spawnable. (Scope is not public?))
19:39:30.419 !!! [CE][offlineDB] :: Type 'SNAFU_556_Barrel14' will be ignored. (Not spawnable. (Scope is not public?))
19:39:30.419 !!! [CE][offlineDB] :: Type 'SNAFU_556_Barrel16' will be ignored. (Not spawnable. (Scope is not public?))
19:39:30.419 !!! [CE][offlineDB] :: Type 'SNAFU_Bipod' will be ignored. (Type does not exist. (Typo?))
19:39:30.419 !!! [CE][offlineDB] :: Type 'GCGN_M1Garand_FH' will be ignored. (Type does not exist. (Typo?))
19:39:30.419 !!! [CE][offlineDB] :: Type 'GCGN_M1Garand_Muzzle' will be ignored. (Type does not exist. (Typo?))
19:39:30.419 !!! [CE][offlineDB] :: Type 'SNAFU_30mm_Mount_Base' will be ignored. (Not spawnable. (Scope is not public?))
19:39:30.419 !!! [CE][offlineDB] :: Type 'SNAFU_AKEOTech_EXPS' will be ignored. (Type does not exist. (Typo?))
19:39:30.419 !!! [CE][offlineDB] :: Type 'SNAFU_EOTech_EXPS' will be ignored. (Type does not exist. (Typo?))
19:39:30.419 !!! [CE][offlineDB] :: Type 'SNAFU_Kabar_BK' will be ignored. (Type does not exist. (Typo?))
19:39:30.421 !!! [CE] :: Unknown usage: 'TempleCore'.
19:39:30.421 !!! [CE] :: Unknown usage: 'TempleCore'.
19:39:30.421 !!! [CE] :: Unknown usage: 'TempleCore'.
19:39:30.557 !!! [CE][DE][SPAWNS] :: [WARNING] :: Skipping entry for non-existing event 'VehicleTransitBus'.
19:39:30.557 !!! [CE][DE][SPAWNS] :: [WARNING] :: Skipping entry for non-existing event 'AnimalDeer'.
19:39:30.557 !!! [CE][DE][SPAWNS] :: [WARNING] :: Skipping entry for non-existing event 'AnimalCow'.
19:39:30.557 !!! [CE][DE][SPAWNS] :: [WARNING] :: Skipping entry for non-existing event 'AnimalSheep'.
19:39:30.557 !!! [CE][DE][SPAWNS] :: [WARNING] :: Skipping entry for non-existing event 'AnimalRoeDeer'.
19:39:30.557 !!! [CE][DE][SPAWNS] :: [WARNING] :: Skipping entry for non-existing event 'AnimalWildBoar'.
19:39:30.557 [CE][DE][SPAWNS] :: Total positions: 713
19:39:30.557 [CE][DE][GROUPS] :: Total eventgroups defined: 83, Eventgroups in use: 0
19:39:30.557 [CE][Storage] ver:21 stamp:615, valid:yes, name:"C:\Users\rylic\OneDrive\Desktop\Expansion-Dev-Server-Deer-Isle\mpmissions\empty.deerisle\storage_1\data\events.bin"
19:39:30.558 [CE][Storage] ver:21 stamp:519, valid:yes, name:"C:\Users\rylic\OneDrive\Desktop\Expansion-Dev-Server-Deer-Isle\mpmissions\empty.deerisle\storage_1\data\events.001"
19:39:30.558 [CE][Storage] ver:21 stamp:517, valid:yes, name:"C:\Users\rylic\OneDrive\Desktop\Expansion-Dev-Server-Deer-Isle\mpmissions\empty.deerisle\storage_1\data\events.002"
19:39:30.558 [CE][Storage] Restoring file "C:\Users\rylic\OneDrive\Desktop\Expansion-Dev-Server-Deer-Isle\mpmissions\empty.deerisle\storage_1\data\events.bin".
19:39:30.558 [CE][DynamicEvent] Load  Events:[62] Primary spawners: 62 Secondary spawners: 2
19:39:30.559 [CE][Storage] ver:25 stamp:615, valid:yes, name:"C:\Users\rylic\OneDrive\Desktop\Expansion-Dev-Server-Deer-Isle\mpmissions\empty.deerisle\storage_1\data\dynamic_000.bin"
19:39:30.559 [CE][Storage] ver:25 stamp:519, valid:yes, name:"C:\Users\rylic\OneDrive\Desktop\Expansion-Dev-Server-Deer-Isle\mpmissions\empty.deerisle\storage_1\data\dynamic_000.001"
19:39:30.560 [CE][Storage] ver:25 stamp:517, valid:yes, name:"C:\Users\rylic\OneDrive\Desktop\Expansion-Dev-Server-Deer-Isle\mpmissions\empty.deerisle\storage_1\data\dynamic_000.002"
19:39:30.560 [CE][Storage] Restoring file "C:\Users\rylic\OneDrive\Desktop\Expansion-Dev-Server-Deer-Isle\mpmissions\empty.deerisle\storage_1\data\dynamic_000.bin" 1468 items.
19:39:31.356   1468 items loaded. (0 failed)
19:39:31.356 [CE][Storage] ver:25 stamp:615, valid:yes, name:"C:\Users\rylic\OneDrive\Desktop\Expansion-Dev-Server-Deer-Isle\mpmissions\empty.deerisle\storage_1\data\dynamic_001.bin"
19:39:31.358 [CE][Storage] ver:25 stamp:519, valid:yes, name:"C:\Users\rylic\OneDrive\Desktop\Expansion-Dev-Server-Deer-Isle\mpmissions\empty.deerisle\storage_1\data\dynamic_001.001"
19:39:31.358 [CE][Storage] ver:25 stamp:517, valid:yes, name:"C:\Users\rylic\OneDrive\Desktop\Expansion-Dev-Server-Deer-Isle\mpmissions\empty.deerisle\storage_1\data\dynamic_001.002"
19:39:31.358 [CE][Storage] Restoring file "C:\Users\rylic\OneDrive\Desktop\Expansion-Dev-Server-Deer-Isle\mpmissions\empty.deerisle\storage_1\data\dynamic_001.bin" 1149 items.
19:39:31.986   1149 items loaded. (0 failed)
19:39:31.986 [CE][Storage] ver:25 stamp:615, valid:yes, name:"C:\Users\rylic\OneDrive\Desktop\Expansion-Dev-Server-Deer-Isle\mpmissions\empty.deerisle\storage_1\data\dynamic_002.bin"
19:39:31.987 [CE][Storage] ver:25 stamp:519, valid:yes, name:"C:\Users\rylic\OneDrive\Desktop\Expansion-Dev-Server-Deer-Isle\mpmissions\empty.deerisle\storage_1\data\dynamic_002.001"
19:39:31.987 [CE][Storage] ver:25 stamp:517, valid:yes, name:"C:\Users\rylic\OneDrive\Desktop\Expansion-Dev-Server-Deer-Isle\mpmissions\empty.deerisle\storage_1\data\dynamic_002.002"
19:39:31.987 [CE][Storage] Restoring file "C:\Users\rylic\OneDrive\Desktop\Expansion-Dev-Server-Deer-Isle\mpmissions\empty.deerisle\storage_1\data\dynamic_002.bin" 1404 items.
19:39:32.773   1404 items loaded. (0 failed)
19:39:32.773 [CE][Storage] ver:25 stamp:615, valid:yes, name:"C:\Users\rylic\OneDrive\Desktop\Expansion-Dev-Server-Deer-Isle\mpmissions\empty.deerisle\storage_1\data\dynamic_003.bin"
19:39:32.774 [CE][Storage] ver:25 stamp:519, valid:yes, name:"C:\Users\rylic\OneDrive\Desktop\Expansion-Dev-Server-Deer-Isle\mpmissions\empty.deerisle\storage_1\data\dynamic_003.001"
19:39:32.775 [CE][Storage] ver:25 stamp:517, valid:yes, name:"C:\Users\rylic\OneDrive\Desktop\Expansion-Dev-Server-Deer-Isle\mpmissions\empty.deerisle\storage_1\data\dynamic_003.002"
19:39:32.775 [CE][Storage] Restoring file "C:\Users\rylic\OneDrive\Desktop\Expansion-Dev-Server-Deer-Isle\mpmissions\empty.deerisle\storage_1\data\dynamic_003.bin" 1689 items.
19:39:33.565   1689 items loaded. (0 failed)
19:39:33.566 [CE][Storage] ver:25 stamp:615, valid:yes, name:"C:\Users\rylic\OneDrive\Desktop\Expansion-Dev-Server-Deer-Isle\mpmissions\empty.deerisle\storage_1\data\dynamic_004.bin"
19:39:33.567 [CE][Storage] ver:25 stamp:519, valid:yes, name:"C:\Users\rylic\OneDrive\Desktop\Expansion-Dev-Server-Deer-Isle\mpmissions\empty.deerisle\storage_1\data\dynamic_004.001"
19:39:33.568 [CE][Storage] ver:25 stamp:517, valid:yes, name:"C:\Users\rylic\OneDrive\Desktop\Expansion-Dev-Server-Deer-Isle\mpmissions\empty.deerisle\storage_1\data\dynamic_004.002"
19:39:33.568 [CE][Storage] Restoring file "C:\Users\rylic\OneDrive\Desktop\Expansion-Dev-Server-Deer-Isle\mpmissions\empty.deerisle\storage_1\data\dynamic_004.bin" 2702 items.
19:39:34.755   2702 items loaded. (0 failed)
19:39:34.755 [CE][Storage] ver:25 stamp:615, valid:yes, name:"C:\Users\rylic\OneDrive\Desktop\Expansion-Dev-Server-Deer-Isle\mpmissions\empty.deerisle\storage_1\data\dynamic_005.bin"
19:39:34.756 [CE][Storage] ver:25 stamp:519, valid:yes, name:"C:\Users\rylic\OneDrive\Desktop\Expansion-Dev-Server-Deer-Isle\mpmissions\empty.deerisle\storage_1\data\dynamic_005.001"
19:39:34.757 [CE][Storage] ver:25 stamp:517, valid:yes, name:"C:\Users\rylic\OneDrive\Desktop\Expansion-Dev-Server-Deer-Isle\mpmissions\empty.deerisle\storage_1\data\dynamic_005.002"
19:39:34.757 [CE][Storage] Restoring file "C:\Users\rylic\OneDrive\Desktop\Expansion-Dev-Server-Deer-Isle\mpmissions\empty.deerisle\storage_1\data\dynamic_005.bin" 2435 items.
19:39:36.11   2435 items loaded. (0 failed)
19:39:36.12 [CE][Storage] ver:25 stamp:615, valid:yes, name:"C:\Users\rylic\OneDrive\Desktop\Expansion-Dev-Server-Deer-Isle\mpmissions\empty.deerisle\storage_1\data\dynamic_006.bin"
19:39:36.13 [CE][Storage] ver:25 stamp:519, valid:yes, name:"C:\Users\rylic\OneDrive\Desktop\Expansion-Dev-Server-Deer-Isle\mpmissions\empty.deerisle\storage_1\data\dynamic_006.001"
19:39:36.13 [CE][Storage] ver:25 stamp:517, valid:yes, name:"C:\Users\rylic\OneDrive\Desktop\Expansion-Dev-Server-Deer-Isle\mpmissions\empty.deerisle\storage_1\data\dynamic_006.002"
19:39:36.14 [CE][Storage] Restoring file "C:\Users\rylic\OneDrive\Desktop\Expansion-Dev-Server-Deer-Isle\mpmissions\empty.deerisle\storage_1\data\dynamic_006.bin" 2128 items.
19:39:37.118   2128 items loaded. (0 failed)
19:39:37.118 [CE][Storage] ver:25 stamp:615, valid:yes, name:"C:\Users\rylic\OneDrive\Desktop\Expansion-Dev-Server-Deer-Isle\mpmissions\empty.deerisle\storage_1\data\dynamic_007.bin"
19:39:37.119 [CE][Storage] ver:25 stamp:519, valid:yes, name:"C:\Users\rylic\OneDrive\Desktop\Expansion-Dev-Server-Deer-Isle\mpmissions\empty.deerisle\storage_1\data\dynamic_007.001"
19:39:37.120 [CE][Storage] ver:25 stamp:517, valid:yes, name:"C:\Users\rylic\OneDrive\Desktop\Expansion-Dev-Server-Deer-Isle\mpmissions\empty.deerisle\storage_1\data\dynamic_007.002"
19:39:37.120 [CE][Storage] Restoring file "C:\Users\rylic\OneDrive\Desktop\Expansion-Dev-Server-Deer-Isle\mpmissions\empty.deerisle\storage_1\data\dynamic_007.bin" 1818 items.
19:39:38.17   1818 items loaded. (0 failed)
19:39:38.18 [CE][Storage] ver:25 stamp:615, valid:yes, name:"C:\Users\rylic\OneDrive\Desktop\Expansion-Dev-Server-Deer-Isle\mpmissions\empty.deerisle\storage_1\data\dynamic_008.bin"
19:39:38.19 [CE][Storage] ver:25 stamp:519, valid:yes, name:"C:\Users\rylic\OneDrive\Desktop\Expansion-Dev-Server-Deer-Isle\mpmissions\empty.deerisle\storage_1\data\dynamic_008.001"
19:39:38.19 [CE][Storage] ver:25 stamp:517, valid:yes, name:"C:\Users\rylic\OneDrive\Desktop\Expansion-Dev-Server-Deer-Isle\mpmissions\empty.deerisle\storage_1\data\dynamic_008.002"
19:39:38.19 [CE][Storage] Restoring file "C:\Users\rylic\OneDrive\Desktop\Expansion-Dev-Server-Deer-Isle\mpmissions\empty.deerisle\storage_1\data\dynamic_008.bin" 675 items.
19:39:38.354   675 items loaded. (0 failed)
19:39:38.355 [CE][Storage] ver:25 stamp:615, valid:yes, name:"C:\Users\rylic\OneDrive\Desktop\Expansion-Dev-Server-Deer-Isle\mpmissions\empty.deerisle\storage_1\data\dynamic_009.bin"
19:39:38.355 [CE][Storage] ver:25 stamp:519, valid:yes, name:"C:\Users\rylic\OneDrive\Desktop\Expansion-Dev-Server-Deer-Isle\mpmissions\empty.deerisle\storage_1\data\dynamic_009.001"
19:39:38.356 [CE][Storage] ver:25 stamp:517, valid:yes, name:"C:\Users\rylic\OneDrive\Desktop\Expansion-Dev-Server-Deer-Isle\mpmissions\empty.deerisle\storage_1\data\dynamic_009.002"
19:39:38.356 [CE][Storage] Restoring file "C:\Users\rylic\OneDrive\Desktop\Expansion-Dev-Server-Deer-Isle\mpmissions\empty.deerisle\storage_1\data\dynamic_009.bin" 909 items.
19:39:38.849   909 items loaded. (0 failed)
19:39:38.849 [CE][Storage] ver:25 stamp:615, valid:yes, name:"C:\Users\rylic\OneDrive\Desktop\Expansion-Dev-Server-Deer-Isle\mpmissions\empty.deerisle\storage_1\data\dynamic_010.bin"
19:39:38.850 [CE][Storage] ver:25 stamp:519, valid:yes, name:"C:\Users\rylic\OneDrive\Desktop\Expansion-Dev-Server-Deer-Isle\mpmissions\empty.deerisle\storage_1\data\dynamic_010.001"
19:39:38.851 [CE][Storage] ver:25 stamp:517, valid:yes, name:"C:\Users\rylic\OneDrive\Desktop\Expansion-Dev-Server-Deer-Isle\mpmissions\empty.deerisle\storage_1\data\dynamic_010.002"
19:39:38.851 [CE][Storage] Restoring file "C:\Users\rylic\OneDrive\Desktop\Expansion-Dev-Server-Deer-Isle\mpmissions\empty.deerisle\storage_1\data\dynamic_010.bin" 669 items.
19:39:39.241   669 items loaded. (0 failed)
19:39:39.241 [CE][Storage] ver:25 stamp:615, valid:yes, name:"C:\Users\rylic\OneDrive\Desktop\Expansion-Dev-Server-Deer-Isle\mpmissions\empty.deerisle\storage_1\data\dynamic_011.bin"
19:39:39.242 [CE][Storage] ver:25 stamp:519, valid:yes, name:"C:\Users\rylic\OneDrive\Desktop\Expansion-Dev-Server-Deer-Isle\mpmissions\empty.deerisle\storage_1\data\dynamic_011.001"
19:39:39.242 [CE][Storage] ver:25 stamp:517, valid:yes, name:"C:\Users\rylic\OneDrive\Desktop\Expansion-Dev-Server-Deer-Isle\mpmissions\empty.deerisle\storage_1\data\dynamic_011.002"
19:39:39.243 [CE][Storage] Restoring file "C:\Users\rylic\OneDrive\Desktop\Expansion-Dev-Server-Deer-Isle\mpmissions\empty.deerisle\storage_1\data\dynamic_011.bin" 263 items.
19:39:39.453   263 items loaded. (0 failed)
19:39:39.454 [CE][Storage] ver:26 stamp:615, valid:yes, name:"C:\Users\rylic\OneDrive\Desktop\Expansion-Dev-Server-Deer-Isle\mpmissions\empty.deerisle\storage_1\data\building.bin"
19:39:39.454 [CE][Storage] ver:26 stamp:519, valid:yes, name:"C:\Users\rylic\OneDrive\Desktop\Expansion-Dev-Server-Deer-Isle\mpmissions\empty.deerisle\storage_1\data\building.001"
19:39:39.455 [CE][Storage] ver:26 stamp:517, valid:yes, name:"C:\Users\rylic\OneDrive\Desktop\Expansion-Dev-Server-Deer-Isle\mpmissions\empty.deerisle\storage_1\data\building.002"
19:39:39.455 [CE][Storage] Restoring file "C:\Users\rylic\OneDrive\Desktop\Expansion-Dev-Server-Deer-Isle\mpmissions\empty.deerisle\storage_1\data\building.bin" 0 items.
19:39:39.455   0 items loaded. (0 failed)
19:39:39.455 [CE][Storage] ver:25 stamp:615, valid:yes, name:"C:\Users\rylic\OneDrive\Desktop\Expansion-Dev-Server-Deer-Isle\mpmissions\empty.deerisle\storage_1\data\vehicles.bin"
19:39:39.456 [CE][Storage] ver:25 stamp:519, valid:yes, name:"C:\Users\rylic\OneDrive\Desktop\Expansion-Dev-Server-Deer-Isle\mpmissions\empty.deerisle\storage_1\data\vehicles.001"
19:39:39.457 [CE][Storage] ver:25 stamp:517, valid:yes, name:"C:\Users\rylic\OneDrive\Desktop\Expansion-Dev-Server-Deer-Isle\mpmissions\empty.deerisle\storage_1\data\vehicles.002"
19:39:39.457 [CE][Storage] Restoring file "C:\Users\rylic\OneDrive\Desktop\Expansion-Dev-Server-Deer-Isle\mpmissions\empty.deerisle\storage_1\data\vehicles.bin" 114 items.
19:39:40.225   114 items loaded. (0 failed)
19:39:40.248 [CE][Hive] :: Storage load took:9.70 seconds, recovery stamp:615
19:39:40.248   entity: 18823, building: 0
19:39:40.248   no lifetime: 34
19:39:40.248   pathgraph's: 446
19:39:40.248 [CE][Hive] :: Initializing ... 
19:39:40.286 [CE][InitializeMap] :: initialized: 0
19:39:40.286 [CE][Hive] :: Initializing spawners ... 
19:39:41.196 [CE][LootRespawner] (PRIDummy) :: Initially (re)spawned:0, Nominal:19898, Total in Map: 18015 at 0 (sec)
19:39:41.196   tests:0, repeats:0 fails:0, overtime:0
19:39:41.222 [CE][AnimalRespawner] (PRICrab) :: !!! Missing AI Template "HerdCrab" for DE: "AnimalCrab"
19:39:41.223 [CE][DynEvent] :: 62 types
19:39:41.223 [00] AmbientHen
19:39:41.223   Primary Spawner: "Ambient", active: yes, repeat: 1
19:39:41.223 [01] AmbientBear
19:39:41.223   Primary Spawner: "Ambient", active: yes, repeat: 1
19:39:41.223 [02] AmbientPolarbear
19:39:41.223   Primary Spawner: "Ambient", active: yes, repeat: 1
19:39:41.223 [03] AmbientCow
19:39:41.223   Primary Spawner: "Ambient", active: yes, repeat: 1
19:39:41.223 [04] AmbientDeer
19:39:41.223   Primary Spawner: "Ambient", active: yes, repeat: 1
19:39:41.223 [05] AmbientGoat
19:39:41.223   Primary Spawner: "Ambient", active: yes, repeat: 1
19:39:41.223 [06] AmbientPig
19:39:41.223   Primary Spawner: "Ambient", active: yes, repeat: 1
19:39:41.223 [07] AmbientRoeDeer
19:39:41.223   Primary Spawner: "Ambient", active: yes, repeat: 1
19:39:41.223 [08] AmbientSheep
19:39:41.223   Primary Spawner: "Ambient", active: yes, repeat: 1
19:39:41.223 [09] AmbientWildBoar
19:39:41.223   Primary Spawner: "Ambient", active: yes, repeat: 1
19:39:41.223 [10] AnimalWolf
19:39:41.223   Primary Spawner: "Animal", active: yes, repeat: 1
19:39:41.223 [11] AnimalArcticWolf
19:39:41.223   Primary Spawner: "Animal", active: yes, repeat: 1
19:39:41.223 [12] InfectedArmy
19:39:41.223   Primary Spawner: "Infected", active: yes, repeat: 1
19:39:41.223 [13] InfectedArmyHard
19:39:41.223   Primary Spawner: "Infected", active: yes, repeat: 1
19:39:41.223 [14] InfectedArmyHardJMC
19:39:41.223   Primary Spawner: "Infected", active: yes, repeat: 1
19:39:41.223 [15] InfectedArmyHardJMCWinter
19:39:41.223   Primary Spawner: "Infected", active: yes, repeat: 1
19:39:41.223 [16] InfectedCity
19:39:41.223   Primary Spawner: "Infected", active: yes, repeat: 1
19:39:41.223 [17] InfectedFirefighter
19:39:41.223   Primary Spawner: "Infected", active: yes, repeat: 1
19:39:41.223 [18] InfectedIndustrial
19:39:41.223   Primary Spawner: "Infected", active: yes, repeat: 1
19:39:41.223 [19] InfectedMedic
19:39:41.223   Primary Spawner: "Infected", active: yes, repeat: 1
19:39:41.223 [20] InfectedNBC
19:39:41.223   Primary Spawner: "Infected", active: yes, repeat: 1
19:39:41.223 [21] InfectedNBCYellow
19:39:41.223   Primary Spawner: "Infected", active: yes, repeat: 1
19:39:41.223 [22] InfectedPolice
19:39:41.223   Primary Spawner: "Infected", active: yes, repeat: 1
19:39:41.223 [23] InfectedPoliceHard
19:39:41.223   Primary Spawner: "Infected", active: yes, repeat: 1
19:39:41.223 [24] InfectedPrisoner
19:39:41.223   Primary Spawner: "Infected", active: yes, repeat: 1
19:39:41.223 [25] InfectedReligious
19:39:41.223   Primary Spawner: "Infected", active: yes, repeat: 1
19:39:41.223 [26] InfectedSolitude
19:39:41.223   Primary Spawner: "Infected", active: yes, repeat: 1
19:39:41.223 [27] InfectedVillage
19:39:41.223   Primary Spawner: "Infected", active: yes, repeat: 1
19:39:41.223 [28] ItemPlanks
19:39:41.223   Primary Spawner: "Item", active: yes, repeat: 1
19:39:41.223 [29] Loot
19:39:41.223   Primary Spawner: "Loot", active: yes, repeat: 2
19:39:41.223 [30] StaticContaminatedArea
19:39:41.223   Primary Spawner: "Static", active: yes, repeat: 1
19:39:41.223 [31] StaticHeliCrash
19:39:41.223   Primary Spawner: "Static", active: yes, repeat: 1
19:39:41.223   Secondary Spawner: "Infected", active: yes, repeat: 1
19:39:41.223 [32] StaticPoliceCar
19:39:41.223   Primary Spawner: "Static", active: yes, repeat: 1
19:39:41.223   Secondary Spawner: "Infected", active: yes, repeat: 1
19:39:41.223 [33] TrajectoryApple
19:39:41.223   Primary Spawner: "Trajectory", active: yes, repeat: 1
19:39:41.223 [34] TrajectoryConiferous
19:39:41.223   Primary Spawner: "Trajectory", active: yes, repeat: 1
19:39:41.223 [35] TrajectoryDeciduous
19:39:41.223   Primary Spawner: "Trajectory", active: yes, repeat: 1
19:39:41.223 [36] TrajectoryHumus
19:39:41.223   Primary Spawner: "Trajectory", active: yes, repeat: 1
19:39:41.223 [37] TrajectoryPear
19:39:41.223   Primary Spawner: "Trajectory", active: yes, repeat: 1
19:39:41.223 [38] TrajectoryPlum
19:39:41.223   Primary Spawner: "Trajectory", active: yes, repeat: 1
19:39:41.223 [39] TrajectoryStones
19:39:41.223   Primary Spawner: "Trajectory", active: yes, repeat: 1
19:39:41.223 [40] VehicleCivilianSedan
19:39:41.223   Primary Spawner: "Vehicle", active: yes, repeat: 1
19:39:41.223 [41] VehicleHatchback02
19:39:41.223   Primary Spawner: "Vehicle", active: yes, repeat: 1
19:39:41.223 [42] VehicleOffroadHatchback
19:39:41.223   Primary Spawner: "Vehicle", active: yes, repeat: 1
19:39:41.223 [43] VehicleSedan02
19:39:41.223   Primary Spawner: "Vehicle", active: yes, repeat: 1
19:39:41.223 [44] VehicleTruck01
19:39:41.223   Primary Spawner: "Vehicle", active: yes, repeat: 1
19:39:41.223 [45] StaticVanPinkies
19:39:41.223   Primary Spawner: "Static", active: yes, repeat: 1
19:39:41.223 [46] StaticVanAmbulance
19:39:41.223   Primary Spawner: "Static", active: yes, repeat: 1
19:39:41.223 [47] StaticSkeletonEventspawn
19:39:41.223   Primary Spawner: "Static", active: yes, repeat: 1
19:39:41.223 [48] StaticPlantFernA
19:39:41.223   Primary Spawner: "Static", active: yes, repeat: 1
19:39:41.223 [49] StaticPlantFernB
19:39:41.223   Primary Spawner: "Static", active: yes, repeat: 1
19:39:41.223 [50] StaticPlantFernC
19:39:41.223   Primary Spawner: "Static", active: yes, repeat: 1
19:39:41.223 [51] AnimalCrab
19:39:41.223   Primary Spawner: "Animal", active: yes, repeat: 1
19:39:41.223 [52] VehicleUAZ
19:39:41.223   Primary Spawner: "Vehicle", active: yes, repeat: 1
19:39:41.223 [53] VehicleVodnik