=====================================================================
== C:\Users\rylic\OneDrive\Desktop\Expansion-Dev-Server\DayZServer_x64.exe
== DayZServer_x64.exe -cpuCount=4 -mod=@DeerIsle;@CF;@CommunityOnlineTools;@DabsFramework;@DayZExpansionLicensed;@DayZExpansionBundle; -config=serverDZ.cfg -port=2302 -noFilePatching -profiles=profiles -scrAllowFileWrite -adminlog
=====================================================================
Exe timestamp: 2024/01/01 17:40:38
Current time:  2024/01/05 14:25:34
Version 1.23.157045
=====================================================================

14:25:34.124 [Inputs] Loading inputs default "bin/constants.xml"
14:25:34.128 [Inputs] Loading inputs default "bin/specific.xml"
14:25:34.129 [Inputs] Loading inputs default "JM/COT/Scripts/Data/Inputs.xml"
14:25:34.129 [Inputs] Loading inputs default "deerisle/scripts/Inputs.xml"
14:25:34.129 [Inputs] Loading inputs default "DayZExpansion/Groups/Scripts/Data/Inputs.xml"
14:25:34.130 [Inputs] Loading inputs default "DayZExpansion/Navigation/Scripts/Data/Inputs.xml"
14:25:34.130 !!! [Inputs] Attempt to register duplicate exclusion group "chatexpansion"
14:25:34.130 [Inputs] Loading inputs default "DayZExpansion/PlayerList/Scripts/Data/Inputs.xml"
14:25:34.130 !!! [Inputs] Attempt to register duplicate exclusion group "chatexpansion"
14:25:34.130 [Inputs] Loading inputs default "DayZExpansion/Scripts/Data/Inputs.xml"
14:25:34.130 !!! [Inputs] Attempt to register duplicate exclusion group "chatexpansion"
14:25:34.131 [Inputs] Loading inputs default "DayZExpansion/Vehicles/Scripts/Data/Inputs.xml"
14:25:34.131 [Inputs] Loading inputs default "AdmiralsDivingMod/Scripts/Data/modded_Inputs.xml"
14:25:34.132 [Inputs] Loading inputs default "DayZExpansion/AI/Scripts/inputs.xml"
14:25:34.132 [Inputs] Loading inputs default "DayZExpansion/BaseBuilding/Scripts/Data/Inputs.xml"
14:25:34.132 !!! [Inputs] Attempt to register duplicate exclusion group "chatexpansion"
14:25:34.133 [Inputs] Loading inputs default "DayZExpansion/Book/Scripts/Data/Inputs.xml"
14:25:34.133 !!! [Inputs] Attempt to register duplicate exclusion group "chatexpansion"
14:25:34.133 [Inputs] Loading inputs default "DayZExpansion/Chat/Scripts/Data/Inputs.xml"
14:25:34.133 !!! [Inputs] Attempt to register duplicate exclusion group "chatexpansion"
14:25:34.133 [Inputs] Loading inputs default "DayZExpansion/Quests/Scripts/Data/Inputs.xml"
14:25:34.133 [Inputs] Loading inputs cfg "profiles\Users\Survivor\Server.core.xml"
14:25:34.134 !!! [Inputs] Cannot read inputs cfg "profiles\Users\Survivor\Server.core.xml", parser error
14:25:34.134 [Inputs] Loading inputs cfg "bin/core.xml"
14:25:34.134 !!! [Inputs] Cannot load input preset "#STR_USER", file does not exist
14:25:34.138 [Inputs] Exporting inputs cfg "profiles\Users\Survivor\Server.core.xml"
14:25:59.695 [CE][Hive] :: Initializing OFFLINE
14:25:59.695 [StorageDirs] :: Selected storage directory: C:\Users\rylic\OneDrive\Desktop\Expansion-Dev-Server\mpmissions\empty.deerisle\storage_1\
14:25:59.695 [CE][Hive] :: Loading core data ... 
14:25:59.696 [CE][CoreData] :: 7 root classes, 19 defaults, 0 updaters...
14:26:04.653 [CE] :: WARNING :: Preset map "optics" is EMPTY.
14:26:04.655 [CE][TypeSetup] :: 519 classes setuped...
14:26:05.786 [CE][RegisterBind] :: 0 classes binded...
14:26:05.786 [CE][RegisterConfig] :: 13067 config classes registered, 0 sub-counters...
14:26:05.786 [CE][Hive] :: Loading map data ... 
14:26:05.787 [CE][IgnoreList] "cfgignorelist.xml" :: loaded 19 types
14:26:05.823 !!! [CE] :: Unknown category: 'vehicleparts'.
14:26:05.823 !!! [CE] :: Unknown category: 'vehicleparts'.
14:26:05.823 !!! [CE] :: Unknown category: 'vehicleparts'.
14:26:05.823 !!! [CE] :: Unknown category: 'vehicleparts'.
14:26:05.823 !!! [CE] :: Unknown category: 'vehicleparts'.
14:26:05.823 !!! [CE] :: Unknown category: 'vehicleparts'.
14:26:05.823 !!! [CE] :: Unknown category: 'vehicleparts'.
14:26:05.823 !!! [CE] :: Unknown category: 'vehicleparts'.
14:26:05.823 !!! [CE] :: Unknown category: 'vehicleparts'.
14:26:05.823 !!! [CE] :: Unknown category: 'vehicleparts'.
14:26:05.823 !!! [CE] :: Unknown category: 'vehicleparts'.
14:26:05.823 !!! [CE] :: Unknown category: 'vehicleparts'.
14:26:05.823 !!! [CE] :: Unknown category: 'vehicleparts'.
14:26:05.823 !!! [CE] :: Unknown category: 'vehicleparts'.
14:26:05.823 !!! [CE] :: Unknown category: 'vehicleparts'.
14:26:05.824 !!! [CE] :: Unknown category: 'vehicleparts'.
14:26:05.824 !!! [CE] :: Unknown category: 'vehicleparts'.
14:26:05.824 !!! [CE] :: Unknown category: 'vehicleparts'.
14:26:05.824 !!! [CE] :: Unknown category: 'vehicleparts'.
14:26:05.824 !!! [CE] :: Unknown category: 'vehicleparts'.
14:26:05.824 !!! [CE] :: Unknown category: 'vehicleparts'.
14:26:05.824 !!! [CE] :: Unknown category: 'vehicleparts'.
14:26:05.824 !!! [CE] :: Unknown category: 'vehicleparts'.
14:26:05.824 !!! [CE] :: Unknown category: 'vehicleparts'.
14:26:05.824 !!! [CE] :: Unknown category: 'vehicleparts'.
14:26:05.824 !!! [CE] :: Unknown category: 'vehicleparts'.
14:26:05.824 !!! [CE] :: Unknown category: 'vehicleparts'.
14:26:05.824 !!! [CE] :: Unknown category: 'vehicleparts'.
14:26:05.824 !!! [CE] :: Unknown usage: 'Fortknox'.
14:26:05.824 !!! [CE] :: Unknown usage: 'Mine'.
14:26:05.824 !!! [CE] :: Unknown usage: 'Mine'.
14:26:05.824 !!! [CE] :: Unknown usage: 'Temple'.
14:26:05.825 [CE][LoadPrototype] :: loaded 550 prototypes
14:26:05.825   989 containers, 11581 points
14:26:05.825   79 dispatches, 316 proxies
14:26:05.825 !!! [CE][LoadPrototype] 4 groups have no points...
14:26:05.825 !!! [CE][LoadPrototype] 2 groups have wrong points...
14:26:05.825 !!! [CE][LoadPrototype] 2 groups were defined more than once and skipped...
14:26:05.825 [CE][LoadPrototype] :: last group name: Land_Underground_Storage_Workshop...
14:26:05.829 [CE][LoadPrototype] :: loaded 0 prototypes
14:26:05.829   55 containers, 232 points
14:26:05.829   0 dispatches, 0 proxies
14:26:05.829 [CE][LoadPrototype] :: last group name: Rail9...
14:26:06.845 [CE][LoadMap] "Group" :: loaded 10479 groups, groups failed: 0, largest group range: 34.1
14:26:06.848 [CE][LoadMap] "Dirt" :: loaded 0 groups, groups failed: 0, largest group range: 34.1
14:26:07.42 [CE][Links] found 2684 total links between groups, of 10479
14:26:07.42 [CE][LoadClusters] "Cluster" :: Loading files...
14:26:07.168 [CE][LoadClusters] :: file: "mapgroupcluster.xml", 9 types, 50000 instances
14:26:07.306 [CE][LoadClusters] :: file: "mapgroupcluster01", 9 types, 50000 instances
14:26:07.437 [CE][LoadClusters] :: file: "mapgroupcluster02", 9 types, 50000 instances
14:26:07.437   9790 failed - check prototype defaults 'clusterMatrix' setups !!!
14:26:07.572 [CE][LoadClusters] :: file: "mapgroupcluster03", 9 types, 50000 instances
14:26:07.572   6758 failed - check prototype defaults 'clusterMatrix' setups !!!
14:26:07.642 [CE][LoadClusters] :: file: "mapgroupcluster04", 9 types, 24035 instances
14:26:07.642   2081 failed - check prototype defaults 'clusterMatrix' setups !!!
14:26:07.647 [CE][Storage] ver:21 stamp:7, valid:yes, name:"C:\Users\rylic\OneDrive\Desktop\Expansion-Dev-Server\mpmissions\empty.deerisle\storage_1\data\types.bin"
14:26:07.647 [CE][Storage] ver:0 stamp:0, valid:NO, name:"C:\Users\rylic\OneDrive\Desktop\Expansion-Dev-Server\mpmissions\empty.deerisle\storage_1\data\types.001"
14:26:07.647 [CE][Storage] ver:0 stamp:0, valid:NO, name:"C:\Users\rylic\OneDrive\Desktop\Expansion-Dev-Server\mpmissions\empty.deerisle\storage_1\data\types.002"
14:26:07.647 [CE][Storage] Restoring file "C:\Users\rylic\OneDrive\Desktop\Expansion-Dev-Server\mpmissions\empty.deerisle\storage_1\data\types.bin".
14:26:07.716 !!! [CE][offlineDB] :: No Shutdown message present.
14:26:07.718 [CE][offlineDB] :: Loaded 52 dynamic events 261 total types.
14:26:07.735 !!! [CE][offlineDB] :: Type 'Bandage' will be ignored. (Type does not exist. (Typo?))
14:26:07.735 !!! [CE][offlineDB] :: Type 'BandanaMask_BlackPattern' will be ignored. (Type does not exist. (Typo?))
14:26:07.735 !!! [CE][offlineDB] :: Type 'BandanaMask_CamoPattern' will be ignored. (Type does not exist. (Typo?))
14:26:07.735 !!! [CE][offlineDB] :: Type 'BandanaMask_GreenPattern' will be ignored. (Type does not exist. (Typo?))
14:26:07.736 !!! [CE][offlineDB] :: Type 'BandanaMask_PolkaPattern' will be ignored. (Type does not exist. (Typo?))
14:26:07.736 !!! [CE][offlineDB] :: Type 'BandanaMask_RedPattern' will be ignored. (Type does not exist. (Typo?))
14:26:07.736 !!! [CE][offlineDB] :: Type 'ChristmasTree_Green' will be ignored. (Not spawnable. (Scope is not public?))
14:26:07.736 !!! [CE][offlineDB] :: Type 'ChristmasTree' will be ignored. (Not spawnable. (Scope is not public?))
14:26:07.737 !!! [CE][offlineDB] :: Type 'DallasMask' will be ignored. (Type does not exist. (Typo?))
14:26:07.737 !!! [CE][offlineDB] :: Type 'HoxtonMask' will be ignored. (Type does not exist. (Typo?))
14:26:07.738 !!! [CE][offlineDB] :: Type 'MountainBag_Red' will be ignored. (Type does not exist. (Typo?))
14:26:07.739 !!! [CE][offlineDB] :: Type 'SantasSleigh' will be ignored. (Type does not exist. (Typo?))
14:26:07.739 !!! [CE][offlineDB] :: Type 'SharpLongWoodenStick' will be ignored. (Type does not exist. (Typo?))
14:26:07.739 !!! [CE][offlineDB] :: Type 'Spear' will be ignored. (Not spawnable. (Scope is not public?))
14:26:07.739 !!! [CE][offlineDB] :: Type 'TransitBus' will be ignored. (Type does not exist. (Typo?))
14:26:07.739 !!! [CE][offlineDB] :: Type 'WitchHood_Chainmail_Black' will be ignored. (Type does not exist. (Typo?))
14:26:07.739 !!! [CE][offlineDB] :: Type 'WitchHood_Chainmail_Brown' will be ignored. (Type does not exist. (Typo?))
14:26:07.739 !!! [CE][offlineDB] :: Type 'WitchHood_Chainmail_Red' will be ignored. (Type does not exist. (Typo?))
14:26:07.739 !!! [CE][offlineDB] :: Type 'WolfMask' will be ignored. (Type does not exist. (Typo?))
14:26:07.739 !!! [CE][offlineDB] :: Type 'ttcelticaxe' will be ignored. (Type does not exist. (Typo?))
14:26:07.739 !!! [CE][offlineDB] :: Type 'tantosword' will be ignored. (Type does not exist. (Typo?))
14:26:07.739 !!! [CE][offlineDB] :: Type 'STAG_Flag_Gespiegelt' will be ignored. (Type does not exist. (Typo?))
14:26:07.739 !!! [CE][offlineDB] :: Type 'STAG_Clothing_MountainBag' will be ignored. (Type does not exist. (Typo?))
14:26:07.885 !!! [CE][DE][SPAWNS] :: [WARNING] :: Skipping entry for non-existing event 'VehicleTransitBus'.
14:26:07.885 !!! [CE][DE][SPAWNS] :: [WARNING] :: Skipping entry for non-existing event 'AnimalDeer'.
14:26:07.885 !!! [CE][DE][SPAWNS] :: [WARNING] :: Skipping entry for non-existing event 'AnimalCow'.
14:26:07.885 !!! [CE][DE][SPAWNS] :: [WARNING] :: Skipping entry for non-existing event 'AnimalSheep'.
14:26:07.885 !!! [CE][DE][SPAWNS] :: [WARNING] :: Skipping entry for non-existing event 'AnimalRoeDeer'.
14:26:07.885 !!! [CE][DE][SPAWNS] :: [WARNING] :: Skipping entry for non-existing event 'AnimalWildBoar'.
14:26:07.885 [CE][DE][SPAWNS] :: Total positions: 668
14:26:07.885 [CE][DE][GROUPS] :: Total eventgroups defined: 83, Eventgroups in use: 0
14:26:07.886 [CE][Storage] ver:21 stamp:7, valid:yes, name:"C:\Users\rylic\OneDrive\Desktop\Expansion-Dev-Server\mpmissions\empty.deerisle\storage_1\data\events.bin"
14:26:07.886 [CE][Storage] ver:0 stamp:0, valid:NO, name:"C:\Users\rylic\OneDrive\Desktop\Expansion-Dev-Server\mpmissions\empty.deerisle\storage_1\data\events.001"
14:26:07.886 [CE][Storage] ver:0 stamp:0, valid:NO, name:"C:\Users\rylic\OneDrive\Desktop\Expansion-Dev-Server\mpmissions\empty.deerisle\storage_1\data\events.002"
14:26:07.886 [CE][Storage] Restoring file "C:\Users\rylic\OneDrive\Desktop\Expansion-Dev-Server\mpmissions\empty.deerisle\storage_1\data\events.bin".
14:26:07.886 [CE][DynamicEvent] Load  Events:[52] Primary spawners: 52 Secondary spawners: 2
14:26:07.887 [CE][Storage] ver:25 stamp:7, valid:yes, name:"C:\Users\rylic\OneDrive\Desktop\Expansion-Dev-Server\mpmissions\empty.deerisle\storage_1\data\dynamic_000.bin"
14:26:07.887 [CE][Storage] ver:0 stamp:0, valid:NO, name:"C:\Users\rylic\OneDrive\Desktop\Expansion-Dev-Server\mpmissions\empty.deerisle\storage_1\data\dynamic_000.001"
14:26:07.887 [CE][Storage] ver:0 stamp:0, valid:NO, name:"C:\Users\rylic\OneDrive\Desktop\Expansion-Dev-Server\mpmissions\empty.deerisle\storage_1\data\dynamic_000.002"
14:26:07.887 [CE][Storage] Restoring file "C:\Users\rylic\OneDrive\Desktop\Expansion-Dev-Server\mpmissions\empty.deerisle\storage_1\data\dynamic_000.bin" 1319 items.
14:26:08.418   1319 items loaded. (0 failed)
14:26:08.418 [CE][Storage] ver:25 stamp:7, valid:yes, name:"C:\Users\rylic\OneDrive\Desktop\Expansion-Dev-Server\mpmissions\empty.deerisle\storage_1\data\dynamic_001.bin"
14:26:08.418 [CE][Storage] ver:0 stamp:0, valid:NO, name:"C:\Users\rylic\OneDrive\Desktop\Expansion-Dev-Server\mpmissions\empty.deerisle\storage_1\data\dynamic_001.001"
14:26:08.419 [CE][Storage] ver:0 stamp:0, valid:NO, name:"C:\Users\rylic\OneDrive\Desktop\Expansion-Dev-Server\mpmissions\empty.deerisle\storage_1\data\dynamic_001.002"
14:26:08.419 [CE][Storage] Restoring file "C:\Users\rylic\OneDrive\Desktop\Expansion-Dev-Server\mpmissions\empty.deerisle\storage_1\data\dynamic_001.bin" 973 items.
14:26:08.762   973 items loaded. (0 failed)
14:26:08.763 [CE][Storage] ver:25 stamp:7, valid:yes, name:"C:\Users\rylic\OneDrive\Desktop\Expansion-Dev-Server\mpmissions\empty.deerisle\storage_1\data\dynamic_002.bin"
14:26:08.763 [CE][Storage] ver:0 stamp:0, valid:NO, name:"C:\Users\rylic\OneDrive\Desktop\Expansion-Dev-Server\mpmissions\empty.deerisle\storage_1\data\dynamic_002.001"
14:26:08.763 [CE][Storage] ver:0 stamp:0, valid:NO, name:"C:\Users\rylic\OneDrive\Desktop\Expansion-Dev-Server\mpmissions\empty.deerisle\storage_1\data\dynamic_002.002"
14:26:08.763 [CE][Storage] Restoring file "C:\Users\rylic\OneDrive\Desktop\Expansion-Dev-Server\mpmissions\empty.deerisle\storage_1\data\dynamic_002.bin" 1234 items.
14:26:09.183   1234 items loaded. (0 failed)
14:26:09.184 [CE][Storage] ver:25 stamp:7, valid:yes, name:"C:\Users\rylic\OneDrive\Desktop\Expansion-Dev-Server\mpmissions\empty.deerisle\storage_1\data\dynamic_003.bin"
14:26:09.184 [CE][Storage] ver:0 stamp:0, valid:NO, name:"C:\Users\rylic\OneDrive\Desktop\Expansion-Dev-Server\mpmissions\empty.deerisle\storage_1\data\dynamic_003.001"
14:26:09.184 [CE][Storage] ver:0 stamp:0, valid:NO, name:"C:\Users\rylic\OneDrive\Desktop\Expansion-Dev-Server\mpmissions\empty.deerisle\storage_1\data\dynamic_003.002"
14:26:09.184 [CE][Storage] Restoring file "C:\Users\rylic\OneDrive\Desktop\Expansion-Dev-Server\mpmissions\empty.deerisle\storage_1\data\dynamic_003.bin" 1607 items.
14:26:09.696   1607 items loaded. (0 failed)
14:26:09.697 [CE][Storage] ver:25 stamp:7, valid:yes, name:"C:\Users\rylic\OneDrive\Desktop\Expansion-Dev-Server\mpmissions\empty.deerisle\storage_1\data\dynamic_004.bin"
14:26:09.698 [CE][Storage] ver:0 stamp:0, valid:NO, name:"C:\Users\rylic\OneDrive\Desktop\Expansion-Dev-Server\mpmissions\empty.deerisle\storage_1\data\dynamic_004.001"
14:26:09.698 [CE][Storage] ver:0 stamp:0, valid:NO, name:"C:\Users\rylic\OneDrive\Desktop\Expansion-Dev-Server\mpmissions\empty.deerisle\storage_1\data\dynamic_004.002"
14:26:09.698 [CE][Storage] Restoring file "C:\Users\rylic\OneDrive\Desktop\Expansion-Dev-Server\mpmissions\empty.deerisle\storage_1\data\dynamic_004.bin" 2561 items.
14:26:10.531   2561 items loaded. (0 failed)
14:26:10.533 [CE][Storage] ver:25 stamp:7, valid:yes, name:"C:\Users\rylic\OneDrive\Desktop\Expansion-Dev-Server\mpmissions\empty.deerisle\storage_1\data\dynamic_005.bin"
14:26:10.533 [CE][Storage] ver:0 stamp:0, valid:NO, name:"C:\Users\rylic\OneDrive\Desktop\Expansion-Dev-Server\mpmissions\empty.deerisle\storage_1\data\dynamic_005.001"
14:26:10.533 [CE][Storage] ver:0 stamp:0, valid:NO, name:"C:\Users\rylic\OneDrive\Desktop\Expansion-Dev-Server\mpmissions\empty.deerisle\storage_1\data\dynamic_005.002"
14:26:10.533 [CE][Storage] Restoring file "C:\Users\rylic\OneDrive\Desktop\Expansion-Dev-Server\mpmissions\empty.deerisle\storage_1\data\dynamic_005.bin" 2306 items.
14:26:11.319   2306 items loaded. (0 failed)
14:26:11.319 [CE][Storage] ver:25 stamp:7, valid:yes, name:"C:\Users\rylic\OneDrive\Desktop\Expansion-Dev-Server\mpmissions\empty.deerisle\storage_1\data\dynamic_006.bin"
14:26:11.320 [CE][Storage] ver:0 stamp:0, valid:NO, name:"C:\Users\rylic\OneDrive\Desktop\Expansion-Dev-Server\mpmissions\empty.deerisle\storage_1\data\dynamic_006.001"
14:26:11.320 [CE][Storage] ver:0 stamp:0, valid:NO, name:"C:\Users\rylic\OneDrive\Desktop\Expansion-Dev-Server\mpmissions\empty.deerisle\storage_1\data\dynamic_006.002"
14:26:11.320 [CE][Storage] Restoring file "C:\Users\rylic\OneDrive\Desktop\Expansion-Dev-Server\mpmissions\empty.deerisle\storage_1\data\dynamic_006.bin" 1968 items.
14:26:11.984   1968 items loaded. (0 failed)
14:26:11.986 [CE][Storage] ver:25 stamp:7, valid:yes, name:"C:\Users\rylic\OneDrive\Desktop\Expansion-Dev-Server\mpmissions\empty.deerisle\storage_1\data\dynamic_007.bin"
14:26:11.986 [CE][Storage] ver:0 stamp:0, valid:NO, name:"C:\Users\rylic\OneDrive\Desktop\Expansion-Dev-Server\mpmissions\empty.deerisle\storage_1\data\dynamic_007.001"
14:26:11.986 [CE][Storage] ver:0 stamp:0, valid:NO, name:"C:\Users\rylic\OneDrive\Desktop\Expansion-Dev-Server\mpmissions\empty.deerisle\storage_1\data\dynamic_007.002"
14:26:11.986 [CE][Storage] Restoring file "C:\Users\rylic\OneDrive\Desktop\Expansion-Dev-Server\mpmissions\empty.deerisle\storage_1\data\dynamic_007.bin" 1741 items.
14:26:12.604   1741 items loaded. (0 failed)
14:26:12.605 [CE][Storage] ver:25 stamp:7, valid:yes, name:"C:\Users\rylic\OneDrive\Desktop\Expansion-Dev-Server\mpmissions\empty.deerisle\storage_1\data\dynamic_008.bin"
14:26:12.605 [CE][Storage] ver:0 stamp:0, valid:NO, name:"C:\Users\rylic\OneDrive\Desktop\Expansion-Dev-Server\mpmissions\empty.deerisle\storage_1\data\dynamic_008.001"
14:26:12.605 [CE][Storage] ver:0 stamp:0, valid:NO, name:"C:\Users\rylic\OneDrive\Desktop\Expansion-Dev-Server\mpmissions\empty.deerisle\storage_1\data\dynamic_008.002"
14:26:12.605 [CE][Storage] Restoring file "C:\Users\rylic\OneDrive\Desktop\Expansion-Dev-Server\mpmissions\empty.deerisle\storage_1\data\dynamic_008.bin" 599 items.
14:26:12.796   599 items loaded. (0 failed)
14:26:12.797 [CE][Storage] ver:25 stamp:7, valid:yes, name:"C:\Users\rylic\OneDrive\Desktop\Expansion-Dev-Server\mpmissions\empty.deerisle\storage_1\data\dynamic_009.bin"
14:26:12.798 [CE][Storage] ver:0 stamp:0, valid:NO, name:"C:\Users\rylic\OneDrive\Desktop\Expansion-Dev-Server\mpmissions\empty.deerisle\storage_1\data\dynamic_009.001"
14:26:12.798 [CE][Storage] ver:0 stamp:0, valid:NO, name:"C:\Users\rylic\OneDrive\Desktop\Expansion-Dev-Server\mpmissions\empty.deerisle\storage_1\data\dynamic_009.002"
14:26:12.798 [CE][Storage] Restoring file "C:\Users\rylic\OneDrive\Desktop\Expansion-Dev-Server\mpmissions\empty.deerisle\storage_1\data\dynamic_009.bin" 550 items.
14:26:12.992   550 items loaded. (0 failed)
14:26:12.992 [CE][Storage] ver:25 stamp:7, valid:yes, name:"C:\Users\rylic\OneDrive\Desktop\Expansion-Dev-Server\mpmissions\empty.deerisle\storage_1\data\dynamic_010.bin"
14:26:12.993 [CE][Storage] ver:0 stamp:0, valid:NO, name:"C:\Users\rylic\OneDrive\Desktop\Expansion-Dev-Server\mpmissions\empty.deerisle\storage_1\data\dynamic_010.001"
14:26:12.993 [CE][Storage] ver:0 stamp:0, valid:NO, name:"C:\Users\rylic\OneDrive\Desktop\Expansion-Dev-Server\mpmissions\empty.deerisle\storage_1\data\dynamic_010.002"
14:26:12.993 [CE][Storage] Restoring file "C:\Users\rylic\OneDrive\Desktop\Expansion-Dev-Server\mpmissions\empty.deerisle\storage_1\data\dynamic_010.bin" 504 items.
14:26:13.186   504 items loaded. (0 failed)
14:26:13.187 [CE][Storage] ver:25 stamp:7, valid:yes, name:"C:\Users\rylic\OneDrive\Desktop\Expansion-Dev-Server\mpmissions\empty.deerisle\storage_1\data\dynamic_011.bin"
14:26:13.187 [CE][Storage] ver:0 stamp:0, valid:NO, name:"C:\Users\rylic\OneDrive\Desktop\Expansion-Dev-Server\mpmissions\empty.deerisle\storage_1\data\dynamic_011.001"
14:26:13.187 [CE][Storage] ver:0 stamp:0, valid:NO, name:"C:\Users\rylic\OneDrive\Desktop\Expansion-Dev-Server\mpmissions\empty.deerisle\storage_1\data\dynamic_011.002"
14:26:13.187 [CE][Storage] Restoring file "C:\Users\rylic\OneDrive\Desktop\Expansion-Dev-Server\mpmissions\empty.deerisle\storage_1\data\dynamic_011.bin" 227 items.
14:26:13.300   227 items loaded. (0 failed)
14:26:13.300 [CE][Storage] ver:26 stamp:7, valid:yes, name:"C:\Users\rylic\OneDrive\Desktop\Expansion-Dev-Server\mpmissions\empty.deerisle\storage_1\data\building.bin"
14:26:13.300 [CE][Storage] ver:0 stamp:0, valid:NO, name:"C:\Users\rylic\OneDrive\Desktop\Expansion-Dev-Server\mpmissions\empty.deerisle\storage_1\data\building.001"
14:26:13.300 [CE][Storage] ver:0 stamp:0, valid:NO, name:"C:\Users\rylic\OneDrive\Desktop\Expansion-Dev-Server\mpmissions\empty.deerisle\storage_1\data\building.002"
14:26:13.300 [CE][Storage] Restoring file "C:\Users\rylic\OneDrive\Desktop\Expansion-Dev-Server\mpmissions\empty.deerisle\storage_1\data\building.bin" 0 items.
14:26:13.300   0 items loaded. (0 failed)
14:26:13.301 [CE][Storage] ver:25 stamp:7, valid:yes, name:"C:\Users\rylic\OneDrive\Desktop\Expansion-Dev-Server\mpmissions\empty.deerisle\storage_1\data\vehicles.bin"
14:26:13.301 [CE][Storage] ver:0 stamp:0, valid:NO, name:"C:\Users\rylic\OneDrive\Desktop\Expansion-Dev-Server\mpmissions\empty.deerisle\storage_1\data\vehicles.001"
14:26:13.301 [CE][Storage] ver:0 stamp:0, valid:NO, name:"C:\Users\rylic\OneDrive\Desktop\Expansion-Dev-Server\mpmissions\empty.deerisle\storage_1\data\vehicles.002"
14:26:13.302 [CE][Storage] Restoring file "C:\Users\rylic\OneDrive\Desktop\Expansion-Dev-Server\mpmissions\empty.deerisle\storage_1\data\vehicles.bin" 85 items.
14:26:13.601   85 items loaded. (0 failed)
14:26:13.636 [CE][Hive] :: Storage load took:5.77 seconds, recovery stamp:7
14:26:13.636   entity: 16710, building: 0
14:26:13.636   no lifetime: 10
14:26:13.636   pathgraph's: 402
14:26:13.636 [CE][Hive] :: Initializing ... 
14:26:13.666 [CE][InitializeMap] :: initialized: 0
14:26:13.666 [CE][Hive] :: Initializing spawners ... 
14:26:14.541 [CE][LootRespawner] (PRIDummy) :: Initially (re)spawned:0, Nominal:15567, Total in Map: 16243 at 0 (sec)
14:26:14.541   tests:0, repeats:0 fails:0, overtime:0
14:26:14.564 [CE][AnimalRespawner] (PRICrab) :: !!! Missing AI Template "HerdCrab" for DE: "AnimalCrab"
14:26:14.564 [CE][DynEvent] :: 52 types
14:26:14.564 [00] AmbientHen
14:26:14.564   Primary Spawner: "Ambient", active: yes, repeat: 1
14:26:14.564 [01] AmbientBear
14:26:14.564   Primary Spawner: "Ambient", active: yes, repeat: 1
14:26:14.564 [02] AmbientPolarbear
14:26:14.564   Primary Spawner: "Ambient", active: yes, repeat: 1
14:26:14.564 [03] AmbientCow
14:26:14.564   Primary Spawner: "Ambient", active: yes, repeat: 1
14:26:14.564 [04] AmbientDeer
14:26:14.564   Primary Spawner: "Ambient", active: yes, repeat: 1
14:26:14.564 [05] AmbientGoat
14:26:14.564   Primary Spawner: "Ambient", active: yes, repeat: 1
14:26:14.564 [06] AmbientPig
14:26:14.564   Primary Spawner: "Ambient", active: yes, repeat: 1
14:26:14.564 [07] AmbientRoeDeer
14:26:14.564   Primary Spawner: "Ambient", active: yes, repeat: 1
14:26:14.564 [08] AmbientSheep
14:26:14.564   Primary Spawner: "Ambient", active: yes, repeat: 1
14:26:14.564 [09] AmbientWildBoar
14:26:14.564   Primary Spawner: "Ambient", active: yes, repeat: 1
14:26:14.564 [10] AnimalWolf
14:26:14.564   Primary Spawner: "Animal", active: yes, repeat: 1
14:26:14.564 [11] AnimalArcticWolf
14:26:14.564   Primary Spawner: "Animal", active: yes, repeat: 1
14:26:14.564 [12] InfectedArmy
14:26:14.564   Primary Spawner: "Infected", active: yes, repeat: 1
14:26:14.564 [13] InfectedArmyHard
14:26:14.564   Primary Spawner: "Infected", active: yes, repeat: 1
14:26:14.564 [14] InfectedArmyHardJMC
14:26:14.564   Primary Spawner: "Infected", active: yes, repeat: 1
14:26:14.564 [15] InfectedArmyHardJMCWinter
14:26:14.564   Primary Spawner: "Infected", active: yes, repeat: 1
14:26:14.564 [16] InfectedCity
14:26:14.564   Primary Spawner: "Infected", active: yes, repeat: 1
14:26:14.564 [17] InfectedFirefighter
14:26:14.564   Primary Spawner: "Infected", active: yes, repeat: 1
14:26:14.564 [18] InfectedIndustrial
14:26:14.564   Primary Spawner: "Infected", active: yes, repeat: 1
14:26:14.564 [19] InfectedMedic
14:26:14.564   Primary Spawner: "Infected", active: yes, repeat: 1
14:26:14.564 [20] InfectedNBC
14:26:14.564   Primary Spawner: "Infected", active: yes, repeat: 1
14:26:14.564 [21] InfectedNBCYellow
14:26:14.564   Primary Spawner: "Infected", active: yes, repeat: 1
14:26:14.564 [22] InfectedPolice
14:26:14.564   Primary Spawner: "Infected", active: yes, repeat: 1
14:26:14.564 [23] InfectedPoliceHard
14:26:14.565   Primary Spawner: "Infected", active: yes, repeat: 1
14:26:14.565 [24] InfectedPrisoner
14:26:14.565   Primary Spawner: "Infected", active: yes, repeat: 1
14:26:14.565 [25] InfectedReligious
14:26:14.565   Primary Spawner: "Infected", active: yes, repeat: 1
14:26:14.565 [26] InfectedSolitude
14:26:14.565   Primary Spawner: "Infected", active: yes, repeat: 1
14:26:14.565 [27] InfectedVillage
14:26:14.565   Primary Spawner: "Infected", active: yes, repeat: 1
14:26:14.565 [28] ItemPlanks
14:26:14.565   Primary Spawner: "Item", active: yes, repeat: 1
14:26:14.565 [29] Loot
14:26:14.565   Primary Spawner: "Loot", active: yes, repeat: 2
14:26:14.565 [30] StaticContaminatedArea
14:26:14.565   Primary Spawner: "Static", active: yes, repeat: 1
14:26:14.565 [31] StaticHeliCrash
14:26:14.565   Primary Spawner: "Static", active: yes, repeat: 1
14:26:14.565   Secondary Spawner: "Infected", active: yes, repeat: 1
14:26:14.565 [32] StaticPoliceCar
14:26:14.565   Primary Spawner: "Static", active: yes, repeat: 1
14:26:14.565   Secondary Spawner: "Infected", active: yes, repeat: 1
14:26:14.565 [33] TrajectoryApple
14:26:14.565   Primary Spawner: "Trajectory", active: yes, repeat: 1
14:26:14.565 [34] TrajectoryConiferous
14:26:14.565   Primary Spawner: "Trajectory", active: yes, repeat: 1
14:26:14.565 [35] TrajectoryDeciduous
14:26:14.565   Primary Spawner: "Trajectory", active: yes, repeat: 1
14:26:14.565 [36] TrajectoryHumus
14:26:14.565   Primary Spawner: "Trajectory", active: yes, repeat: 1
14:26:14.565 [37] TrajectoryPear
14:26:14.565   Primary Spawner: "Trajectory", active: yes, repeat: 1
14:26:14.565 [38] TrajectoryPlum
14:26:14.565   Primary Spawner: "Trajectory", active: yes, repeat: 1
14:26:14.565 [39] TrajectoryStones
14:26:14.565   Primary Spawner: "Trajectory", active: yes, repeat: 1
14:26:14.565 [40] VehicleCivilianSedan
14:26:14.565   Primary Spawner: "Vehicle", active: yes, repeat: 1
14:26:14.565 [41] VehicleHatchback02
14:26:14.565   Primary Spawner: "Vehicle", active: yes, repeat: 1
14:26:14.565 [42] VehicleOffroadHatchback
14:26:14.565   Primary Spawner: "Vehicle", active: yes, repeat: 1
14:26:14.565 [43] VehicleSedan02
