=====================================================================
== C:\Users\rylic\OneDrive\Desktop\Expansion-Dev-Server\DayZServer_x64.exe
== DayZServer_x64.exe -cpuCount=4 -mod=@DeerIsle;@CF;@CommunityOnlineTools;@DabsFramework;@DayZExpansionLicensed;@DayZExpansionBundle;@42MonthsAfterPvPModPack; -config=serverDZ.cfg -port=2302 -noFilePatching -profiles=profiles -scrAllowFileWrite -adminlog
=====================================================================
Exe timestamp: 2024/01/01 17:40:38
Current time:  2024/01/05 15:05:08
Version 1.23.157045
=====================================================================

15:05:08.856 [Inputs] Loading inputs default "bin/constants.xml"
15:05:08.859 [Inputs] Loading inputs default "bin/specific.xml"
15:05:08.860 !!! [Inputs] Cannot load inputs default "", file does not exist
15:05:08.860 !!! [Inputs] Failed to load MODDED inputs - file name/ path invalid?
15:05:08.860 [Inputs] Loading inputs default "JM/COT/Scripts/Data/Inputs.xml"
15:05:08.860 [Inputs] Loading inputs default "LIVEN/PvZmoD_CustomisableZombies/inputs.xml"
15:05:08.861 [Inputs] Loading inputs default "PVEZ/data/inputs.xml"
15:05:08.861 [Inputs] Loading inputs default "deerisle/scripts/Inputs.xml"
15:05:08.861 [Inputs] Loading inputs default "DayZExpansion/Groups/Scripts/Data/Inputs.xml"
15:05:08.861 [Inputs] Loading inputs default "DayZExpansion/Navigation/Scripts/Data/Inputs.xml"
15:05:08.861 !!! [Inputs] Attempt to register duplicate exclusion group "chatexpansion"
15:05:08.862 [Inputs] Loading inputs default "DayZExpansion/PlayerList/Scripts/Data/Inputs.xml"
15:05:08.862 !!! [Inputs] Attempt to register duplicate exclusion group "chatexpansion"
15:05:08.862 [Inputs] Loading inputs default "DayZExpansion/Scripts/Data/Inputs.xml"
15:05:08.862 !!! [Inputs] Attempt to register duplicate exclusion group "chatexpansion"
15:05:08.862 [Inputs] Loading inputs default "DayZExpansion/Vehicles/Scripts/Data/Inputs.xml"
15:05:08.863 [Inputs] Loading inputs default "AdmiralsDivingMod/Scripts/Data/modded_Inputs.xml"
15:05:08.863 [Inputs] Loading inputs default "DayZExpansion/AI/Scripts/inputs.xml"
15:05:08.863 [Inputs] Loading inputs default "DayZExpansion/BaseBuilding/Scripts/Data/Inputs.xml"
15:05:08.863 !!! [Inputs] Attempt to register duplicate exclusion group "chatexpansion"
15:05:08.863 [Inputs] Loading inputs default "DayZExpansion/Book/Scripts/Data/Inputs.xml"
15:05:08.863 !!! [Inputs] Attempt to register duplicate exclusion group "chatexpansion"
15:05:08.864 [Inputs] Loading inputs default "DayZExpansion/Chat/Scripts/Data/Inputs.xml"
15:05:08.864 !!! [Inputs] Attempt to register duplicate exclusion group "chatexpansion"
15:05:08.864 [Inputs] Loading inputs default "DayZExpansion/Quests/Scripts/Data/Inputs.xml"
15:05:08.864 [Inputs] Loading inputs cfg "profiles\Users\Survivor\Server.core.xml"
15:05:08.864 !!! [Inputs] Cannot read inputs cfg "profiles\Users\Survivor\Server.core.xml", parser error
15:05:08.864 [Inputs] Loading inputs cfg "bin/core.xml"
15:05:08.864 !!! [Inputs] Cannot load input preset "#STR_USER", file does not exist
15:05:08.866 [Inputs] Exporting inputs cfg "profiles\Users\Survivor\Server.core.xml"
15:28:53.408 Mission script has no main function, player connect will stay disabled!
15:30:09.638  --- Termination successfully completed --- 
