=====================================================================
== C:\Users\rylic\OneDrive\Desktop\Expansion-Dev-Server-Deer-Isle\DayZServer_x64.exe
== DayZServer_x64.exe -cpuCount=4 -mod=@DeerIsle;@CF;@CommunityOnlineTools;@DabsFramework;@DayZExpansionLicensed;@DayZExpansionBundle;@42MonthsAfterPvPDevelopment;@gebsfish;@GarbageSearch;@CollectableItems;@CannabisPlus;@TeddysWeaponPack;@MunghardsItempack;@DayZEditorLoader;@WindstridesClothingPack; -config=serverDZ.cfg -port=2302 -noFilePatching -profiles=profiles -scrAllowFileWrite -adminlog
=====================================================================
Exe timestamp: 2024/01/01 17:40:38
Current time:  2024/01/06 14:35:04
Version 1.23.157045
=====================================================================

14:35:04.93 [Inputs] Loading inputs default "bin/constants.xml"
14:35:04.96 [Inputs] Loading inputs default "bin/specific.xml"
14:35:04.97 !!! [Inputs] Cannot load inputs default "", file does not exist
14:35:04.97 !!! [Inputs] Failed to load MODDED inputs - file name/ path invalid?
14:35:04.97 [Inputs] Loading inputs default "JM/COT/Scripts/Data/Inputs.xml"
14:35:04.97 [Inputs] Loading inputs default "LIVEN/PvZmoD_CustomisableZombies/inputs.xml"
14:35:04.97 [Inputs] Loading inputs default "PVEZ/data/inputs.xml"
14:35:04.98 [Inputs] Loading inputs default "WindstrideClothing/Inputs.xml"
14:35:04.99 [Inputs] Loading inputs default "deerisle/scripts/Inputs.xml"
14:35:04.99 [Inputs] Loading inputs default "DayZExpansion/Groups/Scripts/Data/Inputs.xml"
14:35:04.99 [Inputs] Loading inputs default "DayZExpansion/Navigation/Scripts/Data/Inputs.xml"
14:35:04.99 !!! [Inputs] Attempt to register duplicate exclusion group "chatexpansion"
14:35:04.99 [Inputs] Loading inputs default "DayZExpansion/PlayerList/Scripts/Data/Inputs.xml"
14:35:04.99 !!! [Inputs] Attempt to register duplicate exclusion group "chatexpansion"
14:35:04.100 [Inputs] Loading inputs default "DayZExpansion/Scripts/Data/Inputs.xml"
14:35:04.100 !!! [Inputs] Attempt to register duplicate exclusion group "chatexpansion"
14:35:04.100 [Inputs] Loading inputs default "DayZExpansion/Vehicles/Scripts/Data/Inputs.xml"
14:35:04.100 [Inputs] Loading inputs default "AdmiralsDivingMod/Scripts/Data/modded_Inputs.xml"
14:35:04.101 [Inputs] Loading inputs default "DayZExpansion/AI/Scripts/inputs.xml"
14:35:04.101 [Inputs] Loading inputs default "DayZExpansion/BaseBuilding/Scripts/Data/Inputs.xml"
14:35:04.101 !!! [Inputs] Attempt to register duplicate exclusion group "chatexpansion"
14:35:04.101 [Inputs] Loading inputs default "DayZExpansion/Book/Scripts/Data/Inputs.xml"
14:35:04.101 !!! [Inputs] Attempt to register duplicate exclusion group "chatexpansion"
14:35:04.101 [Inputs] Loading inputs default "DayZExpansion/Chat/Scripts/Data/Inputs.xml"
14:35:04.101 !!! [Inputs] Attempt to register duplicate exclusion group "chatexpansion"
14:35:04.102 [Inputs] Loading inputs default "DayZExpansion/Quests/Scripts/Data/Inputs.xml"
14:35:04.102 [Inputs] Loading inputs cfg "profiles\Users\Survivor\Server.core.xml"
14:35:04.102 !!! [Inputs] Cannot read inputs cfg "profiles\Users\Survivor\Server.core.xml", parser error
14:35:04.102 [Inputs] Loading inputs cfg "bin/core.xml"
14:35:04.102 !!! [Inputs] Cannot load input preset "#STR_USER", file does not exist
14:35:04.104 [Inputs] Exporting inputs cfg "profiles\Users\Survivor\Server.core.xml"
14:35:34.872 [CE][Hive] :: Initializing OFFLINE
14:35:34.872 [StorageDirs] :: Selected storage directory: C:\Users\rylic\OneDrive\Desktop\Expansion-Dev-Server-Deer-Isle\mpmissions\empty.deerisle\storage_1\
14:35:34.872 [CE][Hive] :: Loading core data ... 
14:35:34.872 [CE][CoreData] :: 7 root classes, 19 defaults, 0 updaters...
14:35:40.915 [CE] :: WARNING :: Preset map "optics" is EMPTY.
14:35:40.916 [CE][TypeSetup] :: 472 classes setuped...
14:35:40.920 [CE] :: WARNING :: Preset map "optics" is EMPTY.
14:35:40.920 [CE][TypeSetup] :: 97 classes setuped...
14:35:42.652 [CE][RegisterBind] :: 0 classes binded...
14:35:42.652 [CE][RegisterConfig] :: 16043 config classes registered, 0 sub-counters...
14:35:42.652 [CE][Hive] :: Loading map data ... 
14:35:42.653 [CE][IgnoreList] "cfgignorelist.xml" :: loaded 19 types
14:35:42.687 !!! [CE] :: Unknown category: 'vehicleparts'.
14:35:42.687 !!! [CE] :: Unknown category: 'vehicleparts'.
14:35:42.687 !!! [CE] :: Unknown category: 'vehicleparts'.
14:35:42.687 !!! [CE] :: Unknown category: 'vehicleparts'.
14:35:42.687 !!! [CE] :: Unknown category: 'vehicleparts'.
14:35:42.687 !!! [CE] :: Unknown category: 'vehicleparts'.
14:35:42.687 !!! [CE] :: Unknown category: 'vehicleparts'.
14:35:42.687 !!! [CE] :: Unknown category: 'vehicleparts'.
14:35:42.688 !!! [CE] :: Unknown category: 'vehicleparts'.
14:35:42.688 !!! [CE] :: Unknown category: 'vehicleparts'.
14:35:42.688 !!! [CE] :: Unknown category: 'vehicleparts'.
14:35:42.688 !!! [CE] :: Unknown category: 'vehicleparts'.
14:35:42.688 !!! [CE] :: Unknown category: 'vehicleparts'.
14:35:42.688 !!! [CE] :: Unknown category: 'vehicleparts'.
14:35:42.688 !!! [CE] :: Unknown category: 'vehicleparts'.
14:35:42.688 !!! [CE] :: Unknown category: 'vehicleparts'.
14:35:42.688 !!! [CE] :: Unknown category: 'vehicleparts'.
14:35:42.688 !!! [CE] :: Unknown category: 'vehicleparts'.
14:35:42.688 !!! [CE] :: Unknown category: 'vehicleparts'.
14:35:42.688 !!! [CE] :: Unknown category: 'vehicleparts'.
14:35:42.688 !!! [CE] :: Unknown category: 'vehicleparts'.
14:35:42.688 !!! [CE] :: Unknown category: 'vehicleparts'.
14:35:42.689 !!! [CE] :: Unknown category: 'vehicleparts'.
14:35:42.689 !!! [CE] :: Unknown category: 'vehicleparts'.
14:35:42.689 !!! [CE] :: Unknown category: 'vehicleparts'.
14:35:42.689 !!! [CE] :: Unknown category: 'vehicleparts'.
14:35:42.689 !!! [CE] :: Unknown category: 'vehicleparts'.
14:35:42.689 !!! [CE] :: Unknown category: 'vehicleparts'.
14:35:42.689 !!! [CE] :: Unknown usage: 'Fortknox'.
14:35:42.689 !!! [CE] :: Unknown usage: 'Mine'.
14:35:42.689 !!! [CE] :: Unknown usage: 'Mine'.
14:35:42.689 !!! [CE] :: Unknown usage: 'Temple'.
14:35:42.690 [CE][LoadPrototype] :: loaded 550 prototypes
14:35:42.690   989 containers, 11581 points
14:35:42.690   79 dispatches, 316 proxies
14:35:42.690 !!! [CE][LoadPrototype] 4 groups have no points...
14:35:42.690 !!! [CE][LoadPrototype] 2 groups have wrong points...
14:35:42.690 !!! [CE][LoadPrototype] 2 groups were defined more than once and skipped...
14:35:42.690 [CE][LoadPrototype] :: last group name: Land_Underground_Storage_Workshop...
14:35:42.694 [CE][LoadPrototype] :: loaded 0 prototypes
14:35:42.694   55 containers, 232 points
14:35:42.694   0 dispatches, 0 proxies
14:35:42.694 [CE][LoadPrototype] :: last group name: Rail9...
14:35:43.684 [CE][LoadMap] "Group" :: loaded 10479 groups, groups failed: 0, largest group range: 34.1
14:35:43.687 [CE][LoadMap] "Dirt" :: loaded 0 groups, groups failed: 0, largest group range: 34.1
14:35:43.883 [CE][Links] found 2684 total links between groups, of 10479
14:35:43.883 [CE][LoadClusters] "Cluster" :: Loading files...
14:35:44.11 [CE][LoadClusters] :: file: "mapgroupcluster.xml", 9 types, 50000 instances
14:35:44.146 [CE][LoadClusters] :: file: "mapgroupcluster01", 9 types, 50000 instances
14:35:44.280 [CE][LoadClusters] :: file: "mapgroupcluster02", 9 types, 50000 instances
14:35:44.280   9790 failed - check prototype defaults 'clusterMatrix' setups !!!
14:35:44.420 [CE][LoadClusters] :: file: "mapgroupcluster03", 9 types, 50000 instances
14:35:44.420   6758 failed - check prototype defaults 'clusterMatrix' setups !!!
14:35:44.495 [CE][LoadClusters] :: file: "mapgroupcluster04", 9 types, 24035 instances
14:35:44.495   2081 failed - check prototype defaults 'clusterMatrix' setups !!!
14:35:44.500 [CE][Storage] ver:21 stamp:463, valid:yes, name:"C:\Users\rylic\OneDrive\Desktop\Expansion-Dev-Server-Deer-Isle\mpmissions\empty.deerisle\storage_1\data\types.bin"
14:35:44.501 [CE][Storage] ver:21 stamp:456, valid:yes, name:"C:\Users\rylic\OneDrive\Desktop\Expansion-Dev-Server-Deer-Isle\mpmissions\empty.deerisle\storage_1\data\types.001"
14:35:44.501 [CE][Storage] ver:21 stamp:454, valid:yes, name:"C:\Users\rylic\OneDrive\Desktop\Expansion-Dev-Server-Deer-Isle\mpmissions\empty.deerisle\storage_1\data\types.002"
14:35:44.501 [CE][Storage] Restoring file "C:\Users\rylic\OneDrive\Desktop\Expansion-Dev-Server-Deer-Isle\mpmissions\empty.deerisle\storage_1\data\types.bin".
14:35:44.725 !!! [CE][offlineDB] :: No Shutdown message present.
14:35:44.727 [CE][offlineDB] :: Loaded 52 dynamic events 261 total types.
14:35:44.727 !!! [CE][DE] (VehicleTruck01) :: Unable to create child (Truck_01_Covered_Grey) as the type does not exist.
14:35:44.727 [CE][offlineDB] :: Loaded 62 dynamic events 318 total types.
14:35:44.744 !!! [CE][offlineDB] :: Type 'Bandage' will be ignored. (Type does not exist. (Typo?))
14:35:44.744 !!! [CE][offlineDB] :: Type 'BandanaMask_BlackPattern' will be ignored. (Type does not exist. (Typo?))
14:35:44.744 !!! [CE][offlineDB] :: Type 'BandanaMask_CamoPattern' will be ignored. (Type does not exist. (Typo?))
14:35:44.744 !!! [CE][offlineDB] :: Type 'BandanaMask_GreenPattern' will be ignored. (Type does not exist. (Typo?))
14:35:44.744 !!! [CE][offlineDB] :: Type 'BandanaMask_PolkaPattern' will be ignored. (Type does not exist. (Typo?))
14:35:44.744 !!! [CE][offlineDB] :: Type 'BandanaMask_RedPattern' will be ignored. (Type does not exist. (Typo?))
14:35:44.744 !!! [CE][offlineDB] :: Type 'BomberJacket_Black' will be ignored. (Type does not exist. (Typo?))
14:35:44.744 !!! [CE][offlineDB] :: Type 'BomberJacket_Blue' will be ignored. (Type does not exist. (Typo?))
14:35:44.744 !!! [CE][offlineDB] :: Type 'BomberJacket_Brown' will be ignored. (Type does not exist. (Typo?))
14:35:44.745 !!! [CE][offlineDB] :: Type 'BomberJacket_Grey' will be ignored. (Type does not exist. (Typo?))
14:35:44.745 !!! [CE][offlineDB] :: Type 'BomberJacket_Maroon' will be ignored. (Type does not exist. (Typo?))
14:35:44.745 !!! [CE][offlineDB] :: Type 'BomberJacket_Olive' will be ignored. (Type does not exist. (Typo?))
14:35:44.745 !!! [CE][offlineDB] :: Type 'BomberJacket_SkyBlue' will be ignored. (Type does not exist. (Typo?))
14:35:44.745 !!! [CE][offlineDB] :: Type 'ChristmasTree_Green' will be ignored. (Not spawnable. (Scope is not public?))
14:35:44.745 !!! [CE][offlineDB] :: Type 'ChristmasTree' will be ignored. (Not spawnable. (Scope is not public?))
14:35:44.745 !!! [CE][offlineDB] :: Type 'DallasMask' will be ignored. (Type does not exist. (Typo?))
14:35:44.745 !!! [CE][offlineDB] :: Type 'GasMask' will be ignored. (Type does not exist. (Typo?))
14:35:44.746 !!! [CE][offlineDB] :: Type 'GorkaPants_Autumn' will be ignored. (Type does not exist. (Typo?))
14:35:44.746 !!! [CE][offlineDB] :: Type 'GorkaPants_Flat' will be ignored. (Type does not exist. (Typo?))
14:35:44.746 !!! [CE][offlineDB] :: Type 'GorkaPants_PautRev' will be ignored. (Type does not exist. (Typo?))
14:35:44.746 !!! [CE][offlineDB] :: Type 'GorkaPants_Summer' will be ignored. (Type does not exist. (Typo?))
14:35:44.746 !!! [CE][offlineDB] :: Type 'HoxtonMask' will be ignored. (Type does not exist. (Typo?))
14:35:44.747 !!! [CE][offlineDB] :: Type 'Jeans_Black' will be ignored. (Type does not exist. (Typo?))
14:35:44.747 !!! [CE][offlineDB] :: Type 'Jeans_Blue' will be ignored. (Type does not exist. (Typo?))
14:35:44.747 !!! [CE][offlineDB] :: Type 'Jeans_BlueDark' will be ignored. (Type does not exist. (Typo?))
14:35:44.747 !!! [CE][offlineDB] :: Type 'Jeans_Brown' will be ignored. (Type does not exist. (Typo?))
14:35:44.747 !!! [CE][offlineDB] :: Type 'Jeans_Green' will be ignored. (Type does not exist. (Typo?))
14:35:44.747 !!! [CE][offlineDB] :: Type 'Jeans_Grey' will be ignored. (Type does not exist. (Typo?))
14:35:44.747 !!! [CE][offlineDB] :: Type 'ManSuit_Beige' will be ignored. (Type does not exist. (Typo?))
14:35:44.747 !!! [CE][offlineDB] :: Type 'ManSuit_Black' will be ignored. (Type does not exist. (Typo?))
14:35:44.747 !!! [CE][offlineDB] :: Type 'ManSuit_Blue' will be ignored. (Type does not exist. (Typo?))
14:35:44.747 !!! [CE][offlineDB] :: Type 'ManSuit_Brown' will be ignored. (Type does not exist. (Typo?))
14:35:44.748 !!! [CE][offlineDB] :: Type 'ManSuit_DarkGrey' will be ignored. (Type does not exist. (Typo?))
14:35:44.748 !!! [CE][offlineDB] :: Type 'ManSuit_Khaki' will be ignored. (Type does not exist. (Typo?))
14:35:44.748 !!! [CE][offlineDB] :: Type 'ManSuit_LightGrey' will be ignored. (Type does not exist. (Typo?))
14:35:44.748 !!! [CE][offlineDB] :: Type 'ManSuit_White' will be ignored. (Type does not exist. (Typo?))
14:35:44.748 !!! [CE][offlineDB] :: Type 'MedicalScrubsPants_Blue' will be ignored. (Type does not exist. (Typo?))
14:35:44.748 !!! [CE][offlineDB] :: Type 'MedicalScrubsPants_Green' will be ignored. (Type does not exist. (Typo?))
14:35:44.748 !!! [CE][offlineDB] :: Type 'MedicalScrubsPants_White' will be ignored. (Type does not exist. (Typo?))
14:35:44.748 !!! [CE][offlineDB] :: Type 'MedicalScrubsShirt_Blue' will be ignored. (Type does not exist. (Typo?))
14:35:44.748 !!! [CE][offlineDB] :: Type 'MedicalScrubsShirt_Green' will be ignored. (Type does not exist. (Typo?))
14:35:44.748 !!! [CE][offlineDB] :: Type 'MedicalScrubsShirt_White' will be ignored. (Type does not exist. (Typo?))
14:35:44.748 !!! [CE][offlineDB] :: Type 'MountainBag_Red' will be ignored. (Type does not exist. (Typo?))
14:35:44.748 !!! [CE][offlineDB] :: Type 'Raincoat_Black' will be ignored. (Type does not exist. (Typo?))
14:35:44.748 !!! [CE][offlineDB] :: Type 'Raincoat_Blue' will be ignored. (Type does not exist. (Typo?))
14:35:44.749 !!! [CE][offlineDB] :: Type 'Raincoat_Green' will be ignored. (Type does not exist. (Typo?))
14:35:44.749 !!! [CE][offlineDB] :: Type 'Raincoat_Orange' will be ignored. (Type does not exist. (Typo?))
14:35:44.749 !!! [CE][offlineDB] :: Type 'Raincoat_Pink' will be ignored. (Type does not exist. (Typo?))
14:35:44.749 !!! [CE][offlineDB] :: Type 'Raincoat_Red' will be ignored. (Type does not exist. (Typo?))
14:35:44.749 !!! [CE][offlineDB] :: Type 'Raincoat_Yellow' will be ignored. (Type does not exist. (Typo?))
14:35:44.749 !!! [CE][offlineDB] :: Type 'SantasSleigh' will be ignored. (Type does not exist. (Typo?))
14:35:44.750 !!! [CE][offlineDB] :: Type 'SharpLongWoodenStick' will be ignored. (Type does not exist. (Typo?))
14:35:44.750 !!! [CE][offlineDB] :: Type 'Shirt_BlueCheck' will be ignored. (Type does not exist. (Typo?))
14:35:44.750 !!! [CE][offlineDB] :: Type 'Shirt_BlueCheckBright' will be ignored. (Type does not exist. (Typo?))
14:35:44.750 !!! [CE][offlineDB] :: Type 'Shirt_GreenCheck' will be ignored. (Type does not exist. (Typo?))
14:35:44.750 !!! [CE][offlineDB] :: Type 'Shirt_PlaneBlack' will be ignored. (Type does not exist. (Typo?))
14:35:44.750 !!! [CE][offlineDB] :: Type 'Shirt_RedCheck' will be ignored. (Type does not exist. (Typo?))
14:35:44.750 !!! [CE][offlineDB] :: Type 'Shirt_WhiteCheck' will be ignored. (Type does not exist. (Typo?))
14:35:44.750 !!! [CE][offlineDB] :: Type 'SlacksPants_Beige' will be ignored. (Type does not exist. (Typo?))
14:35:44.750 !!! [CE][offlineDB] :: Type 'SlacksPants_Black' will be ignored. (Type does not exist. (Typo?))
14:35:44.750 !!! [CE][offlineDB] :: Type 'SlacksPants_Blue' will be ignored. (Type does not exist. (Typo?))
14:35:44.750 !!! [CE][offlineDB] :: Type 'SlacksPants_Brown' will be ignored. (Type does not exist. (Typo?))
14:35:44.750 !!! [CE][offlineDB] :: Type 'SlacksPants_DarkGrey' will be ignored. (Type does not exist. (Typo?))
14:35:44.750 !!! [CE][offlineDB] :: Type 'SlacksPants_Khaki' will be ignored. (Type does not exist. (Typo?))
14:35:44.750 !!! [CE][offlineDB] :: Type 'SlacksPants_LightGrey' will be ignored. (Type does not exist. (Typo?))
14:35:44.750 !!! [CE][offlineDB] :: Type 'SlacksPants_White' will be ignored. (Type does not exist. (Typo?))
14:35:44.750 !!! [CE][offlineDB] :: Type 'Spear' will be ignored. (Not spawnable. (Scope is not public?))
14:35:44.751 !!! [CE][offlineDB] :: Type 'TShirt_Beige' will be ignored. (Type does not exist. (Typo?))
14:35:44.751 !!! [CE][offlineDB] :: Type 'TShirt_Black' will be ignored. (Type does not exist. (Typo?))
14:35:44.751 !!! [CE][offlineDB] :: Type 'TShirt_Blue' will be ignored. (Type does not exist. (Typo?))
14:35:44.751 !!! [CE][offlineDB] :: Type 'TShirt_Green' will be ignored. (Type does not exist. (Typo?))
14:35:44.751 !!! [CE][offlineDB] :: Type 'TShirt_Grey' will be ignored. (Type does not exist. (Typo?))
14:35:44.751 !!! [CE][offlineDB] :: Type 'TShirt_OrangeWhiteStripes' will be ignored. (Type does not exist. (Typo?))
14:35:44.751 !!! [CE][offlineDB] :: Type 'TShirt_Red' will be ignored. (Type does not exist. (Typo?))
14:35:44.751 !!! [CE][offlineDB] :: Type 'TShirt_RedBlackStripes' will be ignored. (Type does not exist. (Typo?))
14:35:44.751 !!! [CE][offlineDB] :: Type 'TShirt_White' will be ignored. (Type does not exist. (Typo?))
14:35:44.752 !!! [CE][offlineDB] :: Type 'TransitBus' will be ignored. (Type does not exist. (Typo?))
14:35:44.752 !!! [CE][offlineDB] :: Type 'WitchHood_Chainmail_Black' will be ignored. (Type does not exist. (Typo?))
14:35:44.752 !!! [CE][offlineDB] :: Type 'WitchHood_Chainmail_Brown' will be ignored. (Type does not exist. (Typo?))
14:35:44.752 !!! [CE][offlineDB] :: Type 'WitchHood_Chainmail_Red' will be ignored. (Type does not exist. (Typo?))
14:35:44.752 !!! [CE][offlineDB] :: Type 'WolfMask' will be ignored. (Type does not exist. (Typo?))
14:35:44.753 !!! [CE][offlineDB] :: Type 'ttcelticaxe' will be ignored. (Type does not exist. (Typo?))
14:35:44.753 !!! [CE][offlineDB] :: Type 'tantosword' will be ignored. (Type does not exist. (Typo?))
14:35:44.753 !!! [CE][offlineDB] :: Type 'STAG_Flag_Gespiegelt' will be ignored. (Type does not exist. (Typo?))
14:35:44.753 !!! [CE][offlineDB] :: Type 'STAG_Clothing_MountainBag' will be ignored. (Type does not exist. (Typo?))
14:35:44.760 !!! [CE][offlineDB] :: Type 'Expansion_M79' will be ignored. (Not spawnable. (Scope is not public?))
14:35:44.760 !!! [CE][offlineDB] :: Type 'ExpansionFlaregun' will be ignored. (Not spawnable. (Scope is not public?))
14:35:44.760 !!! [CE][offlineDB] :: Type 'Expansion_Longhorn' will be ignored. (Not spawnable. (Scope is not public?))
14:35:44.767 !!! [CE][offlineDB] :: Type 'DOC_Bocchi' will be ignored. (Type does not exist. (Typo?))
14:35:44.767 !!! [CE][offlineDB] :: Type 'DOC_Metallia' will be ignored. (Type does not exist. (Typo?))
14:35:44.767 !!! [CE][offlineDB] :: Type 'DOC_Pedro' will be ignored. (Type does not exist. (Typo?))
14:35:44.767 !!! [CE][offlineDB] :: Type 'DOC_Violet' will be ignored. (Type does not exist. (Typo?))
14:35:44.767 !!! [CE][offlineDB] :: Type 'DOC_42Finger' will be ignored. (Type does not exist. (Typo?))
14:35:44.767 !!! [CE][offlineDB] :: Type 'DOC_Squidward' will be ignored. (Type does not exist. (Typo?))
14:35:44.767 !!! [CE][offlineDB] :: Type 'Armband_DOC_Bocchi' will be ignored. (Type does not exist. (Typo?))
14:35:44.767 !!! [CE][offlineDB] :: Type 'Armband_DOC_Metallia' will be ignored. (Type does not exist. (Typo?))
14:35:44.768 !!! [CE][offlineDB] :: Type 'Armband_DOC_Pedro' will be ignored. (Type does not exist. (Typo?))
14:35:44.768 !!! [CE][offlineDB] :: Type 'Armband_DOC_42FINGERS' will be ignored. (Type does not exist. (Typo?))
14:35:44.768 !!! [CE][offlineDB] :: Type 'Armband_DOC_Violet' will be ignored. (Type does not exist. (Typo?))
14:35:44.768 !!! [CE][offlineDB] :: Type 'Armband_DOC_Squidward' will be ignored. (Type does not exist. (Typo?))
14:35:44.768 !!! [CE][offlineDB] :: Type 'DOC_Jacket_Red42' will be ignored. (Type does not exist. (Typo?))
14:35:44.768 !!! [CE][offlineDB] :: Type 'DOC_Raincoat_Red42' will be ignored. (Type does not exist. (Typo?))
14:35:44.768 !!! [CE][offlineDB] :: Type 'DOC_Jeans_Red42' will be ignored. (Type does not exist. (Typo?))
14:35:44.768 !!! [CE][offlineDB] :: Type 'DOC_ADMIN_BLUE_TOP' will be ignored. (Type does not exist. (Typo?))
14:35:44.768 !!! [CE][offlineDB] :: Type 'DOC_ADMIN_BLUE_BOTTOM' will be ignored. (Type does not exist. (Typo?))
14:35:44.769 !!! [CE][offlineDB] :: Type 'DOC_ADMIN_DOC_TOP' will be ignored. (Type does not exist. (Typo?))
14:35:44.769 !!! [CE][offlineDB] :: Type 'DOC_ADMIDOC_GHILLIE_REDGREY' will be ignored. (Type does not exist. (Typo?))
14:35:44.769 !!! [CE][offlineDB] :: Type 'DOC_GHILLIETOP_REDGREY' will be ignored. (Type does not exist. (Typo?))
14:35:44.769 !!! [CE][offlineDB] :: Type 'DOC_GHILLIE_GUNWRAP_REDGREY' will be ignored. (Type does not exist. (Typo?))
14:35:44.769 !!! [CE][offlineDB] :: Type 'DOC_GHILLIE_BLUEBLACK' will be ignored. (Type does not exist. (Typo?))
14:35:44.769 !!! [CE][offlineDB] :: Type 'DOC_GHILLIE_GUNWRAP_BLUEBLAC' will be ignored. (Type does not exist. (Typo?))
14:35:44.769 !!! [CE][offlineDB] :: Type 'DOC_GHILLIETOP_BLUEBLACK' will be ignored. (Type does not exist. (Typo?))
14:35:44.769 !!! [CE][offlineDB] :: Type 'Airsoft_M4A1' will be ignored. (Type does not exist. (Typo?))
14:35:44.769 !!! [CE][offlineDB] :: Type 'Airsoft_AK' will be ignored. (Type does not exist. (Typo?))
14:35:44.769 !!! [CE][offlineDB] :: Type 'Airsoft_Sniper' will be ignored. (Type does not exist. (Typo?))
14:35:44.769 !!! [CE][offlineDB] :: Type 'Mag_Airsoft_M4' will be ignored. (Type does not exist. (Typo?))
14:35:44.769 !!! [CE][offlineDB] :: Type 'Mag_Airsoft_AK' will be ignored. (Type does not exist. (Typo?))
14:35:44.769 !!! [CE][offlineDB] :: Type 'Ammo_Airsoft762' will be ignored. (Type does not exist. (Typo?))
14:35:44.769 !!! [CE][offlineDB] :: Type 'Ammo_Airsoft556' will be ignored. (Type does not exist. (Typo?))
14:35:44.769 !!! [CE][offlineDB] :: Type 'Ammo_Airsoft308' will be ignored. (Type does not exist. (Typo?))
14:35:44.769 !!! [CE][offlineDB] :: Type 'Prefab_Cabin' will be ignored. (Type does not exist. (Typo?))
14:35:44.769 !!! [CE][offlineDB] :: Type 'Cabin_Kit' will be ignored. (Type does not exist. (Typo?))
14:35:44.769 !!! [CE][offlineDB] :: Type 'Sk_Cabinet' will be ignored. (Type does not exist. (Typo?))
14:35:44.769 !!! [CE][offlineDB] :: Type 'Cabin_Water_Pump' will be ignored. (Type does not exist. (Typo?))
14:35:44.770 !!! [CE][offlineDB] :: Type 'Radioactive_bear_Meat' will be ignored. (Type does not exist. (Typo?))
14:35:44.770 !!! [CE][offlineDB] :: Type 'Radioactive_wolf_Meat' will be ignored. (Type does not exist. (Typo?))
14:35:44.770 !!! [CE][offlineDB] :: Type 'DXMediumTent_1' will be ignored. (Type does not exist. (Typo?))
14:35:44.770 !!! [CE][offlineDB] :: Type 'DXMediumTent_2' will be ignored. (Type does not exist. (Typo?))
14:35:44.770 !!! [CE][offlineDB] :: Type 'DXMediumTent_3' will be ignored. (Type does not exist. (Typo?))
14:35:44.770 !!! [CE][offlineDB] :: Type 'DXMediumTent_4' will be ignored. (Type does not exist. (Typo?))
14:35:44.770 !!! [CE][offlineDB] :: Type 'DXMediumTent_5' will be ignored. (Type does not exist. (Typo?))
14:35:44.770 !!! [CE][offlineDB] :: Type 'DXMediumTent_6' will be ignored. (Type does not exist. (Typo?))
14:35:44.770 !!! [CE][offlineDB] :: Type 'DXMediumTent_7' will be ignored. (Type does not exist. (Typo?))
14:35:44.771 !!! [CE][offlineDB] :: Type 'DXMediumTent_8' will be ignored. (Type does not exist. (Typo?))
14:35:44.771 !!! [CE][offlineDB] :: Type 'DXMediumTent_9' will be ignored. (Type does not exist. (Typo?))
14:35:44.771 !!! [CE][offlineDB] :: Type 'DXMediumTent_10' will be ignored. (Type does not exist. (Typo?))
14:35:44.771 !!! [CE][offlineDB] :: Type 'DXMediumTent_11' will be ignored. (Type does not exist. (Typo?))
14:35:44.771 !!! [CE][offlineDB] :: Type 'SWAT_Pants' will be ignored. (Type does not exist. (Typo?))
14:35:44.771 !!! [CE][offlineDB] :: Type 'SWAT_Balaclava' will be ignored. (Type does not exist. (Typo?))
14:35:44.771 !!! [CE][offlineDB] :: Type 'SWAT_Gloves' will be ignored. (Type does not exist. (Typo?))
14:35:44.771 !!! [CE][offlineDB] :: Type 'SWAT_Goggles' will be ignored. (Type does not exist. (Typo?))
14:35:44.771 !!! [CE][offlineDB] :: Type 'SWAT_Shirt' will be ignored. (Type does not exist. (Typo?))
14:35:44.771 !!! [CE][offlineDB] :: Type 'SWAT_Vest' will be ignored. (Type does not exist. (Typo?))
14:35:44.771 !!! [CE][offlineDB] :: Type 'SWAT_Helmet' will be ignored. (Type does not exist. (Typo?))
14:35:44.771 !!! [CE][offlineDB] :: Type 'RFSolarPanel' will be ignored. (Type does not exist. (Typo?))
14:35:44.771 !!! [CE][offlineDB] :: Type 'RFSolarPanelKit' will be ignored. (Type does not exist. (Typo?))
14:35:44.771 !!! [CE][offlineDB] :: Type 'MVS_Combat_Vest_Black_Camo_Bunker' will be ignored. (Type does not exist. (Typo?))
14:35:44.771 !!! [CE][offlineDB] :: Type 'MVS_Combat_Vest_Black_Camo2_Bunker' will be ignored. (Type does not exist. (Typo?))
14:35:44.771 !!! [CE][offlineDB] :: Type 'MVS_Combat_Vest_Camo_Orange_Bunker' will be ignored. (Type does not exist. (Typo?))
14:35:44.771 !!! [CE][offlineDB] :: Type 'MVS_Combat_Vest_Camo_Tigr_Bunker' will be ignored. (Type does not exist. (Typo?))
14:35:44.771 !!! [CE][offlineDB] :: Type 'MVS_Combat_Vest_ELRD_Camo' will be ignored. (Type does not exist. (Typo?))
14:35:44.771 !!! [CE][offlineDB] :: Type 'MVS_Combat_Vest_Green_Camo_Bunker' will be ignored. (Type does not exist. (Typo?))
14:35:44.772 !!! [CE][offlineDB] :: Type 'MVS_Magazine_Pouch_Black_Camo_Bunker' will be ignored. (Type does not exist. (Typo?))
14:35:44.772 !!! [CE][offlineDB] :: Type 'MVS_Magazine_Pouch_Black_Camo2_Bunker' will be ignored. (Type does not exist. (Typo?))
14:35:44.772 !!! [CE][offlineDB] :: Type 'MVS_Magazine_Pouch_Camo_Orange_Bunker' will be ignored. (Type does not exist. (Typo?))
14:35:44.772 !!! [CE][offlineDB] :: Type 'MVS_Magazine_Pouch_Camo_Tigr_Bunker' will be ignored. (Type does not exist. (Typo?))
14:35:44.772 !!! [CE][offlineDB] :: Type 'MVS_Magazine_Pouch_ELRD_Camo_Bunker' will be ignored. (Type does not exist. (Typo?))
14:35:44.772 !!! [CE][offlineDB] :: Type 'MVS_Magazine_Pouch_Green_Camo_Bunker' will be ignored. (Type does not exist. (Typo?))
14:35:44.772 !!! [CE][offlineDB] :: Type 'MVS_Admin_Pouch_Black_Camo_Bunker' will be ignored. (Type does not exist. (Typo?))
14:35:44.772 !!! [CE][offlineDB] :: Type 'MVS_Admin_Pouch_Black_Camo2_Bunker' will be ignored. (Type does not exist. (Typo?))
14:35:44.772 !!! [CE][offlineDB] :: Type 'MVS_Admin_Pouch_Camo_Orange_Bunker' will be ignored. (Type does not exist. (Typo?))
14:35:44.772 !!! [CE][offlineDB] :: Type 'MVS_Admin_Pouch_Camo_Tigr_Bunker' will be ignored. (Type does not exist. (Typo?))
14:35:44.772 !!! [CE][offlineDB] :: Type 'MVS_Admin_Pouch_ELRD_Camo_Bunker' will be ignored. (Type does not exist. (Typo?))
14:35:44.772 !!! [CE][offlineDB] :: Type 'MVS_Admin_Pouch_Green_Camo_Bunker' will be ignored. (Type does not exist. (Typo?))
14:35:44.772 !!! [CE][offlineDB] :: Type 'MVS_Utility_Pouch_Black_Camo_Bunker' will be ignored. (Type does not exist. (Typo?))
14:35:44.772 !!! [CE][offlineDB] :: Type 'MVS_Utility_Pouch_Black_Camo2_Bunker' will be ignored. (Type does not exist. (Typo?))
14:35:44.772 !!! [CE][offlineDB] :: Type 'MVS_Utility_Pouch_Camo_Orange_Bunker' will be ignored. (Type does not exist. (Typo?))
14:35:44.772 !!! [CE][offlineDB] :: Type 'MVS_Utility_Pouch_Camo_Tigr_Bunker' will be ignored. (Type does not exist. (Typo?))
14:35:44.772 !!! [CE][offlineDB] :: Type 'MVS_Utility_Pouch_ELRD_Camo_Bunker' will be ignored. (Type does not exist. (Typo?))
14:35:44.772 !!! [CE][offlineDB] :: Type 'MVS_Utility_Pouch_Green_Camo_Bunker' will be ignored. (Type does not exist. (Typo?))
14:35:44.772 !!! [CE][offlineDB] :: Type 'MVS_Medical_Pouch_Camo_Orange_Bunker' will be ignored. (Type does not exist. (Typo?))
14:35:44.772 !!! [CE][offlineDB] :: Type 'MVS_Medical_Pouch_Camo_Tigr_Bunker' will be ignored. (Type does not exist. (Typo?))
14:35:44.773 !!! [CE][offlineDB] :: Type 'MVS_Medical_Pouch_ELRD_Camo_Bunker' will be ignored. (Type does not exist. (Typo?))
14:35:44.773 !!! [CE][offlineDB] :: Type 'MVS_Pack_Black_Camo_Bunker' will be ignored. (Type does not exist. (Typo?))
14:35:44.773 !!! [CE][offlineDB] :: Type 'MVS_Pack_Black_Camo2_Bunker' will be ignored. (Type does not exist. (Typo?))
14:35:44.773 !!! [CE][offlineDB] :: Type 'MVS_Pack_Camo_Orange_Bunker' will be ignored. (Type does not exist. (Typo?))
14:35:44.773 !!! [CE][offlineDB] :: Type 'MVS_Pack_Camo_Tigr_Bunker' will be ignored. (Type does not exist. (Typo?))
14:35:44.773 !!! [CE][offlineDB] :: Type 'MVS_Pack_ELRD_Camo_Bunker' will be ignored. (Type does not exist. (Typo?))
14:35:44.774 !!! [CE][offlineDB] :: Type 'MVS_Pack_Green_Camo_Bunker' will be ignored. (Type does not exist. (Typo?))
14:35:44.774 !!! [CE][offlineDB] :: Type 'MVS_Combat_Vest_Heavy_Black_Camo_Bunker' will be ignored. (Type does not exist. (Typo?))
14:35:44.774 !!! [CE][offlineDB] :: Type 'MVS_Combat_Vest_Heavy_Black_Camo2_Bunker' will be ignored. (Type does not exist. (Typo?))
14:35:44.774 !!! [CE][offlineDB] :: Type 'MVS_Combat_Vest_Heavy_Camo_Orange_Bunker' will be ignored. (Type does not exist. (Typo?))
14:35:44.774 !!! [CE][offlineDB] :: Type 'MVS_Combat_Vest_Heavy_Camo_Tigr_Bunker' will be ignored. (Type does not exist. (Typo?))
14:35:44.774 !!! [CE][offlineDB] :: Type 'MVS_Combat_Vest_Heavy_ELRD_Camo_Bunker' will be ignored. (Type does not exist. (Typo?))
14:35:44.774 !!! [CE][offlineDB] :: Type 'MVS_Combat_Vest_Heavy_Green_Camo_Bunker' will be ignored. (Type does not exist. (Typo?))
14:35:44.774 !!! [CE][offlineDB] :: Type 'MVS_Taco_Pouch_Black_Camo_Bunker' will be ignored. (Type does not exist. (Typo?))
14:35:44.774 !!! [CE][offlineDB] :: Type 'MVS_Taco_Pouch_Black_Camo2_Bunker' will be ignored. (Type does not exist. (Typo?))
14:35:44.774 !!! [CE][offlineDB] :: Type 'MVS_Taco_Pouch_Camo_Orange_Bunker' will be ignored. (Type does not exist. (Typo?))
14:35:44.774 !!! [CE][offlineDB] :: Type 'MVS_Taco_Pouch_Camo_Tigr_Bunker' will be ignored. (Type does not exist. (Typo?))
14:35:44.774 !!! [CE][offlineDB] :: Type 'MVS_Taco_Pouch_ELRD_Camo_Bunker' will be ignored. (Type does not exist. (Typo?))
14:35:44.774 !!! [CE][offlineDB] :: Type 'MVS_Taco_Pouch_Green_Camo_Bunker' will be ignored. (Type does not exist. (Typo?))
14:35:44.774 !!! [CE][offlineDB] :: Type 'MVS_Pakol_Comtac' will be ignored. (Type does not exist. (Typo?))
14:35:44.774 !!! [CE][offlineDB] :: Type 'MVS_canteen_Black_Camo_Bunker' will be ignored. (Type does not exist. (Typo?))
14:35:44.774 !!! [CE][offlineDB] :: Type 'MVS_canteen_Black_Camo2_Bunker' will be ignored. (Type does not exist. (Typo?))
14:35:44.774 !!! [CE][offlineDB] :: Type 'MVS_canteen_Camp_Orange' will be ignored. (Type does not exist. (Typo?))
14:35:44.774 !!! [CE][offlineDB] :: Type 'MVS_canteen_Camo_Tigr_Bunker' will be ignored. (Type does not exist. (Typo?))
14:35:44.774 !!! [CE][offlineDB] :: Type 'MVS_canteen_ELRD_Camo_Bunker' will be ignored. (Type does not exist. (Typo?))
14:35:44.774 !!! [CE][offlineDB] :: Type 'MVS_canteen_Green_Camo_Bunker' will be ignored. (Type does not exist. (Typo?))
14:35:44.774 !!! [CE][offlineDB] :: Type 'MVS_OpsCore_Black_Camo_Bunker' will be ignored. (Type does not exist. (Typo?))
14:35:44.775 !!! [CE][offlineDB] :: Type 'MVS_OpsCore_Black_Camo2_Bunker' will be ignored. (Type does not exist. (Typo?))
14:35:44.775 !!! [CE][offlineDB] :: Type 'MVS_OpsCore_Camo_Orange_Bunker' will be ignored. (Type does not exist. (Typo?))
14:35:44.775 !!! [CE][offlineDB] :: Type 'MVS_OpsCore_Camo_Tigr_Bunker' will be ignored. (Type does not exist. (Typo?))
14:35:44.775 !!! [CE][offlineDB] :: Type 'MVS_OpsCore_ELRD_Camo_Bunker' will be ignored. (Type does not exist. (Typo?))
14:35:44.775 !!! [CE][offlineDB] :: Type 'MVS_OpsCore_Green_Camo_Bunker' will be ignored. (Type does not exist. (Typo?))
14:35:44.775 !!! [CE][offlineDB] :: Type 'MVS_GorkaPants' will be ignored. (Type does not exist. (Typo?))
14:35:44.775 !!! [CE][offlineDB] :: Type 'MVS_GorkaPants_Snow' will be ignored. (Type does not exist. (Typo?))
14:35:44.775 !!! [CE][offlineDB] :: Type 'MVS_ArmoredHelmet_Black_Camo_Bunker' will be ignored. (Type does not exist. (Typo?))
14:35:44.775 !!! [CE][offlineDB] :: Type 'MVS_ArmoredHelmet_Black_Camo2_Bunker' will be ignored. (Type does not exist. (Typo?))
14:35:44.775 !!! [CE][offlineDB] :: Type 'MVS_ArmoredHelmet_Camo_Orange_Bunker' will be ignored. (Type does not exist. (Typo?))
14:35:44.776 !!! [CE][offlineDB] :: Type 'MVS_ArmoredHelmet_Camo_Tigr_Bunker' will be ignored. (Type does not exist. (Typo?))
14:35:44.776 !!! [CE][offlineDB] :: Type 'MVS_ArmoredHelmet_ELRD_Camo_Bunker' will be ignored. (Type does not exist. (Typo?))
14:35:44.776 !!! [CE][offlineDB] :: Type 'MVS_ArmoredHelmet_Green_Camo_Bunker' will be ignored. (Type does not exist. (Typo?))
14:35:44.776 !!! [CE][offlineDB] :: Type 'MVS_Rucksack_Black_Camo_Bunker' will be ignored. (Type does not exist. (Typo?))
14:35:44.776 !!! [CE][offlineDB] :: Type 'MVS_Rucksack_Black_Camo2_Bunker' will be ignored. (Type does not exist. (Typo?))
14:35:44.776 !!! [CE][offlineDB] :: Type 'MVS_Rucksack_Camo_Orange_Bunker' will be ignored. (Type does not exist. (Typo?))
14:35:44.776 !!! [CE][offlineDB] :: Type 'MVS_Rucksack_Camo_Tigr_Bunker' will be ignored. (Type does not exist. (Typo?))
14:35:44.776 !!! [CE][offlineDB] :: Type 'MVS_Rucksack_ELRD_Camo_Bunker' will be ignored. (Type does not exist. (Typo?))
14:35:44.776 !!! [CE][offlineDB] :: Type 'MVS_Rucksack_Green_Camo_Bunker' will be ignored. (Type does not exist. (Typo?))
14:35:44.776 !!! [CE][offlineDB] :: Type 'MVS_Compact_1_Black_Camo_Bunker' will be ignored. (Type does not exist. (Typo?))
14:35:44.776 !!! [CE][offlineDB] :: Type 'MVS_Compact_1_Black_Camo2_Bunker' will be ignored. (Type does not exist. (Typo?))
14:35:44.776 !!! [CE][offlineDB] :: Type 'MVS_Compact_1_Camo_Orange_Bunker' will be ignored. (Type does not exist. (Typo?))
14:35:44.776 !!! [CE][offlineDB] :: Type 'MVS_Compact_1_Camo_Tigr_Bunker' will be ignored. (Type does not exist. (Typo?))
14:35:44.776 !!! [CE][offlineDB] :: Type 'MVS_Compact_1_ELRD_Camo_Bunker' will be ignored. (Type does not exist. (Typo?))
14:35:44.776 !!! [CE][offlineDB] :: Type 'MVS_Compact_1_Green_Camo_Bunker' will be ignored. (Type does not exist. (Typo?))
14:35:44.776 !!! [CE][offlineDB] :: Type 'MVS_Compact_2_Black_Camo_Bunker' will be ignored. (Type does not exist. (Typo?))
14:35:44.776 !!! [CE][offlineDB] :: Type 'MVS_Compact_2_Black_Camo2_Bunker' will be ignored. (Type does not exist. (Typo?))
14:35:44.776 !!! [CE][offlineDB] :: Type 'MVS_Compact_2_Camo_Orange_Bunker' will be ignored. (Type does not exist. (Typo?))
14:35:44.776 !!! [CE][offlineDB] :: Type 'MVS_Compact_2_Camo_Tigr_Bunker' will be ignored. (Type does not exist. (Typo?))
14:35:44.776 !!! [CE][offlineDB] :: Type 'MVS_Compact_2_ELRD_Camo_Bunker' will be ignored. (Type does not exist. (Typo?))
14:35:44.776 !!! [CE][offlineDB] :: Type 'MVS_Compact_2_Green_Camo_Bunker' will be ignored. (Type does not exist. (Typo?))
14:35:44.776 !!! [CE][offlineDB] :: Type 'MVS_ChestRig_Black_Camo_Bunker' will be ignored. (Type does not exist. (Typo?))
14:35:44.776 !!! [CE][offlineDB] :: Type 'MVS_ChestRig_Black_Camo2_Bunker' will be ignored. (Type does not exist. (Typo?))
14:35:44.776 !!! [CE][offlineDB] :: Type 'MVS_ChestRig_Camo_Orange_Bunker' will be ignored. (Type does not exist. (Typo?))
14:35:44.776 !!! [CE][offlineDB] :: Type 'MVS_ChestRig_Camo_Tigr_Bunker' will be ignored. (Type does not exist. (Typo?))
14:35:44.776 !!! [CE][offlineDB] :: Type 'MVS_ChestRig_ELRD_Camo_Bunker' will be ignored. (Type does not exist. (Typo?))
14:35:44.776 !!! [CE][offlineDB] :: Type 'MVS_ChestRig_Green_Camo_Bunker' will be ignored. (Type does not exist. (Typo?))
14:35:44.776 !!! [CE][offlineDB] :: Type 'MVS_Balaclava_Wraith_Comtacs' will be ignored. (Type does not exist. (Typo?))
14:35:44.776 !!! [CE][offlineDB] :: Type 'MVS_GorkaPants_Multicam' will be ignored. (Type does not exist. (Typo?))
14:35:44.776 !!! [CE][offlineDB] :: Type 'MVS_GorkaPants_Multicam_Tropic' will be ignored. (Type does not exist. (Typo?))
14:35:44.776 !!! [CE][offlineDB] :: Type 'MVS_GorkaPants_Multicam_Black' will be ignored. (Type does not exist. (Typo?))
14:35:44.776 !!! [CE][offlineDB] :: Type 'MVS_Assault_Pack_Black_Camo_Bunker' will be ignored. (Type does not exist. (Typo?))
14:35:44.776 !!! [CE][offlineDB] :: Type 'MVS_Assault_Pack_Black_Camo2_Bunker' will be ignored. (Type does not exist. (Typo?))
14:35:44.776 !!! [CE][offlineDB] :: Type 'MVS_Assault_Pack_Camo_Orange_Bunker' will be ignored. (Type does not exist. (Typo?))
14:35:44.776 !!! [CE][offlineDB] :: Type 'MVS_Assault_Pack_Camo_Tigr_Bunker' will be ignored. (Type does not exist. (Typo?))
14:35:44.776 !!! [CE][offlineDB] :: Type 'MVS_Assault_Pack_ELRD_Camo_Bunker' will be ignored. (Type does not exist. (Typo?))
14:35:44.776 !!! [CE][offlineDB] :: Type 'MVS_Assault_Pack_Green_Camo_Bunker' will be ignored. (Type does not exist. (Typo?))
14:35:44.776 !!! [CE][offlineDB] :: Type 'MVS_CombatPants_Black_Camo_Bunker' will be ignored. (Type does not exist. (Typo?))
14:35:44.776 !!! [CE][offlineDB] :: Type 'MVS_CombatPants_Black_Camo2_Bunker' will be ignored. (Type does not exist. (Typo?))
14:35:44.776 !!! [CE][offlineDB] :: Type 'MVS_CombatPants_Camo_Orange_Bunker' will be ignored. (Type does not exist. (Typo?))
14:35:44.776 !!! [CE][offlineDB] :: Type 'MVS_CombatPants_Camo_Tigr_Bunker' will be ignored. (Type does not exist. (Typo?))
14:35:44.776 !!! [CE][offlineDB] :: Type 'MVS_CombatPants_ELRD_Camo_Bunker' will be ignored. (Type does not exist. (Typo?))
14:35:44.776 !!! [CE][offlineDB] :: Type 'MVS_CombatPants_Green_Camo_Bunker' will be ignored. (Type does not exist. (Typo?))
14:35:44.776 !!! [CE][offlineDB] :: Type 'MVS_CombatShirt_Black_Camo_Bunker' will be ignored. (Type does not exist. (Typo?))
14:35:44.776 !!! [CE][offlineDB] :: Type 'MVS_CombatShirt_Black_Camo2_Bunker' will be ignored. (Type does not exist. (Typo?))
14:35:44.776 !!! [CE][offlineDB] :: Type 'MVS_CombatShirt_Camo_Orange_Bunker' will be ignored. (Type does not exist. (Typo?))
14:35:44.776 !!! [CE][offlineDB] :: Type 'MVS_CombatShirt_Camo_Tigr_Bunker' will be ignored. (Type does not exist. (Typo?))
14:35:44.776 !!! [CE][offlineDB] :: Type 'MVS_CombatShirt_ELRD_Camo_Bunker' will be ignored. (Type does not exist. (Typo?))
14:35:44.776 !!! [CE][offlineDB] :: Type 'MVS_CombatShirt_Green_Camo_Bunker' will be ignored. (Type does not exist. (Typo?))
14:35:44.776 !!! [CE][offlineDB] :: Type 'MVS_Molle_Panel_Black_Camo_Bunker' will be ignored. (Type does not exist. (Typo?))
14:35:44.776 !!! [CE][offlineDB] :: Type 'MVS_Molle_Panel_Black_Camo2_Bunker' will be ignored. (Type does not exist. (Typo?))
14:35:44.776 !!! [CE][offlineDB] :: Type 'MVS_Molle_Panel_Camo_Orange_Bunker' will be ignored. (Type does not exist. (Typo?))
14:35:44.776 !!! [CE][offlineDB] :: Type 'MVS_Molle_Panel_Camo_Tigr_Bunker' will be ignored. (Type does not exist. (Typo?))
14:35:44.776 !!! [CE][offlineDB] :: Type 'MVS_Molle_Panel_ELRD_Camo_Bunker' will be ignored. (Type does not exist. (Typo?))
14:35:44.776 !!! [CE][offlineDB] :: Type 'MVS_Molle_Panel_Green_Camo_Bunker' will be ignored. (Type does not exist. (Typo?))
14:35:44.777 !!! [CE][offlineDB] :: Type 'MVS_6B47_Helmet_Black_Camo_Bunker' will be ignored. (Type does not exist. (Typo?))
14:35:44.777 !!! [CE][offlineDB] :: Type 'MVS_6B47_Helmet_Black_Camo2_Bunker' will be ignored. (Type does not exist. (Typo?))
14:35:44.777 !!! [CE][offlineDB] :: Type 'MVS_6B47_Helmet_Camo_Orange_Bunker' will be ignored. (Type does not exist. (Typo?))
14:35:44.777 !!! [CE][offlineDB] :: Type 'MVS_6B47_Helmet_Camo_Tigr_Bunker' will be ignored. (Type does not exist. (Typo?))
14:35:44.777 !!! [CE][offlineDB] :: Type 'MVS_6B47_Helmet_ELRD_Camo_Bunker' will be ignored. (Type does not exist. (Typo?))
14:35:44.777 !!! [CE][offlineDB] :: Type 'MVS_6B47_Helmet_Green_Camo_Bunker' will be ignored. (Type does not exist. (Typo?))
14:35:44.777 !!! [CE][offlineDB] :: Type 'MVS_Helmet_02_Black_Camo_Bunker' will be ignored. (Type does not exist. (Typo?))
14:35:44.777 !!! [CE][offlineDB] :: Type 'MVS_Helmet_02_Black_Camo_Bunker2' will be ignored. (Type does not exist. (Typo?))
14:35:44.777 !!! [CE][offlineDB] :: Type 'MVS_Helmet_02_Camo_Orange_Bunker' will be ignored. (Type does not exist. (Typo?))
14:35:44.777 !!! [CE][offlineDB] :: Type 'MVS_Helmet_02_Camo_Tigr_Bunker' will be ignored. (Type does not exist. (Typo?))
14:35:44.777 !!! [CE][offlineDB] :: Type 'MVS_Helmet_02_ELRD_Camo_Bunker' will be ignored. (Type does not exist. (Typo?))
14:35:44.777 !!! [CE][offlineDB] :: Type 'MVS_Helmet_02_Green_Camo_Bunker' will be ignored. (Type does not exist. (Typo?))
14:35:44.777 !!! [CE][offlineDB] :: Type 'MVS_SlingPack_Black_Camo_Bunker' will be ignored. (Type does not exist. (Typo?))
14:35:44.777 !!! [CE][offlineDB] :: Type 'MVS_SlingPack_Black_Camo2_Bunker' will be ignored. (Type does not exist. (Typo?))
14:35:44.777 !!! [CE][offlineDB] :: Type 'MVS_SlingPack_Camo_Orange_Bunker' will be ignored. (Type does not exist. (Typo?))
14:35:44.777 !!! [CE][offlineDB] :: Type 'MVS_SlingPack_Camo_Tigr_Bunker' will be ignored. (Type does not exist. (Typo?))
14:35:44.777 !!! [CE][offlineDB] :: Type 'MVS_SlingPack_ELRD_Camo_Bunker' will be ignored. (Type does not exist. (Typo?))
14:35:44.777 !!! [CE][offlineDB] :: Type 'MVS_SlingPack_Green_Camo_Bunker' will be ignored. (Type does not exist. (Typo?))
14:35:44.777 !!! [CE][offlineDB] :: Type 'mouse_grey_flag' will be ignored. (Type does not exist. (Typo?))
14:35:44.777 !!! [CE][offlineDB] :: Type 'toxic_green' will be ignored. (Type does not exist. (Typo?))
14:35:44.777 !!! [CE][offlineDB] :: Type 'FBF_Torch' will be ignored. (Not spawnable. (Scope is not public?))
14:35:44.777 !!! [CE][offlineDB] :: Type 'FBF_LongTorch' will be ignored. (Not spawnable. (Scope is not public?))
14:35:44.777 !!! [CE][offlineDB] :: Type 'FBF_AreaLight_White' will be ignored. (Not spawnable. (Scope is not public?))
14:35:44.777 !!! [CE][offlineDB] :: Type 'FBF_AreaLight_Warm' will be ignored. (Not spawnable. (Scope is not public?))
14:35:44.777 !!! [CE][offlineDB] :: Type 'FBF_CustomAreaLight_1' will be ignored. (Not spawnable. (Scope is not public?))
14:35:44.777 !!! [CE][offlineDB] :: Type 'FBF_CustomAreaLight_2' will be ignored. (Not spawnable. (Scope is not public?))
14:35:44.777 !!! [CE][offlineDB] :: Type 'FBF_CustomAreaLight_3' will be ignored. (Not spawnable. (Scope is not public?))
14:35:44.777 !!! [CE][offlineDB] :: Type 'FBF_CustomAreaLight_4' will be ignored. (Not spawnable. (Scope is not public?))
14:35:44.777 !!! [CE][offlineDB] :: Type 'FBF_CustomAreaLight_5' will be ignored. (Not spawnable. (Scope is not public?))
14:35:44.777 !!! [CE][offlineDB] :: Type 'bs_cartman' will be ignored. (Type does not exist. (Typo?))
14:35:44.777 !!! [CE][offlineDB] :: Type 'bs_gratefuldead' will be ignored. (Type does not exist. (Typo?))
14:35:44.777 !!! [CE][offlineDB] :: Type 'bs_meatloaf' will be ignored. (Type does not exist. (Typo?))
14:35:44.777 !!! [CE][offlineDB] :: Type 'bs_nirvana' will be ignored. (Type does not exist. (Typo?))
14:35:44.777 !!! [CE][offlineDB] :: Type 'bs_skynyrd' will be ignored. (Type does not exist. (Typo?))
14:35:44.777 !!! [CE][offlineDB] :: Type 'bs_starbucks' will be ignored. (Type does not exist. (Typo?))
14:35:44.777 !!! [CE][offlineDB] :: Type 'bs_sublime' will be ignored. (Type does not exist. (Typo?))
14:35:44.777 !!! [CE][offlineDB] :: Type 'bs_billmurray' will be ignored. (Type does not exist. (Typo?))
14:35:44.777 !!! [CE][offlineDB] :: Type 'bs_blackflag' will be ignored. (Type does not exist. (Typo?))
14:35:44.777 !!! [CE][offlineDB] :: Type 'bs_cbgb' will be ignored. (Type does not exist. (Typo?))
14:35:44.777 !!! [CE][offlineDB] :: Type 'bs_illuminati1' will be ignored. (Type does not exist. (Typo?))
14:35:44.777 !!! [CE][offlineDB] :: Type 'bs_johndenver' will be ignored. (Type does not exist. (Typo?))
14:35:44.777 !!! [CE][offlineDB] :: Type 'bs_joydivision' will be ignored. (Type does not exist. (Typo?))
14:35:44.777 !!! [CE][offlineDB] :: Type 'bs_nin' will be ignored. (Type does not exist. (Typo?))
14:35:44.777 !!! [CE][offlineDB] :: Type 'bs_zero' will be ignored. (Type does not exist. (Typo?))
14:35:44.777 !!! [CE][offlineDB] :: Type 'bs_volcom' will be ignored. (Type does not exist. (Typo?))
14:35:44.777 !!! [CE][offlineDB] :: Type 'bs_ironmaiden' will be ignored. (Type does not exist. (Typo?))
14:35:44.777 !!! [CE][offlineDB] :: Type 'bs_lateralus' will be ignored. (Type does not exist. (Typo?))
14:35:44.777 !!! [CE][offlineDB] :: Type 'bs_ledzeppelin' will be ignored. (Type does not exist. (Typo?))
14:35:44.777 !!! [CE][offlineDB] :: Type 'bs_nickcage' will be ignored. (Type does not exist. (Typo?))
14:35:44.777 !!! [CE][offlineDB] :: Type 'bs_opeth' will be ignored. (Type does not exist. (Typo?))
14:35:44.777 !!! [CE][offlineDB] :: Type 'bs_scarface' will be ignored. (Type does not exist. (Typo?))
14:35:44.777 !!! [CE][offlineDB] :: Type 'bs_syl' will be ignored. (Type does not exist. (Typo?))
14:35:44.777 !!! [CE][offlineDB] :: Type 'bs_tyrone' will be ignored. (Type does not exist. (Typo?))
14:35:44.777 !!! [CE][offlineDB] :: Type 'bs_worstshirt' will be ignored. (Type does not exist. (Typo?))
14:35:44.777 !!! [CE][offlineDB] :: Type 'MoreDoorVault' will be ignored. (Type does not exist. (Typo?))
14:35:44.777 !!! [CE][offlineDB] :: Type 'MoreDoorSmall' will be ignored. (Type does not exist. (Typo?))
14:35:44.777 !!! [CE][offlineDB] :: Type 'MoreDoorSmallShanty' will be ignored. (Type does not exist. (Typo?))
14:35:44.777 !!! [CE][offlineDB] :: Type 'MoreDoorSmallMetal' will be ignored. (Type does not exist. (Typo?))
14:35:44.777 !!! [CE][offlineDB] :: Type 'MoreDoorVaultKit' will be ignored. (Type does not exist. (Typo?))
14:35:44.777 !!! [CE][offlineDB] :: Type 'MoreDoorSmallKit' will be ignored. (Type does not exist. (Typo?))
14:35:44.777 !!! [CE][offlineDB] :: Type 'MoreDoorSmallMetalKit' will be ignored. (Type does not exist. (Typo?))
14:35:44.777 !!! [CE][offlineDB] :: Type 'MoreDoorSmallShantyKit' will be ignored. (Type does not exist. (Typo?))
14:35:44.777 !!! [CE][offlineDB] :: Type 'MoreDoorSafe' will be ignored. (Type does not exist. (Typo?))
14:35:44.777 !!! [CE][offlineDB] :: Type 'TacSatRadio' will be ignored. (Type does not exist. (Typo?))
14:35:44.779 !!! [CE][offlineDB] :: Wrong xml format of types file 'ModTypes/42MADocsGuns/types.xml'.
14:35:44.779 !!! [CE][offlineDB] :: Wrong xml format of types file 'ModTypes/42MADocsTextures/types.xml'.
14:35:44.782 !!! [CE][offlineDB] :: Type 'TacticalShirt_Forest' will be ignored. (Type does not exist. (Typo?))
14:35:44.783 !!! [CE][offlineDB] :: Type 'CargoPants_Forest' will be ignored. (Type does not exist. (Typo?))
14:35:44.783 !!! [CE][offlineDB] :: Type 'GorkaEJacket_Forest' will be ignored. (Type does not exist. (Typo?))
14:35:44.783 !!! [CE][offlineDB] :: Type 'GorkaPants_Black_Camo' will be ignored. (Type does not exist. (Typo?))
14:35:44.783 !!! [CE][offlineDB] :: Type 'GorkaPants_Black_Camo2' will be ignored. (Type does not exist. (Typo?))
14:35:44.783 !!! [CE][offlineDB] :: Type 'GorkaPants_ELRD_Camo' will be ignored. (Type does not exist. (Typo?))
14:35:44.783 !!! [CE][offlineDB] :: Type 'GorkaPants_Forest' will be ignored. (Type does not exist. (Typo?))
14:35:44.783 !!! [CE][offlineDB] :: Type 'GorkaPants_Green_Camo' will be ignored. (Type does not exist. (Typo?))
14:35:44.783 !!! [CE][offlineDB] :: Type 'GorkaPants_Orange_Camo' will be ignored. (Type does not exist. (Typo?))
14:35:44.783 !!! [CE][offlineDB] :: Type 'GorkaPants_Tigr_Camo' will be ignored. (Type does not exist. (Typo?))
14:35:44.784 !!! [CE][offlineDB] :: Type 'GorkaPants_Yellow_Camo' will be ignored. (Type does not exist. (Typo?))
14:35:44.784 !!! [CE][offlineDB] :: Type 'HuntingJacket_Forest' will be ignored. (Type does not exist. (Typo?))
14:35:44.784 !!! [CE][offlineDB] :: Type 'HunterPants_Forest' will be ignored. (Type does not exist. (Typo?))
14:35:44.784 !!! [CE][offlineDB] :: Type 'FirefighterJacket_Forest' will be ignored. (Type does not exist. (Typo?))
14:35:44.784 !!! [CE][offlineDB] :: Type 'AssaultBag_Forest' will be ignored. (Type does not exist. (Typo?))
14:35:44.784 !!! [CE][offlineDB] :: Type 'HuntingBag_Forest' will be ignored. (Type does not exist. (Typo?))
14:35:44.784 !!! [CE][offlineDB] :: Type 'MountainBag_Forest' will be ignored. (Type does not exist. (Typo?))
14:35:44.784 !!! [CE][offlineDB] :: Type 'TortillaBag_Forest' will be ignored. (Type does not exist. (Typo?))
14:35:44.784 !!! [CE][offlineDB] :: Type 'PlateCarrierVest_Forest' will be ignored. (Type does not exist. (Typo?))
14:35:44.784 !!! [CE][offlineDB] :: Type 'PlateCarrierPouches_Forest' will be ignored. (Type does not exist. (Typo?))
14:35:44.785 !!! [CE][offlineDB] :: Type 'PlateCarrierHolster_Forest' will be ignored. (Type does not exist. (Typo?))
14:35:44.785 !!! [CE][offlineDB] :: Type 'SmershVest_Forest' will be ignored. (Type does not exist. (Typo?))
14:35:44.785 !!! [CE][offlineDB] :: Type 'SmershBag_Forest' will be ignored. (Type does not exist. (Typo?))
14:35:44.785 !!! [CE][offlineDB] :: Type 'UKAssVest_Forest' will be ignored. (Type does not exist. (Typo?))
14:35:44.785 !!! [CE][offlineDB] :: Type 'PoliceVest_Forest' will be ignored. (Type does not exist. (Typo?))
14:35:44.785 !!! [CE][offlineDB] :: Type 'HighCapacityVest_Forest' will be ignored. (Type does not exist. (Typo?))
14:35:44.785 !!! [CE][offlineDB] :: Type 'Mich2001Helmet_Forest' will be ignored. (Type does not exist. (Typo?))
14:35:44.785 !!! [CE][offlineDB] :: Type 'DarkMotoHelmet_Forest' will be ignored. (Type does not exist. (Typo?))
14:35:44.785 !!! [CE][offlineDB] :: Type 'GorkaHelmet_Forest' will be ignored. (Type does not exist. (Typo?))
14:35:44.785 !!! [CE][offlineDB] :: Type 'BalaclavaMask_Forest' will be ignored. (Type does not exist. (Typo?))
14:35:44.785 !!! [CE][offlineDB] :: Type 'TacticalGloves_Forest' will be ignored. (Type does not exist. (Typo?))
14:35:44.785 !!! [CE][offlineDB] :: Type 'OMNOGloves_Forest' will be ignored. (Type does not exist. (Typo?))
14:35:44.785 !!! [CE][offlineDB] :: Type 'WorkingGloves_Forest' will be ignored. (Type does not exist. (Typo?))
14:35:44.795 !!! [CE][offlineDB] :: Type 'TWP_Glock19M' will be ignored. (Type does not exist. (Typo?))
14:35:44.795 !!! [CE][offlineDB] :: Type 'TWP_Glock19M_mag_15Rnd' will be ignored. (Type does not exist. (Typo?))
14:35:44.795 !!! [CE][offlineDB] :: Type 'TWP_SRGlock_mag_33Rnd' will be ignored. (Type does not exist. (Typo?))
14:35:44.796 !!! [CE][offlineDB] :: Type 'TWP_ACR' will be ignored. (Type does not exist. (Typo?))
14:35:44.796 !!! [CE][offlineDB] :: Type 'TWP_ACR_mag_30Rnd' will be ignored. (Type does not exist. (Typo?))
14:35:44.796 !!! [CE][offlineDB] :: Type 'TWP_FG42' will be ignored. (Type does not exist. (Typo?))
14:35:44.796 !!! [CE][offlineDB] :: Type 'TWP_FG42_mag_25Rnd' will be ignored. (Type does not exist. (Typo?))
14:35:44.796 !!! [CE][offlineDB] :: Type 'TWP_M16A3_mag_20Rnd' will be ignored. (Type does not exist. (Typo?))
14:35:44.796 !!! [CE][offlineDB] :: Type 'TWP_MK14_mag_30Rnd' will be ignored. (Type does not exist. (Typo?))
14:35:44.796 !!! [CE][offlineDB] :: Type 'TWP_MSBSGrotC' will be ignored. (Type does not exist. (Typo?))
14:35:44.797 !!! [CE][offlineDB] :: Type 'TWP_MSBSGrotC_mag_30Rnd' will be ignored. (Type does not exist. (Typo?))
14:35:44.797 !!! [CE][offlineDB] :: Type 'TWP_MSBSGrotBGold' will be ignored. (Type does not exist. (Typo?))
14:35:44.797 !!! [CE][offlineDB] :: Type 'TWP_MSBSGrotBGold_mag_30Rnd' will be ignored. (Type does not exist. (Typo?))
14:35:44.797 !!! [CE][offlineDB] :: Type 'ScarLKBlueCamo' will be ignored. (Type does not exist. (Typo?))
14:35:44.797 !!! [CE][offlineDB] :: Type 'ScarLKGreen' will be ignored. (Type does not exist. (Typo?))
14:35:44.797 !!! [CE][offlineDB] :: Type 'ScarLKGreenCamo' will be ignored. (Type does not exist. (Typo?))
14:35:44.797 !!! [CE][offlineDB] :: Type 'ScarLKTan' will be ignored. (Type does not exist. (Typo?))
14:35:44.797 !!! [CE][offlineDB] :: Type 'TWP_SG553_mag_30Rnd' will be ignored. (Type does not exist. (Typo?))
14:35:44.798 !!! [CE][offlineDB] :: Type 'TWP_PumpkinHead' will be ignored. (Type does not exist. (Typo?))
14:35:44.798 !!! [CE][offlineDB] :: Type 'TWP_JasonMask' will be ignored. (Type does not exist. (Typo?))
14:35:44.798 !!! [CE][offlineDB] :: Type 'TWP_Covid19Head_Red' will be ignored. (Type does not exist. (Typo?))
14:35:44.798 !!! [CE][offlineDB] :: Type 'TWP_Covid19Head_Green' will be ignored. (Type does not exist. (Typo?))
14:35:44.798 !!! [CE][offlineDB] :: Type 'TWP_Covid19Head_Orange' will be ignored. (Type does not exist. (Typo?))
14:35:44.798 !!! [CE][offlineDB] :: Type 'TWP_Covid19Head_yellow' will be ignored. (Type does not exist. (Typo?))
14:35:44.802 !!! [CE][offlineDB] :: Type 'teddyhead_mung' will be ignored. (Type does not exist. (Typo?))
14:35:44.803 !!! [CE][offlineDB] :: Type 'mag3_gasmask_mung' will be ignored. (Type does not exist. (Typo?))
14:35:44.803 !!! [CE] :: Unknown usage: 'TempleCore'.
14:35:44.803 !!! [CE] :: Unknown usage: 'TempleCore'.
14:35:44.803 !!! [CE] :: Unknown usage: 'TempleCore'.
14:35:44.803 !!! [CE][offlineDB] :: Type 'stalker_gasmask_white_mung' will be ignored. (Type does not exist. (Typo?))
14:35:44.803 !!! [CE][offlineDB] :: Type 'stalker_gasmask_black_mung' will be ignored. (Type does not exist. (Typo?))
14:35:44.806 !!! [CE][offlineDB] :: Type 'geb_HookBobber1Bait' will be ignored. (Type does not exist. (Typo?))
14:35:44.806 !!! [CE][offlineDB] :: Type 'geb_HookBobber2Bait' will be ignored. (Type does not exist. (Typo?))
14:35:44.806 !!! [CE][offlineDB] :: Type 'geb_HookBobber3Bait' will be ignored. (Type does not exist. (Typo?))
14:35:44.806 !!! [CE][offlineDB] :: Type 'geb_HookBobber4Bait' will be ignored. (Type does not exist. (Typo?))
14:35:44.806 !!! [CE][offlineDB] :: Type 'geb_VanillaHookRubberWormBait' will be ignored. (Type does not exist. (Typo?))
14:35:44.806 !!! [CE][offlineDB] :: Type 'geb_VanillaHookGrubWormBait' will be ignored. (Type does not exist. (Typo?))
14:35:44.806 !!! [CE][offlineDB] :: Type 'geb_VanillaHookGrassHopperBait' will be ignored. (Type does not exist. (Typo?))
14:35:44.807 !!! [CE][offlineDB] :: Type 'geb_VanillaHookFieldCricketBait' will be ignored. (Type does not exist. (Typo?))
14:35:44.807 !!! [CE][offlineDB] :: Type 'geb_RedFishShirt' will be ignored. (Type does not exist. (Typo?))
14:35:44.807 !!! [CE][offlineDB] :: Type 'geb_GreenFishShirt' will be ignored. (Type does not exist. (Typo?))
14:35:44.807 !!! [CE][offlineDB] :: Type 'geb_BlueFishShirt' will be ignored. (Type does not exist. (Typo?))
14:35:44.807 !!! [CE][offlineDB] :: Type 'geb_PurpleFishShirt' will be ignored. (Type does not exist. (Typo?))
14:35:44.808 !!! [CE][offlineDB] :: Type 'CigarettePack_Chernamorka' will be ignored. (Type does not exist. (Typo?))
14:35:44.808 !!! [CE][offlineDB] :: Type 'CigarettePack_Merkur' will be ignored. (Type does not exist. (Typo?))
14:35:44.808 !!! [CE][offlineDB] :: Type 'CigarettePack_Partyzanka' will be ignored. (Type does not exist. (Typo?))
14:35:44.960 !!! [CE][DE][SPAWNS] :: [WARNING] :: Skipping entry for non-existing event 'VehicleTransitBus'.
14:35:44.960 !!! [CE][DE][SPAWNS] :: [WARNING] :: Skipping entry for non-existing event 'AnimalDeer'.
14:35:44.960 !!! [CE][DE][SPAWNS] :: [WARNING] :: Skipping entry for non-existing event 'AnimalCow'.
14:35:44.960 !!! [CE][DE][SPAWNS] :: [WARNING] :: Skipping entry for non-existing event 'AnimalSheep'.
14:35:44.960 !!! [CE][DE][SPAWNS] :: [WARNING] :: Skipping entry for non-existing event 'AnimalRoeDeer'.
14:35:44.960 !!! [CE][DE][SPAWNS] :: [WARNING] :: Skipping entry for non-existing event 'AnimalWildBoar'.
14:35:44.961 [CE][DE][SPAWNS] :: Total positions: 713
14:35:44.961 [CE][DE][GROUPS] :: Total eventgroups defined: 83, Eventgroups in use: 0
14:35:44.961 [CE][Storage] ver:21 stamp:463, valid:yes, name:"C:\Users\rylic\OneDrive\Desktop\Expansion-Dev-Server-Deer-Isle\mpmissions\empty.deerisle\storage_1\data\events.bin"
14:35:44.962 [CE][Storage] ver:21 stamp:456, valid:yes, name:"C:\Users\rylic\OneDrive\Desktop\Expansion-Dev-Server-Deer-Isle\mpmissions\empty.deerisle\storage_1\data\events.001"
14:35:44.962 [CE][Storage] ver:21 stamp:454, valid:yes, name:"C:\Users\rylic\OneDrive\Desktop\Expansion-Dev-Server-Deer-Isle\mpmissions\empty.deerisle\storage_1\data\events.002"
14:35:44.962 [CE][Storage] Restoring file "C:\Users\rylic\OneDrive\Desktop\Expansion-Dev-Server-Deer-Isle\mpmissions\empty.deerisle\storage_1\data\events.bin".
14:35:44.962 [CE][DynamicEvent] Load  Events:[62] Primary spawners: 62 Secondary spawners: 2
14:35:44.963 [CE][Storage] ver:25 stamp:463, valid:yes, name:"C:\Users\rylic\OneDrive\Desktop\Expansion-Dev-Server-Deer-Isle\mpmissions\empty.deerisle\storage_1\data\dynamic_000.bin"
14:35:44.964 [CE][Storage] ver:25 stamp:456, valid:yes, name:"C:\Users\rylic\OneDrive\Desktop\Expansion-Dev-Server-Deer-Isle\mpmissions\empty.deerisle\storage_1\data\dynamic_000.001"
14:35:44.964 [CE][Storage] ver:25 stamp:454, valid:yes, name:"C:\Users\rylic\OneDrive\Desktop\Expansion-Dev-Server-Deer-Isle\mpmissions\empty.deerisle\storage_1\data\dynamic_000.002"
14:35:44.964 [CE][Storage] Restoring file "C:\Users\rylic\OneDrive\Desktop\Expansion-Dev-Server-Deer-Isle\mpmissions\empty.deerisle\storage_1\data\dynamic_000.bin" 1766 items.
14:35:46.45   1766 items loaded. (0 failed)
14:35:46.45 [CE][Storage] ver:25 stamp:463, valid:yes, name:"C:\Users\rylic\OneDrive\Desktop\Expansion-Dev-Server-Deer-Isle\mpmissions\empty.deerisle\storage_1\data\dynamic_001.bin"
14:35:46.45 [CE][Storage] ver:25 stamp:456, valid:yes, name:"C:\Users\rylic\OneDrive\Desktop\Expansion-Dev-Server-Deer-Isle\mpmissions\empty.deerisle\storage_1\data\dynamic_001.001"
14:35:46.46 [CE][Storage] ver:25 stamp:454, valid:yes, name:"C:\Users\rylic\OneDrive\Desktop\Expansion-Dev-Server-Deer-Isle\mpmissions\empty.deerisle\storage_1\data\dynamic_001.002"
14:35:46.46 [CE][Storage] Restoring file "C:\Users\rylic\OneDrive\Desktop\Expansion-Dev-Server-Deer-Isle\mpmissions\empty.deerisle\storage_1\data\dynamic_001.bin" 1347 items.
14:35:46.791   1347 items loaded. (0 failed)
14:35:46.791 [CE][Storage] ver:25 stamp:463, valid:yes, name:"C:\Users\rylic\OneDrive\Desktop\Expansion-Dev-Server-Deer-Isle\mpmissions\empty.deerisle\storage_1\data\dynamic_002.bin"
14:35:46.792 !!! [CE][Storage] Failed to read [Storage] data file "C:\Users\rylic\OneDrive\Desktop\Expansion-Dev-Server-Deer-Isle\mpmissions\empty.deerisle\storage_1\data\dynamic_002.001".
14:35:46.792   File not closed...
14:35:46.792 [CE][Storage] ver:25 stamp:463, valid:NO, name:"C:\Users\rylic\OneDrive\Desktop\Expansion-Dev-Server-Deer-Isle\mpmissions\empty.deerisle\storage_1\data\dynamic_002.001"
14:35:46.792 [CE][Storage] ver:25 stamp:454, valid:yes, name:"C:\Users\rylic\OneDrive\Desktop\Expansion-Dev-Server-Deer-Isle\mpmissions\empty.deerisle\storage_1\data\dynamic_002.002"
14:35:46.792 [CE][Storage] Restoring file "C:\Users\rylic\OneDrive\Desktop\Expansion-Dev-Server-Deer-Isle\mpmissions\empty.deerisle\storage_1\data\dynamic_002.bin" 1717 items.
14:35:47.697   1717 items loaded. (0 failed)
14:35:47.697 [CE][Storage] ver:25 stamp:463, valid:yes, name:"C:\Users\rylic\OneDrive\Desktop\Expansion-Dev-Server-Deer-Isle\mpmissions\empty.deerisle\storage_1\data\dynamic_003.bin"
14:35:47.698 [CE][Storage] ver:25 stamp:463, valid:yes, name:"C:\Users\rylic\OneDrive\Desktop\Expansion-Dev-Server-Deer-Isle\mpmissions\empty.deerisle\storage_1\data\dynamic_003.001"
14:35:47.698 [CE][Storage] ver:25 stamp:454, valid:yes, name:"C:\Users\rylic\OneDrive\Desktop\Expansion-Dev-Server-Deer-Isle\mpmissions\empty.deerisle\storage_1\data\dynamic_003.002"
14:35:47.698 [CE][Storage] Restoring file "C:\Users\rylic\OneDrive\Desktop\Expansion-Dev-Server-Deer-Isle\mpmissions\empty.deerisle\storage_1\data\dynamic_003.bin" 1854 items.
14:35:48.417   1854 items loaded. (0 failed)
14:35:48.418 [CE][Storage] ver:25 stamp:463, valid:yes, name:"C:\Users\rylic\OneDrive\Desktop\Expansion-Dev-Server-Deer-Isle\mpmissions\empty.deerisle\storage_1\data\dynamic_004.bin"
14:35:48.418 [CE][Storage] ver:25 stamp:463, valid:yes, name:"C:\Users\rylic\OneDrive\Desktop\Expansion-Dev-Server-Deer-Isle\mpmissions\empty.deerisle\storage_1\data\dynamic_004.001"
14:35:48.419 [CE][Storage] ver:25 stamp:454, valid:yes, name:"C:\Users\rylic\OneDrive\Desktop\Expansion-Dev-Server-Deer-Isle\mpmissions\empty.deerisle\storage_1\data\dynamic_004.002"
14:35:48.419 [CE][Storage] Restoring file "C:\Users\rylic\OneDrive\Desktop\Expansion-Dev-Server-Deer-Isle\mpmissions\empty.deerisle\storage_1\data\dynamic_004.bin" 2885 items.
14:35:49.516   2885 items loaded. (0 failed)
14:35:49.516 [CE][Storage] ver:25 stamp:463, valid:yes, name:"C:\Users\rylic\OneDrive\Desktop\Expansion-Dev-Server-Deer-Isle\mpmissions\empty.deerisle\storage_1\data\dynamic_005.bin"
14:35:49.517 [CE][Storage] ver:25 stamp:463, valid:yes, name:"C:\Users\rylic\OneDrive\Desktop\Expansion-Dev-Server-Deer-Isle\mpmissions\empty.deerisle\storage_1\data\dynamic_005.001"
14:35:49.517 [CE][Storage] ver:25 stamp:454, valid:yes, name:"C:\Users\rylic\OneDrive\Desktop\Expansion-Dev-Server-Deer-Isle\mpmissions\empty.deerisle\storage_1\data\dynamic_005.002"
14:35:49.517 [CE][Storage] Restoring file "C:\Users\rylic\OneDrive\Desktop\Expansion-Dev-Server-Deer-Isle\mpmissions\empty.deerisle\storage_1\data\dynamic_005.bin" 2713 items.
14:35:50.640   2713 items loaded. (0 failed)
14:35:50.641 [CE][Storage] ver:25 stamp:463, valid:yes, name:"C:\Users\rylic\OneDrive\Desktop\Expansion-Dev-Server-Deer-Isle\mpmissions\empty.deerisle\storage_1\data\dynamic_006.bin"
14:35:50.641 [CE][Storage] ver:25 stamp:463, valid:yes, name:"C:\Users\rylic\OneDrive\Desktop\Expansion-Dev-Server-Deer-Isle\mpmissions\empty.deerisle\storage_1\data\dynamic_006.001"
14:35:50.642 [CE][Storage] ver:25 stamp:454, valid:yes, name:"C:\Users\rylic\OneDrive\Desktop\Expansion-Dev-Server-Deer-Isle\mpmissions\empty.deerisle\storage_1\data\dynamic_006.002"
14:35:50.642 [CE][Storage] Restoring file "C:\Users\rylic\OneDrive\Desktop\Expansion-Dev-Server-Deer-Isle\mpmissions\empty.deerisle\storage_1\data\dynamic_006.bin" 2232 items.
14:35:51.531   2232 items loaded. (0 failed)
14:35:51.531 [CE][Storage] ver:25 stamp:463, valid:yes, name:"C:\Users\rylic\OneDrive\Desktop\Expansion-Dev-Server-Deer-Isle\mpmissions\empty.deerisle\storage_1\data\dynamic_007.bin"
14:35:51.532 [CE][Storage] ver:25 stamp:463, valid:yes, name:"C:\Users\rylic\OneDrive\Desktop\Expansion-Dev-Server-Deer-Isle\mpmissions\empty.deerisle\storage_1\data\dynamic_007.001"
14:35:51.532 [CE][Storage] ver:25 stamp:454, valid:yes, name:"C:\Users\rylic\OneDrive\Desktop\Expansion-Dev-Server-Deer-Isle\mpmissions\empty.deerisle\storage_1\data\dynamic_007.002"
14:35:51.532 [CE][Storage] Restoring file "C:\Users\rylic\OneDrive\Desktop\Expansion-Dev-Server-Deer-Isle\mpmissions\empty.deerisle\storage_1\data\dynamic_007.bin" 2008 items.
14:35:52.358   2008 items loaded. (0 failed)
14:35:52.358 [CE][Storage] ver:25 stamp:463, valid:yes, name:"C:\Users\rylic\OneDrive\Desktop\Expansion-Dev-Server-Deer-Isle\mpmissions\empty.deerisle\storage_1\data\dynamic_008.bin"
14:35:52.359 [CE][Storage] ver:25 stamp:463, valid:yes, name:"C:\Users\rylic\OneDrive\Desktop\Expansion-Dev-Server-Deer-Isle\mpmissions\empty.deerisle\storage_1\data\dynamic_008.001"
14:35:52.359 [CE][Storage] ver:25 stamp:454, valid:yes, name:"C:\Users\rylic\OneDrive\Desktop\Expansion-Dev-Server-Deer-Isle\mpmissions\empty.deerisle\storage_1\data\dynamic_008.002"
14:35:52.359 [CE][Storage] Restoring file "C:\Users\rylic\OneDrive\Desktop\Expansion-Dev-Server-Deer-Isle\mpmissions\empty.deerisle\storage_1\data\dynamic_008.bin" 737 items.
14:35:52.669   737 items loaded. (0 failed)
14:35:52.670 [CE][Storage] ver:25 stamp:463, valid:yes, name:"C:\Users\rylic\OneDrive\Desktop\Expansion-Dev-Server-Deer-Isle\mpmissions\empty.deerisle\storage_1\data\dynamic_009.bin"
14:35:52.670 [CE][Storage] ver:25 stamp:463, valid:yes, name:"C:\Users\rylic\OneDrive\Desktop\Expansion-Dev-Server-Deer-Isle\mpmissions\empty.deerisle\storage_1\data\dynamic_009.001"
14:35:52.671 [CE][Storage] ver:25 stamp:454, valid:yes, name:"C:\Users\rylic\OneDrive\Desktop\Expansion-Dev-Server-Deer-Isle\mpmissions\empty.deerisle\storage_1\data\dynamic_009.002"
14:35:52.671 [CE][Storage] Restoring file "C:\Users\rylic\OneDrive\Desktop\Expansion-Dev-Server-Deer-Isle\mpmissions\empty.deerisle\storage_1\data\dynamic_009.bin" 1089 items.
14:35:53.266   1089 items loaded. (0 failed)
14:35:53.266 [CE][Storage] ver:25 stamp:463, valid:yes, name:"C:\Users\rylic\OneDrive\Desktop\Expansion-Dev-Server-Deer-Isle\mpmissions\empty.deerisle\storage_1\data\dynamic_010.bin"
14:35:53.267 [CE][Storage] ver:25 stamp:463, valid:yes, name:"C:\Users\rylic\OneDrive\Desktop\Expansion-Dev-Server-Deer-Isle\mpmissions\empty.deerisle\storage_1\data\dynamic_010.001"
14:35:53.267 [CE][Storage] ver:25 stamp:454, valid:yes, name:"C:\Users\rylic\OneDrive\Desktop\Expansion-Dev-Server-Deer-Isle\mpmissions\empty.deerisle\storage_1\data\dynamic_010.002"
14:35:53.268 [CE][Storage] Restoring file "C:\Users\rylic\OneDrive\Desktop\Expansion-Dev-Server-Deer-Isle\mpmissions\empty.deerisle\storage_1\data\dynamic_010.bin" 759 items.
14:35:53.637   759 items loaded. (0 failed)
14:35:53.638 [CE][Storage] ver:25 stamp:463, valid:yes, name:"C:\Users\rylic\OneDrive\Desktop\Expansion-Dev-Server-Deer-Isle\mpmissions\empty.deerisle\storage_1\data\dynamic_011.bin"
14:35:53.638 [CE][Storage] ver:25 stamp:463, valid:yes, name:"C:\Users\rylic\OneDrive\Desktop\Expansion-Dev-Server-Deer-Isle\mpmissions\empty.deerisle\storage_1\data\dynamic_011.001"
14:35:53.638 [CE][Storage] ver:25 stamp:454, valid:yes, name:"C:\Users\rylic\OneDrive\Desktop\Expansion-Dev-Server-Deer-Isle\mpmissions\empty.deerisle\storage_1\data\dynamic_011.002"
14:35:53.638 [CE][Storage] Restoring file "C:\Users\rylic\OneDrive\Desktop\Expansion-Dev-Server-Deer-Isle\mpmissions\empty.deerisle\storage_1\data\dynamic_011.bin" 441 items.
14:35:53.913   441 items loaded. (0 failed)
14:35:53.913 [CE][Storage] ver:26 stamp:463, valid:yes, name:"C:\Users\rylic\OneDrive\Desktop\Expansion-Dev-Server-Deer-Isle\mpmissions\empty.deerisle\storage_1\data\building.bin"
14:35:53.913 [CE][Storage] ver:26 stamp:456, valid:yes, name:"C:\Users\rylic\OneDrive\Desktop\Expansion-Dev-Server-Deer-Isle\mpmissions\empty.deerisle\storage_1\data\building.001"
14:35:53.913 [CE][Storage] ver:26 stamp:454, valid:yes, name:"C:\Users\rylic\OneDrive\Desktop\Expansion-Dev-Server-Deer-Isle\mpmissions\empty.deerisle\storage_1\data\building.002"
14:35:53.913 [CE][Storage] Restoring file "C:\Users\rylic\OneDrive\Desktop\Expansion-Dev-Server-Deer-Isle\mpmissions\empty.deerisle\storage_1\data\building.bin" 0 items.
14:35:53.913   0 items loaded. (0 failed)
14:35:53.914 [CE][Storage] ver:25 stamp:463, valid:yes, name:"C:\Users\rylic\OneDrive\Desktop\Expansion-Dev-Server-Deer-Isle\mpmissions\empty.deerisle\storage_1\data\vehicles.bin"
14:35:53.914 [CE][Storage] ver:25 stamp:456, valid:yes, name:"C:\Users\rylic\OneDrive\Desktop\Expansion-Dev-Server-Deer-Isle\mpmissions\empty.deerisle\storage_1\data\vehicles.001"
14:35:53.915 [CE][Storage] ver:25 stamp:454, valid:yes, name:"C:\Users\rylic\OneDrive\Desktop\Expansion-Dev-Server-Deer-Isle\mpmissions\empty.deerisle\storage_1\data\vehicles.002"
14:35:53.915 [CE][Storage] Restoring file "C:\Users\rylic\OneDrive\Desktop\Expansion-Dev-Server-Deer-Isle\mpmissions\empty.deerisle\storage_1\data\vehicles.bin" 116 items.
14:35:54.663   116 items loaded. (0 failed)
14:35:54.687 [CE][Hive] :: Storage load took:9.74 seconds, recovery stamp:463
14:35:54.687   entity: 21026, building: 0
14:35:54.687   no lifetime: 37
14:35:54.687   ignored: 10
14:35:54.687   pathgraph's: 447
14:35:54.687 [CE][Hive] :: Initializing ... 
14:35:54.727 [CE][InitializeMap] :: initialized: 0
14:35:54.727 [CE][Hive] :: Initializing spawners ... 
14:35:54.805 [CE][LootRespawner] (PRIDummy) :: Initially (re)spawned:0, Nominal:20727, Total in Map: 20256 at 0 (sec)
14:35:54.805   tests:0, repeats:0 fails:0, overtime:0
14:35:54.835 [CE][AnimalRespawner] (PRICrab) :: !!! Missing AI Template "HerdCrab" for DE: "AnimalCrab"
14:35:54.835 [CE][DynEvent] :: 62 types
14:35:54.835 [00] AmbientHen
14:35:54.835   Primary Spawner: "Ambient", active: yes, repeat: 1
14:35:54.835 [01] AmbientBear
14:35:54.835   Primary Spawner: "Ambient", active: yes, repeat: 1
14:35:54.835 [02] AmbientPolarbear
14:35:54.835   Primary Spawner: "Ambient", active: yes, repeat: 1
14:35:54.835 [03] AmbientCow
14:35:54.835   Primary Spawner: "Ambient", active: yes, repeat: 1
14:35:54.835 [04] AmbientDeer
14:35:54.835   Primary Spawner: "Ambient", active: yes, repeat: 1
14:35:54.835 [05] AmbientGoat
14:35:54.835   Primary Spawner: "Ambient", active: yes, repeat: 1
14:35:54.835 [06] AmbientPig
14:35:54.835   Primary Spawner: "Ambient", active: yes, repeat: 1
14:35:54.835 [07] AmbientRoeDeer
14:35:54.835   Primary Spawner: "Ambient", active: yes, repeat: 1
14:35:54.835 [08] AmbientSheep
14:35:54.835   Primary Spawner: "Ambient", active: yes, repeat: 1
14:35:54.835 [09] AmbientWildBoar
14:35:54.835   Primary Spawner: "Ambient", active: yes, repeat: 1
14:35:54.835 [10] AnimalWolf
14:35:54.835   Primary Spawner: "Animal", active: yes, repeat: 1
14:35:54.835 [11] AnimalArcticWolf
14:35:54.835   Primary Spawner: "Animal", active: yes, repeat: 1
14:35:54.835 [12] InfectedArmy
14:35:54.835   Primary Spawner: "Infected", active: yes, repeat: 1
14:35:54.835 [13] InfectedArmyHard
14:35:54.835   Primary Spawner: "Infected", active: yes, repeat: 1
14:35:54.835 [14] InfectedArmyHardJMC
14:35:54.835   Primary Spawner: "Infected", active: yes, repeat: 1
14:35:54.835 [15] InfectedArmyHardJMCWinter
14:35:54.835   Primary Spawner: "Infected", active: yes, repeat: 1
14:35:54.835 [16] InfectedCity
14:35:54.835   Primary Spawner: "Infected", active: yes, repeat: 1
14:35:54.835 [17] InfectedFirefighter
14:35:54.835   Primary Spawner: "Infected", active: yes, repeat: 1
14:35:54.835 [18] InfectedIndustrial
14:35:54.835   Primary Spawner: "Infected", active: yes, repeat: 1
14:35:54.835 [19] InfectedMedic
14:35:54.835   Primary Spawner: "Infected", active: yes, repeat: 1
14:35:54.835 [20] InfectedNBC
14:35:54.836   Primary Spawner: "Infected", active: yes, repeat: 1
14:35:54.836 [21] InfectedNBCYellow
14:35:54.836   Primary Spawner: "Infected", active: yes, repeat: 1
14:35:54.836 [22] InfectedPolice
14:35:54.836   Primary Spawner: "Infected", active: yes, repeat: 1
14:35:54.836 [23] InfectedPoliceHard
14:35:54.836   Primary Spawner: "Infected", active: yes, repeat: 1
14:35:54.836 [24] InfectedPrisoner
14:35:54.836   Primary Spawner: "Infected", active: yes, repeat: 1
14:35:54.836 [25] InfectedReligious
14:35:54.836   Primary Spawner: "Infected", active: yes, repeat: 1
14:35:54.836 [26] InfectedSolitude
14:35:54.836   Primary Spawner: "Infected", active: yes, repeat: 1
14:35:54.836 [27] InfectedVillage
14:35:54.836   Primary Spawner: "Infected", active: yes, repeat: 1
14:35:54.836 [28] ItemPlanks
14:35:54.836   Primary Spawner: "Item", active: yes, repeat: 1
14:35:54.836 [29] Loot
14:35:54.836   Primary Spawner: "Loot", active: yes, repeat: 2
14:35:54.836 [30] StaticContaminatedArea
14:35:54.836   Primary Spawner: "Static", active: yes, repeat: 1
14:35:54.836 [31] StaticHeliCrash
14:35:54.836   Primary Spawner: "Static", active: yes, repeat: 1
14:35:54.836   Secondary Spawner: "Infected", active: yes, repeat: 1
14:35:54.836 [32] StaticPoliceCar
14:35:54.836   Primary Spawner: "Static", active: yes, repeat: 1
14:35:54.836   Secondary Spawner: "Infected", active: yes, repeat: 1
14:35:54.836 [33] TrajectoryApple
14:35:54.836   Primary Spawner: "Trajectory", active: yes, repeat: 1
14:35:54.836 [34] TrajectoryConiferous
14:35:54.836   Primary Spawner: "Trajectory", active: yes, repeat: 1
14:35:54.836 [35] TrajectoryDeciduous
14:35:54.836   Primary Spawner: "Trajectory", active: yes, repeat: 1
14:35:54.836 [36] TrajectoryHumus
14:35:54.836   Primary Spawner: "Trajectory", active: yes, repeat: 1
14:35:54.836 [37] TrajectoryPear
14:35:54.836   Primary Spawner: "Trajectory", active: yes, repeat: 1
14:35:54.836 [38] TrajectoryPlum
14:35:54.836   Primary Spawner: "Trajectory", active: yes, repeat: 1
14:35:54.836 [39] TrajectoryStones
14:35:54.836   Primary Spawner: "Trajectory", active: yes, repeat: 1
14:35:54.836 [40] VehicleCivilianSedan
14:35:54.836   Primary Spawner: "Vehicle", active: yes, repeat: 1
14:35:54.836 [41] VehicleHatchback02
14:35:54.836   Primary Spawner: "Vehicle", active: yes, repeat: 1
14:35:54.836 [42] VehicleOffroadHatchback
14:35:54.836   Primary Spawner: "Vehicle", active: yes, repeat: 1
14:35:54.836 [43] VehicleSedan02
14:35:54.836   Primary Spawner: "Vehicle", active: yes, repeat: 1
14:35:54.836 [44] VehicleTruck01
14:35:54.836   Primary Spawner: "Vehicle", active: yes, repeat: 1
14:35:54.836 [45] StaticVanPinkies
14:35:54.836   Primary Spawner: "Static", active: yes, repeat: 1
14:35:54.836 [46] StaticVanAmbulance
14:35:54.836   Primary Spawner: "Static", active: yes, repeat: 1
14:35:54.836 [47] StaticSkeletonEventspawn
14:35:54.836   Primary Spawner: "Static", active: yes, repeat: 1
14:35:54.836 [48] StaticPlantFernA
14:35:54.836   Primary Spawner: "Static", active: yes, repeat: 1
14:35:54.836 [49] StaticPlantFernB
14:35:54.837   Primary Spawner: "Static", active: yes, repeat: 1
14:35:54.837 [50] StaticPlantFernC
14:35:54.837   Primary Spawner: "Static", active: yes, repeat: 1
14:35:54.837 [51] AnimalCrab
14:35:54.837   Primary Spawner: "Animal", active: yes, repeat: 1
14:35:54.837 [52] VehicleUAZ
14:35:54.837   Primary Spawner: "Vehicle", active: yes, repeat: 1
14:35:54.837 [53] VehicleVodnik
14:35:54.837   Primary Spawner: "Vehicle", active: yes, repeat: 1
14:35:54.837 [54] VehicleBus
14:35:54.837   Primary Spawner: "Vehicle", active: yes, repeat: 1
14:35:54.837 [55] VehicleTractor
14:35:54.837   Primary Spawner: "Vehicle", active: yes, repeat: 1
14:35:54.837 [56] VehicleMH6Helicopter
14:35:54.837   Primary Spawner: "Vehicle", active: yes, repeat: 1
14:35:54.837 [57] VehicleMerlinHelicopter
14:35:54.837   Primary Spawner: "Vehicle", active: yes, repeat: 1
14:35:54.837 [58] VehicleUh1hHelicopter
14:35:54.837   Primary Spawner: "Vehicle", active: yes, repeat: 1
14:35:54.837 [59] VehicleGyroHelicopter
14:35:54.837   Primary Spawner: "Vehicle", active: yes, repeat: 1
14:35:54.837 [60] VehicleUtilityBoat
14:35:54.837   Primary Spawner: "Vehicle", active: yes, repeat: 1
14:35:54.837 [61] VehicleZodiacBoat
14:35:54.837   Primary Spawner: "Vehicle", active: yes, repeat: 1
14:35:54.837 [CE][Hive] :: Initializing of spawners done.
14:35:54.851 [CE][Hive] :: Init sequence finished.
14:35:54.851 Player connect enabled
14:35:56.194 [IdleMode] Entering IN - save processed
14:35:56.987 [Login]: Adding player Bunker (819754811) to login queue at position 0
14:35:56.988 [LoginMachine]: Add player Bunker (819754811 10.0.0.59:2316)
14:35:56.988 [StateMachine]: Player Bunker (dpnid 819754811 uid ) Entering AuthPlayerLoginState
14:35:57.846 [IdleMode] Leaving OUT
14:35:57.953 [StateMachine]: Player Bunker (dpnid 819754811 uid ) Entering WaitAuthPlayerLoginState
14:36:00.13 Player Bunker connected (id=BlCTbSRV5QYaEKP-S_Hg4CG7zCAg90tKLTciEKHy8Pc=).
14:36:00.13 Player "Bunker" is connected (steamID=76561199112746320)
14:36:00.13 [StateMachine]: Player Bunker (dpnid 819754811 uid ) Entering WaitPlayerAssignedLoginState
14:36:05.880 [StateMachine]: Player Bunker (dpnid 819754811 uid BlCTbSRV5QYaEKP-S_Hg4CG7zCAg90tKLTciEKHy8Pc=) Entering DBGetLoginTimeLoginState
14:36:05.881 [StateMachine]: Player Bunker (dpnid 819754811 uid BlCTbSRV5QYaEKP-S_Hg4CG7zCAg90tKLTciEKHy8Pc=) Entering DBWaitLoginTimeLoginState
14:36:10.881 [StateMachine]: Player Bunker (dpnid 819754811 uid BlCTbSRV5QYaEKP-S_Hg4CG7zCAg90tKLTciEKHy8Pc=) Entering DBGetCharacterLoginState
14:36:10.882 [StateMachine]: Player Bunker (dpnid 819754811 uid BlCTbSRV5QYaEKP-S_Hg4CG7zCAg90tKLTciEKHy8Pc=) Entering CreateNetObjectsLoginState
14:36:10.885 [StateMachine]: Player Bunker (dpnid 819754811 uid BlCTbSRV5QYaEKP-S_Hg4CG7zCAg90tKLTciEKHy8Pc=) Entering PreloadCamLoginState
14:36:10.885 [StateMachine]: Player Bunker (dpnid 819754811 uid BlCTbSRV5QYaEKP-S_Hg4CG7zCAg90tKLTciEKHy8Pc=) Entering WaitPreloadCamLoginState
14:36:12.892 [StateMachine]: Player Bunker (dpnid 819754811 uid BlCTbSRV5QYaEKP-S_Hg4CG7zCAg90tKLTciEKHy8Pc=) Entering GetLoadedCharLoginState
14:36:12.923 <LOAD EXISTING CHAR>:
    charID 1
    playerID 1
    dpnid 819754811
    uid BlCTbSRV5QYaEKP-S_Hg4CG7zCAg90tKLTciEKHy8Pc=
14:36:19.855 !!! [CE][Point] Removing 4236.143066, 7270.609375 from Land_Garage_Tall
14:36:19.947 [CE][LootRespawner] (PRIDummy) :: Item [0] causing search overtime: "Mag_Expansion_M9_15Rnd"
14:36:20.47 [CE][LootRespawner] (PRIDummy) :: Item [1] causing search overtime: "Expansion_Taser_Yellow"
14:36:20.247 [CE][LootRespawner] (PRIDummy) :: Item [2] causing search overtime: "Mag_Expansion_Taser"
14:36:20.347 [CE][LootRespawner] (PRIDummy) :: Item [3] causing search overtime: "ExpansionHelipadKit"
14:36:20.447 [CE][LootRespawner] (PRIDummy) :: Item [4] causing search overtime: "ExpansionHescoKit"
14:36:20.547 [CE][LootRespawner] (PRIDummy) :: Item [5] causing search overtime: "ExpansionCamoTentKit"
14:36:20.647 [CE][LootRespawner] (PRIDummy) :: Item [6] causing search overtime: "ExpansionCamoBoxKit"
14:36:20.747 [CE][LootRespawner] (PRIDummy) :: Item [7] causing search overtime: "ExpansionBarrierGateKit"
14:36:20.847 [CE][LootRespawner] (PRIDummy) :: Item [8] causing search overtime: "Expansion_M9"
14:36:20.947 [CE][LootRespawner] (PRIDummy) :: Item [9] causing search overtime: "geb_BigGameFishingline"
14:36:21.47 [CE][LootRespawner] (PRIDummy) :: Item [10] causing search overtime: "geb_FlyFishingLine"
14:36:21.147 [CE][LootRespawner] (PRIDummy) :: Item [11] causing search overtime: "geb_SaltwaterFishingLine"
14:36:21.263 !!! [CE][Point] Removing 7176.468750, 11682.575195 from Land_BusStation_wall_bench
14:36:21.347 [CE][LootRespawner] (PRIDummy) :: Item [12] causing search overtime: "Chestplate"
14:36:21.447 [CE][LootRespawner] (PRIDummy) :: Item [13] causing search overtime: "GhillieBushrag_Tan"
14:36:21.547 [CE][LootRespawner] (PRIDummy) :: Item [14] causing search overtime: "GhillieTop_Tan"
14:36:21.647 [CE][LootRespawner] (PRIDummy) :: Item [15] causing search overtime: "Sword"
14:36:21.746 [CE][LootRespawner] (PRIDummy) :: Item [16] causing search overtime: "Mace"
14:36:46.848 [CE][LootRespawner] (PRIDummy) :: Item [17] causing search overtime: "Mace"
14:36:46.948 [CE][LootRespawner] (PRIDummy) :: Item [18] causing search overtime: "Chainmail"
14:36:47.48 [CE][LootRespawner] (PRIDummy) :: Item [19] causing search overtime: "Chainmail_Leggings"
14:36:48.255 !!! [CE][Point] Removing 7190.200195, 11587.917969 from Land_jmc_military_lootcase
14:36:48.652 !!! [CE][Point] Removing 7178.601563, 11668.685547 from Land_jmc_military_lootcase
14:36:49.747 [CE][VehicleRespawner] (PRIContaminatedArea) :: Initial random enabled for "StaticContaminatedArea" - Chosen nominal: 1
14:36:50.356 [CE][SpawnRandomLoot] (StaticPoliceCar) :: !!! No group configured for 'Land_Wreck_sed01_aban2_police', failed to spawn loot
14:36:50.361 [CE][SpawnRandomLoot] (StaticPoliceCar) :: !!! No group configured for 'Land_Wreck_sed01_aban2_police', failed to spawn loot
14:36:50.373 [CE][SpawnRandomLoot] (StaticPoliceCar) :: !!! No group configured for 'Land_Wreck_sed01_aban2_police', failed to spawn loot
14:36:50.382 [CE][SpawnRandomLoot] (StaticPoliceCar) :: !!! No group configured for 'Land_Wreck_sed01_aban2_police', failed to spawn loot
14:36:50.386 [CE][SpawnRandomLoot] (StaticPoliceCar) :: !!! No group configured for 'Land_Wreck_sed01_aban2_police', failed to spawn loot
14:37:13.955 !!! [CE][Point] Removing 7161.974609, 11576.686523 from Land_BusStation_wall_bench
14:37:13.955 !!! [CE][Point] Removing 7186.425293, 11595.238281 from Land_BusStation_wall_bench
14:37:14.852 [CE][LootRespawner] (PRIDummy) :: Item [0] is hard to place, performance drops: "SmershVest_Yellow_Camo"
14:37:16.951 !!! [CE][VehicleRespawner] (PRIHatchback02) :: Respawning: "VehicleHatchback02" - Failed to spawn the requested amount (0 < 1) within 3 attempts.
14:37:41.552 [CE][LootRespawner] (PRIDummy) :: Item [1] is hard to place, performance drops: "Expansion_M9"
14:37:41.552 [CE][LootRespawner] (PRIDummy) :: Item [2] is hard to place, performance drops: "Expansion_M9"
14:37:41.552 [CE][LootRespawner] (PRIDummy) :: Item [3] is hard to place, performance drops: "Expansion_M9"
14:37:41.953 !!! [CE][Point] Removing 7193.995605, 11575.596680 from Land_BusStation_wall_bench
14:37:44.151 !!! [CE][VehicleRespawner] (PRIUAZ) :: Respawning: "VehicleUAZ" - Failed to spawn the requested amount (0 < 2) within 6 attempts.
14:37:44.752 !!! [CE][VehicleRespawner] (PRIBus) :: Respawning: "VehicleBus" - Failed to spawn the requested amount (0 < 1) within 3 attempts.
14:37:45.52 !!! [CE][VehicleRespawner] (PRITractor) :: Respawning: "VehicleTractor" - Failed to spawn the requested amount (0 < 1) within 3 attempts.
14:37:45.351 !!! [CE][VehicleRespawner] (PRIMH6Helicopter) :: Respawning: "VehicleMH6Helicopter" - Failed to spawn the requested amount (0 < 1) within 3 attempts.
14:38:08.855 !!! [CE][Point] Removing 4590.406738, 7325.298828 from Land_strazni_vez
14:38:09.852 !!! [CE][VehicleRespawner] (PRIUh1hHelicopter) :: Respawning: "VehicleUh1hHelicopter" - Failed to spawn the requested amount (0 < 1) within 3 attempts.
14:38:10.452 !!! [CE][VehicleRespawner] (PRIUtilityBoat) :: Respawning: "VehicleUtilityBoat" - Failed to spawn the requested amount (0 < 2) within 6 attempts.
14:38:10.752 !!! [CE][VehicleRespawner] (PRIZodiacBoat) :: Respawning: "VehicleZodiacBoat" - Failed to spawn the requested amount (0 < 13) within 39 attempts.
14:38:35.655 [CE][LootRespawner] (PRIDummy) :: Item [4] is hard to place, performance drops: "MVS_CombatShirt_OD"
14:38:35.955 [CE][LootRespawner] (PRIDummy) :: Item [5] is hard to place, performance drops: "TacticalShirt_Tigr_Camo"
14:39:02.57 !!! [CE][Point] Removing 3800.797363, 9668.003906 from Land_jmc_cabin01
14:39:02.155 [CE][LootRespawner] (PRIDummy) :: Item [6] is hard to place, performance drops: "MVS_Compact_1_Multicam"
14:39:04.255 !!! [CE][Point] Removing 10233.389648, 5586.755371 from FagusSylvatica_3d
14:39:06.58 !!! [CE][VehicleRespawner] (PRIHatchback02) :: Respawning: "VehicleHatchback02" - Failed to spawn the requested amount (0 < 1) within 3 attempts.
14:39:28.160 !!! [CE][Point] Removing 7178.247070, 11682.559570 from Land_BusStation_wall_bench
14:39:28.357 [CE][LootRespawner] (PRIDummy) :: Item [7] is hard to place, performance drops: "Expansion_M9"
14:39:28.358 [CE][LootRespawner] (PRIDummy) :: Item [8] is hard to place, performance drops: "Expansion_M9"
14:39:28.358 [CE][LootRespawner] (PRIDummy) :: Item [9] is hard to place, performance drops: "Expansion_M9"
14:39:55.66 !!! [CE][Point] Removing 2986.651611, 5545.478027 from Land_Boat_Small1
14:39:57.164 !!! [CE][VehicleRespawner] (PRIUAZ) :: Respawning: "VehicleUAZ" - Failed to spawn the requested amount (0 < 2) within 6 attempts.
14:39:57.763 !!! [CE][VehicleRespawner] (PRIBus) :: Respawning: "VehicleBus" - Failed to spawn the requested amount (0 < 1) within 3 attempts.
14:39:58.63 !!! [CE][VehicleRespawner] (PRITractor) :: Respawning: "VehicleTractor" - Failed to spawn the requested amount (0 < 1) within 3 attempts.
14:39:58.364 !!! [CE][VehicleRespawner] (PRIMH6Helicopter) :: Respawning: "VehicleMH6Helicopter" - Failed to spawn the requested amount (0 < 1) within 3 attempts.
14:39:58.964 !!! [CE][VehicleRespawner] (PRIUh1hHelicopter) :: Respawning: "VehicleUh1hHelicopter" - Failed to spawn the requested amount (0 < 1) within 3 attempts.
14:39:59.563 !!! [CE][VehicleRespawner] (PRIUtilityBoat) :: Respawning: "VehicleUtilityBoat" - Failed to spawn the requested amount (0 < 2) within 6 attempts.
14:39:59.863 !!! [CE][VehicleRespawner] (PRIZodiacBoat) :: Respawning: "VehicleZodiacBoat" - Failed to spawn the requested amount (0 < 13) within 39 attempts.
14:40:22.770 !!! [CE][Point] Removing 7168.684082, 11588.274414 from Land_jmc_military_lootcase
14:40:22.864 [CE][LootRespawner] (PRIDummy) :: Item [10] is hard to place, performance drops: "SmershVest_Orange_Camo"
14:40:22.864 [CE][LootRespawner] (PRIDummy) :: Item [11] is hard to place, performance drops: "SmershVest_Orange_Camo"
14:40:23.65 !!! [CE][Point] Removing 7179.458008, 11682.573242 from Land_BusStation_wall_bench
14:40:50.165 [CE][LootRespawner] (PRIDummy) :: Item [12] is hard to place, performance drops: "Expansion_M9"
14:40:50.165 [CE][LootRespawner] (PRIDummy) :: Item [13] is hard to place, performance drops: "Expansion_M9"
14:40:50.165 [CE][LootRespawner] (PRIDummy) :: Item [14] is hard to place, performance drops: "Expansion_M9"
14:40:50.772 !!! [CE][Point] Removing 7195.953125, 11600.767578 from Land_BusStation_wall_bench
14:41:19.67 !!! [CE][VehicleRespawner] (PRIHatchback02) :: Respawning: "VehicleHatchback02" - Failed to spawn the requested amount (0 < 1) within 3 attempts.
14:41:42.694 !!! [CE][Point] Removing 4238.690430, 7273.065430 from Land_Garage_Tall
14:41:43.90 !!! [CE][Point] Removing 7190.200195, 11587.917969 from Land_jmc_military_lootcase
14:41:44.89 [CE][LootRespawner] (PRIDummy) :: Item [15] is hard to place, performance drops: "MVS_Pack_Multicam_Black"
14:41:44.589 [CE][LootRespawner] (PRIDummy) :: Item [16] is hard to place, performance drops: "PoliceVest_Green_Camo"
14:41:44.592 !!! [CE][Point] Removing 3839.265137, 9611.403320 from Land_jmc_cabin01
14:41:46.289 !!! [CE][VehicleRespawner] (PRIUAZ) :: Respawning: "VehicleUAZ" - Failed to spawn the requested amount (0 < 2) within 6 attempts.
14:41:46.889 !!! [CE][VehicleRespawner] (PRIBus) :: Respawning: "VehicleBus" - Failed to spawn the requested amount (0 < 1) within 3 attempts.
14:41:47.190 !!! [CE][VehicleRespawner] (PRITractor) :: Respawning: "VehicleTractor" - Failed to spawn the requested amount (0 < 1) within 3 attempts.
14:41:47.489 !!! [CE][VehicleRespawner] (PRIMH6Helicopter) :: Respawning: "VehicleMH6Helicopter" - Failed to spawn the requested amount (0 < 1) within 3 attempts.
14:42:09.601 !!! [CE][Point] Removing 7153.399902, 11606.755859 from Land_BusStation_wall_bench
14:42:11.193 [CE][LootRespawner] (PRIDummy) :: Item [17] 